2026-02-18 10:42:27,480 - cyberbully - INFO - ============================================================
2026-02-18 10:42:27,480 - cyberbully - INFO - Cyberbullying Detection Pipeline
2026-02-18 10:42:27,480 - cyberbully - INFO - ============================================================
2026-02-18 10:42:27,480 - cyberbully - INFO - Configuration:
2026-02-18 10:42:27,480 - cyberbully - INFO -   model          : distilbert-base-uncased
2026-02-18 10:42:27,480 - cyberbully - INFO -   dataset        : tweeteval
2026-02-18 10:42:27,480 - cyberbully - INFO -   preprocess     : True
2026-02-18 10:42:27,480 - cyberbully - INFO -   augment        : True
2026-02-18 10:42:27,480 - cyberbully - INFO -   compute_attribution: False
2026-02-18 10:42:27,480 - cyberbully - INFO -   seed           : 67351593
2026-02-18 10:42:27,480 - cyberbully - INFO -   epochs         : 5
2026-02-18 10:42:27,480 - cyberbully - INFO -   batch_size     : 16
2026-02-18 10:42:27,480 - cyberbully - INFO -   lr             : 2e-05
2026-02-18 10:42:27,480 - cyberbully - INFO -   max_length     : 128
2026-02-18 10:42:27,480 - cyberbully - INFO -   output_dir     : grid-search
2026-02-18 10:42:27,480 - cyberbully - INFO -   data_dir       : dataset
2026-02-18 10:42:27,480 - cyberbully - INFO -   sbert          : False
2026-02-18 10:42:27,480 - cyberbully - INFO -   overwrite      : False
2026-02-18 10:42:27,480 - cyberbully - INFO -   device         : cuda
2026-02-18 10:42:27,480 - cyberbully - INFO -   output_dir     : experiments/grid-search/distilbert-base-uncased/tweeteval/prep1_aug1/seed_67351593
2026-02-18 10:42:27,480 - cyberbully - INFO - ============================================================
2026-02-18 10:42:27,480 - cyberbully - INFO - Step 1: Preparing data...
2026-02-18 10:42:27,480 - cyberbully - INFO - Loading dataset 'tweeteval' from dataset/Tweeteval.csv
2026-02-18 10:42:27,555 - cyberbully - INFO - Loaded 50759 samples with 5 classes: ['emotion', 'hate', 'offensive', 'religion', 'spiritual']
2026-02-18 10:42:27,555 - cyberbully - INFO - Applying text preprocessing...
2026-02-18 10:43:25,279 - cyberbully - INFO - After preprocessing: 47362 samples remain
2026-02-18 10:43:25,282 - cyberbully - INFO - Label mapping: {'emotion': 0, 'hate': 1, 'offensive': 2, 'religion': 3, 'spiritual': 4}
2026-02-18 10:43:25,295 - cyberbully - INFO - Split sizes — train: 30311, val: 7578, test: 9473
2026-02-18 10:43:25,295 - cyberbully - INFO - Applying training data augmentation (oversampling)...
2026-02-18 10:43:25,302 - cyberbully - INFO - After oversampling — class distribution: {0: 7746, 1: 7746, 2: 7746, 3: 7746, 4: 7746}
2026-02-18 10:43:25,302 - cyberbully - INFO - Number of classes: 5
2026-02-18 10:43:25,304 - cyberbully - INFO - Step 2: Loading model and tokenizer...
2026-02-18 10:43:25,304 - cyberbully - INFO - Loading model 'distilbert-base-uncased' with 5 labels (sbert=False)
2026-02-18 10:43:25,980 - cyberbully - INFO - Step 3: Creating datasets...
2026-02-18 10:43:26,764 - cyberbully - INFO - Dataset sizes — train: 38730, val: 7578, test: 9473
2026-02-18 10:43:26,764 - cyberbully - INFO - Step 4: Training...
2026-02-18 10:43:26,860 - cyberbully - INFO - Starting training...
2026-02-18 10:48:40,792 - cyberbully - INFO - Training complete.
2026-02-18 10:48:40,792 - cyberbully - INFO - Step 5: Evaluating on test set...
2026-02-18 10:48:47,441 - cyberbully - INFO - Metrics saved to experiments/grid-search/distilbert-base-uncased/tweeteval/prep1_aug1/seed_67351593/metrics.json
2026-02-18 10:48:47,441 - cyberbully - INFO - Confusion matrix saved to experiments/grid-search/distilbert-base-uncased/tweeteval/prep1_aug1/seed_67351593/confusion_matrix.json
2026-02-18 10:48:47,545 - cyberbully - INFO - Confusion matrix figure saved to experiments/grid-search/distilbert-base-uncased/tweeteval/prep1_aug1/seed_67351593/confusion_matrix.pdf
2026-02-18 10:48:47,545 - cyberbully - INFO - Accuracy: 0.9400
2026-02-18 10:48:47,545 - cyberbully - INFO - Weighted F1: 0.9400
2026-02-18 10:48:47,545 - cyberbully - INFO - Micro F1: 0.9400
2026-02-18 10:48:47,545 - cyberbully - INFO - Inference time: 2.40 seconds
2026-02-18 10:48:47,545 - cyberbully - INFO - Energy consumption: 0.000135 kWh
2026-02-18 10:48:47,545 - cyberbully - INFO - ============================================================
2026-02-18 10:48:47,545 - cyberbully - INFO - Pipeline complete. Results saved to: experiments/grid-search/distilbert-base-uncased/tweeteval/prep1_aug1/seed_67351593
2026-02-18 10:48:47,545 - cyberbully - INFO - ============================================================
