2026-04-12 23:30:26,959 - cyberbully - INFO - ============================================================
2026-04-12 23:30:26,960 - cyberbully - INFO - Cyberbullying Detection Pipeline
2026-04-12 23:30:26,960 - cyberbully - INFO - ============================================================
2026-04-12 23:30:26,960 - cyberbully - INFO - Configuration:
2026-04-12 23:30:26,960 - cyberbully - INFO -   model          : roberta-base
2026-04-12 23:30:26,960 - cyberbully - INFO -   dataset        : tweeteval
2026-04-12 23:30:26,960 - cyberbully - INFO -   preprocess     : True
2026-04-12 23:30:26,960 - cyberbully - INFO -   augment        : True
2026-04-12 23:30:26,960 - cyberbully - INFO -   compute_attribution: False
2026-04-12 23:30:26,960 - cyberbully - INFO -   seed           : 67351593
2026-04-12 23:30:26,960 - cyberbully - INFO -   epochs         : 10
2026-04-12 23:30:26,960 - cyberbully - INFO -   batch_size     : 32
2026-04-12 23:30:26,960 - cyberbully - INFO -   lr             : 5e-05
2026-04-12 23:30:26,960 - cyberbully - INFO -   max_length     : 128
2026-04-12 23:30:26,960 - cyberbully - INFO -   output_dir     : grid-search
2026-04-12 23:30:26,960 - cyberbully - INFO -   data_dir       : dataset
2026-04-12 23:30:26,960 - cyberbully - INFO -   sbert          : False
2026-04-12 23:30:26,960 - cyberbully - INFO -   supcon         : False
2026-04-12 23:30:26,960 - cyberbully - INFO -   supcon_weight  : 0.1
2026-04-12 23:30:26,960 - cyberbully - INFO -   proj_dim       : 128
2026-04-12 23:30:26,960 - cyberbully - INFO -   grad_accum_steps: 1
2026-04-12 23:30:26,960 - cyberbully - INFO -   overwrite      : False
2026-04-12 23:30:26,960 - cyberbully - INFO -   device         : cuda
2026-04-12 23:30:26,960 - cyberbully - INFO -   output_dir     : experiments/grid-search/roberta-base/tweeteval/prep1_aug1/seed_67351593
2026-04-12 23:30:26,960 - cyberbully - INFO - ============================================================
2026-04-12 23:30:26,960 - cyberbully - INFO - Step 1: Preparing data...
2026-04-12 23:30:27,008 - cyberbully - INFO - Loaded pre-split data from dataset/tweeteval — train: 32485, val: 8122, test: 10152
2026-04-12 23:30:27,008 - cyberbully - INFO - Label mapping: {'emotion': 0, 'hate': 1, 'offensive': 2, 'religion': 3, 'spiritual': 4}
2026-04-12 23:30:27,008 - cyberbully - INFO - Applying text preprocessing per split...
2026-04-12 23:31:26,402 - cyberbully - INFO - After preprocessing — train: 30386, val: 7614, test: 9465
2026-04-12 23:31:26,404 - cyberbully - INFO - Applying training data augmentation (oversampling)...
2026-04-12 23:31:26,410 - cyberbully - INFO - After oversampling — class distribution: {0: 7764, 1: 7764, 2: 7764, 3: 7764, 4: 7764}
2026-04-12 23:31:26,420 - cyberbully - INFO - Number of classes: 5
2026-04-12 23:31:26,421 - cyberbully - INFO - Step 2: Loading model and tokenizer...
2026-04-12 23:31:26,421 - cyberbully - INFO - Loading model 'roberta-base' with 5 labels (sbert=False, supcon=False)
2026-04-12 23:31:27,778 - cyberbully - INFO - Step 3: Creating datasets...
2026-04-12 23:31:28,914 - cyberbully - INFO - Dataset sizes — train: 38820, val: 7614, test: 9465
2026-04-12 23:31:28,914 - cyberbully - INFO - Step 4: Training...
2026-04-12 23:31:29,149 - cyberbully - INFO - Starting training...
2026-04-12 23:48:08,976 - cyberbully - INFO - Training complete.
2026-04-12 23:48:09,049 - cyberbully - INFO - Removed checkpoint: experiments/grid-search/roberta-base/tweeteval/prep1_aug1/seed_67351593/checkpoint-2428
2026-04-12 23:48:09,119 - cyberbully - INFO - Removed checkpoint: experiments/grid-search/roberta-base/tweeteval/prep1_aug1/seed_67351593/checkpoint-6070
2026-04-12 23:48:09,190 - cyberbully - INFO - Removed checkpoint: experiments/grid-search/roberta-base/tweeteval/prep1_aug1/seed_67351593/checkpoint-7284
2026-04-12 23:48:09,259 - cyberbully - INFO - Removed checkpoint: experiments/grid-search/roberta-base/tweeteval/prep1_aug1/seed_67351593/checkpoint-9712
2026-04-12 23:48:09,332 - cyberbully - INFO - Removed checkpoint: experiments/grid-search/roberta-base/tweeteval/prep1_aug1/seed_67351593/checkpoint-1214
2026-04-12 23:48:09,403 - cyberbully - INFO - Removed checkpoint: experiments/grid-search/roberta-base/tweeteval/prep1_aug1/seed_67351593/checkpoint-4856
2026-04-12 23:48:09,475 - cyberbully - INFO - Removed checkpoint: experiments/grid-search/roberta-base/tweeteval/prep1_aug1/seed_67351593/checkpoint-3642
2026-04-12 23:48:09,544 - cyberbully - INFO - Removed checkpoint: experiments/grid-search/roberta-base/tweeteval/prep1_aug1/seed_67351593/checkpoint-10926
2026-04-12 23:48:09,613 - cyberbully - INFO - Removed checkpoint: experiments/grid-search/roberta-base/tweeteval/prep1_aug1/seed_67351593/checkpoint-8498
2026-04-12 23:48:09,696 - cyberbully - INFO - Removed checkpoint: experiments/grid-search/roberta-base/tweeteval/prep1_aug1/seed_67351593/checkpoint-12140
2026-04-12 23:48:09,696 - cyberbully - INFO - Step 5: Evaluating on test set...
2026-04-12 23:48:20,196 - cyberbully - INFO - Metrics saved to experiments/grid-search/roberta-base/tweeteval/prep1_aug1/seed_67351593/metrics.json
2026-04-12 23:48:20,196 - cyberbully - INFO - Confusion matrix saved to experiments/grid-search/roberta-base/tweeteval/prep1_aug1/seed_67351593/confusion_matrix.json
2026-04-12 23:48:20,292 - cyberbully - INFO - Per-sample predictions saved to experiments/grid-search/roberta-base/tweeteval/prep1_aug1/seed_67351593/predictions.json
2026-04-12 23:48:20,394 - cyberbully - INFO - Confusion matrix figure saved to experiments/grid-search/roberta-base/tweeteval/prep1_aug1/seed_67351593/confusion_matrix.pdf
2026-04-12 23:48:20,394 - cyberbully - INFO - Accuracy: 0.9431
2026-04-12 23:48:20,394 - cyberbully - INFO - Weighted F1: 0.9430
2026-04-12 23:48:20,394 - cyberbully - INFO - Micro F1: 0.9431
2026-04-12 23:48:20,394 - cyberbully - INFO - Inference time: 5.73 seconds
2026-04-12 23:48:20,394 - cyberbully - INFO - Energy consumption: 0.000376 kWh
2026-04-12 23:48:20,396 - cyberbully - INFO - ============================================================
2026-04-12 23:48:20,396 - cyberbully - INFO - Pipeline complete. Results saved to: experiments/grid-search/roberta-base/tweeteval/prep1_aug1/seed_67351593
2026-04-12 23:48:20,396 - cyberbully - INFO - ============================================================
