2026-03-19 16:51:00,899 - cyberbully - INFO - ============================================================
2026-03-19 16:51:00,899 - cyberbully - INFO - Cyberbullying Detection Pipeline
2026-03-19 16:51:00,899 - cyberbully - INFO - ============================================================
2026-03-19 16:51:00,899 - cyberbully - INFO - Configuration:
2026-03-19 16:51:00,899 - cyberbully - INFO -   model          : roberta-base
2026-03-19 16:51:00,899 - cyberbully - INFO -   dataset        : kaggle
2026-03-19 16:51:00,899 - cyberbully - INFO -   preprocess     : True
2026-03-19 16:51:00,899 - cyberbully - INFO -   augment        : False
2026-03-19 16:51:00,899 - cyberbully - INFO -   compute_attribution: False
2026-03-19 16:51:00,899 - cyberbully - INFO -   seed           : 14298463
2026-03-19 16:51:00,899 - cyberbully - INFO -   epochs         : 10
2026-03-19 16:51:00,899 - cyberbully - INFO -   batch_size     : 32
2026-03-19 16:51:00,899 - cyberbully - INFO -   lr             : 5e-05
2026-03-19 16:51:00,899 - cyberbully - INFO -   max_length     : 128
2026-03-19 16:51:00,899 - cyberbully - INFO -   output_dir     : baseline-light
2026-03-19 16:51:00,899 - cyberbully - INFO -   data_dir       : dataset
2026-03-19 16:51:00,899 - cyberbully - INFO -   sbert          : False
2026-03-19 16:51:00,899 - cyberbully - INFO -   supcon         : False
2026-03-19 16:51:00,899 - cyberbully - INFO -   supcon_weight  : 0.1
2026-03-19 16:51:00,899 - cyberbully - INFO -   proj_dim       : 128
2026-03-19 16:51:00,899 - cyberbully - INFO -   grad_accum_steps: 1
2026-03-19 16:51:00,899 - cyberbully - INFO -   overwrite      : False
2026-03-19 16:51:00,899 - cyberbully - INFO -   device         : cuda
2026-03-19 16:51:00,899 - cyberbully - INFO -   output_dir     : experiments/baseline-light/roberta-base/kaggle/prep1_aug0/seed_14298463
2026-03-19 16:51:00,899 - cyberbully - INFO - ============================================================
2026-03-19 16:51:00,899 - cyberbully - INFO - Step 1: Preparing data...
2026-03-19 16:51:00,950 - cyberbully - INFO - Loaded pre-split data from dataset/kaggle — train: 30499, val: 7625, test: 9532
2026-03-19 16:51:00,951 - cyberbully - INFO - Label mapping: {'age': 0, 'ethnicity': 1, 'gender': 2, 'not_cyberbullying': 3, 'other_cyberbullying': 4, 'religion': 5}
2026-03-19 16:51:00,951 - cyberbully - INFO - Applying text preprocessing per split...
2026-03-19 16:51:03,225 - cyberbully - INFO - After preprocessing — train: 30499, val: 7625, test: 9532
2026-03-19 16:51:03,237 - cyberbully - INFO - Number of classes: 6
2026-03-19 16:51:03,238 - cyberbully - INFO - Step 2: Loading model and tokenizer...
2026-03-19 16:51:03,238 - cyberbully - INFO - Loading model 'roberta-base' with 6 labels (sbert=False, supcon=False)
2026-03-19 16:51:04,216 - cyberbully - INFO - Step 3: Creating datasets...
2026-03-19 16:51:04,871 - cyberbully - INFO - Dataset sizes — train: 30499, val: 7625, test: 9532
2026-03-19 16:51:04,871 - cyberbully - INFO - Step 4: Training...
2026-03-19 16:51:05,014 - cyberbully - INFO - Starting training...
2026-03-19 17:02:16,857 - cyberbully - INFO - Training complete.
2026-03-19 17:02:16,953 - cyberbully - INFO - Removed checkpoint: experiments/baseline-light/roberta-base/kaggle/prep1_aug0/seed_14298463/checkpoint-1908
2026-03-19 17:02:17,043 - cyberbully - INFO - Removed checkpoint: experiments/baseline-light/roberta-base/kaggle/prep1_aug0/seed_14298463/checkpoint-4770
2026-03-19 17:02:17,130 - cyberbully - INFO - Removed checkpoint: experiments/baseline-light/roberta-base/kaggle/prep1_aug0/seed_14298463/checkpoint-9540
2026-03-19 17:02:17,221 - cyberbully - INFO - Removed checkpoint: experiments/baseline-light/roberta-base/kaggle/prep1_aug0/seed_14298463/checkpoint-2862
2026-03-19 17:02:17,308 - cyberbully - INFO - Removed checkpoint: experiments/baseline-light/roberta-base/kaggle/prep1_aug0/seed_14298463/checkpoint-7632
2026-03-19 17:02:17,398 - cyberbully - INFO - Removed checkpoint: experiments/baseline-light/roberta-base/kaggle/prep1_aug0/seed_14298463/checkpoint-3816
2026-03-19 17:02:17,485 - cyberbully - INFO - Removed checkpoint: experiments/baseline-light/roberta-base/kaggle/prep1_aug0/seed_14298463/checkpoint-5724
2026-03-19 17:02:17,586 - cyberbully - INFO - Removed checkpoint: experiments/baseline-light/roberta-base/kaggle/prep1_aug0/seed_14298463/checkpoint-954
2026-03-19 17:02:17,673 - cyberbully - INFO - Removed checkpoint: experiments/baseline-light/roberta-base/kaggle/prep1_aug0/seed_14298463/checkpoint-8586
2026-03-19 17:02:17,760 - cyberbully - INFO - Removed checkpoint: experiments/baseline-light/roberta-base/kaggle/prep1_aug0/seed_14298463/checkpoint-6678
2026-03-19 17:02:17,761 - cyberbully - INFO - Step 5: Evaluating on test set...
2026-03-19 17:02:27,064 - cyberbully - INFO - Metrics saved to experiments/baseline-light/roberta-base/kaggle/prep1_aug0/seed_14298463/metrics.json
2026-03-19 17:02:27,065 - cyberbully - INFO - Confusion matrix saved to experiments/baseline-light/roberta-base/kaggle/prep1_aug0/seed_14298463/confusion_matrix.json
2026-03-19 17:02:27,171 - cyberbully - INFO - Per-sample predictions saved to experiments/baseline-light/roberta-base/kaggle/prep1_aug0/seed_14298463/predictions.json
2026-03-19 17:02:27,288 - cyberbully - INFO - Confusion matrix figure saved to experiments/baseline-light/roberta-base/kaggle/prep1_aug0/seed_14298463/confusion_matrix.pdf
2026-03-19 17:02:27,288 - cyberbully - INFO - Accuracy: 0.8670
2026-03-19 17:02:27,288 - cyberbully - INFO - Weighted F1: 0.8669
2026-03-19 17:02:27,288 - cyberbully - INFO - Micro F1: 0.8670
2026-03-19 17:02:27,288 - cyberbully - INFO - Inference time: 4.05 seconds
2026-03-19 17:02:27,288 - cyberbully - INFO - Energy consumption: 0.000218 kWh
2026-03-19 17:02:27,290 - cyberbully - INFO - ============================================================
2026-03-19 17:02:27,290 - cyberbully - INFO - Pipeline complete. Results saved to: experiments/baseline-light/roberta-base/kaggle/prep1_aug0/seed_14298463
2026-03-19 17:02:27,290 - cyberbully - INFO - ============================================================
