2026-03-27 00:49:09,777 - cyberbully - INFO - ============================================================
2026-03-27 00:49:09,777 - cyberbully - INFO - Cyberbullying Detection Pipeline
2026-03-27 00:49:09,777 - cyberbully - INFO - ============================================================
2026-03-27 00:49:09,777 - cyberbully - INFO - Configuration:
2026-03-27 00:49:09,777 - cyberbully - INFO -   model          : roberta-base
2026-03-27 00:49:09,777 - cyberbully - INFO -   dataset        : ieee
2026-03-27 00:49:09,777 - cyberbully - INFO -   preprocess     : False
2026-03-27 00:49:09,777 - cyberbully - INFO -   augment        : False
2026-03-27 00:49:09,777 - cyberbully - INFO -   compute_attribution: False
2026-03-27 00:49:09,777 - cyberbully - INFO -   seed           : 43782163
2026-03-27 00:49:09,777 - cyberbully - INFO -   epochs         : 10
2026-03-27 00:49:09,777 - cyberbully - INFO -   batch_size     : 64
2026-03-27 00:49:09,777 - cyberbully - INFO -   lr             : 5e-05
2026-03-27 00:49:09,777 - cyberbully - INFO -   max_length     : 128
2026-03-27 00:49:09,777 - cyberbully - INFO -   output_dir     : supcon-grid
2026-03-27 00:49:09,777 - cyberbully - INFO -   data_dir       : dataset
2026-03-27 00:49:09,777 - cyberbully - INFO -   sbert          : False
2026-03-27 00:49:09,777 - cyberbully - INFO -   supcon         : False
2026-03-27 00:49:09,777 - cyberbully - INFO -   supcon_weight  : 0.1
2026-03-27 00:49:09,777 - cyberbully - INFO -   proj_dim       : 128
2026-03-27 00:49:09,777 - cyberbully - INFO -   grad_accum_steps: 1
2026-03-27 00:49:09,777 - cyberbully - INFO -   overwrite      : False
2026-03-27 00:49:09,777 - cyberbully - INFO -   device         : cuda
2026-03-27 00:49:09,777 - cyberbully - INFO -   output_dir     : experiments/supcon-grid/roberta-base/ieee/prep0_aug0/seed_43782163
2026-03-27 00:49:09,777 - cyberbully - INFO - ============================================================
2026-03-27 00:49:09,777 - cyberbully - INFO - Step 1: Preparing data...
2026-03-27 00:49:09,780 - cyberbully - INFO - Loaded pre-split data from dataset/ieee — train: 1348, val: 338, test: 422
2026-03-27 00:49:09,780 - cyberbully - INFO - Label mapping: {'Cyberstalking': 0, 'Doxing': 1, 'Revenge Porn': 2, 'Sexual Harassment': 3, 'Slut Shaming': 4}
2026-03-27 00:49:09,782 - cyberbully - INFO - Number of classes: 5
2026-03-27 00:49:09,783 - cyberbully - INFO - Step 2: Loading model and tokenizer...
2026-03-27 00:49:09,783 - cyberbully - INFO - Loading model 'roberta-base' with 5 labels (sbert=False, supcon=False)
2026-03-27 00:49:10,638 - cyberbully - INFO - Step 3: Creating datasets...
2026-03-27 00:49:10,664 - cyberbully - INFO - Dataset sizes — train: 1348, val: 338, test: 422
2026-03-27 00:49:10,664 - cyberbully - INFO - Step 4: Training...
2026-03-27 00:49:10,879 - cyberbully - INFO - Starting training...
2026-03-27 00:50:20,617 - cyberbully - INFO - Training complete.
2026-03-27 00:50:20,698 - cyberbully - INFO - Removed checkpoint: experiments/supcon-grid/roberta-base/ieee/prep0_aug0/seed_43782163/checkpoint-176
2026-03-27 00:50:21,237 - cyberbully - INFO - Removed checkpoint: experiments/supcon-grid/roberta-base/ieee/prep0_aug0/seed_43782163/checkpoint-110
2026-03-27 00:50:21,325 - cyberbully - INFO - Removed checkpoint: experiments/supcon-grid/roberta-base/ieee/prep0_aug0/seed_43782163/checkpoint-44
2026-03-27 00:50:22,136 - cyberbully - INFO - Removed checkpoint: experiments/supcon-grid/roberta-base/ieee/prep0_aug0/seed_43782163/checkpoint-132
2026-03-27 00:50:22,218 - cyberbully - INFO - Removed checkpoint: experiments/supcon-grid/roberta-base/ieee/prep0_aug0/seed_43782163/checkpoint-198
2026-03-27 00:50:22,301 - cyberbully - INFO - Removed checkpoint: experiments/supcon-grid/roberta-base/ieee/prep0_aug0/seed_43782163/checkpoint-22
2026-03-27 00:50:22,381 - cyberbully - INFO - Removed checkpoint: experiments/supcon-grid/roberta-base/ieee/prep0_aug0/seed_43782163/checkpoint-88
2026-03-27 00:50:22,462 - cyberbully - INFO - Removed checkpoint: experiments/supcon-grid/roberta-base/ieee/prep0_aug0/seed_43782163/checkpoint-66
2026-03-27 00:50:22,646 - cyberbully - INFO - Removed checkpoint: experiments/supcon-grid/roberta-base/ieee/prep0_aug0/seed_43782163/checkpoint-154
2026-03-27 00:50:22,730 - cyberbully - INFO - Removed checkpoint: experiments/supcon-grid/roberta-base/ieee/prep0_aug0/seed_43782163/checkpoint-220
2026-03-27 00:50:22,730 - cyberbully - INFO - Step 5: Evaluating on test set...
2026-03-27 00:50:27,263 - cyberbully - INFO - Metrics saved to experiments/supcon-grid/roberta-base/ieee/prep0_aug0/seed_43782163/metrics.json
2026-03-27 00:50:27,263 - cyberbully - INFO - Confusion matrix saved to experiments/supcon-grid/roberta-base/ieee/prep0_aug0/seed_43782163/confusion_matrix.json
2026-03-27 00:50:27,267 - cyberbully - INFO - Per-sample predictions saved to experiments/supcon-grid/roberta-base/ieee/prep0_aug0/seed_43782163/predictions.json
2026-03-27 00:50:27,366 - cyberbully - INFO - Confusion matrix figure saved to experiments/supcon-grid/roberta-base/ieee/prep0_aug0/seed_43782163/confusion_matrix.pdf
2026-03-27 00:50:27,366 - cyberbully - INFO - Accuracy: 0.8389
2026-03-27 00:50:27,366 - cyberbully - INFO - Weighted F1: 0.8401
2026-03-27 00:50:27,366 - cyberbully - INFO - Micro F1: 0.8389
2026-03-27 00:50:27,366 - cyberbully - INFO - Inference time: 0.31 seconds
2026-03-27 00:50:27,366 - cyberbully - INFO - Energy consumption: 0.000015 kWh
2026-03-27 00:50:27,367 - cyberbully - INFO - ============================================================
2026-03-27 00:50:27,367 - cyberbully - INFO - Pipeline complete. Results saved to: experiments/supcon-grid/roberta-base/ieee/prep0_aug0/seed_43782163
2026-03-27 00:50:27,367 - cyberbully - INFO - ============================================================
