2026-03-20 15:55:35,618 - cyberbully - INFO - ============================================================
2026-03-20 15:55:35,618 - cyberbully - INFO - Cyberbullying Detection Pipeline
2026-03-20 15:55:35,618 - cyberbully - INFO - ============================================================
2026-03-20 15:55:35,618 - cyberbully - INFO - Configuration:
2026-03-20 15:55:35,618 - cyberbully - INFO -   model          : bert-base-cased
2026-03-20 15:55:35,618 - cyberbully - INFO -   dataset        : ieee
2026-03-20 15:55:35,618 - cyberbully - INFO -   preprocess     : False
2026-03-20 15:55:35,618 - cyberbully - INFO -   augment        : True
2026-03-20 15:55:35,618 - cyberbully - INFO -   compute_attribution: False
2026-03-20 15:55:35,618 - cyberbully - INFO -   seed           : 90995999
2026-03-20 15:55:35,618 - cyberbully - INFO -   epochs         : 10
2026-03-20 15:55:35,618 - cyberbully - INFO -   batch_size     : 32
2026-03-20 15:55:35,618 - cyberbully - INFO -   lr             : 5e-05
2026-03-20 15:55:35,618 - cyberbully - INFO -   max_length     : 128
2026-03-20 15:55:35,618 - cyberbully - INFO -   output_dir     : grid-search
2026-03-20 15:55:35,618 - cyberbully - INFO -   data_dir       : dataset
2026-03-20 15:55:35,618 - cyberbully - INFO -   sbert          : False
2026-03-20 15:55:35,618 - cyberbully - INFO -   supcon         : False
2026-03-20 15:55:35,618 - cyberbully - INFO -   supcon_weight  : 0.1
2026-03-20 15:55:35,618 - cyberbully - INFO -   proj_dim       : 128
2026-03-20 15:55:35,618 - cyberbully - INFO -   grad_accum_steps: 1
2026-03-20 15:55:35,618 - cyberbully - INFO -   overwrite      : False
2026-03-20 15:55:35,618 - cyberbully - INFO -   device         : cuda
2026-03-20 15:55:35,618 - cyberbully - INFO -   output_dir     : experiments/grid-search/bert-base-cased/ieee/prep0_aug1/seed_90995999
2026-03-20 15:55:35,619 - cyberbully - INFO - ============================================================
2026-03-20 15:55:35,619 - cyberbully - INFO - Step 1: Preparing data...
2026-03-20 15:55:35,622 - cyberbully - INFO - Loaded pre-split data from dataset/ieee — train: 1348, val: 338, test: 422
2026-03-20 15:55:35,622 - cyberbully - INFO - Label mapping: {'Cyberstalking': 0, 'Doxing': 1, 'Revenge Porn': 2, 'Sexual Harassment': 3, 'Slut Shaming': 4}
2026-03-20 15:55:35,623 - cyberbully - INFO - Applying training data augmentation (oversampling)...
2026-03-20 15:55:35,624 - cyberbully - INFO - After oversampling — class distribution: {0: 316, 1: 316, 2: 316, 3: 316, 4: 316}
2026-03-20 15:55:35,625 - cyberbully - INFO - Number of classes: 5
2026-03-20 15:55:35,626 - cyberbully - INFO - Step 2: Loading model and tokenizer...
2026-03-20 15:55:35,626 - cyberbully - INFO - Loading model 'bert-base-cased' with 5 labels (sbert=False, supcon=False)
2026-03-20 15:55:36,337 - cyberbully - INFO - Step 3: Creating datasets...
2026-03-20 15:55:36,376 - cyberbully - INFO - Dataset sizes — train: 1580, val: 338, test: 422
2026-03-20 15:55:36,377 - cyberbully - INFO - Step 4: Training...
2026-03-20 15:55:36,605 - cyberbully - INFO - Starting training...
2026-03-20 15:56:32,983 - cyberbully - INFO - Training complete.
2026-03-20 15:56:33,057 - cyberbully - INFO - Removed checkpoint: experiments/grid-search/bert-base-cased/ieee/prep0_aug1/seed_90995999/checkpoint-400
2026-03-20 15:56:34,422 - cyberbully - INFO - Removed checkpoint: experiments/grid-search/bert-base-cased/ieee/prep0_aug1/seed_90995999/checkpoint-200
2026-03-20 15:56:34,496 - cyberbully - INFO - Removed checkpoint: experiments/grid-search/bert-base-cased/ieee/prep0_aug1/seed_90995999/checkpoint-450
2026-03-20 15:56:34,570 - cyberbully - INFO - Removed checkpoint: experiments/grid-search/bert-base-cased/ieee/prep0_aug1/seed_90995999/checkpoint-300
2026-03-20 15:56:34,644 - cyberbully - INFO - Removed checkpoint: experiments/grid-search/bert-base-cased/ieee/prep0_aug1/seed_90995999/checkpoint-350
2026-03-20 15:56:34,708 - cyberbully - INFO - Removed checkpoint: experiments/grid-search/bert-base-cased/ieee/prep0_aug1/seed_90995999/checkpoint-150
2026-03-20 15:56:34,908 - cyberbully - INFO - Removed checkpoint: experiments/grid-search/bert-base-cased/ieee/prep0_aug1/seed_90995999/checkpoint-50
2026-03-20 15:56:34,991 - cyberbully - INFO - Removed checkpoint: experiments/grid-search/bert-base-cased/ieee/prep0_aug1/seed_90995999/checkpoint-500
2026-03-20 15:56:35,414 - cyberbully - INFO - Removed checkpoint: experiments/grid-search/bert-base-cased/ieee/prep0_aug1/seed_90995999/checkpoint-100
2026-03-20 15:56:36,471 - cyberbully - INFO - Removed checkpoint: experiments/grid-search/bert-base-cased/ieee/prep0_aug1/seed_90995999/checkpoint-250
2026-03-20 15:56:36,471 - cyberbully - INFO - Step 5: Evaluating on test set...
2026-03-20 15:56:41,040 - cyberbully - INFO - Metrics saved to experiments/grid-search/bert-base-cased/ieee/prep0_aug1/seed_90995999/metrics.json
2026-03-20 15:56:41,040 - cyberbully - INFO - Confusion matrix saved to experiments/grid-search/bert-base-cased/ieee/prep0_aug1/seed_90995999/confusion_matrix.json
2026-03-20 15:56:41,044 - cyberbully - INFO - Per-sample predictions saved to experiments/grid-search/bert-base-cased/ieee/prep0_aug1/seed_90995999/predictions.json
2026-03-20 15:56:41,144 - cyberbully - INFO - Confusion matrix figure saved to experiments/grid-search/bert-base-cased/ieee/prep0_aug1/seed_90995999/confusion_matrix.pdf
2026-03-20 15:56:41,144 - cyberbully - INFO - Accuracy: 0.8057
2026-03-20 15:56:41,144 - cyberbully - INFO - Weighted F1: 0.8134
2026-03-20 15:56:41,144 - cyberbully - INFO - Micro F1: 0.8057
2026-03-20 15:56:41,145 - cyberbully - INFO - Inference time: 0.31 seconds
2026-03-20 15:56:41,145 - cyberbully - INFO - Energy consumption: 0.000014 kWh
2026-03-20 15:56:41,145 - cyberbully - INFO - ============================================================
2026-03-20 15:56:41,145 - cyberbully - INFO - Pipeline complete. Results saved to: experiments/grid-search/bert-base-cased/ieee/prep0_aug1/seed_90995999
2026-03-20 15:56:41,145 - cyberbully - INFO - ============================================================
