2026-04-09 16:30:54,778 - cyberbully - INFO - ============================================================
2026-04-09 16:30:54,778 - cyberbully - INFO - Cyberbullying Detection Pipeline
2026-04-09 16:30:54,778 - cyberbully - INFO - ============================================================
2026-04-09 16:30:54,778 - cyberbully - INFO - Configuration:
2026-04-09 16:30:54,778 - cyberbully - INFO -   model          : chandar-lab/NeoBERT
2026-04-09 16:30:54,779 - cyberbully - INFO -   dataset        : ieee
2026-04-09 16:30:54,779 - cyberbully - INFO -   preprocess     : True
2026-04-09 16:30:54,779 - cyberbully - INFO -   augment        : False
2026-04-09 16:30:54,779 - cyberbully - INFO -   compute_attribution: False
2026-04-09 16:30:54,779 - cyberbully - INFO -   seed           : 24677315
2026-04-09 16:30:54,779 - cyberbully - INFO -   epochs         : 10
2026-04-09 16:30:54,779 - cyberbully - INFO -   batch_size     : 32
2026-04-09 16:30:54,779 - cyberbully - INFO -   lr             : 5e-05
2026-04-09 16:30:54,779 - cyberbully - INFO -   max_length     : 128
2026-04-09 16:30:54,779 - cyberbully - INFO -   output_dir     : grid-search
2026-04-09 16:30:54,779 - cyberbully - INFO -   data_dir       : dataset
2026-04-09 16:30:54,779 - cyberbully - INFO -   sbert          : False
2026-04-09 16:30:54,779 - cyberbully - INFO -   supcon         : False
2026-04-09 16:30:54,779 - cyberbully - INFO -   supcon_weight  : 0.1
2026-04-09 16:30:54,779 - cyberbully - INFO -   proj_dim       : 128
2026-04-09 16:30:54,779 - cyberbully - INFO -   grad_accum_steps: 1
2026-04-09 16:30:54,779 - cyberbully - INFO -   overwrite      : False
2026-04-09 16:30:54,779 - cyberbully - INFO -   device         : cuda
2026-04-09 16:30:54,779 - cyberbully - INFO -   output_dir     : experiments/grid-search/chandar-lab_NeoBERT/ieee/prep1_aug0/seed_24677315
2026-04-09 16:30:54,779 - cyberbully - INFO - ============================================================
2026-04-09 16:30:54,779 - cyberbully - INFO - Step 1: Preparing data...
2026-04-09 16:30:54,782 - cyberbully - INFO - Loaded pre-split data from dataset/ieee — train: 1348, val: 338, test: 422
2026-04-09 16:30:54,783 - cyberbully - INFO - Label mapping: {'Cyberstalking': 0, 'Doxing': 1, 'Revenge Porn': 2, 'Sexual Harassment': 3, 'Slut Shaming': 4}
2026-04-09 16:30:54,783 - cyberbully - INFO - Applying text preprocessing per split...
2026-04-09 16:30:58,839 - cyberbully - INFO - After preprocessing — train: 1175, val: 305, test: 377
2026-04-09 16:30:58,841 - cyberbully - INFO - Number of classes: 5
2026-04-09 16:30:58,842 - cyberbully - INFO - Step 2: Loading model and tokenizer...
2026-04-09 16:30:58,842 - cyberbully - INFO - Loading model 'chandar-lab/NeoBERT' with 5 labels (sbert=False, supcon=False)
2026-04-09 16:31:00,616 - cyberbully - INFO - Step 3: Creating datasets...
2026-04-09 16:31:00,639 - cyberbully - INFO - Dataset sizes — train: 1175, val: 305, test: 377
2026-04-09 16:31:00,640 - cyberbully - INFO - Step 4: Training...
2026-04-09 16:31:00,925 - cyberbully - INFO - Starting training...
2026-04-09 16:33:49,444 - cyberbully - INFO - Training complete.
2026-04-09 16:33:49,578 - cyberbully - INFO - Removed checkpoint: experiments/grid-search/chandar-lab_NeoBERT/ieee/prep1_aug0/seed_24677315/checkpoint-111
2026-04-09 16:33:49,728 - cyberbully - INFO - Removed checkpoint: experiments/grid-search/chandar-lab_NeoBERT/ieee/prep1_aug0/seed_24677315/checkpoint-370
2026-04-09 16:33:49,857 - cyberbully - INFO - Removed checkpoint: experiments/grid-search/chandar-lab_NeoBERT/ieee/prep1_aug0/seed_24677315/checkpoint-37
2026-04-09 16:33:49,986 - cyberbully - INFO - Removed checkpoint: experiments/grid-search/chandar-lab_NeoBERT/ieee/prep1_aug0/seed_24677315/checkpoint-148
2026-04-09 16:33:50,123 - cyberbully - INFO - Removed checkpoint: experiments/grid-search/chandar-lab_NeoBERT/ieee/prep1_aug0/seed_24677315/checkpoint-296
2026-04-09 16:33:50,266 - cyberbully - INFO - Removed checkpoint: experiments/grid-search/chandar-lab_NeoBERT/ieee/prep1_aug0/seed_24677315/checkpoint-333
2026-04-09 16:33:50,396 - cyberbully - INFO - Removed checkpoint: experiments/grid-search/chandar-lab_NeoBERT/ieee/prep1_aug0/seed_24677315/checkpoint-185
2026-04-09 16:33:50,526 - cyberbully - INFO - Removed checkpoint: experiments/grid-search/chandar-lab_NeoBERT/ieee/prep1_aug0/seed_24677315/checkpoint-222
2026-04-09 16:33:50,660 - cyberbully - INFO - Removed checkpoint: experiments/grid-search/chandar-lab_NeoBERT/ieee/prep1_aug0/seed_24677315/checkpoint-259
2026-04-09 16:33:50,790 - cyberbully - INFO - Removed checkpoint: experiments/grid-search/chandar-lab_NeoBERT/ieee/prep1_aug0/seed_24677315/checkpoint-74
2026-04-09 16:33:50,790 - cyberbully - INFO - Step 5: Evaluating on test set...
2026-04-09 16:34:02,631 - cyberbully - INFO - Metrics saved to experiments/grid-search/chandar-lab_NeoBERT/ieee/prep1_aug0/seed_24677315/metrics.json
2026-04-09 16:34:02,631 - cyberbully - INFO - Confusion matrix saved to experiments/grid-search/chandar-lab_NeoBERT/ieee/prep1_aug0/seed_24677315/confusion_matrix.json
2026-04-09 16:34:02,635 - cyberbully - INFO - Per-sample predictions saved to experiments/grid-search/chandar-lab_NeoBERT/ieee/prep1_aug0/seed_24677315/predictions.json
2026-04-09 16:34:02,735 - cyberbully - INFO - Confusion matrix figure saved to experiments/grid-search/chandar-lab_NeoBERT/ieee/prep1_aug0/seed_24677315/confusion_matrix.pdf
2026-04-09 16:34:02,735 - cyberbully - INFO - Accuracy: 0.7905
2026-04-09 16:34:02,735 - cyberbully - INFO - Weighted F1: 0.7930
2026-04-09 16:34:02,735 - cyberbully - INFO - Micro F1: 0.7905
2026-04-09 16:34:02,735 - cyberbully - INFO - Inference time: 0.59 seconds
2026-04-09 16:34:02,735 - cyberbully - INFO - Energy consumption: 0.000036 kWh
2026-04-09 16:34:02,735 - cyberbully - INFO - ============================================================
2026-04-09 16:34:02,735 - cyberbully - INFO - Pipeline complete. Results saved to: experiments/grid-search/chandar-lab_NeoBERT/ieee/prep1_aug0/seed_24677315
2026-04-09 16:34:02,735 - cyberbully - INFO - ============================================================
