2026-02-19 15:36:37,645 - cyberbully - INFO - ============================================================
2026-02-19 15:36:37,645 - cyberbully - INFO - Cyberbullying Detection Pipeline
2026-02-19 15:36:37,645 - cyberbully - INFO - ============================================================
2026-02-19 15:36:37,645 - cyberbully - INFO - Configuration:
2026-02-19 15:36:37,645 - cyberbully - INFO -   model          : sarkerlab/SocBERT-base
2026-02-19 15:36:37,645 - cyberbully - INFO -   dataset        : tweeteval
2026-02-19 15:36:37,645 - cyberbully - INFO -   preprocess     : False
2026-02-19 15:36:37,645 - cyberbully - INFO -   augment        : True
2026-02-19 15:36:37,645 - cyberbully - INFO -   compute_attribution: False
2026-02-19 15:36:37,645 - cyberbully - INFO -   seed           : 14298463
2026-02-19 15:36:37,645 - cyberbully - INFO -   epochs         : 5
2026-02-19 15:36:37,645 - cyberbully - INFO -   batch_size     : 16
2026-02-19 15:36:37,645 - cyberbully - INFO -   lr             : 2e-05
2026-02-19 15:36:37,645 - cyberbully - INFO -   max_length     : 128
2026-02-19 15:36:37,645 - cyberbully - INFO -   output_dir     : domain-model
2026-02-19 15:36:37,645 - cyberbully - INFO -   data_dir       : dataset
2026-02-19 15:36:37,645 - cyberbully - INFO -   sbert          : False
2026-02-19 15:36:37,645 - cyberbully - INFO -   overwrite      : False
2026-02-19 15:36:37,645 - cyberbully - INFO -   device         : cuda
2026-02-19 15:36:37,645 - cyberbully - INFO -   output_dir     : experiments/domain-model/sarkerlab_SocBERT-base/tweeteval/prep0_aug1/seed_14298463
2026-02-19 15:36:37,645 - cyberbully - INFO - ============================================================
2026-02-19 15:36:37,645 - cyberbully - INFO - Step 1: Preparing data...
2026-02-19 15:36:37,645 - cyberbully - INFO - Loading dataset 'tweeteval' from dataset/Tweeteval.csv
2026-02-19 15:36:37,719 - cyberbully - INFO - Loaded 50759 samples with 5 classes: ['emotion', 'hate', 'offensive', 'religion', 'spiritual']
2026-02-19 15:36:37,722 - cyberbully - INFO - Label mapping: {'emotion': 0, 'hate': 1, 'offensive': 2, 'religion': 3, 'spiritual': 4}
2026-02-19 15:36:37,735 - cyberbully - INFO - Split sizes — train: 32485, val: 8122, test: 10152
2026-02-19 15:36:37,735 - cyberbully - INFO - Applying training data augmentation (oversampling)...
2026-02-19 15:36:37,742 - cyberbully - INFO - After oversampling — class distribution: {0: 8985, 1: 8985, 2: 8985, 3: 8985, 4: 8985}
2026-02-19 15:36:37,743 - cyberbully - INFO - Number of classes: 5
2026-02-19 15:36:37,745 - cyberbully - INFO - Step 2: Loading model and tokenizer...
2026-02-19 15:36:37,745 - cyberbully - INFO - Loading model 'sarkerlab/SocBERT-base' with 5 labels (sbert=False)
2026-02-19 15:36:38,937 - cyberbully - INFO - Step 3: Creating datasets...
2026-02-19 15:36:40,047 - cyberbully - INFO - Dataset sizes — train: 44925, val: 8122, test: 10152
2026-02-19 15:36:40,047 - cyberbully - INFO - Step 4: Training...
2026-02-19 15:36:40,296 - cyberbully - INFO - Starting training...
2026-02-19 15:51:41,944 - cyberbully - INFO - Training complete.
2026-02-19 15:51:41,944 - cyberbully - INFO - Step 5: Evaluating on test set...
2026-02-19 15:51:53,965 - cyberbully - INFO - Metrics saved to experiments/domain-model/sarkerlab_SocBERT-base/tweeteval/prep0_aug1/seed_14298463/metrics.json
2026-02-19 15:51:53,966 - cyberbully - INFO - Confusion matrix saved to experiments/domain-model/sarkerlab_SocBERT-base/tweeteval/prep0_aug1/seed_14298463/confusion_matrix.json
2026-02-19 15:51:54,066 - cyberbully - INFO - Confusion matrix figure saved to experiments/domain-model/sarkerlab_SocBERT-base/tweeteval/prep0_aug1/seed_14298463/confusion_matrix.pdf
2026-02-19 15:51:54,066 - cyberbully - INFO - Accuracy: 0.9663
2026-02-19 15:51:54,066 - cyberbully - INFO - Weighted F1: 0.9662
2026-02-19 15:51:54,066 - cyberbully - INFO - Micro F1: 0.9663
2026-02-19 15:51:54,066 - cyberbully - INFO - Inference time: 7.66 seconds
2026-02-19 15:51:54,066 - cyberbully - INFO - Energy consumption: 0.000478 kWh
2026-02-19 15:51:54,066 - cyberbully - INFO - ============================================================
2026-02-19 15:51:54,066 - cyberbully - INFO - Pipeline complete. Results saved to: experiments/domain-model/sarkerlab_SocBERT-base/tweeteval/prep0_aug1/seed_14298463
2026-02-19 15:51:54,066 - cyberbully - INFO - ============================================================
