2026-05-22 02:08:04,668 - cyberbully - INFO - ============================================================
2026-05-22 02:08:04,668 - cyberbully - INFO - Cyberbullying Detection Pipeline
2026-05-22 02:08:04,668 - cyberbully - INFO - ============================================================
2026-05-22 02:08:04,668 - cyberbully - INFO - Configuration:
2026-05-22 02:08:04,668 - cyberbully - INFO -   model          : chandar-lab/NeoBERT
2026-05-22 02:08:04,668 - cyberbully - INFO -   dataset        : tweeteval
2026-05-22 02:08:04,668 - cyberbully - INFO -   preprocess     : True
2026-05-22 02:08:04,668 - cyberbully - INFO -   augment        : False
2026-05-22 02:08:04,668 - cyberbully - INFO -   compute_attribution: False
2026-05-22 02:08:04,668 - cyberbully - INFO -   seed           : 43782163
2026-05-22 02:08:04,668 - cyberbully - INFO -   epochs         : 10
2026-05-22 02:08:04,668 - cyberbully - INFO -   batch_size     : 32
2026-05-22 02:08:04,668 - cyberbully - INFO -   lr             : 5e-05
2026-05-22 02:08:04,668 - cyberbully - INFO -   max_length     : 128
2026-05-22 02:08:04,668 - cyberbully - INFO -   output_dir     : grid-search
2026-05-22 02:08:04,668 - cyberbully - INFO -   data_dir       : dataset
2026-05-22 02:08:04,668 - cyberbully - INFO -   sbert          : False
2026-05-22 02:08:04,668 - cyberbully - INFO -   supcon         : False
2026-05-22 02:08:04,668 - cyberbully - INFO -   supcon_weight  : 0.1
2026-05-22 02:08:04,668 - cyberbully - INFO -   proj_dim       : 128
2026-05-22 02:08:04,668 - cyberbully - INFO -   grad_accum_steps: 1
2026-05-22 02:08:04,668 - cyberbully - INFO -   overwrite      : True
2026-05-22 02:08:04,668 - cyberbully - INFO -   device         : cuda
2026-05-22 02:08:04,668 - cyberbully - INFO -   output_dir     : experiments/grid-search/chandar-lab_NeoBERT/tweeteval/prep1_aug0/seed_43782163
2026-05-22 02:08:04,668 - cyberbully - INFO - ============================================================
2026-05-22 02:08:04,668 - cyberbully - INFO - Step 1: Preparing data...
2026-05-22 02:08:04,715 - cyberbully - INFO - Loaded pre-split data from dataset/tweeteval — train: 32485, val: 8122, test: 10152
2026-05-22 02:08:04,715 - cyberbully - INFO - Label mapping: {'emotion': 0, 'hate': 1, 'offensive': 2, 'religion': 3, 'spiritual': 4}
2026-05-22 02:08:04,716 - cyberbully - INFO - Applying text preprocessing per split...
2026-05-22 02:08:10,178 - cyberbully - INFO - After preprocessing -- train: 32485, val: 8122, test: 10152
2026-05-22 02:08:10,182 - cyberbully - INFO - Number of classes: 5
2026-05-22 02:08:10,183 - cyberbully - INFO - Step 2: Loading model and tokenizer...
2026-05-22 02:08:10,184 - cyberbully - INFO - Loading model 'chandar-lab/NeoBERT' with 5 labels (sbert=False, supcon=False)
2026-05-22 02:08:11,947 - cyberbully - INFO - Step 3: Creating datasets...
2026-05-22 02:08:12,707 - cyberbully - INFO - Dataset sizes — train: 32485, val: 8122, test: 10152
2026-05-22 02:08:12,707 - cyberbully - INFO - Step 4: Training...
2026-05-22 02:08:13,012 - cyberbully - INFO - Starting training...
2026-05-22 02:42:22,103 - cyberbully - INFO - Training complete.
2026-05-22 02:42:22,230 - cyberbully - INFO - Removed checkpoint: experiments/grid-search/chandar-lab_NeoBERT/tweeteval/prep1_aug0/seed_43782163/checkpoint-3048
2026-05-22 02:42:22,355 - cyberbully - INFO - Removed checkpoint: experiments/grid-search/chandar-lab_NeoBERT/tweeteval/prep1_aug0/seed_43782163/checkpoint-7112
2026-05-22 02:42:22,480 - cyberbully - INFO - Removed checkpoint: experiments/grid-search/chandar-lab_NeoBERT/tweeteval/prep1_aug0/seed_43782163/checkpoint-9144
2026-05-22 02:42:22,609 - cyberbully - INFO - Removed checkpoint: experiments/grid-search/chandar-lab_NeoBERT/tweeteval/prep1_aug0/seed_43782163/checkpoint-1016
2026-05-22 02:42:22,736 - cyberbully - INFO - Removed checkpoint: experiments/grid-search/chandar-lab_NeoBERT/tweeteval/prep1_aug0/seed_43782163/checkpoint-2032
2026-05-22 02:42:22,888 - cyberbully - INFO - Removed checkpoint: experiments/grid-search/chandar-lab_NeoBERT/tweeteval/prep1_aug0/seed_43782163/checkpoint-10160
2026-05-22 02:42:23,014 - cyberbully - INFO - Removed checkpoint: experiments/grid-search/chandar-lab_NeoBERT/tweeteval/prep1_aug0/seed_43782163/checkpoint-6096
2026-05-22 02:42:23,141 - cyberbully - INFO - Removed checkpoint: experiments/grid-search/chandar-lab_NeoBERT/tweeteval/prep1_aug0/seed_43782163/checkpoint-5080
2026-05-22 02:42:23,267 - cyberbully - INFO - Removed checkpoint: experiments/grid-search/chandar-lab_NeoBERT/tweeteval/prep1_aug0/seed_43782163/checkpoint-8128
2026-05-22 02:42:23,393 - cyberbully - INFO - Removed checkpoint: experiments/grid-search/chandar-lab_NeoBERT/tweeteval/prep1_aug0/seed_43782163/checkpoint-4064
2026-05-22 02:42:23,393 - cyberbully - INFO - Step 5: Evaluating on test set...
2026-05-22 02:42:46,445 - cyberbully - INFO - Metrics saved to experiments/grid-search/chandar-lab_NeoBERT/tweeteval/prep1_aug0/seed_43782163/metrics.json
2026-05-22 02:42:46,445 - cyberbully - INFO - Confusion matrix saved to experiments/grid-search/chandar-lab_NeoBERT/tweeteval/prep1_aug0/seed_43782163/confusion_matrix.json
2026-05-22 02:42:46,548 - cyberbully - INFO - Per-sample predictions saved to experiments/grid-search/chandar-lab_NeoBERT/tweeteval/prep1_aug0/seed_43782163/predictions.json
2026-05-22 02:42:46,653 - cyberbully - INFO - Confusion matrix figure saved to experiments/grid-search/chandar-lab_NeoBERT/tweeteval/prep1_aug0/seed_43782163/confusion_matrix.pdf
2026-05-22 02:42:46,653 - cyberbully - INFO - Accuracy: 0.9367
2026-05-22 02:42:46,653 - cyberbully - INFO - Weighted F1: 0.9364
2026-05-22 02:42:46,653 - cyberbully - INFO - Micro F1: 0.9367
2026-05-22 02:42:46,653 - cyberbully - INFO - Inference time: 16.87 seconds
2026-05-22 02:42:46,653 - cyberbully - INFO - Energy consumption: 0.000970 kWh
2026-05-22 02:42:46,655 - cyberbully - INFO - ============================================================
2026-05-22 02:42:46,655 - cyberbully - INFO - Pipeline complete. Results saved to: experiments/grid-search/chandar-lab_NeoBERT/tweeteval/prep1_aug0/seed_43782163
2026-05-22 02:42:46,655 - cyberbully - INFO - ============================================================
