2026-03-16 23:54:17,156 - cyberbully - INFO - ============================================================
2026-03-16 23:54:17,156 - cyberbully - INFO - Cyberbullying Detection Pipeline
2026-03-16 23:54:17,156 - cyberbully - INFO - ============================================================
2026-03-16 23:54:17,156 - cyberbully - INFO - Configuration:
2026-03-16 23:54:17,156 - cyberbully - INFO -   model          : roberta-base
2026-03-16 23:54:17,156 - cyberbully - INFO -   dataset        : tweeteval
2026-03-16 23:54:17,156 - cyberbully - INFO -   preprocess     : True
2026-03-16 23:54:17,156 - cyberbully - INFO -   augment        : False
2026-03-16 23:54:17,156 - cyberbully - INFO -   compute_attribution: False
2026-03-16 23:54:17,156 - cyberbully - INFO -   seed           : 43782163
2026-03-16 23:54:17,156 - cyberbully - INFO -   epochs         : 10
2026-03-16 23:54:17,156 - cyberbully - INFO -   batch_size     : 32
2026-03-16 23:54:17,156 - cyberbully - INFO -   lr             : 5e-05
2026-03-16 23:54:17,156 - cyberbully - INFO -   max_length     : 128
2026-03-16 23:54:17,156 - cyberbully - INFO -   output_dir     : supcon-grid
2026-03-16 23:54:17,156 - cyberbully - INFO -   data_dir       : dataset
2026-03-16 23:54:17,157 - cyberbully - INFO -   sbert          : False
2026-03-16 23:54:17,157 - cyberbully - INFO -   supcon         : True
2026-03-16 23:54:17,157 - cyberbully - INFO -   supcon_weight  : 0.1
2026-03-16 23:54:17,157 - cyberbully - INFO -   proj_dim       : 128
2026-03-16 23:54:17,157 - cyberbully - INFO -   grad_accum_steps: 1
2026-03-16 23:54:17,157 - cyberbully - INFO -   overwrite      : False
2026-03-16 23:54:17,157 - cyberbully - INFO -   device         : cuda
2026-03-16 23:54:17,157 - cyberbully - INFO -   output_dir     : experiments/supcon-grid/roberta-base/tweeteval/prep1_aug0/seed_43782163
2026-03-16 23:54:17,157 - cyberbully - INFO - ============================================================
2026-03-16 23:54:17,157 - cyberbully - INFO - Step 1: Preparing data...
2026-03-16 23:54:17,205 - cyberbully - INFO - Loaded pre-split data from dataset/tweeteval — train: 32485, val: 8122, test: 10152
2026-03-16 23:54:17,205 - cyberbully - INFO - Label mapping: {'emotion': 0, 'hate': 1, 'offensive': 2, 'religion': 3, 'spiritual': 4}
2026-03-16 23:54:17,205 - cyberbully - INFO - Applying text preprocessing per split...
2026-03-16 23:54:20,949 - cyberbully - INFO - After preprocessing — train: 32485, val: 8122, test: 10152
2026-03-16 23:54:20,961 - cyberbully - INFO - Number of classes: 5
2026-03-16 23:54:20,962 - cyberbully - INFO - Step 2: Loading model and tokenizer...
2026-03-16 23:54:20,962 - cyberbully - INFO - Loading model 'roberta-base' with 5 labels (sbert=False, supcon=True)
2026-03-16 23:54:21,566 - cyberbully - INFO - SupConClassifier: hidden_size=768, proj_dim=128, num_labels=5
2026-03-16 23:54:21,874 - cyberbully - INFO - Step 3: Creating datasets...
2026-03-16 23:54:22,605 - cyberbully - INFO - Dataset sizes — train: 32485, val: 8122, test: 10152
2026-03-16 23:54:22,605 - cyberbully - INFO - Step 4: Training...
2026-03-16 23:54:22,849 - cyberbully - INFO - Using SupConTrainer with supcon_weight=0.100
2026-03-16 23:54:22,849 - cyberbully - INFO - Starting training...
2026-03-17 00:11:15,942 - cyberbully - INFO - Training complete.
2026-03-17 00:11:16,013 - cyberbully - INFO - Removed checkpoint: experiments/supcon-grid/roberta-base/tweeteval/prep1_aug0/seed_43782163/checkpoint-3048
2026-03-17 00:11:16,084 - cyberbully - INFO - Removed checkpoint: experiments/supcon-grid/roberta-base/tweeteval/prep1_aug0/seed_43782163/checkpoint-7112
2026-03-17 00:11:16,155 - cyberbully - INFO - Removed checkpoint: experiments/supcon-grid/roberta-base/tweeteval/prep1_aug0/seed_43782163/checkpoint-9144
2026-03-17 00:11:16,227 - cyberbully - INFO - Removed checkpoint: experiments/supcon-grid/roberta-base/tweeteval/prep1_aug0/seed_43782163/checkpoint-1016
2026-03-17 00:11:16,298 - cyberbully - INFO - Removed checkpoint: experiments/supcon-grid/roberta-base/tweeteval/prep1_aug0/seed_43782163/checkpoint-2032
2026-03-17 00:11:16,384 - cyberbully - INFO - Removed checkpoint: experiments/supcon-grid/roberta-base/tweeteval/prep1_aug0/seed_43782163/checkpoint-10160
2026-03-17 00:11:16,454 - cyberbully - INFO - Removed checkpoint: experiments/supcon-grid/roberta-base/tweeteval/prep1_aug0/seed_43782163/checkpoint-6096
2026-03-17 00:11:16,525 - cyberbully - INFO - Removed checkpoint: experiments/supcon-grid/roberta-base/tweeteval/prep1_aug0/seed_43782163/checkpoint-5080
2026-03-17 00:11:16,598 - cyberbully - INFO - Removed checkpoint: experiments/supcon-grid/roberta-base/tweeteval/prep1_aug0/seed_43782163/checkpoint-8128
2026-03-17 00:11:16,669 - cyberbully - INFO - Removed checkpoint: experiments/supcon-grid/roberta-base/tweeteval/prep1_aug0/seed_43782163/checkpoint-4064
2026-03-17 00:11:16,669 - cyberbully - INFO - Step 5: Evaluating on test set...
2026-03-17 00:11:29,480 - cyberbully - INFO - Metrics saved to experiments/supcon-grid/roberta-base/tweeteval/prep1_aug0/seed_43782163/metrics.json
2026-03-17 00:11:29,480 - cyberbully - INFO - Confusion matrix saved to experiments/supcon-grid/roberta-base/tweeteval/prep1_aug0/seed_43782163/confusion_matrix.json
2026-03-17 00:11:29,579 - cyberbully - INFO - Per-sample predictions saved to experiments/supcon-grid/roberta-base/tweeteval/prep1_aug0/seed_43782163/predictions.json
2026-03-17 00:11:29,680 - cyberbully - INFO - Confusion matrix figure saved to experiments/supcon-grid/roberta-base/tweeteval/prep1_aug0/seed_43782163/confusion_matrix.pdf
2026-03-17 00:11:29,680 - cyberbully - INFO - Accuracy: 0.9667
2026-03-17 00:11:29,680 - cyberbully - INFO - Weighted F1: 0.9666
2026-03-17 00:11:29,680 - cyberbully - INFO - Micro F1: 0.9667
2026-03-17 00:11:29,680 - cyberbully - INFO - Inference time: 7.94 seconds
2026-03-17 00:11:29,680 - cyberbully - INFO - Energy consumption: 0.000476 kWh
2026-03-17 00:11:29,682 - cyberbully - INFO - Step 5b: Plotting t-SNE of projection embeddings...
2026-03-17 00:11:37,448 - cyberbully - INFO - Running t-SNE on 10152 samples with proj_dim=128, perplexity=30.0...
2026-03-17 00:12:12,044 - cyberbully - INFO - t-SNE static plot saved to experiments/supcon-grid/roberta-base/tweeteval/prep1_aug0/seed_43782163/projection_tsne.pdf
2026-03-17 00:12:12,190 - cyberbully - INFO - t-SNE interactive plot saved to experiments/supcon-grid/roberta-base/tweeteval/prep1_aug0/seed_43782163/projection_tsne.html
2026-03-17 00:12:12,191 - cyberbully - INFO - ============================================================
2026-03-17 00:12:12,191 - cyberbully - INFO - Pipeline complete. Results saved to: experiments/supcon-grid/roberta-base/tweeteval/prep1_aug0/seed_43782163
2026-03-17 00:12:12,191 - cyberbully - INFO - ============================================================
