2026-03-19 20:49:54,311 - cyberbully - INFO - Model 'all-mpnet-base-v2' detected as SBERT-based. Using SBERTClassifier pipeline.
2026-03-19 20:49:54,311 - cyberbully - INFO - ============================================================
2026-03-19 20:49:54,311 - cyberbully - INFO - Cyberbullying Detection Pipeline
2026-03-19 20:49:54,311 - cyberbully - INFO - ============================================================
2026-03-19 20:49:54,311 - cyberbully - INFO - Configuration:
2026-03-19 20:49:54,311 - cyberbully - INFO -   model          : all-mpnet-base-v2
2026-03-19 20:49:54,311 - cyberbully - INFO -   dataset        : tweeteval
2026-03-19 20:49:54,311 - cyberbully - INFO -   preprocess     : True
2026-03-19 20:49:54,311 - cyberbully - INFO -   augment        : False
2026-03-19 20:49:54,311 - cyberbully - INFO -   compute_attribution: False
2026-03-19 20:49:54,311 - cyberbully - INFO -   seed           : 24677315
2026-03-19 20:49:54,311 - cyberbully - INFO -   epochs         : 10
2026-03-19 20:49:54,311 - cyberbully - INFO -   batch_size     : 64
2026-03-19 20:49:54,311 - cyberbully - INFO -   lr             : 5e-05
2026-03-19 20:49:54,311 - cyberbully - INFO -   max_length     : 128
2026-03-19 20:49:54,311 - cyberbully - INFO -   output_dir     : supcon-light-64
2026-03-19 20:49:54,311 - cyberbully - INFO -   data_dir       : dataset
2026-03-19 20:49:54,311 - cyberbully - INFO -   sbert          : True
2026-03-19 20:49:54,312 - cyberbully - INFO -   supcon         : True
2026-03-19 20:49:54,312 - cyberbully - INFO -   supcon_weight  : 0.1
2026-03-19 20:49:54,312 - cyberbully - INFO -   proj_dim       : 128
2026-03-19 20:49:54,312 - cyberbully - INFO -   grad_accum_steps: 1
2026-03-19 20:49:54,312 - cyberbully - INFO -   overwrite      : False
2026-03-19 20:49:54,312 - cyberbully - INFO -   device         : cuda
2026-03-19 20:49:54,312 - cyberbully - INFO -   output_dir     : experiments/supcon-light-64/all-mpnet-base-v2/tweeteval/prep1_aug0/seed_24677315
2026-03-19 20:49:54,312 - cyberbully - INFO - ============================================================
2026-03-19 20:49:54,312 - cyberbully - INFO - Step 1: Preparing data...
2026-03-19 20:49:54,358 - cyberbully - INFO - Loaded pre-split data from dataset/tweeteval — train: 32485, val: 8122, test: 10152
2026-03-19 20:49:54,358 - cyberbully - INFO - Label mapping: {'emotion': 0, 'hate': 1, 'offensive': 2, 'religion': 3, 'spiritual': 4}
2026-03-19 20:49:54,359 - cyberbully - INFO - Applying text preprocessing per split...
2026-03-19 20:49:56,933 - cyberbully - INFO - After preprocessing — train: 32485, val: 8122, test: 10152
2026-03-19 20:49:56,946 - cyberbully - INFO - Number of classes: 5
2026-03-19 20:49:56,947 - cyberbully - INFO - Step 2: Loading model and tokenizer...
2026-03-19 20:49:56,947 - cyberbully - INFO - Loading model 'all-mpnet-base-v2' with 5 labels (sbert=True, supcon=True)
2026-03-19 20:49:59,724 - cyberbully - INFO - SBERTClassifier: embedding_dim=768, hidden=256, proj_dim=128, num_labels=5
2026-03-19 20:50:00,033 - cyberbully - INFO - Step 3: Creating datasets...
2026-03-19 20:50:00,728 - cyberbully - INFO - Dataset sizes — train: 32485, val: 8122, test: 10152
2026-03-19 20:50:00,728 - cyberbully - INFO - Step 4: Training...
2026-03-19 20:50:00,772 - cyberbully - INFO - Using SupConTrainer with supcon_weight=0.100
2026-03-19 20:50:00,772 - cyberbully - INFO - Starting training...
2026-03-19 21:04:51,592 - cyberbully - INFO - Training complete.
2026-03-19 21:04:51,654 - cyberbully - INFO - Removed checkpoint: experiments/supcon-light-64/all-mpnet-base-v2/tweeteval/prep1_aug0/seed_24677315/checkpoint-1524
2026-03-19 21:04:51,716 - cyberbully - INFO - Removed checkpoint: experiments/supcon-light-64/all-mpnet-base-v2/tweeteval/prep1_aug0/seed_24677315/checkpoint-3048
2026-03-19 21:04:51,780 - cyberbully - INFO - Removed checkpoint: experiments/supcon-light-64/all-mpnet-base-v2/tweeteval/prep1_aug0/seed_24677315/checkpoint-1016
2026-03-19 21:04:51,842 - cyberbully - INFO - Removed checkpoint: experiments/supcon-light-64/all-mpnet-base-v2/tweeteval/prep1_aug0/seed_24677315/checkpoint-2032
2026-03-19 21:04:51,905 - cyberbully - INFO - Removed checkpoint: experiments/supcon-light-64/all-mpnet-base-v2/tweeteval/prep1_aug0/seed_24677315/checkpoint-4572
2026-03-19 21:04:51,968 - cyberbully - INFO - Removed checkpoint: experiments/supcon-light-64/all-mpnet-base-v2/tweeteval/prep1_aug0/seed_24677315/checkpoint-3556
2026-03-19 21:04:52,042 - cyberbully - INFO - Removed checkpoint: experiments/supcon-light-64/all-mpnet-base-v2/tweeteval/prep1_aug0/seed_24677315/checkpoint-5080
2026-03-19 21:04:52,106 - cyberbully - INFO - Removed checkpoint: experiments/supcon-light-64/all-mpnet-base-v2/tweeteval/prep1_aug0/seed_24677315/checkpoint-508
2026-03-19 21:04:52,170 - cyberbully - INFO - Removed checkpoint: experiments/supcon-light-64/all-mpnet-base-v2/tweeteval/prep1_aug0/seed_24677315/checkpoint-2540
2026-03-19 21:04:52,233 - cyberbully - INFO - Removed checkpoint: experiments/supcon-light-64/all-mpnet-base-v2/tweeteval/prep1_aug0/seed_24677315/checkpoint-4064
2026-03-19 21:04:52,233 - cyberbully - INFO - Step 5: Evaluating on test set...
2026-03-19 21:05:04,727 - cyberbully - INFO - Metrics saved to experiments/supcon-light-64/all-mpnet-base-v2/tweeteval/prep1_aug0/seed_24677315/metrics.json
2026-03-19 21:05:04,727 - cyberbully - INFO - Confusion matrix saved to experiments/supcon-light-64/all-mpnet-base-v2/tweeteval/prep1_aug0/seed_24677315/confusion_matrix.json
2026-03-19 21:05:04,823 - cyberbully - INFO - Per-sample predictions saved to experiments/supcon-light-64/all-mpnet-base-v2/tweeteval/prep1_aug0/seed_24677315/predictions.json
2026-03-19 21:05:04,925 - cyberbully - INFO - Confusion matrix figure saved to experiments/supcon-light-64/all-mpnet-base-v2/tweeteval/prep1_aug0/seed_24677315/confusion_matrix.pdf
2026-03-19 21:05:04,925 - cyberbully - INFO - Accuracy: 0.9632
2026-03-19 21:05:04,925 - cyberbully - INFO - Weighted F1: 0.9631
2026-03-19 21:05:04,925 - cyberbully - INFO - Micro F1: 0.9632
2026-03-19 21:05:04,925 - cyberbully - INFO - Inference time: 8.18 seconds
2026-03-19 21:05:04,925 - cyberbully - INFO - Energy consumption: 0.000539 kWh
2026-03-19 21:05:04,927 - cyberbully - INFO - Step 5b: Plotting t-SNE of projection embeddings...
2026-03-19 21:05:12,843 - cyberbully - INFO - Running t-SNE on 10152 samples with proj_dim=128, perplexity=30.0...
2026-03-19 21:05:47,915 - cyberbully - INFO - t-SNE static plot saved to experiments/supcon-light-64/all-mpnet-base-v2/tweeteval/prep1_aug0/seed_24677315/projection_tsne.pdf
2026-03-19 21:05:48,065 - cyberbully - INFO - t-SNE interactive plot saved to experiments/supcon-light-64/all-mpnet-base-v2/tweeteval/prep1_aug0/seed_24677315/projection_tsne.html
2026-03-19 21:05:48,065 - cyberbully - INFO - ============================================================
2026-03-19 21:05:48,066 - cyberbully - INFO - Pipeline complete. Results saved to: experiments/supcon-light-64/all-mpnet-base-v2/tweeteval/prep1_aug0/seed_24677315
2026-03-19 21:05:48,066 - cyberbully - INFO - ============================================================
