2026-02-18 08:51:27,573 - cyberbully - INFO - ============================================================
2026-02-18 08:51:27,573 - cyberbully - INFO - Cyberbullying Detection Pipeline
2026-02-18 08:51:27,573 - cyberbully - INFO - ============================================================
2026-02-18 08:51:27,573 - cyberbully - INFO - Configuration:
2026-02-18 08:51:27,573 - cyberbully - INFO -   model          : Twitter/twhin-bert-base
2026-02-18 08:51:27,573 - cyberbully - INFO -   dataset        : tweeteval
2026-02-18 08:51:27,573 - cyberbully - INFO -   preprocess     : True
2026-02-18 08:51:27,573 - cyberbully - INFO -   augment        : False
2026-02-18 08:51:27,573 - cyberbully - INFO -   compute_attribution: False
2026-02-18 08:51:27,573 - cyberbully - INFO -   seed           : 37622020
2026-02-18 08:51:27,573 - cyberbully - INFO -   epochs         : 5
2026-02-18 08:51:27,573 - cyberbully - INFO -   batch_size     : 16
2026-02-18 08:51:27,573 - cyberbully - INFO -   lr             : 2e-05
2026-02-18 08:51:27,573 - cyberbully - INFO -   max_length     : 128
2026-02-18 08:51:27,573 - cyberbully - INFO -   output_dir     : domain-model
2026-02-18 08:51:27,573 - cyberbully - INFO -   data_dir       : dataset
2026-02-18 08:51:27,573 - cyberbully - INFO -   sbert          : False
2026-02-18 08:51:27,573 - cyberbully - INFO -   overwrite      : False
2026-02-18 08:51:27,573 - cyberbully - INFO -   device         : cuda
2026-02-18 08:51:27,573 - cyberbully - INFO -   output_dir     : experiments/domain-model/Twitter_twhin-bert-base/tweeteval/prep1_aug0/seed_37622020
2026-02-18 08:51:27,573 - cyberbully - INFO - ============================================================
2026-02-18 08:51:27,573 - cyberbully - INFO - Step 1: Preparing data...
2026-02-18 08:51:27,573 - cyberbully - INFO - Loading dataset 'tweeteval' from dataset/Tweeteval.csv
2026-02-18 08:51:27,644 - cyberbully - INFO - Loaded 50759 samples with 5 classes: ['emotion', 'hate', 'offensive', 'religion', 'spiritual']
2026-02-18 08:51:27,645 - cyberbully - INFO - Applying text preprocessing...
2026-02-18 08:52:22,839 - cyberbully - INFO - After preprocessing: 47382 samples remain
2026-02-18 08:52:22,842 - cyberbully - INFO - Label mapping: {'emotion': 0, 'hate': 1, 'offensive': 2, 'religion': 3, 'spiritual': 4}
2026-02-18 08:52:22,854 - cyberbully - INFO - Split sizes — train: 30324, val: 7581, test: 9477
2026-02-18 08:52:22,854 - cyberbully - INFO - Number of classes: 5
2026-02-18 08:52:22,855 - cyberbully - INFO - Step 2: Loading model and tokenizer...
2026-02-18 08:52:22,856 - cyberbully - INFO - Loading model 'Twitter/twhin-bert-base' with 5 labels (sbert=False)
2026-02-18 08:52:24,160 - cyberbully - INFO - Step 3: Creating datasets...
2026-02-18 08:52:24,974 - cyberbully - INFO - Dataset sizes — train: 30324, val: 7581, test: 9477
2026-02-18 08:52:24,974 - cyberbully - INFO - Step 4: Training...
2026-02-18 08:52:25,286 - cyberbully - INFO - Starting training...
2026-02-18 09:06:12,820 - cyberbully - INFO - Training complete.
2026-02-18 09:06:12,820 - cyberbully - INFO - Step 5: Evaluating on test set...
2026-02-18 09:06:24,933 - cyberbully - INFO - Metrics saved to experiments/domain-model/Twitter_twhin-bert-base/tweeteval/prep1_aug0/seed_37622020/metrics.json
2026-02-18 09:06:24,933 - cyberbully - INFO - Confusion matrix saved to experiments/domain-model/Twitter_twhin-bert-base/tweeteval/prep1_aug0/seed_37622020/confusion_matrix.json
2026-02-18 09:06:25,034 - cyberbully - INFO - Confusion matrix figure saved to experiments/domain-model/Twitter_twhin-bert-base/tweeteval/prep1_aug0/seed_37622020/confusion_matrix.pdf
2026-02-18 09:06:25,034 - cyberbully - INFO - Accuracy: 0.9430
2026-02-18 09:06:25,034 - cyberbully - INFO - Weighted F1: 0.9429
2026-02-18 09:06:25,034 - cyberbully - INFO - Micro F1: 0.9430
2026-02-18 09:06:25,034 - cyberbully - INFO - Inference time: 7.79 seconds
2026-02-18 09:06:25,034 - cyberbully - INFO - Energy consumption: 0.000467 kWh
2026-02-18 09:06:25,035 - cyberbully - INFO - ============================================================
2026-02-18 09:06:25,035 - cyberbully - INFO - Pipeline complete. Results saved to: experiments/domain-model/Twitter_twhin-bert-base/tweeteval/prep1_aug0/seed_37622020
2026-02-18 09:06:25,035 - cyberbully - INFO - ============================================================
