2026-05-19 20:13:29,741 - cyberbully - INFO - ============================================================
2026-05-19 20:13:29,741 - cyberbully - INFO - Cyberbullying Detection Pipeline
2026-05-19 20:13:29,741 - cyberbully - INFO - ============================================================
2026-05-19 20:13:29,741 - cyberbully - INFO - Configuration:
2026-05-19 20:13:29,741 - cyberbully - INFO -   model          : bert-base-cased
2026-05-19 20:13:29,741 - cyberbully - INFO -   dataset        : tweeteval
2026-05-19 20:13:29,741 - cyberbully - INFO -   preprocess     : True
2026-05-19 20:13:29,741 - cyberbully - INFO -   augment        : False
2026-05-19 20:13:29,741 - cyberbully - INFO -   compute_attribution: False
2026-05-19 20:13:29,741 - cyberbully - INFO -   seed           : 24677315
2026-05-19 20:13:29,741 - cyberbully - INFO -   epochs         : 10
2026-05-19 20:13:29,741 - cyberbully - INFO -   batch_size     : 32
2026-05-19 20:13:29,741 - cyberbully - INFO -   lr             : 5e-05
2026-05-19 20:13:29,741 - cyberbully - INFO -   max_length     : 128
2026-05-19 20:13:29,741 - cyberbully - INFO -   output_dir     : grid-search
2026-05-19 20:13:29,741 - cyberbully - INFO -   data_dir       : dataset
2026-05-19 20:13:29,741 - cyberbully - INFO -   sbert          : False
2026-05-19 20:13:29,741 - cyberbully - INFO -   supcon         : False
2026-05-19 20:13:29,741 - cyberbully - INFO -   supcon_weight  : 0.1
2026-05-19 20:13:29,741 - cyberbully - INFO -   proj_dim       : 128
2026-05-19 20:13:29,741 - cyberbully - INFO -   grad_accum_steps: 1
2026-05-19 20:13:29,742 - cyberbully - INFO -   overwrite      : True
2026-05-19 20:13:29,742 - cyberbully - INFO -   device         : cuda
2026-05-19 20:13:29,742 - cyberbully - INFO -   output_dir     : experiments/grid-search/bert-base-cased/tweeteval/prep1_aug0/seed_24677315
2026-05-19 20:13:29,742 - cyberbully - INFO - ============================================================
2026-05-19 20:13:29,742 - cyberbully - INFO - Step 1: Preparing data...
2026-05-19 20:13:29,797 - cyberbully - INFO - Loaded pre-split data from dataset/tweeteval — train: 32485, val: 8122, test: 10152
2026-05-19 20:13:29,797 - cyberbully - INFO - Label mapping: {'emotion': 0, 'hate': 1, 'offensive': 2, 'religion': 3, 'spiritual': 4}
2026-05-19 20:13:29,798 - cyberbully - INFO - Applying text preprocessing per split...
2026-05-19 20:13:35,493 - cyberbully - INFO - After preprocessing -- train: 32485, val: 8122, test: 10152
2026-05-19 20:13:35,497 - cyberbully - INFO - Number of classes: 5
2026-05-19 20:13:35,498 - cyberbully - INFO - Step 2: Loading model and tokenizer...
2026-05-19 20:13:35,499 - cyberbully - INFO - Loading model 'bert-base-cased' with 5 labels (sbert=False, supcon=False)
2026-05-19 20:13:36,453 - cyberbully - INFO - Step 3: Creating datasets...
2026-05-19 20:13:37,300 - cyberbully - INFO - Dataset sizes — train: 32485, val: 8122, test: 10152
2026-05-19 20:13:37,300 - cyberbully - INFO - Step 4: Training...
2026-05-19 20:13:37,458 - cyberbully - INFO - Starting training...
2026-05-19 20:25:34,543 - cyberbully - INFO - Training complete.
2026-05-19 20:25:34,627 - cyberbully - INFO - Removed checkpoint: experiments/grid-search/bert-base-cased/tweeteval/prep1_aug0/seed_24677315/checkpoint-2032
2026-05-19 20:25:34,710 - cyberbully - INFO - Removed checkpoint: experiments/grid-search/bert-base-cased/tweeteval/prep1_aug0/seed_24677315/checkpoint-6096
2026-05-19 20:25:34,794 - cyberbully - INFO - Removed checkpoint: experiments/grid-search/bert-base-cased/tweeteval/prep1_aug0/seed_24677315/checkpoint-3048
2026-05-19 20:25:34,876 - cyberbully - INFO - Removed checkpoint: experiments/grid-search/bert-base-cased/tweeteval/prep1_aug0/seed_24677315/checkpoint-9144
2026-05-19 20:25:34,959 - cyberbully - INFO - Removed checkpoint: experiments/grid-search/bert-base-cased/tweeteval/prep1_aug0/seed_24677315/checkpoint-5080
2026-05-19 20:25:35,041 - cyberbully - INFO - Removed checkpoint: experiments/grid-search/bert-base-cased/tweeteval/prep1_aug0/seed_24677315/checkpoint-8128
2026-05-19 20:25:35,125 - cyberbully - INFO - Removed checkpoint: experiments/grid-search/bert-base-cased/tweeteval/prep1_aug0/seed_24677315/checkpoint-4064
2026-05-19 20:25:35,211 - cyberbully - INFO - Removed checkpoint: experiments/grid-search/bert-base-cased/tweeteval/prep1_aug0/seed_24677315/checkpoint-1016
2026-05-19 20:25:35,294 - cyberbully - INFO - Removed checkpoint: experiments/grid-search/bert-base-cased/tweeteval/prep1_aug0/seed_24677315/checkpoint-7112
2026-05-19 20:25:35,394 - cyberbully - INFO - Removed checkpoint: experiments/grid-search/bert-base-cased/tweeteval/prep1_aug0/seed_24677315/checkpoint-10160
2026-05-19 20:25:35,394 - cyberbully - INFO - Step 5: Evaluating on test set...
2026-05-19 20:25:46,544 - cyberbully - INFO - Metrics saved to experiments/grid-search/bert-base-cased/tweeteval/prep1_aug0/seed_24677315/metrics.json
2026-05-19 20:25:46,544 - cyberbully - INFO - Confusion matrix saved to experiments/grid-search/bert-base-cased/tweeteval/prep1_aug0/seed_24677315/confusion_matrix.json
2026-05-19 20:25:46,651 - cyberbully - INFO - Per-sample predictions saved to experiments/grid-search/bert-base-cased/tweeteval/prep1_aug0/seed_24677315/predictions.json
2026-05-19 20:25:46,768 - cyberbully - INFO - Confusion matrix figure saved to experiments/grid-search/bert-base-cased/tweeteval/prep1_aug0/seed_24677315/confusion_matrix.pdf
2026-05-19 20:25:46,768 - cyberbully - INFO - Accuracy: 0.9389
2026-05-19 20:25:46,768 - cyberbully - INFO - Weighted F1: 0.9390
2026-05-19 20:25:46,768 - cyberbully - INFO - Micro F1: 0.9389
2026-05-19 20:25:46,768 - cyberbully - INFO - Inference time: 4.48 seconds
2026-05-19 20:25:46,768 - cyberbully - INFO - Energy consumption: 0.000002 kWh
2026-05-19 20:25:46,770 - cyberbully - INFO - ============================================================
2026-05-19 20:25:46,770 - cyberbully - INFO - Pipeline complete. Results saved to: experiments/grid-search/bert-base-cased/tweeteval/prep1_aug0/seed_24677315
2026-05-19 20:25:46,770 - cyberbully - INFO - ============================================================
