2026-06-16 23:29:34,049 - cyberbully - INFO - ============================================================
2026-06-16 23:29:34,049 - cyberbully - INFO - Cyberbullying Detection Pipeline
2026-06-16 23:29:34,049 - cyberbully - INFO - ============================================================
2026-06-16 23:29:34,049 - cyberbully - INFO - Configuration:
2026-06-16 23:29:34,049 - cyberbully - INFO -   model          : albert/albert-base-v2
2026-06-16 23:29:34,049 - cyberbully - INFO -   dataset        : kaggle
2026-06-16 23:29:34,049 - cyberbully - INFO -   preprocess     : False
2026-06-16 23:29:34,049 - cyberbully - INFO -   prep_mode      : 2
2026-06-16 23:29:34,049 - cyberbully - INFO -   augment        : False
2026-06-16 23:29:34,049 - cyberbully - INFO -   compute_attribution: False
2026-06-16 23:29:34,049 - cyberbully - INFO -   seed           : 14298463
2026-06-16 23:29:34,049 - cyberbully - INFO -   epochs         : 10
2026-06-16 23:29:34,049 - cyberbully - INFO -   batch_size     : 32
2026-06-16 23:29:34,049 - cyberbully - INFO -   lr             : 5e-05
2026-06-16 23:29:34,049 - cyberbully - INFO -   max_length     : 128
2026-06-16 23:29:34,049 - cyberbully - INFO -   output_dir     : grid-search
2026-06-16 23:29:34,049 - cyberbully - INFO -   data_dir       : dataset
2026-06-16 23:29:34,049 - cyberbully - INFO -   sbert          : False
2026-06-16 23:29:34,049 - cyberbully - INFO -   supcon         : False
2026-06-16 23:29:34,049 - cyberbully - INFO -   supcon_weight  : 0.1
2026-06-16 23:29:34,049 - cyberbully - INFO -   proj_dim       : 128
2026-06-16 23:29:34,049 - cyberbully - INFO -   grad_accum_steps: 1
2026-06-16 23:29:34,049 - cyberbully - INFO -   overwrite      : False
2026-06-16 23:29:34,049 - cyberbully - INFO -   device         : cuda
2026-06-16 23:29:34,049 - cyberbully - INFO -   output_dir     : experiments/grid-search/albert_albert-base-v2/kaggle/prep2_aug0/seed_14298463
2026-06-16 23:29:34,049 - cyberbully - INFO - ============================================================
2026-06-16 23:29:34,049 - cyberbully - INFO - Step 1: Preparing data...
2026-06-16 23:29:34,095 - cyberbully - INFO - Loaded pre-split data from dataset/kaggle — train: 25604, val: 6401, test: 8002
2026-06-16 23:29:34,096 - cyberbully - INFO - Label mapping: {'age': 0, 'ethnicity': 1, 'gender': 2, 'other_cyberbullying': 3, 'religion': 4}
2026-06-16 23:29:34,097 - cyberbully - INFO - Applying partial text preprocessing per split...
2026-06-16 23:29:35,396 - cyberbully - INFO - After preprocessing -- train: 25604, val: 6401, test: 8002
2026-06-16 23:29:35,400 - cyberbully - INFO - Number of classes: 5
2026-06-16 23:29:35,402 - cyberbully - INFO - Step 2: Loading model and tokenizer...
2026-06-16 23:29:35,402 - cyberbully - INFO - Loading model 'albert/albert-base-v2' with 5 labels (sbert=False, supcon=False)
2026-06-16 23:29:36,431 - cyberbully - INFO - Step 3: Creating datasets...
2026-06-16 23:29:37,294 - cyberbully - INFO - Dataset sizes — train: 25604, val: 6401, test: 8002
2026-06-16 23:29:37,294 - cyberbully - INFO - Step 4: Training...
2026-06-16 23:29:37,442 - cyberbully - INFO - Starting training...
2026-06-16 23:45:06,089 - cyberbully - INFO - Training complete.
2026-06-16 23:45:06,097 - cyberbully - INFO - Removed checkpoint: experiments/grid-search/albert_albert-base-v2/kaggle/prep2_aug0/seed_14298463/checkpoint-5607
2026-06-16 23:45:06,106 - cyberbully - INFO - Removed checkpoint: experiments/grid-search/albert_albert-base-v2/kaggle/prep2_aug0/seed_14298463/checkpoint-8010
2026-06-16 23:45:06,113 - cyberbully - INFO - Removed checkpoint: experiments/grid-search/albert_albert-base-v2/kaggle/prep2_aug0/seed_14298463/checkpoint-6408
2026-06-16 23:45:06,120 - cyberbully - INFO - Removed checkpoint: experiments/grid-search/albert_albert-base-v2/kaggle/prep2_aug0/seed_14298463/checkpoint-1602
2026-06-16 23:45:06,127 - cyberbully - INFO - Removed checkpoint: experiments/grid-search/albert_albert-base-v2/kaggle/prep2_aug0/seed_14298463/checkpoint-3204
2026-06-16 23:45:06,135 - cyberbully - INFO - Removed checkpoint: experiments/grid-search/albert_albert-base-v2/kaggle/prep2_aug0/seed_14298463/checkpoint-7209
2026-06-16 23:45:06,142 - cyberbully - INFO - Removed checkpoint: experiments/grid-search/albert_albert-base-v2/kaggle/prep2_aug0/seed_14298463/checkpoint-4005
2026-06-16 23:45:06,149 - cyberbully - INFO - Removed checkpoint: experiments/grid-search/albert_albert-base-v2/kaggle/prep2_aug0/seed_14298463/checkpoint-4806
2026-06-16 23:45:06,157 - cyberbully - INFO - Removed checkpoint: experiments/grid-search/albert_albert-base-v2/kaggle/prep2_aug0/seed_14298463/checkpoint-801
2026-06-16 23:45:06,164 - cyberbully - INFO - Removed checkpoint: experiments/grid-search/albert_albert-base-v2/kaggle/prep2_aug0/seed_14298463/checkpoint-2403
2026-06-16 23:45:06,164 - cyberbully - INFO - Step 5: Evaluating on test set...
2026-06-16 23:45:21,468 - cyberbully - INFO - Metrics saved to experiments/grid-search/albert_albert-base-v2/kaggle/prep2_aug0/seed_14298463/metrics.json
2026-06-16 23:45:21,468 - cyberbully - INFO - Confusion matrix saved to experiments/grid-search/albert_albert-base-v2/kaggle/prep2_aug0/seed_14298463/confusion_matrix.json
2026-06-16 23:45:21,554 - cyberbully - INFO - Per-sample predictions saved to experiments/grid-search/albert_albert-base-v2/kaggle/prep2_aug0/seed_14298463/predictions.json
2026-06-16 23:45:21,662 - cyberbully - INFO - Confusion matrix figure saved to experiments/grid-search/albert_albert-base-v2/kaggle/prep2_aug0/seed_14298463/confusion_matrix.pdf
2026-06-16 23:45:21,662 - cyberbully - INFO - Accuracy: 0.9481
2026-06-16 23:45:21,662 - cyberbully - INFO - Weighted F1: 0.9484
2026-06-16 23:45:21,662 - cyberbully - INFO - Micro F1: 0.9481
2026-06-16 23:45:21,662 - cyberbully - INFO - Inference time: 9.19 seconds
2026-06-16 23:45:21,662 - cyberbully - INFO - Energy consumption: 0.000562 kWh
2026-06-16 23:45:21,664 - cyberbully - INFO - ============================================================
2026-06-16 23:45:21,664 - cyberbully - INFO - Pipeline complete. Results saved to: experiments/grid-search/albert_albert-base-v2/kaggle/prep2_aug0/seed_14298463
2026-06-16 23:45:21,664 - cyberbully - INFO - ============================================================
