2026-03-24 06:10:07,500 - cyberbully - INFO - ============================================================
2026-03-24 06:10:07,501 - cyberbully - INFO - Cyberbullying Detection Pipeline
2026-03-24 06:10:07,501 - cyberbully - INFO - ============================================================
2026-03-24 06:10:07,501 - cyberbully - INFO - Configuration:
2026-03-24 06:10:07,501 - cyberbully - INFO -   model          : distilbert-base-uncased
2026-03-24 06:10:07,501 - cyberbully - INFO -   dataset        : kaggle
2026-03-24 06:10:07,501 - cyberbully - INFO -   preprocess     : False
2026-03-24 06:10:07,501 - cyberbully - INFO -   augment        : True
2026-03-24 06:10:07,501 - cyberbully - INFO -   compute_attribution: False
2026-03-24 06:10:07,501 - cyberbully - INFO -   seed           : 14298463
2026-03-24 06:10:07,501 - cyberbully - INFO -   epochs         : 10
2026-03-24 06:10:07,501 - cyberbully - INFO -   batch_size     : 32
2026-03-24 06:10:07,501 - cyberbully - INFO -   lr             : 5e-05
2026-03-24 06:10:07,501 - cyberbully - INFO -   max_length     : 128
2026-03-24 06:10:07,501 - cyberbully - INFO -   output_dir     : grid-search
2026-03-24 06:10:07,501 - cyberbully - INFO -   data_dir       : dataset
2026-03-24 06:10:07,501 - cyberbully - INFO -   sbert          : False
2026-03-24 06:10:07,501 - cyberbully - INFO -   supcon         : False
2026-03-24 06:10:07,501 - cyberbully - INFO -   supcon_weight  : 0.1
2026-03-24 06:10:07,501 - cyberbully - INFO -   proj_dim       : 128
2026-03-24 06:10:07,501 - cyberbully - INFO -   grad_accum_steps: 1
2026-03-24 06:10:07,501 - cyberbully - INFO -   overwrite      : False
2026-03-24 06:10:07,501 - cyberbully - INFO -   device         : cuda
2026-03-24 06:10:07,501 - cyberbully - INFO -   output_dir     : experiments/grid-search/distilbert-base-uncased/kaggle/prep0_aug1/seed_14298463
2026-03-24 06:10:07,501 - cyberbully - INFO - ============================================================
2026-03-24 06:10:07,501 - cyberbully - INFO - Step 1: Preparing data...
2026-03-24 06:10:07,551 - cyberbully - INFO - Loaded pre-split data from dataset/kaggle — train: 25604, val: 6401, test: 8002
2026-03-24 06:10:07,551 - cyberbully - INFO - Label mapping: {'age': 0, 'ethnicity': 1, 'gender': 2, 'other_cyberbullying': 3, 'religion': 4}
2026-03-24 06:10:07,553 - cyberbully - INFO - Applying training data augmentation (oversampling)...
2026-03-24 06:10:07,557 - cyberbully - INFO - After oversampling — class distribution: {0: 5123, 1: 5123, 2: 5123, 3: 5123, 4: 5123}
2026-03-24 06:10:07,568 - cyberbully - INFO - Number of classes: 5
2026-03-24 06:10:07,569 - cyberbully - INFO - Step 2: Loading model and tokenizer...
2026-03-24 06:10:07,569 - cyberbully - INFO - Loading model 'distilbert-base-uncased' with 5 labels (sbert=False, supcon=False)
2026-03-24 06:10:08,259 - cyberbully - INFO - Step 3: Creating datasets...
2026-03-24 06:10:08,889 - cyberbully - INFO - Dataset sizes — train: 25615, val: 6401, test: 8002
2026-03-24 06:10:08,890 - cyberbully - INFO - Step 4: Training...
2026-03-24 06:10:09,069 - cyberbully - INFO - Starting training...
2026-03-24 06:16:43,390 - cyberbully - INFO - Training complete.
2026-03-24 06:16:43,429 - cyberbully - INFO - Removed checkpoint: experiments/grid-search/distilbert-base-uncased/kaggle/prep0_aug1/seed_14298463/checkpoint-5607
2026-03-24 06:16:43,474 - cyberbully - INFO - Removed checkpoint: experiments/grid-search/distilbert-base-uncased/kaggle/prep0_aug1/seed_14298463/checkpoint-8010
2026-03-24 06:16:43,513 - cyberbully - INFO - Removed checkpoint: experiments/grid-search/distilbert-base-uncased/kaggle/prep0_aug1/seed_14298463/checkpoint-6408
2026-03-24 06:16:43,553 - cyberbully - INFO - Removed checkpoint: experiments/grid-search/distilbert-base-uncased/kaggle/prep0_aug1/seed_14298463/checkpoint-1602
2026-03-24 06:16:43,592 - cyberbully - INFO - Removed checkpoint: experiments/grid-search/distilbert-base-uncased/kaggle/prep0_aug1/seed_14298463/checkpoint-3204
2026-03-24 06:16:43,735 - cyberbully - INFO - Removed checkpoint: experiments/grid-search/distilbert-base-uncased/kaggle/prep0_aug1/seed_14298463/checkpoint-7209
2026-03-24 06:16:43,775 - cyberbully - INFO - Removed checkpoint: experiments/grid-search/distilbert-base-uncased/kaggle/prep0_aug1/seed_14298463/checkpoint-4005
2026-03-24 06:16:43,816 - cyberbully - INFO - Removed checkpoint: experiments/grid-search/distilbert-base-uncased/kaggle/prep0_aug1/seed_14298463/checkpoint-4806
2026-03-24 06:16:43,859 - cyberbully - INFO - Removed checkpoint: experiments/grid-search/distilbert-base-uncased/kaggle/prep0_aug1/seed_14298463/checkpoint-801
2026-03-24 06:16:43,901 - cyberbully - INFO - Removed checkpoint: experiments/grid-search/distilbert-base-uncased/kaggle/prep0_aug1/seed_14298463/checkpoint-2403
2026-03-24 06:16:43,901 - cyberbully - INFO - Step 5: Evaluating on test set...
2026-03-24 06:16:51,187 - cyberbully - INFO - Metrics saved to experiments/grid-search/distilbert-base-uncased/kaggle/prep0_aug1/seed_14298463/metrics.json
2026-03-24 06:16:51,187 - cyberbully - INFO - Confusion matrix saved to experiments/grid-search/distilbert-base-uncased/kaggle/prep0_aug1/seed_14298463/confusion_matrix.json
2026-03-24 06:16:51,266 - cyberbully - INFO - Per-sample predictions saved to experiments/grid-search/distilbert-base-uncased/kaggle/prep0_aug1/seed_14298463/predictions.json
2026-03-24 06:16:51,366 - cyberbully - INFO - Confusion matrix figure saved to experiments/grid-search/distilbert-base-uncased/kaggle/prep0_aug1/seed_14298463/confusion_matrix.pdf
2026-03-24 06:16:51,367 - cyberbully - INFO - Accuracy: 0.9548
2026-03-24 06:16:51,367 - cyberbully - INFO - Weighted F1: 0.9551
2026-03-24 06:16:51,367 - cyberbully - INFO - Micro F1: 0.9548
2026-03-24 06:16:51,367 - cyberbully - INFO - Inference time: 3.00 seconds
2026-03-24 06:16:51,367 - cyberbully - INFO - Energy consumption: 0.000202 kWh
2026-03-24 06:16:51,368 - cyberbully - INFO - ============================================================
2026-03-24 06:16:51,368 - cyberbully - INFO - Pipeline complete. Results saved to: experiments/grid-search/distilbert-base-uncased/kaggle/prep0_aug1/seed_14298463
2026-03-24 06:16:51,368 - cyberbully - INFO - ============================================================
