2026-02-17 20:24:12,151 - cyberbully - INFO - ============================================================
2026-02-17 20:24:12,151 - cyberbully - INFO - Cyberbullying Detection Pipeline
2026-02-17 20:24:12,151 - cyberbully - INFO - ============================================================
2026-02-17 20:24:12,151 - cyberbully - INFO - Configuration:
2026-02-17 20:24:12,151 - cyberbully - INFO -   model          : bert-base-uncased
2026-02-17 20:24:12,151 - cyberbully - INFO -   dataset        : kaggle
2026-02-17 20:24:12,151 - cyberbully - INFO -   preprocess     : True
2026-02-17 20:24:12,151 - cyberbully - INFO -   augment        : False
2026-02-17 20:24:12,151 - cyberbully - INFO -   compute_attribution: False
2026-02-17 20:24:12,151 - cyberbully - INFO -   seed           : 90995999
2026-02-17 20:24:12,151 - cyberbully - INFO -   epochs         : 5
2026-02-17 20:24:12,151 - cyberbully - INFO -   batch_size     : 16
2026-02-17 20:24:12,151 - cyberbully - INFO -   lr             : 2e-05
2026-02-17 20:24:12,151 - cyberbully - INFO -   max_length     : 128
2026-02-17 20:24:12,151 - cyberbully - INFO -   output_dir     : grid-search
2026-02-17 20:24:12,151 - cyberbully - INFO -   data_dir       : dataset
2026-02-17 20:24:12,151 - cyberbully - INFO -   sbert          : False
2026-02-17 20:24:12,151 - cyberbully - INFO -   overwrite      : False
2026-02-17 20:24:12,151 - cyberbully - INFO -   device         : cuda
2026-02-17 20:24:12,151 - cyberbully - INFO -   output_dir     : experiments/grid-search/bert-base-uncased/kaggle/prep1_aug0/seed_90995999
2026-02-17 20:24:12,151 - cyberbully - INFO - ============================================================
2026-02-17 20:24:12,151 - cyberbully - INFO - Step 1: Preparing data...
2026-02-17 20:24:12,151 - cyberbully - INFO - Loading dataset 'kaggle' from dataset/Kaggle.csv
2026-02-17 20:24:12,212 - cyberbully - INFO - Loaded 47656 samples with 6 classes: ['age', 'ethnicity', 'gender', 'not_cyberbullying', 'other_cyberbullying', 'religion']
2026-02-17 20:24:12,212 - cyberbully - INFO - Applying text preprocessing...
2026-02-17 20:25:06,769 - cyberbully - INFO - After preprocessing: 41419 samples remain
2026-02-17 20:25:06,772 - cyberbully - INFO - Label mapping: {'age': 0, 'ethnicity': 1, 'gender': 2, 'not_cyberbullying': 3, 'other_cyberbullying': 4, 'religion': 5}
2026-02-17 20:25:06,783 - cyberbully - INFO - Split sizes — train: 26508, val: 6627, test: 8284
2026-02-17 20:25:06,783 - cyberbully - INFO - Number of classes: 6
2026-02-17 20:25:06,784 - cyberbully - INFO - Step 2: Loading model and tokenizer...
2026-02-17 20:25:06,784 - cyberbully - INFO - Loading model 'bert-base-uncased' with 6 labels (sbert=False)
2026-02-17 20:25:07,806 - cyberbully - INFO - Step 3: Creating datasets...
2026-02-17 20:25:08,512 - cyberbully - INFO - Dataset sizes — train: 26508, val: 6627, test: 8284
2026-02-17 20:25:08,512 - cyberbully - INFO - Step 4: Training...
2026-02-17 20:25:08,633 - cyberbully - INFO - Starting training...
2026-02-17 20:31:17,934 - cyberbully - INFO - Training complete.
2026-02-17 20:31:17,934 - cyberbully - INFO - Step 5: Evaluating on test set...
2026-02-17 20:31:25,650 - cyberbully - INFO - Metrics saved to experiments/grid-search/bert-base-uncased/kaggle/prep1_aug0/seed_90995999/metrics.json
2026-02-17 20:31:25,650 - cyberbully - INFO - Confusion matrix saved to experiments/grid-search/bert-base-uncased/kaggle/prep1_aug0/seed_90995999/confusion_matrix.json
2026-02-17 20:31:25,766 - cyberbully - INFO - Confusion matrix figure saved to experiments/grid-search/bert-base-uncased/kaggle/prep1_aug0/seed_90995999/confusion_matrix.pdf
2026-02-17 20:31:25,766 - cyberbully - INFO - Accuracy: 0.8666
2026-02-17 20:31:25,766 - cyberbully - INFO - Weighted F1: 0.8667
2026-02-17 20:31:25,766 - cyberbully - INFO - Micro F1: 0.8666
2026-02-17 20:31:25,766 - cyberbully - INFO - Inference time: 3.46 seconds
2026-02-17 20:31:25,766 - cyberbully - INFO - Energy consumption: 0.000195 kWh
2026-02-17 20:31:25,766 - cyberbully - INFO - ============================================================
2026-02-17 20:31:25,766 - cyberbully - INFO - Pipeline complete. Results saved to: experiments/grid-search/bert-base-uncased/kaggle/prep1_aug0/seed_90995999
2026-02-17 20:31:25,766 - cyberbully - INFO - ============================================================
