2026-03-19 08:13:25,529 - cyberbully - INFO - Model 'all-mpnet-base-v2' detected as SBERT-based. Using SBERTClassifier pipeline.
2026-03-19 08:13:25,529 - cyberbully - INFO - ============================================================
2026-03-19 08:13:25,529 - cyberbully - INFO - Cyberbullying Detection Pipeline
2026-03-19 08:13:25,529 - cyberbully - INFO - ============================================================
2026-03-19 08:13:25,529 - cyberbully - INFO - Configuration:
2026-03-19 08:13:25,530 - cyberbully - INFO -   model          : all-mpnet-base-v2
2026-03-19 08:13:25,530 - cyberbully - INFO -   dataset        : ieee
2026-03-19 08:13:25,530 - cyberbully - INFO -   preprocess     : True
2026-03-19 08:13:25,530 - cyberbully - INFO -   augment        : False
2026-03-19 08:13:25,530 - cyberbully - INFO -   compute_attribution: False
2026-03-19 08:13:25,530 - cyberbully - INFO -   seed           : 67351593
2026-03-19 08:13:25,530 - cyberbully - INFO -   epochs         : 10
2026-03-19 08:13:25,530 - cyberbully - INFO -   batch_size     : 32
2026-03-19 08:13:25,530 - cyberbully - INFO -   lr             : 5e-05
2026-03-19 08:13:25,530 - cyberbully - INFO -   max_length     : 128
2026-03-19 08:13:25,530 - cyberbully - INFO -   output_dir     : supcon-baseline
2026-03-19 08:13:25,530 - cyberbully - INFO -   data_dir       : dataset
2026-03-19 08:13:25,530 - cyberbully - INFO -   sbert          : True
2026-03-19 08:13:25,530 - cyberbully - INFO -   supcon         : False
2026-03-19 08:13:25,530 - cyberbully - INFO -   supcon_weight  : 0.1
2026-03-19 08:13:25,530 - cyberbully - INFO -   proj_dim       : 128
2026-03-19 08:13:25,530 - cyberbully - INFO -   grad_accum_steps: 1
2026-03-19 08:13:25,530 - cyberbully - INFO -   overwrite      : False
2026-03-19 08:13:25,530 - cyberbully - INFO -   device         : cuda
2026-03-19 08:13:25,530 - cyberbully - INFO -   output_dir     : experiments/supcon-baseline/all-mpnet-base-v2/ieee/prep1_aug0/seed_67351593
2026-03-19 08:13:25,530 - cyberbully - INFO - ============================================================
2026-03-19 08:13:25,530 - cyberbully - INFO - Step 1: Preparing data...
2026-03-19 08:13:25,533 - cyberbully - INFO - Loaded pre-split data from dataset/ieee — train: 1348, val: 338, test: 422
2026-03-19 08:13:25,533 - cyberbully - INFO - Label mapping: {'Cyberstalking': 0, 'Doxing': 1, 'Revenge Porn': 2, 'Sexual Harassment': 3, 'Slut Shaming': 4}
2026-03-19 08:13:25,533 - cyberbully - INFO - Applying text preprocessing per split...
2026-03-19 08:13:25,658 - cyberbully - INFO - After preprocessing — train: 1348, val: 338, test: 422
2026-03-19 08:13:25,660 - cyberbully - INFO - Number of classes: 5
2026-03-19 08:13:25,661 - cyberbully - INFO - Step 2: Loading model and tokenizer...
2026-03-19 08:13:25,661 - cyberbully - INFO - Loading model 'all-mpnet-base-v2' with 5 labels (sbert=True, supcon=False)
2026-03-19 08:13:29,112 - cyberbully - INFO - SBERTClassifier: embedding_dim=768, hidden=256, num_labels=5
2026-03-19 08:13:29,410 - cyberbully - INFO - Step 3: Creating datasets...
2026-03-19 08:13:29,428 - cyberbully - INFO - Dataset sizes — train: 1348, val: 338, test: 422
2026-03-19 08:13:29,428 - cyberbully - INFO - Step 4: Training...
2026-03-19 08:13:29,432 - cyberbully - INFO - Starting training...
2026-03-19 08:15:43,165 - cyberbully - INFO - Training complete.
2026-03-19 08:15:43,304 - cyberbully - INFO - Removed checkpoint: experiments/supcon-baseline/all-mpnet-base-v2/ieee/prep1_aug0/seed_67351593/checkpoint-215
2026-03-19 08:15:43,468 - cyberbully - INFO - Removed checkpoint: experiments/supcon-baseline/all-mpnet-base-v2/ieee/prep1_aug0/seed_67351593/checkpoint-387
2026-03-19 08:15:43,550 - cyberbully - INFO - Removed checkpoint: experiments/supcon-baseline/all-mpnet-base-v2/ieee/prep1_aug0/seed_67351593/checkpoint-86
2026-03-19 08:15:43,629 - cyberbully - INFO - Removed checkpoint: experiments/supcon-baseline/all-mpnet-base-v2/ieee/prep1_aug0/seed_67351593/checkpoint-129
2026-03-19 08:15:43,713 - cyberbully - INFO - Removed checkpoint: experiments/supcon-baseline/all-mpnet-base-v2/ieee/prep1_aug0/seed_67351593/checkpoint-344
2026-03-19 08:15:44,160 - cyberbully - INFO - Removed checkpoint: experiments/supcon-baseline/all-mpnet-base-v2/ieee/prep1_aug0/seed_67351593/checkpoint-258
2026-03-19 08:15:44,249 - cyberbully - INFO - Removed checkpoint: experiments/supcon-baseline/all-mpnet-base-v2/ieee/prep1_aug0/seed_67351593/checkpoint-43
2026-03-19 08:15:44,629 - cyberbully - INFO - Removed checkpoint: experiments/supcon-baseline/all-mpnet-base-v2/ieee/prep1_aug0/seed_67351593/checkpoint-301
2026-03-19 08:15:44,708 - cyberbully - INFO - Removed checkpoint: experiments/supcon-baseline/all-mpnet-base-v2/ieee/prep1_aug0/seed_67351593/checkpoint-172
2026-03-19 08:15:44,788 - cyberbully - INFO - Removed checkpoint: experiments/supcon-baseline/all-mpnet-base-v2/ieee/prep1_aug0/seed_67351593/checkpoint-430
2026-03-19 08:15:44,788 - cyberbully - INFO - Step 5: Evaluating on test set...
2026-03-19 08:15:50,213 - cyberbully - INFO - Metrics saved to experiments/supcon-baseline/all-mpnet-base-v2/ieee/prep1_aug0/seed_67351593/metrics.json
2026-03-19 08:15:50,213 - cyberbully - INFO - Confusion matrix saved to experiments/supcon-baseline/all-mpnet-base-v2/ieee/prep1_aug0/seed_67351593/confusion_matrix.json
2026-03-19 08:15:50,217 - cyberbully - INFO - Per-sample predictions saved to experiments/supcon-baseline/all-mpnet-base-v2/ieee/prep1_aug0/seed_67351593/predictions.json
2026-03-19 08:15:50,324 - cyberbully - INFO - Confusion matrix figure saved to experiments/supcon-baseline/all-mpnet-base-v2/ieee/prep1_aug0/seed_67351593/confusion_matrix.pdf
2026-03-19 08:15:50,324 - cyberbully - INFO - Accuracy: 0.8294
2026-03-19 08:15:50,324 - cyberbully - INFO - Weighted F1: 0.8309
2026-03-19 08:15:50,324 - cyberbully - INFO - Micro F1: 0.8294
2026-03-19 08:15:50,324 - cyberbully - INFO - Inference time: 0.24 seconds
2026-03-19 08:15:50,324 - cyberbully - INFO - Energy consumption: 0.000019 kWh
2026-03-19 08:15:50,325 - cyberbully - INFO - ============================================================
2026-03-19 08:15:50,325 - cyberbully - INFO - Pipeline complete. Results saved to: experiments/supcon-baseline/all-mpnet-base-v2/ieee/prep1_aug0/seed_67351593
2026-03-19 08:15:50,325 - cyberbully - INFO - ============================================================
