2026-02-20 06:35:35,485 - cyberbully - INFO - ============================================================
2026-02-20 06:35:35,485 - cyberbully - INFO - Cyberbullying Detection Pipeline
2026-02-20 06:35:35,485 - cyberbully - INFO - ============================================================
2026-02-20 06:35:35,485 - cyberbully - INFO - Configuration:
2026-02-20 06:35:35,485 - cyberbully - INFO -   model          : all-MiniLM-L6-v2
2026-02-20 06:35:35,485 - cyberbully - INFO -   dataset        : ieee
2026-02-20 06:35:35,485 - cyberbully - INFO -   preprocess     : True
2026-02-20 06:35:35,485 - cyberbully - INFO -   augment        : True
2026-02-20 06:35:35,485 - cyberbully - INFO -   compute_attribution: False
2026-02-20 06:35:35,485 - cyberbully - INFO -   seed           : 14298463
2026-02-20 06:35:35,485 - cyberbully - INFO -   epochs         : 5
2026-02-20 06:35:35,485 - cyberbully - INFO -   batch_size     : 16
2026-02-20 06:35:35,485 - cyberbully - INFO -   lr             : 2e-05
2026-02-20 06:35:35,485 - cyberbully - INFO -   max_length     : 128
2026-02-20 06:35:35,485 - cyberbully - INFO -   output_dir     : sbert-model
2026-02-20 06:35:35,485 - cyberbully - INFO -   data_dir       : dataset
2026-02-20 06:35:35,485 - cyberbully - INFO -   sbert          : True
2026-02-20 06:35:35,485 - cyberbully - INFO -   overwrite      : False
2026-02-20 06:35:35,485 - cyberbully - INFO -   device         : cuda
2026-02-20 06:35:35,485 - cyberbully - INFO -   output_dir     : experiments/sbert-model/all-MiniLM-L6-v2/ieee/prep1_aug1/seed_14298463
2026-02-20 06:35:35,485 - cyberbully - INFO - ============================================================
2026-02-20 06:35:35,485 - cyberbully - INFO - Step 1: Preparing data...
2026-02-20 06:35:35,485 - cyberbully - INFO - Loading dataset 'ieee' from dataset/IEEE Data Port.csv
2026-02-20 06:35:35,491 - cyberbully - INFO - Loaded 2108 samples with 5 classes: ['Cyberstalking', 'Doxing', 'Revenge Porn', 'Sexual Harassment', 'Slut Shaming']
2026-02-20 06:35:35,492 - cyberbully - INFO - Applying text preprocessing...
2026-02-20 06:35:38,583 - cyberbully - INFO - After preprocessing: 1812 samples remain
2026-02-20 06:35:38,584 - cyberbully - INFO - Label mapping: {'Cyberstalking': 0, 'Doxing': 1, 'Revenge Porn': 2, 'Sexual Harassment': 3, 'Slut Shaming': 4}
2026-02-20 06:35:38,586 - cyberbully - INFO - Split sizes — train: 1159, val: 290, test: 363
2026-02-20 06:35:38,586 - cyberbully - INFO - Applying training data augmentation (oversampling)...
2026-02-20 06:35:38,587 - cyberbully - INFO - After oversampling — class distribution: {0: 286, 1: 286, 2: 286, 3: 286, 4: 286}
2026-02-20 06:35:38,587 - cyberbully - INFO - Number of classes: 5
2026-02-20 06:35:38,588 - cyberbully - INFO - Step 2: Loading model and tokenizer...
2026-02-20 06:35:38,588 - cyberbully - INFO - Loading model 'all-MiniLM-L6-v2' with 5 labels (sbert=True)
2026-02-20 06:35:41,121 - cyberbully - INFO - SBERTClassifier: embedding_dim=384, hidden=256, num_labels=5
2026-02-20 06:35:41,413 - cyberbully - INFO - Step 3: Creating datasets...
2026-02-20 06:35:41,451 - cyberbully - INFO - Dataset sizes — train: 1430, val: 290, test: 363
2026-02-20 06:35:41,451 - cyberbully - INFO - Step 4: Training...
2026-02-20 06:35:41,501 - cyberbully - INFO - Starting training...
2026-02-20 06:35:48,958 - cyberbully - INFO - Training complete.
2026-02-20 06:35:48,958 - cyberbully - INFO - Step 5: Evaluating on test set...
2026-02-20 06:35:53,304 - cyberbully - INFO - Metrics saved to experiments/sbert-model/all-MiniLM-L6-v2/ieee/prep1_aug1/seed_14298463/metrics.json
2026-02-20 06:35:53,304 - cyberbully - INFO - Confusion matrix saved to experiments/sbert-model/all-MiniLM-L6-v2/ieee/prep1_aug1/seed_14298463/confusion_matrix.json
2026-02-20 06:35:53,403 - cyberbully - INFO - Confusion matrix figure saved to experiments/sbert-model/all-MiniLM-L6-v2/ieee/prep1_aug1/seed_14298463/confusion_matrix.pdf
2026-02-20 06:35:53,403 - cyberbully - INFO - Accuracy: 0.8264
2026-02-20 06:35:53,403 - cyberbully - INFO - Weighted F1: 0.8272
2026-02-20 06:35:53,403 - cyberbully - INFO - Micro F1: 0.8264
2026-02-20 06:35:53,404 - cyberbully - INFO - Inference time: 0.08 seconds
2026-02-20 06:35:53,404 - cyberbully - INFO - Energy consumption: 0.000002 kWh
2026-02-20 06:35:53,404 - cyberbully - INFO - ============================================================
2026-02-20 06:35:53,404 - cyberbully - INFO - Pipeline complete. Results saved to: experiments/sbert-model/all-MiniLM-L6-v2/ieee/prep1_aug1/seed_14298463
2026-02-20 06:35:53,404 - cyberbully - INFO - ============================================================
