2026-03-21 23:42:51,865 - cyberbully - INFO - ============================================================
2026-03-21 23:42:51,865 - cyberbully - INFO - Cyberbullying Detection Pipeline
2026-03-21 23:42:51,865 - cyberbully - INFO - ============================================================
2026-03-21 23:42:51,865 - cyberbully - INFO - Configuration:
2026-03-21 23:42:51,865 - cyberbully - INFO -   model          : distilbert-base-cased
2026-03-21 23:42:51,865 - cyberbully - INFO -   dataset        : tweeteval
2026-03-21 23:42:51,865 - cyberbully - INFO -   preprocess     : False
2026-03-21 23:42:51,865 - cyberbully - INFO -   augment        : True
2026-03-21 23:42:51,865 - cyberbully - INFO -   compute_attribution: False
2026-03-21 23:42:51,865 - cyberbully - INFO -   seed           : 87212562
2026-03-21 23:42:51,866 - cyberbully - INFO -   epochs         : 10
2026-03-21 23:42:51,866 - cyberbully - INFO -   batch_size     : 32
2026-03-21 23:42:51,866 - cyberbully - INFO -   lr             : 5e-05
2026-03-21 23:42:51,866 - cyberbully - INFO -   max_length     : 128
2026-03-21 23:42:51,866 - cyberbully - INFO -   output_dir     : grid-search
2026-03-21 23:42:51,866 - cyberbully - INFO -   data_dir       : dataset
2026-03-21 23:42:51,866 - cyberbully - INFO -   sbert          : False
2026-03-21 23:42:51,866 - cyberbully - INFO -   supcon         : False
2026-03-21 23:42:51,866 - cyberbully - INFO -   supcon_weight  : 0.1
2026-03-21 23:42:51,866 - cyberbully - INFO -   proj_dim       : 128
2026-03-21 23:42:51,866 - cyberbully - INFO -   grad_accum_steps: 1
2026-03-21 23:42:51,866 - cyberbully - INFO -   overwrite      : False
2026-03-21 23:42:51,866 - cyberbully - INFO -   device         : cuda
2026-03-21 23:42:51,866 - cyberbully - INFO -   output_dir     : experiments/grid-search/distilbert-base-cased/tweeteval/prep0_aug1/seed_87212562
2026-03-21 23:42:51,866 - cyberbully - INFO - ============================================================
2026-03-21 23:42:51,866 - cyberbully - INFO - Step 1: Preparing data...
2026-03-21 23:42:51,914 - cyberbully - INFO - Loaded pre-split data from dataset/tweeteval — train: 32485, val: 8122, test: 10152
2026-03-21 23:42:51,914 - cyberbully - INFO - Label mapping: {'emotion': 0, 'hate': 1, 'offensive': 2, 'religion': 3, 'spiritual': 4}
2026-03-21 23:42:51,917 - cyberbully - INFO - Applying training data augmentation (oversampling)...
2026-03-21 23:42:51,922 - cyberbully - INFO - After oversampling — class distribution: {0: 8985, 1: 8985, 2: 8985, 3: 8985, 4: 8985}
2026-03-21 23:42:51,932 - cyberbully - INFO - Number of classes: 5
2026-03-21 23:42:51,934 - cyberbully - INFO - Step 2: Loading model and tokenizer...
2026-03-21 23:42:51,934 - cyberbully - INFO - Loading model 'distilbert-base-cased' with 5 labels (sbert=False, supcon=False)
2026-03-21 23:42:52,570 - cyberbully - INFO - Step 3: Creating datasets...
2026-03-21 23:42:53,564 - cyberbully - INFO - Dataset sizes — train: 44925, val: 8122, test: 10152
2026-03-21 23:42:53,564 - cyberbully - INFO - Step 4: Training...
2026-03-21 23:42:53,774 - cyberbully - INFO - Starting training...
2026-03-21 23:54:10,333 - cyberbully - INFO - Training complete.
2026-03-21 23:54:10,377 - cyberbully - INFO - Removed checkpoint: experiments/grid-search/distilbert-base-cased/tweeteval/prep0_aug1/seed_87212562/checkpoint-14040
2026-03-21 23:54:10,416 - cyberbully - INFO - Removed checkpoint: experiments/grid-search/distilbert-base-cased/tweeteval/prep0_aug1/seed_87212562/checkpoint-2808
2026-03-21 23:54:10,453 - cyberbully - INFO - Removed checkpoint: experiments/grid-search/distilbert-base-cased/tweeteval/prep0_aug1/seed_87212562/checkpoint-5616
2026-03-21 23:54:10,491 - cyberbully - INFO - Removed checkpoint: experiments/grid-search/distilbert-base-cased/tweeteval/prep0_aug1/seed_87212562/checkpoint-7020
2026-03-21 23:54:10,530 - cyberbully - INFO - Removed checkpoint: experiments/grid-search/distilbert-base-cased/tweeteval/prep0_aug1/seed_87212562/checkpoint-4212
2026-03-21 23:54:10,568 - cyberbully - INFO - Removed checkpoint: experiments/grid-search/distilbert-base-cased/tweeteval/prep0_aug1/seed_87212562/checkpoint-12636
2026-03-21 23:54:10,607 - cyberbully - INFO - Removed checkpoint: experiments/grid-search/distilbert-base-cased/tweeteval/prep0_aug1/seed_87212562/checkpoint-1404
2026-03-21 23:54:10,645 - cyberbully - INFO - Removed checkpoint: experiments/grid-search/distilbert-base-cased/tweeteval/prep0_aug1/seed_87212562/checkpoint-8424
2026-03-21 23:54:10,682 - cyberbully - INFO - Removed checkpoint: experiments/grid-search/distilbert-base-cased/tweeteval/prep0_aug1/seed_87212562/checkpoint-11232
2026-03-21 23:54:10,720 - cyberbully - INFO - Removed checkpoint: experiments/grid-search/distilbert-base-cased/tweeteval/prep0_aug1/seed_87212562/checkpoint-9828
2026-03-21 23:54:10,720 - cyberbully - INFO - Step 5: Evaluating on test set...
2026-03-21 23:54:19,060 - cyberbully - INFO - Metrics saved to experiments/grid-search/distilbert-base-cased/tweeteval/prep0_aug1/seed_87212562/metrics.json
2026-03-21 23:54:19,060 - cyberbully - INFO - Confusion matrix saved to experiments/grid-search/distilbert-base-cased/tweeteval/prep0_aug1/seed_87212562/confusion_matrix.json
2026-03-21 23:54:19,154 - cyberbully - INFO - Per-sample predictions saved to experiments/grid-search/distilbert-base-cased/tweeteval/prep0_aug1/seed_87212562/predictions.json
2026-03-21 23:54:19,253 - cyberbully - INFO - Confusion matrix figure saved to experiments/grid-search/distilbert-base-cased/tweeteval/prep0_aug1/seed_87212562/confusion_matrix.pdf
2026-03-21 23:54:19,253 - cyberbully - INFO - Accuracy: 0.9687
2026-03-21 23:54:19,253 - cyberbully - INFO - Weighted F1: 0.9687
2026-03-21 23:54:19,253 - cyberbully - INFO - Micro F1: 0.9687
2026-03-21 23:54:19,253 - cyberbully - INFO - Inference time: 3.87 seconds
2026-03-21 23:54:19,253 - cyberbully - INFO - Energy consumption: 0.000248 kWh
2026-03-21 23:54:19,255 - cyberbully - INFO - ============================================================
2026-03-21 23:54:19,255 - cyberbully - INFO - Pipeline complete. Results saved to: experiments/grid-search/distilbert-base-cased/tweeteval/prep0_aug1/seed_87212562
2026-03-21 23:54:19,255 - cyberbully - INFO - ============================================================
