2026-03-20 20:11:50,594 - cyberbully - INFO - ============================================================
2026-03-20 20:11:50,595 - cyberbully - INFO - Cyberbullying Detection Pipeline
2026-03-20 20:11:50,595 - cyberbully - INFO - ============================================================
2026-03-20 20:11:50,595 - cyberbully - INFO - Configuration:
2026-03-20 20:11:50,595 - cyberbully - INFO -   model          : bert-base-cased
2026-03-20 20:11:50,595 - cyberbully - INFO -   dataset        : kaggle
2026-03-20 20:11:50,595 - cyberbully - INFO -   preprocess     : False
2026-03-20 20:11:50,595 - cyberbully - INFO -   augment        : True
2026-03-20 20:11:50,595 - cyberbully - INFO -   compute_attribution: False
2026-03-20 20:11:50,595 - cyberbully - INFO -   seed           : 67351593
2026-03-20 20:11:50,595 - cyberbully - INFO -   epochs         : 10
2026-03-20 20:11:50,595 - cyberbully - INFO -   batch_size     : 32
2026-03-20 20:11:50,595 - cyberbully - INFO -   lr             : 5e-05
2026-03-20 20:11:50,595 - cyberbully - INFO -   max_length     : 128
2026-03-20 20:11:50,595 - cyberbully - INFO -   output_dir     : grid-search
2026-03-20 20:11:50,595 - cyberbully - INFO -   data_dir       : dataset
2026-03-20 20:11:50,595 - cyberbully - INFO -   sbert          : False
2026-03-20 20:11:50,595 - cyberbully - INFO -   supcon         : False
2026-03-20 20:11:50,595 - cyberbully - INFO -   supcon_weight  : 0.1
2026-03-20 20:11:50,595 - cyberbully - INFO -   proj_dim       : 128
2026-03-20 20:11:50,595 - cyberbully - INFO -   grad_accum_steps: 1
2026-03-20 20:11:50,595 - cyberbully - INFO -   overwrite      : False
2026-03-20 20:11:50,595 - cyberbully - INFO -   device         : cuda
2026-03-20 20:11:50,595 - cyberbully - INFO -   output_dir     : experiments/grid-search/bert-base-cased/kaggle/prep0_aug1/seed_67351593
2026-03-20 20:11:50,595 - cyberbully - INFO - ============================================================
2026-03-20 20:11:50,595 - cyberbully - INFO - Step 1: Preparing data...
2026-03-20 20:11:50,647 - cyberbully - INFO - Loaded pre-split data from dataset/kaggle — train: 30499, val: 7625, test: 9532
2026-03-20 20:11:50,647 - cyberbully - INFO - Label mapping: {'age': 0, 'ethnicity': 1, 'gender': 2, 'not_cyberbullying': 3, 'other_cyberbullying': 4, 'religion': 5}
2026-03-20 20:11:50,649 - cyberbully - INFO - Applying training data augmentation (oversampling)...
2026-03-20 20:11:50,655 - cyberbully - INFO - After oversampling — class distribution: {0: 5118, 1: 5118, 2: 5118, 3: 5118, 4: 5118, 5: 5118}
2026-03-20 20:11:50,665 - cyberbully - INFO - Number of classes: 6
2026-03-20 20:11:50,666 - cyberbully - INFO - Step 2: Loading model and tokenizer...
2026-03-20 20:11:50,666 - cyberbully - INFO - Loading model 'bert-base-cased' with 6 labels (sbert=False, supcon=False)
2026-03-20 20:11:51,359 - cyberbully - INFO - Step 3: Creating datasets...
2026-03-20 20:11:52,299 - cyberbully - INFO - Dataset sizes — train: 30708, val: 7625, test: 9532
2026-03-20 20:11:52,299 - cyberbully - INFO - Step 4: Training...
2026-03-20 20:11:52,522 - cyberbully - INFO - Starting training...
2026-03-20 20:27:05,056 - cyberbully - INFO - Training complete.
2026-03-20 20:27:05,118 - cyberbully - INFO - Removed checkpoint: experiments/grid-search/bert-base-cased/kaggle/prep0_aug1/seed_67351593/checkpoint-1920
2026-03-20 20:27:05,190 - cyberbully - INFO - Removed checkpoint: experiments/grid-search/bert-base-cased/kaggle/prep0_aug1/seed_67351593/checkpoint-9600
2026-03-20 20:27:05,251 - cyberbully - INFO - Removed checkpoint: experiments/grid-search/bert-base-cased/kaggle/prep0_aug1/seed_67351593/checkpoint-4800
2026-03-20 20:27:05,313 - cyberbully - INFO - Removed checkpoint: experiments/grid-search/bert-base-cased/kaggle/prep0_aug1/seed_67351593/checkpoint-6720
2026-03-20 20:27:05,374 - cyberbully - INFO - Removed checkpoint: experiments/grid-search/bert-base-cased/kaggle/prep0_aug1/seed_67351593/checkpoint-5760
2026-03-20 20:27:05,438 - cyberbully - INFO - Removed checkpoint: experiments/grid-search/bert-base-cased/kaggle/prep0_aug1/seed_67351593/checkpoint-2880
2026-03-20 20:27:05,499 - cyberbully - INFO - Removed checkpoint: experiments/grid-search/bert-base-cased/kaggle/prep0_aug1/seed_67351593/checkpoint-7680
2026-03-20 20:27:05,561 - cyberbully - INFO - Removed checkpoint: experiments/grid-search/bert-base-cased/kaggle/prep0_aug1/seed_67351593/checkpoint-3840
2026-03-20 20:27:05,622 - cyberbully - INFO - Removed checkpoint: experiments/grid-search/bert-base-cased/kaggle/prep0_aug1/seed_67351593/checkpoint-8640
2026-03-20 20:27:05,685 - cyberbully - INFO - Removed checkpoint: experiments/grid-search/bert-base-cased/kaggle/prep0_aug1/seed_67351593/checkpoint-960
2026-03-20 20:27:05,685 - cyberbully - INFO - Step 5: Evaluating on test set...
2026-03-20 20:27:17,234 - cyberbully - INFO - Metrics saved to experiments/grid-search/bert-base-cased/kaggle/prep0_aug1/seed_67351593/metrics.json
2026-03-20 20:27:17,234 - cyberbully - INFO - Confusion matrix saved to experiments/grid-search/bert-base-cased/kaggle/prep0_aug1/seed_67351593/confusion_matrix.json
2026-03-20 20:27:17,335 - cyberbully - INFO - Per-sample predictions saved to experiments/grid-search/bert-base-cased/kaggle/prep0_aug1/seed_67351593/predictions.json
2026-03-20 20:27:17,447 - cyberbully - INFO - Confusion matrix figure saved to experiments/grid-search/bert-base-cased/kaggle/prep0_aug1/seed_67351593/confusion_matrix.pdf
2026-03-20 20:27:17,447 - cyberbully - INFO - Accuracy: 0.8664
2026-03-20 20:27:17,447 - cyberbully - INFO - Weighted F1: 0.8617
2026-03-20 20:27:17,447 - cyberbully - INFO - Micro F1: 0.8664
2026-03-20 20:27:17,447 - cyberbully - INFO - Inference time: 7.25 seconds
2026-03-20 20:27:17,447 - cyberbully - INFO - Energy consumption: 0.000447 kWh
2026-03-20 20:27:17,449 - cyberbully - INFO - ============================================================
2026-03-20 20:27:17,449 - cyberbully - INFO - Pipeline complete. Results saved to: experiments/grid-search/bert-base-cased/kaggle/prep0_aug1/seed_67351593
2026-03-20 20:27:17,449 - cyberbully - INFO - ============================================================
