2026-03-25 04:02:21,290 - cyberbully - INFO - Model 'all-MiniLM-L6-v2' detected as SBERT-based. Using SBERTClassifier pipeline.
2026-03-25 04:02:21,290 - cyberbully - INFO - ============================================================
2026-03-25 04:02:21,290 - cyberbully - INFO - Cyberbullying Detection Pipeline
2026-03-25 04:02:21,290 - cyberbully - INFO - ============================================================
2026-03-25 04:02:21,290 - cyberbully - INFO - Configuration:
2026-03-25 04:02:21,290 - cyberbully - INFO -   model          : all-MiniLM-L6-v2
2026-03-25 04:02:21,290 - cyberbully - INFO -   dataset        : kaggle
2026-03-25 04:02:21,290 - cyberbully - INFO -   preprocess     : True
2026-03-25 04:02:21,290 - cyberbully - INFO -   augment        : False
2026-03-25 04:02:21,290 - cyberbully - INFO -   compute_attribution: False
2026-03-25 04:02:21,290 - cyberbully - INFO -   seed           : 90995999
2026-03-25 04:02:21,290 - cyberbully - INFO -   epochs         : 10
2026-03-25 04:02:21,290 - cyberbully - INFO -   batch_size     : 32
2026-03-25 04:02:21,290 - cyberbully - INFO -   lr             : 5e-05
2026-03-25 04:02:21,290 - cyberbully - INFO -   max_length     : 128
2026-03-25 04:02:21,290 - cyberbully - INFO -   output_dir     : grid-search
2026-03-25 04:02:21,290 - cyberbully - INFO -   data_dir       : dataset
2026-03-25 04:02:21,290 - cyberbully - INFO -   sbert          : True
2026-03-25 04:02:21,290 - cyberbully - INFO -   supcon         : False
2026-03-25 04:02:21,290 - cyberbully - INFO -   supcon_weight  : 0.1
2026-03-25 04:02:21,290 - cyberbully - INFO -   proj_dim       : 128
2026-03-25 04:02:21,290 - cyberbully - INFO -   grad_accum_steps: 1
2026-03-25 04:02:21,290 - cyberbully - INFO -   overwrite      : False
2026-03-25 04:02:21,291 - cyberbully - INFO -   device         : cuda
2026-03-25 04:02:21,291 - cyberbully - INFO -   output_dir     : experiments/grid-search/all-MiniLM-L6-v2/kaggle/prep1_aug0/seed_90995999
2026-03-25 04:02:21,291 - cyberbully - INFO - ============================================================
2026-03-25 04:02:21,291 - cyberbully - INFO - Step 1: Preparing data...
2026-03-25 04:02:21,340 - cyberbully - INFO - Loaded pre-split data from dataset/kaggle — train: 25604, val: 6401, test: 8002
2026-03-25 04:02:21,340 - cyberbully - INFO - Label mapping: {'age': 0, 'ethnicity': 1, 'gender': 2, 'other_cyberbullying': 3, 'religion': 4}
2026-03-25 04:02:21,340 - cyberbully - INFO - Applying text preprocessing per split...
2026-03-25 04:03:04,696 - cyberbully - INFO - After preprocessing — train: 23548, val: 5981, test: 7415
2026-03-25 04:03:04,708 - cyberbully - INFO - Number of classes: 5
2026-03-25 04:03:04,709 - cyberbully - INFO - Step 2: Loading model and tokenizer...
2026-03-25 04:03:04,709 - cyberbully - INFO - Loading model 'all-MiniLM-L6-v2' with 5 labels (sbert=True, supcon=False)
2026-03-25 04:03:07,402 - cyberbully - INFO - SBERTClassifier: embedding_dim=384, hidden=256, proj_dim=None, num_labels=5
2026-03-25 04:03:07,709 - cyberbully - INFO - Step 3: Creating datasets...
2026-03-25 04:03:08,289 - cyberbully - INFO - Dataset sizes — train: 23548, val: 5981, test: 7415
2026-03-25 04:03:08,289 - cyberbully - INFO - Step 4: Training...
2026-03-25 04:03:08,332 - cyberbully - INFO - Starting training...
2026-03-25 04:06:04,518 - cyberbully - INFO - Training complete.
2026-03-25 04:06:04,532 - cyberbully - INFO - Removed checkpoint: experiments/grid-search/all-MiniLM-L6-v2/kaggle/prep1_aug0/seed_90995999/checkpoint-3680
2026-03-25 04:06:04,546 - cyberbully - INFO - Removed checkpoint: experiments/grid-search/all-MiniLM-L6-v2/kaggle/prep1_aug0/seed_90995999/checkpoint-5152
2026-03-25 04:06:04,560 - cyberbully - INFO - Removed checkpoint: experiments/grid-search/all-MiniLM-L6-v2/kaggle/prep1_aug0/seed_90995999/checkpoint-1472
2026-03-25 04:06:04,576 - cyberbully - INFO - Removed checkpoint: experiments/grid-search/all-MiniLM-L6-v2/kaggle/prep1_aug0/seed_90995999/checkpoint-6624
2026-03-25 04:06:04,590 - cyberbully - INFO - Removed checkpoint: experiments/grid-search/all-MiniLM-L6-v2/kaggle/prep1_aug0/seed_90995999/checkpoint-2944
2026-03-25 04:06:04,605 - cyberbully - INFO - Removed checkpoint: experiments/grid-search/all-MiniLM-L6-v2/kaggle/prep1_aug0/seed_90995999/checkpoint-736
2026-03-25 04:06:04,621 - cyberbully - INFO - Removed checkpoint: experiments/grid-search/all-MiniLM-L6-v2/kaggle/prep1_aug0/seed_90995999/checkpoint-7360
2026-03-25 04:06:04,635 - cyberbully - INFO - Removed checkpoint: experiments/grid-search/all-MiniLM-L6-v2/kaggle/prep1_aug0/seed_90995999/checkpoint-5888
2026-03-25 04:06:04,648 - cyberbully - INFO - Removed checkpoint: experiments/grid-search/all-MiniLM-L6-v2/kaggle/prep1_aug0/seed_90995999/checkpoint-4416
2026-03-25 04:06:04,662 - cyberbully - INFO - Removed checkpoint: experiments/grid-search/all-MiniLM-L6-v2/kaggle/prep1_aug0/seed_90995999/checkpoint-2208
2026-03-25 04:06:04,662 - cyberbully - INFO - Step 5: Evaluating on test set...
2026-03-25 04:06:10,357 - cyberbully - INFO - Metrics saved to experiments/grid-search/all-MiniLM-L6-v2/kaggle/prep1_aug0/seed_90995999/metrics.json
2026-03-25 04:06:10,357 - cyberbully - INFO - Confusion matrix saved to experiments/grid-search/all-MiniLM-L6-v2/kaggle/prep1_aug0/seed_90995999/confusion_matrix.json
2026-03-25 04:06:10,426 - cyberbully - INFO - Per-sample predictions saved to experiments/grid-search/all-MiniLM-L6-v2/kaggle/prep1_aug0/seed_90995999/predictions.json
2026-03-25 04:06:10,527 - cyberbully - INFO - Confusion matrix figure saved to experiments/grid-search/all-MiniLM-L6-v2/kaggle/prep1_aug0/seed_90995999/confusion_matrix.pdf
2026-03-25 04:06:10,528 - cyberbully - INFO - Accuracy: 0.9525
2026-03-25 04:06:10,528 - cyberbully - INFO - Weighted F1: 0.9527
2026-03-25 04:06:10,528 - cyberbully - INFO - Micro F1: 0.9525
2026-03-25 04:06:10,528 - cyberbully - INFO - Inference time: 1.40 seconds
2026-03-25 04:06:10,528 - cyberbully - INFO - Energy consumption: 0.000095 kWh
2026-03-25 04:06:10,529 - cyberbully - INFO - ============================================================
2026-03-25 04:06:10,529 - cyberbully - INFO - Pipeline complete. Results saved to: experiments/grid-search/all-MiniLM-L6-v2/kaggle/prep1_aug0/seed_90995999
2026-03-25 04:06:10,529 - cyberbully - INFO - ============================================================
