2026-03-22 00:03:07,406 - cyberbully - INFO - ============================================================
2026-03-22 00:03:07,406 - cyberbully - INFO - Cyberbullying Detection Pipeline
2026-03-22 00:03:07,406 - cyberbully - INFO - ============================================================
2026-03-22 00:03:07,406 - cyberbully - INFO - Configuration:
2026-03-22 00:03:07,406 - cyberbully - INFO -   model          : albert/albert-base-v2
2026-03-22 00:03:07,406 - cyberbully - INFO -   dataset        : tweeteval
2026-03-22 00:03:07,406 - cyberbully - INFO -   preprocess     : False
2026-03-22 00:03:07,406 - cyberbully - INFO -   augment        : True
2026-03-22 00:03:07,406 - cyberbully - INFO -   compute_attribution: False
2026-03-22 00:03:07,406 - cyberbully - INFO -   seed           : 37622020
2026-03-22 00:03:07,406 - cyberbully - INFO -   epochs         : 10
2026-03-22 00:03:07,406 - cyberbully - INFO -   batch_size     : 32
2026-03-22 00:03:07,406 - cyberbully - INFO -   lr             : 5e-05
2026-03-22 00:03:07,406 - cyberbully - INFO -   max_length     : 128
2026-03-22 00:03:07,406 - cyberbully - INFO -   output_dir     : grid-search
2026-03-22 00:03:07,406 - cyberbully - INFO -   data_dir       : dataset
2026-03-22 00:03:07,406 - cyberbully - INFO -   sbert          : False
2026-03-22 00:03:07,406 - cyberbully - INFO -   supcon         : False
2026-03-22 00:03:07,406 - cyberbully - INFO -   supcon_weight  : 0.1
2026-03-22 00:03:07,406 - cyberbully - INFO -   proj_dim       : 128
2026-03-22 00:03:07,406 - cyberbully - INFO -   grad_accum_steps: 1
2026-03-22 00:03:07,406 - cyberbully - INFO -   overwrite      : False
2026-03-22 00:03:07,406 - cyberbully - INFO -   device         : cuda
2026-03-22 00:03:07,406 - cyberbully - INFO -   output_dir     : experiments/grid-search/albert_albert-base-v2/tweeteval/prep0_aug1/seed_37622020
2026-03-22 00:03:07,406 - cyberbully - INFO - ============================================================
2026-03-22 00:03:07,406 - cyberbully - INFO - Step 1: Preparing data...
2026-03-22 00:03:07,457 - cyberbully - INFO - Loaded pre-split data from dataset/tweeteval — train: 32485, val: 8122, test: 10152
2026-03-22 00:03:07,457 - cyberbully - INFO - Label mapping: {'emotion': 0, 'hate': 1, 'offensive': 2, 'religion': 3, 'spiritual': 4}
2026-03-22 00:03:07,459 - cyberbully - INFO - Applying training data augmentation (oversampling)...
2026-03-22 00:03:07,465 - cyberbully - INFO - After oversampling — class distribution: {0: 8985, 1: 8985, 2: 8985, 3: 8985, 4: 8985}
2026-03-22 00:03:07,475 - cyberbully - INFO - Number of classes: 5
2026-03-22 00:03:07,476 - cyberbully - INFO - Step 2: Loading model and tokenizer...
2026-03-22 00:03:07,476 - cyberbully - INFO - Loading model 'albert/albert-base-v2' with 5 labels (sbert=False, supcon=False)
2026-03-22 00:03:08,220 - cyberbully - INFO - Step 3: Creating datasets...
2026-03-22 00:03:09,417 - cyberbully - INFO - Dataset sizes — train: 44925, val: 8122, test: 10152
2026-03-22 00:03:09,417 - cyberbully - INFO - Step 4: Training...
2026-03-22 00:03:09,478 - cyberbully - INFO - Starting training...
2026-03-22 00:23:37,770 - cyberbully - INFO - Training complete.
2026-03-22 00:23:37,779 - cyberbully - INFO - Removed checkpoint: experiments/grid-search/albert_albert-base-v2/tweeteval/prep0_aug1/seed_37622020/checkpoint-8424
2026-03-22 00:23:37,789 - cyberbully - INFO - Removed checkpoint: experiments/grid-search/albert_albert-base-v2/tweeteval/prep0_aug1/seed_37622020/checkpoint-5616
2026-03-22 00:23:37,798 - cyberbully - INFO - Removed checkpoint: experiments/grid-search/albert_albert-base-v2/tweeteval/prep0_aug1/seed_37622020/checkpoint-7020
2026-03-22 00:23:37,808 - cyberbully - INFO - Removed checkpoint: experiments/grid-search/albert_albert-base-v2/tweeteval/prep0_aug1/seed_37622020/checkpoint-11232
2026-03-22 00:23:37,817 - cyberbully - INFO - Removed checkpoint: experiments/grid-search/albert_albert-base-v2/tweeteval/prep0_aug1/seed_37622020/checkpoint-12636
2026-03-22 00:23:37,827 - cyberbully - INFO - Removed checkpoint: experiments/grid-search/albert_albert-base-v2/tweeteval/prep0_aug1/seed_37622020/checkpoint-1404
2026-03-22 00:23:37,837 - cyberbully - INFO - Removed checkpoint: experiments/grid-search/albert_albert-base-v2/tweeteval/prep0_aug1/seed_37622020/checkpoint-14040
2026-03-22 00:23:37,847 - cyberbully - INFO - Removed checkpoint: experiments/grid-search/albert_albert-base-v2/tweeteval/prep0_aug1/seed_37622020/checkpoint-4212
2026-03-22 00:23:37,857 - cyberbully - INFO - Removed checkpoint: experiments/grid-search/albert_albert-base-v2/tweeteval/prep0_aug1/seed_37622020/checkpoint-9828
2026-03-22 00:23:37,867 - cyberbully - INFO - Removed checkpoint: experiments/grid-search/albert_albert-base-v2/tweeteval/prep0_aug1/seed_37622020/checkpoint-2808
2026-03-22 00:23:37,867 - cyberbully - INFO - Step 5: Evaluating on test set...
2026-03-22 00:23:52,009 - cyberbully - INFO - Metrics saved to experiments/grid-search/albert_albert-base-v2/tweeteval/prep0_aug1/seed_37622020/metrics.json
2026-03-22 00:23:52,009 - cyberbully - INFO - Confusion matrix saved to experiments/grid-search/albert_albert-base-v2/tweeteval/prep0_aug1/seed_37622020/confusion_matrix.json
2026-03-22 00:23:52,113 - cyberbully - INFO - Per-sample predictions saved to experiments/grid-search/albert_albert-base-v2/tweeteval/prep0_aug1/seed_37622020/predictions.json
2026-03-22 00:23:52,217 - cyberbully - INFO - Confusion matrix figure saved to experiments/grid-search/albert_albert-base-v2/tweeteval/prep0_aug1/seed_37622020/confusion_matrix.pdf
2026-03-22 00:23:52,217 - cyberbully - INFO - Accuracy: 0.9680
2026-03-22 00:23:52,217 - cyberbully - INFO - Weighted F1: 0.9680
2026-03-22 00:23:52,217 - cyberbully - INFO - Micro F1: 0.9680
2026-03-22 00:23:52,217 - cyberbully - INFO - Inference time: 8.91 seconds
2026-03-22 00:23:52,217 - cyberbully - INFO - Energy consumption: 0.000445 kWh
2026-03-22 00:23:52,219 - cyberbully - INFO - ============================================================
2026-03-22 00:23:52,219 - cyberbully - INFO - Pipeline complete. Results saved to: experiments/grid-search/albert_albert-base-v2/tweeteval/prep0_aug1/seed_37622020
2026-03-22 00:23:52,219 - cyberbully - INFO - ============================================================
