2026-03-21 15:24:42,045 - cyberbully - INFO - ============================================================
2026-03-21 15:24:42,045 - cyberbully - INFO - Cyberbullying Detection Pipeline
2026-03-21 15:24:42,045 - cyberbully - INFO - ============================================================
2026-03-21 15:24:42,045 - cyberbully - INFO - Configuration:
2026-03-21 15:24:42,045 - cyberbully - INFO -   model          : distilbert-base-cased
2026-03-21 15:24:42,045 - cyberbully - INFO -   dataset        : ieee
2026-03-21 15:24:42,045 - cyberbully - INFO -   preprocess     : True
2026-03-21 15:24:42,045 - cyberbully - INFO -   augment        : True
2026-03-21 15:24:42,045 - cyberbully - INFO -   compute_attribution: False
2026-03-21 15:24:42,045 - cyberbully - INFO -   seed           : 99511865
2026-03-21 15:24:42,045 - cyberbully - INFO -   epochs         : 10
2026-03-21 15:24:42,045 - cyberbully - INFO -   batch_size     : 32
2026-03-21 15:24:42,045 - cyberbully - INFO -   lr             : 5e-05
2026-03-21 15:24:42,045 - cyberbully - INFO -   max_length     : 128
2026-03-21 15:24:42,045 - cyberbully - INFO -   output_dir     : grid-search
2026-03-21 15:24:42,045 - cyberbully - INFO -   data_dir       : dataset
2026-03-21 15:24:42,045 - cyberbully - INFO -   sbert          : False
2026-03-21 15:24:42,045 - cyberbully - INFO -   supcon         : False
2026-03-21 15:24:42,045 - cyberbully - INFO -   supcon_weight  : 0.1
2026-03-21 15:24:42,045 - cyberbully - INFO -   proj_dim       : 128
2026-03-21 15:24:42,045 - cyberbully - INFO -   grad_accum_steps: 1
2026-03-21 15:24:42,045 - cyberbully - INFO -   overwrite      : False
2026-03-21 15:24:42,045 - cyberbully - INFO -   device         : cuda
2026-03-21 15:24:42,045 - cyberbully - INFO -   output_dir     : experiments/grid-search/distilbert-base-cased/ieee/prep1_aug1/seed_99511865
2026-03-21 15:24:42,045 - cyberbully - INFO - ============================================================
2026-03-21 15:24:42,045 - cyberbully - INFO - Step 1: Preparing data...
2026-03-21 15:24:42,048 - cyberbully - INFO - Loaded pre-split data from dataset/ieee — train: 1348, val: 338, test: 422
2026-03-21 15:24:42,049 - cyberbully - INFO - Label mapping: {'Cyberstalking': 0, 'Doxing': 1, 'Revenge Porn': 2, 'Sexual Harassment': 3, 'Slut Shaming': 4}
2026-03-21 15:24:42,049 - cyberbully - INFO - Applying text preprocessing per split...
2026-03-21 15:24:45,153 - cyberbully - INFO - After preprocessing — train: 1176, val: 304, test: 378
2026-03-21 15:24:45,154 - cyberbully - INFO - Applying training data augmentation (oversampling)...
2026-03-21 15:24:45,155 - cyberbully - INFO - After oversampling — class distribution: {0: 287, 1: 287, 2: 287, 3: 287, 4: 287}
2026-03-21 15:24:45,156 - cyberbully - INFO - Number of classes: 5
2026-03-21 15:24:45,157 - cyberbully - INFO - Step 2: Loading model and tokenizer...
2026-03-21 15:24:45,157 - cyberbully - INFO - Loading model 'distilbert-base-cased' with 5 labels (sbert=False, supcon=False)
2026-03-21 15:24:45,819 - cyberbully - INFO - Step 3: Creating datasets...
2026-03-21 15:24:45,842 - cyberbully - INFO - Dataset sizes — train: 1435, val: 304, test: 378
2026-03-21 15:24:45,842 - cyberbully - INFO - Step 4: Training...
2026-03-21 15:24:46,034 - cyberbully - INFO - Starting training...
2026-03-21 15:25:14,033 - cyberbully - INFO - Training complete.
2026-03-21 15:25:14,078 - cyberbully - INFO - Removed checkpoint: experiments/grid-search/distilbert-base-cased/ieee/prep1_aug1/seed_99511865/checkpoint-90
2026-03-21 15:25:14,286 - cyberbully - INFO - Removed checkpoint: experiments/grid-search/distilbert-base-cased/ieee/prep1_aug1/seed_99511865/checkpoint-180
2026-03-21 15:25:15,238 - cyberbully - INFO - Removed checkpoint: experiments/grid-search/distilbert-base-cased/ieee/prep1_aug1/seed_99511865/checkpoint-225
2026-03-21 15:25:15,312 - cyberbully - INFO - Removed checkpoint: experiments/grid-search/distilbert-base-cased/ieee/prep1_aug1/seed_99511865/checkpoint-135
2026-03-21 15:25:15,358 - cyberbully - INFO - Removed checkpoint: experiments/grid-search/distilbert-base-cased/ieee/prep1_aug1/seed_99511865/checkpoint-315
2026-03-21 15:25:15,404 - cyberbully - INFO - Removed checkpoint: experiments/grid-search/distilbert-base-cased/ieee/prep1_aug1/seed_99511865/checkpoint-450
2026-03-21 15:25:15,449 - cyberbully - INFO - Removed checkpoint: experiments/grid-search/distilbert-base-cased/ieee/prep1_aug1/seed_99511865/checkpoint-360
2026-03-21 15:25:15,498 - cyberbully - INFO - Removed checkpoint: experiments/grid-search/distilbert-base-cased/ieee/prep1_aug1/seed_99511865/checkpoint-45
2026-03-21 15:25:16,288 - cyberbully - INFO - Removed checkpoint: experiments/grid-search/distilbert-base-cased/ieee/prep1_aug1/seed_99511865/checkpoint-270
2026-03-21 15:25:16,337 - cyberbully - INFO - Removed checkpoint: experiments/grid-search/distilbert-base-cased/ieee/prep1_aug1/seed_99511865/checkpoint-405
2026-03-21 15:25:16,338 - cyberbully - INFO - Step 5: Evaluating on test set...
2026-03-21 15:25:20,739 - cyberbully - INFO - Metrics saved to experiments/grid-search/distilbert-base-cased/ieee/prep1_aug1/seed_99511865/metrics.json
2026-03-21 15:25:20,739 - cyberbully - INFO - Confusion matrix saved to experiments/grid-search/distilbert-base-cased/ieee/prep1_aug1/seed_99511865/confusion_matrix.json
2026-03-21 15:25:20,744 - cyberbully - INFO - Per-sample predictions saved to experiments/grid-search/distilbert-base-cased/ieee/prep1_aug1/seed_99511865/predictions.json
2026-03-21 15:25:20,844 - cyberbully - INFO - Confusion matrix figure saved to experiments/grid-search/distilbert-base-cased/ieee/prep1_aug1/seed_99511865/confusion_matrix.pdf
2026-03-21 15:25:20,844 - cyberbully - INFO - Accuracy: 0.8254
2026-03-21 15:25:20,844 - cyberbully - INFO - Weighted F1: 0.8253
2026-03-21 15:25:20,844 - cyberbully - INFO - Micro F1: 0.8254
2026-03-21 15:25:20,844 - cyberbully - INFO - Inference time: 0.15 seconds
2026-03-21 15:25:20,844 - cyberbully - INFO - Energy consumption: 0.000006 kWh
2026-03-21 15:25:20,844 - cyberbully - INFO - ============================================================
2026-03-21 15:25:20,844 - cyberbully - INFO - Pipeline complete. Results saved to: experiments/grid-search/distilbert-base-cased/ieee/prep1_aug1/seed_99511865
2026-03-21 15:25:20,844 - cyberbully - INFO - ============================================================
