2026-03-21 16:22:05,307 - cyberbully - INFO - ============================================================
2026-03-21 16:22:05,307 - cyberbully - INFO - Cyberbullying Detection Pipeline
2026-03-21 16:22:05,307 - cyberbully - INFO - ============================================================
2026-03-21 16:22:05,307 - cyberbully - INFO - Configuration:
2026-03-21 16:22:05,307 - cyberbully - INFO -   model          : distilbert-base-cased
2026-03-21 16:22:05,307 - cyberbully - INFO -   dataset        : kaggle
2026-03-21 16:22:05,307 - cyberbully - INFO -   preprocess     : False
2026-03-21 16:22:05,307 - cyberbully - INFO -   augment        : False
2026-03-21 16:22:05,307 - cyberbully - INFO -   compute_attribution: False
2026-03-21 16:22:05,307 - cyberbully - INFO -   seed           : 87212562
2026-03-21 16:22:05,307 - cyberbully - INFO -   epochs         : 10
2026-03-21 16:22:05,307 - cyberbully - INFO -   batch_size     : 32
2026-03-21 16:22:05,307 - cyberbully - INFO -   lr             : 5e-05
2026-03-21 16:22:05,307 - cyberbully - INFO -   max_length     : 128
2026-03-21 16:22:05,307 - cyberbully - INFO -   output_dir     : grid-search
2026-03-21 16:22:05,307 - cyberbully - INFO -   data_dir       : dataset
2026-03-21 16:22:05,307 - cyberbully - INFO -   sbert          : False
2026-03-21 16:22:05,307 - cyberbully - INFO -   supcon         : False
2026-03-21 16:22:05,307 - cyberbully - INFO -   supcon_weight  : 0.1
2026-03-21 16:22:05,307 - cyberbully - INFO -   proj_dim       : 128
2026-03-21 16:22:05,307 - cyberbully - INFO -   grad_accum_steps: 1
2026-03-21 16:22:05,307 - cyberbully - INFO -   overwrite      : False
2026-03-21 16:22:05,308 - cyberbully - INFO -   device         : cuda
2026-03-21 16:22:05,308 - cyberbully - INFO -   output_dir     : experiments/grid-search/distilbert-base-cased/kaggle/prep0_aug0/seed_87212562
2026-03-21 16:22:05,308 - cyberbully - INFO - ============================================================
2026-03-21 16:22:05,308 - cyberbully - INFO - Step 1: Preparing data...
2026-03-21 16:22:05,358 - cyberbully - INFO - Loaded pre-split data from dataset/kaggle — train: 30499, val: 7625, test: 9532
2026-03-21 16:22:05,358 - cyberbully - INFO - Label mapping: {'age': 0, 'ethnicity': 1, 'gender': 2, 'not_cyberbullying': 3, 'other_cyberbullying': 4, 'religion': 5}
2026-03-21 16:22:05,371 - cyberbully - INFO - Number of classes: 6
2026-03-21 16:22:05,373 - cyberbully - INFO - Step 2: Loading model and tokenizer...
2026-03-21 16:22:05,373 - cyberbully - INFO - Loading model 'distilbert-base-cased' with 6 labels (sbert=False, supcon=False)
2026-03-21 16:22:06,055 - cyberbully - INFO - Step 3: Creating datasets...
2026-03-21 16:22:06,740 - cyberbully - INFO - Dataset sizes — train: 30499, val: 7625, test: 9532
2026-03-21 16:22:06,740 - cyberbully - INFO - Step 4: Training...
2026-03-21 16:22:06,920 - cyberbully - INFO - Starting training...
2026-03-21 16:30:00,194 - cyberbully - INFO - Training complete.
2026-03-21 16:30:00,233 - cyberbully - INFO - Removed checkpoint: experiments/grid-search/distilbert-base-cased/kaggle/prep0_aug0/seed_87212562/checkpoint-954
2026-03-21 16:30:00,272 - cyberbully - INFO - Removed checkpoint: experiments/grid-search/distilbert-base-cased/kaggle/prep0_aug0/seed_87212562/checkpoint-1908
2026-03-21 16:30:00,310 - cyberbully - INFO - Removed checkpoint: experiments/grid-search/distilbert-base-cased/kaggle/prep0_aug0/seed_87212562/checkpoint-2862
2026-03-21 16:30:00,347 - cyberbully - INFO - Removed checkpoint: experiments/grid-search/distilbert-base-cased/kaggle/prep0_aug0/seed_87212562/checkpoint-7632
2026-03-21 16:30:00,386 - cyberbully - INFO - Removed checkpoint: experiments/grid-search/distilbert-base-cased/kaggle/prep0_aug0/seed_87212562/checkpoint-5724
2026-03-21 16:30:00,424 - cyberbully - INFO - Removed checkpoint: experiments/grid-search/distilbert-base-cased/kaggle/prep0_aug0/seed_87212562/checkpoint-4770
2026-03-21 16:30:00,469 - cyberbully - INFO - Removed checkpoint: experiments/grid-search/distilbert-base-cased/kaggle/prep0_aug0/seed_87212562/checkpoint-9540
2026-03-21 16:30:00,506 - cyberbully - INFO - Removed checkpoint: experiments/grid-search/distilbert-base-cased/kaggle/prep0_aug0/seed_87212562/checkpoint-6678
2026-03-21 16:30:00,544 - cyberbully - INFO - Removed checkpoint: experiments/grid-search/distilbert-base-cased/kaggle/prep0_aug0/seed_87212562/checkpoint-8586
2026-03-21 16:30:00,582 - cyberbully - INFO - Removed checkpoint: experiments/grid-search/distilbert-base-cased/kaggle/prep0_aug0/seed_87212562/checkpoint-3816
2026-03-21 16:30:00,582 - cyberbully - INFO - Step 5: Evaluating on test set...
2026-03-21 16:30:08,565 - cyberbully - INFO - Metrics saved to experiments/grid-search/distilbert-base-cased/kaggle/prep0_aug0/seed_87212562/metrics.json
2026-03-21 16:30:08,566 - cyberbully - INFO - Confusion matrix saved to experiments/grid-search/distilbert-base-cased/kaggle/prep0_aug0/seed_87212562/confusion_matrix.json
2026-03-21 16:30:08,666 - cyberbully - INFO - Per-sample predictions saved to experiments/grid-search/distilbert-base-cased/kaggle/prep0_aug0/seed_87212562/predictions.json
2026-03-21 16:30:08,778 - cyberbully - INFO - Confusion matrix figure saved to experiments/grid-search/distilbert-base-cased/kaggle/prep0_aug0/seed_87212562/confusion_matrix.pdf
2026-03-21 16:30:08,778 - cyberbully - INFO - Accuracy: 0.8634
2026-03-21 16:30:08,778 - cyberbully - INFO - Weighted F1: 0.8636
2026-03-21 16:30:08,778 - cyberbully - INFO - Micro F1: 0.8634
2026-03-21 16:30:08,778 - cyberbully - INFO - Inference time: 3.67 seconds
2026-03-21 16:30:08,778 - cyberbully - INFO - Energy consumption: 0.000233 kWh
2026-03-21 16:30:08,780 - cyberbully - INFO - ============================================================
2026-03-21 16:30:08,780 - cyberbully - INFO - Pipeline complete. Results saved to: experiments/grid-search/distilbert-base-cased/kaggle/prep0_aug0/seed_87212562
2026-03-21 16:30:08,780 - cyberbully - INFO - ============================================================
