2026-02-19 02:20:26,348 - cyberbully - INFO - ============================================================
2026-02-19 02:20:26,348 - cyberbully - INFO - Cyberbullying Detection Pipeline
2026-02-19 02:20:26,348 - cyberbully - INFO - ============================================================
2026-02-19 02:20:26,348 - cyberbully - INFO - Configuration:
2026-02-19 02:20:26,348 - cyberbully - INFO -   model          : xlnet-base-cased
2026-02-19 02:20:26,348 - cyberbully - INFO -   dataset        : ieee
2026-02-19 02:20:26,348 - cyberbully - INFO -   preprocess     : True
2026-02-19 02:20:26,348 - cyberbully - INFO -   augment        : True
2026-02-19 02:20:26,349 - cyberbully - INFO -   compute_attribution: False
2026-02-19 02:20:26,349 - cyberbully - INFO -   seed           : 67351593
2026-02-19 02:20:26,349 - cyberbully - INFO -   epochs         : 5
2026-02-19 02:20:26,349 - cyberbully - INFO -   batch_size     : 16
2026-02-19 02:20:26,349 - cyberbully - INFO -   lr             : 2e-05
2026-02-19 02:20:26,349 - cyberbully - INFO -   max_length     : 128
2026-02-19 02:20:26,349 - cyberbully - INFO -   output_dir     : grid-search
2026-02-19 02:20:26,349 - cyberbully - INFO -   data_dir       : dataset
2026-02-19 02:20:26,349 - cyberbully - INFO -   sbert          : False
2026-02-19 02:20:26,349 - cyberbully - INFO -   overwrite      : False
2026-02-19 02:20:26,349 - cyberbully - INFO -   device         : cuda
2026-02-19 02:20:26,349 - cyberbully - INFO -   output_dir     : experiments/grid-search/xlnet-base-cased/ieee/prep1_aug1/seed_67351593
2026-02-19 02:20:26,349 - cyberbully - INFO - ============================================================
2026-02-19 02:20:26,349 - cyberbully - INFO - Step 1: Preparing data...
2026-02-19 02:20:26,349 - cyberbully - INFO - Loading dataset 'ieee' from dataset/IEEE Data Port.csv
2026-02-19 02:20:26,354 - cyberbully - INFO - Loaded 2108 samples with 5 classes: ['Cyberstalking', 'Doxing', 'Revenge Porn', 'Sexual Harassment', 'Slut Shaming']
2026-02-19 02:20:26,354 - cyberbully - INFO - Applying text preprocessing...
2026-02-19 02:20:29,433 - cyberbully - INFO - After preprocessing: 1817 samples remain
2026-02-19 02:20:29,433 - cyberbully - INFO - Label mapping: {'Cyberstalking': 0, 'Doxing': 1, 'Revenge Porn': 2, 'Sexual Harassment': 3, 'Slut Shaming': 4}
2026-02-19 02:20:29,435 - cyberbully - INFO - Split sizes — train: 1162, val: 291, test: 364
2026-02-19 02:20:29,435 - cyberbully - INFO - Applying training data augmentation (oversampling)...
2026-02-19 02:20:29,436 - cyberbully - INFO - After oversampling — class distribution: {0: 288, 1: 288, 2: 288, 3: 288, 4: 288}
2026-02-19 02:20:29,436 - cyberbully - INFO - Number of classes: 5
2026-02-19 02:20:29,437 - cyberbully - INFO - Step 2: Loading model and tokenizer...
2026-02-19 02:20:29,437 - cyberbully - INFO - Loading model 'xlnet-base-cased' with 5 labels (sbert=False)
2026-02-19 02:20:31,238 - cyberbully - INFO - Step 3: Creating datasets...
2026-02-19 02:20:31,259 - cyberbully - INFO - Dataset sizes — train: 1440, val: 291, test: 364
2026-02-19 02:20:31,259 - cyberbully - INFO - Step 4: Training...
2026-02-19 02:20:31,388 - cyberbully - INFO - Starting training...
2026-02-19 02:20:57,364 - cyberbully - INFO - Training complete.
2026-02-19 02:20:57,364 - cyberbully - INFO - Step 5: Evaluating on test set...
2026-02-19 02:21:01,861 - cyberbully - INFO - Metrics saved to experiments/grid-search/xlnet-base-cased/ieee/prep1_aug1/seed_67351593/metrics.json
2026-02-19 02:21:01,861 - cyberbully - INFO - Confusion matrix saved to experiments/grid-search/xlnet-base-cased/ieee/prep1_aug1/seed_67351593/confusion_matrix.json
2026-02-19 02:21:01,966 - cyberbully - INFO - Confusion matrix figure saved to experiments/grid-search/xlnet-base-cased/ieee/prep1_aug1/seed_67351593/confusion_matrix.pdf
2026-02-19 02:21:01,966 - cyberbully - INFO - Accuracy: 0.8297
2026-02-19 02:21:01,966 - cyberbully - INFO - Weighted F1: 0.8291
2026-02-19 02:21:01,966 - cyberbully - INFO - Micro F1: 0.8297
2026-02-19 02:21:01,966 - cyberbully - INFO - Inference time: 0.31 seconds
2026-02-19 02:21:01,966 - cyberbully - INFO - Energy consumption: 0.000015 kWh
2026-02-19 02:21:01,966 - cyberbully - INFO - ============================================================
2026-02-19 02:21:01,966 - cyberbully - INFO - Pipeline complete. Results saved to: experiments/grid-search/xlnet-base-cased/ieee/prep1_aug1/seed_67351593
2026-02-19 02:21:01,966 - cyberbully - INFO - ============================================================
