2026-06-15 07:38:16,800 - cyberbully - INFO - ============================================================
2026-06-15 07:38:16,801 - cyberbully - INFO - Cyberbullying Detection Pipeline
2026-06-15 07:38:16,801 - cyberbully - INFO - ============================================================
2026-06-15 07:38:16,801 - cyberbully - INFO - Configuration:
2026-06-15 07:38:16,801 - cyberbully - INFO -   model          : roberta-base
2026-06-15 07:38:16,801 - cyberbully - INFO -   dataset        : kaggle
2026-06-15 07:38:16,801 - cyberbully - INFO -   preprocess     : False
2026-06-15 07:38:16,801 - cyberbully - INFO -   prep_mode      : 2
2026-06-15 07:38:16,801 - cyberbully - INFO -   augment        : False
2026-06-15 07:38:16,801 - cyberbully - INFO -   compute_attribution: False
2026-06-15 07:38:16,801 - cyberbully - INFO -   seed           : 14298463
2026-06-15 07:38:16,801 - cyberbully - INFO -   epochs         : 10
2026-06-15 07:38:16,801 - cyberbully - INFO -   batch_size     : 32
2026-06-15 07:38:16,801 - cyberbully - INFO -   lr             : 5e-05
2026-06-15 07:38:16,801 - cyberbully - INFO -   max_length     : 128
2026-06-15 07:38:16,801 - cyberbully - INFO -   output_dir     : grid-search
2026-06-15 07:38:16,801 - cyberbully - INFO -   data_dir       : dataset
2026-06-15 07:38:16,801 - cyberbully - INFO -   sbert          : False
2026-06-15 07:38:16,801 - cyberbully - INFO -   supcon         : False
2026-06-15 07:38:16,801 - cyberbully - INFO -   supcon_weight  : 0.1
2026-06-15 07:38:16,801 - cyberbully - INFO -   proj_dim       : 128
2026-06-15 07:38:16,801 - cyberbully - INFO -   grad_accum_steps: 1
2026-06-15 07:38:16,801 - cyberbully - INFO -   overwrite      : False
2026-06-15 07:38:16,801 - cyberbully - INFO -   device         : cuda
2026-06-15 07:38:16,801 - cyberbully - INFO -   output_dir     : experiments/grid-search/roberta-base/kaggle/prep2_aug0/seed_14298463
2026-06-15 07:38:16,801 - cyberbully - INFO - ============================================================
2026-06-15 07:38:16,801 - cyberbully - INFO - Step 1: Preparing data...
2026-06-15 07:38:16,850 - cyberbully - INFO - Loaded pre-split data from dataset/kaggle — train: 25604, val: 6401, test: 8002
2026-06-15 07:38:16,851 - cyberbully - INFO - Label mapping: {'age': 0, 'ethnicity': 1, 'gender': 2, 'other_cyberbullying': 3, 'religion': 4}
2026-06-15 07:38:16,852 - cyberbully - INFO - Applying partial text preprocessing per split...
2026-06-15 07:38:18,285 - cyberbully - INFO - After preprocessing -- train: 25604, val: 6401, test: 8002
2026-06-15 07:38:18,289 - cyberbully - INFO - Number of classes: 5
2026-06-15 07:38:18,290 - cyberbully - INFO - Step 2: Loading model and tokenizer...
2026-06-15 07:38:18,290 - cyberbully - INFO - Loading model 'roberta-base' with 5 labels (sbert=False, supcon=False)
2026-06-15 07:38:19,888 - cyberbully - INFO - Step 3: Creating datasets...
2026-06-15 07:38:20,486 - cyberbully - INFO - Dataset sizes — train: 25604, val: 6401, test: 8002
2026-06-15 07:38:20,486 - cyberbully - INFO - Step 4: Training...
2026-06-15 07:38:20,682 - cyberbully - INFO - Starting training...
2026-06-15 07:50:35,438 - cyberbully - INFO - Training complete.
2026-06-15 07:50:35,533 - cyberbully - INFO - Removed checkpoint: experiments/grid-search/roberta-base/kaggle/prep2_aug0/seed_14298463/checkpoint-4806
2026-06-15 07:50:35,624 - cyberbully - INFO - Removed checkpoint: experiments/grid-search/roberta-base/kaggle/prep2_aug0/seed_14298463/checkpoint-7209
2026-06-15 07:50:35,718 - cyberbully - INFO - Removed checkpoint: experiments/grid-search/roberta-base/kaggle/prep2_aug0/seed_14298463/checkpoint-6408
2026-06-15 07:50:35,810 - cyberbully - INFO - Removed checkpoint: experiments/grid-search/roberta-base/kaggle/prep2_aug0/seed_14298463/checkpoint-5607
2026-06-15 07:50:35,922 - cyberbully - INFO - Removed checkpoint: experiments/grid-search/roberta-base/kaggle/prep2_aug0/seed_14298463/checkpoint-8010
2026-06-15 07:50:36,014 - cyberbully - INFO - Removed checkpoint: experiments/grid-search/roberta-base/kaggle/prep2_aug0/seed_14298463/checkpoint-3204
2026-06-15 07:50:36,113 - cyberbully - INFO - Removed checkpoint: experiments/grid-search/roberta-base/kaggle/prep2_aug0/seed_14298463/checkpoint-1602
2026-06-15 07:50:36,214 - cyberbully - INFO - Removed checkpoint: experiments/grid-search/roberta-base/kaggle/prep2_aug0/seed_14298463/checkpoint-801
2026-06-15 07:50:36,315 - cyberbully - INFO - Removed checkpoint: experiments/grid-search/roberta-base/kaggle/prep2_aug0/seed_14298463/checkpoint-2403
2026-06-15 07:50:36,410 - cyberbully - INFO - Removed checkpoint: experiments/grid-search/roberta-base/kaggle/prep2_aug0/seed_14298463/checkpoint-4005
2026-06-15 07:50:36,410 - cyberbully - INFO - Step 5: Evaluating on test set...
2026-06-15 07:50:47,147 - cyberbully - INFO - Metrics saved to experiments/grid-search/roberta-base/kaggle/prep2_aug0/seed_14298463/metrics.json
2026-06-15 07:50:47,147 - cyberbully - INFO - Confusion matrix saved to experiments/grid-search/roberta-base/kaggle/prep2_aug0/seed_14298463/confusion_matrix.json
2026-06-15 07:50:47,244 - cyberbully - INFO - Per-sample predictions saved to experiments/grid-search/roberta-base/kaggle/prep2_aug0/seed_14298463/predictions.json
2026-06-15 07:50:47,364 - cyberbully - INFO - Confusion matrix figure saved to experiments/grid-search/roberta-base/kaggle/prep2_aug0/seed_14298463/confusion_matrix.pdf
2026-06-15 07:50:47,364 - cyberbully - INFO - Accuracy: 0.9509
2026-06-15 07:50:47,364 - cyberbully - INFO - Weighted F1: 0.9510
2026-06-15 07:50:47,364 - cyberbully - INFO - Micro F1: 0.9509
2026-06-15 07:50:47,364 - cyberbully - INFO - Inference time: 4.59 seconds
2026-06-15 07:50:47,364 - cyberbully - INFO - Energy consumption: 0.000273 kWh
2026-06-15 07:50:47,366 - cyberbully - INFO - ============================================================
2026-06-15 07:50:47,366 - cyberbully - INFO - Pipeline complete. Results saved to: experiments/grid-search/roberta-base/kaggle/prep2_aug0/seed_14298463
2026-06-15 07:50:47,366 - cyberbully - INFO - ============================================================
