2026-04-10 06:26:16,217 - cyberbully - INFO - ============================================================
2026-04-10 06:26:16,217 - cyberbully - INFO - Cyberbullying Detection Pipeline
2026-04-10 06:26:16,217 - cyberbully - INFO - ============================================================
2026-04-10 06:26:16,217 - cyberbully - INFO - Configuration:
2026-04-10 06:26:16,217 - cyberbully - INFO -   model          : chandar-lab/NeoBERT
2026-04-10 06:26:16,217 - cyberbully - INFO -   dataset        : tweeteval
2026-04-10 06:26:16,217 - cyberbully - INFO -   preprocess     : False
2026-04-10 06:26:16,217 - cyberbully - INFO -   augment        : True
2026-04-10 06:26:16,217 - cyberbully - INFO -   compute_attribution: False
2026-04-10 06:26:16,217 - cyberbully - INFO -   seed           : 99511865
2026-04-10 06:26:16,217 - cyberbully - INFO -   epochs         : 10
2026-04-10 06:26:16,217 - cyberbully - INFO -   batch_size     : 32
2026-04-10 06:26:16,217 - cyberbully - INFO -   lr             : 5e-05
2026-04-10 06:26:16,217 - cyberbully - INFO -   max_length     : 128
2026-04-10 06:26:16,217 - cyberbully - INFO -   output_dir     : grid-search
2026-04-10 06:26:16,217 - cyberbully - INFO -   data_dir       : dataset
2026-04-10 06:26:16,217 - cyberbully - INFO -   sbert          : False
2026-04-10 06:26:16,217 - cyberbully - INFO -   supcon         : False
2026-04-10 06:26:16,217 - cyberbully - INFO -   supcon_weight  : 0.1
2026-04-10 06:26:16,217 - cyberbully - INFO -   proj_dim       : 128
2026-04-10 06:26:16,217 - cyberbully - INFO -   grad_accum_steps: 1
2026-04-10 06:26:16,217 - cyberbully - INFO -   overwrite      : False
2026-04-10 06:26:16,217 - cyberbully - INFO -   device         : cuda
2026-04-10 06:26:16,217 - cyberbully - INFO -   output_dir     : experiments/grid-search/chandar-lab_NeoBERT/tweeteval/prep0_aug1/seed_99511865
2026-04-10 06:26:16,217 - cyberbully - INFO - ============================================================
2026-04-10 06:26:16,217 - cyberbully - INFO - Step 1: Preparing data...
2026-04-10 06:26:16,263 - cyberbully - INFO - Loaded pre-split data from dataset/tweeteval — train: 32485, val: 8122, test: 10152
2026-04-10 06:26:16,263 - cyberbully - INFO - Label mapping: {'emotion': 0, 'hate': 1, 'offensive': 2, 'religion': 3, 'spiritual': 4}
2026-04-10 06:26:16,265 - cyberbully - INFO - Applying training data augmentation (oversampling)...
2026-04-10 06:26:16,271 - cyberbully - INFO - After oversampling — class distribution: {0: 8985, 1: 8985, 2: 8985, 3: 8985, 4: 8985}
2026-04-10 06:26:16,280 - cyberbully - INFO - Number of classes: 5
2026-04-10 06:26:16,281 - cyberbully - INFO - Step 2: Loading model and tokenizer...
2026-04-10 06:26:16,281 - cyberbully - INFO - Loading model 'chandar-lab/NeoBERT' with 5 labels (sbert=False, supcon=False)
2026-04-10 06:26:18,124 - cyberbully - INFO - Step 3: Creating datasets...
2026-04-10 06:26:19,180 - cyberbully - INFO - Dataset sizes — train: 44925, val: 8122, test: 10152
2026-04-10 06:26:19,181 - cyberbully - INFO - Step 4: Training...
2026-04-10 06:26:19,455 - cyberbully - INFO - Starting training...
2026-04-10 07:12:58,313 - cyberbully - INFO - Training complete.
2026-04-10 07:12:58,457 - cyberbully - INFO - Removed checkpoint: experiments/grid-search/chandar-lab_NeoBERT/tweeteval/prep0_aug1/seed_99511865/checkpoint-14040
2026-04-10 07:12:58,583 - cyberbully - INFO - Removed checkpoint: experiments/grid-search/chandar-lab_NeoBERT/tweeteval/prep0_aug1/seed_99511865/checkpoint-2808
2026-04-10 07:12:58,707 - cyberbully - INFO - Removed checkpoint: experiments/grid-search/chandar-lab_NeoBERT/tweeteval/prep0_aug1/seed_99511865/checkpoint-5616
2026-04-10 07:12:58,829 - cyberbully - INFO - Removed checkpoint: experiments/grid-search/chandar-lab_NeoBERT/tweeteval/prep0_aug1/seed_99511865/checkpoint-7020
2026-04-10 07:12:58,952 - cyberbully - INFO - Removed checkpoint: experiments/grid-search/chandar-lab_NeoBERT/tweeteval/prep0_aug1/seed_99511865/checkpoint-4212
2026-04-10 07:12:59,075 - cyberbully - INFO - Removed checkpoint: experiments/grid-search/chandar-lab_NeoBERT/tweeteval/prep0_aug1/seed_99511865/checkpoint-12636
2026-04-10 07:12:59,202 - cyberbully - INFO - Removed checkpoint: experiments/grid-search/chandar-lab_NeoBERT/tweeteval/prep0_aug1/seed_99511865/checkpoint-1404
2026-04-10 07:12:59,326 - cyberbully - INFO - Removed checkpoint: experiments/grid-search/chandar-lab_NeoBERT/tweeteval/prep0_aug1/seed_99511865/checkpoint-8424
2026-04-10 07:12:59,447 - cyberbully - INFO - Removed checkpoint: experiments/grid-search/chandar-lab_NeoBERT/tweeteval/prep0_aug1/seed_99511865/checkpoint-11232
2026-04-10 07:12:59,568 - cyberbully - INFO - Removed checkpoint: experiments/grid-search/chandar-lab_NeoBERT/tweeteval/prep0_aug1/seed_99511865/checkpoint-9828
2026-04-10 07:12:59,568 - cyberbully - INFO - Step 5: Evaluating on test set...
2026-04-10 07:13:21,343 - cyberbully - INFO - Metrics saved to experiments/grid-search/chandar-lab_NeoBERT/tweeteval/prep0_aug1/seed_99511865/metrics.json
2026-04-10 07:13:21,343 - cyberbully - INFO - Confusion matrix saved to experiments/grid-search/chandar-lab_NeoBERT/tweeteval/prep0_aug1/seed_99511865/confusion_matrix.json
2026-04-10 07:13:21,449 - cyberbully - INFO - Per-sample predictions saved to experiments/grid-search/chandar-lab_NeoBERT/tweeteval/prep0_aug1/seed_99511865/predictions.json
2026-04-10 07:13:21,551 - cyberbully - INFO - Confusion matrix figure saved to experiments/grid-search/chandar-lab_NeoBERT/tweeteval/prep0_aug1/seed_99511865/confusion_matrix.pdf
2026-04-10 07:13:21,551 - cyberbully - INFO - Accuracy: 0.9670
2026-04-10 07:13:21,551 - cyberbully - INFO - Weighted F1: 0.9673
2026-04-10 07:13:21,551 - cyberbully - INFO - Micro F1: 0.9670
2026-04-10 07:13:21,551 - cyberbully - INFO - Inference time: 17.12 seconds
2026-04-10 07:13:21,551 - cyberbully - INFO - Energy consumption: 0.001048 kWh
2026-04-10 07:13:21,554 - cyberbully - INFO - ============================================================
2026-04-10 07:13:21,554 - cyberbully - INFO - Pipeline complete. Results saved to: experiments/grid-search/chandar-lab_NeoBERT/tweeteval/prep0_aug1/seed_99511865
2026-04-10 07:13:21,554 - cyberbully - INFO - ============================================================
