2026-02-18 01:03:36,460 - cyberbully - INFO - ============================================================
2026-02-18 01:03:36,460 - cyberbully - INFO - Cyberbullying Detection Pipeline
2026-02-18 01:03:36,460 - cyberbully - INFO - ============================================================
2026-02-18 01:03:36,460 - cyberbully - INFO - Configuration:
2026-02-18 01:03:36,460 - cyberbully - INFO -   model          : bert-base-uncased
2026-02-18 01:03:36,460 - cyberbully - INFO -   dataset        : tweeteval
2026-02-18 01:03:36,460 - cyberbully - INFO -   preprocess     : True
2026-02-18 01:03:36,460 - cyberbully - INFO -   augment        : False
2026-02-18 01:03:36,460 - cyberbully - INFO -   compute_attribution: False
2026-02-18 01:03:36,460 - cyberbully - INFO -   seed           : 14298463
2026-02-18 01:03:36,460 - cyberbully - INFO -   epochs         : 5
2026-02-18 01:03:36,460 - cyberbully - INFO -   batch_size     : 16
2026-02-18 01:03:36,460 - cyberbully - INFO -   lr             : 2e-05
2026-02-18 01:03:36,460 - cyberbully - INFO -   max_length     : 128
2026-02-18 01:03:36,460 - cyberbully - INFO -   output_dir     : grid-search
2026-02-18 01:03:36,460 - cyberbully - INFO -   data_dir       : dataset
2026-02-18 01:03:36,460 - cyberbully - INFO -   sbert          : False
2026-02-18 01:03:36,460 - cyberbully - INFO -   overwrite      : False
2026-02-18 01:03:36,460 - cyberbully - INFO -   device         : cuda
2026-02-18 01:03:36,460 - cyberbully - INFO -   output_dir     : experiments/grid-search/bert-base-uncased/tweeteval/prep1_aug0/seed_14298463
2026-02-18 01:03:36,460 - cyberbully - INFO - ============================================================
2026-02-18 01:03:36,460 - cyberbully - INFO - Step 1: Preparing data...
2026-02-18 01:03:36,460 - cyberbully - INFO - Loading dataset 'tweeteval' from dataset/Tweeteval.csv
2026-02-18 01:03:36,535 - cyberbully - INFO - Loaded 50759 samples with 5 classes: ['emotion', 'hate', 'offensive', 'religion', 'spiritual']
2026-02-18 01:03:36,535 - cyberbully - INFO - Applying text preprocessing...
2026-02-18 01:04:34,194 - cyberbully - INFO - After preprocessing: 47394 samples remain
2026-02-18 01:04:34,196 - cyberbully - INFO - Label mapping: {'emotion': 0, 'hate': 1, 'offensive': 2, 'religion': 3, 'spiritual': 4}
2026-02-18 01:04:34,209 - cyberbully - INFO - Split sizes — train: 30332, val: 7583, test: 9479
2026-02-18 01:04:34,209 - cyberbully - INFO - Number of classes: 5
2026-02-18 01:04:34,210 - cyberbully - INFO - Step 2: Loading model and tokenizer...
2026-02-18 01:04:34,210 - cyberbully - INFO - Loading model 'bert-base-uncased' with 5 labels (sbert=False)
2026-02-18 01:04:35,070 - cyberbully - INFO - Step 3: Creating datasets...
2026-02-18 01:04:35,849 - cyberbully - INFO - Dataset sizes — train: 30332, val: 7583, test: 9479
2026-02-18 01:04:35,849 - cyberbully - INFO - Step 4: Training...
2026-02-18 01:04:35,969 - cyberbully - INFO - Starting training...
2026-02-18 01:11:38,928 - cyberbully - INFO - Training complete.
2026-02-18 01:11:38,928 - cyberbully - INFO - Step 5: Evaluating on test set...
2026-02-18 01:11:47,154 - cyberbully - INFO - Metrics saved to experiments/grid-search/bert-base-uncased/tweeteval/prep1_aug0/seed_14298463/metrics.json
2026-02-18 01:11:47,154 - cyberbully - INFO - Confusion matrix saved to experiments/grid-search/bert-base-uncased/tweeteval/prep1_aug0/seed_14298463/confusion_matrix.json
2026-02-18 01:11:47,259 - cyberbully - INFO - Confusion matrix figure saved to experiments/grid-search/bert-base-uncased/tweeteval/prep1_aug0/seed_14298463/confusion_matrix.pdf
2026-02-18 01:11:47,259 - cyberbully - INFO - Accuracy: 0.9408
2026-02-18 01:11:47,259 - cyberbully - INFO - Weighted F1: 0.9408
2026-02-18 01:11:47,259 - cyberbully - INFO - Micro F1: 0.9408
2026-02-18 01:11:47,259 - cyberbully - INFO - Inference time: 3.91 seconds
2026-02-18 01:11:47,259 - cyberbully - INFO - Energy consumption: 0.000223 kWh
2026-02-18 01:11:47,259 - cyberbully - INFO - ============================================================
2026-02-18 01:11:47,259 - cyberbully - INFO - Pipeline complete. Results saved to: experiments/grid-search/bert-base-uncased/tweeteval/prep1_aug0/seed_14298463
2026-02-18 01:11:47,259 - cyberbully - INFO - ============================================================
