2026-03-22 23:12:53,407 - cyberbully - INFO - ============================================================
2026-03-22 23:12:53,407 - cyberbully - INFO - Cyberbullying Detection Pipeline
2026-03-22 23:12:53,407 - cyberbully - INFO - ============================================================
2026-03-22 23:12:53,407 - cyberbully - INFO - Configuration:
2026-03-22 23:12:53,407 - cyberbully - INFO -   model          : google/mobilebert-uncased
2026-03-22 23:12:53,407 - cyberbully - INFO -   dataset        : kaggle
2026-03-22 23:12:53,407 - cyberbully - INFO -   preprocess     : True
2026-03-22 23:12:53,407 - cyberbully - INFO -   augment        : True
2026-03-22 23:12:53,407 - cyberbully - INFO -   compute_attribution: False
2026-03-22 23:12:53,407 - cyberbully - INFO -   seed           : 90995999
2026-03-22 23:12:53,407 - cyberbully - INFO -   epochs         : 10
2026-03-22 23:12:53,407 - cyberbully - INFO -   batch_size     : 32
2026-03-22 23:12:53,407 - cyberbully - INFO -   lr             : 5e-05
2026-03-22 23:12:53,407 - cyberbully - INFO -   max_length     : 128
2026-03-22 23:12:53,407 - cyberbully - INFO -   output_dir     : grid-search
2026-03-22 23:12:53,407 - cyberbully - INFO -   data_dir       : dataset
2026-03-22 23:12:53,407 - cyberbully - INFO -   sbert          : False
2026-03-22 23:12:53,407 - cyberbully - INFO -   supcon         : False
2026-03-22 23:12:53,407 - cyberbully - INFO -   supcon_weight  : 0.1
2026-03-22 23:12:53,407 - cyberbully - INFO -   proj_dim       : 128
2026-03-22 23:12:53,407 - cyberbully - INFO -   grad_accum_steps: 1
2026-03-22 23:12:53,407 - cyberbully - INFO -   overwrite      : False
2026-03-22 23:12:53,407 - cyberbully - INFO -   device         : cuda
2026-03-22 23:12:53,407 - cyberbully - INFO -   output_dir     : experiments/grid-search/google_mobilebert-uncased/kaggle/prep1_aug1/seed_90995999
2026-03-22 23:12:53,407 - cyberbully - INFO - ============================================================
2026-03-22 23:12:53,407 - cyberbully - INFO - Step 1: Preparing data...
2026-03-22 23:12:53,458 - cyberbully - INFO - Loaded pre-split data from dataset/kaggle — train: 30499, val: 7625, test: 9532
2026-03-22 23:12:53,458 - cyberbully - INFO - Label mapping: {'age': 0, 'ethnicity': 1, 'gender': 2, 'not_cyberbullying': 3, 'other_cyberbullying': 4, 'religion': 5}
2026-03-22 23:12:53,458 - cyberbully - INFO - Applying text preprocessing per split...
2026-03-22 23:13:47,136 - cyberbully - INFO - After preprocessing — train: 26864, val: 6839, test: 8532
2026-03-22 23:13:47,139 - cyberbully - INFO - Applying training data augmentation (oversampling)...
2026-03-22 23:13:47,143 - cyberbully - INFO - After oversampling — class distribution: {0: 5071, 1: 5071, 2: 5071, 3: 5071, 4: 5071, 5: 5071}
2026-03-22 23:13:47,153 - cyberbully - INFO - Number of classes: 6
2026-03-22 23:13:47,154 - cyberbully - INFO - Step 2: Loading model and tokenizer...
2026-03-22 23:13:47,154 - cyberbully - INFO - Loading model 'google/mobilebert-uncased' with 6 labels (sbert=False, supcon=False)
2026-03-22 23:13:49,265 - cyberbully - WARNING - FP16 disabled for model_type='mobilebert' (known fp16 instability).
2026-03-22 23:13:49,266 - cyberbully - INFO - Step 3: Creating datasets...
2026-03-22 23:13:50,163 - cyberbully - INFO - Dataset sizes — train: 30426, val: 6839, test: 8532
2026-03-22 23:13:50,163 - cyberbully - INFO - Step 4: Training...
2026-03-22 23:13:50,371 - cyberbully - INFO - Starting training...
2026-03-22 23:31:48,573 - cyberbully - INFO - Training complete.
2026-03-22 23:31:48,590 - cyberbully - INFO - Removed checkpoint: experiments/grid-search/google_mobilebert-uncased/kaggle/prep1_aug1/seed_90995999/checkpoint-9510
2026-03-22 23:31:48,605 - cyberbully - INFO - Removed checkpoint: experiments/grid-search/google_mobilebert-uncased/kaggle/prep1_aug1/seed_90995999/checkpoint-951
2026-03-22 23:31:48,619 - cyberbully - INFO - Removed checkpoint: experiments/grid-search/google_mobilebert-uncased/kaggle/prep1_aug1/seed_90995999/checkpoint-3804
2026-03-22 23:31:48,633 - cyberbully - INFO - Removed checkpoint: experiments/grid-search/google_mobilebert-uncased/kaggle/prep1_aug1/seed_90995999/checkpoint-6657
2026-03-22 23:31:48,647 - cyberbully - INFO - Removed checkpoint: experiments/grid-search/google_mobilebert-uncased/kaggle/prep1_aug1/seed_90995999/checkpoint-4755
2026-03-22 23:31:48,662 - cyberbully - INFO - Removed checkpoint: experiments/grid-search/google_mobilebert-uncased/kaggle/prep1_aug1/seed_90995999/checkpoint-7608
2026-03-22 23:31:48,676 - cyberbully - INFO - Removed checkpoint: experiments/grid-search/google_mobilebert-uncased/kaggle/prep1_aug1/seed_90995999/checkpoint-5706
2026-03-22 23:31:48,690 - cyberbully - INFO - Removed checkpoint: experiments/grid-search/google_mobilebert-uncased/kaggle/prep1_aug1/seed_90995999/checkpoint-2853
2026-03-22 23:31:48,704 - cyberbully - INFO - Removed checkpoint: experiments/grid-search/google_mobilebert-uncased/kaggle/prep1_aug1/seed_90995999/checkpoint-8559
2026-03-22 23:31:48,719 - cyberbully - INFO - Removed checkpoint: experiments/grid-search/google_mobilebert-uncased/kaggle/prep1_aug1/seed_90995999/checkpoint-1902
2026-03-22 23:31:48,719 - cyberbully - INFO - Step 5: Evaluating on test set...
2026-03-22 23:32:02,095 - cyberbully - INFO - Metrics saved to experiments/grid-search/google_mobilebert-uncased/kaggle/prep1_aug1/seed_90995999/metrics.json
2026-03-22 23:32:02,095 - cyberbully - INFO - Confusion matrix saved to experiments/grid-search/google_mobilebert-uncased/kaggle/prep1_aug1/seed_90995999/confusion_matrix.json
2026-03-22 23:32:02,183 - cyberbully - INFO - Per-sample predictions saved to experiments/grid-search/google_mobilebert-uncased/kaggle/prep1_aug1/seed_90995999/predictions.json
2026-03-22 23:32:02,295 - cyberbully - INFO - Confusion matrix figure saved to experiments/grid-search/google_mobilebert-uncased/kaggle/prep1_aug1/seed_90995999/confusion_matrix.pdf
2026-03-22 23:32:02,295 - cyberbully - INFO - Accuracy: 0.8563
2026-03-22 23:32:02,295 - cyberbully - INFO - Weighted F1: 0.8565
2026-03-22 23:32:02,295 - cyberbully - INFO - Micro F1: 0.8563
2026-03-22 23:32:02,295 - cyberbully - INFO - Inference time: 8.55 seconds
2026-03-22 23:32:02,295 - cyberbully - INFO - Energy consumption: 0.000538 kWh
2026-03-22 23:32:02,297 - cyberbully - INFO - ============================================================
2026-03-22 23:32:02,297 - cyberbully - INFO - Pipeline complete. Results saved to: experiments/grid-search/google_mobilebert-uncased/kaggle/prep1_aug1/seed_90995999
2026-03-22 23:32:02,297 - cyberbully - INFO - ============================================================
