2026-02-25 19:31:51,145 - cyberbully - INFO - Model 'all-MiniLM-L6-v2' detected as SBERT-based. Using SBERTClassifier pipeline.
2026-02-25 19:31:51,145 - cyberbully - INFO - ============================================================
2026-02-25 19:31:51,145 - cyberbully - INFO - Cyberbullying Detection Pipeline
2026-02-25 19:31:51,145 - cyberbully - INFO - ============================================================
2026-02-25 19:31:51,145 - cyberbully - INFO - Configuration:
2026-02-25 19:31:51,145 - cyberbully - INFO -   model          : all-MiniLM-L6-v2
2026-02-25 19:31:51,145 - cyberbully - INFO -   dataset        : kaggle
2026-02-25 19:31:51,145 - cyberbully - INFO -   preprocess     : False
2026-02-25 19:31:51,145 - cyberbully - INFO -   augment        : False
2026-02-25 19:31:51,145 - cyberbully - INFO -   compute_attribution: False
2026-02-25 19:31:51,145 - cyberbully - INFO -   seed           : 14298463
2026-02-25 19:31:51,145 - cyberbully - INFO -   epochs         : 10
2026-02-25 19:31:51,145 - cyberbully - INFO -   batch_size     : 32
2026-02-25 19:31:51,145 - cyberbully - INFO -   lr             : 5e-05
2026-02-25 19:31:51,145 - cyberbully - INFO -   max_length     : 128
2026-02-25 19:31:51,145 - cyberbully - INFO -   output_dir     : grid-search
2026-02-25 19:31:51,145 - cyberbully - INFO -   data_dir       : dataset
2026-02-25 19:31:51,145 - cyberbully - INFO -   sbert          : True
2026-02-25 19:31:51,145 - cyberbully - INFO -   overwrite      : False
2026-02-25 19:31:51,145 - cyberbully - INFO -   device         : cuda
2026-02-25 19:31:51,145 - cyberbully - INFO -   output_dir     : experiments/grid-search/all-MiniLM-L6-v2/kaggle/prep0_aug0/seed_14298463
2026-02-25 19:31:51,145 - cyberbully - INFO - ============================================================
2026-02-25 19:31:51,146 - cyberbully - INFO - Step 1: Preparing data...
2026-02-25 19:31:51,146 - cyberbully - INFO - Loading dataset 'kaggle' from dataset/Kaggle.csv
2026-02-25 19:31:51,204 - cyberbully - INFO - Loaded 47656 samples with 6 classes: ['age', 'ethnicity', 'gender', 'not_cyberbullying', 'other_cyberbullying', 'religion']
2026-02-25 19:31:51,206 - cyberbully - INFO - Label mapping: {'age': 0, 'ethnicity': 1, 'gender': 2, 'not_cyberbullying': 3, 'other_cyberbullying': 4, 'religion': 5}
2026-02-25 19:31:51,218 - cyberbully - INFO - Split sizes — train: 30499, val: 7625, test: 9532
2026-02-25 19:31:51,219 - cyberbully - INFO - Number of classes: 6
2026-02-25 19:31:51,220 - cyberbully - INFO - Step 2: Loading model and tokenizer...
2026-02-25 19:31:51,220 - cyberbully - INFO - Loading model 'all-MiniLM-L6-v2' with 6 labels (sbert=True)
2026-02-25 19:31:53,828 - cyberbully - INFO - SBERTClassifier: embedding_dim=384, hidden=256, num_labels=6
2026-02-25 19:31:54,129 - cyberbully - INFO - Step 3: Creating datasets...
2026-02-25 19:31:55,117 - cyberbully - INFO - Dataset sizes — train: 30499, val: 7625, test: 9532
2026-02-25 19:31:55,118 - cyberbully - INFO - Step 4: Training...
2026-02-25 19:31:55,159 - cyberbully - INFO - Starting training...
2026-02-25 19:35:47,914 - cyberbully - INFO - Training complete.
2026-02-25 19:35:47,935 - cyberbully - INFO - Removed checkpoint: experiments/grid-search/all-MiniLM-L6-v2/kaggle/prep0_aug0/seed_14298463/checkpoint-954
2026-02-25 19:35:47,956 - cyberbully - INFO - Removed checkpoint: experiments/grid-search/all-MiniLM-L6-v2/kaggle/prep0_aug0/seed_14298463/checkpoint-1908
2026-02-25 19:35:47,976 - cyberbully - INFO - Removed checkpoint: experiments/grid-search/all-MiniLM-L6-v2/kaggle/prep0_aug0/seed_14298463/checkpoint-2862
2026-02-25 19:35:47,990 - cyberbully - INFO - Removed checkpoint: experiments/grid-search/all-MiniLM-L6-v2/kaggle/prep0_aug0/seed_14298463/checkpoint-7632
2026-02-25 19:35:48,005 - cyberbully - INFO - Removed checkpoint: experiments/grid-search/all-MiniLM-L6-v2/kaggle/prep0_aug0/seed_14298463/checkpoint-5724
2026-02-25 19:35:48,022 - cyberbully - INFO - Removed checkpoint: experiments/grid-search/all-MiniLM-L6-v2/kaggle/prep0_aug0/seed_14298463/checkpoint-4770
2026-02-25 19:35:48,038 - cyberbully - INFO - Removed checkpoint: experiments/grid-search/all-MiniLM-L6-v2/kaggle/prep0_aug0/seed_14298463/checkpoint-9540
2026-02-25 19:35:48,054 - cyberbully - INFO - Removed checkpoint: experiments/grid-search/all-MiniLM-L6-v2/kaggle/prep0_aug0/seed_14298463/checkpoint-6678
2026-02-25 19:35:48,070 - cyberbully - INFO - Removed checkpoint: experiments/grid-search/all-MiniLM-L6-v2/kaggle/prep0_aug0/seed_14298463/checkpoint-8586
2026-02-25 19:35:48,086 - cyberbully - INFO - Removed checkpoint: experiments/grid-search/all-MiniLM-L6-v2/kaggle/prep0_aug0/seed_14298463/checkpoint-3816
2026-02-25 19:35:48,086 - cyberbully - INFO - Step 5: Evaluating on test set...
2026-02-25 19:35:54,740 - cyberbully - INFO - Metrics saved to experiments/grid-search/all-MiniLM-L6-v2/kaggle/prep0_aug0/seed_14298463/metrics.json
2026-02-25 19:35:54,740 - cyberbully - INFO - Confusion matrix saved to experiments/grid-search/all-MiniLM-L6-v2/kaggle/prep0_aug0/seed_14298463/confusion_matrix.json
2026-02-25 19:35:54,852 - cyberbully - INFO - Confusion matrix figure saved to experiments/grid-search/all-MiniLM-L6-v2/kaggle/prep0_aug0/seed_14298463/confusion_matrix.pdf
2026-02-25 19:35:54,852 - cyberbully - INFO - Accuracy: 0.8699
2026-02-25 19:35:54,853 - cyberbully - INFO - Weighted F1: 0.8677
2026-02-25 19:35:54,853 - cyberbully - INFO - Micro F1: 0.8699
2026-02-25 19:35:54,853 - cyberbully - INFO - Inference time: 1.85 seconds
2026-02-25 19:35:54,853 - cyberbully - INFO - Energy consumption: 0.000108 kWh
2026-02-25 19:35:54,853 - cyberbully - INFO - ============================================================
2026-02-25 19:35:54,853 - cyberbully - INFO - Pipeline complete. Results saved to: experiments/grid-search/all-MiniLM-L6-v2/kaggle/prep0_aug0/seed_14298463
2026-02-25 19:35:54,853 - cyberbully - INFO - ============================================================
