2026-03-23 20:49:41,016 - cyberbully - INFO - Model 'all-mpnet-base-v2' detected as SBERT-based. Using SBERTClassifier pipeline.
2026-03-23 20:49:41,016 - cyberbully - INFO - ============================================================
2026-03-23 20:49:41,016 - cyberbully - INFO - Cyberbullying Detection Pipeline
2026-03-23 20:49:41,016 - cyberbully - INFO - ============================================================
2026-03-23 20:49:41,016 - cyberbully - INFO - Configuration:
2026-03-23 20:49:41,016 - cyberbully - INFO -   model          : all-mpnet-base-v2
2026-03-23 20:49:41,016 - cyberbully - INFO -   dataset        : kaggle
2026-03-23 20:49:41,016 - cyberbully - INFO -   preprocess     : True
2026-03-23 20:49:41,016 - cyberbully - INFO -   augment        : False
2026-03-23 20:49:41,016 - cyberbully - INFO -   compute_attribution: False
2026-03-23 20:49:41,016 - cyberbully - INFO -   seed           : 52680723
2026-03-23 20:49:41,016 - cyberbully - INFO -   epochs         : 10
2026-03-23 20:49:41,016 - cyberbully - INFO -   batch_size     : 32
2026-03-23 20:49:41,016 - cyberbully - INFO -   lr             : 5e-05
2026-03-23 20:49:41,016 - cyberbully - INFO -   max_length     : 128
2026-03-23 20:49:41,016 - cyberbully - INFO -   output_dir     : grid-search
2026-03-23 20:49:41,016 - cyberbully - INFO -   data_dir       : dataset
2026-03-23 20:49:41,016 - cyberbully - INFO -   sbert          : True
2026-03-23 20:49:41,016 - cyberbully - INFO -   supcon         : False
2026-03-23 20:49:41,016 - cyberbully - INFO -   supcon_weight  : 0.1
2026-03-23 20:49:41,016 - cyberbully - INFO -   proj_dim       : 128
2026-03-23 20:49:41,017 - cyberbully - INFO -   grad_accum_steps: 1
2026-03-23 20:49:41,017 - cyberbully - INFO -   overwrite      : False
2026-03-23 20:49:41,017 - cyberbully - INFO -   device         : cuda
2026-03-23 20:49:41,017 - cyberbully - INFO -   output_dir     : experiments/grid-search/all-mpnet-base-v2/kaggle/prep1_aug0/seed_52680723
2026-03-23 20:49:41,017 - cyberbully - INFO - ============================================================
2026-03-23 20:49:41,017 - cyberbully - INFO - Step 1: Preparing data...
2026-03-23 20:49:41,065 - cyberbully - INFO - Loaded pre-split data from dataset/kaggle — train: 25604, val: 6401, test: 8002
2026-03-23 20:49:41,066 - cyberbully - INFO - Label mapping: {'age': 0, 'ethnicity': 1, 'gender': 2, 'other_cyberbullying': 3, 'religion': 4}
2026-03-23 20:49:41,066 - cyberbully - INFO - Applying text preprocessing per split...
2026-03-23 20:50:24,394 - cyberbully - INFO - After preprocessing — train: 23556, val: 5970, test: 7412
2026-03-23 20:50:24,406 - cyberbully - INFO - Number of classes: 5
2026-03-23 20:50:24,407 - cyberbully - INFO - Step 2: Loading model and tokenizer...
2026-03-23 20:50:24,407 - cyberbully - INFO - Loading model 'all-mpnet-base-v2' with 5 labels (sbert=True, supcon=False)
2026-03-23 20:50:27,183 - cyberbully - INFO - SBERTClassifier: embedding_dim=768, hidden=256, proj_dim=None, num_labels=5
2026-03-23 20:50:27,497 - cyberbully - INFO - Step 3: Creating datasets...
2026-03-23 20:50:28,025 - cyberbully - INFO - Dataset sizes — train: 23556, val: 5970, test: 7412
2026-03-23 20:50:28,025 - cyberbully - INFO - Step 4: Training...
2026-03-23 20:50:28,075 - cyberbully - INFO - Starting training...
2026-03-23 21:02:18,482 - cyberbully - INFO - Training complete.
2026-03-23 21:02:18,548 - cyberbully - INFO - Removed checkpoint: experiments/grid-search/all-mpnet-base-v2/kaggle/prep1_aug0/seed_52680723/checkpoint-1474
2026-03-23 21:02:18,611 - cyberbully - INFO - Removed checkpoint: experiments/grid-search/all-mpnet-base-v2/kaggle/prep1_aug0/seed_52680723/checkpoint-2211
2026-03-23 21:02:18,673 - cyberbully - INFO - Removed checkpoint: experiments/grid-search/all-mpnet-base-v2/kaggle/prep1_aug0/seed_52680723/checkpoint-6633
2026-03-23 21:02:18,736 - cyberbully - INFO - Removed checkpoint: experiments/grid-search/all-mpnet-base-v2/kaggle/prep1_aug0/seed_52680723/checkpoint-4422
2026-03-23 21:02:18,798 - cyberbully - INFO - Removed checkpoint: experiments/grid-search/all-mpnet-base-v2/kaggle/prep1_aug0/seed_52680723/checkpoint-5896
2026-03-23 21:02:18,874 - cyberbully - INFO - Removed checkpoint: experiments/grid-search/all-mpnet-base-v2/kaggle/prep1_aug0/seed_52680723/checkpoint-7370
2026-03-23 21:02:18,938 - cyberbully - INFO - Removed checkpoint: experiments/grid-search/all-mpnet-base-v2/kaggle/prep1_aug0/seed_52680723/checkpoint-2948
2026-03-23 21:02:19,001 - cyberbully - INFO - Removed checkpoint: experiments/grid-search/all-mpnet-base-v2/kaggle/prep1_aug0/seed_52680723/checkpoint-5159
2026-03-23 21:02:19,068 - cyberbully - INFO - Removed checkpoint: experiments/grid-search/all-mpnet-base-v2/kaggle/prep1_aug0/seed_52680723/checkpoint-737
2026-03-23 21:02:19,132 - cyberbully - INFO - Removed checkpoint: experiments/grid-search/all-mpnet-base-v2/kaggle/prep1_aug0/seed_52680723/checkpoint-3685
2026-03-23 21:02:19,132 - cyberbully - INFO - Step 5: Evaluating on test set...
2026-03-23 21:02:29,174 - cyberbully - INFO - Metrics saved to experiments/grid-search/all-mpnet-base-v2/kaggle/prep1_aug0/seed_52680723/metrics.json
2026-03-23 21:02:29,174 - cyberbully - INFO - Confusion matrix saved to experiments/grid-search/all-mpnet-base-v2/kaggle/prep1_aug0/seed_52680723/confusion_matrix.json
2026-03-23 21:02:29,243 - cyberbully - INFO - Per-sample predictions saved to experiments/grid-search/all-mpnet-base-v2/kaggle/prep1_aug0/seed_52680723/predictions.json
2026-03-23 21:02:29,344 - cyberbully - INFO - Confusion matrix figure saved to experiments/grid-search/all-mpnet-base-v2/kaggle/prep1_aug0/seed_52680723/confusion_matrix.pdf
2026-03-23 21:02:29,344 - cyberbully - INFO - Accuracy: 0.9528
2026-03-23 21:02:29,344 - cyberbully - INFO - Weighted F1: 0.9532
2026-03-23 21:02:29,344 - cyberbully - INFO - Micro F1: 0.9528
2026-03-23 21:02:29,344 - cyberbully - INFO - Inference time: 5.78 seconds
2026-03-23 21:02:29,344 - cyberbully - INFO - Energy consumption: 0.000399 kWh
2026-03-23 21:02:29,345 - cyberbully - INFO - ============================================================
2026-03-23 21:02:29,345 - cyberbully - INFO - Pipeline complete. Results saved to: experiments/grid-search/all-mpnet-base-v2/kaggle/prep1_aug0/seed_52680723
2026-03-23 21:02:29,345 - cyberbully - INFO - ============================================================
