2026-04-08 16:59:56,337 - cyberbully - INFO - ============================================================
2026-04-08 16:59:56,337 - cyberbully - INFO - Cyberbullying Detection Pipeline
2026-04-08 16:59:56,337 - cyberbully - INFO - ============================================================
2026-04-08 16:59:56,337 - cyberbully - INFO - Configuration:
2026-04-08 16:59:56,337 - cyberbully - INFO -   model          : answerdotai/ModernBERT-base
2026-04-08 16:59:56,337 - cyberbully - INFO -   dataset        : ieee
2026-04-08 16:59:56,337 - cyberbully - INFO -   preprocess     : True
2026-04-08 16:59:56,337 - cyberbully - INFO -   augment        : False
2026-04-08 16:59:56,337 - cyberbully - INFO -   compute_attribution: False
2026-04-08 16:59:56,337 - cyberbully - INFO -   seed           : 90995999
2026-04-08 16:59:56,337 - cyberbully - INFO -   epochs         : 10
2026-04-08 16:59:56,337 - cyberbully - INFO -   batch_size     : 32
2026-04-08 16:59:56,337 - cyberbully - INFO -   lr             : 5e-05
2026-04-08 16:59:56,337 - cyberbully - INFO -   max_length     : 128
2026-04-08 16:59:56,337 - cyberbully - INFO -   output_dir     : grid-search
2026-04-08 16:59:56,337 - cyberbully - INFO -   data_dir       : dataset
2026-04-08 16:59:56,337 - cyberbully - INFO -   sbert          : False
2026-04-08 16:59:56,337 - cyberbully - INFO -   supcon         : False
2026-04-08 16:59:56,337 - cyberbully - INFO -   supcon_weight  : 0.1
2026-04-08 16:59:56,338 - cyberbully - INFO -   proj_dim       : 128
2026-04-08 16:59:56,338 - cyberbully - INFO -   grad_accum_steps: 1
2026-04-08 16:59:56,338 - cyberbully - INFO -   overwrite      : False
2026-04-08 16:59:56,338 - cyberbully - INFO -   device         : cuda
2026-04-08 16:59:56,338 - cyberbully - INFO -   output_dir     : experiments/grid-search/answerdotai_ModernBERT-base/ieee/prep1_aug0/seed_90995999
2026-04-08 16:59:56,338 - cyberbully - INFO - ============================================================
2026-04-08 16:59:56,338 - cyberbully - INFO - Step 1: Preparing data...
2026-04-08 16:59:56,341 - cyberbully - INFO - Loaded pre-split data from dataset/ieee — train: 1348, val: 338, test: 422
2026-04-08 16:59:56,341 - cyberbully - INFO - Label mapping: {'Cyberstalking': 0, 'Doxing': 1, 'Revenge Porn': 2, 'Sexual Harassment': 3, 'Slut Shaming': 4}
2026-04-08 16:59:56,341 - cyberbully - INFO - Applying text preprocessing per split...
2026-04-08 17:00:00,317 - cyberbully - INFO - After preprocessing — train: 1172, val: 305, test: 378
2026-04-08 17:00:00,319 - cyberbully - INFO - Number of classes: 5
2026-04-08 17:00:00,320 - cyberbully - INFO - Step 2: Loading model and tokenizer...
2026-04-08 17:00:00,320 - cyberbully - INFO - Loading model 'answerdotai/ModernBERT-base' with 5 labels (sbert=False, supcon=False)
2026-04-08 17:00:01,997 - cyberbully - INFO - Step 3: Creating datasets...
2026-04-08 17:00:02,026 - cyberbully - INFO - Dataset sizes — train: 1172, val: 305, test: 378
2026-04-08 17:00:02,026 - cyberbully - INFO - Step 4: Training...
2026-04-08 17:00:02,288 - cyberbully - INFO - Starting training...
2026-04-08 17:01:27,844 - cyberbully - INFO - Training complete.
2026-04-08 17:01:27,973 - cyberbully - INFO - Removed checkpoint: experiments/grid-search/answerdotai_ModernBERT-base/ieee/prep1_aug0/seed_90995999/checkpoint-111
2026-04-08 17:01:28,081 - cyberbully - INFO - Removed checkpoint: experiments/grid-search/answerdotai_ModernBERT-base/ieee/prep1_aug0/seed_90995999/checkpoint-370
2026-04-08 17:01:28,170 - cyberbully - INFO - Removed checkpoint: experiments/grid-search/answerdotai_ModernBERT-base/ieee/prep1_aug0/seed_90995999/checkpoint-37
2026-04-08 17:01:29,064 - cyberbully - INFO - Removed checkpoint: experiments/grid-search/answerdotai_ModernBERT-base/ieee/prep1_aug0/seed_90995999/checkpoint-148
2026-04-08 17:01:29,176 - cyberbully - INFO - Removed checkpoint: experiments/grid-search/answerdotai_ModernBERT-base/ieee/prep1_aug0/seed_90995999/checkpoint-296
2026-04-08 17:01:29,276 - cyberbully - INFO - Removed checkpoint: experiments/grid-search/answerdotai_ModernBERT-base/ieee/prep1_aug0/seed_90995999/checkpoint-333
2026-04-08 17:01:29,622 - cyberbully - INFO - Removed checkpoint: experiments/grid-search/answerdotai_ModernBERT-base/ieee/prep1_aug0/seed_90995999/checkpoint-185
2026-04-08 17:01:29,722 - cyberbully - INFO - Removed checkpoint: experiments/grid-search/answerdotai_ModernBERT-base/ieee/prep1_aug0/seed_90995999/checkpoint-222
2026-04-08 17:01:29,821 - cyberbully - INFO - Removed checkpoint: experiments/grid-search/answerdotai_ModernBERT-base/ieee/prep1_aug0/seed_90995999/checkpoint-259
2026-04-08 17:01:29,902 - cyberbully - INFO - Removed checkpoint: experiments/grid-search/answerdotai_ModernBERT-base/ieee/prep1_aug0/seed_90995999/checkpoint-74
2026-04-08 17:01:29,902 - cyberbully - INFO - Step 5: Evaluating on test set...
2026-04-08 17:01:36,384 - cyberbully - INFO - Metrics saved to experiments/grid-search/answerdotai_ModernBERT-base/ieee/prep1_aug0/seed_90995999/metrics.json
2026-04-08 17:01:36,384 - cyberbully - INFO - Confusion matrix saved to experiments/grid-search/answerdotai_ModernBERT-base/ieee/prep1_aug0/seed_90995999/confusion_matrix.json
2026-04-08 17:01:36,388 - cyberbully - INFO - Per-sample predictions saved to experiments/grid-search/answerdotai_ModernBERT-base/ieee/prep1_aug0/seed_90995999/predictions.json
2026-04-08 17:01:36,488 - cyberbully - INFO - Confusion matrix figure saved to experiments/grid-search/answerdotai_ModernBERT-base/ieee/prep1_aug0/seed_90995999/confusion_matrix.pdf
2026-04-08 17:01:36,488 - cyberbully - INFO - Accuracy: 0.8122
2026-04-08 17:01:36,488 - cyberbully - INFO - Weighted F1: 0.8121
2026-04-08 17:01:36,488 - cyberbully - INFO - Micro F1: 0.8122
2026-04-08 17:01:36,488 - cyberbully - INFO - Inference time: 0.36 seconds
2026-04-08 17:01:36,488 - cyberbully - INFO - Energy consumption: 0.000041 kWh
2026-04-08 17:01:36,489 - cyberbully - INFO - ============================================================
2026-04-08 17:01:36,489 - cyberbully - INFO - Pipeline complete. Results saved to: experiments/grid-search/answerdotai_ModernBERT-base/ieee/prep1_aug0/seed_90995999
2026-04-08 17:01:36,489 - cyberbully - INFO - ============================================================
