2026-04-13 05:12:08,207 - cyberbully - INFO - ============================================================
2026-04-13 05:12:08,207 - cyberbully - INFO - Cyberbullying Detection Pipeline
2026-04-13 05:12:08,207 - cyberbully - INFO - ============================================================
2026-04-13 05:12:08,207 - cyberbully - INFO - Configuration:
2026-04-13 05:12:08,207 - cyberbully - INFO -   model          : Twitter/twhin-bert-base
2026-04-13 05:12:08,207 - cyberbully - INFO -   dataset        : ieee
2026-04-13 05:12:08,207 - cyberbully - INFO -   preprocess     : True
2026-04-13 05:12:08,207 - cyberbully - INFO -   augment        : True
2026-04-13 05:12:08,207 - cyberbully - INFO -   compute_attribution: False
2026-04-13 05:12:08,207 - cyberbully - INFO -   seed           : 37622020
2026-04-13 05:12:08,207 - cyberbully - INFO -   epochs         : 10
2026-04-13 05:12:08,207 - cyberbully - INFO -   batch_size     : 32
2026-04-13 05:12:08,207 - cyberbully - INFO -   lr             : 5e-05
2026-04-13 05:12:08,207 - cyberbully - INFO -   max_length     : 128
2026-04-13 05:12:08,207 - cyberbully - INFO -   output_dir     : grid-search
2026-04-13 05:12:08,207 - cyberbully - INFO -   data_dir       : dataset
2026-04-13 05:12:08,207 - cyberbully - INFO -   sbert          : False
2026-04-13 05:12:08,207 - cyberbully - INFO -   supcon         : False
2026-04-13 05:12:08,207 - cyberbully - INFO -   supcon_weight  : 0.1
2026-04-13 05:12:08,207 - cyberbully - INFO -   proj_dim       : 128
2026-04-13 05:12:08,207 - cyberbully - INFO -   grad_accum_steps: 1
2026-04-13 05:12:08,207 - cyberbully - INFO -   overwrite      : False
2026-04-13 05:12:08,207 - cyberbully - INFO -   device         : cuda
2026-04-13 05:12:08,207 - cyberbully - INFO -   output_dir     : experiments/grid-search/Twitter_twhin-bert-base/ieee/prep1_aug1/seed_37622020
2026-04-13 05:12:08,207 - cyberbully - INFO - ============================================================
2026-04-13 05:12:08,207 - cyberbully - INFO - Step 1: Preparing data...
2026-04-13 05:12:08,211 - cyberbully - INFO - Loaded pre-split data from dataset/ieee — train: 1348, val: 338, test: 422
2026-04-13 05:12:08,211 - cyberbully - INFO - Label mapping: {'Cyberstalking': 0, 'Doxing': 1, 'Revenge Porn': 2, 'Sexual Harassment': 3, 'Slut Shaming': 4}
2026-04-13 05:12:08,211 - cyberbully - INFO - Applying text preprocessing per split...
2026-04-13 05:12:12,208 - cyberbully - INFO - After preprocessing — train: 1174, val: 304, test: 377
2026-04-13 05:12:12,209 - cyberbully - INFO - Applying training data augmentation (oversampling)...
2026-04-13 05:12:12,210 - cyberbully - INFO - After oversampling — class distribution: {0: 288, 1: 288, 2: 288, 3: 288, 4: 288}
2026-04-13 05:12:12,211 - cyberbully - INFO - Number of classes: 5
2026-04-13 05:12:12,212 - cyberbully - INFO - Step 2: Loading model and tokenizer...
2026-04-13 05:12:12,212 - cyberbully - INFO - Loading model 'Twitter/twhin-bert-base' with 5 labels (sbert=False, supcon=False)
2026-04-13 05:12:13,778 - cyberbully - INFO - Step 3: Creating datasets...
2026-04-13 05:12:13,802 - cyberbully - INFO - Dataset sizes — train: 1440, val: 304, test: 377
2026-04-13 05:12:13,803 - cyberbully - INFO - Step 4: Training...
2026-04-13 05:12:14,127 - cyberbully - INFO - Starting training...
2026-04-13 05:23:36,857 - cyberbully - INFO - Training complete.
2026-04-13 05:23:37,020 - cyberbully - INFO - Removed checkpoint: experiments/grid-search/Twitter_twhin-bert-base/ieee/prep1_aug1/seed_37622020/checkpoint-90
2026-04-13 05:23:37,176 - cyberbully - INFO - Removed checkpoint: experiments/grid-search/Twitter_twhin-bert-base/ieee/prep1_aug1/seed_37622020/checkpoint-180
2026-04-13 05:23:37,336 - cyberbully - INFO - Removed checkpoint: experiments/grid-search/Twitter_twhin-bert-base/ieee/prep1_aug1/seed_37622020/checkpoint-225
2026-04-13 05:23:37,494 - cyberbully - INFO - Removed checkpoint: experiments/grid-search/Twitter_twhin-bert-base/ieee/prep1_aug1/seed_37622020/checkpoint-135
2026-04-13 05:23:37,659 - cyberbully - INFO - Removed checkpoint: experiments/grid-search/Twitter_twhin-bert-base/ieee/prep1_aug1/seed_37622020/checkpoint-315
2026-04-13 05:23:38,793 - cyberbully - INFO - Removed checkpoint: experiments/grid-search/Twitter_twhin-bert-base/ieee/prep1_aug1/seed_37622020/checkpoint-450
2026-04-13 05:23:38,975 - cyberbully - INFO - Removed checkpoint: experiments/grid-search/Twitter_twhin-bert-base/ieee/prep1_aug1/seed_37622020/checkpoint-360
2026-04-13 05:23:39,145 - cyberbully - INFO - Removed checkpoint: experiments/grid-search/Twitter_twhin-bert-base/ieee/prep1_aug1/seed_37622020/checkpoint-45
2026-04-13 05:23:39,412 - cyberbully - INFO - Removed checkpoint: experiments/grid-search/Twitter_twhin-bert-base/ieee/prep1_aug1/seed_37622020/checkpoint-270
2026-04-13 05:23:39,590 - cyberbully - INFO - Removed checkpoint: experiments/grid-search/Twitter_twhin-bert-base/ieee/prep1_aug1/seed_37622020/checkpoint-405
2026-04-13 05:23:39,590 - cyberbully - INFO - Step 5: Evaluating on test set...
2026-04-13 05:23:44,536 - cyberbully - INFO - Metrics saved to experiments/grid-search/Twitter_twhin-bert-base/ieee/prep1_aug1/seed_37622020/metrics.json
2026-04-13 05:23:44,536 - cyberbully - INFO - Confusion matrix saved to experiments/grid-search/Twitter_twhin-bert-base/ieee/prep1_aug1/seed_37622020/confusion_matrix.json
2026-04-13 05:23:44,540 - cyberbully - INFO - Per-sample predictions saved to experiments/grid-search/Twitter_twhin-bert-base/ieee/prep1_aug1/seed_37622020/predictions.json
2026-04-13 05:23:44,641 - cyberbully - INFO - Confusion matrix figure saved to experiments/grid-search/Twitter_twhin-bert-base/ieee/prep1_aug1/seed_37622020/confusion_matrix.pdf
2026-04-13 05:23:44,641 - cyberbully - INFO - Accuracy: 0.7905
2026-04-13 05:23:44,641 - cyberbully - INFO - Weighted F1: 0.7929
2026-04-13 05:23:44,642 - cyberbully - INFO - Micro F1: 0.7905
2026-04-13 05:23:44,642 - cyberbully - INFO - Inference time: 0.28 seconds
2026-04-13 05:23:44,642 - cyberbully - INFO - Energy consumption: 0.000016 kWh
2026-04-13 05:23:44,642 - cyberbully - INFO - ============================================================
2026-04-13 05:23:44,642 - cyberbully - INFO - Pipeline complete. Results saved to: experiments/grid-search/Twitter_twhin-bert-base/ieee/prep1_aug1/seed_37622020
2026-04-13 05:23:44,642 - cyberbully - INFO - ============================================================
