2026-03-19 17:25:32,646 - cyberbully - INFO - ============================================================
2026-03-19 17:25:32,646 - cyberbully - INFO - Cyberbullying Detection Pipeline
2026-03-19 17:25:32,647 - cyberbully - INFO - ============================================================
2026-03-19 17:25:32,647 - cyberbully - INFO - Configuration:
2026-03-19 17:25:32,647 - cyberbully - INFO -   model          : roberta-base
2026-03-19 17:25:32,647 - cyberbully - INFO -   dataset        : kaggle
2026-03-19 17:25:32,647 - cyberbully - INFO -   preprocess     : True
2026-03-19 17:25:32,647 - cyberbully - INFO -   augment        : False
2026-03-19 17:25:32,647 - cyberbully - INFO -   compute_attribution: False
2026-03-19 17:25:32,647 - cyberbully - INFO -   seed           : 43782163
2026-03-19 17:25:32,647 - cyberbully - INFO -   epochs         : 10
2026-03-19 17:25:32,647 - cyberbully - INFO -   batch_size     : 32
2026-03-19 17:25:32,647 - cyberbully - INFO -   lr             : 5e-05
2026-03-19 17:25:32,647 - cyberbully - INFO -   max_length     : 128
2026-03-19 17:25:32,647 - cyberbully - INFO -   output_dir     : baseline-light
2026-03-19 17:25:32,647 - cyberbully - INFO -   data_dir       : dataset
2026-03-19 17:25:32,647 - cyberbully - INFO -   sbert          : False
2026-03-19 17:25:32,647 - cyberbully - INFO -   supcon         : False
2026-03-19 17:25:32,647 - cyberbully - INFO -   supcon_weight  : 0.1
2026-03-19 17:25:32,647 - cyberbully - INFO -   proj_dim       : 128
2026-03-19 17:25:32,647 - cyberbully - INFO -   grad_accum_steps: 1
2026-03-19 17:25:32,647 - cyberbully - INFO -   overwrite      : False
2026-03-19 17:25:32,647 - cyberbully - INFO -   device         : cuda
2026-03-19 17:25:32,647 - cyberbully - INFO -   output_dir     : experiments/baseline-light/roberta-base/kaggle/prep1_aug0/seed_43782163
2026-03-19 17:25:32,647 - cyberbully - INFO - ============================================================
2026-03-19 17:25:32,647 - cyberbully - INFO - Step 1: Preparing data...
2026-03-19 17:25:32,699 - cyberbully - INFO - Loaded pre-split data from dataset/kaggle — train: 30499, val: 7625, test: 9532
2026-03-19 17:25:32,699 - cyberbully - INFO - Label mapping: {'age': 0, 'ethnicity': 1, 'gender': 2, 'not_cyberbullying': 3, 'other_cyberbullying': 4, 'religion': 5}
2026-03-19 17:25:32,699 - cyberbully - INFO - Applying text preprocessing per split...
2026-03-19 17:25:35,035 - cyberbully - INFO - After preprocessing — train: 30499, val: 7625, test: 9532
2026-03-19 17:25:35,047 - cyberbully - INFO - Number of classes: 6
2026-03-19 17:25:35,048 - cyberbully - INFO - Step 2: Loading model and tokenizer...
2026-03-19 17:25:35,049 - cyberbully - INFO - Loading model 'roberta-base' with 6 labels (sbert=False, supcon=False)
2026-03-19 17:25:35,862 - cyberbully - INFO - Step 3: Creating datasets...
2026-03-19 17:25:36,516 - cyberbully - INFO - Dataset sizes — train: 30499, val: 7625, test: 9532
2026-03-19 17:25:36,516 - cyberbully - INFO - Step 4: Training...
2026-03-19 17:25:36,654 - cyberbully - INFO - Starting training...
2026-03-19 17:36:47,359 - cyberbully - INFO - Training complete.
2026-03-19 17:36:47,453 - cyberbully - INFO - Removed checkpoint: experiments/baseline-light/roberta-base/kaggle/prep1_aug0/seed_43782163/checkpoint-1908
2026-03-19 17:36:47,544 - cyberbully - INFO - Removed checkpoint: experiments/baseline-light/roberta-base/kaggle/prep1_aug0/seed_43782163/checkpoint-4770
2026-03-19 17:36:47,634 - cyberbully - INFO - Removed checkpoint: experiments/baseline-light/roberta-base/kaggle/prep1_aug0/seed_43782163/checkpoint-9540
2026-03-19 17:36:47,724 - cyberbully - INFO - Removed checkpoint: experiments/baseline-light/roberta-base/kaggle/prep1_aug0/seed_43782163/checkpoint-2862
2026-03-19 17:36:47,811 - cyberbully - INFO - Removed checkpoint: experiments/baseline-light/roberta-base/kaggle/prep1_aug0/seed_43782163/checkpoint-7632
2026-03-19 17:36:47,901 - cyberbully - INFO - Removed checkpoint: experiments/baseline-light/roberta-base/kaggle/prep1_aug0/seed_43782163/checkpoint-3816
2026-03-19 17:36:47,989 - cyberbully - INFO - Removed checkpoint: experiments/baseline-light/roberta-base/kaggle/prep1_aug0/seed_43782163/checkpoint-5724
2026-03-19 17:36:48,090 - cyberbully - INFO - Removed checkpoint: experiments/baseline-light/roberta-base/kaggle/prep1_aug0/seed_43782163/checkpoint-954
2026-03-19 17:36:48,178 - cyberbully - INFO - Removed checkpoint: experiments/baseline-light/roberta-base/kaggle/prep1_aug0/seed_43782163/checkpoint-8586
2026-03-19 17:36:48,266 - cyberbully - INFO - Removed checkpoint: experiments/baseline-light/roberta-base/kaggle/prep1_aug0/seed_43782163/checkpoint-6678
2026-03-19 17:36:48,266 - cyberbully - INFO - Step 5: Evaluating on test set...
2026-03-19 17:36:57,571 - cyberbully - INFO - Metrics saved to experiments/baseline-light/roberta-base/kaggle/prep1_aug0/seed_43782163/metrics.json
2026-03-19 17:36:57,571 - cyberbully - INFO - Confusion matrix saved to experiments/baseline-light/roberta-base/kaggle/prep1_aug0/seed_43782163/confusion_matrix.json
2026-03-19 17:36:57,676 - cyberbully - INFO - Per-sample predictions saved to experiments/baseline-light/roberta-base/kaggle/prep1_aug0/seed_43782163/predictions.json
2026-03-19 17:36:57,792 - cyberbully - INFO - Confusion matrix figure saved to experiments/baseline-light/roberta-base/kaggle/prep1_aug0/seed_43782163/confusion_matrix.pdf
2026-03-19 17:36:57,792 - cyberbully - INFO - Accuracy: 0.8651
2026-03-19 17:36:57,792 - cyberbully - INFO - Weighted F1: 0.8625
2026-03-19 17:36:57,792 - cyberbully - INFO - Micro F1: 0.8651
2026-03-19 17:36:57,792 - cyberbully - INFO - Inference time: 4.06 seconds
2026-03-19 17:36:57,792 - cyberbully - INFO - Energy consumption: 0.000217 kWh
2026-03-19 17:36:57,794 - cyberbully - INFO - ============================================================
2026-03-19 17:36:57,794 - cyberbully - INFO - Pipeline complete. Results saved to: experiments/baseline-light/roberta-base/kaggle/prep1_aug0/seed_43782163
2026-03-19 17:36:57,794 - cyberbully - INFO - ============================================================
