2026-02-17 17:28:17,138 - cyberbully - INFO - ============================================================
2026-02-17 17:28:17,138 - cyberbully - INFO - Cyberbullying Detection Pipeline
2026-02-17 17:28:17,138 - cyberbully - INFO - ============================================================
2026-02-17 17:28:17,138 - cyberbully - INFO - Configuration:
2026-02-17 17:28:17,138 - cyberbully - INFO -   model          : Twitter/twhin-bert-base
2026-02-17 17:28:17,138 - cyberbully - INFO -   dataset        : kaggle
2026-02-17 17:28:17,138 - cyberbully - INFO -   preprocess     : False
2026-02-17 17:28:17,138 - cyberbully - INFO -   augment        : False
2026-02-17 17:28:17,138 - cyberbully - INFO -   compute_attribution: False
2026-02-17 17:28:17,138 - cyberbully - INFO -   seed           : 37622020
2026-02-17 17:28:17,138 - cyberbully - INFO -   epochs         : 5
2026-02-17 17:28:17,138 - cyberbully - INFO -   batch_size     : 16
2026-02-17 17:28:17,138 - cyberbully - INFO -   lr             : 2e-05
2026-02-17 17:28:17,138 - cyberbully - INFO -   max_length     : 128
2026-02-17 17:28:17,138 - cyberbully - INFO -   output_dir     : domain-model
2026-02-17 17:28:17,138 - cyberbully - INFO -   data_dir       : dataset
2026-02-17 17:28:17,138 - cyberbully - INFO -   sbert          : False
2026-02-17 17:28:17,138 - cyberbully - INFO -   overwrite      : False
2026-02-17 17:28:17,138 - cyberbully - INFO -   device         : cuda
2026-02-17 17:28:17,138 - cyberbully - INFO -   output_dir     : experiments/domain-model/Twitter_twhin-bert-base/kaggle/prep0_aug0/seed_37622020
2026-02-17 17:28:17,138 - cyberbully - INFO - ============================================================
2026-02-17 17:28:17,138 - cyberbully - INFO - Step 1: Preparing data...
2026-02-17 17:28:17,138 - cyberbully - INFO - Loading dataset 'kaggle' from dataset/Kaggle.csv
2026-02-17 17:28:17,196 - cyberbully - INFO - Loaded 47656 samples with 6 classes: ['age', 'ethnicity', 'gender', 'not_cyberbullying', 'other_cyberbullying', 'religion']
2026-02-17 17:28:17,198 - cyberbully - INFO - Label mapping: {'age': 0, 'ethnicity': 1, 'gender': 2, 'not_cyberbullying': 3, 'other_cyberbullying': 4, 'religion': 5}
2026-02-17 17:28:17,211 - cyberbully - INFO - Split sizes — train: 30499, val: 7625, test: 9532
2026-02-17 17:28:17,211 - cyberbully - INFO - Number of classes: 6
2026-02-17 17:28:17,213 - cyberbully - INFO - Step 2: Loading model and tokenizer...
2026-02-17 17:28:17,213 - cyberbully - INFO - Loading model 'Twitter/twhin-bert-base' with 6 labels (sbert=False)
2026-02-17 17:28:18,707 - cyberbully - INFO - Step 3: Creating datasets...
2026-02-17 17:28:19,466 - cyberbully - INFO - Dataset sizes — train: 30499, val: 7625, test: 9532
2026-02-17 17:28:19,466 - cyberbully - INFO - Step 4: Training...
2026-02-17 17:28:19,756 - cyberbully - INFO - Starting training...
2026-02-17 17:42:18,959 - cyberbully - INFO - Training complete.
2026-02-17 17:42:18,959 - cyberbully - INFO - Step 5: Evaluating on test set...
2026-02-17 17:42:31,188 - cyberbully - INFO - Metrics saved to experiments/domain-model/Twitter_twhin-bert-base/kaggle/prep0_aug0/seed_37622020/metrics.json
2026-02-17 17:42:31,188 - cyberbully - INFO - Confusion matrix saved to experiments/domain-model/Twitter_twhin-bert-base/kaggle/prep0_aug0/seed_37622020/confusion_matrix.json
2026-02-17 17:42:31,301 - cyberbully - INFO - Confusion matrix figure saved to experiments/domain-model/Twitter_twhin-bert-base/kaggle/prep0_aug0/seed_37622020/confusion_matrix.pdf
2026-02-17 17:42:31,301 - cyberbully - INFO - Accuracy: 0.8748
2026-02-17 17:42:31,301 - cyberbully - INFO - Weighted F1: 0.8737
2026-02-17 17:42:31,301 - cyberbully - INFO - Micro F1: 0.8748
2026-02-17 17:42:31,301 - cyberbully - INFO - Inference time: 7.91 seconds
2026-02-17 17:42:31,301 - cyberbully - INFO - Energy consumption: 0.000469 kWh
2026-02-17 17:42:31,301 - cyberbully - INFO - ============================================================
2026-02-17 17:42:31,301 - cyberbully - INFO - Pipeline complete. Results saved to: experiments/domain-model/Twitter_twhin-bert-base/kaggle/prep0_aug0/seed_37622020
2026-02-17 17:42:31,301 - cyberbully - INFO - ============================================================
