2026-05-19 04:12:32,619 - cyberbully - INFO - ============================================================
2026-05-19 04:12:32,619 - cyberbully - INFO - Cyberbullying Detection Pipeline
2026-05-19 04:12:32,619 - cyberbully - INFO - ============================================================
2026-05-19 04:12:32,619 - cyberbully - INFO - Configuration:
2026-05-19 04:12:32,619 - cyberbully - INFO -   model          : albert/albert-base-v2
2026-05-19 04:12:32,619 - cyberbully - INFO -   dataset        : ieee
2026-05-19 04:12:32,619 - cyberbully - INFO -   preprocess     : True
2026-05-19 04:12:32,619 - cyberbully - INFO -   augment        : False
2026-05-19 04:12:32,619 - cyberbully - INFO -   compute_attribution: False
2026-05-19 04:12:32,619 - cyberbully - INFO -   seed           : 70681460
2026-05-19 04:12:32,619 - cyberbully - INFO -   epochs         : 10
2026-05-19 04:12:32,619 - cyberbully - INFO -   batch_size     : 32
2026-05-19 04:12:32,619 - cyberbully - INFO -   lr             : 5e-05
2026-05-19 04:12:32,619 - cyberbully - INFO -   max_length     : 128
2026-05-19 04:12:32,619 - cyberbully - INFO -   output_dir     : verification
2026-05-19 04:12:32,619 - cyberbully - INFO -   data_dir       : dataset
2026-05-19 04:12:32,619 - cyberbully - INFO -   sbert          : False
2026-05-19 04:12:32,619 - cyberbully - INFO -   supcon         : False
2026-05-19 04:12:32,619 - cyberbully - INFO -   supcon_weight  : 0.1
2026-05-19 04:12:32,619 - cyberbully - INFO -   proj_dim       : 128
2026-05-19 04:12:32,619 - cyberbully - INFO -   grad_accum_steps: 1
2026-05-19 04:12:32,619 - cyberbully - INFO -   overwrite      : True
2026-05-19 04:12:32,620 - cyberbully - INFO -   device         : cuda
2026-05-19 04:12:32,620 - cyberbully - INFO -   output_dir     : experiments/verification/albert_albert-base-v2/ieee/prep1_aug0/seed_70681460
2026-05-19 04:12:32,620 - cyberbully - INFO - ============================================================
2026-05-19 04:12:32,620 - cyberbully - INFO - Step 1: Preparing data...
2026-05-19 04:12:32,623 - cyberbully - INFO - Loaded pre-split data from dataset/ieee — train: 1348, val: 338, test: 422
2026-05-19 04:12:32,623 - cyberbully - INFO - Label mapping: {'Cyberstalking': 0, 'Doxing': 1, 'Revenge Porn': 2, 'Sexual Harassment': 3, 'Slut Shaming': 4}
2026-05-19 04:12:32,624 - cyberbully - INFO - Applying text preprocessing per split...
2026-05-19 04:12:35,843 - cyberbully - INFO - After preprocessing -- train: 1175, val: 305, test: 375
2026-05-19 04:12:35,844 - cyberbully - INFO - Number of classes: 5
2026-05-19 04:12:35,845 - cyberbully - INFO - Step 2: Loading model and tokenizer...
2026-05-19 04:12:35,846 - cyberbully - INFO - Loading model 'albert/albert-base-v2' with 5 labels (sbert=False, supcon=False)
2026-05-19 04:12:36,555 - cyberbully - INFO - Step 3: Creating datasets...
2026-05-19 04:12:36,577 - cyberbully - INFO - Dataset sizes — train: 1175, val: 305, test: 375
2026-05-19 04:12:36,577 - cyberbully - INFO - Step 4: Training...
2026-05-19 04:12:36,659 - cyberbully - INFO - Starting training...
2026-05-19 04:13:14,235 - cyberbully - INFO - Training complete.
2026-05-19 04:13:14,246 - cyberbully - INFO - Removed checkpoint: experiments/verification/albert_albert-base-v2/ieee/prep1_aug0/seed_70681460/checkpoint-74
2026-05-19 04:13:14,256 - cyberbully - INFO - Removed checkpoint: experiments/verification/albert_albert-base-v2/ieee/prep1_aug0/seed_70681460/checkpoint-259
2026-05-19 04:13:14,268 - cyberbully - INFO - Removed checkpoint: experiments/verification/albert_albert-base-v2/ieee/prep1_aug0/seed_70681460/checkpoint-185
2026-05-19 04:13:14,279 - cyberbully - INFO - Removed checkpoint: experiments/verification/albert_albert-base-v2/ieee/prep1_aug0/seed_70681460/checkpoint-37
2026-05-19 04:13:14,290 - cyberbully - INFO - Removed checkpoint: experiments/verification/albert_albert-base-v2/ieee/prep1_aug0/seed_70681460/checkpoint-370
2026-05-19 04:13:14,303 - cyberbully - INFO - Removed checkpoint: experiments/verification/albert_albert-base-v2/ieee/prep1_aug0/seed_70681460/checkpoint-222
2026-05-19 04:13:14,314 - cyberbully - INFO - Removed checkpoint: experiments/verification/albert_albert-base-v2/ieee/prep1_aug0/seed_70681460/checkpoint-296
2026-05-19 04:13:14,327 - cyberbully - INFO - Removed checkpoint: experiments/verification/albert_albert-base-v2/ieee/prep1_aug0/seed_70681460/checkpoint-111
2026-05-19 04:13:14,339 - cyberbully - INFO - Removed checkpoint: experiments/verification/albert_albert-base-v2/ieee/prep1_aug0/seed_70681460/checkpoint-148
2026-05-19 04:13:14,350 - cyberbully - INFO - Removed checkpoint: experiments/verification/albert_albert-base-v2/ieee/prep1_aug0/seed_70681460/checkpoint-333
2026-05-19 04:13:14,350 - cyberbully - INFO - Step 5: Evaluating on test set...
2026-05-19 04:13:20,681 - cyberbully - INFO - Metrics saved to experiments/verification/albert_albert-base-v2/ieee/prep1_aug0/seed_70681460/metrics.json
2026-05-19 04:13:20,681 - cyberbully - INFO - Confusion matrix saved to experiments/verification/albert_albert-base-v2/ieee/prep1_aug0/seed_70681460/confusion_matrix.json
2026-05-19 04:13:20,685 - cyberbully - INFO - Per-sample predictions saved to experiments/verification/albert_albert-base-v2/ieee/prep1_aug0/seed_70681460/predictions.json
2026-05-19 04:13:20,795 - cyberbully - INFO - Confusion matrix figure saved to experiments/verification/albert_albert-base-v2/ieee/prep1_aug0/seed_70681460/confusion_matrix.pdf
2026-05-19 04:13:20,795 - cyberbully - INFO - Accuracy: 0.7947
2026-05-19 04:13:20,795 - cyberbully - INFO - Weighted F1: 0.7969
2026-05-19 04:13:20,795 - cyberbully - INFO - Micro F1: 0.7947
2026-05-19 04:13:20,795 - cyberbully - INFO - Inference time: 0.36 seconds
2026-05-19 04:13:20,795 - cyberbully - INFO - Energy consumption: 0.000032 kWh
2026-05-19 04:13:20,795 - cyberbully - INFO - ============================================================
2026-05-19 04:13:20,795 - cyberbully - INFO - Pipeline complete. Results saved to: experiments/verification/albert_albert-base-v2/ieee/prep1_aug0/seed_70681460
2026-05-19 04:13:20,795 - cyberbully - INFO - ============================================================
