2026-05-22 10:47:47,107 - cyberbully - INFO - Model 'all-distilroberta-v1' detected as SBERT-based. Using SBERTClassifier pipeline.
2026-05-22 10:47:47,107 - cyberbully - INFO - ============================================================
2026-05-22 10:47:47,107 - cyberbully - INFO - Cyberbullying Detection Pipeline
2026-05-22 10:47:47,107 - cyberbully - INFO - ============================================================
2026-05-22 10:47:47,107 - cyberbully - INFO - Configuration:
2026-05-22 10:47:47,107 - cyberbully - INFO -   model          : all-distilroberta-v1
2026-05-22 10:47:47,107 - cyberbully - INFO -   dataset        : ieee
2026-05-22 10:47:47,107 - cyberbully - INFO -   preprocess     : True
2026-05-22 10:47:47,107 - cyberbully - INFO -   augment        : False
2026-05-22 10:47:47,107 - cyberbully - INFO -   compute_attribution: False
2026-05-22 10:47:47,107 - cyberbully - INFO -   seed           : 43782163
2026-05-22 10:47:47,107 - cyberbully - INFO -   epochs         : 10
2026-05-22 10:47:47,107 - cyberbully - INFO -   batch_size     : 32
2026-05-22 10:47:47,107 - cyberbully - INFO -   lr             : 5e-05
2026-05-22 10:47:47,107 - cyberbully - INFO -   max_length     : 128
2026-05-22 10:47:47,107 - cyberbully - INFO -   output_dir     : grid-search
2026-05-22 10:47:47,107 - cyberbully - INFO -   data_dir       : dataset
2026-05-22 10:47:47,107 - cyberbully - INFO -   sbert          : True
2026-05-22 10:47:47,107 - cyberbully - INFO -   supcon         : False
2026-05-22 10:47:47,107 - cyberbully - INFO -   supcon_weight  : 0.1
2026-05-22 10:47:47,107 - cyberbully - INFO -   proj_dim       : 128
2026-05-22 10:47:47,107 - cyberbully - INFO -   grad_accum_steps: 1
2026-05-22 10:47:47,107 - cyberbully - INFO -   overwrite      : True
2026-05-22 10:47:47,107 - cyberbully - INFO -   device         : cuda
2026-05-22 10:47:47,107 - cyberbully - INFO -   output_dir     : experiments/grid-search/all-distilroberta-v1/ieee/prep1_aug0/seed_43782163
2026-05-22 10:47:47,107 - cyberbully - INFO - ============================================================
2026-05-22 10:47:47,108 - cyberbully - INFO - Step 1: Preparing data...
2026-05-22 10:47:47,111 - cyberbully - INFO - Loaded pre-split data from dataset/ieee — train: 1348, val: 338, test: 422
2026-05-22 10:47:47,111 - cyberbully - INFO - Label mapping: {'Cyberstalking': 0, 'Doxing': 1, 'Revenge Porn': 2, 'Sexual Harassment': 3, 'Slut Shaming': 4}
2026-05-22 10:47:47,112 - cyberbully - INFO - Applying text preprocessing per split...
2026-05-22 10:47:48,602 - cyberbully - INFO - After preprocessing -- train: 1348, val: 338, test: 422
2026-05-22 10:47:48,604 - cyberbully - INFO - Number of classes: 5
2026-05-22 10:47:48,605 - cyberbully - INFO - Step 2: Loading model and tokenizer...
2026-05-22 10:47:48,605 - cyberbully - INFO - Loading model 'all-distilroberta-v1' with 5 labels (sbert=True, supcon=False)
2026-05-22 10:47:52,602 - cyberbully - INFO - SBERTClassifier: embedding_dim=768, hidden=256, proj_dim=None, num_labels=5
2026-05-22 10:47:53,197 - cyberbully - INFO - Step 3: Creating datasets...
2026-05-22 10:47:53,219 - cyberbully - INFO - Dataset sizes — train: 1348, val: 338, test: 422
2026-05-22 10:47:53,219 - cyberbully - INFO - Step 4: Training...
2026-05-22 10:47:53,260 - cyberbully - INFO - Starting training...
2026-05-22 10:48:20,695 - cyberbully - INFO - Training complete.
2026-05-22 10:48:20,750 - cyberbully - INFO - Removed checkpoint: experiments/grid-search/all-distilroberta-v1/ieee/prep1_aug0/seed_43782163/checkpoint-172
2026-05-22 10:48:20,806 - cyberbully - INFO - Removed checkpoint: experiments/grid-search/all-distilroberta-v1/ieee/prep1_aug0/seed_43782163/checkpoint-258
2026-05-22 10:48:20,863 - cyberbully - INFO - Removed checkpoint: experiments/grid-search/all-distilroberta-v1/ieee/prep1_aug0/seed_43782163/checkpoint-387
2026-05-22 10:48:20,919 - cyberbully - INFO - Removed checkpoint: experiments/grid-search/all-distilroberta-v1/ieee/prep1_aug0/seed_43782163/checkpoint-43
2026-05-22 10:48:20,975 - cyberbully - INFO - Removed checkpoint: experiments/grid-search/all-distilroberta-v1/ieee/prep1_aug0/seed_43782163/checkpoint-430
2026-05-22 10:48:21,032 - cyberbully - INFO - Removed checkpoint: experiments/grid-search/all-distilroberta-v1/ieee/prep1_aug0/seed_43782163/checkpoint-301
2026-05-22 10:48:21,088 - cyberbully - INFO - Removed checkpoint: experiments/grid-search/all-distilroberta-v1/ieee/prep1_aug0/seed_43782163/checkpoint-344
2026-05-22 10:48:21,144 - cyberbully - INFO - Removed checkpoint: experiments/grid-search/all-distilroberta-v1/ieee/prep1_aug0/seed_43782163/checkpoint-129
2026-05-22 10:48:21,255 - cyberbully - INFO - Removed checkpoint: experiments/grid-search/all-distilroberta-v1/ieee/prep1_aug0/seed_43782163/checkpoint-215
2026-05-22 10:48:22,245 - cyberbully - INFO - Removed checkpoint: experiments/grid-search/all-distilroberta-v1/ieee/prep1_aug0/seed_43782163/checkpoint-86
2026-05-22 10:48:22,245 - cyberbully - INFO - Step 5: Evaluating on test set...
2026-05-22 10:48:28,474 - cyberbully - INFO - Metrics saved to experiments/grid-search/all-distilroberta-v1/ieee/prep1_aug0/seed_43782163/metrics.json
2026-05-22 10:48:28,474 - cyberbully - INFO - Confusion matrix saved to experiments/grid-search/all-distilroberta-v1/ieee/prep1_aug0/seed_43782163/confusion_matrix.json
2026-05-22 10:48:28,478 - cyberbully - INFO - Per-sample predictions saved to experiments/grid-search/all-distilroberta-v1/ieee/prep1_aug0/seed_43782163/predictions.json
2026-05-22 10:48:28,577 - cyberbully - INFO - Confusion matrix figure saved to experiments/grid-search/all-distilroberta-v1/ieee/prep1_aug0/seed_43782163/confusion_matrix.pdf
2026-05-22 10:48:28,577 - cyberbully - INFO - Accuracy: 0.8270
2026-05-22 10:48:28,578 - cyberbully - INFO - Weighted F1: 0.8306
2026-05-22 10:48:28,578 - cyberbully - INFO - Micro F1: 0.8270
2026-05-22 10:48:28,578 - cyberbully - INFO - Inference time: 0.14 seconds
2026-05-22 10:48:28,578 - cyberbully - INFO - Energy consumption: 0.000023 kWh
2026-05-22 10:48:28,578 - cyberbully - INFO - ============================================================
2026-05-22 10:48:28,578 - cyberbully - INFO - Pipeline complete. Results saved to: experiments/grid-search/all-distilroberta-v1/ieee/prep1_aug0/seed_43782163
2026-05-22 10:48:28,578 - cyberbully - INFO - ============================================================
