2026-03-20 15:52:09,913 - cyberbully - INFO - ============================================================
2026-03-20 15:52:09,913 - cyberbully - INFO - Cyberbullying Detection Pipeline
2026-03-20 15:52:09,913 - cyberbully - INFO - ============================================================
2026-03-20 15:52:09,913 - cyberbully - INFO - Configuration:
2026-03-20 15:52:09,913 - cyberbully - INFO -   model          : bert-base-cased
2026-03-20 15:52:09,913 - cyberbully - INFO -   dataset        : ieee
2026-03-20 15:52:09,913 - cyberbully - INFO -   preprocess     : False
2026-03-20 15:52:09,913 - cyberbully - INFO -   augment        : True
2026-03-20 15:52:09,913 - cyberbully - INFO -   compute_attribution: False
2026-03-20 15:52:09,913 - cyberbully - INFO -   seed           : 67351593
2026-03-20 15:52:09,913 - cyberbully - INFO -   epochs         : 10
2026-03-20 15:52:09,913 - cyberbully - INFO -   batch_size     : 32
2026-03-20 15:52:09,913 - cyberbully - INFO -   lr             : 5e-05
2026-03-20 15:52:09,913 - cyberbully - INFO -   max_length     : 128
2026-03-20 15:52:09,913 - cyberbully - INFO -   output_dir     : grid-search
2026-03-20 15:52:09,913 - cyberbully - INFO -   data_dir       : dataset
2026-03-20 15:52:09,913 - cyberbully - INFO -   sbert          : False
2026-03-20 15:52:09,913 - cyberbully - INFO -   supcon         : False
2026-03-20 15:52:09,913 - cyberbully - INFO -   supcon_weight  : 0.1
2026-03-20 15:52:09,913 - cyberbully - INFO -   proj_dim       : 128
2026-03-20 15:52:09,913 - cyberbully - INFO -   grad_accum_steps: 1
2026-03-20 15:52:09,914 - cyberbully - INFO -   overwrite      : False
2026-03-20 15:52:09,914 - cyberbully - INFO -   device         : cuda
2026-03-20 15:52:09,914 - cyberbully - INFO -   output_dir     : experiments/grid-search/bert-base-cased/ieee/prep0_aug1/seed_67351593
2026-03-20 15:52:09,914 - cyberbully - INFO - ============================================================
2026-03-20 15:52:09,914 - cyberbully - INFO - Step 1: Preparing data...
2026-03-20 15:52:09,917 - cyberbully - INFO - Loaded pre-split data from dataset/ieee — train: 1348, val: 338, test: 422
2026-03-20 15:52:09,917 - cyberbully - INFO - Label mapping: {'Cyberstalking': 0, 'Doxing': 1, 'Revenge Porn': 2, 'Sexual Harassment': 3, 'Slut Shaming': 4}
2026-03-20 15:52:09,918 - cyberbully - INFO - Applying training data augmentation (oversampling)...
2026-03-20 15:52:09,919 - cyberbully - INFO - After oversampling — class distribution: {0: 316, 1: 316, 2: 316, 3: 316, 4: 316}
2026-03-20 15:52:09,920 - cyberbully - INFO - Number of classes: 5
2026-03-20 15:52:09,921 - cyberbully - INFO - Step 2: Loading model and tokenizer...
2026-03-20 15:52:09,921 - cyberbully - INFO - Loading model 'bert-base-cased' with 5 labels (sbert=False, supcon=False)
2026-03-20 15:52:10,644 - cyberbully - INFO - Step 3: Creating datasets...
2026-03-20 15:52:10,677 - cyberbully - INFO - Dataset sizes — train: 1580, val: 338, test: 422
2026-03-20 15:52:10,677 - cyberbully - INFO - Step 4: Training...
2026-03-20 15:52:10,909 - cyberbully - INFO - Starting training...
2026-03-20 15:53:08,127 - cyberbully - INFO - Training complete.
2026-03-20 15:53:08,204 - cyberbully - INFO - Removed checkpoint: experiments/grid-search/bert-base-cased/ieee/prep0_aug1/seed_67351593/checkpoint-400
2026-03-20 15:53:08,270 - cyberbully - INFO - Removed checkpoint: experiments/grid-search/bert-base-cased/ieee/prep0_aug1/seed_67351593/checkpoint-200
2026-03-20 15:53:08,344 - cyberbully - INFO - Removed checkpoint: experiments/grid-search/bert-base-cased/ieee/prep0_aug1/seed_67351593/checkpoint-450
2026-03-20 15:53:08,416 - cyberbully - INFO - Removed checkpoint: experiments/grid-search/bert-base-cased/ieee/prep0_aug1/seed_67351593/checkpoint-300
2026-03-20 15:53:08,489 - cyberbully - INFO - Removed checkpoint: experiments/grid-search/bert-base-cased/ieee/prep0_aug1/seed_67351593/checkpoint-350
2026-03-20 15:53:08,556 - cyberbully - INFO - Removed checkpoint: experiments/grid-search/bert-base-cased/ieee/prep0_aug1/seed_67351593/checkpoint-150
2026-03-20 15:53:08,623 - cyberbully - INFO - Removed checkpoint: experiments/grid-search/bert-base-cased/ieee/prep0_aug1/seed_67351593/checkpoint-50
2026-03-20 15:53:08,696 - cyberbully - INFO - Removed checkpoint: experiments/grid-search/bert-base-cased/ieee/prep0_aug1/seed_67351593/checkpoint-500
2026-03-20 15:53:09,502 - cyberbully - INFO - Removed checkpoint: experiments/grid-search/bert-base-cased/ieee/prep0_aug1/seed_67351593/checkpoint-100
2026-03-20 15:53:10,528 - cyberbully - INFO - Removed checkpoint: experiments/grid-search/bert-base-cased/ieee/prep0_aug1/seed_67351593/checkpoint-250
2026-03-20 15:53:10,528 - cyberbully - INFO - Step 5: Evaluating on test set...
2026-03-20 15:53:15,131 - cyberbully - INFO - Metrics saved to experiments/grid-search/bert-base-cased/ieee/prep0_aug1/seed_67351593/metrics.json
2026-03-20 15:53:15,131 - cyberbully - INFO - Confusion matrix saved to experiments/grid-search/bert-base-cased/ieee/prep0_aug1/seed_67351593/confusion_matrix.json
2026-03-20 15:53:15,135 - cyberbully - INFO - Per-sample predictions saved to experiments/grid-search/bert-base-cased/ieee/prep0_aug1/seed_67351593/predictions.json
2026-03-20 15:53:15,235 - cyberbully - INFO - Confusion matrix figure saved to experiments/grid-search/bert-base-cased/ieee/prep0_aug1/seed_67351593/confusion_matrix.pdf
2026-03-20 15:53:15,235 - cyberbully - INFO - Accuracy: 0.8128
2026-03-20 15:53:15,235 - cyberbully - INFO - Weighted F1: 0.8163
2026-03-20 15:53:15,235 - cyberbully - INFO - Micro F1: 0.8128
2026-03-20 15:53:15,235 - cyberbully - INFO - Inference time: 0.31 seconds
2026-03-20 15:53:15,235 - cyberbully - INFO - Energy consumption: 0.000019 kWh
2026-03-20 15:53:15,235 - cyberbully - INFO - ============================================================
2026-03-20 15:53:15,235 - cyberbully - INFO - Pipeline complete. Results saved to: experiments/grid-search/bert-base-cased/ieee/prep0_aug1/seed_67351593
2026-03-20 15:53:15,235 - cyberbully - INFO - ============================================================
