2026-04-17 05:28:47,908 - cyberbully - INFO - ============================================================
2026-04-17 05:28:47,908 - cyberbully - INFO - Cyberbullying Detection Pipeline
2026-04-17 05:28:47,908 - cyberbully - INFO - ============================================================
2026-04-17 05:28:47,908 - cyberbully - INFO - Configuration:
2026-04-17 05:28:47,908 - cyberbully - INFO -   model          : sarkerlab/SocBERT-base
2026-04-17 05:28:47,908 - cyberbully - INFO -   dataset        : ieee
2026-04-17 05:28:47,908 - cyberbully - INFO -   preprocess     : True
2026-04-17 05:28:47,908 - cyberbully - INFO -   augment        : True
2026-04-17 05:28:47,908 - cyberbully - INFO -   compute_attribution: False
2026-04-17 05:28:47,908 - cyberbully - INFO -   seed           : 70681460
2026-04-17 05:28:47,908 - cyberbully - INFO -   epochs         : 10
2026-04-17 05:28:47,908 - cyberbully - INFO -   batch_size     : 32
2026-04-17 05:28:47,908 - cyberbully - INFO -   lr             : 5e-05
2026-04-17 05:28:47,908 - cyberbully - INFO -   max_length     : 128
2026-04-17 05:28:47,908 - cyberbully - INFO -   output_dir     : grid-search
2026-04-17 05:28:47,908 - cyberbully - INFO -   data_dir       : dataset
2026-04-17 05:28:47,908 - cyberbully - INFO -   sbert          : False
2026-04-17 05:28:47,908 - cyberbully - INFO -   supcon         : False
2026-04-17 05:28:47,908 - cyberbully - INFO -   supcon_weight  : 0.1
2026-04-17 05:28:47,908 - cyberbully - INFO -   proj_dim       : 128
2026-04-17 05:28:47,908 - cyberbully - INFO -   grad_accum_steps: 1
2026-04-17 05:28:47,908 - cyberbully - INFO -   overwrite      : True
2026-04-17 05:28:47,908 - cyberbully - INFO -   device         : cuda
2026-04-17 05:28:47,908 - cyberbully - INFO -   output_dir     : experiments/grid-search/sarkerlab_SocBERT-base/ieee/prep1_aug1/seed_70681460
2026-04-17 05:28:47,908 - cyberbully - INFO - ============================================================
2026-04-17 05:28:47,908 - cyberbully - INFO - Step 1: Preparing data...
2026-04-17 05:28:47,912 - cyberbully - INFO - Loaded pre-split data from dataset/ieee — train: 1348, val: 338, test: 422
2026-04-17 05:28:47,912 - cyberbully - INFO - Label mapping: {'Cyberstalking': 0, 'Doxing': 1, 'Revenge Porn': 2, 'Sexual Harassment': 3, 'Slut Shaming': 4}
2026-04-17 05:28:47,912 - cyberbully - INFO - Applying text preprocessing per split...
2026-04-17 05:28:51,925 - cyberbully - INFO - After preprocessing — train: 1174, val: 303, test: 377
2026-04-17 05:28:51,926 - cyberbully - INFO - Applying training data augmentation (oversampling)...
2026-04-17 05:28:51,927 - cyberbully - INFO - After oversampling — class distribution: {0: 287, 1: 287, 2: 287, 3: 287, 4: 287}
2026-04-17 05:28:51,928 - cyberbully - INFO - Number of classes: 5
2026-04-17 05:28:51,929 - cyberbully - INFO - Step 2: Loading model and tokenizer...
2026-04-17 05:28:51,929 - cyberbully - INFO - Loading model 'sarkerlab/SocBERT-base' with 5 labels (sbert=False, supcon=False)
2026-04-17 05:28:53,515 - cyberbully - INFO - Step 3: Creating datasets...
2026-04-17 05:28:53,538 - cyberbully - INFO - Dataset sizes — train: 1435, val: 303, test: 377
2026-04-17 05:28:53,538 - cyberbully - INFO - Step 4: Training...
2026-04-17 05:28:53,783 - cyberbully - INFO - Starting training...
2026-04-17 05:30:17,003 - cyberbully - INFO - Training complete.
2026-04-17 05:30:17,095 - cyberbully - INFO - Removed checkpoint: experiments/grid-search/sarkerlab_SocBERT-base/ieee/prep1_aug1/seed_70681460/checkpoint-90
2026-04-17 05:30:17,642 - cyberbully - INFO - Removed checkpoint: experiments/grid-search/sarkerlab_SocBERT-base/ieee/prep1_aug1/seed_70681460/checkpoint-180
2026-04-17 05:30:18,584 - cyberbully - INFO - Removed checkpoint: experiments/grid-search/sarkerlab_SocBERT-base/ieee/prep1_aug1/seed_70681460/checkpoint-225
2026-04-17 05:30:18,684 - cyberbully - INFO - Removed checkpoint: experiments/grid-search/sarkerlab_SocBERT-base/ieee/prep1_aug1/seed_70681460/checkpoint-135
2026-04-17 05:30:18,778 - cyberbully - INFO - Removed checkpoint: experiments/grid-search/sarkerlab_SocBERT-base/ieee/prep1_aug1/seed_70681460/checkpoint-315
2026-04-17 05:30:18,872 - cyberbully - INFO - Removed checkpoint: experiments/grid-search/sarkerlab_SocBERT-base/ieee/prep1_aug1/seed_70681460/checkpoint-450
2026-04-17 05:30:18,963 - cyberbully - INFO - Removed checkpoint: experiments/grid-search/sarkerlab_SocBERT-base/ieee/prep1_aug1/seed_70681460/checkpoint-360
2026-04-17 05:30:19,060 - cyberbully - INFO - Removed checkpoint: experiments/grid-search/sarkerlab_SocBERT-base/ieee/prep1_aug1/seed_70681460/checkpoint-45
2026-04-17 05:30:19,167 - cyberbully - INFO - Removed checkpoint: experiments/grid-search/sarkerlab_SocBERT-base/ieee/prep1_aug1/seed_70681460/checkpoint-270
2026-04-17 05:30:19,263 - cyberbully - INFO - Removed checkpoint: experiments/grid-search/sarkerlab_SocBERT-base/ieee/prep1_aug1/seed_70681460/checkpoint-405
2026-04-17 05:30:19,263 - cyberbully - INFO - Step 5: Evaluating on test set...
2026-04-17 05:30:24,102 - cyberbully - INFO - Metrics saved to experiments/grid-search/sarkerlab_SocBERT-base/ieee/prep1_aug1/seed_70681460/metrics.json
2026-04-17 05:30:24,102 - cyberbully - INFO - Confusion matrix saved to experiments/grid-search/sarkerlab_SocBERT-base/ieee/prep1_aug1/seed_70681460/confusion_matrix.json
2026-04-17 05:30:24,106 - cyberbully - INFO - Per-sample predictions saved to experiments/grid-search/sarkerlab_SocBERT-base/ieee/prep1_aug1/seed_70681460/predictions.json
2026-04-17 05:30:24,208 - cyberbully - INFO - Confusion matrix figure saved to experiments/grid-search/sarkerlab_SocBERT-base/ieee/prep1_aug1/seed_70681460/confusion_matrix.pdf
2026-04-17 05:30:24,208 - cyberbully - INFO - Accuracy: 0.8302
2026-04-17 05:30:24,208 - cyberbully - INFO - Weighted F1: 0.8301
2026-04-17 05:30:24,208 - cyberbully - INFO - Micro F1: 0.8302
2026-04-17 05:30:24,208 - cyberbully - INFO - Inference time: 0.23 seconds
2026-04-17 05:30:24,208 - cyberbully - INFO - Energy consumption: 0.000011 kWh
2026-04-17 05:30:24,208 - cyberbully - INFO - ============================================================
2026-04-17 05:30:24,208 - cyberbully - INFO - Pipeline complete. Results saved to: experiments/grid-search/sarkerlab_SocBERT-base/ieee/prep1_aug1/seed_70681460
2026-04-17 05:30:24,208 - cyberbully - INFO - ============================================================
