2026-03-27 01:39:05,985 - cyberbully - INFO - Model 'all-distilroberta-v1' detected as SBERT-based. Using SBERTClassifier pipeline.
2026-03-27 01:39:05,985 - cyberbully - INFO - ============================================================
2026-03-27 01:39:05,985 - cyberbully - INFO - Cyberbullying Detection Pipeline
2026-03-27 01:39:05,985 - cyberbully - INFO - ============================================================
2026-03-27 01:39:05,985 - cyberbully - INFO - Configuration:
2026-03-27 01:39:05,985 - cyberbully - INFO -   model          : all-distilroberta-v1
2026-03-27 01:39:05,985 - cyberbully - INFO -   dataset        : kaggle
2026-03-27 01:39:05,985 - cyberbully - INFO -   preprocess     : False
2026-03-27 01:39:05,985 - cyberbully - INFO -   augment        : False
2026-03-27 01:39:05,985 - cyberbully - INFO -   compute_attribution: False
2026-03-27 01:39:05,985 - cyberbully - INFO -   seed           : 90995999
2026-03-27 01:39:05,986 - cyberbully - INFO -   epochs         : 10
2026-03-27 01:39:05,986 - cyberbully - INFO -   batch_size     : 64
2026-03-27 01:39:05,986 - cyberbully - INFO -   lr             : 5e-05
2026-03-27 01:39:05,986 - cyberbully - INFO -   max_length     : 128
2026-03-27 01:39:05,986 - cyberbully - INFO -   output_dir     : supcon-grid
2026-03-27 01:39:05,986 - cyberbully - INFO -   data_dir       : dataset
2026-03-27 01:39:05,986 - cyberbully - INFO -   sbert          : True
2026-03-27 01:39:05,986 - cyberbully - INFO -   supcon         : False
2026-03-27 01:39:05,986 - cyberbully - INFO -   supcon_weight  : 0.1
2026-03-27 01:39:05,986 - cyberbully - INFO -   proj_dim       : 128
2026-03-27 01:39:05,986 - cyberbully - INFO -   grad_accum_steps: 1
2026-03-27 01:39:05,986 - cyberbully - INFO -   overwrite      : False
2026-03-27 01:39:05,986 - cyberbully - INFO -   device         : cuda
2026-03-27 01:39:05,986 - cyberbully - INFO -   output_dir     : experiments/supcon-grid/all-distilroberta-v1/kaggle/prep0_aug0/seed_90995999
2026-03-27 01:39:05,986 - cyberbully - INFO - ============================================================
2026-03-27 01:39:05,986 - cyberbully - INFO - Step 1: Preparing data...
2026-03-27 01:39:06,032 - cyberbully - INFO - Loaded pre-split data from dataset/kaggle — train: 25604, val: 6401, test: 8002
2026-03-27 01:39:06,032 - cyberbully - INFO - Label mapping: {'age': 0, 'ethnicity': 1, 'gender': 2, 'other_cyberbullying': 3, 'religion': 4}
2026-03-27 01:39:06,042 - cyberbully - INFO - Number of classes: 5
2026-03-27 01:39:06,044 - cyberbully - INFO - Step 2: Loading model and tokenizer...
2026-03-27 01:39:06,044 - cyberbully - INFO - Loading model 'all-distilroberta-v1' with 5 labels (sbert=True, supcon=False)
2026-03-27 01:39:09,408 - cyberbully - INFO - SBERTClassifier: embedding_dim=768, hidden=256, proj_dim=None, num_labels=5
2026-03-27 01:39:09,752 - cyberbully - INFO - Step 3: Creating datasets...
2026-03-27 01:39:10,388 - cyberbully - INFO - Dataset sizes — train: 25604, val: 6401, test: 8002
2026-03-27 01:39:10,388 - cyberbully - INFO - Step 4: Training...
2026-03-27 01:39:10,392 - cyberbully - INFO - Starting training...
2026-03-27 01:43:40,970 - cyberbully - INFO - Training complete.
2026-03-27 01:43:41,028 - cyberbully - INFO - Removed checkpoint: experiments/supcon-grid/all-distilroberta-v1/kaggle/prep0_aug0/seed_90995999/checkpoint-3208
2026-03-27 01:43:41,086 - cyberbully - INFO - Removed checkpoint: experiments/supcon-grid/all-distilroberta-v1/kaggle/prep0_aug0/seed_90995999/checkpoint-4010
2026-03-27 01:43:41,147 - cyberbully - INFO - Removed checkpoint: experiments/supcon-grid/all-distilroberta-v1/kaggle/prep0_aug0/seed_90995999/checkpoint-1203
2026-03-27 01:43:41,205 - cyberbully - INFO - Removed checkpoint: experiments/supcon-grid/all-distilroberta-v1/kaggle/prep0_aug0/seed_90995999/checkpoint-2005
2026-03-27 01:43:41,263 - cyberbully - INFO - Removed checkpoint: experiments/supcon-grid/all-distilroberta-v1/kaggle/prep0_aug0/seed_90995999/checkpoint-2807
2026-03-27 01:43:41,322 - cyberbully - INFO - Removed checkpoint: experiments/supcon-grid/all-distilroberta-v1/kaggle/prep0_aug0/seed_90995999/checkpoint-1604
2026-03-27 01:43:41,383 - cyberbully - INFO - Removed checkpoint: experiments/supcon-grid/all-distilroberta-v1/kaggle/prep0_aug0/seed_90995999/checkpoint-802
2026-03-27 01:43:41,442 - cyberbully - INFO - Removed checkpoint: experiments/supcon-grid/all-distilroberta-v1/kaggle/prep0_aug0/seed_90995999/checkpoint-2406
2026-03-27 01:43:41,505 - cyberbully - INFO - Removed checkpoint: experiments/supcon-grid/all-distilroberta-v1/kaggle/prep0_aug0/seed_90995999/checkpoint-401
2026-03-27 01:43:42,263 - cyberbully - INFO - Removed checkpoint: experiments/supcon-grid/all-distilroberta-v1/kaggle/prep0_aug0/seed_90995999/checkpoint-3609
2026-03-27 01:43:42,263 - cyberbully - INFO - Step 5: Evaluating on test set...
2026-03-27 01:43:48,869 - cyberbully - INFO - Metrics saved to experiments/supcon-grid/all-distilroberta-v1/kaggle/prep0_aug0/seed_90995999/metrics.json
2026-03-27 01:43:48,869 - cyberbully - INFO - Confusion matrix saved to experiments/supcon-grid/all-distilroberta-v1/kaggle/prep0_aug0/seed_90995999/confusion_matrix.json
2026-03-27 01:43:48,953 - cyberbully - INFO - Per-sample predictions saved to experiments/supcon-grid/all-distilroberta-v1/kaggle/prep0_aug0/seed_90995999/predictions.json
2026-03-27 01:43:49,055 - cyberbully - INFO - Confusion matrix figure saved to experiments/supcon-grid/all-distilroberta-v1/kaggle/prep0_aug0/seed_90995999/confusion_matrix.pdf
2026-03-27 01:43:49,055 - cyberbully - INFO - Accuracy: 0.9608
2026-03-27 01:43:49,055 - cyberbully - INFO - Weighted F1: 0.9609
2026-03-27 01:43:49,055 - cyberbully - INFO - Micro F1: 0.9608
2026-03-27 01:43:49,055 - cyberbully - INFO - Inference time: 1.82 seconds
2026-03-27 01:43:49,055 - cyberbully - INFO - Energy consumption: 0.000094 kWh
2026-03-27 01:43:49,057 - cyberbully - INFO - ============================================================
2026-03-27 01:43:49,057 - cyberbully - INFO - Pipeline complete. Results saved to: experiments/supcon-grid/all-distilroberta-v1/kaggle/prep0_aug0/seed_90995999
2026-03-27 01:43:49,057 - cyberbully - INFO - ============================================================
