2026-03-27 03:50:03,147 - cyberbully - INFO - Model 'all-mpnet-base-v2' detected as SBERT-based. Using SBERTClassifier pipeline.
2026-03-27 03:50:03,147 - cyberbully - INFO - ============================================================
2026-03-27 03:50:03,147 - cyberbully - INFO - Cyberbullying Detection Pipeline
2026-03-27 03:50:03,147 - cyberbully - INFO - ============================================================
2026-03-27 03:50:03,147 - cyberbully - INFO - Configuration:
2026-03-27 03:50:03,147 - cyberbully - INFO -   model          : all-mpnet-base-v2
2026-03-27 03:50:03,147 - cyberbully - INFO -   dataset        : kaggle
2026-03-27 03:50:03,147 - cyberbully - INFO -   preprocess     : False
2026-03-27 03:50:03,147 - cyberbully - INFO -   augment        : False
2026-03-27 03:50:03,147 - cyberbully - INFO -   compute_attribution: False
2026-03-27 03:50:03,147 - cyberbully - INFO -   seed           : 52680723
2026-03-27 03:50:03,147 - cyberbully - INFO -   epochs         : 10
2026-03-27 03:50:03,147 - cyberbully - INFO -   batch_size     : 64
2026-03-27 03:50:03,147 - cyberbully - INFO -   lr             : 5e-05
2026-03-27 03:50:03,147 - cyberbully - INFO -   max_length     : 128
2026-03-27 03:50:03,147 - cyberbully - INFO -   output_dir     : supcon-grid
2026-03-27 03:50:03,147 - cyberbully - INFO -   data_dir       : dataset
2026-03-27 03:50:03,147 - cyberbully - INFO -   sbert          : True
2026-03-27 03:50:03,147 - cyberbully - INFO -   supcon         : False
2026-03-27 03:50:03,147 - cyberbully - INFO -   supcon_weight  : 0.1
2026-03-27 03:50:03,147 - cyberbully - INFO -   proj_dim       : 128
2026-03-27 03:50:03,147 - cyberbully - INFO -   grad_accum_steps: 1
2026-03-27 03:50:03,147 - cyberbully - INFO -   overwrite      : False
2026-03-27 03:50:03,147 - cyberbully - INFO -   device         : cuda
2026-03-27 03:50:03,148 - cyberbully - INFO -   output_dir     : experiments/supcon-grid/all-mpnet-base-v2/kaggle/prep0_aug0/seed_52680723
2026-03-27 03:50:03,148 - cyberbully - INFO - ============================================================
2026-03-27 03:50:03,148 - cyberbully - INFO - Step 1: Preparing data...
2026-03-27 03:50:03,193 - cyberbully - INFO - Loaded pre-split data from dataset/kaggle — train: 25604, val: 6401, test: 8002
2026-03-27 03:50:03,194 - cyberbully - INFO - Label mapping: {'age': 0, 'ethnicity': 1, 'gender': 2, 'other_cyberbullying': 3, 'religion': 4}
2026-03-27 03:50:03,204 - cyberbully - INFO - Number of classes: 5
2026-03-27 03:50:03,205 - cyberbully - INFO - Step 2: Loading model and tokenizer...
2026-03-27 03:50:03,205 - cyberbully - INFO - Loading model 'all-mpnet-base-v2' with 5 labels (sbert=True, supcon=False)
2026-03-27 03:50:06,568 - cyberbully - INFO - SBERTClassifier: embedding_dim=768, hidden=256, proj_dim=None, num_labels=5
2026-03-27 03:50:06,870 - cyberbully - INFO - Step 3: Creating datasets...
2026-03-27 03:50:07,468 - cyberbully - INFO - Dataset sizes — train: 25604, val: 6401, test: 8002
2026-03-27 03:50:07,468 - cyberbully - INFO - Step 4: Training...
2026-03-27 03:50:07,472 - cyberbully - INFO - Starting training...
2026-03-27 03:59:27,619 - cyberbully - INFO - Training complete.
2026-03-27 03:59:27,697 - cyberbully - INFO - Removed checkpoint: experiments/supcon-grid/all-mpnet-base-v2/kaggle/prep0_aug0/seed_52680723/checkpoint-3208
2026-03-27 03:59:27,775 - cyberbully - INFO - Removed checkpoint: experiments/supcon-grid/all-mpnet-base-v2/kaggle/prep0_aug0/seed_52680723/checkpoint-4010
2026-03-27 03:59:27,855 - cyberbully - INFO - Removed checkpoint: experiments/supcon-grid/all-mpnet-base-v2/kaggle/prep0_aug0/seed_52680723/checkpoint-1203
2026-03-27 03:59:27,933 - cyberbully - INFO - Removed checkpoint: experiments/supcon-grid/all-mpnet-base-v2/kaggle/prep0_aug0/seed_52680723/checkpoint-2005
2026-03-27 03:59:28,010 - cyberbully - INFO - Removed checkpoint: experiments/supcon-grid/all-mpnet-base-v2/kaggle/prep0_aug0/seed_52680723/checkpoint-2807
2026-03-27 03:59:28,088 - cyberbully - INFO - Removed checkpoint: experiments/supcon-grid/all-mpnet-base-v2/kaggle/prep0_aug0/seed_52680723/checkpoint-1604
2026-03-27 03:59:28,168 - cyberbully - INFO - Removed checkpoint: experiments/supcon-grid/all-mpnet-base-v2/kaggle/prep0_aug0/seed_52680723/checkpoint-802
2026-03-27 03:59:28,246 - cyberbully - INFO - Removed checkpoint: experiments/supcon-grid/all-mpnet-base-v2/kaggle/prep0_aug0/seed_52680723/checkpoint-2406
2026-03-27 03:59:28,328 - cyberbully - INFO - Removed checkpoint: experiments/supcon-grid/all-mpnet-base-v2/kaggle/prep0_aug0/seed_52680723/checkpoint-401
2026-03-27 03:59:28,405 - cyberbully - INFO - Removed checkpoint: experiments/supcon-grid/all-mpnet-base-v2/kaggle/prep0_aug0/seed_52680723/checkpoint-3609
2026-03-27 03:59:28,405 - cyberbully - INFO - Step 5: Evaluating on test set...
2026-03-27 03:59:36,730 - cyberbully - INFO - Metrics saved to experiments/supcon-grid/all-mpnet-base-v2/kaggle/prep0_aug0/seed_52680723/metrics.json
2026-03-27 03:59:36,730 - cyberbully - INFO - Confusion matrix saved to experiments/supcon-grid/all-mpnet-base-v2/kaggle/prep0_aug0/seed_52680723/confusion_matrix.json
2026-03-27 03:59:36,809 - cyberbully - INFO - Per-sample predictions saved to experiments/supcon-grid/all-mpnet-base-v2/kaggle/prep0_aug0/seed_52680723/predictions.json
2026-03-27 03:59:36,914 - cyberbully - INFO - Confusion matrix figure saved to experiments/supcon-grid/all-mpnet-base-v2/kaggle/prep0_aug0/seed_52680723/confusion_matrix.pdf
2026-03-27 03:59:36,914 - cyberbully - INFO - Accuracy: 0.9573
2026-03-27 03:59:36,914 - cyberbully - INFO - Weighted F1: 0.9574
2026-03-27 03:59:36,914 - cyberbully - INFO - Micro F1: 0.9573
2026-03-27 03:59:36,915 - cyberbully - INFO - Inference time: 4.09 seconds
2026-03-27 03:59:36,915 - cyberbully - INFO - Energy consumption: 0.000252 kWh
2026-03-27 03:59:36,916 - cyberbully - INFO - ============================================================
2026-03-27 03:59:36,916 - cyberbully - INFO - Pipeline complete. Results saved to: experiments/supcon-grid/all-mpnet-base-v2/kaggle/prep0_aug0/seed_52680723
2026-03-27 03:59:36,916 - cyberbully - INFO - ============================================================
