2026-02-19 06:13:02,865 - cyberbully - INFO - ============================================================
2026-02-19 06:13:02,865 - cyberbully - INFO - Cyberbullying Detection Pipeline
2026-02-19 06:13:02,865 - cyberbully - INFO - ============================================================
2026-02-19 06:13:02,865 - cyberbully - INFO - Configuration:
2026-02-19 06:13:02,865 - cyberbully - INFO -   model          : sarkerlab/SocBERT-base
2026-02-19 06:13:02,865 - cyberbully - INFO -   dataset        : ieee
2026-02-19 06:13:02,865 - cyberbully - INFO -   preprocess     : False
2026-02-19 06:13:02,865 - cyberbully - INFO -   augment        : False
2026-02-19 06:13:02,865 - cyberbully - INFO -   compute_attribution: False
2026-02-19 06:13:02,865 - cyberbully - INFO -   seed           : 99511865
2026-02-19 06:13:02,865 - cyberbully - INFO -   epochs         : 5
2026-02-19 06:13:02,865 - cyberbully - INFO -   batch_size     : 16
2026-02-19 06:13:02,865 - cyberbully - INFO -   lr             : 2e-05
2026-02-19 06:13:02,865 - cyberbully - INFO -   max_length     : 128
2026-02-19 06:13:02,865 - cyberbully - INFO -   output_dir     : domain-model
2026-02-19 06:13:02,866 - cyberbully - INFO -   data_dir       : dataset
2026-02-19 06:13:02,866 - cyberbully - INFO -   sbert          : False
2026-02-19 06:13:02,866 - cyberbully - INFO -   overwrite      : False
2026-02-19 06:13:02,866 - cyberbully - INFO -   device         : cuda
2026-02-19 06:13:02,866 - cyberbully - INFO -   output_dir     : experiments/domain-model/sarkerlab_SocBERT-base/ieee/prep0_aug0/seed_99511865
2026-02-19 06:13:02,866 - cyberbully - INFO - ============================================================
2026-02-19 06:13:02,866 - cyberbully - INFO - Step 1: Preparing data...
2026-02-19 06:13:02,866 - cyberbully - INFO - Loading dataset 'ieee' from dataset/IEEE Data Port.csv
2026-02-19 06:13:02,872 - cyberbully - INFO - Loaded 2108 samples with 5 classes: ['Cyberstalking', 'Doxing', 'Revenge Porn', 'Sexual Harassment', 'Slut Shaming']
2026-02-19 06:13:02,872 - cyberbully - INFO - Label mapping: {'Cyberstalking': 0, 'Doxing': 1, 'Revenge Porn': 2, 'Sexual Harassment': 3, 'Slut Shaming': 4}
2026-02-19 06:13:02,874 - cyberbully - INFO - Split sizes — train: 1348, val: 338, test: 422
2026-02-19 06:13:02,874 - cyberbully - INFO - Number of classes: 5
2026-02-19 06:13:02,876 - cyberbully - INFO - Step 2: Loading model and tokenizer...
2026-02-19 06:13:02,876 - cyberbully - INFO - Loading model 'sarkerlab/SocBERT-base' with 5 labels (sbert=False)
2026-02-19 06:13:04,045 - cyberbully - INFO - Step 3: Creating datasets...
2026-02-19 06:13:04,070 - cyberbully - INFO - Dataset sizes — train: 1348, val: 338, test: 422
2026-02-19 06:13:04,070 - cyberbully - INFO - Step 4: Training...
2026-02-19 06:13:04,296 - cyberbully - INFO - Starting training...
2026-02-19 06:13:32,182 - cyberbully - INFO - Training complete.
2026-02-19 06:13:32,182 - cyberbully - INFO - Step 5: Evaluating on test set...
2026-02-19 06:13:36,720 - cyberbully - INFO - Metrics saved to experiments/domain-model/sarkerlab_SocBERT-base/ieee/prep0_aug0/seed_99511865/metrics.json
2026-02-19 06:13:36,720 - cyberbully - INFO - Confusion matrix saved to experiments/domain-model/sarkerlab_SocBERT-base/ieee/prep0_aug0/seed_99511865/confusion_matrix.json
2026-02-19 06:13:36,822 - cyberbully - INFO - Confusion matrix figure saved to experiments/domain-model/sarkerlab_SocBERT-base/ieee/prep0_aug0/seed_99511865/confusion_matrix.pdf
2026-02-19 06:13:36,822 - cyberbully - INFO - Accuracy: 0.8246
2026-02-19 06:13:36,822 - cyberbully - INFO - Weighted F1: 0.8244
2026-02-19 06:13:36,822 - cyberbully - INFO - Micro F1: 0.8246
2026-02-19 06:13:36,822 - cyberbully - INFO - Inference time: 0.32 seconds
2026-02-19 06:13:36,822 - cyberbully - INFO - Energy consumption: 0.000015 kWh
2026-02-19 06:13:36,822 - cyberbully - INFO - ============================================================
2026-02-19 06:13:36,822 - cyberbully - INFO - Pipeline complete. Results saved to: experiments/domain-model/sarkerlab_SocBERT-base/ieee/prep0_aug0/seed_99511865
2026-02-19 06:13:36,822 - cyberbully - INFO - ============================================================
