2026-03-22 20:09:05,456 - cyberbully - INFO - Model 'all-distilroberta-v1' detected as SBERT-based. Using SBERTClassifier pipeline.
2026-03-22 20:09:05,456 - cyberbully - INFO - ============================================================
2026-03-22 20:09:05,456 - cyberbully - INFO - Cyberbullying Detection Pipeline
2026-03-22 20:09:05,456 - cyberbully - INFO - ============================================================
2026-03-22 20:09:05,456 - cyberbully - INFO - Configuration:
2026-03-22 20:09:05,456 - cyberbully - INFO -   model          : all-distilroberta-v1
2026-03-22 20:09:05,456 - cyberbully - INFO -   dataset        : tweeteval
2026-03-22 20:09:05,456 - cyberbully - INFO -   preprocess     : False
2026-03-22 20:09:05,456 - cyberbully - INFO -   augment        : False
2026-03-22 20:09:05,456 - cyberbully - INFO -   compute_attribution: False
2026-03-22 20:09:05,456 - cyberbully - INFO -   seed           : 14298463
2026-03-22 20:09:05,456 - cyberbully - INFO -   epochs         : 10
2026-03-22 20:09:05,456 - cyberbully - INFO -   batch_size     : 32
2026-03-22 20:09:05,456 - cyberbully - INFO -   lr             : 5e-05
2026-03-22 20:09:05,456 - cyberbully - INFO -   max_length     : 128
2026-03-22 20:09:05,456 - cyberbully - INFO -   output_dir     : grid-search
2026-03-22 20:09:05,456 - cyberbully - INFO -   data_dir       : dataset
2026-03-22 20:09:05,456 - cyberbully - INFO -   sbert          : True
2026-03-22 20:09:05,456 - cyberbully - INFO -   supcon         : False
2026-03-22 20:09:05,457 - cyberbully - INFO -   supcon_weight  : 0.1
2026-03-22 20:09:05,457 - cyberbully - INFO -   proj_dim       : 128
2026-03-22 20:09:05,457 - cyberbully - INFO -   grad_accum_steps: 1
2026-03-22 20:09:05,457 - cyberbully - INFO -   overwrite      : False
2026-03-22 20:09:05,457 - cyberbully - INFO -   device         : cuda
2026-03-22 20:09:05,457 - cyberbully - INFO -   output_dir     : experiments/grid-search/all-distilroberta-v1/tweeteval/prep0_aug0/seed_14298463
2026-03-22 20:09:05,457 - cyberbully - INFO - ============================================================
2026-03-22 20:09:05,457 - cyberbully - INFO - Step 1: Preparing data...
2026-03-22 20:09:05,507 - cyberbully - INFO - Loaded pre-split data from dataset/tweeteval — train: 32485, val: 8122, test: 10152
2026-03-22 20:09:05,507 - cyberbully - INFO - Label mapping: {'emotion': 0, 'hate': 1, 'offensive': 2, 'religion': 3, 'spiritual': 4}
2026-03-22 20:09:05,518 - cyberbully - INFO - Number of classes: 5
2026-03-22 20:09:05,519 - cyberbully - INFO - Step 2: Loading model and tokenizer...
2026-03-22 20:09:05,519 - cyberbully - INFO - Loading model 'all-distilroberta-v1' with 5 labels (sbert=True, supcon=False)
2026-03-22 20:09:08,897 - cyberbully - INFO - SBERTClassifier: embedding_dim=768, hidden=256, proj_dim=None, num_labels=5
2026-03-22 20:09:09,231 - cyberbully - INFO - Step 3: Creating datasets...
2026-03-22 20:09:10,016 - cyberbully - INFO - Dataset sizes — train: 32485, val: 8122, test: 10152
2026-03-22 20:09:10,016 - cyberbully - INFO - Step 4: Training...
2026-03-22 20:09:10,019 - cyberbully - INFO - Starting training...
2026-03-22 20:16:23,605 - cyberbully - INFO - Training complete.
2026-03-22 20:16:23,666 - cyberbully - INFO - Removed checkpoint: experiments/grid-search/all-distilroberta-v1/tweeteval/prep0_aug0/seed_14298463/checkpoint-2032
2026-03-22 20:16:23,725 - cyberbully - INFO - Removed checkpoint: experiments/grid-search/all-distilroberta-v1/tweeteval/prep0_aug0/seed_14298463/checkpoint-6096
2026-03-22 20:16:23,787 - cyberbully - INFO - Removed checkpoint: experiments/grid-search/all-distilroberta-v1/tweeteval/prep0_aug0/seed_14298463/checkpoint-3048
2026-03-22 20:16:23,847 - cyberbully - INFO - Removed checkpoint: experiments/grid-search/all-distilroberta-v1/tweeteval/prep0_aug0/seed_14298463/checkpoint-9144
2026-03-22 20:16:23,908 - cyberbully - INFO - Removed checkpoint: experiments/grid-search/all-distilroberta-v1/tweeteval/prep0_aug0/seed_14298463/checkpoint-5080
2026-03-22 20:16:23,967 - cyberbully - INFO - Removed checkpoint: experiments/grid-search/all-distilroberta-v1/tweeteval/prep0_aug0/seed_14298463/checkpoint-8128
2026-03-22 20:16:24,028 - cyberbully - INFO - Removed checkpoint: experiments/grid-search/all-distilroberta-v1/tweeteval/prep0_aug0/seed_14298463/checkpoint-4064
2026-03-22 20:16:24,091 - cyberbully - INFO - Removed checkpoint: experiments/grid-search/all-distilroberta-v1/tweeteval/prep0_aug0/seed_14298463/checkpoint-1016
2026-03-22 20:16:24,150 - cyberbully - INFO - Removed checkpoint: experiments/grid-search/all-distilroberta-v1/tweeteval/prep0_aug0/seed_14298463/checkpoint-7112
2026-03-22 20:16:24,207 - cyberbully - INFO - Removed checkpoint: experiments/grid-search/all-distilroberta-v1/tweeteval/prep0_aug0/seed_14298463/checkpoint-10160
2026-03-22 20:16:24,208 - cyberbully - INFO - Step 5: Evaluating on test set...
2026-03-22 20:16:30,924 - cyberbully - INFO - Metrics saved to experiments/grid-search/all-distilroberta-v1/tweeteval/prep0_aug0/seed_14298463/metrics.json
2026-03-22 20:16:30,924 - cyberbully - INFO - Confusion matrix saved to experiments/grid-search/all-distilroberta-v1/tweeteval/prep0_aug0/seed_14298463/confusion_matrix.json
2026-03-22 20:16:31,027 - cyberbully - INFO - Per-sample predictions saved to experiments/grid-search/all-distilroberta-v1/tweeteval/prep0_aug0/seed_14298463/predictions.json
2026-03-22 20:16:31,132 - cyberbully - INFO - Confusion matrix figure saved to experiments/grid-search/all-distilroberta-v1/tweeteval/prep0_aug0/seed_14298463/confusion_matrix.pdf
2026-03-22 20:16:31,132 - cyberbully - INFO - Accuracy: 0.9755
2026-03-22 20:16:31,132 - cyberbully - INFO - Weighted F1: 0.9755
2026-03-22 20:16:31,132 - cyberbully - INFO - Micro F1: 0.9755
2026-03-22 20:16:31,132 - cyberbully - INFO - Inference time: 2.48 seconds
2026-03-22 20:16:31,132 - cyberbully - INFO - Energy consumption: 0.000129 kWh
2026-03-22 20:16:31,134 - cyberbully - INFO - ============================================================
2026-03-22 20:16:31,134 - cyberbully - INFO - Pipeline complete. Results saved to: experiments/grid-search/all-distilroberta-v1/tweeteval/prep0_aug0/seed_14298463
2026-03-22 20:16:31,134 - cyberbully - INFO - ============================================================
