2026-03-25 04:51:30,855 - cyberbully - INFO - ============================================================
2026-03-25 04:51:30,855 - cyberbully - INFO - Cyberbullying Detection Pipeline
2026-03-25 04:51:30,855 - cyberbully - INFO - ============================================================
2026-03-25 04:51:30,855 - cyberbully - INFO - Configuration:
2026-03-25 04:51:30,855 - cyberbully - INFO -   model          : xlnet-base-cased
2026-03-25 04:51:30,855 - cyberbully - INFO -   dataset        : kaggle
2026-03-25 04:51:30,855 - cyberbully - INFO -   preprocess     : True
2026-03-25 04:51:30,855 - cyberbully - INFO -   augment        : False
2026-03-25 04:51:30,855 - cyberbully - INFO -   compute_attribution: False
2026-03-25 04:51:30,855 - cyberbully - INFO -   seed           : 99511865
2026-03-25 04:51:30,855 - cyberbully - INFO -   epochs         : 10
2026-03-25 04:51:30,855 - cyberbully - INFO -   batch_size     : 32
2026-03-25 04:51:30,855 - cyberbully - INFO -   lr             : 5e-05
2026-03-25 04:51:30,855 - cyberbully - INFO -   max_length     : 128
2026-03-25 04:51:30,855 - cyberbully - INFO -   output_dir     : grid-search
2026-03-25 04:51:30,855 - cyberbully - INFO -   data_dir       : dataset
2026-03-25 04:51:30,855 - cyberbully - INFO -   sbert          : False
2026-03-25 04:51:30,855 - cyberbully - INFO -   supcon         : False
2026-03-25 04:51:30,855 - cyberbully - INFO -   supcon_weight  : 0.1
2026-03-25 04:51:30,855 - cyberbully - INFO -   proj_dim       : 128
2026-03-25 04:51:30,855 - cyberbully - INFO -   grad_accum_steps: 1
2026-03-25 04:51:30,855 - cyberbully - INFO -   overwrite      : False
2026-03-25 04:51:30,855 - cyberbully - INFO -   device         : cuda
2026-03-25 04:51:30,855 - cyberbully - INFO -   output_dir     : experiments/grid-search/xlnet-base-cased/kaggle/prep1_aug0/seed_99511865
2026-03-25 04:51:30,855 - cyberbully - INFO - ============================================================
2026-03-25 04:51:30,855 - cyberbully - INFO - Step 1: Preparing data...
2026-03-25 04:51:30,901 - cyberbully - INFO - Loaded pre-split data from dataset/kaggle — train: 25604, val: 6401, test: 8002
2026-03-25 04:51:30,902 - cyberbully - INFO - Label mapping: {'age': 0, 'ethnicity': 1, 'gender': 2, 'other_cyberbullying': 3, 'religion': 4}
2026-03-25 04:51:30,902 - cyberbully - INFO - Applying text preprocessing per split...
2026-03-25 04:52:15,005 - cyberbully - INFO - After preprocessing — train: 23560, val: 5986, test: 7420
2026-03-25 04:52:15,016 - cyberbully - INFO - Number of classes: 5
2026-03-25 04:52:15,017 - cyberbully - INFO - Step 2: Loading model and tokenizer...
2026-03-25 04:52:15,017 - cyberbully - INFO - Loading model 'xlnet-base-cased' with 5 labels (sbert=False, supcon=False)
2026-03-25 04:52:17,075 - cyberbully - INFO - Step 3: Creating datasets...
2026-03-25 04:52:17,761 - cyberbully - INFO - Dataset sizes — train: 23560, val: 5986, test: 7420
2026-03-25 04:52:17,761 - cyberbully - INFO - Step 4: Training...
2026-03-25 04:52:17,887 - cyberbully - INFO - Starting training...
2026-03-25 05:03:55,737 - cyberbully - INFO - Training complete.
2026-03-25 05:03:55,820 - cyberbully - INFO - Removed checkpoint: experiments/grid-search/xlnet-base-cased/kaggle/prep1_aug0/seed_99511865/checkpoint-5159
2026-03-25 05:03:55,905 - cyberbully - INFO - Removed checkpoint: experiments/grid-search/xlnet-base-cased/kaggle/prep1_aug0/seed_99511865/checkpoint-2948
2026-03-25 05:03:55,987 - cyberbully - INFO - Removed checkpoint: experiments/grid-search/xlnet-base-cased/kaggle/prep1_aug0/seed_99511865/checkpoint-6633
2026-03-25 05:03:56,070 - cyberbully - INFO - Removed checkpoint: experiments/grid-search/xlnet-base-cased/kaggle/prep1_aug0/seed_99511865/checkpoint-3685
2026-03-25 05:03:56,151 - cyberbully - INFO - Removed checkpoint: experiments/grid-search/xlnet-base-cased/kaggle/prep1_aug0/seed_99511865/checkpoint-7370
2026-03-25 05:03:56,243 - cyberbully - INFO - Removed checkpoint: experiments/grid-search/xlnet-base-cased/kaggle/prep1_aug0/seed_99511865/checkpoint-737
2026-03-25 05:03:56,328 - cyberbully - INFO - Removed checkpoint: experiments/grid-search/xlnet-base-cased/kaggle/prep1_aug0/seed_99511865/checkpoint-2211
2026-03-25 05:03:56,410 - cyberbully - INFO - Removed checkpoint: experiments/grid-search/xlnet-base-cased/kaggle/prep1_aug0/seed_99511865/checkpoint-5896
2026-03-25 05:03:56,499 - cyberbully - INFO - Removed checkpoint: experiments/grid-search/xlnet-base-cased/kaggle/prep1_aug0/seed_99511865/checkpoint-1474
2026-03-25 05:03:56,583 - cyberbully - INFO - Removed checkpoint: experiments/grid-search/xlnet-base-cased/kaggle/prep1_aug0/seed_99511865/checkpoint-4422
2026-03-25 05:03:56,583 - cyberbully - INFO - Step 5: Evaluating on test set...
2026-03-25 05:04:07,762 - cyberbully - INFO - Metrics saved to experiments/grid-search/xlnet-base-cased/kaggle/prep1_aug0/seed_99511865/metrics.json
2026-03-25 05:04:07,762 - cyberbully - INFO - Confusion matrix saved to experiments/grid-search/xlnet-base-cased/kaggle/prep1_aug0/seed_99511865/confusion_matrix.json
2026-03-25 05:04:07,834 - cyberbully - INFO - Per-sample predictions saved to experiments/grid-search/xlnet-base-cased/kaggle/prep1_aug0/seed_99511865/predictions.json
2026-03-25 05:04:07,938 - cyberbully - INFO - Confusion matrix figure saved to experiments/grid-search/xlnet-base-cased/kaggle/prep1_aug0/seed_99511865/confusion_matrix.pdf
2026-03-25 05:04:07,938 - cyberbully - INFO - Accuracy: 0.9520
2026-03-25 05:04:07,938 - cyberbully - INFO - Weighted F1: 0.9521
2026-03-25 05:04:07,938 - cyberbully - INFO - Micro F1: 0.9520
2026-03-25 05:04:07,938 - cyberbully - INFO - Inference time: 5.89 seconds
2026-03-25 05:04:07,938 - cyberbully - INFO - Energy consumption: 0.000312 kWh
2026-03-25 05:04:07,939 - cyberbully - INFO - ============================================================
2026-03-25 05:04:07,939 - cyberbully - INFO - Pipeline complete. Results saved to: experiments/grid-search/xlnet-base-cased/kaggle/prep1_aug0/seed_99511865
2026-03-25 05:04:07,940 - cyberbully - INFO - ============================================================
