2026-04-13 03:06:09,007 - cyberbully - INFO - ============================================================
2026-04-13 03:06:09,007 - cyberbully - INFO - Cyberbullying Detection Pipeline
2026-04-13 03:06:09,007 - cyberbully - INFO - ============================================================
2026-04-13 03:06:09,007 - cyberbully - INFO - Configuration:
2026-04-13 03:06:09,007 - cyberbully - INFO -   model          : Twitter/twhin-bert-base
2026-04-13 03:06:09,007 - cyberbully - INFO -   dataset        : ieee
2026-04-13 03:06:09,007 - cyberbully - INFO -   preprocess     : True
2026-04-13 03:06:09,007 - cyberbully - INFO -   augment        : False
2026-04-13 03:06:09,007 - cyberbully - INFO -   compute_attribution: False
2026-04-13 03:06:09,007 - cyberbully - INFO -   seed           : 24677315
2026-04-13 03:06:09,007 - cyberbully - INFO -   epochs         : 10
2026-04-13 03:06:09,007 - cyberbully - INFO -   batch_size     : 32
2026-04-13 03:06:09,007 - cyberbully - INFO -   lr             : 5e-05
2026-04-13 03:06:09,007 - cyberbully - INFO -   max_length     : 128
2026-04-13 03:06:09,007 - cyberbully - INFO -   output_dir     : grid-search
2026-04-13 03:06:09,007 - cyberbully - INFO -   data_dir       : dataset
2026-04-13 03:06:09,007 - cyberbully - INFO -   sbert          : False
2026-04-13 03:06:09,007 - cyberbully - INFO -   supcon         : False
2026-04-13 03:06:09,007 - cyberbully - INFO -   supcon_weight  : 0.1
2026-04-13 03:06:09,007 - cyberbully - INFO -   proj_dim       : 128
2026-04-13 03:06:09,007 - cyberbully - INFO -   grad_accum_steps: 1
2026-04-13 03:06:09,007 - cyberbully - INFO -   overwrite      : False
2026-04-13 03:06:09,007 - cyberbully - INFO -   device         : cuda
2026-04-13 03:06:09,007 - cyberbully - INFO -   output_dir     : experiments/grid-search/Twitter_twhin-bert-base/ieee/prep1_aug0/seed_24677315
2026-04-13 03:06:09,007 - cyberbully - INFO - ============================================================
2026-04-13 03:06:09,007 - cyberbully - INFO - Step 1: Preparing data...
2026-04-13 03:06:09,011 - cyberbully - INFO - Loaded pre-split data from dataset/ieee — train: 1348, val: 338, test: 422
2026-04-13 03:06:09,011 - cyberbully - INFO - Label mapping: {'Cyberstalking': 0, 'Doxing': 1, 'Revenge Porn': 2, 'Sexual Harassment': 3, 'Slut Shaming': 4}
2026-04-13 03:06:09,011 - cyberbully - INFO - Applying text preprocessing per split...
2026-04-13 03:06:13,003 - cyberbully - INFO - After preprocessing — train: 1177, val: 305, test: 375
2026-04-13 03:06:13,005 - cyberbully - INFO - Number of classes: 5
2026-04-13 03:06:13,006 - cyberbully - INFO - Step 2: Loading model and tokenizer...
2026-04-13 03:06:13,006 - cyberbully - INFO - Loading model 'Twitter/twhin-bert-base' with 5 labels (sbert=False, supcon=False)
2026-04-13 03:06:14,787 - cyberbully - INFO - Step 3: Creating datasets...
2026-04-13 03:06:14,813 - cyberbully - INFO - Dataset sizes — train: 1177, val: 305, test: 375
2026-04-13 03:06:14,814 - cyberbully - INFO - Step 4: Training...
2026-04-13 03:06:15,161 - cyberbully - INFO - Starting training...
2026-04-13 03:17:34,901 - cyberbully - INFO - Training complete.
2026-04-13 03:17:35,139 - cyberbully - INFO - Removed checkpoint: experiments/grid-search/Twitter_twhin-bert-base/ieee/prep1_aug0/seed_24677315/checkpoint-111
2026-04-13 03:17:35,326 - cyberbully - INFO - Removed checkpoint: experiments/grid-search/Twitter_twhin-bert-base/ieee/prep1_aug0/seed_24677315/checkpoint-370
2026-04-13 03:17:35,531 - cyberbully - INFO - Removed checkpoint: experiments/grid-search/Twitter_twhin-bert-base/ieee/prep1_aug0/seed_24677315/checkpoint-37
2026-04-13 03:17:36,515 - cyberbully - INFO - Removed checkpoint: experiments/grid-search/Twitter_twhin-bert-base/ieee/prep1_aug0/seed_24677315/checkpoint-148
2026-04-13 03:17:36,687 - cyberbully - INFO - Removed checkpoint: experiments/grid-search/Twitter_twhin-bert-base/ieee/prep1_aug0/seed_24677315/checkpoint-296
2026-04-13 03:17:36,862 - cyberbully - INFO - Removed checkpoint: experiments/grid-search/Twitter_twhin-bert-base/ieee/prep1_aug0/seed_24677315/checkpoint-333
2026-04-13 03:17:37,019 - cyberbully - INFO - Removed checkpoint: experiments/grid-search/Twitter_twhin-bert-base/ieee/prep1_aug0/seed_24677315/checkpoint-185
2026-04-13 03:17:37,179 - cyberbully - INFO - Removed checkpoint: experiments/grid-search/Twitter_twhin-bert-base/ieee/prep1_aug0/seed_24677315/checkpoint-222
2026-04-13 03:17:37,341 - cyberbully - INFO - Removed checkpoint: experiments/grid-search/Twitter_twhin-bert-base/ieee/prep1_aug0/seed_24677315/checkpoint-259
2026-04-13 03:17:37,498 - cyberbully - INFO - Removed checkpoint: experiments/grid-search/Twitter_twhin-bert-base/ieee/prep1_aug0/seed_24677315/checkpoint-74
2026-04-13 03:17:37,498 - cyberbully - INFO - Step 5: Evaluating on test set...
2026-04-13 03:17:42,445 - cyberbully - INFO - Metrics saved to experiments/grid-search/Twitter_twhin-bert-base/ieee/prep1_aug0/seed_24677315/metrics.json
2026-04-13 03:17:42,446 - cyberbully - INFO - Confusion matrix saved to experiments/grid-search/Twitter_twhin-bert-base/ieee/prep1_aug0/seed_24677315/confusion_matrix.json
2026-04-13 03:17:42,450 - cyberbully - INFO - Per-sample predictions saved to experiments/grid-search/Twitter_twhin-bert-base/ieee/prep1_aug0/seed_24677315/predictions.json
2026-04-13 03:17:42,550 - cyberbully - INFO - Confusion matrix figure saved to experiments/grid-search/Twitter_twhin-bert-base/ieee/prep1_aug0/seed_24677315/confusion_matrix.pdf
2026-04-13 03:17:42,551 - cyberbully - INFO - Accuracy: 0.8187
2026-04-13 03:17:42,551 - cyberbully - INFO - Weighted F1: 0.8189
2026-04-13 03:17:42,551 - cyberbully - INFO - Micro F1: 0.8187
2026-04-13 03:17:42,551 - cyberbully - INFO - Inference time: 0.29 seconds
2026-04-13 03:17:42,551 - cyberbully - INFO - Energy consumption: 0.000018 kWh
2026-04-13 03:17:42,551 - cyberbully - INFO - ============================================================
2026-04-13 03:17:42,551 - cyberbully - INFO - Pipeline complete. Results saved to: experiments/grid-search/Twitter_twhin-bert-base/ieee/prep1_aug0/seed_24677315
2026-04-13 03:17:42,551 - cyberbully - INFO - ============================================================
