2026-02-19 06:08:45,461 - cyberbully - INFO - ============================================================
2026-02-19 06:08:45,461 - cyberbully - INFO - Cyberbullying Detection Pipeline
2026-02-19 06:08:45,461 - cyberbully - INFO - ============================================================
2026-02-19 06:08:45,461 - cyberbully - INFO - Configuration:
2026-02-19 06:08:45,461 - cyberbully - INFO -   model          : sarkerlab/SocBERT-base
2026-02-19 06:08:45,461 - cyberbully - INFO -   dataset        : ieee
2026-02-19 06:08:45,461 - cyberbully - INFO -   preprocess     : False
2026-02-19 06:08:45,461 - cyberbully - INFO -   augment        : False
2026-02-19 06:08:45,461 - cyberbully - INFO -   compute_attribution: False
2026-02-19 06:08:45,461 - cyberbully - INFO -   seed           : 37622020
2026-02-19 06:08:45,461 - cyberbully - INFO -   epochs         : 5
2026-02-19 06:08:45,461 - cyberbully - INFO -   batch_size     : 16
2026-02-19 06:08:45,461 - cyberbully - INFO -   lr             : 2e-05
2026-02-19 06:08:45,461 - cyberbully - INFO -   max_length     : 128
2026-02-19 06:08:45,461 - cyberbully - INFO -   output_dir     : domain-model
2026-02-19 06:08:45,461 - cyberbully - INFO -   data_dir       : dataset
2026-02-19 06:08:45,461 - cyberbully - INFO -   sbert          : False
2026-02-19 06:08:45,461 - cyberbully - INFO -   overwrite      : False
2026-02-19 06:08:45,461 - cyberbully - INFO -   device         : cuda
2026-02-19 06:08:45,461 - cyberbully - INFO -   output_dir     : experiments/domain-model/sarkerlab_SocBERT-base/ieee/prep0_aug0/seed_37622020
2026-02-19 06:08:45,461 - cyberbully - INFO - ============================================================
2026-02-19 06:08:45,461 - cyberbully - INFO - Step 1: Preparing data...
2026-02-19 06:08:45,461 - cyberbully - INFO - Loading dataset 'ieee' from dataset/IEEE Data Port.csv
2026-02-19 06:08:45,468 - cyberbully - INFO - Loaded 2108 samples with 5 classes: ['Cyberstalking', 'Doxing', 'Revenge Porn', 'Sexual Harassment', 'Slut Shaming']
2026-02-19 06:08:45,468 - cyberbully - INFO - Label mapping: {'Cyberstalking': 0, 'Doxing': 1, 'Revenge Porn': 2, 'Sexual Harassment': 3, 'Slut Shaming': 4}
2026-02-19 06:08:45,470 - cyberbully - INFO - Split sizes — train: 1348, val: 338, test: 422
2026-02-19 06:08:45,470 - cyberbully - INFO - Number of classes: 5
2026-02-19 06:08:45,472 - cyberbully - INFO - Step 2: Loading model and tokenizer...
2026-02-19 06:08:45,472 - cyberbully - INFO - Loading model 'sarkerlab/SocBERT-base' with 5 labels (sbert=False)
2026-02-19 06:08:46,646 - cyberbully - INFO - Step 3: Creating datasets...
2026-02-19 06:08:46,675 - cyberbully - INFO - Dataset sizes — train: 1348, val: 338, test: 422
2026-02-19 06:08:46,675 - cyberbully - INFO - Step 4: Training...
2026-02-19 06:08:46,925 - cyberbully - INFO - Starting training...
2026-02-19 06:09:14,715 - cyberbully - INFO - Training complete.
2026-02-19 06:09:14,715 - cyberbully - INFO - Step 5: Evaluating on test set...
2026-02-19 06:09:19,313 - cyberbully - INFO - Metrics saved to experiments/domain-model/sarkerlab_SocBERT-base/ieee/prep0_aug0/seed_37622020/metrics.json
2026-02-19 06:09:19,313 - cyberbully - INFO - Confusion matrix saved to experiments/domain-model/sarkerlab_SocBERT-base/ieee/prep0_aug0/seed_37622020/confusion_matrix.json
2026-02-19 06:09:19,413 - cyberbully - INFO - Confusion matrix figure saved to experiments/domain-model/sarkerlab_SocBERT-base/ieee/prep0_aug0/seed_37622020/confusion_matrix.pdf
2026-02-19 06:09:19,413 - cyberbully - INFO - Accuracy: 0.8223
2026-02-19 06:09:19,414 - cyberbully - INFO - Weighted F1: 0.8227
2026-02-19 06:09:19,414 - cyberbully - INFO - Micro F1: 0.8223
2026-02-19 06:09:19,414 - cyberbully - INFO - Inference time: 0.32 seconds
2026-02-19 06:09:19,414 - cyberbully - INFO - Energy consumption: 0.000020 kWh
2026-02-19 06:09:19,414 - cyberbully - INFO - ============================================================
2026-02-19 06:09:19,414 - cyberbully - INFO - Pipeline complete. Results saved to: experiments/domain-model/sarkerlab_SocBERT-base/ieee/prep0_aug0/seed_37622020
2026-02-19 06:09:19,414 - cyberbully - INFO - ============================================================
