2026-02-13 05:55:15,401 - cyberbully - INFO - ============================================================
2026-02-13 05:55:15,401 - cyberbully - INFO - Cyberbullying Detection Pipeline
2026-02-13 05:55:15,401 - cyberbully - INFO - ============================================================
2026-02-13 05:55:15,401 - cyberbully - INFO - Configuration:
2026-02-13 05:55:15,401 - cyberbully - INFO -   model          : xlnet-base-cased
2026-02-13 05:55:15,402 - cyberbully - INFO -   dataset        : tweeteval
2026-02-13 05:55:15,402 - cyberbully - INFO -   preprocess     : True
2026-02-13 05:55:15,402 - cyberbully - INFO -   augment        : True
2026-02-13 05:55:15,402 - cyberbully - INFO -   compute_attribution: False
2026-02-13 05:55:15,402 - cyberbully - INFO -   seed           : 37622020
2026-02-13 05:55:15,402 - cyberbully - INFO -   epochs         : 5
2026-02-13 05:55:15,402 - cyberbully - INFO -   batch_size     : 16
2026-02-13 05:55:15,402 - cyberbully - INFO -   lr             : 2e-05
2026-02-13 05:55:15,402 - cyberbully - INFO -   max_length     : 128
2026-02-13 05:55:15,402 - cyberbully - INFO -   output_dir     : experiments
2026-02-13 05:55:15,402 - cyberbully - INFO -   data_dir       : dataset
2026-02-13 05:55:15,402 - cyberbully - INFO -   overwrite      : False
2026-02-13 05:55:15,402 - cyberbully - INFO -   device         : cuda
2026-02-13 05:55:15,402 - cyberbully - INFO -   output_dir     : experiments/xlnet-base-cased/tweeteval/prep1_aug1/seed_37622020
2026-02-13 05:55:15,402 - cyberbully - INFO - ============================================================
2026-02-13 05:55:15,402 - cyberbully - INFO - Step 1: Preparing data...
2026-02-13 05:55:15,402 - cyberbully - INFO - Loading dataset 'tweeteval' from dataset/Tweeteval.csv
2026-02-13 05:55:15,473 - cyberbully - INFO - Loaded 50759 samples with 5 classes: ['emotion', 'hate', 'offensive', 'religion', 'spiritual']
2026-02-13 05:55:15,473 - cyberbully - INFO - Applying text preprocessing...
2026-02-13 05:56:13,247 - cyberbully - INFO - After preprocessing: 47389 samples remain
2026-02-13 05:56:13,250 - cyberbully - INFO - Label mapping: {'emotion': 0, 'hate': 1, 'offensive': 2, 'religion': 3, 'spiritual': 4}
2026-02-13 05:56:13,263 - cyberbully - INFO - Split sizes — train: 30328, val: 7583, test: 9478
2026-02-13 05:56:13,263 - cyberbully - INFO - Applying training data augmentation (oversampling)...
2026-02-13 05:56:13,269 - cyberbully - INFO - After oversampling — class distribution: {0: 7749, 1: 7749, 2: 7749, 3: 7749, 4: 7749}
2026-02-13 05:56:13,270 - cyberbully - INFO - Number of classes: 5
2026-02-13 05:56:13,270 - cyberbully - INFO - Step 2: Loading model and tokenizer...
2026-02-13 05:56:13,270 - cyberbully - INFO - Loading model 'xlnet-base-cased' with 5 labels
2026-02-13 05:56:15,972 - cyberbully - INFO - Step 3: Tokenizing datasets...
2026-02-13 05:56:17,121 - cyberbully - INFO - Dataset sizes — train: 38745, val: 7583, test: 9478
2026-02-13 05:56:17,122 - cyberbully - INFO - Step 4: Training...
2026-02-13 05:56:17,392 - cyberbully - INFO - Starting training...
2026-02-13 06:12:02,994 - cyberbully - INFO - Training complete.
2026-02-13 06:12:02,994 - cyberbully - INFO - Step 5: Evaluating on test set...
2026-02-13 06:12:19,231 - cyberbully - INFO - Metrics saved to experiments/xlnet-base-cased/tweeteval/prep1_aug1/seed_37622020/metrics.json
2026-02-13 06:12:19,231 - cyberbully - INFO - Confusion matrix saved to experiments/xlnet-base-cased/tweeteval/prep1_aug1/seed_37622020/confusion_matrix.json
2026-02-13 06:12:19,331 - cyberbully - INFO - Confusion matrix figure saved to experiments/xlnet-base-cased/tweeteval/prep1_aug1/seed_37622020/confusion_matrix.pdf
2026-02-13 06:12:19,331 - cyberbully - INFO - Accuracy: 0.9381
2026-02-13 06:12:19,332 - cyberbully - INFO - Weighted F1: 0.9383
2026-02-13 06:12:19,332 - cyberbully - INFO - Micro F1: 0.9381
2026-02-13 06:12:19,332 - cyberbully - INFO - Inference time: 11.91 seconds
2026-02-13 06:12:19,332 - cyberbully - INFO - Energy consumption: 0.000723 kWh
2026-02-13 06:12:19,332 - cyberbully - INFO - ============================================================
2026-02-13 06:12:19,332 - cyberbully - INFO - Pipeline complete. Results saved to: experiments/xlnet-base-cased/tweeteval/prep1_aug1/seed_37622020
2026-02-13 06:12:19,332 - cyberbully - INFO - ============================================================
