2026-04-17 14:08:11,476 - cyberbully - INFO - ============================================================
2026-04-17 14:08:11,476 - cyberbully - INFO - Cyberbullying Detection Pipeline
2026-04-17 14:08:11,476 - cyberbully - INFO - ============================================================
2026-04-17 14:08:11,476 - cyberbully - INFO - Configuration:
2026-04-17 14:08:11,476 - cyberbully - INFO -   model          : bert-base-uncased
2026-04-17 14:08:11,476 - cyberbully - INFO -   dataset        : tweeteval
2026-04-17 14:08:11,476 - cyberbully - INFO -   preprocess     : True
2026-04-17 14:08:11,476 - cyberbully - INFO -   augment        : True
2026-04-17 14:08:11,476 - cyberbully - INFO -   compute_attribution: False
2026-04-17 14:08:11,476 - cyberbully - INFO -   seed           : 52680723
2026-04-17 14:08:11,476 - cyberbully - INFO -   epochs         : 10
2026-04-17 14:08:11,476 - cyberbully - INFO -   batch_size     : 32
2026-04-17 14:08:11,476 - cyberbully - INFO -   lr             : 5e-05
2026-04-17 14:08:11,476 - cyberbully - INFO -   max_length     : 128
2026-04-17 14:08:11,476 - cyberbully - INFO -   output_dir     : grid-search
2026-04-17 14:08:11,476 - cyberbully - INFO -   data_dir       : dataset
2026-04-17 14:08:11,476 - cyberbully - INFO -   sbert          : False
2026-04-17 14:08:11,476 - cyberbully - INFO -   supcon         : False
2026-04-17 14:08:11,476 - cyberbully - INFO -   supcon_weight  : 0.1
2026-04-17 14:08:11,476 - cyberbully - INFO -   proj_dim       : 128
2026-04-17 14:08:11,476 - cyberbully - INFO -   grad_accum_steps: 1
2026-04-17 14:08:11,476 - cyberbully - INFO -   overwrite      : True
2026-04-17 14:08:11,476 - cyberbully - INFO -   device         : cuda
2026-04-17 14:08:11,476 - cyberbully - INFO -   output_dir     : experiments/grid-search/bert-base-uncased/tweeteval/prep1_aug1/seed_52680723
2026-04-17 14:08:11,476 - cyberbully - INFO - ============================================================
2026-04-17 14:08:11,476 - cyberbully - INFO - Step 1: Preparing data...
2026-04-17 14:08:11,526 - cyberbully - INFO - Loaded pre-split data from dataset/tweeteval — train: 32485, val: 8122, test: 10152
2026-04-17 14:08:11,526 - cyberbully - INFO - Label mapping: {'emotion': 0, 'hate': 1, 'offensive': 2, 'religion': 3, 'spiritual': 4}
2026-04-17 14:08:11,526 - cyberbully - INFO - Applying text preprocessing per split...
2026-04-17 14:09:08,207 - cyberbully - INFO - After preprocessing — train: 30375, val: 7618, test: 9467
2026-04-17 14:09:08,209 - cyberbully - INFO - Applying training data augmentation (oversampling)...
2026-04-17 14:09:08,214 - cyberbully - INFO - After oversampling — class distribution: {0: 7770, 1: 7770, 2: 7770, 3: 7770, 4: 7770}
2026-04-17 14:09:08,224 - cyberbully - INFO - Number of classes: 5
2026-04-17 14:09:08,225 - cyberbully - INFO - Step 2: Loading model and tokenizer...
2026-04-17 14:09:08,225 - cyberbully - INFO - Loading model 'bert-base-uncased' with 5 labels (sbert=False, supcon=False)
2026-04-17 14:09:09,011 - cyberbully - INFO - Step 3: Creating datasets...
2026-04-17 14:09:09,859 - cyberbully - INFO - Dataset sizes — train: 38850, val: 7618, test: 9467
2026-04-17 14:09:09,859 - cyberbully - INFO - Step 4: Training...
2026-04-17 14:09:10,001 - cyberbully - INFO - Starting training...
2026-04-17 14:21:45,056 - cyberbully - INFO - Training complete.
2026-04-17 14:21:45,106 - cyberbully - INFO - Removed checkpoint: experiments/grid-search/bert-base-uncased/tweeteval/prep1_aug1/seed_52680723/checkpoint-1215
2026-04-17 14:21:45,183 - cyberbully - INFO - Removed checkpoint: experiments/grid-search/bert-base-uncased/tweeteval/prep1_aug1/seed_52680723/checkpoint-9720
2026-04-17 14:21:45,261 - cyberbully - INFO - Removed checkpoint: experiments/grid-search/bert-base-uncased/tweeteval/prep1_aug1/seed_52680723/checkpoint-2430
2026-04-17 14:21:45,337 - cyberbully - INFO - Removed checkpoint: experiments/grid-search/bert-base-uncased/tweeteval/prep1_aug1/seed_52680723/checkpoint-10935
2026-04-17 14:21:45,436 - cyberbully - INFO - Removed checkpoint: experiments/grid-search/bert-base-uncased/tweeteval/prep1_aug1/seed_52680723/checkpoint-12150
2026-04-17 14:21:45,515 - cyberbully - INFO - Removed checkpoint: experiments/grid-search/bert-base-uncased/tweeteval/prep1_aug1/seed_52680723/checkpoint-3645
2026-04-17 14:21:45,593 - cyberbully - INFO - Removed checkpoint: experiments/grid-search/bert-base-uncased/tweeteval/prep1_aug1/seed_52680723/checkpoint-7290
2026-04-17 14:21:45,671 - cyberbully - INFO - Removed checkpoint: experiments/grid-search/bert-base-uncased/tweeteval/prep1_aug1/seed_52680723/checkpoint-4860
2026-04-17 14:21:45,749 - cyberbully - INFO - Removed checkpoint: experiments/grid-search/bert-base-uncased/tweeteval/prep1_aug1/seed_52680723/checkpoint-8505
2026-04-17 14:21:45,827 - cyberbully - INFO - Removed checkpoint: experiments/grid-search/bert-base-uncased/tweeteval/prep1_aug1/seed_52680723/checkpoint-6075
2026-04-17 14:21:45,827 - cyberbully - INFO - Step 5: Evaluating on test set...
2026-04-17 14:21:54,328 - cyberbully - INFO - Metrics saved to experiments/grid-search/bert-base-uncased/tweeteval/prep1_aug1/seed_52680723/metrics.json
2026-04-17 14:21:54,329 - cyberbully - INFO - Confusion matrix saved to experiments/grid-search/bert-base-uncased/tweeteval/prep1_aug1/seed_52680723/confusion_matrix.json
2026-04-17 14:21:54,421 - cyberbully - INFO - Per-sample predictions saved to experiments/grid-search/bert-base-uncased/tweeteval/prep1_aug1/seed_52680723/predictions.json
2026-04-17 14:21:54,527 - cyberbully - INFO - Confusion matrix figure saved to experiments/grid-search/bert-base-uncased/tweeteval/prep1_aug1/seed_52680723/confusion_matrix.pdf
2026-04-17 14:21:54,527 - cyberbully - INFO - Accuracy: 0.9446
2026-04-17 14:21:54,527 - cyberbully - INFO - Weighted F1: 0.9447
2026-04-17 14:21:54,527 - cyberbully - INFO - Micro F1: 0.9446
2026-04-17 14:21:54,527 - cyberbully - INFO - Inference time: 3.78 seconds
2026-04-17 14:21:54,527 - cyberbully - INFO - Energy consumption: 0.000229 kWh
2026-04-17 14:21:54,527 - cyberbully - INFO - ============================================================
2026-04-17 14:21:54,527 - cyberbully - INFO - Pipeline complete. Results saved to: experiments/grid-search/bert-base-uncased/tweeteval/prep1_aug1/seed_52680723
2026-04-17 14:21:54,527 - cyberbully - INFO - ============================================================
