2026-04-09 00:39:10,289 - cyberbully - INFO - ============================================================
2026-04-09 00:39:10,290 - cyberbully - INFO - Cyberbullying Detection Pipeline
2026-04-09 00:39:10,290 - cyberbully - INFO - ============================================================
2026-04-09 00:39:10,290 - cyberbully - INFO - Configuration:
2026-04-09 00:39:10,290 - cyberbully - INFO -   model          : answerdotai/ModernBERT-base
2026-04-09 00:39:10,290 - cyberbully - INFO -   dataset        : tweeteval
2026-04-09 00:39:10,290 - cyberbully - INFO -   preprocess     : False
2026-04-09 00:39:10,290 - cyberbully - INFO -   augment        : True
2026-04-09 00:39:10,290 - cyberbully - INFO -   compute_attribution: False
2026-04-09 00:39:10,290 - cyberbully - INFO -   seed           : 67351593
2026-04-09 00:39:10,290 - cyberbully - INFO -   epochs         : 10
2026-04-09 00:39:10,290 - cyberbully - INFO -   batch_size     : 32
2026-04-09 00:39:10,290 - cyberbully - INFO -   lr             : 5e-05
2026-04-09 00:39:10,290 - cyberbully - INFO -   max_length     : 128
2026-04-09 00:39:10,290 - cyberbully - INFO -   output_dir     : grid-search
2026-04-09 00:39:10,290 - cyberbully - INFO -   data_dir       : dataset
2026-04-09 00:39:10,290 - cyberbully - INFO -   sbert          : False
2026-04-09 00:39:10,290 - cyberbully - INFO -   supcon         : False
2026-04-09 00:39:10,290 - cyberbully - INFO -   supcon_weight  : 0.1
2026-04-09 00:39:10,290 - cyberbully - INFO -   proj_dim       : 128
2026-04-09 00:39:10,290 - cyberbully - INFO -   grad_accum_steps: 1
2026-04-09 00:39:10,290 - cyberbully - INFO -   overwrite      : False
2026-04-09 00:39:10,290 - cyberbully - INFO -   device         : cuda
2026-04-09 00:39:10,290 - cyberbully - INFO -   output_dir     : experiments/grid-search/answerdotai_ModernBERT-base/tweeteval/prep0_aug1/seed_67351593
2026-04-09 00:39:10,290 - cyberbully - INFO - ============================================================
2026-04-09 00:39:10,290 - cyberbully - INFO - Step 1: Preparing data...
2026-04-09 00:39:10,337 - cyberbully - INFO - Loaded pre-split data from dataset/tweeteval — train: 32485, val: 8122, test: 10152
2026-04-09 00:39:10,337 - cyberbully - INFO - Label mapping: {'emotion': 0, 'hate': 1, 'offensive': 2, 'religion': 3, 'spiritual': 4}
2026-04-09 00:39:10,339 - cyberbully - INFO - Applying training data augmentation (oversampling)...
2026-04-09 00:39:10,345 - cyberbully - INFO - After oversampling — class distribution: {0: 8985, 1: 8985, 2: 8985, 3: 8985, 4: 8985}
2026-04-09 00:39:10,354 - cyberbully - INFO - Number of classes: 5
2026-04-09 00:39:10,355 - cyberbully - INFO - Step 2: Loading model and tokenizer...
2026-04-09 00:39:10,355 - cyberbully - INFO - Loading model 'answerdotai/ModernBERT-base' with 5 labels (sbert=False, supcon=False)
2026-04-09 00:39:11,892 - cyberbully - INFO - Step 3: Creating datasets...
2026-04-09 00:39:13,383 - cyberbully - INFO - Dataset sizes — train: 44925, val: 8122, test: 10152
2026-04-09 00:39:13,383 - cyberbully - INFO - Step 4: Training...
2026-04-09 00:39:13,603 - cyberbully - INFO - Starting training...
2026-04-09 01:06:59,535 - cyberbully - INFO - Training complete.
2026-04-09 01:06:59,632 - cyberbully - INFO - Removed checkpoint: experiments/grid-search/answerdotai_ModernBERT-base/tweeteval/prep0_aug1/seed_67351593/checkpoint-14040
2026-04-09 01:06:59,716 - cyberbully - INFO - Removed checkpoint: experiments/grid-search/answerdotai_ModernBERT-base/tweeteval/prep0_aug1/seed_67351593/checkpoint-2808
2026-04-09 01:06:59,798 - cyberbully - INFO - Removed checkpoint: experiments/grid-search/answerdotai_ModernBERT-base/tweeteval/prep0_aug1/seed_67351593/checkpoint-5616
2026-04-09 01:06:59,880 - cyberbully - INFO - Removed checkpoint: experiments/grid-search/answerdotai_ModernBERT-base/tweeteval/prep0_aug1/seed_67351593/checkpoint-7020
2026-04-09 01:06:59,963 - cyberbully - INFO - Removed checkpoint: experiments/grid-search/answerdotai_ModernBERT-base/tweeteval/prep0_aug1/seed_67351593/checkpoint-4212
2026-04-09 01:07:00,046 - cyberbully - INFO - Removed checkpoint: experiments/grid-search/answerdotai_ModernBERT-base/tweeteval/prep0_aug1/seed_67351593/checkpoint-12636
2026-04-09 01:07:00,130 - cyberbully - INFO - Removed checkpoint: experiments/grid-search/answerdotai_ModernBERT-base/tweeteval/prep0_aug1/seed_67351593/checkpoint-1404
2026-04-09 01:07:00,213 - cyberbully - INFO - Removed checkpoint: experiments/grid-search/answerdotai_ModernBERT-base/tweeteval/prep0_aug1/seed_67351593/checkpoint-8424
2026-04-09 01:07:00,295 - cyberbully - INFO - Removed checkpoint: experiments/grid-search/answerdotai_ModernBERT-base/tweeteval/prep0_aug1/seed_67351593/checkpoint-11232
2026-04-09 01:07:00,378 - cyberbully - INFO - Removed checkpoint: experiments/grid-search/answerdotai_ModernBERT-base/tweeteval/prep0_aug1/seed_67351593/checkpoint-9828
2026-04-09 01:07:00,378 - cyberbully - INFO - Step 5: Evaluating on test set...
2026-04-09 01:07:14,992 - cyberbully - INFO - Metrics saved to experiments/grid-search/answerdotai_ModernBERT-base/tweeteval/prep0_aug1/seed_67351593/metrics.json
2026-04-09 01:07:14,992 - cyberbully - INFO - Confusion matrix saved to experiments/grid-search/answerdotai_ModernBERT-base/tweeteval/prep0_aug1/seed_67351593/confusion_matrix.json
2026-04-09 01:07:15,090 - cyberbully - INFO - Per-sample predictions saved to experiments/grid-search/answerdotai_ModernBERT-base/tweeteval/prep0_aug1/seed_67351593/predictions.json
2026-04-09 01:07:15,191 - cyberbully - INFO - Confusion matrix figure saved to experiments/grid-search/answerdotai_ModernBERT-base/tweeteval/prep0_aug1/seed_67351593/confusion_matrix.pdf
2026-04-09 01:07:15,191 - cyberbully - INFO - Accuracy: 0.9737
2026-04-09 01:07:15,191 - cyberbully - INFO - Weighted F1: 0.9738
2026-04-09 01:07:15,191 - cyberbully - INFO - Micro F1: 0.9737
2026-04-09 01:07:15,191 - cyberbully - INFO - Inference time: 9.93 seconds
2026-04-09 01:07:15,191 - cyberbully - INFO - Energy consumption: 0.000623 kWh
2026-04-09 01:07:15,193 - cyberbully - INFO - ============================================================
2026-04-09 01:07:15,193 - cyberbully - INFO - Pipeline complete. Results saved to: experiments/grid-search/answerdotai_ModernBERT-base/tweeteval/prep0_aug1/seed_67351593
2026-04-09 01:07:15,193 - cyberbully - INFO - ============================================================
