2026-02-19 17:03:49,818 - cyberbully - INFO - ============================================================
2026-02-19 17:03:49,818 - cyberbully - INFO - Cyberbullying Detection Pipeline
2026-02-19 17:03:49,818 - cyberbully - INFO - ============================================================
2026-02-19 17:03:49,818 - cyberbully - INFO - Configuration:
2026-02-19 17:03:49,818 - cyberbully - INFO -   model          : roberta-base
2026-02-19 17:03:49,818 - cyberbully - INFO -   dataset        : ieee
2026-02-19 17:03:49,818 - cyberbully - INFO -   preprocess     : False
2026-02-19 17:03:49,818 - cyberbully - INFO -   augment        : True
2026-02-19 17:03:49,818 - cyberbully - INFO -   compute_attribution: False
2026-02-19 17:03:49,818 - cyberbully - INFO -   seed           : 14298463
2026-02-19 17:03:49,818 - cyberbully - INFO -   epochs         : 5
2026-02-19 17:03:49,818 - cyberbully - INFO -   batch_size     : 16
2026-02-19 17:03:49,818 - cyberbully - INFO -   lr             : 2e-05
2026-02-19 17:03:49,818 - cyberbully - INFO -   max_length     : 128
2026-02-19 17:03:49,818 - cyberbully - INFO -   output_dir     : grid-search
2026-02-19 17:03:49,818 - cyberbully - INFO -   data_dir       : dataset
2026-02-19 17:03:49,818 - cyberbully - INFO -   sbert          : False
2026-02-19 17:03:49,818 - cyberbully - INFO -   overwrite      : False
2026-02-19 17:03:49,818 - cyberbully - INFO -   device         : cuda
2026-02-19 17:03:49,818 - cyberbully - INFO -   output_dir     : experiments/grid-search/roberta-base/ieee/prep0_aug1/seed_14298463
2026-02-19 17:03:49,818 - cyberbully - INFO - ============================================================
2026-02-19 17:03:49,818 - cyberbully - INFO - Step 1: Preparing data...
2026-02-19 17:03:49,818 - cyberbully - INFO - Loading dataset 'ieee' from dataset/IEEE Data Port.csv
2026-02-19 17:03:49,823 - cyberbully - INFO - Loaded 2108 samples with 5 classes: ['Cyberstalking', 'Doxing', 'Revenge Porn', 'Sexual Harassment', 'Slut Shaming']
2026-02-19 17:03:49,824 - cyberbully - INFO - Label mapping: {'Cyberstalking': 0, 'Doxing': 1, 'Revenge Porn': 2, 'Sexual Harassment': 3, 'Slut Shaming': 4}
2026-02-19 17:03:49,826 - cyberbully - INFO - Split sizes — train: 1348, val: 338, test: 422
2026-02-19 17:03:49,826 - cyberbully - INFO - Applying training data augmentation (oversampling)...
2026-02-19 17:03:49,827 - cyberbully - INFO - After oversampling — class distribution: {0: 316, 1: 316, 2: 316, 3: 316, 4: 316}
2026-02-19 17:03:49,827 - cyberbully - INFO - Number of classes: 5
2026-02-19 17:03:49,828 - cyberbully - INFO - Step 2: Loading model and tokenizer...
2026-02-19 17:03:49,828 - cyberbully - INFO - Loading model 'roberta-base' with 5 labels (sbert=False)
2026-02-19 17:03:50,513 - cyberbully - INFO - Step 3: Creating datasets...
2026-02-19 17:03:50,538 - cyberbully - INFO - Dataset sizes — train: 1580, val: 338, test: 422
2026-02-19 17:03:50,538 - cyberbully - INFO - Step 4: Training...
2026-02-19 17:03:50,656 - cyberbully - INFO - Starting training...
2026-02-19 17:04:15,541 - cyberbully - INFO - Training complete.
2026-02-19 17:04:15,633 - cyberbully - INFO - Step 5: Evaluating on test set...
2026-02-19 17:04:20,038 - cyberbully - INFO - Metrics saved to experiments/grid-search/roberta-base/ieee/prep0_aug1/seed_14298463/metrics.json
2026-02-19 17:04:20,038 - cyberbully - INFO - Confusion matrix saved to experiments/grid-search/roberta-base/ieee/prep0_aug1/seed_14298463/confusion_matrix.json
2026-02-19 17:04:20,145 - cyberbully - INFO - Confusion matrix figure saved to experiments/grid-search/roberta-base/ieee/prep0_aug1/seed_14298463/confusion_matrix.pdf
2026-02-19 17:04:20,145 - cyberbully - INFO - Accuracy: 0.8294
2026-02-19 17:04:20,145 - cyberbully - INFO - Weighted F1: 0.8302
2026-02-19 17:04:20,145 - cyberbully - INFO - Micro F1: 0.8294
2026-02-19 17:04:20,145 - cyberbully - INFO - Inference time: 0.19 seconds
2026-02-19 17:04:20,145 - cyberbully - INFO - Energy consumption: 0.000006 kWh
2026-02-19 17:04:20,145 - cyberbully - INFO - ============================================================
2026-02-19 17:04:20,145 - cyberbully - INFO - Pipeline complete. Results saved to: experiments/grid-search/roberta-base/ieee/prep0_aug1/seed_14298463
2026-02-19 17:04:20,145 - cyberbully - INFO - ============================================================
