2026-04-10 22:56:58,232 - cyberbully - INFO - ============================================================
2026-04-10 22:56:58,232 - cyberbully - INFO - Cyberbullying Detection Pipeline
2026-04-10 22:56:58,232 - cyberbully - INFO - ============================================================
2026-04-10 22:56:58,232 - cyberbully - INFO - Configuration:
2026-04-10 22:56:58,232 - cyberbully - INFO -   model          : chandar-lab/NeoBERT
2026-04-10 22:56:58,232 - cyberbully - INFO -   dataset        : kaggle
2026-04-10 22:56:58,232 - cyberbully - INFO -   preprocess     : False
2026-04-10 22:56:58,232 - cyberbully - INFO -   augment        : False
2026-04-10 22:56:58,232 - cyberbully - INFO -   compute_attribution: False
2026-04-10 22:56:58,232 - cyberbully - INFO -   seed           : 87212562
2026-04-10 22:56:58,232 - cyberbully - INFO -   epochs         : 10
2026-04-10 22:56:58,232 - cyberbully - INFO -   batch_size     : 32
2026-04-10 22:56:58,232 - cyberbully - INFO -   lr             : 5e-05
2026-04-10 22:56:58,232 - cyberbully - INFO -   max_length     : 128
2026-04-10 22:56:58,232 - cyberbully - INFO -   output_dir     : grid-search
2026-04-10 22:56:58,232 - cyberbully - INFO -   data_dir       : dataset
2026-04-10 22:56:58,232 - cyberbully - INFO -   sbert          : False
2026-04-10 22:56:58,232 - cyberbully - INFO -   supcon         : False
2026-04-10 22:56:58,232 - cyberbully - INFO -   supcon_weight  : 0.1
2026-04-10 22:56:58,232 - cyberbully - INFO -   proj_dim       : 128
2026-04-10 22:56:58,232 - cyberbully - INFO -   grad_accum_steps: 1
2026-04-10 22:56:58,232 - cyberbully - INFO -   overwrite      : False
2026-04-10 22:56:58,232 - cyberbully - INFO -   device         : cuda
2026-04-10 22:56:58,232 - cyberbully - INFO -   output_dir     : experiments/grid-search/chandar-lab_NeoBERT/kaggle/prep0_aug0/seed_87212562
2026-04-10 22:56:58,232 - cyberbully - INFO - ============================================================
2026-04-10 22:56:58,232 - cyberbully - INFO - Step 1: Preparing data...
2026-04-10 22:56:58,278 - cyberbully - INFO - Loaded pre-split data from dataset/kaggle — train: 25604, val: 6401, test: 8002
2026-04-10 22:56:58,278 - cyberbully - INFO - Label mapping: {'age': 0, 'ethnicity': 1, 'gender': 2, 'other_cyberbullying': 3, 'religion': 4}
2026-04-10 22:56:58,288 - cyberbully - INFO - Number of classes: 5
2026-04-10 22:56:58,289 - cyberbully - INFO - Step 2: Loading model and tokenizer...
2026-04-10 22:56:58,289 - cyberbully - INFO - Loading model 'chandar-lab/NeoBERT' with 5 labels (sbert=False, supcon=False)
2026-04-10 22:57:00,171 - cyberbully - INFO - Step 3: Creating datasets...
2026-04-10 22:57:00,761 - cyberbully - INFO - Dataset sizes — train: 25604, val: 6401, test: 8002
2026-04-10 22:57:00,761 - cyberbully - INFO - Step 4: Training...
2026-04-10 22:57:01,040 - cyberbully - INFO - Starting training...
2026-04-10 23:24:02,730 - cyberbully - INFO - Training complete.
2026-04-10 23:24:02,852 - cyberbully - INFO - Removed checkpoint: experiments/grid-search/chandar-lab_NeoBERT/kaggle/prep0_aug0/seed_87212562/checkpoint-5607
2026-04-10 23:24:02,997 - cyberbully - INFO - Removed checkpoint: experiments/grid-search/chandar-lab_NeoBERT/kaggle/prep0_aug0/seed_87212562/checkpoint-8010
2026-04-10 23:24:03,119 - cyberbully - INFO - Removed checkpoint: experiments/grid-search/chandar-lab_NeoBERT/kaggle/prep0_aug0/seed_87212562/checkpoint-6408
2026-04-10 23:24:03,246 - cyberbully - INFO - Removed checkpoint: experiments/grid-search/chandar-lab_NeoBERT/kaggle/prep0_aug0/seed_87212562/checkpoint-1602
2026-04-10 23:24:03,370 - cyberbully - INFO - Removed checkpoint: experiments/grid-search/chandar-lab_NeoBERT/kaggle/prep0_aug0/seed_87212562/checkpoint-3204
2026-04-10 23:24:03,492 - cyberbully - INFO - Removed checkpoint: experiments/grid-search/chandar-lab_NeoBERT/kaggle/prep0_aug0/seed_87212562/checkpoint-7209
2026-04-10 23:24:03,615 - cyberbully - INFO - Removed checkpoint: experiments/grid-search/chandar-lab_NeoBERT/kaggle/prep0_aug0/seed_87212562/checkpoint-4005
2026-04-10 23:24:03,737 - cyberbully - INFO - Removed checkpoint: experiments/grid-search/chandar-lab_NeoBERT/kaggle/prep0_aug0/seed_87212562/checkpoint-4806
2026-04-10 23:24:03,868 - cyberbully - INFO - Removed checkpoint: experiments/grid-search/chandar-lab_NeoBERT/kaggle/prep0_aug0/seed_87212562/checkpoint-801
2026-04-10 23:24:03,993 - cyberbully - INFO - Removed checkpoint: experiments/grid-search/chandar-lab_NeoBERT/kaggle/prep0_aug0/seed_87212562/checkpoint-2403
2026-04-10 23:24:03,993 - cyberbully - INFO - Step 5: Evaluating on test set...
2026-04-10 23:24:22,136 - cyberbully - INFO - Metrics saved to experiments/grid-search/chandar-lab_NeoBERT/kaggle/prep0_aug0/seed_87212562/metrics.json
2026-04-10 23:24:22,137 - cyberbully - INFO - Confusion matrix saved to experiments/grid-search/chandar-lab_NeoBERT/kaggle/prep0_aug0/seed_87212562/confusion_matrix.json
2026-04-10 23:24:22,221 - cyberbully - INFO - Per-sample predictions saved to experiments/grid-search/chandar-lab_NeoBERT/kaggle/prep0_aug0/seed_87212562/predictions.json
2026-04-10 23:24:22,324 - cyberbully - INFO - Confusion matrix figure saved to experiments/grid-search/chandar-lab_NeoBERT/kaggle/prep0_aug0/seed_87212562/confusion_matrix.pdf
2026-04-10 23:24:22,324 - cyberbully - INFO - Accuracy: 0.9578
2026-04-10 23:24:22,325 - cyberbully - INFO - Weighted F1: 0.9579
2026-04-10 23:24:22,325 - cyberbully - INFO - Micro F1: 0.9578
2026-04-10 23:24:22,325 - cyberbully - INFO - Inference time: 13.25 seconds
2026-04-10 23:24:22,325 - cyberbully - INFO - Energy consumption: 0.000832 kWh
2026-04-10 23:24:22,326 - cyberbully - INFO - ============================================================
2026-04-10 23:24:22,326 - cyberbully - INFO - Pipeline complete. Results saved to: experiments/grid-search/chandar-lab_NeoBERT/kaggle/prep0_aug0/seed_87212562
2026-04-10 23:24:22,326 - cyberbully - INFO - ============================================================
