2026-04-11 10:37:45,800 - cyberbully - INFO - ============================================================
2026-04-11 10:37:45,800 - cyberbully - INFO - Cyberbullying Detection Pipeline
2026-04-11 10:37:45,800 - cyberbully - INFO - ============================================================
2026-04-11 10:37:45,800 - cyberbully - INFO - Configuration:
2026-04-11 10:37:45,800 - cyberbully - INFO -   model          : chandar-lab/NeoBERT
2026-04-11 10:37:45,800 - cyberbully - INFO -   dataset        : kaggle
2026-04-11 10:37:45,800 - cyberbully - INFO -   preprocess     : True
2026-04-11 10:37:45,800 - cyberbully - INFO -   augment        : True
2026-04-11 10:37:45,800 - cyberbully - INFO -   compute_attribution: False
2026-04-11 10:37:45,800 - cyberbully - INFO -   seed           : 43782163
2026-04-11 10:37:45,800 - cyberbully - INFO -   epochs         : 10
2026-04-11 10:37:45,800 - cyberbully - INFO -   batch_size     : 32
2026-04-11 10:37:45,800 - cyberbully - INFO -   lr             : 5e-05
2026-04-11 10:37:45,800 - cyberbully - INFO -   max_length     : 128
2026-04-11 10:37:45,800 - cyberbully - INFO -   output_dir     : grid-search
2026-04-11 10:37:45,800 - cyberbully - INFO -   data_dir       : dataset
2026-04-11 10:37:45,800 - cyberbully - INFO -   sbert          : False
2026-04-11 10:37:45,800 - cyberbully - INFO -   supcon         : False
2026-04-11 10:37:45,800 - cyberbully - INFO -   supcon_weight  : 0.1
2026-04-11 10:37:45,800 - cyberbully - INFO -   proj_dim       : 128
2026-04-11 10:37:45,800 - cyberbully - INFO -   grad_accum_steps: 1
2026-04-11 10:37:45,800 - cyberbully - INFO -   overwrite      : False
2026-04-11 10:37:45,800 - cyberbully - INFO -   device         : cuda
2026-04-11 10:37:45,800 - cyberbully - INFO -   output_dir     : experiments/grid-search/chandar-lab_NeoBERT/kaggle/prep1_aug1/seed_43782163
2026-04-11 10:37:45,800 - cyberbully - INFO - ============================================================
2026-04-11 10:37:45,800 - cyberbully - INFO - Step 1: Preparing data...
2026-04-11 10:37:45,845 - cyberbully - INFO - Loaded pre-split data from dataset/kaggle — train: 25604, val: 6401, test: 8002
2026-04-11 10:37:45,845 - cyberbully - INFO - Label mapping: {'age': 0, 'ethnicity': 1, 'gender': 2, 'other_cyberbullying': 3, 'religion': 4}
2026-04-11 10:37:45,845 - cyberbully - INFO - Applying text preprocessing per split...
2026-04-11 10:38:32,671 - cyberbully - INFO - After preprocessing — train: 23557, val: 5983, test: 7414
2026-04-11 10:38:32,673 - cyberbully - INFO - Applying training data augmentation (oversampling)...
2026-04-11 10:38:32,677 - cyberbully - INFO - After oversampling — class distribution: {0: 5067, 1: 5067, 2: 5067, 3: 5067, 4: 5067}
2026-04-11 10:38:32,686 - cyberbully - INFO - Number of classes: 5
2026-04-11 10:38:32,687 - cyberbully - INFO - Step 2: Loading model and tokenizer...
2026-04-11 10:38:32,687 - cyberbully - INFO - Loading model 'chandar-lab/NeoBERT' with 5 labels (sbert=False, supcon=False)
2026-04-11 10:38:34,490 - cyberbully - INFO - Step 3: Creating datasets...
2026-04-11 10:38:35,130 - cyberbully - INFO - Dataset sizes — train: 25335, val: 5983, test: 7414
2026-04-11 10:38:35,130 - cyberbully - INFO - Step 4: Training...
2026-04-11 10:38:35,411 - cyberbully - INFO - Starting training...
2026-04-11 11:05:11,704 - cyberbully - INFO - Training complete.
2026-04-11 11:05:11,827 - cyberbully - INFO - Removed checkpoint: experiments/grid-search/chandar-lab_NeoBERT/kaggle/prep1_aug1/seed_43782163/checkpoint-3960
2026-04-11 11:05:11,955 - cyberbully - INFO - Removed checkpoint: experiments/grid-search/chandar-lab_NeoBERT/kaggle/prep1_aug1/seed_43782163/checkpoint-1584
2026-04-11 11:05:12,088 - cyberbully - INFO - Removed checkpoint: experiments/grid-search/chandar-lab_NeoBERT/kaggle/prep1_aug1/seed_43782163/checkpoint-792
2026-04-11 11:05:12,212 - cyberbully - INFO - Removed checkpoint: experiments/grid-search/chandar-lab_NeoBERT/kaggle/prep1_aug1/seed_43782163/checkpoint-3168
2026-04-11 11:05:12,359 - cyberbully - INFO - Removed checkpoint: experiments/grid-search/chandar-lab_NeoBERT/kaggle/prep1_aug1/seed_43782163/checkpoint-7920
2026-04-11 11:05:12,481 - cyberbully - INFO - Removed checkpoint: experiments/grid-search/chandar-lab_NeoBERT/kaggle/prep1_aug1/seed_43782163/checkpoint-6336
2026-04-11 11:05:12,603 - cyberbully - INFO - Removed checkpoint: experiments/grid-search/chandar-lab_NeoBERT/kaggle/prep1_aug1/seed_43782163/checkpoint-7128
2026-04-11 11:05:12,729 - cyberbully - INFO - Removed checkpoint: experiments/grid-search/chandar-lab_NeoBERT/kaggle/prep1_aug1/seed_43782163/checkpoint-2376
2026-04-11 11:05:12,852 - cyberbully - INFO - Removed checkpoint: experiments/grid-search/chandar-lab_NeoBERT/kaggle/prep1_aug1/seed_43782163/checkpoint-5544
2026-04-11 11:05:12,975 - cyberbully - INFO - Removed checkpoint: experiments/grid-search/chandar-lab_NeoBERT/kaggle/prep1_aug1/seed_43782163/checkpoint-4752
2026-04-11 11:05:12,975 - cyberbully - INFO - Step 5: Evaluating on test set...
2026-04-11 11:05:29,878 - cyberbully - INFO - Metrics saved to experiments/grid-search/chandar-lab_NeoBERT/kaggle/prep1_aug1/seed_43782163/metrics.json
2026-04-11 11:05:29,878 - cyberbully - INFO - Confusion matrix saved to experiments/grid-search/chandar-lab_NeoBERT/kaggle/prep1_aug1/seed_43782163/confusion_matrix.json
2026-04-11 11:05:29,953 - cyberbully - INFO - Per-sample predictions saved to experiments/grid-search/chandar-lab_NeoBERT/kaggle/prep1_aug1/seed_43782163/predictions.json
2026-04-11 11:05:30,058 - cyberbully - INFO - Confusion matrix figure saved to experiments/grid-search/chandar-lab_NeoBERT/kaggle/prep1_aug1/seed_43782163/confusion_matrix.pdf
2026-04-11 11:05:30,058 - cyberbully - INFO - Accuracy: 0.9508
2026-04-11 11:05:30,058 - cyberbully - INFO - Weighted F1: 0.9511
2026-04-11 11:05:30,058 - cyberbully - INFO - Micro F1: 0.9508
2026-04-11 11:05:30,058 - cyberbully - INFO - Inference time: 12.25 seconds
2026-04-11 11:05:30,058 - cyberbully - INFO - Energy consumption: 0.000778 kWh
2026-04-11 11:05:30,060 - cyberbully - INFO - ============================================================
2026-04-11 11:05:30,060 - cyberbully - INFO - Pipeline complete. Results saved to: experiments/grid-search/chandar-lab_NeoBERT/kaggle/prep1_aug1/seed_43782163
2026-04-11 11:05:30,060 - cyberbully - INFO - ============================================================
