2026-06-15 23:31:51,083 - cyberbully - INFO - ============================================================
2026-06-15 23:31:51,083 - cyberbully - INFO - Cyberbullying Detection Pipeline
2026-06-15 23:31:51,083 - cyberbully - INFO - ============================================================
2026-06-15 23:31:51,083 - cyberbully - INFO - Configuration:
2026-06-15 23:31:51,083 - cyberbully - INFO -   model          : Twitter/twhin-bert-base
2026-06-15 23:31:51,083 - cyberbully - INFO -   dataset        : ieee
2026-06-15 23:31:51,083 - cyberbully - INFO -   preprocess     : False
2026-06-15 23:31:51,083 - cyberbully - INFO -   prep_mode      : 2
2026-06-15 23:31:51,083 - cyberbully - INFO -   augment        : False
2026-06-15 23:31:51,083 - cyberbully - INFO -   compute_attribution: False
2026-06-15 23:31:51,083 - cyberbully - INFO -   seed           : 67351593
2026-06-15 23:31:51,083 - cyberbully - INFO -   epochs         : 10
2026-06-15 23:31:51,083 - cyberbully - INFO -   batch_size     : 32
2026-06-15 23:31:51,083 - cyberbully - INFO -   lr             : 5e-05
2026-06-15 23:31:51,083 - cyberbully - INFO -   max_length     : 128
2026-06-15 23:31:51,083 - cyberbully - INFO -   output_dir     : grid-search
2026-06-15 23:31:51,083 - cyberbully - INFO -   data_dir       : dataset
2026-06-15 23:31:51,083 - cyberbully - INFO -   sbert          : False
2026-06-15 23:31:51,083 - cyberbully - INFO -   supcon         : False
2026-06-15 23:31:51,083 - cyberbully - INFO -   supcon_weight  : 0.1
2026-06-15 23:31:51,083 - cyberbully - INFO -   proj_dim       : 128
2026-06-15 23:31:51,083 - cyberbully - INFO -   grad_accum_steps: 1
2026-06-15 23:31:51,083 - cyberbully - INFO -   overwrite      : False
2026-06-15 23:31:51,083 - cyberbully - INFO -   device         : cuda
2026-06-15 23:31:51,083 - cyberbully - INFO -   output_dir     : experiments/grid-search/Twitter_twhin-bert-base/ieee/prep2_aug0/seed_67351593
2026-06-15 23:31:51,083 - cyberbully - INFO - ============================================================
2026-06-15 23:31:51,083 - cyberbully - INFO - Step 1: Preparing data...
2026-06-15 23:31:51,087 - cyberbully - INFO - Loaded pre-split data from dataset/ieee — train: 1348, val: 338, test: 422
2026-06-15 23:31:51,087 - cyberbully - INFO - Label mapping: {'Cyberstalking': 0, 'Doxing': 1, 'Revenge Porn': 2, 'Sexual Harassment': 3, 'Slut Shaming': 4}
2026-06-15 23:31:51,088 - cyberbully - INFO - Applying partial text preprocessing per split...
2026-06-15 23:31:51,140 - cyberbully - INFO - After preprocessing -- train: 1348, val: 338, test: 422
2026-06-15 23:31:51,142 - cyberbully - INFO - Number of classes: 5
2026-06-15 23:31:51,143 - cyberbully - INFO - Step 2: Loading model and tokenizer...
2026-06-15 23:31:51,143 - cyberbully - INFO - Loading model 'Twitter/twhin-bert-base' with 5 labels (sbert=False, supcon=False)
2026-06-15 23:31:52,721 - cyberbully - INFO - Step 3: Creating datasets...
2026-06-15 23:31:52,756 - cyberbully - INFO - Dataset sizes — train: 1348, val: 338, test: 422
2026-06-15 23:31:52,757 - cyberbully - INFO - Step 4: Training...
2026-06-15 23:31:53,087 - cyberbully - INFO - Starting training...
2026-06-15 23:36:33,745 - cyberbully - INFO - Training complete.
2026-06-15 23:36:33,913 - cyberbully - INFO - Removed checkpoint: experiments/grid-search/Twitter_twhin-bert-base/ieee/prep2_aug0/seed_67351593/checkpoint-172
2026-06-15 23:36:34,084 - cyberbully - INFO - Removed checkpoint: experiments/grid-search/Twitter_twhin-bert-base/ieee/prep2_aug0/seed_67351593/checkpoint-258
2026-06-15 23:36:34,269 - cyberbully - INFO - Removed checkpoint: experiments/grid-search/Twitter_twhin-bert-base/ieee/prep2_aug0/seed_67351593/checkpoint-387
2026-06-15 23:36:34,433 - cyberbully - INFO - Removed checkpoint: experiments/grid-search/Twitter_twhin-bert-base/ieee/prep2_aug0/seed_67351593/checkpoint-43
2026-06-15 23:36:34,625 - cyberbully - INFO - Removed checkpoint: experiments/grid-search/Twitter_twhin-bert-base/ieee/prep2_aug0/seed_67351593/checkpoint-430
2026-06-15 23:36:34,798 - cyberbully - INFO - Removed checkpoint: experiments/grid-search/Twitter_twhin-bert-base/ieee/prep2_aug0/seed_67351593/checkpoint-301
2026-06-15 23:36:35,144 - cyberbully - INFO - Removed checkpoint: experiments/grid-search/Twitter_twhin-bert-base/ieee/prep2_aug0/seed_67351593/checkpoint-344
2026-06-15 23:36:35,310 - cyberbully - INFO - Removed checkpoint: experiments/grid-search/Twitter_twhin-bert-base/ieee/prep2_aug0/seed_67351593/checkpoint-129
2026-06-15 23:36:35,479 - cyberbully - INFO - Removed checkpoint: experiments/grid-search/Twitter_twhin-bert-base/ieee/prep2_aug0/seed_67351593/checkpoint-215
2026-06-15 23:36:35,644 - cyberbully - INFO - Removed checkpoint: experiments/grid-search/Twitter_twhin-bert-base/ieee/prep2_aug0/seed_67351593/checkpoint-86
2026-06-15 23:36:35,644 - cyberbully - INFO - Step 5: Evaluating on test set...
2026-06-15 23:36:42,162 - cyberbully - INFO - Metrics saved to experiments/grid-search/Twitter_twhin-bert-base/ieee/prep2_aug0/seed_67351593/metrics.json
2026-06-15 23:36:42,163 - cyberbully - INFO - Confusion matrix saved to experiments/grid-search/Twitter_twhin-bert-base/ieee/prep2_aug0/seed_67351593/confusion_matrix.json
2026-06-15 23:36:42,167 - cyberbully - INFO - Per-sample predictions saved to experiments/grid-search/Twitter_twhin-bert-base/ieee/prep2_aug0/seed_67351593/predictions.json
2026-06-15 23:36:42,274 - cyberbully - INFO - Confusion matrix figure saved to experiments/grid-search/Twitter_twhin-bert-base/ieee/prep2_aug0/seed_67351593/confusion_matrix.pdf
2026-06-15 23:36:42,274 - cyberbully - INFO - Accuracy: 0.8081
2026-06-15 23:36:42,275 - cyberbully - INFO - Weighted F1: 0.8106
2026-06-15 23:36:42,275 - cyberbully - INFO - Micro F1: 0.8081
2026-06-15 23:36:42,275 - cyberbully - INFO - Inference time: 0.39 seconds
2026-06-15 23:36:42,275 - cyberbully - INFO - Energy consumption: 0.000049 kWh
2026-06-15 23:36:42,275 - cyberbully - INFO - ============================================================
2026-06-15 23:36:42,275 - cyberbully - INFO - Pipeline complete. Results saved to: experiments/grid-search/Twitter_twhin-bert-base/ieee/prep2_aug0/seed_67351593
2026-06-15 23:36:42,275 - cyberbully - INFO - ============================================================
