2026-05-20 22:40:02,496 - cyberbully - INFO - Model 'all-MiniLM-L12-v2' detected as SBERT-based. Using SBERTClassifier pipeline.
2026-05-20 22:40:02,496 - cyberbully - INFO - ============================================================
2026-05-20 22:40:02,496 - cyberbully - INFO - Cyberbullying Detection Pipeline
2026-05-20 22:40:02,496 - cyberbully - INFO - ============================================================
2026-05-20 22:40:02,496 - cyberbully - INFO - Configuration:
2026-05-20 22:40:02,496 - cyberbully - INFO -   model          : all-MiniLM-L12-v2
2026-05-20 22:40:02,496 - cyberbully - INFO -   dataset        : tweeteval
2026-05-20 22:40:02,496 - cyberbully - INFO -   preprocess     : True
2026-05-20 22:40:02,497 - cyberbully - INFO -   augment        : False
2026-05-20 22:40:02,497 - cyberbully - INFO -   compute_attribution: False
2026-05-20 22:40:02,497 - cyberbully - INFO -   seed           : 24677315
2026-05-20 22:40:02,497 - cyberbully - INFO -   epochs         : 10
2026-05-20 22:40:02,497 - cyberbully - INFO -   batch_size     : 32
2026-05-20 22:40:02,497 - cyberbully - INFO -   lr             : 5e-05
2026-05-20 22:40:02,497 - cyberbully - INFO -   max_length     : 128
2026-05-20 22:40:02,497 - cyberbully - INFO -   output_dir     : grid-search
2026-05-20 22:40:02,497 - cyberbully - INFO -   data_dir       : dataset
2026-05-20 22:40:02,497 - cyberbully - INFO -   sbert          : True
2026-05-20 22:40:02,497 - cyberbully - INFO -   supcon         : False
2026-05-20 22:40:02,497 - cyberbully - INFO -   supcon_weight  : 0.1
2026-05-20 22:40:02,497 - cyberbully - INFO -   proj_dim       : 128
2026-05-20 22:40:02,497 - cyberbully - INFO -   grad_accum_steps: 1
2026-05-20 22:40:02,497 - cyberbully - INFO -   overwrite      : True
2026-05-20 22:40:02,497 - cyberbully - INFO -   device         : cuda
2026-05-20 22:40:02,497 - cyberbully - INFO -   output_dir     : experiments/grid-search/all-MiniLM-L12-v2/tweeteval/prep1_aug0/seed_24677315
2026-05-20 22:40:02,497 - cyberbully - INFO - ============================================================
2026-05-20 22:40:02,497 - cyberbully - INFO - Step 1: Preparing data...
2026-05-20 22:40:02,542 - cyberbully - INFO - Loaded pre-split data from dataset/tweeteval — train: 32485, val: 8122, test: 10152
2026-05-20 22:40:02,543 - cyberbully - INFO - Label mapping: {'emotion': 0, 'hate': 1, 'offensive': 2, 'religion': 3, 'spiritual': 4}
2026-05-20 22:40:02,543 - cyberbully - INFO - Applying text preprocessing per split...
2026-05-20 22:40:08,034 - cyberbully - INFO - After preprocessing -- train: 32485, val: 8122, test: 10152
2026-05-20 22:40:08,038 - cyberbully - INFO - Number of classes: 5
2026-05-20 22:40:08,039 - cyberbully - INFO - Step 2: Loading model and tokenizer...
2026-05-20 22:40:08,039 - cyberbully - INFO - Loading model 'all-MiniLM-L12-v2' with 5 labels (sbert=True, supcon=False)
2026-05-20 22:40:11,968 - cyberbully - INFO - SBERTClassifier: embedding_dim=384, hidden=256, proj_dim=None, num_labels=5
2026-05-20 22:40:12,547 - cyberbully - INFO - Step 3: Creating datasets...
2026-05-20 22:40:13,766 - cyberbully - INFO - Dataset sizes — train: 32485, val: 8122, test: 10152
2026-05-20 22:40:13,766 - cyberbully - INFO - Step 4: Training...
2026-05-20 22:40:13,813 - cyberbully - INFO - Starting training...
2026-05-20 22:45:56,920 - cyberbully - INFO - Training complete.
2026-05-20 22:45:56,940 - cyberbully - INFO - Removed checkpoint: experiments/grid-search/all-MiniLM-L12-v2/tweeteval/prep1_aug0/seed_24677315/checkpoint-3048
2026-05-20 22:45:57,036 - cyberbully - INFO - Removed checkpoint: experiments/grid-search/all-MiniLM-L12-v2/tweeteval/prep1_aug0/seed_24677315/checkpoint-7112
2026-05-20 22:45:58,239 - cyberbully - INFO - Removed checkpoint: experiments/grid-search/all-MiniLM-L12-v2/tweeteval/prep1_aug0/seed_24677315/checkpoint-9144
2026-05-20 22:45:58,261 - cyberbully - INFO - Removed checkpoint: experiments/grid-search/all-MiniLM-L12-v2/tweeteval/prep1_aug0/seed_24677315/checkpoint-1016
2026-05-20 22:45:58,281 - cyberbully - INFO - Removed checkpoint: experiments/grid-search/all-MiniLM-L12-v2/tweeteval/prep1_aug0/seed_24677315/checkpoint-2032
2026-05-20 22:45:58,303 - cyberbully - INFO - Removed checkpoint: experiments/grid-search/all-MiniLM-L12-v2/tweeteval/prep1_aug0/seed_24677315/checkpoint-10160
2026-05-20 22:45:58,322 - cyberbully - INFO - Removed checkpoint: experiments/grid-search/all-MiniLM-L12-v2/tweeteval/prep1_aug0/seed_24677315/checkpoint-6096
2026-05-20 22:45:58,341 - cyberbully - INFO - Removed checkpoint: experiments/grid-search/all-MiniLM-L12-v2/tweeteval/prep1_aug0/seed_24677315/checkpoint-5080
2026-05-20 22:45:58,361 - cyberbully - INFO - Removed checkpoint: experiments/grid-search/all-MiniLM-L12-v2/tweeteval/prep1_aug0/seed_24677315/checkpoint-8128
2026-05-20 22:45:58,380 - cyberbully - INFO - Removed checkpoint: experiments/grid-search/all-MiniLM-L12-v2/tweeteval/prep1_aug0/seed_24677315/checkpoint-4064
2026-05-20 22:45:58,380 - cyberbully - INFO - Step 5: Evaluating on test set...
2026-05-20 22:46:06,956 - cyberbully - INFO - Metrics saved to experiments/grid-search/all-MiniLM-L12-v2/tweeteval/prep1_aug0/seed_24677315/metrics.json
2026-05-20 22:46:06,956 - cyberbully - INFO - Confusion matrix saved to experiments/grid-search/all-MiniLM-L12-v2/tweeteval/prep1_aug0/seed_24677315/confusion_matrix.json
2026-05-20 22:46:07,058 - cyberbully - INFO - Per-sample predictions saved to experiments/grid-search/all-MiniLM-L12-v2/tweeteval/prep1_aug0/seed_24677315/predictions.json
2026-05-20 22:46:07,159 - cyberbully - INFO - Confusion matrix figure saved to experiments/grid-search/all-MiniLM-L12-v2/tweeteval/prep1_aug0/seed_24677315/confusion_matrix.pdf
2026-05-20 22:46:07,160 - cyberbully - INFO - Accuracy: 0.9391
2026-05-20 22:46:07,160 - cyberbully - INFO - Weighted F1: 0.9391
2026-05-20 22:46:07,160 - cyberbully - INFO - Micro F1: 0.9391
2026-05-20 22:46:07,160 - cyberbully - INFO - Inference time: 2.44 seconds
2026-05-20 22:46:07,160 - cyberbully - INFO - Energy consumption: 0.000172 kWh
2026-05-20 22:46:07,162 - cyberbully - INFO - ============================================================
2026-05-20 22:46:07,162 - cyberbully - INFO - Pipeline complete. Results saved to: experiments/grid-search/all-MiniLM-L12-v2/tweeteval/prep1_aug0/seed_24677315
2026-05-20 22:46:07,162 - cyberbully - INFO - ============================================================
