2026-06-16 03:26:35,600 - cyberbully - INFO - Model 'all-MiniLM-L6-v2' detected as SBERT-based. Using SBERTClassifier pipeline.
2026-06-16 03:26:35,600 - cyberbully - INFO - ============================================================
2026-06-16 03:26:35,600 - cyberbully - INFO - Cyberbullying Detection Pipeline
2026-06-16 03:26:35,600 - cyberbully - INFO - ============================================================
2026-06-16 03:26:35,600 - cyberbully - INFO - Configuration:
2026-06-16 03:26:35,600 - cyberbully - INFO -   model          : all-MiniLM-L6-v2
2026-06-16 03:26:35,600 - cyberbully - INFO -   dataset        : ieee
2026-06-16 03:26:35,600 - cyberbully - INFO -   preprocess     : False
2026-06-16 03:26:35,600 - cyberbully - INFO -   prep_mode      : 2
2026-06-16 03:26:35,600 - cyberbully - INFO -   augment        : False
2026-06-16 03:26:35,600 - cyberbully - INFO -   compute_attribution: False
2026-06-16 03:26:35,600 - cyberbully - INFO -   seed           : 90995999
2026-06-16 03:26:35,600 - cyberbully - INFO -   epochs         : 10
2026-06-16 03:26:35,600 - cyberbully - INFO -   batch_size     : 32
2026-06-16 03:26:35,600 - cyberbully - INFO -   lr             : 5e-05
2026-06-16 03:26:35,600 - cyberbully - INFO -   max_length     : 128
2026-06-16 03:26:35,600 - cyberbully - INFO -   output_dir     : grid-search
2026-06-16 03:26:35,600 - cyberbully - INFO -   data_dir       : dataset
2026-06-16 03:26:35,600 - cyberbully - INFO -   sbert          : True
2026-06-16 03:26:35,600 - cyberbully - INFO -   supcon         : False
2026-06-16 03:26:35,600 - cyberbully - INFO -   supcon_weight  : 0.1
2026-06-16 03:26:35,600 - cyberbully - INFO -   proj_dim       : 128
2026-06-16 03:26:35,600 - cyberbully - INFO -   grad_accum_steps: 1
2026-06-16 03:26:35,600 - cyberbully - INFO -   overwrite      : False
2026-06-16 03:26:35,600 - cyberbully - INFO -   device         : cuda
2026-06-16 03:26:35,600 - cyberbully - INFO -   output_dir     : experiments/grid-search/all-MiniLM-L6-v2/ieee/prep2_aug0/seed_90995999
2026-06-16 03:26:35,600 - cyberbully - INFO - ============================================================
2026-06-16 03:26:35,600 - cyberbully - INFO - Step 1: Preparing data...
2026-06-16 03:26:35,604 - cyberbully - INFO - Loaded pre-split data from dataset/ieee — train: 1348, val: 338, test: 422
2026-06-16 03:26:35,604 - cyberbully - INFO - Label mapping: {'Cyberstalking': 0, 'Doxing': 1, 'Revenge Porn': 2, 'Sexual Harassment': 3, 'Slut Shaming': 4}
2026-06-16 03:26:35,605 - cyberbully - INFO - Applying partial text preprocessing per split...
2026-06-16 03:26:35,658 - cyberbully - INFO - After preprocessing -- train: 1348, val: 338, test: 422
2026-06-16 03:26:35,660 - cyberbully - INFO - Number of classes: 5
2026-06-16 03:26:35,661 - cyberbully - INFO - Step 2: Loading model and tokenizer...
2026-06-16 03:26:35,661 - cyberbully - INFO - Loading model 'all-MiniLM-L6-v2' with 5 labels (sbert=True, supcon=False)
2026-06-16 03:26:41,074 - cyberbully - INFO - SBERTClassifier: embedding_dim=384, hidden=256, proj_dim=None, num_labels=5
2026-06-16 03:26:41,620 - cyberbully - INFO - Step 3: Creating datasets...
2026-06-16 03:26:41,640 - cyberbully - INFO - Dataset sizes — train: 1348, val: 338, test: 422
2026-06-16 03:26:41,640 - cyberbully - INFO - Step 4: Training...
2026-06-16 03:26:41,656 - cyberbully - INFO - Starting training...
2026-06-16 03:26:50,951 - cyberbully - INFO - Training complete.
2026-06-16 03:26:50,970 - cyberbully - INFO - Removed checkpoint: experiments/grid-search/all-MiniLM-L6-v2/ieee/prep2_aug0/seed_90995999/checkpoint-215
2026-06-16 03:26:50,990 - cyberbully - INFO - Removed checkpoint: experiments/grid-search/all-MiniLM-L6-v2/ieee/prep2_aug0/seed_90995999/checkpoint-387
2026-06-16 03:26:51,011 - cyberbully - INFO - Removed checkpoint: experiments/grid-search/all-MiniLM-L6-v2/ieee/prep2_aug0/seed_90995999/checkpoint-86
2026-06-16 03:26:51,032 - cyberbully - INFO - Removed checkpoint: experiments/grid-search/all-MiniLM-L6-v2/ieee/prep2_aug0/seed_90995999/checkpoint-129
2026-06-16 03:26:51,054 - cyberbully - INFO - Removed checkpoint: experiments/grid-search/all-MiniLM-L6-v2/ieee/prep2_aug0/seed_90995999/checkpoint-344
2026-06-16 03:26:51,075 - cyberbully - INFO - Removed checkpoint: experiments/grid-search/all-MiniLM-L6-v2/ieee/prep2_aug0/seed_90995999/checkpoint-258
2026-06-16 03:26:51,096 - cyberbully - INFO - Removed checkpoint: experiments/grid-search/all-MiniLM-L6-v2/ieee/prep2_aug0/seed_90995999/checkpoint-43
2026-06-16 03:26:51,116 - cyberbully - INFO - Removed checkpoint: experiments/grid-search/all-MiniLM-L6-v2/ieee/prep2_aug0/seed_90995999/checkpoint-301
2026-06-16 03:26:51,137 - cyberbully - INFO - Removed checkpoint: experiments/grid-search/all-MiniLM-L6-v2/ieee/prep2_aug0/seed_90995999/checkpoint-172
2026-06-16 03:26:51,157 - cyberbully - INFO - Removed checkpoint: experiments/grid-search/all-MiniLM-L6-v2/ieee/prep2_aug0/seed_90995999/checkpoint-430
2026-06-16 03:26:51,157 - cyberbully - INFO - Step 5: Evaluating on test set...
2026-06-16 03:26:57,190 - cyberbully - INFO - Metrics saved to experiments/grid-search/all-MiniLM-L6-v2/ieee/prep2_aug0/seed_90995999/metrics.json
2026-06-16 03:26:57,190 - cyberbully - INFO - Confusion matrix saved to experiments/grid-search/all-MiniLM-L6-v2/ieee/prep2_aug0/seed_90995999/confusion_matrix.json
2026-06-16 03:26:57,195 - cyberbully - INFO - Per-sample predictions saved to experiments/grid-search/all-MiniLM-L6-v2/ieee/prep2_aug0/seed_90995999/predictions.json
2026-06-16 03:26:57,302 - cyberbully - INFO - Confusion matrix figure saved to experiments/grid-search/all-MiniLM-L6-v2/ieee/prep2_aug0/seed_90995999/confusion_matrix.pdf
2026-06-16 03:26:57,302 - cyberbully - INFO - Accuracy: 0.8270
2026-06-16 03:26:57,302 - cyberbully - INFO - Weighted F1: 0.8266
2026-06-16 03:26:57,302 - cyberbully - INFO - Micro F1: 0.8270
2026-06-16 03:26:57,302 - cyberbully - INFO - Inference time: 0.05 seconds
2026-06-16 03:26:57,302 - cyberbully - INFO - Energy consumption: 0.000015 kWh
2026-06-16 03:26:57,302 - cyberbully - INFO - ============================================================
2026-06-16 03:26:57,302 - cyberbully - INFO - Pipeline complete. Results saved to: experiments/grid-search/all-MiniLM-L6-v2/ieee/prep2_aug0/seed_90995999
2026-06-16 03:26:57,302 - cyberbully - INFO - ============================================================
