2026-04-13 20:22:15,657 - cyberbully - INFO - ============================================================
2026-04-13 20:22:15,657 - cyberbully - INFO - Cyberbullying Detection Pipeline
2026-04-13 20:22:15,657 - cyberbully - INFO - ============================================================
2026-04-13 20:22:15,657 - cyberbully - INFO - Configuration:
2026-04-13 20:22:15,657 - cyberbully - INFO -   model          : Twitter/twhin-bert-base
2026-04-13 20:22:15,657 - cyberbully - INFO -   dataset        : tweeteval
2026-04-13 20:22:15,657 - cyberbully - INFO -   preprocess     : True
2026-04-13 20:22:15,657 - cyberbully - INFO -   augment        : True
2026-04-13 20:22:15,657 - cyberbully - INFO -   compute_attribution: False
2026-04-13 20:22:15,657 - cyberbully - INFO -   seed           : 67351593
2026-04-13 20:22:15,657 - cyberbully - INFO -   epochs         : 10
2026-04-13 20:22:15,657 - cyberbully - INFO -   batch_size     : 32
2026-04-13 20:22:15,657 - cyberbully - INFO -   lr             : 5e-05
2026-04-13 20:22:15,657 - cyberbully - INFO -   max_length     : 128
2026-04-13 20:22:15,657 - cyberbully - INFO -   output_dir     : grid-search
2026-04-13 20:22:15,657 - cyberbully - INFO -   data_dir       : dataset
2026-04-13 20:22:15,657 - cyberbully - INFO -   sbert          : False
2026-04-13 20:22:15,657 - cyberbully - INFO -   supcon         : False
2026-04-13 20:22:15,657 - cyberbully - INFO -   supcon_weight  : 0.1
2026-04-13 20:22:15,657 - cyberbully - INFO -   proj_dim       : 128
2026-04-13 20:22:15,657 - cyberbully - INFO -   grad_accum_steps: 1
2026-04-13 20:22:15,657 - cyberbully - INFO -   overwrite      : False
2026-04-13 20:22:15,657 - cyberbully - INFO -   device         : cuda
2026-04-13 20:22:15,657 - cyberbully - INFO -   output_dir     : experiments/grid-search/Twitter_twhin-bert-base/tweeteval/prep1_aug1/seed_67351593
2026-04-13 20:22:15,657 - cyberbully - INFO - ============================================================
2026-04-13 20:22:15,657 - cyberbully - INFO - Step 1: Preparing data...
2026-04-13 20:22:15,704 - cyberbully - INFO - Loaded pre-split data from dataset/tweeteval — train: 32485, val: 8122, test: 10152
2026-04-13 20:22:15,704 - cyberbully - INFO - Label mapping: {'emotion': 0, 'hate': 1, 'offensive': 2, 'religion': 3, 'spiritual': 4}
2026-04-13 20:22:15,704 - cyberbully - INFO - Applying text preprocessing per split...
2026-04-13 20:23:15,519 - cyberbully - INFO - After preprocessing — train: 30349, val: 7617, test: 9463
2026-04-13 20:23:15,521 - cyberbully - INFO - Applying training data augmentation (oversampling)...
2026-04-13 20:23:15,527 - cyberbully - INFO - After oversampling — class distribution: {0: 7766, 1: 7766, 2: 7766, 3: 7766, 4: 7766}
2026-04-13 20:23:15,536 - cyberbully - INFO - Number of classes: 5
2026-04-13 20:23:15,537 - cyberbully - INFO - Step 2: Loading model and tokenizer...
2026-04-13 20:23:15,537 - cyberbully - INFO - Loading model 'Twitter/twhin-bert-base' with 5 labels (sbert=False, supcon=False)
2026-04-13 20:23:17,074 - cyberbully - INFO - Step 3: Creating datasets...
2026-04-13 20:23:18,232 - cyberbully - INFO - Dataset sizes — train: 38830, val: 7617, test: 9463
2026-04-13 20:23:18,232 - cyberbully - INFO - Step 4: Training...
2026-04-13 20:23:18,559 - cyberbully - INFO - Starting training...
2026-04-13 20:47:16,508 - cyberbully - INFO - Training complete.
2026-04-13 20:47:16,668 - cyberbully - INFO - Removed checkpoint: experiments/grid-search/Twitter_twhin-bert-base/tweeteval/prep1_aug1/seed_67351593/checkpoint-2428
2026-04-13 20:47:16,824 - cyberbully - INFO - Removed checkpoint: experiments/grid-search/Twitter_twhin-bert-base/tweeteval/prep1_aug1/seed_67351593/checkpoint-6070
2026-04-13 20:47:16,978 - cyberbully - INFO - Removed checkpoint: experiments/grid-search/Twitter_twhin-bert-base/tweeteval/prep1_aug1/seed_67351593/checkpoint-7284
2026-04-13 20:47:17,132 - cyberbully - INFO - Removed checkpoint: experiments/grid-search/Twitter_twhin-bert-base/tweeteval/prep1_aug1/seed_67351593/checkpoint-9712
2026-04-13 20:47:17,298 - cyberbully - INFO - Removed checkpoint: experiments/grid-search/Twitter_twhin-bert-base/tweeteval/prep1_aug1/seed_67351593/checkpoint-1214
2026-04-13 20:47:17,455 - cyberbully - INFO - Removed checkpoint: experiments/grid-search/Twitter_twhin-bert-base/tweeteval/prep1_aug1/seed_67351593/checkpoint-4856
2026-04-13 20:47:17,614 - cyberbully - INFO - Removed checkpoint: experiments/grid-search/Twitter_twhin-bert-base/tweeteval/prep1_aug1/seed_67351593/checkpoint-3642
2026-04-13 20:47:17,768 - cyberbully - INFO - Removed checkpoint: experiments/grid-search/Twitter_twhin-bert-base/tweeteval/prep1_aug1/seed_67351593/checkpoint-10926
2026-04-13 20:47:17,921 - cyberbully - INFO - Removed checkpoint: experiments/grid-search/Twitter_twhin-bert-base/tweeteval/prep1_aug1/seed_67351593/checkpoint-8498
2026-04-13 20:47:18,105 - cyberbully - INFO - Removed checkpoint: experiments/grid-search/Twitter_twhin-bert-base/tweeteval/prep1_aug1/seed_67351593/checkpoint-12140
2026-04-13 20:47:18,105 - cyberbully - INFO - Step 5: Evaluating on test set...
2026-04-13 20:47:30,539 - cyberbully - INFO - Metrics saved to experiments/grid-search/Twitter_twhin-bert-base/tweeteval/prep1_aug1/seed_67351593/metrics.json
2026-04-13 20:47:30,539 - cyberbully - INFO - Confusion matrix saved to experiments/grid-search/Twitter_twhin-bert-base/tweeteval/prep1_aug1/seed_67351593/confusion_matrix.json
2026-04-13 20:47:30,635 - cyberbully - INFO - Per-sample predictions saved to experiments/grid-search/Twitter_twhin-bert-base/tweeteval/prep1_aug1/seed_67351593/predictions.json
2026-04-13 20:47:30,737 - cyberbully - INFO - Confusion matrix figure saved to experiments/grid-search/Twitter_twhin-bert-base/tweeteval/prep1_aug1/seed_67351593/confusion_matrix.pdf
2026-04-13 20:47:30,738 - cyberbully - INFO - Accuracy: 0.9438
2026-04-13 20:47:30,738 - cyberbully - INFO - Weighted F1: 0.9437
2026-04-13 20:47:30,738 - cyberbully - INFO - Micro F1: 0.9438
2026-04-13 20:47:30,738 - cyberbully - INFO - Inference time: 7.31 seconds
2026-04-13 20:47:30,738 - cyberbully - INFO - Energy consumption: 0.000490 kWh
2026-04-13 20:47:30,740 - cyberbully - INFO - ============================================================
2026-04-13 20:47:30,740 - cyberbully - INFO - Pipeline complete. Results saved to: experiments/grid-search/Twitter_twhin-bert-base/tweeteval/prep1_aug1/seed_67351593
2026-04-13 20:47:30,740 - cyberbully - INFO - ============================================================
