2026-04-17 13:40:20,292 - cyberbully - INFO - ============================================================
2026-04-17 13:40:20,292 - cyberbully - INFO - Cyberbullying Detection Pipeline
2026-04-17 13:40:20,292 - cyberbully - INFO - ============================================================
2026-04-17 13:40:20,292 - cyberbully - INFO - Configuration:
2026-04-17 13:40:20,292 - cyberbully - INFO -   model          : bert-base-uncased
2026-04-17 13:40:20,292 - cyberbully - INFO -   dataset        : tweeteval
2026-04-17 13:40:20,292 - cyberbully - INFO -   preprocess     : True
2026-04-17 13:40:20,292 - cyberbully - INFO -   augment        : True
2026-04-17 13:40:20,292 - cyberbully - INFO -   compute_attribution: False
2026-04-17 13:40:20,292 - cyberbully - INFO -   seed           : 37622020
2026-04-17 13:40:20,292 - cyberbully - INFO -   epochs         : 10
2026-04-17 13:40:20,292 - cyberbully - INFO -   batch_size     : 32
2026-04-17 13:40:20,292 - cyberbully - INFO -   lr             : 5e-05
2026-04-17 13:40:20,292 - cyberbully - INFO -   max_length     : 128
2026-04-17 13:40:20,292 - cyberbully - INFO -   output_dir     : grid-search
2026-04-17 13:40:20,292 - cyberbully - INFO -   data_dir       : dataset
2026-04-17 13:40:20,292 - cyberbully - INFO -   sbert          : False
2026-04-17 13:40:20,292 - cyberbully - INFO -   supcon         : False
2026-04-17 13:40:20,292 - cyberbully - INFO -   supcon_weight  : 0.1
2026-04-17 13:40:20,292 - cyberbully - INFO -   proj_dim       : 128
2026-04-17 13:40:20,292 - cyberbully - INFO -   grad_accum_steps: 1
2026-04-17 13:40:20,292 - cyberbully - INFO -   overwrite      : True
2026-04-17 13:40:20,292 - cyberbully - INFO -   device         : cuda
2026-04-17 13:40:20,292 - cyberbully - INFO -   output_dir     : experiments/grid-search/bert-base-uncased/tweeteval/prep1_aug1/seed_37622020
2026-04-17 13:40:20,292 - cyberbully - INFO - ============================================================
2026-04-17 13:40:20,292 - cyberbully - INFO - Step 1: Preparing data...
2026-04-17 13:40:20,342 - cyberbully - INFO - Loaded pre-split data from dataset/tweeteval — train: 32485, val: 8122, test: 10152
2026-04-17 13:40:20,342 - cyberbully - INFO - Label mapping: {'emotion': 0, 'hate': 1, 'offensive': 2, 'religion': 3, 'spiritual': 4}
2026-04-17 13:40:20,342 - cyberbully - INFO - Applying text preprocessing per split...
2026-04-17 13:41:16,879 - cyberbully - INFO - After preprocessing — train: 30356, val: 7616, test: 9458
2026-04-17 13:41:16,881 - cyberbully - INFO - Applying training data augmentation (oversampling)...
2026-04-17 13:41:16,886 - cyberbully - INFO - After oversampling — class distribution: {0: 7761, 1: 7761, 2: 7761, 3: 7761, 4: 7761}
2026-04-17 13:41:16,895 - cyberbully - INFO - Number of classes: 5
2026-04-17 13:41:16,896 - cyberbully - INFO - Step 2: Loading model and tokenizer...
2026-04-17 13:41:16,896 - cyberbully - INFO - Loading model 'bert-base-uncased' with 5 labels (sbert=False, supcon=False)
2026-04-17 13:41:17,592 - cyberbully - INFO - Step 3: Creating datasets...
2026-04-17 13:41:18,440 - cyberbully - INFO - Dataset sizes — train: 38805, val: 7616, test: 9458
2026-04-17 13:41:18,441 - cyberbully - INFO - Step 4: Training...
2026-04-17 13:41:18,582 - cyberbully - INFO - Starting training...
2026-04-17 13:54:00,379 - cyberbully - INFO - Training complete.
2026-04-17 13:54:00,494 - cyberbully - INFO - Removed checkpoint: experiments/grid-search/bert-base-uncased/tweeteval/prep1_aug1/seed_37622020/checkpoint-12130
2026-04-17 13:54:00,574 - cyberbully - INFO - Removed checkpoint: experiments/grid-search/bert-base-uncased/tweeteval/prep1_aug1/seed_37622020/checkpoint-2426
2026-04-17 13:54:00,651 - cyberbully - INFO - Removed checkpoint: experiments/grid-search/bert-base-uncased/tweeteval/prep1_aug1/seed_37622020/checkpoint-3639
2026-04-17 13:54:00,727 - cyberbully - INFO - Removed checkpoint: experiments/grid-search/bert-base-uncased/tweeteval/prep1_aug1/seed_37622020/checkpoint-9704
2026-04-17 13:54:00,803 - cyberbully - INFO - Removed checkpoint: experiments/grid-search/bert-base-uncased/tweeteval/prep1_aug1/seed_37622020/checkpoint-8491
2026-04-17 13:54:00,880 - cyberbully - INFO - Removed checkpoint: experiments/grid-search/bert-base-uncased/tweeteval/prep1_aug1/seed_37622020/checkpoint-6065
2026-04-17 13:54:00,957 - cyberbully - INFO - Removed checkpoint: experiments/grid-search/bert-base-uncased/tweeteval/prep1_aug1/seed_37622020/checkpoint-7278
2026-04-17 13:54:01,035 - cyberbully - INFO - Removed checkpoint: experiments/grid-search/bert-base-uncased/tweeteval/prep1_aug1/seed_37622020/checkpoint-4852
2026-04-17 13:54:01,061 - cyberbully - INFO - Removed checkpoint: experiments/grid-search/bert-base-uncased/tweeteval/prep1_aug1/seed_37622020/checkpoint-1213
2026-04-17 13:54:01,136 - cyberbully - INFO - Removed checkpoint: experiments/grid-search/bert-base-uncased/tweeteval/prep1_aug1/seed_37622020/checkpoint-10917
2026-04-17 13:54:01,136 - cyberbully - INFO - Step 5: Evaluating on test set...
2026-04-17 13:54:09,482 - cyberbully - INFO - Metrics saved to experiments/grid-search/bert-base-uncased/tweeteval/prep1_aug1/seed_37622020/metrics.json
2026-04-17 13:54:09,482 - cyberbully - INFO - Confusion matrix saved to experiments/grid-search/bert-base-uncased/tweeteval/prep1_aug1/seed_37622020/confusion_matrix.json
2026-04-17 13:54:09,572 - cyberbully - INFO - Per-sample predictions saved to experiments/grid-search/bert-base-uncased/tweeteval/prep1_aug1/seed_37622020/predictions.json
2026-04-17 13:54:09,678 - cyberbully - INFO - Confusion matrix figure saved to experiments/grid-search/bert-base-uncased/tweeteval/prep1_aug1/seed_37622020/confusion_matrix.pdf
2026-04-17 13:54:09,678 - cyberbully - INFO - Accuracy: 0.9459
2026-04-17 13:54:09,678 - cyberbully - INFO - Weighted F1: 0.9459
2026-04-17 13:54:09,678 - cyberbully - INFO - Micro F1: 0.9459
2026-04-17 13:54:09,678 - cyberbully - INFO - Inference time: 3.76 seconds
2026-04-17 13:54:09,678 - cyberbully - INFO - Energy consumption: 0.000225 kWh
2026-04-17 13:54:09,678 - cyberbully - INFO - ============================================================
2026-04-17 13:54:09,678 - cyberbully - INFO - Pipeline complete. Results saved to: experiments/grid-search/bert-base-uncased/tweeteval/prep1_aug1/seed_37622020
2026-04-17 13:54:09,678 - cyberbully - INFO - ============================================================
