2026-06-16 08:56:09,043 - cyberbully - INFO - ============================================================
2026-06-16 08:56:09,043 - cyberbully - INFO - Cyberbullying Detection Pipeline
2026-06-16 08:56:09,043 - cyberbully - INFO - ============================================================
2026-06-16 08:56:09,043 - cyberbully - INFO - Configuration:
2026-06-16 08:56:09,043 - cyberbully - INFO -   model          : sarkerlab/SocBERT-base
2026-06-16 08:56:09,043 - cyberbully - INFO -   dataset        : tweeteval
2026-06-16 08:56:09,043 - cyberbully - INFO -   preprocess     : False
2026-06-16 08:56:09,043 - cyberbully - INFO -   prep_mode      : 2
2026-06-16 08:56:09,043 - cyberbully - INFO -   augment        : False
2026-06-16 08:56:09,043 - cyberbully - INFO -   compute_attribution: False
2026-06-16 08:56:09,043 - cyberbully - INFO -   seed           : 52680723
2026-06-16 08:56:09,043 - cyberbully - INFO -   epochs         : 10
2026-06-16 08:56:09,043 - cyberbully - INFO -   batch_size     : 32
2026-06-16 08:56:09,043 - cyberbully - INFO -   lr             : 5e-05
2026-06-16 08:56:09,043 - cyberbully - INFO -   max_length     : 128
2026-06-16 08:56:09,043 - cyberbully - INFO -   output_dir     : grid-search
2026-06-16 08:56:09,043 - cyberbully - INFO -   data_dir       : dataset
2026-06-16 08:56:09,043 - cyberbully - INFO -   sbert          : False
2026-06-16 08:56:09,043 - cyberbully - INFO -   supcon         : False
2026-06-16 08:56:09,043 - cyberbully - INFO -   supcon_weight  : 0.1
2026-06-16 08:56:09,043 - cyberbully - INFO -   proj_dim       : 128
2026-06-16 08:56:09,043 - cyberbully - INFO -   grad_accum_steps: 1
2026-06-16 08:56:09,043 - cyberbully - INFO -   overwrite      : False
2026-06-16 08:56:09,043 - cyberbully - INFO -   device         : cuda
2026-06-16 08:56:09,043 - cyberbully - INFO -   output_dir     : experiments/grid-search/sarkerlab_SocBERT-base/tweeteval/prep2_aug0/seed_52680723
2026-06-16 08:56:09,043 - cyberbully - INFO - ============================================================
2026-06-16 08:56:09,043 - cyberbully - INFO - Step 1: Preparing data...
2026-06-16 08:56:09,092 - cyberbully - INFO - Loaded pre-split data from dataset/tweeteval — train: 32485, val: 8122, test: 10152
2026-06-16 08:56:09,092 - cyberbully - INFO - Label mapping: {'emotion': 0, 'hate': 1, 'offensive': 2, 'religion': 3, 'spiritual': 4}
2026-06-16 08:56:09,093 - cyberbully - INFO - Applying partial text preprocessing per split...
2026-06-16 08:56:10,750 - cyberbully - INFO - After preprocessing -- train: 32485, val: 8122, test: 10152
2026-06-16 08:56:10,754 - cyberbully - INFO - Number of classes: 5
2026-06-16 08:56:10,755 - cyberbully - INFO - Step 2: Loading model and tokenizer...
2026-06-16 08:56:10,755 - cyberbully - INFO - Loading model 'sarkerlab/SocBERT-base' with 5 labels (sbert=False, supcon=False)
2026-06-16 08:56:12,327 - cyberbully - INFO - Step 3: Creating datasets...
2026-06-16 08:56:13,187 - cyberbully - INFO - Dataset sizes — train: 32485, val: 8122, test: 10152
2026-06-16 08:56:13,187 - cyberbully - INFO - Step 4: Training...
2026-06-16 08:56:13,474 - cyberbully - INFO - Starting training...
2026-06-16 09:12:48,156 - cyberbully - INFO - Training complete.
2026-06-16 09:12:48,238 - cyberbully - INFO - Removed checkpoint: experiments/grid-search/sarkerlab_SocBERT-base/tweeteval/prep2_aug0/seed_52680723/checkpoint-3048
2026-06-16 09:12:48,321 - cyberbully - INFO - Removed checkpoint: experiments/grid-search/sarkerlab_SocBERT-base/tweeteval/prep2_aug0/seed_52680723/checkpoint-7112
2026-06-16 09:12:48,404 - cyberbully - INFO - Removed checkpoint: experiments/grid-search/sarkerlab_SocBERT-base/tweeteval/prep2_aug0/seed_52680723/checkpoint-9144
2026-06-16 09:12:48,491 - cyberbully - INFO - Removed checkpoint: experiments/grid-search/sarkerlab_SocBERT-base/tweeteval/prep2_aug0/seed_52680723/checkpoint-1016
2026-06-16 09:12:48,576 - cyberbully - INFO - Removed checkpoint: experiments/grid-search/sarkerlab_SocBERT-base/tweeteval/prep2_aug0/seed_52680723/checkpoint-2032
2026-06-16 09:12:48,675 - cyberbully - INFO - Removed checkpoint: experiments/grid-search/sarkerlab_SocBERT-base/tweeteval/prep2_aug0/seed_52680723/checkpoint-10160
2026-06-16 09:12:48,759 - cyberbully - INFO - Removed checkpoint: experiments/grid-search/sarkerlab_SocBERT-base/tweeteval/prep2_aug0/seed_52680723/checkpoint-6096
2026-06-16 09:12:48,841 - cyberbully - INFO - Removed checkpoint: experiments/grid-search/sarkerlab_SocBERT-base/tweeteval/prep2_aug0/seed_52680723/checkpoint-5080
2026-06-16 09:12:48,925 - cyberbully - INFO - Removed checkpoint: experiments/grid-search/sarkerlab_SocBERT-base/tweeteval/prep2_aug0/seed_52680723/checkpoint-8128
2026-06-16 09:12:49,010 - cyberbully - INFO - Removed checkpoint: experiments/grid-search/sarkerlab_SocBERT-base/tweeteval/prep2_aug0/seed_52680723/checkpoint-4064
2026-06-16 09:12:49,010 - cyberbully - INFO - Step 5: Evaluating on test set...
2026-06-16 09:13:02,175 - cyberbully - INFO - Metrics saved to experiments/grid-search/sarkerlab_SocBERT-base/tweeteval/prep2_aug0/seed_52680723/metrics.json
2026-06-16 09:13:02,175 - cyberbully - INFO - Confusion matrix saved to experiments/grid-search/sarkerlab_SocBERT-base/tweeteval/prep2_aug0/seed_52680723/confusion_matrix.json
2026-06-16 09:13:02,282 - cyberbully - INFO - Per-sample predictions saved to experiments/grid-search/sarkerlab_SocBERT-base/tweeteval/prep2_aug0/seed_52680723/predictions.json
2026-06-16 09:13:02,388 - cyberbully - INFO - Confusion matrix figure saved to experiments/grid-search/sarkerlab_SocBERT-base/tweeteval/prep2_aug0/seed_52680723/confusion_matrix.pdf
2026-06-16 09:13:02,388 - cyberbully - INFO - Accuracy: 0.9388
2026-06-16 09:13:02,388 - cyberbully - INFO - Weighted F1: 0.9388
2026-06-16 09:13:02,388 - cyberbully - INFO - Micro F1: 0.9388
2026-06-16 09:13:02,388 - cyberbully - INFO - Inference time: 7.03 seconds
2026-06-16 09:13:02,388 - cyberbully - INFO - Energy consumption: 0.000438 kWh
2026-06-16 09:13:02,390 - cyberbully - INFO - ============================================================
2026-06-16 09:13:02,390 - cyberbully - INFO - Pipeline complete. Results saved to: experiments/grid-search/sarkerlab_SocBERT-base/tweeteval/prep2_aug0/seed_52680723
2026-06-16 09:13:02,390 - cyberbully - INFO - ============================================================
