2026-02-25 21:46:28,641 - cyberbully - INFO - ============================================================
2026-02-25 21:46:28,641 - cyberbully - INFO - Cyberbullying Detection Pipeline
2026-02-25 21:46:28,641 - cyberbully - INFO - ============================================================
2026-02-25 21:46:28,641 - cyberbully - INFO - Configuration:
2026-02-25 21:46:28,641 - cyberbully - INFO -   model          : google/mobilebert-uncased
2026-02-25 21:46:28,641 - cyberbully - INFO -   dataset        : tweeteval
2026-02-25 21:46:28,641 - cyberbully - INFO -   preprocess     : False
2026-02-25 21:46:28,641 - cyberbully - INFO -   augment        : False
2026-02-25 21:46:28,641 - cyberbully - INFO -   compute_attribution: False
2026-02-25 21:46:28,641 - cyberbully - INFO -   seed           : 90995999
2026-02-25 21:46:28,641 - cyberbully - INFO -   epochs         : 10
2026-02-25 21:46:28,641 - cyberbully - INFO -   batch_size     : 32
2026-02-25 21:46:28,641 - cyberbully - INFO -   lr             : 5e-05
2026-02-25 21:46:28,641 - cyberbully - INFO -   max_length     : 128
2026-02-25 21:46:28,641 - cyberbully - INFO -   output_dir     : grid-search
2026-02-25 21:46:28,641 - cyberbully - INFO -   data_dir       : dataset
2026-02-25 21:46:28,641 - cyberbully - INFO -   sbert          : False
2026-02-25 21:46:28,641 - cyberbully - INFO -   overwrite      : False
2026-02-25 21:46:28,641 - cyberbully - INFO -   device         : cuda
2026-02-25 21:46:28,641 - cyberbully - INFO -   output_dir     : experiments/grid-search/google_mobilebert-uncased/tweeteval/prep0_aug0/seed_90995999
2026-02-25 21:46:28,641 - cyberbully - INFO - ============================================================
2026-02-25 21:46:28,641 - cyberbully - INFO - Step 1: Preparing data...
2026-02-25 21:46:28,641 - cyberbully - INFO - Loading dataset 'tweeteval' from dataset/Tweeteval.csv
2026-02-25 21:46:28,716 - cyberbully - INFO - Loaded 50759 samples with 5 classes: ['emotion', 'hate', 'offensive', 'religion', 'spiritual']
2026-02-25 21:46:28,718 - cyberbully - INFO - Label mapping: {'emotion': 0, 'hate': 1, 'offensive': 2, 'religion': 3, 'spiritual': 4}
2026-02-25 21:46:28,731 - cyberbully - INFO - Split sizes — train: 32485, val: 8122, test: 10152
2026-02-25 21:46:28,731 - cyberbully - INFO - Number of classes: 5
2026-02-25 21:46:28,734 - cyberbully - INFO - Step 2: Loading model and tokenizer...
2026-02-25 21:46:28,734 - cyberbully - INFO - Loading model 'google/mobilebert-uncased' with 5 labels (sbert=False)
2026-02-25 21:46:30,867 - cyberbully - WARNING - FP16 disabled for model_type='mobilebert' (known fp16 instability).
2026-02-25 21:46:30,867 - cyberbully - INFO - Step 3: Creating datasets...
2026-02-25 21:46:31,877 - cyberbully - INFO - Dataset sizes — train: 32485, val: 8122, test: 10152
2026-02-25 21:46:31,877 - cyberbully - INFO - Step 4: Training...
2026-02-25 21:46:32,098 - cyberbully - INFO - Starting training...
2026-02-25 22:05:54,129 - cyberbully - INFO - Training complete.
2026-02-25 22:05:54,152 - cyberbully - INFO - Removed checkpoint: experiments/grid-search/google_mobilebert-uncased/tweeteval/prep0_aug0/seed_90995999/checkpoint-3048
2026-02-25 22:05:54,168 - cyberbully - INFO - Removed checkpoint: experiments/grid-search/google_mobilebert-uncased/tweeteval/prep0_aug0/seed_90995999/checkpoint-7112
2026-02-25 22:05:54,183 - cyberbully - INFO - Removed checkpoint: experiments/grid-search/google_mobilebert-uncased/tweeteval/prep0_aug0/seed_90995999/checkpoint-9144
2026-02-25 22:05:54,206 - cyberbully - INFO - Removed checkpoint: experiments/grid-search/google_mobilebert-uncased/tweeteval/prep0_aug0/seed_90995999/checkpoint-1016
2026-02-25 22:05:54,228 - cyberbully - INFO - Removed checkpoint: experiments/grid-search/google_mobilebert-uncased/tweeteval/prep0_aug0/seed_90995999/checkpoint-2032
2026-02-25 22:05:54,246 - cyberbully - INFO - Removed checkpoint: experiments/grid-search/google_mobilebert-uncased/tweeteval/prep0_aug0/seed_90995999/checkpoint-10160
2026-02-25 22:05:54,263 - cyberbully - INFO - Removed checkpoint: experiments/grid-search/google_mobilebert-uncased/tweeteval/prep0_aug0/seed_90995999/checkpoint-6096
2026-02-25 22:05:54,281 - cyberbully - INFO - Removed checkpoint: experiments/grid-search/google_mobilebert-uncased/tweeteval/prep0_aug0/seed_90995999/checkpoint-5080
2026-02-25 22:05:54,297 - cyberbully - INFO - Removed checkpoint: experiments/grid-search/google_mobilebert-uncased/tweeteval/prep0_aug0/seed_90995999/checkpoint-8128
2026-02-25 22:05:54,318 - cyberbully - INFO - Removed checkpoint: experiments/grid-search/google_mobilebert-uncased/tweeteval/prep0_aug0/seed_90995999/checkpoint-4064
2026-02-25 22:05:54,319 - cyberbully - INFO - Step 5: Evaluating on test set...
2026-02-25 22:06:09,109 - cyberbully - INFO - Metrics saved to experiments/grid-search/google_mobilebert-uncased/tweeteval/prep0_aug0/seed_90995999/metrics.json
2026-02-25 22:06:09,109 - cyberbully - INFO - Confusion matrix saved to experiments/grid-search/google_mobilebert-uncased/tweeteval/prep0_aug0/seed_90995999/confusion_matrix.json
2026-02-25 22:06:09,211 - cyberbully - INFO - Confusion matrix figure saved to experiments/grid-search/google_mobilebert-uncased/tweeteval/prep0_aug0/seed_90995999/confusion_matrix.pdf
2026-02-25 22:06:09,211 - cyberbully - INFO - Accuracy: 0.9685
2026-02-25 22:06:09,211 - cyberbully - INFO - Weighted F1: 0.9684
2026-02-25 22:06:09,211 - cyberbully - INFO - Micro F1: 0.9685
2026-02-25 22:06:09,211 - cyberbully - INFO - Inference time: 10.40 seconds
2026-02-25 22:06:09,211 - cyberbully - INFO - Energy consumption: 0.000621 kWh
2026-02-25 22:06:09,212 - cyberbully - INFO - ============================================================
2026-02-25 22:06:09,212 - cyberbully - INFO - Pipeline complete. Results saved to: experiments/grid-search/google_mobilebert-uncased/tweeteval/prep0_aug0/seed_90995999
2026-02-25 22:06:09,212 - cyberbully - INFO - ============================================================
