2026-04-15 13:51:21,900 - cyberbully - INFO - Model 'all-mpnet-base-v2' detected as SBERT-based. Using SBERTClassifier pipeline.
2026-04-15 13:51:21,901 - cyberbully - INFO - ============================================================
2026-04-15 13:51:21,901 - cyberbully - INFO - Cyberbullying Detection Pipeline
2026-04-15 13:51:21,901 - cyberbully - INFO - ============================================================
2026-04-15 13:51:21,901 - cyberbully - INFO - Configuration:
2026-04-15 13:51:21,901 - cyberbully - INFO -   model          : all-mpnet-base-v2
2026-04-15 13:51:21,901 - cyberbully - INFO -   dataset        : ieee
2026-04-15 13:51:21,901 - cyberbully - INFO -   preprocess     : False
2026-04-15 13:51:21,901 - cyberbully - INFO -   augment        : False
2026-04-15 13:51:21,901 - cyberbully - INFO -   compute_attribution: False
2026-04-15 13:51:21,901 - cyberbully - INFO -   seed           : 37622020
2026-04-15 13:51:21,901 - cyberbully - INFO -   epochs         : 10
2026-04-15 13:51:21,901 - cyberbully - INFO -   batch_size     : 32
2026-04-15 13:51:21,901 - cyberbully - INFO -   lr             : 5e-05
2026-04-15 13:51:21,901 - cyberbully - INFO -   max_length     : 128
2026-04-15 13:51:21,901 - cyberbully - INFO -   output_dir     : grid-search
2026-04-15 13:51:21,901 - cyberbully - INFO -   data_dir       : dataset
2026-04-15 13:51:21,901 - cyberbully - INFO -   sbert          : True
2026-04-15 13:51:21,901 - cyberbully - INFO -   supcon         : False
2026-04-15 13:51:21,901 - cyberbully - INFO -   supcon_weight  : 0.1
2026-04-15 13:51:21,901 - cyberbully - INFO -   proj_dim       : 128
2026-04-15 13:51:21,901 - cyberbully - INFO -   grad_accum_steps: 1
2026-04-15 13:51:21,901 - cyberbully - INFO -   overwrite      : False
2026-04-15 13:51:21,901 - cyberbully - INFO -   device         : cuda
2026-04-15 13:51:21,901 - cyberbully - INFO -   output_dir     : experiments/grid-search/all-mpnet-base-v2/ieee/prep0_aug0/seed_37622020
2026-04-15 13:51:21,901 - cyberbully - INFO - ============================================================
2026-04-15 13:51:21,901 - cyberbully - INFO - Step 1: Preparing data...
2026-04-15 13:51:21,905 - cyberbully - INFO - Loaded pre-split data from dataset/ieee — train: 1348, val: 338, test: 422
2026-04-15 13:51:21,905 - cyberbully - INFO - Label mapping: {'Cyberstalking': 0, 'Doxing': 1, 'Revenge Porn': 2, 'Sexual Harassment': 3, 'Slut Shaming': 4}
2026-04-15 13:51:21,907 - cyberbully - INFO - Number of classes: 5
2026-04-15 13:51:21,908 - cyberbully - INFO - Step 2: Loading model and tokenizer...
2026-04-15 13:51:21,908 - cyberbully - INFO - Loading model 'all-mpnet-base-v2' with 5 labels (sbert=True, supcon=False)
2026-04-15 13:51:25,876 - cyberbully - INFO - SBERTClassifier: embedding_dim=768, hidden=256, proj_dim=None, num_labels=5
2026-04-15 13:51:26,442 - cyberbully - INFO - Step 3: Creating datasets...
2026-04-15 13:51:26,471 - cyberbully - INFO - Dataset sizes — train: 1348, val: 338, test: 422
2026-04-15 13:51:26,472 - cyberbully - INFO - Step 4: Training...
2026-04-15 13:51:26,523 - cyberbully - INFO - Starting training...
2026-04-15 13:52:16,434 - cyberbully - INFO - Training complete.
2026-04-15 13:52:16,507 - cyberbully - INFO - Removed checkpoint: experiments/grid-search/all-mpnet-base-v2/ieee/prep0_aug0/seed_37622020/checkpoint-172
2026-04-15 13:52:16,580 - cyberbully - INFO - Removed checkpoint: experiments/grid-search/all-mpnet-base-v2/ieee/prep0_aug0/seed_37622020/checkpoint-258
2026-04-15 13:52:16,651 - cyberbully - INFO - Removed checkpoint: experiments/grid-search/all-mpnet-base-v2/ieee/prep0_aug0/seed_37622020/checkpoint-387
2026-04-15 13:52:17,202 - cyberbully - INFO - Removed checkpoint: experiments/grid-search/all-mpnet-base-v2/ieee/prep0_aug0/seed_37622020/checkpoint-43
2026-04-15 13:52:17,284 - cyberbully - INFO - Removed checkpoint: experiments/grid-search/all-mpnet-base-v2/ieee/prep0_aug0/seed_37622020/checkpoint-430
2026-04-15 13:52:17,356 - cyberbully - INFO - Removed checkpoint: experiments/grid-search/all-mpnet-base-v2/ieee/prep0_aug0/seed_37622020/checkpoint-301
2026-04-15 13:52:17,429 - cyberbully - INFO - Removed checkpoint: experiments/grid-search/all-mpnet-base-v2/ieee/prep0_aug0/seed_37622020/checkpoint-344
2026-04-15 13:52:17,493 - cyberbully - INFO - Removed checkpoint: experiments/grid-search/all-mpnet-base-v2/ieee/prep0_aug0/seed_37622020/checkpoint-129
2026-04-15 13:52:17,565 - cyberbully - INFO - Removed checkpoint: experiments/grid-search/all-mpnet-base-v2/ieee/prep0_aug0/seed_37622020/checkpoint-215
2026-04-15 13:52:17,732 - cyberbully - INFO - Removed checkpoint: experiments/grid-search/all-mpnet-base-v2/ieee/prep0_aug0/seed_37622020/checkpoint-86
2026-04-15 13:52:17,733 - cyberbully - INFO - Step 5: Evaluating on test set...
2026-04-15 13:52:22,752 - cyberbully - INFO - Metrics saved to experiments/grid-search/all-mpnet-base-v2/ieee/prep0_aug0/seed_37622020/metrics.json
2026-04-15 13:52:22,752 - cyberbully - INFO - Confusion matrix saved to experiments/grid-search/all-mpnet-base-v2/ieee/prep0_aug0/seed_37622020/confusion_matrix.json
2026-04-15 13:52:22,756 - cyberbully - INFO - Per-sample predictions saved to experiments/grid-search/all-mpnet-base-v2/ieee/prep0_aug0/seed_37622020/predictions.json
2026-04-15 13:52:22,857 - cyberbully - INFO - Confusion matrix figure saved to experiments/grid-search/all-mpnet-base-v2/ieee/prep0_aug0/seed_37622020/confusion_matrix.pdf
2026-04-15 13:52:22,857 - cyberbully - INFO - Accuracy: 0.8341
2026-04-15 13:52:22,857 - cyberbully - INFO - Weighted F1: 0.8356
2026-04-15 13:52:22,857 - cyberbully - INFO - Micro F1: 0.8341
2026-04-15 13:52:22,857 - cyberbully - INFO - Inference time: 0.32 seconds
2026-04-15 13:52:22,857 - cyberbully - INFO - Energy consumption: 0.000021 kWh
2026-04-15 13:52:22,858 - cyberbully - INFO - ============================================================
2026-04-15 13:52:22,858 - cyberbully - INFO - Pipeline complete. Results saved to: experiments/grid-search/all-mpnet-base-v2/ieee/prep0_aug0/seed_37622020
2026-04-15 13:52:22,858 - cyberbully - INFO - ============================================================
