2026-02-13 22:29:37,902 - cyberbully - INFO - ============================================================
2026-02-13 22:29:37,902 - cyberbully - INFO - Cyberbullying Detection Pipeline
2026-02-13 22:29:37,902 - cyberbully - INFO - ============================================================
2026-02-13 22:29:37,902 - cyberbully - INFO - Configuration:
2026-02-13 22:29:37,902 - cyberbully - INFO -   model          : roberta-base
2026-02-13 22:29:37,902 - cyberbully - INFO -   dataset        : tweeteval
2026-02-13 22:29:37,902 - cyberbully - INFO -   preprocess     : True
2026-02-13 22:29:37,902 - cyberbully - INFO -   augment        : True
2026-02-13 22:29:37,902 - cyberbully - INFO -   compute_attribution: False
2026-02-13 22:29:37,902 - cyberbully - INFO -   seed           : 37622020
2026-02-13 22:29:37,902 - cyberbully - INFO -   epochs         : 5
2026-02-13 22:29:37,902 - cyberbully - INFO -   batch_size     : 16
2026-02-13 22:29:37,902 - cyberbully - INFO -   lr             : 2e-05
2026-02-13 22:29:37,902 - cyberbully - INFO -   max_length     : 128
2026-02-13 22:29:37,902 - cyberbully - INFO -   output_dir     : experiments
2026-02-13 22:29:37,902 - cyberbully - INFO -   data_dir       : dataset
2026-02-13 22:29:37,902 - cyberbully - INFO -   overwrite      : False
2026-02-13 22:29:37,902 - cyberbully - INFO -   device         : cuda
2026-02-13 22:29:37,902 - cyberbully - INFO -   output_dir     : experiments/roberta-base/tweeteval/prep1_aug1/seed_37622020
2026-02-13 22:29:37,902 - cyberbully - INFO - ============================================================
2026-02-13 22:29:37,902 - cyberbully - INFO - Step 1: Preparing data...
2026-02-13 22:29:37,902 - cyberbully - INFO - Loading dataset 'tweeteval' from dataset/Tweeteval.csv
2026-02-13 22:29:37,975 - cyberbully - INFO - Loaded 50759 samples with 5 classes: ['emotion', 'hate', 'offensive', 'religion', 'spiritual']
2026-02-13 22:29:37,975 - cyberbully - INFO - Applying text preprocessing...
2026-02-13 22:30:33,486 - cyberbully - INFO - After preprocessing: 47382 samples remain
2026-02-13 22:30:33,489 - cyberbully - INFO - Label mapping: {'emotion': 0, 'hate': 1, 'offensive': 2, 'religion': 3, 'spiritual': 4}
2026-02-13 22:30:33,501 - cyberbully - INFO - Split sizes — train: 30324, val: 7581, test: 9477
2026-02-13 22:30:33,501 - cyberbully - INFO - Applying training data augmentation (oversampling)...
2026-02-13 22:30:33,508 - cyberbully - INFO - After oversampling — class distribution: {0: 7747, 1: 7747, 2: 7747, 3: 7747, 4: 7747}
2026-02-13 22:30:33,509 - cyberbully - INFO - Number of classes: 5
2026-02-13 22:30:33,509 - cyberbully - INFO - Step 2: Loading model and tokenizer...
2026-02-13 22:30:33,509 - cyberbully - INFO - Loading model 'roberta-base' with 5 labels
2026-02-13 22:30:34,276 - cyberbully - INFO - Step 3: Tokenizing datasets...
2026-02-13 22:30:35,316 - cyberbully - INFO - Dataset sizes — train: 38735, val: 7581, test: 9477
2026-02-13 22:30:35,317 - cyberbully - INFO - Step 4: Training...
2026-02-13 22:30:35,569 - cyberbully - INFO - Starting training...
2026-02-13 22:43:24,827 - cyberbully - INFO - Training complete.
2026-02-13 22:43:24,827 - cyberbully - INFO - Step 5: Evaluating on test set...
2026-02-13 22:43:37,292 - cyberbully - INFO - Metrics saved to experiments/roberta-base/tweeteval/prep1_aug1/seed_37622020/metrics.json
2026-02-13 22:43:37,292 - cyberbully - INFO - Confusion matrix saved to experiments/roberta-base/tweeteval/prep1_aug1/seed_37622020/confusion_matrix.json
2026-02-13 22:43:37,393 - cyberbully - INFO - Confusion matrix figure saved to experiments/roberta-base/tweeteval/prep1_aug1/seed_37622020/confusion_matrix.pdf
2026-02-13 22:43:37,393 - cyberbully - INFO - Accuracy: 0.9392
2026-02-13 22:43:37,393 - cyberbully - INFO - Weighted F1: 0.9391
2026-02-13 22:43:37,393 - cyberbully - INFO - Micro F1: 0.9392
2026-02-13 22:43:37,393 - cyberbully - INFO - Inference time: 7.42 seconds
2026-02-13 22:43:37,393 - cyberbully - INFO - Energy consumption: 0.000435 kWh
2026-02-13 22:43:37,394 - cyberbully - INFO - ============================================================
2026-02-13 22:43:37,394 - cyberbully - INFO - Pipeline complete. Results saved to: experiments/roberta-base/tweeteval/prep1_aug1/seed_37622020
2026-02-13 22:43:37,394 - cyberbully - INFO - ============================================================
