2026-03-20 17:35:06,085 - cyberbully - INFO - ============================================================
2026-03-20 17:35:06,085 - cyberbully - INFO - Cyberbullying Detection Pipeline
2026-03-20 17:35:06,086 - cyberbully - INFO - ============================================================
2026-03-20 17:35:06,086 - cyberbully - INFO - Configuration:
2026-03-20 17:35:06,086 - cyberbully - INFO -   model          : GroNLP/hateBERT
2026-03-20 17:35:06,086 - cyberbully - INFO -   dataset        : ieee
2026-03-20 17:35:06,086 - cyberbully - INFO -   preprocess     : True
2026-03-20 17:35:06,086 - cyberbully - INFO -   augment        : True
2026-03-20 17:35:06,086 - cyberbully - INFO -   compute_attribution: False
2026-03-20 17:35:06,086 - cyberbully - INFO -   seed           : 70681460
2026-03-20 17:35:06,086 - cyberbully - INFO -   epochs         : 10
2026-03-20 17:35:06,086 - cyberbully - INFO -   batch_size     : 32
2026-03-20 17:35:06,086 - cyberbully - INFO -   lr             : 5e-05
2026-03-20 17:35:06,086 - cyberbully - INFO -   max_length     : 128
2026-03-20 17:35:06,086 - cyberbully - INFO -   output_dir     : grid-search
2026-03-20 17:35:06,086 - cyberbully - INFO -   data_dir       : dataset
2026-03-20 17:35:06,086 - cyberbully - INFO -   sbert          : False
2026-03-20 17:35:06,086 - cyberbully - INFO -   supcon         : False
2026-03-20 17:35:06,086 - cyberbully - INFO -   supcon_weight  : 0.1
2026-03-20 17:35:06,086 - cyberbully - INFO -   proj_dim       : 128
2026-03-20 17:35:06,086 - cyberbully - INFO -   grad_accum_steps: 1
2026-03-20 17:35:06,086 - cyberbully - INFO -   overwrite      : False
2026-03-20 17:35:06,086 - cyberbully - INFO -   device         : cuda
2026-03-20 17:35:06,086 - cyberbully - INFO -   output_dir     : experiments/grid-search/GroNLP_hateBERT/ieee/prep1_aug1/seed_70681460
2026-03-20 17:35:06,086 - cyberbully - INFO - ============================================================
2026-03-20 17:35:06,086 - cyberbully - INFO - Step 1: Preparing data...
2026-03-20 17:35:06,089 - cyberbully - INFO - Loaded pre-split data from dataset/ieee — train: 1348, val: 338, test: 422
2026-03-20 17:35:06,090 - cyberbully - INFO - Label mapping: {'Cyberstalking': 0, 'Doxing': 1, 'Revenge Porn': 2, 'Sexual Harassment': 3, 'Slut Shaming': 4}
2026-03-20 17:35:06,090 - cyberbully - INFO - Applying text preprocessing per split...
2026-03-20 17:35:09,305 - cyberbully - INFO - After preprocessing — train: 1176, val: 304, test: 377
2026-03-20 17:35:09,306 - cyberbully - INFO - Applying training data augmentation (oversampling)...
2026-03-20 17:35:09,308 - cyberbully - INFO - After oversampling — class distribution: {0: 288, 1: 288, 2: 288, 3: 288, 4: 288}
2026-03-20 17:35:09,309 - cyberbully - INFO - Number of classes: 5
2026-03-20 17:35:09,310 - cyberbully - INFO - Step 2: Loading model and tokenizer...
2026-03-20 17:35:09,310 - cyberbully - INFO - Loading model 'GroNLP/hateBERT' with 5 labels (sbert=False, supcon=False)
2026-03-20 17:35:10,018 - cyberbully - INFO - Step 3: Creating datasets...
2026-03-20 17:35:10,038 - cyberbully - INFO - Dataset sizes — train: 1440, val: 304, test: 377
2026-03-20 17:35:10,038 - cyberbully - INFO - Step 4: Training...
2026-03-20 17:35:10,171 - cyberbully - INFO - Starting training...
2026-03-20 17:37:25,059 - cyberbully - INFO - Training complete.
2026-03-20 17:37:25,149 - cyberbully - INFO - Removed checkpoint: experiments/grid-search/GroNLP_hateBERT/ieee/prep1_aug1/seed_70681460/checkpoint-405
2026-03-20 17:37:25,235 - cyberbully - INFO - Removed checkpoint: experiments/grid-search/GroNLP_hateBERT/ieee/prep1_aug1/seed_70681460/checkpoint-90
2026-03-20 17:37:25,317 - cyberbully - INFO - Removed checkpoint: experiments/grid-search/GroNLP_hateBERT/ieee/prep1_aug1/seed_70681460/checkpoint-225
2026-03-20 17:37:25,397 - cyberbully - INFO - Removed checkpoint: experiments/grid-search/GroNLP_hateBERT/ieee/prep1_aug1/seed_70681460/checkpoint-180
2026-03-20 17:37:25,480 - cyberbully - INFO - Removed checkpoint: experiments/grid-search/GroNLP_hateBERT/ieee/prep1_aug1/seed_70681460/checkpoint-315
2026-03-20 17:37:25,563 - cyberbully - INFO - Removed checkpoint: experiments/grid-search/GroNLP_hateBERT/ieee/prep1_aug1/seed_70681460/checkpoint-360
2026-03-20 17:37:25,649 - cyberbully - INFO - Removed checkpoint: experiments/grid-search/GroNLP_hateBERT/ieee/prep1_aug1/seed_70681460/checkpoint-45
2026-03-20 17:37:25,733 - cyberbully - INFO - Removed checkpoint: experiments/grid-search/GroNLP_hateBERT/ieee/prep1_aug1/seed_70681460/checkpoint-270
2026-03-20 17:37:25,816 - cyberbully - INFO - Removed checkpoint: experiments/grid-search/GroNLP_hateBERT/ieee/prep1_aug1/seed_70681460/checkpoint-135
2026-03-20 17:37:25,896 - cyberbully - INFO - Removed checkpoint: experiments/grid-search/GroNLP_hateBERT/ieee/prep1_aug1/seed_70681460/checkpoint-450
2026-03-20 17:37:25,897 - cyberbully - INFO - Step 5: Evaluating on test set...
2026-03-20 17:37:31,259 - cyberbully - INFO - Metrics saved to experiments/grid-search/GroNLP_hateBERT/ieee/prep1_aug1/seed_70681460/metrics.json
2026-03-20 17:37:31,259 - cyberbully - INFO - Confusion matrix saved to experiments/grid-search/GroNLP_hateBERT/ieee/prep1_aug1/seed_70681460/confusion_matrix.json
2026-03-20 17:37:31,263 - cyberbully - INFO - Per-sample predictions saved to experiments/grid-search/GroNLP_hateBERT/ieee/prep1_aug1/seed_70681460/predictions.json
2026-03-20 17:37:31,371 - cyberbully - INFO - Confusion matrix figure saved to experiments/grid-search/GroNLP_hateBERT/ieee/prep1_aug1/seed_70681460/confusion_matrix.pdf
2026-03-20 17:37:31,371 - cyberbully - INFO - Accuracy: 0.7984
2026-03-20 17:37:31,371 - cyberbully - INFO - Weighted F1: 0.8032
2026-03-20 17:37:31,371 - cyberbully - INFO - Micro F1: 0.7984
2026-03-20 17:37:31,371 - cyberbully - INFO - Inference time: 0.17 seconds
2026-03-20 17:37:31,371 - cyberbully - INFO - Energy consumption: 0.000016 kWh
2026-03-20 17:37:31,371 - cyberbully - INFO - ============================================================
2026-03-20 17:37:31,371 - cyberbully - INFO - Pipeline complete. Results saved to: experiments/grid-search/GroNLP_hateBERT/ieee/prep1_aug1/seed_70681460
2026-03-20 17:37:31,371 - cyberbully - INFO - ============================================================
