2026-03-25 03:10:32,537 - cyberbully - INFO - Model 'all-MiniLM-L6-v2' detected as SBERT-based. Using SBERTClassifier pipeline.
2026-03-25 03:10:32,537 - cyberbully - INFO - ============================================================
2026-03-25 03:10:32,537 - cyberbully - INFO - Cyberbullying Detection Pipeline
2026-03-25 03:10:32,537 - cyberbully - INFO - ============================================================
2026-03-25 03:10:32,537 - cyberbully - INFO - Configuration:
2026-03-25 03:10:32,537 - cyberbully - INFO -   model          : all-MiniLM-L6-v2
2026-03-25 03:10:32,537 - cyberbully - INFO -   dataset        : kaggle
2026-03-25 03:10:32,537 - cyberbully - INFO -   preprocess     : False
2026-03-25 03:10:32,537 - cyberbully - INFO -   augment        : True
2026-03-25 03:10:32,537 - cyberbully - INFO -   compute_attribution: False
2026-03-25 03:10:32,537 - cyberbully - INFO -   seed           : 52680723
2026-03-25 03:10:32,537 - cyberbully - INFO -   epochs         : 10
2026-03-25 03:10:32,537 - cyberbully - INFO -   batch_size     : 32
2026-03-25 03:10:32,537 - cyberbully - INFO -   lr             : 5e-05
2026-03-25 03:10:32,537 - cyberbully - INFO -   max_length     : 128
2026-03-25 03:10:32,537 - cyberbully - INFO -   output_dir     : grid-search
2026-03-25 03:10:32,537 - cyberbully - INFO -   data_dir       : dataset
2026-03-25 03:10:32,537 - cyberbully - INFO -   sbert          : True
2026-03-25 03:10:32,537 - cyberbully - INFO -   supcon         : False
2026-03-25 03:10:32,537 - cyberbully - INFO -   supcon_weight  : 0.1
2026-03-25 03:10:32,537 - cyberbully - INFO -   proj_dim       : 128
2026-03-25 03:10:32,537 - cyberbully - INFO -   grad_accum_steps: 1
2026-03-25 03:10:32,537 - cyberbully - INFO -   overwrite      : False
2026-03-25 03:10:32,537 - cyberbully - INFO -   device         : cuda
2026-03-25 03:10:32,537 - cyberbully - INFO -   output_dir     : experiments/grid-search/all-MiniLM-L6-v2/kaggle/prep0_aug1/seed_52680723
2026-03-25 03:10:32,537 - cyberbully - INFO - ============================================================
2026-03-25 03:10:32,537 - cyberbully - INFO - Step 1: Preparing data...
2026-03-25 03:10:32,588 - cyberbully - INFO - Loaded pre-split data from dataset/kaggle — train: 25604, val: 6401, test: 8002
2026-03-25 03:10:32,588 - cyberbully - INFO - Label mapping: {'age': 0, 'ethnicity': 1, 'gender': 2, 'other_cyberbullying': 3, 'religion': 4}
2026-03-25 03:10:32,590 - cyberbully - INFO - Applying training data augmentation (oversampling)...
2026-03-25 03:10:32,594 - cyberbully - INFO - After oversampling — class distribution: {0: 5123, 1: 5123, 2: 5123, 3: 5123, 4: 5123}
2026-03-25 03:10:32,605 - cyberbully - INFO - Number of classes: 5
2026-03-25 03:10:32,606 - cyberbully - INFO - Step 2: Loading model and tokenizer...
2026-03-25 03:10:32,606 - cyberbully - INFO - Loading model 'all-MiniLM-L6-v2' with 5 labels (sbert=True, supcon=False)
2026-03-25 03:10:35,332 - cyberbully - INFO - SBERTClassifier: embedding_dim=384, hidden=256, proj_dim=None, num_labels=5
2026-03-25 03:10:35,640 - cyberbully - INFO - Step 3: Creating datasets...
2026-03-25 03:10:36,519 - cyberbully - INFO - Dataset sizes — train: 25615, val: 6401, test: 8002
2026-03-25 03:10:36,519 - cyberbully - INFO - Step 4: Training...
2026-03-25 03:10:36,564 - cyberbully - INFO - Starting training...
2026-03-25 03:13:50,134 - cyberbully - INFO - Training complete.
2026-03-25 03:13:50,148 - cyberbully - INFO - Removed checkpoint: experiments/grid-search/all-MiniLM-L6-v2/kaggle/prep0_aug1/seed_52680723/checkpoint-5607
2026-03-25 03:13:50,164 - cyberbully - INFO - Removed checkpoint: experiments/grid-search/all-MiniLM-L6-v2/kaggle/prep0_aug1/seed_52680723/checkpoint-8010
2026-03-25 03:13:50,178 - cyberbully - INFO - Removed checkpoint: experiments/grid-search/all-MiniLM-L6-v2/kaggle/prep0_aug1/seed_52680723/checkpoint-6408
2026-03-25 03:13:50,192 - cyberbully - INFO - Removed checkpoint: experiments/grid-search/all-MiniLM-L6-v2/kaggle/prep0_aug1/seed_52680723/checkpoint-1602
2026-03-25 03:13:50,206 - cyberbully - INFO - Removed checkpoint: experiments/grid-search/all-MiniLM-L6-v2/kaggle/prep0_aug1/seed_52680723/checkpoint-3204
2026-03-25 03:13:50,222 - cyberbully - INFO - Removed checkpoint: experiments/grid-search/all-MiniLM-L6-v2/kaggle/prep0_aug1/seed_52680723/checkpoint-7209
2026-03-25 03:13:50,236 - cyberbully - INFO - Removed checkpoint: experiments/grid-search/all-MiniLM-L6-v2/kaggle/prep0_aug1/seed_52680723/checkpoint-4005
2026-03-25 03:13:50,249 - cyberbully - INFO - Removed checkpoint: experiments/grid-search/all-MiniLM-L6-v2/kaggle/prep0_aug1/seed_52680723/checkpoint-4806
2026-03-25 03:13:50,264 - cyberbully - INFO - Removed checkpoint: experiments/grid-search/all-MiniLM-L6-v2/kaggle/prep0_aug1/seed_52680723/checkpoint-801
2026-03-25 03:13:50,278 - cyberbully - INFO - Removed checkpoint: experiments/grid-search/all-MiniLM-L6-v2/kaggle/prep0_aug1/seed_52680723/checkpoint-2403
2026-03-25 03:13:50,279 - cyberbully - INFO - Step 5: Evaluating on test set...
2026-03-25 03:13:56,036 - cyberbully - INFO - Metrics saved to experiments/grid-search/all-MiniLM-L6-v2/kaggle/prep0_aug1/seed_52680723/metrics.json
2026-03-25 03:13:56,036 - cyberbully - INFO - Confusion matrix saved to experiments/grid-search/all-MiniLM-L6-v2/kaggle/prep0_aug1/seed_52680723/confusion_matrix.json
2026-03-25 03:13:56,114 - cyberbully - INFO - Per-sample predictions saved to experiments/grid-search/all-MiniLM-L6-v2/kaggle/prep0_aug1/seed_52680723/predictions.json
2026-03-25 03:13:56,216 - cyberbully - INFO - Confusion matrix figure saved to experiments/grid-search/all-MiniLM-L6-v2/kaggle/prep0_aug1/seed_52680723/confusion_matrix.pdf
2026-03-25 03:13:56,216 - cyberbully - INFO - Accuracy: 0.9539
2026-03-25 03:13:56,216 - cyberbully - INFO - Weighted F1: 0.9540
2026-03-25 03:13:56,216 - cyberbully - INFO - Micro F1: 0.9539
2026-03-25 03:13:56,216 - cyberbully - INFO - Inference time: 1.50 seconds
2026-03-25 03:13:56,216 - cyberbully - INFO - Energy consumption: 0.000103 kWh
2026-03-25 03:13:56,218 - cyberbully - INFO - ============================================================
2026-03-25 03:13:56,218 - cyberbully - INFO - Pipeline complete. Results saved to: experiments/grid-search/all-MiniLM-L6-v2/kaggle/prep0_aug1/seed_52680723
2026-03-25 03:13:56,218 - cyberbully - INFO - ============================================================
