2026-06-14 23:57:21,547 - cyberbully - INFO - ============================================================
2026-06-14 23:57:21,547 - cyberbully - INFO - Cyberbullying Detection Pipeline
2026-06-14 23:57:21,547 - cyberbully - INFO - ============================================================
2026-06-14 23:57:21,547 - cyberbully - INFO - Configuration:
2026-06-14 23:57:21,547 - cyberbully - INFO -   model          : answerdotai/ModernBERT-base
2026-06-14 23:57:21,547 - cyberbully - INFO -   dataset        : kaggle
2026-06-14 23:57:21,547 - cyberbully - INFO -   preprocess     : False
2026-06-14 23:57:21,547 - cyberbully - INFO -   prep_mode      : 2
2026-06-14 23:57:21,547 - cyberbully - INFO -   augment        : False
2026-06-14 23:57:21,547 - cyberbully - INFO -   compute_attribution: False
2026-06-14 23:57:21,547 - cyberbully - INFO -   seed           : 43782163
2026-06-14 23:57:21,547 - cyberbully - INFO -   epochs         : 10
2026-06-14 23:57:21,547 - cyberbully - INFO -   batch_size     : 32
2026-06-14 23:57:21,547 - cyberbully - INFO -   lr             : 5e-05
2026-06-14 23:57:21,547 - cyberbully - INFO -   max_length     : 128
2026-06-14 23:57:21,547 - cyberbully - INFO -   output_dir     : grid-search
2026-06-14 23:57:21,547 - cyberbully - INFO -   data_dir       : dataset
2026-06-14 23:57:21,547 - cyberbully - INFO -   sbert          : False
2026-06-14 23:57:21,547 - cyberbully - INFO -   supcon         : False
2026-06-14 23:57:21,547 - cyberbully - INFO -   supcon_weight  : 0.1
2026-06-14 23:57:21,547 - cyberbully - INFO -   proj_dim       : 128
2026-06-14 23:57:21,547 - cyberbully - INFO -   grad_accum_steps: 1
2026-06-14 23:57:21,547 - cyberbully - INFO -   overwrite      : False
2026-06-14 23:57:21,547 - cyberbully - INFO -   device         : cuda
2026-06-14 23:57:21,547 - cyberbully - INFO -   output_dir     : experiments/grid-search/answerdotai_ModernBERT-base/kaggle/prep2_aug0/seed_43782163
2026-06-14 23:57:21,547 - cyberbully - INFO - ============================================================
2026-06-14 23:57:21,547 - cyberbully - INFO - Step 1: Preparing data...
2026-06-14 23:57:21,593 - cyberbully - INFO - Loaded pre-split data from dataset/kaggle — train: 25604, val: 6401, test: 8002
2026-06-14 23:57:21,593 - cyberbully - INFO - Label mapping: {'age': 0, 'ethnicity': 1, 'gender': 2, 'other_cyberbullying': 3, 'religion': 4}
2026-06-14 23:57:21,594 - cyberbully - INFO - Applying partial text preprocessing per split...
2026-06-14 23:57:22,904 - cyberbully - INFO - After preprocessing -- train: 25604, val: 6401, test: 8002
2026-06-14 23:57:22,908 - cyberbully - INFO - Number of classes: 5
2026-06-14 23:57:22,909 - cyberbully - INFO - Step 2: Loading model and tokenizer...
2026-06-14 23:57:22,909 - cyberbully - INFO - Loading model 'answerdotai/ModernBERT-base' with 5 labels (sbert=False, supcon=False)
2026-06-14 23:57:24,514 - cyberbully - INFO - Step 3: Creating datasets...
2026-06-14 23:57:25,474 - cyberbully - INFO - Dataset sizes — train: 25604, val: 6401, test: 8002
2026-06-14 23:57:25,474 - cyberbully - INFO - Step 4: Training...
2026-06-14 23:57:25,736 - cyberbully - INFO - Starting training...
2026-06-15 00:17:32,345 - cyberbully - INFO - Training complete.
2026-06-15 00:17:32,431 - cyberbully - INFO - Removed checkpoint: experiments/grid-search/answerdotai_ModernBERT-base/kaggle/prep2_aug0/seed_43782163/checkpoint-5607
2026-06-15 00:17:32,533 - cyberbully - INFO - Removed checkpoint: experiments/grid-search/answerdotai_ModernBERT-base/kaggle/prep2_aug0/seed_43782163/checkpoint-8010
2026-06-15 00:17:32,620 - cyberbully - INFO - Removed checkpoint: experiments/grid-search/answerdotai_ModernBERT-base/kaggle/prep2_aug0/seed_43782163/checkpoint-6408
2026-06-15 00:17:32,708 - cyberbully - INFO - Removed checkpoint: experiments/grid-search/answerdotai_ModernBERT-base/kaggle/prep2_aug0/seed_43782163/checkpoint-1602
2026-06-15 00:17:32,794 - cyberbully - INFO - Removed checkpoint: experiments/grid-search/answerdotai_ModernBERT-base/kaggle/prep2_aug0/seed_43782163/checkpoint-3204
2026-06-15 00:17:32,880 - cyberbully - INFO - Removed checkpoint: experiments/grid-search/answerdotai_ModernBERT-base/kaggle/prep2_aug0/seed_43782163/checkpoint-7209
2026-06-15 00:17:32,966 - cyberbully - INFO - Removed checkpoint: experiments/grid-search/answerdotai_ModernBERT-base/kaggle/prep2_aug0/seed_43782163/checkpoint-4005
2026-06-15 00:17:33,053 - cyberbully - INFO - Removed checkpoint: experiments/grid-search/answerdotai_ModernBERT-base/kaggle/prep2_aug0/seed_43782163/checkpoint-4806
2026-06-15 00:17:33,143 - cyberbully - INFO - Removed checkpoint: experiments/grid-search/answerdotai_ModernBERT-base/kaggle/prep2_aug0/seed_43782163/checkpoint-801
2026-06-15 00:17:33,230 - cyberbully - INFO - Removed checkpoint: experiments/grid-search/answerdotai_ModernBERT-base/kaggle/prep2_aug0/seed_43782163/checkpoint-2403
2026-06-15 00:17:33,230 - cyberbully - INFO - Step 5: Evaluating on test set...
2026-06-15 00:17:48,833 - cyberbully - INFO - Metrics saved to experiments/grid-search/answerdotai_ModernBERT-base/kaggle/prep2_aug0/seed_43782163/metrics.json
2026-06-15 00:17:48,833 - cyberbully - INFO - Confusion matrix saved to experiments/grid-search/answerdotai_ModernBERT-base/kaggle/prep2_aug0/seed_43782163/confusion_matrix.json
2026-06-15 00:17:48,920 - cyberbully - INFO - Per-sample predictions saved to experiments/grid-search/answerdotai_ModernBERT-base/kaggle/prep2_aug0/seed_43782163/predictions.json
2026-06-15 00:17:49,027 - cyberbully - INFO - Confusion matrix figure saved to experiments/grid-search/answerdotai_ModernBERT-base/kaggle/prep2_aug0/seed_43782163/confusion_matrix.pdf
2026-06-15 00:17:49,027 - cyberbully - INFO - Accuracy: 0.9485
2026-06-15 00:17:49,028 - cyberbully - INFO - Weighted F1: 0.9488
2026-06-15 00:17:49,028 - cyberbully - INFO - Micro F1: 0.9485
2026-06-15 00:17:49,028 - cyberbully - INFO - Inference time: 9.51 seconds
2026-06-15 00:17:49,028 - cyberbully - INFO - Energy consumption: 0.000573 kWh
2026-06-15 00:17:49,029 - cyberbully - INFO - ============================================================
2026-06-15 00:17:49,030 - cyberbully - INFO - Pipeline complete. Results saved to: experiments/grid-search/answerdotai_ModernBERT-base/kaggle/prep2_aug0/seed_43782163
2026-06-15 00:17:49,030 - cyberbully - INFO - ============================================================
