2026-04-16 14:38:53,289 - cyberbully - INFO - ============================================================
2026-04-16 14:38:53,289 - cyberbully - INFO - Cyberbullying Detection Pipeline
2026-04-16 14:38:53,289 - cyberbully - INFO - ============================================================
2026-04-16 14:38:53,289 - cyberbully - INFO - Configuration:
2026-04-16 14:38:53,289 - cyberbully - INFO -   model          : distilbert-base-uncased
2026-04-16 14:38:53,289 - cyberbully - INFO -   dataset        : tweeteval
2026-04-16 14:38:53,289 - cyberbully - INFO -   preprocess     : True
2026-04-16 14:38:53,289 - cyberbully - INFO -   augment        : False
2026-04-16 14:38:53,289 - cyberbully - INFO -   compute_attribution: False
2026-04-16 14:38:53,289 - cyberbully - INFO -   seed           : 70681460
2026-04-16 14:38:53,289 - cyberbully - INFO -   epochs         : 10
2026-04-16 14:38:53,289 - cyberbully - INFO -   batch_size     : 32
2026-04-16 14:38:53,289 - cyberbully - INFO -   lr             : 5e-05
2026-04-16 14:38:53,289 - cyberbully - INFO -   max_length     : 128
2026-04-16 14:38:53,289 - cyberbully - INFO -   output_dir     : grid-search
2026-04-16 14:38:53,289 - cyberbully - INFO -   data_dir       : dataset
2026-04-16 14:38:53,289 - cyberbully - INFO -   sbert          : False
2026-04-16 14:38:53,289 - cyberbully - INFO -   supcon         : False
2026-04-16 14:38:53,289 - cyberbully - INFO -   supcon_weight  : 0.1
2026-04-16 14:38:53,289 - cyberbully - INFO -   proj_dim       : 128
2026-04-16 14:38:53,289 - cyberbully - INFO -   grad_accum_steps: 1
2026-04-16 14:38:53,289 - cyberbully - INFO -   overwrite      : False
2026-04-16 14:38:53,289 - cyberbully - INFO -   device         : cuda
2026-04-16 14:38:53,289 - cyberbully - INFO -   output_dir     : experiments/grid-search/distilbert-base-uncased/tweeteval/prep1_aug0/seed_70681460
2026-04-16 14:38:53,289 - cyberbully - INFO - ============================================================
2026-04-16 14:38:53,289 - cyberbully - INFO - Step 1: Preparing data...
2026-04-16 14:38:53,342 - cyberbully - INFO - Loaded pre-split data from dataset/tweeteval — train: 32485, val: 8122, test: 10152
2026-04-16 14:38:53,342 - cyberbully - INFO - Label mapping: {'emotion': 0, 'hate': 1, 'offensive': 2, 'religion': 3, 'spiritual': 4}
2026-04-16 14:38:53,342 - cyberbully - INFO - Applying text preprocessing per split...
2026-04-16 14:39:53,768 - cyberbully - INFO - After preprocessing — train: 30364, val: 7615, test: 9460
2026-04-16 14:39:53,780 - cyberbully - INFO - Number of classes: 5
2026-04-16 14:39:53,781 - cyberbully - INFO - Step 2: Loading model and tokenizer...
2026-04-16 14:39:53,781 - cyberbully - INFO - Loading model 'distilbert-base-uncased' with 5 labels (sbert=False, supcon=False)
2026-04-16 14:39:54,445 - cyberbully - INFO - Step 3: Creating datasets...
2026-04-16 14:39:54,988 - cyberbully - INFO - Dataset sizes — train: 30364, val: 7615, test: 9460
2026-04-16 14:39:54,989 - cyberbully - INFO - Step 4: Training...
2026-04-16 14:39:55,098 - cyberbully - INFO - Starting training...
2026-04-16 14:46:51,984 - cyberbully - INFO - Training complete.
2026-04-16 14:46:52,031 - cyberbully - INFO - Removed checkpoint: experiments/grid-search/distilbert-base-uncased/tweeteval/prep1_aug0/seed_70681460/checkpoint-4745
2026-04-16 14:46:52,088 - cyberbully - INFO - Removed checkpoint: experiments/grid-search/distilbert-base-uncased/tweeteval/prep1_aug0/seed_70681460/checkpoint-9490
2026-04-16 14:46:52,137 - cyberbully - INFO - Removed checkpoint: experiments/grid-search/distilbert-base-uncased/tweeteval/prep1_aug0/seed_70681460/checkpoint-7592
2026-04-16 14:46:52,185 - cyberbully - INFO - Removed checkpoint: experiments/grid-search/distilbert-base-uncased/tweeteval/prep1_aug0/seed_70681460/checkpoint-6643
2026-04-16 14:46:52,232 - cyberbully - INFO - Removed checkpoint: experiments/grid-search/distilbert-base-uncased/tweeteval/prep1_aug0/seed_70681460/checkpoint-3796
2026-04-16 14:46:52,281 - cyberbully - INFO - Removed checkpoint: experiments/grid-search/distilbert-base-uncased/tweeteval/prep1_aug0/seed_70681460/checkpoint-2847
2026-04-16 14:46:52,332 - cyberbully - INFO - Removed checkpoint: experiments/grid-search/distilbert-base-uncased/tweeteval/prep1_aug0/seed_70681460/checkpoint-1898
2026-04-16 14:46:52,379 - cyberbully - INFO - Removed checkpoint: experiments/grid-search/distilbert-base-uncased/tweeteval/prep1_aug0/seed_70681460/checkpoint-5694
2026-04-16 14:46:52,426 - cyberbully - INFO - Removed checkpoint: experiments/grid-search/distilbert-base-uncased/tweeteval/prep1_aug0/seed_70681460/checkpoint-8541
2026-04-16 14:46:52,478 - cyberbully - INFO - Removed checkpoint: experiments/grid-search/distilbert-base-uncased/tweeteval/prep1_aug0/seed_70681460/checkpoint-949
2026-04-16 14:46:52,479 - cyberbully - INFO - Step 5: Evaluating on test set...
2026-04-16 14:46:59,407 - cyberbully - INFO - Metrics saved to experiments/grid-search/distilbert-base-uncased/tweeteval/prep1_aug0/seed_70681460/metrics.json
2026-04-16 14:46:59,407 - cyberbully - INFO - Confusion matrix saved to experiments/grid-search/distilbert-base-uncased/tweeteval/prep1_aug0/seed_70681460/confusion_matrix.json
2026-04-16 14:46:59,501 - cyberbully - INFO - Per-sample predictions saved to experiments/grid-search/distilbert-base-uncased/tweeteval/prep1_aug0/seed_70681460/predictions.json
2026-04-16 14:46:59,608 - cyberbully - INFO - Confusion matrix figure saved to experiments/grid-search/distilbert-base-uncased/tweeteval/prep1_aug0/seed_70681460/confusion_matrix.pdf
2026-04-16 14:46:59,608 - cyberbully - INFO - Accuracy: 0.9436
2026-04-16 14:46:59,608 - cyberbully - INFO - Weighted F1: 0.9438
2026-04-16 14:46:59,608 - cyberbully - INFO - Micro F1: 0.9436
2026-04-16 14:46:59,608 - cyberbully - INFO - Inference time: 2.37 seconds
2026-04-16 14:46:59,608 - cyberbully - INFO - Energy consumption: 0.000135 kWh
2026-04-16 14:46:59,609 - cyberbully - INFO - ============================================================
2026-04-16 14:46:59,609 - cyberbully - INFO - Pipeline complete. Results saved to: experiments/grid-search/distilbert-base-uncased/tweeteval/prep1_aug0/seed_70681460
2026-04-16 14:46:59,609 - cyberbully - INFO - ============================================================
