2026-05-19 07:54:37,484 - cyberbully - INFO - ============================================================
2026-05-19 07:54:37,485 - cyberbully - INFO - Cyberbullying Detection Pipeline
2026-05-19 07:54:37,485 - cyberbully - INFO - ============================================================
2026-05-19 07:54:37,485 - cyberbully - INFO - Configuration:
2026-05-19 07:54:37,485 - cyberbully - INFO -   model          : albert/albert-base-v2
2026-05-19 07:54:37,485 - cyberbully - INFO -   dataset        : kaggle
2026-05-19 07:54:37,485 - cyberbully - INFO -   preprocess     : True
2026-05-19 07:54:37,485 - cyberbully - INFO -   augment        : False
2026-05-19 07:54:37,485 - cyberbully - INFO -   compute_attribution: False
2026-05-19 07:54:37,485 - cyberbully - INFO -   seed           : 52680723
2026-05-19 07:54:37,485 - cyberbully - INFO -   epochs         : 10
2026-05-19 07:54:37,485 - cyberbully - INFO -   batch_size     : 32
2026-05-19 07:54:37,485 - cyberbully - INFO -   lr             : 5e-05
2026-05-19 07:54:37,485 - cyberbully - INFO -   max_length     : 128
2026-05-19 07:54:37,485 - cyberbully - INFO -   output_dir     : verification
2026-05-19 07:54:37,485 - cyberbully - INFO -   data_dir       : dataset
2026-05-19 07:54:37,485 - cyberbully - INFO -   sbert          : False
2026-05-19 07:54:37,485 - cyberbully - INFO -   supcon         : False
2026-05-19 07:54:37,485 - cyberbully - INFO -   supcon_weight  : 0.1
2026-05-19 07:54:37,485 - cyberbully - INFO -   proj_dim       : 128
2026-05-19 07:54:37,485 - cyberbully - INFO -   grad_accum_steps: 1
2026-05-19 07:54:37,485 - cyberbully - INFO -   overwrite      : True
2026-05-19 07:54:37,485 - cyberbully - INFO -   device         : cuda
2026-05-19 07:54:37,485 - cyberbully - INFO -   output_dir     : experiments/verification/albert_albert-base-v2/kaggle/prep1_aug0/seed_52680723
2026-05-19 07:54:37,485 - cyberbully - INFO - ============================================================
2026-05-19 07:54:37,485 - cyberbully - INFO - Step 1: Preparing data...
2026-05-19 07:54:37,536 - cyberbully - INFO - Loaded pre-split data from dataset/kaggle — train: 25604, val: 6401, test: 8002
2026-05-19 07:54:37,536 - cyberbully - INFO - Label mapping: {'age': 0, 'ethnicity': 1, 'gender': 2, 'other_cyberbullying': 3, 'religion': 4}
2026-05-19 07:54:37,537 - cyberbully - INFO - Applying text preprocessing per split...
2026-05-19 07:55:23,264 - cyberbully - INFO - After preprocessing -- train: 23520, val: 5963, test: 7407
2026-05-19 07:55:23,267 - cyberbully - INFO - Number of classes: 5
2026-05-19 07:55:23,268 - cyberbully - INFO - Step 2: Loading model and tokenizer...
2026-05-19 07:55:23,268 - cyberbully - INFO - Loading model 'albert/albert-base-v2' with 5 labels (sbert=False, supcon=False)
2026-05-19 07:55:24,143 - cyberbully - INFO - Step 3: Creating datasets...
2026-05-19 07:55:24,699 - cyberbully - INFO - Dataset sizes — train: 23520, val: 5963, test: 7407
2026-05-19 07:55:24,699 - cyberbully - INFO - Step 4: Training...
2026-05-19 07:55:24,781 - cyberbully - INFO - Starting training...
2026-05-19 08:07:14,903 - cyberbully - INFO - Training complete.
2026-05-19 08:07:14,912 - cyberbully - INFO - Removed checkpoint: experiments/verification/albert_albert-base-v2/kaggle/prep1_aug0/seed_52680723/checkpoint-5145
2026-05-19 08:07:14,922 - cyberbully - INFO - Removed checkpoint: experiments/verification/albert_albert-base-v2/kaggle/prep1_aug0/seed_52680723/checkpoint-6615
2026-05-19 08:07:14,933 - cyberbully - INFO - Removed checkpoint: experiments/verification/albert_albert-base-v2/kaggle/prep1_aug0/seed_52680723/checkpoint-7350
2026-05-19 08:07:14,943 - cyberbully - INFO - Removed checkpoint: experiments/verification/albert_albert-base-v2/kaggle/prep1_aug0/seed_52680723/checkpoint-2205
2026-05-19 08:07:14,953 - cyberbully - INFO - Removed checkpoint: experiments/verification/albert_albert-base-v2/kaggle/prep1_aug0/seed_52680723/checkpoint-1470
2026-05-19 08:07:14,962 - cyberbully - INFO - Removed checkpoint: experiments/verification/albert_albert-base-v2/kaggle/prep1_aug0/seed_52680723/checkpoint-2940
2026-05-19 08:07:14,972 - cyberbully - INFO - Removed checkpoint: experiments/verification/albert_albert-base-v2/kaggle/prep1_aug0/seed_52680723/checkpoint-5880
2026-05-19 08:07:14,982 - cyberbully - INFO - Removed checkpoint: experiments/verification/albert_albert-base-v2/kaggle/prep1_aug0/seed_52680723/checkpoint-735
2026-05-19 08:07:14,992 - cyberbully - INFO - Removed checkpoint: experiments/verification/albert_albert-base-v2/kaggle/prep1_aug0/seed_52680723/checkpoint-3675
2026-05-19 08:07:15,001 - cyberbully - INFO - Removed checkpoint: experiments/verification/albert_albert-base-v2/kaggle/prep1_aug0/seed_52680723/checkpoint-4410
2026-05-19 08:07:15,001 - cyberbully - INFO - Step 5: Evaluating on test set...
2026-05-19 08:07:28,226 - cyberbully - INFO - Metrics saved to experiments/verification/albert_albert-base-v2/kaggle/prep1_aug0/seed_52680723/metrics.json
2026-05-19 08:07:28,226 - cyberbully - INFO - Confusion matrix saved to experiments/verification/albert_albert-base-v2/kaggle/prep1_aug0/seed_52680723/confusion_matrix.json
2026-05-19 08:07:28,301 - cyberbully - INFO - Per-sample predictions saved to experiments/verification/albert_albert-base-v2/kaggle/prep1_aug0/seed_52680723/predictions.json
2026-05-19 08:07:28,409 - cyberbully - INFO - Confusion matrix figure saved to experiments/verification/albert_albert-base-v2/kaggle/prep1_aug0/seed_52680723/confusion_matrix.pdf
2026-05-19 08:07:28,409 - cyberbully - INFO - Accuracy: 0.9487
2026-05-19 08:07:28,409 - cyberbully - INFO - Weighted F1: 0.9491
2026-05-19 08:07:28,409 - cyberbully - INFO - Micro F1: 0.9487
2026-05-19 08:07:28,409 - cyberbully - INFO - Inference time: 7.10 seconds
2026-05-19 08:07:28,409 - cyberbully - INFO - Energy consumption: 0.000395 kWh
2026-05-19 08:07:28,411 - cyberbully - INFO - ============================================================
2026-05-19 08:07:28,411 - cyberbully - INFO - Pipeline complete. Results saved to: experiments/verification/albert_albert-base-v2/kaggle/prep1_aug0/seed_52680723
2026-05-19 08:07:28,411 - cyberbully - INFO - ============================================================
