2026-04-15 15:41:30,568 - cyberbully - INFO - Model 'all-mpnet-base-v2' detected as SBERT-based. Using SBERTClassifier pipeline.
2026-04-15 15:41:30,569 - cyberbully - INFO - ============================================================
2026-04-15 15:41:30,569 - cyberbully - INFO - Cyberbullying Detection Pipeline
2026-04-15 15:41:30,569 - cyberbully - INFO - ============================================================
2026-04-15 15:41:30,569 - cyberbully - INFO - Configuration:
2026-04-15 15:41:30,569 - cyberbully - INFO -   model          : all-mpnet-base-v2
2026-04-15 15:41:30,569 - cyberbully - INFO -   dataset        : tweeteval
2026-04-15 15:41:30,569 - cyberbully - INFO -   preprocess     : False
2026-04-15 15:41:30,569 - cyberbully - INFO -   augment        : False
2026-04-15 15:41:30,569 - cyberbully - INFO -   compute_attribution: False
2026-04-15 15:41:30,569 - cyberbully - INFO -   seed           : 52680723
2026-04-15 15:41:30,569 - cyberbully - INFO -   epochs         : 10
2026-04-15 15:41:30,569 - cyberbully - INFO -   batch_size     : 32
2026-04-15 15:41:30,569 - cyberbully - INFO -   lr             : 5e-05
2026-04-15 15:41:30,569 - cyberbully - INFO -   max_length     : 128
2026-04-15 15:41:30,569 - cyberbully - INFO -   output_dir     : grid-search
2026-04-15 15:41:30,569 - cyberbully - INFO -   data_dir       : dataset
2026-04-15 15:41:30,569 - cyberbully - INFO -   sbert          : True
2026-04-15 15:41:30,569 - cyberbully - INFO -   supcon         : False
2026-04-15 15:41:30,569 - cyberbully - INFO -   supcon_weight  : 0.1
2026-04-15 15:41:30,569 - cyberbully - INFO -   proj_dim       : 128
2026-04-15 15:41:30,569 - cyberbully - INFO -   grad_accum_steps: 1
2026-04-15 15:41:30,569 - cyberbully - INFO -   overwrite      : False
2026-04-15 15:41:30,569 - cyberbully - INFO -   device         : cuda
2026-04-15 15:41:30,569 - cyberbully - INFO -   output_dir     : experiments/grid-search/all-mpnet-base-v2/tweeteval/prep0_aug0/seed_52680723
2026-04-15 15:41:30,569 - cyberbully - INFO - ============================================================
2026-04-15 15:41:30,569 - cyberbully - INFO - Step 1: Preparing data...
2026-04-15 15:41:30,615 - cyberbully - INFO - Loaded pre-split data from dataset/tweeteval — train: 32485, val: 8122, test: 10152
2026-04-15 15:41:30,615 - cyberbully - INFO - Label mapping: {'emotion': 0, 'hate': 1, 'offensive': 2, 'religion': 3, 'spiritual': 4}
2026-04-15 15:41:30,626 - cyberbully - INFO - Number of classes: 5
2026-04-15 15:41:30,627 - cyberbully - INFO - Step 2: Loading model and tokenizer...
2026-04-15 15:41:30,627 - cyberbully - INFO - Loading model 'all-mpnet-base-v2' with 5 labels (sbert=True, supcon=False)
2026-04-15 15:41:34,984 - cyberbully - INFO - SBERTClassifier: embedding_dim=768, hidden=256, proj_dim=None, num_labels=5
2026-04-15 15:41:35,551 - cyberbully - INFO - Step 3: Creating datasets...
2026-04-15 15:41:36,484 - cyberbully - INFO - Dataset sizes — train: 32485, val: 8122, test: 10152
2026-04-15 15:41:36,484 - cyberbully - INFO - Step 4: Training...
2026-04-15 15:41:36,551 - cyberbully - INFO - Starting training...
2026-04-15 15:57:46,506 - cyberbully - INFO - Training complete.
2026-04-15 15:57:46,569 - cyberbully - INFO - Removed checkpoint: experiments/grid-search/all-mpnet-base-v2/tweeteval/prep0_aug0/seed_52680723/checkpoint-3048
2026-04-15 15:57:46,632 - cyberbully - INFO - Removed checkpoint: experiments/grid-search/all-mpnet-base-v2/tweeteval/prep0_aug0/seed_52680723/checkpoint-7112
2026-04-15 15:57:46,693 - cyberbully - INFO - Removed checkpoint: experiments/grid-search/all-mpnet-base-v2/tweeteval/prep0_aug0/seed_52680723/checkpoint-9144
2026-04-15 15:57:46,757 - cyberbully - INFO - Removed checkpoint: experiments/grid-search/all-mpnet-base-v2/tweeteval/prep0_aug0/seed_52680723/checkpoint-1016
2026-04-15 15:57:46,821 - cyberbully - INFO - Removed checkpoint: experiments/grid-search/all-mpnet-base-v2/tweeteval/prep0_aug0/seed_52680723/checkpoint-2032
2026-04-15 15:57:46,894 - cyberbully - INFO - Removed checkpoint: experiments/grid-search/all-mpnet-base-v2/tweeteval/prep0_aug0/seed_52680723/checkpoint-10160
2026-04-15 15:57:46,956 - cyberbully - INFO - Removed checkpoint: experiments/grid-search/all-mpnet-base-v2/tweeteval/prep0_aug0/seed_52680723/checkpoint-6096
2026-04-15 15:57:47,018 - cyberbully - INFO - Removed checkpoint: experiments/grid-search/all-mpnet-base-v2/tweeteval/prep0_aug0/seed_52680723/checkpoint-5080
2026-04-15 15:57:47,079 - cyberbully - INFO - Removed checkpoint: experiments/grid-search/all-mpnet-base-v2/tweeteval/prep0_aug0/seed_52680723/checkpoint-8128
2026-04-15 15:57:47,142 - cyberbully - INFO - Removed checkpoint: experiments/grid-search/all-mpnet-base-v2/tweeteval/prep0_aug0/seed_52680723/checkpoint-4064
2026-04-15 15:57:47,142 - cyberbully - INFO - Step 5: Evaluating on test set...
2026-04-15 15:57:59,686 - cyberbully - INFO - Metrics saved to experiments/grid-search/all-mpnet-base-v2/tweeteval/prep0_aug0/seed_52680723/metrics.json
2026-04-15 15:57:59,686 - cyberbully - INFO - Confusion matrix saved to experiments/grid-search/all-mpnet-base-v2/tweeteval/prep0_aug0/seed_52680723/confusion_matrix.json
2026-04-15 15:57:59,791 - cyberbully - INFO - Per-sample predictions saved to experiments/grid-search/all-mpnet-base-v2/tweeteval/prep0_aug0/seed_52680723/predictions.json
2026-04-15 15:57:59,894 - cyberbully - INFO - Confusion matrix figure saved to experiments/grid-search/all-mpnet-base-v2/tweeteval/prep0_aug0/seed_52680723/confusion_matrix.pdf
2026-04-15 15:57:59,894 - cyberbully - INFO - Accuracy: 0.9711
2026-04-15 15:57:59,894 - cyberbully - INFO - Weighted F1: 0.9711
2026-04-15 15:57:59,894 - cyberbully - INFO - Micro F1: 0.9711
2026-04-15 15:57:59,894 - cyberbully - INFO - Inference time: 7.85 seconds
2026-04-15 15:57:59,894 - cyberbully - INFO - Energy consumption: 0.000547 kWh
2026-04-15 15:57:59,896 - cyberbully - INFO - ============================================================
2026-04-15 15:57:59,896 - cyberbully - INFO - Pipeline complete. Results saved to: experiments/grid-search/all-mpnet-base-v2/tweeteval/prep0_aug0/seed_52680723
2026-04-15 15:57:59,896 - cyberbully - INFO - ============================================================
