2026-02-21 01:35:32,733 - cyberbully - INFO - ============================================================
2026-02-21 01:35:32,733 - cyberbully - INFO - Cyberbullying Detection Pipeline
2026-02-21 01:35:32,733 - cyberbully - INFO - ============================================================
2026-02-21 01:35:32,733 - cyberbully - INFO - Configuration:
2026-02-21 01:35:32,733 - cyberbully - INFO -   model          : all-mpnet-base-v2
2026-02-21 01:35:32,733 - cyberbully - INFO -   dataset        : kaggle
2026-02-21 01:35:32,733 - cyberbully - INFO -   preprocess     : True
2026-02-21 01:35:32,733 - cyberbully - INFO -   augment        : True
2026-02-21 01:35:32,733 - cyberbully - INFO -   compute_attribution: False
2026-02-21 01:35:32,733 - cyberbully - INFO -   seed           : 87212562
2026-02-21 01:35:32,733 - cyberbully - INFO -   epochs         : 5
2026-02-21 01:35:32,733 - cyberbully - INFO -   batch_size     : 16
2026-02-21 01:35:32,733 - cyberbully - INFO -   lr             : 2e-05
2026-02-21 01:35:32,733 - cyberbully - INFO -   max_length     : 128
2026-02-21 01:35:32,733 - cyberbully - INFO -   output_dir     : sbert-model
2026-02-21 01:35:32,733 - cyberbully - INFO -   data_dir       : dataset
2026-02-21 01:35:32,733 - cyberbully - INFO -   sbert          : True
2026-02-21 01:35:32,733 - cyberbully - INFO -   overwrite      : False
2026-02-21 01:35:32,733 - cyberbully - INFO -   device         : cuda
2026-02-21 01:35:32,733 - cyberbully - INFO -   output_dir     : experiments/sbert-model/all-mpnet-base-v2/kaggle/prep1_aug1/seed_87212562
2026-02-21 01:35:32,733 - cyberbully - INFO - ============================================================
2026-02-21 01:35:32,733 - cyberbully - INFO - Step 1: Preparing data...
2026-02-21 01:35:32,733 - cyberbully - INFO - Loading dataset 'kaggle' from dataset/Kaggle.csv
2026-02-21 01:35:32,793 - cyberbully - INFO - Loaded 47656 samples with 6 classes: ['age', 'ethnicity', 'gender', 'not_cyberbullying', 'other_cyberbullying', 'religion']
2026-02-21 01:35:32,793 - cyberbully - INFO - Applying text preprocessing...
2026-02-21 01:36:26,328 - cyberbully - INFO - After preprocessing: 41390 samples remain
2026-02-21 01:36:26,330 - cyberbully - INFO - Label mapping: {'age': 0, 'ethnicity': 1, 'gender': 2, 'not_cyberbullying': 3, 'other_cyberbullying': 4, 'religion': 5}
2026-02-21 01:36:26,342 - cyberbully - INFO - Split sizes — train: 26489, val: 6623, test: 8278
2026-02-21 01:36:26,342 - cyberbully - INFO - Applying training data augmentation (oversampling)...
2026-02-21 01:36:26,348 - cyberbully - INFO - After oversampling — class distribution: {0: 5064, 1: 5064, 2: 5064, 3: 5064, 4: 5064, 5: 5064}
2026-02-21 01:36:26,349 - cyberbully - INFO - Number of classes: 6
2026-02-21 01:36:26,350 - cyberbully - INFO - Step 2: Loading model and tokenizer...
2026-02-21 01:36:26,350 - cyberbully - INFO - Loading model 'all-mpnet-base-v2' with 6 labels (sbert=True)
2026-02-21 01:36:29,204 - cyberbully - INFO - SBERTClassifier: embedding_dim=768, hidden=256, num_labels=6
2026-02-21 01:36:29,495 - cyberbully - INFO - Step 3: Creating datasets...
2026-02-21 01:36:30,067 - cyberbully - INFO - Dataset sizes — train: 30384, val: 6623, test: 8278
2026-02-21 01:36:30,067 - cyberbully - INFO - Step 4: Training...
2026-02-21 01:36:30,113 - cyberbully - INFO - Starting training...
2026-02-21 01:46:26,339 - cyberbully - INFO - Training complete.
2026-02-21 01:46:26,339 - cyberbully - INFO - Step 5: Evaluating on test set...
2026-02-21 01:46:37,335 - cyberbully - INFO - Metrics saved to experiments/sbert-model/all-mpnet-base-v2/kaggle/prep1_aug1/seed_87212562/metrics.json
2026-02-21 01:46:37,335 - cyberbully - INFO - Confusion matrix saved to experiments/sbert-model/all-mpnet-base-v2/kaggle/prep1_aug1/seed_87212562/confusion_matrix.json
2026-02-21 01:46:37,447 - cyberbully - INFO - Confusion matrix figure saved to experiments/sbert-model/all-mpnet-base-v2/kaggle/prep1_aug1/seed_87212562/confusion_matrix.pdf
2026-02-21 01:46:37,447 - cyberbully - INFO - Accuracy: 0.8732
2026-02-21 01:46:37,447 - cyberbully - INFO - Weighted F1: 0.8730
2026-02-21 01:46:37,447 - cyberbully - INFO - Micro F1: 0.8732
2026-02-21 01:46:37,448 - cyberbully - INFO - Inference time: 6.68 seconds
2026-02-21 01:46:37,448 - cyberbully - INFO - Energy consumption: 0.000432 kWh
2026-02-21 01:46:37,448 - cyberbully - INFO - ============================================================
2026-02-21 01:46:37,448 - cyberbully - INFO - Pipeline complete. Results saved to: experiments/sbert-model/all-mpnet-base-v2/kaggle/prep1_aug1/seed_87212562
2026-02-21 01:46:37,448 - cyberbully - INFO - ============================================================
