2026-03-18 21:18:12,863 - cyberbully - INFO - ============================================================
2026-03-18 21:18:12,863 - cyberbully - INFO - Cyberbullying Detection Pipeline
2026-03-18 21:18:12,864 - cyberbully - INFO - ============================================================
2026-03-18 21:18:12,864 - cyberbully - INFO - Configuration:
2026-03-18 21:18:12,864 - cyberbully - INFO -   model          : Twitter/twhin-bert-base
2026-03-18 21:18:12,864 - cyberbully - INFO -   dataset        : kaggle
2026-03-18 21:18:12,864 - cyberbully - INFO -   preprocess     : True
2026-03-18 21:18:12,864 - cyberbully - INFO -   augment        : False
2026-03-18 21:18:12,864 - cyberbully - INFO -   compute_attribution: False
2026-03-18 21:18:12,864 - cyberbully - INFO -   seed           : 14298463
2026-03-18 21:18:12,864 - cyberbully - INFO -   epochs         : 10
2026-03-18 21:18:12,864 - cyberbully - INFO -   batch_size     : 32
2026-03-18 21:18:12,864 - cyberbully - INFO -   lr             : 5e-05
2026-03-18 21:18:12,864 - cyberbully - INFO -   max_length     : 128
2026-03-18 21:18:12,864 - cyberbully - INFO -   output_dir     : supcon-baseline
2026-03-18 21:18:12,864 - cyberbully - INFO -   data_dir       : dataset
2026-03-18 21:18:12,864 - cyberbully - INFO -   sbert          : False
2026-03-18 21:18:12,864 - cyberbully - INFO -   supcon         : False
2026-03-18 21:18:12,864 - cyberbully - INFO -   supcon_weight  : 0.1
2026-03-18 21:18:12,864 - cyberbully - INFO -   proj_dim       : 128
2026-03-18 21:18:12,864 - cyberbully - INFO -   grad_accum_steps: 1
2026-03-18 21:18:12,864 - cyberbully - INFO -   overwrite      : False
2026-03-18 21:18:12,864 - cyberbully - INFO -   device         : cuda
2026-03-18 21:18:12,864 - cyberbully - INFO -   output_dir     : experiments/supcon-baseline/Twitter_twhin-bert-base/kaggle/prep1_aug0/seed_14298463
2026-03-18 21:18:12,864 - cyberbully - INFO - ============================================================
2026-03-18 21:18:12,864 - cyberbully - INFO - Step 1: Preparing data...
2026-03-18 21:18:12,864 - cyberbully - INFO - No pre-split data found. Splitting and saving for future runs...
2026-03-18 21:18:12,864 - cyberbully - INFO - Loading dataset 'kaggle' from dataset/Kaggle.csv
2026-03-18 21:18:13,005 - cyberbully - INFO - Loaded 47656 samples with 6 classes: ['age', 'ethnicity', 'gender', 'not_cyberbullying', 'other_cyberbullying', 'religion']
2026-03-18 21:18:13,039 - cyberbully - INFO - Split sizes — train: 30499, val: 7625, test: 9532
2026-03-18 21:18:13,109 - cyberbully - INFO - Saved raw splits to dataset/kaggle
2026-03-18 21:18:13,109 - cyberbully - INFO - Label mapping: {'age': 0, 'ethnicity': 1, 'gender': 2, 'not_cyberbullying': 3, 'other_cyberbullying': 4, 'religion': 5}
2026-03-18 21:18:13,109 - cyberbully - INFO - Applying text preprocessing per split...
2026-03-18 21:18:16,445 - cyberbully - INFO - After preprocessing — train: 30499, val: 7625, test: 9532
2026-03-18 21:18:16,460 - cyberbully - INFO - Number of classes: 6
2026-03-18 21:18:16,461 - cyberbully - INFO - Step 2: Loading model and tokenizer...
2026-03-18 21:18:16,461 - cyberbully - INFO - Loading model 'Twitter/twhin-bert-base' with 6 labels (sbert=False, supcon=False)
2026-03-18 21:18:17,799 - cyberbully - INFO - Step 3: Creating datasets...
2026-03-18 21:18:18,531 - cyberbully - INFO - Dataset sizes — train: 30499, val: 7625, test: 9532
2026-03-18 21:18:18,531 - cyberbully - INFO - Step 4: Training...
2026-03-18 21:18:18,762 - cyberbully - INFO - Starting training...
2026-03-18 21:36:43,379 - cyberbully - INFO - Training complete.
2026-03-18 21:36:43,424 - cyberbully - INFO - Removed checkpoint: experiments/supcon-baseline/Twitter_twhin-bert-base/kaggle/prep1_aug0/seed_14298463/checkpoint-1908
2026-03-18 21:36:43,593 - cyberbully - INFO - Removed checkpoint: experiments/supcon-baseline/Twitter_twhin-bert-base/kaggle/prep1_aug0/seed_14298463/checkpoint-4770
2026-03-18 21:36:43,783 - cyberbully - INFO - Removed checkpoint: experiments/supcon-baseline/Twitter_twhin-bert-base/kaggle/prep1_aug0/seed_14298463/checkpoint-9540
2026-03-18 21:36:43,812 - cyberbully - INFO - Removed checkpoint: experiments/supcon-baseline/Twitter_twhin-bert-base/kaggle/prep1_aug0/seed_14298463/checkpoint-2862
2026-03-18 21:36:44,008 - cyberbully - INFO - Removed checkpoint: experiments/supcon-baseline/Twitter_twhin-bert-base/kaggle/prep1_aug0/seed_14298463/checkpoint-7632
2026-03-18 21:36:44,036 - cyberbully - INFO - Removed checkpoint: experiments/supcon-baseline/Twitter_twhin-bert-base/kaggle/prep1_aug0/seed_14298463/checkpoint-3816
2026-03-18 21:36:44,230 - cyberbully - INFO - Removed checkpoint: experiments/supcon-baseline/Twitter_twhin-bert-base/kaggle/prep1_aug0/seed_14298463/checkpoint-5724
2026-03-18 21:36:44,258 - cyberbully - INFO - Removed checkpoint: experiments/supcon-baseline/Twitter_twhin-bert-base/kaggle/prep1_aug0/seed_14298463/checkpoint-954
2026-03-18 21:36:44,456 - cyberbully - INFO - Removed checkpoint: experiments/supcon-baseline/Twitter_twhin-bert-base/kaggle/prep1_aug0/seed_14298463/checkpoint-8586
2026-03-18 21:36:44,662 - cyberbully - INFO - Removed checkpoint: experiments/supcon-baseline/Twitter_twhin-bert-base/kaggle/prep1_aug0/seed_14298463/checkpoint-6678
2026-03-18 21:36:44,662 - cyberbully - INFO - Step 5: Evaluating on test set...
2026-03-18 21:36:54,915 - cyberbully - INFO - Metrics saved to experiments/supcon-baseline/Twitter_twhin-bert-base/kaggle/prep1_aug0/seed_14298463/metrics.json
2026-03-18 21:36:54,916 - cyberbully - INFO - Confusion matrix saved to experiments/supcon-baseline/Twitter_twhin-bert-base/kaggle/prep1_aug0/seed_14298463/confusion_matrix.json
2026-03-18 21:36:55,022 - cyberbully - INFO - Per-sample predictions saved to experiments/supcon-baseline/Twitter_twhin-bert-base/kaggle/prep1_aug0/seed_14298463/predictions.json
2026-03-18 21:36:55,242 - cyberbully - INFO - Confusion matrix figure saved to experiments/supcon-baseline/Twitter_twhin-bert-base/kaggle/prep1_aug0/seed_14298463/confusion_matrix.pdf
2026-03-18 21:36:55,243 - cyberbully - INFO - Accuracy: 0.8646
2026-03-18 21:36:55,243 - cyberbully - INFO - Weighted F1: 0.8627
2026-03-18 21:36:55,243 - cyberbully - INFO - Micro F1: 0.8646
2026-03-18 21:36:55,243 - cyberbully - INFO - Inference time: 4.99 seconds
2026-03-18 21:36:55,243 - cyberbully - INFO - Energy consumption: 0.000285 kWh
2026-03-18 21:36:55,245 - cyberbully - INFO - ============================================================
2026-03-18 21:36:55,245 - cyberbully - INFO - Pipeline complete. Results saved to: experiments/supcon-baseline/Twitter_twhin-bert-base/kaggle/prep1_aug0/seed_14298463
2026-03-18 21:36:55,245 - cyberbully - INFO - ============================================================
