2026-02-11 09:33:09,589 - cyberbully - INFO - ============================================================
2026-02-11 09:33:09,589 - cyberbully - INFO - Cyberbullying Detection Pipeline
2026-02-11 09:33:09,589 - cyberbully - INFO - ============================================================
2026-02-11 09:33:09,589 - cyberbully - INFO - Configuration:
2026-02-11 09:33:09,589 - cyberbully - INFO -   model          : distilbert-base-uncased
2026-02-11 09:33:09,589 - cyberbully - INFO -   dataset        : kaggle
2026-02-11 09:33:09,589 - cyberbully - INFO -   preprocess     : True
2026-02-11 09:33:09,589 - cyberbully - INFO -   augment        : False
2026-02-11 09:33:09,589 - cyberbully - INFO -   compute_attribution: False
2026-02-11 09:33:09,589 - cyberbully - INFO -   seed           : 24677315
2026-02-11 09:33:09,589 - cyberbully - INFO -   epochs         : 5
2026-02-11 09:33:09,589 - cyberbully - INFO -   batch_size     : 16
2026-02-11 09:33:09,589 - cyberbully - INFO -   lr             : 2e-05
2026-02-11 09:33:09,589 - cyberbully - INFO -   max_length     : 128
2026-02-11 09:33:09,589 - cyberbully - INFO -   output_dir     : experiments
2026-02-11 09:33:09,589 - cyberbully - INFO -   data_dir       : dataset
2026-02-11 09:33:09,589 - cyberbully - INFO -   overwrite      : False
2026-02-11 09:33:09,589 - cyberbully - INFO -   device         : cuda
2026-02-11 09:33:09,589 - cyberbully - INFO -   output_dir     : experiments/distilbert-base-uncased/kaggle/prep1_aug0/seed_24677315
2026-02-11 09:33:09,589 - cyberbully - INFO - ============================================================
2026-02-11 09:33:09,589 - cyberbully - INFO - Step 1: Preparing data...
2026-02-11 09:33:09,589 - cyberbully - INFO - Loading dataset 'kaggle' from dataset/Kaggle.csv
2026-02-11 09:33:09,646 - cyberbully - INFO - Loaded 47656 samples with 6 classes: ['age', 'ethnicity', 'gender', 'not_cyberbullying', 'other_cyberbullying', 'religion']
2026-02-11 09:33:09,646 - cyberbully - INFO - Applying text preprocessing...
2026-02-11 09:34:02,941 - cyberbully - INFO - After preprocessing: 41395 samples remain
2026-02-11 09:34:02,944 - cyberbully - INFO - Label mapping: {'age': 0, 'ethnicity': 1, 'gender': 2, 'not_cyberbullying': 3, 'other_cyberbullying': 4, 'religion': 5}
2026-02-11 09:34:02,955 - cyberbully - INFO - Split sizes — train: 26492, val: 6624, test: 8279
2026-02-11 09:34:02,955 - cyberbully - INFO - Number of classes: 6
2026-02-11 09:34:02,955 - cyberbully - INFO - Step 2: Loading model and tokenizer...
2026-02-11 09:34:02,955 - cyberbully - INFO - Loading model 'distilbert-base-uncased' with 6 labels
2026-02-11 09:34:08,850 - cyberbully - INFO - Step 3: Tokenizing datasets...
2026-02-11 09:34:09,482 - cyberbully - INFO - Dataset sizes — train: 26492, val: 6624, test: 8279
2026-02-11 09:34:09,482 - cyberbully - INFO - Step 4: Training...
2026-02-11 09:34:09,705 - cyberbully - INFO - Starting training...
2026-02-11 09:38:45,536 - cyberbully - INFO - Training complete.
2026-02-11 09:38:45,536 - cyberbully - INFO - Step 5: Evaluating on test set...
2026-02-11 09:38:53,134 - cyberbully - INFO - Metrics saved to experiments/distilbert-base-uncased/kaggle/prep1_aug0/seed_24677315/metrics.json
2026-02-11 09:38:53,134 - cyberbully - INFO - Confusion matrix saved to experiments/distilbert-base-uncased/kaggle/prep1_aug0/seed_24677315/confusion_matrix.json
2026-02-11 09:38:53,246 - cyberbully - INFO - Confusion matrix figure saved to experiments/distilbert-base-uncased/kaggle/prep1_aug0/seed_24677315/confusion_matrix.pdf
2026-02-11 09:38:53,246 - cyberbully - INFO - Accuracy: 0.8677
2026-02-11 09:38:53,247 - cyberbully - INFO - Weighted F1: 0.8684
2026-02-11 09:38:53,247 - cyberbully - INFO - Micro F1: 0.8677
2026-02-11 09:38:53,247 - cyberbully - INFO - Inference time: 3.26 seconds
2026-02-11 09:38:53,247 - cyberbully - INFO - Energy consumption: 0.000196 kWh
2026-02-11 09:38:53,247 - cyberbully - INFO - ============================================================
2026-02-11 09:38:53,247 - cyberbully - INFO - Pipeline complete. Results saved to: experiments/distilbert-base-uncased/kaggle/prep1_aug0/seed_24677315
2026-02-11 09:38:53,247 - cyberbully - INFO - ============================================================
