2026-05-20 16:05:31,309 - cyberbully - INFO - ============================================================
2026-05-20 16:05:31,309 - cyberbully - INFO - Cyberbullying Detection Pipeline
2026-05-20 16:05:31,309 - cyberbully - INFO - ============================================================
2026-05-20 16:05:31,309 - cyberbully - INFO - Configuration:
2026-05-20 16:05:31,309 - cyberbully - INFO -   model          : distilbert-base-uncased
2026-05-20 16:05:31,309 - cyberbully - INFO -   dataset        : kaggle
2026-05-20 16:05:31,309 - cyberbully - INFO -   preprocess     : True
2026-05-20 16:05:31,309 - cyberbully - INFO -   augment        : False
2026-05-20 16:05:31,309 - cyberbully - INFO -   compute_attribution: False
2026-05-20 16:05:31,309 - cyberbully - INFO -   seed           : 87212562
2026-05-20 16:05:31,309 - cyberbully - INFO -   epochs         : 10
2026-05-20 16:05:31,309 - cyberbully - INFO -   batch_size     : 32
2026-05-20 16:05:31,309 - cyberbully - INFO -   lr             : 5e-05
2026-05-20 16:05:31,309 - cyberbully - INFO -   max_length     : 128
2026-05-20 16:05:31,309 - cyberbully - INFO -   output_dir     : grid-search
2026-05-20 16:05:31,309 - cyberbully - INFO -   data_dir       : dataset
2026-05-20 16:05:31,309 - cyberbully - INFO -   sbert          : False
2026-05-20 16:05:31,309 - cyberbully - INFO -   supcon         : False
2026-05-20 16:05:31,309 - cyberbully - INFO -   supcon_weight  : 0.1
2026-05-20 16:05:31,309 - cyberbully - INFO -   proj_dim       : 128
2026-05-20 16:05:31,309 - cyberbully - INFO -   grad_accum_steps: 1
2026-05-20 16:05:31,309 - cyberbully - INFO -   overwrite      : True
2026-05-20 16:05:31,309 - cyberbully - INFO -   device         : cuda
2026-05-20 16:05:31,309 - cyberbully - INFO -   output_dir     : experiments/grid-search/distilbert-base-uncased/kaggle/prep1_aug0/seed_87212562
2026-05-20 16:05:31,309 - cyberbully - INFO - ============================================================
2026-05-20 16:05:31,309 - cyberbully - INFO - Step 1: Preparing data...
2026-05-20 16:05:31,366 - cyberbully - INFO - Loaded pre-split data from dataset/kaggle — train: 25604, val: 6401, test: 8002
2026-05-20 16:05:31,366 - cyberbully - INFO - Label mapping: {'age': 0, 'ethnicity': 1, 'gender': 2, 'other_cyberbullying': 3, 'religion': 4}
2026-05-20 16:05:31,367 - cyberbully - INFO - Applying text preprocessing per split...
2026-05-20 16:05:35,795 - cyberbully - INFO - After preprocessing -- train: 25604, val: 6401, test: 8002
2026-05-20 16:05:35,798 - cyberbully - INFO - Number of classes: 5
2026-05-20 16:05:35,800 - cyberbully - INFO - Step 2: Loading model and tokenizer...
2026-05-20 16:05:35,800 - cyberbully - INFO - Loading model 'distilbert-base-uncased' with 5 labels (sbert=False, supcon=False)
2026-05-20 16:05:36,491 - cyberbully - INFO - Step 3: Creating datasets...
2026-05-20 16:05:37,173 - cyberbully - INFO - Dataset sizes — train: 25604, val: 6401, test: 8002
2026-05-20 16:05:37,173 - cyberbully - INFO - Step 4: Training...
2026-05-20 16:05:37,303 - cyberbully - INFO - Starting training...
2026-05-20 16:11:42,341 - cyberbully - INFO - Training complete.
2026-05-20 16:11:42,395 - cyberbully - INFO - Removed checkpoint: experiments/grid-search/distilbert-base-uncased/kaggle/prep1_aug0/seed_87212562/checkpoint-4806
2026-05-20 16:11:43,063 - cyberbully - INFO - Removed checkpoint: experiments/grid-search/distilbert-base-uncased/kaggle/prep1_aug0/seed_87212562/checkpoint-7209
2026-05-20 16:11:43,119 - cyberbully - INFO - Removed checkpoint: experiments/grid-search/distilbert-base-uncased/kaggle/prep1_aug0/seed_87212562/checkpoint-6408
2026-05-20 16:11:43,175 - cyberbully - INFO - Removed checkpoint: experiments/grid-search/distilbert-base-uncased/kaggle/prep1_aug0/seed_87212562/checkpoint-5607
2026-05-20 16:11:43,237 - cyberbully - INFO - Removed checkpoint: experiments/grid-search/distilbert-base-uncased/kaggle/prep1_aug0/seed_87212562/checkpoint-8010
2026-05-20 16:11:43,292 - cyberbully - INFO - Removed checkpoint: experiments/grid-search/distilbert-base-uncased/kaggle/prep1_aug0/seed_87212562/checkpoint-3204
2026-05-20 16:11:43,348 - cyberbully - INFO - Removed checkpoint: experiments/grid-search/distilbert-base-uncased/kaggle/prep1_aug0/seed_87212562/checkpoint-1602
2026-05-20 16:11:43,408 - cyberbully - INFO - Removed checkpoint: experiments/grid-search/distilbert-base-uncased/kaggle/prep1_aug0/seed_87212562/checkpoint-801
2026-05-20 16:11:43,464 - cyberbully - INFO - Removed checkpoint: experiments/grid-search/distilbert-base-uncased/kaggle/prep1_aug0/seed_87212562/checkpoint-2403
2026-05-20 16:11:43,518 - cyberbully - INFO - Removed checkpoint: experiments/grid-search/distilbert-base-uncased/kaggle/prep1_aug0/seed_87212562/checkpoint-4005
2026-05-20 16:11:43,518 - cyberbully - INFO - Step 5: Evaluating on test set...
2026-05-20 16:11:51,714 - cyberbully - INFO - Metrics saved to experiments/grid-search/distilbert-base-uncased/kaggle/prep1_aug0/seed_87212562/metrics.json
2026-05-20 16:11:51,714 - cyberbully - INFO - Confusion matrix saved to experiments/grid-search/distilbert-base-uncased/kaggle/prep1_aug0/seed_87212562/confusion_matrix.json
2026-05-20 16:11:51,814 - cyberbully - INFO - Per-sample predictions saved to experiments/grid-search/distilbert-base-uncased/kaggle/prep1_aug0/seed_87212562/predictions.json
2026-05-20 16:11:51,933 - cyberbully - INFO - Confusion matrix figure saved to experiments/grid-search/distilbert-base-uncased/kaggle/prep1_aug0/seed_87212562/confusion_matrix.pdf
2026-05-20 16:11:51,933 - cyberbully - INFO - Accuracy: 0.9471
2026-05-20 16:11:51,934 - cyberbully - INFO - Weighted F1: 0.9474
2026-05-20 16:11:51,934 - cyberbully - INFO - Micro F1: 0.9471
2026-05-20 16:11:51,934 - cyberbully - INFO - Inference time: 2.10 seconds
2026-05-20 16:11:51,934 - cyberbully - INFO - Energy consumption: 0.000131 kWh
2026-05-20 16:11:51,935 - cyberbully - INFO - ============================================================
2026-05-20 16:11:51,935 - cyberbully - INFO - Pipeline complete. Results saved to: experiments/grid-search/distilbert-base-uncased/kaggle/prep1_aug0/seed_87212562
2026-05-20 16:11:51,935 - cyberbully - INFO - ============================================================
