2026-06-15 23:56:11,013 - cyberbully - INFO - Model 'all-mpnet-base-v2' detected as SBERT-based. Using SBERTClassifier pipeline.
2026-06-15 23:56:11,013 - cyberbully - INFO - ============================================================
2026-06-15 23:56:11,013 - cyberbully - INFO - Cyberbullying Detection Pipeline
2026-06-15 23:56:11,013 - cyberbully - INFO - ============================================================
2026-06-15 23:56:11,013 - cyberbully - INFO - Configuration:
2026-06-15 23:56:11,013 - cyberbully - INFO -   model          : all-mpnet-base-v2
2026-06-15 23:56:11,013 - cyberbully - INFO -   dataset        : tweeteval
2026-06-15 23:56:11,013 - cyberbully - INFO -   preprocess     : False
2026-06-15 23:56:11,013 - cyberbully - INFO -   prep_mode      : 2
2026-06-15 23:56:11,013 - cyberbully - INFO -   augment        : False
2026-06-15 23:56:11,013 - cyberbully - INFO -   compute_attribution: False
2026-06-15 23:56:11,013 - cyberbully - INFO -   seed           : 37622020
2026-06-15 23:56:11,013 - cyberbully - INFO -   epochs         : 10
2026-06-15 23:56:11,013 - cyberbully - INFO -   batch_size     : 32
2026-06-15 23:56:11,013 - cyberbully - INFO -   lr             : 5e-05
2026-06-15 23:56:11,013 - cyberbully - INFO -   max_length     : 128
2026-06-15 23:56:11,013 - cyberbully - INFO -   output_dir     : grid-search
2026-06-15 23:56:11,013 - cyberbully - INFO -   data_dir       : dataset
2026-06-15 23:56:11,014 - cyberbully - INFO -   sbert          : True
2026-06-15 23:56:11,014 - cyberbully - INFO -   supcon         : False
2026-06-15 23:56:11,014 - cyberbully - INFO -   supcon_weight  : 0.1
2026-06-15 23:56:11,014 - cyberbully - INFO -   proj_dim       : 128
2026-06-15 23:56:11,014 - cyberbully - INFO -   grad_accum_steps: 1
2026-06-15 23:56:11,014 - cyberbully - INFO -   overwrite      : False
2026-06-15 23:56:11,014 - cyberbully - INFO -   device         : cuda
2026-06-15 23:56:11,014 - cyberbully - INFO -   output_dir     : experiments/grid-search/all-mpnet-base-v2/tweeteval/prep2_aug0/seed_37622020
2026-06-15 23:56:11,014 - cyberbully - INFO - ============================================================
2026-06-15 23:56:11,014 - cyberbully - INFO - Step 1: Preparing data...
2026-06-15 23:56:11,062 - cyberbully - INFO - Loaded pre-split data from dataset/tweeteval — train: 32485, val: 8122, test: 10152
2026-06-15 23:56:11,062 - cyberbully - INFO - Label mapping: {'emotion': 0, 'hate': 1, 'offensive': 2, 'religion': 3, 'spiritual': 4}
2026-06-15 23:56:11,063 - cyberbully - INFO - Applying partial text preprocessing per split...
2026-06-15 23:56:12,756 - cyberbully - INFO - After preprocessing -- train: 32485, val: 8122, test: 10152
2026-06-15 23:56:12,760 - cyberbully - INFO - Number of classes: 5
2026-06-15 23:56:12,761 - cyberbully - INFO - Step 2: Loading model and tokenizer...
2026-06-15 23:56:12,762 - cyberbully - INFO - Loading model 'all-mpnet-base-v2' with 5 labels (sbert=True, supcon=False)
2026-06-15 23:56:18,212 - cyberbully - INFO - SBERTClassifier: embedding_dim=768, hidden=256, proj_dim=None, num_labels=5
2026-06-15 23:56:19,206 - cyberbully - INFO - Step 3: Creating datasets...
2026-06-15 23:56:20,043 - cyberbully - INFO - Dataset sizes — train: 32485, val: 8122, test: 10152
2026-06-15 23:56:20,043 - cyberbully - INFO - Step 4: Training...
2026-06-15 23:56:20,059 - cyberbully - INFO - Starting training...
2026-06-16 00:08:52,082 - cyberbully - INFO - Training complete.
2026-06-16 00:08:52,164 - cyberbully - INFO - Removed checkpoint: experiments/grid-search/all-mpnet-base-v2/tweeteval/prep2_aug0/seed_37622020/checkpoint-2032
2026-06-16 00:08:52,242 - cyberbully - INFO - Removed checkpoint: experiments/grid-search/all-mpnet-base-v2/tweeteval/prep2_aug0/seed_37622020/checkpoint-6096
2026-06-16 00:08:52,320 - cyberbully - INFO - Removed checkpoint: experiments/grid-search/all-mpnet-base-v2/tweeteval/prep2_aug0/seed_37622020/checkpoint-3048
2026-06-16 00:08:52,398 - cyberbully - INFO - Removed checkpoint: experiments/grid-search/all-mpnet-base-v2/tweeteval/prep2_aug0/seed_37622020/checkpoint-9144
2026-06-16 00:08:52,477 - cyberbully - INFO - Removed checkpoint: experiments/grid-search/all-mpnet-base-v2/tweeteval/prep2_aug0/seed_37622020/checkpoint-5080
2026-06-16 00:08:52,554 - cyberbully - INFO - Removed checkpoint: experiments/grid-search/all-mpnet-base-v2/tweeteval/prep2_aug0/seed_37622020/checkpoint-8128
2026-06-16 00:08:52,632 - cyberbully - INFO - Removed checkpoint: experiments/grid-search/all-mpnet-base-v2/tweeteval/prep2_aug0/seed_37622020/checkpoint-4064
2026-06-16 00:08:52,712 - cyberbully - INFO - Removed checkpoint: experiments/grid-search/all-mpnet-base-v2/tweeteval/prep2_aug0/seed_37622020/checkpoint-1016
2026-06-16 00:08:52,789 - cyberbully - INFO - Removed checkpoint: experiments/grid-search/all-mpnet-base-v2/tweeteval/prep2_aug0/seed_37622020/checkpoint-7112
2026-06-16 00:08:52,882 - cyberbully - INFO - Removed checkpoint: experiments/grid-search/all-mpnet-base-v2/tweeteval/prep2_aug0/seed_37622020/checkpoint-10160
2026-06-16 00:08:52,882 - cyberbully - INFO - Step 5: Evaluating on test set...
2026-06-16 00:09:04,320 - cyberbully - INFO - Metrics saved to experiments/grid-search/all-mpnet-base-v2/tweeteval/prep2_aug0/seed_37622020/metrics.json
2026-06-16 00:09:04,320 - cyberbully - INFO - Confusion matrix saved to experiments/grid-search/all-mpnet-base-v2/tweeteval/prep2_aug0/seed_37622020/confusion_matrix.json
2026-06-16 00:09:04,432 - cyberbully - INFO - Per-sample predictions saved to experiments/grid-search/all-mpnet-base-v2/tweeteval/prep2_aug0/seed_37622020/predictions.json
2026-06-16 00:09:04,540 - cyberbully - INFO - Confusion matrix figure saved to experiments/grid-search/all-mpnet-base-v2/tweeteval/prep2_aug0/seed_37622020/confusion_matrix.pdf
2026-06-16 00:09:04,540 - cyberbully - INFO - Accuracy: 0.9454
2026-06-16 00:09:04,540 - cyberbully - INFO - Weighted F1: 0.9454
2026-06-16 00:09:04,540 - cyberbully - INFO - Micro F1: 0.9454
2026-06-16 00:09:04,540 - cyberbully - INFO - Inference time: 5.29 seconds
2026-06-16 00:09:04,540 - cyberbully - INFO - Energy consumption: 0.000319 kWh
2026-06-16 00:09:04,542 - cyberbully - INFO - ============================================================
2026-06-16 00:09:04,542 - cyberbully - INFO - Pipeline complete. Results saved to: experiments/grid-search/all-mpnet-base-v2/tweeteval/prep2_aug0/seed_37622020
2026-06-16 00:09:04,542 - cyberbully - INFO - ============================================================
