2026-03-24 05:59:54,416 - cyberbully - INFO - ============================================================
2026-03-24 05:59:54,416 - cyberbully - INFO - Cyberbullying Detection Pipeline
2026-03-24 05:59:54,416 - cyberbully - INFO - ============================================================
2026-03-24 05:59:54,416 - cyberbully - INFO - Configuration:
2026-03-24 05:59:54,416 - cyberbully - INFO -   model          : Twitter/twhin-bert-base
2026-03-24 05:59:54,416 - cyberbully - INFO -   dataset        : kaggle
2026-03-24 05:59:54,416 - cyberbully - INFO -   preprocess     : False
2026-03-24 05:59:54,416 - cyberbully - INFO -   augment        : True
2026-03-24 05:59:54,416 - cyberbully - INFO -   compute_attribution: False
2026-03-24 05:59:54,416 - cyberbully - INFO -   seed           : 70681460
2026-03-24 05:59:54,416 - cyberbully - INFO -   epochs         : 10
2026-03-24 05:59:54,416 - cyberbully - INFO -   batch_size     : 32
2026-03-24 05:59:54,416 - cyberbully - INFO -   lr             : 5e-05
2026-03-24 05:59:54,416 - cyberbully - INFO -   max_length     : 128
2026-03-24 05:59:54,417 - cyberbully - INFO -   output_dir     : grid-search
2026-03-24 05:59:54,417 - cyberbully - INFO -   data_dir       : dataset
2026-03-24 05:59:54,417 - cyberbully - INFO -   sbert          : False
2026-03-24 05:59:54,417 - cyberbully - INFO -   supcon         : False
2026-03-24 05:59:54,417 - cyberbully - INFO -   supcon_weight  : 0.1
2026-03-24 05:59:54,417 - cyberbully - INFO -   proj_dim       : 128
2026-03-24 05:59:54,417 - cyberbully - INFO -   grad_accum_steps: 1
2026-03-24 05:59:54,417 - cyberbully - INFO -   overwrite      : False
2026-03-24 05:59:54,417 - cyberbully - INFO -   device         : cuda
2026-03-24 05:59:54,417 - cyberbully - INFO -   output_dir     : experiments/grid-search/Twitter_twhin-bert-base/kaggle/prep0_aug1/seed_70681460
2026-03-24 05:59:54,417 - cyberbully - INFO - ============================================================
2026-03-24 05:59:54,417 - cyberbully - INFO - Step 1: Preparing data...
2026-03-24 05:59:54,464 - cyberbully - INFO - Loaded pre-split data from dataset/kaggle — train: 25604, val: 6401, test: 8002
2026-03-24 05:59:54,464 - cyberbully - INFO - Label mapping: {'age': 0, 'ethnicity': 1, 'gender': 2, 'other_cyberbullying': 3, 'religion': 4}
2026-03-24 05:59:54,466 - cyberbully - INFO - Applying training data augmentation (oversampling)...
2026-03-24 05:59:54,471 - cyberbully - INFO - After oversampling — class distribution: {0: 5123, 1: 5123, 2: 5123, 3: 5123, 4: 5123}
2026-03-24 05:59:54,479 - cyberbully - INFO - Number of classes: 5
2026-03-24 05:59:54,481 - cyberbully - INFO - Step 2: Loading model and tokenizer...
2026-03-24 05:59:54,481 - cyberbully - INFO - Loading model 'Twitter/twhin-bert-base' with 5 labels (sbert=False, supcon=False)
2026-03-24 05:59:55,650 - cyberbully - INFO - Step 3: Creating datasets...
2026-03-24 05:59:56,327 - cyberbully - INFO - Dataset sizes — train: 25615, val: 6401, test: 8002
2026-03-24 05:59:56,328 - cyberbully - INFO - Step 4: Training...
2026-03-24 05:59:56,537 - cyberbully - INFO - Starting training...
2026-03-24 06:15:27,649 - cyberbully - INFO - Training complete.
2026-03-24 06:15:27,686 - cyberbully - INFO - Removed checkpoint: experiments/grid-search/Twitter_twhin-bert-base/kaggle/prep0_aug1/seed_70681460/checkpoint-4806
2026-03-24 06:15:27,903 - cyberbully - INFO - Removed checkpoint: experiments/grid-search/Twitter_twhin-bert-base/kaggle/prep0_aug1/seed_70681460/checkpoint-7209
2026-03-24 06:15:28,108 - cyberbully - INFO - Removed checkpoint: experiments/grid-search/Twitter_twhin-bert-base/kaggle/prep0_aug1/seed_70681460/checkpoint-6408
2026-03-24 06:15:28,196 - cyberbully - INFO - Removed checkpoint: experiments/grid-search/Twitter_twhin-bert-base/kaggle/prep0_aug1/seed_70681460/checkpoint-5607
2026-03-24 06:15:28,404 - cyberbully - INFO - Removed checkpoint: experiments/grid-search/Twitter_twhin-bert-base/kaggle/prep0_aug1/seed_70681460/checkpoint-8010
2026-03-24 06:15:28,500 - cyberbully - INFO - Removed checkpoint: experiments/grid-search/Twitter_twhin-bert-base/kaggle/prep0_aug1/seed_70681460/checkpoint-3204
2026-03-24 06:15:28,529 - cyberbully - INFO - Removed checkpoint: experiments/grid-search/Twitter_twhin-bert-base/kaggle/prep0_aug1/seed_70681460/checkpoint-1602
2026-03-24 06:15:28,559 - cyberbully - INFO - Removed checkpoint: experiments/grid-search/Twitter_twhin-bert-base/kaggle/prep0_aug1/seed_70681460/checkpoint-801
2026-03-24 06:15:28,589 - cyberbully - INFO - Removed checkpoint: experiments/grid-search/Twitter_twhin-bert-base/kaggle/prep0_aug1/seed_70681460/checkpoint-2403
2026-03-24 06:15:28,661 - cyberbully - INFO - Removed checkpoint: experiments/grid-search/Twitter_twhin-bert-base/kaggle/prep0_aug1/seed_70681460/checkpoint-4005
2026-03-24 06:15:28,662 - cyberbully - INFO - Step 5: Evaluating on test set...
2026-03-24 06:15:37,083 - cyberbully - INFO - Metrics saved to experiments/grid-search/Twitter_twhin-bert-base/kaggle/prep0_aug1/seed_70681460/metrics.json
2026-03-24 06:15:37,083 - cyberbully - INFO - Confusion matrix saved to experiments/grid-search/Twitter_twhin-bert-base/kaggle/prep0_aug1/seed_70681460/confusion_matrix.json
2026-03-24 06:15:37,165 - cyberbully - INFO - Per-sample predictions saved to experiments/grid-search/Twitter_twhin-bert-base/kaggle/prep0_aug1/seed_70681460/predictions.json
2026-03-24 06:15:37,272 - cyberbully - INFO - Confusion matrix figure saved to experiments/grid-search/Twitter_twhin-bert-base/kaggle/prep0_aug1/seed_70681460/confusion_matrix.pdf
2026-03-24 06:15:37,272 - cyberbully - INFO - Accuracy: 0.9613
2026-03-24 06:15:37,273 - cyberbully - INFO - Weighted F1: 0.9614
2026-03-24 06:15:37,273 - cyberbully - INFO - Micro F1: 0.9613
2026-03-24 06:15:37,273 - cyberbully - INFO - Inference time: 4.19 seconds
2026-03-24 06:15:37,273 - cyberbully - INFO - Energy consumption: 0.000248 kWh
2026-03-24 06:15:37,274 - cyberbully - INFO - ============================================================
2026-03-24 06:15:37,274 - cyberbully - INFO - Pipeline complete. Results saved to: experiments/grid-search/Twitter_twhin-bert-base/kaggle/prep0_aug1/seed_70681460
2026-03-24 06:15:37,274 - cyberbully - INFO - ============================================================
