2026-05-19 21:20:23,062 - cyberbully - INFO - ============================================================
2026-05-19 21:20:23,063 - cyberbully - INFO - Cyberbullying Detection Pipeline
2026-05-19 21:20:23,063 - cyberbully - INFO - ============================================================
2026-05-19 21:20:23,063 - cyberbully - INFO - Configuration:
2026-05-19 21:20:23,063 - cyberbully - INFO -   model          : google/mobilebert-uncased
2026-05-19 21:20:23,063 - cyberbully - INFO -   dataset        : tweeteval
2026-05-19 21:20:23,063 - cyberbully - INFO -   preprocess     : True
2026-05-19 21:20:23,063 - cyberbully - INFO -   augment        : False
2026-05-19 21:20:23,063 - cyberbully - INFO -   compute_attribution: False
2026-05-19 21:20:23,063 - cyberbully - INFO -   seed           : 52680723
2026-05-19 21:20:23,063 - cyberbully - INFO -   epochs         : 10
2026-05-19 21:20:23,063 - cyberbully - INFO -   batch_size     : 32
2026-05-19 21:20:23,063 - cyberbully - INFO -   lr             : 5e-05
2026-05-19 21:20:23,063 - cyberbully - INFO -   max_length     : 128
2026-05-19 21:20:23,063 - cyberbully - INFO -   output_dir     : grid-search
2026-05-19 21:20:23,063 - cyberbully - INFO -   data_dir       : dataset
2026-05-19 21:20:23,063 - cyberbully - INFO -   sbert          : False
2026-05-19 21:20:23,063 - cyberbully - INFO -   supcon         : False
2026-05-19 21:20:23,063 - cyberbully - INFO -   supcon_weight  : 0.1
2026-05-19 21:20:23,063 - cyberbully - INFO -   proj_dim       : 128
2026-05-19 21:20:23,063 - cyberbully - INFO -   grad_accum_steps: 1
2026-05-19 21:20:23,063 - cyberbully - INFO -   overwrite      : True
2026-05-19 21:20:23,063 - cyberbully - INFO -   device         : cuda
2026-05-19 21:20:23,063 - cyberbully - INFO -   output_dir     : experiments/grid-search/google_mobilebert-uncased/tweeteval/prep1_aug0/seed_52680723
2026-05-19 21:20:23,063 - cyberbully - INFO - ============================================================
2026-05-19 21:20:23,063 - cyberbully - INFO - Step 1: Preparing data...
2026-05-19 21:20:23,109 - cyberbully - INFO - Loaded pre-split data from dataset/tweeteval — train: 32485, val: 8122, test: 10152
2026-05-19 21:20:23,109 - cyberbully - INFO - Label mapping: {'emotion': 0, 'hate': 1, 'offensive': 2, 'religion': 3, 'spiritual': 4}
2026-05-19 21:20:23,110 - cyberbully - INFO - Applying text preprocessing per split...
2026-05-19 21:20:28,590 - cyberbully - INFO - After preprocessing -- train: 32485, val: 8122, test: 10152
2026-05-19 21:20:28,594 - cyberbully - INFO - Number of classes: 5
2026-05-19 21:20:28,595 - cyberbully - INFO - Step 2: Loading model and tokenizer...
2026-05-19 21:20:28,595 - cyberbully - INFO - Loading model 'google/mobilebert-uncased' with 5 labels (sbert=False, supcon=False)
2026-05-19 21:20:31,027 - cyberbully - WARNING - FP16 disabled for model_type='mobilebert' (known fp16 instability).
2026-05-19 21:20:31,027 - cyberbully - INFO - Step 3: Creating datasets...
2026-05-19 21:20:32,246 - cyberbully - INFO - Dataset sizes — train: 32485, val: 8122, test: 10152
2026-05-19 21:20:32,246 - cyberbully - INFO - Step 4: Training...
2026-05-19 21:20:32,435 - cyberbully - INFO - Starting training...
2026-05-19 21:39:57,795 - cyberbully - INFO - Training complete.
2026-05-19 21:39:57,809 - cyberbully - INFO - Removed checkpoint: experiments/grid-search/google_mobilebert-uncased/tweeteval/prep1_aug0/seed_52680723/checkpoint-3048
2026-05-19 21:39:57,823 - cyberbully - INFO - Removed checkpoint: experiments/grid-search/google_mobilebert-uncased/tweeteval/prep1_aug0/seed_52680723/checkpoint-7112
2026-05-19 21:39:57,837 - cyberbully - INFO - Removed checkpoint: experiments/grid-search/google_mobilebert-uncased/tweeteval/prep1_aug0/seed_52680723/checkpoint-9144
2026-05-19 21:39:57,852 - cyberbully - INFO - Removed checkpoint: experiments/grid-search/google_mobilebert-uncased/tweeteval/prep1_aug0/seed_52680723/checkpoint-1016
2026-05-19 21:39:57,866 - cyberbully - INFO - Removed checkpoint: experiments/grid-search/google_mobilebert-uncased/tweeteval/prep1_aug0/seed_52680723/checkpoint-2032
2026-05-19 21:39:57,883 - cyberbully - INFO - Removed checkpoint: experiments/grid-search/google_mobilebert-uncased/tweeteval/prep1_aug0/seed_52680723/checkpoint-10160
2026-05-19 21:39:57,897 - cyberbully - INFO - Removed checkpoint: experiments/grid-search/google_mobilebert-uncased/tweeteval/prep1_aug0/seed_52680723/checkpoint-6096
2026-05-19 21:39:57,911 - cyberbully - INFO - Removed checkpoint: experiments/grid-search/google_mobilebert-uncased/tweeteval/prep1_aug0/seed_52680723/checkpoint-5080
2026-05-19 21:39:57,926 - cyberbully - INFO - Removed checkpoint: experiments/grid-search/google_mobilebert-uncased/tweeteval/prep1_aug0/seed_52680723/checkpoint-8128
2026-05-19 21:39:57,940 - cyberbully - INFO - Removed checkpoint: experiments/grid-search/google_mobilebert-uncased/tweeteval/prep1_aug0/seed_52680723/checkpoint-4064
2026-05-19 21:39:57,940 - cyberbully - INFO - Step 5: Evaluating on test set...
2026-05-19 21:40:14,433 - cyberbully - INFO - Metrics saved to experiments/grid-search/google_mobilebert-uncased/tweeteval/prep1_aug0/seed_52680723/metrics.json
2026-05-19 21:40:14,433 - cyberbully - INFO - Confusion matrix saved to experiments/grid-search/google_mobilebert-uncased/tweeteval/prep1_aug0/seed_52680723/confusion_matrix.json
2026-05-19 21:40:14,536 - cyberbully - INFO - Per-sample predictions saved to experiments/grid-search/google_mobilebert-uncased/tweeteval/prep1_aug0/seed_52680723/predictions.json
2026-05-19 21:40:14,641 - cyberbully - INFO - Confusion matrix figure saved to experiments/grid-search/google_mobilebert-uncased/tweeteval/prep1_aug0/seed_52680723/confusion_matrix.pdf
2026-05-19 21:40:14,641 - cyberbully - INFO - Accuracy: 0.9345
2026-05-19 21:40:14,641 - cyberbully - INFO - Weighted F1: 0.9342
2026-05-19 21:40:14,641 - cyberbully - INFO - Micro F1: 0.9345
2026-05-19 21:40:14,641 - cyberbully - INFO - Inference time: 10.28 seconds
2026-05-19 21:40:14,641 - cyberbully - INFO - Energy consumption: 0.000595 kWh
2026-05-19 21:40:14,644 - cyberbully - INFO - ============================================================
2026-05-19 21:40:14,644 - cyberbully - INFO - Pipeline complete. Results saved to: experiments/grid-search/google_mobilebert-uncased/tweeteval/prep1_aug0/seed_52680723
2026-05-19 21:40:14,644 - cyberbully - INFO - ============================================================
