2026-03-19 03:58:24,119 - cyberbully - INFO - ============================================================
2026-03-19 03:58:24,119 - cyberbully - INFO - Cyberbullying Detection Pipeline
2026-03-19 03:58:24,119 - cyberbully - INFO - ============================================================
2026-03-19 03:58:24,119 - cyberbully - INFO - Configuration:
2026-03-19 03:58:24,119 - cyberbully - INFO -   model          : roberta-base
2026-03-19 03:58:24,119 - cyberbully - INFO -   dataset        : ieee
2026-03-19 03:58:24,119 - cyberbully - INFO -   preprocess     : True
2026-03-19 03:58:24,119 - cyberbully - INFO -   augment        : False
2026-03-19 03:58:24,119 - cyberbully - INFO -   compute_attribution: False
2026-03-19 03:58:24,119 - cyberbully - INFO -   seed           : 90995999
2026-03-19 03:58:24,119 - cyberbully - INFO -   epochs         : 10
2026-03-19 03:58:24,119 - cyberbully - INFO -   batch_size     : 32
2026-03-19 03:58:24,119 - cyberbully - INFO -   lr             : 5e-05
2026-03-19 03:58:24,119 - cyberbully - INFO -   max_length     : 128
2026-03-19 03:58:24,119 - cyberbully - INFO -   output_dir     : supcon-baseline
2026-03-19 03:58:24,119 - cyberbully - INFO -   data_dir       : dataset
2026-03-19 03:58:24,119 - cyberbully - INFO -   sbert          : False
2026-03-19 03:58:24,119 - cyberbully - INFO -   supcon         : False
2026-03-19 03:58:24,119 - cyberbully - INFO -   supcon_weight  : 0.1
2026-03-19 03:58:24,120 - cyberbully - INFO -   proj_dim       : 128
2026-03-19 03:58:24,120 - cyberbully - INFO -   grad_accum_steps: 1
2026-03-19 03:58:24,120 - cyberbully - INFO -   overwrite      : False
2026-03-19 03:58:24,120 - cyberbully - INFO -   device         : cuda
2026-03-19 03:58:24,120 - cyberbully - INFO -   output_dir     : experiments/supcon-baseline/roberta-base/ieee/prep1_aug0/seed_90995999
2026-03-19 03:58:24,120 - cyberbully - INFO - ============================================================
2026-03-19 03:58:24,120 - cyberbully - INFO - Step 1: Preparing data...
2026-03-19 03:58:24,123 - cyberbully - INFO - Loaded pre-split data from dataset/ieee — train: 1348, val: 338, test: 422
2026-03-19 03:58:24,123 - cyberbully - INFO - Label mapping: {'Cyberstalking': 0, 'Doxing': 1, 'Revenge Porn': 2, 'Sexual Harassment': 3, 'Slut Shaming': 4}
2026-03-19 03:58:24,123 - cyberbully - INFO - Applying text preprocessing per split...
2026-03-19 03:58:24,246 - cyberbully - INFO - After preprocessing — train: 1348, val: 338, test: 422
2026-03-19 03:58:24,247 - cyberbully - INFO - Number of classes: 5
2026-03-19 03:58:24,248 - cyberbully - INFO - Step 2: Loading model and tokenizer...
2026-03-19 03:58:24,248 - cyberbully - INFO - Loading model 'roberta-base' with 5 labels (sbert=False, supcon=False)
2026-03-19 03:58:25,054 - cyberbully - INFO - Step 3: Creating datasets...
2026-03-19 03:58:25,075 - cyberbully - INFO - Dataset sizes — train: 1348, val: 338, test: 422
2026-03-19 03:58:25,075 - cyberbully - INFO - Step 4: Training...
2026-03-19 03:58:25,213 - cyberbully - INFO - Starting training...
2026-03-19 04:00:49,053 - cyberbully - INFO - Training complete.
2026-03-19 04:00:49,143 - cyberbully - INFO - Removed checkpoint: experiments/supcon-baseline/roberta-base/ieee/prep1_aug0/seed_90995999/checkpoint-215
2026-03-19 04:00:50,189 - cyberbully - INFO - Removed checkpoint: experiments/supcon-baseline/roberta-base/ieee/prep1_aug0/seed_90995999/checkpoint-387
2026-03-19 04:00:50,282 - cyberbully - INFO - Removed checkpoint: experiments/supcon-baseline/roberta-base/ieee/prep1_aug0/seed_90995999/checkpoint-86
2026-03-19 04:00:50,414 - cyberbully - INFO - Removed checkpoint: experiments/supcon-baseline/roberta-base/ieee/prep1_aug0/seed_90995999/checkpoint-129
2026-03-19 04:00:50,506 - cyberbully - INFO - Removed checkpoint: experiments/supcon-baseline/roberta-base/ieee/prep1_aug0/seed_90995999/checkpoint-344
2026-03-19 04:00:50,593 - cyberbully - INFO - Removed checkpoint: experiments/supcon-baseline/roberta-base/ieee/prep1_aug0/seed_90995999/checkpoint-258
2026-03-19 04:00:50,695 - cyberbully - INFO - Removed checkpoint: experiments/supcon-baseline/roberta-base/ieee/prep1_aug0/seed_90995999/checkpoint-43
2026-03-19 04:00:51,276 - cyberbully - INFO - Removed checkpoint: experiments/supcon-baseline/roberta-base/ieee/prep1_aug0/seed_90995999/checkpoint-301
2026-03-19 04:00:51,364 - cyberbully - INFO - Removed checkpoint: experiments/supcon-baseline/roberta-base/ieee/prep1_aug0/seed_90995999/checkpoint-172
2026-03-19 04:00:51,451 - cyberbully - INFO - Removed checkpoint: experiments/supcon-baseline/roberta-base/ieee/prep1_aug0/seed_90995999/checkpoint-430
2026-03-19 04:00:51,451 - cyberbully - INFO - Step 5: Evaluating on test set...
2026-03-19 04:00:56,837 - cyberbully - INFO - Metrics saved to experiments/supcon-baseline/roberta-base/ieee/prep1_aug0/seed_90995999/metrics.json
2026-03-19 04:00:56,837 - cyberbully - INFO - Confusion matrix saved to experiments/supcon-baseline/roberta-base/ieee/prep1_aug0/seed_90995999/confusion_matrix.json
2026-03-19 04:00:56,842 - cyberbully - INFO - Per-sample predictions saved to experiments/supcon-baseline/roberta-base/ieee/prep1_aug0/seed_90995999/predictions.json
2026-03-19 04:00:56,946 - cyberbully - INFO - Confusion matrix figure saved to experiments/supcon-baseline/roberta-base/ieee/prep1_aug0/seed_90995999/confusion_matrix.pdf
2026-03-19 04:00:56,946 - cyberbully - INFO - Accuracy: 0.8389
2026-03-19 04:00:56,946 - cyberbully - INFO - Weighted F1: 0.8392
2026-03-19 04:00:56,946 - cyberbully - INFO - Micro F1: 0.8389
2026-03-19 04:00:56,946 - cyberbully - INFO - Inference time: 0.20 seconds
2026-03-19 04:00:56,946 - cyberbully - INFO - Energy consumption: 0.000015 kWh
2026-03-19 04:00:56,947 - cyberbully - INFO - ============================================================
2026-03-19 04:00:56,947 - cyberbully - INFO - Pipeline complete. Results saved to: experiments/supcon-baseline/roberta-base/ieee/prep1_aug0/seed_90995999
2026-03-19 04:00:56,947 - cyberbully - INFO - ============================================================
