2026-02-18 07:19:56,261 - cyberbully - INFO - ============================================================
2026-02-18 07:19:56,261 - cyberbully - INFO - Cyberbullying Detection Pipeline
2026-02-18 07:19:56,261 - cyberbully - INFO - ============================================================
2026-02-18 07:19:56,261 - cyberbully - INFO - Configuration:
2026-02-18 07:19:56,261 - cyberbully - INFO -   model          : Twitter/twhin-bert-base
2026-02-18 07:19:56,262 - cyberbully - INFO -   dataset        : tweeteval
2026-02-18 07:19:56,262 - cyberbully - INFO -   preprocess     : False
2026-02-18 07:19:56,262 - cyberbully - INFO -   augment        : True
2026-02-18 07:19:56,262 - cyberbully - INFO -   compute_attribution: False
2026-02-18 07:19:56,262 - cyberbully - INFO -   seed           : 87212562
2026-02-18 07:19:56,262 - cyberbully - INFO -   epochs         : 5
2026-02-18 07:19:56,262 - cyberbully - INFO -   batch_size     : 16
2026-02-18 07:19:56,262 - cyberbully - INFO -   lr             : 2e-05
2026-02-18 07:19:56,262 - cyberbully - INFO -   max_length     : 128
2026-02-18 07:19:56,262 - cyberbully - INFO -   output_dir     : domain-model
2026-02-18 07:19:56,262 - cyberbully - INFO -   data_dir       : dataset
2026-02-18 07:19:56,262 - cyberbully - INFO -   sbert          : False
2026-02-18 07:19:56,262 - cyberbully - INFO -   overwrite      : False
2026-02-18 07:19:56,262 - cyberbully - INFO -   device         : cuda
2026-02-18 07:19:56,262 - cyberbully - INFO -   output_dir     : experiments/domain-model/Twitter_twhin-bert-base/tweeteval/prep0_aug1/seed_87212562
2026-02-18 07:19:56,262 - cyberbully - INFO - ============================================================
2026-02-18 07:19:56,262 - cyberbully - INFO - Step 1: Preparing data...
2026-02-18 07:19:56,262 - cyberbully - INFO - Loading dataset 'tweeteval' from dataset/Tweeteval.csv
2026-02-18 07:19:56,335 - cyberbully - INFO - Loaded 50759 samples with 5 classes: ['emotion', 'hate', 'offensive', 'religion', 'spiritual']
2026-02-18 07:19:56,337 - cyberbully - INFO - Label mapping: {'emotion': 0, 'hate': 1, 'offensive': 2, 'religion': 3, 'spiritual': 4}
2026-02-18 07:19:56,350 - cyberbully - INFO - Split sizes — train: 32485, val: 8122, test: 10152
2026-02-18 07:19:56,350 - cyberbully - INFO - Applying training data augmentation (oversampling)...
2026-02-18 07:19:56,357 - cyberbully - INFO - After oversampling — class distribution: {0: 8985, 1: 8985, 2: 8985, 3: 8985, 4: 8985}
2026-02-18 07:19:56,358 - cyberbully - INFO - Number of classes: 5
2026-02-18 07:19:56,360 - cyberbully - INFO - Step 2: Loading model and tokenizer...
2026-02-18 07:19:56,360 - cyberbully - INFO - Loading model 'Twitter/twhin-bert-base' with 5 labels (sbert=False)
2026-02-18 07:19:57,666 - cyberbully - INFO - Step 3: Creating datasets...
2026-02-18 07:19:58,766 - cyberbully - INFO - Dataset sizes — train: 44925, val: 8122, test: 10152
2026-02-18 07:19:58,766 - cyberbully - INFO - Step 4: Training...
2026-02-18 07:19:59,075 - cyberbully - INFO - Starting training...
2026-02-18 07:40:09,421 - cyberbully - INFO - Training complete.
2026-02-18 07:40:09,421 - cyberbully - INFO - Step 5: Evaluating on test set...
2026-02-18 07:40:22,081 - cyberbully - INFO - Metrics saved to experiments/domain-model/Twitter_twhin-bert-base/tweeteval/prep0_aug1/seed_87212562/metrics.json
2026-02-18 07:40:22,081 - cyberbully - INFO - Confusion matrix saved to experiments/domain-model/Twitter_twhin-bert-base/tweeteval/prep0_aug1/seed_87212562/confusion_matrix.json
2026-02-18 07:40:22,182 - cyberbully - INFO - Confusion matrix figure saved to experiments/domain-model/Twitter_twhin-bert-base/tweeteval/prep0_aug1/seed_87212562/confusion_matrix.pdf
2026-02-18 07:40:22,182 - cyberbully - INFO - Accuracy: 0.9736
2026-02-18 07:40:22,182 - cyberbully - INFO - Weighted F1: 0.9735
2026-02-18 07:40:22,182 - cyberbully - INFO - Micro F1: 0.9736
2026-02-18 07:40:22,182 - cyberbully - INFO - Inference time: 8.34 seconds
2026-02-18 07:40:22,182 - cyberbully - INFO - Energy consumption: 0.000504 kWh
2026-02-18 07:40:22,182 - cyberbully - INFO - ============================================================
2026-02-18 07:40:22,182 - cyberbully - INFO - Pipeline complete. Results saved to: experiments/domain-model/Twitter_twhin-bert-base/tweeteval/prep0_aug1/seed_87212562
2026-02-18 07:40:22,182 - cyberbully - INFO - ============================================================
