2026-03-16 23:18:15,831 - cyberbully - INFO - ============================================================
2026-03-16 23:18:15,832 - cyberbully - INFO - Cyberbullying Detection Pipeline
2026-03-16 23:18:15,832 - cyberbully - INFO - ============================================================
2026-03-16 23:18:15,832 - cyberbully - INFO - Configuration:
2026-03-16 23:18:15,832 - cyberbully - INFO -   model          : roberta-base
2026-03-16 23:18:15,832 - cyberbully - INFO -   dataset        : tweeteval
2026-03-16 23:18:15,832 - cyberbully - INFO -   preprocess     : True
2026-03-16 23:18:15,832 - cyberbully - INFO -   augment        : False
2026-03-16 23:18:15,832 - cyberbully - INFO -   compute_attribution: False
2026-03-16 23:18:15,832 - cyberbully - INFO -   seed           : 24677315
2026-03-16 23:18:15,832 - cyberbully - INFO -   epochs         : 10
2026-03-16 23:18:15,832 - cyberbully - INFO -   batch_size     : 32
2026-03-16 23:18:15,832 - cyberbully - INFO -   lr             : 5e-05
2026-03-16 23:18:15,832 - cyberbully - INFO -   max_length     : 128
2026-03-16 23:18:15,832 - cyberbully - INFO -   output_dir     : supcon-grid
2026-03-16 23:18:15,832 - cyberbully - INFO -   data_dir       : dataset
2026-03-16 23:18:15,832 - cyberbully - INFO -   sbert          : False
2026-03-16 23:18:15,832 - cyberbully - INFO -   supcon         : True
2026-03-16 23:18:15,832 - cyberbully - INFO -   supcon_weight  : 0.1
2026-03-16 23:18:15,832 - cyberbully - INFO -   proj_dim       : 128
2026-03-16 23:18:15,832 - cyberbully - INFO -   grad_accum_steps: 1
2026-03-16 23:18:15,832 - cyberbully - INFO -   overwrite      : False
2026-03-16 23:18:15,832 - cyberbully - INFO -   device         : cuda
2026-03-16 23:18:15,832 - cyberbully - INFO -   output_dir     : experiments/supcon-grid/roberta-base/tweeteval/prep1_aug0/seed_24677315
2026-03-16 23:18:15,832 - cyberbully - INFO - ============================================================
2026-03-16 23:18:15,832 - cyberbully - INFO - Step 1: Preparing data...
2026-03-16 23:18:15,878 - cyberbully - INFO - Loaded pre-split data from dataset/tweeteval — train: 32485, val: 8122, test: 10152
2026-03-16 23:18:15,878 - cyberbully - INFO - Label mapping: {'emotion': 0, 'hate': 1, 'offensive': 2, 'religion': 3, 'spiritual': 4}
2026-03-16 23:18:15,878 - cyberbully - INFO - Applying text preprocessing per split...
2026-03-16 23:18:19,580 - cyberbully - INFO - After preprocessing — train: 32485, val: 8122, test: 10152
2026-03-16 23:18:19,592 - cyberbully - INFO - Number of classes: 5
2026-03-16 23:18:19,594 - cyberbully - INFO - Step 2: Loading model and tokenizer...
2026-03-16 23:18:19,594 - cyberbully - INFO - Loading model 'roberta-base' with 5 labels (sbert=False, supcon=True)
2026-03-16 23:18:20,114 - cyberbully - INFO - SupConClassifier: hidden_size=768, proj_dim=128, num_labels=5
2026-03-16 23:18:20,413 - cyberbully - INFO - Step 3: Creating datasets...
2026-03-16 23:18:21,200 - cyberbully - INFO - Dataset sizes — train: 32485, val: 8122, test: 10152
2026-03-16 23:18:21,200 - cyberbully - INFO - Step 4: Training...
2026-03-16 23:18:21,452 - cyberbully - INFO - Using SupConTrainer with supcon_weight=0.100
2026-03-16 23:18:21,452 - cyberbully - INFO - Starting training...
2026-03-16 23:35:14,710 - cyberbully - INFO - Training complete.
2026-03-16 23:35:14,781 - cyberbully - INFO - Removed checkpoint: experiments/supcon-grid/roberta-base/tweeteval/prep1_aug0/seed_24677315/checkpoint-3048
2026-03-16 23:35:14,851 - cyberbully - INFO - Removed checkpoint: experiments/supcon-grid/roberta-base/tweeteval/prep1_aug0/seed_24677315/checkpoint-7112
2026-03-16 23:35:14,922 - cyberbully - INFO - Removed checkpoint: experiments/supcon-grid/roberta-base/tweeteval/prep1_aug0/seed_24677315/checkpoint-9144
2026-03-16 23:35:14,994 - cyberbully - INFO - Removed checkpoint: experiments/supcon-grid/roberta-base/tweeteval/prep1_aug0/seed_24677315/checkpoint-1016
2026-03-16 23:35:15,065 - cyberbully - INFO - Removed checkpoint: experiments/supcon-grid/roberta-base/tweeteval/prep1_aug0/seed_24677315/checkpoint-2032
2026-03-16 23:35:15,150 - cyberbully - INFO - Removed checkpoint: experiments/supcon-grid/roberta-base/tweeteval/prep1_aug0/seed_24677315/checkpoint-10160
2026-03-16 23:35:15,221 - cyberbully - INFO - Removed checkpoint: experiments/supcon-grid/roberta-base/tweeteval/prep1_aug0/seed_24677315/checkpoint-6096
2026-03-16 23:35:15,292 - cyberbully - INFO - Removed checkpoint: experiments/supcon-grid/roberta-base/tweeteval/prep1_aug0/seed_24677315/checkpoint-5080
2026-03-16 23:35:15,364 - cyberbully - INFO - Removed checkpoint: experiments/supcon-grid/roberta-base/tweeteval/prep1_aug0/seed_24677315/checkpoint-8128
2026-03-16 23:35:15,434 - cyberbully - INFO - Removed checkpoint: experiments/supcon-grid/roberta-base/tweeteval/prep1_aug0/seed_24677315/checkpoint-4064
2026-03-16 23:35:15,435 - cyberbully - INFO - Step 5: Evaluating on test set...
2026-03-16 23:35:27,701 - cyberbully - INFO - Metrics saved to experiments/supcon-grid/roberta-base/tweeteval/prep1_aug0/seed_24677315/metrics.json
2026-03-16 23:35:27,701 - cyberbully - INFO - Confusion matrix saved to experiments/supcon-grid/roberta-base/tweeteval/prep1_aug0/seed_24677315/confusion_matrix.json
2026-03-16 23:35:27,804 - cyberbully - INFO - Per-sample predictions saved to experiments/supcon-grid/roberta-base/tweeteval/prep1_aug0/seed_24677315/predictions.json
2026-03-16 23:35:27,906 - cyberbully - INFO - Confusion matrix figure saved to experiments/supcon-grid/roberta-base/tweeteval/prep1_aug0/seed_24677315/confusion_matrix.pdf
2026-03-16 23:35:27,907 - cyberbully - INFO - Accuracy: 0.9708
2026-03-16 23:35:27,907 - cyberbully - INFO - Weighted F1: 0.9709
2026-03-16 23:35:27,907 - cyberbully - INFO - Micro F1: 0.9708
2026-03-16 23:35:27,907 - cyberbully - INFO - Inference time: 7.95 seconds
2026-03-16 23:35:27,907 - cyberbully - INFO - Energy consumption: 0.000475 kWh
2026-03-16 23:35:27,909 - cyberbully - INFO - Step 5b: Plotting t-SNE of projection embeddings...
2026-03-16 23:35:35,647 - cyberbully - INFO - Running t-SNE on 10152 samples with proj_dim=128, perplexity=30.0...
2026-03-16 23:36:13,404 - cyberbully - INFO - t-SNE static plot saved to experiments/supcon-grid/roberta-base/tweeteval/prep1_aug0/seed_24677315/projection_tsne.pdf
2026-03-16 23:36:13,550 - cyberbully - INFO - t-SNE interactive plot saved to experiments/supcon-grid/roberta-base/tweeteval/prep1_aug0/seed_24677315/projection_tsne.html
2026-03-16 23:36:13,551 - cyberbully - INFO - ============================================================
2026-03-16 23:36:13,551 - cyberbully - INFO - Pipeline complete. Results saved to: experiments/supcon-grid/roberta-base/tweeteval/prep1_aug0/seed_24677315
2026-03-16 23:36:13,551 - cyberbully - INFO - ============================================================
