2026-02-12 12:46:17,028 - cyberbully - INFO - ============================================================
2026-02-12 12:46:17,029 - cyberbully - INFO - Cyberbullying Detection Pipeline
2026-02-12 12:46:17,029 - cyberbully - INFO - ============================================================
2026-02-12 12:46:17,029 - cyberbully - INFO - Configuration:
2026-02-12 12:46:17,029 - cyberbully - INFO -   model          : xlnet-base-cased
2026-02-12 12:46:17,029 - cyberbully - INFO -   dataset        : ieee
2026-02-12 12:46:17,029 - cyberbully - INFO -   preprocess     : True
2026-02-12 12:46:17,029 - cyberbully - INFO -   augment        : True
2026-02-12 12:46:17,029 - cyberbully - INFO -   compute_attribution: False
2026-02-12 12:46:17,029 - cyberbully - INFO -   seed           : 67351593
2026-02-12 12:46:17,029 - cyberbully - INFO -   epochs         : 5
2026-02-12 12:46:17,029 - cyberbully - INFO -   batch_size     : 16
2026-02-12 12:46:17,029 - cyberbully - INFO -   lr             : 2e-05
2026-02-12 12:46:17,029 - cyberbully - INFO -   max_length     : 128
2026-02-12 12:46:17,029 - cyberbully - INFO -   output_dir     : experiments
2026-02-12 12:46:17,029 - cyberbully - INFO -   data_dir       : dataset
2026-02-12 12:46:17,029 - cyberbully - INFO -   overwrite      : False
2026-02-12 12:46:17,029 - cyberbully - INFO -   device         : cuda
2026-02-12 12:46:17,029 - cyberbully - INFO -   output_dir     : experiments/xlnet-base-cased/ieee/prep1_aug1/seed_67351593
2026-02-12 12:46:17,029 - cyberbully - INFO - ============================================================
2026-02-12 12:46:17,029 - cyberbully - INFO - Step 1: Preparing data...
2026-02-12 12:46:17,029 - cyberbully - INFO - Loading dataset 'ieee' from dataset/IEEE Data Port.csv
2026-02-12 12:46:17,035 - cyberbully - INFO - Loaded 2108 samples with 5 classes: ['Cyberstalking', 'Doxing', 'Revenge Porn', 'Sexual Harassment', 'Slut Shaming']
2026-02-12 12:46:17,035 - cyberbully - INFO - Applying text preprocessing...
2026-02-12 12:46:20,176 - cyberbully - INFO - After preprocessing: 1813 samples remain
2026-02-12 12:46:20,177 - cyberbully - INFO - Label mapping: {'Cyberstalking': 0, 'Doxing': 1, 'Revenge Porn': 2, 'Sexual Harassment': 3, 'Slut Shaming': 4}
2026-02-12 12:46:20,178 - cyberbully - INFO - Split sizes — train: 1160, val: 290, test: 363
2026-02-12 12:46:20,179 - cyberbully - INFO - Applying training data augmentation (oversampling)...
2026-02-12 12:46:20,179 - cyberbully - INFO - After oversampling — class distribution: {0: 286, 1: 286, 2: 286, 3: 286, 4: 286}
2026-02-12 12:46:20,179 - cyberbully - INFO - Number of classes: 5
2026-02-12 12:46:20,180 - cyberbully - INFO - Step 2: Loading model and tokenizer...
2026-02-12 12:46:20,180 - cyberbully - INFO - Loading model 'xlnet-base-cased' with 5 labels
2026-02-12 12:46:22,246 - cyberbully - INFO - Step 3: Tokenizing datasets...
2026-02-12 12:46:22,275 - cyberbully - INFO - Dataset sizes — train: 1430, val: 290, test: 363
2026-02-12 12:46:22,275 - cyberbully - INFO - Step 4: Training...
2026-02-12 12:46:22,504 - cyberbully - INFO - Starting training...
2026-02-12 12:46:57,811 - cyberbully - INFO - Training complete.
2026-02-12 12:46:57,811 - cyberbully - INFO - Step 5: Evaluating on test set...
2026-02-12 12:47:02,475 - cyberbully - INFO - Metrics saved to experiments/xlnet-base-cased/ieee/prep1_aug1/seed_67351593/metrics.json
2026-02-12 12:47:02,475 - cyberbully - INFO - Confusion matrix saved to experiments/xlnet-base-cased/ieee/prep1_aug1/seed_67351593/confusion_matrix.json
2026-02-12 12:47:02,576 - cyberbully - INFO - Confusion matrix figure saved to experiments/xlnet-base-cased/ieee/prep1_aug1/seed_67351593/confusion_matrix.pdf
2026-02-12 12:47:02,576 - cyberbully - INFO - Accuracy: 0.8237
2026-02-12 12:47:02,576 - cyberbully - INFO - Weighted F1: 0.8257
2026-02-12 12:47:02,576 - cyberbully - INFO - Micro F1: 0.8237
2026-02-12 12:47:02,576 - cyberbully - INFO - Inference time: 0.44 seconds
2026-02-12 12:47:02,577 - cyberbully - INFO - Energy consumption: 0.000029 kWh
2026-02-12 12:47:02,577 - cyberbully - INFO - ============================================================
2026-02-12 12:47:02,577 - cyberbully - INFO - Pipeline complete. Results saved to: experiments/xlnet-base-cased/ieee/prep1_aug1/seed_67351593
2026-02-12 12:47:02,577 - cyberbully - INFO - ============================================================
