2026-03-20 17:20:41,446 - cyberbully - INFO - ============================================================
2026-03-20 17:20:41,447 - cyberbully - INFO - Cyberbullying Detection Pipeline
2026-03-20 17:20:41,447 - cyberbully - INFO - ============================================================
2026-03-20 17:20:41,447 - cyberbully - INFO - Configuration:
2026-03-20 17:20:41,447 - cyberbully - INFO -   model          : GroNLP/hateBERT
2026-03-20 17:20:41,447 - cyberbully - INFO -   dataset        : ieee
2026-03-20 17:20:41,447 - cyberbully - INFO -   preprocess     : True
2026-03-20 17:20:41,447 - cyberbully - INFO -   augment        : True
2026-03-20 17:20:41,447 - cyberbully - INFO -   compute_attribution: False
2026-03-20 17:20:41,447 - cyberbully - INFO -   seed           : 14298463
2026-03-20 17:20:41,447 - cyberbully - INFO -   epochs         : 10
2026-03-20 17:20:41,447 - cyberbully - INFO -   batch_size     : 32
2026-03-20 17:20:41,447 - cyberbully - INFO -   lr             : 5e-05
2026-03-20 17:20:41,447 - cyberbully - INFO -   max_length     : 128
2026-03-20 17:20:41,447 - cyberbully - INFO -   output_dir     : grid-search
2026-03-20 17:20:41,447 - cyberbully - INFO -   data_dir       : dataset
2026-03-20 17:20:41,447 - cyberbully - INFO -   sbert          : False
2026-03-20 17:20:41,447 - cyberbully - INFO -   supcon         : False
2026-03-20 17:20:41,447 - cyberbully - INFO -   supcon_weight  : 0.1
2026-03-20 17:20:41,447 - cyberbully - INFO -   proj_dim       : 128
2026-03-20 17:20:41,447 - cyberbully - INFO -   grad_accum_steps: 1
2026-03-20 17:20:41,447 - cyberbully - INFO -   overwrite      : False
2026-03-20 17:20:41,447 - cyberbully - INFO -   device         : cuda
2026-03-20 17:20:41,447 - cyberbully - INFO -   output_dir     : experiments/grid-search/GroNLP_hateBERT/ieee/prep1_aug1/seed_14298463
2026-03-20 17:20:41,447 - cyberbully - INFO - ============================================================
2026-03-20 17:20:41,447 - cyberbully - INFO - Step 1: Preparing data...
2026-03-20 17:20:41,451 - cyberbully - INFO - Loaded pre-split data from dataset/ieee — train: 1348, val: 338, test: 422
2026-03-20 17:20:41,451 - cyberbully - INFO - Label mapping: {'Cyberstalking': 0, 'Doxing': 1, 'Revenge Porn': 2, 'Sexual Harassment': 3, 'Slut Shaming': 4}
2026-03-20 17:20:41,451 - cyberbully - INFO - Applying text preprocessing per split...
2026-03-20 17:20:44,681 - cyberbully - INFO - After preprocessing — train: 1176, val: 305, test: 377
2026-03-20 17:20:44,682 - cyberbully - INFO - Applying training data augmentation (oversampling)...
2026-03-20 17:20:44,683 - cyberbully - INFO - After oversampling — class distribution: {0: 288, 1: 288, 2: 288, 3: 288, 4: 288}
2026-03-20 17:20:44,684 - cyberbully - INFO - Number of classes: 5
2026-03-20 17:20:44,685 - cyberbully - INFO - Step 2: Loading model and tokenizer...
2026-03-20 17:20:44,685 - cyberbully - INFO - Loading model 'GroNLP/hateBERT' with 5 labels (sbert=False, supcon=False)
2026-03-20 17:20:45,376 - cyberbully - INFO - Step 3: Creating datasets...
2026-03-20 17:20:45,403 - cyberbully - INFO - Dataset sizes — train: 1440, val: 305, test: 377
2026-03-20 17:20:45,403 - cyberbully - INFO - Step 4: Training...
2026-03-20 17:20:45,523 - cyberbully - INFO - Starting training...
2026-03-20 17:23:01,968 - cyberbully - INFO - Training complete.
2026-03-20 17:23:02,057 - cyberbully - INFO - Removed checkpoint: experiments/grid-search/GroNLP_hateBERT/ieee/prep1_aug1/seed_14298463/checkpoint-405
2026-03-20 17:23:02,143 - cyberbully - INFO - Removed checkpoint: experiments/grid-search/GroNLP_hateBERT/ieee/prep1_aug1/seed_14298463/checkpoint-90
2026-03-20 17:23:02,228 - cyberbully - INFO - Removed checkpoint: experiments/grid-search/GroNLP_hateBERT/ieee/prep1_aug1/seed_14298463/checkpoint-225
2026-03-20 17:23:02,310 - cyberbully - INFO - Removed checkpoint: experiments/grid-search/GroNLP_hateBERT/ieee/prep1_aug1/seed_14298463/checkpoint-180
2026-03-20 17:23:02,395 - cyberbully - INFO - Removed checkpoint: experiments/grid-search/GroNLP_hateBERT/ieee/prep1_aug1/seed_14298463/checkpoint-315
2026-03-20 17:23:02,482 - cyberbully - INFO - Removed checkpoint: experiments/grid-search/GroNLP_hateBERT/ieee/prep1_aug1/seed_14298463/checkpoint-360
2026-03-20 17:23:02,570 - cyberbully - INFO - Removed checkpoint: experiments/grid-search/GroNLP_hateBERT/ieee/prep1_aug1/seed_14298463/checkpoint-45
2026-03-20 17:23:02,653 - cyberbully - INFO - Removed checkpoint: experiments/grid-search/GroNLP_hateBERT/ieee/prep1_aug1/seed_14298463/checkpoint-270
2026-03-20 17:23:02,736 - cyberbully - INFO - Removed checkpoint: experiments/grid-search/GroNLP_hateBERT/ieee/prep1_aug1/seed_14298463/checkpoint-135
2026-03-20 17:23:02,813 - cyberbully - INFO - Removed checkpoint: experiments/grid-search/GroNLP_hateBERT/ieee/prep1_aug1/seed_14298463/checkpoint-450
2026-03-20 17:23:02,813 - cyberbully - INFO - Step 5: Evaluating on test set...
2026-03-20 17:23:08,188 - cyberbully - INFO - Metrics saved to experiments/grid-search/GroNLP_hateBERT/ieee/prep1_aug1/seed_14298463/metrics.json
2026-03-20 17:23:08,188 - cyberbully - INFO - Confusion matrix saved to experiments/grid-search/GroNLP_hateBERT/ieee/prep1_aug1/seed_14298463/confusion_matrix.json
2026-03-20 17:23:08,194 - cyberbully - INFO - Per-sample predictions saved to experiments/grid-search/GroNLP_hateBERT/ieee/prep1_aug1/seed_14298463/predictions.json
2026-03-20 17:23:08,301 - cyberbully - INFO - Confusion matrix figure saved to experiments/grid-search/GroNLP_hateBERT/ieee/prep1_aug1/seed_14298463/confusion_matrix.pdf
2026-03-20 17:23:08,301 - cyberbully - INFO - Accuracy: 0.8408
2026-03-20 17:23:08,302 - cyberbully - INFO - Weighted F1: 0.8410
2026-03-20 17:23:08,302 - cyberbully - INFO - Micro F1: 0.8408
2026-03-20 17:23:08,302 - cyberbully - INFO - Inference time: 0.17 seconds
2026-03-20 17:23:08,302 - cyberbully - INFO - Energy consumption: 0.000016 kWh
2026-03-20 17:23:08,302 - cyberbully - INFO - ============================================================
2026-03-20 17:23:08,302 - cyberbully - INFO - Pipeline complete. Results saved to: experiments/grid-search/GroNLP_hateBERT/ieee/prep1_aug1/seed_14298463
2026-03-20 17:23:08,302 - cyberbully - INFO - ============================================================
