2026-04-08 19:30:03,056 - cyberbully - INFO - ============================================================
2026-04-08 19:30:03,056 - cyberbully - INFO - Cyberbullying Detection Pipeline
2026-04-08 19:30:03,056 - cyberbully - INFO - ============================================================
2026-04-08 19:30:03,056 - cyberbully - INFO - Configuration:
2026-04-08 19:30:03,056 - cyberbully - INFO -   model          : answerdotai/ModernBERT-base
2026-04-08 19:30:03,056 - cyberbully - INFO -   dataset        : tweeteval
2026-04-08 19:30:03,056 - cyberbully - INFO -   preprocess     : False
2026-04-08 19:30:03,056 - cyberbully - INFO -   augment        : False
2026-04-08 19:30:03,056 - cyberbully - INFO -   compute_attribution: False
2026-04-08 19:30:03,056 - cyberbully - INFO -   seed           : 37622020
2026-04-08 19:30:03,056 - cyberbully - INFO -   epochs         : 10
2026-04-08 19:30:03,056 - cyberbully - INFO -   batch_size     : 32
2026-04-08 19:30:03,057 - cyberbully - INFO -   lr             : 5e-05
2026-04-08 19:30:03,057 - cyberbully - INFO -   max_length     : 128
2026-04-08 19:30:03,057 - cyberbully - INFO -   output_dir     : grid-search
2026-04-08 19:30:03,057 - cyberbully - INFO -   data_dir       : dataset
2026-04-08 19:30:03,057 - cyberbully - INFO -   sbert          : False
2026-04-08 19:30:03,057 - cyberbully - INFO -   supcon         : False
2026-04-08 19:30:03,057 - cyberbully - INFO -   supcon_weight  : 0.1
2026-04-08 19:30:03,057 - cyberbully - INFO -   proj_dim       : 128
2026-04-08 19:30:03,057 - cyberbully - INFO -   grad_accum_steps: 1
2026-04-08 19:30:03,057 - cyberbully - INFO -   overwrite      : False
2026-04-08 19:30:03,057 - cyberbully - INFO -   device         : cuda
2026-04-08 19:30:03,057 - cyberbully - INFO -   output_dir     : experiments/grid-search/answerdotai_ModernBERT-base/tweeteval/prep0_aug0/seed_37622020
2026-04-08 19:30:03,057 - cyberbully - INFO - ============================================================
2026-04-08 19:30:03,057 - cyberbully - INFO - Step 1: Preparing data...
2026-04-08 19:30:03,103 - cyberbully - INFO - Loaded pre-split data from dataset/tweeteval — train: 32485, val: 8122, test: 10152
2026-04-08 19:30:03,103 - cyberbully - INFO - Label mapping: {'emotion': 0, 'hate': 1, 'offensive': 2, 'religion': 3, 'spiritual': 4}
2026-04-08 19:30:03,114 - cyberbully - INFO - Number of classes: 5
2026-04-08 19:30:03,115 - cyberbully - INFO - Step 2: Loading model and tokenizer...
2026-04-08 19:30:03,116 - cyberbully - INFO - Loading model 'answerdotai/ModernBERT-base' with 5 labels (sbert=False, supcon=False)
2026-04-08 19:30:04,681 - cyberbully - INFO - Step 3: Creating datasets...
2026-04-08 19:30:05,716 - cyberbully - INFO - Dataset sizes — train: 32485, val: 8122, test: 10152
2026-04-08 19:30:05,716 - cyberbully - INFO - Step 4: Training...
2026-04-08 19:30:05,967 - cyberbully - INFO - Starting training...
2026-04-08 19:50:44,109 - cyberbully - INFO - Training complete.
2026-04-08 19:50:44,190 - cyberbully - INFO - Removed checkpoint: experiments/grid-search/answerdotai_ModernBERT-base/tweeteval/prep0_aug0/seed_37622020/checkpoint-3048
2026-04-08 19:50:44,273 - cyberbully - INFO - Removed checkpoint: experiments/grid-search/answerdotai_ModernBERT-base/tweeteval/prep0_aug0/seed_37622020/checkpoint-7112
2026-04-08 19:50:44,355 - cyberbully - INFO - Removed checkpoint: experiments/grid-search/answerdotai_ModernBERT-base/tweeteval/prep0_aug0/seed_37622020/checkpoint-9144
2026-04-08 19:50:44,439 - cyberbully - INFO - Removed checkpoint: experiments/grid-search/answerdotai_ModernBERT-base/tweeteval/prep0_aug0/seed_37622020/checkpoint-1016
2026-04-08 19:50:44,522 - cyberbully - INFO - Removed checkpoint: experiments/grid-search/answerdotai_ModernBERT-base/tweeteval/prep0_aug0/seed_37622020/checkpoint-2032
2026-04-08 19:50:44,620 - cyberbully - INFO - Removed checkpoint: experiments/grid-search/answerdotai_ModernBERT-base/tweeteval/prep0_aug0/seed_37622020/checkpoint-10160
2026-04-08 19:50:44,702 - cyberbully - INFO - Removed checkpoint: experiments/grid-search/answerdotai_ModernBERT-base/tweeteval/prep0_aug0/seed_37622020/checkpoint-6096
2026-04-08 19:50:44,784 - cyberbully - INFO - Removed checkpoint: experiments/grid-search/answerdotai_ModernBERT-base/tweeteval/prep0_aug0/seed_37622020/checkpoint-5080
2026-04-08 19:50:44,866 - cyberbully - INFO - Removed checkpoint: experiments/grid-search/answerdotai_ModernBERT-base/tweeteval/prep0_aug0/seed_37622020/checkpoint-8128
2026-04-08 19:50:44,948 - cyberbully - INFO - Removed checkpoint: experiments/grid-search/answerdotai_ModernBERT-base/tweeteval/prep0_aug0/seed_37622020/checkpoint-4064
2026-04-08 19:50:44,948 - cyberbully - INFO - Step 5: Evaluating on test set...
2026-04-08 19:50:59,634 - cyberbully - INFO - Metrics saved to experiments/grid-search/answerdotai_ModernBERT-base/tweeteval/prep0_aug0/seed_37622020/metrics.json
2026-04-08 19:50:59,634 - cyberbully - INFO - Confusion matrix saved to experiments/grid-search/answerdotai_ModernBERT-base/tweeteval/prep0_aug0/seed_37622020/confusion_matrix.json
2026-04-08 19:50:59,735 - cyberbully - INFO - Per-sample predictions saved to experiments/grid-search/answerdotai_ModernBERT-base/tweeteval/prep0_aug0/seed_37622020/predictions.json
2026-04-08 19:50:59,837 - cyberbully - INFO - Confusion matrix figure saved to experiments/grid-search/answerdotai_ModernBERT-base/tweeteval/prep0_aug0/seed_37622020/confusion_matrix.pdf
2026-04-08 19:50:59,837 - cyberbully - INFO - Accuracy: 0.9749
2026-04-08 19:50:59,837 - cyberbully - INFO - Weighted F1: 0.9749
2026-04-08 19:50:59,837 - cyberbully - INFO - Micro F1: 0.9749
2026-04-08 19:50:59,837 - cyberbully - INFO - Inference time: 10.00 seconds
2026-04-08 19:50:59,837 - cyberbully - INFO - Energy consumption: 0.000624 kWh
2026-04-08 19:50:59,839 - cyberbully - INFO - ============================================================
2026-04-08 19:50:59,839 - cyberbully - INFO - Pipeline complete. Results saved to: experiments/grid-search/answerdotai_ModernBERT-base/tweeteval/prep0_aug0/seed_37622020
2026-04-08 19:50:59,839 - cyberbully - INFO - ============================================================
