2026-04-09 08:32:23,618 - cyberbully - INFO - ============================================================
2026-04-09 08:32:23,618 - cyberbully - INFO - Cyberbullying Detection Pipeline
2026-04-09 08:32:23,618 - cyberbully - INFO - ============================================================
2026-04-09 08:32:23,618 - cyberbully - INFO - Configuration:
2026-04-09 08:32:23,618 - cyberbully - INFO -   model          : answerdotai/ModernBERT-base
2026-04-09 08:32:23,619 - cyberbully - INFO -   dataset        : tweeteval
2026-04-09 08:32:23,619 - cyberbully - INFO -   preprocess     : True
2026-04-09 08:32:23,619 - cyberbully - INFO -   augment        : True
2026-04-09 08:32:23,619 - cyberbully - INFO -   compute_attribution: False
2026-04-09 08:32:23,619 - cyberbully - INFO -   seed           : 67351593
2026-04-09 08:32:23,619 - cyberbully - INFO -   epochs         : 10
2026-04-09 08:32:23,619 - cyberbully - INFO -   batch_size     : 32
2026-04-09 08:32:23,619 - cyberbully - INFO -   lr             : 5e-05
2026-04-09 08:32:23,619 - cyberbully - INFO -   max_length     : 128
2026-04-09 08:32:23,619 - cyberbully - INFO -   output_dir     : grid-search
2026-04-09 08:32:23,619 - cyberbully - INFO -   data_dir       : dataset
2026-04-09 08:32:23,619 - cyberbully - INFO -   sbert          : False
2026-04-09 08:32:23,619 - cyberbully - INFO -   supcon         : False
2026-04-09 08:32:23,619 - cyberbully - INFO -   supcon_weight  : 0.1
2026-04-09 08:32:23,619 - cyberbully - INFO -   proj_dim       : 128
2026-04-09 08:32:23,619 - cyberbully - INFO -   grad_accum_steps: 1
2026-04-09 08:32:23,619 - cyberbully - INFO -   overwrite      : False
2026-04-09 08:32:23,619 - cyberbully - INFO -   device         : cuda
2026-04-09 08:32:23,619 - cyberbully - INFO -   output_dir     : experiments/grid-search/answerdotai_ModernBERT-base/tweeteval/prep1_aug1/seed_67351593
2026-04-09 08:32:23,619 - cyberbully - INFO - ============================================================
2026-04-09 08:32:23,619 - cyberbully - INFO - Step 1: Preparing data...
2026-04-09 08:32:23,666 - cyberbully - INFO - Loaded pre-split data from dataset/tweeteval — train: 32485, val: 8122, test: 10152
2026-04-09 08:32:23,666 - cyberbully - INFO - Label mapping: {'emotion': 0, 'hate': 1, 'offensive': 2, 'religion': 3, 'spiritual': 4}
2026-04-09 08:32:23,666 - cyberbully - INFO - Applying text preprocessing per split...
2026-04-09 08:33:23,456 - cyberbully - INFO - After preprocessing — train: 30358, val: 7618, test: 9466
2026-04-09 08:33:23,458 - cyberbully - INFO - Applying training data augmentation (oversampling)...
2026-04-09 08:33:23,464 - cyberbully - INFO - After oversampling — class distribution: {0: 7766, 1: 7766, 2: 7766, 3: 7766, 4: 7766}
2026-04-09 08:33:23,472 - cyberbully - INFO - Number of classes: 5
2026-04-09 08:33:23,474 - cyberbully - INFO - Step 2: Loading model and tokenizer...
2026-04-09 08:33:23,474 - cyberbully - INFO - Loading model 'answerdotai/ModernBERT-base' with 5 labels (sbert=False, supcon=False)
2026-04-09 08:33:25,115 - cyberbully - INFO - Step 3: Creating datasets...
2026-04-09 08:33:26,228 - cyberbully - INFO - Dataset sizes — train: 38830, val: 7618, test: 9466
2026-04-09 08:33:26,228 - cyberbully - INFO - Step 4: Training...
2026-04-09 08:33:26,470 - cyberbully - INFO - Starting training...
2026-04-09 08:57:29,088 - cyberbully - INFO - Training complete.
2026-04-09 08:57:29,171 - cyberbully - INFO - Removed checkpoint: experiments/grid-search/answerdotai_ModernBERT-base/tweeteval/prep1_aug1/seed_67351593/checkpoint-2428
2026-04-09 08:57:29,255 - cyberbully - INFO - Removed checkpoint: experiments/grid-search/answerdotai_ModernBERT-base/tweeteval/prep1_aug1/seed_67351593/checkpoint-6070
2026-04-09 08:57:29,337 - cyberbully - INFO - Removed checkpoint: experiments/grid-search/answerdotai_ModernBERT-base/tweeteval/prep1_aug1/seed_67351593/checkpoint-7284
2026-04-09 08:57:29,419 - cyberbully - INFO - Removed checkpoint: experiments/grid-search/answerdotai_ModernBERT-base/tweeteval/prep1_aug1/seed_67351593/checkpoint-9712
2026-04-09 08:57:29,505 - cyberbully - INFO - Removed checkpoint: experiments/grid-search/answerdotai_ModernBERT-base/tweeteval/prep1_aug1/seed_67351593/checkpoint-1214
2026-04-09 08:57:29,589 - cyberbully - INFO - Removed checkpoint: experiments/grid-search/answerdotai_ModernBERT-base/tweeteval/prep1_aug1/seed_67351593/checkpoint-4856
2026-04-09 08:57:29,672 - cyberbully - INFO - Removed checkpoint: experiments/grid-search/answerdotai_ModernBERT-base/tweeteval/prep1_aug1/seed_67351593/checkpoint-3642
2026-04-09 08:57:29,754 - cyberbully - INFO - Removed checkpoint: experiments/grid-search/answerdotai_ModernBERT-base/tweeteval/prep1_aug1/seed_67351593/checkpoint-10926
2026-04-09 08:57:29,836 - cyberbully - INFO - Removed checkpoint: experiments/grid-search/answerdotai_ModernBERT-base/tweeteval/prep1_aug1/seed_67351593/checkpoint-8498
2026-04-09 08:57:29,936 - cyberbully - INFO - Removed checkpoint: experiments/grid-search/answerdotai_ModernBERT-base/tweeteval/prep1_aug1/seed_67351593/checkpoint-12140
2026-04-09 08:57:29,936 - cyberbully - INFO - Step 5: Evaluating on test set...
2026-04-09 08:57:43,754 - cyberbully - INFO - Metrics saved to experiments/grid-search/answerdotai_ModernBERT-base/tweeteval/prep1_aug1/seed_67351593/metrics.json
2026-04-09 08:57:43,754 - cyberbully - INFO - Confusion matrix saved to experiments/grid-search/answerdotai_ModernBERT-base/tweeteval/prep1_aug1/seed_67351593/confusion_matrix.json
2026-04-09 08:57:43,845 - cyberbully - INFO - Per-sample predictions saved to experiments/grid-search/answerdotai_ModernBERT-base/tweeteval/prep1_aug1/seed_67351593/predictions.json
2026-04-09 08:57:43,948 - cyberbully - INFO - Confusion matrix figure saved to experiments/grid-search/answerdotai_ModernBERT-base/tweeteval/prep1_aug1/seed_67351593/confusion_matrix.pdf
2026-04-09 08:57:43,948 - cyberbully - INFO - Accuracy: 0.9402
2026-04-09 08:57:43,948 - cyberbully - INFO - Weighted F1: 0.9400
2026-04-09 08:57:43,948 - cyberbully - INFO - Micro F1: 0.9402
2026-04-09 08:57:43,948 - cyberbully - INFO - Inference time: 9.20 seconds
2026-04-09 08:57:43,948 - cyberbully - INFO - Energy consumption: 0.000582 kWh
2026-04-09 08:57:43,950 - cyberbully - INFO - ============================================================
2026-04-09 08:57:43,950 - cyberbully - INFO - Pipeline complete. Results saved to: experiments/grid-search/answerdotai_ModernBERT-base/tweeteval/prep1_aug1/seed_67351593
2026-04-09 08:57:43,950 - cyberbully - INFO - ============================================================
