2026-05-19 19:59:20,943 - cyberbully - INFO - ============================================================
2026-05-19 19:59:20,943 - cyberbully - INFO - Cyberbullying Detection Pipeline
2026-05-19 19:59:20,943 - cyberbully - INFO - ============================================================
2026-05-19 19:59:20,943 - cyberbully - INFO - Configuration:
2026-05-19 19:59:20,943 - cyberbully - INFO -   model          : bert-base-cased
2026-05-19 19:59:20,943 - cyberbully - INFO -   dataset        : ieee
2026-05-19 19:59:20,943 - cyberbully - INFO -   preprocess     : True
2026-05-19 19:59:20,943 - cyberbully - INFO -   augment        : False
2026-05-19 19:59:20,943 - cyberbully - INFO -   compute_attribution: False
2026-05-19 19:59:20,943 - cyberbully - INFO -   seed           : 90995999
2026-05-19 19:59:20,943 - cyberbully - INFO -   epochs         : 10
2026-05-19 19:59:20,943 - cyberbully - INFO -   batch_size     : 32
2026-05-19 19:59:20,943 - cyberbully - INFO -   lr             : 5e-05
2026-05-19 19:59:20,943 - cyberbully - INFO -   max_length     : 128
2026-05-19 19:59:20,943 - cyberbully - INFO -   output_dir     : grid-search
2026-05-19 19:59:20,943 - cyberbully - INFO -   data_dir       : dataset
2026-05-19 19:59:20,943 - cyberbully - INFO -   sbert          : False
2026-05-19 19:59:20,943 - cyberbully - INFO -   supcon         : False
2026-05-19 19:59:20,943 - cyberbully - INFO -   supcon_weight  : 0.1
2026-05-19 19:59:20,943 - cyberbully - INFO -   proj_dim       : 128
2026-05-19 19:59:20,943 - cyberbully - INFO -   grad_accum_steps: 1
2026-05-19 19:59:20,943 - cyberbully - INFO -   overwrite      : True
2026-05-19 19:59:20,943 - cyberbully - INFO -   device         : cuda
2026-05-19 19:59:20,943 - cyberbully - INFO -   output_dir     : experiments/grid-search/bert-base-cased/ieee/prep1_aug0/seed_90995999
2026-05-19 19:59:20,943 - cyberbully - INFO - ============================================================
2026-05-19 19:59:20,943 - cyberbully - INFO - Step 1: Preparing data...
2026-05-19 19:59:20,947 - cyberbully - INFO - Loaded pre-split data from dataset/ieee — train: 1348, val: 338, test: 422
2026-05-19 19:59:20,947 - cyberbully - INFO - Label mapping: {'Cyberstalking': 0, 'Doxing': 1, 'Revenge Porn': 2, 'Sexual Harassment': 3, 'Slut Shaming': 4}
2026-05-19 19:59:20,948 - cyberbully - INFO - Applying text preprocessing per split...
2026-05-19 19:59:21,636 - cyberbully - INFO - After preprocessing -- train: 1348, val: 338, test: 422
2026-05-19 19:59:21,638 - cyberbully - INFO - Number of classes: 5
2026-05-19 19:59:21,639 - cyberbully - INFO - Step 2: Loading model and tokenizer...
2026-05-19 19:59:21,639 - cyberbully - INFO - Loading model 'bert-base-cased' with 5 labels (sbert=False, supcon=False)
2026-05-19 19:59:22,360 - cyberbully - INFO - Step 3: Creating datasets...
2026-05-19 19:59:22,382 - cyberbully - INFO - Dataset sizes — train: 1348, val: 338, test: 422
2026-05-19 19:59:22,382 - cyberbully - INFO - Step 4: Training...
2026-05-19 19:59:22,541 - cyberbully - INFO - Starting training...
2026-05-19 20:00:03,271 - cyberbully - INFO - Training complete.
2026-05-19 20:00:03,371 - cyberbully - INFO - Removed checkpoint: experiments/grid-search/bert-base-cased/ieee/prep1_aug0/seed_90995999/checkpoint-215
2026-05-19 20:00:03,469 - cyberbully - INFO - Removed checkpoint: experiments/grid-search/bert-base-cased/ieee/prep1_aug0/seed_90995999/checkpoint-387
2026-05-19 20:00:03,566 - cyberbully - INFO - Removed checkpoint: experiments/grid-search/bert-base-cased/ieee/prep1_aug0/seed_90995999/checkpoint-86
2026-05-19 20:00:03,662 - cyberbully - INFO - Removed checkpoint: experiments/grid-search/bert-base-cased/ieee/prep1_aug0/seed_90995999/checkpoint-129
2026-05-19 20:00:03,760 - cyberbully - INFO - Removed checkpoint: experiments/grid-search/bert-base-cased/ieee/prep1_aug0/seed_90995999/checkpoint-344
2026-05-19 20:00:03,859 - cyberbully - INFO - Removed checkpoint: experiments/grid-search/bert-base-cased/ieee/prep1_aug0/seed_90995999/checkpoint-258
2026-05-19 20:00:04,170 - cyberbully - INFO - Removed checkpoint: experiments/grid-search/bert-base-cased/ieee/prep1_aug0/seed_90995999/checkpoint-43
2026-05-19 20:00:04,271 - cyberbully - INFO - Removed checkpoint: experiments/grid-search/bert-base-cased/ieee/prep1_aug0/seed_90995999/checkpoint-301
2026-05-19 20:00:05,035 - cyberbully - INFO - Removed checkpoint: experiments/grid-search/bert-base-cased/ieee/prep1_aug0/seed_90995999/checkpoint-172
2026-05-19 20:00:05,133 - cyberbully - INFO - Removed checkpoint: experiments/grid-search/bert-base-cased/ieee/prep1_aug0/seed_90995999/checkpoint-430
2026-05-19 20:00:05,133 - cyberbully - INFO - Step 5: Evaluating on test set...
2026-05-19 20:00:11,509 - cyberbully - INFO - Metrics saved to experiments/grid-search/bert-base-cased/ieee/prep1_aug0/seed_90995999/metrics.json
2026-05-19 20:00:11,509 - cyberbully - INFO - Confusion matrix saved to experiments/grid-search/bert-base-cased/ieee/prep1_aug0/seed_90995999/confusion_matrix.json
2026-05-19 20:00:11,514 - cyberbully - INFO - Per-sample predictions saved to experiments/grid-search/bert-base-cased/ieee/prep1_aug0/seed_90995999/predictions.json
2026-05-19 20:00:11,635 - cyberbully - INFO - Confusion matrix figure saved to experiments/grid-search/bert-base-cased/ieee/prep1_aug0/seed_90995999/confusion_matrix.pdf
2026-05-19 20:00:11,635 - cyberbully - INFO - Accuracy: 0.8128
2026-05-19 20:00:11,635 - cyberbully - INFO - Weighted F1: 0.8154
2026-05-19 20:00:11,635 - cyberbully - INFO - Micro F1: 0.8128
2026-05-19 20:00:11,635 - cyberbully - INFO - Inference time: 0.20 seconds
2026-05-19 20:00:11,635 - cyberbully - INFO - Energy consumption: 0.000023 kWh
2026-05-19 20:00:11,635 - cyberbully - INFO - ============================================================
2026-05-19 20:00:11,635 - cyberbully - INFO - Pipeline complete. Results saved to: experiments/grid-search/bert-base-cased/ieee/prep1_aug0/seed_90995999
2026-05-19 20:00:11,635 - cyberbully - INFO - ============================================================
