2026-02-18 01:11:47,241 - cyberbully - INFO - ============================================================
2026-02-18 01:11:47,241 - cyberbully - INFO - Cyberbullying Detection Pipeline
2026-02-18 01:11:47,241 - cyberbully - INFO - ============================================================
2026-02-18 01:11:47,241 - cyberbully - INFO - Configuration:
2026-02-18 01:11:47,241 - cyberbully - INFO -   model          : Twitter/twhin-bert-base
2026-02-18 01:11:47,241 - cyberbully - INFO -   dataset        : kaggle
2026-02-18 01:11:47,241 - cyberbully - INFO -   preprocess     : True
2026-02-18 01:11:47,241 - cyberbully - INFO -   augment        : True
2026-02-18 01:11:47,241 - cyberbully - INFO -   compute_attribution: False
2026-02-18 01:11:47,241 - cyberbully - INFO -   seed           : 67351593
2026-02-18 01:11:47,241 - cyberbully - INFO -   epochs         : 5
2026-02-18 01:11:47,241 - cyberbully - INFO -   batch_size     : 16
2026-02-18 01:11:47,241 - cyberbully - INFO -   lr             : 2e-05
2026-02-18 01:11:47,241 - cyberbully - INFO -   max_length     : 128
2026-02-18 01:11:47,241 - cyberbully - INFO -   output_dir     : domain-model
2026-02-18 01:11:47,241 - cyberbully - INFO -   data_dir       : dataset
2026-02-18 01:11:47,241 - cyberbully - INFO -   sbert          : False
2026-02-18 01:11:47,241 - cyberbully - INFO -   overwrite      : False
2026-02-18 01:11:47,241 - cyberbully - INFO -   device         : cuda
2026-02-18 01:11:47,241 - cyberbully - INFO -   output_dir     : experiments/domain-model/Twitter_twhin-bert-base/kaggle/prep1_aug1/seed_67351593
2026-02-18 01:11:47,241 - cyberbully - INFO - ============================================================
2026-02-18 01:11:47,241 - cyberbully - INFO - Step 1: Preparing data...
2026-02-18 01:11:47,241 - cyberbully - INFO - Loading dataset 'kaggle' from dataset/Kaggle.csv
2026-02-18 01:11:47,301 - cyberbully - INFO - Loaded 47656 samples with 6 classes: ['age', 'ethnicity', 'gender', 'not_cyberbullying', 'other_cyberbullying', 'religion']
2026-02-18 01:11:47,301 - cyberbully - INFO - Applying text preprocessing...
2026-02-18 01:12:39,201 - cyberbully - INFO - After preprocessing: 41404 samples remain
2026-02-18 01:12:39,203 - cyberbully - INFO - Label mapping: {'age': 0, 'ethnicity': 1, 'gender': 2, 'not_cyberbullying': 3, 'other_cyberbullying': 4, 'religion': 5}
2026-02-18 01:12:39,215 - cyberbully - INFO - Split sizes — train: 26498, val: 6625, test: 8281
2026-02-18 01:12:39,215 - cyberbully - INFO - Applying training data augmentation (oversampling)...
2026-02-18 01:12:39,221 - cyberbully - INFO - After oversampling — class distribution: {0: 5066, 1: 5066, 2: 5066, 3: 5066, 4: 5066, 5: 5066}
2026-02-18 01:12:39,222 - cyberbully - INFO - Number of classes: 6
2026-02-18 01:12:39,223 - cyberbully - INFO - Step 2: Loading model and tokenizer...
2026-02-18 01:12:39,223 - cyberbully - INFO - Loading model 'Twitter/twhin-bert-base' with 6 labels (sbert=False)
2026-02-18 01:12:40,519 - cyberbully - INFO - Step 3: Creating datasets...
2026-02-18 01:12:41,301 - cyberbully - INFO - Dataset sizes — train: 30396, val: 6625, test: 8281
2026-02-18 01:12:41,301 - cyberbully - INFO - Step 4: Training...
2026-02-18 01:12:41,635 - cyberbully - INFO - Starting training...
2026-02-18 01:26:22,637 - cyberbully - INFO - Training complete.
2026-02-18 01:26:22,638 - cyberbully - INFO - Step 5: Evaluating on test set...
2026-02-18 01:26:33,733 - cyberbully - INFO - Metrics saved to experiments/domain-model/Twitter_twhin-bert-base/kaggle/prep1_aug1/seed_67351593/metrics.json
2026-02-18 01:26:33,733 - cyberbully - INFO - Confusion matrix saved to experiments/domain-model/Twitter_twhin-bert-base/kaggle/prep1_aug1/seed_67351593/confusion_matrix.json
2026-02-18 01:26:33,845 - cyberbully - INFO - Confusion matrix figure saved to experiments/domain-model/Twitter_twhin-bert-base/kaggle/prep1_aug1/seed_67351593/confusion_matrix.pdf
2026-02-18 01:26:33,845 - cyberbully - INFO - Accuracy: 0.8680
2026-02-18 01:26:33,845 - cyberbully - INFO - Weighted F1: 0.8678
2026-02-18 01:26:33,845 - cyberbully - INFO - Micro F1: 0.8680
2026-02-18 01:26:33,845 - cyberbully - INFO - Inference time: 6.77 seconds
2026-02-18 01:26:33,845 - cyberbully - INFO - Energy consumption: 0.000405 kWh
2026-02-18 01:26:33,845 - cyberbully - INFO - ============================================================
2026-02-18 01:26:33,845 - cyberbully - INFO - Pipeline complete. Results saved to: experiments/domain-model/Twitter_twhin-bert-base/kaggle/prep1_aug1/seed_67351593
2026-02-18 01:26:33,845 - cyberbully - INFO - ============================================================
