2026-02-12 19:30:37,701 - cyberbully - INFO - ============================================================
2026-02-12 19:30:37,702 - cyberbully - INFO - Cyberbullying Detection Pipeline
2026-02-12 19:30:37,702 - cyberbully - INFO - ============================================================
2026-02-12 19:30:37,702 - cyberbully - INFO - Configuration:
2026-02-12 19:30:37,702 - cyberbully - INFO -   model          : xlnet-base-cased
2026-02-12 19:30:37,702 - cyberbully - INFO -   dataset        : kaggle
2026-02-12 19:30:37,702 - cyberbully - INFO -   preprocess     : True
2026-02-12 19:30:37,702 - cyberbully - INFO -   augment        : True
2026-02-12 19:30:37,702 - cyberbully - INFO -   compute_attribution: False
2026-02-12 19:30:37,702 - cyberbully - INFO -   seed           : 24677315
2026-02-12 19:30:37,702 - cyberbully - INFO -   epochs         : 5
2026-02-12 19:30:37,702 - cyberbully - INFO -   batch_size     : 16
2026-02-12 19:30:37,702 - cyberbully - INFO -   lr             : 2e-05
2026-02-12 19:30:37,702 - cyberbully - INFO -   max_length     : 128
2026-02-12 19:30:37,702 - cyberbully - INFO -   output_dir     : experiments
2026-02-12 19:30:37,702 - cyberbully - INFO -   data_dir       : dataset
2026-02-12 19:30:37,702 - cyberbully - INFO -   overwrite      : False
2026-02-12 19:30:37,702 - cyberbully - INFO -   device         : cuda
2026-02-12 19:30:37,702 - cyberbully - INFO -   output_dir     : experiments/xlnet-base-cased/kaggle/prep1_aug1/seed_24677315
2026-02-12 19:30:37,702 - cyberbully - INFO - ============================================================
2026-02-12 19:30:37,702 - cyberbully - INFO - Step 1: Preparing data...
2026-02-12 19:30:37,702 - cyberbully - INFO - Loading dataset 'kaggle' from dataset/Kaggle.csv
2026-02-12 19:30:37,759 - cyberbully - INFO - Loaded 47656 samples with 6 classes: ['age', 'ethnicity', 'gender', 'not_cyberbullying', 'other_cyberbullying', 'religion']
2026-02-12 19:30:37,759 - cyberbully - INFO - Applying text preprocessing...
2026-02-12 19:31:31,877 - cyberbully - INFO - After preprocessing: 41398 samples remain
2026-02-12 19:31:31,880 - cyberbully - INFO - Label mapping: {'age': 0, 'ethnicity': 1, 'gender': 2, 'not_cyberbullying': 3, 'other_cyberbullying': 4, 'religion': 5}
2026-02-12 19:31:31,891 - cyberbully - INFO - Split sizes — train: 26494, val: 6624, test: 8280
2026-02-12 19:31:31,891 - cyberbully - INFO - Applying training data augmentation (oversampling)...
2026-02-12 19:31:31,897 - cyberbully - INFO - After oversampling — class distribution: {0: 5067, 1: 5067, 2: 5067, 3: 5067, 4: 5067, 5: 5067}
2026-02-12 19:31:31,898 - cyberbully - INFO - Number of classes: 6
2026-02-12 19:31:31,898 - cyberbully - INFO - Step 2: Loading model and tokenizer...
2026-02-12 19:31:31,898 - cyberbully - INFO - Loading model 'xlnet-base-cased' with 6 labels
2026-02-12 19:31:34,486 - cyberbully - INFO - Step 3: Tokenizing datasets...
2026-02-12 19:31:35,484 - cyberbully - INFO - Dataset sizes — train: 30402, val: 6624, test: 8280
2026-02-12 19:31:35,484 - cyberbully - INFO - Step 4: Training...
2026-02-12 19:31:35,726 - cyberbully - INFO - Starting training...
2026-02-12 19:44:06,983 - cyberbully - INFO - Training complete.
2026-02-12 19:44:06,983 - cyberbully - INFO - Step 5: Evaluating on test set...
2026-02-12 19:44:21,794 - cyberbully - INFO - Metrics saved to experiments/xlnet-base-cased/kaggle/prep1_aug1/seed_24677315/metrics.json
2026-02-12 19:44:21,794 - cyberbully - INFO - Confusion matrix saved to experiments/xlnet-base-cased/kaggle/prep1_aug1/seed_24677315/confusion_matrix.json
2026-02-12 19:44:21,906 - cyberbully - INFO - Confusion matrix figure saved to experiments/xlnet-base-cased/kaggle/prep1_aug1/seed_24677315/confusion_matrix.pdf
2026-02-12 19:44:21,906 - cyberbully - INFO - Accuracy: 0.8576
2026-02-12 19:44:21,906 - cyberbully - INFO - Weighted F1: 0.8568
2026-02-12 19:44:21,906 - cyberbully - INFO - Micro F1: 0.8576
2026-02-12 19:44:21,906 - cyberbully - INFO - Inference time: 10.46 seconds
2026-02-12 19:44:21,906 - cyberbully - INFO - Energy consumption: 0.000631 kWh
2026-02-12 19:44:21,906 - cyberbully - INFO - ============================================================
2026-02-12 19:44:21,906 - cyberbully - INFO - Pipeline complete. Results saved to: experiments/xlnet-base-cased/kaggle/prep1_aug1/seed_24677315
2026-02-12 19:44:21,906 - cyberbully - INFO - ============================================================
