2026-05-20 13:53:49,491 - cyberbully - INFO - ============================================================
2026-05-20 13:53:49,491 - cyberbully - INFO - Cyberbullying Detection Pipeline
2026-05-20 13:53:49,491 - cyberbully - INFO - ============================================================
2026-05-20 13:53:49,491 - cyberbully - INFO - Configuration:
2026-05-20 13:53:49,491 - cyberbully - INFO -   model          : distilbert-base-uncased
2026-05-20 13:53:49,491 - cyberbully - INFO -   dataset        : ieee
2026-05-20 13:53:49,491 - cyberbully - INFO -   preprocess     : True
2026-05-20 13:53:49,491 - cyberbully - INFO -   augment        : False
2026-05-20 13:53:49,491 - cyberbully - INFO -   compute_attribution: False
2026-05-20 13:53:49,491 - cyberbully - INFO -   seed           : 14298463
2026-05-20 13:53:49,491 - cyberbully - INFO -   epochs         : 10
2026-05-20 13:53:49,491 - cyberbully - INFO -   batch_size     : 32
2026-05-20 13:53:49,491 - cyberbully - INFO -   lr             : 5e-05
2026-05-20 13:53:49,491 - cyberbully - INFO -   max_length     : 128
2026-05-20 13:53:49,491 - cyberbully - INFO -   output_dir     : grid-search
2026-05-20 13:53:49,491 - cyberbully - INFO -   data_dir       : dataset
2026-05-20 13:53:49,491 - cyberbully - INFO -   sbert          : False
2026-05-20 13:53:49,491 - cyberbully - INFO -   supcon         : False
2026-05-20 13:53:49,491 - cyberbully - INFO -   supcon_weight  : 0.1
2026-05-20 13:53:49,491 - cyberbully - INFO -   proj_dim       : 128
2026-05-20 13:53:49,491 - cyberbully - INFO -   grad_accum_steps: 1
2026-05-20 13:53:49,491 - cyberbully - INFO -   overwrite      : True
2026-05-20 13:53:49,491 - cyberbully - INFO -   device         : cuda
2026-05-20 13:53:49,491 - cyberbully - INFO -   output_dir     : experiments/grid-search/distilbert-base-uncased/ieee/prep1_aug0/seed_14298463
2026-05-20 13:53:49,491 - cyberbully - INFO - ============================================================
2026-05-20 13:53:49,491 - cyberbully - INFO - Step 1: Preparing data...
2026-05-20 13:53:49,495 - cyberbully - INFO - Loaded pre-split data from dataset/ieee — train: 1348, val: 338, test: 422
2026-05-20 13:53:49,495 - cyberbully - INFO - Label mapping: {'Cyberstalking': 0, 'Doxing': 1, 'Revenge Porn': 2, 'Sexual Harassment': 3, 'Slut Shaming': 4}
2026-05-20 13:53:49,496 - cyberbully - INFO - Applying text preprocessing per split...
2026-05-20 13:53:50,192 - cyberbully - INFO - After preprocessing -- train: 1348, val: 338, test: 422
2026-05-20 13:53:50,194 - cyberbully - INFO - Number of classes: 5
2026-05-20 13:53:50,195 - cyberbully - INFO - Step 2: Loading model and tokenizer...
2026-05-20 13:53:50,195 - cyberbully - INFO - Loading model 'distilbert-base-uncased' with 5 labels (sbert=False, supcon=False)
2026-05-20 13:53:50,876 - cyberbully - INFO - Step 3: Creating datasets...
2026-05-20 13:53:50,895 - cyberbully - INFO - Dataset sizes — train: 1348, val: 338, test: 422
2026-05-20 13:53:50,895 - cyberbully - INFO - Step 4: Training...
2026-05-20 13:53:51,023 - cyberbully - INFO - Starting training...
2026-05-20 13:54:17,733 - cyberbully - INFO - Training complete.
2026-05-20 13:54:18,328 - cyberbully - INFO - Removed checkpoint: experiments/grid-search/distilbert-base-uncased/ieee/prep1_aug0/seed_14298463/checkpoint-215
2026-05-20 13:54:18,391 - cyberbully - INFO - Removed checkpoint: experiments/grid-search/distilbert-base-uncased/ieee/prep1_aug0/seed_14298463/checkpoint-387
2026-05-20 13:54:18,458 - cyberbully - INFO - Removed checkpoint: experiments/grid-search/distilbert-base-uncased/ieee/prep1_aug0/seed_14298463/checkpoint-86
2026-05-20 13:54:18,523 - cyberbully - INFO - Removed checkpoint: experiments/grid-search/distilbert-base-uncased/ieee/prep1_aug0/seed_14298463/checkpoint-129
2026-05-20 13:54:18,586 - cyberbully - INFO - Removed checkpoint: experiments/grid-search/distilbert-base-uncased/ieee/prep1_aug0/seed_14298463/checkpoint-344
2026-05-20 13:54:19,327 - cyberbully - INFO - Removed checkpoint: experiments/grid-search/distilbert-base-uncased/ieee/prep1_aug0/seed_14298463/checkpoint-258
2026-05-20 13:54:20,399 - cyberbully - INFO - Removed checkpoint: experiments/grid-search/distilbert-base-uncased/ieee/prep1_aug0/seed_14298463/checkpoint-43
2026-05-20 13:54:20,469 - cyberbully - INFO - Removed checkpoint: experiments/grid-search/distilbert-base-uncased/ieee/prep1_aug0/seed_14298463/checkpoint-301
2026-05-20 13:54:21,368 - cyberbully - INFO - Removed checkpoint: experiments/grid-search/distilbert-base-uncased/ieee/prep1_aug0/seed_14298463/checkpoint-172
2026-05-20 13:54:21,433 - cyberbully - INFO - Removed checkpoint: experiments/grid-search/distilbert-base-uncased/ieee/prep1_aug0/seed_14298463/checkpoint-430
2026-05-20 13:54:21,433 - cyberbully - INFO - Step 5: Evaluating on test set...
2026-05-20 13:54:27,558 - cyberbully - INFO - Metrics saved to experiments/grid-search/distilbert-base-uncased/ieee/prep1_aug0/seed_14298463/metrics.json
2026-05-20 13:54:27,558 - cyberbully - INFO - Confusion matrix saved to experiments/grid-search/distilbert-base-uncased/ieee/prep1_aug0/seed_14298463/confusion_matrix.json
2026-05-20 13:54:27,563 - cyberbully - INFO - Per-sample predictions saved to experiments/grid-search/distilbert-base-uncased/ieee/prep1_aug0/seed_14298463/predictions.json
2026-05-20 13:54:27,682 - cyberbully - INFO - Confusion matrix figure saved to experiments/grid-search/distilbert-base-uncased/ieee/prep1_aug0/seed_14298463/confusion_matrix.pdf
2026-05-20 13:54:27,682 - cyberbully - INFO - Accuracy: 0.8081
2026-05-20 13:54:27,682 - cyberbully - INFO - Weighted F1: 0.8098
2026-05-20 13:54:27,682 - cyberbully - INFO - Micro F1: 0.8081
2026-05-20 13:54:27,682 - cyberbully - INFO - Inference time: 0.12 seconds
2026-05-20 13:54:27,682 - cyberbully - INFO - Energy consumption: 0.000018 kWh
2026-05-20 13:54:27,682 - cyberbully - INFO - ============================================================
2026-05-20 13:54:27,682 - cyberbully - INFO - Pipeline complete. Results saved to: experiments/grid-search/distilbert-base-uncased/ieee/prep1_aug0/seed_14298463
2026-05-20 13:54:27,682 - cyberbully - INFO - ============================================================
