2026-02-13 04:53:20,773 - cyberbully - INFO - ============================================================
2026-02-13 04:53:20,773 - cyberbully - INFO - Cyberbullying Detection Pipeline
2026-02-13 04:53:20,773 - cyberbully - INFO - ============================================================
2026-02-13 04:53:20,773 - cyberbully - INFO - Configuration:
2026-02-13 04:53:20,773 - cyberbully - INFO -   model          : xlnet-base-cased
2026-02-13 04:53:20,773 - cyberbully - INFO -   dataset        : tweeteval
2026-02-13 04:53:20,773 - cyberbully - INFO -   preprocess     : True
2026-02-13 04:53:20,773 - cyberbully - INFO -   augment        : False
2026-02-13 04:53:20,773 - cyberbully - INFO -   compute_attribution: False
2026-02-13 04:53:20,773 - cyberbully - INFO -   seed           : 90995999
2026-02-13 04:53:20,773 - cyberbully - INFO -   epochs         : 5
2026-02-13 04:53:20,773 - cyberbully - INFO -   batch_size     : 16
2026-02-13 04:53:20,773 - cyberbully - INFO -   lr             : 2e-05
2026-02-13 04:53:20,773 - cyberbully - INFO -   max_length     : 128
2026-02-13 04:53:20,773 - cyberbully - INFO -   output_dir     : experiments
2026-02-13 04:53:20,773 - cyberbully - INFO -   data_dir       : dataset
2026-02-13 04:53:20,773 - cyberbully - INFO -   overwrite      : False
2026-02-13 04:53:20,773 - cyberbully - INFO -   device         : cuda
2026-02-13 04:53:20,773 - cyberbully - INFO -   output_dir     : experiments/xlnet-base-cased/tweeteval/prep1_aug0/seed_90995999
2026-02-13 04:53:20,773 - cyberbully - INFO - ============================================================
2026-02-13 04:53:20,773 - cyberbully - INFO - Step 1: Preparing data...
2026-02-13 04:53:20,773 - cyberbully - INFO - Loading dataset 'tweeteval' from dataset/Tweeteval.csv
2026-02-13 04:53:20,847 - cyberbully - INFO - Loaded 50759 samples with 5 classes: ['emotion', 'hate', 'offensive', 'religion', 'spiritual']
2026-02-13 04:53:20,847 - cyberbully - INFO - Applying text preprocessing...
2026-02-13 04:54:17,089 - cyberbully - INFO - After preprocessing: 47394 samples remain
2026-02-13 04:54:17,092 - cyberbully - INFO - Label mapping: {'emotion': 0, 'hate': 1, 'offensive': 2, 'religion': 3, 'spiritual': 4}
2026-02-13 04:54:17,105 - cyberbully - INFO - Split sizes — train: 30332, val: 7583, test: 9479
2026-02-13 04:54:17,105 - cyberbully - INFO - Number of classes: 5
2026-02-13 04:54:17,105 - cyberbully - INFO - Step 2: Loading model and tokenizer...
2026-02-13 04:54:17,105 - cyberbully - INFO - Loading model 'xlnet-base-cased' with 5 labels
2026-02-13 04:54:19,359 - cyberbully - INFO - Step 3: Tokenizing datasets...
2026-02-13 04:54:20,397 - cyberbully - INFO - Dataset sizes — train: 30332, val: 7583, test: 9479
2026-02-13 04:54:20,397 - cyberbully - INFO - Step 4: Training...
2026-02-13 04:54:20,654 - cyberbully - INFO - Starting training...
2026-02-13 05:06:53,195 - cyberbully - INFO - Training complete.
2026-02-13 05:06:53,196 - cyberbully - INFO - Step 5: Evaluating on test set...
2026-02-13 05:07:09,453 - cyberbully - INFO - Metrics saved to experiments/xlnet-base-cased/tweeteval/prep1_aug0/seed_90995999/metrics.json
2026-02-13 05:07:09,453 - cyberbully - INFO - Confusion matrix saved to experiments/xlnet-base-cased/tweeteval/prep1_aug0/seed_90995999/confusion_matrix.json
2026-02-13 05:07:09,555 - cyberbully - INFO - Confusion matrix figure saved to experiments/xlnet-base-cased/tweeteval/prep1_aug0/seed_90995999/confusion_matrix.pdf
2026-02-13 05:07:09,555 - cyberbully - INFO - Accuracy: 0.9381
2026-02-13 05:07:09,556 - cyberbully - INFO - Weighted F1: 0.9380
2026-02-13 05:07:09,556 - cyberbully - INFO - Micro F1: 0.9381
2026-02-13 05:07:09,556 - cyberbully - INFO - Inference time: 11.94 seconds
2026-02-13 05:07:09,556 - cyberbully - INFO - Energy consumption: 0.000722 kWh
2026-02-13 05:07:09,556 - cyberbully - INFO - ============================================================
2026-02-13 05:07:09,556 - cyberbully - INFO - Pipeline complete. Results saved to: experiments/xlnet-base-cased/tweeteval/prep1_aug0/seed_90995999
2026-02-13 05:07:09,556 - cyberbully - INFO - ============================================================
