2026-03-23 18:32:43,338 - cyberbully - INFO - ============================================================
2026-03-23 18:32:43,338 - cyberbully - INFO - Cyberbullying Detection Pipeline
2026-03-23 18:32:43,338 - cyberbully - INFO - ============================================================
2026-03-23 18:32:43,338 - cyberbully - INFO - Configuration:
2026-03-23 18:32:43,338 - cyberbully - INFO -   model          : roberta-base
2026-03-23 18:32:43,338 - cyberbully - INFO -   dataset        : kaggle
2026-03-23 18:32:43,338 - cyberbully - INFO -   preprocess     : True
2026-03-23 18:32:43,338 - cyberbully - INFO -   augment        : True
2026-03-23 18:32:43,338 - cyberbully - INFO -   compute_attribution: False
2026-03-23 18:32:43,338 - cyberbully - INFO -   seed           : 67351593
2026-03-23 18:32:43,338 - cyberbully - INFO -   epochs         : 10
2026-03-23 18:32:43,338 - cyberbully - INFO -   batch_size     : 32
2026-03-23 18:32:43,338 - cyberbully - INFO -   lr             : 5e-05
2026-03-23 18:32:43,339 - cyberbully - INFO -   max_length     : 128
2026-03-23 18:32:43,339 - cyberbully - INFO -   output_dir     : grid-search
2026-03-23 18:32:43,339 - cyberbully - INFO -   data_dir       : dataset
2026-03-23 18:32:43,339 - cyberbully - INFO -   sbert          : False
2026-03-23 18:32:43,339 - cyberbully - INFO -   supcon         : False
2026-03-23 18:32:43,339 - cyberbully - INFO -   supcon_weight  : 0.1
2026-03-23 18:32:43,339 - cyberbully - INFO -   proj_dim       : 128
2026-03-23 18:32:43,339 - cyberbully - INFO -   grad_accum_steps: 1
2026-03-23 18:32:43,339 - cyberbully - INFO -   overwrite      : False
2026-03-23 18:32:43,339 - cyberbully - INFO -   device         : cuda
2026-03-23 18:32:43,339 - cyberbully - INFO -   output_dir     : experiments/grid-search/roberta-base/kaggle/prep1_aug1/seed_67351593
2026-03-23 18:32:43,339 - cyberbully - INFO - ============================================================
2026-03-23 18:32:43,339 - cyberbully - INFO - Step 1: Preparing data...
2026-03-23 18:32:43,387 - cyberbully - INFO - Loaded pre-split data from dataset/kaggle — train: 25604, val: 6401, test: 8002
2026-03-23 18:32:43,387 - cyberbully - INFO - Label mapping: {'age': 0, 'ethnicity': 1, 'gender': 2, 'other_cyberbullying': 3, 'religion': 4}
2026-03-23 18:32:43,387 - cyberbully - INFO - Applying text preprocessing per split...
2026-03-23 18:33:28,367 - cyberbully - INFO - After preprocessing — train: 23561, val: 5975, test: 7422
2026-03-23 18:33:28,368 - cyberbully - INFO - Applying training data augmentation (oversampling)...
2026-03-23 18:33:28,372 - cyberbully - INFO - After oversampling — class distribution: {0: 5068, 1: 5068, 2: 5068, 3: 5068, 4: 5068}
2026-03-23 18:33:28,382 - cyberbully - INFO - Number of classes: 5
2026-03-23 18:33:28,383 - cyberbully - INFO - Step 2: Loading model and tokenizer...
2026-03-23 18:33:28,383 - cyberbully - INFO - Loading model 'roberta-base' with 5 labels (sbert=False, supcon=False)
2026-03-23 18:33:29,101 - cyberbully - INFO - Step 3: Creating datasets...
2026-03-23 18:33:29,705 - cyberbully - INFO - Dataset sizes — train: 25340, val: 5975, test: 7422
2026-03-23 18:33:29,705 - cyberbully - INFO - Step 4: Training...
2026-03-23 18:33:29,837 - cyberbully - INFO - Starting training...
2026-03-23 18:43:02,009 - cyberbully - INFO - Training complete.
2026-03-23 18:43:02,114 - cyberbully - INFO - Removed checkpoint: experiments/grid-search/roberta-base/kaggle/prep1_aug1/seed_67351593/checkpoint-3960
2026-03-23 18:43:02,215 - cyberbully - INFO - Removed checkpoint: experiments/grid-search/roberta-base/kaggle/prep1_aug1/seed_67351593/checkpoint-1584
2026-03-23 18:43:02,305 - cyberbully - INFO - Removed checkpoint: experiments/grid-search/roberta-base/kaggle/prep1_aug1/seed_67351593/checkpoint-7128
2026-03-23 18:43:02,378 - cyberbully - INFO - Removed checkpoint: experiments/grid-search/roberta-base/kaggle/prep1_aug1/seed_67351593/checkpoint-792
2026-03-23 18:43:02,467 - cyberbully - INFO - Removed checkpoint: experiments/grid-search/roberta-base/kaggle/prep1_aug1/seed_67351593/checkpoint-4752
2026-03-23 18:43:02,560 - cyberbully - INFO - Removed checkpoint: experiments/grid-search/roberta-base/kaggle/prep1_aug1/seed_67351593/checkpoint-2376
2026-03-23 18:43:02,648 - cyberbully - INFO - Removed checkpoint: experiments/grid-search/roberta-base/kaggle/prep1_aug1/seed_67351593/checkpoint-5544
2026-03-23 18:43:02,740 - cyberbully - INFO - Removed checkpoint: experiments/grid-search/roberta-base/kaggle/prep1_aug1/seed_67351593/checkpoint-3168
2026-03-23 18:43:02,828 - cyberbully - INFO - Removed checkpoint: experiments/grid-search/roberta-base/kaggle/prep1_aug1/seed_67351593/checkpoint-6336
2026-03-23 18:43:02,922 - cyberbully - INFO - Removed checkpoint: experiments/grid-search/roberta-base/kaggle/prep1_aug1/seed_67351593/checkpoint-7920
2026-03-23 18:43:02,922 - cyberbully - INFO - Step 5: Evaluating on test set...
2026-03-23 18:43:10,285 - cyberbully - INFO - Metrics saved to experiments/grid-search/roberta-base/kaggle/prep1_aug1/seed_67351593/metrics.json
2026-03-23 18:43:10,285 - cyberbully - INFO - Confusion matrix saved to experiments/grid-search/roberta-base/kaggle/prep1_aug1/seed_67351593/confusion_matrix.json
2026-03-23 18:43:10,359 - cyberbully - INFO - Per-sample predictions saved to experiments/grid-search/roberta-base/kaggle/prep1_aug1/seed_67351593/predictions.json
2026-03-23 18:43:10,464 - cyberbully - INFO - Confusion matrix figure saved to experiments/grid-search/roberta-base/kaggle/prep1_aug1/seed_67351593/confusion_matrix.pdf
2026-03-23 18:43:10,464 - cyberbully - INFO - Accuracy: 0.9539
2026-03-23 18:43:10,464 - cyberbully - INFO - Weighted F1: 0.9540
2026-03-23 18:43:10,464 - cyberbully - INFO - Micro F1: 0.9539
2026-03-23 18:43:10,464 - cyberbully - INFO - Inference time: 3.16 seconds
2026-03-23 18:43:10,464 - cyberbully - INFO - Energy consumption: 0.000168 kWh
2026-03-23 18:43:10,465 - cyberbully - INFO - ============================================================
2026-03-23 18:43:10,465 - cyberbully - INFO - Pipeline complete. Results saved to: experiments/grid-search/roberta-base/kaggle/prep1_aug1/seed_67351593
2026-03-23 18:43:10,465 - cyberbully - INFO - ============================================================
