2026-02-12 21:48:28,854 - cyberbully - INFO - ============================================================
2026-02-12 21:48:28,854 - cyberbully - INFO - Cyberbullying Detection Pipeline
2026-02-12 21:48:28,854 - cyberbully - INFO - ============================================================
2026-02-12 21:48:28,854 - cyberbully - INFO - Configuration:
2026-02-12 21:48:28,854 - cyberbully - INFO -   model          : xlnet-base-cased
2026-02-12 21:48:28,854 - cyberbully - INFO -   dataset        : tweeteval
2026-02-12 21:48:28,854 - cyberbully - INFO -   preprocess     : False
2026-02-12 21:48:28,854 - cyberbully - INFO -   augment        : False
2026-02-12 21:48:28,854 - cyberbully - INFO -   compute_attribution: False
2026-02-12 21:48:28,854 - cyberbully - INFO -   seed           : 24677315
2026-02-12 21:48:28,854 - cyberbully - INFO -   epochs         : 5
2026-02-12 21:48:28,855 - cyberbully - INFO -   batch_size     : 16
2026-02-12 21:48:28,855 - cyberbully - INFO -   lr             : 2e-05
2026-02-12 21:48:28,855 - cyberbully - INFO -   max_length     : 128
2026-02-12 21:48:28,855 - cyberbully - INFO -   output_dir     : experiments
2026-02-12 21:48:28,855 - cyberbully - INFO -   data_dir       : dataset
2026-02-12 21:48:28,855 - cyberbully - INFO -   overwrite      : False
2026-02-12 21:48:28,855 - cyberbully - INFO -   device         : cuda
2026-02-12 21:48:28,855 - cyberbully - INFO -   output_dir     : experiments/xlnet-base-cased/tweeteval/prep0_aug0/seed_24677315
2026-02-12 21:48:28,855 - cyberbully - INFO - ============================================================
2026-02-12 21:48:28,855 - cyberbully - INFO - Step 1: Preparing data...
2026-02-12 21:48:28,855 - cyberbully - INFO - Loading dataset 'tweeteval' from dataset/Tweeteval.csv
2026-02-12 21:48:28,926 - cyberbully - INFO - Loaded 50759 samples with 5 classes: ['emotion', 'hate', 'offensive', 'religion', 'spiritual']
2026-02-12 21:48:28,928 - cyberbully - INFO - Label mapping: {'emotion': 0, 'hate': 1, 'offensive': 2, 'religion': 3, 'spiritual': 4}
2026-02-12 21:48:28,941 - cyberbully - INFO - Split sizes — train: 32485, val: 8122, test: 10152
2026-02-12 21:48:28,941 - cyberbully - INFO - Number of classes: 5
2026-02-12 21:48:28,942 - cyberbully - INFO - Step 2: Loading model and tokenizer...
2026-02-12 21:48:28,942 - cyberbully - INFO - Loading model 'xlnet-base-cased' with 5 labels
2026-02-12 21:48:31,109 - cyberbully - INFO - Step 3: Tokenizing datasets...
2026-02-12 21:48:32,299 - cyberbully - INFO - Dataset sizes — train: 32485, val: 8122, test: 10152
2026-02-12 21:48:32,299 - cyberbully - INFO - Step 4: Training...
2026-02-12 21:48:32,558 - cyberbully - INFO - Starting training...
2026-02-12 22:02:08,340 - cyberbully - INFO - Training complete.
2026-02-12 22:02:08,340 - cyberbully - INFO - Step 5: Evaluating on test set...
2026-02-12 22:02:25,524 - cyberbully - INFO - Metrics saved to experiments/xlnet-base-cased/tweeteval/prep0_aug0/seed_24677315/metrics.json
2026-02-12 22:02:25,524 - cyberbully - INFO - Confusion matrix saved to experiments/xlnet-base-cased/tweeteval/prep0_aug0/seed_24677315/confusion_matrix.json
2026-02-12 22:02:25,624 - cyberbully - INFO - Confusion matrix figure saved to experiments/xlnet-base-cased/tweeteval/prep0_aug0/seed_24677315/confusion_matrix.pdf
2026-02-12 22:02:25,625 - cyberbully - INFO - Accuracy: 0.9687
2026-02-12 22:02:25,625 - cyberbully - INFO - Weighted F1: 0.9687
2026-02-12 22:02:25,625 - cyberbully - INFO - Micro F1: 0.9687
2026-02-12 22:02:25,625 - cyberbully - INFO - Inference time: 12.86 seconds
2026-02-12 22:02:25,625 - cyberbully - INFO - Energy consumption: 0.000774 kWh
2026-02-12 22:02:25,625 - cyberbully - INFO - ============================================================
2026-02-12 22:02:25,625 - cyberbully - INFO - Pipeline complete. Results saved to: experiments/xlnet-base-cased/tweeteval/prep0_aug0/seed_24677315
2026-02-12 22:02:25,625 - cyberbully - INFO - ============================================================
