2026-02-20 08:27:30,949 - cyberbully - INFO - ============================================================
2026-02-20 08:27:30,949 - cyberbully - INFO - Cyberbullying Detection Pipeline
2026-02-20 08:27:30,949 - cyberbully - INFO - ============================================================
2026-02-20 08:27:30,949 - cyberbully - INFO - Configuration:
2026-02-20 08:27:30,949 - cyberbully - INFO -   model          : all-MiniLM-L6-v2
2026-02-20 08:27:30,949 - cyberbully - INFO -   dataset        : kaggle
2026-02-20 08:27:30,949 - cyberbully - INFO -   preprocess     : True
2026-02-20 08:27:30,949 - cyberbully - INFO -   augment        : True
2026-02-20 08:27:30,949 - cyberbully - INFO -   compute_attribution: False
2026-02-20 08:27:30,949 - cyberbully - INFO -   seed           : 70681460
2026-02-20 08:27:30,949 - cyberbully - INFO -   epochs         : 5
2026-02-20 08:27:30,949 - cyberbully - INFO -   batch_size     : 16
2026-02-20 08:27:30,949 - cyberbully - INFO -   lr             : 2e-05
2026-02-20 08:27:30,949 - cyberbully - INFO -   max_length     : 128
2026-02-20 08:27:30,949 - cyberbully - INFO -   output_dir     : sbert-model
2026-02-20 08:27:30,949 - cyberbully - INFO -   data_dir       : dataset
2026-02-20 08:27:30,949 - cyberbully - INFO -   sbert          : True
2026-02-20 08:27:30,949 - cyberbully - INFO -   overwrite      : False
2026-02-20 08:27:30,949 - cyberbully - INFO -   device         : cuda
2026-02-20 08:27:30,949 - cyberbully - INFO -   output_dir     : experiments/sbert-model/all-MiniLM-L6-v2/kaggle/prep1_aug1/seed_70681460
2026-02-20 08:27:30,949 - cyberbully - INFO - ============================================================
2026-02-20 08:27:30,949 - cyberbully - INFO - Step 1: Preparing data...
2026-02-20 08:27:30,949 - cyberbully - INFO - Loading dataset 'kaggle' from dataset/Kaggle.csv
2026-02-20 08:27:31,008 - cyberbully - INFO - Loaded 47656 samples with 6 classes: ['age', 'ethnicity', 'gender', 'not_cyberbullying', 'other_cyberbullying', 'religion']
2026-02-20 08:27:31,008 - cyberbully - INFO - Applying text preprocessing...
2026-02-20 08:28:23,192 - cyberbully - INFO - After preprocessing: 41399 samples remain
2026-02-20 08:28:23,194 - cyberbully - INFO - Label mapping: {'age': 0, 'ethnicity': 1, 'gender': 2, 'not_cyberbullying': 3, 'other_cyberbullying': 4, 'religion': 5}
2026-02-20 08:28:23,205 - cyberbully - INFO - Split sizes — train: 26495, val: 6624, test: 8280
2026-02-20 08:28:23,205 - cyberbully - INFO - Applying training data augmentation (oversampling)...
2026-02-20 08:28:23,211 - cyberbully - INFO - After oversampling — class distribution: {0: 5065, 1: 5065, 2: 5065, 3: 5065, 4: 5065, 5: 5065}
2026-02-20 08:28:23,212 - cyberbully - INFO - Number of classes: 6
2026-02-20 08:28:23,213 - cyberbully - INFO - Step 2: Loading model and tokenizer...
2026-02-20 08:28:23,213 - cyberbully - INFO - Loading model 'all-MiniLM-L6-v2' with 6 labels (sbert=True)
2026-02-20 08:28:25,821 - cyberbully - INFO - SBERTClassifier: embedding_dim=384, hidden=256, num_labels=6
2026-02-20 08:28:26,127 - cyberbully - INFO - Step 3: Creating datasets...
2026-02-20 08:28:27,020 - cyberbully - INFO - Dataset sizes — train: 30390, val: 6624, test: 8280
2026-02-20 08:28:27,020 - cyberbully - INFO - Step 4: Training...
2026-02-20 08:28:27,064 - cyberbully - INFO - Starting training...
2026-02-20 08:30:54,737 - cyberbully - INFO - Training complete.
2026-02-20 08:30:54,737 - cyberbully - INFO - Step 5: Evaluating on test set...
2026-02-20 08:31:00,665 - cyberbully - INFO - Metrics saved to experiments/sbert-model/all-MiniLM-L6-v2/kaggle/prep1_aug1/seed_70681460/metrics.json
2026-02-20 08:31:00,665 - cyberbully - INFO - Confusion matrix saved to experiments/sbert-model/all-MiniLM-L6-v2/kaggle/prep1_aug1/seed_70681460/confusion_matrix.json
2026-02-20 08:31:00,776 - cyberbully - INFO - Confusion matrix figure saved to experiments/sbert-model/all-MiniLM-L6-v2/kaggle/prep1_aug1/seed_70681460/confusion_matrix.pdf
2026-02-20 08:31:00,777 - cyberbully - INFO - Accuracy: 0.8691
2026-02-20 08:31:00,777 - cyberbully - INFO - Weighted F1: 0.8690
2026-02-20 08:31:00,777 - cyberbully - INFO - Micro F1: 0.8691
2026-02-20 08:31:00,777 - cyberbully - INFO - Inference time: 1.60 seconds
2026-02-20 08:31:00,777 - cyberbully - INFO - Energy consumption: 0.000094 kWh
2026-02-20 08:31:00,777 - cyberbully - INFO - ============================================================
2026-02-20 08:31:00,777 - cyberbully - INFO - Pipeline complete. Results saved to: experiments/sbert-model/all-MiniLM-L6-v2/kaggle/prep1_aug1/seed_70681460
2026-02-20 08:31:00,777 - cyberbully - INFO - ============================================================
