2026-02-11 10:18:40,558 - cyberbully - INFO - ============================================================
2026-02-11 10:18:40,558 - cyberbully - INFO - Cyberbullying Detection Pipeline
2026-02-11 10:18:40,558 - cyberbully - INFO - ============================================================
2026-02-11 10:18:40,558 - cyberbully - INFO - Configuration:
2026-02-11 10:18:40,558 - cyberbully - INFO -   model          : distilbert-base-uncased
2026-02-11 10:18:40,558 - cyberbully - INFO -   dataset        : kaggle
2026-02-11 10:18:40,558 - cyberbully - INFO -   preprocess     : True
2026-02-11 10:18:40,558 - cyberbully - INFO -   augment        : False
2026-02-11 10:18:40,558 - cyberbully - INFO -   compute_attribution: False
2026-02-11 10:18:40,558 - cyberbully - INFO -   seed           : 99511865
2026-02-11 10:18:40,558 - cyberbully - INFO -   epochs         : 5
2026-02-11 10:18:40,558 - cyberbully - INFO -   batch_size     : 16
2026-02-11 10:18:40,558 - cyberbully - INFO -   lr             : 2e-05
2026-02-11 10:18:40,558 - cyberbully - INFO -   max_length     : 128
2026-02-11 10:18:40,558 - cyberbully - INFO -   output_dir     : experiments
2026-02-11 10:18:40,558 - cyberbully - INFO -   data_dir       : dataset
2026-02-11 10:18:40,558 - cyberbully - INFO -   overwrite      : False
2026-02-11 10:18:40,558 - cyberbully - INFO -   device         : cuda
2026-02-11 10:18:40,558 - cyberbully - INFO -   output_dir     : experiments/distilbert-base-uncased/kaggle/prep1_aug0/seed_99511865
2026-02-11 10:18:40,558 - cyberbully - INFO - ============================================================
2026-02-11 10:18:40,558 - cyberbully - INFO - Step 1: Preparing data...
2026-02-11 10:18:40,558 - cyberbully - INFO - Loading dataset 'kaggle' from dataset/Kaggle.csv
2026-02-11 10:18:40,615 - cyberbully - INFO - Loaded 47656 samples with 6 classes: ['age', 'ethnicity', 'gender', 'not_cyberbullying', 'other_cyberbullying', 'religion']
2026-02-11 10:18:40,615 - cyberbully - INFO - Applying text preprocessing...
2026-02-11 10:19:33,457 - cyberbully - INFO - After preprocessing: 41399 samples remain
2026-02-11 10:19:33,459 - cyberbully - INFO - Label mapping: {'age': 0, 'ethnicity': 1, 'gender': 2, 'not_cyberbullying': 3, 'other_cyberbullying': 4, 'religion': 5}
2026-02-11 10:19:33,470 - cyberbully - INFO - Split sizes — train: 26495, val: 6624, test: 8280
2026-02-11 10:19:33,471 - cyberbully - INFO - Number of classes: 6
2026-02-11 10:19:33,471 - cyberbully - INFO - Step 2: Loading model and tokenizer...
2026-02-11 10:19:33,471 - cyberbully - INFO - Loading model 'distilbert-base-uncased' with 6 labels
2026-02-11 10:19:34,190 - cyberbully - INFO - Step 3: Tokenizing datasets...
2026-02-11 10:19:34,815 - cyberbully - INFO - Dataset sizes — train: 26495, val: 6624, test: 8280
2026-02-11 10:19:34,815 - cyberbully - INFO - Step 4: Training...
2026-02-11 10:19:35,018 - cyberbully - INFO - Starting training...
2026-02-11 10:24:10,822 - cyberbully - INFO - Training complete.
2026-02-11 10:24:10,822 - cyberbully - INFO - Step 5: Evaluating on test set...
2026-02-11 10:24:18,378 - cyberbully - INFO - Metrics saved to experiments/distilbert-base-uncased/kaggle/prep1_aug0/seed_99511865/metrics.json
2026-02-11 10:24:18,378 - cyberbully - INFO - Confusion matrix saved to experiments/distilbert-base-uncased/kaggle/prep1_aug0/seed_99511865/confusion_matrix.json
2026-02-11 10:24:18,490 - cyberbully - INFO - Confusion matrix figure saved to experiments/distilbert-base-uncased/kaggle/prep1_aug0/seed_99511865/confusion_matrix.pdf
2026-02-11 10:24:18,491 - cyberbully - INFO - Accuracy: 0.8725
2026-02-11 10:24:18,491 - cyberbully - INFO - Weighted F1: 0.8726
2026-02-11 10:24:18,491 - cyberbully - INFO - Micro F1: 0.8725
2026-02-11 10:24:18,491 - cyberbully - INFO - Inference time: 3.24 seconds
2026-02-11 10:24:18,491 - cyberbully - INFO - Energy consumption: 0.000191 kWh
2026-02-11 10:24:18,491 - cyberbully - INFO - ============================================================
2026-02-11 10:24:18,491 - cyberbully - INFO - Pipeline complete. Results saved to: experiments/distilbert-base-uncased/kaggle/prep1_aug0/seed_99511865
2026-02-11 10:24:18,491 - cyberbully - INFO - ============================================================
