2026-02-21 07:15:11,649 - cyberbully - INFO - ============================================================
2026-02-21 07:15:11,650 - cyberbully - INFO - Cyberbullying Detection Pipeline
2026-02-21 07:15:11,650 - cyberbully - INFO - ============================================================
2026-02-21 07:15:11,650 - cyberbully - INFO - Configuration:
2026-02-21 07:15:11,650 - cyberbully - INFO -   model          : all-mpnet-base-v2
2026-02-21 07:15:11,650 - cyberbully - INFO -   dataset        : tweeteval
2026-02-21 07:15:11,650 - cyberbully - INFO -   preprocess     : True
2026-02-21 07:15:11,650 - cyberbully - INFO -   augment        : False
2026-02-21 07:15:11,650 - cyberbully - INFO -   compute_attribution: False
2026-02-21 07:15:11,650 - cyberbully - INFO -   seed           : 52680723
2026-02-21 07:15:11,650 - cyberbully - INFO -   epochs         : 5
2026-02-21 07:15:11,650 - cyberbully - INFO -   batch_size     : 16
2026-02-21 07:15:11,650 - cyberbully - INFO -   lr             : 2e-05
2026-02-21 07:15:11,650 - cyberbully - INFO -   max_length     : 128
2026-02-21 07:15:11,650 - cyberbully - INFO -   output_dir     : sbert-model
2026-02-21 07:15:11,650 - cyberbully - INFO -   data_dir       : dataset
2026-02-21 07:15:11,650 - cyberbully - INFO -   sbert          : True
2026-02-21 07:15:11,650 - cyberbully - INFO -   overwrite      : False
2026-02-21 07:15:11,650 - cyberbully - INFO -   device         : cuda
2026-02-21 07:15:11,650 - cyberbully - INFO -   output_dir     : experiments/sbert-model/all-mpnet-base-v2/tweeteval/prep1_aug0/seed_52680723
2026-02-21 07:15:11,650 - cyberbully - INFO - ============================================================
2026-02-21 07:15:11,650 - cyberbully - INFO - Step 1: Preparing data...
2026-02-21 07:15:11,650 - cyberbully - INFO - Loading dataset 'tweeteval' from dataset/Tweeteval.csv
2026-02-21 07:15:11,721 - cyberbully - INFO - Loaded 50759 samples with 5 classes: ['emotion', 'hate', 'offensive', 'religion', 'spiritual']
2026-02-21 07:15:11,721 - cyberbully - INFO - Applying text preprocessing...
2026-02-21 07:16:07,974 - cyberbully - INFO - After preprocessing: 47386 samples remain
2026-02-21 07:16:07,977 - cyberbully - INFO - Label mapping: {'emotion': 0, 'hate': 1, 'offensive': 2, 'religion': 3, 'spiritual': 4}
2026-02-21 07:16:07,990 - cyberbully - INFO - Split sizes — train: 30326, val: 7582, test: 9478
2026-02-21 07:16:07,990 - cyberbully - INFO - Number of classes: 5
2026-02-21 07:16:07,991 - cyberbully - INFO - Step 2: Loading model and tokenizer...
2026-02-21 07:16:07,991 - cyberbully - INFO - Loading model 'all-mpnet-base-v2' with 5 labels (sbert=True)
2026-02-21 07:16:10,669 - cyberbully - INFO - SBERTClassifier: embedding_dim=768, hidden=256, num_labels=5
2026-02-21 07:16:10,974 - cyberbully - INFO - Step 3: Creating datasets...
2026-02-21 07:16:11,557 - cyberbully - INFO - Dataset sizes — train: 30326, val: 7582, test: 9478
2026-02-21 07:16:11,557 - cyberbully - INFO - Step 4: Training...
2026-02-21 07:16:11,599 - cyberbully - INFO - Starting training...
2026-02-21 07:26:09,606 - cyberbully - INFO - Training complete.
2026-02-21 07:26:09,606 - cyberbully - INFO - Step 5: Evaluating on test set...
2026-02-21 07:26:21,573 - cyberbully - INFO - Metrics saved to experiments/sbert-model/all-mpnet-base-v2/tweeteval/prep1_aug0/seed_52680723/metrics.json
2026-02-21 07:26:21,573 - cyberbully - INFO - Confusion matrix saved to experiments/sbert-model/all-mpnet-base-v2/tweeteval/prep1_aug0/seed_52680723/confusion_matrix.json
2026-02-21 07:26:21,674 - cyberbully - INFO - Confusion matrix figure saved to experiments/sbert-model/all-mpnet-base-v2/tweeteval/prep1_aug0/seed_52680723/confusion_matrix.pdf
2026-02-21 07:26:21,674 - cyberbully - INFO - Accuracy: 0.9460
2026-02-21 07:26:21,674 - cyberbully - INFO - Weighted F1: 0.9459
2026-02-21 07:26:21,674 - cyberbully - INFO - Micro F1: 0.9460
2026-02-21 07:26:21,674 - cyberbully - INFO - Inference time: 7.65 seconds
2026-02-21 07:26:21,674 - cyberbully - INFO - Energy consumption: 0.000493 kWh
2026-02-21 07:26:21,675 - cyberbully - INFO - ============================================================
2026-02-21 07:26:21,675 - cyberbully - INFO - Pipeline complete. Results saved to: experiments/sbert-model/all-mpnet-base-v2/tweeteval/prep1_aug0/seed_52680723
2026-02-21 07:26:21,675 - cyberbully - INFO - ============================================================
