2026-04-16 08:01:26,174 - cyberbully - INFO - ============================================================
2026-04-16 08:01:26,174 - cyberbully - INFO - Cyberbullying Detection Pipeline
2026-04-16 08:01:26,174 - cyberbully - INFO - ============================================================
2026-04-16 08:01:26,174 - cyberbully - INFO - Configuration:
2026-04-16 08:01:26,174 - cyberbully - INFO -   model          : bert-base-uncased
2026-04-16 08:01:26,174 - cyberbully - INFO -   dataset        : ieee
2026-04-16 08:01:26,174 - cyberbully - INFO -   preprocess     : False
2026-04-16 08:01:26,174 - cyberbully - INFO -   augment        : False
2026-04-16 08:01:26,174 - cyberbully - INFO -   compute_attribution: False
2026-04-16 08:01:26,174 - cyberbully - INFO -   seed           : 87212562
2026-04-16 08:01:26,174 - cyberbully - INFO -   epochs         : 10
2026-04-16 08:01:26,174 - cyberbully - INFO -   batch_size     : 32
2026-04-16 08:01:26,174 - cyberbully - INFO -   lr             : 5e-05
2026-04-16 08:01:26,174 - cyberbully - INFO -   max_length     : 128
2026-04-16 08:01:26,174 - cyberbully - INFO -   output_dir     : grid-search
2026-04-16 08:01:26,174 - cyberbully - INFO -   data_dir       : dataset
2026-04-16 08:01:26,174 - cyberbully - INFO -   sbert          : False
2026-04-16 08:01:26,174 - cyberbully - INFO -   supcon         : False
2026-04-16 08:01:26,174 - cyberbully - INFO -   supcon_weight  : 0.1
2026-04-16 08:01:26,174 - cyberbully - INFO -   proj_dim       : 128
2026-04-16 08:01:26,174 - cyberbully - INFO -   grad_accum_steps: 1
2026-04-16 08:01:26,174 - cyberbully - INFO -   overwrite      : False
2026-04-16 08:01:26,174 - cyberbully - INFO -   device         : cuda
2026-04-16 08:01:26,174 - cyberbully - INFO -   output_dir     : experiments/grid-search/bert-base-uncased/ieee/prep0_aug0/seed_87212562
2026-04-16 08:01:26,174 - cyberbully - INFO - ============================================================
2026-04-16 08:01:26,174 - cyberbully - INFO - Step 1: Preparing data...
2026-04-16 08:01:26,178 - cyberbully - INFO - Loaded pre-split data from dataset/ieee — train: 1348, val: 338, test: 422
2026-04-16 08:01:26,178 - cyberbully - INFO - Label mapping: {'Cyberstalking': 0, 'Doxing': 1, 'Revenge Porn': 2, 'Sexual Harassment': 3, 'Slut Shaming': 4}
2026-04-16 08:01:26,180 - cyberbully - INFO - Number of classes: 5
2026-04-16 08:01:26,181 - cyberbully - INFO - Step 2: Loading model and tokenizer...
2026-04-16 08:01:26,181 - cyberbully - INFO - Loading model 'bert-base-uncased' with 5 labels (sbert=False, supcon=False)
2026-04-16 08:01:27,113 - cyberbully - INFO - Step 3: Creating datasets...
2026-04-16 08:01:27,139 - cyberbully - INFO - Dataset sizes — train: 1348, val: 338, test: 422
2026-04-16 08:01:27,139 - cyberbully - INFO - Step 4: Training...
2026-04-16 08:01:27,270 - cyberbully - INFO - Starting training...
2026-04-16 08:03:05,088 - cyberbully - INFO - Training complete.
2026-04-16 08:03:05,170 - cyberbully - INFO - Removed checkpoint: experiments/grid-search/bert-base-uncased/ieee/prep0_aug0/seed_87212562/checkpoint-215
2026-04-16 08:03:05,260 - cyberbully - INFO - Removed checkpoint: experiments/grid-search/bert-base-uncased/ieee/prep0_aug0/seed_87212562/checkpoint-387
2026-04-16 08:03:05,340 - cyberbully - INFO - Removed checkpoint: experiments/grid-search/bert-base-uncased/ieee/prep0_aug0/seed_87212562/checkpoint-86
2026-04-16 08:03:05,421 - cyberbully - INFO - Removed checkpoint: experiments/grid-search/bert-base-uncased/ieee/prep0_aug0/seed_87212562/checkpoint-129
2026-04-16 08:03:05,553 - cyberbully - INFO - Removed checkpoint: experiments/grid-search/bert-base-uncased/ieee/prep0_aug0/seed_87212562/checkpoint-344
2026-04-16 08:03:05,635 - cyberbully - INFO - Removed checkpoint: experiments/grid-search/bert-base-uncased/ieee/prep0_aug0/seed_87212562/checkpoint-258
2026-04-16 08:03:05,723 - cyberbully - INFO - Removed checkpoint: experiments/grid-search/bert-base-uncased/ieee/prep0_aug0/seed_87212562/checkpoint-43
2026-04-16 08:03:05,807 - cyberbully - INFO - Removed checkpoint: experiments/grid-search/bert-base-uncased/ieee/prep0_aug0/seed_87212562/checkpoint-301
2026-04-16 08:03:05,887 - cyberbully - INFO - Removed checkpoint: experiments/grid-search/bert-base-uncased/ieee/prep0_aug0/seed_87212562/checkpoint-172
2026-04-16 08:03:06,081 - cyberbully - INFO - Removed checkpoint: experiments/grid-search/bert-base-uncased/ieee/prep0_aug0/seed_87212562/checkpoint-430
2026-04-16 08:03:06,081 - cyberbully - INFO - Step 5: Evaluating on test set...
2026-04-16 08:03:10,825 - cyberbully - INFO - Metrics saved to experiments/grid-search/bert-base-uncased/ieee/prep0_aug0/seed_87212562/metrics.json
2026-04-16 08:03:10,825 - cyberbully - INFO - Confusion matrix saved to experiments/grid-search/bert-base-uncased/ieee/prep0_aug0/seed_87212562/confusion_matrix.json
2026-04-16 08:03:10,829 - cyberbully - INFO - Per-sample predictions saved to experiments/grid-search/bert-base-uncased/ieee/prep0_aug0/seed_87212562/predictions.json
2026-04-16 08:03:10,938 - cyberbully - INFO - Confusion matrix figure saved to experiments/grid-search/bert-base-uncased/ieee/prep0_aug0/seed_87212562/confusion_matrix.pdf
2026-04-16 08:03:10,938 - cyberbully - INFO - Accuracy: 0.8294
2026-04-16 08:03:10,938 - cyberbully - INFO - Weighted F1: 0.8321
2026-04-16 08:03:10,938 - cyberbully - INFO - Micro F1: 0.8294
2026-04-16 08:03:10,938 - cyberbully - INFO - Inference time: 0.18 seconds
2026-04-16 08:03:10,938 - cyberbully - INFO - Energy consumption: 0.000007 kWh
2026-04-16 08:03:10,938 - cyberbully - INFO - ============================================================
2026-04-16 08:03:10,938 - cyberbully - INFO - Pipeline complete. Results saved to: experiments/grid-search/bert-base-uncased/ieee/prep0_aug0/seed_87212562
2026-04-16 08:03:10,938 - cyberbully - INFO - ============================================================
