2026-03-27 09:24:36,078 - cyberbully - INFO - ============================================================
2026-03-27 09:24:36,078 - cyberbully - INFO - Cyberbullying Detection Pipeline
2026-03-27 09:24:36,078 - cyberbully - INFO - ============================================================
2026-03-27 09:24:36,078 - cyberbully - INFO - Configuration:
2026-03-27 09:24:36,078 - cyberbully - INFO -   model          : albert/albert-base-v2
2026-03-27 09:24:36,078 - cyberbully - INFO -   dataset        : kaggle
2026-03-27 09:24:36,078 - cyberbully - INFO -   preprocess     : False
2026-03-27 09:24:36,078 - cyberbully - INFO -   augment        : False
2026-03-27 09:24:36,078 - cyberbully - INFO -   compute_attribution: False
2026-03-27 09:24:36,078 - cyberbully - INFO -   seed           : 37622020
2026-03-27 09:24:36,078 - cyberbully - INFO -   epochs         : 10
2026-03-27 09:24:36,078 - cyberbully - INFO -   batch_size     : 64
2026-03-27 09:24:36,078 - cyberbully - INFO -   lr             : 5e-05
2026-03-27 09:24:36,078 - cyberbully - INFO -   max_length     : 128
2026-03-27 09:24:36,078 - cyberbully - INFO -   output_dir     : supcon-grid
2026-03-27 09:24:36,078 - cyberbully - INFO -   data_dir       : dataset
2026-03-27 09:24:36,078 - cyberbully - INFO -   sbert          : False
2026-03-27 09:24:36,078 - cyberbully - INFO -   supcon         : False
2026-03-27 09:24:36,078 - cyberbully - INFO -   supcon_weight  : 0.1
2026-03-27 09:24:36,078 - cyberbully - INFO -   proj_dim       : 128
2026-03-27 09:24:36,078 - cyberbully - INFO -   grad_accum_steps: 1
2026-03-27 09:24:36,078 - cyberbully - INFO -   overwrite      : False
2026-03-27 09:24:36,078 - cyberbully - INFO -   device         : cuda
2026-03-27 09:24:36,078 - cyberbully - INFO -   output_dir     : experiments/supcon-grid/albert_albert-base-v2/kaggle/prep0_aug0/seed_37622020
2026-03-27 09:24:36,078 - cyberbully - INFO - ============================================================
2026-03-27 09:24:36,078 - cyberbully - INFO - Step 1: Preparing data...
2026-03-27 09:24:36,125 - cyberbully - INFO - Loaded pre-split data from dataset/kaggle — train: 25604, val: 6401, test: 8002
2026-03-27 09:24:36,125 - cyberbully - INFO - Label mapping: {'age': 0, 'ethnicity': 1, 'gender': 2, 'other_cyberbullying': 3, 'religion': 4}
2026-03-27 09:24:36,135 - cyberbully - INFO - Number of classes: 5
2026-03-27 09:24:36,137 - cyberbully - INFO - Step 2: Loading model and tokenizer...
2026-03-27 09:24:36,137 - cyberbully - INFO - Loading model 'albert/albert-base-v2' with 5 labels (sbert=False, supcon=False)
2026-03-27 09:24:36,820 - cyberbully - INFO - Step 3: Creating datasets...
2026-03-27 09:24:37,553 - cyberbully - INFO - Dataset sizes — train: 25604, val: 6401, test: 8002
2026-03-27 09:24:37,553 - cyberbully - INFO - Step 4: Training...
2026-03-27 09:24:37,603 - cyberbully - INFO - Starting training...
2026-03-27 09:36:59,188 - cyberbully - INFO - Training complete.
2026-03-27 09:36:59,197 - cyberbully - INFO - Removed checkpoint: experiments/supcon-grid/albert_albert-base-v2/kaggle/prep0_aug0/seed_37622020/checkpoint-3208
2026-03-27 09:36:59,207 - cyberbully - INFO - Removed checkpoint: experiments/supcon-grid/albert_albert-base-v2/kaggle/prep0_aug0/seed_37622020/checkpoint-4010
2026-03-27 09:36:59,216 - cyberbully - INFO - Removed checkpoint: experiments/supcon-grid/albert_albert-base-v2/kaggle/prep0_aug0/seed_37622020/checkpoint-1203
2026-03-27 09:36:59,226 - cyberbully - INFO - Removed checkpoint: experiments/supcon-grid/albert_albert-base-v2/kaggle/prep0_aug0/seed_37622020/checkpoint-2005
2026-03-27 09:36:59,236 - cyberbully - INFO - Removed checkpoint: experiments/supcon-grid/albert_albert-base-v2/kaggle/prep0_aug0/seed_37622020/checkpoint-2807
2026-03-27 09:36:59,245 - cyberbully - INFO - Removed checkpoint: experiments/supcon-grid/albert_albert-base-v2/kaggle/prep0_aug0/seed_37622020/checkpoint-1604
2026-03-27 09:36:59,255 - cyberbully - INFO - Removed checkpoint: experiments/supcon-grid/albert_albert-base-v2/kaggle/prep0_aug0/seed_37622020/checkpoint-802
2026-03-27 09:36:59,265 - cyberbully - INFO - Removed checkpoint: experiments/supcon-grid/albert_albert-base-v2/kaggle/prep0_aug0/seed_37622020/checkpoint-2406
2026-03-27 09:36:59,274 - cyberbully - INFO - Removed checkpoint: experiments/supcon-grid/albert_albert-base-v2/kaggle/prep0_aug0/seed_37622020/checkpoint-401
2026-03-27 09:36:59,284 - cyberbully - INFO - Removed checkpoint: experiments/supcon-grid/albert_albert-base-v2/kaggle/prep0_aug0/seed_37622020/checkpoint-3609
2026-03-27 09:36:59,284 - cyberbully - INFO - Step 5: Evaluating on test set...
2026-03-27 09:37:10,965 - cyberbully - INFO - Metrics saved to experiments/supcon-grid/albert_albert-base-v2/kaggle/prep0_aug0/seed_37622020/metrics.json
2026-03-27 09:37:10,965 - cyberbully - INFO - Confusion matrix saved to experiments/supcon-grid/albert_albert-base-v2/kaggle/prep0_aug0/seed_37622020/confusion_matrix.json
2026-03-27 09:37:11,047 - cyberbully - INFO - Per-sample predictions saved to experiments/supcon-grid/albert_albert-base-v2/kaggle/prep0_aug0/seed_37622020/predictions.json
2026-03-27 09:37:11,151 - cyberbully - INFO - Confusion matrix figure saved to experiments/supcon-grid/albert_albert-base-v2/kaggle/prep0_aug0/seed_37622020/confusion_matrix.pdf
2026-03-27 09:37:11,151 - cyberbully - INFO - Accuracy: 0.9551
2026-03-27 09:37:11,151 - cyberbully - INFO - Weighted F1: 0.9554
2026-03-27 09:37:11,151 - cyberbully - INFO - Micro F1: 0.9551
2026-03-27 09:37:11,151 - cyberbully - INFO - Inference time: 6.90 seconds
2026-03-27 09:37:11,151 - cyberbully - INFO - Energy consumption: 0.000367 kWh
2026-03-27 09:37:11,153 - cyberbully - INFO - ============================================================
2026-03-27 09:37:11,153 - cyberbully - INFO - Pipeline complete. Results saved to: experiments/supcon-grid/albert_albert-base-v2/kaggle/prep0_aug0/seed_37622020
2026-03-27 09:37:11,153 - cyberbully - INFO - ============================================================
