2026-03-17 00:12:15,050 - cyberbully - INFO - ============================================================
2026-03-17 00:12:15,051 - cyberbully - INFO - Cyberbullying Detection Pipeline
2026-03-17 00:12:15,051 - cyberbully - INFO - ============================================================
2026-03-17 00:12:15,051 - cyberbully - INFO - Configuration:
2026-03-17 00:12:15,051 - cyberbully - INFO -   model          : roberta-base
2026-03-17 00:12:15,051 - cyberbully - INFO -   dataset        : tweeteval
2026-03-17 00:12:15,051 - cyberbully - INFO -   preprocess     : True
2026-03-17 00:12:15,051 - cyberbully - INFO -   augment        : False
2026-03-17 00:12:15,051 - cyberbully - INFO -   compute_attribution: False
2026-03-17 00:12:15,051 - cyberbully - INFO -   seed           : 52680723
2026-03-17 00:12:15,051 - cyberbully - INFO -   epochs         : 10
2026-03-17 00:12:15,051 - cyberbully - INFO -   batch_size     : 32
2026-03-17 00:12:15,051 - cyberbully - INFO -   lr             : 5e-05
2026-03-17 00:12:15,051 - cyberbully - INFO -   max_length     : 128
2026-03-17 00:12:15,051 - cyberbully - INFO -   output_dir     : supcon-grid
2026-03-17 00:12:15,051 - cyberbully - INFO -   data_dir       : dataset
2026-03-17 00:12:15,051 - cyberbully - INFO -   sbert          : False
2026-03-17 00:12:15,051 - cyberbully - INFO -   supcon         : True
2026-03-17 00:12:15,051 - cyberbully - INFO -   supcon_weight  : 0.1
2026-03-17 00:12:15,051 - cyberbully - INFO -   proj_dim       : 128
2026-03-17 00:12:15,051 - cyberbully - INFO -   grad_accum_steps: 1
2026-03-17 00:12:15,051 - cyberbully - INFO -   overwrite      : False
2026-03-17 00:12:15,051 - cyberbully - INFO -   device         : cuda
2026-03-17 00:12:15,051 - cyberbully - INFO -   output_dir     : experiments/supcon-grid/roberta-base/tweeteval/prep1_aug0/seed_52680723
2026-03-17 00:12:15,051 - cyberbully - INFO - ============================================================
2026-03-17 00:12:15,051 - cyberbully - INFO - Step 1: Preparing data...
2026-03-17 00:12:15,099 - cyberbully - INFO - Loaded pre-split data from dataset/tweeteval — train: 32485, val: 8122, test: 10152
2026-03-17 00:12:15,099 - cyberbully - INFO - Label mapping: {'emotion': 0, 'hate': 1, 'offensive': 2, 'religion': 3, 'spiritual': 4}
2026-03-17 00:12:15,099 - cyberbully - INFO - Applying text preprocessing per split...
2026-03-17 00:12:18,796 - cyberbully - INFO - After preprocessing — train: 32485, val: 8122, test: 10152
2026-03-17 00:12:18,808 - cyberbully - INFO - Number of classes: 5
2026-03-17 00:12:18,809 - cyberbully - INFO - Step 2: Loading model and tokenizer...
2026-03-17 00:12:18,809 - cyberbully - INFO - Loading model 'roberta-base' with 5 labels (sbert=False, supcon=True)
2026-03-17 00:12:19,369 - cyberbully - INFO - SupConClassifier: hidden_size=768, proj_dim=128, num_labels=5
2026-03-17 00:12:19,726 - cyberbully - INFO - Step 3: Creating datasets...
2026-03-17 00:12:20,504 - cyberbully - INFO - Dataset sizes — train: 32485, val: 8122, test: 10152
2026-03-17 00:12:20,504 - cyberbully - INFO - Step 4: Training...
2026-03-17 00:12:20,753 - cyberbully - INFO - Using SupConTrainer with supcon_weight=0.100
2026-03-17 00:12:20,753 - cyberbully - INFO - Starting training...
2026-03-17 00:29:13,606 - cyberbully - INFO - Training complete.
2026-03-17 00:29:13,677 - cyberbully - INFO - Removed checkpoint: experiments/supcon-grid/roberta-base/tweeteval/prep1_aug0/seed_52680723/checkpoint-3048
2026-03-17 00:29:13,749 - cyberbully - INFO - Removed checkpoint: experiments/supcon-grid/roberta-base/tweeteval/prep1_aug0/seed_52680723/checkpoint-7112
2026-03-17 00:29:13,821 - cyberbully - INFO - Removed checkpoint: experiments/supcon-grid/roberta-base/tweeteval/prep1_aug0/seed_52680723/checkpoint-9144
2026-03-17 00:29:13,892 - cyberbully - INFO - Removed checkpoint: experiments/supcon-grid/roberta-base/tweeteval/prep1_aug0/seed_52680723/checkpoint-1016
2026-03-17 00:29:13,963 - cyberbully - INFO - Removed checkpoint: experiments/supcon-grid/roberta-base/tweeteval/prep1_aug0/seed_52680723/checkpoint-2032
2026-03-17 00:29:14,048 - cyberbully - INFO - Removed checkpoint: experiments/supcon-grid/roberta-base/tweeteval/prep1_aug0/seed_52680723/checkpoint-10160
2026-03-17 00:29:14,119 - cyberbully - INFO - Removed checkpoint: experiments/supcon-grid/roberta-base/tweeteval/prep1_aug0/seed_52680723/checkpoint-6096
2026-03-17 00:29:14,190 - cyberbully - INFO - Removed checkpoint: experiments/supcon-grid/roberta-base/tweeteval/prep1_aug0/seed_52680723/checkpoint-5080
2026-03-17 00:29:14,261 - cyberbully - INFO - Removed checkpoint: experiments/supcon-grid/roberta-base/tweeteval/prep1_aug0/seed_52680723/checkpoint-8128
2026-03-17 00:29:14,333 - cyberbully - INFO - Removed checkpoint: experiments/supcon-grid/roberta-base/tweeteval/prep1_aug0/seed_52680723/checkpoint-4064
2026-03-17 00:29:14,333 - cyberbully - INFO - Step 5: Evaluating on test set...
2026-03-17 00:29:27,032 - cyberbully - INFO - Metrics saved to experiments/supcon-grid/roberta-base/tweeteval/prep1_aug0/seed_52680723/metrics.json
2026-03-17 00:29:27,032 - cyberbully - INFO - Confusion matrix saved to experiments/supcon-grid/roberta-base/tweeteval/prep1_aug0/seed_52680723/confusion_matrix.json
2026-03-17 00:29:27,131 - cyberbully - INFO - Per-sample predictions saved to experiments/supcon-grid/roberta-base/tweeteval/prep1_aug0/seed_52680723/predictions.json
2026-03-17 00:29:27,231 - cyberbully - INFO - Confusion matrix figure saved to experiments/supcon-grid/roberta-base/tweeteval/prep1_aug0/seed_52680723/confusion_matrix.pdf
2026-03-17 00:29:27,232 - cyberbully - INFO - Accuracy: 0.9699
2026-03-17 00:29:27,232 - cyberbully - INFO - Weighted F1: 0.9698
2026-03-17 00:29:27,232 - cyberbully - INFO - Micro F1: 0.9699
2026-03-17 00:29:27,232 - cyberbully - INFO - Inference time: 7.91 seconds
2026-03-17 00:29:27,232 - cyberbully - INFO - Energy consumption: 0.000479 kWh
2026-03-17 00:29:27,234 - cyberbully - INFO - Step 5b: Plotting t-SNE of projection embeddings...
2026-03-17 00:29:35,019 - cyberbully - INFO - Running t-SNE on 10152 samples with proj_dim=128, perplexity=30.0...
2026-03-17 00:30:08,901 - cyberbully - INFO - t-SNE static plot saved to experiments/supcon-grid/roberta-base/tweeteval/prep1_aug0/seed_52680723/projection_tsne.pdf
2026-03-17 00:30:09,047 - cyberbully - INFO - t-SNE interactive plot saved to experiments/supcon-grid/roberta-base/tweeteval/prep1_aug0/seed_52680723/projection_tsne.html
2026-03-17 00:30:09,047 - cyberbully - INFO - ============================================================
2026-03-17 00:30:09,047 - cyberbully - INFO - Pipeline complete. Results saved to: experiments/supcon-grid/roberta-base/tweeteval/prep1_aug0/seed_52680723
2026-03-17 00:30:09,047 - cyberbully - INFO - ============================================================
