2026-02-12 12:34:13,689 - cyberbully - INFO - ============================================================
2026-02-12 12:34:13,689 - cyberbully - INFO - Cyberbullying Detection Pipeline
2026-02-12 12:34:13,689 - cyberbully - INFO - ============================================================
2026-02-12 12:34:13,689 - cyberbully - INFO - Configuration:
2026-02-12 12:34:13,689 - cyberbully - INFO -   model          : xlnet-base-cased
2026-02-12 12:34:13,689 - cyberbully - INFO -   dataset        : ieee
2026-02-12 12:34:13,689 - cyberbully - INFO -   preprocess     : False
2026-02-12 12:34:13,689 - cyberbully - INFO -   augment        : True
2026-02-12 12:34:13,689 - cyberbully - INFO -   compute_attribution: False
2026-02-12 12:34:13,689 - cyberbully - INFO -   seed           : 99511865
2026-02-12 12:34:13,690 - cyberbully - INFO -   epochs         : 5
2026-02-12 12:34:13,690 - cyberbully - INFO -   batch_size     : 16
2026-02-12 12:34:13,690 - cyberbully - INFO -   lr             : 2e-05
2026-02-12 12:34:13,690 - cyberbully - INFO -   max_length     : 128
2026-02-12 12:34:13,690 - cyberbully - INFO -   output_dir     : experiments
2026-02-12 12:34:13,690 - cyberbully - INFO -   data_dir       : dataset
2026-02-12 12:34:13,690 - cyberbully - INFO -   overwrite      : False
2026-02-12 12:34:13,690 - cyberbully - INFO -   device         : cuda
2026-02-12 12:34:13,690 - cyberbully - INFO -   output_dir     : experiments/xlnet-base-cased/ieee/prep0_aug1/seed_99511865
2026-02-12 12:34:13,690 - cyberbully - INFO - ============================================================
2026-02-12 12:34:13,690 - cyberbully - INFO - Step 1: Preparing data...
2026-02-12 12:34:13,690 - cyberbully - INFO - Loading dataset 'ieee' from dataset/IEEE Data Port.csv
2026-02-12 12:34:13,696 - cyberbully - INFO - Loaded 2108 samples with 5 classes: ['Cyberstalking', 'Doxing', 'Revenge Porn', 'Sexual Harassment', 'Slut Shaming']
2026-02-12 12:34:13,696 - cyberbully - INFO - Label mapping: {'Cyberstalking': 0, 'Doxing': 1, 'Revenge Porn': 2, 'Sexual Harassment': 3, 'Slut Shaming': 4}
2026-02-12 12:34:13,698 - cyberbully - INFO - Split sizes — train: 1348, val: 338, test: 422
2026-02-12 12:34:13,698 - cyberbully - INFO - Applying training data augmentation (oversampling)...
2026-02-12 12:34:13,699 - cyberbully - INFO - After oversampling — class distribution: {0: 316, 1: 316, 2: 316, 3: 316, 4: 316}
2026-02-12 12:34:13,699 - cyberbully - INFO - Number of classes: 5
2026-02-12 12:34:13,699 - cyberbully - INFO - Step 2: Loading model and tokenizer...
2026-02-12 12:34:13,699 - cyberbully - INFO - Loading model 'xlnet-base-cased' with 5 labels
2026-02-12 12:34:15,799 - cyberbully - INFO - Step 3: Tokenizing datasets...
2026-02-12 12:34:15,843 - cyberbully - INFO - Dataset sizes — train: 1580, val: 338, test: 422
2026-02-12 12:34:15,843 - cyberbully - INFO - Step 4: Training...
2026-02-12 12:34:16,087 - cyberbully - INFO - Starting training...
2026-02-12 12:34:55,515 - cyberbully - INFO - Training complete.
2026-02-12 12:34:55,515 - cyberbully - INFO - Step 5: Evaluating on test set...
2026-02-12 12:35:00,255 - cyberbully - INFO - Metrics saved to experiments/xlnet-base-cased/ieee/prep0_aug1/seed_99511865/metrics.json
2026-02-12 12:35:00,255 - cyberbully - INFO - Confusion matrix saved to experiments/xlnet-base-cased/ieee/prep0_aug1/seed_99511865/confusion_matrix.json
2026-02-12 12:35:00,356 - cyberbully - INFO - Confusion matrix figure saved to experiments/xlnet-base-cased/ieee/prep0_aug1/seed_99511865/confusion_matrix.pdf
2026-02-12 12:35:00,356 - cyberbully - INFO - Accuracy: 0.8460
2026-02-12 12:35:00,356 - cyberbully - INFO - Weighted F1: 0.8457
2026-02-12 12:35:00,356 - cyberbully - INFO - Micro F1: 0.8460
2026-02-12 12:35:00,357 - cyberbully - INFO - Inference time: 0.51 seconds
2026-02-12 12:35:00,357 - cyberbully - INFO - Energy consumption: 0.000031 kWh
2026-02-12 12:35:00,357 - cyberbully - INFO - ============================================================
2026-02-12 12:35:00,357 - cyberbully - INFO - Pipeline complete. Results saved to: experiments/xlnet-base-cased/ieee/prep0_aug1/seed_99511865
2026-02-12 12:35:00,357 - cyberbully - INFO - ============================================================
