2026-04-16 15:44:37,492 - cyberbully - INFO - ============================================================
2026-04-16 15:44:37,492 - cyberbully - INFO - Cyberbullying Detection Pipeline
2026-04-16 15:44:37,492 - cyberbully - INFO - ============================================================
2026-04-16 15:44:37,492 - cyberbully - INFO - Configuration:
2026-04-16 15:44:37,492 - cyberbully - INFO -   model          : sarkerlab/SocBERT-base
2026-04-16 15:44:37,492 - cyberbully - INFO -   dataset        : tweeteval
2026-04-16 15:44:37,492 - cyberbully - INFO -   preprocess     : True
2026-04-16 15:44:37,492 - cyberbully - INFO -   augment        : False
2026-04-16 15:44:37,492 - cyberbully - INFO -   compute_attribution: False
2026-04-16 15:44:37,492 - cyberbully - INFO -   seed           : 99511865
2026-04-16 15:44:37,492 - cyberbully - INFO -   epochs         : 10
2026-04-16 15:44:37,492 - cyberbully - INFO -   batch_size     : 32
2026-04-16 15:44:37,492 - cyberbully - INFO -   lr             : 5e-05
2026-04-16 15:44:37,492 - cyberbully - INFO -   max_length     : 128
2026-04-16 15:44:37,492 - cyberbully - INFO -   output_dir     : grid-search
2026-04-16 15:44:37,492 - cyberbully - INFO -   data_dir       : dataset
2026-04-16 15:44:37,492 - cyberbully - INFO -   sbert          : False
2026-04-16 15:44:37,492 - cyberbully - INFO -   supcon         : False
2026-04-16 15:44:37,492 - cyberbully - INFO -   supcon_weight  : 0.1
2026-04-16 15:44:37,492 - cyberbully - INFO -   proj_dim       : 128
2026-04-16 15:44:37,493 - cyberbully - INFO -   grad_accum_steps: 1
2026-04-16 15:44:37,493 - cyberbully - INFO -   overwrite      : False
2026-04-16 15:44:37,493 - cyberbully - INFO -   device         : cuda
2026-04-16 15:44:37,493 - cyberbully - INFO -   output_dir     : experiments/grid-search/sarkerlab_SocBERT-base/tweeteval/prep1_aug0/seed_99511865
2026-04-16 15:44:37,493 - cyberbully - INFO - ============================================================
2026-04-16 15:44:37,493 - cyberbully - INFO - Step 1: Preparing data...
2026-04-16 15:44:37,540 - cyberbully - INFO - Loaded pre-split data from dataset/tweeteval — train: 32485, val: 8122, test: 10152
2026-04-16 15:44:37,540 - cyberbully - INFO - Label mapping: {'emotion': 0, 'hate': 1, 'offensive': 2, 'religion': 3, 'spiritual': 4}
2026-04-16 15:44:37,540 - cyberbully - INFO - Applying text preprocessing per split...
2026-04-16 15:45:38,478 - cyberbully - INFO - After preprocessing — train: 30342, val: 7608, test: 9457
2026-04-16 15:45:38,488 - cyberbully - INFO - Number of classes: 5
2026-04-16 15:45:38,489 - cyberbully - INFO - Step 2: Loading model and tokenizer...
2026-04-16 15:45:38,489 - cyberbully - INFO - Loading model 'sarkerlab/SocBERT-base' with 5 labels (sbert=False, supcon=False)
2026-04-16 15:45:40,066 - cyberbully - INFO - Step 3: Creating datasets...
2026-04-16 15:45:40,797 - cyberbully - INFO - Dataset sizes — train: 30342, val: 7608, test: 9457
2026-04-16 15:45:40,797 - cyberbully - INFO - Step 4: Training...
2026-04-16 15:45:41,044 - cyberbully - INFO - Starting training...
2026-04-16 15:59:20,323 - cyberbully - INFO - Training complete.
2026-04-16 15:59:20,406 - cyberbully - INFO - Removed checkpoint: experiments/grid-search/sarkerlab_SocBERT-base/tweeteval/prep1_aug0/seed_99511865/checkpoint-1898
2026-04-16 15:59:20,485 - cyberbully - INFO - Removed checkpoint: experiments/grid-search/sarkerlab_SocBERT-base/tweeteval/prep1_aug0/seed_99511865/checkpoint-7592
2026-04-16 15:59:20,565 - cyberbully - INFO - Removed checkpoint: experiments/grid-search/sarkerlab_SocBERT-base/tweeteval/prep1_aug0/seed_99511865/checkpoint-6643
2026-04-16 15:59:20,646 - cyberbully - INFO - Removed checkpoint: experiments/grid-search/sarkerlab_SocBERT-base/tweeteval/prep1_aug0/seed_99511865/checkpoint-2847
2026-04-16 15:59:20,725 - cyberbully - INFO - Removed checkpoint: experiments/grid-search/sarkerlab_SocBERT-base/tweeteval/prep1_aug0/seed_99511865/checkpoint-8541
2026-04-16 15:59:20,807 - cyberbully - INFO - Removed checkpoint: experiments/grid-search/sarkerlab_SocBERT-base/tweeteval/prep1_aug0/seed_99511865/checkpoint-5694
2026-04-16 15:59:20,887 - cyberbully - INFO - Removed checkpoint: experiments/grid-search/sarkerlab_SocBERT-base/tweeteval/prep1_aug0/seed_99511865/checkpoint-3796
2026-04-16 15:59:20,973 - cyberbully - INFO - Removed checkpoint: experiments/grid-search/sarkerlab_SocBERT-base/tweeteval/prep1_aug0/seed_99511865/checkpoint-949
2026-04-16 15:59:21,067 - cyberbully - INFO - Removed checkpoint: experiments/grid-search/sarkerlab_SocBERT-base/tweeteval/prep1_aug0/seed_99511865/checkpoint-9490
2026-04-16 15:59:21,148 - cyberbully - INFO - Removed checkpoint: experiments/grid-search/sarkerlab_SocBERT-base/tweeteval/prep1_aug0/seed_99511865/checkpoint-4745
2026-04-16 15:59:21,148 - cyberbully - INFO - Step 5: Evaluating on test set...
2026-04-16 15:59:31,565 - cyberbully - INFO - Metrics saved to experiments/grid-search/sarkerlab_SocBERT-base/tweeteval/prep1_aug0/seed_99511865/metrics.json
2026-04-16 15:59:31,565 - cyberbully - INFO - Confusion matrix saved to experiments/grid-search/sarkerlab_SocBERT-base/tweeteval/prep1_aug0/seed_99511865/confusion_matrix.json
2026-04-16 15:59:31,661 - cyberbully - INFO - Per-sample predictions saved to experiments/grid-search/sarkerlab_SocBERT-base/tweeteval/prep1_aug0/seed_99511865/predictions.json
2026-04-16 15:59:31,764 - cyberbully - INFO - Confusion matrix figure saved to experiments/grid-search/sarkerlab_SocBERT-base/tweeteval/prep1_aug0/seed_99511865/confusion_matrix.pdf
2026-04-16 15:59:31,764 - cyberbully - INFO - Accuracy: 0.9458
2026-04-16 15:59:31,765 - cyberbully - INFO - Weighted F1: 0.9459
2026-04-16 15:59:31,765 - cyberbully - INFO - Micro F1: 0.9458
2026-04-16 15:59:31,765 - cyberbully - INFO - Inference time: 5.73 seconds
2026-04-16 15:59:31,765 - cyberbully - INFO - Energy consumption: 0.000377 kWh
2026-04-16 15:59:31,767 - cyberbully - INFO - ============================================================
2026-04-16 15:59:31,767 - cyberbully - INFO - Pipeline complete. Results saved to: experiments/grid-search/sarkerlab_SocBERT-base/tweeteval/prep1_aug0/seed_99511865
2026-04-16 15:59:31,767 - cyberbully - INFO - ============================================================
