2026-06-15 22:29:38,099 - cyberbully - INFO - Model 'all-distilroberta-v1' detected as SBERT-based. Using SBERTClassifier pipeline.
2026-06-15 22:29:38,099 - cyberbully - INFO - ============================================================
2026-06-15 22:29:38,099 - cyberbully - INFO - Cyberbullying Detection Pipeline
2026-06-15 22:29:38,099 - cyberbully - INFO - ============================================================
2026-06-15 22:29:38,099 - cyberbully - INFO - Configuration:
2026-06-15 22:29:38,099 - cyberbully - INFO -   model          : all-distilroberta-v1
2026-06-15 22:29:38,099 - cyberbully - INFO -   dataset        : kaggle
2026-06-15 22:29:38,099 - cyberbully - INFO -   preprocess     : False
2026-06-15 22:29:38,099 - cyberbully - INFO -   prep_mode      : 2
2026-06-15 22:29:38,099 - cyberbully - INFO -   augment        : False
2026-06-15 22:29:38,099 - cyberbully - INFO -   compute_attribution: False
2026-06-15 22:29:38,099 - cyberbully - INFO -   seed           : 24677315
2026-06-15 22:29:38,099 - cyberbully - INFO -   epochs         : 10
2026-06-15 22:29:38,099 - cyberbully - INFO -   batch_size     : 32
2026-06-15 22:29:38,099 - cyberbully - INFO -   lr             : 5e-05
2026-06-15 22:29:38,099 - cyberbully - INFO -   max_length     : 128
2026-06-15 22:29:38,099 - cyberbully - INFO -   output_dir     : grid-search
2026-06-15 22:29:38,099 - cyberbully - INFO -   data_dir       : dataset
2026-06-15 22:29:38,099 - cyberbully - INFO -   sbert          : True
2026-06-15 22:29:38,099 - cyberbully - INFO -   supcon         : False
2026-06-15 22:29:38,099 - cyberbully - INFO -   supcon_weight  : 0.1
2026-06-15 22:29:38,099 - cyberbully - INFO -   proj_dim       : 128
2026-06-15 22:29:38,099 - cyberbully - INFO -   grad_accum_steps: 1
2026-06-15 22:29:38,099 - cyberbully - INFO -   overwrite      : False
2026-06-15 22:29:38,099 - cyberbully - INFO -   device         : cuda
2026-06-15 22:29:38,099 - cyberbully - INFO -   output_dir     : experiments/grid-search/all-distilroberta-v1/kaggle/prep2_aug0/seed_24677315
2026-06-15 22:29:38,099 - cyberbully - INFO - ============================================================
2026-06-15 22:29:38,099 - cyberbully - INFO - Step 1: Preparing data...
2026-06-15 22:29:38,145 - cyberbully - INFO - Loaded pre-split data from dataset/kaggle — train: 25604, val: 6401, test: 8002
2026-06-15 22:29:38,145 - cyberbully - INFO - Label mapping: {'age': 0, 'ethnicity': 1, 'gender': 2, 'other_cyberbullying': 3, 'religion': 4}
2026-06-15 22:29:38,146 - cyberbully - INFO - Applying partial text preprocessing per split...
2026-06-15 22:29:39,467 - cyberbully - INFO - After preprocessing -- train: 25604, val: 6401, test: 8002
2026-06-15 22:29:39,470 - cyberbully - INFO - Number of classes: 5
2026-06-15 22:29:39,471 - cyberbully - INFO - Step 2: Loading model and tokenizer...
2026-06-15 22:29:39,471 - cyberbully - INFO - Loading model 'all-distilroberta-v1' with 5 labels (sbert=True, supcon=False)
2026-06-15 22:29:45,173 - cyberbully - INFO - SBERTClassifier: embedding_dim=768, hidden=256, proj_dim=None, num_labels=5
2026-06-15 22:29:45,788 - cyberbully - INFO - Step 3: Creating datasets...
2026-06-15 22:29:46,331 - cyberbully - INFO - Dataset sizes — train: 25604, val: 6401, test: 8002
2026-06-15 22:29:46,331 - cyberbully - INFO - Step 4: Training...
2026-06-15 22:29:46,347 - cyberbully - INFO - Starting training...
2026-06-15 22:35:00,668 - cyberbully - INFO - Training complete.
2026-06-15 22:35:00,728 - cyberbully - INFO - Removed checkpoint: experiments/grid-search/all-distilroberta-v1/kaggle/prep2_aug0/seed_24677315/checkpoint-4806
2026-06-15 22:35:00,798 - cyberbully - INFO - Removed checkpoint: experiments/grid-search/all-distilroberta-v1/kaggle/prep2_aug0/seed_24677315/checkpoint-7209
2026-06-15 22:35:00,856 - cyberbully - INFO - Removed checkpoint: experiments/grid-search/all-distilroberta-v1/kaggle/prep2_aug0/seed_24677315/checkpoint-6408
2026-06-15 22:35:00,915 - cyberbully - INFO - Removed checkpoint: experiments/grid-search/all-distilroberta-v1/kaggle/prep2_aug0/seed_24677315/checkpoint-5607
2026-06-15 22:35:00,986 - cyberbully - INFO - Removed checkpoint: experiments/grid-search/all-distilroberta-v1/kaggle/prep2_aug0/seed_24677315/checkpoint-8010
2026-06-15 22:35:01,046 - cyberbully - INFO - Removed checkpoint: experiments/grid-search/all-distilroberta-v1/kaggle/prep2_aug0/seed_24677315/checkpoint-3204
2026-06-15 22:35:01,106 - cyberbully - INFO - Removed checkpoint: experiments/grid-search/all-distilroberta-v1/kaggle/prep2_aug0/seed_24677315/checkpoint-1602
2026-06-15 22:35:01,167 - cyberbully - INFO - Removed checkpoint: experiments/grid-search/all-distilroberta-v1/kaggle/prep2_aug0/seed_24677315/checkpoint-801
2026-06-15 22:35:01,227 - cyberbully - INFO - Removed checkpoint: experiments/grid-search/all-distilroberta-v1/kaggle/prep2_aug0/seed_24677315/checkpoint-2403
2026-06-15 22:35:01,286 - cyberbully - INFO - Removed checkpoint: experiments/grid-search/all-distilroberta-v1/kaggle/prep2_aug0/seed_24677315/checkpoint-4005
2026-06-15 22:35:01,286 - cyberbully - INFO - Step 5: Evaluating on test set...
2026-06-15 22:35:09,280 - cyberbully - INFO - Metrics saved to experiments/grid-search/all-distilroberta-v1/kaggle/prep2_aug0/seed_24677315/metrics.json
2026-06-15 22:35:09,280 - cyberbully - INFO - Confusion matrix saved to experiments/grid-search/all-distilroberta-v1/kaggle/prep2_aug0/seed_24677315/confusion_matrix.json
2026-06-15 22:35:09,367 - cyberbully - INFO - Per-sample predictions saved to experiments/grid-search/all-distilroberta-v1/kaggle/prep2_aug0/seed_24677315/predictions.json
2026-06-15 22:35:09,475 - cyberbully - INFO - Confusion matrix figure saved to experiments/grid-search/all-distilroberta-v1/kaggle/prep2_aug0/seed_24677315/confusion_matrix.pdf
2026-06-15 22:35:09,475 - cyberbully - INFO - Accuracy: 0.9518
2026-06-15 22:35:09,475 - cyberbully - INFO - Weighted F1: 0.9520
2026-06-15 22:35:09,475 - cyberbully - INFO - Micro F1: 0.9518
2026-06-15 22:35:09,475 - cyberbully - INFO - Inference time: 1.82 seconds
2026-06-15 22:35:09,475 - cyberbully - INFO - Energy consumption: 0.000109 kWh
2026-06-15 22:35:09,477 - cyberbully - INFO - ============================================================
2026-06-15 22:35:09,477 - cyberbully - INFO - Pipeline complete. Results saved to: experiments/grid-search/all-distilroberta-v1/kaggle/prep2_aug0/seed_24677315
2026-06-15 22:35:09,477 - cyberbully - INFO - ============================================================
