2026-05-20 06:44:09,742 - cyberbully - INFO - ============================================================
2026-05-20 06:44:09,742 - cyberbully - INFO - Cyberbullying Detection Pipeline
2026-05-20 06:44:09,742 - cyberbully - INFO - ============================================================
2026-05-20 06:44:09,742 - cyberbully - INFO - Configuration:
2026-05-20 06:44:09,742 - cyberbully - INFO -   model          : sarkerlab/SocBERT-base
2026-05-20 06:44:09,742 - cyberbully - INFO -   dataset        : ieee
2026-05-20 06:44:09,742 - cyberbully - INFO -   preprocess     : True
2026-05-20 06:44:09,742 - cyberbully - INFO -   augment        : False
2026-05-20 06:44:09,742 - cyberbully - INFO -   compute_attribution: False
2026-05-20 06:44:09,742 - cyberbully - INFO -   seed           : 14298463
2026-05-20 06:44:09,742 - cyberbully - INFO -   epochs         : 10
2026-05-20 06:44:09,742 - cyberbully - INFO -   batch_size     : 32
2026-05-20 06:44:09,742 - cyberbully - INFO -   lr             : 5e-05
2026-05-20 06:44:09,742 - cyberbully - INFO -   max_length     : 128
2026-05-20 06:44:09,742 - cyberbully - INFO -   output_dir     : grid-search
2026-05-20 06:44:09,742 - cyberbully - INFO -   data_dir       : dataset
2026-05-20 06:44:09,742 - cyberbully - INFO -   sbert          : False
2026-05-20 06:44:09,742 - cyberbully - INFO -   supcon         : False
2026-05-20 06:44:09,742 - cyberbully - INFO -   supcon_weight  : 0.1
2026-05-20 06:44:09,742 - cyberbully - INFO -   proj_dim       : 128
2026-05-20 06:44:09,742 - cyberbully - INFO -   grad_accum_steps: 1
2026-05-20 06:44:09,742 - cyberbully - INFO -   overwrite      : True
2026-05-20 06:44:09,742 - cyberbully - INFO -   device         : cuda
2026-05-20 06:44:09,742 - cyberbully - INFO -   output_dir     : experiments/grid-search/sarkerlab_SocBERT-base/ieee/prep1_aug0/seed_14298463
2026-05-20 06:44:09,742 - cyberbully - INFO - ============================================================
2026-05-20 06:44:09,742 - cyberbully - INFO - Step 1: Preparing data...
2026-05-20 06:44:09,746 - cyberbully - INFO - Loaded pre-split data from dataset/ieee — train: 1348, val: 338, test: 422
2026-05-20 06:44:09,746 - cyberbully - INFO - Label mapping: {'Cyberstalking': 0, 'Doxing': 1, 'Revenge Porn': 2, 'Sexual Harassment': 3, 'Slut Shaming': 4}
2026-05-20 06:44:09,746 - cyberbully - INFO - Applying text preprocessing per split...
2026-05-20 06:44:11,233 - cyberbully - INFO - After preprocessing -- train: 1348, val: 338, test: 422
2026-05-20 06:44:11,235 - cyberbully - INFO - Number of classes: 5
2026-05-20 06:44:11,236 - cyberbully - INFO - Step 2: Loading model and tokenizer...
2026-05-20 06:44:11,236 - cyberbully - INFO - Loading model 'sarkerlab/SocBERT-base' with 5 labels (sbert=False, supcon=False)
2026-05-20 06:44:13,541 - cyberbully - INFO - Step 3: Creating datasets...
2026-05-20 06:44:13,562 - cyberbully - INFO - Dataset sizes — train: 1348, val: 338, test: 422
2026-05-20 06:44:13,562 - cyberbully - INFO - Step 4: Training...
2026-05-20 06:44:13,806 - cyberbully - INFO - Starting training...
2026-05-20 06:45:35,143 - cyberbully - INFO - Training complete.
2026-05-20 06:45:35,233 - cyberbully - INFO - Removed checkpoint: experiments/grid-search/sarkerlab_SocBERT-base/ieee/prep1_aug0/seed_14298463/checkpoint-172
2026-05-20 06:45:35,322 - cyberbully - INFO - Removed checkpoint: experiments/grid-search/sarkerlab_SocBERT-base/ieee/prep1_aug0/seed_14298463/checkpoint-258
2026-05-20 06:45:36,270 - cyberbully - INFO - Removed checkpoint: experiments/grid-search/sarkerlab_SocBERT-base/ieee/prep1_aug0/seed_14298463/checkpoint-387
2026-05-20 06:45:36,356 - cyberbully - INFO - Removed checkpoint: experiments/grid-search/sarkerlab_SocBERT-base/ieee/prep1_aug0/seed_14298463/checkpoint-43
2026-05-20 06:45:37,391 - cyberbully - INFO - Removed checkpoint: experiments/grid-search/sarkerlab_SocBERT-base/ieee/prep1_aug0/seed_14298463/checkpoint-430
2026-05-20 06:45:37,481 - cyberbully - INFO - Removed checkpoint: experiments/grid-search/sarkerlab_SocBERT-base/ieee/prep1_aug0/seed_14298463/checkpoint-301
2026-05-20 06:45:37,574 - cyberbully - INFO - Removed checkpoint: experiments/grid-search/sarkerlab_SocBERT-base/ieee/prep1_aug0/seed_14298463/checkpoint-344
2026-05-20 06:45:37,664 - cyberbully - INFO - Removed checkpoint: experiments/grid-search/sarkerlab_SocBERT-base/ieee/prep1_aug0/seed_14298463/checkpoint-129
2026-05-20 06:45:37,755 - cyberbully - INFO - Removed checkpoint: experiments/grid-search/sarkerlab_SocBERT-base/ieee/prep1_aug0/seed_14298463/checkpoint-215
2026-05-20 06:45:37,909 - cyberbully - INFO - Removed checkpoint: experiments/grid-search/sarkerlab_SocBERT-base/ieee/prep1_aug0/seed_14298463/checkpoint-86
2026-05-20 06:45:37,909 - cyberbully - INFO - Step 5: Evaluating on test set...
2026-05-20 06:45:44,289 - cyberbully - INFO - Metrics saved to experiments/grid-search/sarkerlab_SocBERT-base/ieee/prep1_aug0/seed_14298463/metrics.json
2026-05-20 06:45:44,289 - cyberbully - INFO - Confusion matrix saved to experiments/grid-search/sarkerlab_SocBERT-base/ieee/prep1_aug0/seed_14298463/confusion_matrix.json
2026-05-20 06:45:44,294 - cyberbully - INFO - Per-sample predictions saved to experiments/grid-search/sarkerlab_SocBERT-base/ieee/prep1_aug0/seed_14298463/predictions.json
2026-05-20 06:45:44,393 - cyberbully - INFO - Confusion matrix figure saved to experiments/grid-search/sarkerlab_SocBERT-base/ieee/prep1_aug0/seed_14298463/confusion_matrix.pdf
2026-05-20 06:45:44,393 - cyberbully - INFO - Accuracy: 0.8128
2026-05-20 06:45:44,393 - cyberbully - INFO - Weighted F1: 0.8119
2026-05-20 06:45:44,393 - cyberbully - INFO - Micro F1: 0.8128
2026-05-20 06:45:44,393 - cyberbully - INFO - Inference time: 0.26 seconds
2026-05-20 06:45:44,393 - cyberbully - INFO - Energy consumption: 0.000034 kWh
2026-05-20 06:45:44,393 - cyberbully - INFO - ============================================================
2026-05-20 06:45:44,393 - cyberbully - INFO - Pipeline complete. Results saved to: experiments/grid-search/sarkerlab_SocBERT-base/ieee/prep1_aug0/seed_14298463
2026-05-20 06:45:44,393 - cyberbully - INFO - ============================================================
