2026-06-17 07:18:42,417 - cyberbully - INFO - ============================================================
2026-06-17 07:18:42,417 - cyberbully - INFO - Cyberbullying Detection Pipeline
2026-06-17 07:18:42,417 - cyberbully - INFO - ============================================================
2026-06-17 07:18:42,417 - cyberbully - INFO - Configuration:
2026-06-17 07:18:42,417 - cyberbully - INFO -   model          : xlnet-base-cased
2026-06-17 07:18:42,417 - cyberbully - INFO -   dataset        : ieee
2026-06-17 07:18:42,417 - cyberbully - INFO -   preprocess     : False
2026-06-17 07:18:42,417 - cyberbully - INFO -   prep_mode      : 2
2026-06-17 07:18:42,417 - cyberbully - INFO -   augment        : False
2026-06-17 07:18:42,417 - cyberbully - INFO -   compute_attribution: False
2026-06-17 07:18:42,417 - cyberbully - INFO -   seed           : 90995999
2026-06-17 07:18:42,417 - cyberbully - INFO -   epochs         : 10
2026-06-17 07:18:42,417 - cyberbully - INFO -   batch_size     : 32
2026-06-17 07:18:42,417 - cyberbully - INFO -   lr             : 5e-05
2026-06-17 07:18:42,417 - cyberbully - INFO -   max_length     : 128
2026-06-17 07:18:42,417 - cyberbully - INFO -   output_dir     : grid-search
2026-06-17 07:18:42,417 - cyberbully - INFO -   data_dir       : dataset
2026-06-17 07:18:42,417 - cyberbully - INFO -   sbert          : False
2026-06-17 07:18:42,417 - cyberbully - INFO -   supcon         : False
2026-06-17 07:18:42,417 - cyberbully - INFO -   supcon_weight  : 0.1
2026-06-17 07:18:42,417 - cyberbully - INFO -   proj_dim       : 128
2026-06-17 07:18:42,417 - cyberbully - INFO -   grad_accum_steps: 1
2026-06-17 07:18:42,417 - cyberbully - INFO -   overwrite      : False
2026-06-17 07:18:42,417 - cyberbully - INFO -   device         : cuda
2026-06-17 07:18:42,417 - cyberbully - INFO -   output_dir     : experiments/grid-search/xlnet-base-cased/ieee/prep2_aug0/seed_90995999
2026-06-17 07:18:42,417 - cyberbully - INFO - ============================================================
2026-06-17 07:18:42,417 - cyberbully - INFO - Step 1: Preparing data...
2026-06-17 07:18:42,421 - cyberbully - INFO - Loaded pre-split data from dataset/ieee — train: 1348, val: 338, test: 422
2026-06-17 07:18:42,421 - cyberbully - INFO - Label mapping: {'Cyberstalking': 0, 'Doxing': 1, 'Revenge Porn': 2, 'Sexual Harassment': 3, 'Slut Shaming': 4}
2026-06-17 07:18:42,421 - cyberbully - INFO - Applying partial text preprocessing per split...
2026-06-17 07:18:42,473 - cyberbully - INFO - After preprocessing -- train: 1348, val: 338, test: 422
2026-06-17 07:18:42,475 - cyberbully - INFO - Number of classes: 5
2026-06-17 07:18:42,476 - cyberbully - INFO - Step 2: Loading model and tokenizer...
2026-06-17 07:18:42,476 - cyberbully - INFO - Loading model 'xlnet-base-cased' with 5 labels (sbert=False, supcon=False)
2026-06-17 07:18:45,224 - cyberbully - INFO - Step 3: Creating datasets...
2026-06-17 07:18:45,256 - cyberbully - INFO - Dataset sizes — train: 1348, val: 338, test: 422
2026-06-17 07:18:45,256 - cyberbully - INFO - Step 4: Training...
2026-06-17 07:18:45,494 - cyberbully - INFO - Starting training...
2026-06-17 07:19:58,551 - cyberbully - INFO - Training complete.
2026-06-17 07:19:58,628 - cyberbully - INFO - Removed checkpoint: experiments/grid-search/xlnet-base-cased/ieee/prep2_aug0/seed_90995999/checkpoint-172
2026-06-17 07:19:58,709 - cyberbully - INFO - Removed checkpoint: experiments/grid-search/xlnet-base-cased/ieee/prep2_aug0/seed_90995999/checkpoint-258
2026-06-17 07:19:58,791 - cyberbully - INFO - Removed checkpoint: experiments/grid-search/xlnet-base-cased/ieee/prep2_aug0/seed_90995999/checkpoint-387
2026-06-17 07:19:58,863 - cyberbully - INFO - Removed checkpoint: experiments/grid-search/xlnet-base-cased/ieee/prep2_aug0/seed_90995999/checkpoint-43
2026-06-17 07:19:58,943 - cyberbully - INFO - Removed checkpoint: experiments/grid-search/xlnet-base-cased/ieee/prep2_aug0/seed_90995999/checkpoint-430
2026-06-17 07:19:59,026 - cyberbully - INFO - Removed checkpoint: experiments/grid-search/xlnet-base-cased/ieee/prep2_aug0/seed_90995999/checkpoint-301
2026-06-17 07:19:59,107 - cyberbully - INFO - Removed checkpoint: experiments/grid-search/xlnet-base-cased/ieee/prep2_aug0/seed_90995999/checkpoint-344
2026-06-17 07:19:59,182 - cyberbully - INFO - Removed checkpoint: experiments/grid-search/xlnet-base-cased/ieee/prep2_aug0/seed_90995999/checkpoint-129
2026-06-17 07:20:00,092 - cyberbully - INFO - Removed checkpoint: experiments/grid-search/xlnet-base-cased/ieee/prep2_aug0/seed_90995999/checkpoint-215
2026-06-17 07:20:00,164 - cyberbully - INFO - Removed checkpoint: experiments/grid-search/xlnet-base-cased/ieee/prep2_aug0/seed_90995999/checkpoint-86
2026-06-17 07:20:00,164 - cyberbully - INFO - Step 5: Evaluating on test set...
2026-06-17 07:20:06,777 - cyberbully - INFO - Metrics saved to experiments/grid-search/xlnet-base-cased/ieee/prep2_aug0/seed_90995999/metrics.json
2026-06-17 07:20:06,777 - cyberbully - INFO - Confusion matrix saved to experiments/grid-search/xlnet-base-cased/ieee/prep2_aug0/seed_90995999/confusion_matrix.json
2026-06-17 07:20:06,782 - cyberbully - INFO - Per-sample predictions saved to experiments/grid-search/xlnet-base-cased/ieee/prep2_aug0/seed_90995999/predictions.json
2026-06-17 07:20:06,888 - cyberbully - INFO - Confusion matrix figure saved to experiments/grid-search/xlnet-base-cased/ieee/prep2_aug0/seed_90995999/confusion_matrix.pdf
2026-06-17 07:20:06,888 - cyberbully - INFO - Accuracy: 0.8270
2026-06-17 07:20:06,888 - cyberbully - INFO - Weighted F1: 0.8266
2026-06-17 07:20:06,888 - cyberbully - INFO - Micro F1: 0.8270
2026-06-17 07:20:06,888 - cyberbully - INFO - Inference time: 0.57 seconds
2026-06-17 07:20:06,888 - cyberbully - INFO - Energy consumption: 0.000059 kWh
2026-06-17 07:20:06,888 - cyberbully - INFO - ============================================================
2026-06-17 07:20:06,888 - cyberbully - INFO - Pipeline complete. Results saved to: experiments/grid-search/xlnet-base-cased/ieee/prep2_aug0/seed_90995999
2026-06-17 07:20:06,888 - cyberbully - INFO - ============================================================
