2026-04-16 10:39:01,175 - cyberbully - INFO - ============================================================
2026-04-16 10:39:01,175 - cyberbully - INFO - Cyberbullying Detection Pipeline
2026-04-16 10:39:01,175 - cyberbully - INFO - ============================================================
2026-04-16 10:39:01,175 - cyberbully - INFO - Configuration:
2026-04-16 10:39:01,175 - cyberbully - INFO -   model          : sarkerlab/SocBERT-base
2026-04-16 10:39:01,175 - cyberbully - INFO -   dataset        : ieee
2026-04-16 10:39:01,176 - cyberbully - INFO -   preprocess     : False
2026-04-16 10:39:01,176 - cyberbully - INFO -   augment        : False
2026-04-16 10:39:01,176 - cyberbully - INFO -   compute_attribution: False
2026-04-16 10:39:01,176 - cyberbully - INFO -   seed           : 87212562
2026-04-16 10:39:01,176 - cyberbully - INFO -   epochs         : 10
2026-04-16 10:39:01,176 - cyberbully - INFO -   batch_size     : 32
2026-04-16 10:39:01,176 - cyberbully - INFO -   lr             : 5e-05
2026-04-16 10:39:01,176 - cyberbully - INFO -   max_length     : 128
2026-04-16 10:39:01,176 - cyberbully - INFO -   output_dir     : grid-search
2026-04-16 10:39:01,176 - cyberbully - INFO -   data_dir       : dataset
2026-04-16 10:39:01,176 - cyberbully - INFO -   sbert          : False
2026-04-16 10:39:01,176 - cyberbully - INFO -   supcon         : False
2026-04-16 10:39:01,176 - cyberbully - INFO -   supcon_weight  : 0.1
2026-04-16 10:39:01,176 - cyberbully - INFO -   proj_dim       : 128
2026-04-16 10:39:01,176 - cyberbully - INFO -   grad_accum_steps: 1
2026-04-16 10:39:01,176 - cyberbully - INFO -   overwrite      : False
2026-04-16 10:39:01,176 - cyberbully - INFO -   device         : cuda
2026-04-16 10:39:01,176 - cyberbully - INFO -   output_dir     : experiments/grid-search/sarkerlab_SocBERT-base/ieee/prep0_aug0/seed_87212562
2026-04-16 10:39:01,176 - cyberbully - INFO - ============================================================
2026-04-16 10:39:01,176 - cyberbully - INFO - Step 1: Preparing data...
2026-04-16 10:39:01,179 - cyberbully - INFO - Loaded pre-split data from dataset/ieee — train: 1348, val: 338, test: 422
2026-04-16 10:39:01,179 - cyberbully - INFO - Label mapping: {'Cyberstalking': 0, 'Doxing': 1, 'Revenge Porn': 2, 'Sexual Harassment': 3, 'Slut Shaming': 4}
2026-04-16 10:39:01,181 - cyberbully - INFO - Number of classes: 5
2026-04-16 10:39:01,182 - cyberbully - INFO - Step 2: Loading model and tokenizer...
2026-04-16 10:39:01,182 - cyberbully - INFO - Loading model 'sarkerlab/SocBERT-base' with 5 labels (sbert=False, supcon=False)
2026-04-16 10:39:02,763 - cyberbully - INFO - Step 3: Creating datasets...
2026-04-16 10:39:02,789 - cyberbully - INFO - Dataset sizes — train: 1348, val: 338, test: 422
2026-04-16 10:39:02,789 - cyberbully - INFO - Step 4: Training...
2026-04-16 10:39:03,024 - cyberbully - INFO - Starting training...
2026-04-16 10:40:25,654 - cyberbully - INFO - Training complete.
2026-04-16 10:40:25,747 - cyberbully - INFO - Removed checkpoint: experiments/grid-search/sarkerlab_SocBERT-base/ieee/prep0_aug0/seed_87212562/checkpoint-172
2026-04-16 10:40:26,184 - cyberbully - INFO - Removed checkpoint: experiments/grid-search/sarkerlab_SocBERT-base/ieee/prep0_aug0/seed_87212562/checkpoint-258
2026-04-16 10:40:26,290 - cyberbully - INFO - Removed checkpoint: experiments/grid-search/sarkerlab_SocBERT-base/ieee/prep0_aug0/seed_87212562/checkpoint-387
2026-04-16 10:40:26,381 - cyberbully - INFO - Removed checkpoint: experiments/grid-search/sarkerlab_SocBERT-base/ieee/prep0_aug0/seed_87212562/checkpoint-43
2026-04-16 10:40:26,474 - cyberbully - INFO - Removed checkpoint: experiments/grid-search/sarkerlab_SocBERT-base/ieee/prep0_aug0/seed_87212562/checkpoint-430
2026-04-16 10:40:26,951 - cyberbully - INFO - Removed checkpoint: experiments/grid-search/sarkerlab_SocBERT-base/ieee/prep0_aug0/seed_87212562/checkpoint-301
2026-04-16 10:40:27,042 - cyberbully - INFO - Removed checkpoint: experiments/grid-search/sarkerlab_SocBERT-base/ieee/prep0_aug0/seed_87212562/checkpoint-344
2026-04-16 10:40:27,130 - cyberbully - INFO - Removed checkpoint: experiments/grid-search/sarkerlab_SocBERT-base/ieee/prep0_aug0/seed_87212562/checkpoint-129
2026-04-16 10:40:27,218 - cyberbully - INFO - Removed checkpoint: experiments/grid-search/sarkerlab_SocBERT-base/ieee/prep0_aug0/seed_87212562/checkpoint-215
2026-04-16 10:40:27,307 - cyberbully - INFO - Removed checkpoint: experiments/grid-search/sarkerlab_SocBERT-base/ieee/prep0_aug0/seed_87212562/checkpoint-86
2026-04-16 10:40:27,307 - cyberbully - INFO - Step 5: Evaluating on test set...
2026-04-16 10:40:32,192 - cyberbully - INFO - Metrics saved to experiments/grid-search/sarkerlab_SocBERT-base/ieee/prep0_aug0/seed_87212562/metrics.json
2026-04-16 10:40:32,192 - cyberbully - INFO - Confusion matrix saved to experiments/grid-search/sarkerlab_SocBERT-base/ieee/prep0_aug0/seed_87212562/confusion_matrix.json
2026-04-16 10:40:32,197 - cyberbully - INFO - Per-sample predictions saved to experiments/grid-search/sarkerlab_SocBERT-base/ieee/prep0_aug0/seed_87212562/predictions.json
2026-04-16 10:40:32,299 - cyberbully - INFO - Confusion matrix figure saved to experiments/grid-search/sarkerlab_SocBERT-base/ieee/prep0_aug0/seed_87212562/confusion_matrix.pdf
2026-04-16 10:40:32,299 - cyberbully - INFO - Accuracy: 0.8270
2026-04-16 10:40:32,300 - cyberbully - INFO - Weighted F1: 0.8280
2026-04-16 10:40:32,300 - cyberbully - INFO - Micro F1: 0.8270
2026-04-16 10:40:32,300 - cyberbully - INFO - Inference time: 0.26 seconds
2026-04-16 10:40:32,300 - cyberbully - INFO - Energy consumption: 0.000012 kWh
2026-04-16 10:40:32,300 - cyberbully - INFO - ============================================================
2026-04-16 10:40:32,300 - cyberbully - INFO - Pipeline complete. Results saved to: experiments/grid-search/sarkerlab_SocBERT-base/ieee/prep0_aug0/seed_87212562
2026-04-16 10:40:32,300 - cyberbully - INFO - ============================================================
