2026-04-08 17:12:23,431 - cyberbully - INFO - ============================================================
2026-04-08 17:12:23,431 - cyberbully - INFO - Cyberbullying Detection Pipeline
2026-04-08 17:12:23,431 - cyberbully - INFO - ============================================================
2026-04-08 17:12:23,431 - cyberbully - INFO - Configuration:
2026-04-08 17:12:23,431 - cyberbully - INFO -   model          : answerdotai/ModernBERT-base
2026-04-08 17:12:23,431 - cyberbully - INFO -   dataset        : ieee
2026-04-08 17:12:23,431 - cyberbully - INFO -   preprocess     : True
2026-04-08 17:12:23,431 - cyberbully - INFO -   augment        : True
2026-04-08 17:12:23,431 - cyberbully - INFO -   compute_attribution: False
2026-04-08 17:12:23,431 - cyberbully - INFO -   seed           : 67351593
2026-04-08 17:12:23,431 - cyberbully - INFO -   epochs         : 10
2026-04-08 17:12:23,431 - cyberbully - INFO -   batch_size     : 32
2026-04-08 17:12:23,431 - cyberbully - INFO -   lr             : 5e-05
2026-04-08 17:12:23,431 - cyberbully - INFO -   max_length     : 128
2026-04-08 17:12:23,431 - cyberbully - INFO -   output_dir     : grid-search
2026-04-08 17:12:23,431 - cyberbully - INFO -   data_dir       : dataset
2026-04-08 17:12:23,431 - cyberbully - INFO -   sbert          : False
2026-04-08 17:12:23,431 - cyberbully - INFO -   supcon         : False
2026-04-08 17:12:23,431 - cyberbully - INFO -   supcon_weight  : 0.1
2026-04-08 17:12:23,431 - cyberbully - INFO -   proj_dim       : 128
2026-04-08 17:12:23,431 - cyberbully - INFO -   grad_accum_steps: 1
2026-04-08 17:12:23,431 - cyberbully - INFO -   overwrite      : False
2026-04-08 17:12:23,431 - cyberbully - INFO -   device         : cuda
2026-04-08 17:12:23,431 - cyberbully - INFO -   output_dir     : experiments/grid-search/answerdotai_ModernBERT-base/ieee/prep1_aug1/seed_67351593
2026-04-08 17:12:23,431 - cyberbully - INFO - ============================================================
2026-04-08 17:12:23,431 - cyberbully - INFO - Step 1: Preparing data...
2026-04-08 17:12:23,435 - cyberbully - INFO - Loaded pre-split data from dataset/ieee — train: 1348, val: 338, test: 422
2026-04-08 17:12:23,435 - cyberbully - INFO - Label mapping: {'Cyberstalking': 0, 'Doxing': 1, 'Revenge Porn': 2, 'Sexual Harassment': 3, 'Slut Shaming': 4}
2026-04-08 17:12:23,435 - cyberbully - INFO - Applying text preprocessing per split...
2026-04-08 17:12:27,445 - cyberbully - INFO - After preprocessing — train: 1178, val: 305, test: 375
2026-04-08 17:12:27,446 - cyberbully - INFO - Applying training data augmentation (oversampling)...
2026-04-08 17:12:27,447 - cyberbully - INFO - After oversampling — class distribution: {0: 287, 1: 287, 2: 287, 3: 287, 4: 287}
2026-04-08 17:12:27,448 - cyberbully - INFO - Number of classes: 5
2026-04-08 17:12:27,449 - cyberbully - INFO - Step 2: Loading model and tokenizer...
2026-04-08 17:12:27,449 - cyberbully - INFO - Loading model 'answerdotai/ModernBERT-base' with 5 labels (sbert=False, supcon=False)
2026-04-08 17:12:29,077 - cyberbully - INFO - Step 3: Creating datasets...
2026-04-08 17:12:29,112 - cyberbully - INFO - Dataset sizes — train: 1435, val: 305, test: 375
2026-04-08 17:12:29,112 - cyberbully - INFO - Step 4: Training...
2026-04-08 17:12:29,353 - cyberbully - INFO - Starting training...
2026-04-08 17:13:57,831 - cyberbully - INFO - Training complete.
2026-04-08 17:13:57,920 - cyberbully - INFO - Removed checkpoint: experiments/grid-search/answerdotai_ModernBERT-base/ieee/prep1_aug1/seed_67351593/checkpoint-90
2026-04-08 17:13:58,008 - cyberbully - INFO - Removed checkpoint: experiments/grid-search/answerdotai_ModernBERT-base/ieee/prep1_aug1/seed_67351593/checkpoint-180
2026-04-08 17:13:58,097 - cyberbully - INFO - Removed checkpoint: experiments/grid-search/answerdotai_ModernBERT-base/ieee/prep1_aug1/seed_67351593/checkpoint-225
2026-04-08 17:13:58,350 - cyberbully - INFO - Removed checkpoint: experiments/grid-search/answerdotai_ModernBERT-base/ieee/prep1_aug1/seed_67351593/checkpoint-135
2026-04-08 17:13:58,448 - cyberbully - INFO - Removed checkpoint: experiments/grid-search/answerdotai_ModernBERT-base/ieee/prep1_aug1/seed_67351593/checkpoint-315
2026-04-08 17:13:58,545 - cyberbully - INFO - Removed checkpoint: experiments/grid-search/answerdotai_ModernBERT-base/ieee/prep1_aug1/seed_67351593/checkpoint-450
2026-04-08 17:13:58,640 - cyberbully - INFO - Removed checkpoint: experiments/grid-search/answerdotai_ModernBERT-base/ieee/prep1_aug1/seed_67351593/checkpoint-360
2026-04-08 17:13:58,722 - cyberbully - INFO - Removed checkpoint: experiments/grid-search/answerdotai_ModernBERT-base/ieee/prep1_aug1/seed_67351593/checkpoint-45
2026-04-08 17:13:59,328 - cyberbully - INFO - Removed checkpoint: experiments/grid-search/answerdotai_ModernBERT-base/ieee/prep1_aug1/seed_67351593/checkpoint-270
2026-04-08 17:13:59,429 - cyberbully - INFO - Removed checkpoint: experiments/grid-search/answerdotai_ModernBERT-base/ieee/prep1_aug1/seed_67351593/checkpoint-405
2026-04-08 17:13:59,429 - cyberbully - INFO - Step 5: Evaluating on test set...
2026-04-08 17:14:05,934 - cyberbully - INFO - Metrics saved to experiments/grid-search/answerdotai_ModernBERT-base/ieee/prep1_aug1/seed_67351593/metrics.json
2026-04-08 17:14:05,934 - cyberbully - INFO - Confusion matrix saved to experiments/grid-search/answerdotai_ModernBERT-base/ieee/prep1_aug1/seed_67351593/confusion_matrix.json
2026-04-08 17:14:05,938 - cyberbully - INFO - Per-sample predictions saved to experiments/grid-search/answerdotai_ModernBERT-base/ieee/prep1_aug1/seed_67351593/predictions.json
2026-04-08 17:14:06,038 - cyberbully - INFO - Confusion matrix figure saved to experiments/grid-search/answerdotai_ModernBERT-base/ieee/prep1_aug1/seed_67351593/confusion_matrix.pdf
2026-04-08 17:14:06,038 - cyberbully - INFO - Accuracy: 0.7840
2026-04-08 17:14:06,038 - cyberbully - INFO - Weighted F1: 0.7847
2026-04-08 17:14:06,038 - cyberbully - INFO - Micro F1: 0.7840
2026-04-08 17:14:06,038 - cyberbully - INFO - Inference time: 0.36 seconds
2026-04-08 17:14:06,038 - cyberbully - INFO - Energy consumption: 0.000039 kWh
2026-04-08 17:14:06,038 - cyberbully - INFO - ============================================================
2026-04-08 17:14:06,038 - cyberbully - INFO - Pipeline complete. Results saved to: experiments/grid-search/answerdotai_ModernBERT-base/ieee/prep1_aug1/seed_67351593
2026-04-08 17:14:06,038 - cyberbully - INFO - ============================================================
