2026-03-24 21:41:13,701 - cyberbully - INFO - ============================================================
2026-03-24 21:41:13,701 - cyberbully - INFO - Cyberbullying Detection Pipeline
2026-03-24 21:41:13,701 - cyberbully - INFO - ============================================================
2026-03-24 21:41:13,701 - cyberbully - INFO - Configuration:
2026-03-24 21:41:13,701 - cyberbully - INFO -   model          : bert-base-uncased
2026-03-24 21:41:13,701 - cyberbully - INFO -   dataset        : kaggle
2026-03-24 21:41:13,701 - cyberbully - INFO -   preprocess     : False
2026-03-24 21:41:13,701 - cyberbully - INFO -   augment        : True
2026-03-24 21:41:13,701 - cyberbully - INFO -   compute_attribution: False
2026-03-24 21:41:13,701 - cyberbully - INFO -   seed           : 90995999
2026-03-24 21:41:13,701 - cyberbully - INFO -   epochs         : 10
2026-03-24 21:41:13,701 - cyberbully - INFO -   batch_size     : 32
2026-03-24 21:41:13,701 - cyberbully - INFO -   lr             : 5e-05
2026-03-24 21:41:13,701 - cyberbully - INFO -   max_length     : 128
2026-03-24 21:41:13,701 - cyberbully - INFO -   output_dir     : grid-search
2026-03-24 21:41:13,701 - cyberbully - INFO -   data_dir       : dataset
2026-03-24 21:41:13,701 - cyberbully - INFO -   sbert          : False
2026-03-24 21:41:13,701 - cyberbully - INFO -   supcon         : False
2026-03-24 21:41:13,701 - cyberbully - INFO -   supcon_weight  : 0.1
2026-03-24 21:41:13,701 - cyberbully - INFO -   proj_dim       : 128
2026-03-24 21:41:13,701 - cyberbully - INFO -   grad_accum_steps: 1
2026-03-24 21:41:13,701 - cyberbully - INFO -   overwrite      : False
2026-03-24 21:41:13,701 - cyberbully - INFO -   device         : cuda
2026-03-24 21:41:13,701 - cyberbully - INFO -   output_dir     : experiments/grid-search/bert-base-uncased/kaggle/prep0_aug1/seed_90995999
2026-03-24 21:41:13,701 - cyberbully - INFO - ============================================================
2026-03-24 21:41:13,701 - cyberbully - INFO - Step 1: Preparing data...
2026-03-24 21:41:13,751 - cyberbully - INFO - Loaded pre-split data from dataset/kaggle — train: 25604, val: 6401, test: 8002
2026-03-24 21:41:13,751 - cyberbully - INFO - Label mapping: {'age': 0, 'ethnicity': 1, 'gender': 2, 'other_cyberbullying': 3, 'religion': 4}
2026-03-24 21:41:13,753 - cyberbully - INFO - Applying training data augmentation (oversampling)...
2026-03-24 21:41:13,758 - cyberbully - INFO - After oversampling — class distribution: {0: 5123, 1: 5123, 2: 5123, 3: 5123, 4: 5123}
2026-03-24 21:41:13,768 - cyberbully - INFO - Number of classes: 5
2026-03-24 21:41:13,769 - cyberbully - INFO - Step 2: Loading model and tokenizer...
2026-03-24 21:41:13,769 - cyberbully - INFO - Loading model 'bert-base-uncased' with 5 labels (sbert=False, supcon=False)
2026-03-24 21:41:14,485 - cyberbully - INFO - Step 3: Creating datasets...
2026-03-24 21:41:15,351 - cyberbully - INFO - Dataset sizes — train: 25615, val: 6401, test: 8002
2026-03-24 21:41:15,351 - cyberbully - INFO - Step 4: Training...
2026-03-24 21:41:15,575 - cyberbully - INFO - Starting training...
2026-03-24 21:53:42,075 - cyberbully - INFO - Training complete.
2026-03-24 21:53:42,138 - cyberbully - INFO - Removed checkpoint: experiments/grid-search/bert-base-uncased/kaggle/prep0_aug1/seed_90995999/checkpoint-5607
2026-03-24 21:53:42,212 - cyberbully - INFO - Removed checkpoint: experiments/grid-search/bert-base-uncased/kaggle/prep0_aug1/seed_90995999/checkpoint-8010
2026-03-24 21:53:42,275 - cyberbully - INFO - Removed checkpoint: experiments/grid-search/bert-base-uncased/kaggle/prep0_aug1/seed_90995999/checkpoint-6408
2026-03-24 21:53:42,343 - cyberbully - INFO - Removed checkpoint: experiments/grid-search/bert-base-uncased/kaggle/prep0_aug1/seed_90995999/checkpoint-1602
2026-03-24 21:53:42,406 - cyberbully - INFO - Removed checkpoint: experiments/grid-search/bert-base-uncased/kaggle/prep0_aug1/seed_90995999/checkpoint-3204
2026-03-24 21:53:42,469 - cyberbully - INFO - Removed checkpoint: experiments/grid-search/bert-base-uncased/kaggle/prep0_aug1/seed_90995999/checkpoint-7209
2026-03-24 21:53:42,532 - cyberbully - INFO - Removed checkpoint: experiments/grid-search/bert-base-uncased/kaggle/prep0_aug1/seed_90995999/checkpoint-4005
2026-03-24 21:53:42,597 - cyberbully - INFO - Removed checkpoint: experiments/grid-search/bert-base-uncased/kaggle/prep0_aug1/seed_90995999/checkpoint-4806
2026-03-24 21:53:42,663 - cyberbully - INFO - Removed checkpoint: experiments/grid-search/bert-base-uncased/kaggle/prep0_aug1/seed_90995999/checkpoint-801
2026-03-24 21:53:42,728 - cyberbully - INFO - Removed checkpoint: experiments/grid-search/bert-base-uncased/kaggle/prep0_aug1/seed_90995999/checkpoint-2403
2026-03-24 21:53:42,728 - cyberbully - INFO - Step 5: Evaluating on test set...
2026-03-24 21:53:53,349 - cyberbully - INFO - Metrics saved to experiments/grid-search/bert-base-uncased/kaggle/prep0_aug1/seed_90995999/metrics.json
2026-03-24 21:53:53,350 - cyberbully - INFO - Confusion matrix saved to experiments/grid-search/bert-base-uncased/kaggle/prep0_aug1/seed_90995999/confusion_matrix.json
2026-03-24 21:53:53,428 - cyberbully - INFO - Per-sample predictions saved to experiments/grid-search/bert-base-uncased/kaggle/prep0_aug1/seed_90995999/predictions.json
2026-03-24 21:53:53,531 - cyberbully - INFO - Confusion matrix figure saved to experiments/grid-search/bert-base-uncased/kaggle/prep0_aug1/seed_90995999/confusion_matrix.pdf
2026-03-24 21:53:53,531 - cyberbully - INFO - Accuracy: 0.9549
2026-03-24 21:53:53,531 - cyberbully - INFO - Weighted F1: 0.9550
2026-03-24 21:53:53,531 - cyberbully - INFO - Micro F1: 0.9549
2026-03-24 21:53:53,531 - cyberbully - INFO - Inference time: 5.87 seconds
2026-03-24 21:53:53,531 - cyberbully - INFO - Energy consumption: 0.000389 kWh
2026-03-24 21:53:53,532 - cyberbully - INFO - ============================================================
2026-03-24 21:53:53,532 - cyberbully - INFO - Pipeline complete. Results saved to: experiments/grid-search/bert-base-uncased/kaggle/prep0_aug1/seed_90995999
2026-03-24 21:53:53,532 - cyberbully - INFO - ============================================================
