2026-02-18 08:52:31,831 - cyberbully - INFO - ============================================================
2026-02-18 08:52:31,831 - cyberbully - INFO - Cyberbullying Detection Pipeline
2026-02-18 08:52:31,831 - cyberbully - INFO - ============================================================
2026-02-18 08:52:31,831 - cyberbully - INFO - Configuration:
2026-02-18 08:52:31,831 - cyberbully - INFO -   model          : distilbert-base-uncased
2026-02-18 08:52:31,831 - cyberbully - INFO -   dataset        : tweeteval
2026-02-18 08:52:31,831 - cyberbully - INFO -   preprocess     : False
2026-02-18 08:52:31,831 - cyberbully - INFO -   augment        : True
2026-02-18 08:52:31,831 - cyberbully - INFO -   compute_attribution: False
2026-02-18 08:52:31,831 - cyberbully - INFO -   seed           : 70681460
2026-02-18 08:52:31,831 - cyberbully - INFO -   epochs         : 5
2026-02-18 08:52:31,831 - cyberbully - INFO -   batch_size     : 16
2026-02-18 08:52:31,831 - cyberbully - INFO -   lr             : 2e-05
2026-02-18 08:52:31,831 - cyberbully - INFO -   max_length     : 128
2026-02-18 08:52:31,831 - cyberbully - INFO -   output_dir     : grid-search
2026-02-18 08:52:31,831 - cyberbully - INFO -   data_dir       : dataset
2026-02-18 08:52:31,831 - cyberbully - INFO -   sbert          : False
2026-02-18 08:52:31,831 - cyberbully - INFO -   overwrite      : False
2026-02-18 08:52:31,831 - cyberbully - INFO -   device         : cuda
2026-02-18 08:52:31,831 - cyberbully - INFO -   output_dir     : experiments/grid-search/distilbert-base-uncased/tweeteval/prep0_aug1/seed_70681460
2026-02-18 08:52:31,831 - cyberbully - INFO - ============================================================
2026-02-18 08:52:31,831 - cyberbully - INFO - Step 1: Preparing data...
2026-02-18 08:52:31,831 - cyberbully - INFO - Loading dataset 'tweeteval' from dataset/Tweeteval.csv
2026-02-18 08:52:31,905 - cyberbully - INFO - Loaded 50759 samples with 5 classes: ['emotion', 'hate', 'offensive', 'religion', 'spiritual']
2026-02-18 08:52:31,908 - cyberbully - INFO - Label mapping: {'emotion': 0, 'hate': 1, 'offensive': 2, 'religion': 3, 'spiritual': 4}
2026-02-18 08:52:31,922 - cyberbully - INFO - Split sizes — train: 32485, val: 8122, test: 10152
2026-02-18 08:52:31,922 - cyberbully - INFO - Applying training data augmentation (oversampling)...
2026-02-18 08:52:31,930 - cyberbully - INFO - After oversampling — class distribution: {0: 8985, 1: 8985, 2: 8985, 3: 8985, 4: 8985}
2026-02-18 08:52:31,931 - cyberbully - INFO - Number of classes: 5
2026-02-18 08:52:31,932 - cyberbully - INFO - Step 2: Loading model and tokenizer...
2026-02-18 08:52:31,932 - cyberbully - INFO - Loading model 'distilbert-base-uncased' with 5 labels (sbert=False)
2026-02-18 08:52:32,557 - cyberbully - INFO - Step 3: Creating datasets...
2026-02-18 08:52:33,392 - cyberbully - INFO - Dataset sizes — train: 44925, val: 8122, test: 10152
2026-02-18 08:52:33,392 - cyberbully - INFO - Step 4: Training...
2026-02-18 08:52:33,475 - cyberbully - INFO - Starting training...
2026-02-18 08:58:36,515 - cyberbully - INFO - Training complete.
2026-02-18 08:58:36,515 - cyberbully - INFO - Step 5: Evaluating on test set...
2026-02-18 08:58:43,331 - cyberbully - INFO - Metrics saved to experiments/grid-search/distilbert-base-uncased/tweeteval/prep0_aug1/seed_70681460/metrics.json
2026-02-18 08:58:43,331 - cyberbully - INFO - Confusion matrix saved to experiments/grid-search/distilbert-base-uncased/tweeteval/prep0_aug1/seed_70681460/confusion_matrix.json
2026-02-18 08:58:43,436 - cyberbully - INFO - Confusion matrix figure saved to experiments/grid-search/distilbert-base-uncased/tweeteval/prep0_aug1/seed_70681460/confusion_matrix.pdf
2026-02-18 08:58:43,436 - cyberbully - INFO - Accuracy: 0.9697
2026-02-18 08:58:43,436 - cyberbully - INFO - Weighted F1: 0.9695
2026-02-18 08:58:43,436 - cyberbully - INFO - Micro F1: 0.9697
2026-02-18 08:58:43,436 - cyberbully - INFO - Inference time: 2.57 seconds
2026-02-18 08:58:43,436 - cyberbully - INFO - Energy consumption: 0.000141 kWh
2026-02-18 08:58:43,436 - cyberbully - INFO - ============================================================
2026-02-18 08:58:43,436 - cyberbully - INFO - Pipeline complete. Results saved to: experiments/grid-search/distilbert-base-uncased/tweeteval/prep0_aug1/seed_70681460
2026-02-18 08:58:43,436 - cyberbully - INFO - ============================================================
