2026-03-22 01:19:52,530 - cyberbully - INFO - ============================================================
2026-03-22 01:19:52,530 - cyberbully - INFO - Cyberbullying Detection Pipeline
2026-03-22 01:19:52,530 - cyberbully - INFO - ============================================================
2026-03-22 01:19:52,530 - cyberbully - INFO - Configuration:
2026-03-22 01:19:52,530 - cyberbully - INFO -   model          : distilbert-base-cased
2026-03-22 01:19:52,530 - cyberbully - INFO -   dataset        : tweeteval
2026-03-22 01:19:52,530 - cyberbully - INFO -   preprocess     : True
2026-03-22 01:19:52,530 - cyberbully - INFO -   augment        : False
2026-03-22 01:19:52,530 - cyberbully - INFO -   compute_attribution: False
2026-03-22 01:19:52,530 - cyberbully - INFO -   seed           : 87212562
2026-03-22 01:19:52,530 - cyberbully - INFO -   epochs         : 10
2026-03-22 01:19:52,530 - cyberbully - INFO -   batch_size     : 32
2026-03-22 01:19:52,530 - cyberbully - INFO -   lr             : 5e-05
2026-03-22 01:19:52,530 - cyberbully - INFO -   max_length     : 128
2026-03-22 01:19:52,530 - cyberbully - INFO -   output_dir     : grid-search
2026-03-22 01:19:52,530 - cyberbully - INFO -   data_dir       : dataset
2026-03-22 01:19:52,530 - cyberbully - INFO -   sbert          : False
2026-03-22 01:19:52,530 - cyberbully - INFO -   supcon         : False
2026-03-22 01:19:52,530 - cyberbully - INFO -   supcon_weight  : 0.1
2026-03-22 01:19:52,530 - cyberbully - INFO -   proj_dim       : 128
2026-03-22 01:19:52,530 - cyberbully - INFO -   grad_accum_steps: 1
2026-03-22 01:19:52,530 - cyberbully - INFO -   overwrite      : False
2026-03-22 01:19:52,530 - cyberbully - INFO -   device         : cuda
2026-03-22 01:19:52,530 - cyberbully - INFO -   output_dir     : experiments/grid-search/distilbert-base-cased/tweeteval/prep1_aug0/seed_87212562
2026-03-22 01:19:52,530 - cyberbully - INFO - ============================================================
2026-03-22 01:19:52,530 - cyberbully - INFO - Step 1: Preparing data...
2026-03-22 01:19:52,579 - cyberbully - INFO - Loaded pre-split data from dataset/tweeteval — train: 32485, val: 8122, test: 10152
2026-03-22 01:19:52,579 - cyberbully - INFO - Label mapping: {'emotion': 0, 'hate': 1, 'offensive': 2, 'religion': 3, 'spiritual': 4}
2026-03-22 01:19:52,579 - cyberbully - INFO - Applying text preprocessing per split...
2026-03-22 01:20:48,597 - cyberbully - INFO - After preprocessing — train: 30388, val: 7614, test: 9465
2026-03-22 01:20:48,608 - cyberbully - INFO - Number of classes: 5
2026-03-22 01:20:48,609 - cyberbully - INFO - Step 2: Loading model and tokenizer...
2026-03-22 01:20:48,609 - cyberbully - INFO - Loading model 'distilbert-base-cased' with 5 labels (sbert=False, supcon=False)
2026-03-22 01:20:49,292 - cyberbully - INFO - Step 3: Creating datasets...
2026-03-22 01:20:49,903 - cyberbully - INFO - Dataset sizes — train: 30388, val: 7614, test: 9465
2026-03-22 01:20:49,903 - cyberbully - INFO - Step 4: Training...
2026-03-22 01:20:50,105 - cyberbully - INFO - Starting training...
2026-03-22 01:28:36,564 - cyberbully - INFO - Training complete.
2026-03-22 01:28:36,602 - cyberbully - INFO - Removed checkpoint: experiments/grid-search/distilbert-base-cased/tweeteval/prep1_aug0/seed_87212562/checkpoint-4750
2026-03-22 01:28:36,640 - cyberbully - INFO - Removed checkpoint: experiments/grid-search/distilbert-base-cased/tweeteval/prep1_aug0/seed_87212562/checkpoint-7600
2026-03-22 01:28:36,678 - cyberbully - INFO - Removed checkpoint: experiments/grid-search/distilbert-base-cased/tweeteval/prep1_aug0/seed_87212562/checkpoint-1900
2026-03-22 01:28:36,716 - cyberbully - INFO - Removed checkpoint: experiments/grid-search/distilbert-base-cased/tweeteval/prep1_aug0/seed_87212562/checkpoint-6650
2026-03-22 01:28:36,754 - cyberbully - INFO - Removed checkpoint: experiments/grid-search/distilbert-base-cased/tweeteval/prep1_aug0/seed_87212562/checkpoint-2850
2026-03-22 01:28:36,794 - cyberbully - INFO - Removed checkpoint: experiments/grid-search/distilbert-base-cased/tweeteval/prep1_aug0/seed_87212562/checkpoint-950
2026-03-22 01:28:36,832 - cyberbully - INFO - Removed checkpoint: experiments/grid-search/distilbert-base-cased/tweeteval/prep1_aug0/seed_87212562/checkpoint-5700
2026-03-22 01:28:36,870 - cyberbully - INFO - Removed checkpoint: experiments/grid-search/distilbert-base-cased/tweeteval/prep1_aug0/seed_87212562/checkpoint-8550
2026-03-22 01:28:36,915 - cyberbully - INFO - Removed checkpoint: experiments/grid-search/distilbert-base-cased/tweeteval/prep1_aug0/seed_87212562/checkpoint-9500
2026-03-22 01:28:36,953 - cyberbully - INFO - Removed checkpoint: experiments/grid-search/distilbert-base-cased/tweeteval/prep1_aug0/seed_87212562/checkpoint-3800
2026-03-22 01:28:36,953 - cyberbully - INFO - Step 5: Evaluating on test set...
2026-03-22 01:28:44,830 - cyberbully - INFO - Metrics saved to experiments/grid-search/distilbert-base-cased/tweeteval/prep1_aug0/seed_87212562/metrics.json
2026-03-22 01:28:44,830 - cyberbully - INFO - Confusion matrix saved to experiments/grid-search/distilbert-base-cased/tweeteval/prep1_aug0/seed_87212562/confusion_matrix.json
2026-03-22 01:28:44,919 - cyberbully - INFO - Per-sample predictions saved to experiments/grid-search/distilbert-base-cased/tweeteval/prep1_aug0/seed_87212562/predictions.json
2026-03-22 01:28:45,019 - cyberbully - INFO - Confusion matrix figure saved to experiments/grid-search/distilbert-base-cased/tweeteval/prep1_aug0/seed_87212562/confusion_matrix.pdf
2026-03-22 01:28:45,019 - cyberbully - INFO - Accuracy: 0.9462
2026-03-22 01:28:45,019 - cyberbully - INFO - Weighted F1: 0.9461
2026-03-22 01:28:45,019 - cyberbully - INFO - Micro F1: 0.9462
2026-03-22 01:28:45,019 - cyberbully - INFO - Inference time: 3.61 seconds
2026-03-22 01:28:45,019 - cyberbully - INFO - Energy consumption: 0.000234 kWh
2026-03-22 01:28:45,021 - cyberbully - INFO - ============================================================
2026-03-22 01:28:45,021 - cyberbully - INFO - Pipeline complete. Results saved to: experiments/grid-search/distilbert-base-cased/tweeteval/prep1_aug0/seed_87212562
2026-03-22 01:28:45,021 - cyberbully - INFO - ============================================================
