2026-03-21 23:05:55,415 - cyberbully - INFO - ============================================================
2026-03-21 23:05:55,415 - cyberbully - INFO - Cyberbullying Detection Pipeline
2026-03-21 23:05:55,415 - cyberbully - INFO - ============================================================
2026-03-21 23:05:55,415 - cyberbully - INFO - Configuration:
2026-03-21 23:05:55,415 - cyberbully - INFO -   model          : albert/albert-base-v2
2026-03-21 23:05:55,415 - cyberbully - INFO -   dataset        : tweeteval
2026-03-21 23:05:55,415 - cyberbully - INFO -   preprocess     : False
2026-03-21 23:05:55,415 - cyberbully - INFO -   augment        : False
2026-03-21 23:05:55,415 - cyberbully - INFO -   compute_attribution: False
2026-03-21 23:05:55,415 - cyberbully - INFO -   seed           : 99511865
2026-03-21 23:05:55,415 - cyberbully - INFO -   epochs         : 10
2026-03-21 23:05:55,415 - cyberbully - INFO -   batch_size     : 32
2026-03-21 23:05:55,415 - cyberbully - INFO -   lr             : 5e-05
2026-03-21 23:05:55,415 - cyberbully - INFO -   max_length     : 128
2026-03-21 23:05:55,415 - cyberbully - INFO -   output_dir     : grid-search
2026-03-21 23:05:55,415 - cyberbully - INFO -   data_dir       : dataset
2026-03-21 23:05:55,415 - cyberbully - INFO -   sbert          : False
2026-03-21 23:05:55,415 - cyberbully - INFO -   supcon         : False
2026-03-21 23:05:55,415 - cyberbully - INFO -   supcon_weight  : 0.1
2026-03-21 23:05:55,415 - cyberbully - INFO -   proj_dim       : 128
2026-03-21 23:05:55,415 - cyberbully - INFO -   grad_accum_steps: 1
2026-03-21 23:05:55,415 - cyberbully - INFO -   overwrite      : False
2026-03-21 23:05:55,415 - cyberbully - INFO -   device         : cuda
2026-03-21 23:05:55,415 - cyberbully - INFO -   output_dir     : experiments/grid-search/albert_albert-base-v2/tweeteval/prep0_aug0/seed_99511865
2026-03-21 23:05:55,415 - cyberbully - INFO - ============================================================
2026-03-21 23:05:55,415 - cyberbully - INFO - Step 1: Preparing data...
2026-03-21 23:05:55,464 - cyberbully - INFO - Loaded pre-split data from dataset/tweeteval — train: 32485, val: 8122, test: 10152
2026-03-21 23:05:55,464 - cyberbully - INFO - Label mapping: {'emotion': 0, 'hate': 1, 'offensive': 2, 'religion': 3, 'spiritual': 4}
2026-03-21 23:05:55,476 - cyberbully - INFO - Number of classes: 5
2026-03-21 23:05:55,477 - cyberbully - INFO - Step 2: Loading model and tokenizer...
2026-03-21 23:05:55,477 - cyberbully - INFO - Loading model 'albert/albert-base-v2' with 5 labels (sbert=False, supcon=False)
2026-03-21 23:05:56,214 - cyberbully - INFO - Step 3: Creating datasets...
2026-03-21 23:05:57,238 - cyberbully - INFO - Dataset sizes — train: 32485, val: 8122, test: 10152
2026-03-21 23:05:57,238 - cyberbully - INFO - Step 4: Training...
2026-03-21 23:05:57,289 - cyberbully - INFO - Starting training...
2026-03-21 23:21:06,255 - cyberbully - INFO - Training complete.
2026-03-21 23:21:06,264 - cyberbully - INFO - Removed checkpoint: experiments/grid-search/albert_albert-base-v2/tweeteval/prep0_aug0/seed_99511865/checkpoint-2032
2026-03-21 23:21:06,275 - cyberbully - INFO - Removed checkpoint: experiments/grid-search/albert_albert-base-v2/tweeteval/prep0_aug0/seed_99511865/checkpoint-6096
2026-03-21 23:21:06,284 - cyberbully - INFO - Removed checkpoint: experiments/grid-search/albert_albert-base-v2/tweeteval/prep0_aug0/seed_99511865/checkpoint-3048
2026-03-21 23:21:06,294 - cyberbully - INFO - Removed checkpoint: experiments/grid-search/albert_albert-base-v2/tweeteval/prep0_aug0/seed_99511865/checkpoint-9144
2026-03-21 23:21:06,304 - cyberbully - INFO - Removed checkpoint: experiments/grid-search/albert_albert-base-v2/tweeteval/prep0_aug0/seed_99511865/checkpoint-5080
2026-03-21 23:21:06,314 - cyberbully - INFO - Removed checkpoint: experiments/grid-search/albert_albert-base-v2/tweeteval/prep0_aug0/seed_99511865/checkpoint-8128
2026-03-21 23:21:06,324 - cyberbully - INFO - Removed checkpoint: experiments/grid-search/albert_albert-base-v2/tweeteval/prep0_aug0/seed_99511865/checkpoint-4064
2026-03-21 23:21:06,335 - cyberbully - INFO - Removed checkpoint: experiments/grid-search/albert_albert-base-v2/tweeteval/prep0_aug0/seed_99511865/checkpoint-1016
2026-03-21 23:21:06,345 - cyberbully - INFO - Removed checkpoint: experiments/grid-search/albert_albert-base-v2/tweeteval/prep0_aug0/seed_99511865/checkpoint-7112
2026-03-21 23:21:06,355 - cyberbully - INFO - Removed checkpoint: experiments/grid-search/albert_albert-base-v2/tweeteval/prep0_aug0/seed_99511865/checkpoint-10160
2026-03-21 23:21:06,355 - cyberbully - INFO - Step 5: Evaluating on test set...
2026-03-21 23:21:20,947 - cyberbully - INFO - Metrics saved to experiments/grid-search/albert_albert-base-v2/tweeteval/prep0_aug0/seed_99511865/metrics.json
2026-03-21 23:21:20,947 - cyberbully - INFO - Confusion matrix saved to experiments/grid-search/albert_albert-base-v2/tweeteval/prep0_aug0/seed_99511865/confusion_matrix.json
2026-03-21 23:21:21,050 - cyberbully - INFO - Per-sample predictions saved to experiments/grid-search/albert_albert-base-v2/tweeteval/prep0_aug0/seed_99511865/predictions.json
2026-03-21 23:21:21,154 - cyberbully - INFO - Confusion matrix figure saved to experiments/grid-search/albert_albert-base-v2/tweeteval/prep0_aug0/seed_99511865/confusion_matrix.pdf
2026-03-21 23:21:21,154 - cyberbully - INFO - Accuracy: 0.9661
2026-03-21 23:21:21,155 - cyberbully - INFO - Weighted F1: 0.9661
2026-03-21 23:21:21,155 - cyberbully - INFO - Micro F1: 0.9661
2026-03-21 23:21:21,155 - cyberbully - INFO - Inference time: 8.91 seconds
2026-03-21 23:21:21,155 - cyberbully - INFO - Energy consumption: 0.000448 kWh
2026-03-21 23:21:21,156 - cyberbully - INFO - ============================================================
2026-03-21 23:21:21,156 - cyberbully - INFO - Pipeline complete. Results saved to: experiments/grid-search/albert_albert-base-v2/tweeteval/prep0_aug0/seed_99511865
2026-03-21 23:21:21,156 - cyberbully - INFO - ============================================================
