2026-02-11 05:03:28,253 - cyberbully - INFO - ============================================================
2026-02-11 05:03:28,253 - cyberbully - INFO - Cyberbullying Detection Pipeline
2026-02-11 05:03:28,253 - cyberbully - INFO - ============================================================
2026-02-11 05:03:28,253 - cyberbully - INFO - Configuration:
2026-02-11 05:03:28,253 - cyberbully - INFO -   model          : bert-base-uncased
2026-02-11 05:03:28,253 - cyberbully - INFO -   dataset        : tweeteval
2026-02-11 05:03:28,253 - cyberbully - INFO -   preprocess     : True
2026-02-11 05:03:28,253 - cyberbully - INFO -   augment        : True
2026-02-11 05:03:28,253 - cyberbully - INFO -   compute_attribution: False
2026-02-11 05:03:28,253 - cyberbully - INFO -   seed           : 14298463
2026-02-11 05:03:28,254 - cyberbully - INFO -   epochs         : 5
2026-02-11 05:03:28,254 - cyberbully - INFO -   batch_size     : 16
2026-02-11 05:03:28,254 - cyberbully - INFO -   lr             : 2e-05
2026-02-11 05:03:28,254 - cyberbully - INFO -   max_length     : 128
2026-02-11 05:03:28,254 - cyberbully - INFO -   output_dir     : experiments
2026-02-11 05:03:28,254 - cyberbully - INFO -   data_dir       : dataset
2026-02-11 05:03:28,254 - cyberbully - INFO -   overwrite      : False
2026-02-11 05:03:28,254 - cyberbully - INFO -   device         : cuda
2026-02-11 05:03:28,254 - cyberbully - INFO -   output_dir     : experiments/bert-base-uncased/tweeteval/prep1_aug1/seed_14298463
2026-02-11 05:03:28,254 - cyberbully - INFO - ============================================================
2026-02-11 05:03:28,254 - cyberbully - INFO - Step 1: Preparing data...
2026-02-11 05:03:28,254 - cyberbully - INFO - Loading dataset 'tweeteval' from dataset/Tweeteval.csv
2026-02-11 05:03:28,328 - cyberbully - INFO - Loaded 50759 samples with 5 classes: ['emotion', 'hate', 'offensive', 'religion', 'spiritual']
2026-02-11 05:03:28,328 - cyberbully - INFO - Applying text preprocessing...
2026-02-11 05:04:22,577 - cyberbully - INFO - After preprocessing: 47386 samples remain
2026-02-11 05:04:22,579 - cyberbully - INFO - Label mapping: {'emotion': 0, 'hate': 1, 'offensive': 2, 'religion': 3, 'spiritual': 4}
2026-02-11 05:04:22,591 - cyberbully - INFO - Split sizes — train: 30326, val: 7582, test: 9478
2026-02-11 05:04:22,591 - cyberbully - INFO - Applying training data augmentation (oversampling)...
2026-02-11 05:04:22,598 - cyberbully - INFO - After oversampling — class distribution: {0: 7744, 1: 7744, 2: 7744, 3: 7744, 4: 7744}
2026-02-11 05:04:22,599 - cyberbully - INFO - Number of classes: 5
2026-02-11 05:04:22,599 - cyberbully - INFO - Step 2: Loading model and tokenizer...
2026-02-11 05:04:22,599 - cyberbully - INFO - Loading model 'bert-base-uncased' with 5 labels
2026-02-11 05:04:23,372 - cyberbully - INFO - Step 3: Tokenizing datasets...
2026-02-11 05:04:24,498 - cyberbully - INFO - Dataset sizes — train: 38720, val: 7582, test: 9478
2026-02-11 05:04:24,498 - cyberbully - INFO - Step 4: Training...
2026-02-11 05:04:24,737 - cyberbully - INFO - Starting training...
2026-02-11 05:16:50,501 - cyberbully - INFO - Training complete.
2026-02-11 05:16:50,501 - cyberbully - INFO - Step 5: Evaluating on test set...
2026-02-11 05:17:02,266 - cyberbully - INFO - Metrics saved to experiments/bert-base-uncased/tweeteval/prep1_aug1/seed_14298463/metrics.json
2026-02-11 05:17:02,266 - cyberbully - INFO - Confusion matrix saved to experiments/bert-base-uncased/tweeteval/prep1_aug1/seed_14298463/confusion_matrix.json
2026-02-11 05:17:02,368 - cyberbully - INFO - Confusion matrix figure saved to experiments/bert-base-uncased/tweeteval/prep1_aug1/seed_14298463/confusion_matrix.pdf
2026-02-11 05:17:02,368 - cyberbully - INFO - Accuracy: 0.9428
2026-02-11 05:17:02,368 - cyberbully - INFO - Weighted F1: 0.9427
2026-02-11 05:17:02,368 - cyberbully - INFO - Micro F1: 0.9428
2026-02-11 05:17:02,368 - cyberbully - INFO - Inference time: 7.45 seconds
2026-02-11 05:17:02,368 - cyberbully - INFO - Energy consumption: 0.000435 kWh
2026-02-11 05:17:02,368 - cyberbully - INFO - ============================================================
2026-02-11 05:17:02,368 - cyberbully - INFO - Pipeline complete. Results saved to: experiments/bert-base-uncased/tweeteval/prep1_aug1/seed_14298463
2026-02-11 05:17:02,368 - cyberbully - INFO - ============================================================
