2026-02-10 15:30:08,180 - cyberbully - INFO - ============================================================
2026-02-10 15:30:08,180 - cyberbully - INFO - Cyberbullying Detection Pipeline
2026-02-10 15:30:08,180 - cyberbully - INFO - ============================================================
2026-02-10 15:30:08,180 - cyberbully - INFO - Configuration:
2026-02-10 15:30:08,180 - cyberbully - INFO -   model          : bert-base-uncased
2026-02-10 15:30:08,180 - cyberbully - INFO -   dataset        : ieee
2026-02-10 15:30:08,181 - cyberbully - INFO -   preprocess     : False
2026-02-10 15:30:08,181 - cyberbully - INFO -   augment        : False
2026-02-10 15:30:08,181 - cyberbully - INFO -   compute_attribution: False
2026-02-10 15:30:08,181 - cyberbully - INFO -   seed           : 52680723
2026-02-10 15:30:08,181 - cyberbully - INFO -   epochs         : 5
2026-02-10 15:30:08,181 - cyberbully - INFO -   batch_size     : 16
2026-02-10 15:30:08,181 - cyberbully - INFO -   lr             : 2e-05
2026-02-10 15:30:08,181 - cyberbully - INFO -   max_length     : 128
2026-02-10 15:30:08,181 - cyberbully - INFO -   output_dir     : experiments
2026-02-10 15:30:08,181 - cyberbully - INFO -   data_dir       : dataset
2026-02-10 15:30:08,181 - cyberbully - INFO -   overwrite      : False
2026-02-10 15:30:08,181 - cyberbully - INFO -   device         : cuda
2026-02-10 15:30:08,181 - cyberbully - INFO -   output_dir     : experiments/bert-base-uncased/ieee/prep0_aug0/seed_52680723
2026-02-10 15:30:08,181 - cyberbully - INFO - ============================================================
2026-02-10 15:30:08,181 - cyberbully - INFO - Step 1: Preparing data...
2026-02-10 15:30:08,181 - cyberbully - INFO - Loading dataset 'ieee' from dataset/IEEE Data Port.csv
2026-02-10 15:30:08,187 - cyberbully - INFO - Loaded 2108 samples with 5 classes: ['Cyberstalking', 'Doxing', 'Revenge Porn', 'Sexual Harassment', 'Slut Shaming']
2026-02-10 15:30:08,187 - cyberbully - INFO - Label mapping: {'Cyberstalking': 0, 'Doxing': 1, 'Revenge Porn': 2, 'Sexual Harassment': 3, 'Slut Shaming': 4}
2026-02-10 15:30:08,189 - cyberbully - INFO - Split sizes — train: 1348, val: 338, test: 422
2026-02-10 15:30:08,189 - cyberbully - INFO - Number of classes: 5
2026-02-10 15:30:08,189 - cyberbully - INFO - Step 2: Loading model and tokenizer...
2026-02-10 15:30:08,189 - cyberbully - INFO - Loading model 'bert-base-uncased' with 5 labels
2026-02-10 15:30:08,912 - cyberbully - INFO - Step 3: Tokenizing datasets...
2026-02-10 15:30:08,945 - cyberbully - INFO - Dataset sizes — train: 1348, val: 338, test: 422
2026-02-10 15:30:08,945 - cyberbully - INFO - Step 4: Training...
2026-02-10 15:30:09,176 - cyberbully - INFO - Starting training...
2026-02-10 15:30:35,478 - cyberbully - INFO - Training complete.
2026-02-10 15:30:35,478 - cyberbully - INFO - Step 5: Evaluating on test set...
2026-02-10 15:30:40,072 - cyberbully - INFO - Metrics saved to experiments/bert-base-uncased/ieee/prep0_aug0/seed_52680723/metrics.json
2026-02-10 15:30:40,072 - cyberbully - INFO - Confusion matrix saved to experiments/bert-base-uncased/ieee/prep0_aug0/seed_52680723/confusion_matrix.json
2026-02-10 15:30:40,173 - cyberbully - INFO - Confusion matrix figure saved to experiments/bert-base-uncased/ieee/prep0_aug0/seed_52680723/confusion_matrix.pdf
2026-02-10 15:30:40,173 - cyberbully - INFO - Accuracy: 0.8578
2026-02-10 15:30:40,173 - cyberbully - INFO - Weighted F1: 0.8565
2026-02-10 15:30:40,173 - cyberbully - INFO - Micro F1: 0.8578
2026-02-10 15:30:40,173 - cyberbully - INFO - Inference time: 0.32 seconds
2026-02-10 15:30:40,173 - cyberbully - INFO - Energy consumption: 0.000019 kWh
2026-02-10 15:30:40,173 - cyberbully - INFO - ============================================================
2026-02-10 15:30:40,173 - cyberbully - INFO - Pipeline complete. Results saved to: experiments/bert-base-uncased/ieee/prep0_aug0/seed_52680723
2026-02-10 15:30:40,173 - cyberbully - INFO - ============================================================
