2026-03-27 10:02:29,735 - cyberbully - INFO - ============================================================
2026-03-27 10:02:29,735 - cyberbully - INFO - Cyberbullying Detection Pipeline
2026-03-27 10:02:29,735 - cyberbully - INFO - ============================================================
2026-03-27 10:02:29,735 - cyberbully - INFO - Configuration:
2026-03-27 10:02:29,735 - cyberbully - INFO -   model          : albert/albert-base-v2
2026-03-27 10:02:29,735 - cyberbully - INFO -   dataset        : kaggle
2026-03-27 10:02:29,735 - cyberbully - INFO -   preprocess     : False
2026-03-27 10:02:29,735 - cyberbully - INFO -   augment        : False
2026-03-27 10:02:29,735 - cyberbully - INFO -   compute_attribution: False
2026-03-27 10:02:29,735 - cyberbully - INFO -   seed           : 67351593
2026-03-27 10:02:29,735 - cyberbully - INFO -   epochs         : 10
2026-03-27 10:02:29,735 - cyberbully - INFO -   batch_size     : 64
2026-03-27 10:02:29,735 - cyberbully - INFO -   lr             : 5e-05
2026-03-27 10:02:29,735 - cyberbully - INFO -   max_length     : 128
2026-03-27 10:02:29,735 - cyberbully - INFO -   output_dir     : supcon-grid
2026-03-27 10:02:29,735 - cyberbully - INFO -   data_dir       : dataset
2026-03-27 10:02:29,735 - cyberbully - INFO -   sbert          : False
2026-03-27 10:02:29,735 - cyberbully - INFO -   supcon         : False
2026-03-27 10:02:29,735 - cyberbully - INFO -   supcon_weight  : 0.1
2026-03-27 10:02:29,735 - cyberbully - INFO -   proj_dim       : 128
2026-03-27 10:02:29,735 - cyberbully - INFO -   grad_accum_steps: 1
2026-03-27 10:02:29,735 - cyberbully - INFO -   overwrite      : False
2026-03-27 10:02:29,735 - cyberbully - INFO -   device         : cuda
2026-03-27 10:02:29,735 - cyberbully - INFO -   output_dir     : experiments/supcon-grid/albert_albert-base-v2/kaggle/prep0_aug0/seed_67351593
2026-03-27 10:02:29,735 - cyberbully - INFO - ============================================================
2026-03-27 10:02:29,735 - cyberbully - INFO - Step 1: Preparing data...
2026-03-27 10:02:29,781 - cyberbully - INFO - Loaded pre-split data from dataset/kaggle — train: 25604, val: 6401, test: 8002
2026-03-27 10:02:29,781 - cyberbully - INFO - Label mapping: {'age': 0, 'ethnicity': 1, 'gender': 2, 'other_cyberbullying': 3, 'religion': 4}
2026-03-27 10:02:29,792 - cyberbully - INFO - Number of classes: 5
2026-03-27 10:02:29,793 - cyberbully - INFO - Step 2: Loading model and tokenizer...
2026-03-27 10:02:29,793 - cyberbully - INFO - Loading model 'albert/albert-base-v2' with 5 labels (sbert=False, supcon=False)
2026-03-27 10:02:30,507 - cyberbully - INFO - Step 3: Creating datasets...
2026-03-27 10:02:31,224 - cyberbully - INFO - Dataset sizes — train: 25604, val: 6401, test: 8002
2026-03-27 10:02:31,224 - cyberbully - INFO - Step 4: Training...
2026-03-27 10:02:31,283 - cyberbully - INFO - Starting training...
2026-03-27 10:14:52,745 - cyberbully - INFO - Training complete.
2026-03-27 10:14:52,754 - cyberbully - INFO - Removed checkpoint: experiments/supcon-grid/albert_albert-base-v2/kaggle/prep0_aug0/seed_67351593/checkpoint-3208
2026-03-27 10:14:52,812 - cyberbully - INFO - Removed checkpoint: experiments/supcon-grid/albert_albert-base-v2/kaggle/prep0_aug0/seed_67351593/checkpoint-4010
2026-03-27 10:14:52,822 - cyberbully - INFO - Removed checkpoint: experiments/supcon-grid/albert_albert-base-v2/kaggle/prep0_aug0/seed_67351593/checkpoint-1203
2026-03-27 10:14:52,831 - cyberbully - INFO - Removed checkpoint: experiments/supcon-grid/albert_albert-base-v2/kaggle/prep0_aug0/seed_67351593/checkpoint-2005
2026-03-27 10:14:52,841 - cyberbully - INFO - Removed checkpoint: experiments/supcon-grid/albert_albert-base-v2/kaggle/prep0_aug0/seed_67351593/checkpoint-2807
2026-03-27 10:14:52,850 - cyberbully - INFO - Removed checkpoint: experiments/supcon-grid/albert_albert-base-v2/kaggle/prep0_aug0/seed_67351593/checkpoint-1604
2026-03-27 10:14:52,860 - cyberbully - INFO - Removed checkpoint: experiments/supcon-grid/albert_albert-base-v2/kaggle/prep0_aug0/seed_67351593/checkpoint-802
2026-03-27 10:14:52,870 - cyberbully - INFO - Removed checkpoint: experiments/supcon-grid/albert_albert-base-v2/kaggle/prep0_aug0/seed_67351593/checkpoint-2406
2026-03-27 10:14:52,880 - cyberbully - INFO - Removed checkpoint: experiments/supcon-grid/albert_albert-base-v2/kaggle/prep0_aug0/seed_67351593/checkpoint-401
2026-03-27 10:14:52,889 - cyberbully - INFO - Removed checkpoint: experiments/supcon-grid/albert_albert-base-v2/kaggle/prep0_aug0/seed_67351593/checkpoint-3609
2026-03-27 10:14:52,889 - cyberbully - INFO - Step 5: Evaluating on test set...
2026-03-27 10:15:04,021 - cyberbully - INFO - Metrics saved to experiments/supcon-grid/albert_albert-base-v2/kaggle/prep0_aug0/seed_67351593/metrics.json
2026-03-27 10:15:04,021 - cyberbully - INFO - Confusion matrix saved to experiments/supcon-grid/albert_albert-base-v2/kaggle/prep0_aug0/seed_67351593/confusion_matrix.json
2026-03-27 10:15:04,102 - cyberbully - INFO - Per-sample predictions saved to experiments/supcon-grid/albert_albert-base-v2/kaggle/prep0_aug0/seed_67351593/predictions.json
2026-03-27 10:15:04,207 - cyberbully - INFO - Confusion matrix figure saved to experiments/supcon-grid/albert_albert-base-v2/kaggle/prep0_aug0/seed_67351593/confusion_matrix.pdf
2026-03-27 10:15:04,207 - cyberbully - INFO - Accuracy: 0.9560
2026-03-27 10:15:04,207 - cyberbully - INFO - Weighted F1: 0.9563
2026-03-27 10:15:04,207 - cyberbully - INFO - Micro F1: 0.9560
2026-03-27 10:15:04,207 - cyberbully - INFO - Inference time: 6.90 seconds
2026-03-27 10:15:04,207 - cyberbully - INFO - Energy consumption: 0.000366 kWh
2026-03-27 10:15:04,209 - cyberbully - INFO - ============================================================
2026-03-27 10:15:04,209 - cyberbully - INFO - Pipeline complete. Results saved to: experiments/supcon-grid/albert_albert-base-v2/kaggle/prep0_aug0/seed_67351593
2026-03-27 10:15:04,209 - cyberbully - INFO - ============================================================
