2026-03-27 00:51:48,834 - cyberbully - INFO - ============================================================
2026-03-27 00:51:48,834 - cyberbully - INFO - Cyberbullying Detection Pipeline
2026-03-27 00:51:48,834 - cyberbully - INFO - ============================================================
2026-03-27 00:51:48,834 - cyberbully - INFO - Configuration:
2026-03-27 00:51:48,834 - cyberbully - INFO -   model          : roberta-base
2026-03-27 00:51:48,834 - cyberbully - INFO -   dataset        : ieee
2026-03-27 00:51:48,834 - cyberbully - INFO -   preprocess     : False
2026-03-27 00:51:48,834 - cyberbully - INFO -   augment        : False
2026-03-27 00:51:48,834 - cyberbully - INFO -   compute_attribution: False
2026-03-27 00:51:48,834 - cyberbully - INFO -   seed           : 67351593
2026-03-27 00:51:48,834 - cyberbully - INFO -   epochs         : 10
2026-03-27 00:51:48,834 - cyberbully - INFO -   batch_size     : 64
2026-03-27 00:51:48,834 - cyberbully - INFO -   lr             : 5e-05
2026-03-27 00:51:48,834 - cyberbully - INFO -   max_length     : 128
2026-03-27 00:51:48,834 - cyberbully - INFO -   output_dir     : supcon-grid
2026-03-27 00:51:48,834 - cyberbully - INFO -   data_dir       : dataset
2026-03-27 00:51:48,834 - cyberbully - INFO -   sbert          : False
2026-03-27 00:51:48,834 - cyberbully - INFO -   supcon         : False
2026-03-27 00:51:48,834 - cyberbully - INFO -   supcon_weight  : 0.1
2026-03-27 00:51:48,834 - cyberbully - INFO -   proj_dim       : 128
2026-03-27 00:51:48,834 - cyberbully - INFO -   grad_accum_steps: 1
2026-03-27 00:51:48,834 - cyberbully - INFO -   overwrite      : False
2026-03-27 00:51:48,834 - cyberbully - INFO -   device         : cuda
2026-03-27 00:51:48,834 - cyberbully - INFO -   output_dir     : experiments/supcon-grid/roberta-base/ieee/prep0_aug0/seed_67351593
2026-03-27 00:51:48,834 - cyberbully - INFO - ============================================================
2026-03-27 00:51:48,834 - cyberbully - INFO - Step 1: Preparing data...
2026-03-27 00:51:48,838 - cyberbully - INFO - Loaded pre-split data from dataset/ieee — train: 1348, val: 338, test: 422
2026-03-27 00:51:48,838 - cyberbully - INFO - Label mapping: {'Cyberstalking': 0, 'Doxing': 1, 'Revenge Porn': 2, 'Sexual Harassment': 3, 'Slut Shaming': 4}
2026-03-27 00:51:48,840 - cyberbully - INFO - Number of classes: 5
2026-03-27 00:51:48,841 - cyberbully - INFO - Step 2: Loading model and tokenizer...
2026-03-27 00:51:48,841 - cyberbully - INFO - Loading model 'roberta-base' with 5 labels (sbert=False, supcon=False)
2026-03-27 00:51:49,596 - cyberbully - INFO - Step 3: Creating datasets...
2026-03-27 00:51:49,622 - cyberbully - INFO - Dataset sizes — train: 1348, val: 338, test: 422
2026-03-27 00:51:49,622 - cyberbully - INFO - Step 4: Training...
2026-03-27 00:51:49,837 - cyberbully - INFO - Starting training...
2026-03-27 00:52:57,825 - cyberbully - INFO - Training complete.
2026-03-27 00:52:57,908 - cyberbully - INFO - Removed checkpoint: experiments/supcon-grid/roberta-base/ieee/prep0_aug0/seed_67351593/checkpoint-176
2026-03-27 00:52:57,990 - cyberbully - INFO - Removed checkpoint: experiments/supcon-grid/roberta-base/ieee/prep0_aug0/seed_67351593/checkpoint-110
2026-03-27 00:52:58,074 - cyberbully - INFO - Removed checkpoint: experiments/supcon-grid/roberta-base/ieee/prep0_aug0/seed_67351593/checkpoint-44
2026-03-27 00:52:58,154 - cyberbully - INFO - Removed checkpoint: experiments/supcon-grid/roberta-base/ieee/prep0_aug0/seed_67351593/checkpoint-132
2026-03-27 00:52:58,236 - cyberbully - INFO - Removed checkpoint: experiments/supcon-grid/roberta-base/ieee/prep0_aug0/seed_67351593/checkpoint-198
2026-03-27 00:52:58,319 - cyberbully - INFO - Removed checkpoint: experiments/supcon-grid/roberta-base/ieee/prep0_aug0/seed_67351593/checkpoint-22
2026-03-27 00:52:58,400 - cyberbully - INFO - Removed checkpoint: experiments/supcon-grid/roberta-base/ieee/prep0_aug0/seed_67351593/checkpoint-88
2026-03-27 00:52:58,482 - cyberbully - INFO - Removed checkpoint: experiments/supcon-grid/roberta-base/ieee/prep0_aug0/seed_67351593/checkpoint-66
2026-03-27 00:52:58,563 - cyberbully - INFO - Removed checkpoint: experiments/supcon-grid/roberta-base/ieee/prep0_aug0/seed_67351593/checkpoint-154
2026-03-27 00:52:58,645 - cyberbully - INFO - Removed checkpoint: experiments/supcon-grid/roberta-base/ieee/prep0_aug0/seed_67351593/checkpoint-220
2026-03-27 00:52:58,646 - cyberbully - INFO - Step 5: Evaluating on test set...
2026-03-27 00:53:03,943 - cyberbully - INFO - Metrics saved to experiments/supcon-grid/roberta-base/ieee/prep0_aug0/seed_67351593/metrics.json
2026-03-27 00:53:03,943 - cyberbully - INFO - Confusion matrix saved to experiments/supcon-grid/roberta-base/ieee/prep0_aug0/seed_67351593/confusion_matrix.json
2026-03-27 00:53:03,947 - cyberbully - INFO - Per-sample predictions saved to experiments/supcon-grid/roberta-base/ieee/prep0_aug0/seed_67351593/predictions.json
2026-03-27 00:53:04,047 - cyberbully - INFO - Confusion matrix figure saved to experiments/supcon-grid/roberta-base/ieee/prep0_aug0/seed_67351593/confusion_matrix.pdf
2026-03-27 00:53:04,047 - cyberbully - INFO - Accuracy: 0.8294
2026-03-27 00:53:04,047 - cyberbully - INFO - Weighted F1: 0.8313
2026-03-27 00:53:04,047 - cyberbully - INFO - Micro F1: 0.8294
2026-03-27 00:53:04,047 - cyberbully - INFO - Inference time: 0.30 seconds
2026-03-27 00:53:04,047 - cyberbully - INFO - Energy consumption: 0.000021 kWh
2026-03-27 00:53:04,048 - cyberbully - INFO - ============================================================
2026-03-27 00:53:04,048 - cyberbully - INFO - Pipeline complete. Results saved to: experiments/supcon-grid/roberta-base/ieee/prep0_aug0/seed_67351593
2026-03-27 00:53:04,048 - cyberbully - INFO - ============================================================
