2026-02-12 22:02:28,517 - cyberbully - INFO - ============================================================
2026-02-12 22:02:28,518 - cyberbully - INFO - Cyberbullying Detection Pipeline
2026-02-12 22:02:28,518 - cyberbully - INFO - ============================================================
2026-02-12 22:02:28,518 - cyberbully - INFO - Configuration:
2026-02-12 22:02:28,518 - cyberbully - INFO -   model          : xlnet-base-cased
2026-02-12 22:02:28,518 - cyberbully - INFO -   dataset        : tweeteval
2026-02-12 22:02:28,518 - cyberbully - INFO -   preprocess     : False
2026-02-12 22:02:28,518 - cyberbully - INFO -   augment        : False
2026-02-12 22:02:28,518 - cyberbully - INFO -   compute_attribution: False
2026-02-12 22:02:28,518 - cyberbully - INFO -   seed           : 37622020
2026-02-12 22:02:28,518 - cyberbully - INFO -   epochs         : 5
2026-02-12 22:02:28,518 - cyberbully - INFO -   batch_size     : 16
2026-02-12 22:02:28,518 - cyberbully - INFO -   lr             : 2e-05
2026-02-12 22:02:28,518 - cyberbully - INFO -   max_length     : 128
2026-02-12 22:02:28,518 - cyberbully - INFO -   output_dir     : experiments
2026-02-12 22:02:28,518 - cyberbully - INFO -   data_dir       : dataset
2026-02-12 22:02:28,518 - cyberbully - INFO -   overwrite      : False
2026-02-12 22:02:28,518 - cyberbully - INFO -   device         : cuda
2026-02-12 22:02:28,518 - cyberbully - INFO -   output_dir     : experiments/xlnet-base-cased/tweeteval/prep0_aug0/seed_37622020
2026-02-12 22:02:28,518 - cyberbully - INFO - ============================================================
2026-02-12 22:02:28,518 - cyberbully - INFO - Step 1: Preparing data...
2026-02-12 22:02:28,518 - cyberbully - INFO - Loading dataset 'tweeteval' from dataset/Tweeteval.csv
2026-02-12 22:02:28,589 - cyberbully - INFO - Loaded 50759 samples with 5 classes: ['emotion', 'hate', 'offensive', 'religion', 'spiritual']
2026-02-12 22:02:28,591 - cyberbully - INFO - Label mapping: {'emotion': 0, 'hate': 1, 'offensive': 2, 'religion': 3, 'spiritual': 4}
2026-02-12 22:02:28,605 - cyberbully - INFO - Split sizes — train: 32485, val: 8122, test: 10152
2026-02-12 22:02:28,605 - cyberbully - INFO - Number of classes: 5
2026-02-12 22:02:28,605 - cyberbully - INFO - Step 2: Loading model and tokenizer...
2026-02-12 22:02:28,605 - cyberbully - INFO - Loading model 'xlnet-base-cased' with 5 labels
2026-02-12 22:02:30,806 - cyberbully - INFO - Step 3: Tokenizing datasets...
2026-02-12 22:02:31,983 - cyberbully - INFO - Dataset sizes — train: 32485, val: 8122, test: 10152
2026-02-12 22:02:31,983 - cyberbully - INFO - Step 4: Training...
2026-02-12 22:02:32,241 - cyberbully - INFO - Starting training...
2026-02-12 22:16:07,121 - cyberbully - INFO - Training complete.
2026-02-12 22:16:07,121 - cyberbully - INFO - Step 5: Evaluating on test set...
2026-02-12 22:16:24,198 - cyberbully - INFO - Metrics saved to experiments/xlnet-base-cased/tweeteval/prep0_aug0/seed_37622020/metrics.json
2026-02-12 22:16:24,199 - cyberbully - INFO - Confusion matrix saved to experiments/xlnet-base-cased/tweeteval/prep0_aug0/seed_37622020/confusion_matrix.json
2026-02-12 22:16:24,299 - cyberbully - INFO - Confusion matrix figure saved to experiments/xlnet-base-cased/tweeteval/prep0_aug0/seed_37622020/confusion_matrix.pdf
2026-02-12 22:16:24,299 - cyberbully - INFO - Accuracy: 0.9686
2026-02-12 22:16:24,300 - cyberbully - INFO - Weighted F1: 0.9684
2026-02-12 22:16:24,300 - cyberbully - INFO - Micro F1: 0.9686
2026-02-12 22:16:24,300 - cyberbully - INFO - Inference time: 12.74 seconds
2026-02-12 22:16:24,300 - cyberbully - INFO - Energy consumption: 0.000772 kWh
2026-02-12 22:16:24,300 - cyberbully - INFO - ============================================================
2026-02-12 22:16:24,300 - cyberbully - INFO - Pipeline complete. Results saved to: experiments/xlnet-base-cased/tweeteval/prep0_aug0/seed_37622020
2026-02-12 22:16:24,300 - cyberbully - INFO - ============================================================
