2026-04-08 20:12:06,846 - cyberbully - INFO - ============================================================
2026-04-08 20:12:06,846 - cyberbully - INFO - Cyberbullying Detection Pipeline
2026-04-08 20:12:06,846 - cyberbully - INFO - ============================================================
2026-04-08 20:12:06,846 - cyberbully - INFO - Configuration:
2026-04-08 20:12:06,846 - cyberbully - INFO -   model          : answerdotai/ModernBERT-base
2026-04-08 20:12:06,846 - cyberbully - INFO -   dataset        : tweeteval
2026-04-08 20:12:06,846 - cyberbully - INFO -   preprocess     : False
2026-04-08 20:12:06,846 - cyberbully - INFO -   augment        : False
2026-04-08 20:12:06,846 - cyberbully - INFO -   compute_attribution: False
2026-04-08 20:12:06,846 - cyberbully - INFO -   seed           : 52680723
2026-04-08 20:12:06,846 - cyberbully - INFO -   epochs         : 10
2026-04-08 20:12:06,846 - cyberbully - INFO -   batch_size     : 32
2026-04-08 20:12:06,846 - cyberbully - INFO -   lr             : 5e-05
2026-04-08 20:12:06,846 - cyberbully - INFO -   max_length     : 128
2026-04-08 20:12:06,846 - cyberbully - INFO -   output_dir     : grid-search
2026-04-08 20:12:06,846 - cyberbully - INFO -   data_dir       : dataset
2026-04-08 20:12:06,846 - cyberbully - INFO -   sbert          : False
2026-04-08 20:12:06,846 - cyberbully - INFO -   supcon         : False
2026-04-08 20:12:06,846 - cyberbully - INFO -   supcon_weight  : 0.1
2026-04-08 20:12:06,846 - cyberbully - INFO -   proj_dim       : 128
2026-04-08 20:12:06,846 - cyberbully - INFO -   grad_accum_steps: 1
2026-04-08 20:12:06,846 - cyberbully - INFO -   overwrite      : False
2026-04-08 20:12:06,846 - cyberbully - INFO -   device         : cuda
2026-04-08 20:12:06,846 - cyberbully - INFO -   output_dir     : experiments/grid-search/answerdotai_ModernBERT-base/tweeteval/prep0_aug0/seed_52680723
2026-04-08 20:12:06,846 - cyberbully - INFO - ============================================================
2026-04-08 20:12:06,846 - cyberbully - INFO - Step 1: Preparing data...
2026-04-08 20:12:06,892 - cyberbully - INFO - Loaded pre-split data from dataset/tweeteval — train: 32485, val: 8122, test: 10152
2026-04-08 20:12:06,892 - cyberbully - INFO - Label mapping: {'emotion': 0, 'hate': 1, 'offensive': 2, 'religion': 3, 'spiritual': 4}
2026-04-08 20:12:06,903 - cyberbully - INFO - Number of classes: 5
2026-04-08 20:12:06,904 - cyberbully - INFO - Step 2: Loading model and tokenizer...
2026-04-08 20:12:06,904 - cyberbully - INFO - Loading model 'answerdotai/ModernBERT-base' with 5 labels (sbert=False, supcon=False)
2026-04-08 20:12:08,536 - cyberbully - INFO - Step 3: Creating datasets...
2026-04-08 20:12:09,549 - cyberbully - INFO - Dataset sizes — train: 32485, val: 8122, test: 10152
2026-04-08 20:12:09,549 - cyberbully - INFO - Step 4: Training...
2026-04-08 20:12:09,806 - cyberbully - INFO - Starting training...
2026-04-08 20:32:48,430 - cyberbully - INFO - Training complete.
2026-04-08 20:32:48,512 - cyberbully - INFO - Removed checkpoint: experiments/grid-search/answerdotai_ModernBERT-base/tweeteval/prep0_aug0/seed_52680723/checkpoint-3048
2026-04-08 20:32:48,594 - cyberbully - INFO - Removed checkpoint: experiments/grid-search/answerdotai_ModernBERT-base/tweeteval/prep0_aug0/seed_52680723/checkpoint-7112
2026-04-08 20:32:48,676 - cyberbully - INFO - Removed checkpoint: experiments/grid-search/answerdotai_ModernBERT-base/tweeteval/prep0_aug0/seed_52680723/checkpoint-9144
2026-04-08 20:32:48,761 - cyberbully - INFO - Removed checkpoint: experiments/grid-search/answerdotai_ModernBERT-base/tweeteval/prep0_aug0/seed_52680723/checkpoint-1016
2026-04-08 20:32:48,843 - cyberbully - INFO - Removed checkpoint: experiments/grid-search/answerdotai_ModernBERT-base/tweeteval/prep0_aug0/seed_52680723/checkpoint-2032
2026-04-08 20:32:48,941 - cyberbully - INFO - Removed checkpoint: experiments/grid-search/answerdotai_ModernBERT-base/tweeteval/prep0_aug0/seed_52680723/checkpoint-10160
2026-04-08 20:32:49,024 - cyberbully - INFO - Removed checkpoint: experiments/grid-search/answerdotai_ModernBERT-base/tweeteval/prep0_aug0/seed_52680723/checkpoint-6096
2026-04-08 20:32:49,106 - cyberbully - INFO - Removed checkpoint: experiments/grid-search/answerdotai_ModernBERT-base/tweeteval/prep0_aug0/seed_52680723/checkpoint-5080
2026-04-08 20:32:49,189 - cyberbully - INFO - Removed checkpoint: experiments/grid-search/answerdotai_ModernBERT-base/tweeteval/prep0_aug0/seed_52680723/checkpoint-8128
2026-04-08 20:32:49,270 - cyberbully - INFO - Removed checkpoint: experiments/grid-search/answerdotai_ModernBERT-base/tweeteval/prep0_aug0/seed_52680723/checkpoint-4064
2026-04-08 20:32:49,270 - cyberbully - INFO - Step 5: Evaluating on test set...
2026-04-08 20:33:04,004 - cyberbully - INFO - Metrics saved to experiments/grid-search/answerdotai_ModernBERT-base/tweeteval/prep0_aug0/seed_52680723/metrics.json
2026-04-08 20:33:04,004 - cyberbully - INFO - Confusion matrix saved to experiments/grid-search/answerdotai_ModernBERT-base/tweeteval/prep0_aug0/seed_52680723/confusion_matrix.json
2026-04-08 20:33:04,102 - cyberbully - INFO - Per-sample predictions saved to experiments/grid-search/answerdotai_ModernBERT-base/tweeteval/prep0_aug0/seed_52680723/predictions.json
2026-04-08 20:33:04,204 - cyberbully - INFO - Confusion matrix figure saved to experiments/grid-search/answerdotai_ModernBERT-base/tweeteval/prep0_aug0/seed_52680723/confusion_matrix.pdf
2026-04-08 20:33:04,204 - cyberbully - INFO - Accuracy: 0.9727
2026-04-08 20:33:04,204 - cyberbully - INFO - Weighted F1: 0.9727
2026-04-08 20:33:04,204 - cyberbully - INFO - Micro F1: 0.9727
2026-04-08 20:33:04,204 - cyberbully - INFO - Inference time: 10.00 seconds
2026-04-08 20:33:04,204 - cyberbully - INFO - Energy consumption: 0.000615 kWh
2026-04-08 20:33:04,206 - cyberbully - INFO - ============================================================
2026-04-08 20:33:04,206 - cyberbully - INFO - Pipeline complete. Results saved to: experiments/grid-search/answerdotai_ModernBERT-base/tweeteval/prep0_aug0/seed_52680723
2026-04-08 20:33:04,206 - cyberbully - INFO - ============================================================
