2026-05-20 22:28:01,733 - cyberbully - INFO - Model 'all-MiniLM-L12-v2' detected as SBERT-based. Using SBERTClassifier pipeline.
2026-05-20 22:28:01,733 - cyberbully - INFO - ============================================================
2026-05-20 22:28:01,733 - cyberbully - INFO - Cyberbullying Detection Pipeline
2026-05-20 22:28:01,733 - cyberbully - INFO - ============================================================
2026-05-20 22:28:01,733 - cyberbully - INFO - Configuration:
2026-05-20 22:28:01,733 - cyberbully - INFO -   model          : all-MiniLM-L12-v2
2026-05-20 22:28:01,733 - cyberbully - INFO -   dataset        : ieee
2026-05-20 22:28:01,733 - cyberbully - INFO -   preprocess     : True
2026-05-20 22:28:01,733 - cyberbully - INFO -   augment        : False
2026-05-20 22:28:01,733 - cyberbully - INFO -   compute_attribution: False
2026-05-20 22:28:01,733 - cyberbully - INFO -   seed           : 14298463
2026-05-20 22:28:01,733 - cyberbully - INFO -   epochs         : 10
2026-05-20 22:28:01,733 - cyberbully - INFO -   batch_size     : 32
2026-05-20 22:28:01,733 - cyberbully - INFO -   lr             : 5e-05
2026-05-20 22:28:01,733 - cyberbully - INFO -   max_length     : 128
2026-05-20 22:28:01,733 - cyberbully - INFO -   output_dir     : grid-search
2026-05-20 22:28:01,733 - cyberbully - INFO -   data_dir       : dataset
2026-05-20 22:28:01,733 - cyberbully - INFO -   sbert          : True
2026-05-20 22:28:01,733 - cyberbully - INFO -   supcon         : False
2026-05-20 22:28:01,733 - cyberbully - INFO -   supcon_weight  : 0.1
2026-05-20 22:28:01,733 - cyberbully - INFO -   proj_dim       : 128
2026-05-20 22:28:01,733 - cyberbully - INFO -   grad_accum_steps: 1
2026-05-20 22:28:01,733 - cyberbully - INFO -   overwrite      : True
2026-05-20 22:28:01,733 - cyberbully - INFO -   device         : cuda
2026-05-20 22:28:01,733 - cyberbully - INFO -   output_dir     : experiments/grid-search/all-MiniLM-L12-v2/ieee/prep1_aug0/seed_14298463
2026-05-20 22:28:01,733 - cyberbully - INFO - ============================================================
2026-05-20 22:28:01,733 - cyberbully - INFO - Step 1: Preparing data...
2026-05-20 22:28:01,737 - cyberbully - INFO - Loaded pre-split data from dataset/ieee — train: 1348, val: 338, test: 422
2026-05-20 22:28:01,737 - cyberbully - INFO - Label mapping: {'Cyberstalking': 0, 'Doxing': 1, 'Revenge Porn': 2, 'Sexual Harassment': 3, 'Slut Shaming': 4}
2026-05-20 22:28:01,737 - cyberbully - INFO - Applying text preprocessing per split...
2026-05-20 22:28:03,227 - cyberbully - INFO - After preprocessing -- train: 1348, val: 338, test: 422
2026-05-20 22:28:03,228 - cyberbully - INFO - Number of classes: 5
2026-05-20 22:28:03,229 - cyberbully - INFO - Step 2: Loading model and tokenizer...
2026-05-20 22:28:03,230 - cyberbully - INFO - Loading model 'all-MiniLM-L12-v2' with 5 labels (sbert=True, supcon=False)
2026-05-20 22:28:09,350 - cyberbully - INFO - SBERTClassifier: embedding_dim=384, hidden=256, proj_dim=None, num_labels=5
2026-05-20 22:28:09,935 - cyberbully - INFO - Step 3: Creating datasets...
2026-05-20 22:28:09,963 - cyberbully - INFO - Dataset sizes — train: 1348, val: 338, test: 422
2026-05-20 22:28:09,963 - cyberbully - INFO - Step 4: Training...
2026-05-20 22:28:10,017 - cyberbully - INFO - Starting training...
2026-05-20 22:28:27,582 - cyberbully - INFO - Training complete.
2026-05-20 22:28:28,131 - cyberbully - INFO - Removed checkpoint: experiments/grid-search/all-MiniLM-L12-v2/ieee/prep1_aug0/seed_14298463/checkpoint-172
2026-05-20 22:28:28,166 - cyberbully - INFO - Removed checkpoint: experiments/grid-search/all-MiniLM-L12-v2/ieee/prep1_aug0/seed_14298463/checkpoint-258
2026-05-20 22:28:28,189 - cyberbully - INFO - Removed checkpoint: experiments/grid-search/all-MiniLM-L12-v2/ieee/prep1_aug0/seed_14298463/checkpoint-387
2026-05-20 22:28:28,212 - cyberbully - INFO - Removed checkpoint: experiments/grid-search/all-MiniLM-L12-v2/ieee/prep1_aug0/seed_14298463/checkpoint-43
2026-05-20 22:28:28,235 - cyberbully - INFO - Removed checkpoint: experiments/grid-search/all-MiniLM-L12-v2/ieee/prep1_aug0/seed_14298463/checkpoint-430
2026-05-20 22:28:28,258 - cyberbully - INFO - Removed checkpoint: experiments/grid-search/all-MiniLM-L12-v2/ieee/prep1_aug0/seed_14298463/checkpoint-301
2026-05-20 22:28:28,281 - cyberbully - INFO - Removed checkpoint: experiments/grid-search/all-MiniLM-L12-v2/ieee/prep1_aug0/seed_14298463/checkpoint-344
2026-05-20 22:28:28,303 - cyberbully - INFO - Removed checkpoint: experiments/grid-search/all-MiniLM-L12-v2/ieee/prep1_aug0/seed_14298463/checkpoint-129
2026-05-20 22:28:29,108 - cyberbully - INFO - Removed checkpoint: experiments/grid-search/all-MiniLM-L12-v2/ieee/prep1_aug0/seed_14298463/checkpoint-215
2026-05-20 22:28:30,049 - cyberbully - INFO - Removed checkpoint: experiments/grid-search/all-MiniLM-L12-v2/ieee/prep1_aug0/seed_14298463/checkpoint-86
2026-05-20 22:28:30,050 - cyberbully - INFO - Step 5: Evaluating on test set...
2026-05-20 22:28:36,333 - cyberbully - INFO - Metrics saved to experiments/grid-search/all-MiniLM-L12-v2/ieee/prep1_aug0/seed_14298463/metrics.json
2026-05-20 22:28:36,333 - cyberbully - INFO - Confusion matrix saved to experiments/grid-search/all-MiniLM-L12-v2/ieee/prep1_aug0/seed_14298463/confusion_matrix.json
2026-05-20 22:28:36,337 - cyberbully - INFO - Per-sample predictions saved to experiments/grid-search/all-MiniLM-L12-v2/ieee/prep1_aug0/seed_14298463/predictions.json
2026-05-20 22:28:36,437 - cyberbully - INFO - Confusion matrix figure saved to experiments/grid-search/all-MiniLM-L12-v2/ieee/prep1_aug0/seed_14298463/confusion_matrix.pdf
2026-05-20 22:28:36,437 - cyberbully - INFO - Accuracy: 0.8270
2026-05-20 22:28:36,437 - cyberbully - INFO - Weighted F1: 0.8285
2026-05-20 22:28:36,437 - cyberbully - INFO - Micro F1: 0.8270
2026-05-20 22:28:36,437 - cyberbully - INFO - Inference time: 0.11 seconds
2026-05-20 22:28:36,437 - cyberbully - INFO - Energy consumption: 0.000026 kWh
2026-05-20 22:28:36,437 - cyberbully - INFO - ============================================================
2026-05-20 22:28:36,437 - cyberbully - INFO - Pipeline complete. Results saved to: experiments/grid-search/all-MiniLM-L12-v2/ieee/prep1_aug0/seed_14298463
2026-05-20 22:28:36,437 - cyberbully - INFO - ============================================================
