2026-03-22 20:16:34,853 - cyberbully - INFO - Model 'all-distilroberta-v1' detected as SBERT-based. Using SBERTClassifier pipeline.
2026-03-22 20:16:34,853 - cyberbully - INFO - ============================================================
2026-03-22 20:16:34,853 - cyberbully - INFO - Cyberbullying Detection Pipeline
2026-03-22 20:16:34,853 - cyberbully - INFO - ============================================================
2026-03-22 20:16:34,853 - cyberbully - INFO - Configuration:
2026-03-22 20:16:34,853 - cyberbully - INFO -   model          : all-distilroberta-v1
2026-03-22 20:16:34,853 - cyberbully - INFO -   dataset        : tweeteval
2026-03-22 20:16:34,853 - cyberbully - INFO -   preprocess     : False
2026-03-22 20:16:34,853 - cyberbully - INFO -   augment        : False
2026-03-22 20:16:34,853 - cyberbully - INFO -   compute_attribution: False
2026-03-22 20:16:34,853 - cyberbully - INFO -   seed           : 24677315
2026-03-22 20:16:34,853 - cyberbully - INFO -   epochs         : 10
2026-03-22 20:16:34,853 - cyberbully - INFO -   batch_size     : 32
2026-03-22 20:16:34,853 - cyberbully - INFO -   lr             : 5e-05
2026-03-22 20:16:34,853 - cyberbully - INFO -   max_length     : 128
2026-03-22 20:16:34,853 - cyberbully - INFO -   output_dir     : grid-search
2026-03-22 20:16:34,853 - cyberbully - INFO -   data_dir       : dataset
2026-03-22 20:16:34,853 - cyberbully - INFO -   sbert          : True
2026-03-22 20:16:34,853 - cyberbully - INFO -   supcon         : False
2026-03-22 20:16:34,853 - cyberbully - INFO -   supcon_weight  : 0.1
2026-03-22 20:16:34,853 - cyberbully - INFO -   proj_dim       : 128
2026-03-22 20:16:34,853 - cyberbully - INFO -   grad_accum_steps: 1
2026-03-22 20:16:34,853 - cyberbully - INFO -   overwrite      : False
2026-03-22 20:16:34,853 - cyberbully - INFO -   device         : cuda
2026-03-22 20:16:34,853 - cyberbully - INFO -   output_dir     : experiments/grid-search/all-distilroberta-v1/tweeteval/prep0_aug0/seed_24677315
2026-03-22 20:16:34,853 - cyberbully - INFO - ============================================================
2026-03-22 20:16:34,853 - cyberbully - INFO - Step 1: Preparing data...
2026-03-22 20:16:34,905 - cyberbully - INFO - Loaded pre-split data from dataset/tweeteval — train: 32485, val: 8122, test: 10152
2026-03-22 20:16:34,905 - cyberbully - INFO - Label mapping: {'emotion': 0, 'hate': 1, 'offensive': 2, 'religion': 3, 'spiritual': 4}
2026-03-22 20:16:34,917 - cyberbully - INFO - Number of classes: 5
2026-03-22 20:16:34,918 - cyberbully - INFO - Step 2: Loading model and tokenizer...
2026-03-22 20:16:34,918 - cyberbully - INFO - Loading model 'all-distilroberta-v1' with 5 labels (sbert=True, supcon=False)
2026-03-22 20:16:38,668 - cyberbully - INFO - SBERTClassifier: embedding_dim=768, hidden=256, proj_dim=None, num_labels=5
2026-03-22 20:16:39,007 - cyberbully - INFO - Step 3: Creating datasets...
2026-03-22 20:16:39,783 - cyberbully - INFO - Dataset sizes — train: 32485, val: 8122, test: 10152
2026-03-22 20:16:39,783 - cyberbully - INFO - Step 4: Training...
2026-03-22 20:16:39,786 - cyberbully - INFO - Starting training...
2026-03-22 20:23:51,662 - cyberbully - INFO - Training complete.
2026-03-22 20:23:51,726 - cyberbully - INFO - Removed checkpoint: experiments/grid-search/all-distilroberta-v1/tweeteval/prep0_aug0/seed_24677315/checkpoint-2032
2026-03-22 20:23:51,786 - cyberbully - INFO - Removed checkpoint: experiments/grid-search/all-distilroberta-v1/tweeteval/prep0_aug0/seed_24677315/checkpoint-6096
2026-03-22 20:23:51,850 - cyberbully - INFO - Removed checkpoint: experiments/grid-search/all-distilroberta-v1/tweeteval/prep0_aug0/seed_24677315/checkpoint-3048
2026-03-22 20:23:51,911 - cyberbully - INFO - Removed checkpoint: experiments/grid-search/all-distilroberta-v1/tweeteval/prep0_aug0/seed_24677315/checkpoint-9144
2026-03-22 20:23:51,972 - cyberbully - INFO - Removed checkpoint: experiments/grid-search/all-distilroberta-v1/tweeteval/prep0_aug0/seed_24677315/checkpoint-5080
2026-03-22 20:23:52,032 - cyberbully - INFO - Removed checkpoint: experiments/grid-search/all-distilroberta-v1/tweeteval/prep0_aug0/seed_24677315/checkpoint-8128
2026-03-22 20:23:52,093 - cyberbully - INFO - Removed checkpoint: experiments/grid-search/all-distilroberta-v1/tweeteval/prep0_aug0/seed_24677315/checkpoint-4064
2026-03-22 20:23:52,158 - cyberbully - INFO - Removed checkpoint: experiments/grid-search/all-distilroberta-v1/tweeteval/prep0_aug0/seed_24677315/checkpoint-1016
2026-03-22 20:23:52,219 - cyberbully - INFO - Removed checkpoint: experiments/grid-search/all-distilroberta-v1/tweeteval/prep0_aug0/seed_24677315/checkpoint-7112
2026-03-22 20:23:52,278 - cyberbully - INFO - Removed checkpoint: experiments/grid-search/all-distilroberta-v1/tweeteval/prep0_aug0/seed_24677315/checkpoint-10160
2026-03-22 20:23:52,278 - cyberbully - INFO - Step 5: Evaluating on test set...
2026-03-22 20:23:58,943 - cyberbully - INFO - Metrics saved to experiments/grid-search/all-distilroberta-v1/tweeteval/prep0_aug0/seed_24677315/metrics.json
2026-03-22 20:23:58,943 - cyberbully - INFO - Confusion matrix saved to experiments/grid-search/all-distilroberta-v1/tweeteval/prep0_aug0/seed_24677315/confusion_matrix.json
2026-03-22 20:23:59,049 - cyberbully - INFO - Per-sample predictions saved to experiments/grid-search/all-distilroberta-v1/tweeteval/prep0_aug0/seed_24677315/predictions.json
2026-03-22 20:23:59,155 - cyberbully - INFO - Confusion matrix figure saved to experiments/grid-search/all-distilroberta-v1/tweeteval/prep0_aug0/seed_24677315/confusion_matrix.pdf
2026-03-22 20:23:59,155 - cyberbully - INFO - Accuracy: 0.9766
2026-03-22 20:23:59,156 - cyberbully - INFO - Weighted F1: 0.9766
2026-03-22 20:23:59,156 - cyberbully - INFO - Micro F1: 0.9766
2026-03-22 20:23:59,156 - cyberbully - INFO - Inference time: 2.45 seconds
2026-03-22 20:23:59,156 - cyberbully - INFO - Energy consumption: 0.000125 kWh
2026-03-22 20:23:59,157 - cyberbully - INFO - ============================================================
2026-03-22 20:23:59,157 - cyberbully - INFO - Pipeline complete. Results saved to: experiments/grid-search/all-distilroberta-v1/tweeteval/prep0_aug0/seed_24677315
2026-03-22 20:23:59,157 - cyberbully - INFO - ============================================================
