2026-04-08 16:00:09,344 - cyberbully - INFO - ============================================================
2026-04-08 16:00:09,344 - cyberbully - INFO - Cyberbullying Detection Pipeline
2026-04-08 16:00:09,344 - cyberbully - INFO - ============================================================
2026-04-08 16:00:09,344 - cyberbully - INFO - Configuration:
2026-04-08 16:00:09,344 - cyberbully - INFO -   model          : answerdotai/ModernBERT-base,
2026-04-08 16:00:09,344 - cyberbully - INFO -   dataset        : ieee
2026-04-08 16:00:09,344 - cyberbully - INFO -   preprocess     : False
2026-04-08 16:00:09,344 - cyberbully - INFO -   augment        : False
2026-04-08 16:00:09,344 - cyberbully - INFO -   compute_attribution: False
2026-04-08 16:00:09,344 - cyberbully - INFO -   seed           : 52680723
2026-04-08 16:00:09,344 - cyberbully - INFO -   epochs         : 10
2026-04-08 16:00:09,344 - cyberbully - INFO -   batch_size     : 32
2026-04-08 16:00:09,344 - cyberbully - INFO -   lr             : 5e-05
2026-04-08 16:00:09,345 - cyberbully - INFO -   max_length     : 128
2026-04-08 16:00:09,345 - cyberbully - INFO -   output_dir     : grid-search
2026-04-08 16:00:09,345 - cyberbully - INFO -   data_dir       : dataset
2026-04-08 16:00:09,345 - cyberbully - INFO -   sbert          : False
2026-04-08 16:00:09,345 - cyberbully - INFO -   supcon         : False
2026-04-08 16:00:09,345 - cyberbully - INFO -   supcon_weight  : 0.1
2026-04-08 16:00:09,345 - cyberbully - INFO -   proj_dim       : 128
2026-04-08 16:00:09,345 - cyberbully - INFO -   grad_accum_steps: 1
2026-04-08 16:00:09,345 - cyberbully - INFO -   overwrite      : False
2026-04-08 16:00:09,345 - cyberbully - INFO -   device         : cuda
2026-04-08 16:00:09,345 - cyberbully - INFO -   output_dir     : experiments/grid-search/answerdotai_ModernBERT-base,/ieee/prep0_aug0/seed_52680723
2026-04-08 16:00:09,345 - cyberbully - INFO - ============================================================
2026-04-08 16:00:09,345 - cyberbully - INFO - Step 1: Preparing data...
2026-04-08 16:00:09,348 - cyberbully - INFO - Loaded pre-split data from dataset/ieee — train: 1348, val: 338, test: 422
2026-04-08 16:00:09,348 - cyberbully - INFO - Label mapping: {'Cyberstalking': 0, 'Doxing': 1, 'Revenge Porn': 2, 'Sexual Harassment': 3, 'Slut Shaming': 4}
2026-04-08 16:00:09,350 - cyberbully - INFO - Number of classes: 5
2026-04-08 16:00:09,351 - cyberbully - INFO - Step 2: Loading model and tokenizer...
2026-04-08 16:00:09,351 - cyberbully - INFO - Loading model 'answerdotai/ModernBERT-base,' with 5 labels (sbert=False, supcon=False)
