2026-02-20 23:47:44,168 - cyberbully - INFO - ============================================================
2026-02-20 23:47:44,169 - cyberbully - INFO - Cyberbullying Detection Pipeline
2026-02-20 23:47:44,169 - cyberbully - INFO - ============================================================
2026-02-20 23:47:44,169 - cyberbully - INFO - Configuration:
2026-02-20 23:47:44,169 - cyberbully - INFO -   model          : all-mpnet-base-v2
2026-02-20 23:47:44,169 - cyberbully - INFO -   dataset        : kaggle
2026-02-20 23:47:44,169 - cyberbully - INFO -   preprocess     : True
2026-02-20 23:47:44,169 - cyberbully - INFO -   augment        : False
2026-02-20 23:47:44,169 - cyberbully - INFO -   compute_attribution: False
2026-02-20 23:47:44,169 - cyberbully - INFO -   seed           : 87212562
2026-02-20 23:47:44,169 - cyberbully - INFO -   epochs         : 5
2026-02-20 23:47:44,169 - cyberbully - INFO -   batch_size     : 16
2026-02-20 23:47:44,169 - cyberbully - INFO -   lr             : 2e-05
2026-02-20 23:47:44,169 - cyberbully - INFO -   max_length     : 128
2026-02-20 23:47:44,169 - cyberbully - INFO -   output_dir     : sbert-model
2026-02-20 23:47:44,169 - cyberbully - INFO -   data_dir       : dataset
2026-02-20 23:47:44,169 - cyberbully - INFO -   sbert          : True
2026-02-20 23:47:44,169 - cyberbully - INFO -   overwrite      : False
2026-02-20 23:47:44,169 - cyberbully - INFO -   device         : cuda
2026-02-20 23:47:44,169 - cyberbully - INFO -   output_dir     : experiments/sbert-model/all-mpnet-base-v2/kaggle/prep1_aug0/seed_87212562
2026-02-20 23:47:44,169 - cyberbully - INFO - ============================================================
2026-02-20 23:47:44,169 - cyberbully - INFO - Step 1: Preparing data...
2026-02-20 23:47:44,169 - cyberbully - INFO - Loading dataset 'kaggle' from dataset/Kaggle.csv
2026-02-20 23:47:44,229 - cyberbully - INFO - Loaded 47656 samples with 6 classes: ['age', 'ethnicity', 'gender', 'not_cyberbullying', 'other_cyberbullying', 'religion']
2026-02-20 23:47:44,229 - cyberbully - INFO - Applying text preprocessing...
2026-02-20 23:48:37,639 - cyberbully - INFO - After preprocessing: 41406 samples remain
2026-02-20 23:48:37,642 - cyberbully - INFO - Label mapping: {'age': 0, 'ethnicity': 1, 'gender': 2, 'not_cyberbullying': 3, 'other_cyberbullying': 4, 'religion': 5}
2026-02-20 23:48:37,653 - cyberbully - INFO - Split sizes — train: 26499, val: 6625, test: 8282
2026-02-20 23:48:37,653 - cyberbully - INFO - Number of classes: 6
2026-02-20 23:48:37,654 - cyberbully - INFO - Step 2: Loading model and tokenizer...
2026-02-20 23:48:37,654 - cyberbully - INFO - Loading model 'all-mpnet-base-v2' with 6 labels (sbert=True)
2026-02-20 23:48:40,437 - cyberbully - INFO - SBERTClassifier: embedding_dim=768, hidden=256, num_labels=6
2026-02-20 23:48:40,736 - cyberbully - INFO - Step 3: Creating datasets...
2026-02-20 23:48:41,267 - cyberbully - INFO - Dataset sizes — train: 26499, val: 6625, test: 8282
2026-02-20 23:48:41,267 - cyberbully - INFO - Step 4: Training...
2026-02-20 23:48:41,313 - cyberbully - INFO - Starting training...
2026-02-20 23:57:26,080 - cyberbully - INFO - Training complete.
2026-02-20 23:57:26,080 - cyberbully - INFO - Step 5: Evaluating on test set...
2026-02-20 23:57:37,103 - cyberbully - INFO - Metrics saved to experiments/sbert-model/all-mpnet-base-v2/kaggle/prep1_aug0/seed_87212562/metrics.json
2026-02-20 23:57:37,103 - cyberbully - INFO - Confusion matrix saved to experiments/sbert-model/all-mpnet-base-v2/kaggle/prep1_aug0/seed_87212562/confusion_matrix.json
2026-02-20 23:57:37,215 - cyberbully - INFO - Confusion matrix figure saved to experiments/sbert-model/all-mpnet-base-v2/kaggle/prep1_aug0/seed_87212562/confusion_matrix.pdf
2026-02-20 23:57:37,215 - cyberbully - INFO - Accuracy: 0.8760
2026-02-20 23:57:37,215 - cyberbully - INFO - Weighted F1: 0.8757
2026-02-20 23:57:37,215 - cyberbully - INFO - Micro F1: 0.8760
2026-02-20 23:57:37,216 - cyberbully - INFO - Inference time: 6.69 seconds
2026-02-20 23:57:37,216 - cyberbully - INFO - Energy consumption: 0.000433 kWh
2026-02-20 23:57:37,216 - cyberbully - INFO - ============================================================
2026-02-20 23:57:37,216 - cyberbully - INFO - Pipeline complete. Results saved to: experiments/sbert-model/all-mpnet-base-v2/kaggle/prep1_aug0/seed_87212562
2026-02-20 23:57:37,216 - cyberbully - INFO - ============================================================
