2026-04-10 16:16:39,994 - cyberbully - INFO - ============================================================
2026-04-10 16:16:39,994 - cyberbully - INFO - Cyberbullying Detection Pipeline
2026-04-10 16:16:39,994 - cyberbully - INFO - ============================================================
2026-04-10 16:16:39,994 - cyberbully - INFO - Configuration:
2026-04-10 16:16:39,994 - cyberbully - INFO -   model          : chandar-lab/NeoBERT
2026-04-10 16:16:39,994 - cyberbully - INFO -   dataset        : tweeteval
2026-04-10 16:16:39,994 - cyberbully - INFO -   preprocess     : True
2026-04-10 16:16:39,994 - cyberbully - INFO -   augment        : True
2026-04-10 16:16:39,994 - cyberbully - INFO -   compute_attribution: False
2026-04-10 16:16:39,994 - cyberbully - INFO -   seed           : 67351593
2026-04-10 16:16:39,994 - cyberbully - INFO -   epochs         : 10
2026-04-10 16:16:39,994 - cyberbully - INFO -   batch_size     : 32
2026-04-10 16:16:39,994 - cyberbully - INFO -   lr             : 5e-05
2026-04-10 16:16:39,994 - cyberbully - INFO -   max_length     : 128
2026-04-10 16:16:39,994 - cyberbully - INFO -   output_dir     : grid-search
2026-04-10 16:16:39,994 - cyberbully - INFO -   data_dir       : dataset
2026-04-10 16:16:39,994 - cyberbully - INFO -   sbert          : False
2026-04-10 16:16:39,994 - cyberbully - INFO -   supcon         : False
2026-04-10 16:16:39,994 - cyberbully - INFO -   supcon_weight  : 0.1
2026-04-10 16:16:39,994 - cyberbully - INFO -   proj_dim       : 128
2026-04-10 16:16:39,994 - cyberbully - INFO -   grad_accum_steps: 1
2026-04-10 16:16:39,994 - cyberbully - INFO -   overwrite      : False
2026-04-10 16:16:39,994 - cyberbully - INFO -   device         : cuda
2026-04-10 16:16:39,994 - cyberbully - INFO -   output_dir     : experiments/grid-search/chandar-lab_NeoBERT/tweeteval/prep1_aug1/seed_67351593
2026-04-10 16:16:39,994 - cyberbully - INFO - ============================================================
2026-04-10 16:16:39,994 - cyberbully - INFO - Step 1: Preparing data...
2026-04-10 16:16:40,042 - cyberbully - INFO - Loaded pre-split data from dataset/tweeteval — train: 32485, val: 8122, test: 10152
2026-04-10 16:16:40,042 - cyberbully - INFO - Label mapping: {'emotion': 0, 'hate': 1, 'offensive': 2, 'religion': 3, 'spiritual': 4}
2026-04-10 16:16:40,042 - cyberbully - INFO - Applying text preprocessing per split...
2026-04-10 16:17:39,833 - cyberbully - INFO - After preprocessing — train: 30355, val: 7614, test: 9458
2026-04-10 16:17:39,835 - cyberbully - INFO - Applying training data augmentation (oversampling)...
2026-04-10 16:17:39,841 - cyberbully - INFO - After oversampling — class distribution: {0: 7760, 1: 7760, 2: 7760, 3: 7760, 4: 7760}
2026-04-10 16:17:39,849 - cyberbully - INFO - Number of classes: 5
2026-04-10 16:17:39,850 - cyberbully - INFO - Step 2: Loading model and tokenizer...
2026-04-10 16:17:39,850 - cyberbully - INFO - Loading model 'chandar-lab/NeoBERT' with 5 labels (sbert=False, supcon=False)
2026-04-10 16:17:41,692 - cyberbully - INFO - Step 3: Creating datasets...
2026-04-10 16:17:42,837 - cyberbully - INFO - Dataset sizes — train: 38800, val: 7614, test: 9458
2026-04-10 16:17:42,837 - cyberbully - INFO - Step 4: Training...
2026-04-10 16:17:43,120 - cyberbully - INFO - Starting training...
2026-04-10 16:57:49,903 - cyberbully - INFO - Training complete.
2026-04-10 16:57:50,025 - cyberbully - INFO - Removed checkpoint: experiments/grid-search/chandar-lab_NeoBERT/tweeteval/prep1_aug1/seed_67351593/checkpoint-3639
2026-04-10 16:57:50,147 - cyberbully - INFO - Removed checkpoint: experiments/grid-search/chandar-lab_NeoBERT/tweeteval/prep1_aug1/seed_67351593/checkpoint-9704
2026-04-10 16:57:50,270 - cyberbully - INFO - Removed checkpoint: experiments/grid-search/chandar-lab_NeoBERT/tweeteval/prep1_aug1/seed_67351593/checkpoint-6065
2026-04-10 16:57:50,391 - cyberbully - INFO - Removed checkpoint: experiments/grid-search/chandar-lab_NeoBERT/tweeteval/prep1_aug1/seed_67351593/checkpoint-10917
2026-04-10 16:57:50,537 - cyberbully - INFO - Removed checkpoint: experiments/grid-search/chandar-lab_NeoBERT/tweeteval/prep1_aug1/seed_67351593/checkpoint-12130
2026-04-10 16:57:50,667 - cyberbully - INFO - Removed checkpoint: experiments/grid-search/chandar-lab_NeoBERT/tweeteval/prep1_aug1/seed_67351593/checkpoint-1213
2026-04-10 16:57:50,789 - cyberbully - INFO - Removed checkpoint: experiments/grid-search/chandar-lab_NeoBERT/tweeteval/prep1_aug1/seed_67351593/checkpoint-8491
2026-04-10 16:57:50,912 - cyberbully - INFO - Removed checkpoint: experiments/grid-search/chandar-lab_NeoBERT/tweeteval/prep1_aug1/seed_67351593/checkpoint-4852
2026-04-10 16:57:51,038 - cyberbully - INFO - Removed checkpoint: experiments/grid-search/chandar-lab_NeoBERT/tweeteval/prep1_aug1/seed_67351593/checkpoint-2426
2026-04-10 16:57:51,161 - cyberbully - INFO - Removed checkpoint: experiments/grid-search/chandar-lab_NeoBERT/tweeteval/prep1_aug1/seed_67351593/checkpoint-7278
2026-04-10 16:57:51,161 - cyberbully - INFO - Step 5: Evaluating on test set...
2026-04-10 16:58:11,584 - cyberbully - INFO - Metrics saved to experiments/grid-search/chandar-lab_NeoBERT/tweeteval/prep1_aug1/seed_67351593/metrics.json
2026-04-10 16:58:11,584 - cyberbully - INFO - Confusion matrix saved to experiments/grid-search/chandar-lab_NeoBERT/tweeteval/prep1_aug1/seed_67351593/confusion_matrix.json
2026-04-10 16:58:11,680 - cyberbully - INFO - Per-sample predictions saved to experiments/grid-search/chandar-lab_NeoBERT/tweeteval/prep1_aug1/seed_67351593/predictions.json
2026-04-10 16:58:11,784 - cyberbully - INFO - Confusion matrix figure saved to experiments/grid-search/chandar-lab_NeoBERT/tweeteval/prep1_aug1/seed_67351593/confusion_matrix.pdf
2026-04-10 16:58:11,784 - cyberbully - INFO - Accuracy: 0.9445
2026-04-10 16:58:11,784 - cyberbully - INFO - Weighted F1: 0.9444
2026-04-10 16:58:11,784 - cyberbully - INFO - Micro F1: 0.9445
2026-04-10 16:58:11,784 - cyberbully - INFO - Inference time: 15.77 seconds
2026-04-10 16:58:11,784 - cyberbully - INFO - Energy consumption: 0.000983 kWh
2026-04-10 16:58:11,786 - cyberbully - INFO - ============================================================
2026-04-10 16:58:11,787 - cyberbully - INFO - Pipeline complete. Results saved to: experiments/grid-search/chandar-lab_NeoBERT/tweeteval/prep1_aug1/seed_67351593
2026-04-10 16:58:11,787 - cyberbully - INFO - ============================================================
