2026-03-24 08:04:39,624 - cyberbully - INFO - ============================================================
2026-03-24 08:04:39,624 - cyberbully - INFO - Cyberbullying Detection Pipeline
2026-03-24 08:04:39,624 - cyberbully - INFO - ============================================================
2026-03-24 08:04:39,624 - cyberbully - INFO - Configuration:
2026-03-24 08:04:39,624 - cyberbully - INFO -   model          : Twitter/twhin-bert-base
2026-03-24 08:04:39,624 - cyberbully - INFO -   dataset        : kaggle
2026-03-24 08:04:39,624 - cyberbully - INFO -   preprocess     : True
2026-03-24 08:04:39,624 - cyberbully - INFO -   augment        : False
2026-03-24 08:04:39,624 - cyberbully - INFO -   compute_attribution: False
2026-03-24 08:04:39,624 - cyberbully - INFO -   seed           : 52680723
2026-03-24 08:04:39,624 - cyberbully - INFO -   epochs         : 10
2026-03-24 08:04:39,624 - cyberbully - INFO -   batch_size     : 32
2026-03-24 08:04:39,624 - cyberbully - INFO -   lr             : 5e-05
2026-03-24 08:04:39,624 - cyberbully - INFO -   max_length     : 128
2026-03-24 08:04:39,624 - cyberbully - INFO -   output_dir     : grid-search
2026-03-24 08:04:39,624 - cyberbully - INFO -   data_dir       : dataset
2026-03-24 08:04:39,624 - cyberbully - INFO -   sbert          : False
2026-03-24 08:04:39,624 - cyberbully - INFO -   supcon         : False
2026-03-24 08:04:39,624 - cyberbully - INFO -   supcon_weight  : 0.1
2026-03-24 08:04:39,624 - cyberbully - INFO -   proj_dim       : 128
2026-03-24 08:04:39,624 - cyberbully - INFO -   grad_accum_steps: 1
2026-03-24 08:04:39,624 - cyberbully - INFO -   overwrite      : False
2026-03-24 08:04:39,624 - cyberbully - INFO -   device         : cuda
2026-03-24 08:04:39,624 - cyberbully - INFO -   output_dir     : experiments/grid-search/Twitter_twhin-bert-base/kaggle/prep1_aug0/seed_52680723
2026-03-24 08:04:39,624 - cyberbully - INFO - ============================================================
2026-03-24 08:04:39,624 - cyberbully - INFO - Step 1: Preparing data...
2026-03-24 08:04:39,672 - cyberbully - INFO - Loaded pre-split data from dataset/kaggle — train: 25604, val: 6401, test: 8002
2026-03-24 08:04:39,672 - cyberbully - INFO - Label mapping: {'age': 0, 'ethnicity': 1, 'gender': 2, 'other_cyberbullying': 3, 'religion': 4}
2026-03-24 08:04:39,672 - cyberbully - INFO - Applying text preprocessing per split...
2026-03-24 08:05:24,606 - cyberbully - INFO - After preprocessing — train: 23576, val: 5986, test: 7421
2026-03-24 08:05:24,618 - cyberbully - INFO - Number of classes: 5
2026-03-24 08:05:24,619 - cyberbully - INFO - Step 2: Loading model and tokenizer...
2026-03-24 08:05:24,619 - cyberbully - INFO - Loading model 'Twitter/twhin-bert-base' with 5 labels (sbert=False, supcon=False)
2026-03-24 08:05:25,807 - cyberbully - INFO - Step 3: Creating datasets...
2026-03-24 08:05:26,428 - cyberbully - INFO - Dataset sizes — train: 23576, val: 5986, test: 7421
2026-03-24 08:05:26,429 - cyberbully - INFO - Step 4: Training...
2026-03-24 08:05:26,651 - cyberbully - INFO - Starting training...
2026-03-24 08:19:55,664 - cyberbully - INFO - Training complete.
2026-03-24 08:19:55,754 - cyberbully - INFO - Removed checkpoint: experiments/grid-search/Twitter_twhin-bert-base/kaggle/prep1_aug0/seed_52680723/checkpoint-5159
2026-03-24 08:19:55,830 - cyberbully - INFO - Removed checkpoint: experiments/grid-search/Twitter_twhin-bert-base/kaggle/prep1_aug0/seed_52680723/checkpoint-2948
2026-03-24 08:19:56,041 - cyberbully - INFO - Removed checkpoint: experiments/grid-search/Twitter_twhin-bert-base/kaggle/prep1_aug0/seed_52680723/checkpoint-6633
2026-03-24 08:19:56,101 - cyberbully - INFO - Removed checkpoint: experiments/grid-search/Twitter_twhin-bert-base/kaggle/prep1_aug0/seed_52680723/checkpoint-3685
2026-03-24 08:19:56,309 - cyberbully - INFO - Removed checkpoint: experiments/grid-search/Twitter_twhin-bert-base/kaggle/prep1_aug0/seed_52680723/checkpoint-7370
2026-03-24 08:19:56,338 - cyberbully - INFO - Removed checkpoint: experiments/grid-search/Twitter_twhin-bert-base/kaggle/prep1_aug0/seed_52680723/checkpoint-737
2026-03-24 08:19:56,367 - cyberbully - INFO - Removed checkpoint: experiments/grid-search/Twitter_twhin-bert-base/kaggle/prep1_aug0/seed_52680723/checkpoint-2211
2026-03-24 08:19:56,574 - cyberbully - INFO - Removed checkpoint: experiments/grid-search/Twitter_twhin-bert-base/kaggle/prep1_aug0/seed_52680723/checkpoint-5896
2026-03-24 08:19:56,627 - cyberbully - INFO - Removed checkpoint: experiments/grid-search/Twitter_twhin-bert-base/kaggle/prep1_aug0/seed_52680723/checkpoint-1474
2026-03-24 08:19:56,655 - cyberbully - INFO - Removed checkpoint: experiments/grid-search/Twitter_twhin-bert-base/kaggle/prep1_aug0/seed_52680723/checkpoint-4422
2026-03-24 08:19:56,655 - cyberbully - INFO - Step 5: Evaluating on test set...
2026-03-24 08:20:04,766 - cyberbully - INFO - Metrics saved to experiments/grid-search/Twitter_twhin-bert-base/kaggle/prep1_aug0/seed_52680723/metrics.json
2026-03-24 08:20:04,766 - cyberbully - INFO - Confusion matrix saved to experiments/grid-search/Twitter_twhin-bert-base/kaggle/prep1_aug0/seed_52680723/confusion_matrix.json
2026-03-24 08:20:04,839 - cyberbully - INFO - Per-sample predictions saved to experiments/grid-search/Twitter_twhin-bert-base/kaggle/prep1_aug0/seed_52680723/predictions.json
2026-03-24 08:20:04,944 - cyberbully - INFO - Confusion matrix figure saved to experiments/grid-search/Twitter_twhin-bert-base/kaggle/prep1_aug0/seed_52680723/confusion_matrix.pdf
2026-03-24 08:20:04,944 - cyberbully - INFO - Accuracy: 0.9507
2026-03-24 08:20:04,944 - cyberbully - INFO - Weighted F1: 0.9512
2026-03-24 08:20:04,944 - cyberbully - INFO - Micro F1: 0.9507
2026-03-24 08:20:04,944 - cyberbully - INFO - Inference time: 3.88 seconds
2026-03-24 08:20:04,944 - cyberbully - INFO - Energy consumption: 0.000224 kWh
2026-03-24 08:20:04,945 - cyberbully - INFO - ============================================================
2026-03-24 08:20:04,946 - cyberbully - INFO - Pipeline complete. Results saved to: experiments/grid-search/Twitter_twhin-bert-base/kaggle/prep1_aug0/seed_52680723
2026-03-24 08:20:04,946 - cyberbully - INFO - ============================================================
