2026-03-20 16:18:36,877 - cyberbully - INFO - ============================================================
2026-03-20 16:18:36,877 - cyberbully - INFO - Cyberbullying Detection Pipeline
2026-03-20 16:18:36,877 - cyberbully - INFO - ============================================================
2026-03-20 16:18:36,877 - cyberbully - INFO - Configuration:
2026-03-20 16:18:36,877 - cyberbully - INFO -   model          : bert-base-cased
2026-03-20 16:18:36,877 - cyberbully - INFO -   dataset        : ieee
2026-03-20 16:18:36,877 - cyberbully - INFO -   preprocess     : True
2026-03-20 16:18:36,877 - cyberbully - INFO -   augment        : True
2026-03-20 16:18:36,877 - cyberbully - INFO -   compute_attribution: False
2026-03-20 16:18:36,877 - cyberbully - INFO -   seed           : 99511865
2026-03-20 16:18:36,878 - cyberbully - INFO -   epochs         : 10
2026-03-20 16:18:36,878 - cyberbully - INFO -   batch_size     : 32
2026-03-20 16:18:36,878 - cyberbully - INFO -   lr             : 5e-05
2026-03-20 16:18:36,878 - cyberbully - INFO -   max_length     : 128
2026-03-20 16:18:36,878 - cyberbully - INFO -   output_dir     : grid-search
2026-03-20 16:18:36,878 - cyberbully - INFO -   data_dir       : dataset
2026-03-20 16:18:36,878 - cyberbully - INFO -   sbert          : False
2026-03-20 16:18:36,878 - cyberbully - INFO -   supcon         : False
2026-03-20 16:18:36,878 - cyberbully - INFO -   supcon_weight  : 0.1
2026-03-20 16:18:36,878 - cyberbully - INFO -   proj_dim       : 128
2026-03-20 16:18:36,878 - cyberbully - INFO -   grad_accum_steps: 1
2026-03-20 16:18:36,878 - cyberbully - INFO -   overwrite      : False
2026-03-20 16:18:36,878 - cyberbully - INFO -   device         : cuda
2026-03-20 16:18:36,878 - cyberbully - INFO -   output_dir     : experiments/grid-search/bert-base-cased/ieee/prep1_aug1/seed_99511865
2026-03-20 16:18:36,878 - cyberbully - INFO - ============================================================
2026-03-20 16:18:36,878 - cyberbully - INFO - Step 1: Preparing data...
2026-03-20 16:18:36,881 - cyberbully - INFO - Loaded pre-split data from dataset/ieee — train: 1348, val: 338, test: 422
2026-03-20 16:18:36,881 - cyberbully - INFO - Label mapping: {'Cyberstalking': 0, 'Doxing': 1, 'Revenge Porn': 2, 'Sexual Harassment': 3, 'Slut Shaming': 4}
2026-03-20 16:18:36,881 - cyberbully - INFO - Applying text preprocessing per split...
2026-03-20 16:18:39,967 - cyberbully - INFO - After preprocessing — train: 1170, val: 303, test: 378
2026-03-20 16:18:39,968 - cyberbully - INFO - Applying training data augmentation (oversampling)...
2026-03-20 16:18:39,969 - cyberbully - INFO - After oversampling — class distribution: {0: 286, 1: 286, 2: 286, 3: 286, 4: 286}
2026-03-20 16:18:39,970 - cyberbully - INFO - Number of classes: 5
2026-03-20 16:18:39,971 - cyberbully - INFO - Step 2: Loading model and tokenizer...
2026-03-20 16:18:39,971 - cyberbully - INFO - Loading model 'bert-base-cased' with 5 labels (sbert=False, supcon=False)
2026-03-20 16:18:40,685 - cyberbully - INFO - Step 3: Creating datasets...
2026-03-20 16:18:40,713 - cyberbully - INFO - Dataset sizes — train: 1430, val: 303, test: 378
2026-03-20 16:18:40,713 - cyberbully - INFO - Step 4: Training...
2026-03-20 16:18:40,929 - cyberbully - INFO - Starting training...
2026-03-20 16:19:33,274 - cyberbully - INFO - Training complete.
2026-03-20 16:19:33,335 - cyberbully - INFO - Removed checkpoint: experiments/grid-search/bert-base-cased/ieee/prep1_aug1/seed_99511865/checkpoint-90
2026-03-20 16:19:34,003 - cyberbully - INFO - Removed checkpoint: experiments/grid-search/bert-base-cased/ieee/prep1_aug1/seed_99511865/checkpoint-180
2026-03-20 16:19:34,079 - cyberbully - INFO - Removed checkpoint: experiments/grid-search/bert-base-cased/ieee/prep1_aug1/seed_99511865/checkpoint-225
2026-03-20 16:19:35,057 - cyberbully - INFO - Removed checkpoint: experiments/grid-search/bert-base-cased/ieee/prep1_aug1/seed_99511865/checkpoint-135
2026-03-20 16:19:35,128 - cyberbully - INFO - Removed checkpoint: experiments/grid-search/bert-base-cased/ieee/prep1_aug1/seed_99511865/checkpoint-315
2026-03-20 16:19:35,202 - cyberbully - INFO - Removed checkpoint: experiments/grid-search/bert-base-cased/ieee/prep1_aug1/seed_99511865/checkpoint-450
2026-03-20 16:19:35,274 - cyberbully - INFO - Removed checkpoint: experiments/grid-search/bert-base-cased/ieee/prep1_aug1/seed_99511865/checkpoint-360
2026-03-20 16:19:35,336 - cyberbully - INFO - Removed checkpoint: experiments/grid-search/bert-base-cased/ieee/prep1_aug1/seed_99511865/checkpoint-45
2026-03-20 16:19:35,605 - cyberbully - INFO - Removed checkpoint: experiments/grid-search/bert-base-cased/ieee/prep1_aug1/seed_99511865/checkpoint-270
2026-03-20 16:19:35,677 - cyberbully - INFO - Removed checkpoint: experiments/grid-search/bert-base-cased/ieee/prep1_aug1/seed_99511865/checkpoint-405
2026-03-20 16:19:35,677 - cyberbully - INFO - Step 5: Evaluating on test set...
2026-03-20 16:19:40,212 - cyberbully - INFO - Metrics saved to experiments/grid-search/bert-base-cased/ieee/prep1_aug1/seed_99511865/metrics.json
2026-03-20 16:19:40,212 - cyberbully - INFO - Confusion matrix saved to experiments/grid-search/bert-base-cased/ieee/prep1_aug1/seed_99511865/confusion_matrix.json
2026-03-20 16:19:40,215 - cyberbully - INFO - Per-sample predictions saved to experiments/grid-search/bert-base-cased/ieee/prep1_aug1/seed_99511865/predictions.json
2026-03-20 16:19:40,315 - cyberbully - INFO - Confusion matrix figure saved to experiments/grid-search/bert-base-cased/ieee/prep1_aug1/seed_99511865/confusion_matrix.pdf
2026-03-20 16:19:40,315 - cyberbully - INFO - Accuracy: 0.7884
2026-03-20 16:19:40,315 - cyberbully - INFO - Weighted F1: 0.7879
2026-03-20 16:19:40,315 - cyberbully - INFO - Micro F1: 0.7884
2026-03-20 16:19:40,315 - cyberbully - INFO - Inference time: 0.28 seconds
2026-03-20 16:19:40,315 - cyberbully - INFO - Energy consumption: 0.000014 kWh
2026-03-20 16:19:40,315 - cyberbully - INFO - ============================================================
2026-03-20 16:19:40,315 - cyberbully - INFO - Pipeline complete. Results saved to: experiments/grid-search/bert-base-cased/ieee/prep1_aug1/seed_99511865
2026-03-20 16:19:40,315 - cyberbully - INFO - ============================================================
