2026-02-20 19:38:51,303 - cyberbully - INFO - ============================================================
2026-02-20 19:38:51,303 - cyberbully - INFO - Cyberbullying Detection Pipeline
2026-02-20 19:38:51,303 - cyberbully - INFO - ============================================================
2026-02-20 19:38:51,303 - cyberbully - INFO - Configuration:
2026-02-20 19:38:51,303 - cyberbully - INFO -   model          : all-mpnet-base-v2
2026-02-20 19:38:51,303 - cyberbully - INFO -   dataset        : kaggle
2026-02-20 19:38:51,303 - cyberbully - INFO -   preprocess     : False
2026-02-20 19:38:51,303 - cyberbully - INFO -   augment        : False
2026-02-20 19:38:51,303 - cyberbully - INFO -   compute_attribution: False
2026-02-20 19:38:51,303 - cyberbully - INFO -   seed           : 43782163
2026-02-20 19:38:51,303 - cyberbully - INFO -   epochs         : 5
2026-02-20 19:38:51,303 - cyberbully - INFO -   batch_size     : 16
2026-02-20 19:38:51,303 - cyberbully - INFO -   lr             : 2e-05
2026-02-20 19:38:51,303 - cyberbully - INFO -   max_length     : 128
2026-02-20 19:38:51,303 - cyberbully - INFO -   output_dir     : sbert-model
2026-02-20 19:38:51,303 - cyberbully - INFO -   data_dir       : dataset
2026-02-20 19:38:51,303 - cyberbully - INFO -   sbert          : True
2026-02-20 19:38:51,303 - cyberbully - INFO -   overwrite      : False
2026-02-20 19:38:51,303 - cyberbully - INFO -   device         : cuda
2026-02-20 19:38:51,303 - cyberbully - INFO -   output_dir     : experiments/sbert-model/all-mpnet-base-v2/kaggle/prep0_aug0/seed_43782163
2026-02-20 19:38:51,303 - cyberbully - INFO - ============================================================
2026-02-20 19:38:51,303 - cyberbully - INFO - Step 1: Preparing data...
2026-02-20 19:38:51,303 - cyberbully - INFO - Loading dataset 'kaggle' from dataset/Kaggle.csv
2026-02-20 19:38:51,361 - cyberbully - INFO - Loaded 47656 samples with 6 classes: ['age', 'ethnicity', 'gender', 'not_cyberbullying', 'other_cyberbullying', 'religion']
2026-02-20 19:38:51,363 - cyberbully - INFO - Label mapping: {'age': 0, 'ethnicity': 1, 'gender': 2, 'not_cyberbullying': 3, 'other_cyberbullying': 4, 'religion': 5}
2026-02-20 19:38:51,375 - cyberbully - INFO - Split sizes — train: 30499, val: 7625, test: 9532
2026-02-20 19:38:51,376 - cyberbully - INFO - Number of classes: 6
2026-02-20 19:38:51,377 - cyberbully - INFO - Step 2: Loading model and tokenizer...
2026-02-20 19:38:51,377 - cyberbully - INFO - Loading model 'all-mpnet-base-v2' with 6 labels (sbert=True)
2026-02-20 19:38:54,036 - cyberbully - INFO - SBERTClassifier: embedding_dim=768, hidden=256, num_labels=6
2026-02-20 19:38:54,327 - cyberbully - INFO - Step 3: Creating datasets...
2026-02-20 19:38:54,993 - cyberbully - INFO - Dataset sizes — train: 30499, val: 7625, test: 9532
2026-02-20 19:38:54,994 - cyberbully - INFO - Step 4: Training...
2026-02-20 19:38:55,042 - cyberbully - INFO - Starting training...
2026-02-20 19:49:05,361 - cyberbully - INFO - Training complete.
2026-02-20 19:49:05,361 - cyberbully - INFO - Step 5: Evaluating on test set...
2026-02-20 19:49:17,551 - cyberbully - INFO - Metrics saved to experiments/sbert-model/all-mpnet-base-v2/kaggle/prep0_aug0/seed_43782163/metrics.json
2026-02-20 19:49:17,551 - cyberbully - INFO - Confusion matrix saved to experiments/sbert-model/all-mpnet-base-v2/kaggle/prep0_aug0/seed_43782163/confusion_matrix.json
2026-02-20 19:49:17,664 - cyberbully - INFO - Confusion matrix figure saved to experiments/sbert-model/all-mpnet-base-v2/kaggle/prep0_aug0/seed_43782163/confusion_matrix.pdf
2026-02-20 19:49:17,664 - cyberbully - INFO - Accuracy: 0.8722
2026-02-20 19:49:17,664 - cyberbully - INFO - Weighted F1: 0.8711
2026-02-20 19:49:17,664 - cyberbully - INFO - Micro F1: 0.8722
2026-02-20 19:49:17,664 - cyberbully - INFO - Inference time: 7.74 seconds
2026-02-20 19:49:17,665 - cyberbully - INFO - Energy consumption: 0.000501 kWh
2026-02-20 19:49:17,665 - cyberbully - INFO - ============================================================
2026-02-20 19:49:17,665 - cyberbully - INFO - Pipeline complete. Results saved to: experiments/sbert-model/all-mpnet-base-v2/kaggle/prep0_aug0/seed_43782163
2026-02-20 19:49:17,665 - cyberbully - INFO - ============================================================
