2026-03-20 17:30:17,542 - cyberbully - INFO - ============================================================
2026-03-20 17:30:17,542 - cyberbully - INFO - Cyberbullying Detection Pipeline
2026-03-20 17:30:17,542 - cyberbully - INFO - ============================================================
2026-03-20 17:30:17,542 - cyberbully - INFO - Configuration:
2026-03-20 17:30:17,542 - cyberbully - INFO -   model          : GroNLP/hateBERT
2026-03-20 17:30:17,542 - cyberbully - INFO -   dataset        : ieee
2026-03-20 17:30:17,542 - cyberbully - INFO -   preprocess     : True
2026-03-20 17:30:17,542 - cyberbully - INFO -   augment        : True
2026-03-20 17:30:17,542 - cyberbully - INFO -   compute_attribution: False
2026-03-20 17:30:17,542 - cyberbully - INFO -   seed           : 52680723
2026-03-20 17:30:17,542 - cyberbully - INFO -   epochs         : 10
2026-03-20 17:30:17,542 - cyberbully - INFO -   batch_size     : 32
2026-03-20 17:30:17,543 - cyberbully - INFO -   lr             : 5e-05
2026-03-20 17:30:17,543 - cyberbully - INFO -   max_length     : 128
2026-03-20 17:30:17,543 - cyberbully - INFO -   output_dir     : grid-search
2026-03-20 17:30:17,543 - cyberbully - INFO -   data_dir       : dataset
2026-03-20 17:30:17,543 - cyberbully - INFO -   sbert          : False
2026-03-20 17:30:17,543 - cyberbully - INFO -   supcon         : False
2026-03-20 17:30:17,543 - cyberbully - INFO -   supcon_weight  : 0.1
2026-03-20 17:30:17,543 - cyberbully - INFO -   proj_dim       : 128
2026-03-20 17:30:17,543 - cyberbully - INFO -   grad_accum_steps: 1
2026-03-20 17:30:17,543 - cyberbully - INFO -   overwrite      : False
2026-03-20 17:30:17,543 - cyberbully - INFO -   device         : cuda
2026-03-20 17:30:17,543 - cyberbully - INFO -   output_dir     : experiments/grid-search/GroNLP_hateBERT/ieee/prep1_aug1/seed_52680723
2026-03-20 17:30:17,543 - cyberbully - INFO - ============================================================
2026-03-20 17:30:17,543 - cyberbully - INFO - Step 1: Preparing data...
2026-03-20 17:30:17,546 - cyberbully - INFO - Loaded pre-split data from dataset/ieee — train: 1348, val: 338, test: 422
2026-03-20 17:30:17,546 - cyberbully - INFO - Label mapping: {'Cyberstalking': 0, 'Doxing': 1, 'Revenge Porn': 2, 'Sexual Harassment': 3, 'Slut Shaming': 4}
2026-03-20 17:30:17,546 - cyberbully - INFO - Applying text preprocessing per split...
2026-03-20 17:30:20,831 - cyberbully - INFO - After preprocessing — train: 1177, val: 304, test: 377
2026-03-20 17:30:20,832 - cyberbully - INFO - Applying training data augmentation (oversampling)...
2026-03-20 17:30:20,833 - cyberbully - INFO - After oversampling — class distribution: {0: 289, 1: 289, 2: 289, 3: 289, 4: 289}
2026-03-20 17:30:20,834 - cyberbully - INFO - Number of classes: 5
2026-03-20 17:30:20,834 - cyberbully - INFO - Step 2: Loading model and tokenizer...
2026-03-20 17:30:20,835 - cyberbully - INFO - Loading model 'GroNLP/hateBERT' with 5 labels (sbert=False, supcon=False)
2026-03-20 17:30:22,731 - cyberbully - INFO - Step 3: Creating datasets...
2026-03-20 17:30:22,752 - cyberbully - INFO - Dataset sizes — train: 1445, val: 304, test: 377
2026-03-20 17:30:22,752 - cyberbully - INFO - Step 4: Training...
2026-03-20 17:30:22,870 - cyberbully - INFO - Starting training...
2026-03-20 17:32:36,898 - cyberbully - INFO - Training complete.
2026-03-20 17:32:37,028 - cyberbully - INFO - Removed checkpoint: experiments/grid-search/GroNLP_hateBERT/ieee/prep1_aug1/seed_52680723/checkpoint-368
2026-03-20 17:32:37,114 - cyberbully - INFO - Removed checkpoint: experiments/grid-search/GroNLP_hateBERT/ieee/prep1_aug1/seed_52680723/checkpoint-92
2026-03-20 17:32:37,198 - cyberbully - INFO - Removed checkpoint: experiments/grid-search/GroNLP_hateBERT/ieee/prep1_aug1/seed_52680723/checkpoint-276
2026-03-20 17:32:37,277 - cyberbully - INFO - Removed checkpoint: experiments/grid-search/GroNLP_hateBERT/ieee/prep1_aug1/seed_52680723/checkpoint-460
2026-03-20 17:32:37,365 - cyberbully - INFO - Removed checkpoint: experiments/grid-search/GroNLP_hateBERT/ieee/prep1_aug1/seed_52680723/checkpoint-46
2026-03-20 17:32:37,855 - cyberbully - INFO - Removed checkpoint: experiments/grid-search/GroNLP_hateBERT/ieee/prep1_aug1/seed_52680723/checkpoint-230
2026-03-20 17:32:37,937 - cyberbully - INFO - Removed checkpoint: experiments/grid-search/GroNLP_hateBERT/ieee/prep1_aug1/seed_52680723/checkpoint-184
2026-03-20 17:32:38,020 - cyberbully - INFO - Removed checkpoint: experiments/grid-search/GroNLP_hateBERT/ieee/prep1_aug1/seed_52680723/checkpoint-138
2026-03-20 17:32:38,110 - cyberbully - INFO - Removed checkpoint: experiments/grid-search/GroNLP_hateBERT/ieee/prep1_aug1/seed_52680723/checkpoint-414
2026-03-20 17:32:38,344 - cyberbully - INFO - Removed checkpoint: experiments/grid-search/GroNLP_hateBERT/ieee/prep1_aug1/seed_52680723/checkpoint-322
2026-03-20 17:32:38,344 - cyberbully - INFO - Step 5: Evaluating on test set...
2026-03-20 17:32:43,746 - cyberbully - INFO - Metrics saved to experiments/grid-search/GroNLP_hateBERT/ieee/prep1_aug1/seed_52680723/metrics.json
2026-03-20 17:32:43,746 - cyberbully - INFO - Confusion matrix saved to experiments/grid-search/GroNLP_hateBERT/ieee/prep1_aug1/seed_52680723/confusion_matrix.json
2026-03-20 17:32:43,750 - cyberbully - INFO - Per-sample predictions saved to experiments/grid-search/GroNLP_hateBERT/ieee/prep1_aug1/seed_52680723/predictions.json
2026-03-20 17:32:43,855 - cyberbully - INFO - Confusion matrix figure saved to experiments/grid-search/GroNLP_hateBERT/ieee/prep1_aug1/seed_52680723/confusion_matrix.pdf
2026-03-20 17:32:43,855 - cyberbully - INFO - Accuracy: 0.8276
2026-03-20 17:32:43,855 - cyberbully - INFO - Weighted F1: 0.8274
2026-03-20 17:32:43,855 - cyberbully - INFO - Micro F1: 0.8276
2026-03-20 17:32:43,856 - cyberbully - INFO - Inference time: 0.18 seconds
2026-03-20 17:32:43,856 - cyberbully - INFO - Energy consumption: 0.000015 kWh
2026-03-20 17:32:43,856 - cyberbully - INFO - ============================================================
2026-03-20 17:32:43,856 - cyberbully - INFO - Pipeline complete. Results saved to: experiments/grid-search/GroNLP_hateBERT/ieee/prep1_aug1/seed_52680723
2026-03-20 17:32:43,856 - cyberbully - INFO - ============================================================
