2026-02-20 13:52:33,856 - cyberbully - INFO - ============================================================
2026-02-20 13:52:33,856 - cyberbully - INFO - Cyberbullying Detection Pipeline
2026-02-20 13:52:33,856 - cyberbully - INFO - ============================================================
2026-02-20 13:52:33,856 - cyberbully - INFO - Configuration:
2026-02-20 13:52:33,856 - cyberbully - INFO -   model          : all-MiniLM-L12-v2
2026-02-20 13:52:33,856 - cyberbully - INFO -   dataset        : kaggle
2026-02-20 13:52:33,856 - cyberbully - INFO -   preprocess     : True
2026-02-20 13:52:33,856 - cyberbully - INFO -   augment        : True
2026-02-20 13:52:33,856 - cyberbully - INFO -   compute_attribution: False
2026-02-20 13:52:33,856 - cyberbully - INFO -   seed           : 24677315
2026-02-20 13:52:33,856 - cyberbully - INFO -   epochs         : 5
2026-02-20 13:52:33,856 - cyberbully - INFO -   batch_size     : 16
2026-02-20 13:52:33,856 - cyberbully - INFO -   lr             : 2e-05
2026-02-20 13:52:33,857 - cyberbully - INFO -   max_length     : 128
2026-02-20 13:52:33,857 - cyberbully - INFO -   output_dir     : sbert-model
2026-02-20 13:52:33,857 - cyberbully - INFO -   data_dir       : dataset
2026-02-20 13:52:33,857 - cyberbully - INFO -   sbert          : True
2026-02-20 13:52:33,857 - cyberbully - INFO -   overwrite      : False
2026-02-20 13:52:33,857 - cyberbully - INFO -   device         : cuda
2026-02-20 13:52:33,857 - cyberbully - INFO -   output_dir     : experiments/sbert-model/all-MiniLM-L12-v2/kaggle/prep1_aug1/seed_24677315
2026-02-20 13:52:33,857 - cyberbully - INFO - ============================================================
2026-02-20 13:52:33,857 - cyberbully - INFO - Step 1: Preparing data...
2026-02-20 13:52:33,857 - cyberbully - INFO - Loading dataset 'kaggle' from dataset/Kaggle.csv
2026-02-20 13:52:33,916 - cyberbully - INFO - Loaded 47656 samples with 6 classes: ['age', 'ethnicity', 'gender', 'not_cyberbullying', 'other_cyberbullying', 'religion']
2026-02-20 13:52:33,916 - cyberbully - INFO - Applying text preprocessing...
2026-02-20 13:53:26,776 - cyberbully - INFO - After preprocessing: 41396 samples remain
2026-02-20 13:53:26,778 - cyberbully - INFO - Label mapping: {'age': 0, 'ethnicity': 1, 'gender': 2, 'not_cyberbullying': 3, 'other_cyberbullying': 4, 'religion': 5}
2026-02-20 13:53:26,790 - cyberbully - INFO - Split sizes — train: 26492, val: 6624, test: 8280
2026-02-20 13:53:26,790 - cyberbully - INFO - Applying training data augmentation (oversampling)...
2026-02-20 13:53:26,795 - cyberbully - INFO - After oversampling — class distribution: {0: 5065, 1: 5065, 2: 5065, 3: 5065, 4: 5065, 5: 5065}
2026-02-20 13:53:26,796 - cyberbully - INFO - Number of classes: 6
2026-02-20 13:53:26,797 - cyberbully - INFO - Step 2: Loading model and tokenizer...
2026-02-20 13:53:26,797 - cyberbully - INFO - Loading model 'all-MiniLM-L12-v2' with 6 labels (sbert=True)
2026-02-20 13:53:30,523 - cyberbully - INFO - SBERTClassifier: embedding_dim=384, hidden=256, num_labels=6
2026-02-20 13:53:30,964 - cyberbully - INFO - Step 3: Creating datasets...
2026-02-20 13:53:31,865 - cyberbully - INFO - Dataset sizes — train: 30390, val: 6624, test: 8280
2026-02-20 13:53:31,865 - cyberbully - INFO - Step 4: Training...
2026-02-20 13:53:31,907 - cyberbully - INFO - Starting training...
2026-02-20 13:57:52,923 - cyberbully - INFO - Training complete.
2026-02-20 13:57:52,924 - cyberbully - INFO - Step 5: Evaluating on test set...
2026-02-20 13:58:00,170 - cyberbully - INFO - Metrics saved to experiments/sbert-model/all-MiniLM-L12-v2/kaggle/prep1_aug1/seed_24677315/metrics.json
2026-02-20 13:58:00,170 - cyberbully - INFO - Confusion matrix saved to experiments/sbert-model/all-MiniLM-L12-v2/kaggle/prep1_aug1/seed_24677315/confusion_matrix.json
2026-02-20 13:58:00,282 - cyberbully - INFO - Confusion matrix figure saved to experiments/sbert-model/all-MiniLM-L12-v2/kaggle/prep1_aug1/seed_24677315/confusion_matrix.pdf
2026-02-20 13:58:00,282 - cyberbully - INFO - Accuracy: 0.8750
2026-02-20 13:58:00,283 - cyberbully - INFO - Weighted F1: 0.8756
2026-02-20 13:58:00,283 - cyberbully - INFO - Micro F1: 0.8750
2026-02-20 13:58:00,283 - cyberbully - INFO - Inference time: 2.94 seconds
2026-02-20 13:58:00,283 - cyberbully - INFO - Energy consumption: 0.000183 kWh
2026-02-20 13:58:00,283 - cyberbully - INFO - ============================================================
2026-02-20 13:58:00,283 - cyberbully - INFO - Pipeline complete. Results saved to: experiments/sbert-model/all-MiniLM-L12-v2/kaggle/prep1_aug1/seed_24677315
2026-02-20 13:58:00,283 - cyberbully - INFO - ============================================================
