2026-03-24 21:03:09,727 - cyberbully - INFO - ============================================================
2026-03-24 21:03:09,727 - cyberbully - INFO - Cyberbullying Detection Pipeline
2026-03-24 21:03:09,727 - cyberbully - INFO - ============================================================
2026-03-24 21:03:09,727 - cyberbully - INFO - Configuration:
2026-03-24 21:03:09,727 - cyberbully - INFO -   model          : bert-base-uncased
2026-03-24 21:03:09,727 - cyberbully - INFO -   dataset        : kaggle
2026-03-24 21:03:09,728 - cyberbully - INFO -   preprocess     : False
2026-03-24 21:03:09,728 - cyberbully - INFO -   augment        : True
2026-03-24 21:03:09,728 - cyberbully - INFO -   compute_attribution: False
2026-03-24 21:03:09,728 - cyberbully - INFO -   seed           : 67351593
2026-03-24 21:03:09,728 - cyberbully - INFO -   epochs         : 10
2026-03-24 21:03:09,728 - cyberbully - INFO -   batch_size     : 32
2026-03-24 21:03:09,728 - cyberbully - INFO -   lr             : 5e-05
2026-03-24 21:03:09,728 - cyberbully - INFO -   max_length     : 128
2026-03-24 21:03:09,728 - cyberbully - INFO -   output_dir     : grid-search
2026-03-24 21:03:09,728 - cyberbully - INFO -   data_dir       : dataset
2026-03-24 21:03:09,728 - cyberbully - INFO -   sbert          : False
2026-03-24 21:03:09,728 - cyberbully - INFO -   supcon         : False
2026-03-24 21:03:09,728 - cyberbully - INFO -   supcon_weight  : 0.1
2026-03-24 21:03:09,728 - cyberbully - INFO -   proj_dim       : 128
2026-03-24 21:03:09,728 - cyberbully - INFO -   grad_accum_steps: 1
2026-03-24 21:03:09,728 - cyberbully - INFO -   overwrite      : False
2026-03-24 21:03:09,728 - cyberbully - INFO -   device         : cuda
2026-03-24 21:03:09,728 - cyberbully - INFO -   output_dir     : experiments/grid-search/bert-base-uncased/kaggle/prep0_aug1/seed_67351593
2026-03-24 21:03:09,728 - cyberbully - INFO - ============================================================
2026-03-24 21:03:09,728 - cyberbully - INFO - Step 1: Preparing data...
2026-03-24 21:03:09,777 - cyberbully - INFO - Loaded pre-split data from dataset/kaggle — train: 25604, val: 6401, test: 8002
2026-03-24 21:03:09,777 - cyberbully - INFO - Label mapping: {'age': 0, 'ethnicity': 1, 'gender': 2, 'other_cyberbullying': 3, 'religion': 4}
2026-03-24 21:03:09,779 - cyberbully - INFO - Applying training data augmentation (oversampling)...
2026-03-24 21:03:09,783 - cyberbully - INFO - After oversampling — class distribution: {0: 5123, 1: 5123, 2: 5123, 3: 5123, 4: 5123}
2026-03-24 21:03:09,794 - cyberbully - INFO - Number of classes: 5
2026-03-24 21:03:09,795 - cyberbully - INFO - Step 2: Loading model and tokenizer...
2026-03-24 21:03:09,795 - cyberbully - INFO - Loading model 'bert-base-uncased' with 5 labels (sbert=False, supcon=False)
2026-03-24 21:03:10,507 - cyberbully - INFO - Step 3: Creating datasets...
2026-03-24 21:03:11,379 - cyberbully - INFO - Dataset sizes — train: 25615, val: 6401, test: 8002
2026-03-24 21:03:11,379 - cyberbully - INFO - Step 4: Training...
2026-03-24 21:03:11,585 - cyberbully - INFO - Starting training...
2026-03-24 21:15:36,928 - cyberbully - INFO - Training complete.
2026-03-24 21:15:36,990 - cyberbully - INFO - Removed checkpoint: experiments/grid-search/bert-base-uncased/kaggle/prep0_aug1/seed_67351593/checkpoint-5607
2026-03-24 21:15:37,065 - cyberbully - INFO - Removed checkpoint: experiments/grid-search/bert-base-uncased/kaggle/prep0_aug1/seed_67351593/checkpoint-8010
2026-03-24 21:15:37,128 - cyberbully - INFO - Removed checkpoint: experiments/grid-search/bert-base-uncased/kaggle/prep0_aug1/seed_67351593/checkpoint-6408
2026-03-24 21:15:37,194 - cyberbully - INFO - Removed checkpoint: experiments/grid-search/bert-base-uncased/kaggle/prep0_aug1/seed_67351593/checkpoint-1602
2026-03-24 21:15:37,258 - cyberbully - INFO - Removed checkpoint: experiments/grid-search/bert-base-uncased/kaggle/prep0_aug1/seed_67351593/checkpoint-3204
2026-03-24 21:15:37,320 - cyberbully - INFO - Removed checkpoint: experiments/grid-search/bert-base-uncased/kaggle/prep0_aug1/seed_67351593/checkpoint-7209
2026-03-24 21:15:37,384 - cyberbully - INFO - Removed checkpoint: experiments/grid-search/bert-base-uncased/kaggle/prep0_aug1/seed_67351593/checkpoint-4005
2026-03-24 21:15:37,447 - cyberbully - INFO - Removed checkpoint: experiments/grid-search/bert-base-uncased/kaggle/prep0_aug1/seed_67351593/checkpoint-4806
2026-03-24 21:15:37,515 - cyberbully - INFO - Removed checkpoint: experiments/grid-search/bert-base-uncased/kaggle/prep0_aug1/seed_67351593/checkpoint-801
2026-03-24 21:15:37,580 - cyberbully - INFO - Removed checkpoint: experiments/grid-search/bert-base-uncased/kaggle/prep0_aug1/seed_67351593/checkpoint-2403
2026-03-24 21:15:37,580 - cyberbully - INFO - Step 5: Evaluating on test set...
2026-03-24 21:15:47,775 - cyberbully - INFO - Metrics saved to experiments/grid-search/bert-base-uncased/kaggle/prep0_aug1/seed_67351593/metrics.json
2026-03-24 21:15:47,775 - cyberbully - INFO - Confusion matrix saved to experiments/grid-search/bert-base-uncased/kaggle/prep0_aug1/seed_67351593/confusion_matrix.json
2026-03-24 21:15:47,854 - cyberbully - INFO - Per-sample predictions saved to experiments/grid-search/bert-base-uncased/kaggle/prep0_aug1/seed_67351593/predictions.json
2026-03-24 21:15:47,955 - cyberbully - INFO - Confusion matrix figure saved to experiments/grid-search/bert-base-uncased/kaggle/prep0_aug1/seed_67351593/confusion_matrix.pdf
2026-03-24 21:15:47,955 - cyberbully - INFO - Accuracy: 0.9546
2026-03-24 21:15:47,955 - cyberbully - INFO - Weighted F1: 0.9547
2026-03-24 21:15:47,955 - cyberbully - INFO - Micro F1: 0.9546
2026-03-24 21:15:47,955 - cyberbully - INFO - Inference time: 5.88 seconds
2026-03-24 21:15:47,955 - cyberbully - INFO - Energy consumption: 0.000390 kWh
2026-03-24 21:15:47,957 - cyberbully - INFO - ============================================================
2026-03-24 21:15:47,957 - cyberbully - INFO - Pipeline complete. Results saved to: experiments/grid-search/bert-base-uncased/kaggle/prep0_aug1/seed_67351593
2026-03-24 21:15:47,957 - cyberbully - INFO - ============================================================
