2026-03-19 19:13:30,490 - cyberbully - INFO - ============================================================
2026-03-19 19:13:30,490 - cyberbully - INFO - Cyberbullying Detection Pipeline
2026-03-19 19:13:30,490 - cyberbully - INFO - ============================================================
2026-03-19 19:13:30,490 - cyberbully - INFO - Configuration:
2026-03-19 19:13:30,490 - cyberbully - INFO -   model          : roberta-base
2026-03-19 19:13:30,490 - cyberbully - INFO -   dataset        : kaggle
2026-03-19 19:13:30,490 - cyberbully - INFO -   preprocess     : True
2026-03-19 19:13:30,490 - cyberbully - INFO -   augment        : False
2026-03-19 19:13:30,490 - cyberbully - INFO -   compute_attribution: False
2026-03-19 19:13:30,490 - cyberbully - INFO -   seed           : 52680723
2026-03-19 19:13:30,490 - cyberbully - INFO -   epochs         : 10
2026-03-19 19:13:30,490 - cyberbully - INFO -   batch_size     : 64
2026-03-19 19:13:30,490 - cyberbully - INFO -   lr             : 5e-05
2026-03-19 19:13:30,490 - cyberbully - INFO -   max_length     : 128
2026-03-19 19:13:30,490 - cyberbully - INFO -   output_dir     : supcon-light-64
2026-03-19 19:13:30,490 - cyberbully - INFO -   data_dir       : dataset
2026-03-19 19:13:30,490 - cyberbully - INFO -   sbert          : False
2026-03-19 19:13:30,490 - cyberbully - INFO -   supcon         : True
2026-03-19 19:13:30,490 - cyberbully - INFO -   supcon_weight  : 0.1
2026-03-19 19:13:30,490 - cyberbully - INFO -   proj_dim       : 128
2026-03-19 19:13:30,490 - cyberbully - INFO -   grad_accum_steps: 1
2026-03-19 19:13:30,490 - cyberbully - INFO -   overwrite      : False
2026-03-19 19:13:30,490 - cyberbully - INFO -   device         : cuda
2026-03-19 19:13:30,490 - cyberbully - INFO -   output_dir     : experiments/supcon-light-64/roberta-base/kaggle/prep1_aug0/seed_52680723
2026-03-19 19:13:30,490 - cyberbully - INFO - ============================================================
2026-03-19 19:13:30,490 - cyberbully - INFO - This experiment has been completed before. Skipped!
