2026-02-13 22:43:40,581 - cyberbully - INFO - ============================================================
2026-02-13 22:43:40,581 - cyberbully - INFO - Cyberbullying Detection Pipeline
2026-02-13 22:43:40,581 - cyberbully - INFO - ============================================================
2026-02-13 22:43:40,581 - cyberbully - INFO - Configuration:
2026-02-13 22:43:40,581 - cyberbully - INFO -   model          : roberta-base
2026-02-13 22:43:40,581 - cyberbully - INFO -   dataset        : tweeteval
2026-02-13 22:43:40,581 - cyberbully - INFO -   preprocess     : True
2026-02-13 22:43:40,581 - cyberbully - INFO -   augment        : True
2026-02-13 22:43:40,581 - cyberbully - INFO -   compute_attribution: False
2026-02-13 22:43:40,581 - cyberbully - INFO -   seed           : 43782163
2026-02-13 22:43:40,581 - cyberbully - INFO -   epochs         : 5
2026-02-13 22:43:40,582 - cyberbully - INFO -   batch_size     : 16
2026-02-13 22:43:40,582 - cyberbully - INFO -   lr             : 2e-05
2026-02-13 22:43:40,582 - cyberbully - INFO -   max_length     : 128
2026-02-13 22:43:40,582 - cyberbully - INFO -   output_dir     : experiments
2026-02-13 22:43:40,582 - cyberbully - INFO -   data_dir       : dataset
2026-02-13 22:43:40,582 - cyberbully - INFO -   overwrite      : False
2026-02-13 22:43:40,582 - cyberbully - INFO -   device         : cuda
2026-02-13 22:43:40,582 - cyberbully - INFO -   output_dir     : experiments/roberta-base/tweeteval/prep1_aug1/seed_43782163
2026-02-13 22:43:40,582 - cyberbully - INFO - ============================================================
2026-02-13 22:43:40,582 - cyberbully - INFO - Step 1: Preparing data...
2026-02-13 22:43:40,582 - cyberbully - INFO - Loading dataset 'tweeteval' from dataset/Tweeteval.csv
2026-02-13 22:43:40,654 - cyberbully - INFO - Loaded 50759 samples with 5 classes: ['emotion', 'hate', 'offensive', 'religion', 'spiritual']
2026-02-13 22:43:40,654 - cyberbully - INFO - Applying text preprocessing...
2026-02-13 22:44:36,596 - cyberbully - INFO - After preprocessing: 47373 samples remain
2026-02-13 22:44:36,598 - cyberbully - INFO - Label mapping: {'emotion': 0, 'hate': 1, 'offensive': 2, 'religion': 3, 'spiritual': 4}
2026-02-13 22:44:36,611 - cyberbully - INFO - Split sizes — train: 30318, val: 7580, test: 9475
2026-02-13 22:44:36,611 - cyberbully - INFO - Applying training data augmentation (oversampling)...
2026-02-13 22:44:36,618 - cyberbully - INFO - After oversampling — class distribution: {0: 7749, 1: 7749, 2: 7749, 3: 7749, 4: 7749}
2026-02-13 22:44:36,618 - cyberbully - INFO - Number of classes: 5
2026-02-13 22:44:36,618 - cyberbully - INFO - Step 2: Loading model and tokenizer...
2026-02-13 22:44:36,618 - cyberbully - INFO - Loading model 'roberta-base' with 5 labels
2026-02-13 22:44:37,434 - cyberbully - INFO - Step 3: Tokenizing datasets...
2026-02-13 22:44:38,471 - cyberbully - INFO - Dataset sizes — train: 38745, val: 7580, test: 9475
2026-02-13 22:44:38,472 - cyberbully - INFO - Step 4: Training...
2026-02-13 22:44:38,729 - cyberbully - INFO - Starting training...
2026-02-13 22:57:27,944 - cyberbully - INFO - Training complete.
2026-02-13 22:57:27,944 - cyberbully - INFO - Step 5: Evaluating on test set...
2026-02-13 22:57:39,758 - cyberbully - INFO - Metrics saved to experiments/roberta-base/tweeteval/prep1_aug1/seed_43782163/metrics.json
2026-02-13 22:57:39,758 - cyberbully - INFO - Confusion matrix saved to experiments/roberta-base/tweeteval/prep1_aug1/seed_43782163/confusion_matrix.json
2026-02-13 22:57:39,859 - cyberbully - INFO - Confusion matrix figure saved to experiments/roberta-base/tweeteval/prep1_aug1/seed_43782163/confusion_matrix.pdf
2026-02-13 22:57:39,859 - cyberbully - INFO - Accuracy: 0.9427
2026-02-13 22:57:39,859 - cyberbully - INFO - Weighted F1: 0.9426
2026-02-13 22:57:39,859 - cyberbully - INFO - Micro F1: 0.9427
2026-02-13 22:57:39,859 - cyberbully - INFO - Inference time: 7.46 seconds
2026-02-13 22:57:39,859 - cyberbully - INFO - Energy consumption: 0.000441 kWh
2026-02-13 22:57:39,859 - cyberbully - INFO - ============================================================
2026-02-13 22:57:39,859 - cyberbully - INFO - Pipeline complete. Results saved to: experiments/roberta-base/tweeteval/prep1_aug1/seed_43782163
2026-02-13 22:57:39,859 - cyberbully - INFO - ============================================================
