2026-03-21 01:44:11,290 - cyberbully - INFO - ============================================================
2026-03-21 01:44:11,290 - cyberbully - INFO - Cyberbullying Detection Pipeline
2026-03-21 01:44:11,290 - cyberbully - INFO - ============================================================
2026-03-21 01:44:11,290 - cyberbully - INFO - Configuration:
2026-03-21 01:44:11,290 - cyberbully - INFO -   model          : GroNLP/hateBERT
2026-03-21 01:44:11,290 - cyberbully - INFO -   dataset        : tweeteval
2026-03-21 01:44:11,290 - cyberbully - INFO -   preprocess     : False
2026-03-21 01:44:11,290 - cyberbully - INFO -   augment        : False
2026-03-21 01:44:11,290 - cyberbully - INFO -   compute_attribution: False
2026-03-21 01:44:11,290 - cyberbully - INFO -   seed           : 37622020
2026-03-21 01:44:11,290 - cyberbully - INFO -   epochs         : 10
2026-03-21 01:44:11,290 - cyberbully - INFO -   batch_size     : 32
2026-03-21 01:44:11,290 - cyberbully - INFO -   lr             : 5e-05
2026-03-21 01:44:11,290 - cyberbully - INFO -   max_length     : 128
2026-03-21 01:44:11,290 - cyberbully - INFO -   output_dir     : grid-search
2026-03-21 01:44:11,290 - cyberbully - INFO -   data_dir       : dataset
2026-03-21 01:44:11,290 - cyberbully - INFO -   sbert          : False
2026-03-21 01:44:11,290 - cyberbully - INFO -   supcon         : False
2026-03-21 01:44:11,290 - cyberbully - INFO -   supcon_weight  : 0.1
2026-03-21 01:44:11,290 - cyberbully - INFO -   proj_dim       : 128
2026-03-21 01:44:11,290 - cyberbully - INFO -   grad_accum_steps: 1
2026-03-21 01:44:11,290 - cyberbully - INFO -   overwrite      : False
2026-03-21 01:44:11,290 - cyberbully - INFO -   device         : cuda
2026-03-21 01:44:11,290 - cyberbully - INFO -   output_dir     : experiments/grid-search/GroNLP_hateBERT/tweeteval/prep0_aug0/seed_37622020
2026-03-21 01:44:11,290 - cyberbully - INFO - ============================================================
2026-03-21 01:44:11,290 - cyberbully - INFO - Step 1: Preparing data...
2026-03-21 01:44:11,339 - cyberbully - INFO - Loaded pre-split data from dataset/tweeteval — train: 32485, val: 8122, test: 10152
2026-03-21 01:44:11,340 - cyberbully - INFO - Label mapping: {'emotion': 0, 'hate': 1, 'offensive': 2, 'religion': 3, 'spiritual': 4}
2026-03-21 01:44:11,351 - cyberbully - INFO - Number of classes: 5
2026-03-21 01:44:11,352 - cyberbully - INFO - Step 2: Loading model and tokenizer...
2026-03-21 01:44:11,352 - cyberbully - INFO - Loading model 'GroNLP/hateBERT' with 5 labels (sbert=False, supcon=False)
2026-03-21 01:44:12,049 - cyberbully - INFO - Step 3: Creating datasets...
2026-03-21 01:44:13,001 - cyberbully - INFO - Dataset sizes — train: 32485, val: 8122, test: 10152
2026-03-21 01:44:13,001 - cyberbully - INFO - Step 4: Training...
2026-03-21 01:44:13,110 - cyberbully - INFO - Starting training...
2026-03-21 01:55:48,689 - cyberbully - INFO - Training complete.
2026-03-21 01:55:48,774 - cyberbully - INFO - Removed checkpoint: experiments/grid-search/GroNLP_hateBERT/tweeteval/prep0_aug0/seed_37622020/checkpoint-2032
2026-03-21 01:55:48,854 - cyberbully - INFO - Removed checkpoint: experiments/grid-search/GroNLP_hateBERT/tweeteval/prep0_aug0/seed_37622020/checkpoint-6096
2026-03-21 01:55:48,934 - cyberbully - INFO - Removed checkpoint: experiments/grid-search/GroNLP_hateBERT/tweeteval/prep0_aug0/seed_37622020/checkpoint-3048
2026-03-21 01:55:49,012 - cyberbully - INFO - Removed checkpoint: experiments/grid-search/GroNLP_hateBERT/tweeteval/prep0_aug0/seed_37622020/checkpoint-9144
2026-03-21 01:55:49,090 - cyberbully - INFO - Removed checkpoint: experiments/grid-search/GroNLP_hateBERT/tweeteval/prep0_aug0/seed_37622020/checkpoint-5080
2026-03-21 01:55:49,170 - cyberbully - INFO - Removed checkpoint: experiments/grid-search/GroNLP_hateBERT/tweeteval/prep0_aug0/seed_37622020/checkpoint-8128
2026-03-21 01:55:49,252 - cyberbully - INFO - Removed checkpoint: experiments/grid-search/GroNLP_hateBERT/tweeteval/prep0_aug0/seed_37622020/checkpoint-4064
2026-03-21 01:55:49,339 - cyberbully - INFO - Removed checkpoint: experiments/grid-search/GroNLP_hateBERT/tweeteval/prep0_aug0/seed_37622020/checkpoint-1016
2026-03-21 01:55:49,417 - cyberbully - INFO - Removed checkpoint: experiments/grid-search/GroNLP_hateBERT/tweeteval/prep0_aug0/seed_37622020/checkpoint-7112
2026-03-21 01:55:49,494 - cyberbully - INFO - Removed checkpoint: experiments/grid-search/GroNLP_hateBERT/tweeteval/prep0_aug0/seed_37622020/checkpoint-10160
2026-03-21 01:55:49,494 - cyberbully - INFO - Step 5: Evaluating on test set...
2026-03-21 01:55:59,041 - cyberbully - INFO - Metrics saved to experiments/grid-search/GroNLP_hateBERT/tweeteval/prep0_aug0/seed_37622020/metrics.json
2026-03-21 01:55:59,041 - cyberbully - INFO - Confusion matrix saved to experiments/grid-search/GroNLP_hateBERT/tweeteval/prep0_aug0/seed_37622020/confusion_matrix.json
2026-03-21 01:55:59,143 - cyberbully - INFO - Per-sample predictions saved to experiments/grid-search/GroNLP_hateBERT/tweeteval/prep0_aug0/seed_37622020/predictions.json
2026-03-21 01:55:59,248 - cyberbully - INFO - Confusion matrix figure saved to experiments/grid-search/GroNLP_hateBERT/tweeteval/prep0_aug0/seed_37622020/confusion_matrix.pdf
2026-03-21 01:55:59,248 - cyberbully - INFO - Accuracy: 0.9737
2026-03-21 01:55:59,249 - cyberbully - INFO - Weighted F1: 0.9736
2026-03-21 01:55:59,249 - cyberbully - INFO - Micro F1: 0.9737
2026-03-21 01:55:59,249 - cyberbully - INFO - Inference time: 4.31 seconds
2026-03-21 01:55:59,249 - cyberbully - INFO - Energy consumption: 0.000236 kWh
2026-03-21 01:55:59,250 - cyberbully - INFO - ============================================================
2026-03-21 01:55:59,250 - cyberbully - INFO - Pipeline complete. Results saved to: experiments/grid-search/GroNLP_hateBERT/tweeteval/prep0_aug0/seed_37622020
2026-03-21 01:55:59,250 - cyberbully - INFO - ============================================================
