2026-04-15 13:54:38,440 - cyberbully - INFO - Model 'all-mpnet-base-v2' detected as SBERT-based. Using SBERTClassifier pipeline.
2026-04-15 13:54:38,440 - cyberbully - INFO - ============================================================
2026-04-15 13:54:38,440 - cyberbully - INFO - Cyberbullying Detection Pipeline
2026-04-15 13:54:38,440 - cyberbully - INFO - ============================================================
2026-04-15 13:54:38,440 - cyberbully - INFO - Configuration:
2026-04-15 13:54:38,440 - cyberbully - INFO -   model          : all-mpnet-base-v2
2026-04-15 13:54:38,440 - cyberbully - INFO -   dataset        : ieee
2026-04-15 13:54:38,440 - cyberbully - INFO -   preprocess     : False
2026-04-15 13:54:38,440 - cyberbully - INFO -   augment        : False
2026-04-15 13:54:38,440 - cyberbully - INFO -   compute_attribution: False
2026-04-15 13:54:38,440 - cyberbully - INFO -   seed           : 67351593
2026-04-15 13:54:38,440 - cyberbully - INFO -   epochs         : 10
2026-04-15 13:54:38,440 - cyberbully - INFO -   batch_size     : 32
2026-04-15 13:54:38,440 - cyberbully - INFO -   lr             : 5e-05
2026-04-15 13:54:38,440 - cyberbully - INFO -   max_length     : 128
2026-04-15 13:54:38,440 - cyberbully - INFO -   output_dir     : grid-search
2026-04-15 13:54:38,440 - cyberbully - INFO -   data_dir       : dataset
2026-04-15 13:54:38,440 - cyberbully - INFO -   sbert          : True
2026-04-15 13:54:38,440 - cyberbully - INFO -   supcon         : False
2026-04-15 13:54:38,440 - cyberbully - INFO -   supcon_weight  : 0.1
2026-04-15 13:54:38,440 - cyberbully - INFO -   proj_dim       : 128
2026-04-15 13:54:38,440 - cyberbully - INFO -   grad_accum_steps: 1
2026-04-15 13:54:38,440 - cyberbully - INFO -   overwrite      : False
2026-04-15 13:54:38,440 - cyberbully - INFO -   device         : cuda
2026-04-15 13:54:38,440 - cyberbully - INFO -   output_dir     : experiments/grid-search/all-mpnet-base-v2/ieee/prep0_aug0/seed_67351593
2026-04-15 13:54:38,440 - cyberbully - INFO - ============================================================
2026-04-15 13:54:38,440 - cyberbully - INFO - Step 1: Preparing data...
2026-04-15 13:54:38,444 - cyberbully - INFO - Loaded pre-split data from dataset/ieee — train: 1348, val: 338, test: 422
2026-04-15 13:54:38,444 - cyberbully - INFO - Label mapping: {'Cyberstalking': 0, 'Doxing': 1, 'Revenge Porn': 2, 'Sexual Harassment': 3, 'Slut Shaming': 4}
2026-04-15 13:54:38,446 - cyberbully - INFO - Number of classes: 5
2026-04-15 13:54:38,447 - cyberbully - INFO - Step 2: Loading model and tokenizer...
2026-04-15 13:54:38,447 - cyberbully - INFO - Loading model 'all-mpnet-base-v2' with 5 labels (sbert=True, supcon=False)
2026-04-15 13:54:42,551 - cyberbully - INFO - SBERTClassifier: embedding_dim=768, hidden=256, proj_dim=None, num_labels=5
2026-04-15 13:54:43,130 - cyberbully - INFO - Step 3: Creating datasets...
2026-04-15 13:54:43,164 - cyberbully - INFO - Dataset sizes — train: 1348, val: 338, test: 422
2026-04-15 13:54:43,164 - cyberbully - INFO - Step 4: Training...
2026-04-15 13:54:43,232 - cyberbully - INFO - Starting training...
2026-04-15 13:55:33,691 - cyberbully - INFO - Training complete.
2026-04-15 13:55:33,764 - cyberbully - INFO - Removed checkpoint: experiments/grid-search/all-mpnet-base-v2/ieee/prep0_aug0/seed_67351593/checkpoint-172
2026-04-15 13:55:33,836 - cyberbully - INFO - Removed checkpoint: experiments/grid-search/all-mpnet-base-v2/ieee/prep0_aug0/seed_67351593/checkpoint-258
2026-04-15 13:55:33,907 - cyberbully - INFO - Removed checkpoint: experiments/grid-search/all-mpnet-base-v2/ieee/prep0_aug0/seed_67351593/checkpoint-387
2026-04-15 13:55:33,974 - cyberbully - INFO - Removed checkpoint: experiments/grid-search/all-mpnet-base-v2/ieee/prep0_aug0/seed_67351593/checkpoint-43
2026-04-15 13:55:34,046 - cyberbully - INFO - Removed checkpoint: experiments/grid-search/all-mpnet-base-v2/ieee/prep0_aug0/seed_67351593/checkpoint-430
2026-04-15 13:55:34,117 - cyberbully - INFO - Removed checkpoint: experiments/grid-search/all-mpnet-base-v2/ieee/prep0_aug0/seed_67351593/checkpoint-301
2026-04-15 13:55:34,191 - cyberbully - INFO - Removed checkpoint: experiments/grid-search/all-mpnet-base-v2/ieee/prep0_aug0/seed_67351593/checkpoint-344
2026-04-15 13:55:34,255 - cyberbully - INFO - Removed checkpoint: experiments/grid-search/all-mpnet-base-v2/ieee/prep0_aug0/seed_67351593/checkpoint-129
2026-04-15 13:55:34,327 - cyberbully - INFO - Removed checkpoint: experiments/grid-search/all-mpnet-base-v2/ieee/prep0_aug0/seed_67351593/checkpoint-215
2026-04-15 13:55:34,634 - cyberbully - INFO - Removed checkpoint: experiments/grid-search/all-mpnet-base-v2/ieee/prep0_aug0/seed_67351593/checkpoint-86
2026-04-15 13:55:34,634 - cyberbully - INFO - Step 5: Evaluating on test set...
2026-04-15 13:55:40,022 - cyberbully - INFO - Metrics saved to experiments/grid-search/all-mpnet-base-v2/ieee/prep0_aug0/seed_67351593/metrics.json
2026-04-15 13:55:40,022 - cyberbully - INFO - Confusion matrix saved to experiments/grid-search/all-mpnet-base-v2/ieee/prep0_aug0/seed_67351593/confusion_matrix.json
2026-04-15 13:55:40,026 - cyberbully - INFO - Per-sample predictions saved to experiments/grid-search/all-mpnet-base-v2/ieee/prep0_aug0/seed_67351593/predictions.json
2026-04-15 13:55:40,129 - cyberbully - INFO - Confusion matrix figure saved to experiments/grid-search/all-mpnet-base-v2/ieee/prep0_aug0/seed_67351593/confusion_matrix.pdf
2026-04-15 13:55:40,129 - cyberbully - INFO - Accuracy: 0.8389
2026-04-15 13:55:40,129 - cyberbully - INFO - Weighted F1: 0.8397
2026-04-15 13:55:40,129 - cyberbully - INFO - Micro F1: 0.8389
2026-04-15 13:55:40,129 - cyberbully - INFO - Inference time: 0.33 seconds
2026-04-15 13:55:40,129 - cyberbully - INFO - Energy consumption: 0.000018 kWh
2026-04-15 13:55:40,130 - cyberbully - INFO - ============================================================
2026-04-15 13:55:40,130 - cyberbully - INFO - Pipeline complete. Results saved to: experiments/grid-search/all-mpnet-base-v2/ieee/prep0_aug0/seed_67351593
2026-04-15 13:55:40,130 - cyberbully - INFO - ============================================================
