2026-03-19 00:23:40,142 - cyberbully - INFO - ============================================================
2026-03-19 00:23:40,142 - cyberbully - INFO - Cyberbullying Detection Pipeline
2026-03-19 00:23:40,142 - cyberbully - INFO - ============================================================
2026-03-19 00:23:40,142 - cyberbully - INFO - Configuration:
2026-03-19 00:23:40,142 - cyberbully - INFO -   model          : Twitter/twhin-bert-base
2026-03-19 00:23:40,142 - cyberbully - INFO -   dataset        : tweeteval
2026-03-19 00:23:40,142 - cyberbully - INFO -   preprocess     : True
2026-03-19 00:23:40,142 - cyberbully - INFO -   augment        : False
2026-03-19 00:23:40,142 - cyberbully - INFO -   compute_attribution: False
2026-03-19 00:23:40,142 - cyberbully - INFO -   seed           : 14298463
2026-03-19 00:23:40,142 - cyberbully - INFO -   epochs         : 10
2026-03-19 00:23:40,142 - cyberbully - INFO -   batch_size     : 32
2026-03-19 00:23:40,142 - cyberbully - INFO -   lr             : 5e-05
2026-03-19 00:23:40,142 - cyberbully - INFO -   max_length     : 128
2026-03-19 00:23:40,142 - cyberbully - INFO -   output_dir     : supcon-baseline
2026-03-19 00:23:40,142 - cyberbully - INFO -   data_dir       : dataset
2026-03-19 00:23:40,142 - cyberbully - INFO -   sbert          : False
2026-03-19 00:23:40,142 - cyberbully - INFO -   supcon         : False
2026-03-19 00:23:40,142 - cyberbully - INFO -   supcon_weight  : 0.1
2026-03-19 00:23:40,142 - cyberbully - INFO -   proj_dim       : 128
2026-03-19 00:23:40,142 - cyberbully - INFO -   grad_accum_steps: 1
2026-03-19 00:23:40,142 - cyberbully - INFO -   overwrite      : False
2026-03-19 00:23:40,142 - cyberbully - INFO -   device         : cuda
2026-03-19 00:23:40,142 - cyberbully - INFO -   output_dir     : experiments/supcon-baseline/Twitter_twhin-bert-base/tweeteval/prep1_aug0/seed_14298463
2026-03-19 00:23:40,142 - cyberbully - INFO - ============================================================
2026-03-19 00:23:40,142 - cyberbully - INFO - Step 1: Preparing data...
2026-03-19 00:23:40,142 - cyberbully - INFO - No pre-split data found. Splitting and saving for future runs...
2026-03-19 00:23:40,142 - cyberbully - INFO - Loading dataset 'tweeteval' from dataset/Tweeteval.csv
2026-03-19 00:23:40,308 - cyberbully - INFO - Loaded 50759 samples with 5 classes: ['emotion', 'hate', 'offensive', 'religion', 'spiritual']
2026-03-19 00:23:40,339 - cyberbully - INFO - Split sizes — train: 32485, val: 8122, test: 10152
2026-03-19 00:23:40,414 - cyberbully - INFO - Saved raw splits to dataset/tweeteval
2026-03-19 00:23:40,414 - cyberbully - INFO - Label mapping: {'emotion': 0, 'hate': 1, 'offensive': 2, 'religion': 3, 'spiritual': 4}
2026-03-19 00:23:40,414 - cyberbully - INFO - Applying text preprocessing per split...
2026-03-19 00:23:44,309 - cyberbully - INFO - After preprocessing — train: 32485, val: 8122, test: 10152
2026-03-19 00:23:44,322 - cyberbully - INFO - Number of classes: 5
2026-03-19 00:23:44,323 - cyberbully - INFO - Step 2: Loading model and tokenizer...
2026-03-19 00:23:44,323 - cyberbully - INFO - Loading model 'Twitter/twhin-bert-base' with 5 labels (sbert=False, supcon=False)
2026-03-19 00:23:45,625 - cyberbully - INFO - Step 3: Creating datasets...
2026-03-19 00:23:46,449 - cyberbully - INFO - Dataset sizes — train: 32485, val: 8122, test: 10152
2026-03-19 00:23:46,449 - cyberbully - INFO - Step 4: Training...
2026-03-19 00:23:46,669 - cyberbully - INFO - Starting training...
2026-03-19 00:42:39,433 - cyberbully - INFO - Training complete.
2026-03-19 00:42:39,503 - cyberbully - INFO - Removed checkpoint: experiments/supcon-baseline/Twitter_twhin-bert-base/tweeteval/prep1_aug0/seed_14298463/checkpoint-2032
2026-03-19 00:42:39,700 - cyberbully - INFO - Removed checkpoint: experiments/supcon-baseline/Twitter_twhin-bert-base/tweeteval/prep1_aug0/seed_14298463/checkpoint-6096
2026-03-19 00:42:39,730 - cyberbully - INFO - Removed checkpoint: experiments/supcon-baseline/Twitter_twhin-bert-base/tweeteval/prep1_aug0/seed_14298463/checkpoint-3048
2026-03-19 00:42:39,926 - cyberbully - INFO - Removed checkpoint: experiments/supcon-baseline/Twitter_twhin-bert-base/tweeteval/prep1_aug0/seed_14298463/checkpoint-9144
2026-03-19 00:42:40,056 - cyberbully - INFO - Removed checkpoint: experiments/supcon-baseline/Twitter_twhin-bert-base/tweeteval/prep1_aug0/seed_14298463/checkpoint-5080
2026-03-19 00:42:40,256 - cyberbully - INFO - Removed checkpoint: experiments/supcon-baseline/Twitter_twhin-bert-base/tweeteval/prep1_aug0/seed_14298463/checkpoint-8128
2026-03-19 00:42:40,284 - cyberbully - INFO - Removed checkpoint: experiments/supcon-baseline/Twitter_twhin-bert-base/tweeteval/prep1_aug0/seed_14298463/checkpoint-4064
2026-03-19 00:42:40,314 - cyberbully - INFO - Removed checkpoint: experiments/supcon-baseline/Twitter_twhin-bert-base/tweeteval/prep1_aug0/seed_14298463/checkpoint-1016
2026-03-19 00:42:40,518 - cyberbully - INFO - Removed checkpoint: experiments/supcon-baseline/Twitter_twhin-bert-base/tweeteval/prep1_aug0/seed_14298463/checkpoint-7112
2026-03-19 00:42:40,712 - cyberbully - INFO - Removed checkpoint: experiments/supcon-baseline/Twitter_twhin-bert-base/tweeteval/prep1_aug0/seed_14298463/checkpoint-10160
2026-03-19 00:42:40,712 - cyberbully - INFO - Step 5: Evaluating on test set...
2026-03-19 00:42:51,290 - cyberbully - INFO - Metrics saved to experiments/supcon-baseline/Twitter_twhin-bert-base/tweeteval/prep1_aug0/seed_14298463/metrics.json
2026-03-19 00:42:51,291 - cyberbully - INFO - Confusion matrix saved to experiments/supcon-baseline/Twitter_twhin-bert-base/tweeteval/prep1_aug0/seed_14298463/confusion_matrix.json
2026-03-19 00:42:51,394 - cyberbully - INFO - Per-sample predictions saved to experiments/supcon-baseline/Twitter_twhin-bert-base/tweeteval/prep1_aug0/seed_14298463/predictions.json
2026-03-19 00:42:51,596 - cyberbully - INFO - Confusion matrix figure saved to experiments/supcon-baseline/Twitter_twhin-bert-base/tweeteval/prep1_aug0/seed_14298463/confusion_matrix.pdf
2026-03-19 00:42:51,596 - cyberbully - INFO - Accuracy: 0.9697
2026-03-19 00:42:51,596 - cyberbully - INFO - Weighted F1: 0.9696
2026-03-19 00:42:51,596 - cyberbully - INFO - Micro F1: 0.9697
2026-03-19 00:42:51,596 - cyberbully - INFO - Inference time: 5.30 seconds
2026-03-19 00:42:51,596 - cyberbully - INFO - Energy consumption: 0.000297 kWh
2026-03-19 00:42:51,598 - cyberbully - INFO - ============================================================
2026-03-19 00:42:51,598 - cyberbully - INFO - Pipeline complete. Results saved to: experiments/supcon-baseline/Twitter_twhin-bert-base/tweeteval/prep1_aug0/seed_14298463
2026-03-19 00:42:51,598 - cyberbully - INFO - ============================================================
