2026-06-14 19:01:42,014 - cyberbully - INFO - ============================================================
2026-06-14 19:01:42,014 - cyberbully - INFO - Cyberbullying Detection Pipeline
2026-06-14 19:01:42,014 - cyberbully - INFO - ============================================================
2026-06-14 19:01:42,014 - cyberbully - INFO - Configuration:
2026-06-14 19:01:42,014 - cyberbully - INFO -   model          : answerdotai/ModernBERT-base
2026-06-14 19:01:42,014 - cyberbully - INFO -   dataset        : tweeteval
2026-06-14 19:01:42,014 - cyberbully - INFO -   preprocess     : False
2026-06-14 19:01:42,014 - cyberbully - INFO -   prep_mode      : 2
2026-06-14 19:01:42,014 - cyberbully - INFO -   augment        : False
2026-06-14 19:01:42,014 - cyberbully - INFO -   compute_attribution: False
2026-06-14 19:01:42,014 - cyberbully - INFO -   seed           : 24677315
2026-06-14 19:01:42,014 - cyberbully - INFO -   epochs         : 10
2026-06-14 19:01:42,014 - cyberbully - INFO -   batch_size     : 32
2026-06-14 19:01:42,014 - cyberbully - INFO -   lr             : 5e-05
2026-06-14 19:01:42,014 - cyberbully - INFO -   max_length     : 128
2026-06-14 19:01:42,014 - cyberbully - INFO -   output_dir     : grid-search
2026-06-14 19:01:42,014 - cyberbully - INFO -   data_dir       : dataset
2026-06-14 19:01:42,014 - cyberbully - INFO -   sbert          : False
2026-06-14 19:01:42,014 - cyberbully - INFO -   supcon         : False
2026-06-14 19:01:42,014 - cyberbully - INFO -   supcon_weight  : 0.1
2026-06-14 19:01:42,014 - cyberbully - INFO -   proj_dim       : 128
2026-06-14 19:01:42,014 - cyberbully - INFO -   grad_accum_steps: 1
2026-06-14 19:01:42,014 - cyberbully - INFO -   overwrite      : False
2026-06-14 19:01:42,014 - cyberbully - INFO -   device         : cuda
2026-06-14 19:01:42,014 - cyberbully - INFO -   output_dir     : experiments/grid-search/answerdotai_ModernBERT-base/tweeteval/prep2_aug0/seed_24677315
2026-06-14 19:01:42,014 - cyberbully - INFO - ============================================================
2026-06-14 19:01:42,014 - cyberbully - INFO - Step 1: Preparing data...
2026-06-14 19:01:42,062 - cyberbully - INFO - Loaded pre-split data from dataset/tweeteval — train: 32485, val: 8122, test: 10152
2026-06-14 19:01:42,062 - cyberbully - INFO - Label mapping: {'emotion': 0, 'hate': 1, 'offensive': 2, 'religion': 3, 'spiritual': 4}
2026-06-14 19:01:42,063 - cyberbully - INFO - Applying partial text preprocessing per split...
2026-06-14 19:01:43,718 - cyberbully - INFO - After preprocessing -- train: 32485, val: 8122, test: 10152
2026-06-14 19:01:43,722 - cyberbully - INFO - Number of classes: 5
2026-06-14 19:01:43,724 - cyberbully - INFO - Step 2: Loading model and tokenizer...
2026-06-14 19:01:43,724 - cyberbully - INFO - Loading model 'answerdotai/ModernBERT-base' with 5 labels (sbert=False, supcon=False)
2026-06-14 19:01:45,258 - cyberbully - INFO - Step 3: Creating datasets...
2026-06-14 19:01:46,391 - cyberbully - INFO - Dataset sizes — train: 32485, val: 8122, test: 10152
2026-06-14 19:01:46,392 - cyberbully - INFO - Step 4: Training...
2026-06-14 19:01:46,629 - cyberbully - INFO - Starting training...
2026-06-14 19:27:20,644 - cyberbully - INFO - Training complete.
2026-06-14 19:27:20,731 - cyberbully - INFO - Removed checkpoint: experiments/grid-search/answerdotai_ModernBERT-base/tweeteval/prep2_aug0/seed_24677315/checkpoint-3048
2026-06-14 19:27:20,817 - cyberbully - INFO - Removed checkpoint: experiments/grid-search/answerdotai_ModernBERT-base/tweeteval/prep2_aug0/seed_24677315/checkpoint-7112
2026-06-14 19:27:20,905 - cyberbully - INFO - Removed checkpoint: experiments/grid-search/answerdotai_ModernBERT-base/tweeteval/prep2_aug0/seed_24677315/checkpoint-9144
2026-06-14 19:27:20,993 - cyberbully - INFO - Removed checkpoint: experiments/grid-search/answerdotai_ModernBERT-base/tweeteval/prep2_aug0/seed_24677315/checkpoint-1016
2026-06-14 19:27:21,078 - cyberbully - INFO - Removed checkpoint: experiments/grid-search/answerdotai_ModernBERT-base/tweeteval/prep2_aug0/seed_24677315/checkpoint-2032
2026-06-14 19:27:21,181 - cyberbully - INFO - Removed checkpoint: experiments/grid-search/answerdotai_ModernBERT-base/tweeteval/prep2_aug0/seed_24677315/checkpoint-10160
2026-06-14 19:27:21,268 - cyberbully - INFO - Removed checkpoint: experiments/grid-search/answerdotai_ModernBERT-base/tweeteval/prep2_aug0/seed_24677315/checkpoint-6096
2026-06-14 19:27:21,354 - cyberbully - INFO - Removed checkpoint: experiments/grid-search/answerdotai_ModernBERT-base/tweeteval/prep2_aug0/seed_24677315/checkpoint-5080
2026-06-14 19:27:21,441 - cyberbully - INFO - Removed checkpoint: experiments/grid-search/answerdotai_ModernBERT-base/tweeteval/prep2_aug0/seed_24677315/checkpoint-8128
2026-06-14 19:27:21,528 - cyberbully - INFO - Removed checkpoint: experiments/grid-search/answerdotai_ModernBERT-base/tweeteval/prep2_aug0/seed_24677315/checkpoint-4064
2026-06-14 19:27:21,528 - cyberbully - INFO - Step 5: Evaluating on test set...
2026-06-14 19:27:40,048 - cyberbully - INFO - Metrics saved to experiments/grid-search/answerdotai_ModernBERT-base/tweeteval/prep2_aug0/seed_24677315/metrics.json
2026-06-14 19:27:40,048 - cyberbully - INFO - Confusion matrix saved to experiments/grid-search/answerdotai_ModernBERT-base/tweeteval/prep2_aug0/seed_24677315/confusion_matrix.json
2026-06-14 19:27:40,150 - cyberbully - INFO - Per-sample predictions saved to experiments/grid-search/answerdotai_ModernBERT-base/tweeteval/prep2_aug0/seed_24677315/predictions.json
2026-06-14 19:27:40,256 - cyberbully - INFO - Confusion matrix figure saved to experiments/grid-search/answerdotai_ModernBERT-base/tweeteval/prep2_aug0/seed_24677315/confusion_matrix.pdf
2026-06-14 19:27:40,256 - cyberbully - INFO - Accuracy: 0.9377
2026-06-14 19:27:40,257 - cyberbully - INFO - Weighted F1: 0.9378
2026-06-14 19:27:40,257 - cyberbully - INFO - Micro F1: 0.9377
2026-06-14 19:27:40,257 - cyberbully - INFO - Inference time: 12.40 seconds
2026-06-14 19:27:40,257 - cyberbully - INFO - Energy consumption: 0.000726 kWh
2026-06-14 19:27:40,259 - cyberbully - INFO - ============================================================
2026-06-14 19:27:40,259 - cyberbully - INFO - Pipeline complete. Results saved to: experiments/grid-search/answerdotai_ModernBERT-base/tweeteval/prep2_aug0/seed_24677315
2026-06-14 19:27:40,259 - cyberbully - INFO - ============================================================
