2026-02-17 16:54:34,185 - cyberbully - INFO - ============================================================
2026-02-17 16:54:34,185 - cyberbully - INFO - Cyberbullying Detection Pipeline
2026-02-17 16:54:34,185 - cyberbully - INFO - ============================================================
2026-02-17 16:54:34,185 - cyberbully - INFO - Configuration:
2026-02-17 16:54:34,185 - cyberbully - INFO -   model          : Twitter/twhin-bert-base
2026-02-17 16:54:34,185 - cyberbully - INFO -   dataset        : ieee
2026-02-17 16:54:34,185 - cyberbully - INFO -   preprocess     : True
2026-02-17 16:54:34,185 - cyberbully - INFO -   augment        : True
2026-02-17 16:54:34,185 - cyberbully - INFO -   compute_attribution: False
2026-02-17 16:54:34,185 - cyberbully - INFO -   seed           : 52680723
2026-02-17 16:54:34,185 - cyberbully - INFO -   epochs         : 5
2026-02-17 16:54:34,185 - cyberbully - INFO -   batch_size     : 16
2026-02-17 16:54:34,185 - cyberbully - INFO -   lr             : 2e-05
2026-02-17 16:54:34,185 - cyberbully - INFO -   max_length     : 128
2026-02-17 16:54:34,185 - cyberbully - INFO -   output_dir     : domain-model
2026-02-17 16:54:34,185 - cyberbully - INFO -   data_dir       : dataset
2026-02-17 16:54:34,185 - cyberbully - INFO -   sbert          : False
2026-02-17 16:54:34,185 - cyberbully - INFO -   overwrite      : False
2026-02-17 16:54:34,185 - cyberbully - INFO -   device         : cuda
2026-02-17 16:54:34,185 - cyberbully - INFO -   output_dir     : experiments/domain-model/Twitter_twhin-bert-base/ieee/prep1_aug1/seed_52680723
2026-02-17 16:54:34,185 - cyberbully - INFO - ============================================================
2026-02-17 16:54:34,185 - cyberbully - INFO - Step 1: Preparing data...
2026-02-17 16:54:34,185 - cyberbully - INFO - Loading dataset 'ieee' from dataset/IEEE Data Port.csv
2026-02-17 16:54:34,191 - cyberbully - INFO - Loaded 2108 samples with 5 classes: ['Cyberstalking', 'Doxing', 'Revenge Porn', 'Sexual Harassment', 'Slut Shaming']
2026-02-17 16:54:34,191 - cyberbully - INFO - Applying text preprocessing...
2026-02-17 16:54:37,265 - cyberbully - INFO - After preprocessing: 1815 samples remain
2026-02-17 16:54:37,266 - cyberbully - INFO - Label mapping: {'Cyberstalking': 0, 'Doxing': 1, 'Revenge Porn': 2, 'Sexual Harassment': 3, 'Slut Shaming': 4}
2026-02-17 16:54:37,268 - cyberbully - INFO - Split sizes — train: 1161, val: 291, test: 363
2026-02-17 16:54:37,268 - cyberbully - INFO - Applying training data augmentation (oversampling)...
2026-02-17 16:54:37,269 - cyberbully - INFO - After oversampling — class distribution: {0: 286, 1: 286, 2: 286, 3: 286, 4: 286}
2026-02-17 16:54:37,269 - cyberbully - INFO - Number of classes: 5
2026-02-17 16:54:37,270 - cyberbully - INFO - Step 2: Loading model and tokenizer...
2026-02-17 16:54:37,270 - cyberbully - INFO - Loading model 'Twitter/twhin-bert-base' with 5 labels (sbert=False)
2026-02-17 16:54:38,571 - cyberbully - INFO - Step 3: Creating datasets...
2026-02-17 16:54:38,598 - cyberbully - INFO - Dataset sizes — train: 1430, val: 291, test: 363
2026-02-17 16:54:38,598 - cyberbully - INFO - Step 4: Training...
2026-02-17 16:54:38,935 - cyberbully - INFO - Starting training...
2026-02-17 16:55:17,936 - cyberbully - INFO - Training complete.
2026-02-17 16:55:17,936 - cyberbully - INFO - Step 5: Evaluating on test set...
2026-02-17 16:55:22,561 - cyberbully - INFO - Metrics saved to experiments/domain-model/Twitter_twhin-bert-base/ieee/prep1_aug1/seed_52680723/metrics.json
2026-02-17 16:55:22,561 - cyberbully - INFO - Confusion matrix saved to experiments/domain-model/Twitter_twhin-bert-base/ieee/prep1_aug1/seed_52680723/confusion_matrix.json
2026-02-17 16:55:22,664 - cyberbully - INFO - Confusion matrix figure saved to experiments/domain-model/Twitter_twhin-bert-base/ieee/prep1_aug1/seed_52680723/confusion_matrix.pdf
2026-02-17 16:55:22,664 - cyberbully - INFO - Accuracy: 0.8705
2026-02-17 16:55:22,664 - cyberbully - INFO - Weighted F1: 0.8706
2026-02-17 16:55:22,664 - cyberbully - INFO - Micro F1: 0.8705
2026-02-17 16:55:22,664 - cyberbully - INFO - Inference time: 0.30 seconds
2026-02-17 16:55:22,664 - cyberbully - INFO - Energy consumption: 0.000019 kWh
2026-02-17 16:55:22,664 - cyberbully - INFO - ============================================================
2026-02-17 16:55:22,664 - cyberbully - INFO - Pipeline complete. Results saved to: experiments/domain-model/Twitter_twhin-bert-base/ieee/prep1_aug1/seed_52680723
2026-02-17 16:55:22,664 - cyberbully - INFO - ============================================================
