2026-03-19 06:23:16,527 - cyberbully - INFO - ============================================================
2026-03-19 06:23:16,527 - cyberbully - INFO - Cyberbullying Detection Pipeline
2026-03-19 06:23:16,527 - cyberbully - INFO - ============================================================
2026-03-19 06:23:16,527 - cyberbully - INFO - Configuration:
2026-03-19 06:23:16,527 - cyberbully - INFO -   model          : roberta-base
2026-03-19 06:23:16,527 - cyberbully - INFO -   dataset        : tweeteval
2026-03-19 06:23:16,527 - cyberbully - INFO -   preprocess     : True
2026-03-19 06:23:16,527 - cyberbully - INFO -   augment        : False
2026-03-19 06:23:16,527 - cyberbully - INFO -   compute_attribution: False
2026-03-19 06:23:16,527 - cyberbully - INFO -   seed           : 37622020
2026-03-19 06:23:16,527 - cyberbully - INFO -   epochs         : 10
2026-03-19 06:23:16,527 - cyberbully - INFO -   batch_size     : 32
2026-03-19 06:23:16,527 - cyberbully - INFO -   lr             : 5e-05
2026-03-19 06:23:16,527 - cyberbully - INFO -   max_length     : 128
2026-03-19 06:23:16,527 - cyberbully - INFO -   output_dir     : supcon-baseline
2026-03-19 06:23:16,527 - cyberbully - INFO -   data_dir       : dataset
2026-03-19 06:23:16,527 - cyberbully - INFO -   sbert          : False
2026-03-19 06:23:16,527 - cyberbully - INFO -   supcon         : False
2026-03-19 06:23:16,527 - cyberbully - INFO -   supcon_weight  : 0.1
2026-03-19 06:23:16,527 - cyberbully - INFO -   proj_dim       : 128
2026-03-19 06:23:16,527 - cyberbully - INFO -   grad_accum_steps: 1
2026-03-19 06:23:16,527 - cyberbully - INFO -   overwrite      : False
2026-03-19 06:23:16,527 - cyberbully - INFO -   device         : cuda
2026-03-19 06:23:16,527 - cyberbully - INFO -   output_dir     : experiments/supcon-baseline/roberta-base/tweeteval/prep1_aug0/seed_37622020
2026-03-19 06:23:16,527 - cyberbully - INFO - ============================================================
2026-03-19 06:23:16,527 - cyberbully - INFO - Step 1: Preparing data...
2026-03-19 06:23:16,576 - cyberbully - INFO - Loaded pre-split data from dataset/tweeteval — train: 32485, val: 8122, test: 10152
2026-03-19 06:23:16,576 - cyberbully - INFO - Label mapping: {'emotion': 0, 'hate': 1, 'offensive': 2, 'religion': 3, 'spiritual': 4}
2026-03-19 06:23:16,576 - cyberbully - INFO - Applying text preprocessing per split...
2026-03-19 06:23:20,509 - cyberbully - INFO - After preprocessing — train: 32485, val: 8122, test: 10152
2026-03-19 06:23:20,522 - cyberbully - INFO - Number of classes: 5
2026-03-19 06:23:20,523 - cyberbully - INFO - Step 2: Loading model and tokenizer...
2026-03-19 06:23:20,523 - cyberbully - INFO - Loading model 'roberta-base' with 5 labels (sbert=False, supcon=False)
2026-03-19 06:23:21,301 - cyberbully - INFO - Step 3: Creating datasets...
2026-03-19 06:23:22,053 - cyberbully - INFO - Dataset sizes — train: 32485, val: 8122, test: 10152
2026-03-19 06:23:22,053 - cyberbully - INFO - Step 4: Training...
2026-03-19 06:23:22,194 - cyberbully - INFO - Starting training...
2026-03-19 06:35:15,887 - cyberbully - INFO - Training complete.
2026-03-19 06:35:15,980 - cyberbully - INFO - Removed checkpoint: experiments/supcon-baseline/roberta-base/tweeteval/prep1_aug0/seed_37622020/checkpoint-2032
2026-03-19 06:35:16,069 - cyberbully - INFO - Removed checkpoint: experiments/supcon-baseline/roberta-base/tweeteval/prep1_aug0/seed_37622020/checkpoint-6096
2026-03-19 06:35:16,158 - cyberbully - INFO - Removed checkpoint: experiments/supcon-baseline/roberta-base/tweeteval/prep1_aug0/seed_37622020/checkpoint-3048
2026-03-19 06:35:16,244 - cyberbully - INFO - Removed checkpoint: experiments/supcon-baseline/roberta-base/tweeteval/prep1_aug0/seed_37622020/checkpoint-9144
2026-03-19 06:35:16,331 - cyberbully - INFO - Removed checkpoint: experiments/supcon-baseline/roberta-base/tweeteval/prep1_aug0/seed_37622020/checkpoint-5080
2026-03-19 06:35:16,418 - cyberbully - INFO - Removed checkpoint: experiments/supcon-baseline/roberta-base/tweeteval/prep1_aug0/seed_37622020/checkpoint-8128
2026-03-19 06:35:16,507 - cyberbully - INFO - Removed checkpoint: experiments/supcon-baseline/roberta-base/tweeteval/prep1_aug0/seed_37622020/checkpoint-4064
2026-03-19 06:35:16,605 - cyberbully - INFO - Removed checkpoint: experiments/supcon-baseline/roberta-base/tweeteval/prep1_aug0/seed_37622020/checkpoint-1016
2026-03-19 06:35:16,691 - cyberbully - INFO - Removed checkpoint: experiments/supcon-baseline/roberta-base/tweeteval/prep1_aug0/seed_37622020/checkpoint-7112
2026-03-19 06:35:16,778 - cyberbully - INFO - Removed checkpoint: experiments/supcon-baseline/roberta-base/tweeteval/prep1_aug0/seed_37622020/checkpoint-10160
2026-03-19 06:35:16,778 - cyberbully - INFO - Step 5: Evaluating on test set...
2026-03-19 06:35:26,349 - cyberbully - INFO - Metrics saved to experiments/supcon-baseline/roberta-base/tweeteval/prep1_aug0/seed_37622020/metrics.json
2026-03-19 06:35:26,349 - cyberbully - INFO - Confusion matrix saved to experiments/supcon-baseline/roberta-base/tweeteval/prep1_aug0/seed_37622020/confusion_matrix.json
2026-03-19 06:35:26,453 - cyberbully - INFO - Per-sample predictions saved to experiments/supcon-baseline/roberta-base/tweeteval/prep1_aug0/seed_37622020/predictions.json
2026-03-19 06:35:26,557 - cyberbully - INFO - Confusion matrix figure saved to experiments/supcon-baseline/roberta-base/tweeteval/prep1_aug0/seed_37622020/confusion_matrix.pdf
2026-03-19 06:35:26,557 - cyberbully - INFO - Accuracy: 0.9696
2026-03-19 06:35:26,557 - cyberbully - INFO - Weighted F1: 0.9696
2026-03-19 06:35:26,557 - cyberbully - INFO - Micro F1: 0.9696
2026-03-19 06:35:26,557 - cyberbully - INFO - Inference time: 4.33 seconds
2026-03-19 06:35:26,557 - cyberbully - INFO - Energy consumption: 0.000232 kWh
2026-03-19 06:35:26,559 - cyberbully - INFO - ============================================================
2026-03-19 06:35:26,559 - cyberbully - INFO - Pipeline complete. Results saved to: experiments/supcon-baseline/roberta-base/tweeteval/prep1_aug0/seed_37622020
2026-03-19 06:35:26,559 - cyberbully - INFO - ============================================================
