2026-02-20 12:24:47,029 - cyberbully - INFO - ============================================================
2026-02-20 12:24:47,029 - cyberbully - INFO - Cyberbullying Detection Pipeline
2026-02-20 12:24:47,029 - cyberbully - INFO - ============================================================
2026-02-20 12:24:47,029 - cyberbully - INFO - Configuration:
2026-02-20 12:24:47,029 - cyberbully - INFO -   model          : all-MiniLM-L12-v2
2026-02-20 12:24:47,029 - cyberbully - INFO -   dataset        : kaggle
2026-02-20 12:24:47,029 - cyberbully - INFO -   preprocess     : False
2026-02-20 12:24:47,029 - cyberbully - INFO -   augment        : True
2026-02-20 12:24:47,029 - cyberbully - INFO -   compute_attribution: False
2026-02-20 12:24:47,029 - cyberbully - INFO -   seed           : 43782163
2026-02-20 12:24:47,029 - cyberbully - INFO -   epochs         : 5
2026-02-20 12:24:47,029 - cyberbully - INFO -   batch_size     : 16
2026-02-20 12:24:47,029 - cyberbully - INFO -   lr             : 2e-05
2026-02-20 12:24:47,029 - cyberbully - INFO -   max_length     : 128
2026-02-20 12:24:47,029 - cyberbully - INFO -   output_dir     : sbert-model
2026-02-20 12:24:47,029 - cyberbully - INFO -   data_dir       : dataset
2026-02-20 12:24:47,029 - cyberbully - INFO -   sbert          : True
2026-02-20 12:24:47,029 - cyberbully - INFO -   overwrite      : False
2026-02-20 12:24:47,029 - cyberbully - INFO -   device         : cuda
2026-02-20 12:24:47,029 - cyberbully - INFO -   output_dir     : experiments/sbert-model/all-MiniLM-L12-v2/kaggle/prep0_aug1/seed_43782163
2026-02-20 12:24:47,029 - cyberbully - INFO - ============================================================
2026-02-20 12:24:47,029 - cyberbully - INFO - Step 1: Preparing data...
2026-02-20 12:24:47,029 - cyberbully - INFO - Loading dataset 'kaggle' from dataset/Kaggle.csv
2026-02-20 12:24:47,089 - cyberbully - INFO - Loaded 47656 samples with 6 classes: ['age', 'ethnicity', 'gender', 'not_cyberbullying', 'other_cyberbullying', 'religion']
2026-02-20 12:24:47,091 - cyberbully - INFO - Label mapping: {'age': 0, 'ethnicity': 1, 'gender': 2, 'not_cyberbullying': 3, 'other_cyberbullying': 4, 'religion': 5}
2026-02-20 12:24:47,104 - cyberbully - INFO - Split sizes — train: 30499, val: 7625, test: 9532
2026-02-20 12:24:47,104 - cyberbully - INFO - Applying training data augmentation (oversampling)...
2026-02-20 12:24:47,111 - cyberbully - INFO - After oversampling — class distribution: {0: 5118, 1: 5118, 2: 5118, 3: 5118, 4: 5118, 5: 5118}
2026-02-20 12:24:47,112 - cyberbully - INFO - Number of classes: 6
2026-02-20 12:24:47,114 - cyberbully - INFO - Step 2: Loading model and tokenizer...
2026-02-20 12:24:47,114 - cyberbully - INFO - Loading model 'all-MiniLM-L12-v2' with 6 labels (sbert=True)
2026-02-20 12:24:49,736 - cyberbully - INFO - SBERTClassifier: embedding_dim=384, hidden=256, num_labels=6
2026-02-20 12:24:50,034 - cyberbully - INFO - Step 3: Creating datasets...
2026-02-20 12:24:50,971 - cyberbully - INFO - Dataset sizes — train: 30708, val: 7625, test: 9532
2026-02-20 12:24:50,971 - cyberbully - INFO - Step 4: Training...
2026-02-20 12:24:51,017 - cyberbully - INFO - Starting training...
2026-02-20 12:29:17,136 - cyberbully - INFO - Training complete.
2026-02-20 12:29:17,136 - cyberbully - INFO - Step 5: Evaluating on test set...
2026-02-20 12:29:24,830 - cyberbully - INFO - Metrics saved to experiments/sbert-model/all-MiniLM-L12-v2/kaggle/prep0_aug1/seed_43782163/metrics.json
2026-02-20 12:29:24,830 - cyberbully - INFO - Confusion matrix saved to experiments/sbert-model/all-MiniLM-L12-v2/kaggle/prep0_aug1/seed_43782163/confusion_matrix.json
2026-02-20 12:29:24,942 - cyberbully - INFO - Confusion matrix figure saved to experiments/sbert-model/all-MiniLM-L12-v2/kaggle/prep0_aug1/seed_43782163/confusion_matrix.pdf
2026-02-20 12:29:24,942 - cyberbully - INFO - Accuracy: 0.8682
2026-02-20 12:29:24,943 - cyberbully - INFO - Weighted F1: 0.8682
2026-02-20 12:29:24,943 - cyberbully - INFO - Micro F1: 0.8682
2026-02-20 12:29:24,943 - cyberbully - INFO - Inference time: 3.38 seconds
2026-02-20 12:29:24,943 - cyberbully - INFO - Energy consumption: 0.000211 kWh
2026-02-20 12:29:24,943 - cyberbully - INFO - ============================================================
2026-02-20 12:29:24,943 - cyberbully - INFO - Pipeline complete. Results saved to: experiments/sbert-model/all-MiniLM-L12-v2/kaggle/prep0_aug1/seed_43782163
2026-02-20 12:29:24,943 - cyberbully - INFO - ============================================================
