2026-05-20 07:02:25,018 - cyberbully - INFO - ============================================================
2026-05-20 07:02:25,018 - cyberbully - INFO - Cyberbullying Detection Pipeline
2026-05-20 07:02:25,018 - cyberbully - INFO - ============================================================
2026-05-20 07:02:25,018 - cyberbully - INFO - Configuration:
2026-05-20 07:02:25,018 - cyberbully - INFO -   model          : bert-base-uncased
2026-05-20 07:02:25,018 - cyberbully - INFO -   dataset        : tweeteval
2026-05-20 07:02:25,018 - cyberbully - INFO -   preprocess     : True
2026-05-20 07:02:25,018 - cyberbully - INFO -   augment        : False
2026-05-20 07:02:25,018 - cyberbully - INFO -   compute_attribution: False
2026-05-20 07:02:25,018 - cyberbully - INFO -   seed           : 99511865
2026-05-20 07:02:25,018 - cyberbully - INFO -   epochs         : 10
2026-05-20 07:02:25,018 - cyberbully - INFO -   batch_size     : 32
2026-05-20 07:02:25,018 - cyberbully - INFO -   lr             : 5e-05
2026-05-20 07:02:25,018 - cyberbully - INFO -   max_length     : 128
2026-05-20 07:02:25,018 - cyberbully - INFO -   output_dir     : grid-search
2026-05-20 07:02:25,018 - cyberbully - INFO -   data_dir       : dataset
2026-05-20 07:02:25,018 - cyberbully - INFO -   sbert          : False
2026-05-20 07:02:25,018 - cyberbully - INFO -   supcon         : False
2026-05-20 07:02:25,018 - cyberbully - INFO -   supcon_weight  : 0.1
2026-05-20 07:02:25,018 - cyberbully - INFO -   proj_dim       : 128
2026-05-20 07:02:25,018 - cyberbully - INFO -   grad_accum_steps: 1
2026-05-20 07:02:25,018 - cyberbully - INFO -   overwrite      : True
2026-05-20 07:02:25,018 - cyberbully - INFO -   device         : cuda
2026-05-20 07:02:25,018 - cyberbully - INFO -   output_dir     : experiments/grid-search/bert-base-uncased/tweeteval/prep1_aug0/seed_99511865
2026-05-20 07:02:25,018 - cyberbully - INFO - ============================================================
2026-05-20 07:02:25,018 - cyberbully - INFO - Step 1: Preparing data...
2026-05-20 07:02:25,075 - cyberbully - INFO - Loaded pre-split data from dataset/tweeteval — train: 32485, val: 8122, test: 10152
2026-05-20 07:02:25,075 - cyberbully - INFO - Label mapping: {'emotion': 0, 'hate': 1, 'offensive': 2, 'religion': 3, 'spiritual': 4}
2026-05-20 07:02:25,076 - cyberbully - INFO - Applying text preprocessing per split...
2026-05-20 07:02:30,754 - cyberbully - INFO - After preprocessing -- train: 32485, val: 8122, test: 10152
2026-05-20 07:02:30,759 - cyberbully - INFO - Number of classes: 5
2026-05-20 07:02:30,761 - cyberbully - INFO - Step 2: Loading model and tokenizer...
2026-05-20 07:02:30,761 - cyberbully - INFO - Loading model 'bert-base-uncased' with 5 labels (sbert=False, supcon=False)
2026-05-20 07:02:31,539 - cyberbully - INFO - Step 3: Creating datasets...
2026-05-20 07:02:32,431 - cyberbully - INFO - Dataset sizes — train: 32485, val: 8122, test: 10152
2026-05-20 07:02:32,431 - cyberbully - INFO - Step 4: Training...
2026-05-20 07:02:32,597 - cyberbully - INFO - Starting training...
2026-05-20 07:14:29,844 - cyberbully - INFO - Training complete.
2026-05-20 07:14:29,932 - cyberbully - INFO - Removed checkpoint: experiments/grid-search/bert-base-uncased/tweeteval/prep1_aug0/seed_99511865/checkpoint-2032
2026-05-20 07:14:30,018 - cyberbully - INFO - Removed checkpoint: experiments/grid-search/bert-base-uncased/tweeteval/prep1_aug0/seed_99511865/checkpoint-6096
2026-05-20 07:14:30,103 - cyberbully - INFO - Removed checkpoint: experiments/grid-search/bert-base-uncased/tweeteval/prep1_aug0/seed_99511865/checkpoint-3048
2026-05-20 07:14:30,186 - cyberbully - INFO - Removed checkpoint: experiments/grid-search/bert-base-uncased/tweeteval/prep1_aug0/seed_99511865/checkpoint-9144
2026-05-20 07:14:30,271 - cyberbully - INFO - Removed checkpoint: experiments/grid-search/bert-base-uncased/tweeteval/prep1_aug0/seed_99511865/checkpoint-5080
2026-05-20 07:14:30,354 - cyberbully - INFO - Removed checkpoint: experiments/grid-search/bert-base-uncased/tweeteval/prep1_aug0/seed_99511865/checkpoint-8128
2026-05-20 07:14:30,439 - cyberbully - INFO - Removed checkpoint: experiments/grid-search/bert-base-uncased/tweeteval/prep1_aug0/seed_99511865/checkpoint-4064
2026-05-20 07:14:30,530 - cyberbully - INFO - Removed checkpoint: experiments/grid-search/bert-base-uncased/tweeteval/prep1_aug0/seed_99511865/checkpoint-1016
2026-05-20 07:14:30,613 - cyberbully - INFO - Removed checkpoint: experiments/grid-search/bert-base-uncased/tweeteval/prep1_aug0/seed_99511865/checkpoint-7112
2026-05-20 07:14:30,712 - cyberbully - INFO - Removed checkpoint: experiments/grid-search/bert-base-uncased/tweeteval/prep1_aug0/seed_99511865/checkpoint-10160
2026-05-20 07:14:30,712 - cyberbully - INFO - Step 5: Evaluating on test set...
2026-05-20 07:14:41,357 - cyberbully - INFO - Metrics saved to experiments/grid-search/bert-base-uncased/tweeteval/prep1_aug0/seed_99511865/metrics.json
2026-05-20 07:14:41,357 - cyberbully - INFO - Confusion matrix saved to experiments/grid-search/bert-base-uncased/tweeteval/prep1_aug0/seed_99511865/confusion_matrix.json
2026-05-20 07:14:41,461 - cyberbully - INFO - Per-sample predictions saved to experiments/grid-search/bert-base-uncased/tweeteval/prep1_aug0/seed_99511865/predictions.json
2026-05-20 07:14:41,578 - cyberbully - INFO - Confusion matrix figure saved to experiments/grid-search/bert-base-uncased/tweeteval/prep1_aug0/seed_99511865/confusion_matrix.pdf
2026-05-20 07:14:41,578 - cyberbully - INFO - Accuracy: 0.9375
2026-05-20 07:14:41,578 - cyberbully - INFO - Weighted F1: 0.9372
2026-05-20 07:14:41,578 - cyberbully - INFO - Micro F1: 0.9375
2026-05-20 07:14:41,578 - cyberbully - INFO - Inference time: 4.44 seconds
2026-05-20 07:14:41,578 - cyberbully - INFO - Energy consumption: 0.000268 kWh
2026-05-20 07:14:41,580 - cyberbully - INFO - ============================================================
2026-05-20 07:14:41,580 - cyberbully - INFO - Pipeline complete. Results saved to: experiments/grid-search/bert-base-uncased/tweeteval/prep1_aug0/seed_99511865
2026-05-20 07:14:41,580 - cyberbully - INFO - ============================================================
