2026-03-20 16:08:34,217 - cyberbully - INFO - ============================================================
2026-03-20 16:08:34,217 - cyberbully - INFO - Cyberbullying Detection Pipeline
2026-03-20 16:08:34,217 - cyberbully - INFO - ============================================================
2026-03-20 16:08:34,217 - cyberbully - INFO - Configuration:
2026-03-20 16:08:34,217 - cyberbully - INFO -   model          : bert-base-cased
2026-03-20 16:08:34,217 - cyberbully - INFO -   dataset        : ieee
2026-03-20 16:08:34,218 - cyberbully - INFO -   preprocess     : True
2026-03-20 16:08:34,218 - cyberbully - INFO -   augment        : True
2026-03-20 16:08:34,218 - cyberbully - INFO -   compute_attribution: False
2026-03-20 16:08:34,218 - cyberbully - INFO -   seed           : 14298463
2026-03-20 16:08:34,218 - cyberbully - INFO -   epochs         : 10
2026-03-20 16:08:34,218 - cyberbully - INFO -   batch_size     : 32
2026-03-20 16:08:34,218 - cyberbully - INFO -   lr             : 5e-05
2026-03-20 16:08:34,218 - cyberbully - INFO -   max_length     : 128
2026-03-20 16:08:34,218 - cyberbully - INFO -   output_dir     : grid-search
2026-03-20 16:08:34,218 - cyberbully - INFO -   data_dir       : dataset
2026-03-20 16:08:34,218 - cyberbully - INFO -   sbert          : False
2026-03-20 16:08:34,218 - cyberbully - INFO -   supcon         : False
2026-03-20 16:08:34,218 - cyberbully - INFO -   supcon_weight  : 0.1
2026-03-20 16:08:34,218 - cyberbully - INFO -   proj_dim       : 128
2026-03-20 16:08:34,218 - cyberbully - INFO -   grad_accum_steps: 1
2026-03-20 16:08:34,218 - cyberbully - INFO -   overwrite      : False
2026-03-20 16:08:34,218 - cyberbully - INFO -   device         : cuda
2026-03-20 16:08:34,218 - cyberbully - INFO -   output_dir     : experiments/grid-search/bert-base-cased/ieee/prep1_aug1/seed_14298463
2026-03-20 16:08:34,218 - cyberbully - INFO - ============================================================
2026-03-20 16:08:34,218 - cyberbully - INFO - Step 1: Preparing data...
2026-03-20 16:08:34,221 - cyberbully - INFO - Loaded pre-split data from dataset/ieee — train: 1348, val: 338, test: 422
2026-03-20 16:08:34,221 - cyberbully - INFO - Label mapping: {'Cyberstalking': 0, 'Doxing': 1, 'Revenge Porn': 2, 'Sexual Harassment': 3, 'Slut Shaming': 4}
2026-03-20 16:08:34,221 - cyberbully - INFO - Applying text preprocessing per split...
2026-03-20 16:08:37,341 - cyberbully - INFO - After preprocessing — train: 1175, val: 305, test: 374
2026-03-20 16:08:37,342 - cyberbully - INFO - Applying training data augmentation (oversampling)...
2026-03-20 16:08:37,343 - cyberbully - INFO - After oversampling — class distribution: {0: 287, 1: 287, 2: 287, 3: 287, 4: 287}
2026-03-20 16:08:37,344 - cyberbully - INFO - Number of classes: 5
2026-03-20 16:08:37,345 - cyberbully - INFO - Step 2: Loading model and tokenizer...
2026-03-20 16:08:37,345 - cyberbully - INFO - Loading model 'bert-base-cased' with 5 labels (sbert=False, supcon=False)
2026-03-20 16:08:38,061 - cyberbully - INFO - Step 3: Creating datasets...
2026-03-20 16:08:38,087 - cyberbully - INFO - Dataset sizes — train: 1435, val: 305, test: 374
2026-03-20 16:08:38,087 - cyberbully - INFO - Step 4: Training...
2026-03-20 16:08:38,334 - cyberbully - INFO - Starting training...
2026-03-20 16:09:31,898 - cyberbully - INFO - Training complete.
2026-03-20 16:09:31,962 - cyberbully - INFO - Removed checkpoint: experiments/grid-search/bert-base-cased/ieee/prep1_aug1/seed_14298463/checkpoint-90
2026-03-20 16:09:32,548 - cyberbully - INFO - Removed checkpoint: experiments/grid-search/bert-base-cased/ieee/prep1_aug1/seed_14298463/checkpoint-180
2026-03-20 16:09:32,624 - cyberbully - INFO - Removed checkpoint: experiments/grid-search/bert-base-cased/ieee/prep1_aug1/seed_14298463/checkpoint-225
2026-03-20 16:09:32,689 - cyberbully - INFO - Removed checkpoint: experiments/grid-search/bert-base-cased/ieee/prep1_aug1/seed_14298463/checkpoint-135
2026-03-20 16:09:32,763 - cyberbully - INFO - Removed checkpoint: experiments/grid-search/bert-base-cased/ieee/prep1_aug1/seed_14298463/checkpoint-315
2026-03-20 16:09:32,836 - cyberbully - INFO - Removed checkpoint: experiments/grid-search/bert-base-cased/ieee/prep1_aug1/seed_14298463/checkpoint-450
2026-03-20 16:09:32,909 - cyberbully - INFO - Removed checkpoint: experiments/grid-search/bert-base-cased/ieee/prep1_aug1/seed_14298463/checkpoint-360
2026-03-20 16:09:33,088 - cyberbully - INFO - Removed checkpoint: experiments/grid-search/bert-base-cased/ieee/prep1_aug1/seed_14298463/checkpoint-45
2026-03-20 16:09:33,169 - cyberbully - INFO - Removed checkpoint: experiments/grid-search/bert-base-cased/ieee/prep1_aug1/seed_14298463/checkpoint-270
2026-03-20 16:09:33,241 - cyberbully - INFO - Removed checkpoint: experiments/grid-search/bert-base-cased/ieee/prep1_aug1/seed_14298463/checkpoint-405
2026-03-20 16:09:33,241 - cyberbully - INFO - Step 5: Evaluating on test set...
2026-03-20 16:09:37,815 - cyberbully - INFO - Metrics saved to experiments/grid-search/bert-base-cased/ieee/prep1_aug1/seed_14298463/metrics.json
2026-03-20 16:09:37,815 - cyberbully - INFO - Confusion matrix saved to experiments/grid-search/bert-base-cased/ieee/prep1_aug1/seed_14298463/confusion_matrix.json
2026-03-20 16:09:37,819 - cyberbully - INFO - Per-sample predictions saved to experiments/grid-search/bert-base-cased/ieee/prep1_aug1/seed_14298463/predictions.json
2026-03-20 16:09:37,918 - cyberbully - INFO - Confusion matrix figure saved to experiments/grid-search/bert-base-cased/ieee/prep1_aug1/seed_14298463/confusion_matrix.pdf
2026-03-20 16:09:37,918 - cyberbully - INFO - Accuracy: 0.7861
2026-03-20 16:09:37,918 - cyberbully - INFO - Weighted F1: 0.7838
2026-03-20 16:09:37,918 - cyberbully - INFO - Micro F1: 0.7861
2026-03-20 16:09:37,918 - cyberbully - INFO - Inference time: 0.28 seconds
2026-03-20 16:09:37,918 - cyberbully - INFO - Energy consumption: 0.000013 kWh
2026-03-20 16:09:37,918 - cyberbully - INFO - ============================================================
2026-03-20 16:09:37,918 - cyberbully - INFO - Pipeline complete. Results saved to: experiments/grid-search/bert-base-cased/ieee/prep1_aug1/seed_14298463
2026-03-20 16:09:37,918 - cyberbully - INFO - ============================================================
