2026-03-25 03:17:26,120 - cyberbully - INFO - Model 'all-MiniLM-L6-v2' detected as SBERT-based. Using SBERTClassifier pipeline.
2026-03-25 03:17:26,121 - cyberbully - INFO - ============================================================
2026-03-25 03:17:26,121 - cyberbully - INFO - Cyberbullying Detection Pipeline
2026-03-25 03:17:26,121 - cyberbully - INFO - ============================================================
2026-03-25 03:17:26,121 - cyberbully - INFO - Configuration:
2026-03-25 03:17:26,121 - cyberbully - INFO -   model          : all-MiniLM-L6-v2
2026-03-25 03:17:26,121 - cyberbully - INFO -   dataset        : kaggle
2026-03-25 03:17:26,121 - cyberbully - INFO -   preprocess     : False
2026-03-25 03:17:26,121 - cyberbully - INFO -   augment        : True
2026-03-25 03:17:26,121 - cyberbully - INFO -   compute_attribution: False
2026-03-25 03:17:26,121 - cyberbully - INFO -   seed           : 70681460
2026-03-25 03:17:26,121 - cyberbully - INFO -   epochs         : 10
2026-03-25 03:17:26,121 - cyberbully - INFO -   batch_size     : 32
2026-03-25 03:17:26,121 - cyberbully - INFO -   lr             : 5e-05
2026-03-25 03:17:26,121 - cyberbully - INFO -   max_length     : 128
2026-03-25 03:17:26,121 - cyberbully - INFO -   output_dir     : grid-search
2026-03-25 03:17:26,121 - cyberbully - INFO -   data_dir       : dataset
2026-03-25 03:17:26,121 - cyberbully - INFO -   sbert          : True
2026-03-25 03:17:26,121 - cyberbully - INFO -   supcon         : False
2026-03-25 03:17:26,121 - cyberbully - INFO -   supcon_weight  : 0.1
2026-03-25 03:17:26,121 - cyberbully - INFO -   proj_dim       : 128
2026-03-25 03:17:26,121 - cyberbully - INFO -   grad_accum_steps: 1
2026-03-25 03:17:26,121 - cyberbully - INFO -   overwrite      : False
2026-03-25 03:17:26,121 - cyberbully - INFO -   device         : cuda
2026-03-25 03:17:26,121 - cyberbully - INFO -   output_dir     : experiments/grid-search/all-MiniLM-L6-v2/kaggle/prep0_aug1/seed_70681460
2026-03-25 03:17:26,121 - cyberbully - INFO - ============================================================
2026-03-25 03:17:26,121 - cyberbully - INFO - Step 1: Preparing data...
2026-03-25 03:17:26,170 - cyberbully - INFO - Loaded pre-split data from dataset/kaggle — train: 25604, val: 6401, test: 8002
2026-03-25 03:17:26,170 - cyberbully - INFO - Label mapping: {'age': 0, 'ethnicity': 1, 'gender': 2, 'other_cyberbullying': 3, 'religion': 4}
2026-03-25 03:17:26,172 - cyberbully - INFO - Applying training data augmentation (oversampling)...
2026-03-25 03:17:26,176 - cyberbully - INFO - After oversampling — class distribution: {0: 5123, 1: 5123, 2: 5123, 3: 5123, 4: 5123}
2026-03-25 03:17:26,186 - cyberbully - INFO - Number of classes: 5
2026-03-25 03:17:26,188 - cyberbully - INFO - Step 2: Loading model and tokenizer...
2026-03-25 03:17:26,188 - cyberbully - INFO - Loading model 'all-MiniLM-L6-v2' with 5 labels (sbert=True, supcon=False)
2026-03-25 03:17:28,812 - cyberbully - INFO - SBERTClassifier: embedding_dim=384, hidden=256, proj_dim=None, num_labels=5
2026-03-25 03:17:29,116 - cyberbully - INFO - Step 3: Creating datasets...
2026-03-25 03:17:30,002 - cyberbully - INFO - Dataset sizes — train: 25615, val: 6401, test: 8002
2026-03-25 03:17:30,002 - cyberbully - INFO - Step 4: Training...
2026-03-25 03:17:30,042 - cyberbully - INFO - Starting training...
2026-03-25 03:20:44,048 - cyberbully - INFO - Training complete.
2026-03-25 03:20:44,063 - cyberbully - INFO - Removed checkpoint: experiments/grid-search/all-MiniLM-L6-v2/kaggle/prep0_aug1/seed_70681460/checkpoint-5607
2026-03-25 03:20:44,079 - cyberbully - INFO - Removed checkpoint: experiments/grid-search/all-MiniLM-L6-v2/kaggle/prep0_aug1/seed_70681460/checkpoint-8010
2026-03-25 03:20:44,094 - cyberbully - INFO - Removed checkpoint: experiments/grid-search/all-MiniLM-L6-v2/kaggle/prep0_aug1/seed_70681460/checkpoint-6408
2026-03-25 03:20:44,108 - cyberbully - INFO - Removed checkpoint: experiments/grid-search/all-MiniLM-L6-v2/kaggle/prep0_aug1/seed_70681460/checkpoint-1602
2026-03-25 03:20:44,123 - cyberbully - INFO - Removed checkpoint: experiments/grid-search/all-MiniLM-L6-v2/kaggle/prep0_aug1/seed_70681460/checkpoint-3204
2026-03-25 03:20:44,140 - cyberbully - INFO - Removed checkpoint: experiments/grid-search/all-MiniLM-L6-v2/kaggle/prep0_aug1/seed_70681460/checkpoint-7209
2026-03-25 03:20:44,154 - cyberbully - INFO - Removed checkpoint: experiments/grid-search/all-MiniLM-L6-v2/kaggle/prep0_aug1/seed_70681460/checkpoint-4005
2026-03-25 03:20:44,169 - cyberbully - INFO - Removed checkpoint: experiments/grid-search/all-MiniLM-L6-v2/kaggle/prep0_aug1/seed_70681460/checkpoint-4806
2026-03-25 03:20:44,184 - cyberbully - INFO - Removed checkpoint: experiments/grid-search/all-MiniLM-L6-v2/kaggle/prep0_aug1/seed_70681460/checkpoint-801
2026-03-25 03:20:44,198 - cyberbully - INFO - Removed checkpoint: experiments/grid-search/all-MiniLM-L6-v2/kaggle/prep0_aug1/seed_70681460/checkpoint-2403
2026-03-25 03:20:44,198 - cyberbully - INFO - Step 5: Evaluating on test set...
2026-03-25 03:20:49,974 - cyberbully - INFO - Metrics saved to experiments/grid-search/all-MiniLM-L6-v2/kaggle/prep0_aug1/seed_70681460/metrics.json
2026-03-25 03:20:49,974 - cyberbully - INFO - Confusion matrix saved to experiments/grid-search/all-MiniLM-L6-v2/kaggle/prep0_aug1/seed_70681460/confusion_matrix.json
2026-03-25 03:20:50,055 - cyberbully - INFO - Per-sample predictions saved to experiments/grid-search/all-MiniLM-L6-v2/kaggle/prep0_aug1/seed_70681460/predictions.json
2026-03-25 03:20:50,159 - cyberbully - INFO - Confusion matrix figure saved to experiments/grid-search/all-MiniLM-L6-v2/kaggle/prep0_aug1/seed_70681460/confusion_matrix.pdf
2026-03-25 03:20:50,159 - cyberbully - INFO - Accuracy: 0.9533
2026-03-25 03:20:50,159 - cyberbully - INFO - Weighted F1: 0.9535
2026-03-25 03:20:50,159 - cyberbully - INFO - Micro F1: 0.9533
2026-03-25 03:20:50,159 - cyberbully - INFO - Inference time: 1.51 seconds
2026-03-25 03:20:50,159 - cyberbully - INFO - Energy consumption: 0.000103 kWh
2026-03-25 03:20:50,161 - cyberbully - INFO - ============================================================
2026-03-25 03:20:50,161 - cyberbully - INFO - Pipeline complete. Results saved to: experiments/grid-search/all-MiniLM-L6-v2/kaggle/prep0_aug1/seed_70681460
2026-03-25 03:20:50,161 - cyberbully - INFO - ============================================================
