2026-06-16 01:39:54,456 - cyberbully - INFO - Model 'all-mpnet-base-v2' detected as SBERT-based. Using SBERTClassifier pipeline.
2026-06-16 01:39:54,457 - cyberbully - INFO - ============================================================
2026-06-16 01:39:54,457 - cyberbully - INFO - Cyberbullying Detection Pipeline
2026-06-16 01:39:54,457 - cyberbully - INFO - ============================================================
2026-06-16 01:39:54,457 - cyberbully - INFO - Configuration:
2026-06-16 01:39:54,457 - cyberbully - INFO -   model          : all-mpnet-base-v2
2026-06-16 01:39:54,457 - cyberbully - INFO -   dataset        : kaggle
2026-06-16 01:39:54,457 - cyberbully - INFO -   preprocess     : False
2026-06-16 01:39:54,457 - cyberbully - INFO -   prep_mode      : 2
2026-06-16 01:39:54,457 - cyberbully - INFO -   augment        : False
2026-06-16 01:39:54,457 - cyberbully - INFO -   compute_attribution: False
2026-06-16 01:39:54,457 - cyberbully - INFO -   seed           : 14298463
2026-06-16 01:39:54,457 - cyberbully - INFO -   epochs         : 10
2026-06-16 01:39:54,457 - cyberbully - INFO -   batch_size     : 32
2026-06-16 01:39:54,457 - cyberbully - INFO -   lr             : 5e-05
2026-06-16 01:39:54,457 - cyberbully - INFO -   max_length     : 128
2026-06-16 01:39:54,457 - cyberbully - INFO -   output_dir     : grid-search
2026-06-16 01:39:54,457 - cyberbully - INFO -   data_dir       : dataset
2026-06-16 01:39:54,457 - cyberbully - INFO -   sbert          : True
2026-06-16 01:39:54,457 - cyberbully - INFO -   supcon         : False
2026-06-16 01:39:54,457 - cyberbully - INFO -   supcon_weight  : 0.1
2026-06-16 01:39:54,457 - cyberbully - INFO -   proj_dim       : 128
2026-06-16 01:39:54,457 - cyberbully - INFO -   grad_accum_steps: 1
2026-06-16 01:39:54,457 - cyberbully - INFO -   overwrite      : False
2026-06-16 01:39:54,457 - cyberbully - INFO -   device         : cuda
2026-06-16 01:39:54,457 - cyberbully - INFO -   output_dir     : experiments/grid-search/all-mpnet-base-v2/kaggle/prep2_aug0/seed_14298463
2026-06-16 01:39:54,457 - cyberbully - INFO - ============================================================
2026-06-16 01:39:54,457 - cyberbully - INFO - Step 1: Preparing data...
2026-06-16 01:39:54,503 - cyberbully - INFO - Loaded pre-split data from dataset/kaggle — train: 25604, val: 6401, test: 8002
2026-06-16 01:39:54,503 - cyberbully - INFO - Label mapping: {'age': 0, 'ethnicity': 1, 'gender': 2, 'other_cyberbullying': 3, 'religion': 4}
2026-06-16 01:39:54,504 - cyberbully - INFO - Applying partial text preprocessing per split...
2026-06-16 01:39:55,836 - cyberbully - INFO - After preprocessing -- train: 25604, val: 6401, test: 8002
2026-06-16 01:39:55,839 - cyberbully - INFO - Number of classes: 5
2026-06-16 01:39:55,841 - cyberbully - INFO - Step 2: Loading model and tokenizer...
2026-06-16 01:39:55,841 - cyberbully - INFO - Loading model 'all-mpnet-base-v2' with 5 labels (sbert=True, supcon=False)
2026-06-16 01:40:01,491 - cyberbully - INFO - SBERTClassifier: embedding_dim=768, hidden=256, proj_dim=None, num_labels=5
2026-06-16 01:40:02,067 - cyberbully - INFO - Step 3: Creating datasets...
2026-06-16 01:40:02,610 - cyberbully - INFO - Dataset sizes — train: 25604, val: 6401, test: 8002
2026-06-16 01:40:02,610 - cyberbully - INFO - Step 4: Training...
2026-06-16 01:40:02,628 - cyberbully - INFO - Starting training...
2026-06-16 01:49:57,918 - cyberbully - INFO - Training complete.
2026-06-16 01:49:57,996 - cyberbully - INFO - Removed checkpoint: experiments/grid-search/all-mpnet-base-v2/kaggle/prep2_aug0/seed_14298463/checkpoint-4806
2026-06-16 01:49:58,073 - cyberbully - INFO - Removed checkpoint: experiments/grid-search/all-mpnet-base-v2/kaggle/prep2_aug0/seed_14298463/checkpoint-7209
2026-06-16 01:49:58,150 - cyberbully - INFO - Removed checkpoint: experiments/grid-search/all-mpnet-base-v2/kaggle/prep2_aug0/seed_14298463/checkpoint-6408
2026-06-16 01:49:58,227 - cyberbully - INFO - Removed checkpoint: experiments/grid-search/all-mpnet-base-v2/kaggle/prep2_aug0/seed_14298463/checkpoint-5607
2026-06-16 01:49:58,320 - cyberbully - INFO - Removed checkpoint: experiments/grid-search/all-mpnet-base-v2/kaggle/prep2_aug0/seed_14298463/checkpoint-8010
2026-06-16 01:49:58,399 - cyberbully - INFO - Removed checkpoint: experiments/grid-search/all-mpnet-base-v2/kaggle/prep2_aug0/seed_14298463/checkpoint-3204
2026-06-16 01:49:58,477 - cyberbully - INFO - Removed checkpoint: experiments/grid-search/all-mpnet-base-v2/kaggle/prep2_aug0/seed_14298463/checkpoint-1602
2026-06-16 01:49:58,557 - cyberbully - INFO - Removed checkpoint: experiments/grid-search/all-mpnet-base-v2/kaggle/prep2_aug0/seed_14298463/checkpoint-801
2026-06-16 01:49:58,636 - cyberbully - INFO - Removed checkpoint: experiments/grid-search/all-mpnet-base-v2/kaggle/prep2_aug0/seed_14298463/checkpoint-2403
2026-06-16 01:49:58,714 - cyberbully - INFO - Removed checkpoint: experiments/grid-search/all-mpnet-base-v2/kaggle/prep2_aug0/seed_14298463/checkpoint-4005
2026-06-16 01:49:58,714 - cyberbully - INFO - Step 5: Evaluating on test set...
2026-06-16 01:50:09,269 - cyberbully - INFO - Metrics saved to experiments/grid-search/all-mpnet-base-v2/kaggle/prep2_aug0/seed_14298463/metrics.json
2026-06-16 01:50:09,270 - cyberbully - INFO - Confusion matrix saved to experiments/grid-search/all-mpnet-base-v2/kaggle/prep2_aug0/seed_14298463/confusion_matrix.json
2026-06-16 01:50:09,354 - cyberbully - INFO - Per-sample predictions saved to experiments/grid-search/all-mpnet-base-v2/kaggle/prep2_aug0/seed_14298463/predictions.json
2026-06-16 01:50:09,463 - cyberbully - INFO - Confusion matrix figure saved to experiments/grid-search/all-mpnet-base-v2/kaggle/prep2_aug0/seed_14298463/confusion_matrix.pdf
2026-06-16 01:50:09,463 - cyberbully - INFO - Accuracy: 0.9484
2026-06-16 01:50:09,463 - cyberbully - INFO - Weighted F1: 0.9486
2026-06-16 01:50:09,463 - cyberbully - INFO - Micro F1: 0.9484
2026-06-16 01:50:09,463 - cyberbully - INFO - Inference time: 4.18 seconds
2026-06-16 01:50:09,463 - cyberbully - INFO - Energy consumption: 0.000257 kWh
2026-06-16 01:50:09,465 - cyberbully - INFO - ============================================================
2026-06-16 01:50:09,465 - cyberbully - INFO - Pipeline complete. Results saved to: experiments/grid-search/all-mpnet-base-v2/kaggle/prep2_aug0/seed_14298463
2026-06-16 01:50:09,465 - cyberbully - INFO - ============================================================
