2026-02-20 13:42:07,177 - cyberbully - INFO - ============================================================
2026-02-20 13:42:07,177 - cyberbully - INFO - Cyberbullying Detection Pipeline
2026-02-20 13:42:07,177 - cyberbully - INFO - ============================================================
2026-02-20 13:42:07,177 - cyberbully - INFO - Configuration:
2026-02-20 13:42:07,177 - cyberbully - INFO -   model          : all-MiniLM-L12-v2
2026-02-20 13:42:07,177 - cyberbully - INFO -   dataset        : kaggle
2026-02-20 13:42:07,177 - cyberbully - INFO -   preprocess     : True
2026-02-20 13:42:07,177 - cyberbully - INFO -   augment        : False
2026-02-20 13:42:07,177 - cyberbully - INFO -   compute_attribution: False
2026-02-20 13:42:07,177 - cyberbully - INFO -   seed           : 99511865
2026-02-20 13:42:07,177 - cyberbully - INFO -   epochs         : 5
2026-02-20 13:42:07,177 - cyberbully - INFO -   batch_size     : 16
2026-02-20 13:42:07,177 - cyberbully - INFO -   lr             : 2e-05
2026-02-20 13:42:07,177 - cyberbully - INFO -   max_length     : 128
2026-02-20 13:42:07,177 - cyberbully - INFO -   output_dir     : sbert-model
2026-02-20 13:42:07,177 - cyberbully - INFO -   data_dir       : dataset
2026-02-20 13:42:07,177 - cyberbully - INFO -   sbert          : True
2026-02-20 13:42:07,177 - cyberbully - INFO -   overwrite      : False
2026-02-20 13:42:07,178 - cyberbully - INFO -   device         : cuda
2026-02-20 13:42:07,178 - cyberbully - INFO -   output_dir     : experiments/sbert-model/all-MiniLM-L12-v2/kaggle/prep1_aug0/seed_99511865
2026-02-20 13:42:07,178 - cyberbully - INFO - ============================================================
2026-02-20 13:42:07,178 - cyberbully - INFO - Step 1: Preparing data...
2026-02-20 13:42:07,178 - cyberbully - INFO - Loading dataset 'kaggle' from dataset/Kaggle.csv
2026-02-20 13:42:07,235 - cyberbully - INFO - Loaded 47656 samples with 6 classes: ['age', 'ethnicity', 'gender', 'not_cyberbullying', 'other_cyberbullying', 'religion']
2026-02-20 13:42:07,235 - cyberbully - INFO - Applying text preprocessing...
2026-02-20 13:43:00,348 - cyberbully - INFO - After preprocessing: 41406 samples remain
2026-02-20 13:43:00,350 - cyberbully - INFO - Label mapping: {'age': 0, 'ethnicity': 1, 'gender': 2, 'not_cyberbullying': 3, 'other_cyberbullying': 4, 'religion': 5}
2026-02-20 13:43:00,362 - cyberbully - INFO - Split sizes — train: 26499, val: 6625, test: 8282
2026-02-20 13:43:00,362 - cyberbully - INFO - Number of classes: 6
2026-02-20 13:43:00,363 - cyberbully - INFO - Step 2: Loading model and tokenizer...
2026-02-20 13:43:00,363 - cyberbully - INFO - Loading model 'all-MiniLM-L12-v2' with 6 labels (sbert=True)
2026-02-20 13:43:02,976 - cyberbully - INFO - SBERTClassifier: embedding_dim=384, hidden=256, num_labels=6
2026-02-20 13:43:03,277 - cyberbully - INFO - Step 3: Creating datasets...
2026-02-20 13:43:04,137 - cyberbully - INFO - Dataset sizes — train: 26499, val: 6625, test: 8282
2026-02-20 13:43:04,137 - cyberbully - INFO - Step 4: Training...
2026-02-20 13:43:04,179 - cyberbully - INFO - Starting training...
2026-02-20 13:46:53,948 - cyberbully - INFO - Training complete.
2026-02-20 13:46:53,948 - cyberbully - INFO - Step 5: Evaluating on test set...
2026-02-20 13:47:01,195 - cyberbully - INFO - Metrics saved to experiments/sbert-model/all-MiniLM-L12-v2/kaggle/prep1_aug0/seed_99511865/metrics.json
2026-02-20 13:47:01,195 - cyberbully - INFO - Confusion matrix saved to experiments/sbert-model/all-MiniLM-L12-v2/kaggle/prep1_aug0/seed_99511865/confusion_matrix.json
2026-02-20 13:47:01,307 - cyberbully - INFO - Confusion matrix figure saved to experiments/sbert-model/all-MiniLM-L12-v2/kaggle/prep1_aug0/seed_99511865/confusion_matrix.pdf
2026-02-20 13:47:01,307 - cyberbully - INFO - Accuracy: 0.8701
2026-02-20 13:47:01,307 - cyberbully - INFO - Weighted F1: 0.8699
2026-02-20 13:47:01,307 - cyberbully - INFO - Micro F1: 0.8701
2026-02-20 13:47:01,307 - cyberbully - INFO - Inference time: 2.94 seconds
2026-02-20 13:47:01,307 - cyberbully - INFO - Energy consumption: 0.000180 kWh
2026-02-20 13:47:01,307 - cyberbully - INFO - ============================================================
2026-02-20 13:47:01,307 - cyberbully - INFO - Pipeline complete. Results saved to: experiments/sbert-model/all-MiniLM-L12-v2/kaggle/prep1_aug0/seed_99511865
2026-02-20 13:47:01,307 - cyberbully - INFO - ============================================================
