2026-02-21 05:30:20,197 - cyberbully - INFO - ============================================================
2026-02-21 05:30:20,197 - cyberbully - INFO - Cyberbullying Detection Pipeline
2026-02-21 05:30:20,197 - cyberbully - INFO - ============================================================
2026-02-21 05:30:20,197 - cyberbully - INFO - Configuration:
2026-02-21 05:30:20,197 - cyberbully - INFO -   model          : all-mpnet-base-v2
2026-02-21 05:30:20,197 - cyberbully - INFO -   dataset        : tweeteval
2026-02-21 05:30:20,197 - cyberbully - INFO -   preprocess     : False
2026-02-21 05:30:20,197 - cyberbully - INFO -   augment        : True
2026-02-21 05:30:20,197 - cyberbully - INFO -   compute_attribution: False
2026-02-21 05:30:20,197 - cyberbully - INFO -   seed           : 70681460
2026-02-21 05:30:20,197 - cyberbully - INFO -   epochs         : 5
2026-02-21 05:30:20,197 - cyberbully - INFO -   batch_size     : 16
2026-02-21 05:30:20,197 - cyberbully - INFO -   lr             : 2e-05
2026-02-21 05:30:20,197 - cyberbully - INFO -   max_length     : 128
2026-02-21 05:30:20,197 - cyberbully - INFO -   output_dir     : sbert-model
2026-02-21 05:30:20,197 - cyberbully - INFO -   data_dir       : dataset
2026-02-21 05:30:20,197 - cyberbully - INFO -   sbert          : True
2026-02-21 05:30:20,197 - cyberbully - INFO -   overwrite      : False
2026-02-21 05:30:20,197 - cyberbully - INFO -   device         : cuda
2026-02-21 05:30:20,197 - cyberbully - INFO -   output_dir     : experiments/sbert-model/all-mpnet-base-v2/tweeteval/prep0_aug1/seed_70681460
2026-02-21 05:30:20,197 - cyberbully - INFO - ============================================================
2026-02-21 05:30:20,197 - cyberbully - INFO - Step 1: Preparing data...
2026-02-21 05:30:20,197 - cyberbully - INFO - Loading dataset 'tweeteval' from dataset/Tweeteval.csv
2026-02-21 05:30:20,269 - cyberbully - INFO - Loaded 50759 samples with 5 classes: ['emotion', 'hate', 'offensive', 'religion', 'spiritual']
2026-02-21 05:30:20,271 - cyberbully - INFO - Label mapping: {'emotion': 0, 'hate': 1, 'offensive': 2, 'religion': 3, 'spiritual': 4}
2026-02-21 05:30:20,284 - cyberbully - INFO - Split sizes — train: 32485, val: 8122, test: 10152
2026-02-21 05:30:20,284 - cyberbully - INFO - Applying training data augmentation (oversampling)...
2026-02-21 05:30:20,291 - cyberbully - INFO - After oversampling — class distribution: {0: 8985, 1: 8985, 2: 8985, 3: 8985, 4: 8985}
2026-02-21 05:30:20,292 - cyberbully - INFO - Number of classes: 5
2026-02-21 05:30:20,295 - cyberbully - INFO - Step 2: Loading model and tokenizer...
2026-02-21 05:30:20,295 - cyberbully - INFO - Loading model 'all-mpnet-base-v2' with 5 labels (sbert=True)
2026-02-21 05:30:22,923 - cyberbully - INFO - SBERTClassifier: embedding_dim=768, hidden=256, num_labels=5
2026-02-21 05:30:23,217 - cyberbully - INFO - Step 3: Creating datasets...
2026-02-21 05:30:24,181 - cyberbully - INFO - Dataset sizes — train: 44925, val: 8122, test: 10152
2026-02-21 05:30:24,181 - cyberbully - INFO - Step 4: Training...
2026-02-21 05:30:24,224 - cyberbully - INFO - Starting training...
2026-02-21 05:45:03,160 - cyberbully - INFO - Training complete.
2026-02-21 05:45:03,160 - cyberbully - INFO - Step 5: Evaluating on test set...
2026-02-21 05:45:15,715 - cyberbully - INFO - Metrics saved to experiments/sbert-model/all-mpnet-base-v2/tweeteval/prep0_aug1/seed_70681460/metrics.json
2026-02-21 05:45:15,715 - cyberbully - INFO - Confusion matrix saved to experiments/sbert-model/all-mpnet-base-v2/tweeteval/prep0_aug1/seed_70681460/confusion_matrix.json
2026-02-21 05:45:15,817 - cyberbully - INFO - Confusion matrix figure saved to experiments/sbert-model/all-mpnet-base-v2/tweeteval/prep0_aug1/seed_70681460/confusion_matrix.pdf
2026-02-21 05:45:15,817 - cyberbully - INFO - Accuracy: 0.9727
2026-02-21 05:45:15,817 - cyberbully - INFO - Weighted F1: 0.9726
2026-02-21 05:45:15,817 - cyberbully - INFO - Micro F1: 0.9727
2026-02-21 05:45:15,817 - cyberbully - INFO - Inference time: 8.23 seconds
2026-02-21 05:45:15,817 - cyberbully - INFO - Energy consumption: 0.000534 kWh
2026-02-21 05:45:15,817 - cyberbully - INFO - ============================================================
2026-02-21 05:45:15,817 - cyberbully - INFO - Pipeline complete. Results saved to: experiments/sbert-model/all-mpnet-base-v2/tweeteval/prep0_aug1/seed_70681460
2026-02-21 05:45:15,818 - cyberbully - INFO - ============================================================
