2026-02-13 08:15:02,353 - cyberbully - INFO - ============================================================
2026-02-13 08:15:02,354 - cyberbully - INFO - Cyberbullying Detection Pipeline
2026-02-13 08:15:02,354 - cyberbully - INFO - ============================================================
2026-02-13 08:15:02,354 - cyberbully - INFO - Configuration:
2026-02-13 08:15:02,354 - cyberbully - INFO -   model          : roberta-base
2026-02-13 08:15:02,354 - cyberbully - INFO -   dataset        : ieee
2026-02-13 08:15:02,354 - cyberbully - INFO -   preprocess     : False
2026-02-13 08:15:02,354 - cyberbully - INFO -   augment        : False
2026-02-13 08:15:02,354 - cyberbully - INFO -   compute_attribution: False
2026-02-13 08:15:02,354 - cyberbully - INFO -   seed           : 52680723
2026-02-13 08:15:02,354 - cyberbully - INFO -   epochs         : 5
2026-02-13 08:15:02,354 - cyberbully - INFO -   batch_size     : 16
2026-02-13 08:15:02,354 - cyberbully - INFO -   lr             : 2e-05
2026-02-13 08:15:02,354 - cyberbully - INFO -   max_length     : 128
2026-02-13 08:15:02,354 - cyberbully - INFO -   output_dir     : experiments
2026-02-13 08:15:02,354 - cyberbully - INFO -   data_dir       : dataset
2026-02-13 08:15:02,354 - cyberbully - INFO -   overwrite      : False
2026-02-13 08:15:02,354 - cyberbully - INFO -   device         : cuda
2026-02-13 08:15:02,354 - cyberbully - INFO -   output_dir     : experiments/roberta-base/ieee/prep0_aug0/seed_52680723
2026-02-13 08:15:02,354 - cyberbully - INFO - ============================================================
2026-02-13 08:15:02,354 - cyberbully - INFO - Step 1: Preparing data...
2026-02-13 08:15:02,354 - cyberbully - INFO - Loading dataset 'ieee' from dataset/IEEE Data Port.csv
2026-02-13 08:15:02,361 - cyberbully - INFO - Loaded 2108 samples with 5 classes: ['Cyberstalking', 'Doxing', 'Revenge Porn', 'Sexual Harassment', 'Slut Shaming']
2026-02-13 08:15:02,361 - cyberbully - INFO - Label mapping: {'Cyberstalking': 0, 'Doxing': 1, 'Revenge Porn': 2, 'Sexual Harassment': 3, 'Slut Shaming': 4}
2026-02-13 08:15:02,363 - cyberbully - INFO - Split sizes — train: 1348, val: 338, test: 422
2026-02-13 08:15:02,363 - cyberbully - INFO - Number of classes: 5
2026-02-13 08:15:02,363 - cyberbully - INFO - Step 2: Loading model and tokenizer...
2026-02-13 08:15:02,363 - cyberbully - INFO - Loading model 'roberta-base' with 5 labels
2026-02-13 08:15:03,102 - cyberbully - INFO - Step 3: Tokenizing datasets...
2026-02-13 08:15:03,132 - cyberbully - INFO - Dataset sizes — train: 1348, val: 338, test: 422
2026-02-13 08:15:03,132 - cyberbully - INFO - Step 4: Training...
2026-02-13 08:15:03,349 - cyberbully - INFO - Starting training...
2026-02-13 08:15:31,045 - cyberbully - INFO - Training complete.
2026-02-13 08:15:31,045 - cyberbully - INFO - Step 5: Evaluating on test set...
2026-02-13 08:15:35,625 - cyberbully - INFO - Metrics saved to experiments/roberta-base/ieee/prep0_aug0/seed_52680723/metrics.json
2026-02-13 08:15:35,625 - cyberbully - INFO - Confusion matrix saved to experiments/roberta-base/ieee/prep0_aug0/seed_52680723/confusion_matrix.json
2026-02-13 08:15:35,727 - cyberbully - INFO - Confusion matrix figure saved to experiments/roberta-base/ieee/prep0_aug0/seed_52680723/confusion_matrix.pdf
2026-02-13 08:15:35,727 - cyberbully - INFO - Accuracy: 0.8649
2026-02-13 08:15:35,727 - cyberbully - INFO - Weighted F1: 0.8629
2026-02-13 08:15:35,727 - cyberbully - INFO - Micro F1: 0.8649
2026-02-13 08:15:35,727 - cyberbully - INFO - Inference time: 0.32 seconds
2026-02-13 08:15:35,727 - cyberbully - INFO - Energy consumption: 0.000015 kWh
2026-02-13 08:15:35,727 - cyberbully - INFO - ============================================================
2026-02-13 08:15:35,727 - cyberbully - INFO - Pipeline complete. Results saved to: experiments/roberta-base/ieee/prep0_aug0/seed_52680723
2026-02-13 08:15:35,727 - cyberbully - INFO - ============================================================
