2026-03-24 05:15:49,981 - cyberbully - INFO - ============================================================
2026-03-24 05:15:49,981 - cyberbully - INFO - Cyberbullying Detection Pipeline
2026-03-24 05:15:49,981 - cyberbully - INFO - ============================================================
2026-03-24 05:15:49,981 - cyberbully - INFO - Configuration:
2026-03-24 05:15:49,981 - cyberbully - INFO -   model          : distilbert-base-uncased
2026-03-24 05:15:49,981 - cyberbully - INFO -   dataset        : kaggle
2026-03-24 05:15:49,981 - cyberbully - INFO -   preprocess     : False
2026-03-24 05:15:49,981 - cyberbully - INFO -   augment        : False
2026-03-24 05:15:49,981 - cyberbully - INFO -   compute_attribution: False
2026-03-24 05:15:49,981 - cyberbully - INFO -   seed           : 37622020
2026-03-24 05:15:49,981 - cyberbully - INFO -   epochs         : 10
2026-03-24 05:15:49,981 - cyberbully - INFO -   batch_size     : 32
2026-03-24 05:15:49,981 - cyberbully - INFO -   lr             : 5e-05
2026-03-24 05:15:49,981 - cyberbully - INFO -   max_length     : 128
2026-03-24 05:15:49,981 - cyberbully - INFO -   output_dir     : grid-search
2026-03-24 05:15:49,981 - cyberbully - INFO -   data_dir       : dataset
2026-03-24 05:15:49,981 - cyberbully - INFO -   sbert          : False
2026-03-24 05:15:49,981 - cyberbully - INFO -   supcon         : False
2026-03-24 05:15:49,981 - cyberbully - INFO -   supcon_weight  : 0.1
2026-03-24 05:15:49,981 - cyberbully - INFO -   proj_dim       : 128
2026-03-24 05:15:49,981 - cyberbully - INFO -   grad_accum_steps: 1
2026-03-24 05:15:49,981 - cyberbully - INFO -   overwrite      : False
2026-03-24 05:15:49,981 - cyberbully - INFO -   device         : cuda
2026-03-24 05:15:49,981 - cyberbully - INFO -   output_dir     : experiments/grid-search/distilbert-base-uncased/kaggle/prep0_aug0/seed_37622020
2026-03-24 05:15:49,981 - cyberbully - INFO - ============================================================
2026-03-24 05:15:49,981 - cyberbully - INFO - Step 1: Preparing data...
2026-03-24 05:15:50,031 - cyberbully - INFO - Loaded pre-split data from dataset/kaggle — train: 25604, val: 6401, test: 8002
2026-03-24 05:15:50,031 - cyberbully - INFO - Label mapping: {'age': 0, 'ethnicity': 1, 'gender': 2, 'other_cyberbullying': 3, 'religion': 4}
2026-03-24 05:15:50,043 - cyberbully - INFO - Number of classes: 5
2026-03-24 05:15:50,044 - cyberbully - INFO - Step 2: Loading model and tokenizer...
2026-03-24 05:15:50,044 - cyberbully - INFO - Loading model 'distilbert-base-uncased' with 5 labels (sbert=False, supcon=False)
2026-03-24 05:15:50,725 - cyberbully - INFO - Step 3: Creating datasets...
2026-03-24 05:15:51,352 - cyberbully - INFO - Dataset sizes — train: 25604, val: 6401, test: 8002
2026-03-24 05:15:51,352 - cyberbully - INFO - Step 4: Training...
2026-03-24 05:15:51,553 - cyberbully - INFO - Starting training...
2026-03-24 05:22:26,397 - cyberbully - INFO - Training complete.
2026-03-24 05:22:26,436 - cyberbully - INFO - Removed checkpoint: experiments/grid-search/distilbert-base-uncased/kaggle/prep0_aug0/seed_37622020/checkpoint-5607
2026-03-24 05:22:26,481 - cyberbully - INFO - Removed checkpoint: experiments/grid-search/distilbert-base-uncased/kaggle/prep0_aug0/seed_37622020/checkpoint-8010
2026-03-24 05:22:26,520 - cyberbully - INFO - Removed checkpoint: experiments/grid-search/distilbert-base-uncased/kaggle/prep0_aug0/seed_37622020/checkpoint-6408
2026-03-24 05:22:26,560 - cyberbully - INFO - Removed checkpoint: experiments/grid-search/distilbert-base-uncased/kaggle/prep0_aug0/seed_37622020/checkpoint-1602
2026-03-24 05:22:26,600 - cyberbully - INFO - Removed checkpoint: experiments/grid-search/distilbert-base-uncased/kaggle/prep0_aug0/seed_37622020/checkpoint-3204
2026-03-24 05:22:26,638 - cyberbully - INFO - Removed checkpoint: experiments/grid-search/distilbert-base-uncased/kaggle/prep0_aug0/seed_37622020/checkpoint-7209
2026-03-24 05:22:26,677 - cyberbully - INFO - Removed checkpoint: experiments/grid-search/distilbert-base-uncased/kaggle/prep0_aug0/seed_37622020/checkpoint-4005
2026-03-24 05:22:26,717 - cyberbully - INFO - Removed checkpoint: experiments/grid-search/distilbert-base-uncased/kaggle/prep0_aug0/seed_37622020/checkpoint-4806
2026-03-24 05:22:26,758 - cyberbully - INFO - Removed checkpoint: experiments/grid-search/distilbert-base-uncased/kaggle/prep0_aug0/seed_37622020/checkpoint-801
2026-03-24 05:22:26,799 - cyberbully - INFO - Removed checkpoint: experiments/grid-search/distilbert-base-uncased/kaggle/prep0_aug0/seed_37622020/checkpoint-2403
2026-03-24 05:22:26,799 - cyberbully - INFO - Step 5: Evaluating on test set...
2026-03-24 05:22:34,080 - cyberbully - INFO - Metrics saved to experiments/grid-search/distilbert-base-uncased/kaggle/prep0_aug0/seed_37622020/metrics.json
2026-03-24 05:22:34,080 - cyberbully - INFO - Confusion matrix saved to experiments/grid-search/distilbert-base-uncased/kaggle/prep0_aug0/seed_37622020/confusion_matrix.json
2026-03-24 05:22:34,158 - cyberbully - INFO - Per-sample predictions saved to experiments/grid-search/distilbert-base-uncased/kaggle/prep0_aug0/seed_37622020/predictions.json
2026-03-24 05:22:34,260 - cyberbully - INFO - Confusion matrix figure saved to experiments/grid-search/distilbert-base-uncased/kaggle/prep0_aug0/seed_37622020/confusion_matrix.pdf
2026-03-24 05:22:34,260 - cyberbully - INFO - Accuracy: 0.9551
2026-03-24 05:22:34,260 - cyberbully - INFO - Weighted F1: 0.9554
2026-03-24 05:22:34,260 - cyberbully - INFO - Micro F1: 0.9551
2026-03-24 05:22:34,260 - cyberbully - INFO - Inference time: 2.99 seconds
2026-03-24 05:22:34,260 - cyberbully - INFO - Energy consumption: 0.000200 kWh
2026-03-24 05:22:34,262 - cyberbully - INFO - ============================================================
2026-03-24 05:22:34,262 - cyberbully - INFO - Pipeline complete. Results saved to: experiments/grid-search/distilbert-base-uncased/kaggle/prep0_aug0/seed_37622020
2026-03-24 05:22:34,262 - cyberbully - INFO - ============================================================
