2026-03-20 15:59:01,629 - cyberbully - INFO - ============================================================
2026-03-20 15:59:01,630 - cyberbully - INFO - Cyberbullying Detection Pipeline
2026-03-20 15:59:01,630 - cyberbully - INFO - ============================================================
2026-03-20 15:59:01,630 - cyberbully - INFO - Configuration:
2026-03-20 15:59:01,630 - cyberbully - INFO -   model          : bert-base-cased
2026-03-20 15:59:01,630 - cyberbully - INFO -   dataset        : ieee
2026-03-20 15:59:01,630 - cyberbully - INFO -   preprocess     : True
2026-03-20 15:59:01,630 - cyberbully - INFO -   augment        : False
2026-03-20 15:59:01,630 - cyberbully - INFO -   compute_attribution: False
2026-03-20 15:59:01,630 - cyberbully - INFO -   seed           : 24677315
2026-03-20 15:59:01,630 - cyberbully - INFO -   epochs         : 10
2026-03-20 15:59:01,630 - cyberbully - INFO -   batch_size     : 32
2026-03-20 15:59:01,630 - cyberbully - INFO -   lr             : 5e-05
2026-03-20 15:59:01,630 - cyberbully - INFO -   max_length     : 128
2026-03-20 15:59:01,630 - cyberbully - INFO -   output_dir     : grid-search
2026-03-20 15:59:01,630 - cyberbully - INFO -   data_dir       : dataset
2026-03-20 15:59:01,630 - cyberbully - INFO -   sbert          : False
2026-03-20 15:59:01,630 - cyberbully - INFO -   supcon         : False
2026-03-20 15:59:01,630 - cyberbully - INFO -   supcon_weight  : 0.1
2026-03-20 15:59:01,630 - cyberbully - INFO -   proj_dim       : 128
2026-03-20 15:59:01,630 - cyberbully - INFO -   grad_accum_steps: 1
2026-03-20 15:59:01,630 - cyberbully - INFO -   overwrite      : False
2026-03-20 15:59:01,630 - cyberbully - INFO -   device         : cuda
2026-03-20 15:59:01,630 - cyberbully - INFO -   output_dir     : experiments/grid-search/bert-base-cased/ieee/prep1_aug0/seed_24677315
2026-03-20 15:59:01,630 - cyberbully - INFO - ============================================================
2026-03-20 15:59:01,630 - cyberbully - INFO - Step 1: Preparing data...
2026-03-20 15:59:01,633 - cyberbully - INFO - Loaded pre-split data from dataset/ieee — train: 1348, val: 338, test: 422
2026-03-20 15:59:01,633 - cyberbully - INFO - Label mapping: {'Cyberstalking': 0, 'Doxing': 1, 'Revenge Porn': 2, 'Sexual Harassment': 3, 'Slut Shaming': 4}
2026-03-20 15:59:01,633 - cyberbully - INFO - Applying text preprocessing per split...
2026-03-20 15:59:04,700 - cyberbully - INFO - After preprocessing — train: 1172, val: 304, test: 378
2026-03-20 15:59:04,702 - cyberbully - INFO - Number of classes: 5
2026-03-20 15:59:04,703 - cyberbully - INFO - Step 2: Loading model and tokenizer...
2026-03-20 15:59:04,703 - cyberbully - INFO - Loading model 'bert-base-cased' with 5 labels (sbert=False, supcon=False)
2026-03-20 15:59:05,430 - cyberbully - INFO - Step 3: Creating datasets...
2026-03-20 15:59:05,458 - cyberbully - INFO - Dataset sizes — train: 1172, val: 304, test: 378
2026-03-20 15:59:05,458 - cyberbully - INFO - Step 4: Training...
2026-03-20 15:59:05,683 - cyberbully - INFO - Starting training...
2026-03-20 15:59:55,943 - cyberbully - INFO - Training complete.
2026-03-20 15:59:57,091 - cyberbully - INFO - Removed checkpoint: experiments/grid-search/bert-base-cased/ieee/prep1_aug0/seed_24677315/checkpoint-111
2026-03-20 15:59:57,171 - cyberbully - INFO - Removed checkpoint: experiments/grid-search/bert-base-cased/ieee/prep1_aug0/seed_24677315/checkpoint-370
2026-03-20 15:59:57,242 - cyberbully - INFO - Removed checkpoint: experiments/grid-search/bert-base-cased/ieee/prep1_aug0/seed_24677315/checkpoint-37
2026-03-20 15:59:58,146 - cyberbully - INFO - Removed checkpoint: experiments/grid-search/bert-base-cased/ieee/prep1_aug0/seed_24677315/checkpoint-148
2026-03-20 15:59:58,218 - cyberbully - INFO - Removed checkpoint: experiments/grid-search/bert-base-cased/ieee/prep1_aug0/seed_24677315/checkpoint-296
2026-03-20 15:59:58,290 - cyberbully - INFO - Removed checkpoint: experiments/grid-search/bert-base-cased/ieee/prep1_aug0/seed_24677315/checkpoint-333
2026-03-20 15:59:59,215 - cyberbully - INFO - Removed checkpoint: experiments/grid-search/bert-base-cased/ieee/prep1_aug0/seed_24677315/checkpoint-185
2026-03-20 15:59:59,289 - cyberbully - INFO - Removed checkpoint: experiments/grid-search/bert-base-cased/ieee/prep1_aug0/seed_24677315/checkpoint-222
2026-03-20 15:59:59,363 - cyberbully - INFO - Removed checkpoint: experiments/grid-search/bert-base-cased/ieee/prep1_aug0/seed_24677315/checkpoint-259
2026-03-20 16:00:00,227 - cyberbully - INFO - Removed checkpoint: experiments/grid-search/bert-base-cased/ieee/prep1_aug0/seed_24677315/checkpoint-74
2026-03-20 16:00:00,228 - cyberbully - INFO - Step 5: Evaluating on test set...
2026-03-20 16:00:04,741 - cyberbully - INFO - Metrics saved to experiments/grid-search/bert-base-cased/ieee/prep1_aug0/seed_24677315/metrics.json
2026-03-20 16:00:04,742 - cyberbully - INFO - Confusion matrix saved to experiments/grid-search/bert-base-cased/ieee/prep1_aug0/seed_24677315/confusion_matrix.json
2026-03-20 16:00:04,745 - cyberbully - INFO - Per-sample predictions saved to experiments/grid-search/bert-base-cased/ieee/prep1_aug0/seed_24677315/predictions.json
2026-03-20 16:00:04,844 - cyberbully - INFO - Confusion matrix figure saved to experiments/grid-search/bert-base-cased/ieee/prep1_aug0/seed_24677315/confusion_matrix.pdf
2026-03-20 16:00:04,844 - cyberbully - INFO - Accuracy: 0.7804
2026-03-20 16:00:04,844 - cyberbully - INFO - Weighted F1: 0.7822
2026-03-20 16:00:04,844 - cyberbully - INFO - Micro F1: 0.7804
2026-03-20 16:00:04,845 - cyberbully - INFO - Inference time: 0.28 seconds
2026-03-20 16:00:04,845 - cyberbully - INFO - Energy consumption: 0.000016 kWh
2026-03-20 16:00:04,845 - cyberbully - INFO - ============================================================
2026-03-20 16:00:04,845 - cyberbully - INFO - Pipeline complete. Results saved to: experiments/grid-search/bert-base-cased/ieee/prep1_aug0/seed_24677315
2026-03-20 16:00:04,845 - cyberbully - INFO - ============================================================
