2026-03-25 08:48:57,699 - cyberbully - INFO - ============================================================
2026-03-25 08:48:57,699 - cyberbully - INFO - Cyberbullying Detection Pipeline
2026-03-25 08:48:57,699 - cyberbully - INFO - ============================================================
2026-03-25 08:48:57,699 - cyberbully - INFO - Configuration:
2026-03-25 08:48:57,699 - cyberbully - INFO -   model          : GroNLP/hateBERT
2026-03-25 08:48:57,699 - cyberbully - INFO -   dataset        : kaggle
2026-03-25 08:48:57,699 - cyberbully - INFO -   preprocess     : False
2026-03-25 08:48:57,699 - cyberbully - INFO -   augment        : True
2026-03-25 08:48:57,699 - cyberbully - INFO -   compute_attribution: False
2026-03-25 08:48:57,699 - cyberbully - INFO -   seed           : 14298463
2026-03-25 08:48:57,699 - cyberbully - INFO -   epochs         : 10
2026-03-25 08:48:57,699 - cyberbully - INFO -   batch_size     : 32
2026-03-25 08:48:57,699 - cyberbully - INFO -   lr             : 5e-05
2026-03-25 08:48:57,699 - cyberbully - INFO -   max_length     : 128
2026-03-25 08:48:57,699 - cyberbully - INFO -   output_dir     : grid-search
2026-03-25 08:48:57,700 - cyberbully - INFO -   data_dir       : dataset
2026-03-25 08:48:57,700 - cyberbully - INFO -   sbert          : False
2026-03-25 08:48:57,700 - cyberbully - INFO -   supcon         : False
2026-03-25 08:48:57,700 - cyberbully - INFO -   supcon_weight  : 0.1
2026-03-25 08:48:57,700 - cyberbully - INFO -   proj_dim       : 128
2026-03-25 08:48:57,700 - cyberbully - INFO -   grad_accum_steps: 1
2026-03-25 08:48:57,700 - cyberbully - INFO -   overwrite      : False
2026-03-25 08:48:57,700 - cyberbully - INFO -   device         : cuda
2026-03-25 08:48:57,700 - cyberbully - INFO -   output_dir     : experiments/grid-search/GroNLP_hateBERT/kaggle/prep0_aug1/seed_14298463
2026-03-25 08:48:57,700 - cyberbully - INFO - ============================================================
2026-03-25 08:48:57,700 - cyberbully - INFO - Step 1: Preparing data...
2026-03-25 08:48:57,745 - cyberbully - INFO - Loaded pre-split data from dataset/kaggle — train: 25604, val: 6401, test: 8002
2026-03-25 08:48:57,745 - cyberbully - INFO - Label mapping: {'age': 0, 'ethnicity': 1, 'gender': 2, 'other_cyberbullying': 3, 'religion': 4}
2026-03-25 08:48:57,747 - cyberbully - INFO - Applying training data augmentation (oversampling)...
2026-03-25 08:48:57,752 - cyberbully - INFO - After oversampling — class distribution: {0: 5123, 1: 5123, 2: 5123, 3: 5123, 4: 5123}
2026-03-25 08:48:57,760 - cyberbully - INFO - Number of classes: 5
2026-03-25 08:48:57,761 - cyberbully - INFO - Step 2: Loading model and tokenizer...
2026-03-25 08:48:57,761 - cyberbully - INFO - Loading model 'GroNLP/hateBERT' with 5 labels (sbert=False, supcon=False)
2026-03-25 08:48:58,554 - cyberbully - INFO - Step 3: Creating datasets...
2026-03-25 08:48:59,230 - cyberbully - INFO - Dataset sizes — train: 25615, val: 6401, test: 8002
2026-03-25 08:48:59,230 - cyberbully - INFO - Step 4: Training...
2026-03-25 08:48:59,351 - cyberbully - INFO - Starting training...
2026-03-25 08:57:46,254 - cyberbully - INFO - Training complete.
2026-03-25 08:57:46,331 - cyberbully - INFO - Removed checkpoint: experiments/grid-search/GroNLP_hateBERT/kaggle/prep0_aug1/seed_14298463/checkpoint-4806
2026-03-25 08:57:46,408 - cyberbully - INFO - Removed checkpoint: experiments/grid-search/GroNLP_hateBERT/kaggle/prep0_aug1/seed_14298463/checkpoint-7209
2026-03-25 08:57:46,485 - cyberbully - INFO - Removed checkpoint: experiments/grid-search/GroNLP_hateBERT/kaggle/prep0_aug1/seed_14298463/checkpoint-6408
2026-03-25 08:57:46,563 - cyberbully - INFO - Removed checkpoint: experiments/grid-search/GroNLP_hateBERT/kaggle/prep0_aug1/seed_14298463/checkpoint-5607
2026-03-25 08:57:46,639 - cyberbully - INFO - Removed checkpoint: experiments/grid-search/GroNLP_hateBERT/kaggle/prep0_aug1/seed_14298463/checkpoint-8010
2026-03-25 08:57:46,717 - cyberbully - INFO - Removed checkpoint: experiments/grid-search/GroNLP_hateBERT/kaggle/prep0_aug1/seed_14298463/checkpoint-3204
2026-03-25 08:57:46,801 - cyberbully - INFO - Removed checkpoint: experiments/grid-search/GroNLP_hateBERT/kaggle/prep0_aug1/seed_14298463/checkpoint-1602
2026-03-25 08:57:46,887 - cyberbully - INFO - Removed checkpoint: experiments/grid-search/GroNLP_hateBERT/kaggle/prep0_aug1/seed_14298463/checkpoint-801
2026-03-25 08:57:46,967 - cyberbully - INFO - Removed checkpoint: experiments/grid-search/GroNLP_hateBERT/kaggle/prep0_aug1/seed_14298463/checkpoint-2403
2026-03-25 08:57:47,045 - cyberbully - INFO - Removed checkpoint: experiments/grid-search/GroNLP_hateBERT/kaggle/prep0_aug1/seed_14298463/checkpoint-4005
2026-03-25 08:57:47,045 - cyberbully - INFO - Step 5: Evaluating on test set...
2026-03-25 08:57:55,571 - cyberbully - INFO - Metrics saved to experiments/grid-search/GroNLP_hateBERT/kaggle/prep0_aug1/seed_14298463/metrics.json
2026-03-25 08:57:55,571 - cyberbully - INFO - Confusion matrix saved to experiments/grid-search/GroNLP_hateBERT/kaggle/prep0_aug1/seed_14298463/confusion_matrix.json
2026-03-25 08:57:55,654 - cyberbully - INFO - Per-sample predictions saved to experiments/grid-search/GroNLP_hateBERT/kaggle/prep0_aug1/seed_14298463/predictions.json
2026-03-25 08:57:55,758 - cyberbully - INFO - Confusion matrix figure saved to experiments/grid-search/GroNLP_hateBERT/kaggle/prep0_aug1/seed_14298463/confusion_matrix.pdf
2026-03-25 08:57:55,758 - cyberbully - INFO - Accuracy: 0.9569
2026-03-25 08:57:55,758 - cyberbully - INFO - Weighted F1: 0.9570
2026-03-25 08:57:55,758 - cyberbully - INFO - Micro F1: 0.9569
2026-03-25 08:57:55,758 - cyberbully - INFO - Inference time: 3.30 seconds
2026-03-25 08:57:55,758 - cyberbully - INFO - Energy consumption: 0.000183 kWh
2026-03-25 08:57:55,759 - cyberbully - INFO - ============================================================
2026-03-25 08:57:55,759 - cyberbully - INFO - Pipeline complete. Results saved to: experiments/grid-search/GroNLP_hateBERT/kaggle/prep0_aug1/seed_14298463
2026-03-25 08:57:55,759 - cyberbully - INFO - ============================================================
