2026-02-11 13:52:11,329 - cyberbully - INFO - ============================================================
2026-02-11 13:52:11,329 - cyberbully - INFO - Cyberbullying Detection Pipeline
2026-02-11 13:52:11,329 - cyberbully - INFO - ============================================================
2026-02-11 13:52:11,329 - cyberbully - INFO - Configuration:
2026-02-11 13:52:11,329 - cyberbully - INFO -   model          : distilbert-base-uncased
2026-02-11 13:52:11,329 - cyberbully - INFO -   dataset        : tweeteval
2026-02-11 13:52:11,329 - cyberbully - INFO -   preprocess     : True
2026-02-11 13:52:11,329 - cyberbully - INFO -   augment        : False
2026-02-11 13:52:11,329 - cyberbully - INFO -   compute_attribution: False
2026-02-11 13:52:11,329 - cyberbully - INFO -   seed           : 24677315
2026-02-11 13:52:11,329 - cyberbully - INFO -   epochs         : 5
2026-02-11 13:52:11,329 - cyberbully - INFO -   batch_size     : 16
2026-02-11 13:52:11,329 - cyberbully - INFO -   lr             : 2e-05
2026-02-11 13:52:11,329 - cyberbully - INFO -   max_length     : 128
2026-02-11 13:52:11,329 - cyberbully - INFO -   output_dir     : experiments
2026-02-11 13:52:11,329 - cyberbully - INFO -   data_dir       : dataset
2026-02-11 13:52:11,329 - cyberbully - INFO -   overwrite      : False
2026-02-11 13:52:11,329 - cyberbully - INFO -   device         : cuda
2026-02-11 13:52:11,329 - cyberbully - INFO -   output_dir     : experiments/distilbert-base-uncased/tweeteval/prep1_aug0/seed_24677315
2026-02-11 13:52:11,329 - cyberbully - INFO - ============================================================
2026-02-11 13:52:11,329 - cyberbully - INFO - Step 1: Preparing data...
2026-02-11 13:52:11,329 - cyberbully - INFO - Loading dataset 'tweeteval' from dataset/Tweeteval.csv
2026-02-11 13:52:11,402 - cyberbully - INFO - Loaded 50759 samples with 5 classes: ['emotion', 'hate', 'offensive', 'religion', 'spiritual']
2026-02-11 13:52:11,402 - cyberbully - INFO - Applying text preprocessing...
2026-02-11 13:53:07,045 - cyberbully - INFO - After preprocessing: 47387 samples remain
2026-02-11 13:53:07,047 - cyberbully - INFO - Label mapping: {'emotion': 0, 'hate': 1, 'offensive': 2, 'religion': 3, 'spiritual': 4}
2026-02-11 13:53:07,060 - cyberbully - INFO - Split sizes — train: 30327, val: 7582, test: 9478
2026-02-11 13:53:07,060 - cyberbully - INFO - Number of classes: 5
2026-02-11 13:53:07,060 - cyberbully - INFO - Step 2: Loading model and tokenizer...
2026-02-11 13:53:07,060 - cyberbully - INFO - Loading model 'distilbert-base-uncased' with 5 labels
2026-02-11 13:53:07,754 - cyberbully - INFO - Step 3: Tokenizing datasets...
2026-02-11 13:53:08,462 - cyberbully - INFO - Dataset sizes — train: 30327, val: 7582, test: 9478
2026-02-11 13:53:08,463 - cyberbully - INFO - Step 4: Training...
2026-02-11 13:53:08,668 - cyberbully - INFO - Starting training...
2026-02-11 13:58:23,423 - cyberbully - INFO - Training complete.
2026-02-11 13:58:23,423 - cyberbully - INFO - Step 5: Evaluating on test set...
2026-02-11 13:58:31,725 - cyberbully - INFO - Metrics saved to experiments/distilbert-base-uncased/tweeteval/prep1_aug0/seed_24677315/metrics.json
2026-02-11 13:58:31,725 - cyberbully - INFO - Confusion matrix saved to experiments/distilbert-base-uncased/tweeteval/prep1_aug0/seed_24677315/confusion_matrix.json
2026-02-11 13:58:31,827 - cyberbully - INFO - Confusion matrix figure saved to experiments/distilbert-base-uncased/tweeteval/prep1_aug0/seed_24677315/confusion_matrix.pdf
2026-02-11 13:58:31,827 - cyberbully - INFO - Accuracy: 0.9442
2026-02-11 13:58:31,827 - cyberbully - INFO - Weighted F1: 0.9441
2026-02-11 13:58:31,827 - cyberbully - INFO - Micro F1: 0.9442
2026-02-11 13:58:31,827 - cyberbully - INFO - Inference time: 3.71 seconds
2026-02-11 13:58:31,827 - cyberbully - INFO - Energy consumption: 0.000219 kWh
2026-02-11 13:58:31,827 - cyberbully - INFO - ============================================================
2026-02-11 13:58:31,827 - cyberbully - INFO - Pipeline complete. Results saved to: experiments/distilbert-base-uncased/tweeteval/prep1_aug0/seed_24677315
2026-02-11 13:58:31,827 - cyberbully - INFO - ============================================================
