2026-02-20 09:29:41,461 - cyberbully - INFO - ============================================================
2026-02-20 09:29:41,461 - cyberbully - INFO - Cyberbullying Detection Pipeline
2026-02-20 09:29:41,461 - cyberbully - INFO - ============================================================
2026-02-20 09:29:41,461 - cyberbully - INFO - Configuration:
2026-02-20 09:29:41,461 - cyberbully - INFO -   model          : all-MiniLM-L6-v2
2026-02-20 09:29:41,461 - cyberbully - INFO -   dataset        : tweeteval
2026-02-20 09:29:41,461 - cyberbully - INFO -   preprocess     : False
2026-02-20 09:29:41,461 - cyberbully - INFO -   augment        : True
2026-02-20 09:29:41,461 - cyberbully - INFO -   compute_attribution: False
2026-02-20 09:29:41,461 - cyberbully - INFO -   seed           : 67351593
2026-02-20 09:29:41,461 - cyberbully - INFO -   epochs         : 5
2026-02-20 09:29:41,461 - cyberbully - INFO -   batch_size     : 16
2026-02-20 09:29:41,461 - cyberbully - INFO -   lr             : 2e-05
2026-02-20 09:29:41,461 - cyberbully - INFO -   max_length     : 128
2026-02-20 09:29:41,461 - cyberbully - INFO -   output_dir     : sbert-model
2026-02-20 09:29:41,461 - cyberbully - INFO -   data_dir       : dataset
2026-02-20 09:29:41,461 - cyberbully - INFO -   sbert          : True
2026-02-20 09:29:41,461 - cyberbully - INFO -   overwrite      : False
2026-02-20 09:29:41,461 - cyberbully - INFO -   device         : cuda
2026-02-20 09:29:41,461 - cyberbully - INFO -   output_dir     : experiments/sbert-model/all-MiniLM-L6-v2/tweeteval/prep0_aug1/seed_67351593
2026-02-20 09:29:41,461 - cyberbully - INFO - ============================================================
2026-02-20 09:29:41,461 - cyberbully - INFO - Step 1: Preparing data...
2026-02-20 09:29:41,461 - cyberbully - INFO - Loading dataset 'tweeteval' from dataset/Tweeteval.csv
2026-02-20 09:29:41,536 - cyberbully - INFO - Loaded 50759 samples with 5 classes: ['emotion', 'hate', 'offensive', 'religion', 'spiritual']
2026-02-20 09:29:41,538 - cyberbully - INFO - Label mapping: {'emotion': 0, 'hate': 1, 'offensive': 2, 'religion': 3, 'spiritual': 4}
2026-02-20 09:29:41,552 - cyberbully - INFO - Split sizes — train: 32485, val: 8122, test: 10152
2026-02-20 09:29:41,552 - cyberbully - INFO - Applying training data augmentation (oversampling)...
2026-02-20 09:29:41,559 - cyberbully - INFO - After oversampling — class distribution: {0: 8985, 1: 8985, 2: 8985, 3: 8985, 4: 8985}
2026-02-20 09:29:41,560 - cyberbully - INFO - Number of classes: 5
2026-02-20 09:29:41,562 - cyberbully - INFO - Step 2: Loading model and tokenizer...
2026-02-20 09:29:41,562 - cyberbully - INFO - Loading model 'all-MiniLM-L6-v2' with 5 labels (sbert=True)
2026-02-20 09:29:44,335 - cyberbully - INFO - SBERTClassifier: embedding_dim=384, hidden=256, num_labels=5
2026-02-20 09:29:44,645 - cyberbully - INFO - Step 3: Creating datasets...
2026-02-20 09:29:45,974 - cyberbully - INFO - Dataset sizes — train: 44925, val: 8122, test: 10152
2026-02-20 09:29:45,974 - cyberbully - INFO - Step 4: Training...
2026-02-20 09:29:46,013 - cyberbully - INFO - Starting training...
2026-02-20 09:33:21,937 - cyberbully - INFO - Training complete.
2026-02-20 09:33:21,937 - cyberbully - INFO - Step 5: Evaluating on test set...
2026-02-20 09:33:28,261 - cyberbully - INFO - Metrics saved to experiments/sbert-model/all-MiniLM-L6-v2/tweeteval/prep0_aug1/seed_67351593/metrics.json
2026-02-20 09:33:28,261 - cyberbully - INFO - Confusion matrix saved to experiments/sbert-model/all-MiniLM-L6-v2/tweeteval/prep0_aug1/seed_67351593/confusion_matrix.json
2026-02-20 09:33:28,363 - cyberbully - INFO - Confusion matrix figure saved to experiments/sbert-model/all-MiniLM-L6-v2/tweeteval/prep0_aug1/seed_67351593/confusion_matrix.pdf
2026-02-20 09:33:28,363 - cyberbully - INFO - Accuracy: 0.9663
2026-02-20 09:33:28,363 - cyberbully - INFO - Weighted F1: 0.9664
2026-02-20 09:33:28,363 - cyberbully - INFO - Micro F1: 0.9663
2026-02-20 09:33:28,363 - cyberbully - INFO - Inference time: 1.97 seconds
2026-02-20 09:33:28,363 - cyberbully - INFO - Energy consumption: 0.000119 kWh
2026-02-20 09:33:28,363 - cyberbully - INFO - ============================================================
2026-02-20 09:33:28,363 - cyberbully - INFO - Pipeline complete. Results saved to: experiments/sbert-model/all-MiniLM-L6-v2/tweeteval/prep0_aug1/seed_67351593
2026-02-20 09:33:28,363 - cyberbully - INFO - ============================================================
