2026-04-16 01:44:22,236 - cyberbully - INFO - Model 'all-MiniLM-L12-v2' detected as SBERT-based. Using SBERTClassifier pipeline.
2026-04-16 01:44:22,236 - cyberbully - INFO - ============================================================
2026-04-16 01:44:22,236 - cyberbully - INFO - Cyberbullying Detection Pipeline
2026-04-16 01:44:22,236 - cyberbully - INFO - ============================================================
2026-04-16 01:44:22,236 - cyberbully - INFO - Configuration:
2026-04-16 01:44:22,236 - cyberbully - INFO -   model          : all-MiniLM-L12-v2
2026-04-16 01:44:22,236 - cyberbully - INFO -   dataset        : ieee
2026-04-16 01:44:22,236 - cyberbully - INFO -   preprocess     : False
2026-04-16 01:44:22,236 - cyberbully - INFO -   augment        : False
2026-04-16 01:44:22,236 - cyberbully - INFO -   compute_attribution: False
2026-04-16 01:44:22,236 - cyberbully - INFO -   seed           : 90995999
2026-04-16 01:44:22,236 - cyberbully - INFO -   epochs         : 10
2026-04-16 01:44:22,236 - cyberbully - INFO -   batch_size     : 32
2026-04-16 01:44:22,236 - cyberbully - INFO -   lr             : 5e-05
2026-04-16 01:44:22,236 - cyberbully - INFO -   max_length     : 128
2026-04-16 01:44:22,236 - cyberbully - INFO -   output_dir     : grid-search
2026-04-16 01:44:22,236 - cyberbully - INFO -   data_dir       : dataset
2026-04-16 01:44:22,236 - cyberbully - INFO -   sbert          : True
2026-04-16 01:44:22,236 - cyberbully - INFO -   supcon         : False
2026-04-16 01:44:22,236 - cyberbully - INFO -   supcon_weight  : 0.1
2026-04-16 01:44:22,236 - cyberbully - INFO -   proj_dim       : 128
2026-04-16 01:44:22,236 - cyberbully - INFO -   grad_accum_steps: 1
2026-04-16 01:44:22,236 - cyberbully - INFO -   overwrite      : False
2026-04-16 01:44:22,236 - cyberbully - INFO -   device         : cuda
2026-04-16 01:44:22,236 - cyberbully - INFO -   output_dir     : experiments/grid-search/all-MiniLM-L12-v2/ieee/prep0_aug0/seed_90995999
2026-04-16 01:44:22,236 - cyberbully - INFO - ============================================================
2026-04-16 01:44:22,236 - cyberbully - INFO - Step 1: Preparing data...
2026-04-16 01:44:22,240 - cyberbully - INFO - Loaded pre-split data from dataset/ieee — train: 1348, val: 338, test: 422
2026-04-16 01:44:22,240 - cyberbully - INFO - Label mapping: {'Cyberstalking': 0, 'Doxing': 1, 'Revenge Porn': 2, 'Sexual Harassment': 3, 'Slut Shaming': 4}
2026-04-16 01:44:22,242 - cyberbully - INFO - Number of classes: 5
2026-04-16 01:44:22,243 - cyberbully - INFO - Step 2: Loading model and tokenizer...
2026-04-16 01:44:22,243 - cyberbully - INFO - Loading model 'all-MiniLM-L12-v2' with 5 labels (sbert=True, supcon=False)
2026-04-16 01:44:26,150 - cyberbully - INFO - SBERTClassifier: embedding_dim=384, hidden=256, proj_dim=None, num_labels=5
2026-04-16 01:44:26,735 - cyberbully - INFO - Step 3: Creating datasets...
2026-04-16 01:44:26,776 - cyberbully - INFO - Dataset sizes — train: 1348, val: 338, test: 422
2026-04-16 01:44:26,776 - cyberbully - INFO - Step 4: Training...
2026-04-16 01:44:26,827 - cyberbully - INFO - Starting training...
2026-04-16 01:44:44,259 - cyberbully - INFO - Training complete.
2026-04-16 01:44:44,282 - cyberbully - INFO - Removed checkpoint: experiments/grid-search/all-MiniLM-L12-v2/ieee/prep0_aug0/seed_90995999/checkpoint-172
2026-04-16 01:44:44,305 - cyberbully - INFO - Removed checkpoint: experiments/grid-search/all-MiniLM-L12-v2/ieee/prep0_aug0/seed_90995999/checkpoint-258
2026-04-16 01:44:44,328 - cyberbully - INFO - Removed checkpoint: experiments/grid-search/all-MiniLM-L12-v2/ieee/prep0_aug0/seed_90995999/checkpoint-387
2026-04-16 01:44:44,350 - cyberbully - INFO - Removed checkpoint: experiments/grid-search/all-MiniLM-L12-v2/ieee/prep0_aug0/seed_90995999/checkpoint-43
2026-04-16 01:44:44,373 - cyberbully - INFO - Removed checkpoint: experiments/grid-search/all-MiniLM-L12-v2/ieee/prep0_aug0/seed_90995999/checkpoint-430
2026-04-16 01:44:44,396 - cyberbully - INFO - Removed checkpoint: experiments/grid-search/all-MiniLM-L12-v2/ieee/prep0_aug0/seed_90995999/checkpoint-301
2026-04-16 01:44:44,419 - cyberbully - INFO - Removed checkpoint: experiments/grid-search/all-MiniLM-L12-v2/ieee/prep0_aug0/seed_90995999/checkpoint-344
2026-04-16 01:44:44,443 - cyberbully - INFO - Removed checkpoint: experiments/grid-search/all-MiniLM-L12-v2/ieee/prep0_aug0/seed_90995999/checkpoint-129
2026-04-16 01:44:44,467 - cyberbully - INFO - Removed checkpoint: experiments/grid-search/all-MiniLM-L12-v2/ieee/prep0_aug0/seed_90995999/checkpoint-215
2026-04-16 01:44:44,491 - cyberbully - INFO - Removed checkpoint: experiments/grid-search/all-MiniLM-L12-v2/ieee/prep0_aug0/seed_90995999/checkpoint-86
2026-04-16 01:44:44,491 - cyberbully - INFO - Step 5: Evaluating on test set...
2026-04-16 01:44:49,203 - cyberbully - INFO - Metrics saved to experiments/grid-search/all-MiniLM-L12-v2/ieee/prep0_aug0/seed_90995999/metrics.json
2026-04-16 01:44:49,203 - cyberbully - INFO - Confusion matrix saved to experiments/grid-search/all-MiniLM-L12-v2/ieee/prep0_aug0/seed_90995999/confusion_matrix.json
2026-04-16 01:44:49,208 - cyberbully - INFO - Per-sample predictions saved to experiments/grid-search/all-MiniLM-L12-v2/ieee/prep0_aug0/seed_90995999/predictions.json
2026-04-16 01:44:49,310 - cyberbully - INFO - Confusion matrix figure saved to experiments/grid-search/all-MiniLM-L12-v2/ieee/prep0_aug0/seed_90995999/confusion_matrix.pdf
2026-04-16 01:44:49,310 - cyberbully - INFO - Accuracy: 0.8365
2026-04-16 01:44:49,310 - cyberbully - INFO - Weighted F1: 0.8366
2026-04-16 01:44:49,310 - cyberbully - INFO - Micro F1: 0.8365
2026-04-16 01:44:49,310 - cyberbully - INFO - Inference time: 0.11 seconds
2026-04-16 01:44:49,310 - cyberbully - INFO - Energy consumption: 0.000005 kWh
2026-04-16 01:44:49,310 - cyberbully - INFO - ============================================================
2026-04-16 01:44:49,310 - cyberbully - INFO - Pipeline complete. Results saved to: experiments/grid-search/all-MiniLM-L12-v2/ieee/prep0_aug0/seed_90995999
2026-04-16 01:44:49,310 - cyberbully - INFO - ============================================================
