2026-03-27 02:06:22,267 - cyberbully - INFO - Model 'all-distilroberta-v1' detected as SBERT-based. Using SBERTClassifier pipeline.
2026-03-27 02:06:22,267 - cyberbully - INFO - ============================================================
2026-03-27 02:06:22,267 - cyberbully - INFO - Cyberbullying Detection Pipeline
2026-03-27 02:06:22,267 - cyberbully - INFO - ============================================================
2026-03-27 02:06:22,267 - cyberbully - INFO - Configuration:
2026-03-27 02:06:22,267 - cyberbully - INFO -   model          : all-distilroberta-v1
2026-03-27 02:06:22,267 - cyberbully - INFO -   dataset        : tweeteval
2026-03-27 02:06:22,267 - cyberbully - INFO -   preprocess     : False
2026-03-27 02:06:22,267 - cyberbully - INFO -   augment        : False
2026-03-27 02:06:22,267 - cyberbully - INFO -   compute_attribution: False
2026-03-27 02:06:22,267 - cyberbully - INFO -   seed           : 43782163
2026-03-27 02:06:22,267 - cyberbully - INFO -   epochs         : 10
2026-03-27 02:06:22,267 - cyberbully - INFO -   batch_size     : 64
2026-03-27 02:06:22,268 - cyberbully - INFO -   lr             : 5e-05
2026-03-27 02:06:22,268 - cyberbully - INFO -   max_length     : 128
2026-03-27 02:06:22,268 - cyberbully - INFO -   output_dir     : supcon-grid
2026-03-27 02:06:22,268 - cyberbully - INFO -   data_dir       : dataset
2026-03-27 02:06:22,268 - cyberbully - INFO -   sbert          : True
2026-03-27 02:06:22,268 - cyberbully - INFO -   supcon         : False
2026-03-27 02:06:22,268 - cyberbully - INFO -   supcon_weight  : 0.1
2026-03-27 02:06:22,268 - cyberbully - INFO -   proj_dim       : 128
2026-03-27 02:06:22,268 - cyberbully - INFO -   grad_accum_steps: 1
2026-03-27 02:06:22,268 - cyberbully - INFO -   overwrite      : False
2026-03-27 02:06:22,268 - cyberbully - INFO -   device         : cuda
2026-03-27 02:06:22,268 - cyberbully - INFO -   output_dir     : experiments/supcon-grid/all-distilroberta-v1/tweeteval/prep0_aug0/seed_43782163
2026-03-27 02:06:22,268 - cyberbully - INFO - ============================================================
2026-03-27 02:06:22,268 - cyberbully - INFO - Step 1: Preparing data...
2026-03-27 02:06:22,316 - cyberbully - INFO - Loaded pre-split data from dataset/tweeteval — train: 32485, val: 8122, test: 10152
2026-03-27 02:06:22,316 - cyberbully - INFO - Label mapping: {'emotion': 0, 'hate': 1, 'offensive': 2, 'religion': 3, 'spiritual': 4}
2026-03-27 02:06:22,328 - cyberbully - INFO - Number of classes: 5
2026-03-27 02:06:22,329 - cyberbully - INFO - Step 2: Loading model and tokenizer...
2026-03-27 02:06:22,329 - cyberbully - INFO - Loading model 'all-distilroberta-v1' with 5 labels (sbert=True, supcon=False)
2026-03-27 02:06:26,674 - cyberbully - INFO - SBERTClassifier: embedding_dim=768, hidden=256, proj_dim=None, num_labels=5
2026-03-27 02:06:27,014 - cyberbully - INFO - Step 3: Creating datasets...
2026-03-27 02:06:27,765 - cyberbully - INFO - Dataset sizes — train: 32485, val: 8122, test: 10152
2026-03-27 02:06:27,766 - cyberbully - INFO - Step 4: Training...
2026-03-27 02:06:27,769 - cyberbully - INFO - Starting training...
2026-03-27 02:12:07,438 - cyberbully - INFO - Training complete.
2026-03-27 02:12:07,495 - cyberbully - INFO - Removed checkpoint: experiments/supcon-grid/all-distilroberta-v1/tweeteval/prep0_aug0/seed_43782163/checkpoint-2032
2026-03-27 02:12:07,553 - cyberbully - INFO - Removed checkpoint: experiments/supcon-grid/all-distilroberta-v1/tweeteval/prep0_aug0/seed_43782163/checkpoint-3048
2026-03-27 02:12:07,610 - cyberbully - INFO - Removed checkpoint: experiments/supcon-grid/all-distilroberta-v1/tweeteval/prep0_aug0/seed_43782163/checkpoint-5080
2026-03-27 02:12:07,668 - cyberbully - INFO - Removed checkpoint: experiments/supcon-grid/all-distilroberta-v1/tweeteval/prep0_aug0/seed_43782163/checkpoint-2540
2026-03-27 02:12:07,727 - cyberbully - INFO - Removed checkpoint: experiments/supcon-grid/all-distilroberta-v1/tweeteval/prep0_aug0/seed_43782163/checkpoint-3556
2026-03-27 02:12:07,788 - cyberbully - INFO - Removed checkpoint: experiments/supcon-grid/all-distilroberta-v1/tweeteval/prep0_aug0/seed_43782163/checkpoint-4064
2026-03-27 02:12:07,848 - cyberbully - INFO - Removed checkpoint: experiments/supcon-grid/all-distilroberta-v1/tweeteval/prep0_aug0/seed_43782163/checkpoint-1524
2026-03-27 02:12:07,907 - cyberbully - INFO - Removed checkpoint: experiments/supcon-grid/all-distilroberta-v1/tweeteval/prep0_aug0/seed_43782163/checkpoint-4572
2026-03-27 02:12:07,967 - cyberbully - INFO - Removed checkpoint: experiments/supcon-grid/all-distilroberta-v1/tweeteval/prep0_aug0/seed_43782163/checkpoint-1016
2026-03-27 02:12:08,030 - cyberbully - INFO - Removed checkpoint: experiments/supcon-grid/all-distilroberta-v1/tweeteval/prep0_aug0/seed_43782163/checkpoint-508
2026-03-27 02:12:08,030 - cyberbully - INFO - Step 5: Evaluating on test set...
2026-03-27 02:12:14,573 - cyberbully - INFO - Metrics saved to experiments/supcon-grid/all-distilroberta-v1/tweeteval/prep0_aug0/seed_43782163/metrics.json
2026-03-27 02:12:14,573 - cyberbully - INFO - Confusion matrix saved to experiments/supcon-grid/all-distilroberta-v1/tweeteval/prep0_aug0/seed_43782163/confusion_matrix.json
2026-03-27 02:12:14,676 - cyberbully - INFO - Per-sample predictions saved to experiments/supcon-grid/all-distilroberta-v1/tweeteval/prep0_aug0/seed_43782163/predictions.json
2026-03-27 02:12:14,780 - cyberbully - INFO - Confusion matrix figure saved to experiments/supcon-grid/all-distilroberta-v1/tweeteval/prep0_aug0/seed_43782163/confusion_matrix.pdf
2026-03-27 02:12:14,780 - cyberbully - INFO - Accuracy: 0.9766
2026-03-27 02:12:14,780 - cyberbully - INFO - Weighted F1: 0.9766
2026-03-27 02:12:14,780 - cyberbully - INFO - Micro F1: 0.9766
2026-03-27 02:12:14,780 - cyberbully - INFO - Inference time: 2.30 seconds
2026-03-27 02:12:14,780 - cyberbully - INFO - Energy consumption: 0.000123 kWh
2026-03-27 02:12:14,782 - cyberbully - INFO - ============================================================
2026-03-27 02:12:14,782 - cyberbully - INFO - Pipeline complete. Results saved to: experiments/supcon-grid/all-distilroberta-v1/tweeteval/prep0_aug0/seed_43782163
2026-03-27 02:12:14,782 - cyberbully - INFO - ============================================================
