2026-02-19 02:19:47,263 - cyberbully - INFO - ============================================================
2026-02-19 02:19:47,263 - cyberbully - INFO - Cyberbullying Detection Pipeline
2026-02-19 02:19:47,263 - cyberbully - INFO - ============================================================
2026-02-19 02:19:47,263 - cyberbully - INFO - Configuration:
2026-02-19 02:19:47,263 - cyberbully - INFO -   model          : xlnet-base-cased
2026-02-19 02:19:47,263 - cyberbully - INFO -   dataset        : ieee
2026-02-19 02:19:47,263 - cyberbully - INFO -   preprocess     : True
2026-02-19 02:19:47,263 - cyberbully - INFO -   augment        : True
2026-02-19 02:19:47,263 - cyberbully - INFO -   compute_attribution: False
2026-02-19 02:19:47,263 - cyberbully - INFO -   seed           : 52680723
2026-02-19 02:19:47,263 - cyberbully - INFO -   epochs         : 5
2026-02-19 02:19:47,263 - cyberbully - INFO -   batch_size     : 16
2026-02-19 02:19:47,263 - cyberbully - INFO -   lr             : 2e-05
2026-02-19 02:19:47,263 - cyberbully - INFO -   max_length     : 128
2026-02-19 02:19:47,263 - cyberbully - INFO -   output_dir     : grid-search
2026-02-19 02:19:47,263 - cyberbully - INFO -   data_dir       : dataset
2026-02-19 02:19:47,263 - cyberbully - INFO -   sbert          : False
2026-02-19 02:19:47,263 - cyberbully - INFO -   overwrite      : False
2026-02-19 02:19:47,263 - cyberbully - INFO -   device         : cuda
2026-02-19 02:19:47,263 - cyberbully - INFO -   output_dir     : experiments/grid-search/xlnet-base-cased/ieee/prep1_aug1/seed_52680723
2026-02-19 02:19:47,263 - cyberbully - INFO - ============================================================
2026-02-19 02:19:47,263 - cyberbully - INFO - Step 1: Preparing data...
2026-02-19 02:19:47,263 - cyberbully - INFO - Loading dataset 'ieee' from dataset/IEEE Data Port.csv
2026-02-19 02:19:47,269 - cyberbully - INFO - Loaded 2108 samples with 5 classes: ['Cyberstalking', 'Doxing', 'Revenge Porn', 'Sexual Harassment', 'Slut Shaming']
2026-02-19 02:19:47,269 - cyberbully - INFO - Applying text preprocessing...
2026-02-19 02:19:50,337 - cyberbully - INFO - After preprocessing: 1813 samples remain
2026-02-19 02:19:50,337 - cyberbully - INFO - Label mapping: {'Cyberstalking': 0, 'Doxing': 1, 'Revenge Porn': 2, 'Sexual Harassment': 3, 'Slut Shaming': 4}
2026-02-19 02:19:50,339 - cyberbully - INFO - Split sizes — train: 1160, val: 290, test: 363
2026-02-19 02:19:50,339 - cyberbully - INFO - Applying training data augmentation (oversampling)...
2026-02-19 02:19:50,340 - cyberbully - INFO - After oversampling — class distribution: {0: 286, 1: 286, 2: 286, 3: 286, 4: 286}
2026-02-19 02:19:50,340 - cyberbully - INFO - Number of classes: 5
2026-02-19 02:19:50,341 - cyberbully - INFO - Step 2: Loading model and tokenizer...
2026-02-19 02:19:50,341 - cyberbully - INFO - Loading model 'xlnet-base-cased' with 5 labels (sbert=False)
2026-02-19 02:19:52,265 - cyberbully - INFO - Step 3: Creating datasets...
2026-02-19 02:19:52,287 - cyberbully - INFO - Dataset sizes — train: 1430, val: 290, test: 363
2026-02-19 02:19:52,287 - cyberbully - INFO - Step 4: Training...
2026-02-19 02:19:52,416 - cyberbully - INFO - Starting training...
2026-02-19 02:20:18,357 - cyberbully - INFO - Training complete.
2026-02-19 02:20:18,357 - cyberbully - INFO - Step 5: Evaluating on test set...
2026-02-19 02:20:22,885 - cyberbully - INFO - Metrics saved to experiments/grid-search/xlnet-base-cased/ieee/prep1_aug1/seed_52680723/metrics.json
2026-02-19 02:20:22,885 - cyberbully - INFO - Confusion matrix saved to experiments/grid-search/xlnet-base-cased/ieee/prep1_aug1/seed_52680723/confusion_matrix.json
2026-02-19 02:20:22,990 - cyberbully - INFO - Confusion matrix figure saved to experiments/grid-search/xlnet-base-cased/ieee/prep1_aug1/seed_52680723/confusion_matrix.pdf
2026-02-19 02:20:22,990 - cyberbully - INFO - Accuracy: 0.8320
2026-02-19 02:20:22,991 - cyberbully - INFO - Weighted F1: 0.8324
2026-02-19 02:20:22,991 - cyberbully - INFO - Micro F1: 0.8320
2026-02-19 02:20:22,991 - cyberbully - INFO - Inference time: 0.30 seconds
2026-02-19 02:20:22,991 - cyberbully - INFO - Energy consumption: 0.000014 kWh
2026-02-19 02:20:22,991 - cyberbully - INFO - ============================================================
2026-02-19 02:20:22,991 - cyberbully - INFO - Pipeline complete. Results saved to: experiments/grid-search/xlnet-base-cased/ieee/prep1_aug1/seed_52680723
2026-02-19 02:20:22,991 - cyberbully - INFO - ============================================================
