2026-02-11 07:35:42,724 - cyberbully - INFO - ============================================================
2026-02-11 07:35:42,724 - cyberbully - INFO - Cyberbullying Detection Pipeline
2026-02-11 07:35:42,725 - cyberbully - INFO - ============================================================
2026-02-11 07:35:42,725 - cyberbully - INFO - Configuration:
2026-02-11 07:35:42,725 - cyberbully - INFO -   model          : distilbert-base-uncased
2026-02-11 07:35:42,725 - cyberbully - INFO -   dataset        : ieee
2026-02-11 07:35:42,725 - cyberbully - INFO -   preprocess     : True
2026-02-11 07:35:42,725 - cyberbully - INFO -   augment        : True
2026-02-11 07:35:42,725 - cyberbully - INFO -   compute_attribution: False
2026-02-11 07:35:42,725 - cyberbully - INFO -   seed           : 99511865
2026-02-11 07:35:42,725 - cyberbully - INFO -   epochs         : 5
2026-02-11 07:35:42,725 - cyberbully - INFO -   batch_size     : 16
2026-02-11 07:35:42,725 - cyberbully - INFO -   lr             : 2e-05
2026-02-11 07:35:42,725 - cyberbully - INFO -   max_length     : 128
2026-02-11 07:35:42,725 - cyberbully - INFO -   output_dir     : experiments
2026-02-11 07:35:42,725 - cyberbully - INFO -   data_dir       : dataset
2026-02-11 07:35:42,725 - cyberbully - INFO -   overwrite      : False
2026-02-11 07:35:42,725 - cyberbully - INFO -   device         : cuda
2026-02-11 07:35:42,725 - cyberbully - INFO -   output_dir     : experiments/distilbert-base-uncased/ieee/prep1_aug1/seed_99511865
2026-02-11 07:35:42,725 - cyberbully - INFO - ============================================================
2026-02-11 07:35:42,725 - cyberbully - INFO - Step 1: Preparing data...
2026-02-11 07:35:42,725 - cyberbully - INFO - Loading dataset 'ieee' from dataset/IEEE Data Port.csv
2026-02-11 07:35:42,731 - cyberbully - INFO - Loaded 2108 samples with 5 classes: ['Cyberstalking', 'Doxing', 'Revenge Porn', 'Sexual Harassment', 'Slut Shaming']
2026-02-11 07:35:42,731 - cyberbully - INFO - Applying text preprocessing...
2026-02-11 07:35:45,834 - cyberbully - INFO - After preprocessing: 1814 samples remain
2026-02-11 07:35:45,834 - cyberbully - INFO - Label mapping: {'Cyberstalking': 0, 'Doxing': 1, 'Revenge Porn': 2, 'Sexual Harassment': 3, 'Slut Shaming': 4}
2026-02-11 07:35:45,836 - cyberbully - INFO - Split sizes — train: 1160, val: 291, test: 363
2026-02-11 07:35:45,836 - cyberbully - INFO - Applying training data augmentation (oversampling)...
2026-02-11 07:35:45,837 - cyberbully - INFO - After oversampling — class distribution: {0: 287, 1: 287, 2: 287, 3: 287, 4: 287}
2026-02-11 07:35:45,837 - cyberbully - INFO - Number of classes: 5
2026-02-11 07:35:45,837 - cyberbully - INFO - Step 2: Loading model and tokenizer...
2026-02-11 07:35:45,837 - cyberbully - INFO - Loading model 'distilbert-base-uncased' with 5 labels
2026-02-11 07:35:46,541 - cyberbully - INFO - Step 3: Tokenizing datasets...
2026-02-11 07:35:46,569 - cyberbully - INFO - Dataset sizes — train: 1435, val: 291, test: 363
2026-02-11 07:35:46,569 - cyberbully - INFO - Step 4: Training...
2026-02-11 07:35:46,783 - cyberbully - INFO - Starting training...
2026-02-11 07:36:01,837 - cyberbully - INFO - Training complete.
2026-02-11 07:36:01,837 - cyberbully - INFO - Step 5: Evaluating on test set...
2026-02-11 07:36:06,235 - cyberbully - INFO - Metrics saved to experiments/distilbert-base-uncased/ieee/prep1_aug1/seed_99511865/metrics.json
2026-02-11 07:36:06,235 - cyberbully - INFO - Confusion matrix saved to experiments/distilbert-base-uncased/ieee/prep1_aug1/seed_99511865/confusion_matrix.json
2026-02-11 07:36:06,336 - cyberbully - INFO - Confusion matrix figure saved to experiments/distilbert-base-uncased/ieee/prep1_aug1/seed_99511865/confusion_matrix.pdf
2026-02-11 07:36:06,336 - cyberbully - INFO - Accuracy: 0.8017
2026-02-11 07:36:06,336 - cyberbully - INFO - Weighted F1: 0.8010
2026-02-11 07:36:06,336 - cyberbully - INFO - Micro F1: 0.8017
2026-02-11 07:36:06,336 - cyberbully - INFO - Inference time: 0.14 seconds
2026-02-11 07:36:06,336 - cyberbully - INFO - Energy consumption: 0.000008 kWh
2026-02-11 07:36:06,336 - cyberbully - INFO - ============================================================
2026-02-11 07:36:06,336 - cyberbully - INFO - Pipeline complete. Results saved to: experiments/distilbert-base-uncased/ieee/prep1_aug1/seed_99511865
2026-02-11 07:36:06,336 - cyberbully - INFO - ============================================================
