2026-06-15 16:21:01,844 - cyberbully - INFO - ============================================================
2026-06-15 16:21:01,844 - cyberbully - INFO - Cyberbullying Detection Pipeline
2026-06-15 16:21:01,844 - cyberbully - INFO - ============================================================
2026-06-15 16:21:01,844 - cyberbully - INFO - Configuration:
2026-06-15 16:21:01,844 - cyberbully - INFO -   model          : google/mobilebert-uncased
2026-06-15 16:21:01,844 - cyberbully - INFO -   dataset        : tweeteval
2026-06-15 16:21:01,844 - cyberbully - INFO -   preprocess     : False
2026-06-15 16:21:01,844 - cyberbully - INFO -   prep_mode      : 2
2026-06-15 16:21:01,844 - cyberbully - INFO -   augment        : False
2026-06-15 16:21:01,844 - cyberbully - INFO -   compute_attribution: False
2026-06-15 16:21:01,844 - cyberbully - INFO -   seed           : 24677315
2026-06-15 16:21:01,844 - cyberbully - INFO -   epochs         : 10
2026-06-15 16:21:01,844 - cyberbully - INFO -   batch_size     : 32
2026-06-15 16:21:01,844 - cyberbully - INFO -   lr             : 5e-05
2026-06-15 16:21:01,844 - cyberbully - INFO -   max_length     : 128
2026-06-15 16:21:01,844 - cyberbully - INFO -   output_dir     : grid-search
2026-06-15 16:21:01,844 - cyberbully - INFO -   data_dir       : dataset
2026-06-15 16:21:01,844 - cyberbully - INFO -   sbert          : False
2026-06-15 16:21:01,844 - cyberbully - INFO -   supcon         : False
2026-06-15 16:21:01,844 - cyberbully - INFO -   supcon_weight  : 0.1
2026-06-15 16:21:01,844 - cyberbully - INFO -   proj_dim       : 128
2026-06-15 16:21:01,844 - cyberbully - INFO -   grad_accum_steps: 1
2026-06-15 16:21:01,844 - cyberbully - INFO -   overwrite      : False
2026-06-15 16:21:01,844 - cyberbully - INFO -   device         : cuda
2026-06-15 16:21:01,844 - cyberbully - INFO -   output_dir     : experiments/grid-search/google_mobilebert-uncased/tweeteval/prep2_aug0/seed_24677315
2026-06-15 16:21:01,844 - cyberbully - INFO - ============================================================
2026-06-15 16:21:01,844 - cyberbully - INFO - Step 1: Preparing data...
2026-06-15 16:21:01,893 - cyberbully - INFO - Loaded pre-split data from dataset/tweeteval — train: 32485, val: 8122, test: 10152
2026-06-15 16:21:01,893 - cyberbully - INFO - Label mapping: {'emotion': 0, 'hate': 1, 'offensive': 2, 'religion': 3, 'spiritual': 4}
2026-06-15 16:21:01,894 - cyberbully - INFO - Applying partial text preprocessing per split...
2026-06-15 16:21:03,549 - cyberbully - INFO - After preprocessing -- train: 32485, val: 8122, test: 10152
2026-06-15 16:21:03,554 - cyberbully - INFO - Number of classes: 5
2026-06-15 16:21:03,555 - cyberbully - INFO - Step 2: Loading model and tokenizer...
2026-06-15 16:21:03,555 - cyberbully - INFO - Loading model 'google/mobilebert-uncased' with 5 labels (sbert=False, supcon=False)
2026-06-15 16:21:05,810 - cyberbully - WARNING - FP16 disabled for model_type='mobilebert' (known fp16 instability).
2026-06-15 16:21:05,810 - cyberbully - INFO - Step 3: Creating datasets...
2026-06-15 16:21:07,092 - cyberbully - INFO - Dataset sizes — train: 32485, val: 8122, test: 10152
2026-06-15 16:21:07,092 - cyberbully - INFO - Step 4: Training...
2026-06-15 16:21:07,274 - cyberbully - INFO - Starting training...
2026-06-15 16:44:45,556 - cyberbully - INFO - Training complete.
2026-06-15 16:44:45,571 - cyberbully - INFO - Removed checkpoint: experiments/grid-search/google_mobilebert-uncased/tweeteval/prep2_aug0/seed_24677315/checkpoint-3048
2026-06-15 16:44:45,586 - cyberbully - INFO - Removed checkpoint: experiments/grid-search/google_mobilebert-uncased/tweeteval/prep2_aug0/seed_24677315/checkpoint-7112
2026-06-15 16:44:45,601 - cyberbully - INFO - Removed checkpoint: experiments/grid-search/google_mobilebert-uncased/tweeteval/prep2_aug0/seed_24677315/checkpoint-9144
2026-06-15 16:44:45,616 - cyberbully - INFO - Removed checkpoint: experiments/grid-search/google_mobilebert-uncased/tweeteval/prep2_aug0/seed_24677315/checkpoint-1016
2026-06-15 16:44:45,631 - cyberbully - INFO - Removed checkpoint: experiments/grid-search/google_mobilebert-uncased/tweeteval/prep2_aug0/seed_24677315/checkpoint-2032
2026-06-15 16:44:45,648 - cyberbully - INFO - Removed checkpoint: experiments/grid-search/google_mobilebert-uncased/tweeteval/prep2_aug0/seed_24677315/checkpoint-10160
2026-06-15 16:44:45,663 - cyberbully - INFO - Removed checkpoint: experiments/grid-search/google_mobilebert-uncased/tweeteval/prep2_aug0/seed_24677315/checkpoint-6096
2026-06-15 16:44:45,677 - cyberbully - INFO - Removed checkpoint: experiments/grid-search/google_mobilebert-uncased/tweeteval/prep2_aug0/seed_24677315/checkpoint-5080
2026-06-15 16:44:45,692 - cyberbully - INFO - Removed checkpoint: experiments/grid-search/google_mobilebert-uncased/tweeteval/prep2_aug0/seed_24677315/checkpoint-8128
2026-06-15 16:44:45,706 - cyberbully - INFO - Removed checkpoint: experiments/grid-search/google_mobilebert-uncased/tweeteval/prep2_aug0/seed_24677315/checkpoint-4064
2026-06-15 16:44:45,706 - cyberbully - INFO - Step 5: Evaluating on test set...
2026-06-15 16:45:04,626 - cyberbully - INFO - Metrics saved to experiments/grid-search/google_mobilebert-uncased/tweeteval/prep2_aug0/seed_24677315/metrics.json
2026-06-15 16:45:04,626 - cyberbully - INFO - Confusion matrix saved to experiments/grid-search/google_mobilebert-uncased/tweeteval/prep2_aug0/seed_24677315/confusion_matrix.json
2026-06-15 16:45:04,729 - cyberbully - INFO - Per-sample predictions saved to experiments/grid-search/google_mobilebert-uncased/tweeteval/prep2_aug0/seed_24677315/predictions.json
2026-06-15 16:45:04,836 - cyberbully - INFO - Confusion matrix figure saved to experiments/grid-search/google_mobilebert-uncased/tweeteval/prep2_aug0/seed_24677315/confusion_matrix.pdf
2026-06-15 16:45:04,836 - cyberbully - INFO - Accuracy: 0.9318
2026-06-15 16:45:04,836 - cyberbully - INFO - Weighted F1: 0.9320
2026-06-15 16:45:04,836 - cyberbully - INFO - Micro F1: 0.9318
2026-06-15 16:45:04,836 - cyberbully - INFO - Inference time: 12.81 seconds
2026-06-15 16:45:04,836 - cyberbully - INFO - Energy consumption: 0.000738 kWh
2026-06-15 16:45:04,838 - cyberbully - INFO - ============================================================
2026-06-15 16:45:04,839 - cyberbully - INFO - Pipeline complete. Results saved to: experiments/grid-search/google_mobilebert-uncased/tweeteval/prep2_aug0/seed_24677315
2026-06-15 16:45:04,839 - cyberbully - INFO - ============================================================
