2026-03-21 05:18:00,117 - cyberbully - INFO - ============================================================
2026-03-21 05:18:00,117 - cyberbully - INFO - Cyberbullying Detection Pipeline
2026-03-21 05:18:00,117 - cyberbully - INFO - ============================================================
2026-03-21 05:18:00,117 - cyberbully - INFO - Configuration:
2026-03-21 05:18:00,117 - cyberbully - INFO -   model          : bert-base-cased
2026-03-21 05:18:00,117 - cyberbully - INFO -   dataset        : tweeteval
2026-03-21 05:18:00,117 - cyberbully - INFO -   preprocess     : False
2026-03-21 05:18:00,117 - cyberbully - INFO -   augment        : True
2026-03-21 05:18:00,117 - cyberbully - INFO -   compute_attribution: False
2026-03-21 05:18:00,117 - cyberbully - INFO -   seed           : 14298463
2026-03-21 05:18:00,117 - cyberbully - INFO -   epochs         : 10
2026-03-21 05:18:00,117 - cyberbully - INFO -   batch_size     : 32
2026-03-21 05:18:00,117 - cyberbully - INFO -   lr             : 5e-05
2026-03-21 05:18:00,117 - cyberbully - INFO -   max_length     : 128
2026-03-21 05:18:00,117 - cyberbully - INFO -   output_dir     : grid-search
2026-03-21 05:18:00,117 - cyberbully - INFO -   data_dir       : dataset
2026-03-21 05:18:00,117 - cyberbully - INFO -   sbert          : False
2026-03-21 05:18:00,117 - cyberbully - INFO -   supcon         : False
2026-03-21 05:18:00,117 - cyberbully - INFO -   supcon_weight  : 0.1
2026-03-21 05:18:00,117 - cyberbully - INFO -   proj_dim       : 128
2026-03-21 05:18:00,117 - cyberbully - INFO -   grad_accum_steps: 1
2026-03-21 05:18:00,117 - cyberbully - INFO -   overwrite      : False
2026-03-21 05:18:00,117 - cyberbully - INFO -   device         : cuda
2026-03-21 05:18:00,117 - cyberbully - INFO -   output_dir     : experiments/grid-search/bert-base-cased/tweeteval/prep0_aug1/seed_14298463
2026-03-21 05:18:00,117 - cyberbully - INFO - ============================================================
2026-03-21 05:18:00,117 - cyberbully - INFO - Step 1: Preparing data...
2026-03-21 05:18:00,166 - cyberbully - INFO - Loaded pre-split data from dataset/tweeteval — train: 32485, val: 8122, test: 10152
2026-03-21 05:18:00,166 - cyberbully - INFO - Label mapping: {'emotion': 0, 'hate': 1, 'offensive': 2, 'religion': 3, 'spiritual': 4}
2026-03-21 05:18:00,168 - cyberbully - INFO - Applying training data augmentation (oversampling)...
2026-03-21 05:18:00,174 - cyberbully - INFO - After oversampling — class distribution: {0: 8985, 1: 8985, 2: 8985, 3: 8985, 4: 8985}
2026-03-21 05:18:00,183 - cyberbully - INFO - Number of classes: 5
2026-03-21 05:18:00,185 - cyberbully - INFO - Step 2: Loading model and tokenizer...
2026-03-21 05:18:00,185 - cyberbully - INFO - Loading model 'bert-base-cased' with 5 labels (sbert=False, supcon=False)
2026-03-21 05:18:00,882 - cyberbully - INFO - Step 3: Creating datasets...
2026-03-21 05:18:02,202 - cyberbully - INFO - Dataset sizes — train: 44925, val: 8122, test: 10152
2026-03-21 05:18:02,202 - cyberbully - INFO - Step 4: Training...
2026-03-21 05:18:02,423 - cyberbully - INFO - Starting training...
2026-03-21 05:39:52,710 - cyberbully - INFO - Training complete.
2026-03-21 05:39:52,783 - cyberbully - INFO - Removed checkpoint: experiments/grid-search/bert-base-cased/tweeteval/prep0_aug1/seed_14298463/checkpoint-14040
2026-03-21 05:39:52,845 - cyberbully - INFO - Removed checkpoint: experiments/grid-search/bert-base-cased/tweeteval/prep0_aug1/seed_14298463/checkpoint-2808
2026-03-21 05:39:52,908 - cyberbully - INFO - Removed checkpoint: experiments/grid-search/bert-base-cased/tweeteval/prep0_aug1/seed_14298463/checkpoint-5616
2026-03-21 05:39:52,970 - cyberbully - INFO - Removed checkpoint: experiments/grid-search/bert-base-cased/tweeteval/prep0_aug1/seed_14298463/checkpoint-7020
2026-03-21 05:39:53,031 - cyberbully - INFO - Removed checkpoint: experiments/grid-search/bert-base-cased/tweeteval/prep0_aug1/seed_14298463/checkpoint-4212
2026-03-21 05:39:53,094 - cyberbully - INFO - Removed checkpoint: experiments/grid-search/bert-base-cased/tweeteval/prep0_aug1/seed_14298463/checkpoint-12636
2026-03-21 05:39:53,158 - cyberbully - INFO - Removed checkpoint: experiments/grid-search/bert-base-cased/tweeteval/prep0_aug1/seed_14298463/checkpoint-1404
2026-03-21 05:39:53,220 - cyberbully - INFO - Removed checkpoint: experiments/grid-search/bert-base-cased/tweeteval/prep0_aug1/seed_14298463/checkpoint-8424
2026-03-21 05:39:53,283 - cyberbully - INFO - Removed checkpoint: experiments/grid-search/bert-base-cased/tweeteval/prep0_aug1/seed_14298463/checkpoint-11232
2026-03-21 05:39:53,344 - cyberbully - INFO - Removed checkpoint: experiments/grid-search/bert-base-cased/tweeteval/prep0_aug1/seed_14298463/checkpoint-9828
2026-03-21 05:39:53,344 - cyberbully - INFO - Step 5: Evaluating on test set...
2026-03-21 05:40:05,467 - cyberbully - INFO - Metrics saved to experiments/grid-search/bert-base-cased/tweeteval/prep0_aug1/seed_14298463/metrics.json
2026-03-21 05:40:05,467 - cyberbully - INFO - Confusion matrix saved to experiments/grid-search/bert-base-cased/tweeteval/prep0_aug1/seed_14298463/confusion_matrix.json
2026-03-21 05:40:05,566 - cyberbully - INFO - Per-sample predictions saved to experiments/grid-search/bert-base-cased/tweeteval/prep0_aug1/seed_14298463/predictions.json
2026-03-21 05:40:05,666 - cyberbully - INFO - Confusion matrix figure saved to experiments/grid-search/bert-base-cased/tweeteval/prep0_aug1/seed_14298463/confusion_matrix.pdf
2026-03-21 05:40:05,666 - cyberbully - INFO - Accuracy: 0.9703
2026-03-21 05:40:05,666 - cyberbully - INFO - Weighted F1: 0.9702
2026-03-21 05:40:05,666 - cyberbully - INFO - Micro F1: 0.9703
2026-03-21 05:40:05,666 - cyberbully - INFO - Inference time: 7.77 seconds
2026-03-21 05:40:05,666 - cyberbully - INFO - Energy consumption: 0.000479 kWh
2026-03-21 05:40:05,668 - cyberbully - INFO - ============================================================
2026-03-21 05:40:05,668 - cyberbully - INFO - Pipeline complete. Results saved to: experiments/grid-search/bert-base-cased/tweeteval/prep0_aug1/seed_14298463
2026-03-21 05:40:05,668 - cyberbully - INFO - ============================================================
