2026-03-21 15:18:26,031 - cyberbully - INFO - ============================================================
2026-03-21 15:18:26,031 - cyberbully - INFO - Cyberbullying Detection Pipeline
2026-03-21 15:18:26,031 - cyberbully - INFO - ============================================================
2026-03-21 15:18:26,031 - cyberbully - INFO - Configuration:
2026-03-21 15:18:26,031 - cyberbully - INFO -   model          : distilbert-base-cased
2026-03-21 15:18:26,031 - cyberbully - INFO -   dataset        : ieee
2026-03-21 15:18:26,031 - cyberbully - INFO -   preprocess     : True
2026-03-21 15:18:26,031 - cyberbully - INFO -   augment        : True
2026-03-21 15:18:26,031 - cyberbully - INFO -   compute_attribution: False
2026-03-21 15:18:26,031 - cyberbully - INFO -   seed           : 14298463
2026-03-21 15:18:26,031 - cyberbully - INFO -   epochs         : 10
2026-03-21 15:18:26,031 - cyberbully - INFO -   batch_size     : 32
2026-03-21 15:18:26,031 - cyberbully - INFO -   lr             : 5e-05
2026-03-21 15:18:26,031 - cyberbully - INFO -   max_length     : 128
2026-03-21 15:18:26,031 - cyberbully - INFO -   output_dir     : grid-search
2026-03-21 15:18:26,031 - cyberbully - INFO -   data_dir       : dataset
2026-03-21 15:18:26,031 - cyberbully - INFO -   sbert          : False
2026-03-21 15:18:26,031 - cyberbully - INFO -   supcon         : False
2026-03-21 15:18:26,031 - cyberbully - INFO -   supcon_weight  : 0.1
2026-03-21 15:18:26,031 - cyberbully - INFO -   proj_dim       : 128
2026-03-21 15:18:26,031 - cyberbully - INFO -   grad_accum_steps: 1
2026-03-21 15:18:26,032 - cyberbully - INFO -   overwrite      : False
2026-03-21 15:18:26,032 - cyberbully - INFO -   device         : cuda
2026-03-21 15:18:26,032 - cyberbully - INFO -   output_dir     : experiments/grid-search/distilbert-base-cased/ieee/prep1_aug1/seed_14298463
2026-03-21 15:18:26,032 - cyberbully - INFO - ============================================================
2026-03-21 15:18:26,032 - cyberbully - INFO - Step 1: Preparing data...
2026-03-21 15:18:26,035 - cyberbully - INFO - Loaded pre-split data from dataset/ieee — train: 1348, val: 338, test: 422
2026-03-21 15:18:26,035 - cyberbully - INFO - Label mapping: {'Cyberstalking': 0, 'Doxing': 1, 'Revenge Porn': 2, 'Sexual Harassment': 3, 'Slut Shaming': 4}
2026-03-21 15:18:26,035 - cyberbully - INFO - Applying text preprocessing per split...
2026-03-21 15:18:29,119 - cyberbully - INFO - After preprocessing — train: 1175, val: 305, test: 377
2026-03-21 15:18:29,120 - cyberbully - INFO - Applying training data augmentation (oversampling)...
2026-03-21 15:18:29,121 - cyberbully - INFO - After oversampling — class distribution: {0: 288, 1: 288, 2: 288, 3: 288, 4: 288}
2026-03-21 15:18:29,122 - cyberbully - INFO - Number of classes: 5
2026-03-21 15:18:29,123 - cyberbully - INFO - Step 2: Loading model and tokenizer...
2026-03-21 15:18:29,123 - cyberbully - INFO - Loading model 'distilbert-base-cased' with 5 labels (sbert=False, supcon=False)
2026-03-21 15:18:29,808 - cyberbully - INFO - Step 3: Creating datasets...
2026-03-21 15:18:29,830 - cyberbully - INFO - Dataset sizes — train: 1440, val: 305, test: 377
2026-03-21 15:18:29,830 - cyberbully - INFO - Step 4: Training...
2026-03-21 15:18:30,031 - cyberbully - INFO - Starting training...
2026-03-21 15:18:58,034 - cyberbully - INFO - Training complete.
2026-03-21 15:18:58,080 - cyberbully - INFO - Removed checkpoint: experiments/grid-search/distilbert-base-cased/ieee/prep1_aug1/seed_14298463/checkpoint-90
2026-03-21 15:18:58,124 - cyberbully - INFO - Removed checkpoint: experiments/grid-search/distilbert-base-cased/ieee/prep1_aug1/seed_14298463/checkpoint-180
2026-03-21 15:18:58,912 - cyberbully - INFO - Removed checkpoint: experiments/grid-search/distilbert-base-cased/ieee/prep1_aug1/seed_14298463/checkpoint-225
2026-03-21 15:18:58,960 - cyberbully - INFO - Removed checkpoint: experiments/grid-search/distilbert-base-cased/ieee/prep1_aug1/seed_14298463/checkpoint-135
2026-03-21 15:18:59,004 - cyberbully - INFO - Removed checkpoint: experiments/grid-search/distilbert-base-cased/ieee/prep1_aug1/seed_14298463/checkpoint-315
2026-03-21 15:18:59,048 - cyberbully - INFO - Removed checkpoint: experiments/grid-search/distilbert-base-cased/ieee/prep1_aug1/seed_14298463/checkpoint-450
2026-03-21 15:18:59,092 - cyberbully - INFO - Removed checkpoint: experiments/grid-search/distilbert-base-cased/ieee/prep1_aug1/seed_14298463/checkpoint-360
2026-03-21 15:18:59,140 - cyberbully - INFO - Removed checkpoint: experiments/grid-search/distilbert-base-cased/ieee/prep1_aug1/seed_14298463/checkpoint-45
2026-03-21 15:18:59,813 - cyberbully - INFO - Removed checkpoint: experiments/grid-search/distilbert-base-cased/ieee/prep1_aug1/seed_14298463/checkpoint-270
2026-03-21 15:18:59,870 - cyberbully - INFO - Removed checkpoint: experiments/grid-search/distilbert-base-cased/ieee/prep1_aug1/seed_14298463/checkpoint-405
2026-03-21 15:18:59,870 - cyberbully - INFO - Step 5: Evaluating on test set...
2026-03-21 15:19:04,285 - cyberbully - INFO - Metrics saved to experiments/grid-search/distilbert-base-cased/ieee/prep1_aug1/seed_14298463/metrics.json
2026-03-21 15:19:04,285 - cyberbully - INFO - Confusion matrix saved to experiments/grid-search/distilbert-base-cased/ieee/prep1_aug1/seed_14298463/confusion_matrix.json
2026-03-21 15:19:04,289 - cyberbully - INFO - Per-sample predictions saved to experiments/grid-search/distilbert-base-cased/ieee/prep1_aug1/seed_14298463/predictions.json
2026-03-21 15:19:04,389 - cyberbully - INFO - Confusion matrix figure saved to experiments/grid-search/distilbert-base-cased/ieee/prep1_aug1/seed_14298463/confusion_matrix.pdf
2026-03-21 15:19:04,389 - cyberbully - INFO - Accuracy: 0.8037
2026-03-21 15:19:04,389 - cyberbully - INFO - Weighted F1: 0.8036
2026-03-21 15:19:04,389 - cyberbully - INFO - Micro F1: 0.8037
2026-03-21 15:19:04,389 - cyberbully - INFO - Inference time: 0.15 seconds
2026-03-21 15:19:04,389 - cyberbully - INFO - Energy consumption: 0.000004 kWh
2026-03-21 15:19:04,389 - cyberbully - INFO - ============================================================
2026-03-21 15:19:04,389 - cyberbully - INFO - Pipeline complete. Results saved to: experiments/grid-search/distilbert-base-cased/ieee/prep1_aug1/seed_14298463
2026-03-21 15:19:04,389 - cyberbully - INFO - ============================================================
