2026-04-08 19:44:41,841 - cyberbully - INFO - ============================================================
2026-04-08 19:44:41,842 - cyberbully - INFO - Cyberbullying Detection Pipeline
2026-04-08 19:44:41,842 - cyberbully - INFO - ============================================================
2026-04-08 19:44:41,842 - cyberbully - INFO - Configuration:
2026-04-08 19:44:41,842 - cyberbully - INFO -   model          : google/mobilebert-uncased
2026-04-08 19:44:41,842 - cyberbully - INFO -   dataset        : tweeteval
2026-04-08 19:44:41,842 - cyberbully - INFO -   preprocess     : False
2026-04-08 19:44:41,842 - cyberbully - INFO -   augment        : False
2026-04-08 19:44:41,842 - cyberbully - INFO -   compute_attribution: False
2026-04-08 19:44:41,842 - cyberbully - INFO -   seed           : 37622020
2026-04-08 19:44:41,842 - cyberbully - INFO -   epochs         : 10
2026-04-08 19:44:41,842 - cyberbully - INFO -   batch_size     : 32
2026-04-08 19:44:41,842 - cyberbully - INFO -   lr             : 5e-05
2026-04-08 19:44:41,842 - cyberbully - INFO -   max_length     : 128
2026-04-08 19:44:41,842 - cyberbully - INFO -   output_dir     : grid-search
2026-04-08 19:44:41,842 - cyberbully - INFO -   data_dir       : dataset
2026-04-08 19:44:41,842 - cyberbully - INFO -   sbert          : False
2026-04-08 19:44:41,842 - cyberbully - INFO -   supcon         : False
2026-04-08 19:44:41,842 - cyberbully - INFO -   supcon_weight  : 0.1
2026-04-08 19:44:41,842 - cyberbully - INFO -   proj_dim       : 128
2026-04-08 19:44:41,842 - cyberbully - INFO -   grad_accum_steps: 1
2026-04-08 19:44:41,842 - cyberbully - INFO -   overwrite      : False
2026-04-08 19:44:41,842 - cyberbully - INFO -   device         : cuda
2026-04-08 19:44:41,842 - cyberbully - INFO -   output_dir     : experiments/grid-search/google_mobilebert-uncased/tweeteval/prep0_aug0/seed_37622020
2026-04-08 19:44:41,842 - cyberbully - INFO - ============================================================
2026-04-08 19:44:41,842 - cyberbully - INFO - Step 1: Preparing data...
2026-04-08 19:44:41,891 - cyberbully - INFO - Loaded pre-split data from dataset/tweeteval — train: 32485, val: 8122, test: 10152
2026-04-08 19:44:41,891 - cyberbully - INFO - Label mapping: {'emotion': 0, 'hate': 1, 'offensive': 2, 'religion': 3, 'spiritual': 4}
2026-04-08 19:44:41,902 - cyberbully - INFO - Number of classes: 5
2026-04-08 19:44:41,903 - cyberbully - INFO - Step 2: Loading model and tokenizer...
2026-04-08 19:44:41,903 - cyberbully - INFO - Loading model 'google/mobilebert-uncased' with 5 labels (sbert=False, supcon=False)
2026-04-08 19:44:44,016 - cyberbully - WARNING - FP16 disabled for model_type='mobilebert' (known fp16 instability).
2026-04-08 19:44:44,016 - cyberbully - INFO - Step 3: Creating datasets...
2026-04-08 19:44:44,940 - cyberbully - INFO - Dataset sizes — train: 32485, val: 8122, test: 10152
2026-04-08 19:44:44,940 - cyberbully - INFO - Step 4: Training...
2026-04-08 19:44:45,017 - cyberbully - INFO - Starting training...
2026-04-08 19:57:00,869 - cyberbully - INFO - Training complete.
2026-04-08 19:57:00,886 - cyberbully - INFO - Removed checkpoint: experiments/grid-search/google_mobilebert-uncased/tweeteval/prep0_aug0/seed_37622020/checkpoint-2032
2026-04-08 19:57:00,904 - cyberbully - INFO - Removed checkpoint: experiments/grid-search/google_mobilebert-uncased/tweeteval/prep0_aug0/seed_37622020/checkpoint-6096
2026-04-08 19:57:00,922 - cyberbully - INFO - Removed checkpoint: experiments/grid-search/google_mobilebert-uncased/tweeteval/prep0_aug0/seed_37622020/checkpoint-3048
2026-04-08 19:57:00,940 - cyberbully - INFO - Removed checkpoint: experiments/grid-search/google_mobilebert-uncased/tweeteval/prep0_aug0/seed_37622020/checkpoint-9144
2026-04-08 19:57:00,957 - cyberbully - INFO - Removed checkpoint: experiments/grid-search/google_mobilebert-uncased/tweeteval/prep0_aug0/seed_37622020/checkpoint-5080
2026-04-08 19:57:00,975 - cyberbully - INFO - Removed checkpoint: experiments/grid-search/google_mobilebert-uncased/tweeteval/prep0_aug0/seed_37622020/checkpoint-8128
2026-04-08 19:57:00,993 - cyberbully - INFO - Removed checkpoint: experiments/grid-search/google_mobilebert-uncased/tweeteval/prep0_aug0/seed_37622020/checkpoint-4064
2026-04-08 19:57:01,011 - cyberbully - INFO - Removed checkpoint: experiments/grid-search/google_mobilebert-uncased/tweeteval/prep0_aug0/seed_37622020/checkpoint-1016
2026-04-08 19:57:01,028 - cyberbully - INFO - Removed checkpoint: experiments/grid-search/google_mobilebert-uncased/tweeteval/prep0_aug0/seed_37622020/checkpoint-7112
2026-04-08 19:57:01,046 - cyberbully - INFO - Removed checkpoint: experiments/grid-search/google_mobilebert-uncased/tweeteval/prep0_aug0/seed_37622020/checkpoint-10160
2026-04-08 19:57:01,046 - cyberbully - INFO - Step 5: Evaluating on test set...
2026-04-08 19:57:10,275 - cyberbully - INFO - Metrics saved to experiments/grid-search/google_mobilebert-uncased/tweeteval/prep0_aug0/seed_37622020/metrics.json
2026-04-08 19:57:10,275 - cyberbully - INFO - Confusion matrix saved to experiments/grid-search/google_mobilebert-uncased/tweeteval/prep0_aug0/seed_37622020/confusion_matrix.json
2026-04-08 19:57:10,370 - cyberbully - INFO - Per-sample predictions saved to experiments/grid-search/google_mobilebert-uncased/tweeteval/prep0_aug0/seed_37622020/predictions.json
2026-04-08 19:57:10,644 - cyberbully - INFO - Confusion matrix figure saved to experiments/grid-search/google_mobilebert-uncased/tweeteval/prep0_aug0/seed_37622020/confusion_matrix.pdf
2026-04-08 19:57:10,644 - cyberbully - INFO - Accuracy: 0.9684
2026-04-08 19:57:10,645 - cyberbully - INFO - Weighted F1: 0.9684
2026-04-08 19:57:10,645 - cyberbully - INFO - Micro F1: 0.9684
2026-04-08 19:57:10,645 - cyberbully - INFO - Inference time: 4.98 seconds
2026-04-08 19:57:10,645 - cyberbully - INFO - Energy consumption: 0.000317 kWh
2026-04-08 19:57:10,646 - cyberbully - INFO - ============================================================
2026-04-08 19:57:10,646 - cyberbully - INFO - Pipeline complete. Results saved to: experiments/grid-search/google_mobilebert-uncased/tweeteval/prep0_aug0/seed_37622020
2026-04-08 19:57:10,646 - cyberbully - INFO - ============================================================
