2026-03-24 20:37:46,407 - cyberbully - INFO - ============================================================
2026-03-24 20:37:46,407 - cyberbully - INFO - Cyberbullying Detection Pipeline
2026-03-24 20:37:46,407 - cyberbully - INFO - ============================================================
2026-03-24 20:37:46,407 - cyberbully - INFO - Configuration:
2026-03-24 20:37:46,407 - cyberbully - INFO -   model          : bert-base-uncased
2026-03-24 20:37:46,407 - cyberbully - INFO -   dataset        : kaggle
2026-03-24 20:37:46,407 - cyberbully - INFO -   preprocess     : False
2026-03-24 20:37:46,407 - cyberbully - INFO -   augment        : True
2026-03-24 20:37:46,407 - cyberbully - INFO -   compute_attribution: False
2026-03-24 20:37:46,407 - cyberbully - INFO -   seed           : 43782163
2026-03-24 20:37:46,407 - cyberbully - INFO -   epochs         : 10
2026-03-24 20:37:46,407 - cyberbully - INFO -   batch_size     : 32
2026-03-24 20:37:46,407 - cyberbully - INFO -   lr             : 5e-05
2026-03-24 20:37:46,407 - cyberbully - INFO -   max_length     : 128
2026-03-24 20:37:46,407 - cyberbully - INFO -   output_dir     : grid-search
2026-03-24 20:37:46,407 - cyberbully - INFO -   data_dir       : dataset
2026-03-24 20:37:46,407 - cyberbully - INFO -   sbert          : False
2026-03-24 20:37:46,407 - cyberbully - INFO -   supcon         : False
2026-03-24 20:37:46,407 - cyberbully - INFO -   supcon_weight  : 0.1
2026-03-24 20:37:46,407 - cyberbully - INFO -   proj_dim       : 128
2026-03-24 20:37:46,407 - cyberbully - INFO -   grad_accum_steps: 1
2026-03-24 20:37:46,407 - cyberbully - INFO -   overwrite      : False
2026-03-24 20:37:46,407 - cyberbully - INFO -   device         : cuda
2026-03-24 20:37:46,408 - cyberbully - INFO -   output_dir     : experiments/grid-search/bert-base-uncased/kaggle/prep0_aug1/seed_43782163
2026-03-24 20:37:46,408 - cyberbully - INFO - ============================================================
2026-03-24 20:37:46,408 - cyberbully - INFO - Step 1: Preparing data...
2026-03-24 20:37:46,457 - cyberbully - INFO - Loaded pre-split data from dataset/kaggle — train: 25604, val: 6401, test: 8002
2026-03-24 20:37:46,457 - cyberbully - INFO - Label mapping: {'age': 0, 'ethnicity': 1, 'gender': 2, 'other_cyberbullying': 3, 'religion': 4}
2026-03-24 20:37:46,460 - cyberbully - INFO - Applying training data augmentation (oversampling)...
2026-03-24 20:37:46,464 - cyberbully - INFO - After oversampling — class distribution: {0: 5123, 1: 5123, 2: 5123, 3: 5123, 4: 5123}
2026-03-24 20:37:46,474 - cyberbully - INFO - Number of classes: 5
2026-03-24 20:37:46,476 - cyberbully - INFO - Step 2: Loading model and tokenizer...
2026-03-24 20:37:46,476 - cyberbully - INFO - Loading model 'bert-base-uncased' with 5 labels (sbert=False, supcon=False)
2026-03-24 20:37:47,343 - cyberbully - INFO - Step 3: Creating datasets...
2026-03-24 20:37:48,217 - cyberbully - INFO - Dataset sizes — train: 25615, val: 6401, test: 8002
2026-03-24 20:37:48,218 - cyberbully - INFO - Step 4: Training...
2026-03-24 20:37:48,448 - cyberbully - INFO - Starting training...
2026-03-24 20:50:13,719 - cyberbully - INFO - Training complete.
2026-03-24 20:50:13,781 - cyberbully - INFO - Removed checkpoint: experiments/grid-search/bert-base-uncased/kaggle/prep0_aug1/seed_43782163/checkpoint-5607
2026-03-24 20:50:13,855 - cyberbully - INFO - Removed checkpoint: experiments/grid-search/bert-base-uncased/kaggle/prep0_aug1/seed_43782163/checkpoint-8010
2026-03-24 20:50:13,917 - cyberbully - INFO - Removed checkpoint: experiments/grid-search/bert-base-uncased/kaggle/prep0_aug1/seed_43782163/checkpoint-6408
2026-03-24 20:50:13,983 - cyberbully - INFO - Removed checkpoint: experiments/grid-search/bert-base-uncased/kaggle/prep0_aug1/seed_43782163/checkpoint-1602
2026-03-24 20:50:14,047 - cyberbully - INFO - Removed checkpoint: experiments/grid-search/bert-base-uncased/kaggle/prep0_aug1/seed_43782163/checkpoint-3204
2026-03-24 20:50:14,109 - cyberbully - INFO - Removed checkpoint: experiments/grid-search/bert-base-uncased/kaggle/prep0_aug1/seed_43782163/checkpoint-7209
2026-03-24 20:50:14,174 - cyberbully - INFO - Removed checkpoint: experiments/grid-search/bert-base-uncased/kaggle/prep0_aug1/seed_43782163/checkpoint-4005
2026-03-24 20:50:14,237 - cyberbully - INFO - Removed checkpoint: experiments/grid-search/bert-base-uncased/kaggle/prep0_aug1/seed_43782163/checkpoint-4806
2026-03-24 20:50:14,306 - cyberbully - INFO - Removed checkpoint: experiments/grid-search/bert-base-uncased/kaggle/prep0_aug1/seed_43782163/checkpoint-801
2026-03-24 20:50:14,370 - cyberbully - INFO - Removed checkpoint: experiments/grid-search/bert-base-uncased/kaggle/prep0_aug1/seed_43782163/checkpoint-2403
2026-03-24 20:50:14,370 - cyberbully - INFO - Step 5: Evaluating on test set...
2026-03-24 20:50:24,618 - cyberbully - INFO - Metrics saved to experiments/grid-search/bert-base-uncased/kaggle/prep0_aug1/seed_43782163/metrics.json
2026-03-24 20:50:24,619 - cyberbully - INFO - Confusion matrix saved to experiments/grid-search/bert-base-uncased/kaggle/prep0_aug1/seed_43782163/confusion_matrix.json
2026-03-24 20:50:24,697 - cyberbully - INFO - Per-sample predictions saved to experiments/grid-search/bert-base-uncased/kaggle/prep0_aug1/seed_43782163/predictions.json
2026-03-24 20:50:24,800 - cyberbully - INFO - Confusion matrix figure saved to experiments/grid-search/bert-base-uncased/kaggle/prep0_aug1/seed_43782163/confusion_matrix.pdf
2026-03-24 20:50:24,800 - cyberbully - INFO - Accuracy: 0.9564
2026-03-24 20:50:24,800 - cyberbully - INFO - Weighted F1: 0.9565
2026-03-24 20:50:24,800 - cyberbully - INFO - Micro F1: 0.9564
2026-03-24 20:50:24,800 - cyberbully - INFO - Inference time: 5.92 seconds
2026-03-24 20:50:24,800 - cyberbully - INFO - Energy consumption: 0.000387 kWh
2026-03-24 20:50:24,802 - cyberbully - INFO - ============================================================
2026-03-24 20:50:24,802 - cyberbully - INFO - Pipeline complete. Results saved to: experiments/grid-search/bert-base-uncased/kaggle/prep0_aug1/seed_43782163
2026-03-24 20:50:24,802 - cyberbully - INFO - ============================================================
