2026-02-12 12:43:50,733 - cyberbully - INFO - ============================================================
2026-02-12 12:43:50,733 - cyberbully - INFO - Cyberbullying Detection Pipeline
2026-02-12 12:43:50,733 - cyberbully - INFO - ============================================================
2026-02-12 12:43:50,733 - cyberbully - INFO - Configuration:
2026-02-12 12:43:50,733 - cyberbully - INFO -   model          : xlnet-base-cased
2026-02-12 12:43:50,733 - cyberbully - INFO -   dataset        : ieee
2026-02-12 12:43:50,733 - cyberbully - INFO -   preprocess     : True
2026-02-12 12:43:50,733 - cyberbully - INFO -   augment        : True
2026-02-12 12:43:50,733 - cyberbully - INFO -   compute_attribution: False
2026-02-12 12:43:50,733 - cyberbully - INFO -   seed           : 37622020
2026-02-12 12:43:50,733 - cyberbully - INFO -   epochs         : 5
2026-02-12 12:43:50,733 - cyberbully - INFO -   batch_size     : 16
2026-02-12 12:43:50,733 - cyberbully - INFO -   lr             : 2e-05
2026-02-12 12:43:50,733 - cyberbully - INFO -   max_length     : 128
2026-02-12 12:43:50,733 - cyberbully - INFO -   output_dir     : experiments
2026-02-12 12:43:50,733 - cyberbully - INFO -   data_dir       : dataset
2026-02-12 12:43:50,733 - cyberbully - INFO -   overwrite      : False
2026-02-12 12:43:50,733 - cyberbully - INFO -   device         : cuda
2026-02-12 12:43:50,733 - cyberbully - INFO -   output_dir     : experiments/xlnet-base-cased/ieee/prep1_aug1/seed_37622020
2026-02-12 12:43:50,733 - cyberbully - INFO - ============================================================
2026-02-12 12:43:50,733 - cyberbully - INFO - Step 1: Preparing data...
2026-02-12 12:43:50,733 - cyberbully - INFO - Loading dataset 'ieee' from dataset/IEEE Data Port.csv
2026-02-12 12:43:50,739 - cyberbully - INFO - Loaded 2108 samples with 5 classes: ['Cyberstalking', 'Doxing', 'Revenge Porn', 'Sexual Harassment', 'Slut Shaming']
2026-02-12 12:43:50,739 - cyberbully - INFO - Applying text preprocessing...
2026-02-12 12:43:53,894 - cyberbully - INFO - After preprocessing: 1811 samples remain
2026-02-12 12:43:53,895 - cyberbully - INFO - Label mapping: {'Cyberstalking': 0, 'Doxing': 1, 'Revenge Porn': 2, 'Sexual Harassment': 3, 'Slut Shaming': 4}
2026-02-12 12:43:53,897 - cyberbully - INFO - Split sizes — train: 1158, val: 290, test: 363
2026-02-12 12:43:53,897 - cyberbully - INFO - Applying training data augmentation (oversampling)...
2026-02-12 12:43:53,898 - cyberbully - INFO - After oversampling — class distribution: {0: 285, 1: 285, 2: 285, 3: 285, 4: 285}
2026-02-12 12:43:53,898 - cyberbully - INFO - Number of classes: 5
2026-02-12 12:43:53,898 - cyberbully - INFO - Step 2: Loading model and tokenizer...
2026-02-12 12:43:53,898 - cyberbully - INFO - Loading model 'xlnet-base-cased' with 5 labels
2026-02-12 12:43:55,986 - cyberbully - INFO - Step 3: Tokenizing datasets...
2026-02-12 12:43:56,018 - cyberbully - INFO - Dataset sizes — train: 1425, val: 290, test: 363
2026-02-12 12:43:56,018 - cyberbully - INFO - Step 4: Training...
2026-02-12 12:43:56,235 - cyberbully - INFO - Starting training...
2026-02-12 12:44:31,482 - cyberbully - INFO - Training complete.
2026-02-12 12:44:31,482 - cyberbully - INFO - Step 5: Evaluating on test set...
2026-02-12 12:44:36,226 - cyberbully - INFO - Metrics saved to experiments/xlnet-base-cased/ieee/prep1_aug1/seed_37622020/metrics.json
2026-02-12 12:44:36,226 - cyberbully - INFO - Confusion matrix saved to experiments/xlnet-base-cased/ieee/prep1_aug1/seed_37622020/confusion_matrix.json
2026-02-12 12:44:36,327 - cyberbully - INFO - Confusion matrix figure saved to experiments/xlnet-base-cased/ieee/prep1_aug1/seed_37622020/confusion_matrix.pdf
2026-02-12 12:44:36,327 - cyberbully - INFO - Accuracy: 0.8017
2026-02-12 12:44:36,327 - cyberbully - INFO - Weighted F1: 0.8005
2026-02-12 12:44:36,327 - cyberbully - INFO - Micro F1: 0.8017
2026-02-12 12:44:36,327 - cyberbully - INFO - Inference time: 0.44 seconds
2026-02-12 12:44:36,327 - cyberbully - INFO - Energy consumption: 0.000028 kWh
2026-02-12 12:44:36,327 - cyberbully - INFO - ============================================================
2026-02-12 12:44:36,327 - cyberbully - INFO - Pipeline complete. Results saved to: experiments/xlnet-base-cased/ieee/prep1_aug1/seed_37622020
2026-02-12 12:44:36,327 - cyberbully - INFO - ============================================================
