2026-02-18 04:21:18,180 - cyberbully - INFO - ============================================================
2026-02-18 04:21:18,180 - cyberbully - INFO - Cyberbullying Detection Pipeline
2026-02-18 04:21:18,180 - cyberbully - INFO - ============================================================
2026-02-18 04:21:18,180 - cyberbully - INFO - Configuration:
2026-02-18 04:21:18,180 - cyberbully - INFO -   model          : distilbert-base-uncased
2026-02-18 04:21:18,180 - cyberbully - INFO -   dataset        : kaggle
2026-02-18 04:21:18,180 - cyberbully - INFO -   preprocess     : False
2026-02-18 04:21:18,180 - cyberbully - INFO -   augment        : False
2026-02-18 04:21:18,180 - cyberbully - INFO -   compute_attribution: False
2026-02-18 04:21:18,180 - cyberbully - INFO -   seed           : 14298463
2026-02-18 04:21:18,180 - cyberbully - INFO -   epochs         : 5
2026-02-18 04:21:18,180 - cyberbully - INFO -   batch_size     : 16
2026-02-18 04:21:18,180 - cyberbully - INFO -   lr             : 2e-05
2026-02-18 04:21:18,180 - cyberbully - INFO -   max_length     : 128
2026-02-18 04:21:18,180 - cyberbully - INFO -   output_dir     : grid-search
2026-02-18 04:21:18,180 - cyberbully - INFO -   data_dir       : dataset
2026-02-18 04:21:18,180 - cyberbully - INFO -   sbert          : False
2026-02-18 04:21:18,180 - cyberbully - INFO -   overwrite      : False
2026-02-18 04:21:18,180 - cyberbully - INFO -   device         : cuda
2026-02-18 04:21:18,180 - cyberbully - INFO -   output_dir     : experiments/grid-search/distilbert-base-uncased/kaggle/prep0_aug0/seed_14298463
2026-02-18 04:21:18,180 - cyberbully - INFO - ============================================================
2026-02-18 04:21:18,180 - cyberbully - INFO - Step 1: Preparing data...
2026-02-18 04:21:18,180 - cyberbully - INFO - Loading dataset 'kaggle' from dataset/Kaggle.csv
2026-02-18 04:21:18,240 - cyberbully - INFO - Loaded 47656 samples with 6 classes: ['age', 'ethnicity', 'gender', 'not_cyberbullying', 'other_cyberbullying', 'religion']
2026-02-18 04:21:18,242 - cyberbully - INFO - Label mapping: {'age': 0, 'ethnicity': 1, 'gender': 2, 'not_cyberbullying': 3, 'other_cyberbullying': 4, 'religion': 5}
2026-02-18 04:21:18,256 - cyberbully - INFO - Split sizes — train: 30499, val: 7625, test: 9532
2026-02-18 04:21:18,256 - cyberbully - INFO - Number of classes: 6
2026-02-18 04:21:18,257 - cyberbully - INFO - Step 2: Loading model and tokenizer...
2026-02-18 04:21:18,257 - cyberbully - INFO - Loading model 'distilbert-base-uncased' with 6 labels (sbert=False)
2026-02-18 04:21:18,905 - cyberbully - INFO - Step 3: Creating datasets...
2026-02-18 04:21:19,584 - cyberbully - INFO - Dataset sizes — train: 30499, val: 7625, test: 9532
2026-02-18 04:21:19,584 - cyberbully - INFO - Step 4: Training...
2026-02-18 04:21:19,680 - cyberbully - INFO - Starting training...
2026-02-18 04:25:29,963 - cyberbully - INFO - Training complete.
2026-02-18 04:25:29,963 - cyberbully - INFO - Step 5: Evaluating on test set...
2026-02-18 04:25:36,600 - cyberbully - INFO - Metrics saved to experiments/grid-search/distilbert-base-uncased/kaggle/prep0_aug0/seed_14298463/metrics.json
2026-02-18 04:25:36,600 - cyberbully - INFO - Confusion matrix saved to experiments/grid-search/distilbert-base-uncased/kaggle/prep0_aug0/seed_14298463/confusion_matrix.json
2026-02-18 04:25:36,717 - cyberbully - INFO - Confusion matrix figure saved to experiments/grid-search/distilbert-base-uncased/kaggle/prep0_aug0/seed_14298463/confusion_matrix.pdf
2026-02-18 04:25:36,717 - cyberbully - INFO - Accuracy: 0.8621
2026-02-18 04:25:36,717 - cyberbully - INFO - Weighted F1: 0.8620
2026-02-18 04:25:36,717 - cyberbully - INFO - Micro F1: 0.8621
2026-02-18 04:25:36,717 - cyberbully - INFO - Inference time: 2.40 seconds
2026-02-18 04:25:36,717 - cyberbully - INFO - Energy consumption: 0.000135 kWh
2026-02-18 04:25:36,718 - cyberbully - INFO - ============================================================
2026-02-18 04:25:36,718 - cyberbully - INFO - Pipeline complete. Results saved to: experiments/grid-search/distilbert-base-uncased/kaggle/prep0_aug0/seed_14298463
2026-02-18 04:25:36,718 - cyberbully - INFO - ============================================================
