2026-02-20 08:02:54,225 - cyberbully - INFO - ============================================================
2026-02-20 08:02:54,226 - cyberbully - INFO - Cyberbullying Detection Pipeline
2026-02-20 08:02:54,226 - cyberbully - INFO - ============================================================
2026-02-20 08:02:54,226 - cyberbully - INFO - Configuration:
2026-02-20 08:02:54,226 - cyberbully - INFO -   model          : all-MiniLM-L6-v2
2026-02-20 08:02:54,226 - cyberbully - INFO -   dataset        : kaggle
2026-02-20 08:02:54,226 - cyberbully - INFO -   preprocess     : True
2026-02-20 08:02:54,226 - cyberbully - INFO -   augment        : False
2026-02-20 08:02:54,226 - cyberbully - INFO -   compute_attribution: False
2026-02-20 08:02:54,226 - cyberbully - INFO -   seed           : 99511865
2026-02-20 08:02:54,226 - cyberbully - INFO -   epochs         : 5
2026-02-20 08:02:54,226 - cyberbully - INFO -   batch_size     : 16
2026-02-20 08:02:54,226 - cyberbully - INFO -   lr             : 2e-05
2026-02-20 08:02:54,226 - cyberbully - INFO -   max_length     : 128
2026-02-20 08:02:54,226 - cyberbully - INFO -   output_dir     : sbert-model
2026-02-20 08:02:54,226 - cyberbully - INFO -   data_dir       : dataset
2026-02-20 08:02:54,226 - cyberbully - INFO -   sbert          : True
2026-02-20 08:02:54,226 - cyberbully - INFO -   overwrite      : False
2026-02-20 08:02:54,226 - cyberbully - INFO -   device         : cuda
2026-02-20 08:02:54,226 - cyberbully - INFO -   output_dir     : experiments/sbert-model/all-MiniLM-L6-v2/kaggle/prep1_aug0/seed_99511865
2026-02-20 08:02:54,226 - cyberbully - INFO - ============================================================
2026-02-20 08:02:54,226 - cyberbully - INFO - Step 1: Preparing data...
2026-02-20 08:02:54,226 - cyberbully - INFO - Loading dataset 'kaggle' from dataset/Kaggle.csv
2026-02-20 08:02:54,283 - cyberbully - INFO - Loaded 47656 samples with 6 classes: ['age', 'ethnicity', 'gender', 'not_cyberbullying', 'other_cyberbullying', 'religion']
2026-02-20 08:02:54,283 - cyberbully - INFO - Applying text preprocessing...
2026-02-20 08:03:46,507 - cyberbully - INFO - After preprocessing: 41387 samples remain
2026-02-20 08:03:46,509 - cyberbully - INFO - Label mapping: {'age': 0, 'ethnicity': 1, 'gender': 2, 'not_cyberbullying': 3, 'other_cyberbullying': 4, 'religion': 5}
2026-02-20 08:03:46,520 - cyberbully - INFO - Split sizes — train: 26487, val: 6622, test: 8278
2026-02-20 08:03:46,520 - cyberbully - INFO - Number of classes: 6
2026-02-20 08:03:46,521 - cyberbully - INFO - Step 2: Loading model and tokenizer...
2026-02-20 08:03:46,521 - cyberbully - INFO - Loading model 'all-MiniLM-L6-v2' with 6 labels (sbert=True)
2026-02-20 08:03:49,097 - cyberbully - INFO - SBERTClassifier: embedding_dim=384, hidden=256, num_labels=6
2026-02-20 08:03:49,407 - cyberbully - INFO - Step 3: Creating datasets...
2026-02-20 08:03:50,277 - cyberbully - INFO - Dataset sizes — train: 26487, val: 6622, test: 8278
2026-02-20 08:03:50,277 - cyberbully - INFO - Step 4: Training...
2026-02-20 08:03:50,319 - cyberbully - INFO - Starting training...
2026-02-20 08:06:00,351 - cyberbully - INFO - Training complete.
2026-02-20 08:06:00,351 - cyberbully - INFO - Step 5: Evaluating on test set...
2026-02-20 08:06:06,233 - cyberbully - INFO - Metrics saved to experiments/sbert-model/all-MiniLM-L6-v2/kaggle/prep1_aug0/seed_99511865/metrics.json
2026-02-20 08:06:06,233 - cyberbully - INFO - Confusion matrix saved to experiments/sbert-model/all-MiniLM-L6-v2/kaggle/prep1_aug0/seed_99511865/confusion_matrix.json
2026-02-20 08:06:06,347 - cyberbully - INFO - Confusion matrix figure saved to experiments/sbert-model/all-MiniLM-L6-v2/kaggle/prep1_aug0/seed_99511865/confusion_matrix.pdf
2026-02-20 08:06:06,347 - cyberbully - INFO - Accuracy: 0.8724
2026-02-20 08:06:06,347 - cyberbully - INFO - Weighted F1: 0.8718
2026-02-20 08:06:06,347 - cyberbully - INFO - Micro F1: 0.8724
2026-02-20 08:06:06,347 - cyberbully - INFO - Inference time: 1.60 seconds
2026-02-20 08:06:06,347 - cyberbully - INFO - Energy consumption: 0.000094 kWh
2026-02-20 08:06:06,347 - cyberbully - INFO - ============================================================
2026-02-20 08:06:06,347 - cyberbully - INFO - Pipeline complete. Results saved to: experiments/sbert-model/all-MiniLM-L6-v2/kaggle/prep1_aug0/seed_99511865
2026-02-20 08:06:06,347 - cyberbully - INFO - ============================================================
