2026-02-18 02:11:09,426 - cyberbully - INFO - ============================================================
2026-02-18 02:11:09,426 - cyberbully - INFO - Cyberbullying Detection Pipeline
2026-02-18 02:11:09,426 - cyberbully - INFO - ============================================================
2026-02-18 02:11:09,426 - cyberbully - INFO - Configuration:
2026-02-18 02:11:09,426 - cyberbully - INFO -   model          : Twitter/twhin-bert-base
2026-02-18 02:11:09,426 - cyberbully - INFO -   dataset        : kaggle
2026-02-18 02:11:09,426 - cyberbully - INFO -   preprocess     : True
2026-02-18 02:11:09,426 - cyberbully - INFO -   augment        : True
2026-02-18 02:11:09,426 - cyberbully - INFO -   compute_attribution: False
2026-02-18 02:11:09,426 - cyberbully - INFO -   seed           : 99511865
2026-02-18 02:11:09,426 - cyberbully - INFO -   epochs         : 5
2026-02-18 02:11:09,426 - cyberbully - INFO -   batch_size     : 16
2026-02-18 02:11:09,426 - cyberbully - INFO -   lr             : 2e-05
2026-02-18 02:11:09,426 - cyberbully - INFO -   max_length     : 128
2026-02-18 02:11:09,426 - cyberbully - INFO -   output_dir     : domain-model
2026-02-18 02:11:09,426 - cyberbully - INFO -   data_dir       : dataset
2026-02-18 02:11:09,426 - cyberbully - INFO -   sbert          : False
2026-02-18 02:11:09,426 - cyberbully - INFO -   overwrite      : False
2026-02-18 02:11:09,426 - cyberbully - INFO -   device         : cuda
2026-02-18 02:11:09,426 - cyberbully - INFO -   output_dir     : experiments/domain-model/Twitter_twhin-bert-base/kaggle/prep1_aug1/seed_99511865
2026-02-18 02:11:09,426 - cyberbully - INFO - ============================================================
2026-02-18 02:11:09,426 - cyberbully - INFO - Step 1: Preparing data...
2026-02-18 02:11:09,426 - cyberbully - INFO - Loading dataset 'kaggle' from dataset/Kaggle.csv
2026-02-18 02:11:09,484 - cyberbully - INFO - Loaded 47656 samples with 6 classes: ['age', 'ethnicity', 'gender', 'not_cyberbullying', 'other_cyberbullying', 'religion']
2026-02-18 02:11:09,484 - cyberbully - INFO - Applying text preprocessing...
2026-02-18 02:12:01,241 - cyberbully - INFO - After preprocessing: 41418 samples remain
2026-02-18 02:12:01,243 - cyberbully - INFO - Label mapping: {'age': 0, 'ethnicity': 1, 'gender': 2, 'not_cyberbullying': 3, 'other_cyberbullying': 4, 'religion': 5}
2026-02-18 02:12:01,255 - cyberbully - INFO - Split sizes — train: 26507, val: 6627, test: 8284
2026-02-18 02:12:01,255 - cyberbully - INFO - Applying training data augmentation (oversampling)...
2026-02-18 02:12:01,260 - cyberbully - INFO - After oversampling — class distribution: {0: 5067, 1: 5067, 2: 5067, 3: 5067, 4: 5067, 5: 5067}
2026-02-18 02:12:01,261 - cyberbully - INFO - Number of classes: 6
2026-02-18 02:12:01,262 - cyberbully - INFO - Step 2: Loading model and tokenizer...
2026-02-18 02:12:01,262 - cyberbully - INFO - Loading model 'Twitter/twhin-bert-base' with 6 labels (sbert=False)
2026-02-18 02:12:02,565 - cyberbully - INFO - Step 3: Creating datasets...
2026-02-18 02:12:03,350 - cyberbully - INFO - Dataset sizes — train: 30402, val: 6627, test: 8284
2026-02-18 02:12:03,350 - cyberbully - INFO - Step 4: Training...
2026-02-18 02:12:03,662 - cyberbully - INFO - Starting training...
2026-02-18 02:25:44,974 - cyberbully - INFO - Training complete.
2026-02-18 02:25:44,974 - cyberbully - INFO - Step 5: Evaluating on test set...
2026-02-18 02:25:56,034 - cyberbully - INFO - Metrics saved to experiments/domain-model/Twitter_twhin-bert-base/kaggle/prep1_aug1/seed_99511865/metrics.json
2026-02-18 02:25:56,034 - cyberbully - INFO - Confusion matrix saved to experiments/domain-model/Twitter_twhin-bert-base/kaggle/prep1_aug1/seed_99511865/confusion_matrix.json
2026-02-18 02:25:56,146 - cyberbully - INFO - Confusion matrix figure saved to experiments/domain-model/Twitter_twhin-bert-base/kaggle/prep1_aug1/seed_99511865/confusion_matrix.pdf
2026-02-18 02:25:56,146 - cyberbully - INFO - Accuracy: 0.8688
2026-02-18 02:25:56,146 - cyberbully - INFO - Weighted F1: 0.8690
2026-02-18 02:25:56,146 - cyberbully - INFO - Micro F1: 0.8688
2026-02-18 02:25:56,146 - cyberbully - INFO - Inference time: 6.75 seconds
2026-02-18 02:25:56,146 - cyberbully - INFO - Energy consumption: 0.000410 kWh
2026-02-18 02:25:56,146 - cyberbully - INFO - ============================================================
2026-02-18 02:25:56,146 - cyberbully - INFO - Pipeline complete. Results saved to: experiments/domain-model/Twitter_twhin-bert-base/kaggle/prep1_aug1/seed_99511865
2026-02-18 02:25:56,146 - cyberbully - INFO - ============================================================
