2026-04-09 17:07:53,452 - cyberbully - INFO - ============================================================
2026-04-09 17:07:53,452 - cyberbully - INFO - Cyberbullying Detection Pipeline
2026-04-09 17:07:53,452 - cyberbully - INFO - ============================================================
2026-04-09 17:07:53,452 - cyberbully - INFO - Configuration:
2026-04-09 17:07:53,452 - cyberbully - INFO -   model          : chandar-lab/NeoBERT
2026-04-09 17:07:53,452 - cyberbully - INFO -   dataset        : ieee
2026-04-09 17:07:53,452 - cyberbully - INFO -   preprocess     : True
2026-04-09 17:07:53,452 - cyberbully - INFO -   augment        : True
2026-04-09 17:07:53,452 - cyberbully - INFO -   compute_attribution: False
2026-04-09 17:07:53,453 - cyberbully - INFO -   seed           : 43782163
2026-04-09 17:07:53,453 - cyberbully - INFO -   epochs         : 10
2026-04-09 17:07:53,453 - cyberbully - INFO -   batch_size     : 32
2026-04-09 17:07:53,453 - cyberbully - INFO -   lr             : 5e-05
2026-04-09 17:07:53,453 - cyberbully - INFO -   max_length     : 128
2026-04-09 17:07:53,453 - cyberbully - INFO -   output_dir     : grid-search
2026-04-09 17:07:53,453 - cyberbully - INFO -   data_dir       : dataset
2026-04-09 17:07:53,453 - cyberbully - INFO -   sbert          : False
2026-04-09 17:07:53,453 - cyberbully - INFO -   supcon         : False
2026-04-09 17:07:53,453 - cyberbully - INFO -   supcon_weight  : 0.1
2026-04-09 17:07:53,453 - cyberbully - INFO -   proj_dim       : 128
2026-04-09 17:07:53,453 - cyberbully - INFO -   grad_accum_steps: 1
2026-04-09 17:07:53,453 - cyberbully - INFO -   overwrite      : False
2026-04-09 17:07:53,453 - cyberbully - INFO -   device         : cuda
2026-04-09 17:07:53,453 - cyberbully - INFO -   output_dir     : experiments/grid-search/chandar-lab_NeoBERT/ieee/prep1_aug1/seed_43782163
2026-04-09 17:07:53,453 - cyberbully - INFO - ============================================================
2026-04-09 17:07:53,453 - cyberbully - INFO - Step 1: Preparing data...
2026-04-09 17:07:53,456 - cyberbully - INFO - Loaded pre-split data from dataset/ieee — train: 1348, val: 338, test: 422
2026-04-09 17:07:53,456 - cyberbully - INFO - Label mapping: {'Cyberstalking': 0, 'Doxing': 1, 'Revenge Porn': 2, 'Sexual Harassment': 3, 'Slut Shaming': 4}
2026-04-09 17:07:53,456 - cyberbully - INFO - Applying text preprocessing per split...
2026-04-09 17:07:57,497 - cyberbully - INFO - After preprocessing — train: 1175, val: 303, test: 377
2026-04-09 17:07:57,498 - cyberbully - INFO - Applying training data augmentation (oversampling)...
2026-04-09 17:07:57,500 - cyberbully - INFO - After oversampling — class distribution: {0: 286, 1: 286, 2: 286, 3: 286, 4: 286}
2026-04-09 17:07:57,501 - cyberbully - INFO - Number of classes: 5
2026-04-09 17:07:57,502 - cyberbully - INFO - Step 2: Loading model and tokenizer...
2026-04-09 17:07:57,502 - cyberbully - INFO - Loading model 'chandar-lab/NeoBERT' with 5 labels (sbert=False, supcon=False)
2026-04-09 17:08:07,722 - cyberbully - INFO - Step 3: Creating datasets...
2026-04-09 17:08:07,752 - cyberbully - INFO - Dataset sizes — train: 1430, val: 303, test: 377
2026-04-09 17:08:07,752 - cyberbully - INFO - Step 4: Training...
2026-04-09 17:08:08,036 - cyberbully - INFO - Starting training...
2026-04-09 17:10:50,223 - cyberbully - INFO - Training complete.
2026-04-09 17:10:50,667 - cyberbully - INFO - Removed checkpoint: experiments/grid-search/chandar-lab_NeoBERT/ieee/prep1_aug1/seed_43782163/checkpoint-90
2026-04-09 17:10:50,800 - cyberbully - INFO - Removed checkpoint: experiments/grid-search/chandar-lab_NeoBERT/ieee/prep1_aug1/seed_43782163/checkpoint-180
2026-04-09 17:10:51,087 - cyberbully - INFO - Removed checkpoint: experiments/grid-search/chandar-lab_NeoBERT/ieee/prep1_aug1/seed_43782163/checkpoint-225
2026-04-09 17:10:52,040 - cyberbully - INFO - Removed checkpoint: experiments/grid-search/chandar-lab_NeoBERT/ieee/prep1_aug1/seed_43782163/checkpoint-135
2026-04-09 17:10:52,180 - cyberbully - INFO - Removed checkpoint: experiments/grid-search/chandar-lab_NeoBERT/ieee/prep1_aug1/seed_43782163/checkpoint-315
2026-04-09 17:10:52,329 - cyberbully - INFO - Removed checkpoint: experiments/grid-search/chandar-lab_NeoBERT/ieee/prep1_aug1/seed_43782163/checkpoint-450
2026-04-09 17:10:52,465 - cyberbully - INFO - Removed checkpoint: experiments/grid-search/chandar-lab_NeoBERT/ieee/prep1_aug1/seed_43782163/checkpoint-360
2026-04-09 17:10:52,595 - cyberbully - INFO - Removed checkpoint: experiments/grid-search/chandar-lab_NeoBERT/ieee/prep1_aug1/seed_43782163/checkpoint-45
2026-04-09 17:10:53,012 - cyberbully - INFO - Removed checkpoint: experiments/grid-search/chandar-lab_NeoBERT/ieee/prep1_aug1/seed_43782163/checkpoint-270
2026-04-09 17:10:53,159 - cyberbully - INFO - Removed checkpoint: experiments/grid-search/chandar-lab_NeoBERT/ieee/prep1_aug1/seed_43782163/checkpoint-405
2026-04-09 17:10:53,159 - cyberbully - INFO - Step 5: Evaluating on test set...
2026-04-09 17:10:58,407 - cyberbully - INFO - Metrics saved to experiments/grid-search/chandar-lab_NeoBERT/ieee/prep1_aug1/seed_43782163/metrics.json
2026-04-09 17:10:58,407 - cyberbully - INFO - Confusion matrix saved to experiments/grid-search/chandar-lab_NeoBERT/ieee/prep1_aug1/seed_43782163/confusion_matrix.json
2026-04-09 17:10:58,411 - cyberbully - INFO - Per-sample predictions saved to experiments/grid-search/chandar-lab_NeoBERT/ieee/prep1_aug1/seed_43782163/predictions.json
2026-04-09 17:10:58,512 - cyberbully - INFO - Confusion matrix figure saved to experiments/grid-search/chandar-lab_NeoBERT/ieee/prep1_aug1/seed_43782163/confusion_matrix.pdf
2026-04-09 17:10:58,512 - cyberbully - INFO - Accuracy: 0.8249
2026-04-09 17:10:58,512 - cyberbully - INFO - Weighted F1: 0.8254
2026-04-09 17:10:58,512 - cyberbully - INFO - Micro F1: 0.8249
2026-04-09 17:10:58,512 - cyberbully - INFO - Inference time: 0.58 seconds
2026-04-09 17:10:58,512 - cyberbully - INFO - Energy consumption: 0.000039 kWh
2026-04-09 17:10:58,512 - cyberbully - INFO - ============================================================
2026-04-09 17:10:58,512 - cyberbully - INFO - Pipeline complete. Results saved to: experiments/grid-search/chandar-lab_NeoBERT/ieee/prep1_aug1/seed_43782163
2026-04-09 17:10:58,512 - cyberbully - INFO - ============================================================
