2026-03-20 16:08:34,681 - cyberbully - INFO - ============================================================
2026-03-20 16:08:34,681 - cyberbully - INFO - Cyberbullying Detection Pipeline
2026-03-20 16:08:34,681 - cyberbully - INFO - ============================================================
2026-03-20 16:08:34,681 - cyberbully - INFO - Configuration:
2026-03-20 16:08:34,681 - cyberbully - INFO -   model          : GroNLP/hateBERT
2026-03-20 16:08:34,681 - cyberbully - INFO -   dataset        : ieee
2026-03-20 16:08:34,681 - cyberbully - INFO -   preprocess     : False
2026-03-20 16:08:34,681 - cyberbully - INFO -   augment        : False
2026-03-20 16:08:34,681 - cyberbully - INFO -   compute_attribution: False
2026-03-20 16:08:34,681 - cyberbully - INFO -   seed           : 14298463
2026-03-20 16:08:34,681 - cyberbully - INFO -   epochs         : 10
2026-03-20 16:08:34,681 - cyberbully - INFO -   batch_size     : 32
2026-03-20 16:08:34,681 - cyberbully - INFO -   lr             : 5e-05
2026-03-20 16:08:34,681 - cyberbully - INFO -   max_length     : 128
2026-03-20 16:08:34,681 - cyberbully - INFO -   output_dir     : grid-search
2026-03-20 16:08:34,681 - cyberbully - INFO -   data_dir       : dataset
2026-03-20 16:08:34,681 - cyberbully - INFO -   sbert          : False
2026-03-20 16:08:34,681 - cyberbully - INFO -   supcon         : False
2026-03-20 16:08:34,681 - cyberbully - INFO -   supcon_weight  : 0.1
2026-03-20 16:08:34,681 - cyberbully - INFO -   proj_dim       : 128
2026-03-20 16:08:34,681 - cyberbully - INFO -   grad_accum_steps: 1
2026-03-20 16:08:34,681 - cyberbully - INFO -   overwrite      : False
2026-03-20 16:08:34,681 - cyberbully - INFO -   device         : cuda
2026-03-20 16:08:34,681 - cyberbully - INFO -   output_dir     : experiments/grid-search/GroNLP_hateBERT/ieee/prep0_aug0/seed_14298463
2026-03-20 16:08:34,681 - cyberbully - INFO - ============================================================
2026-03-20 16:08:34,681 - cyberbully - INFO - Step 1: Preparing data...
2026-03-20 16:08:34,685 - cyberbully - INFO - Loaded pre-split data from dataset/ieee — train: 1348, val: 338, test: 422
2026-03-20 16:08:34,685 - cyberbully - INFO - Label mapping: {'Cyberstalking': 0, 'Doxing': 1, 'Revenge Porn': 2, 'Sexual Harassment': 3, 'Slut Shaming': 4}
2026-03-20 16:08:34,687 - cyberbully - INFO - Number of classes: 5
2026-03-20 16:08:34,688 - cyberbully - INFO - Step 2: Loading model and tokenizer...
2026-03-20 16:08:34,688 - cyberbully - INFO - Loading model 'GroNLP/hateBERT' with 5 labels (sbert=False, supcon=False)
2026-03-20 16:08:47,352 - cyberbully - INFO - Step 3: Creating datasets...
2026-03-20 16:08:47,377 - cyberbully - INFO - Dataset sizes — train: 1348, val: 338, test: 422
2026-03-20 16:08:47,377 - cyberbully - INFO - Step 4: Training...
2026-03-20 16:08:47,506 - cyberbully - INFO - Starting training...
2026-03-20 16:11:00,399 - cyberbully - INFO - Training complete.
2026-03-20 16:11:00,479 - cyberbully - INFO - Removed checkpoint: experiments/grid-search/GroNLP_hateBERT/ieee/prep0_aug0/seed_14298463/checkpoint-215
2026-03-20 16:11:00,570 - cyberbully - INFO - Removed checkpoint: experiments/grid-search/GroNLP_hateBERT/ieee/prep0_aug0/seed_14298463/checkpoint-387
2026-03-20 16:11:00,652 - cyberbully - INFO - Removed checkpoint: experiments/grid-search/GroNLP_hateBERT/ieee/prep0_aug0/seed_14298463/checkpoint-86
2026-03-20 16:11:00,734 - cyberbully - INFO - Removed checkpoint: experiments/grid-search/GroNLP_hateBERT/ieee/prep0_aug0/seed_14298463/checkpoint-129
2026-03-20 16:11:01,173 - cyberbully - INFO - Removed checkpoint: experiments/grid-search/GroNLP_hateBERT/ieee/prep0_aug0/seed_14298463/checkpoint-344
2026-03-20 16:11:01,253 - cyberbully - INFO - Removed checkpoint: experiments/grid-search/GroNLP_hateBERT/ieee/prep0_aug0/seed_14298463/checkpoint-258
2026-03-20 16:11:01,340 - cyberbully - INFO - Removed checkpoint: experiments/grid-search/GroNLP_hateBERT/ieee/prep0_aug0/seed_14298463/checkpoint-43
2026-03-20 16:11:01,421 - cyberbully - INFO - Removed checkpoint: experiments/grid-search/GroNLP_hateBERT/ieee/prep0_aug0/seed_14298463/checkpoint-301
2026-03-20 16:11:01,504 - cyberbully - INFO - Removed checkpoint: experiments/grid-search/GroNLP_hateBERT/ieee/prep0_aug0/seed_14298463/checkpoint-172
2026-03-20 16:11:01,583 - cyberbully - INFO - Removed checkpoint: experiments/grid-search/GroNLP_hateBERT/ieee/prep0_aug0/seed_14298463/checkpoint-430
2026-03-20 16:11:01,584 - cyberbully - INFO - Step 5: Evaluating on test set...
2026-03-20 16:11:06,964 - cyberbully - INFO - Metrics saved to experiments/grid-search/GroNLP_hateBERT/ieee/prep0_aug0/seed_14298463/metrics.json
2026-03-20 16:11:06,964 - cyberbully - INFO - Confusion matrix saved to experiments/grid-search/GroNLP_hateBERT/ieee/prep0_aug0/seed_14298463/confusion_matrix.json
2026-03-20 16:11:06,969 - cyberbully - INFO - Per-sample predictions saved to experiments/grid-search/GroNLP_hateBERT/ieee/prep0_aug0/seed_14298463/predictions.json
2026-03-20 16:11:07,078 - cyberbully - INFO - Confusion matrix figure saved to experiments/grid-search/GroNLP_hateBERT/ieee/prep0_aug0/seed_14298463/confusion_matrix.pdf
2026-03-20 16:11:07,078 - cyberbully - INFO - Accuracy: 0.8555
2026-03-20 16:11:07,078 - cyberbully - INFO - Weighted F1: 0.8564
2026-03-20 16:11:07,078 - cyberbully - INFO - Micro F1: 0.8555
2026-03-20 16:11:07,078 - cyberbully - INFO - Inference time: 0.19 seconds
2026-03-20 16:11:07,078 - cyberbully - INFO - Energy consumption: 0.000017 kWh
2026-03-20 16:11:07,078 - cyberbully - INFO - ============================================================
2026-03-20 16:11:07,078 - cyberbully - INFO - Pipeline complete. Results saved to: experiments/grid-search/GroNLP_hateBERT/ieee/prep0_aug0/seed_14298463
2026-03-20 16:11:07,078 - cyberbully - INFO - ============================================================
