2026-03-21 15:21:13,643 - cyberbully - INFO - ============================================================
2026-03-21 15:21:13,643 - cyberbully - INFO - Cyberbullying Detection Pipeline
2026-03-21 15:21:13,643 - cyberbully - INFO - ============================================================
2026-03-21 15:21:13,643 - cyberbully - INFO - Configuration:
2026-03-21 15:21:13,643 - cyberbully - INFO -   model          : distilbert-base-cased
2026-03-21 15:21:13,643 - cyberbully - INFO -   dataset        : ieee
2026-03-21 15:21:13,643 - cyberbully - INFO -   preprocess     : True
2026-03-21 15:21:13,643 - cyberbully - INFO -   augment        : True
2026-03-21 15:21:13,643 - cyberbully - INFO -   compute_attribution: False
2026-03-21 15:21:13,643 - cyberbully - INFO -   seed           : 52680723
2026-03-21 15:21:13,643 - cyberbully - INFO -   epochs         : 10
2026-03-21 15:21:13,643 - cyberbully - INFO -   batch_size     : 32
2026-03-21 15:21:13,643 - cyberbully - INFO -   lr             : 5e-05
2026-03-21 15:21:13,643 - cyberbully - INFO -   max_length     : 128
2026-03-21 15:21:13,643 - cyberbully - INFO -   output_dir     : grid-search
2026-03-21 15:21:13,643 - cyberbully - INFO -   data_dir       : dataset
2026-03-21 15:21:13,643 - cyberbully - INFO -   sbert          : False
2026-03-21 15:21:13,643 - cyberbully - INFO -   supcon         : False
2026-03-21 15:21:13,643 - cyberbully - INFO -   supcon_weight  : 0.1
2026-03-21 15:21:13,643 - cyberbully - INFO -   proj_dim       : 128
2026-03-21 15:21:13,643 - cyberbully - INFO -   grad_accum_steps: 1
2026-03-21 15:21:13,643 - cyberbully - INFO -   overwrite      : False
2026-03-21 15:21:13,643 - cyberbully - INFO -   device         : cuda
2026-03-21 15:21:13,644 - cyberbully - INFO -   output_dir     : experiments/grid-search/distilbert-base-cased/ieee/prep1_aug1/seed_52680723
2026-03-21 15:21:13,644 - cyberbully - INFO - ============================================================
2026-03-21 15:21:13,644 - cyberbully - INFO - Step 1: Preparing data...
2026-03-21 15:21:13,647 - cyberbully - INFO - Loaded pre-split data from dataset/ieee — train: 1348, val: 338, test: 422
2026-03-21 15:21:13,647 - cyberbully - INFO - Label mapping: {'Cyberstalking': 0, 'Doxing': 1, 'Revenge Porn': 2, 'Sexual Harassment': 3, 'Slut Shaming': 4}
2026-03-21 15:21:13,647 - cyberbully - INFO - Applying text preprocessing per split...
2026-03-21 15:21:16,719 - cyberbully - INFO - After preprocessing — train: 1177, val: 304, test: 378
2026-03-21 15:21:16,720 - cyberbully - INFO - Applying training data augmentation (oversampling)...
2026-03-21 15:21:16,721 - cyberbully - INFO - After oversampling — class distribution: {0: 287, 1: 287, 2: 287, 3: 287, 4: 287}
2026-03-21 15:21:16,722 - cyberbully - INFO - Number of classes: 5
2026-03-21 15:21:16,723 - cyberbully - INFO - Step 2: Loading model and tokenizer...
2026-03-21 15:21:16,723 - cyberbully - INFO - Loading model 'distilbert-base-cased' with 5 labels (sbert=False, supcon=False)
2026-03-21 15:21:17,414 - cyberbully - INFO - Step 3: Creating datasets...
2026-03-21 15:21:17,437 - cyberbully - INFO - Dataset sizes — train: 1435, val: 304, test: 378
2026-03-21 15:21:17,437 - cyberbully - INFO - Step 4: Training...
2026-03-21 15:21:17,658 - cyberbully - INFO - Starting training...
2026-03-21 15:21:45,519 - cyberbully - INFO - Training complete.
2026-03-21 15:21:45,565 - cyberbully - INFO - Removed checkpoint: experiments/grid-search/distilbert-base-cased/ieee/prep1_aug1/seed_52680723/checkpoint-90
2026-03-21 15:21:45,610 - cyberbully - INFO - Removed checkpoint: experiments/grid-search/distilbert-base-cased/ieee/prep1_aug1/seed_52680723/checkpoint-180
2026-03-21 15:21:46,204 - cyberbully - INFO - Removed checkpoint: experiments/grid-search/distilbert-base-cased/ieee/prep1_aug1/seed_52680723/checkpoint-225
2026-03-21 15:21:46,248 - cyberbully - INFO - Removed checkpoint: experiments/grid-search/distilbert-base-cased/ieee/prep1_aug1/seed_52680723/checkpoint-135
2026-03-21 15:21:46,292 - cyberbully - INFO - Removed checkpoint: experiments/grid-search/distilbert-base-cased/ieee/prep1_aug1/seed_52680723/checkpoint-315
2026-03-21 15:21:46,336 - cyberbully - INFO - Removed checkpoint: experiments/grid-search/distilbert-base-cased/ieee/prep1_aug1/seed_52680723/checkpoint-450
2026-03-21 15:21:46,381 - cyberbully - INFO - Removed checkpoint: experiments/grid-search/distilbert-base-cased/ieee/prep1_aug1/seed_52680723/checkpoint-360
2026-03-21 15:21:46,428 - cyberbully - INFO - Removed checkpoint: experiments/grid-search/distilbert-base-cased/ieee/prep1_aug1/seed_52680723/checkpoint-45
2026-03-21 15:21:47,279 - cyberbully - INFO - Removed checkpoint: experiments/grid-search/distilbert-base-cased/ieee/prep1_aug1/seed_52680723/checkpoint-270
2026-03-21 15:21:47,332 - cyberbully - INFO - Removed checkpoint: experiments/grid-search/distilbert-base-cased/ieee/prep1_aug1/seed_52680723/checkpoint-405
2026-03-21 15:21:47,332 - cyberbully - INFO - Step 5: Evaluating on test set...
2026-03-21 15:21:51,726 - cyberbully - INFO - Metrics saved to experiments/grid-search/distilbert-base-cased/ieee/prep1_aug1/seed_52680723/metrics.json
2026-03-21 15:21:51,726 - cyberbully - INFO - Confusion matrix saved to experiments/grid-search/distilbert-base-cased/ieee/prep1_aug1/seed_52680723/confusion_matrix.json
2026-03-21 15:21:51,730 - cyberbully - INFO - Per-sample predictions saved to experiments/grid-search/distilbert-base-cased/ieee/prep1_aug1/seed_52680723/predictions.json
2026-03-21 15:21:51,830 - cyberbully - INFO - Confusion matrix figure saved to experiments/grid-search/distilbert-base-cased/ieee/prep1_aug1/seed_52680723/confusion_matrix.pdf
2026-03-21 15:21:51,830 - cyberbully - INFO - Accuracy: 0.8122
2026-03-21 15:21:51,830 - cyberbully - INFO - Weighted F1: 0.8119
2026-03-21 15:21:51,830 - cyberbully - INFO - Micro F1: 0.8122
2026-03-21 15:21:51,830 - cyberbully - INFO - Inference time: 0.15 seconds
2026-03-21 15:21:51,830 - cyberbully - INFO - Energy consumption: 0.000005 kWh
2026-03-21 15:21:51,830 - cyberbully - INFO - ============================================================
2026-03-21 15:21:51,830 - cyberbully - INFO - Pipeline complete. Results saved to: experiments/grid-search/distilbert-base-cased/ieee/prep1_aug1/seed_52680723
2026-03-21 15:21:51,830 - cyberbully - INFO - ============================================================
