2026-03-22 19:05:49,363 - cyberbully - INFO - Model 'all-distilroberta-v1' detected as SBERT-based. Using SBERTClassifier pipeline.
2026-03-22 19:05:49,364 - cyberbully - INFO - ============================================================
2026-03-22 19:05:49,364 - cyberbully - INFO - Cyberbullying Detection Pipeline
2026-03-22 19:05:49,364 - cyberbully - INFO - ============================================================
2026-03-22 19:05:49,364 - cyberbully - INFO - Configuration:
2026-03-22 19:05:49,364 - cyberbully - INFO -   model          : all-distilroberta-v1
2026-03-22 19:05:49,364 - cyberbully - INFO -   dataset        : kaggle
2026-03-22 19:05:49,364 - cyberbully - INFO -   preprocess     : True
2026-03-22 19:05:49,364 - cyberbully - INFO -   augment        : True
2026-03-22 19:05:49,364 - cyberbully - INFO -   compute_attribution: False
2026-03-22 19:05:49,364 - cyberbully - INFO -   seed           : 37622020
2026-03-22 19:05:49,364 - cyberbully - INFO -   epochs         : 10
2026-03-22 19:05:49,364 - cyberbully - INFO -   batch_size     : 32
2026-03-22 19:05:49,364 - cyberbully - INFO -   lr             : 5e-05
2026-03-22 19:05:49,364 - cyberbully - INFO -   max_length     : 128
2026-03-22 19:05:49,364 - cyberbully - INFO -   output_dir     : grid-search
2026-03-22 19:05:49,364 - cyberbully - INFO -   data_dir       : dataset
2026-03-22 19:05:49,364 - cyberbully - INFO -   sbert          : True
2026-03-22 19:05:49,364 - cyberbully - INFO -   supcon         : False
2026-03-22 19:05:49,364 - cyberbully - INFO -   supcon_weight  : 0.1
2026-03-22 19:05:49,364 - cyberbully - INFO -   proj_dim       : 128
2026-03-22 19:05:49,364 - cyberbully - INFO -   grad_accum_steps: 1
2026-03-22 19:05:49,364 - cyberbully - INFO -   overwrite      : False
2026-03-22 19:05:49,364 - cyberbully - INFO -   device         : cuda
2026-03-22 19:05:49,364 - cyberbully - INFO -   output_dir     : experiments/grid-search/all-distilroberta-v1/kaggle/prep1_aug1/seed_37622020
2026-03-22 19:05:49,364 - cyberbully - INFO - ============================================================
2026-03-22 19:05:49,364 - cyberbully - INFO - Step 1: Preparing data...
2026-03-22 19:05:49,416 - cyberbully - INFO - Loaded pre-split data from dataset/kaggle — train: 30499, val: 7625, test: 9532
2026-03-22 19:05:49,416 - cyberbully - INFO - Label mapping: {'age': 0, 'ethnicity': 1, 'gender': 2, 'not_cyberbullying': 3, 'other_cyberbullying': 4, 'religion': 5}
2026-03-22 19:05:49,416 - cyberbully - INFO - Applying text preprocessing per split...
2026-03-22 19:06:44,475 - cyberbully - INFO - After preprocessing — train: 26854, val: 6834, test: 8539
2026-03-22 19:06:44,477 - cyberbully - INFO - Applying training data augmentation (oversampling)...
2026-03-22 19:06:44,482 - cyberbully - INFO - After oversampling — class distribution: {0: 5071, 1: 5071, 2: 5071, 3: 5071, 4: 5071, 5: 5071}
2026-03-22 19:06:44,492 - cyberbully - INFO - Number of classes: 6
2026-03-22 19:06:44,493 - cyberbully - INFO - Step 2: Loading model and tokenizer...
2026-03-22 19:06:44,493 - cyberbully - INFO - Loading model 'all-distilroberta-v1' with 6 labels (sbert=True, supcon=False)
2026-03-22 19:06:47,834 - cyberbully - INFO - SBERTClassifier: embedding_dim=768, hidden=256, proj_dim=None, num_labels=6
2026-03-22 19:06:48,169 - cyberbully - INFO - Step 3: Creating datasets...
2026-03-22 19:06:48,840 - cyberbully - INFO - Dataset sizes — train: 30426, val: 6834, test: 8539
2026-03-22 19:06:48,840 - cyberbully - INFO - Step 4: Training...
2026-03-22 19:06:48,843 - cyberbully - INFO - Starting training...
2026-03-22 19:13:27,662 - cyberbully - INFO - Training complete.
2026-03-22 19:13:27,725 - cyberbully - INFO - Removed checkpoint: experiments/grid-search/all-distilroberta-v1/kaggle/prep1_aug1/seed_37622020/checkpoint-1902
2026-03-22 19:13:27,784 - cyberbully - INFO - Removed checkpoint: experiments/grid-search/all-distilroberta-v1/kaggle/prep1_aug1/seed_37622020/checkpoint-3804
2026-03-22 19:13:27,845 - cyberbully - INFO - Removed checkpoint: experiments/grid-search/all-distilroberta-v1/kaggle/prep1_aug1/seed_37622020/checkpoint-2853
2026-03-22 19:13:27,903 - cyberbully - INFO - Removed checkpoint: experiments/grid-search/all-distilroberta-v1/kaggle/prep1_aug1/seed_37622020/checkpoint-7608
2026-03-22 19:13:27,961 - cyberbully - INFO - Removed checkpoint: experiments/grid-search/all-distilroberta-v1/kaggle/prep1_aug1/seed_37622020/checkpoint-5706
2026-03-22 19:13:28,021 - cyberbully - INFO - Removed checkpoint: experiments/grid-search/all-distilroberta-v1/kaggle/prep1_aug1/seed_37622020/checkpoint-6657
2026-03-22 19:13:28,081 - cyberbully - INFO - Removed checkpoint: experiments/grid-search/all-distilroberta-v1/kaggle/prep1_aug1/seed_37622020/checkpoint-4755
2026-03-22 19:13:28,140 - cyberbully - INFO - Removed checkpoint: experiments/grid-search/all-distilroberta-v1/kaggle/prep1_aug1/seed_37622020/checkpoint-9510
2026-03-22 19:13:28,199 - cyberbully - INFO - Removed checkpoint: experiments/grid-search/all-distilroberta-v1/kaggle/prep1_aug1/seed_37622020/checkpoint-8559
2026-03-22 19:13:28,262 - cyberbully - INFO - Removed checkpoint: experiments/grid-search/all-distilroberta-v1/kaggle/prep1_aug1/seed_37622020/checkpoint-951
2026-03-22 19:13:28,262 - cyberbully - INFO - Step 5: Evaluating on test set...
2026-03-22 19:13:34,443 - cyberbully - INFO - Metrics saved to experiments/grid-search/all-distilroberta-v1/kaggle/prep1_aug1/seed_37622020/metrics.json
2026-03-22 19:13:34,443 - cyberbully - INFO - Confusion matrix saved to experiments/grid-search/all-distilroberta-v1/kaggle/prep1_aug1/seed_37622020/confusion_matrix.json
2026-03-22 19:13:34,533 - cyberbully - INFO - Per-sample predictions saved to experiments/grid-search/all-distilroberta-v1/kaggle/prep1_aug1/seed_37622020/predictions.json
2026-03-22 19:13:34,649 - cyberbully - INFO - Confusion matrix figure saved to experiments/grid-search/all-distilroberta-v1/kaggle/prep1_aug1/seed_37622020/confusion_matrix.pdf
2026-03-22 19:13:34,649 - cyberbully - INFO - Accuracy: 0.8543
2026-03-22 19:13:34,649 - cyberbully - INFO - Weighted F1: 0.8559
2026-03-22 19:13:34,649 - cyberbully - INFO - Micro F1: 0.8543
2026-03-22 19:13:34,649 - cyberbully - INFO - Inference time: 1.98 seconds
2026-03-22 19:13:34,649 - cyberbully - INFO - Energy consumption: 0.000102 kWh
2026-03-22 19:13:34,651 - cyberbully - INFO - ============================================================
2026-03-22 19:13:34,651 - cyberbully - INFO - Pipeline complete. Results saved to: experiments/grid-search/all-distilroberta-v1/kaggle/prep1_aug1/seed_37622020
2026-03-22 19:13:34,651 - cyberbully - INFO - ============================================================
