2026-03-25 09:28:48,332 - cyberbully - INFO - ============================================================
2026-03-25 09:28:48,332 - cyberbully - INFO - Cyberbullying Detection Pipeline
2026-03-25 09:28:48,332 - cyberbully - INFO - ============================================================
2026-03-25 09:28:48,332 - cyberbully - INFO - Configuration:
2026-03-25 09:28:48,332 - cyberbully - INFO -   model          : sarkerlab/SocBERT-base
2026-03-25 09:28:48,332 - cyberbully - INFO -   dataset        : kaggle
2026-03-25 09:28:48,332 - cyberbully - INFO -   preprocess     : True
2026-03-25 09:28:48,332 - cyberbully - INFO -   augment        : True
2026-03-25 09:28:48,332 - cyberbully - INFO -   compute_attribution: False
2026-03-25 09:28:48,332 - cyberbully - INFO -   seed           : 24677315
2026-03-25 09:28:48,332 - cyberbully - INFO -   epochs         : 10
2026-03-25 09:28:48,332 - cyberbully - INFO -   batch_size     : 32
2026-03-25 09:28:48,332 - cyberbully - INFO -   lr             : 5e-05
2026-03-25 09:28:48,332 - cyberbully - INFO -   max_length     : 128
2026-03-25 09:28:48,332 - cyberbully - INFO -   output_dir     : grid-search
2026-03-25 09:28:48,332 - cyberbully - INFO -   data_dir       : dataset
2026-03-25 09:28:48,332 - cyberbully - INFO -   sbert          : False
2026-03-25 09:28:48,332 - cyberbully - INFO -   supcon         : False
2026-03-25 09:28:48,332 - cyberbully - INFO -   supcon_weight  : 0.1
2026-03-25 09:28:48,332 - cyberbully - INFO -   proj_dim       : 128
2026-03-25 09:28:48,332 - cyberbully - INFO -   grad_accum_steps: 1
2026-03-25 09:28:48,332 - cyberbully - INFO -   overwrite      : False
2026-03-25 09:28:48,332 - cyberbully - INFO -   device         : cuda
2026-03-25 09:28:48,332 - cyberbully - INFO -   output_dir     : experiments/grid-search/sarkerlab_SocBERT-base/kaggle/prep1_aug1/seed_24677315
2026-03-25 09:28:48,332 - cyberbully - INFO - ============================================================
2026-03-25 09:28:48,332 - cyberbully - INFO - Step 1: Preparing data...
2026-03-25 09:28:48,382 - cyberbully - INFO - Loaded pre-split data from dataset/kaggle — train: 25604, val: 6401, test: 8002
2026-03-25 09:28:48,382 - cyberbully - INFO - Label mapping: {'age': 0, 'ethnicity': 1, 'gender': 2, 'other_cyberbullying': 3, 'religion': 4}
2026-03-25 09:28:48,382 - cyberbully - INFO - Applying text preprocessing per split...
2026-03-25 09:29:31,855 - cyberbully - INFO - After preprocessing — train: 23558, val: 5983, test: 7425
2026-03-25 09:29:31,857 - cyberbully - INFO - Applying training data augmentation (oversampling)...
2026-03-25 09:29:31,861 - cyberbully - INFO - After oversampling — class distribution: {0: 5071, 1: 5071, 2: 5071, 3: 5071, 4: 5071}
2026-03-25 09:29:31,871 - cyberbully - INFO - Number of classes: 5
2026-03-25 09:29:31,872 - cyberbully - INFO - Step 2: Loading model and tokenizer...
2026-03-25 09:29:31,872 - cyberbully - INFO - Loading model 'sarkerlab/SocBERT-base' with 5 labels (sbert=False, supcon=False)
2026-03-25 09:29:33,057 - cyberbully - INFO - Step 3: Creating datasets...
2026-03-25 09:29:33,588 - cyberbully - INFO - Dataset sizes — train: 25355, val: 5983, test: 7425
2026-03-25 09:29:33,588 - cyberbully - INFO - Step 4: Training...
2026-03-25 09:29:33,852 - cyberbully - INFO - Starting training...
2026-03-25 09:42:21,976 - cyberbully - INFO - Training complete.
2026-03-25 09:42:22,057 - cyberbully - INFO - Removed checkpoint: experiments/grid-search/sarkerlab_SocBERT-base/kaggle/prep1_aug1/seed_24677315/checkpoint-5551
2026-03-25 09:42:22,140 - cyberbully - INFO - Removed checkpoint: experiments/grid-search/sarkerlab_SocBERT-base/kaggle/prep1_aug1/seed_24677315/checkpoint-3965
2026-03-25 09:42:22,226 - cyberbully - INFO - Removed checkpoint: experiments/grid-search/sarkerlab_SocBERT-base/kaggle/prep1_aug1/seed_24677315/checkpoint-1586
2026-03-25 09:42:22,307 - cyberbully - INFO - Removed checkpoint: experiments/grid-search/sarkerlab_SocBERT-base/kaggle/prep1_aug1/seed_24677315/checkpoint-4758
2026-03-25 09:42:22,389 - cyberbully - INFO - Removed checkpoint: experiments/grid-search/sarkerlab_SocBERT-base/kaggle/prep1_aug1/seed_24677315/checkpoint-7137
2026-03-25 09:42:22,486 - cyberbully - INFO - Removed checkpoint: experiments/grid-search/sarkerlab_SocBERT-base/kaggle/prep1_aug1/seed_24677315/checkpoint-7930
2026-03-25 09:42:22,570 - cyberbully - INFO - Removed checkpoint: experiments/grid-search/sarkerlab_SocBERT-base/kaggle/prep1_aug1/seed_24677315/checkpoint-3172
2026-03-25 09:42:22,654 - cyberbully - INFO - Removed checkpoint: experiments/grid-search/sarkerlab_SocBERT-base/kaggle/prep1_aug1/seed_24677315/checkpoint-2379
2026-03-25 09:42:22,741 - cyberbully - INFO - Removed checkpoint: experiments/grid-search/sarkerlab_SocBERT-base/kaggle/prep1_aug1/seed_24677315/checkpoint-793
2026-03-25 09:42:22,823 - cyberbully - INFO - Removed checkpoint: experiments/grid-search/sarkerlab_SocBERT-base/kaggle/prep1_aug1/seed_24677315/checkpoint-6344
2026-03-25 09:42:22,823 - cyberbully - INFO - Step 5: Evaluating on test set...
2026-03-25 09:42:32,581 - cyberbully - INFO - Metrics saved to experiments/grid-search/sarkerlab_SocBERT-base/kaggle/prep1_aug1/seed_24677315/metrics.json
2026-03-25 09:42:32,581 - cyberbully - INFO - Confusion matrix saved to experiments/grid-search/sarkerlab_SocBERT-base/kaggle/prep1_aug1/seed_24677315/confusion_matrix.json
2026-03-25 09:42:32,650 - cyberbully - INFO - Per-sample predictions saved to experiments/grid-search/sarkerlab_SocBERT-base/kaggle/prep1_aug1/seed_24677315/predictions.json
2026-03-25 09:42:32,752 - cyberbully - INFO - Confusion matrix figure saved to experiments/grid-search/sarkerlab_SocBERT-base/kaggle/prep1_aug1/seed_24677315/confusion_matrix.pdf
2026-03-25 09:42:32,752 - cyberbully - INFO - Accuracy: 0.9538
2026-03-25 09:42:32,752 - cyberbully - INFO - Weighted F1: 0.9539
2026-03-25 09:42:32,752 - cyberbully - INFO - Micro F1: 0.9538
2026-03-25 09:42:32,752 - cyberbully - INFO - Inference time: 5.45 seconds
2026-03-25 09:42:32,752 - cyberbully - INFO - Energy consumption: 0.000362 kWh
2026-03-25 09:42:32,753 - cyberbully - INFO - ============================================================
2026-03-25 09:42:32,753 - cyberbully - INFO - Pipeline complete. Results saved to: experiments/grid-search/sarkerlab_SocBERT-base/kaggle/prep1_aug1/seed_24677315
2026-03-25 09:42:32,753 - cyberbully - INFO - ============================================================
