2026-04-12 14:06:33,782 - cyberbully - INFO - ============================================================
2026-04-12 14:06:33,782 - cyberbully - INFO - Cyberbullying Detection Pipeline
2026-04-12 14:06:33,782 - cyberbully - INFO - ============================================================
2026-04-12 14:06:33,782 - cyberbully - INFO - Configuration:
2026-04-12 14:06:33,782 - cyberbully - INFO -   model          : roberta-base
2026-04-12 14:06:33,782 - cyberbully - INFO -   dataset        : tweeteval
2026-04-12 14:06:33,782 - cyberbully - INFO -   preprocess     : False
2026-04-12 14:06:33,782 - cyberbully - INFO -   augment        : False
2026-04-12 14:06:33,783 - cyberbully - INFO -   compute_attribution: False
2026-04-12 14:06:33,783 - cyberbully - INFO -   seed           : 24677315
2026-04-12 14:06:33,783 - cyberbully - INFO -   epochs         : 10
2026-04-12 14:06:33,783 - cyberbully - INFO -   batch_size     : 32
2026-04-12 14:06:33,783 - cyberbully - INFO -   lr             : 5e-05
2026-04-12 14:06:33,783 - cyberbully - INFO -   max_length     : 128
2026-04-12 14:06:33,783 - cyberbully - INFO -   output_dir     : grid-search
2026-04-12 14:06:33,783 - cyberbully - INFO -   data_dir       : dataset
2026-04-12 14:06:33,783 - cyberbully - INFO -   sbert          : False
2026-04-12 14:06:33,783 - cyberbully - INFO -   supcon         : False
2026-04-12 14:06:33,783 - cyberbully - INFO -   supcon_weight  : 0.1
2026-04-12 14:06:33,783 - cyberbully - INFO -   proj_dim       : 128
2026-04-12 14:06:33,783 - cyberbully - INFO -   grad_accum_steps: 1
2026-04-12 14:06:33,783 - cyberbully - INFO -   overwrite      : False
2026-04-12 14:06:33,783 - cyberbully - INFO -   device         : cuda
2026-04-12 14:06:33,783 - cyberbully - INFO -   output_dir     : experiments/grid-search/roberta-base/tweeteval/prep0_aug0/seed_24677315
2026-04-12 14:06:33,783 - cyberbully - INFO - ============================================================
2026-04-12 14:06:33,783 - cyberbully - INFO - Step 1: Preparing data...
2026-04-12 14:06:33,829 - cyberbully - INFO - Loaded pre-split data from dataset/tweeteval — train: 32485, val: 8122, test: 10152
2026-04-12 14:06:33,829 - cyberbully - INFO - Label mapping: {'emotion': 0, 'hate': 1, 'offensive': 2, 'religion': 3, 'spiritual': 4}
2026-04-12 14:06:33,839 - cyberbully - INFO - Number of classes: 5
2026-04-12 14:06:33,840 - cyberbully - INFO - Step 2: Loading model and tokenizer...
2026-04-12 14:06:33,840 - cyberbully - INFO - Loading model 'roberta-base' with 5 labels (sbert=False, supcon=False)
2026-04-12 14:06:35,130 - cyberbully - INFO - Step 3: Creating datasets...
2026-04-12 14:06:35,891 - cyberbully - INFO - Dataset sizes — train: 32485, val: 8122, test: 10152
2026-04-12 14:06:35,891 - cyberbully - INFO - Step 4: Training...
2026-04-12 14:06:36,113 - cyberbully - INFO - Starting training...
2026-04-12 14:20:53,301 - cyberbully - INFO - Training complete.
2026-04-12 14:20:53,371 - cyberbully - INFO - Removed checkpoint: experiments/grid-search/roberta-base/tweeteval/prep0_aug0/seed_24677315/checkpoint-3048
2026-04-12 14:20:53,440 - cyberbully - INFO - Removed checkpoint: experiments/grid-search/roberta-base/tweeteval/prep0_aug0/seed_24677315/checkpoint-7112
2026-04-12 14:20:53,509 - cyberbully - INFO - Removed checkpoint: experiments/grid-search/roberta-base/tweeteval/prep0_aug0/seed_24677315/checkpoint-9144
2026-04-12 14:20:53,585 - cyberbully - INFO - Removed checkpoint: experiments/grid-search/roberta-base/tweeteval/prep0_aug0/seed_24677315/checkpoint-1016
2026-04-12 14:20:53,657 - cyberbully - INFO - Removed checkpoint: experiments/grid-search/roberta-base/tweeteval/prep0_aug0/seed_24677315/checkpoint-2032
2026-04-12 14:20:53,740 - cyberbully - INFO - Removed checkpoint: experiments/grid-search/roberta-base/tweeteval/prep0_aug0/seed_24677315/checkpoint-10160
2026-04-12 14:20:53,809 - cyberbully - INFO - Removed checkpoint: experiments/grid-search/roberta-base/tweeteval/prep0_aug0/seed_24677315/checkpoint-6096
2026-04-12 14:20:53,879 - cyberbully - INFO - Removed checkpoint: experiments/grid-search/roberta-base/tweeteval/prep0_aug0/seed_24677315/checkpoint-5080
2026-04-12 14:20:53,950 - cyberbully - INFO - Removed checkpoint: experiments/grid-search/roberta-base/tweeteval/prep0_aug0/seed_24677315/checkpoint-8128
2026-04-12 14:20:54,020 - cyberbully - INFO - Removed checkpoint: experiments/grid-search/roberta-base/tweeteval/prep0_aug0/seed_24677315/checkpoint-4064
2026-04-12 14:20:54,020 - cyberbully - INFO - Step 5: Evaluating on test set...
2026-04-12 14:21:04,856 - cyberbully - INFO - Metrics saved to experiments/grid-search/roberta-base/tweeteval/prep0_aug0/seed_24677315/metrics.json
2026-04-12 14:21:04,856 - cyberbully - INFO - Confusion matrix saved to experiments/grid-search/roberta-base/tweeteval/prep0_aug0/seed_24677315/confusion_matrix.json
2026-04-12 14:21:04,961 - cyberbully - INFO - Per-sample predictions saved to experiments/grid-search/roberta-base/tweeteval/prep0_aug0/seed_24677315/predictions.json
2026-04-12 14:21:05,063 - cyberbully - INFO - Confusion matrix figure saved to experiments/grid-search/roberta-base/tweeteval/prep0_aug0/seed_24677315/confusion_matrix.pdf
2026-04-12 14:21:05,063 - cyberbully - INFO - Accuracy: 0.9753
2026-04-12 14:21:05,063 - cyberbully - INFO - Weighted F1: 0.9753
2026-04-12 14:21:05,063 - cyberbully - INFO - Micro F1: 0.9753
2026-04-12 14:21:05,063 - cyberbully - INFO - Inference time: 6.17 seconds
2026-04-12 14:21:05,063 - cyberbully - INFO - Energy consumption: 0.000400 kWh
2026-04-12 14:21:05,065 - cyberbully - INFO - ============================================================
2026-04-12 14:21:05,065 - cyberbully - INFO - Pipeline complete. Results saved to: experiments/grid-search/roberta-base/tweeteval/prep0_aug0/seed_24677315
2026-04-12 14:21:05,065 - cyberbully - INFO - ============================================================
