2026-05-20 11:43:24,955 - cyberbully - INFO - ============================================================
2026-05-20 11:43:24,955 - cyberbully - INFO - Cyberbullying Detection Pipeline
2026-05-20 11:43:24,955 - cyberbully - INFO - ============================================================
2026-05-20 11:43:24,955 - cyberbully - INFO - Configuration:
2026-05-20 11:43:24,955 - cyberbully - INFO -   model          : GroNLP/hateBERT
2026-05-20 11:43:24,955 - cyberbully - INFO -   dataset        : ieee
2026-05-20 11:43:24,955 - cyberbully - INFO -   preprocess     : True
2026-05-20 11:43:24,955 - cyberbully - INFO -   augment        : False
2026-05-20 11:43:24,955 - cyberbully - INFO -   compute_attribution: False
2026-05-20 11:43:24,955 - cyberbully - INFO -   seed           : 87212562
2026-05-20 11:43:24,955 - cyberbully - INFO -   epochs         : 10
2026-05-20 11:43:24,955 - cyberbully - INFO -   batch_size     : 32
2026-05-20 11:43:24,955 - cyberbully - INFO -   lr             : 5e-05
2026-05-20 11:43:24,955 - cyberbully - INFO -   max_length     : 128
2026-05-20 11:43:24,955 - cyberbully - INFO -   output_dir     : grid-search
2026-05-20 11:43:24,955 - cyberbully - INFO -   data_dir       : dataset
2026-05-20 11:43:24,955 - cyberbully - INFO -   sbert          : False
2026-05-20 11:43:24,955 - cyberbully - INFO -   supcon         : False
2026-05-20 11:43:24,955 - cyberbully - INFO -   supcon_weight  : 0.1
2026-05-20 11:43:24,955 - cyberbully - INFO -   proj_dim       : 128
2026-05-20 11:43:24,956 - cyberbully - INFO -   grad_accum_steps: 1
2026-05-20 11:43:24,956 - cyberbully - INFO -   overwrite      : True
2026-05-20 11:43:24,956 - cyberbully - INFO -   device         : cuda
2026-05-20 11:43:24,956 - cyberbully - INFO -   output_dir     : experiments/grid-search/GroNLP_hateBERT/ieee/prep1_aug0/seed_87212562
2026-05-20 11:43:24,956 - cyberbully - INFO - ============================================================
2026-05-20 11:43:24,956 - cyberbully - INFO - Step 1: Preparing data...
2026-05-20 11:43:24,959 - cyberbully - INFO - Loaded pre-split data from dataset/ieee — train: 1348, val: 338, test: 422
2026-05-20 11:43:24,959 - cyberbully - INFO - Label mapping: {'Cyberstalking': 0, 'Doxing': 1, 'Revenge Porn': 2, 'Sexual Harassment': 3, 'Slut Shaming': 4}
2026-05-20 11:43:24,960 - cyberbully - INFO - Applying text preprocessing per split...
2026-05-20 11:43:26,447 - cyberbully - INFO - After preprocessing -- train: 1348, val: 338, test: 422
2026-05-20 11:43:26,449 - cyberbully - INFO - Number of classes: 5
2026-05-20 11:43:26,450 - cyberbully - INFO - Step 2: Loading model and tokenizer...
2026-05-20 11:43:26,450 - cyberbully - INFO - Loading model 'GroNLP/hateBERT' with 5 labels (sbert=False, supcon=False)
2026-05-20 11:43:27,567 - cyberbully - INFO - Step 3: Creating datasets...
2026-05-20 11:43:27,592 - cyberbully - INFO - Dataset sizes — train: 1348, val: 338, test: 422
2026-05-20 11:43:27,592 - cyberbully - INFO - Step 4: Training...
2026-05-20 11:43:27,840 - cyberbully - INFO - Starting training...
2026-05-20 11:44:19,006 - cyberbully - INFO - Training complete.
2026-05-20 11:44:19,076 - cyberbully - INFO - Removed checkpoint: experiments/grid-search/GroNLP_hateBERT/ieee/prep1_aug0/seed_87212562/checkpoint-172
2026-05-20 11:44:19,151 - cyberbully - INFO - Removed checkpoint: experiments/grid-search/GroNLP_hateBERT/ieee/prep1_aug0/seed_87212562/checkpoint-258
2026-05-20 11:44:19,225 - cyberbully - INFO - Removed checkpoint: experiments/grid-search/GroNLP_hateBERT/ieee/prep1_aug0/seed_87212562/checkpoint-387
2026-05-20 11:44:19,294 - cyberbully - INFO - Removed checkpoint: experiments/grid-search/GroNLP_hateBERT/ieee/prep1_aug0/seed_87212562/checkpoint-43
2026-05-20 11:44:19,369 - cyberbully - INFO - Removed checkpoint: experiments/grid-search/GroNLP_hateBERT/ieee/prep1_aug0/seed_87212562/checkpoint-430
2026-05-20 11:44:19,443 - cyberbully - INFO - Removed checkpoint: experiments/grid-search/GroNLP_hateBERT/ieee/prep1_aug0/seed_87212562/checkpoint-301
2026-05-20 11:44:19,517 - cyberbully - INFO - Removed checkpoint: experiments/grid-search/GroNLP_hateBERT/ieee/prep1_aug0/seed_87212562/checkpoint-344
2026-05-20 11:44:19,587 - cyberbully - INFO - Removed checkpoint: experiments/grid-search/GroNLP_hateBERT/ieee/prep1_aug0/seed_87212562/checkpoint-129
2026-05-20 11:44:19,662 - cyberbully - INFO - Removed checkpoint: experiments/grid-search/GroNLP_hateBERT/ieee/prep1_aug0/seed_87212562/checkpoint-215
2026-05-20 11:44:20,238 - cyberbully - INFO - Removed checkpoint: experiments/grid-search/GroNLP_hateBERT/ieee/prep1_aug0/seed_87212562/checkpoint-86
2026-05-20 11:44:20,238 - cyberbully - INFO - Step 5: Evaluating on test set...
2026-05-20 11:44:26,604 - cyberbully - INFO - Metrics saved to experiments/grid-search/GroNLP_hateBERT/ieee/prep1_aug0/seed_87212562/metrics.json
2026-05-20 11:44:26,604 - cyberbully - INFO - Confusion matrix saved to experiments/grid-search/GroNLP_hateBERT/ieee/prep1_aug0/seed_87212562/confusion_matrix.json
2026-05-20 11:44:26,612 - cyberbully - INFO - Per-sample predictions saved to experiments/grid-search/GroNLP_hateBERT/ieee/prep1_aug0/seed_87212562/predictions.json
2026-05-20 11:44:26,716 - cyberbully - INFO - Confusion matrix figure saved to experiments/grid-search/GroNLP_hateBERT/ieee/prep1_aug0/seed_87212562/confusion_matrix.pdf
2026-05-20 11:44:26,716 - cyberbully - INFO - Accuracy: 0.8294
2026-05-20 11:44:26,717 - cyberbully - INFO - Weighted F1: 0.8300
2026-05-20 11:44:26,717 - cyberbully - INFO - Micro F1: 0.8294
2026-05-20 11:44:26,717 - cyberbully - INFO - Inference time: 0.26 seconds
2026-05-20 11:44:26,717 - cyberbully - INFO - Energy consumption: 0.000035 kWh
2026-05-20 11:44:26,717 - cyberbully - INFO - ============================================================
2026-05-20 11:44:26,717 - cyberbully - INFO - Pipeline complete. Results saved to: experiments/grid-search/GroNLP_hateBERT/ieee/prep1_aug0/seed_87212562
2026-05-20 11:44:26,717 - cyberbully - INFO - ============================================================
