2026-03-27 06:57:23,556 - cyberbully - INFO - ============================================================
2026-03-27 06:57:23,556 - cyberbully - INFO - Cyberbullying Detection Pipeline
2026-03-27 06:57:23,556 - cyberbully - INFO - ============================================================
2026-03-27 06:57:23,556 - cyberbully - INFO - Configuration:
2026-03-27 06:57:23,556 - cyberbully - INFO -   model          : distilbert-base-cased
2026-03-27 06:57:23,556 - cyberbully - INFO -   dataset        : ieee
2026-03-27 06:57:23,556 - cyberbully - INFO -   preprocess     : False
2026-03-27 06:57:23,556 - cyberbully - INFO -   augment        : False
2026-03-27 06:57:23,556 - cyberbully - INFO -   compute_attribution: False
2026-03-27 06:57:23,556 - cyberbully - INFO -   seed           : 90995999
2026-03-27 06:57:23,556 - cyberbully - INFO -   epochs         : 10
2026-03-27 06:57:23,556 - cyberbully - INFO -   batch_size     : 64
2026-03-27 06:57:23,556 - cyberbully - INFO -   lr             : 5e-05
2026-03-27 06:57:23,556 - cyberbully - INFO -   max_length     : 128
2026-03-27 06:57:23,556 - cyberbully - INFO -   output_dir     : supcon-grid
2026-03-27 06:57:23,556 - cyberbully - INFO -   data_dir       : dataset
2026-03-27 06:57:23,556 - cyberbully - INFO -   sbert          : False
2026-03-27 06:57:23,556 - cyberbully - INFO -   supcon         : False
2026-03-27 06:57:23,556 - cyberbully - INFO -   supcon_weight  : 0.1
2026-03-27 06:57:23,556 - cyberbully - INFO -   proj_dim       : 128
2026-03-27 06:57:23,556 - cyberbully - INFO -   grad_accum_steps: 1
2026-03-27 06:57:23,556 - cyberbully - INFO -   overwrite      : False
2026-03-27 06:57:23,556 - cyberbully - INFO -   device         : cuda
2026-03-27 06:57:23,556 - cyberbully - INFO -   output_dir     : experiments/supcon-grid/distilbert-base-cased/ieee/prep0_aug0/seed_90995999
2026-03-27 06:57:23,556 - cyberbully - INFO - ============================================================
2026-03-27 06:57:23,556 - cyberbully - INFO - Step 1: Preparing data...
2026-03-27 06:57:23,560 - cyberbully - INFO - Loaded pre-split data from dataset/ieee — train: 1348, val: 338, test: 422
2026-03-27 06:57:23,560 - cyberbully - INFO - Label mapping: {'Cyberstalking': 0, 'Doxing': 1, 'Revenge Porn': 2, 'Sexual Harassment': 3, 'Slut Shaming': 4}
2026-03-27 06:57:23,562 - cyberbully - INFO - Number of classes: 5
2026-03-27 06:57:23,563 - cyberbully - INFO - Step 2: Loading model and tokenizer...
2026-03-27 06:57:23,563 - cyberbully - INFO - Loading model 'distilbert-base-cased' with 5 labels (sbert=False, supcon=False)
2026-03-27 06:57:24,194 - cyberbully - INFO - Step 3: Creating datasets...
2026-03-27 06:57:24,215 - cyberbully - INFO - Dataset sizes — train: 1348, val: 338, test: 422
2026-03-27 06:57:24,215 - cyberbully - INFO - Step 4: Training...
2026-03-27 06:57:24,303 - cyberbully - INFO - Starting training...
2026-03-27 06:58:23,375 - cyberbully - INFO - Training complete.
2026-03-27 06:58:23,941 - cyberbully - INFO - Removed checkpoint: experiments/supcon-grid/distilbert-base-cased/ieee/prep0_aug0/seed_90995999/checkpoint-110
2026-03-27 06:58:23,994 - cyberbully - INFO - Removed checkpoint: experiments/supcon-grid/distilbert-base-cased/ieee/prep0_aug0/seed_90995999/checkpoint-154
2026-03-27 06:58:24,041 - cyberbully - INFO - Removed checkpoint: experiments/supcon-grid/distilbert-base-cased/ieee/prep0_aug0/seed_90995999/checkpoint-220
2026-03-27 06:58:24,091 - cyberbully - INFO - Removed checkpoint: experiments/supcon-grid/distilbert-base-cased/ieee/prep0_aug0/seed_90995999/checkpoint-88
2026-03-27 06:58:24,144 - cyberbully - INFO - Removed checkpoint: experiments/supcon-grid/distilbert-base-cased/ieee/prep0_aug0/seed_90995999/checkpoint-44
2026-03-27 06:58:24,197 - cyberbully - INFO - Removed checkpoint: experiments/supcon-grid/distilbert-base-cased/ieee/prep0_aug0/seed_90995999/checkpoint-176
2026-03-27 06:58:24,253 - cyberbully - INFO - Removed checkpoint: experiments/supcon-grid/distilbert-base-cased/ieee/prep0_aug0/seed_90995999/checkpoint-22
2026-03-27 06:58:24,306 - cyberbully - INFO - Removed checkpoint: experiments/supcon-grid/distilbert-base-cased/ieee/prep0_aug0/seed_90995999/checkpoint-66
2026-03-27 06:58:24,954 - cyberbully - INFO - Removed checkpoint: experiments/supcon-grid/distilbert-base-cased/ieee/prep0_aug0/seed_90995999/checkpoint-132
2026-03-27 06:58:25,963 - cyberbully - INFO - Removed checkpoint: experiments/supcon-grid/distilbert-base-cased/ieee/prep0_aug0/seed_90995999/checkpoint-198
2026-03-27 06:58:25,963 - cyberbully - INFO - Step 5: Evaluating on test set...
2026-03-27 06:58:30,273 - cyberbully - INFO - Metrics saved to experiments/supcon-grid/distilbert-base-cased/ieee/prep0_aug0/seed_90995999/metrics.json
2026-03-27 06:58:30,273 - cyberbully - INFO - Confusion matrix saved to experiments/supcon-grid/distilbert-base-cased/ieee/prep0_aug0/seed_90995999/confusion_matrix.json
2026-03-27 06:58:30,279 - cyberbully - INFO - Per-sample predictions saved to experiments/supcon-grid/distilbert-base-cased/ieee/prep0_aug0/seed_90995999/predictions.json
2026-03-27 06:58:30,383 - cyberbully - INFO - Confusion matrix figure saved to experiments/supcon-grid/distilbert-base-cased/ieee/prep0_aug0/seed_90995999/confusion_matrix.pdf
2026-03-27 06:58:30,384 - cyberbully - INFO - Accuracy: 0.8081
2026-03-27 06:58:30,384 - cyberbully - INFO - Weighted F1: 0.8084
2026-03-27 06:58:30,384 - cyberbully - INFO - Micro F1: 0.8081
2026-03-27 06:58:30,384 - cyberbully - INFO - Inference time: 0.11 seconds
2026-03-27 06:58:30,384 - cyberbully - INFO - Energy consumption: 0.000003 kWh
2026-03-27 06:58:30,384 - cyberbully - INFO - ============================================================
2026-03-27 06:58:30,384 - cyberbully - INFO - Pipeline complete. Results saved to: experiments/supcon-grid/distilbert-base-cased/ieee/prep0_aug0/seed_90995999
2026-03-27 06:58:30,384 - cyberbully - INFO - ============================================================
