2026-04-11 09:42:13,548 - cyberbully - INFO - ============================================================
2026-04-11 09:42:13,548 - cyberbully - INFO - Cyberbullying Detection Pipeline
2026-04-11 09:42:13,548 - cyberbully - INFO - ============================================================
2026-04-11 09:42:13,548 - cyberbully - INFO - Configuration:
2026-04-11 09:42:13,548 - cyberbully - INFO -   model          : chandar-lab/NeoBERT
2026-04-11 09:42:13,548 - cyberbully - INFO -   dataset        : kaggle
2026-04-11 09:42:13,548 - cyberbully - INFO -   preprocess     : True
2026-04-11 09:42:13,548 - cyberbully - INFO -   augment        : True
2026-04-11 09:42:13,548 - cyberbully - INFO -   compute_attribution: False
2026-04-11 09:42:13,548 - cyberbully - INFO -   seed           : 24677315
2026-04-11 09:42:13,548 - cyberbully - INFO -   epochs         : 10
2026-04-11 09:42:13,548 - cyberbully - INFO -   batch_size     : 32
2026-04-11 09:42:13,548 - cyberbully - INFO -   lr             : 5e-05
2026-04-11 09:42:13,548 - cyberbully - INFO -   max_length     : 128
2026-04-11 09:42:13,548 - cyberbully - INFO -   output_dir     : grid-search
2026-04-11 09:42:13,548 - cyberbully - INFO -   data_dir       : dataset
2026-04-11 09:42:13,548 - cyberbully - INFO -   sbert          : False
2026-04-11 09:42:13,548 - cyberbully - INFO -   supcon         : False
2026-04-11 09:42:13,548 - cyberbully - INFO -   supcon_weight  : 0.1
2026-04-11 09:42:13,548 - cyberbully - INFO -   proj_dim       : 128
2026-04-11 09:42:13,548 - cyberbully - INFO -   grad_accum_steps: 1
2026-04-11 09:42:13,548 - cyberbully - INFO -   overwrite      : False
2026-04-11 09:42:13,548 - cyberbully - INFO -   device         : cuda
2026-04-11 09:42:13,548 - cyberbully - INFO -   output_dir     : experiments/grid-search/chandar-lab_NeoBERT/kaggle/prep1_aug1/seed_24677315
2026-04-11 09:42:13,548 - cyberbully - INFO - ============================================================
2026-04-11 09:42:13,548 - cyberbully - INFO - Step 1: Preparing data...
2026-04-11 09:42:13,594 - cyberbully - INFO - Loaded pre-split data from dataset/kaggle — train: 25604, val: 6401, test: 8002
2026-04-11 09:42:13,594 - cyberbully - INFO - Label mapping: {'age': 0, 'ethnicity': 1, 'gender': 2, 'other_cyberbullying': 3, 'religion': 4}
2026-04-11 09:42:13,594 - cyberbully - INFO - Applying text preprocessing per split...
2026-04-11 09:43:00,797 - cyberbully - INFO - After preprocessing — train: 23557, val: 5976, test: 7418
2026-04-11 09:43:00,799 - cyberbully - INFO - Applying training data augmentation (oversampling)...
2026-04-11 09:43:00,803 - cyberbully - INFO - After oversampling — class distribution: {0: 5068, 1: 5068, 2: 5068, 3: 5068, 4: 5068}
2026-04-11 09:43:00,813 - cyberbully - INFO - Number of classes: 5
2026-04-11 09:43:00,814 - cyberbully - INFO - Step 2: Loading model and tokenizer...
2026-04-11 09:43:00,814 - cyberbully - INFO - Loading model 'chandar-lab/NeoBERT' with 5 labels (sbert=False, supcon=False)
2026-04-11 09:43:02,593 - cyberbully - INFO - Step 3: Creating datasets...
2026-04-11 09:43:03,229 - cyberbully - INFO - Dataset sizes — train: 25340, val: 5976, test: 7418
2026-04-11 09:43:03,229 - cyberbully - INFO - Step 4: Training...
2026-04-11 09:43:03,534 - cyberbully - INFO - Starting training...
2026-04-11 10:09:36,713 - cyberbully - INFO - Training complete.
2026-04-11 10:09:36,835 - cyberbully - INFO - Removed checkpoint: experiments/grid-search/chandar-lab_NeoBERT/kaggle/prep1_aug1/seed_24677315/checkpoint-3960
2026-04-11 10:09:36,962 - cyberbully - INFO - Removed checkpoint: experiments/grid-search/chandar-lab_NeoBERT/kaggle/prep1_aug1/seed_24677315/checkpoint-1584
2026-04-11 10:09:37,094 - cyberbully - INFO - Removed checkpoint: experiments/grid-search/chandar-lab_NeoBERT/kaggle/prep1_aug1/seed_24677315/checkpoint-792
2026-04-11 10:09:37,218 - cyberbully - INFO - Removed checkpoint: experiments/grid-search/chandar-lab_NeoBERT/kaggle/prep1_aug1/seed_24677315/checkpoint-3168
2026-04-11 10:09:37,363 - cyberbully - INFO - Removed checkpoint: experiments/grid-search/chandar-lab_NeoBERT/kaggle/prep1_aug1/seed_24677315/checkpoint-7920
2026-04-11 10:09:37,484 - cyberbully - INFO - Removed checkpoint: experiments/grid-search/chandar-lab_NeoBERT/kaggle/prep1_aug1/seed_24677315/checkpoint-6336
2026-04-11 10:09:37,606 - cyberbully - INFO - Removed checkpoint: experiments/grid-search/chandar-lab_NeoBERT/kaggle/prep1_aug1/seed_24677315/checkpoint-7128
2026-04-11 10:09:37,732 - cyberbully - INFO - Removed checkpoint: experiments/grid-search/chandar-lab_NeoBERT/kaggle/prep1_aug1/seed_24677315/checkpoint-2376
2026-04-11 10:09:37,854 - cyberbully - INFO - Removed checkpoint: experiments/grid-search/chandar-lab_NeoBERT/kaggle/prep1_aug1/seed_24677315/checkpoint-5544
2026-04-11 10:09:37,976 - cyberbully - INFO - Removed checkpoint: experiments/grid-search/chandar-lab_NeoBERT/kaggle/prep1_aug1/seed_24677315/checkpoint-4752
2026-04-11 10:09:37,976 - cyberbully - INFO - Step 5: Evaluating on test set...
2026-04-11 10:09:54,948 - cyberbully - INFO - Metrics saved to experiments/grid-search/chandar-lab_NeoBERT/kaggle/prep1_aug1/seed_24677315/metrics.json
2026-04-11 10:09:54,948 - cyberbully - INFO - Confusion matrix saved to experiments/grid-search/chandar-lab_NeoBERT/kaggle/prep1_aug1/seed_24677315/confusion_matrix.json
2026-04-11 10:09:55,025 - cyberbully - INFO - Per-sample predictions saved to experiments/grid-search/chandar-lab_NeoBERT/kaggle/prep1_aug1/seed_24677315/predictions.json
2026-04-11 10:09:55,130 - cyberbully - INFO - Confusion matrix figure saved to experiments/grid-search/chandar-lab_NeoBERT/kaggle/prep1_aug1/seed_24677315/confusion_matrix.pdf
2026-04-11 10:09:55,130 - cyberbully - INFO - Accuracy: 0.9547
2026-04-11 10:09:55,131 - cyberbully - INFO - Weighted F1: 0.9550
2026-04-11 10:09:55,131 - cyberbully - INFO - Micro F1: 0.9547
2026-04-11 10:09:55,131 - cyberbully - INFO - Inference time: 12.29 seconds
2026-04-11 10:09:55,131 - cyberbully - INFO - Energy consumption: 0.000776 kWh
2026-04-11 10:09:55,132 - cyberbully - INFO - ============================================================
2026-04-11 10:09:55,132 - cyberbully - INFO - Pipeline complete. Results saved to: experiments/grid-search/chandar-lab_NeoBERT/kaggle/prep1_aug1/seed_24677315
2026-04-11 10:09:55,132 - cyberbully - INFO - ============================================================
