2026-02-17 15:41:31,804 - cyberbully - INFO - ============================================================
2026-02-17 15:41:31,804 - cyberbully - INFO - Cyberbullying Detection Pipeline
2026-02-17 15:41:31,804 - cyberbully - INFO - ============================================================
2026-02-17 15:41:31,804 - cyberbully - INFO - Configuration:
2026-02-17 15:41:31,804 - cyberbully - INFO -   model          : Twitter/twhin-bert-base
2026-02-17 15:41:31,804 - cyberbully - INFO -   dataset        : ieee
2026-02-17 15:41:31,804 - cyberbully - INFO -   preprocess     : True
2026-02-17 15:41:31,804 - cyberbully - INFO -   augment        : False
2026-02-17 15:41:31,804 - cyberbully - INFO -   compute_attribution: False
2026-02-17 15:41:31,804 - cyberbully - INFO -   seed           : 24677315
2026-02-17 15:41:31,804 - cyberbully - INFO -   epochs         : 5
2026-02-17 15:41:31,804 - cyberbully - INFO -   batch_size     : 16
2026-02-17 15:41:31,804 - cyberbully - INFO -   lr             : 2e-05
2026-02-17 15:41:31,804 - cyberbully - INFO -   max_length     : 128
2026-02-17 15:41:31,804 - cyberbully - INFO -   output_dir     : experiments/domain
2026-02-17 15:41:31,804 - cyberbully - INFO -   data_dir       : dataset
2026-02-17 15:41:31,804 - cyberbully - INFO -   overwrite      : False
2026-02-17 15:41:31,804 - cyberbully - INFO -   device         : cuda
2026-02-17 15:41:31,804 - cyberbully - INFO -   output_dir     : experiments/domain/Twitter_twhin-bert-base/ieee/prep1_aug0/seed_24677315
2026-02-17 15:41:31,804 - cyberbully - INFO - ============================================================
2026-02-17 15:41:31,804 - cyberbully - INFO - Step 1: Preparing data...
2026-02-17 15:41:31,804 - cyberbully - INFO - Loading dataset 'ieee' from dataset/IEEE Data Port.csv
2026-02-17 15:41:31,810 - cyberbully - INFO - Loaded 2108 samples with 5 classes: ['Cyberstalking', 'Doxing', 'Revenge Porn', 'Sexual Harassment', 'Slut Shaming']
2026-02-17 15:41:31,810 - cyberbully - INFO - Applying text preprocessing...
2026-02-17 15:41:34,907 - cyberbully - INFO - After preprocessing: 1814 samples remain
2026-02-17 15:41:34,908 - cyberbully - INFO - Label mapping: {'Cyberstalking': 0, 'Doxing': 1, 'Revenge Porn': 2, 'Sexual Harassment': 3, 'Slut Shaming': 4}
2026-02-17 15:41:34,910 - cyberbully - INFO - Split sizes — train: 1160, val: 291, test: 363
2026-02-17 15:41:34,910 - cyberbully - INFO - Number of classes: 5
2026-02-17 15:41:34,910 - cyberbully - INFO - Step 2: Loading model and tokenizer...
2026-02-17 15:41:34,910 - cyberbully - INFO - Loading model 'Twitter/twhin-bert-base' with 5 labels
2026-02-17 15:41:36,198 - cyberbully - INFO - Step 3: Tokenizing datasets...
2026-02-17 15:41:36,225 - cyberbully - INFO - Dataset sizes — train: 1160, val: 291, test: 363
2026-02-17 15:41:36,225 - cyberbully - INFO - Step 4: Training...
2026-02-17 15:41:36,554 - cyberbully - INFO - Starting training...
2026-02-17 15:42:08,532 - cyberbully - INFO - Training complete.
2026-02-17 15:42:08,532 - cyberbully - INFO - Step 5: Evaluating on test set...
2026-02-17 15:42:13,093 - cyberbully - INFO - Metrics saved to experiments/domain/Twitter_twhin-bert-base/ieee/prep1_aug0/seed_24677315/metrics.json
2026-02-17 15:42:13,094 - cyberbully - INFO - Confusion matrix saved to experiments/domain/Twitter_twhin-bert-base/ieee/prep1_aug0/seed_24677315/confusion_matrix.json
2026-02-17 15:42:13,194 - cyberbully - INFO - Confusion matrix figure saved to experiments/domain/Twitter_twhin-bert-base/ieee/prep1_aug0/seed_24677315/confusion_matrix.pdf
2026-02-17 15:42:13,194 - cyberbully - INFO - Accuracy: 0.8540
2026-02-17 15:42:13,195 - cyberbully - INFO - Weighted F1: 0.8531
2026-02-17 15:42:13,195 - cyberbully - INFO - Micro F1: 0.8540
2026-02-17 15:42:13,195 - cyberbully - INFO - Inference time: 0.30 seconds
2026-02-17 15:42:13,195 - cyberbully - INFO - Energy consumption: 0.000016 kWh
2026-02-17 15:42:13,195 - cyberbully - INFO - ============================================================
2026-02-17 15:42:13,195 - cyberbully - INFO - Pipeline complete. Results saved to: experiments/domain/Twitter_twhin-bert-base/ieee/prep1_aug0/seed_24677315
2026-02-17 15:42:13,195 - cyberbully - INFO - ============================================================
