2026-03-21 10:12:04,540 - cyberbully - INFO - ============================================================
2026-03-21 10:12:04,540 - cyberbully - INFO - Cyberbullying Detection Pipeline
2026-03-21 10:12:04,540 - cyberbully - INFO - ============================================================
2026-03-21 10:12:04,540 - cyberbully - INFO - Configuration:
2026-03-21 10:12:04,540 - cyberbully - INFO -   model          : GroNLP/hateBERT
2026-03-21 10:12:04,541 - cyberbully - INFO -   dataset        : tweeteval
2026-03-21 10:12:04,541 - cyberbully - INFO -   preprocess     : True
2026-03-21 10:12:04,541 - cyberbully - INFO -   augment        : True
2026-03-21 10:12:04,541 - cyberbully - INFO -   compute_attribution: False
2026-03-21 10:12:04,541 - cyberbully - INFO -   seed           : 99511865
2026-03-21 10:12:04,541 - cyberbully - INFO -   epochs         : 10
2026-03-21 10:12:04,541 - cyberbully - INFO -   batch_size     : 32
2026-03-21 10:12:04,541 - cyberbully - INFO -   lr             : 5e-05
2026-03-21 10:12:04,541 - cyberbully - INFO -   max_length     : 128
2026-03-21 10:12:04,541 - cyberbully - INFO -   output_dir     : grid-search
2026-03-21 10:12:04,541 - cyberbully - INFO -   data_dir       : dataset
2026-03-21 10:12:04,541 - cyberbully - INFO -   sbert          : False
2026-03-21 10:12:04,541 - cyberbully - INFO -   supcon         : False
2026-03-21 10:12:04,541 - cyberbully - INFO -   supcon_weight  : 0.1
2026-03-21 10:12:04,541 - cyberbully - INFO -   proj_dim       : 128
2026-03-21 10:12:04,541 - cyberbully - INFO -   grad_accum_steps: 1
2026-03-21 10:12:04,541 - cyberbully - INFO -   overwrite      : False
2026-03-21 10:12:04,541 - cyberbully - INFO -   device         : cuda
2026-03-21 10:12:04,541 - cyberbully - INFO -   output_dir     : experiments/grid-search/GroNLP_hateBERT/tweeteval/prep1_aug1/seed_99511865
2026-03-21 10:12:04,541 - cyberbully - INFO - ============================================================
2026-03-21 10:12:04,541 - cyberbully - INFO - Step 1: Preparing data...
2026-03-21 10:12:04,591 - cyberbully - INFO - Loaded pre-split data from dataset/tweeteval — train: 32485, val: 8122, test: 10152
2026-03-21 10:12:04,591 - cyberbully - INFO - Label mapping: {'emotion': 0, 'hate': 1, 'offensive': 2, 'religion': 3, 'spiritual': 4}
2026-03-21 10:12:04,591 - cyberbully - INFO - Applying text preprocessing per split...
2026-03-21 10:13:01,872 - cyberbully - INFO - After preprocessing — train: 30382, val: 7615, test: 9459
2026-03-21 10:13:01,873 - cyberbully - INFO - Applying training data augmentation (oversampling)...
2026-03-21 10:13:01,879 - cyberbully - INFO - After oversampling — class distribution: {0: 7775, 1: 7775, 2: 7775, 3: 7775, 4: 7775}
2026-03-21 10:13:01,888 - cyberbully - INFO - Number of classes: 5
2026-03-21 10:13:01,889 - cyberbully - INFO - Step 2: Loading model and tokenizer...
2026-03-21 10:13:01,890 - cyberbully - INFO - Loading model 'GroNLP/hateBERT' with 5 labels (sbert=False, supcon=False)
2026-03-21 10:13:02,607 - cyberbully - INFO - Step 3: Creating datasets...
2026-03-21 10:13:03,483 - cyberbully - INFO - Dataset sizes — train: 38875, val: 7615, test: 9459
2026-03-21 10:13:03,483 - cyberbully - INFO - Step 4: Training...
2026-03-21 10:13:03,596 - cyberbully - INFO - Starting training...
2026-03-21 10:26:39,916 - cyberbully - INFO - Training complete.
2026-03-21 10:26:40,005 - cyberbully - INFO - Removed checkpoint: experiments/grid-search/GroNLP_hateBERT/tweeteval/prep1_aug1/seed_99511865/checkpoint-1215
2026-03-21 10:26:40,082 - cyberbully - INFO - Removed checkpoint: experiments/grid-search/GroNLP_hateBERT/tweeteval/prep1_aug1/seed_99511865/checkpoint-9720
2026-03-21 10:26:40,167 - cyberbully - INFO - Removed checkpoint: experiments/grid-search/GroNLP_hateBERT/tweeteval/prep1_aug1/seed_99511865/checkpoint-2430
2026-03-21 10:26:40,243 - cyberbully - INFO - Removed checkpoint: experiments/grid-search/GroNLP_hateBERT/tweeteval/prep1_aug1/seed_99511865/checkpoint-10935
2026-03-21 10:26:40,320 - cyberbully - INFO - Removed checkpoint: experiments/grid-search/GroNLP_hateBERT/tweeteval/prep1_aug1/seed_99511865/checkpoint-12150
2026-03-21 10:26:40,403 - cyberbully - INFO - Removed checkpoint: experiments/grid-search/GroNLP_hateBERT/tweeteval/prep1_aug1/seed_99511865/checkpoint-3645
2026-03-21 10:26:40,483 - cyberbully - INFO - Removed checkpoint: experiments/grid-search/GroNLP_hateBERT/tweeteval/prep1_aug1/seed_99511865/checkpoint-7290
2026-03-21 10:26:40,562 - cyberbully - INFO - Removed checkpoint: experiments/grid-search/GroNLP_hateBERT/tweeteval/prep1_aug1/seed_99511865/checkpoint-4860
2026-03-21 10:26:40,641 - cyberbully - INFO - Removed checkpoint: experiments/grid-search/GroNLP_hateBERT/tweeteval/prep1_aug1/seed_99511865/checkpoint-8505
2026-03-21 10:26:40,719 - cyberbully - INFO - Removed checkpoint: experiments/grid-search/GroNLP_hateBERT/tweeteval/prep1_aug1/seed_99511865/checkpoint-6075
2026-03-21 10:26:40,719 - cyberbully - INFO - Step 5: Evaluating on test set...
2026-03-21 10:26:49,964 - cyberbully - INFO - Metrics saved to experiments/grid-search/GroNLP_hateBERT/tweeteval/prep1_aug1/seed_99511865/metrics.json
2026-03-21 10:26:49,965 - cyberbully - INFO - Confusion matrix saved to experiments/grid-search/GroNLP_hateBERT/tweeteval/prep1_aug1/seed_99511865/confusion_matrix.json
2026-03-21 10:26:50,057 - cyberbully - INFO - Per-sample predictions saved to experiments/grid-search/GroNLP_hateBERT/tweeteval/prep1_aug1/seed_99511865/predictions.json
2026-03-21 10:26:50,161 - cyberbully - INFO - Confusion matrix figure saved to experiments/grid-search/GroNLP_hateBERT/tweeteval/prep1_aug1/seed_99511865/confusion_matrix.pdf
2026-03-21 10:26:50,161 - cyberbully - INFO - Accuracy: 0.9432
2026-03-21 10:26:50,161 - cyberbully - INFO - Weighted F1: 0.9431
2026-03-21 10:26:50,161 - cyberbully - INFO - Micro F1: 0.9432
2026-03-21 10:26:50,161 - cyberbully - INFO - Inference time: 4.01 seconds
2026-03-21 10:26:50,161 - cyberbully - INFO - Energy consumption: 0.000219 kWh
2026-03-21 10:26:50,163 - cyberbully - INFO - ============================================================
2026-03-21 10:26:50,163 - cyberbully - INFO - Pipeline complete. Results saved to: experiments/grid-search/GroNLP_hateBERT/tweeteval/prep1_aug1/seed_99511865
2026-03-21 10:26:50,163 - cyberbully - INFO - ============================================================
