2026-03-20 22:27:03,814 - cyberbully - INFO - ============================================================
2026-03-20 22:27:03,814 - cyberbully - INFO - Cyberbullying Detection Pipeline
2026-03-20 22:27:03,814 - cyberbully - INFO - ============================================================
2026-03-20 22:27:03,814 - cyberbully - INFO - Configuration:
2026-03-20 22:27:03,814 - cyberbully - INFO -   model          : bert-base-cased
2026-03-20 22:27:03,814 - cyberbully - INFO -   dataset        : kaggle
2026-03-20 22:27:03,814 - cyberbully - INFO -   preprocess     : True
2026-03-20 22:27:03,814 - cyberbully - INFO -   augment        : False
2026-03-20 22:27:03,815 - cyberbully - INFO -   compute_attribution: False
2026-03-20 22:27:03,815 - cyberbully - INFO -   seed           : 52680723
2026-03-20 22:27:03,815 - cyberbully - INFO -   epochs         : 10
2026-03-20 22:27:03,815 - cyberbully - INFO -   batch_size     : 32
2026-03-20 22:27:03,815 - cyberbully - INFO -   lr             : 5e-05
2026-03-20 22:27:03,815 - cyberbully - INFO -   max_length     : 128
2026-03-20 22:27:03,815 - cyberbully - INFO -   output_dir     : grid-search
2026-03-20 22:27:03,815 - cyberbully - INFO -   data_dir       : dataset
2026-03-20 22:27:03,815 - cyberbully - INFO -   sbert          : False
2026-03-20 22:27:03,815 - cyberbully - INFO -   supcon         : False
2026-03-20 22:27:03,815 - cyberbully - INFO -   supcon_weight  : 0.1
2026-03-20 22:27:03,815 - cyberbully - INFO -   proj_dim       : 128
2026-03-20 22:27:03,815 - cyberbully - INFO -   grad_accum_steps: 1
2026-03-20 22:27:03,815 - cyberbully - INFO -   overwrite      : False
2026-03-20 22:27:03,815 - cyberbully - INFO -   device         : cuda
2026-03-20 22:27:03,815 - cyberbully - INFO -   output_dir     : experiments/grid-search/bert-base-cased/kaggle/prep1_aug0/seed_52680723
2026-03-20 22:27:03,815 - cyberbully - INFO - ============================================================
2026-03-20 22:27:03,815 - cyberbully - INFO - Step 1: Preparing data...
2026-03-20 22:27:03,867 - cyberbully - INFO - Loaded pre-split data from dataset/kaggle — train: 30499, val: 7625, test: 9532
2026-03-20 22:27:03,867 - cyberbully - INFO - Label mapping: {'age': 0, 'ethnicity': 1, 'gender': 2, 'not_cyberbullying': 3, 'other_cyberbullying': 4, 'religion': 5}
2026-03-20 22:27:03,867 - cyberbully - INFO - Applying text preprocessing per split...
2026-03-20 22:27:56,866 - cyberbully - INFO - After preprocessing — train: 26863, val: 6840, test: 8538
2026-03-20 22:27:56,878 - cyberbully - INFO - Number of classes: 6
2026-03-20 22:27:56,879 - cyberbully - INFO - Step 2: Loading model and tokenizer...
2026-03-20 22:27:56,879 - cyberbully - INFO - Loading model 'bert-base-cased' with 6 labels (sbert=False, supcon=False)
2026-03-20 22:27:57,579 - cyberbully - INFO - Step 3: Creating datasets...
2026-03-20 22:27:58,448 - cyberbully - INFO - Dataset sizes — train: 26863, val: 6840, test: 8538
2026-03-20 22:27:58,448 - cyberbully - INFO - Step 4: Training...
2026-03-20 22:27:58,690 - cyberbully - INFO - Starting training...
2026-03-20 22:41:11,942 - cyberbully - INFO - Training complete.
2026-03-20 22:41:12,003 - cyberbully - INFO - Removed checkpoint: experiments/grid-search/bert-base-cased/kaggle/prep1_aug0/seed_52680723/checkpoint-3360
2026-03-20 22:41:12,065 - cyberbully - INFO - Removed checkpoint: experiments/grid-search/bert-base-cased/kaggle/prep1_aug0/seed_52680723/checkpoint-1680
2026-03-20 22:41:12,126 - cyberbully - INFO - Removed checkpoint: experiments/grid-search/bert-base-cased/kaggle/prep1_aug0/seed_52680723/checkpoint-6720
2026-03-20 22:41:12,190 - cyberbully - INFO - Removed checkpoint: experiments/grid-search/bert-base-cased/kaggle/prep1_aug0/seed_52680723/checkpoint-840
2026-03-20 22:41:12,252 - cyberbully - INFO - Removed checkpoint: experiments/grid-search/bert-base-cased/kaggle/prep1_aug0/seed_52680723/checkpoint-2520
2026-03-20 22:41:12,314 - cyberbully - INFO - Removed checkpoint: experiments/grid-search/bert-base-cased/kaggle/prep1_aug0/seed_52680723/checkpoint-5040
2026-03-20 22:41:12,375 - cyberbully - INFO - Removed checkpoint: experiments/grid-search/bert-base-cased/kaggle/prep1_aug0/seed_52680723/checkpoint-7560
2026-03-20 22:41:12,438 - cyberbully - INFO - Removed checkpoint: experiments/grid-search/bert-base-cased/kaggle/prep1_aug0/seed_52680723/checkpoint-5880
2026-03-20 22:41:12,511 - cyberbully - INFO - Removed checkpoint: experiments/grid-search/bert-base-cased/kaggle/prep1_aug0/seed_52680723/checkpoint-8400
2026-03-20 22:41:12,573 - cyberbully - INFO - Removed checkpoint: experiments/grid-search/bert-base-cased/kaggle/prep1_aug0/seed_52680723/checkpoint-4200
2026-03-20 22:41:12,573 - cyberbully - INFO - Step 5: Evaluating on test set...
2026-03-20 22:41:23,854 - cyberbully - INFO - Metrics saved to experiments/grid-search/bert-base-cased/kaggle/prep1_aug0/seed_52680723/metrics.json
2026-03-20 22:41:23,854 - cyberbully - INFO - Confusion matrix saved to experiments/grid-search/bert-base-cased/kaggle/prep1_aug0/seed_52680723/confusion_matrix.json
2026-03-20 22:41:23,942 - cyberbully - INFO - Per-sample predictions saved to experiments/grid-search/bert-base-cased/kaggle/prep1_aug0/seed_52680723/predictions.json
2026-03-20 22:41:24,054 - cyberbully - INFO - Confusion matrix figure saved to experiments/grid-search/bert-base-cased/kaggle/prep1_aug0/seed_52680723/confusion_matrix.pdf
2026-03-20 22:41:24,054 - cyberbully - INFO - Accuracy: 0.8616
2026-03-20 22:41:24,054 - cyberbully - INFO - Weighted F1: 0.8626
2026-03-20 22:41:24,054 - cyberbully - INFO - Micro F1: 0.8616
2026-03-20 22:41:24,054 - cyberbully - INFO - Inference time: 6.45 seconds
2026-03-20 22:41:24,054 - cyberbully - INFO - Energy consumption: 0.000400 kWh
2026-03-20 22:41:24,056 - cyberbully - INFO - ============================================================
2026-03-20 22:41:24,056 - cyberbully - INFO - Pipeline complete. Results saved to: experiments/grid-search/bert-base-cased/kaggle/prep1_aug0/seed_52680723
2026-03-20 22:41:24,056 - cyberbully - INFO - ============================================================
