2026-06-17 05:38:03,425 - cyberbully - INFO - ============================================================
2026-06-17 05:38:03,425 - cyberbully - INFO - Cyberbullying Detection Pipeline
2026-06-17 05:38:03,425 - cyberbully - INFO - ============================================================
2026-06-17 05:38:03,425 - cyberbully - INFO - Configuration:
2026-06-17 05:38:03,426 - cyberbully - INFO -   model          : bert-base-cased
2026-06-17 05:38:03,426 - cyberbully - INFO -   dataset        : kaggle
2026-06-17 05:38:03,426 - cyberbully - INFO -   preprocess     : False
2026-06-17 05:38:03,426 - cyberbully - INFO -   prep_mode      : 2
2026-06-17 05:38:03,426 - cyberbully - INFO -   augment        : False
2026-06-17 05:38:03,426 - cyberbully - INFO -   compute_attribution: False
2026-06-17 05:38:03,426 - cyberbully - INFO -   seed           : 43782163
2026-06-17 05:38:03,426 - cyberbully - INFO -   epochs         : 10
2026-06-17 05:38:03,426 - cyberbully - INFO -   batch_size     : 32
2026-06-17 05:38:03,426 - cyberbully - INFO -   lr             : 5e-05
2026-06-17 05:38:03,426 - cyberbully - INFO -   max_length     : 128
2026-06-17 05:38:03,426 - cyberbully - INFO -   output_dir     : grid-search
2026-06-17 05:38:03,426 - cyberbully - INFO -   data_dir       : dataset
2026-06-17 05:38:03,426 - cyberbully - INFO -   sbert          : False
2026-06-17 05:38:03,426 - cyberbully - INFO -   supcon         : False
2026-06-17 05:38:03,426 - cyberbully - INFO -   supcon_weight  : 0.1
2026-06-17 05:38:03,426 - cyberbully - INFO -   proj_dim       : 128
2026-06-17 05:38:03,426 - cyberbully - INFO -   grad_accum_steps: 1
2026-06-17 05:38:03,426 - cyberbully - INFO -   overwrite      : False
2026-06-17 05:38:03,426 - cyberbully - INFO -   device         : cuda
2026-06-17 05:38:03,426 - cyberbully - INFO -   output_dir     : experiments/grid-search/bert-base-cased/kaggle/prep2_aug0/seed_43782163
2026-06-17 05:38:03,426 - cyberbully - INFO - ============================================================
2026-06-17 05:38:03,426 - cyberbully - INFO - Step 1: Preparing data...
2026-06-17 05:38:03,473 - cyberbully - INFO - Loaded pre-split data from dataset/kaggle — train: 25604, val: 6401, test: 8002
2026-06-17 05:38:03,473 - cyberbully - INFO - Label mapping: {'age': 0, 'ethnicity': 1, 'gender': 2, 'other_cyberbullying': 3, 'religion': 4}
2026-06-17 05:38:03,474 - cyberbully - INFO - Applying partial text preprocessing per split...
2026-06-17 05:38:04,779 - cyberbully - INFO - After preprocessing -- train: 25604, val: 6401, test: 8002
2026-06-17 05:38:04,783 - cyberbully - INFO - Number of classes: 5
2026-06-17 05:38:04,785 - cyberbully - INFO - Step 2: Loading model and tokenizer...
2026-06-17 05:38:04,785 - cyberbully - INFO - Loading model 'bert-base-cased' with 5 labels (sbert=False, supcon=False)
2026-06-17 05:38:06,029 - cyberbully - INFO - Step 3: Creating datasets...
2026-06-17 05:38:06,839 - cyberbully - INFO - Dataset sizes — train: 25604, val: 6401, test: 8002
2026-06-17 05:38:06,839 - cyberbully - INFO - Step 4: Training...
2026-06-17 05:38:07,106 - cyberbully - INFO - Starting training...
2026-06-17 05:50:27,142 - cyberbully - INFO - Training complete.
2026-06-17 05:50:27,204 - cyberbully - INFO - Removed checkpoint: experiments/grid-search/bert-base-cased/kaggle/prep2_aug0/seed_43782163/checkpoint-5607
2026-06-17 05:50:27,279 - cyberbully - INFO - Removed checkpoint: experiments/grid-search/bert-base-cased/kaggle/prep2_aug0/seed_43782163/checkpoint-8010
2026-06-17 05:50:27,341 - cyberbully - INFO - Removed checkpoint: experiments/grid-search/bert-base-cased/kaggle/prep2_aug0/seed_43782163/checkpoint-6408
2026-06-17 05:50:27,406 - cyberbully - INFO - Removed checkpoint: experiments/grid-search/bert-base-cased/kaggle/prep2_aug0/seed_43782163/checkpoint-1602
2026-06-17 05:50:27,469 - cyberbully - INFO - Removed checkpoint: experiments/grid-search/bert-base-cased/kaggle/prep2_aug0/seed_43782163/checkpoint-3204
2026-06-17 05:50:27,533 - cyberbully - INFO - Removed checkpoint: experiments/grid-search/bert-base-cased/kaggle/prep2_aug0/seed_43782163/checkpoint-7209
2026-06-17 05:50:27,598 - cyberbully - INFO - Removed checkpoint: experiments/grid-search/bert-base-cased/kaggle/prep2_aug0/seed_43782163/checkpoint-4005
2026-06-17 05:50:27,663 - cyberbully - INFO - Removed checkpoint: experiments/grid-search/bert-base-cased/kaggle/prep2_aug0/seed_43782163/checkpoint-4806
2026-06-17 05:50:27,729 - cyberbully - INFO - Removed checkpoint: experiments/grid-search/bert-base-cased/kaggle/prep2_aug0/seed_43782163/checkpoint-801
2026-06-17 05:50:27,793 - cyberbully - INFO - Removed checkpoint: experiments/grid-search/bert-base-cased/kaggle/prep2_aug0/seed_43782163/checkpoint-2403
2026-06-17 05:50:27,793 - cyberbully - INFO - Step 5: Evaluating on test set...
2026-06-17 05:50:39,396 - cyberbully - INFO - Metrics saved to experiments/grid-search/bert-base-cased/kaggle/prep2_aug0/seed_43782163/metrics.json
2026-06-17 05:50:39,397 - cyberbully - INFO - Confusion matrix saved to experiments/grid-search/bert-base-cased/kaggle/prep2_aug0/seed_43782163/confusion_matrix.json
2026-06-17 05:50:39,481 - cyberbully - INFO - Per-sample predictions saved to experiments/grid-search/bert-base-cased/kaggle/prep2_aug0/seed_43782163/predictions.json
2026-06-17 05:50:39,588 - cyberbully - INFO - Confusion matrix figure saved to experiments/grid-search/bert-base-cased/kaggle/prep2_aug0/seed_43782163/confusion_matrix.pdf
2026-06-17 05:50:39,588 - cyberbully - INFO - Accuracy: 0.9479
2026-06-17 05:50:39,589 - cyberbully - INFO - Weighted F1: 0.9479
2026-06-17 05:50:39,589 - cyberbully - INFO - Micro F1: 0.9479
2026-06-17 05:50:39,589 - cyberbully - INFO - Inference time: 5.50 seconds
2026-06-17 05:50:39,589 - cyberbully - INFO - Energy consumption: 0.000355 kWh
2026-06-17 05:50:39,591 - cyberbully - INFO - ============================================================
2026-06-17 05:50:39,591 - cyberbully - INFO - Pipeline complete. Results saved to: experiments/grid-search/bert-base-cased/kaggle/prep2_aug0/seed_43782163
2026-06-17 05:50:39,591 - cyberbully - INFO - ============================================================
