2026-03-20 16:14:07,925 - cyberbully - INFO - ============================================================
2026-03-20 16:14:07,925 - cyberbully - INFO - Cyberbullying Detection Pipeline
2026-03-20 16:14:07,925 - cyberbully - INFO - ============================================================
2026-03-20 16:14:07,925 - cyberbully - INFO - Configuration:
2026-03-20 16:14:07,925 - cyberbully - INFO -   model          : bert-base-cased
2026-03-20 16:14:07,925 - cyberbully - INFO -   dataset        : ieee
2026-03-20 16:14:07,925 - cyberbully - INFO -   preprocess     : True
2026-03-20 16:14:07,925 - cyberbully - INFO -   augment        : True
2026-03-20 16:14:07,925 - cyberbully - INFO -   compute_attribution: False
2026-03-20 16:14:07,925 - cyberbully - INFO -   seed           : 67351593
2026-03-20 16:14:07,925 - cyberbully - INFO -   epochs         : 10
2026-03-20 16:14:07,925 - cyberbully - INFO -   batch_size     : 32
2026-03-20 16:14:07,925 - cyberbully - INFO -   lr             : 5e-05
2026-03-20 16:14:07,925 - cyberbully - INFO -   max_length     : 128
2026-03-20 16:14:07,925 - cyberbully - INFO -   output_dir     : grid-search
2026-03-20 16:14:07,925 - cyberbully - INFO -   data_dir       : dataset
2026-03-20 16:14:07,925 - cyberbully - INFO -   sbert          : False
2026-03-20 16:14:07,925 - cyberbully - INFO -   supcon         : False
2026-03-20 16:14:07,925 - cyberbully - INFO -   supcon_weight  : 0.1
2026-03-20 16:14:07,925 - cyberbully - INFO -   proj_dim       : 128
2026-03-20 16:14:07,925 - cyberbully - INFO -   grad_accum_steps: 1
2026-03-20 16:14:07,925 - cyberbully - INFO -   overwrite      : False
2026-03-20 16:14:07,925 - cyberbully - INFO -   device         : cuda
2026-03-20 16:14:07,925 - cyberbully - INFO -   output_dir     : experiments/grid-search/bert-base-cased/ieee/prep1_aug1/seed_67351593
2026-03-20 16:14:07,925 - cyberbully - INFO - ============================================================
2026-03-20 16:14:07,925 - cyberbully - INFO - Step 1: Preparing data...
2026-03-20 16:14:07,928 - cyberbully - INFO - Loaded pre-split data from dataset/ieee — train: 1348, val: 338, test: 422
2026-03-20 16:14:07,928 - cyberbully - INFO - Label mapping: {'Cyberstalking': 0, 'Doxing': 1, 'Revenge Porn': 2, 'Sexual Harassment': 3, 'Slut Shaming': 4}
2026-03-20 16:14:07,928 - cyberbully - INFO - Applying text preprocessing per split...
2026-03-20 16:14:10,980 - cyberbully - INFO - After preprocessing — train: 1172, val: 304, test: 377
2026-03-20 16:14:10,981 - cyberbully - INFO - Applying training data augmentation (oversampling)...
2026-03-20 16:14:10,982 - cyberbully - INFO - After oversampling — class distribution: {0: 286, 1: 286, 2: 286, 3: 286, 4: 286}
2026-03-20 16:14:10,983 - cyberbully - INFO - Number of classes: 5
2026-03-20 16:14:10,984 - cyberbully - INFO - Step 2: Loading model and tokenizer...
2026-03-20 16:14:10,984 - cyberbully - INFO - Loading model 'bert-base-cased' with 5 labels (sbert=False, supcon=False)
2026-03-20 16:14:11,704 - cyberbully - INFO - Step 3: Creating datasets...
2026-03-20 16:14:11,731 - cyberbully - INFO - Dataset sizes — train: 1430, val: 304, test: 377
2026-03-20 16:14:11,731 - cyberbully - INFO - Step 4: Training...
2026-03-20 16:14:11,959 - cyberbully - INFO - Starting training...
2026-03-20 16:15:05,574 - cyberbully - INFO - Training complete.
2026-03-20 16:15:05,816 - cyberbully - INFO - Removed checkpoint: experiments/grid-search/bert-base-cased/ieee/prep1_aug1/seed_67351593/checkpoint-90
2026-03-20 16:15:06,342 - cyberbully - INFO - Removed checkpoint: experiments/grid-search/bert-base-cased/ieee/prep1_aug1/seed_67351593/checkpoint-180
2026-03-20 16:15:06,419 - cyberbully - INFO - Removed checkpoint: experiments/grid-search/bert-base-cased/ieee/prep1_aug1/seed_67351593/checkpoint-225
2026-03-20 16:15:06,484 - cyberbully - INFO - Removed checkpoint: experiments/grid-search/bert-base-cased/ieee/prep1_aug1/seed_67351593/checkpoint-135
2026-03-20 16:15:06,557 - cyberbully - INFO - Removed checkpoint: experiments/grid-search/bert-base-cased/ieee/prep1_aug1/seed_67351593/checkpoint-315
2026-03-20 16:15:06,629 - cyberbully - INFO - Removed checkpoint: experiments/grid-search/bert-base-cased/ieee/prep1_aug1/seed_67351593/checkpoint-450
2026-03-20 16:15:06,703 - cyberbully - INFO - Removed checkpoint: experiments/grid-search/bert-base-cased/ieee/prep1_aug1/seed_67351593/checkpoint-360
2026-03-20 16:15:06,859 - cyberbully - INFO - Removed checkpoint: experiments/grid-search/bert-base-cased/ieee/prep1_aug1/seed_67351593/checkpoint-45
2026-03-20 16:15:06,941 - cyberbully - INFO - Removed checkpoint: experiments/grid-search/bert-base-cased/ieee/prep1_aug1/seed_67351593/checkpoint-270
2026-03-20 16:15:07,014 - cyberbully - INFO - Removed checkpoint: experiments/grid-search/bert-base-cased/ieee/prep1_aug1/seed_67351593/checkpoint-405
2026-03-20 16:15:07,014 - cyberbully - INFO - Step 5: Evaluating on test set...
2026-03-20 16:15:11,584 - cyberbully - INFO - Metrics saved to experiments/grid-search/bert-base-cased/ieee/prep1_aug1/seed_67351593/metrics.json
2026-03-20 16:15:11,584 - cyberbully - INFO - Confusion matrix saved to experiments/grid-search/bert-base-cased/ieee/prep1_aug1/seed_67351593/confusion_matrix.json
2026-03-20 16:15:11,588 - cyberbully - INFO - Per-sample predictions saved to experiments/grid-search/bert-base-cased/ieee/prep1_aug1/seed_67351593/predictions.json
2026-03-20 16:15:11,690 - cyberbully - INFO - Confusion matrix figure saved to experiments/grid-search/bert-base-cased/ieee/prep1_aug1/seed_67351593/confusion_matrix.pdf
2026-03-20 16:15:11,690 - cyberbully - INFO - Accuracy: 0.7772
2026-03-20 16:15:11,690 - cyberbully - INFO - Weighted F1: 0.7762
2026-03-20 16:15:11,690 - cyberbully - INFO - Micro F1: 0.7772
2026-03-20 16:15:11,690 - cyberbully - INFO - Inference time: 0.27 seconds
2026-03-20 16:15:11,690 - cyberbully - INFO - Energy consumption: 0.000015 kWh
2026-03-20 16:15:11,690 - cyberbully - INFO - ============================================================
2026-03-20 16:15:11,691 - cyberbully - INFO - Pipeline complete. Results saved to: experiments/grid-search/bert-base-cased/ieee/prep1_aug1/seed_67351593
2026-03-20 16:15:11,691 - cyberbully - INFO - ============================================================
