2026-05-23 05:30:08,487 - cyberbully - INFO - ============================================================
2026-05-23 05:30:08,487 - cyberbully - INFO - Cyberbullying Detection Pipeline
2026-05-23 05:30:08,487 - cyberbully - INFO - ============================================================
2026-05-23 05:30:08,487 - cyberbully - INFO - Configuration:
2026-05-23 05:30:08,487 - cyberbully - INFO -   model          : albert/albert-base-v2
2026-05-23 05:30:08,487 - cyberbully - INFO -   dataset        : tweeteval
2026-05-23 05:30:08,487 - cyberbully - INFO -   preprocess     : True
2026-05-23 05:30:08,487 - cyberbully - INFO -   augment        : False
2026-05-23 05:30:08,487 - cyberbully - INFO -   compute_attribution: False
2026-05-23 05:30:08,487 - cyberbully - INFO -   seed           : 87212562
2026-05-23 05:30:08,487 - cyberbully - INFO -   epochs         : 10
2026-05-23 05:30:08,487 - cyberbully - INFO -   batch_size     : 32
2026-05-23 05:30:08,487 - cyberbully - INFO -   lr             : 5e-05
2026-05-23 05:30:08,487 - cyberbully - INFO -   max_length     : 128
2026-05-23 05:30:08,487 - cyberbully - INFO -   output_dir     : grid-search
2026-05-23 05:30:08,487 - cyberbully - INFO -   data_dir       : dataset
2026-05-23 05:30:08,487 - cyberbully - INFO -   sbert          : False
2026-05-23 05:30:08,487 - cyberbully - INFO -   supcon         : False
2026-05-23 05:30:08,487 - cyberbully - INFO -   supcon_weight  : 0.1
2026-05-23 05:30:08,487 - cyberbully - INFO -   proj_dim       : 128
2026-05-23 05:30:08,487 - cyberbully - INFO -   grad_accum_steps: 1
2026-05-23 05:30:08,487 - cyberbully - INFO -   overwrite      : True
2026-05-23 05:30:08,487 - cyberbully - INFO -   device         : cuda
2026-05-23 05:30:08,487 - cyberbully - INFO -   output_dir     : experiments/grid-search/albert_albert-base-v2/tweeteval/prep1_aug0/seed_87212562
2026-05-23 05:30:08,487 - cyberbully - INFO - ============================================================
2026-05-23 05:30:08,487 - cyberbully - INFO - Step 1: Preparing data...
2026-05-23 05:30:08,533 - cyberbully - INFO - Loaded pre-split data from dataset/tweeteval — train: 32485, val: 8122, test: 10152
2026-05-23 05:30:08,533 - cyberbully - INFO - Label mapping: {'emotion': 0, 'hate': 1, 'offensive': 2, 'religion': 3, 'spiritual': 4}
2026-05-23 05:30:08,534 - cyberbully - INFO - Applying text preprocessing per split...
2026-05-23 05:30:14,032 - cyberbully - INFO - After preprocessing -- train: 32485, val: 8122, test: 10152
2026-05-23 05:30:14,036 - cyberbully - INFO - Number of classes: 5
2026-05-23 05:30:14,037 - cyberbully - INFO - Step 2: Loading model and tokenizer...
2026-05-23 05:30:14,037 - cyberbully - INFO - Loading model 'albert/albert-base-v2' with 5 labels (sbert=False, supcon=False)
2026-05-23 05:30:15,137 - cyberbully - INFO - Step 3: Creating datasets...
2026-05-23 05:30:16,361 - cyberbully - INFO - Dataset sizes — train: 32485, val: 8122, test: 10152
2026-05-23 05:30:16,361 - cyberbully - INFO - Step 4: Training...
2026-05-23 05:30:16,527 - cyberbully - INFO - Starting training...
2026-05-23 05:47:32,350 - cyberbully - INFO - Training complete.
2026-05-23 05:47:32,357 - cyberbully - INFO - Removed checkpoint: experiments/grid-search/albert_albert-base-v2/tweeteval/prep1_aug0/seed_87212562/checkpoint-3048
2026-05-23 05:47:32,364 - cyberbully - INFO - Removed checkpoint: experiments/grid-search/albert_albert-base-v2/tweeteval/prep1_aug0/seed_87212562/checkpoint-7112
2026-05-23 05:47:32,371 - cyberbully - INFO - Removed checkpoint: experiments/grid-search/albert_albert-base-v2/tweeteval/prep1_aug0/seed_87212562/checkpoint-9144
2026-05-23 05:47:32,378 - cyberbully - INFO - Removed checkpoint: experiments/grid-search/albert_albert-base-v2/tweeteval/prep1_aug0/seed_87212562/checkpoint-1016
2026-05-23 05:47:32,385 - cyberbully - INFO - Removed checkpoint: experiments/grid-search/albert_albert-base-v2/tweeteval/prep1_aug0/seed_87212562/checkpoint-2032
2026-05-23 05:47:32,394 - cyberbully - INFO - Removed checkpoint: experiments/grid-search/albert_albert-base-v2/tweeteval/prep1_aug0/seed_87212562/checkpoint-10160
2026-05-23 05:47:32,401 - cyberbully - INFO - Removed checkpoint: experiments/grid-search/albert_albert-base-v2/tweeteval/prep1_aug0/seed_87212562/checkpoint-6096
2026-05-23 05:47:32,408 - cyberbully - INFO - Removed checkpoint: experiments/grid-search/albert_albert-base-v2/tweeteval/prep1_aug0/seed_87212562/checkpoint-5080
2026-05-23 05:47:32,415 - cyberbully - INFO - Removed checkpoint: experiments/grid-search/albert_albert-base-v2/tweeteval/prep1_aug0/seed_87212562/checkpoint-8128
2026-05-23 05:47:32,422 - cyberbully - INFO - Removed checkpoint: experiments/grid-search/albert_albert-base-v2/tweeteval/prep1_aug0/seed_87212562/checkpoint-4064
2026-05-23 05:47:32,422 - cyberbully - INFO - Step 5: Evaluating on test set...
2026-05-23 05:47:48,801 - cyberbully - INFO - Metrics saved to experiments/grid-search/albert_albert-base-v2/tweeteval/prep1_aug0/seed_87212562/metrics.json
2026-05-23 05:47:48,801 - cyberbully - INFO - Confusion matrix saved to experiments/grid-search/albert_albert-base-v2/tweeteval/prep1_aug0/seed_87212562/confusion_matrix.json
2026-05-23 05:47:48,904 - cyberbully - INFO - Per-sample predictions saved to experiments/grid-search/albert_albert-base-v2/tweeteval/prep1_aug0/seed_87212562/predictions.json
2026-05-23 05:47:49,007 - cyberbully - INFO - Confusion matrix figure saved to experiments/grid-search/albert_albert-base-v2/tweeteval/prep1_aug0/seed_87212562/confusion_matrix.pdf
2026-05-23 05:47:49,007 - cyberbully - INFO - Accuracy: 0.9390
2026-05-23 05:47:49,007 - cyberbully - INFO - Weighted F1: 0.9389
2026-05-23 05:47:49,007 - cyberbully - INFO - Micro F1: 0.9390
2026-05-23 05:47:49,007 - cyberbully - INFO - Inference time: 10.19 seconds
2026-05-23 05:47:49,007 - cyberbully - INFO - Energy consumption: 0.000611 kWh
2026-05-23 05:47:49,010 - cyberbully - INFO - ============================================================
2026-05-23 05:47:49,010 - cyberbully - INFO - Pipeline complete. Results saved to: experiments/grid-search/albert_albert-base-v2/tweeteval/prep1_aug0/seed_87212562
2026-05-23 05:47:49,010 - cyberbully - INFO - ============================================================
