2026-04-15 14:12:19,073 - cyberbully - INFO - Model 'all-mpnet-base-v2' detected as SBERT-based. Using SBERTClassifier pipeline.
2026-04-15 14:12:19,074 - cyberbully - INFO - ============================================================
2026-04-15 14:12:19,074 - cyberbully - INFO - Cyberbullying Detection Pipeline
2026-04-15 14:12:19,074 - cyberbully - INFO - ============================================================
2026-04-15 14:12:19,074 - cyberbully - INFO - Configuration:
2026-04-15 14:12:19,074 - cyberbully - INFO -   model          : all-mpnet-base-v2
2026-04-15 14:12:19,074 - cyberbully - INFO -   dataset        : ieee
2026-04-15 14:12:19,074 - cyberbully - INFO -   preprocess     : True
2026-04-15 14:12:19,074 - cyberbully - INFO -   augment        : False
2026-04-15 14:12:19,074 - cyberbully - INFO -   compute_attribution: False
2026-04-15 14:12:19,074 - cyberbully - INFO -   seed           : 14298463
2026-04-15 14:12:19,074 - cyberbully - INFO -   epochs         : 10
2026-04-15 14:12:19,074 - cyberbully - INFO -   batch_size     : 32
2026-04-15 14:12:19,074 - cyberbully - INFO -   lr             : 5e-05
2026-04-15 14:12:19,074 - cyberbully - INFO -   max_length     : 128
2026-04-15 14:12:19,074 - cyberbully - INFO -   output_dir     : grid-search
2026-04-15 14:12:19,074 - cyberbully - INFO -   data_dir       : dataset
2026-04-15 14:12:19,074 - cyberbully - INFO -   sbert          : True
2026-04-15 14:12:19,074 - cyberbully - INFO -   supcon         : False
2026-04-15 14:12:19,074 - cyberbully - INFO -   supcon_weight  : 0.1
2026-04-15 14:12:19,074 - cyberbully - INFO -   proj_dim       : 128
2026-04-15 14:12:19,074 - cyberbully - INFO -   grad_accum_steps: 1
2026-04-15 14:12:19,074 - cyberbully - INFO -   overwrite      : False
2026-04-15 14:12:19,074 - cyberbully - INFO -   device         : cuda
2026-04-15 14:12:19,074 - cyberbully - INFO -   output_dir     : experiments/grid-search/all-mpnet-base-v2/ieee/prep1_aug0/seed_14298463
2026-04-15 14:12:19,074 - cyberbully - INFO - ============================================================
2026-04-15 14:12:19,074 - cyberbully - INFO - Step 1: Preparing data...
2026-04-15 14:12:19,078 - cyberbully - INFO - Loaded pre-split data from dataset/ieee — train: 1348, val: 338, test: 422
2026-04-15 14:12:19,078 - cyberbully - INFO - Label mapping: {'Cyberstalking': 0, 'Doxing': 1, 'Revenge Porn': 2, 'Sexual Harassment': 3, 'Slut Shaming': 4}
2026-04-15 14:12:19,078 - cyberbully - INFO - Applying text preprocessing per split...
2026-04-15 14:12:23,095 - cyberbully - INFO - After preprocessing — train: 1172, val: 306, test: 377
2026-04-15 14:12:23,097 - cyberbully - INFO - Number of classes: 5
2026-04-15 14:12:23,098 - cyberbully - INFO - Step 2: Loading model and tokenizer...
2026-04-15 14:12:23,098 - cyberbully - INFO - Loading model 'all-mpnet-base-v2' with 5 labels (sbert=True, supcon=False)
2026-04-15 14:12:27,113 - cyberbully - INFO - SBERTClassifier: embedding_dim=768, hidden=256, proj_dim=None, num_labels=5
2026-04-15 14:12:27,681 - cyberbully - INFO - Step 3: Creating datasets...
2026-04-15 14:12:27,713 - cyberbully - INFO - Dataset sizes — train: 1172, val: 306, test: 377
2026-04-15 14:12:27,713 - cyberbully - INFO - Step 4: Training...
2026-04-15 14:12:27,762 - cyberbully - INFO - Starting training...
2026-04-15 14:13:14,769 - cyberbully - INFO - Training complete.
2026-04-15 14:13:15,010 - cyberbully - INFO - Removed checkpoint: experiments/grid-search/all-mpnet-base-v2/ieee/prep1_aug0/seed_14298463/checkpoint-111
2026-04-15 14:13:15,081 - cyberbully - INFO - Removed checkpoint: experiments/grid-search/all-mpnet-base-v2/ieee/prep1_aug0/seed_14298463/checkpoint-370
2026-04-15 14:13:15,891 - cyberbully - INFO - Removed checkpoint: experiments/grid-search/all-mpnet-base-v2/ieee/prep1_aug0/seed_14298463/checkpoint-37
2026-04-15 14:13:15,971 - cyberbully - INFO - Removed checkpoint: experiments/grid-search/all-mpnet-base-v2/ieee/prep1_aug0/seed_14298463/checkpoint-148
2026-04-15 14:13:16,044 - cyberbully - INFO - Removed checkpoint: experiments/grid-search/all-mpnet-base-v2/ieee/prep1_aug0/seed_14298463/checkpoint-296
2026-04-15 14:13:16,117 - cyberbully - INFO - Removed checkpoint: experiments/grid-search/all-mpnet-base-v2/ieee/prep1_aug0/seed_14298463/checkpoint-333
2026-04-15 14:13:16,190 - cyberbully - INFO - Removed checkpoint: experiments/grid-search/all-mpnet-base-v2/ieee/prep1_aug0/seed_14298463/checkpoint-185
2026-04-15 14:13:16,263 - cyberbully - INFO - Removed checkpoint: experiments/grid-search/all-mpnet-base-v2/ieee/prep1_aug0/seed_14298463/checkpoint-222
2026-04-15 14:13:16,337 - cyberbully - INFO - Removed checkpoint: experiments/grid-search/all-mpnet-base-v2/ieee/prep1_aug0/seed_14298463/checkpoint-259
2026-04-15 14:13:17,029 - cyberbully - INFO - Removed checkpoint: experiments/grid-search/all-mpnet-base-v2/ieee/prep1_aug0/seed_14298463/checkpoint-74
2026-04-15 14:13:17,029 - cyberbully - INFO - Step 5: Evaluating on test set...
2026-04-15 14:13:22,004 - cyberbully - INFO - Metrics saved to experiments/grid-search/all-mpnet-base-v2/ieee/prep1_aug0/seed_14298463/metrics.json
2026-04-15 14:13:22,005 - cyberbully - INFO - Confusion matrix saved to experiments/grid-search/all-mpnet-base-v2/ieee/prep1_aug0/seed_14298463/confusion_matrix.json
2026-04-15 14:13:22,009 - cyberbully - INFO - Per-sample predictions saved to experiments/grid-search/all-mpnet-base-v2/ieee/prep1_aug0/seed_14298463/predictions.json
2026-04-15 14:13:22,110 - cyberbully - INFO - Confusion matrix figure saved to experiments/grid-search/all-mpnet-base-v2/ieee/prep1_aug0/seed_14298463/confusion_matrix.pdf
2026-04-15 14:13:22,110 - cyberbully - INFO - Accuracy: 0.8276
2026-04-15 14:13:22,110 - cyberbully - INFO - Weighted F1: 0.8268
2026-04-15 14:13:22,110 - cyberbully - INFO - Micro F1: 0.8276
2026-04-15 14:13:22,110 - cyberbully - INFO - Inference time: 0.29 seconds
2026-04-15 14:13:22,110 - cyberbully - INFO - Energy consumption: 0.000019 kWh
2026-04-15 14:13:22,110 - cyberbully - INFO - ============================================================
2026-04-15 14:13:22,110 - cyberbully - INFO - Pipeline complete. Results saved to: experiments/grid-search/all-mpnet-base-v2/ieee/prep1_aug0/seed_14298463
2026-04-15 14:13:22,110 - cyberbully - INFO - ============================================================
