2026-03-21 19:14:21,723 - cyberbully - INFO - ============================================================
2026-03-21 19:14:21,723 - cyberbully - INFO - Cyberbullying Detection Pipeline
2026-03-21 19:14:21,723 - cyberbully - INFO - ============================================================
2026-03-21 19:14:21,723 - cyberbully - INFO - Configuration:
2026-03-21 19:14:21,723 - cyberbully - INFO -   model          : albert/albert-base-v2
2026-03-21 19:14:21,723 - cyberbully - INFO -   dataset        : kaggle
2026-03-21 19:14:21,723 - cyberbully - INFO -   preprocess     : True
2026-03-21 19:14:21,723 - cyberbully - INFO -   augment        : True
2026-03-21 19:14:21,723 - cyberbully - INFO -   compute_attribution: False
2026-03-21 19:14:21,723 - cyberbully - INFO -   seed           : 52680723
2026-03-21 19:14:21,723 - cyberbully - INFO -   epochs         : 10
2026-03-21 19:14:21,723 - cyberbully - INFO -   batch_size     : 32
2026-03-21 19:14:21,723 - cyberbully - INFO -   lr             : 5e-05
2026-03-21 19:14:21,723 - cyberbully - INFO -   max_length     : 128
2026-03-21 19:14:21,723 - cyberbully - INFO -   output_dir     : grid-search
2026-03-21 19:14:21,723 - cyberbully - INFO -   data_dir       : dataset
2026-03-21 19:14:21,723 - cyberbully - INFO -   sbert          : False
2026-03-21 19:14:21,723 - cyberbully - INFO -   supcon         : False
2026-03-21 19:14:21,723 - cyberbully - INFO -   supcon_weight  : 0.1
2026-03-21 19:14:21,723 - cyberbully - INFO -   proj_dim       : 128
2026-03-21 19:14:21,723 - cyberbully - INFO -   grad_accum_steps: 1
2026-03-21 19:14:21,723 - cyberbully - INFO -   overwrite      : False
2026-03-21 19:14:21,723 - cyberbully - INFO -   device         : cuda
2026-03-21 19:14:21,723 - cyberbully - INFO -   output_dir     : experiments/grid-search/albert_albert-base-v2/kaggle/prep1_aug1/seed_52680723
2026-03-21 19:14:21,723 - cyberbully - INFO - ============================================================
2026-03-21 19:14:21,723 - cyberbully - INFO - Step 1: Preparing data...
2026-03-21 19:14:21,775 - cyberbully - INFO - Loaded pre-split data from dataset/kaggle — train: 30499, val: 7625, test: 9532
2026-03-21 19:14:21,776 - cyberbully - INFO - Label mapping: {'age': 0, 'ethnicity': 1, 'gender': 2, 'not_cyberbullying': 3, 'other_cyberbullying': 4, 'religion': 5}
2026-03-21 19:14:21,776 - cyberbully - INFO - Applying text preprocessing per split...
2026-03-21 19:15:16,742 - cyberbully - INFO - After preprocessing — train: 26857, val: 6843, test: 8540
2026-03-21 19:15:16,744 - cyberbully - INFO - Applying training data augmentation (oversampling)...
2026-03-21 19:15:16,748 - cyberbully - INFO - After oversampling — class distribution: {0: 5072, 1: 5072, 2: 5072, 3: 5072, 4: 5072, 5: 5072}
2026-03-21 19:15:16,759 - cyberbully - INFO - Number of classes: 6
2026-03-21 19:15:16,760 - cyberbully - INFO - Step 2: Loading model and tokenizer...
2026-03-21 19:15:16,760 - cyberbully - INFO - Loading model 'albert/albert-base-v2' with 6 labels (sbert=False, supcon=False)
2026-03-21 19:15:17,616 - cyberbully - INFO - Step 3: Creating datasets...
2026-03-21 19:15:18,239 - cyberbully - INFO - Dataset sizes — train: 30432, val: 6843, test: 8540
2026-03-21 19:15:18,239 - cyberbully - INFO - Step 4: Training...
2026-03-21 19:15:18,294 - cyberbully - INFO - Starting training...
2026-03-21 19:29:22,474 - cyberbully - INFO - Training complete.
2026-03-21 19:29:22,484 - cyberbully - INFO - Removed checkpoint: experiments/grid-search/albert_albert-base-v2/kaggle/prep1_aug1/seed_52680723/checkpoint-1902
2026-03-21 19:29:22,493 - cyberbully - INFO - Removed checkpoint: experiments/grid-search/albert_albert-base-v2/kaggle/prep1_aug1/seed_52680723/checkpoint-3804
2026-03-21 19:29:22,503 - cyberbully - INFO - Removed checkpoint: experiments/grid-search/albert_albert-base-v2/kaggle/prep1_aug1/seed_52680723/checkpoint-2853
2026-03-21 19:29:22,513 - cyberbully - INFO - Removed checkpoint: experiments/grid-search/albert_albert-base-v2/kaggle/prep1_aug1/seed_52680723/checkpoint-7608
2026-03-21 19:29:22,522 - cyberbully - INFO - Removed checkpoint: experiments/grid-search/albert_albert-base-v2/kaggle/prep1_aug1/seed_52680723/checkpoint-5706
2026-03-21 19:29:22,532 - cyberbully - INFO - Removed checkpoint: experiments/grid-search/albert_albert-base-v2/kaggle/prep1_aug1/seed_52680723/checkpoint-6657
2026-03-21 19:29:22,542 - cyberbully - INFO - Removed checkpoint: experiments/grid-search/albert_albert-base-v2/kaggle/prep1_aug1/seed_52680723/checkpoint-4755
2026-03-21 19:29:22,551 - cyberbully - INFO - Removed checkpoint: experiments/grid-search/albert_albert-base-v2/kaggle/prep1_aug1/seed_52680723/checkpoint-9510
2026-03-21 19:29:22,561 - cyberbully - INFO - Removed checkpoint: experiments/grid-search/albert_albert-base-v2/kaggle/prep1_aug1/seed_52680723/checkpoint-8559
2026-03-21 19:29:22,571 - cyberbully - INFO - Removed checkpoint: experiments/grid-search/albert_albert-base-v2/kaggle/prep1_aug1/seed_52680723/checkpoint-951
2026-03-21 19:29:22,571 - cyberbully - INFO - Step 5: Evaluating on test set...
2026-03-21 19:29:35,263 - cyberbully - INFO - Metrics saved to experiments/grid-search/albert_albert-base-v2/kaggle/prep1_aug1/seed_52680723/metrics.json
2026-03-21 19:29:35,263 - cyberbully - INFO - Confusion matrix saved to experiments/grid-search/albert_albert-base-v2/kaggle/prep1_aug1/seed_52680723/confusion_matrix.json
2026-03-21 19:29:35,355 - cyberbully - INFO - Per-sample predictions saved to experiments/grid-search/albert_albert-base-v2/kaggle/prep1_aug1/seed_52680723/predictions.json
2026-03-21 19:29:35,471 - cyberbully - INFO - Confusion matrix figure saved to experiments/grid-search/albert_albert-base-v2/kaggle/prep1_aug1/seed_52680723/confusion_matrix.pdf
2026-03-21 19:29:35,471 - cyberbully - INFO - Accuracy: 0.8513
2026-03-21 19:29:35,471 - cyberbully - INFO - Weighted F1: 0.8546
2026-03-21 19:29:35,471 - cyberbully - INFO - Micro F1: 0.8513
2026-03-21 19:29:35,471 - cyberbully - INFO - Inference time: 7.48 seconds
2026-03-21 19:29:35,471 - cyberbully - INFO - Energy consumption: 0.000375 kWh
2026-03-21 19:29:35,473 - cyberbully - INFO - ============================================================
2026-03-21 19:29:35,473 - cyberbully - INFO - Pipeline complete. Results saved to: experiments/grid-search/albert_albert-base-v2/kaggle/prep1_aug1/seed_52680723
2026-03-21 19:29:35,473 - cyberbully - INFO - ============================================================
