2026-02-25 16:12:01,997 - cyberbully - INFO - ============================================================
2026-02-25 16:12:01,997 - cyberbully - INFO - Cyberbullying Detection Pipeline
2026-02-25 16:12:01,997 - cyberbully - INFO - ============================================================
2026-02-25 16:12:01,997 - cyberbully - INFO - Configuration:
2026-02-25 16:12:01,997 - cyberbully - INFO -   model          : google/mobilebert-uncased
2026-02-25 16:12:01,997 - cyberbully - INFO -   dataset        : ieee
2026-02-25 16:12:01,997 - cyberbully - INFO -   preprocess     : False
2026-02-25 16:12:01,997 - cyberbully - INFO -   augment        : False
2026-02-25 16:12:01,997 - cyberbully - INFO -   compute_attribution: False
2026-02-25 16:12:01,997 - cyberbully - INFO -   seed           : 52680723
2026-02-25 16:12:01,997 - cyberbully - INFO -   epochs         : 10
2026-02-25 16:12:01,997 - cyberbully - INFO -   batch_size     : 32
2026-02-25 16:12:01,997 - cyberbully - INFO -   lr             : 5e-05
2026-02-25 16:12:01,997 - cyberbully - INFO -   max_length     : 128
2026-02-25 16:12:01,997 - cyberbully - INFO -   output_dir     : grid-search
2026-02-25 16:12:01,997 - cyberbully - INFO -   data_dir       : dataset
2026-02-25 16:12:01,997 - cyberbully - INFO -   sbert          : False
2026-02-25 16:12:01,997 - cyberbully - INFO -   overwrite      : False
2026-02-25 16:12:01,997 - cyberbully - INFO -   device         : cuda
2026-02-25 16:12:01,997 - cyberbully - INFO -   output_dir     : experiments/grid-search/google_mobilebert-uncased/ieee/prep0_aug0/seed_52680723
2026-02-25 16:12:01,997 - cyberbully - INFO - ============================================================
2026-02-25 16:12:01,997 - cyberbully - INFO - Step 1: Preparing data...
2026-02-25 16:12:01,997 - cyberbully - INFO - Loading dataset 'ieee' from dataset/IEEE Data Port.csv
2026-02-25 16:12:02,004 - cyberbully - INFO - Loaded 2108 samples with 5 classes: ['Cyberstalking', 'Doxing', 'Revenge Porn', 'Sexual Harassment', 'Slut Shaming']
2026-02-25 16:12:02,004 - cyberbully - INFO - Label mapping: {'Cyberstalking': 0, 'Doxing': 1, 'Revenge Porn': 2, 'Sexual Harassment': 3, 'Slut Shaming': 4}
2026-02-25 16:12:02,006 - cyberbully - INFO - Split sizes — train: 1348, val: 338, test: 422
2026-02-25 16:12:02,006 - cyberbully - INFO - Number of classes: 5
2026-02-25 16:12:02,008 - cyberbully - INFO - Step 2: Loading model and tokenizer...
2026-02-25 16:12:02,008 - cyberbully - INFO - Loading model 'google/mobilebert-uncased' with 5 labels (sbert=False)
2026-02-25 16:12:04,081 - cyberbully - INFO - Step 3: Creating datasets...
2026-02-25 16:12:04,112 - cyberbully - INFO - Dataset sizes — train: 1348, val: 338, test: 422
2026-02-25 16:12:04,113 - cyberbully - INFO - Step 4: Training...
2026-02-25 16:12:04,305 - cyberbully - INFO - Starting training...
2026-02-25 16:12:39,545 - cyberbully - INFO - Training complete.
2026-02-25 16:12:39,555 - cyberbully - INFO - Removed checkpoint: experiments/grid-search/google_mobilebert-uncased/ieee/prep0_aug0/seed_52680723/checkpoint-172
2026-02-25 16:12:39,564 - cyberbully - INFO - Removed checkpoint: experiments/grid-search/google_mobilebert-uncased/ieee/prep0_aug0/seed_52680723/checkpoint-258
2026-02-25 16:12:39,573 - cyberbully - INFO - Removed checkpoint: experiments/grid-search/google_mobilebert-uncased/ieee/prep0_aug0/seed_52680723/checkpoint-387
2026-02-25 16:12:39,581 - cyberbully - INFO - Removed checkpoint: experiments/grid-search/google_mobilebert-uncased/ieee/prep0_aug0/seed_52680723/checkpoint-43
2026-02-25 16:12:39,590 - cyberbully - INFO - Removed checkpoint: experiments/grid-search/google_mobilebert-uncased/ieee/prep0_aug0/seed_52680723/checkpoint-430
2026-02-25 16:12:39,599 - cyberbully - INFO - Removed checkpoint: experiments/grid-search/google_mobilebert-uncased/ieee/prep0_aug0/seed_52680723/checkpoint-301
2026-02-25 16:12:39,608 - cyberbully - INFO - Removed checkpoint: experiments/grid-search/google_mobilebert-uncased/ieee/prep0_aug0/seed_52680723/checkpoint-344
2026-02-25 16:12:39,617 - cyberbully - INFO - Removed checkpoint: experiments/grid-search/google_mobilebert-uncased/ieee/prep0_aug0/seed_52680723/checkpoint-129
2026-02-25 16:12:39,625 - cyberbully - INFO - Removed checkpoint: experiments/grid-search/google_mobilebert-uncased/ieee/prep0_aug0/seed_52680723/checkpoint-215
2026-02-25 16:12:39,634 - cyberbully - INFO - Removed checkpoint: experiments/grid-search/google_mobilebert-uncased/ieee/prep0_aug0/seed_52680723/checkpoint-86
2026-02-25 16:12:39,634 - cyberbully - INFO - Step 5: Evaluating on test set...
2026-02-25 16:12:44,388 - cyberbully - INFO - Metrics saved to experiments/grid-search/google_mobilebert-uncased/ieee/prep0_aug0/seed_52680723/metrics.json
2026-02-25 16:12:44,388 - cyberbully - INFO - Confusion matrix saved to experiments/grid-search/google_mobilebert-uncased/ieee/prep0_aug0/seed_52680723/confusion_matrix.json
2026-02-25 16:12:44,488 - cyberbully - INFO - Confusion matrix figure saved to experiments/grid-search/google_mobilebert-uncased/ieee/prep0_aug0/seed_52680723/confusion_matrix.pdf
2026-02-25 16:12:44,488 - cyberbully - INFO - Accuracy: 0.1422
2026-02-25 16:12:44,488 - cyberbully - INFO - Weighted F1: 0.0354
2026-02-25 16:12:44,488 - cyberbully - INFO - Micro F1: 0.1422
2026-02-25 16:12:44,488 - cyberbully - INFO - Inference time: 0.27 seconds
2026-02-25 16:12:44,488 - cyberbully - INFO - Energy consumption: 0.000012 kWh
2026-02-25 16:12:44,488 - cyberbully - INFO - ============================================================
2026-02-25 16:12:44,488 - cyberbully - INFO - Pipeline complete. Results saved to: experiments/grid-search/google_mobilebert-uncased/ieee/prep0_aug0/seed_52680723
2026-02-25 16:12:44,488 - cyberbully - INFO - ============================================================
