2026-05-22 20:16:56,047 - cyberbully - INFO - ============================================================
2026-05-22 20:16:56,047 - cyberbully - INFO - Cyberbullying Detection Pipeline
2026-05-22 20:16:56,047 - cyberbully - INFO - ============================================================
2026-05-22 20:16:56,047 - cyberbully - INFO - Configuration:
2026-05-22 20:16:56,047 - cyberbully - INFO -   model          : Twitter/twhin-bert-base
2026-05-22 20:16:56,047 - cyberbully - INFO -   dataset        : ieee
2026-05-22 20:16:56,047 - cyberbully - INFO -   preprocess     : True
2026-05-22 20:16:56,047 - cyberbully - INFO -   augment        : False
2026-05-22 20:16:56,047 - cyberbully - INFO -   compute_attribution: False
2026-05-22 20:16:56,047 - cyberbully - INFO -   seed           : 37622020
2026-05-22 20:16:56,047 - cyberbully - INFO -   epochs         : 10
2026-05-22 20:16:56,047 - cyberbully - INFO -   batch_size     : 32
2026-05-22 20:16:56,047 - cyberbully - INFO -   lr             : 5e-05
2026-05-22 20:16:56,047 - cyberbully - INFO -   max_length     : 128
2026-05-22 20:16:56,047 - cyberbully - INFO -   output_dir     : grid-search
2026-05-22 20:16:56,047 - cyberbully - INFO -   data_dir       : dataset
2026-05-22 20:16:56,047 - cyberbully - INFO -   sbert          : False
2026-05-22 20:16:56,047 - cyberbully - INFO -   supcon         : False
2026-05-22 20:16:56,047 - cyberbully - INFO -   supcon_weight  : 0.1
2026-05-22 20:16:56,047 - cyberbully - INFO -   proj_dim       : 128
2026-05-22 20:16:56,047 - cyberbully - INFO -   grad_accum_steps: 1
2026-05-22 20:16:56,047 - cyberbully - INFO -   overwrite      : True
2026-05-22 20:16:56,047 - cyberbully - INFO -   device         : cuda
2026-05-22 20:16:56,047 - cyberbully - INFO -   output_dir     : experiments/grid-search/Twitter_twhin-bert-base/ieee/prep1_aug0/seed_37622020
2026-05-22 20:16:56,047 - cyberbully - INFO - ============================================================
2026-05-22 20:16:56,047 - cyberbully - INFO - Step 1: Preparing data...
2026-05-22 20:16:56,051 - cyberbully - INFO - Loaded pre-split data from dataset/ieee — train: 1348, val: 338, test: 422
2026-05-22 20:16:56,051 - cyberbully - INFO - Label mapping: {'Cyberstalking': 0, 'Doxing': 1, 'Revenge Porn': 2, 'Sexual Harassment': 3, 'Slut Shaming': 4}
2026-05-22 20:16:56,052 - cyberbully - INFO - Applying text preprocessing per split...
2026-05-22 20:16:57,531 - cyberbully - INFO - After preprocessing -- train: 1348, val: 338, test: 422
2026-05-22 20:16:57,533 - cyberbully - INFO - Number of classes: 5
2026-05-22 20:16:57,534 - cyberbully - INFO - Step 2: Loading model and tokenizer...
2026-05-22 20:16:57,534 - cyberbully - INFO - Loading model 'Twitter/twhin-bert-base' with 5 labels (sbert=False, supcon=False)
2026-05-22 20:16:59,095 - cyberbully - INFO - Step 3: Creating datasets...
2026-05-22 20:16:59,118 - cyberbully - INFO - Dataset sizes — train: 1348, val: 338, test: 422
2026-05-22 20:16:59,118 - cyberbully - INFO - Step 4: Training...
2026-05-22 20:16:59,441 - cyberbully - INFO - Starting training...
2026-05-22 20:20:43,315 - cyberbully - INFO - Training complete.
2026-05-22 20:20:43,671 - cyberbully - INFO - Removed checkpoint: experiments/grid-search/Twitter_twhin-bert-base/ieee/prep1_aug0/seed_37622020/checkpoint-172
2026-05-22 20:20:43,839 - cyberbully - INFO - Removed checkpoint: experiments/grid-search/Twitter_twhin-bert-base/ieee/prep1_aug0/seed_37622020/checkpoint-258
2026-05-22 20:20:44,016 - cyberbully - INFO - Removed checkpoint: experiments/grid-search/Twitter_twhin-bert-base/ieee/prep1_aug0/seed_37622020/checkpoint-387
2026-05-22 20:20:44,176 - cyberbully - INFO - Removed checkpoint: experiments/grid-search/Twitter_twhin-bert-base/ieee/prep1_aug0/seed_37622020/checkpoint-43
2026-05-22 20:20:44,361 - cyberbully - INFO - Removed checkpoint: experiments/grid-search/Twitter_twhin-bert-base/ieee/prep1_aug0/seed_37622020/checkpoint-430
2026-05-22 20:20:44,530 - cyberbully - INFO - Removed checkpoint: experiments/grid-search/Twitter_twhin-bert-base/ieee/prep1_aug0/seed_37622020/checkpoint-301
2026-05-22 20:20:44,704 - cyberbully - INFO - Removed checkpoint: experiments/grid-search/Twitter_twhin-bert-base/ieee/prep1_aug0/seed_37622020/checkpoint-344
2026-05-22 20:20:44,864 - cyberbully - INFO - Removed checkpoint: experiments/grid-search/Twitter_twhin-bert-base/ieee/prep1_aug0/seed_37622020/checkpoint-129
2026-05-22 20:20:45,029 - cyberbully - INFO - Removed checkpoint: experiments/grid-search/Twitter_twhin-bert-base/ieee/prep1_aug0/seed_37622020/checkpoint-215
2026-05-22 20:20:45,190 - cyberbully - INFO - Removed checkpoint: experiments/grid-search/Twitter_twhin-bert-base/ieee/prep1_aug0/seed_37622020/checkpoint-86
2026-05-22 20:20:45,191 - cyberbully - INFO - Step 5: Evaluating on test set...
2026-05-22 20:20:51,631 - cyberbully - INFO - Metrics saved to experiments/grid-search/Twitter_twhin-bert-base/ieee/prep1_aug0/seed_37622020/metrics.json
2026-05-22 20:20:51,631 - cyberbully - INFO - Confusion matrix saved to experiments/grid-search/Twitter_twhin-bert-base/ieee/prep1_aug0/seed_37622020/confusion_matrix.json
2026-05-22 20:20:51,635 - cyberbully - INFO - Per-sample predictions saved to experiments/grid-search/Twitter_twhin-bert-base/ieee/prep1_aug0/seed_37622020/predictions.json
2026-05-22 20:20:51,736 - cyberbully - INFO - Confusion matrix figure saved to experiments/grid-search/Twitter_twhin-bert-base/ieee/prep1_aug0/seed_37622020/confusion_matrix.pdf
2026-05-22 20:20:51,736 - cyberbully - INFO - Accuracy: 0.8318
2026-05-22 20:20:51,736 - cyberbully - INFO - Weighted F1: 0.8322
2026-05-22 20:20:51,736 - cyberbully - INFO - Micro F1: 0.8318
2026-05-22 20:20:51,736 - cyberbully - INFO - Inference time: 0.33 seconds
2026-05-22 20:20:51,736 - cyberbully - INFO - Energy consumption: 0.000038 kWh
2026-05-22 20:20:51,736 - cyberbully - INFO - ============================================================
2026-05-22 20:20:51,736 - cyberbully - INFO - Pipeline complete. Results saved to: experiments/grid-search/Twitter_twhin-bert-base/ieee/prep1_aug0/seed_37622020
2026-05-22 20:20:51,736 - cyberbully - INFO - ============================================================
