2026-03-22 14:28:23,614 - cyberbully - INFO - ============================================================
2026-03-22 14:28:23,614 - cyberbully - INFO - Cyberbullying Detection Pipeline
2026-03-22 14:28:23,614 - cyberbully - INFO - ============================================================
2026-03-22 14:28:23,614 - cyberbully - INFO - Configuration:
2026-03-22 14:28:23,614 - cyberbully - INFO -   model          : google/mobilebert-uncased
2026-03-22 14:28:23,614 - cyberbully - INFO -   dataset        : ieee
2026-03-22 14:28:23,614 - cyberbully - INFO -   preprocess     : True
2026-03-22 14:28:23,614 - cyberbully - INFO -   augment        : True
2026-03-22 14:28:23,614 - cyberbully - INFO -   compute_attribution: False
2026-03-22 14:28:23,614 - cyberbully - INFO -   seed           : 14298463
2026-03-22 14:28:23,614 - cyberbully - INFO -   epochs         : 10
2026-03-22 14:28:23,614 - cyberbully - INFO -   batch_size     : 32
2026-03-22 14:28:23,614 - cyberbully - INFO -   lr             : 5e-05
2026-03-22 14:28:23,614 - cyberbully - INFO -   max_length     : 128
2026-03-22 14:28:23,614 - cyberbully - INFO -   output_dir     : grid-search
2026-03-22 14:28:23,614 - cyberbully - INFO -   data_dir       : dataset
2026-03-22 14:28:23,614 - cyberbully - INFO -   sbert          : False
2026-03-22 14:28:23,614 - cyberbully - INFO -   supcon         : False
2026-03-22 14:28:23,614 - cyberbully - INFO -   supcon_weight  : 0.1
2026-03-22 14:28:23,614 - cyberbully - INFO -   proj_dim       : 128
2026-03-22 14:28:23,614 - cyberbully - INFO -   grad_accum_steps: 1
2026-03-22 14:28:23,614 - cyberbully - INFO -   overwrite      : False
2026-03-22 14:28:23,614 - cyberbully - INFO -   device         : cuda
2026-03-22 14:28:23,614 - cyberbully - INFO -   output_dir     : experiments/grid-search/google_mobilebert-uncased/ieee/prep1_aug1/seed_14298463
2026-03-22 14:28:23,614 - cyberbully - INFO - ============================================================
2026-03-22 14:28:23,614 - cyberbully - INFO - Step 1: Preparing data...
2026-03-22 14:28:23,618 - cyberbully - INFO - Loaded pre-split data from dataset/ieee — train: 1348, val: 338, test: 422
2026-03-22 14:28:23,618 - cyberbully - INFO - Label mapping: {'Cyberstalking': 0, 'Doxing': 1, 'Revenge Porn': 2, 'Sexual Harassment': 3, 'Slut Shaming': 4}
2026-03-22 14:28:23,618 - cyberbully - INFO - Applying text preprocessing per split...
2026-03-22 14:28:26,722 - cyberbully - INFO - After preprocessing — train: 1176, val: 306, test: 378
2026-03-22 14:28:26,722 - cyberbully - INFO - Applying training data augmentation (oversampling)...
2026-03-22 14:28:26,724 - cyberbully - INFO - After oversampling — class distribution: {0: 287, 1: 287, 2: 287, 3: 287, 4: 287}
2026-03-22 14:28:26,725 - cyberbully - INFO - Number of classes: 5
2026-03-22 14:28:26,725 - cyberbully - INFO - Step 2: Loading model and tokenizer...
2026-03-22 14:28:26,726 - cyberbully - INFO - Loading model 'google/mobilebert-uncased' with 5 labels (sbert=False, supcon=False)
2026-03-22 14:28:28,790 - cyberbully - WARNING - FP16 disabled for model_type='mobilebert' (known fp16 instability).
2026-03-22 14:28:28,790 - cyberbully - INFO - Step 3: Creating datasets...
2026-03-22 14:28:28,817 - cyberbully - INFO - Dataset sizes — train: 1435, val: 306, test: 378
2026-03-22 14:28:28,817 - cyberbully - INFO - Step 4: Training...
2026-03-22 14:28:29,034 - cyberbully - INFO - Starting training...
2026-03-22 14:29:22,967 - cyberbully - INFO - Training complete.
2026-03-22 14:29:22,981 - cyberbully - INFO - Removed checkpoint: experiments/grid-search/google_mobilebert-uncased/ieee/prep1_aug1/seed_14298463/checkpoint-90
2026-03-22 14:29:23,616 - cyberbully - INFO - Removed checkpoint: experiments/grid-search/google_mobilebert-uncased/ieee/prep1_aug1/seed_14298463/checkpoint-180
2026-03-22 14:29:23,636 - cyberbully - INFO - Removed checkpoint: experiments/grid-search/google_mobilebert-uncased/ieee/prep1_aug1/seed_14298463/checkpoint-225
2026-03-22 14:29:23,650 - cyberbully - INFO - Removed checkpoint: experiments/grid-search/google_mobilebert-uncased/ieee/prep1_aug1/seed_14298463/checkpoint-135
2026-03-22 14:29:23,667 - cyberbully - INFO - Removed checkpoint: experiments/grid-search/google_mobilebert-uncased/ieee/prep1_aug1/seed_14298463/checkpoint-315
2026-03-22 14:29:23,684 - cyberbully - INFO - Removed checkpoint: experiments/grid-search/google_mobilebert-uncased/ieee/prep1_aug1/seed_14298463/checkpoint-450
2026-03-22 14:29:23,701 - cyberbully - INFO - Removed checkpoint: experiments/grid-search/google_mobilebert-uncased/ieee/prep1_aug1/seed_14298463/checkpoint-360
2026-03-22 14:29:23,716 - cyberbully - INFO - Removed checkpoint: experiments/grid-search/google_mobilebert-uncased/ieee/prep1_aug1/seed_14298463/checkpoint-45
2026-03-22 14:29:23,733 - cyberbully - INFO - Removed checkpoint: experiments/grid-search/google_mobilebert-uncased/ieee/prep1_aug1/seed_14298463/checkpoint-270
2026-03-22 14:29:23,750 - cyberbully - INFO - Removed checkpoint: experiments/grid-search/google_mobilebert-uncased/ieee/prep1_aug1/seed_14298463/checkpoint-405
2026-03-22 14:29:23,750 - cyberbully - INFO - Step 5: Evaluating on test set...
2026-03-22 14:29:28,402 - cyberbully - INFO - Metrics saved to experiments/grid-search/google_mobilebert-uncased/ieee/prep1_aug1/seed_14298463/metrics.json
2026-03-22 14:29:28,403 - cyberbully - INFO - Confusion matrix saved to experiments/grid-search/google_mobilebert-uncased/ieee/prep1_aug1/seed_14298463/confusion_matrix.json
2026-03-22 14:29:28,406 - cyberbully - INFO - Per-sample predictions saved to experiments/grid-search/google_mobilebert-uncased/ieee/prep1_aug1/seed_14298463/predictions.json
2026-03-22 14:29:28,507 - cyberbully - INFO - Confusion matrix figure saved to experiments/grid-search/google_mobilebert-uncased/ieee/prep1_aug1/seed_14298463/confusion_matrix.pdf
2026-03-22 14:29:28,507 - cyberbully - INFO - Accuracy: 0.8095
2026-03-22 14:29:28,507 - cyberbully - INFO - Weighted F1: 0.8095
2026-03-22 14:29:28,507 - cyberbully - INFO - Micro F1: 0.8095
2026-03-22 14:29:28,507 - cyberbully - INFO - Inference time: 0.38 seconds
2026-03-22 14:29:28,508 - cyberbully - INFO - Energy consumption: 0.000023 kWh
2026-03-22 14:29:28,508 - cyberbully - INFO - ============================================================
2026-03-22 14:29:28,508 - cyberbully - INFO - Pipeline complete. Results saved to: experiments/grid-search/google_mobilebert-uncased/ieee/prep1_aug1/seed_14298463
2026-03-22 14:29:28,508 - cyberbully - INFO - ============================================================
