2026-04-09 05:44:34,160 - cyberbully - INFO - ============================================================
2026-04-09 05:44:34,160 - cyberbully - INFO - Cyberbullying Detection Pipeline
2026-04-09 05:44:34,160 - cyberbully - INFO - ============================================================
2026-04-09 05:44:34,161 - cyberbully - INFO - Configuration:
2026-04-09 05:44:34,161 - cyberbully - INFO -   model          : answerdotai/ModernBERT-base
2026-04-09 05:44:34,161 - cyberbully - INFO -   dataset        : tweeteval
2026-04-09 05:44:34,161 - cyberbully - INFO -   preprocess     : True
2026-04-09 05:44:34,161 - cyberbully - INFO -   augment        : False
2026-04-09 05:44:34,161 - cyberbully - INFO -   compute_attribution: False
2026-04-09 05:44:34,161 - cyberbully - INFO -   seed           : 90995999
2026-04-09 05:44:34,161 - cyberbully - INFO -   epochs         : 10
2026-04-09 05:44:34,161 - cyberbully - INFO -   batch_size     : 32
2026-04-09 05:44:34,161 - cyberbully - INFO -   lr             : 5e-05
2026-04-09 05:44:34,161 - cyberbully - INFO -   max_length     : 128
2026-04-09 05:44:34,161 - cyberbully - INFO -   output_dir     : grid-search
2026-04-09 05:44:34,161 - cyberbully - INFO -   data_dir       : dataset
2026-04-09 05:44:34,161 - cyberbully - INFO -   sbert          : False
2026-04-09 05:44:34,161 - cyberbully - INFO -   supcon         : False
2026-04-09 05:44:34,161 - cyberbully - INFO -   supcon_weight  : 0.1
2026-04-09 05:44:34,161 - cyberbully - INFO -   proj_dim       : 128
2026-04-09 05:44:34,161 - cyberbully - INFO -   grad_accum_steps: 1
2026-04-09 05:44:34,161 - cyberbully - INFO -   overwrite      : False
2026-04-09 05:44:34,161 - cyberbully - INFO -   device         : cuda
2026-04-09 05:44:34,161 - cyberbully - INFO -   output_dir     : experiments/grid-search/answerdotai_ModernBERT-base/tweeteval/prep1_aug0/seed_90995999
2026-04-09 05:44:34,161 - cyberbully - INFO - ============================================================
2026-04-09 05:44:34,161 - cyberbully - INFO - Step 1: Preparing data...
2026-04-09 05:44:34,208 - cyberbully - INFO - Loaded pre-split data from dataset/tweeteval — train: 32485, val: 8122, test: 10152
2026-04-09 05:44:34,208 - cyberbully - INFO - Label mapping: {'emotion': 0, 'hate': 1, 'offensive': 2, 'religion': 3, 'spiritual': 4}
2026-04-09 05:44:34,208 - cyberbully - INFO - Applying text preprocessing per split...
2026-04-09 05:45:34,220 - cyberbully - INFO - After preprocessing — train: 30356, val: 7621, test: 9463
2026-04-09 05:45:34,231 - cyberbully - INFO - Number of classes: 5
2026-04-09 05:45:34,232 - cyberbully - INFO - Step 2: Loading model and tokenizer...
2026-04-09 05:45:34,232 - cyberbully - INFO - Loading model 'answerdotai/ModernBERT-base' with 5 labels (sbert=False, supcon=False)
2026-04-09 05:45:35,882 - cyberbully - INFO - Step 3: Creating datasets...
2026-04-09 05:45:36,889 - cyberbully - INFO - Dataset sizes — train: 30356, val: 7621, test: 9463
2026-04-09 05:45:36,890 - cyberbully - INFO - Step 4: Training...
2026-04-09 05:45:37,128 - cyberbully - INFO - Starting training...
2026-04-09 06:04:39,825 - cyberbully - INFO - Training complete.
2026-04-09 06:04:39,907 - cyberbully - INFO - Removed checkpoint: experiments/grid-search/answerdotai_ModernBERT-base/tweeteval/prep1_aug0/seed_90995999/checkpoint-1898
2026-04-09 06:04:39,991 - cyberbully - INFO - Removed checkpoint: experiments/grid-search/answerdotai_ModernBERT-base/tweeteval/prep1_aug0/seed_90995999/checkpoint-7592
2026-04-09 06:04:40,073 - cyberbully - INFO - Removed checkpoint: experiments/grid-search/answerdotai_ModernBERT-base/tweeteval/prep1_aug0/seed_90995999/checkpoint-6643
2026-04-09 06:04:40,157 - cyberbully - INFO - Removed checkpoint: experiments/grid-search/answerdotai_ModernBERT-base/tweeteval/prep1_aug0/seed_90995999/checkpoint-2847
2026-04-09 06:04:40,239 - cyberbully - INFO - Removed checkpoint: experiments/grid-search/answerdotai_ModernBERT-base/tweeteval/prep1_aug0/seed_90995999/checkpoint-8541
2026-04-09 06:04:40,322 - cyberbully - INFO - Removed checkpoint: experiments/grid-search/answerdotai_ModernBERT-base/tweeteval/prep1_aug0/seed_90995999/checkpoint-5694
2026-04-09 06:04:40,404 - cyberbully - INFO - Removed checkpoint: experiments/grid-search/answerdotai_ModernBERT-base/tweeteval/prep1_aug0/seed_90995999/checkpoint-3796
2026-04-09 06:04:40,489 - cyberbully - INFO - Removed checkpoint: experiments/grid-search/answerdotai_ModernBERT-base/tweeteval/prep1_aug0/seed_90995999/checkpoint-949
2026-04-09 06:04:40,588 - cyberbully - INFO - Removed checkpoint: experiments/grid-search/answerdotai_ModernBERT-base/tweeteval/prep1_aug0/seed_90995999/checkpoint-9490
2026-04-09 06:04:40,670 - cyberbully - INFO - Removed checkpoint: experiments/grid-search/answerdotai_ModernBERT-base/tweeteval/prep1_aug0/seed_90995999/checkpoint-4745
2026-04-09 06:04:40,670 - cyberbully - INFO - Step 5: Evaluating on test set...
2026-04-09 06:04:54,528 - cyberbully - INFO - Metrics saved to experiments/grid-search/answerdotai_ModernBERT-base/tweeteval/prep1_aug0/seed_90995999/metrics.json
2026-04-09 06:04:54,529 - cyberbully - INFO - Confusion matrix saved to experiments/grid-search/answerdotai_ModernBERT-base/tweeteval/prep1_aug0/seed_90995999/confusion_matrix.json
2026-04-09 06:04:54,619 - cyberbully - INFO - Per-sample predictions saved to experiments/grid-search/answerdotai_ModernBERT-base/tweeteval/prep1_aug0/seed_90995999/predictions.json
2026-04-09 06:04:54,720 - cyberbully - INFO - Confusion matrix figure saved to experiments/grid-search/answerdotai_ModernBERT-base/tweeteval/prep1_aug0/seed_90995999/confusion_matrix.pdf
2026-04-09 06:04:54,721 - cyberbully - INFO - Accuracy: 0.9404
2026-04-09 06:04:54,721 - cyberbully - INFO - Weighted F1: 0.9403
2026-04-09 06:04:54,721 - cyberbully - INFO - Micro F1: 0.9404
2026-04-09 06:04:54,721 - cyberbully - INFO - Inference time: 9.19 seconds
2026-04-09 06:04:54,721 - cyberbully - INFO - Energy consumption: 0.000582 kWh
2026-04-09 06:04:54,723 - cyberbully - INFO - ============================================================
2026-04-09 06:04:54,723 - cyberbully - INFO - Pipeline complete. Results saved to: experiments/grid-search/answerdotai_ModernBERT-base/tweeteval/prep1_aug0/seed_90995999
2026-04-09 06:04:54,723 - cyberbully - INFO - ============================================================
