2026-03-27 12:57:26,409 - cyberbully - INFO - ============================================================
2026-03-27 12:57:26,409 - cyberbully - INFO - Cyberbullying Detection Pipeline
2026-03-27 12:57:26,409 - cyberbully - INFO - ============================================================
2026-03-27 12:57:26,409 - cyberbully - INFO - Configuration:
2026-03-27 12:57:26,409 - cyberbully - INFO -   model          : albert/albert-base-v2
2026-03-27 12:57:26,409 - cyberbully - INFO -   dataset        : tweeteval
2026-03-27 12:57:26,409 - cyberbully - INFO -   preprocess     : False
2026-03-27 12:57:26,409 - cyberbully - INFO -   augment        : False
2026-03-27 12:57:26,409 - cyberbully - INFO -   compute_attribution: False
2026-03-27 12:57:26,409 - cyberbully - INFO -   seed           : 87212562
2026-03-27 12:57:26,409 - cyberbully - INFO -   epochs         : 10
2026-03-27 12:57:26,409 - cyberbully - INFO -   batch_size     : 64
2026-03-27 12:57:26,409 - cyberbully - INFO -   lr             : 5e-05
2026-03-27 12:57:26,409 - cyberbully - INFO -   max_length     : 128
2026-03-27 12:57:26,409 - cyberbully - INFO -   output_dir     : supcon-grid
2026-03-27 12:57:26,409 - cyberbully - INFO -   data_dir       : dataset
2026-03-27 12:57:26,409 - cyberbully - INFO -   sbert          : False
2026-03-27 12:57:26,409 - cyberbully - INFO -   supcon         : False
2026-03-27 12:57:26,409 - cyberbully - INFO -   supcon_weight  : 0.1
2026-03-27 12:57:26,409 - cyberbully - INFO -   proj_dim       : 128
2026-03-27 12:57:26,409 - cyberbully - INFO -   grad_accum_steps: 1
2026-03-27 12:57:26,409 - cyberbully - INFO -   overwrite      : False
2026-03-27 12:57:26,409 - cyberbully - INFO -   device         : cuda
2026-03-27 12:57:26,409 - cyberbully - INFO -   output_dir     : experiments/supcon-grid/albert_albert-base-v2/tweeteval/prep0_aug0/seed_87212562
2026-03-27 12:57:26,409 - cyberbully - INFO - ============================================================
2026-03-27 12:57:26,409 - cyberbully - INFO - Step 1: Preparing data...
2026-03-27 12:57:26,458 - cyberbully - INFO - Loaded pre-split data from dataset/tweeteval — train: 32485, val: 8122, test: 10152
2026-03-27 12:57:26,458 - cyberbully - INFO - Label mapping: {'emotion': 0, 'hate': 1, 'offensive': 2, 'religion': 3, 'spiritual': 4}
2026-03-27 12:57:26,469 - cyberbully - INFO - Number of classes: 5
2026-03-27 12:57:26,471 - cyberbully - INFO - Step 2: Loading model and tokenizer...
2026-03-27 12:57:26,471 - cyberbully - INFO - Loading model 'albert/albert-base-v2' with 5 labels (sbert=False, supcon=False)
2026-03-27 12:57:27,176 - cyberbully - INFO - Step 3: Creating datasets...
2026-03-27 12:57:28,190 - cyberbully - INFO - Dataset sizes — train: 32485, val: 8122, test: 10152
2026-03-27 12:57:28,190 - cyberbully - INFO - Step 4: Training...
2026-03-27 12:57:28,247 - cyberbully - INFO - Starting training...
2026-03-27 13:13:06,986 - cyberbully - INFO - Training complete.
2026-03-27 13:13:06,995 - cyberbully - INFO - Removed checkpoint: experiments/supcon-grid/albert_albert-base-v2/tweeteval/prep0_aug0/seed_87212562/checkpoint-2032
2026-03-27 13:13:07,005 - cyberbully - INFO - Removed checkpoint: experiments/supcon-grid/albert_albert-base-v2/tweeteval/prep0_aug0/seed_87212562/checkpoint-3048
2026-03-27 13:13:07,014 - cyberbully - INFO - Removed checkpoint: experiments/supcon-grid/albert_albert-base-v2/tweeteval/prep0_aug0/seed_87212562/checkpoint-5080
2026-03-27 13:13:07,024 - cyberbully - INFO - Removed checkpoint: experiments/supcon-grid/albert_albert-base-v2/tweeteval/prep0_aug0/seed_87212562/checkpoint-2540
2026-03-27 13:13:07,033 - cyberbully - INFO - Removed checkpoint: experiments/supcon-grid/albert_albert-base-v2/tweeteval/prep0_aug0/seed_87212562/checkpoint-3556
2026-03-27 13:13:07,042 - cyberbully - INFO - Removed checkpoint: experiments/supcon-grid/albert_albert-base-v2/tweeteval/prep0_aug0/seed_87212562/checkpoint-4064
2026-03-27 13:13:07,052 - cyberbully - INFO - Removed checkpoint: experiments/supcon-grid/albert_albert-base-v2/tweeteval/prep0_aug0/seed_87212562/checkpoint-1524
2026-03-27 13:13:07,062 - cyberbully - INFO - Removed checkpoint: experiments/supcon-grid/albert_albert-base-v2/tweeteval/prep0_aug0/seed_87212562/checkpoint-4572
2026-03-27 13:13:07,072 - cyberbully - INFO - Removed checkpoint: experiments/supcon-grid/albert_albert-base-v2/tweeteval/prep0_aug0/seed_87212562/checkpoint-1016
2026-03-27 13:13:07,081 - cyberbully - INFO - Removed checkpoint: experiments/supcon-grid/albert_albert-base-v2/tweeteval/prep0_aug0/seed_87212562/checkpoint-508
2026-03-27 13:13:07,081 - cyberbully - INFO - Step 5: Evaluating on test set...
2026-03-27 13:13:20,114 - cyberbully - INFO - Metrics saved to experiments/supcon-grid/albert_albert-base-v2/tweeteval/prep0_aug0/seed_87212562/metrics.json
2026-03-27 13:13:20,114 - cyberbully - INFO - Confusion matrix saved to experiments/supcon-grid/albert_albert-base-v2/tweeteval/prep0_aug0/seed_87212562/confusion_matrix.json
2026-03-27 13:13:20,214 - cyberbully - INFO - Per-sample predictions saved to experiments/supcon-grid/albert_albert-base-v2/tweeteval/prep0_aug0/seed_87212562/predictions.json
2026-03-27 13:13:20,317 - cyberbully - INFO - Confusion matrix figure saved to experiments/supcon-grid/albert_albert-base-v2/tweeteval/prep0_aug0/seed_87212562/confusion_matrix.pdf
2026-03-27 13:13:20,317 - cyberbully - INFO - Accuracy: 0.9674
2026-03-27 13:13:20,317 - cyberbully - INFO - Weighted F1: 0.9674
2026-03-27 13:13:20,317 - cyberbully - INFO - Micro F1: 0.9674
2026-03-27 13:13:20,317 - cyberbully - INFO - Inference time: 8.79 seconds
2026-03-27 13:13:20,317 - cyberbully - INFO - Energy consumption: 0.000462 kWh
2026-03-27 13:13:20,319 - cyberbully - INFO - ============================================================
2026-03-27 13:13:20,319 - cyberbully - INFO - Pipeline complete. Results saved to: experiments/supcon-grid/albert_albert-base-v2/tweeteval/prep0_aug0/seed_87212562
2026-03-27 13:13:20,319 - cyberbully - INFO - ============================================================
