2026-03-20 23:53:34,747 - cyberbully - INFO - ============================================================
2026-03-20 23:53:34,747 - cyberbully - INFO - Cyberbullying Detection Pipeline
2026-03-20 23:53:34,747 - cyberbully - INFO - ============================================================
2026-03-20 23:53:34,747 - cyberbully - INFO - Configuration:
2026-03-20 23:53:34,748 - cyberbully - INFO -   model          : bert-base-cased
2026-03-20 23:53:34,748 - cyberbully - INFO -   dataset        : kaggle
2026-03-20 23:53:34,748 - cyberbully - INFO -   preprocess     : True
2026-03-20 23:53:34,748 - cyberbully - INFO -   augment        : True
2026-03-20 23:53:34,748 - cyberbully - INFO -   compute_attribution: False
2026-03-20 23:53:34,748 - cyberbully - INFO -   seed           : 14298463
2026-03-20 23:53:34,748 - cyberbully - INFO -   epochs         : 10
2026-03-20 23:53:34,748 - cyberbully - INFO -   batch_size     : 32
2026-03-20 23:53:34,748 - cyberbully - INFO -   lr             : 5e-05
2026-03-20 23:53:34,748 - cyberbully - INFO -   max_length     : 128
2026-03-20 23:53:34,748 - cyberbully - INFO -   output_dir     : grid-search
2026-03-20 23:53:34,748 - cyberbully - INFO -   data_dir       : dataset
2026-03-20 23:53:34,748 - cyberbully - INFO -   sbert          : False
2026-03-20 23:53:34,748 - cyberbully - INFO -   supcon         : False
2026-03-20 23:53:34,748 - cyberbully - INFO -   supcon_weight  : 0.1
2026-03-20 23:53:34,748 - cyberbully - INFO -   proj_dim       : 128
2026-03-20 23:53:34,748 - cyberbully - INFO -   grad_accum_steps: 1
2026-03-20 23:53:34,748 - cyberbully - INFO -   overwrite      : False
2026-03-20 23:53:34,748 - cyberbully - INFO -   device         : cuda
2026-03-20 23:53:34,748 - cyberbully - INFO -   output_dir     : experiments/grid-search/bert-base-cased/kaggle/prep1_aug1/seed_14298463
2026-03-20 23:53:34,748 - cyberbully - INFO - ============================================================
2026-03-20 23:53:34,748 - cyberbully - INFO - Step 1: Preparing data...
2026-03-20 23:53:34,800 - cyberbully - INFO - Loaded pre-split data from dataset/kaggle — train: 30499, val: 7625, test: 9532
2026-03-20 23:53:34,800 - cyberbully - INFO - Label mapping: {'age': 0, 'ethnicity': 1, 'gender': 2, 'not_cyberbullying': 3, 'other_cyberbullying': 4, 'religion': 5}
2026-03-20 23:53:34,800 - cyberbully - INFO - Applying text preprocessing per split...
2026-03-20 23:54:27,900 - cyberbully - INFO - After preprocessing — train: 26849, val: 6837, test: 8544
2026-03-20 23:54:27,902 - cyberbully - INFO - Applying training data augmentation (oversampling)...
2026-03-20 23:54:27,907 - cyberbully - INFO - After oversampling — class distribution: {0: 5070, 1: 5070, 2: 5070, 3: 5070, 4: 5070, 5: 5070}
2026-03-20 23:54:27,917 - cyberbully - INFO - Number of classes: 6
2026-03-20 23:54:27,918 - cyberbully - INFO - Step 2: Loading model and tokenizer...
2026-03-20 23:54:27,919 - cyberbully - INFO - Loading model 'bert-base-cased' with 6 labels (sbert=False, supcon=False)
2026-03-20 23:54:28,633 - cyberbully - INFO - Step 3: Creating datasets...
2026-03-20 23:54:29,540 - cyberbully - INFO - Dataset sizes — train: 30420, val: 6837, test: 8544
2026-03-20 23:54:29,540 - cyberbully - INFO - Step 4: Training...
2026-03-20 23:54:29,751 - cyberbully - INFO - Starting training...
2026-03-21 00:09:20,464 - cyberbully - INFO - Training complete.
2026-03-21 00:09:20,537 - cyberbully - INFO - Removed checkpoint: experiments/grid-search/bert-base-cased/kaggle/prep1_aug1/seed_14298463/checkpoint-9510
2026-03-21 00:09:20,600 - cyberbully - INFO - Removed checkpoint: experiments/grid-search/bert-base-cased/kaggle/prep1_aug1/seed_14298463/checkpoint-951
2026-03-21 00:09:20,662 - cyberbully - INFO - Removed checkpoint: experiments/grid-search/bert-base-cased/kaggle/prep1_aug1/seed_14298463/checkpoint-3804
2026-03-21 00:09:20,723 - cyberbully - INFO - Removed checkpoint: experiments/grid-search/bert-base-cased/kaggle/prep1_aug1/seed_14298463/checkpoint-6657
2026-03-21 00:09:20,786 - cyberbully - INFO - Removed checkpoint: experiments/grid-search/bert-base-cased/kaggle/prep1_aug1/seed_14298463/checkpoint-4755
2026-03-21 00:09:20,848 - cyberbully - INFO - Removed checkpoint: experiments/grid-search/bert-base-cased/kaggle/prep1_aug1/seed_14298463/checkpoint-7608
2026-03-21 00:09:20,910 - cyberbully - INFO - Removed checkpoint: experiments/grid-search/bert-base-cased/kaggle/prep1_aug1/seed_14298463/checkpoint-5706
2026-03-21 00:09:20,972 - cyberbully - INFO - Removed checkpoint: experiments/grid-search/bert-base-cased/kaggle/prep1_aug1/seed_14298463/checkpoint-2853
2026-03-21 00:09:21,035 - cyberbully - INFO - Removed checkpoint: experiments/grid-search/bert-base-cased/kaggle/prep1_aug1/seed_14298463/checkpoint-8559
2026-03-21 00:09:21,097 - cyberbully - INFO - Removed checkpoint: experiments/grid-search/bert-base-cased/kaggle/prep1_aug1/seed_14298463/checkpoint-1902
2026-03-21 00:09:21,097 - cyberbully - INFO - Step 5: Evaluating on test set...
2026-03-21 00:09:31,859 - cyberbully - INFO - Metrics saved to experiments/grid-search/bert-base-cased/kaggle/prep1_aug1/seed_14298463/metrics.json
2026-03-21 00:09:31,859 - cyberbully - INFO - Confusion matrix saved to experiments/grid-search/bert-base-cased/kaggle/prep1_aug1/seed_14298463/confusion_matrix.json
2026-03-21 00:09:31,946 - cyberbully - INFO - Per-sample predictions saved to experiments/grid-search/bert-base-cased/kaggle/prep1_aug1/seed_14298463/predictions.json
2026-03-21 00:09:32,058 - cyberbully - INFO - Confusion matrix figure saved to experiments/grid-search/bert-base-cased/kaggle/prep1_aug1/seed_14298463/confusion_matrix.pdf
2026-03-21 00:09:32,059 - cyberbully - INFO - Accuracy: 0.8622
2026-03-21 00:09:32,059 - cyberbully - INFO - Weighted F1: 0.8614
2026-03-21 00:09:32,059 - cyberbully - INFO - Micro F1: 0.8622
2026-03-21 00:09:32,059 - cyberbully - INFO - Inference time: 6.47 seconds
2026-03-21 00:09:32,059 - cyberbully - INFO - Energy consumption: 0.000405 kWh
2026-03-21 00:09:32,061 - cyberbully - INFO - ============================================================
2026-03-21 00:09:32,061 - cyberbully - INFO - Pipeline complete. Results saved to: experiments/grid-search/bert-base-cased/kaggle/prep1_aug1/seed_14298463
2026-03-21 00:09:32,061 - cyberbully - INFO - ============================================================
