2026-04-09 08:57:49,251 - cyberbully - INFO - ============================================================
2026-04-09 08:57:49,251 - cyberbully - INFO - Cyberbullying Detection Pipeline
2026-04-09 08:57:49,251 - cyberbully - INFO - ============================================================
2026-04-09 08:57:49,251 - cyberbully - INFO - Configuration:
2026-04-09 08:57:49,251 - cyberbully - INFO -   model          : answerdotai/ModernBERT-base
2026-04-09 08:57:49,251 - cyberbully - INFO -   dataset        : tweeteval
2026-04-09 08:57:49,251 - cyberbully - INFO -   preprocess     : True
2026-04-09 08:57:49,251 - cyberbully - INFO -   augment        : True
2026-04-09 08:57:49,251 - cyberbully - INFO -   compute_attribution: False
2026-04-09 08:57:49,251 - cyberbully - INFO -   seed           : 70681460
2026-04-09 08:57:49,251 - cyberbully - INFO -   epochs         : 10
2026-04-09 08:57:49,251 - cyberbully - INFO -   batch_size     : 32
2026-04-09 08:57:49,251 - cyberbully - INFO -   lr             : 5e-05
2026-04-09 08:57:49,251 - cyberbully - INFO -   max_length     : 128
2026-04-09 08:57:49,251 - cyberbully - INFO -   output_dir     : grid-search
2026-04-09 08:57:49,251 - cyberbully - INFO -   data_dir       : dataset
2026-04-09 08:57:49,251 - cyberbully - INFO -   sbert          : False
2026-04-09 08:57:49,251 - cyberbully - INFO -   supcon         : False
2026-04-09 08:57:49,251 - cyberbully - INFO -   supcon_weight  : 0.1
2026-04-09 08:57:49,251 - cyberbully - INFO -   proj_dim       : 128
2026-04-09 08:57:49,251 - cyberbully - INFO -   grad_accum_steps: 1
2026-04-09 08:57:49,251 - cyberbully - INFO -   overwrite      : False
2026-04-09 08:57:49,251 - cyberbully - INFO -   device         : cuda
2026-04-09 08:57:49,251 - cyberbully - INFO -   output_dir     : experiments/grid-search/answerdotai_ModernBERT-base/tweeteval/prep1_aug1/seed_70681460
2026-04-09 08:57:49,251 - cyberbully - INFO - ============================================================
2026-04-09 08:57:49,251 - cyberbully - INFO - Step 1: Preparing data...
2026-04-09 08:57:49,298 - cyberbully - INFO - Loaded pre-split data from dataset/tweeteval — train: 32485, val: 8122, test: 10152
2026-04-09 08:57:49,298 - cyberbully - INFO - Label mapping: {'emotion': 0, 'hate': 1, 'offensive': 2, 'religion': 3, 'spiritual': 4}
2026-04-09 08:57:49,298 - cyberbully - INFO - Applying text preprocessing per split...
2026-04-09 08:58:48,886 - cyberbully - INFO - After preprocessing — train: 30370, val: 7609, test: 9457
2026-04-09 08:58:48,888 - cyberbully - INFO - Applying training data augmentation (oversampling)...
2026-04-09 08:58:48,894 - cyberbully - INFO - After oversampling — class distribution: {0: 7763, 1: 7763, 2: 7763, 3: 7763, 4: 7763}
2026-04-09 08:58:48,902 - cyberbully - INFO - Number of classes: 5
2026-04-09 08:58:48,904 - cyberbully - INFO - Step 2: Loading model and tokenizer...
2026-04-09 08:58:48,904 - cyberbully - INFO - Loading model 'answerdotai/ModernBERT-base' with 5 labels (sbert=False, supcon=False)
2026-04-09 08:58:50,550 - cyberbully - INFO - Step 3: Creating datasets...
2026-04-09 08:58:51,662 - cyberbully - INFO - Dataset sizes — train: 38815, val: 7609, test: 9457
2026-04-09 08:58:51,662 - cyberbully - INFO - Step 4: Training...
2026-04-09 08:58:51,903 - cyberbully - INFO - Starting training...
2026-04-09 09:22:54,022 - cyberbully - INFO - Training complete.
2026-04-09 09:22:54,104 - cyberbully - INFO - Removed checkpoint: experiments/grid-search/answerdotai_ModernBERT-base/tweeteval/prep1_aug1/seed_70681460/checkpoint-3639
2026-04-09 09:22:54,186 - cyberbully - INFO - Removed checkpoint: experiments/grid-search/answerdotai_ModernBERT-base/tweeteval/prep1_aug1/seed_70681460/checkpoint-9704
2026-04-09 09:22:54,269 - cyberbully - INFO - Removed checkpoint: experiments/grid-search/answerdotai_ModernBERT-base/tweeteval/prep1_aug1/seed_70681460/checkpoint-6065
2026-04-09 09:22:54,352 - cyberbully - INFO - Removed checkpoint: experiments/grid-search/answerdotai_ModernBERT-base/tweeteval/prep1_aug1/seed_70681460/checkpoint-10917
2026-04-09 09:22:54,449 - cyberbully - INFO - Removed checkpoint: experiments/grid-search/answerdotai_ModernBERT-base/tweeteval/prep1_aug1/seed_70681460/checkpoint-12130
2026-04-09 09:22:54,535 - cyberbully - INFO - Removed checkpoint: experiments/grid-search/answerdotai_ModernBERT-base/tweeteval/prep1_aug1/seed_70681460/checkpoint-1213
2026-04-09 09:22:54,617 - cyberbully - INFO - Removed checkpoint: experiments/grid-search/answerdotai_ModernBERT-base/tweeteval/prep1_aug1/seed_70681460/checkpoint-8491
2026-04-09 09:22:54,699 - cyberbully - INFO - Removed checkpoint: experiments/grid-search/answerdotai_ModernBERT-base/tweeteval/prep1_aug1/seed_70681460/checkpoint-4852
2026-04-09 09:22:54,784 - cyberbully - INFO - Removed checkpoint: experiments/grid-search/answerdotai_ModernBERT-base/tweeteval/prep1_aug1/seed_70681460/checkpoint-2426
2026-04-09 09:22:54,866 - cyberbully - INFO - Removed checkpoint: experiments/grid-search/answerdotai_ModernBERT-base/tweeteval/prep1_aug1/seed_70681460/checkpoint-7278
2026-04-09 09:22:54,866 - cyberbully - INFO - Step 5: Evaluating on test set...
2026-04-09 09:23:08,811 - cyberbully - INFO - Metrics saved to experiments/grid-search/answerdotai_ModernBERT-base/tweeteval/prep1_aug1/seed_70681460/metrics.json
2026-04-09 09:23:08,811 - cyberbully - INFO - Confusion matrix saved to experiments/grid-search/answerdotai_ModernBERT-base/tweeteval/prep1_aug1/seed_70681460/confusion_matrix.json
2026-04-09 09:23:08,902 - cyberbully - INFO - Per-sample predictions saved to experiments/grid-search/answerdotai_ModernBERT-base/tweeteval/prep1_aug1/seed_70681460/predictions.json
2026-04-09 09:23:09,005 - cyberbully - INFO - Confusion matrix figure saved to experiments/grid-search/answerdotai_ModernBERT-base/tweeteval/prep1_aug1/seed_70681460/confusion_matrix.pdf
2026-04-09 09:23:09,005 - cyberbully - INFO - Accuracy: 0.9400
2026-04-09 09:23:09,005 - cyberbully - INFO - Weighted F1: 0.9399
2026-04-09 09:23:09,005 - cyberbully - INFO - Micro F1: 0.9400
2026-04-09 09:23:09,005 - cyberbully - INFO - Inference time: 9.29 seconds
2026-04-09 09:23:09,005 - cyberbully - INFO - Energy consumption: 0.000583 kWh
2026-04-09 09:23:09,007 - cyberbully - INFO - ============================================================
2026-04-09 09:23:09,007 - cyberbully - INFO - Pipeline complete. Results saved to: experiments/grid-search/answerdotai_ModernBERT-base/tweeteval/prep1_aug1/seed_70681460
2026-04-09 09:23:09,007 - cyberbully - INFO - ============================================================
