2026-02-24 02:28:25,553 - cyberbully - INFO - ============================================================
2026-02-24 02:28:25,553 - cyberbully - INFO - Cyberbullying Detection Pipeline
2026-02-24 02:28:25,553 - cyberbully - INFO - ============================================================
2026-02-24 02:28:25,553 - cyberbully - INFO - Configuration:
2026-02-24 02:28:25,553 - cyberbully - INFO -   model          : sarkerlab/SocBERT-base
2026-02-24 02:28:25,553 - cyberbully - INFO -   dataset        : kaggle
2026-02-24 02:28:25,553 - cyberbully - INFO -   preprocess     : False
2026-02-24 02:28:25,553 - cyberbully - INFO -   augment        : False
2026-02-24 02:28:25,553 - cyberbully - INFO -   compute_attribution: False
2026-02-24 02:28:25,553 - cyberbully - INFO -   seed           : 37622020
2026-02-24 02:28:25,553 - cyberbully - INFO -   epochs         : 10
2026-02-24 02:28:25,553 - cyberbully - INFO -   batch_size     : 32
2026-02-24 02:28:25,553 - cyberbully - INFO -   lr             : 5e-05
2026-02-24 02:28:25,553 - cyberbully - INFO -   max_length     : 128
2026-02-24 02:28:25,553 - cyberbully - INFO -   output_dir     : grid-search
2026-02-24 02:28:25,553 - cyberbully - INFO -   data_dir       : dataset
2026-02-24 02:28:25,553 - cyberbully - INFO -   sbert          : False
2026-02-24 02:28:25,553 - cyberbully - INFO -   overwrite      : False
2026-02-24 02:28:25,553 - cyberbully - INFO -   device         : cuda
2026-02-24 02:28:25,553 - cyberbully - INFO -   output_dir     : experiments/grid-search/sarkerlab_SocBERT-base/kaggle/prep0_aug0/seed_37622020
2026-02-24 02:28:25,553 - cyberbully - INFO - ============================================================
2026-02-24 02:28:25,553 - cyberbully - INFO - Step 1: Preparing data...
2026-02-24 02:28:25,553 - cyberbully - INFO - Loading dataset 'kaggle' from dataset/Kaggle.csv
2026-02-24 02:28:25,611 - cyberbully - INFO - Loaded 47656 samples with 6 classes: ['age', 'ethnicity', 'gender', 'not_cyberbullying', 'other_cyberbullying', 'religion']
2026-02-24 02:28:25,614 - cyberbully - INFO - Label mapping: {'age': 0, 'ethnicity': 1, 'gender': 2, 'not_cyberbullying': 3, 'other_cyberbullying': 4, 'religion': 5}
2026-02-24 02:28:25,626 - cyberbully - INFO - Split sizes — train: 30499, val: 7625, test: 9532
2026-02-24 02:28:25,627 - cyberbully - INFO - Number of classes: 6
2026-02-24 02:28:25,628 - cyberbully - INFO - Step 2: Loading model and tokenizer...
2026-02-24 02:28:25,628 - cyberbully - INFO - Loading model 'sarkerlab/SocBERT-base' with 6 labels (sbert=False)
2026-02-24 02:28:26,791 - cyberbully - INFO - Step 3: Creating datasets...
2026-02-24 02:28:27,518 - cyberbully - INFO - Dataset sizes — train: 30499, val: 7625, test: 9532
2026-02-24 02:28:27,519 - cyberbully - INFO - Step 4: Training...
2026-02-24 02:28:27,780 - cyberbully - INFO - Starting training...
2026-02-24 02:44:20,621 - cyberbully - INFO - Training complete.
2026-02-24 02:44:20,742 - cyberbully - INFO - Removed checkpoint: experiments/grid-search/sarkerlab_SocBERT-base/kaggle/prep0_aug0/seed_37622020/checkpoint-954
2026-02-24 02:44:20,833 - cyberbully - INFO - Removed checkpoint: experiments/grid-search/sarkerlab_SocBERT-base/kaggle/prep0_aug0/seed_37622020/checkpoint-1908
2026-02-24 02:44:20,920 - cyberbully - INFO - Removed checkpoint: experiments/grid-search/sarkerlab_SocBERT-base/kaggle/prep0_aug0/seed_37622020/checkpoint-2862
2026-02-24 02:44:21,001 - cyberbully - INFO - Removed checkpoint: experiments/grid-search/sarkerlab_SocBERT-base/kaggle/prep0_aug0/seed_37622020/checkpoint-7632
2026-02-24 02:44:21,084 - cyberbully - INFO - Removed checkpoint: experiments/grid-search/sarkerlab_SocBERT-base/kaggle/prep0_aug0/seed_37622020/checkpoint-5724
2026-02-24 02:44:21,166 - cyberbully - INFO - Removed checkpoint: experiments/grid-search/sarkerlab_SocBERT-base/kaggle/prep0_aug0/seed_37622020/checkpoint-4770
2026-02-24 02:44:21,263 - cyberbully - INFO - Removed checkpoint: experiments/grid-search/sarkerlab_SocBERT-base/kaggle/prep0_aug0/seed_37622020/checkpoint-9540
2026-02-24 02:44:21,346 - cyberbully - INFO - Removed checkpoint: experiments/grid-search/sarkerlab_SocBERT-base/kaggle/prep0_aug0/seed_37622020/checkpoint-6678
2026-02-24 02:44:21,428 - cyberbully - INFO - Removed checkpoint: experiments/grid-search/sarkerlab_SocBERT-base/kaggle/prep0_aug0/seed_37622020/checkpoint-8586
2026-02-24 02:44:21,511 - cyberbully - INFO - Removed checkpoint: experiments/grid-search/sarkerlab_SocBERT-base/kaggle/prep0_aug0/seed_37622020/checkpoint-3816
2026-02-24 02:44:21,511 - cyberbully - INFO - Step 5: Evaluating on test set...
2026-02-24 02:44:33,046 - cyberbully - INFO - Metrics saved to experiments/grid-search/sarkerlab_SocBERT-base/kaggle/prep0_aug0/seed_37622020/metrics.json
2026-02-24 02:44:33,046 - cyberbully - INFO - Confusion matrix saved to experiments/grid-search/sarkerlab_SocBERT-base/kaggle/prep0_aug0/seed_37622020/confusion_matrix.json
2026-02-24 02:44:33,158 - cyberbully - INFO - Confusion matrix figure saved to experiments/grid-search/sarkerlab_SocBERT-base/kaggle/prep0_aug0/seed_37622020/confusion_matrix.pdf
2026-02-24 02:44:33,159 - cyberbully - INFO - Accuracy: 0.8588
2026-02-24 02:44:33,159 - cyberbully - INFO - Weighted F1: 0.8599
2026-02-24 02:44:33,159 - cyberbully - INFO - Micro F1: 0.8588
2026-02-24 02:44:33,159 - cyberbully - INFO - Inference time: 7.22 seconds
2026-02-24 02:44:33,159 - cyberbully - INFO - Energy consumption: 0.000448 kWh
2026-02-24 02:44:33,159 - cyberbully - INFO - ============================================================
2026-02-24 02:44:33,159 - cyberbully - INFO - Pipeline complete. Results saved to: experiments/grid-search/sarkerlab_SocBERT-base/kaggle/prep0_aug0/seed_37622020
2026-02-24 02:44:33,159 - cyberbully - INFO - ============================================================
