2026-02-17 17:35:31,052 - cyberbully - INFO - ============================================================
2026-02-17 17:35:31,052 - cyberbully - INFO - Cyberbullying Detection Pipeline
2026-02-17 17:35:31,052 - cyberbully - INFO - ============================================================
2026-02-17 17:35:31,052 - cyberbully - INFO - Configuration:
2026-02-17 17:35:31,052 - cyberbully - INFO -   model          : bert-base-uncased
2026-02-17 17:35:31,052 - cyberbully - INFO -   dataset        : kaggle
2026-02-17 17:35:31,052 - cyberbully - INFO -   preprocess     : False
2026-02-17 17:35:31,052 - cyberbully - INFO -   augment        : False
2026-02-17 17:35:31,052 - cyberbully - INFO -   compute_attribution: False
2026-02-17 17:35:31,052 - cyberbully - INFO -   seed           : 67351593
2026-02-17 17:35:31,052 - cyberbully - INFO -   epochs         : 5
2026-02-17 17:35:31,052 - cyberbully - INFO -   batch_size     : 16
2026-02-17 17:35:31,052 - cyberbully - INFO -   lr             : 2e-05
2026-02-17 17:35:31,052 - cyberbully - INFO -   max_length     : 128
2026-02-17 17:35:31,052 - cyberbully - INFO -   output_dir     : grid-search
2026-02-17 17:35:31,052 - cyberbully - INFO -   data_dir       : dataset
2026-02-17 17:35:31,052 - cyberbully - INFO -   sbert          : False
2026-02-17 17:35:31,052 - cyberbully - INFO -   overwrite      : False
2026-02-17 17:35:31,052 - cyberbully - INFO -   device         : cuda
2026-02-17 17:35:31,052 - cyberbully - INFO -   output_dir     : experiments/grid-search/bert-base-uncased/kaggle/prep0_aug0/seed_67351593
2026-02-17 17:35:31,052 - cyberbully - INFO - ============================================================
2026-02-17 17:35:31,052 - cyberbully - INFO - Step 1: Preparing data...
2026-02-17 17:35:31,052 - cyberbully - INFO - Loading dataset 'kaggle' from dataset/Kaggle.csv
2026-02-17 17:35:31,112 - cyberbully - INFO - Loaded 47656 samples with 6 classes: ['age', 'ethnicity', 'gender', 'not_cyberbullying', 'other_cyberbullying', 'religion']
2026-02-17 17:35:31,114 - cyberbully - INFO - Label mapping: {'age': 0, 'ethnicity': 1, 'gender': 2, 'not_cyberbullying': 3, 'other_cyberbullying': 4, 'religion': 5}
2026-02-17 17:35:31,127 - cyberbully - INFO - Split sizes — train: 30499, val: 7625, test: 9532
2026-02-17 17:35:31,128 - cyberbully - INFO - Number of classes: 6
2026-02-17 17:35:31,129 - cyberbully - INFO - Step 2: Loading model and tokenizer...
2026-02-17 17:35:31,129 - cyberbully - INFO - Loading model 'bert-base-uncased' with 6 labels (sbert=False)
2026-02-17 17:35:31,942 - cyberbully - INFO - Step 3: Creating datasets...
2026-02-17 17:35:32,696 - cyberbully - INFO - Dataset sizes — train: 30499, val: 7625, test: 9532
2026-02-17 17:35:32,696 - cyberbully - INFO - Step 4: Training...
2026-02-17 17:35:32,813 - cyberbully - INFO - Starting training...
2026-02-17 17:42:38,397 - cyberbully - INFO - Training complete.
2026-02-17 17:42:38,397 - cyberbully - INFO - Step 5: Evaluating on test set...
2026-02-17 17:42:46,685 - cyberbully - INFO - Metrics saved to experiments/grid-search/bert-base-uncased/kaggle/prep0_aug0/seed_67351593/metrics.json
2026-02-17 17:42:46,685 - cyberbully - INFO - Confusion matrix saved to experiments/grid-search/bert-base-uncased/kaggle/prep0_aug0/seed_67351593/confusion_matrix.json
2026-02-17 17:42:46,802 - cyberbully - INFO - Confusion matrix figure saved to experiments/grid-search/bert-base-uncased/kaggle/prep0_aug0/seed_67351593/confusion_matrix.pdf
2026-02-17 17:42:46,802 - cyberbully - INFO - Accuracy: 0.8639
2026-02-17 17:42:46,802 - cyberbully - INFO - Weighted F1: 0.8635
2026-02-17 17:42:46,802 - cyberbully - INFO - Micro F1: 0.8639
2026-02-17 17:42:46,802 - cyberbully - INFO - Inference time: 3.97 seconds
2026-02-17 17:42:46,802 - cyberbully - INFO - Energy consumption: 0.000227 kWh
2026-02-17 17:42:46,802 - cyberbully - INFO - ============================================================
2026-02-17 17:42:46,802 - cyberbully - INFO - Pipeline complete. Results saved to: experiments/grid-search/bert-base-uncased/kaggle/prep0_aug0/seed_67351593
2026-02-17 17:42:46,802 - cyberbully - INFO - ============================================================
