2026-02-12 20:53:15,609 - cyberbully - INFO - ============================================================
2026-02-12 20:53:15,609 - cyberbully - INFO - Cyberbullying Detection Pipeline
2026-02-12 20:53:15,609 - cyberbully - INFO - ============================================================
2026-02-12 20:53:15,609 - cyberbully - INFO - Configuration:
2026-02-12 20:53:15,609 - cyberbully - INFO -   model          : xlnet-base-cased
2026-02-12 20:53:15,609 - cyberbully - INFO -   dataset        : kaggle
2026-02-12 20:53:15,609 - cyberbully - INFO -   preprocess     : True
2026-02-12 20:53:15,609 - cyberbully - INFO -   augment        : True
2026-02-12 20:53:15,609 - cyberbully - INFO -   compute_attribution: False
2026-02-12 20:53:15,609 - cyberbully - INFO -   seed           : 87212562
2026-02-12 20:53:15,609 - cyberbully - INFO -   epochs         : 5
2026-02-12 20:53:15,609 - cyberbully - INFO -   batch_size     : 16
2026-02-12 20:53:15,609 - cyberbully - INFO -   lr             : 2e-05
2026-02-12 20:53:15,609 - cyberbully - INFO -   max_length     : 128
2026-02-12 20:53:15,609 - cyberbully - INFO -   output_dir     : experiments
2026-02-12 20:53:15,609 - cyberbully - INFO -   data_dir       : dataset
2026-02-12 20:53:15,609 - cyberbully - INFO -   overwrite      : False
2026-02-12 20:53:15,609 - cyberbully - INFO -   device         : cuda
2026-02-12 20:53:15,609 - cyberbully - INFO -   output_dir     : experiments/xlnet-base-cased/kaggle/prep1_aug1/seed_87212562
2026-02-12 20:53:15,609 - cyberbully - INFO - ============================================================
2026-02-12 20:53:15,609 - cyberbully - INFO - Step 1: Preparing data...
2026-02-12 20:53:15,609 - cyberbully - INFO - Loading dataset 'kaggle' from dataset/Kaggle.csv
2026-02-12 20:53:15,666 - cyberbully - INFO - Loaded 47656 samples with 6 classes: ['age', 'ethnicity', 'gender', 'not_cyberbullying', 'other_cyberbullying', 'religion']
2026-02-12 20:53:15,666 - cyberbully - INFO - Applying text preprocessing...
2026-02-12 20:54:09,473 - cyberbully - INFO - After preprocessing: 41409 samples remain
2026-02-12 20:54:09,476 - cyberbully - INFO - Label mapping: {'age': 0, 'ethnicity': 1, 'gender': 2, 'not_cyberbullying': 3, 'other_cyberbullying': 4, 'religion': 5}
2026-02-12 20:54:09,487 - cyberbully - INFO - Split sizes — train: 26501, val: 6626, test: 8282
2026-02-12 20:54:09,487 - cyberbully - INFO - Applying training data augmentation (oversampling)...
2026-02-12 20:54:09,493 - cyberbully - INFO - After oversampling — class distribution: {0: 5066, 1: 5066, 2: 5066, 3: 5066, 4: 5066, 5: 5066}
2026-02-12 20:54:09,494 - cyberbully - INFO - Number of classes: 6
2026-02-12 20:54:09,494 - cyberbully - INFO - Step 2: Loading model and tokenizer...
2026-02-12 20:54:09,494 - cyberbully - INFO - Loading model 'xlnet-base-cased' with 6 labels
2026-02-12 20:54:11,717 - cyberbully - INFO - Step 3: Tokenizing datasets...
2026-02-12 20:54:12,717 - cyberbully - INFO - Dataset sizes — train: 30396, val: 6626, test: 8282
2026-02-12 20:54:12,717 - cyberbully - INFO - Step 4: Training...
2026-02-12 20:54:12,965 - cyberbully - INFO - Starting training...
2026-02-12 21:06:42,314 - cyberbully - INFO - Training complete.
2026-02-12 21:06:42,314 - cyberbully - INFO - Step 5: Evaluating on test set...
2026-02-12 21:06:57,285 - cyberbully - INFO - Metrics saved to experiments/xlnet-base-cased/kaggle/prep1_aug1/seed_87212562/metrics.json
2026-02-12 21:06:57,285 - cyberbully - INFO - Confusion matrix saved to experiments/xlnet-base-cased/kaggle/prep1_aug1/seed_87212562/confusion_matrix.json
2026-02-12 21:06:57,396 - cyberbully - INFO - Confusion matrix figure saved to experiments/xlnet-base-cased/kaggle/prep1_aug1/seed_87212562/confusion_matrix.pdf
2026-02-12 21:06:57,396 - cyberbully - INFO - Accuracy: 0.8675
2026-02-12 21:06:57,397 - cyberbully - INFO - Weighted F1: 0.8658
2026-02-12 21:06:57,397 - cyberbully - INFO - Micro F1: 0.8675
2026-02-12 21:06:57,397 - cyberbully - INFO - Inference time: 10.64 seconds
2026-02-12 21:06:57,397 - cyberbully - INFO - Energy consumption: 0.000642 kWh
2026-02-12 21:06:57,397 - cyberbully - INFO - ============================================================
2026-02-12 21:06:57,397 - cyberbully - INFO - Pipeline complete. Results saved to: experiments/xlnet-base-cased/kaggle/prep1_aug1/seed_87212562
2026-02-12 21:06:57,397 - cyberbully - INFO - ============================================================
