2026-02-13 06:12:22,569 - cyberbully - INFO - ============================================================
2026-02-13 06:12:22,569 - cyberbully - INFO - Cyberbullying Detection Pipeline
2026-02-13 06:12:22,569 - cyberbully - INFO - ============================================================
2026-02-13 06:12:22,569 - cyberbully - INFO - Configuration:
2026-02-13 06:12:22,569 - cyberbully - INFO -   model          : xlnet-base-cased
2026-02-13 06:12:22,569 - cyberbully - INFO -   dataset        : tweeteval
2026-02-13 06:12:22,569 - cyberbully - INFO -   preprocess     : True
2026-02-13 06:12:22,569 - cyberbully - INFO -   augment        : True
2026-02-13 06:12:22,569 - cyberbully - INFO -   compute_attribution: False
2026-02-13 06:12:22,569 - cyberbully - INFO -   seed           : 43782163
2026-02-13 06:12:22,569 - cyberbully - INFO -   epochs         : 5
2026-02-13 06:12:22,569 - cyberbully - INFO -   batch_size     : 16
2026-02-13 06:12:22,569 - cyberbully - INFO -   lr             : 2e-05
2026-02-13 06:12:22,569 - cyberbully - INFO -   max_length     : 128
2026-02-13 06:12:22,569 - cyberbully - INFO -   output_dir     : experiments
2026-02-13 06:12:22,569 - cyberbully - INFO -   data_dir       : dataset
2026-02-13 06:12:22,569 - cyberbully - INFO -   overwrite      : False
2026-02-13 06:12:22,569 - cyberbully - INFO -   device         : cuda
2026-02-13 06:12:22,569 - cyberbully - INFO -   output_dir     : experiments/xlnet-base-cased/tweeteval/prep1_aug1/seed_43782163
2026-02-13 06:12:22,569 - cyberbully - INFO - ============================================================
2026-02-13 06:12:22,569 - cyberbully - INFO - Step 1: Preparing data...
2026-02-13 06:12:22,569 - cyberbully - INFO - Loading dataset 'tweeteval' from dataset/Tweeteval.csv
2026-02-13 06:12:22,644 - cyberbully - INFO - Loaded 50759 samples with 5 classes: ['emotion', 'hate', 'offensive', 'religion', 'spiritual']
2026-02-13 06:12:22,644 - cyberbully - INFO - Applying text preprocessing...
2026-02-13 06:13:18,829 - cyberbully - INFO - After preprocessing: 47382 samples remain
2026-02-13 06:13:18,832 - cyberbully - INFO - Label mapping: {'emotion': 0, 'hate': 1, 'offensive': 2, 'religion': 3, 'spiritual': 4}
2026-02-13 06:13:18,844 - cyberbully - INFO - Split sizes — train: 30324, val: 7581, test: 9477
2026-02-13 06:13:18,844 - cyberbully - INFO - Applying training data augmentation (oversampling)...
2026-02-13 06:13:18,851 - cyberbully - INFO - After oversampling — class distribution: {0: 7751, 1: 7751, 2: 7751, 3: 7751, 4: 7751}
2026-02-13 06:13:18,852 - cyberbully - INFO - Number of classes: 5
2026-02-13 06:13:18,852 - cyberbully - INFO - Step 2: Loading model and tokenizer...
2026-02-13 06:13:18,852 - cyberbully - INFO - Loading model 'xlnet-base-cased' with 5 labels
2026-02-13 06:13:21,089 - cyberbully - INFO - Step 3: Tokenizing datasets...
2026-02-13 06:13:22,246 - cyberbully - INFO - Dataset sizes — train: 38755, val: 7581, test: 9477
2026-02-13 06:13:22,246 - cyberbully - INFO - Step 4: Training...
2026-02-13 06:13:22,496 - cyberbully - INFO - Starting training...
2026-02-13 06:29:10,407 - cyberbully - INFO - Training complete.
2026-02-13 06:29:10,407 - cyberbully - INFO - Step 5: Evaluating on test set...
2026-02-13 06:29:26,738 - cyberbully - INFO - Metrics saved to experiments/xlnet-base-cased/tweeteval/prep1_aug1/seed_43782163/metrics.json
2026-02-13 06:29:26,738 - cyberbully - INFO - Confusion matrix saved to experiments/xlnet-base-cased/tweeteval/prep1_aug1/seed_43782163/confusion_matrix.json
2026-02-13 06:29:26,838 - cyberbully - INFO - Confusion matrix figure saved to experiments/xlnet-base-cased/tweeteval/prep1_aug1/seed_43782163/confusion_matrix.pdf
2026-02-13 06:29:26,838 - cyberbully - INFO - Accuracy: 0.9389
2026-02-13 06:29:26,838 - cyberbully - INFO - Weighted F1: 0.9388
2026-02-13 06:29:26,838 - cyberbully - INFO - Micro F1: 0.9389
2026-02-13 06:29:26,838 - cyberbully - INFO - Inference time: 12.01 seconds
2026-02-13 06:29:26,838 - cyberbully - INFO - Energy consumption: 0.000724 kWh
2026-02-13 06:29:26,838 - cyberbully - INFO - ============================================================
2026-02-13 06:29:26,838 - cyberbully - INFO - Pipeline complete. Results saved to: experiments/xlnet-base-cased/tweeteval/prep1_aug1/seed_43782163
2026-02-13 06:29:26,839 - cyberbully - INFO - ============================================================
