2026-05-18 20:04:09,130 - cyberbully - INFO - ============================================================
2026-05-18 20:04:09,130 - cyberbully - INFO - Cyberbullying Detection Pipeline
2026-05-18 20:04:09,130 - cyberbully - INFO - ============================================================
2026-05-18 20:04:09,130 - cyberbully - INFO - Configuration:
2026-05-18 20:04:09,130 - cyberbully - INFO -   model          : roberta-base
2026-05-18 20:04:09,130 - cyberbully - INFO -   dataset        : kaggle
2026-05-18 20:04:09,130 - cyberbully - INFO -   preprocess     : True
2026-05-18 20:04:09,130 - cyberbully - INFO -   augment        : False
2026-05-18 20:04:09,130 - cyberbully - INFO -   compute_attribution: False
2026-05-18 20:04:09,130 - cyberbully - INFO -   seed           : 24677315
2026-05-18 20:04:09,130 - cyberbully - INFO -   epochs         : 10
2026-05-18 20:04:09,130 - cyberbully - INFO -   batch_size     : 32
2026-05-18 20:04:09,130 - cyberbully - INFO -   lr             : 5e-05
2026-05-18 20:04:09,130 - cyberbully - INFO -   max_length     : 128
2026-05-18 20:04:09,130 - cyberbully - INFO -   output_dir     : verification
2026-05-18 20:04:09,130 - cyberbully - INFO -   data_dir       : dataset
2026-05-18 20:04:09,130 - cyberbully - INFO -   sbert          : False
2026-05-18 20:04:09,130 - cyberbully - INFO -   supcon         : False
2026-05-18 20:04:09,130 - cyberbully - INFO -   supcon_weight  : 0.1
2026-05-18 20:04:09,130 - cyberbully - INFO -   proj_dim       : 128
2026-05-18 20:04:09,130 - cyberbully - INFO -   grad_accum_steps: 1
2026-05-18 20:04:09,130 - cyberbully - INFO -   overwrite      : True
2026-05-18 20:04:09,130 - cyberbully - INFO -   device         : cuda
2026-05-18 20:04:09,130 - cyberbully - INFO -   output_dir     : experiments/verification/roberta-base/kaggle/prep1_aug0/seed_24677315
2026-05-18 20:04:09,130 - cyberbully - INFO - ============================================================
2026-05-18 20:04:09,130 - cyberbully - INFO - Step 1: Preparing data...
2026-05-18 20:04:09,187 - cyberbully - INFO - Loaded pre-split data from dataset/kaggle — train: 25604, val: 6401, test: 8002
2026-05-18 20:04:09,187 - cyberbully - INFO - Label mapping: {'age': 0, 'ethnicity': 1, 'gender': 2, 'other_cyberbullying': 3, 'religion': 4}
2026-05-18 20:04:09,188 - cyberbully - INFO - Applying text preprocessing per split...
2026-05-18 20:04:59,526 - cyberbully - INFO - After preprocessing -- train: 23521, val: 5971, test: 7409
2026-05-18 20:04:59,529 - cyberbully - INFO - Number of classes: 5
2026-05-18 20:04:59,530 - cyberbully - INFO - Step 2: Loading model and tokenizer...
2026-05-18 20:04:59,530 - cyberbully - INFO - Loading model 'roberta-base' with 5 labels (sbert=False, supcon=False)
2026-05-18 20:05:00,325 - cyberbully - INFO - Step 3: Creating datasets...
2026-05-18 20:05:00,805 - cyberbully - INFO - Dataset sizes — train: 23521, val: 5971, test: 7409
2026-05-18 20:05:00,805 - cyberbully - INFO - Step 4: Training...
2026-05-18 20:05:00,973 - cyberbully - INFO - Starting training...
2026-05-18 20:15:08,877 - cyberbully - INFO - Training complete.
2026-05-18 20:15:08,972 - cyberbully - INFO - Removed checkpoint: experiments/verification/roberta-base/kaggle/prep1_aug0/seed_24677315/checkpoint-3680
2026-05-18 20:15:09,066 - cyberbully - INFO - Removed checkpoint: experiments/verification/roberta-base/kaggle/prep1_aug0/seed_24677315/checkpoint-5152
2026-05-18 20:15:09,163 - cyberbully - INFO - Removed checkpoint: experiments/verification/roberta-base/kaggle/prep1_aug0/seed_24677315/checkpoint-736
2026-05-18 20:15:09,257 - cyberbully - INFO - Removed checkpoint: experiments/verification/roberta-base/kaggle/prep1_aug0/seed_24677315/checkpoint-2208
2026-05-18 20:15:09,349 - cyberbully - INFO - Removed checkpoint: experiments/verification/roberta-base/kaggle/prep1_aug0/seed_24677315/checkpoint-4416
2026-05-18 20:15:09,441 - cyberbully - INFO - Removed checkpoint: experiments/verification/roberta-base/kaggle/prep1_aug0/seed_24677315/checkpoint-5888
2026-05-18 20:15:09,531 - cyberbully - INFO - Removed checkpoint: experiments/verification/roberta-base/kaggle/prep1_aug0/seed_24677315/checkpoint-2944
2026-05-18 20:15:09,624 - cyberbully - INFO - Removed checkpoint: experiments/verification/roberta-base/kaggle/prep1_aug0/seed_24677315/checkpoint-1472
2026-05-18 20:15:09,716 - cyberbully - INFO - Removed checkpoint: experiments/verification/roberta-base/kaggle/prep1_aug0/seed_24677315/checkpoint-6624
2026-05-18 20:15:09,829 - cyberbully - INFO - Removed checkpoint: experiments/verification/roberta-base/kaggle/prep1_aug0/seed_24677315/checkpoint-7360
2026-05-18 20:15:09,829 - cyberbully - INFO - Step 5: Evaluating on test set...
2026-05-18 20:15:19,935 - cyberbully - INFO - Metrics saved to experiments/verification/roberta-base/kaggle/prep1_aug0/seed_24677315/metrics.json
2026-05-18 20:15:19,935 - cyberbully - INFO - Confusion matrix saved to experiments/verification/roberta-base/kaggle/prep1_aug0/seed_24677315/confusion_matrix.json
2026-05-18 20:15:20,015 - cyberbully - INFO - Per-sample predictions saved to experiments/verification/roberta-base/kaggle/prep1_aug0/seed_24677315/predictions.json
2026-05-18 20:15:20,135 - cyberbully - INFO - Confusion matrix figure saved to experiments/verification/roberta-base/kaggle/prep1_aug0/seed_24677315/confusion_matrix.pdf
2026-05-18 20:15:20,135 - cyberbully - INFO - Accuracy: 0.9514
2026-05-18 20:15:20,135 - cyberbully - INFO - Weighted F1: 0.9515
2026-05-18 20:15:20,135 - cyberbully - INFO - Micro F1: 0.9514
2026-05-18 20:15:20,135 - cyberbully - INFO - Inference time: 3.99 seconds
2026-05-18 20:15:20,135 - cyberbully - INFO - Energy consumption: 0.000227 kWh
2026-05-18 20:15:20,137 - cyberbully - INFO - ============================================================
2026-05-18 20:15:20,137 - cyberbully - INFO - Pipeline complete. Results saved to: experiments/verification/roberta-base/kaggle/prep1_aug0/seed_24677315
2026-05-18 20:15:20,137 - cyberbully - INFO - ============================================================
