2026-04-12 13:24:32,968 - cyberbully - INFO - ============================================================
2026-04-12 13:24:32,968 - cyberbully - INFO - Cyberbullying Detection Pipeline
2026-04-12 13:24:32,968 - cyberbully - INFO - ============================================================
2026-04-12 13:24:32,968 - cyberbully - INFO - Configuration:
2026-04-12 13:24:32,968 - cyberbully - INFO -   model          : roberta-base
2026-04-12 13:24:32,968 - cyberbully - INFO -   dataset        : ieee
2026-04-12 13:24:32,968 - cyberbully - INFO -   preprocess     : False
2026-04-12 13:24:32,968 - cyberbully - INFO -   augment        : True
2026-04-12 13:24:32,968 - cyberbully - INFO -   compute_attribution: False
2026-04-12 13:24:32,968 - cyberbully - INFO -   seed           : 99511865
2026-04-12 13:24:32,968 - cyberbully - INFO -   epochs         : 10
2026-04-12 13:24:32,969 - cyberbully - INFO -   batch_size     : 32
2026-04-12 13:24:32,969 - cyberbully - INFO -   lr             : 5e-05
2026-04-12 13:24:32,969 - cyberbully - INFO -   max_length     : 128
2026-04-12 13:24:32,969 - cyberbully - INFO -   output_dir     : grid-search
2026-04-12 13:24:32,969 - cyberbully - INFO -   data_dir       : dataset
2026-04-12 13:24:32,969 - cyberbully - INFO -   sbert          : False
2026-04-12 13:24:32,969 - cyberbully - INFO -   supcon         : False
2026-04-12 13:24:32,969 - cyberbully - INFO -   supcon_weight  : 0.1
2026-04-12 13:24:32,969 - cyberbully - INFO -   proj_dim       : 128
2026-04-12 13:24:32,969 - cyberbully - INFO -   grad_accum_steps: 1
2026-04-12 13:24:32,969 - cyberbully - INFO -   overwrite      : False
2026-04-12 13:24:32,969 - cyberbully - INFO -   device         : cuda
2026-04-12 13:24:32,969 - cyberbully - INFO -   output_dir     : experiments/grid-search/roberta-base/ieee/prep0_aug1/seed_99511865
2026-04-12 13:24:32,969 - cyberbully - INFO - ============================================================
2026-04-12 13:24:32,969 - cyberbully - INFO - Step 1: Preparing data...
2026-04-12 13:24:32,972 - cyberbully - INFO - Loaded pre-split data from dataset/ieee — train: 1348, val: 338, test: 422
2026-04-12 13:24:32,972 - cyberbully - INFO - Label mapping: {'Cyberstalking': 0, 'Doxing': 1, 'Revenge Porn': 2, 'Sexual Harassment': 3, 'Slut Shaming': 4}
2026-04-12 13:24:32,974 - cyberbully - INFO - Applying training data augmentation (oversampling)...
2026-04-12 13:24:32,975 - cyberbully - INFO - After oversampling — class distribution: {0: 316, 1: 316, 2: 316, 3: 316, 4: 316}
2026-04-12 13:24:32,976 - cyberbully - INFO - Number of classes: 5
2026-04-12 13:24:32,977 - cyberbully - INFO - Step 2: Loading model and tokenizer...
2026-04-12 13:24:32,977 - cyberbully - INFO - Loading model 'roberta-base' with 5 labels (sbert=False, supcon=False)
2026-04-12 13:24:34,335 - cyberbully - INFO - Step 3: Creating datasets...
2026-04-12 13:24:34,365 - cyberbully - INFO - Dataset sizes — train: 1580, val: 338, test: 422
2026-04-12 13:24:34,365 - cyberbully - INFO - Step 4: Training...
2026-04-12 13:24:34,598 - cyberbully - INFO - Starting training...
2026-04-12 13:25:38,261 - cyberbully - INFO - Training complete.
2026-04-12 13:25:38,343 - cyberbully - INFO - Removed checkpoint: experiments/grid-search/roberta-base/ieee/prep0_aug1/seed_99511865/checkpoint-400
2026-04-12 13:25:38,419 - cyberbully - INFO - Removed checkpoint: experiments/grid-search/roberta-base/ieee/prep0_aug1/seed_99511865/checkpoint-200
2026-04-12 13:25:38,503 - cyberbully - INFO - Removed checkpoint: experiments/grid-search/roberta-base/ieee/prep0_aug1/seed_99511865/checkpoint-450
2026-04-12 13:25:38,586 - cyberbully - INFO - Removed checkpoint: experiments/grid-search/roberta-base/ieee/prep0_aug1/seed_99511865/checkpoint-300
2026-04-12 13:25:38,668 - cyberbully - INFO - Removed checkpoint: experiments/grid-search/roberta-base/ieee/prep0_aug1/seed_99511865/checkpoint-350
2026-04-12 13:25:39,163 - cyberbully - INFO - Removed checkpoint: experiments/grid-search/roberta-base/ieee/prep0_aug1/seed_99511865/checkpoint-150
2026-04-12 13:25:39,247 - cyberbully - INFO - Removed checkpoint: experiments/grid-search/roberta-base/ieee/prep0_aug1/seed_99511865/checkpoint-50
2026-04-12 13:25:39,329 - cyberbully - INFO - Removed checkpoint: experiments/grid-search/roberta-base/ieee/prep0_aug1/seed_99511865/checkpoint-500
2026-04-12 13:25:39,406 - cyberbully - INFO - Removed checkpoint: experiments/grid-search/roberta-base/ieee/prep0_aug1/seed_99511865/checkpoint-100
2026-04-12 13:25:40,166 - cyberbully - INFO - Removed checkpoint: experiments/grid-search/roberta-base/ieee/prep0_aug1/seed_99511865/checkpoint-250
2026-04-12 13:25:40,167 - cyberbully - INFO - Step 5: Evaluating on test set...
2026-04-12 13:25:45,070 - cyberbully - INFO - Metrics saved to experiments/grid-search/roberta-base/ieee/prep0_aug1/seed_99511865/metrics.json
2026-04-12 13:25:45,070 - cyberbully - INFO - Confusion matrix saved to experiments/grid-search/roberta-base/ieee/prep0_aug1/seed_99511865/confusion_matrix.json
2026-04-12 13:25:45,075 - cyberbully - INFO - Per-sample predictions saved to experiments/grid-search/roberta-base/ieee/prep0_aug1/seed_99511865/predictions.json
2026-04-12 13:25:45,178 - cyberbully - INFO - Confusion matrix figure saved to experiments/grid-search/roberta-base/ieee/prep0_aug1/seed_99511865/confusion_matrix.pdf
2026-04-12 13:25:45,178 - cyberbully - INFO - Accuracy: 0.8507
2026-04-12 13:25:45,178 - cyberbully - INFO - Weighted F1: 0.8529
2026-04-12 13:25:45,178 - cyberbully - INFO - Micro F1: 0.8507
2026-04-12 13:25:45,178 - cyberbully - INFO - Inference time: 0.26 seconds
2026-04-12 13:25:45,178 - cyberbully - INFO - Energy consumption: 0.000011 kWh
2026-04-12 13:25:45,179 - cyberbully - INFO - ============================================================
2026-04-12 13:25:45,179 - cyberbully - INFO - Pipeline complete. Results saved to: experiments/grid-search/roberta-base/ieee/prep0_aug1/seed_99511865
2026-04-12 13:25:45,179 - cyberbully - INFO - ============================================================
