2026-04-17 00:29:50,224 - cyberbully - INFO - Model 'all-MiniLM-L6-v2' detected as SBERT-based. Using SBERTClassifier pipeline.
2026-04-17 00:29:50,224 - cyberbully - INFO - ============================================================
2026-04-17 00:29:50,224 - cyberbully - INFO - Cyberbullying Detection Pipeline
2026-04-17 00:29:50,224 - cyberbully - INFO - ============================================================
2026-04-17 00:29:50,224 - cyberbully - INFO - Configuration:
2026-04-17 00:29:50,224 - cyberbully - INFO -   model          : all-MiniLM-L6-v2
2026-04-17 00:29:50,224 - cyberbully - INFO -   dataset        : ieee
2026-04-17 00:29:50,224 - cyberbully - INFO -   preprocess     : False
2026-04-17 00:29:50,224 - cyberbully - INFO -   augment        : True
2026-04-17 00:29:50,224 - cyberbully - INFO -   compute_attribution: False
2026-04-17 00:29:50,224 - cyberbully - INFO -   seed           : 99511865
2026-04-17 00:29:50,224 - cyberbully - INFO -   epochs         : 10
2026-04-17 00:29:50,224 - cyberbully - INFO -   batch_size     : 32
2026-04-17 00:29:50,224 - cyberbully - INFO -   lr             : 5e-05
2026-04-17 00:29:50,224 - cyberbully - INFO -   max_length     : 128
2026-04-17 00:29:50,224 - cyberbully - INFO -   output_dir     : grid-search
2026-04-17 00:29:50,224 - cyberbully - INFO -   data_dir       : dataset
2026-04-17 00:29:50,224 - cyberbully - INFO -   sbert          : True
2026-04-17 00:29:50,224 - cyberbully - INFO -   supcon         : False
2026-04-17 00:29:50,224 - cyberbully - INFO -   supcon_weight  : 0.1
2026-04-17 00:29:50,224 - cyberbully - INFO -   proj_dim       : 128
2026-04-17 00:29:50,224 - cyberbully - INFO -   grad_accum_steps: 1
2026-04-17 00:29:50,224 - cyberbully - INFO -   overwrite      : True
2026-04-17 00:29:50,224 - cyberbully - INFO -   device         : cuda
2026-04-17 00:29:50,224 - cyberbully - INFO -   output_dir     : experiments/grid-search/all-MiniLM-L6-v2/ieee/prep0_aug1/seed_99511865
2026-04-17 00:29:50,224 - cyberbully - INFO - ============================================================
2026-04-17 00:29:50,224 - cyberbully - INFO - Step 1: Preparing data...
2026-04-17 00:29:50,228 - cyberbully - INFO - Loaded pre-split data from dataset/ieee — train: 1348, val: 338, test: 422
2026-04-17 00:29:50,228 - cyberbully - INFO - Label mapping: {'Cyberstalking': 0, 'Doxing': 1, 'Revenge Porn': 2, 'Sexual Harassment': 3, 'Slut Shaming': 4}
2026-04-17 00:29:50,229 - cyberbully - INFO - Applying training data augmentation (oversampling)...
2026-04-17 00:29:50,230 - cyberbully - INFO - After oversampling — class distribution: {0: 316, 1: 316, 2: 316, 3: 316, 4: 316}
2026-04-17 00:29:50,231 - cyberbully - INFO - Number of classes: 5
2026-04-17 00:29:50,232 - cyberbully - INFO - Step 2: Loading model and tokenizer...
2026-04-17 00:29:50,232 - cyberbully - INFO - Loading model 'all-MiniLM-L6-v2' with 5 labels (sbert=True, supcon=False)
2026-04-17 00:29:54,236 - cyberbully - INFO - SBERTClassifier: embedding_dim=384, hidden=256, proj_dim=None, num_labels=5
2026-04-17 00:29:54,821 - cyberbully - INFO - Step 3: Creating datasets...
2026-04-17 00:29:54,863 - cyberbully - INFO - Dataset sizes — train: 1580, val: 338, test: 422
2026-04-17 00:29:54,863 - cyberbully - INFO - Step 4: Training...
2026-04-17 00:29:54,909 - cyberbully - INFO - Starting training...
2026-04-17 00:30:06,735 - cyberbully - INFO - Training complete.
2026-04-17 00:30:06,751 - cyberbully - INFO - Removed checkpoint: experiments/grid-search/all-MiniLM-L6-v2/ieee/prep0_aug1/seed_99511865/checkpoint-400
2026-04-17 00:30:07,324 - cyberbully - INFO - Removed checkpoint: experiments/grid-search/all-MiniLM-L6-v2/ieee/prep0_aug1/seed_99511865/checkpoint-200
2026-04-17 00:30:07,344 - cyberbully - INFO - Removed checkpoint: experiments/grid-search/all-MiniLM-L6-v2/ieee/prep0_aug1/seed_99511865/checkpoint-450
2026-04-17 00:30:07,361 - cyberbully - INFO - Removed checkpoint: experiments/grid-search/all-MiniLM-L6-v2/ieee/prep0_aug1/seed_99511865/checkpoint-300
2026-04-17 00:30:07,377 - cyberbully - INFO - Removed checkpoint: experiments/grid-search/all-MiniLM-L6-v2/ieee/prep0_aug1/seed_99511865/checkpoint-350
2026-04-17 00:30:07,393 - cyberbully - INFO - Removed checkpoint: experiments/grid-search/all-MiniLM-L6-v2/ieee/prep0_aug1/seed_99511865/checkpoint-150
2026-04-17 00:30:07,994 - cyberbully - INFO - Removed checkpoint: experiments/grid-search/all-MiniLM-L6-v2/ieee/prep0_aug1/seed_99511865/checkpoint-50
2026-04-17 00:30:08,021 - cyberbully - INFO - Removed checkpoint: experiments/grid-search/all-MiniLM-L6-v2/ieee/prep0_aug1/seed_99511865/checkpoint-500
2026-04-17 00:30:08,681 - cyberbully - INFO - Removed checkpoint: experiments/grid-search/all-MiniLM-L6-v2/ieee/prep0_aug1/seed_99511865/checkpoint-100
2026-04-17 00:30:08,709 - cyberbully - INFO - Removed checkpoint: experiments/grid-search/all-MiniLM-L6-v2/ieee/prep0_aug1/seed_99511865/checkpoint-250
2026-04-17 00:30:08,709 - cyberbully - INFO - Step 5: Evaluating on test set...
2026-04-17 00:30:13,432 - cyberbully - INFO - Metrics saved to experiments/grid-search/all-MiniLM-L6-v2/ieee/prep0_aug1/seed_99511865/metrics.json
2026-04-17 00:30:13,432 - cyberbully - INFO - Confusion matrix saved to experiments/grid-search/all-MiniLM-L6-v2/ieee/prep0_aug1/seed_99511865/confusion_matrix.json
2026-04-17 00:30:13,437 - cyberbully - INFO - Per-sample predictions saved to experiments/grid-search/all-MiniLM-L6-v2/ieee/prep0_aug1/seed_99511865/predictions.json
2026-04-17 00:30:13,537 - cyberbully - INFO - Confusion matrix figure saved to experiments/grid-search/all-MiniLM-L6-v2/ieee/prep0_aug1/seed_99511865/confusion_matrix.pdf
2026-04-17 00:30:13,537 - cyberbully - INFO - Accuracy: 0.8318
2026-04-17 00:30:13,537 - cyberbully - INFO - Weighted F1: 0.8334
2026-04-17 00:30:13,537 - cyberbully - INFO - Micro F1: 0.8318
2026-04-17 00:30:13,537 - cyberbully - INFO - Inference time: 0.07 seconds
2026-04-17 00:30:13,537 - cyberbully - INFO - Energy consumption: 0.000002 kWh
2026-04-17 00:30:13,537 - cyberbully - INFO - ============================================================
2026-04-17 00:30:13,537 - cyberbully - INFO - Pipeline complete. Results saved to: experiments/grid-search/all-MiniLM-L6-v2/ieee/prep0_aug1/seed_99511865
2026-04-17 00:30:13,537 - cyberbully - INFO - ============================================================
