2026-05-18 17:35:45,086 - cyberbully - INFO - ============================================================
2026-05-18 17:35:45,086 - cyberbully - INFO - Cyberbullying Detection Pipeline
2026-05-18 17:35:45,086 - cyberbully - INFO - ============================================================
2026-05-18 17:35:45,086 - cyberbully - INFO - Configuration:
2026-05-18 17:35:45,086 - cyberbully - INFO -   model          : answerdotai/ModernBERT-base
2026-05-18 17:35:45,086 - cyberbully - INFO -   dataset        : ieee
2026-05-18 17:35:45,086 - cyberbully - INFO -   preprocess     : True
2026-05-18 17:35:45,086 - cyberbully - INFO -   augment        : False
2026-05-18 17:35:45,086 - cyberbully - INFO -   compute_attribution: False
2026-05-18 17:35:45,086 - cyberbully - INFO -   seed           : 99511865
2026-05-18 17:35:45,086 - cyberbully - INFO -   epochs         : 10
2026-05-18 17:35:45,086 - cyberbully - INFO -   batch_size     : 32
2026-05-18 17:35:45,086 - cyberbully - INFO -   lr             : 5e-05
2026-05-18 17:35:45,086 - cyberbully - INFO -   max_length     : 128
2026-05-18 17:35:45,086 - cyberbully - INFO -   output_dir     : verification
2026-05-18 17:35:45,086 - cyberbully - INFO -   data_dir       : dataset
2026-05-18 17:35:45,086 - cyberbully - INFO -   sbert          : False
2026-05-18 17:35:45,086 - cyberbully - INFO -   supcon         : False
2026-05-18 17:35:45,086 - cyberbully - INFO -   supcon_weight  : 0.1
2026-05-18 17:35:45,086 - cyberbully - INFO -   proj_dim       : 128
2026-05-18 17:35:45,086 - cyberbully - INFO -   grad_accum_steps: 1
2026-05-18 17:35:45,086 - cyberbully - INFO -   overwrite      : True
2026-05-18 17:35:45,086 - cyberbully - INFO -   device         : cuda
2026-05-18 17:35:45,086 - cyberbully - INFO -   output_dir     : experiments/verification/answerdotai_ModernBERT-base/ieee/prep1_aug0/seed_99511865
2026-05-18 17:35:45,086 - cyberbully - INFO - ============================================================
2026-05-18 17:35:45,086 - cyberbully - INFO - Step 1: Preparing data...
2026-05-18 17:35:45,090 - cyberbully - INFO - Loaded pre-split data from dataset/ieee — train: 1348, val: 338, test: 422
2026-05-18 17:35:45,090 - cyberbully - INFO - Label mapping: {'Cyberstalking': 0, 'Doxing': 1, 'Revenge Porn': 2, 'Sexual Harassment': 3, 'Slut Shaming': 4}
2026-05-18 17:35:45,091 - cyberbully - INFO - Applying text preprocessing per split...
2026-05-18 17:35:49,128 - cyberbully - INFO - After preprocessing -- train: 1175, val: 302, test: 378
2026-05-18 17:35:49,129 - cyberbully - INFO - Number of classes: 5
2026-05-18 17:35:49,131 - cyberbully - INFO - Step 2: Loading model and tokenizer...
2026-05-18 17:35:49,131 - cyberbully - INFO - Loading model 'answerdotai/ModernBERT-base' with 5 labels (sbert=False, supcon=False)
2026-05-18 17:35:50,788 - cyberbully - INFO - Step 3: Creating datasets...
2026-05-18 17:35:50,826 - cyberbully - INFO - Dataset sizes — train: 1175, val: 302, test: 378
2026-05-18 17:35:50,826 - cyberbully - INFO - Step 4: Training...
2026-05-18 17:35:51,066 - cyberbully - INFO - Starting training...
2026-05-18 17:37:18,076 - cyberbully - INFO - Training complete.
2026-05-18 17:37:18,160 - cyberbully - INFO - Removed checkpoint: experiments/verification/answerdotai_ModernBERT-base/ieee/prep1_aug0/seed_99511865/checkpoint-111
2026-05-18 17:37:18,259 - cyberbully - INFO - Removed checkpoint: experiments/verification/answerdotai_ModernBERT-base/ieee/prep1_aug0/seed_99511865/checkpoint-370
2026-05-18 17:37:18,345 - cyberbully - INFO - Removed checkpoint: experiments/verification/answerdotai_ModernBERT-base/ieee/prep1_aug0/seed_99511865/checkpoint-37
2026-05-18 17:37:18,437 - cyberbully - INFO - Removed checkpoint: experiments/verification/answerdotai_ModernBERT-base/ieee/prep1_aug0/seed_99511865/checkpoint-148
2026-05-18 17:37:18,538 - cyberbully - INFO - Removed checkpoint: experiments/verification/answerdotai_ModernBERT-base/ieee/prep1_aug0/seed_99511865/checkpoint-296
2026-05-18 17:37:18,640 - cyberbully - INFO - Removed checkpoint: experiments/verification/answerdotai_ModernBERT-base/ieee/prep1_aug0/seed_99511865/checkpoint-333
2026-05-18 17:37:18,734 - cyberbully - INFO - Removed checkpoint: experiments/verification/answerdotai_ModernBERT-base/ieee/prep1_aug0/seed_99511865/checkpoint-185
2026-05-18 17:37:18,830 - cyberbully - INFO - Removed checkpoint: experiments/verification/answerdotai_ModernBERT-base/ieee/prep1_aug0/seed_99511865/checkpoint-222
2026-05-18 17:37:18,945 - cyberbully - INFO - Removed checkpoint: experiments/verification/answerdotai_ModernBERT-base/ieee/prep1_aug0/seed_99511865/checkpoint-259
2026-05-18 17:37:19,031 - cyberbully - INFO - Removed checkpoint: experiments/verification/answerdotai_ModernBERT-base/ieee/prep1_aug0/seed_99511865/checkpoint-74
2026-05-18 17:37:19,031 - cyberbully - INFO - Step 5: Evaluating on test set...
2026-05-18 17:37:25,493 - cyberbully - INFO - Metrics saved to experiments/verification/answerdotai_ModernBERT-base/ieee/prep1_aug0/seed_99511865/metrics.json
2026-05-18 17:37:25,493 - cyberbully - INFO - Confusion matrix saved to experiments/verification/answerdotai_ModernBERT-base/ieee/prep1_aug0/seed_99511865/confusion_matrix.json
2026-05-18 17:37:25,497 - cyberbully - INFO - Per-sample predictions saved to experiments/verification/answerdotai_ModernBERT-base/ieee/prep1_aug0/seed_99511865/predictions.json
2026-05-18 17:37:25,597 - cyberbully - INFO - Confusion matrix figure saved to experiments/verification/answerdotai_ModernBERT-base/ieee/prep1_aug0/seed_99511865/confusion_matrix.pdf
2026-05-18 17:37:25,597 - cyberbully - INFO - Accuracy: 0.7778
2026-05-18 17:37:25,597 - cyberbully - INFO - Weighted F1: 0.7794
2026-05-18 17:37:25,597 - cyberbully - INFO - Micro F1: 0.7778
2026-05-18 17:37:25,597 - cyberbully - INFO - Inference time: 0.36 seconds
2026-05-18 17:37:25,597 - cyberbully - INFO - Energy consumption: 0.000039 kWh
2026-05-18 17:37:25,597 - cyberbully - INFO - ============================================================
2026-05-18 17:37:25,597 - cyberbully - INFO - Pipeline complete. Results saved to: experiments/verification/answerdotai_ModernBERT-base/ieee/prep1_aug0/seed_99511865
2026-05-18 17:37:25,597 - cyberbully - INFO - ============================================================
