2026-02-18 04:14:31,565 - cyberbully - INFO - ============================================================
2026-02-18 04:14:31,565 - cyberbully - INFO - Cyberbullying Detection Pipeline
2026-02-18 04:14:31,565 - cyberbully - INFO - ============================================================
2026-02-18 04:14:31,565 - cyberbully - INFO - Configuration:
2026-02-18 04:14:31,565 - cyberbully - INFO -   model          : distilbert-base-uncased
2026-02-18 04:14:31,565 - cyberbully - INFO -   dataset        : ieee
2026-02-18 04:14:31,565 - cyberbully - INFO -   preprocess     : True
2026-02-18 04:14:31,565 - cyberbully - INFO -   augment        : False
2026-02-18 04:14:31,565 - cyberbully - INFO -   compute_attribution: False
2026-02-18 04:14:31,565 - cyberbully - INFO -   seed           : 37622020
2026-02-18 04:14:31,565 - cyberbully - INFO -   epochs         : 5
2026-02-18 04:14:31,565 - cyberbully - INFO -   batch_size     : 16
2026-02-18 04:14:31,565 - cyberbully - INFO -   lr             : 2e-05
2026-02-18 04:14:31,565 - cyberbully - INFO -   max_length     : 128
2026-02-18 04:14:31,565 - cyberbully - INFO -   output_dir     : grid-search
2026-02-18 04:14:31,565 - cyberbully - INFO -   data_dir       : dataset
2026-02-18 04:14:31,566 - cyberbully - INFO -   sbert          : False
2026-02-18 04:14:31,566 - cyberbully - INFO -   overwrite      : False
2026-02-18 04:14:31,566 - cyberbully - INFO -   device         : cuda
2026-02-18 04:14:31,566 - cyberbully - INFO -   output_dir     : experiments/grid-search/distilbert-base-uncased/ieee/prep1_aug0/seed_37622020
2026-02-18 04:14:31,566 - cyberbully - INFO - ============================================================
2026-02-18 04:14:31,566 - cyberbully - INFO - Step 1: Preparing data...
2026-02-18 04:14:31,566 - cyberbully - INFO - Loading dataset 'ieee' from dataset/IEEE Data Port.csv
2026-02-18 04:14:31,571 - cyberbully - INFO - Loaded 2108 samples with 5 classes: ['Cyberstalking', 'Doxing', 'Revenge Porn', 'Sexual Harassment', 'Slut Shaming']
2026-02-18 04:14:31,571 - cyberbully - INFO - Applying text preprocessing...
2026-02-18 04:14:34,629 - cyberbully - INFO - After preprocessing: 1822 samples remain
2026-02-18 04:14:34,630 - cyberbully - INFO - Label mapping: {'Cyberstalking': 0, 'Doxing': 1, 'Revenge Porn': 2, 'Sexual Harassment': 3, 'Slut Shaming': 4}
2026-02-18 04:14:34,632 - cyberbully - INFO - Split sizes — train: 1165, val: 292, test: 365
2026-02-18 04:14:34,632 - cyberbully - INFO - Number of classes: 5
2026-02-18 04:14:34,632 - cyberbully - INFO - Step 2: Loading model and tokenizer...
2026-02-18 04:14:34,632 - cyberbully - INFO - Loading model 'distilbert-base-uncased' with 5 labels (sbert=False)
2026-02-18 04:14:35,238 - cyberbully - INFO - Step 3: Creating datasets...
2026-02-18 04:14:35,253 - cyberbully - INFO - Dataset sizes — train: 1165, val: 292, test: 365
2026-02-18 04:14:35,253 - cyberbully - INFO - Step 4: Training...
2026-02-18 04:14:35,352 - cyberbully - INFO - Starting training...
2026-02-18 04:14:45,174 - cyberbully - INFO - Training complete.
2026-02-18 04:14:45,174 - cyberbully - INFO - Step 5: Evaluating on test set...
2026-02-18 04:14:49,469 - cyberbully - INFO - Metrics saved to experiments/grid-search/distilbert-base-uncased/ieee/prep1_aug0/seed_37622020/metrics.json
2026-02-18 04:14:49,469 - cyberbully - INFO - Confusion matrix saved to experiments/grid-search/distilbert-base-uncased/ieee/prep1_aug0/seed_37622020/confusion_matrix.json
2026-02-18 04:14:49,576 - cyberbully - INFO - Confusion matrix figure saved to experiments/grid-search/distilbert-base-uncased/ieee/prep1_aug0/seed_37622020/confusion_matrix.pdf
2026-02-18 04:14:49,576 - cyberbully - INFO - Accuracy: 0.8466
2026-02-18 04:14:49,577 - cyberbully - INFO - Weighted F1: 0.8461
2026-02-18 04:14:49,577 - cyberbully - INFO - Micro F1: 0.8466
2026-02-18 04:14:49,577 - cyberbully - INFO - Inference time: 0.10 seconds
2026-02-18 04:14:49,577 - cyberbully - INFO - Energy consumption: 0.000003 kWh
2026-02-18 04:14:49,577 - cyberbully - INFO - ============================================================
2026-02-18 04:14:49,577 - cyberbully - INFO - Pipeline complete. Results saved to: experiments/grid-search/distilbert-base-uncased/ieee/prep1_aug0/seed_37622020
2026-02-18 04:14:49,577 - cyberbully - INFO - ============================================================
