2026-02-10 18:30:34,272 - cyberbully - INFO - ============================================================
2026-02-10 18:30:34,272 - cyberbully - INFO - Cyberbullying Detection Pipeline
2026-02-10 18:30:34,273 - cyberbully - INFO - ============================================================
2026-02-10 18:30:34,273 - cyberbully - INFO - Configuration:
2026-02-10 18:30:34,273 - cyberbully - INFO -   model          : bert-base-uncased
2026-02-10 18:30:34,273 - cyberbully - INFO -   dataset        : kaggle
2026-02-10 18:30:34,273 - cyberbully - INFO -   preprocess     : False
2026-02-10 18:30:34,273 - cyberbully - INFO -   augment        : True
2026-02-10 18:30:34,273 - cyberbully - INFO -   compute_attribution: False
2026-02-10 18:30:34,273 - cyberbully - INFO -   seed           : 67351593
2026-02-10 18:30:34,273 - cyberbully - INFO -   epochs         : 5
2026-02-10 18:30:34,273 - cyberbully - INFO -   batch_size     : 16
2026-02-10 18:30:34,273 - cyberbully - INFO -   lr             : 2e-05
2026-02-10 18:30:34,273 - cyberbully - INFO -   max_length     : 128
2026-02-10 18:30:34,273 - cyberbully - INFO -   output_dir     : experiments
2026-02-10 18:30:34,273 - cyberbully - INFO -   data_dir       : dataset
2026-02-10 18:30:34,273 - cyberbully - INFO -   overwrite      : False
2026-02-10 18:30:34,273 - cyberbully - INFO -   device         : cuda
2026-02-10 18:30:34,273 - cyberbully - INFO -   output_dir     : experiments/bert-base-uncased/kaggle/prep0_aug1/seed_67351593
2026-02-10 18:30:34,273 - cyberbully - INFO - ============================================================
2026-02-10 18:30:34,273 - cyberbully - INFO - Step 1: Preparing data...
2026-02-10 18:30:34,273 - cyberbully - INFO - Loading dataset 'kaggle' from dataset/Kaggle.csv
2026-02-10 18:30:34,330 - cyberbully - INFO - Loaded 47656 samples with 6 classes: ['age', 'ethnicity', 'gender', 'not_cyberbullying', 'other_cyberbullying', 'religion']
2026-02-10 18:30:34,333 - cyberbully - INFO - Label mapping: {'age': 0, 'ethnicity': 1, 'gender': 2, 'not_cyberbullying': 3, 'other_cyberbullying': 4, 'religion': 5}
2026-02-10 18:30:34,345 - cyberbully - INFO - Split sizes — train: 30499, val: 7625, test: 9532
2026-02-10 18:30:34,345 - cyberbully - INFO - Applying training data augmentation (oversampling)...
2026-02-10 18:30:34,352 - cyberbully - INFO - After oversampling — class distribution: {0: 5118, 1: 5118, 2: 5118, 3: 5118, 4: 5118, 5: 5118}
2026-02-10 18:30:34,353 - cyberbully - INFO - Number of classes: 6
2026-02-10 18:30:34,353 - cyberbully - INFO - Step 2: Loading model and tokenizer...
2026-02-10 18:30:34,353 - cyberbully - INFO - Loading model 'bert-base-uncased' with 6 labels
2026-02-10 18:30:35,055 - cyberbully - INFO - Step 3: Tokenizing datasets...
2026-02-10 18:30:36,119 - cyberbully - INFO - Dataset sizes — train: 30708, val: 7625, test: 9532
2026-02-10 18:30:36,119 - cyberbully - INFO - Step 4: Training...
2026-02-10 18:30:36,341 - cyberbully - INFO - Starting training...
2026-02-10 18:40:52,504 - cyberbully - INFO - Training complete.
2026-02-10 18:40:52,504 - cyberbully - INFO - Step 5: Evaluating on test set...
2026-02-10 18:41:04,558 - cyberbully - INFO - Metrics saved to experiments/bert-base-uncased/kaggle/prep0_aug1/seed_67351593/metrics.json
2026-02-10 18:41:04,559 - cyberbully - INFO - Confusion matrix saved to experiments/bert-base-uncased/kaggle/prep0_aug1/seed_67351593/confusion_matrix.json
2026-02-10 18:41:04,671 - cyberbully - INFO - Confusion matrix figure saved to experiments/bert-base-uncased/kaggle/prep0_aug1/seed_67351593/confusion_matrix.pdf
2026-02-10 18:41:04,671 - cyberbully - INFO - Accuracy: 0.8584
2026-02-10 18:41:04,672 - cyberbully - INFO - Weighted F1: 0.8574
2026-02-10 18:41:04,672 - cyberbully - INFO - Micro F1: 0.8584
2026-02-10 18:41:04,672 - cyberbully - INFO - Inference time: 7.73 seconds
2026-02-10 18:41:04,672 - cyberbully - INFO - Energy consumption: 0.000440 kWh
2026-02-10 18:41:04,672 - cyberbully - INFO - ============================================================
2026-02-10 18:41:04,672 - cyberbully - INFO - Pipeline complete. Results saved to: experiments/bert-base-uncased/kaggle/prep0_aug1/seed_67351593
2026-02-10 18:41:04,672 - cyberbully - INFO - ============================================================
