2026-03-25 05:31:05,715 - cyberbully - INFO - ============================================================
2026-03-25 05:31:05,715 - cyberbully - INFO - Cyberbullying Detection Pipeline
2026-03-25 05:31:05,715 - cyberbully - INFO - ============================================================
2026-03-25 05:31:05,715 - cyberbully - INFO - Configuration:
2026-03-25 05:31:05,715 - cyberbully - INFO -   model          : xlnet-base-cased
2026-03-25 05:31:05,715 - cyberbully - INFO -   dataset        : kaggle
2026-03-25 05:31:05,715 - cyberbully - INFO -   preprocess     : True
2026-03-25 05:31:05,715 - cyberbully - INFO -   augment        : True
2026-03-25 05:31:05,715 - cyberbully - INFO -   compute_attribution: False
2026-03-25 05:31:05,715 - cyberbully - INFO -   seed           : 37622020
2026-03-25 05:31:05,715 - cyberbully - INFO -   epochs         : 10
2026-03-25 05:31:05,715 - cyberbully - INFO -   batch_size     : 32
2026-03-25 05:31:05,715 - cyberbully - INFO -   lr             : 5e-05
2026-03-25 05:31:05,715 - cyberbully - INFO -   max_length     : 128
2026-03-25 05:31:05,715 - cyberbully - INFO -   output_dir     : grid-search
2026-03-25 05:31:05,715 - cyberbully - INFO -   data_dir       : dataset
2026-03-25 05:31:05,715 - cyberbully - INFO -   sbert          : False
2026-03-25 05:31:05,715 - cyberbully - INFO -   supcon         : False
2026-03-25 05:31:05,715 - cyberbully - INFO -   supcon_weight  : 0.1
2026-03-25 05:31:05,715 - cyberbully - INFO -   proj_dim       : 128
2026-03-25 05:31:05,715 - cyberbully - INFO -   grad_accum_steps: 1
2026-03-25 05:31:05,715 - cyberbully - INFO -   overwrite      : False
2026-03-25 05:31:05,715 - cyberbully - INFO -   device         : cuda
2026-03-25 05:31:05,715 - cyberbully - INFO -   output_dir     : experiments/grid-search/xlnet-base-cased/kaggle/prep1_aug1/seed_37622020
2026-03-25 05:31:05,715 - cyberbully - INFO - ============================================================
2026-03-25 05:31:05,715 - cyberbully - INFO - Step 1: Preparing data...
2026-03-25 05:31:05,763 - cyberbully - INFO - Loaded pre-split data from dataset/kaggle — train: 25604, val: 6401, test: 8002
2026-03-25 05:31:05,763 - cyberbully - INFO - Label mapping: {'age': 0, 'ethnicity': 1, 'gender': 2, 'other_cyberbullying': 3, 'religion': 4}
2026-03-25 05:31:05,763 - cyberbully - INFO - Applying text preprocessing per split...
2026-03-25 05:31:49,916 - cyberbully - INFO - After preprocessing — train: 23562, val: 5975, test: 7403
2026-03-25 05:31:49,918 - cyberbully - INFO - Applying training data augmentation (oversampling)...
2026-03-25 05:31:49,922 - cyberbully - INFO - After oversampling — class distribution: {0: 5070, 1: 5070, 2: 5070, 3: 5070, 4: 5070}
2026-03-25 05:31:49,932 - cyberbully - INFO - Number of classes: 5
2026-03-25 05:31:49,933 - cyberbully - INFO - Step 2: Loading model and tokenizer...
2026-03-25 05:31:49,933 - cyberbully - INFO - Loading model 'xlnet-base-cased' with 5 labels (sbert=False, supcon=False)
2026-03-25 05:31:51,856 - cyberbully - INFO - Step 3: Creating datasets...
2026-03-25 05:31:52,550 - cyberbully - INFO - Dataset sizes — train: 25350, val: 5975, test: 7403
2026-03-25 05:31:52,550 - cyberbully - INFO - Step 4: Training...
2026-03-25 05:31:52,678 - cyberbully - INFO - Starting training...
2026-03-25 05:44:18,161 - cyberbully - INFO - Training complete.
2026-03-25 05:44:18,243 - cyberbully - INFO - Removed checkpoint: experiments/grid-search/xlnet-base-cased/kaggle/prep1_aug1/seed_37622020/checkpoint-6344
2026-03-25 05:44:18,328 - cyberbully - INFO - Removed checkpoint: experiments/grid-search/xlnet-base-cased/kaggle/prep1_aug1/seed_37622020/checkpoint-3172
2026-03-25 05:44:18,411 - cyberbully - INFO - Removed checkpoint: experiments/grid-search/xlnet-base-cased/kaggle/prep1_aug1/seed_37622020/checkpoint-3965
2026-03-25 05:44:18,493 - cyberbully - INFO - Removed checkpoint: experiments/grid-search/xlnet-base-cased/kaggle/prep1_aug1/seed_37622020/checkpoint-7137
2026-03-25 05:44:18,575 - cyberbully - INFO - Removed checkpoint: experiments/grid-search/xlnet-base-cased/kaggle/prep1_aug1/seed_37622020/checkpoint-7930
2026-03-25 05:44:18,658 - cyberbully - INFO - Removed checkpoint: experiments/grid-search/xlnet-base-cased/kaggle/prep1_aug1/seed_37622020/checkpoint-5551
2026-03-25 05:44:18,740 - cyberbully - INFO - Removed checkpoint: experiments/grid-search/xlnet-base-cased/kaggle/prep1_aug1/seed_37622020/checkpoint-4758
2026-03-25 05:44:18,828 - cyberbully - INFO - Removed checkpoint: experiments/grid-search/xlnet-base-cased/kaggle/prep1_aug1/seed_37622020/checkpoint-1586
2026-03-25 05:44:18,915 - cyberbully - INFO - Removed checkpoint: experiments/grid-search/xlnet-base-cased/kaggle/prep1_aug1/seed_37622020/checkpoint-2379
2026-03-25 05:44:19,007 - cyberbully - INFO - Removed checkpoint: experiments/grid-search/xlnet-base-cased/kaggle/prep1_aug1/seed_37622020/checkpoint-793
2026-03-25 05:44:19,007 - cyberbully - INFO - Step 5: Evaluating on test set...
2026-03-25 05:44:30,145 - cyberbully - INFO - Metrics saved to experiments/grid-search/xlnet-base-cased/kaggle/prep1_aug1/seed_37622020/metrics.json
2026-03-25 05:44:30,145 - cyberbully - INFO - Confusion matrix saved to experiments/grid-search/xlnet-base-cased/kaggle/prep1_aug1/seed_37622020/confusion_matrix.json
2026-03-25 05:44:30,217 - cyberbully - INFO - Per-sample predictions saved to experiments/grid-search/xlnet-base-cased/kaggle/prep1_aug1/seed_37622020/predictions.json
2026-03-25 05:44:30,321 - cyberbully - INFO - Confusion matrix figure saved to experiments/grid-search/xlnet-base-cased/kaggle/prep1_aug1/seed_37622020/confusion_matrix.pdf
2026-03-25 05:44:30,321 - cyberbully - INFO - Accuracy: 0.9499
2026-03-25 05:44:30,321 - cyberbully - INFO - Weighted F1: 0.9503
2026-03-25 05:44:30,321 - cyberbully - INFO - Micro F1: 0.9499
2026-03-25 05:44:30,321 - cyberbully - INFO - Inference time: 5.91 seconds
2026-03-25 05:44:30,321 - cyberbully - INFO - Energy consumption: 0.000307 kWh
2026-03-25 05:44:30,323 - cyberbully - INFO - ============================================================
2026-03-25 05:44:30,323 - cyberbully - INFO - Pipeline complete. Results saved to: experiments/grid-search/xlnet-base-cased/kaggle/prep1_aug1/seed_37622020
2026-03-25 05:44:30,323 - cyberbully - INFO - ============================================================
