2026-02-25 19:52:26,001 - cyberbully - INFO - Model 'all-MiniLM-L6-v2' detected as SBERT-based. Using SBERTClassifier pipeline.
2026-02-25 19:52:26,001 - cyberbully - INFO - ============================================================
2026-02-25 19:52:26,001 - cyberbully - INFO - Cyberbullying Detection Pipeline
2026-02-25 19:52:26,001 - cyberbully - INFO - ============================================================
2026-02-25 19:52:26,001 - cyberbully - INFO - Configuration:
2026-02-25 19:52:26,001 - cyberbully - INFO -   model          : all-MiniLM-L6-v2
2026-02-25 19:52:26,001 - cyberbully - INFO -   dataset        : kaggle
2026-02-25 19:52:26,001 - cyberbully - INFO -   preprocess     : False
2026-02-25 19:52:26,001 - cyberbully - INFO -   augment        : False
2026-02-25 19:52:26,001 - cyberbully - INFO -   compute_attribution: False
2026-02-25 19:52:26,001 - cyberbully - INFO -   seed           : 67351593
2026-02-25 19:52:26,001 - cyberbully - INFO -   epochs         : 10
2026-02-25 19:52:26,001 - cyberbully - INFO -   batch_size     : 32
2026-02-25 19:52:26,001 - cyberbully - INFO -   lr             : 5e-05
2026-02-25 19:52:26,001 - cyberbully - INFO -   max_length     : 128
2026-02-25 19:52:26,001 - cyberbully - INFO -   output_dir     : grid-search
2026-02-25 19:52:26,001 - cyberbully - INFO -   data_dir       : dataset
2026-02-25 19:52:26,001 - cyberbully - INFO -   sbert          : True
2026-02-25 19:52:26,001 - cyberbully - INFO -   overwrite      : False
2026-02-25 19:52:26,001 - cyberbully - INFO -   device         : cuda
2026-02-25 19:52:26,001 - cyberbully - INFO -   output_dir     : experiments/grid-search/all-MiniLM-L6-v2/kaggle/prep0_aug0/seed_67351593
2026-02-25 19:52:26,001 - cyberbully - INFO - ============================================================
2026-02-25 19:52:26,001 - cyberbully - INFO - Step 1: Preparing data...
2026-02-25 19:52:26,001 - cyberbully - INFO - Loading dataset 'kaggle' from dataset/Kaggle.csv
2026-02-25 19:52:26,060 - cyberbully - INFO - Loaded 47656 samples with 6 classes: ['age', 'ethnicity', 'gender', 'not_cyberbullying', 'other_cyberbullying', 'religion']
2026-02-25 19:52:26,062 - cyberbully - INFO - Label mapping: {'age': 0, 'ethnicity': 1, 'gender': 2, 'not_cyberbullying': 3, 'other_cyberbullying': 4, 'religion': 5}
2026-02-25 19:52:26,075 - cyberbully - INFO - Split sizes — train: 30499, val: 7625, test: 9532
2026-02-25 19:52:26,075 - cyberbully - INFO - Number of classes: 6
2026-02-25 19:52:26,076 - cyberbully - INFO - Step 2: Loading model and tokenizer...
2026-02-25 19:52:26,076 - cyberbully - INFO - Loading model 'all-MiniLM-L6-v2' with 6 labels (sbert=True)
2026-02-25 19:52:28,640 - cyberbully - INFO - SBERTClassifier: embedding_dim=384, hidden=256, num_labels=6
2026-02-25 19:52:28,939 - cyberbully - INFO - Step 3: Creating datasets...
2026-02-25 19:52:29,927 - cyberbully - INFO - Dataset sizes — train: 30499, val: 7625, test: 9532
2026-02-25 19:52:29,927 - cyberbully - INFO - Step 4: Training...
2026-02-25 19:52:29,972 - cyberbully - INFO - Starting training...
2026-02-25 19:56:22,961 - cyberbully - INFO - Training complete.
2026-02-25 19:56:22,982 - cyberbully - INFO - Removed checkpoint: experiments/grid-search/all-MiniLM-L6-v2/kaggle/prep0_aug0/seed_67351593/checkpoint-954
2026-02-25 19:56:23,003 - cyberbully - INFO - Removed checkpoint: experiments/grid-search/all-MiniLM-L6-v2/kaggle/prep0_aug0/seed_67351593/checkpoint-1908
2026-02-25 19:56:23,023 - cyberbully - INFO - Removed checkpoint: experiments/grid-search/all-MiniLM-L6-v2/kaggle/prep0_aug0/seed_67351593/checkpoint-2862
2026-02-25 19:56:23,037 - cyberbully - INFO - Removed checkpoint: experiments/grid-search/all-MiniLM-L6-v2/kaggle/prep0_aug0/seed_67351593/checkpoint-7632
2026-02-25 19:56:23,053 - cyberbully - INFO - Removed checkpoint: experiments/grid-search/all-MiniLM-L6-v2/kaggle/prep0_aug0/seed_67351593/checkpoint-5724
2026-02-25 19:56:23,068 - cyberbully - INFO - Removed checkpoint: experiments/grid-search/all-MiniLM-L6-v2/kaggle/prep0_aug0/seed_67351593/checkpoint-4770
2026-02-25 19:56:23,085 - cyberbully - INFO - Removed checkpoint: experiments/grid-search/all-MiniLM-L6-v2/kaggle/prep0_aug0/seed_67351593/checkpoint-9540
2026-02-25 19:56:23,100 - cyberbully - INFO - Removed checkpoint: experiments/grid-search/all-MiniLM-L6-v2/kaggle/prep0_aug0/seed_67351593/checkpoint-6678
2026-02-25 19:56:23,117 - cyberbully - INFO - Removed checkpoint: experiments/grid-search/all-MiniLM-L6-v2/kaggle/prep0_aug0/seed_67351593/checkpoint-8586
2026-02-25 19:56:23,134 - cyberbully - INFO - Removed checkpoint: experiments/grid-search/all-MiniLM-L6-v2/kaggle/prep0_aug0/seed_67351593/checkpoint-3816
2026-02-25 19:56:23,134 - cyberbully - INFO - Step 5: Evaluating on test set...
2026-02-25 19:56:30,193 - cyberbully - INFO - Metrics saved to experiments/grid-search/all-MiniLM-L6-v2/kaggle/prep0_aug0/seed_67351593/metrics.json
2026-02-25 19:56:30,193 - cyberbully - INFO - Confusion matrix saved to experiments/grid-search/all-MiniLM-L6-v2/kaggle/prep0_aug0/seed_67351593/confusion_matrix.json
2026-02-25 19:56:30,306 - cyberbully - INFO - Confusion matrix figure saved to experiments/grid-search/all-MiniLM-L6-v2/kaggle/prep0_aug0/seed_67351593/confusion_matrix.pdf
2026-02-25 19:56:30,306 - cyberbully - INFO - Accuracy: 0.8631
2026-02-25 19:56:30,306 - cyberbully - INFO - Weighted F1: 0.8629
2026-02-25 19:56:30,306 - cyberbully - INFO - Micro F1: 0.8631
2026-02-25 19:56:30,306 - cyberbully - INFO - Inference time: 1.85 seconds
2026-02-25 19:56:30,306 - cyberbully - INFO - Energy consumption: 0.000112 kWh
2026-02-25 19:56:30,306 - cyberbully - INFO - ============================================================
2026-02-25 19:56:30,306 - cyberbully - INFO - Pipeline complete. Results saved to: experiments/grid-search/all-MiniLM-L6-v2/kaggle/prep0_aug0/seed_67351593
2026-02-25 19:56:30,306 - cyberbully - INFO - ============================================================
