2026-04-09 09:23:14,196 - cyberbully - INFO - ============================================================
2026-04-09 09:23:14,197 - cyberbully - INFO - Cyberbullying Detection Pipeline
2026-04-09 09:23:14,197 - cyberbully - INFO - ============================================================
2026-04-09 09:23:14,197 - cyberbully - INFO - Configuration:
2026-04-09 09:23:14,197 - cyberbully - INFO -   model          : answerdotai/ModernBERT-base
2026-04-09 09:23:14,197 - cyberbully - INFO -   dataset        : tweeteval
2026-04-09 09:23:14,197 - cyberbully - INFO -   preprocess     : True
2026-04-09 09:23:14,197 - cyberbully - INFO -   augment        : True
2026-04-09 09:23:14,197 - cyberbully - INFO -   compute_attribution: False
2026-04-09 09:23:14,197 - cyberbully - INFO -   seed           : 87212562
2026-04-09 09:23:14,197 - cyberbully - INFO -   epochs         : 10
2026-04-09 09:23:14,197 - cyberbully - INFO -   batch_size     : 32
2026-04-09 09:23:14,197 - cyberbully - INFO -   lr             : 5e-05
2026-04-09 09:23:14,197 - cyberbully - INFO -   max_length     : 128
2026-04-09 09:23:14,197 - cyberbully - INFO -   output_dir     : grid-search
2026-04-09 09:23:14,197 - cyberbully - INFO -   data_dir       : dataset
2026-04-09 09:23:14,197 - cyberbully - INFO -   sbert          : False
2026-04-09 09:23:14,197 - cyberbully - INFO -   supcon         : False
2026-04-09 09:23:14,197 - cyberbully - INFO -   supcon_weight  : 0.1
2026-04-09 09:23:14,197 - cyberbully - INFO -   proj_dim       : 128
2026-04-09 09:23:14,197 - cyberbully - INFO -   grad_accum_steps: 1
2026-04-09 09:23:14,197 - cyberbully - INFO -   overwrite      : False
2026-04-09 09:23:14,197 - cyberbully - INFO -   device         : cuda
2026-04-09 09:23:14,197 - cyberbully - INFO -   output_dir     : experiments/grid-search/answerdotai_ModernBERT-base/tweeteval/prep1_aug1/seed_87212562
2026-04-09 09:23:14,197 - cyberbully - INFO - ============================================================
2026-04-09 09:23:14,197 - cyberbully - INFO - Step 1: Preparing data...
2026-04-09 09:23:14,244 - cyberbully - INFO - Loaded pre-split data from dataset/tweeteval — train: 32485, val: 8122, test: 10152
2026-04-09 09:23:14,244 - cyberbully - INFO - Label mapping: {'emotion': 0, 'hate': 1, 'offensive': 2, 'religion': 3, 'spiritual': 4}
2026-04-09 09:23:14,244 - cyberbully - INFO - Applying text preprocessing per split...
2026-04-09 09:24:14,077 - cyberbully - INFO - After preprocessing — train: 30365, val: 7612, test: 9464
2026-04-09 09:24:14,079 - cyberbully - INFO - Applying training data augmentation (oversampling)...
2026-04-09 09:24:14,085 - cyberbully - INFO - After oversampling — class distribution: {0: 7764, 1: 7764, 2: 7764, 3: 7764, 4: 7764}
2026-04-09 09:24:14,093 - cyberbully - INFO - Number of classes: 5
2026-04-09 09:24:14,094 - cyberbully - INFO - Step 2: Loading model and tokenizer...
2026-04-09 09:24:14,094 - cyberbully - INFO - Loading model 'answerdotai/ModernBERT-base' with 5 labels (sbert=False, supcon=False)
2026-04-09 09:24:15,768 - cyberbully - INFO - Step 3: Creating datasets...
2026-04-09 09:24:16,912 - cyberbully - INFO - Dataset sizes — train: 38820, val: 7612, test: 9464
2026-04-09 09:24:16,913 - cyberbully - INFO - Step 4: Training...
2026-04-09 09:24:17,151 - cyberbully - INFO - Starting training...
2026-04-09 09:48:26,004 - cyberbully - INFO - Training complete.
2026-04-09 09:48:26,087 - cyberbully - INFO - Removed checkpoint: experiments/grid-search/answerdotai_ModernBERT-base/tweeteval/prep1_aug1/seed_87212562/checkpoint-2428
2026-04-09 09:48:26,169 - cyberbully - INFO - Removed checkpoint: experiments/grid-search/answerdotai_ModernBERT-base/tweeteval/prep1_aug1/seed_87212562/checkpoint-6070
2026-04-09 09:48:26,251 - cyberbully - INFO - Removed checkpoint: experiments/grid-search/answerdotai_ModernBERT-base/tweeteval/prep1_aug1/seed_87212562/checkpoint-7284
2026-04-09 09:48:26,334 - cyberbully - INFO - Removed checkpoint: experiments/grid-search/answerdotai_ModernBERT-base/tweeteval/prep1_aug1/seed_87212562/checkpoint-9712
2026-04-09 09:48:26,421 - cyberbully - INFO - Removed checkpoint: experiments/grid-search/answerdotai_ModernBERT-base/tweeteval/prep1_aug1/seed_87212562/checkpoint-1214
2026-04-09 09:48:26,504 - cyberbully - INFO - Removed checkpoint: experiments/grid-search/answerdotai_ModernBERT-base/tweeteval/prep1_aug1/seed_87212562/checkpoint-4856
2026-04-09 09:48:26,587 - cyberbully - INFO - Removed checkpoint: experiments/grid-search/answerdotai_ModernBERT-base/tweeteval/prep1_aug1/seed_87212562/checkpoint-3642
2026-04-09 09:48:26,670 - cyberbully - INFO - Removed checkpoint: experiments/grid-search/answerdotai_ModernBERT-base/tweeteval/prep1_aug1/seed_87212562/checkpoint-10926
2026-04-09 09:48:26,753 - cyberbully - INFO - Removed checkpoint: experiments/grid-search/answerdotai_ModernBERT-base/tweeteval/prep1_aug1/seed_87212562/checkpoint-8498
2026-04-09 09:48:26,851 - cyberbully - INFO - Removed checkpoint: experiments/grid-search/answerdotai_ModernBERT-base/tweeteval/prep1_aug1/seed_87212562/checkpoint-12140
2026-04-09 09:48:26,851 - cyberbully - INFO - Step 5: Evaluating on test set...
2026-04-09 09:48:40,821 - cyberbully - INFO - Metrics saved to experiments/grid-search/answerdotai_ModernBERT-base/tweeteval/prep1_aug1/seed_87212562/metrics.json
2026-04-09 09:48:40,821 - cyberbully - INFO - Confusion matrix saved to experiments/grid-search/answerdotai_ModernBERT-base/tweeteval/prep1_aug1/seed_87212562/confusion_matrix.json
2026-04-09 09:48:40,911 - cyberbully - INFO - Per-sample predictions saved to experiments/grid-search/answerdotai_ModernBERT-base/tweeteval/prep1_aug1/seed_87212562/predictions.json
2026-04-09 09:48:41,013 - cyberbully - INFO - Confusion matrix figure saved to experiments/grid-search/answerdotai_ModernBERT-base/tweeteval/prep1_aug1/seed_87212562/confusion_matrix.pdf
2026-04-09 09:48:41,013 - cyberbully - INFO - Accuracy: 0.9413
2026-04-09 09:48:41,013 - cyberbully - INFO - Weighted F1: 0.9412
2026-04-09 09:48:41,014 - cyberbully - INFO - Micro F1: 0.9413
2026-04-09 09:48:41,014 - cyberbully - INFO - Inference time: 9.30 seconds
2026-04-09 09:48:41,014 - cyberbully - INFO - Energy consumption: 0.000579 kWh
2026-04-09 09:48:41,016 - cyberbully - INFO - ============================================================
2026-04-09 09:48:41,016 - cyberbully - INFO - Pipeline complete. Results saved to: experiments/grid-search/answerdotai_ModernBERT-base/tweeteval/prep1_aug1/seed_87212562
2026-04-09 09:48:41,016 - cyberbully - INFO - ============================================================
