2026-04-17 03:19:40,178 - cyberbully - INFO - Model 'all-MiniLM-L12-v2' detected as SBERT-based. Using SBERTClassifier pipeline.
2026-04-17 03:19:40,178 - cyberbully - INFO - ============================================================
2026-04-17 03:19:40,178 - cyberbully - INFO - Cyberbullying Detection Pipeline
2026-04-17 03:19:40,178 - cyberbully - INFO - ============================================================
2026-04-17 03:19:40,178 - cyberbully - INFO - Configuration:
2026-04-17 03:19:40,178 - cyberbully - INFO -   model          : all-MiniLM-L12-v2
2026-04-17 03:19:40,178 - cyberbully - INFO -   dataset        : tweeteval
2026-04-17 03:19:40,178 - cyberbully - INFO -   preprocess     : False
2026-04-17 03:19:40,178 - cyberbully - INFO -   augment        : True
2026-04-17 03:19:40,178 - cyberbully - INFO -   compute_attribution: False
2026-04-17 03:19:40,178 - cyberbully - INFO -   seed           : 87212562
2026-04-17 03:19:40,178 - cyberbully - INFO -   epochs         : 10
2026-04-17 03:19:40,178 - cyberbully - INFO -   batch_size     : 32
2026-04-17 03:19:40,178 - cyberbully - INFO -   lr             : 5e-05
2026-04-17 03:19:40,178 - cyberbully - INFO -   max_length     : 128
2026-04-17 03:19:40,178 - cyberbully - INFO -   output_dir     : grid-search
2026-04-17 03:19:40,178 - cyberbully - INFO -   data_dir       : dataset
2026-04-17 03:19:40,178 - cyberbully - INFO -   sbert          : True
2026-04-17 03:19:40,178 - cyberbully - INFO -   supcon         : False
2026-04-17 03:19:40,178 - cyberbully - INFO -   supcon_weight  : 0.1
2026-04-17 03:19:40,178 - cyberbully - INFO -   proj_dim       : 128
2026-04-17 03:19:40,178 - cyberbully - INFO -   grad_accum_steps: 1
2026-04-17 03:19:40,178 - cyberbully - INFO -   overwrite      : True
2026-04-17 03:19:40,178 - cyberbully - INFO -   device         : cuda
2026-04-17 03:19:40,178 - cyberbully - INFO -   output_dir     : experiments/grid-search/all-MiniLM-L12-v2/tweeteval/prep0_aug1/seed_87212562
2026-04-17 03:19:40,178 - cyberbully - INFO - ============================================================
2026-04-17 03:19:40,178 - cyberbully - INFO - Step 1: Preparing data...
2026-04-17 03:19:40,225 - cyberbully - INFO - Loaded pre-split data from dataset/tweeteval — train: 32485, val: 8122, test: 10152
2026-04-17 03:19:40,225 - cyberbully - INFO - Label mapping: {'emotion': 0, 'hate': 1, 'offensive': 2, 'religion': 3, 'spiritual': 4}
2026-04-17 03:19:40,227 - cyberbully - INFO - Applying training data augmentation (oversampling)...
2026-04-17 03:19:40,234 - cyberbully - INFO - After oversampling — class distribution: {0: 8985, 1: 8985, 2: 8985, 3: 8985, 4: 8985}
2026-04-17 03:19:40,242 - cyberbully - INFO - Number of classes: 5
2026-04-17 03:19:40,244 - cyberbully - INFO - Step 2: Loading model and tokenizer...
2026-04-17 03:19:40,244 - cyberbully - INFO - Loading model 'all-MiniLM-L12-v2' with 5 labels (sbert=True, supcon=False)
2026-04-17 03:19:44,336 - cyberbully - INFO - SBERTClassifier: embedding_dim=384, hidden=256, proj_dim=None, num_labels=5
2026-04-17 03:19:44,897 - cyberbully - INFO - Step 3: Creating datasets...
2026-04-17 03:19:46,086 - cyberbully - INFO - Dataset sizes — train: 44925, val: 8122, test: 10152
2026-04-17 03:19:46,086 - cyberbully - INFO - Step 4: Training...
2026-04-17 03:19:46,129 - cyberbully - INFO - Starting training...
2026-04-17 03:27:27,179 - cyberbully - INFO - Training complete.
2026-04-17 03:27:27,201 - cyberbully - INFO - Removed checkpoint: experiments/grid-search/all-MiniLM-L12-v2/tweeteval/prep0_aug1/seed_87212562/checkpoint-14040
2026-04-17 03:27:27,221 - cyberbully - INFO - Removed checkpoint: experiments/grid-search/all-MiniLM-L12-v2/tweeteval/prep0_aug1/seed_87212562/checkpoint-2808
2026-04-17 03:27:27,241 - cyberbully - INFO - Removed checkpoint: experiments/grid-search/all-MiniLM-L12-v2/tweeteval/prep0_aug1/seed_87212562/checkpoint-5616
2026-04-17 03:27:27,261 - cyberbully - INFO - Removed checkpoint: experiments/grid-search/all-MiniLM-L12-v2/tweeteval/prep0_aug1/seed_87212562/checkpoint-7020
2026-04-17 03:27:27,281 - cyberbully - INFO - Removed checkpoint: experiments/grid-search/all-MiniLM-L12-v2/tweeteval/prep0_aug1/seed_87212562/checkpoint-4212
2026-04-17 03:27:27,300 - cyberbully - INFO - Removed checkpoint: experiments/grid-search/all-MiniLM-L12-v2/tweeteval/prep0_aug1/seed_87212562/checkpoint-12636
2026-04-17 03:27:27,320 - cyberbully - INFO - Removed checkpoint: experiments/grid-search/all-MiniLM-L12-v2/tweeteval/prep0_aug1/seed_87212562/checkpoint-1404
2026-04-17 03:27:27,340 - cyberbully - INFO - Removed checkpoint: experiments/grid-search/all-MiniLM-L12-v2/tweeteval/prep0_aug1/seed_87212562/checkpoint-8424
2026-04-17 03:27:27,360 - cyberbully - INFO - Removed checkpoint: experiments/grid-search/all-MiniLM-L12-v2/tweeteval/prep0_aug1/seed_87212562/checkpoint-11232
2026-04-17 03:27:27,379 - cyberbully - INFO - Removed checkpoint: experiments/grid-search/all-MiniLM-L12-v2/tweeteval/prep0_aug1/seed_87212562/checkpoint-9828
2026-04-17 03:27:27,379 - cyberbully - INFO - Step 5: Evaluating on test set...
2026-04-17 03:27:34,463 - cyberbully - INFO - Metrics saved to experiments/grid-search/all-MiniLM-L12-v2/tweeteval/prep0_aug1/seed_87212562/metrics.json
2026-04-17 03:27:34,463 - cyberbully - INFO - Confusion matrix saved to experiments/grid-search/all-MiniLM-L12-v2/tweeteval/prep0_aug1/seed_87212562/confusion_matrix.json
2026-04-17 03:27:34,568 - cyberbully - INFO - Per-sample predictions saved to experiments/grid-search/all-MiniLM-L12-v2/tweeteval/prep0_aug1/seed_87212562/predictions.json
2026-04-17 03:27:34,671 - cyberbully - INFO - Confusion matrix figure saved to experiments/grid-search/all-MiniLM-L12-v2/tweeteval/prep0_aug1/seed_87212562/confusion_matrix.pdf
2026-04-17 03:27:34,671 - cyberbully - INFO - Accuracy: 0.9693
2026-04-17 03:27:34,671 - cyberbully - INFO - Weighted F1: 0.9691
2026-04-17 03:27:34,671 - cyberbully - INFO - Micro F1: 0.9693
2026-04-17 03:27:34,671 - cyberbully - INFO - Inference time: 2.42 seconds
2026-04-17 03:27:34,671 - cyberbully - INFO - Energy consumption: 0.000166 kWh
2026-04-17 03:27:34,673 - cyberbully - INFO - ============================================================
2026-04-17 03:27:34,673 - cyberbully - INFO - Pipeline complete. Results saved to: experiments/grid-search/all-MiniLM-L12-v2/tweeteval/prep0_aug1/seed_87212562
2026-04-17 03:27:34,674 - cyberbully - INFO - ============================================================
