2026-05-19 22:33:49,811 - cyberbully - INFO - ============================================================
2026-05-19 22:33:49,811 - cyberbully - INFO - Cyberbullying Detection Pipeline
2026-05-19 22:33:49,811 - cyberbully - INFO - ============================================================
2026-05-19 22:33:49,811 - cyberbully - INFO - Configuration:
2026-05-19 22:33:49,811 - cyberbully - INFO -   model          : bert-base-cased
2026-05-19 22:33:49,811 - cyberbully - INFO -   dataset        : kaggle
2026-05-19 22:33:49,811 - cyberbully - INFO -   preprocess     : True
2026-05-19 22:33:49,811 - cyberbully - INFO -   augment        : False
2026-05-19 22:33:49,811 - cyberbully - INFO -   compute_attribution: False
2026-05-19 22:33:49,811 - cyberbully - INFO -   seed           : 43782163
2026-05-19 22:33:49,811 - cyberbully - INFO -   epochs         : 10
2026-05-19 22:33:49,811 - cyberbully - INFO -   batch_size     : 32
2026-05-19 22:33:49,811 - cyberbully - INFO -   lr             : 5e-05
2026-05-19 22:33:49,811 - cyberbully - INFO -   max_length     : 128
2026-05-19 22:33:49,811 - cyberbully - INFO -   output_dir     : grid-search
2026-05-19 22:33:49,811 - cyberbully - INFO -   data_dir       : dataset
2026-05-19 22:33:49,811 - cyberbully - INFO -   sbert          : False
2026-05-19 22:33:49,811 - cyberbully - INFO -   supcon         : False
2026-05-19 22:33:49,811 - cyberbully - INFO -   supcon_weight  : 0.1
2026-05-19 22:33:49,811 - cyberbully - INFO -   proj_dim       : 128
2026-05-19 22:33:49,811 - cyberbully - INFO -   grad_accum_steps: 1
2026-05-19 22:33:49,811 - cyberbully - INFO -   overwrite      : True
2026-05-19 22:33:49,811 - cyberbully - INFO -   device         : cuda
2026-05-19 22:33:49,811 - cyberbully - INFO -   output_dir     : experiments/grid-search/bert-base-cased/kaggle/prep1_aug0/seed_43782163
2026-05-19 22:33:49,811 - cyberbully - INFO - ============================================================
2026-05-19 22:33:49,811 - cyberbully - INFO - Step 1: Preparing data...
2026-05-19 22:33:49,867 - cyberbully - INFO - Loaded pre-split data from dataset/kaggle — train: 25604, val: 6401, test: 8002
2026-05-19 22:33:49,867 - cyberbully - INFO - Label mapping: {'age': 0, 'ethnicity': 1, 'gender': 2, 'other_cyberbullying': 3, 'religion': 4}
2026-05-19 22:33:49,868 - cyberbully - INFO - Applying text preprocessing per split...
2026-05-19 22:33:54,280 - cyberbully - INFO - After preprocessing -- train: 25604, val: 6401, test: 8002
2026-05-19 22:33:54,284 - cyberbully - INFO - Number of classes: 5
2026-05-19 22:33:54,285 - cyberbully - INFO - Step 2: Loading model and tokenizer...
2026-05-19 22:33:54,285 - cyberbully - INFO - Loading model 'bert-base-cased' with 5 labels (sbert=False, supcon=False)
2026-05-19 22:33:55,045 - cyberbully - INFO - Step 3: Creating datasets...
2026-05-19 22:33:55,772 - cyberbully - INFO - Dataset sizes — train: 25604, val: 6401, test: 8002
2026-05-19 22:33:55,772 - cyberbully - INFO - Step 4: Training...
2026-05-19 22:33:55,928 - cyberbully - INFO - Starting training...
2026-05-19 22:43:23,569 - cyberbully - INFO - Training complete.
2026-05-19 22:43:23,651 - cyberbully - INFO - Removed checkpoint: experiments/grid-search/bert-base-cased/kaggle/prep1_aug0/seed_43782163/checkpoint-4806
2026-05-19 22:43:23,733 - cyberbully - INFO - Removed checkpoint: experiments/grid-search/bert-base-cased/kaggle/prep1_aug0/seed_43782163/checkpoint-7209
2026-05-19 22:43:23,814 - cyberbully - INFO - Removed checkpoint: experiments/grid-search/bert-base-cased/kaggle/prep1_aug0/seed_43782163/checkpoint-6408
2026-05-19 22:43:23,896 - cyberbully - INFO - Removed checkpoint: experiments/grid-search/bert-base-cased/kaggle/prep1_aug0/seed_43782163/checkpoint-5607
2026-05-19 22:43:23,995 - cyberbully - INFO - Removed checkpoint: experiments/grid-search/bert-base-cased/kaggle/prep1_aug0/seed_43782163/checkpoint-8010
2026-05-19 22:43:24,078 - cyberbully - INFO - Removed checkpoint: experiments/grid-search/bert-base-cased/kaggle/prep1_aug0/seed_43782163/checkpoint-3204
2026-05-19 22:43:24,163 - cyberbully - INFO - Removed checkpoint: experiments/grid-search/bert-base-cased/kaggle/prep1_aug0/seed_43782163/checkpoint-1602
2026-05-19 22:43:24,251 - cyberbully - INFO - Removed checkpoint: experiments/grid-search/bert-base-cased/kaggle/prep1_aug0/seed_43782163/checkpoint-801
2026-05-19 22:43:24,335 - cyberbully - INFO - Removed checkpoint: experiments/grid-search/bert-base-cased/kaggle/prep1_aug0/seed_43782163/checkpoint-2403
2026-05-19 22:43:24,422 - cyberbully - INFO - Removed checkpoint: experiments/grid-search/bert-base-cased/kaggle/prep1_aug0/seed_43782163/checkpoint-4005
2026-05-19 22:43:24,422 - cyberbully - INFO - Step 5: Evaluating on test set...
2026-05-19 22:43:33,930 - cyberbully - INFO - Metrics saved to experiments/grid-search/bert-base-cased/kaggle/prep1_aug0/seed_43782163/metrics.json
2026-05-19 22:43:33,930 - cyberbully - INFO - Confusion matrix saved to experiments/grid-search/bert-base-cased/kaggle/prep1_aug0/seed_43782163/confusion_matrix.json
2026-05-19 22:43:34,017 - cyberbully - INFO - Per-sample predictions saved to experiments/grid-search/bert-base-cased/kaggle/prep1_aug0/seed_43782163/predictions.json
2026-05-19 22:43:34,136 - cyberbully - INFO - Confusion matrix figure saved to experiments/grid-search/bert-base-cased/kaggle/prep1_aug0/seed_43782163/confusion_matrix.pdf
2026-05-19 22:43:34,136 - cyberbully - INFO - Accuracy: 0.9468
2026-05-19 22:43:34,136 - cyberbully - INFO - Weighted F1: 0.9472
2026-05-19 22:43:34,136 - cyberbully - INFO - Micro F1: 0.9468
2026-05-19 22:43:34,136 - cyberbully - INFO - Inference time: 3.48 seconds
2026-05-19 22:43:34,136 - cyberbully - INFO - Energy consumption: 0.000211 kWh
2026-05-19 22:43:34,137 - cyberbully - INFO - ============================================================
2026-05-19 22:43:34,138 - cyberbully - INFO - Pipeline complete. Results saved to: experiments/grid-search/bert-base-cased/kaggle/prep1_aug0/seed_43782163
2026-05-19 22:43:34,138 - cyberbully - INFO - ============================================================
