2026-03-21 10:26:53,839 - cyberbully - INFO - ============================================================
2026-03-21 10:26:53,839 - cyberbully - INFO - Cyberbullying Detection Pipeline
2026-03-21 10:26:53,839 - cyberbully - INFO - ============================================================
2026-03-21 10:26:53,839 - cyberbully - INFO - Configuration:
2026-03-21 10:26:53,839 - cyberbully - INFO -   model          : albert/albert-base-v2
2026-03-21 10:26:53,839 - cyberbully - INFO -   dataset        : ieee
2026-03-21 10:26:53,839 - cyberbully - INFO -   preprocess     : False
2026-03-21 10:26:53,839 - cyberbully - INFO -   augment        : False
2026-03-21 10:26:53,839 - cyberbully - INFO -   compute_attribution: False
2026-03-21 10:26:53,839 - cyberbully - INFO -   seed           : 14298463
2026-03-21 10:26:53,839 - cyberbully - INFO -   epochs         : 10
2026-03-21 10:26:53,839 - cyberbully - INFO -   batch_size     : 32
2026-03-21 10:26:53,839 - cyberbully - INFO -   lr             : 5e-05
2026-03-21 10:26:53,839 - cyberbully - INFO -   max_length     : 128
2026-03-21 10:26:53,839 - cyberbully - INFO -   output_dir     : grid-search
2026-03-21 10:26:53,839 - cyberbully - INFO -   data_dir       : dataset
2026-03-21 10:26:53,839 - cyberbully - INFO -   sbert          : False
2026-03-21 10:26:53,839 - cyberbully - INFO -   supcon         : False
2026-03-21 10:26:53,839 - cyberbully - INFO -   supcon_weight  : 0.1
2026-03-21 10:26:53,839 - cyberbully - INFO -   proj_dim       : 128
2026-03-21 10:26:53,839 - cyberbully - INFO -   grad_accum_steps: 1
2026-03-21 10:26:53,839 - cyberbully - INFO -   overwrite      : False
2026-03-21 10:26:53,839 - cyberbully - INFO -   device         : cuda
2026-03-21 10:26:53,839 - cyberbully - INFO -   output_dir     : experiments/grid-search/albert_albert-base-v2/ieee/prep0_aug0/seed_14298463
2026-03-21 10:26:53,839 - cyberbully - INFO - ============================================================
2026-03-21 10:26:53,839 - cyberbully - INFO - Step 1: Preparing data...
2026-03-21 10:26:53,842 - cyberbully - INFO - Loaded pre-split data from dataset/ieee — train: 1348, val: 338, test: 422
2026-03-21 10:26:53,843 - cyberbully - INFO - Label mapping: {'Cyberstalking': 0, 'Doxing': 1, 'Revenge Porn': 2, 'Sexual Harassment': 3, 'Slut Shaming': 4}
2026-03-21 10:26:53,844 - cyberbully - INFO - Number of classes: 5
2026-03-21 10:26:53,845 - cyberbully - INFO - Step 2: Loading model and tokenizer...
2026-03-21 10:26:53,845 - cyberbully - INFO - Loading model 'albert/albert-base-v2' with 5 labels (sbert=False, supcon=False)
2026-03-21 10:26:55,120 - cyberbully - INFO - Step 3: Creating datasets...
2026-03-21 10:26:55,148 - cyberbully - INFO - Dataset sizes — train: 1348, val: 338, test: 422
2026-03-21 10:26:55,148 - cyberbully - INFO - Step 4: Training...
2026-03-21 10:26:55,273 - cyberbully - INFO - Starting training...
2026-03-21 10:27:35,710 - cyberbully - INFO - Training complete.
2026-03-21 10:27:35,721 - cyberbully - INFO - Removed checkpoint: experiments/grid-search/albert_albert-base-v2/ieee/prep0_aug0/seed_14298463/checkpoint-215
2026-03-21 10:27:35,733 - cyberbully - INFO - Removed checkpoint: experiments/grid-search/albert_albert-base-v2/ieee/prep0_aug0/seed_14298463/checkpoint-387
2026-03-21 10:27:35,744 - cyberbully - INFO - Removed checkpoint: experiments/grid-search/albert_albert-base-v2/ieee/prep0_aug0/seed_14298463/checkpoint-86
2026-03-21 10:27:35,755 - cyberbully - INFO - Removed checkpoint: experiments/grid-search/albert_albert-base-v2/ieee/prep0_aug0/seed_14298463/checkpoint-129
2026-03-21 10:27:35,767 - cyberbully - INFO - Removed checkpoint: experiments/grid-search/albert_albert-base-v2/ieee/prep0_aug0/seed_14298463/checkpoint-344
2026-03-21 10:27:35,778 - cyberbully - INFO - Removed checkpoint: experiments/grid-search/albert_albert-base-v2/ieee/prep0_aug0/seed_14298463/checkpoint-258
2026-03-21 10:27:35,789 - cyberbully - INFO - Removed checkpoint: experiments/grid-search/albert_albert-base-v2/ieee/prep0_aug0/seed_14298463/checkpoint-43
2026-03-21 10:27:35,800 - cyberbully - INFO - Removed checkpoint: experiments/grid-search/albert_albert-base-v2/ieee/prep0_aug0/seed_14298463/checkpoint-301
2026-03-21 10:27:35,813 - cyberbully - INFO - Removed checkpoint: experiments/grid-search/albert_albert-base-v2/ieee/prep0_aug0/seed_14298463/checkpoint-172
2026-03-21 10:27:35,822 - cyberbully - INFO - Removed checkpoint: experiments/grid-search/albert_albert-base-v2/ieee/prep0_aug0/seed_14298463/checkpoint-430
2026-03-21 10:27:35,822 - cyberbully - INFO - Step 5: Evaluating on test set...
2026-03-21 10:27:41,389 - cyberbully - INFO - Metrics saved to experiments/grid-search/albert_albert-base-v2/ieee/prep0_aug0/seed_14298463/metrics.json
2026-03-21 10:27:41,389 - cyberbully - INFO - Confusion matrix saved to experiments/grid-search/albert_albert-base-v2/ieee/prep0_aug0/seed_14298463/confusion_matrix.json
2026-03-21 10:27:41,393 - cyberbully - INFO - Per-sample predictions saved to experiments/grid-search/albert_albert-base-v2/ieee/prep0_aug0/seed_14298463/predictions.json
2026-03-21 10:27:41,501 - cyberbully - INFO - Confusion matrix figure saved to experiments/grid-search/albert_albert-base-v2/ieee/prep0_aug0/seed_14298463/confusion_matrix.pdf
2026-03-21 10:27:41,502 - cyberbully - INFO - Accuracy: 0.8365
2026-03-21 10:27:41,502 - cyberbully - INFO - Weighted F1: 0.8373
2026-03-21 10:27:41,502 - cyberbully - INFO - Micro F1: 0.8365
2026-03-21 10:27:41,502 - cyberbully - INFO - Inference time: 0.38 seconds
2026-03-21 10:27:41,502 - cyberbully - INFO - Energy consumption: 0.000024 kWh
2026-03-21 10:27:41,502 - cyberbully - INFO - ============================================================
2026-03-21 10:27:41,502 - cyberbully - INFO - Pipeline complete. Results saved to: experiments/grid-search/albert_albert-base-v2/ieee/prep0_aug0/seed_14298463
2026-03-21 10:27:41,502 - cyberbully - INFO - ============================================================
