2026-03-23 15:58:33,509 - cyberbully - INFO - Model 'all-distilroberta-v1' detected as SBERT-based. Using SBERTClassifier pipeline.
2026-03-23 15:58:33,509 - cyberbully - INFO - ============================================================
2026-03-23 15:58:33,509 - cyberbully - INFO - Cyberbullying Detection Pipeline
2026-03-23 15:58:33,509 - cyberbully - INFO - ============================================================
2026-03-23 15:58:33,509 - cyberbully - INFO - Configuration:
2026-03-23 15:58:33,509 - cyberbully - INFO -   model          : all-distilroberta-v1
2026-03-23 15:58:33,509 - cyberbully - INFO -   dataset        : kaggle
2026-03-23 15:58:33,509 - cyberbully - INFO -   preprocess     : True
2026-03-23 15:58:33,509 - cyberbully - INFO -   augment        : False
2026-03-23 15:58:33,509 - cyberbully - INFO -   compute_attribution: False
2026-03-23 15:58:33,509 - cyberbully - INFO -   seed           : 70681460
2026-03-23 15:58:33,509 - cyberbully - INFO -   epochs         : 10
2026-03-23 15:58:33,509 - cyberbully - INFO -   batch_size     : 32
2026-03-23 15:58:33,509 - cyberbully - INFO -   lr             : 5e-05
2026-03-23 15:58:33,509 - cyberbully - INFO -   max_length     : 128
2026-03-23 15:58:33,509 - cyberbully - INFO -   output_dir     : grid-search
2026-03-23 15:58:33,509 - cyberbully - INFO -   data_dir       : dataset
2026-03-23 15:58:33,509 - cyberbully - INFO -   sbert          : True
2026-03-23 15:58:33,509 - cyberbully - INFO -   supcon         : False
2026-03-23 15:58:33,509 - cyberbully - INFO -   supcon_weight  : 0.1
2026-03-23 15:58:33,509 - cyberbully - INFO -   proj_dim       : 128
2026-03-23 15:58:33,509 - cyberbully - INFO -   grad_accum_steps: 1
2026-03-23 15:58:33,509 - cyberbully - INFO -   overwrite      : False
2026-03-23 15:58:33,509 - cyberbully - INFO -   device         : cuda
2026-03-23 15:58:33,509 - cyberbully - INFO -   output_dir     : experiments/grid-search/all-distilroberta-v1/kaggle/prep1_aug0/seed_70681460
2026-03-23 15:58:33,509 - cyberbully - INFO - ============================================================
2026-03-23 15:58:33,509 - cyberbully - INFO - Step 1: Preparing data...
2026-03-23 15:58:33,558 - cyberbully - INFO - Loaded pre-split data from dataset/kaggle — train: 25604, val: 6401, test: 8002
2026-03-23 15:58:33,558 - cyberbully - INFO - Label mapping: {'age': 0, 'ethnicity': 1, 'gender': 2, 'other_cyberbullying': 3, 'religion': 4}
2026-03-23 15:58:33,558 - cyberbully - INFO - Applying text preprocessing per split...
2026-03-23 15:59:16,589 - cyberbully - INFO - After preprocessing — train: 23568, val: 5984, test: 7419
2026-03-23 15:59:16,600 - cyberbully - INFO - Number of classes: 5
2026-03-23 15:59:16,601 - cyberbully - INFO - Step 2: Loading model and tokenizer...
2026-03-23 15:59:16,602 - cyberbully - INFO - Loading model 'all-distilroberta-v1' with 5 labels (sbert=True, supcon=False)
2026-03-23 15:59:19,336 - cyberbully - INFO - SBERTClassifier: embedding_dim=768, hidden=256, proj_dim=None, num_labels=5
2026-03-23 15:59:19,666 - cyberbully - INFO - Step 3: Creating datasets...
2026-03-23 15:59:20,172 - cyberbully - INFO - Dataset sizes — train: 23568, val: 5984, test: 7419
2026-03-23 15:59:20,172 - cyberbully - INFO - Step 4: Training...
2026-03-23 15:59:20,215 - cyberbully - INFO - Starting training...
2026-03-23 16:05:43,012 - cyberbully - INFO - Training complete.
2026-03-23 16:05:43,061 - cyberbully - INFO - Removed checkpoint: experiments/grid-search/all-distilroberta-v1/kaggle/prep1_aug0/seed_70681460/checkpoint-1474
2026-03-23 16:05:43,109 - cyberbully - INFO - Removed checkpoint: experiments/grid-search/all-distilroberta-v1/kaggle/prep1_aug0/seed_70681460/checkpoint-2211
2026-03-23 16:05:44,054 - cyberbully - INFO - Removed checkpoint: experiments/grid-search/all-distilroberta-v1/kaggle/prep1_aug0/seed_70681460/checkpoint-6633
2026-03-23 16:05:44,113 - cyberbully - INFO - Removed checkpoint: experiments/grid-search/all-distilroberta-v1/kaggle/prep1_aug0/seed_70681460/checkpoint-4422
2026-03-23 16:05:44,161 - cyberbully - INFO - Removed checkpoint: experiments/grid-search/all-distilroberta-v1/kaggle/prep1_aug0/seed_70681460/checkpoint-5896
2026-03-23 16:05:44,216 - cyberbully - INFO - Removed checkpoint: experiments/grid-search/all-distilroberta-v1/kaggle/prep1_aug0/seed_70681460/checkpoint-7370
2026-03-23 16:05:44,264 - cyberbully - INFO - Removed checkpoint: experiments/grid-search/all-distilroberta-v1/kaggle/prep1_aug0/seed_70681460/checkpoint-2948
2026-03-23 16:05:44,311 - cyberbully - INFO - Removed checkpoint: experiments/grid-search/all-distilroberta-v1/kaggle/prep1_aug0/seed_70681460/checkpoint-5159
2026-03-23 16:05:44,362 - cyberbully - INFO - Removed checkpoint: experiments/grid-search/all-distilroberta-v1/kaggle/prep1_aug0/seed_70681460/checkpoint-737
2026-03-23 16:05:44,410 - cyberbully - INFO - Removed checkpoint: experiments/grid-search/all-distilroberta-v1/kaggle/prep1_aug0/seed_70681460/checkpoint-3685
2026-03-23 16:05:44,410 - cyberbully - INFO - Step 5: Evaluating on test set...
2026-03-23 16:05:51,524 - cyberbully - INFO - Metrics saved to experiments/grid-search/all-distilroberta-v1/kaggle/prep1_aug0/seed_70681460/metrics.json
2026-03-23 16:05:51,524 - cyberbully - INFO - Confusion matrix saved to experiments/grid-search/all-distilroberta-v1/kaggle/prep1_aug0/seed_70681460/confusion_matrix.json
2026-03-23 16:05:51,594 - cyberbully - INFO - Per-sample predictions saved to experiments/grid-search/all-distilroberta-v1/kaggle/prep1_aug0/seed_70681460/predictions.json
2026-03-23 16:05:51,695 - cyberbully - INFO - Confusion matrix figure saved to experiments/grid-search/all-distilroberta-v1/kaggle/prep1_aug0/seed_70681460/confusion_matrix.pdf
2026-03-23 16:05:51,696 - cyberbully - INFO - Accuracy: 0.9557
2026-03-23 16:05:51,696 - cyberbully - INFO - Weighted F1: 0.9557
2026-03-23 16:05:51,696 - cyberbully - INFO - Micro F1: 0.9557
2026-03-23 16:05:51,696 - cyberbully - INFO - Inference time: 2.83 seconds
2026-03-23 16:05:51,696 - cyberbully - INFO - Energy consumption: 0.000193 kWh
2026-03-23 16:05:51,697 - cyberbully - INFO - ============================================================
2026-03-23 16:05:51,697 - cyberbully - INFO - Pipeline complete. Results saved to: experiments/grid-search/all-distilroberta-v1/kaggle/prep1_aug0/seed_70681460
2026-03-23 16:05:51,697 - cyberbully - INFO - ============================================================
