2026-03-25 13:22:15,481 - cyberbully - INFO - Model 'all-MiniLM-L12-v2' detected as SBERT-based. Using SBERTClassifier pipeline.
2026-03-25 13:22:15,481 - cyberbully - INFO - ============================================================
2026-03-25 13:22:15,481 - cyberbully - INFO - Cyberbullying Detection Pipeline
2026-03-25 13:22:15,481 - cyberbully - INFO - ============================================================
2026-03-25 13:22:15,481 - cyberbully - INFO - Configuration:
2026-03-25 13:22:15,481 - cyberbully - INFO -   model          : all-MiniLM-L12-v2
2026-03-25 13:22:15,481 - cyberbully - INFO -   dataset        : kaggle
2026-03-25 13:22:15,481 - cyberbully - INFO -   preprocess     : False
2026-03-25 13:22:15,481 - cyberbully - INFO -   augment        : True
2026-03-25 13:22:15,481 - cyberbully - INFO -   compute_attribution: False
2026-03-25 13:22:15,481 - cyberbully - INFO -   seed           : 90995999
2026-03-25 13:22:15,481 - cyberbully - INFO -   epochs         : 10
2026-03-25 13:22:15,481 - cyberbully - INFO -   batch_size     : 32
2026-03-25 13:22:15,481 - cyberbully - INFO -   lr             : 5e-05
2026-03-25 13:22:15,481 - cyberbully - INFO -   max_length     : 128
2026-03-25 13:22:15,481 - cyberbully - INFO -   output_dir     : grid-search
2026-03-25 13:22:15,481 - cyberbully - INFO -   data_dir       : dataset
2026-03-25 13:22:15,481 - cyberbully - INFO -   sbert          : True
2026-03-25 13:22:15,481 - cyberbully - INFO -   supcon         : False
2026-03-25 13:22:15,481 - cyberbully - INFO -   supcon_weight  : 0.1
2026-03-25 13:22:15,481 - cyberbully - INFO -   proj_dim       : 128
2026-03-25 13:22:15,481 - cyberbully - INFO -   grad_accum_steps: 1
2026-03-25 13:22:15,481 - cyberbully - INFO -   overwrite      : False
2026-03-25 13:22:15,481 - cyberbully - INFO -   device         : cuda
2026-03-25 13:22:15,481 - cyberbully - INFO -   output_dir     : experiments/grid-search/all-MiniLM-L12-v2/kaggle/prep0_aug1/seed_90995999
2026-03-25 13:22:15,481 - cyberbully - INFO - ============================================================
2026-03-25 13:22:15,481 - cyberbully - INFO - Step 1: Preparing data...
2026-03-25 13:22:15,531 - cyberbully - INFO - Loaded pre-split data from dataset/kaggle — train: 25604, val: 6401, test: 8002
2026-03-25 13:22:15,531 - cyberbully - INFO - Label mapping: {'age': 0, 'ethnicity': 1, 'gender': 2, 'other_cyberbullying': 3, 'religion': 4}
2026-03-25 13:22:15,534 - cyberbully - INFO - Applying training data augmentation (oversampling)...
2026-03-25 13:22:15,538 - cyberbully - INFO - After oversampling — class distribution: {0: 5123, 1: 5123, 2: 5123, 3: 5123, 4: 5123}
2026-03-25 13:22:15,548 - cyberbully - INFO - Number of classes: 5
2026-03-25 13:22:15,550 - cyberbully - INFO - Step 2: Loading model and tokenizer...
2026-03-25 13:22:15,550 - cyberbully - INFO - Loading model 'all-MiniLM-L12-v2' with 5 labels (sbert=True, supcon=False)
2026-03-25 13:22:18,224 - cyberbully - INFO - SBERTClassifier: embedding_dim=384, hidden=256, proj_dim=None, num_labels=5
2026-03-25 13:22:18,530 - cyberbully - INFO - Step 3: Creating datasets...
2026-03-25 13:22:19,404 - cyberbully - INFO - Dataset sizes — train: 25615, val: 6401, test: 8002
2026-03-25 13:22:19,404 - cyberbully - INFO - Step 4: Training...
2026-03-25 13:22:19,448 - cyberbully - INFO - Starting training...
2026-03-25 13:28:08,617 - cyberbully - INFO - Training complete.
2026-03-25 13:28:08,637 - cyberbully - INFO - Removed checkpoint: experiments/grid-search/all-MiniLM-L12-v2/kaggle/prep0_aug1/seed_90995999/checkpoint-5607
2026-03-25 13:28:08,660 - cyberbully - INFO - Removed checkpoint: experiments/grid-search/all-MiniLM-L12-v2/kaggle/prep0_aug1/seed_90995999/checkpoint-8010
2026-03-25 13:28:08,680 - cyberbully - INFO - Removed checkpoint: experiments/grid-search/all-MiniLM-L12-v2/kaggle/prep0_aug1/seed_90995999/checkpoint-6408
2026-03-25 13:28:08,700 - cyberbully - INFO - Removed checkpoint: experiments/grid-search/all-MiniLM-L12-v2/kaggle/prep0_aug1/seed_90995999/checkpoint-1602
2026-03-25 13:28:08,720 - cyberbully - INFO - Removed checkpoint: experiments/grid-search/all-MiniLM-L12-v2/kaggle/prep0_aug1/seed_90995999/checkpoint-3204
2026-03-25 13:28:08,740 - cyberbully - INFO - Removed checkpoint: experiments/grid-search/all-MiniLM-L12-v2/kaggle/prep0_aug1/seed_90995999/checkpoint-7209
2026-03-25 13:28:08,760 - cyberbully - INFO - Removed checkpoint: experiments/grid-search/all-MiniLM-L12-v2/kaggle/prep0_aug1/seed_90995999/checkpoint-4005
2026-03-25 13:28:08,780 - cyberbully - INFO - Removed checkpoint: experiments/grid-search/all-MiniLM-L12-v2/kaggle/prep0_aug1/seed_90995999/checkpoint-4806
2026-03-25 13:28:08,800 - cyberbully - INFO - Removed checkpoint: experiments/grid-search/all-MiniLM-L12-v2/kaggle/prep0_aug1/seed_90995999/checkpoint-801
2026-03-25 13:28:08,820 - cyberbully - INFO - Removed checkpoint: experiments/grid-search/all-MiniLM-L12-v2/kaggle/prep0_aug1/seed_90995999/checkpoint-2403
2026-03-25 13:28:08,820 - cyberbully - INFO - Step 5: Evaluating on test set...
2026-03-25 13:28:15,946 - cyberbully - INFO - Metrics saved to experiments/grid-search/all-MiniLM-L12-v2/kaggle/prep0_aug1/seed_90995999/metrics.json
2026-03-25 13:28:15,946 - cyberbully - INFO - Confusion matrix saved to experiments/grid-search/all-MiniLM-L12-v2/kaggle/prep0_aug1/seed_90995999/confusion_matrix.json
2026-03-25 13:28:16,023 - cyberbully - INFO - Per-sample predictions saved to experiments/grid-search/all-MiniLM-L12-v2/kaggle/prep0_aug1/seed_90995999/predictions.json
2026-03-25 13:28:16,125 - cyberbully - INFO - Confusion matrix figure saved to experiments/grid-search/all-MiniLM-L12-v2/kaggle/prep0_aug1/seed_90995999/confusion_matrix.pdf
2026-03-25 13:28:16,125 - cyberbully - INFO - Accuracy: 0.9550
2026-03-25 13:28:16,125 - cyberbully - INFO - Weighted F1: 0.9549
2026-03-25 13:28:16,125 - cyberbully - INFO - Micro F1: 0.9550
2026-03-25 13:28:16,126 - cyberbully - INFO - Inference time: 2.79 seconds
2026-03-25 13:28:16,126 - cyberbully - INFO - Energy consumption: 0.000186 kWh
2026-03-25 13:28:16,127 - cyberbully - INFO - ============================================================
2026-03-25 13:28:16,127 - cyberbully - INFO - Pipeline complete. Results saved to: experiments/grid-search/all-MiniLM-L12-v2/kaggle/prep0_aug1/seed_90995999
2026-03-25 13:28:16,127 - cyberbully - INFO - ============================================================
