2026-02-10 16:45:02,373 - cyberbully - INFO - ============================================================
2026-02-10 16:45:02,373 - cyberbully - INFO - Cyberbullying Detection Pipeline
2026-02-10 16:45:02,373 - cyberbully - INFO - ============================================================
2026-02-10 16:45:02,373 - cyberbully - INFO - Configuration:
2026-02-10 16:45:02,373 - cyberbully - INFO -   model          : bert-base-uncased
2026-02-10 16:45:02,373 - cyberbully - INFO -   dataset        : kaggle
2026-02-10 16:45:02,373 - cyberbully - INFO -   preprocess     : False
2026-02-10 16:45:02,373 - cyberbully - INFO -   augment        : False
2026-02-10 16:45:02,373 - cyberbully - INFO -   compute_attribution: False
2026-02-10 16:45:02,373 - cyberbully - INFO -   seed           : 67351593
2026-02-10 16:45:02,373 - cyberbully - INFO -   epochs         : 5
2026-02-10 16:45:02,373 - cyberbully - INFO -   batch_size     : 16
2026-02-10 16:45:02,373 - cyberbully - INFO -   lr             : 2e-05
2026-02-10 16:45:02,373 - cyberbully - INFO -   max_length     : 128
2026-02-10 16:45:02,373 - cyberbully - INFO -   output_dir     : experiments
2026-02-10 16:45:02,373 - cyberbully - INFO -   data_dir       : dataset
2026-02-10 16:45:02,373 - cyberbully - INFO -   overwrite      : False
2026-02-10 16:45:02,373 - cyberbully - INFO -   device         : cuda
2026-02-10 16:45:02,373 - cyberbully - INFO -   output_dir     : experiments/bert-base-uncased/kaggle/prep0_aug0/seed_67351593
2026-02-10 16:45:02,373 - cyberbully - INFO - ============================================================
2026-02-10 16:45:02,373 - cyberbully - INFO - Step 1: Preparing data...
2026-02-10 16:45:02,373 - cyberbully - INFO - Loading dataset 'kaggle' from dataset/Kaggle.csv
2026-02-10 16:45:02,430 - cyberbully - INFO - Loaded 47656 samples with 6 classes: ['age', 'ethnicity', 'gender', 'not_cyberbullying', 'other_cyberbullying', 'religion']
2026-02-10 16:45:02,432 - cyberbully - INFO - Label mapping: {'age': 0, 'ethnicity': 1, 'gender': 2, 'not_cyberbullying': 3, 'other_cyberbullying': 4, 'religion': 5}
2026-02-10 16:45:02,445 - cyberbully - INFO - Split sizes — train: 30499, val: 7625, test: 9532
2026-02-10 16:45:02,445 - cyberbully - INFO - Number of classes: 6
2026-02-10 16:45:02,445 - cyberbully - INFO - Step 2: Loading model and tokenizer...
2026-02-10 16:45:02,445 - cyberbully - INFO - Loading model 'bert-base-uncased' with 6 labels
2026-02-10 16:45:03,279 - cyberbully - INFO - Step 3: Tokenizing datasets...
2026-02-10 16:45:04,340 - cyberbully - INFO - Dataset sizes — train: 30499, val: 7625, test: 9532
2026-02-10 16:45:04,340 - cyberbully - INFO - Step 4: Training...
2026-02-10 16:45:04,562 - cyberbully - INFO - Starting training...
2026-02-10 16:55:18,688 - cyberbully - INFO - Training complete.
2026-02-10 16:55:18,688 - cyberbully - INFO - Step 5: Evaluating on test set...
2026-02-10 16:55:30,767 - cyberbully - INFO - Metrics saved to experiments/bert-base-uncased/kaggle/prep0_aug0/seed_67351593/metrics.json
2026-02-10 16:55:30,768 - cyberbully - INFO - Confusion matrix saved to experiments/bert-base-uncased/kaggle/prep0_aug0/seed_67351593/confusion_matrix.json
2026-02-10 16:55:30,880 - cyberbully - INFO - Confusion matrix figure saved to experiments/bert-base-uncased/kaggle/prep0_aug0/seed_67351593/confusion_matrix.pdf
2026-02-10 16:55:30,880 - cyberbully - INFO - Accuracy: 0.8587
2026-02-10 16:55:30,880 - cyberbully - INFO - Weighted F1: 0.8577
2026-02-10 16:55:30,881 - cyberbully - INFO - Micro F1: 0.8587
2026-02-10 16:55:30,881 - cyberbully - INFO - Inference time: 7.78 seconds
2026-02-10 16:55:30,881 - cyberbully - INFO - Energy consumption: 0.000442 kWh
2026-02-10 16:55:30,881 - cyberbully - INFO - ============================================================
2026-02-10 16:55:30,881 - cyberbully - INFO - Pipeline complete. Results saved to: experiments/bert-base-uncased/kaggle/prep0_aug0/seed_67351593
2026-02-10 16:55:30,881 - cyberbully - INFO - ============================================================
