2026-04-17 15:48:52,913 - cyberbully - INFO - ============================================================
2026-04-17 15:48:52,913 - cyberbully - INFO - Cyberbullying Detection Pipeline
2026-04-17 15:48:52,913 - cyberbully - INFO - ============================================================
2026-04-17 15:48:52,913 - cyberbully - INFO - Configuration:
2026-04-17 15:48:52,913 - cyberbully - INFO -   model          : distilbert-base-uncased
2026-04-17 15:48:52,913 - cyberbully - INFO -   dataset        : ieee
2026-04-17 15:48:52,913 - cyberbully - INFO -   preprocess     : True
2026-04-17 15:48:52,913 - cyberbully - INFO -   augment        : True
2026-04-17 15:48:52,913 - cyberbully - INFO -   compute_attribution: False
2026-04-17 15:48:52,913 - cyberbully - INFO -   seed           : 99511865
2026-04-17 15:48:52,913 - cyberbully - INFO -   epochs         : 10
2026-04-17 15:48:52,913 - cyberbully - INFO -   batch_size     : 32
2026-04-17 15:48:52,913 - cyberbully - INFO -   lr             : 5e-05
2026-04-17 15:48:52,913 - cyberbully - INFO -   max_length     : 128
2026-04-17 15:48:52,913 - cyberbully - INFO -   output_dir     : grid-search
2026-04-17 15:48:52,913 - cyberbully - INFO -   data_dir       : dataset
2026-04-17 15:48:52,913 - cyberbully - INFO -   sbert          : False
2026-04-17 15:48:52,913 - cyberbully - INFO -   supcon         : False
2026-04-17 15:48:52,913 - cyberbully - INFO -   supcon_weight  : 0.1
2026-04-17 15:48:52,913 - cyberbully - INFO -   proj_dim       : 128
2026-04-17 15:48:52,913 - cyberbully - INFO -   grad_accum_steps: 1
2026-04-17 15:48:52,913 - cyberbully - INFO -   overwrite      : True
2026-04-17 15:48:52,913 - cyberbully - INFO -   device         : cuda
2026-04-17 15:48:52,913 - cyberbully - INFO -   output_dir     : experiments/grid-search/distilbert-base-uncased/ieee/prep1_aug1/seed_99511865
2026-04-17 15:48:52,913 - cyberbully - INFO - ============================================================
2026-04-17 15:48:52,913 - cyberbully - INFO - Step 1: Preparing data...
2026-04-17 15:48:52,917 - cyberbully - INFO - Loaded pre-split data from dataset/ieee — train: 1348, val: 338, test: 422
2026-04-17 15:48:52,917 - cyberbully - INFO - Label mapping: {'Cyberstalking': 0, 'Doxing': 1, 'Revenge Porn': 2, 'Sexual Harassment': 3, 'Slut Shaming': 4}
2026-04-17 15:48:52,917 - cyberbully - INFO - Applying text preprocessing per split...
2026-04-17 15:48:55,992 - cyberbully - INFO - After preprocessing — train: 1175, val: 303, test: 377
2026-04-17 15:48:55,993 - cyberbully - INFO - Applying training data augmentation (oversampling)...
2026-04-17 15:48:55,994 - cyberbully - INFO - After oversampling — class distribution: {0: 288, 1: 288, 2: 288, 3: 288, 4: 288}
2026-04-17 15:48:55,995 - cyberbully - INFO - Number of classes: 5
2026-04-17 15:48:55,996 - cyberbully - INFO - Step 2: Loading model and tokenizer...
2026-04-17 15:48:55,996 - cyberbully - INFO - Loading model 'distilbert-base-uncased' with 5 labels (sbert=False, supcon=False)
2026-04-17 15:48:56,724 - cyberbully - INFO - Step 3: Creating datasets...
2026-04-17 15:48:56,742 - cyberbully - INFO - Dataset sizes — train: 1440, val: 303, test: 377
2026-04-17 15:48:56,742 - cyberbully - INFO - Step 4: Training...
2026-04-17 15:48:56,859 - cyberbully - INFO - Starting training...
2026-04-17 15:49:41,664 - cyberbully - INFO - Training complete.
2026-04-17 15:49:41,720 - cyberbully - INFO - Removed checkpoint: experiments/grid-search/distilbert-base-uncased/ieee/prep1_aug1/seed_99511865/checkpoint-405
2026-04-17 15:49:42,276 - cyberbully - INFO - Removed checkpoint: experiments/grid-search/distilbert-base-uncased/ieee/prep1_aug1/seed_99511865/checkpoint-90
2026-04-17 15:49:42,330 - cyberbully - INFO - Removed checkpoint: experiments/grid-search/distilbert-base-uncased/ieee/prep1_aug1/seed_99511865/checkpoint-225
2026-04-17 15:49:42,383 - cyberbully - INFO - Removed checkpoint: experiments/grid-search/distilbert-base-uncased/ieee/prep1_aug1/seed_99511865/checkpoint-180
2026-04-17 15:49:42,437 - cyberbully - INFO - Removed checkpoint: experiments/grid-search/distilbert-base-uncased/ieee/prep1_aug1/seed_99511865/checkpoint-315
2026-04-17 15:49:42,492 - cyberbully - INFO - Removed checkpoint: experiments/grid-search/distilbert-base-uncased/ieee/prep1_aug1/seed_99511865/checkpoint-360
2026-04-17 15:49:42,591 - cyberbully - INFO - Removed checkpoint: experiments/grid-search/distilbert-base-uncased/ieee/prep1_aug1/seed_99511865/checkpoint-45
2026-04-17 15:49:42,645 - cyberbully - INFO - Removed checkpoint: experiments/grid-search/distilbert-base-uncased/ieee/prep1_aug1/seed_99511865/checkpoint-270
2026-04-17 15:49:42,700 - cyberbully - INFO - Removed checkpoint: experiments/grid-search/distilbert-base-uncased/ieee/prep1_aug1/seed_99511865/checkpoint-135
2026-04-17 15:49:42,757 - cyberbully - INFO - Removed checkpoint: experiments/grid-search/distilbert-base-uncased/ieee/prep1_aug1/seed_99511865/checkpoint-450
2026-04-17 15:49:42,757 - cyberbully - INFO - Step 5: Evaluating on test set...
2026-04-17 15:49:47,358 - cyberbully - INFO - Metrics saved to experiments/grid-search/distilbert-base-uncased/ieee/prep1_aug1/seed_99511865/metrics.json
2026-04-17 15:49:47,359 - cyberbully - INFO - Confusion matrix saved to experiments/grid-search/distilbert-base-uncased/ieee/prep1_aug1/seed_99511865/confusion_matrix.json
2026-04-17 15:49:47,363 - cyberbully - INFO - Per-sample predictions saved to experiments/grid-search/distilbert-base-uncased/ieee/prep1_aug1/seed_99511865/predictions.json
2026-04-17 15:49:47,468 - cyberbully - INFO - Confusion matrix figure saved to experiments/grid-search/distilbert-base-uncased/ieee/prep1_aug1/seed_99511865/confusion_matrix.pdf
2026-04-17 15:49:47,468 - cyberbully - INFO - Accuracy: 0.7984
2026-04-17 15:49:47,468 - cyberbully - INFO - Weighted F1: 0.7993
2026-04-17 15:49:47,468 - cyberbully - INFO - Micro F1: 0.7984
2026-04-17 15:49:47,468 - cyberbully - INFO - Inference time: 0.10 seconds
2026-04-17 15:49:47,468 - cyberbully - INFO - Energy consumption: 0.000001 kWh
2026-04-17 15:49:47,468 - cyberbully - INFO - ============================================================
2026-04-17 15:49:47,468 - cyberbully - INFO - Pipeline complete. Results saved to: experiments/grid-search/distilbert-base-uncased/ieee/prep1_aug1/seed_99511865
2026-04-17 15:49:47,468 - cyberbully - INFO - ============================================================
