2026-05-21 17:30:12,731 - cyberbully - INFO - ============================================================
2026-05-21 17:30:12,731 - cyberbully - INFO - Cyberbullying Detection Pipeline
2026-05-21 17:30:12,731 - cyberbully - INFO - ============================================================
2026-05-21 17:30:12,731 - cyberbully - INFO - Configuration:
2026-05-21 17:30:12,731 - cyberbully - INFO -   model          : answerdotai/ModernBERT-base
2026-05-21 17:30:12,731 - cyberbully - INFO -   dataset        : ieee
2026-05-21 17:30:12,731 - cyberbully - INFO -   preprocess     : True
2026-05-21 17:30:12,731 - cyberbully - INFO -   augment        : False
2026-05-21 17:30:12,731 - cyberbully - INFO -   compute_attribution: False
2026-05-21 17:30:12,731 - cyberbully - INFO -   seed           : 87212562
2026-05-21 17:30:12,731 - cyberbully - INFO -   epochs         : 10
2026-05-21 17:30:12,731 - cyberbully - INFO -   batch_size     : 32
2026-05-21 17:30:12,731 - cyberbully - INFO -   lr             : 5e-05
2026-05-21 17:30:12,731 - cyberbully - INFO -   max_length     : 128
2026-05-21 17:30:12,731 - cyberbully - INFO -   output_dir     : grid-search
2026-05-21 17:30:12,731 - cyberbully - INFO -   data_dir       : dataset
2026-05-21 17:30:12,731 - cyberbully - INFO -   sbert          : False
2026-05-21 17:30:12,731 - cyberbully - INFO -   supcon         : False
2026-05-21 17:30:12,731 - cyberbully - INFO -   supcon_weight  : 0.1
2026-05-21 17:30:12,731 - cyberbully - INFO -   proj_dim       : 128
2026-05-21 17:30:12,731 - cyberbully - INFO -   grad_accum_steps: 1
2026-05-21 17:30:12,731 - cyberbully - INFO -   overwrite      : True
2026-05-21 17:30:12,731 - cyberbully - INFO -   device         : cuda
2026-05-21 17:30:12,731 - cyberbully - INFO -   output_dir     : experiments/grid-search/answerdotai_ModernBERT-base/ieee/prep1_aug0/seed_87212562
2026-05-21 17:30:12,731 - cyberbully - INFO - ============================================================
2026-05-21 17:30:12,731 - cyberbully - INFO - Step 1: Preparing data...
2026-05-21 17:30:12,735 - cyberbully - INFO - Loaded pre-split data from dataset/ieee — train: 1348, val: 338, test: 422
2026-05-21 17:30:12,735 - cyberbully - INFO - Label mapping: {'Cyberstalking': 0, 'Doxing': 1, 'Revenge Porn': 2, 'Sexual Harassment': 3, 'Slut Shaming': 4}
2026-05-21 17:30:12,735 - cyberbully - INFO - Applying text preprocessing per split...
2026-05-21 17:30:14,220 - cyberbully - INFO - After preprocessing -- train: 1348, val: 338, test: 422
2026-05-21 17:30:14,222 - cyberbully - INFO - Number of classes: 5
2026-05-21 17:30:14,223 - cyberbully - INFO - Step 2: Loading model and tokenizer...
2026-05-21 17:30:14,223 - cyberbully - INFO - Loading model 'answerdotai/ModernBERT-base' with 5 labels (sbert=False, supcon=False)
2026-05-21 17:30:15,839 - cyberbully - INFO - Step 3: Creating datasets...
2026-05-21 17:30:15,871 - cyberbully - INFO - Dataset sizes — train: 1348, val: 338, test: 422
2026-05-21 17:30:15,871 - cyberbully - INFO - Step 4: Training...
2026-05-21 17:30:16,121 - cyberbully - INFO - Starting training...
2026-05-21 17:31:52,046 - cyberbully - INFO - Training complete.
2026-05-21 17:31:52,139 - cyberbully - INFO - Removed checkpoint: experiments/grid-search/answerdotai_ModernBERT-base/ieee/prep1_aug0/seed_87212562/checkpoint-172
2026-05-21 17:31:52,237 - cyberbully - INFO - Removed checkpoint: experiments/grid-search/answerdotai_ModernBERT-base/ieee/prep1_aug0/seed_87212562/checkpoint-258
2026-05-21 17:31:52,337 - cyberbully - INFO - Removed checkpoint: experiments/grid-search/answerdotai_ModernBERT-base/ieee/prep1_aug0/seed_87212562/checkpoint-387
2026-05-21 17:31:52,424 - cyberbully - INFO - Removed checkpoint: experiments/grid-search/answerdotai_ModernBERT-base/ieee/prep1_aug0/seed_87212562/checkpoint-43
2026-05-21 17:31:52,524 - cyberbully - INFO - Removed checkpoint: experiments/grid-search/answerdotai_ModernBERT-base/ieee/prep1_aug0/seed_87212562/checkpoint-430
2026-05-21 17:31:52,621 - cyberbully - INFO - Removed checkpoint: experiments/grid-search/answerdotai_ModernBERT-base/ieee/prep1_aug0/seed_87212562/checkpoint-301
2026-05-21 17:31:52,720 - cyberbully - INFO - Removed checkpoint: experiments/grid-search/answerdotai_ModernBERT-base/ieee/prep1_aug0/seed_87212562/checkpoint-344
2026-05-21 17:31:53,056 - cyberbully - INFO - Removed checkpoint: experiments/grid-search/answerdotai_ModernBERT-base/ieee/prep1_aug0/seed_87212562/checkpoint-129
2026-05-21 17:31:53,152 - cyberbully - INFO - Removed checkpoint: experiments/grid-search/answerdotai_ModernBERT-base/ieee/prep1_aug0/seed_87212562/checkpoint-215
2026-05-21 17:31:53,243 - cyberbully - INFO - Removed checkpoint: experiments/grid-search/answerdotai_ModernBERT-base/ieee/prep1_aug0/seed_87212562/checkpoint-86
2026-05-21 17:31:53,243 - cyberbully - INFO - Step 5: Evaluating on test set...
2026-05-21 17:31:59,738 - cyberbully - INFO - Metrics saved to experiments/grid-search/answerdotai_ModernBERT-base/ieee/prep1_aug0/seed_87212562/metrics.json
2026-05-21 17:31:59,738 - cyberbully - INFO - Confusion matrix saved to experiments/grid-search/answerdotai_ModernBERT-base/ieee/prep1_aug0/seed_87212562/confusion_matrix.json
2026-05-21 17:31:59,742 - cyberbully - INFO - Per-sample predictions saved to experiments/grid-search/answerdotai_ModernBERT-base/ieee/prep1_aug0/seed_87212562/predictions.json
2026-05-21 17:31:59,842 - cyberbully - INFO - Confusion matrix figure saved to experiments/grid-search/answerdotai_ModernBERT-base/ieee/prep1_aug0/seed_87212562/confusion_matrix.pdf
2026-05-21 17:31:59,842 - cyberbully - INFO - Accuracy: 0.7962
2026-05-21 17:31:59,842 - cyberbully - INFO - Weighted F1: 0.7958
2026-05-21 17:31:59,842 - cyberbully - INFO - Micro F1: 0.7962
2026-05-21 17:31:59,842 - cyberbully - INFO - Inference time: 0.40 seconds
2026-05-21 17:31:59,842 - cyberbully - INFO - Energy consumption: 0.000044 kWh
2026-05-21 17:31:59,843 - cyberbully - INFO - ============================================================
2026-05-21 17:31:59,843 - cyberbully - INFO - Pipeline complete. Results saved to: experiments/grid-search/answerdotai_ModernBERT-base/ieee/prep1_aug0/seed_87212562
2026-05-21 17:31:59,843 - cyberbully - INFO - ============================================================
