2026-02-12 17:14:28,290 - cyberbully - INFO - ============================================================
2026-02-12 17:14:28,290 - cyberbully - INFO - Cyberbullying Detection Pipeline
2026-02-12 17:14:28,290 - cyberbully - INFO - ============================================================
2026-02-12 17:14:28,290 - cyberbully - INFO - Configuration:
2026-02-12 17:14:28,290 - cyberbully - INFO -   model          : xlnet-base-cased
2026-02-12 17:14:28,290 - cyberbully - INFO -   dataset        : kaggle
2026-02-12 17:14:28,290 - cyberbully - INFO -   preprocess     : True
2026-02-12 17:14:28,290 - cyberbully - INFO -   augment        : False
2026-02-12 17:14:28,290 - cyberbully - INFO -   compute_attribution: False
2026-02-12 17:14:28,290 - cyberbully - INFO -   seed           : 14298463
2026-02-12 17:14:28,290 - cyberbully - INFO -   epochs         : 5
2026-02-12 17:14:28,290 - cyberbully - INFO -   batch_size     : 16
2026-02-12 17:14:28,290 - cyberbully - INFO -   lr             : 2e-05
2026-02-12 17:14:28,290 - cyberbully - INFO -   max_length     : 128
2026-02-12 17:14:28,290 - cyberbully - INFO -   output_dir     : experiments
2026-02-12 17:14:28,290 - cyberbully - INFO -   data_dir       : dataset
2026-02-12 17:14:28,290 - cyberbully - INFO -   overwrite      : False
2026-02-12 17:14:28,290 - cyberbully - INFO -   device         : cuda
2026-02-12 17:14:28,290 - cyberbully - INFO -   output_dir     : experiments/xlnet-base-cased/kaggle/prep1_aug0/seed_14298463
2026-02-12 17:14:28,290 - cyberbully - INFO - ============================================================
2026-02-12 17:14:28,290 - cyberbully - INFO - Step 1: Preparing data...
2026-02-12 17:14:28,290 - cyberbully - INFO - Loading dataset 'kaggle' from dataset/Kaggle.csv
2026-02-12 17:14:28,349 - cyberbully - INFO - Loaded 47656 samples with 6 classes: ['age', 'ethnicity', 'gender', 'not_cyberbullying', 'other_cyberbullying', 'religion']
2026-02-12 17:14:28,349 - cyberbully - INFO - Applying text preprocessing...
2026-02-12 17:15:22,483 - cyberbully - INFO - After preprocessing: 41387 samples remain
2026-02-12 17:15:22,486 - cyberbully - INFO - Label mapping: {'age': 0, 'ethnicity': 1, 'gender': 2, 'not_cyberbullying': 3, 'other_cyberbullying': 4, 'religion': 5}
2026-02-12 17:15:22,497 - cyberbully - INFO - Split sizes — train: 26487, val: 6622, test: 8278
2026-02-12 17:15:22,498 - cyberbully - INFO - Number of classes: 6
2026-02-12 17:15:22,498 - cyberbully - INFO - Step 2: Loading model and tokenizer...
2026-02-12 17:15:22,498 - cyberbully - INFO - Loading model 'xlnet-base-cased' with 6 labels
2026-02-12 17:15:24,707 - cyberbully - INFO - Step 3: Tokenizing datasets...
2026-02-12 17:15:25,422 - cyberbully - INFO - Dataset sizes — train: 26487, val: 6622, test: 8278
2026-02-12 17:15:25,422 - cyberbully - INFO - Step 4: Training...
2026-02-12 17:15:25,649 - cyberbully - INFO - Starting training...
2026-02-12 17:26:23,763 - cyberbully - INFO - Training complete.
2026-02-12 17:26:23,763 - cyberbully - INFO - Step 5: Evaluating on test set...
2026-02-12 17:26:38,670 - cyberbully - INFO - Metrics saved to experiments/xlnet-base-cased/kaggle/prep1_aug0/seed_14298463/metrics.json
2026-02-12 17:26:38,670 - cyberbully - INFO - Confusion matrix saved to experiments/xlnet-base-cased/kaggle/prep1_aug0/seed_14298463/confusion_matrix.json
2026-02-12 17:26:38,782 - cyberbully - INFO - Confusion matrix figure saved to experiments/xlnet-base-cased/kaggle/prep1_aug0/seed_14298463/confusion_matrix.pdf
2026-02-12 17:26:38,782 - cyberbully - INFO - Accuracy: 0.8722
2026-02-12 17:26:38,782 - cyberbully - INFO - Weighted F1: 0.8710
2026-02-12 17:26:38,782 - cyberbully - INFO - Micro F1: 0.8722
2026-02-12 17:26:38,782 - cyberbully - INFO - Inference time: 10.35 seconds
2026-02-12 17:26:38,782 - cyberbully - INFO - Energy consumption: 0.000624 kWh
2026-02-12 17:26:38,783 - cyberbully - INFO - ============================================================
2026-02-12 17:26:38,783 - cyberbully - INFO - Pipeline complete. Results saved to: experiments/xlnet-base-cased/kaggle/prep1_aug0/seed_14298463
2026-02-12 17:26:38,783 - cyberbully - INFO - ============================================================
