2026-02-20 19:05:21,481 - cyberbully - INFO - ============================================================
2026-02-20 19:05:21,481 - cyberbully - INFO - Cyberbullying Detection Pipeline
2026-02-20 19:05:21,481 - cyberbully - INFO - ============================================================
2026-02-20 19:05:21,481 - cyberbully - INFO - Configuration:
2026-02-20 19:05:21,481 - cyberbully - INFO -   model          : all-mpnet-base-v2
2026-02-20 19:05:21,481 - cyberbully - INFO -   dataset        : ieee
2026-02-20 19:05:21,481 - cyberbully - INFO -   preprocess     : True
2026-02-20 19:05:21,481 - cyberbully - INFO -   augment        : True
2026-02-20 19:05:21,481 - cyberbully - INFO -   compute_attribution: False
2026-02-20 19:05:21,481 - cyberbully - INFO -   seed           : 87212562
2026-02-20 19:05:21,481 - cyberbully - INFO -   epochs         : 5
2026-02-20 19:05:21,481 - cyberbully - INFO -   batch_size     : 16
2026-02-20 19:05:21,481 - cyberbully - INFO -   lr             : 2e-05
2026-02-20 19:05:21,481 - cyberbully - INFO -   max_length     : 128
2026-02-20 19:05:21,481 - cyberbully - INFO -   output_dir     : sbert-model
2026-02-20 19:05:21,481 - cyberbully - INFO -   data_dir       : dataset
2026-02-20 19:05:21,481 - cyberbully - INFO -   sbert          : True
2026-02-20 19:05:21,481 - cyberbully - INFO -   overwrite      : False
2026-02-20 19:05:21,481 - cyberbully - INFO -   device         : cuda
2026-02-20 19:05:21,481 - cyberbully - INFO -   output_dir     : experiments/sbert-model/all-mpnet-base-v2/ieee/prep1_aug1/seed_87212562
2026-02-20 19:05:21,481 - cyberbully - INFO - ============================================================
2026-02-20 19:05:21,481 - cyberbully - INFO - Step 1: Preparing data...
2026-02-20 19:05:21,481 - cyberbully - INFO - Loading dataset 'ieee' from dataset/IEEE Data Port.csv
2026-02-20 19:05:21,488 - cyberbully - INFO - Loaded 2108 samples with 5 classes: ['Cyberstalking', 'Doxing', 'Revenge Porn', 'Sexual Harassment', 'Slut Shaming']
2026-02-20 19:05:21,488 - cyberbully - INFO - Applying text preprocessing...
2026-02-20 19:05:24,572 - cyberbully - INFO - After preprocessing: 1813 samples remain
2026-02-20 19:05:24,573 - cyberbully - INFO - Label mapping: {'Cyberstalking': 0, 'Doxing': 1, 'Revenge Porn': 2, 'Sexual Harassment': 3, 'Slut Shaming': 4}
2026-02-20 19:05:24,575 - cyberbully - INFO - Split sizes — train: 1160, val: 290, test: 363
2026-02-20 19:05:24,575 - cyberbully - INFO - Applying training data augmentation (oversampling)...
2026-02-20 19:05:24,576 - cyberbully - INFO - After oversampling — class distribution: {0: 285, 1: 285, 2: 285, 3: 285, 4: 285}
2026-02-20 19:05:24,576 - cyberbully - INFO - Number of classes: 5
2026-02-20 19:05:24,577 - cyberbully - INFO - Step 2: Loading model and tokenizer...
2026-02-20 19:05:24,577 - cyberbully - INFO - Loading model 'all-mpnet-base-v2' with 5 labels (sbert=True)
2026-02-20 19:05:27,197 - cyberbully - INFO - SBERTClassifier: embedding_dim=768, hidden=256, num_labels=5
2026-02-20 19:05:27,490 - cyberbully - INFO - Step 3: Creating datasets...
2026-02-20 19:05:27,526 - cyberbully - INFO - Dataset sizes — train: 1425, val: 290, test: 363
2026-02-20 19:05:27,526 - cyberbully - INFO - Step 4: Training...
2026-02-20 19:05:27,582 - cyberbully - INFO - Starting training...
2026-02-20 19:05:55,622 - cyberbully - INFO - Training complete.
2026-02-20 19:05:55,622 - cyberbully - INFO - Step 5: Evaluating on test set...
2026-02-20 19:06:00,165 - cyberbully - INFO - Metrics saved to experiments/sbert-model/all-mpnet-base-v2/ieee/prep1_aug1/seed_87212562/metrics.json
2026-02-20 19:06:00,165 - cyberbully - INFO - Confusion matrix saved to experiments/sbert-model/all-mpnet-base-v2/ieee/prep1_aug1/seed_87212562/confusion_matrix.json
2026-02-20 19:06:00,267 - cyberbully - INFO - Confusion matrix figure saved to experiments/sbert-model/all-mpnet-base-v2/ieee/prep1_aug1/seed_87212562/confusion_matrix.pdf
2026-02-20 19:06:00,267 - cyberbully - INFO - Accuracy: 0.8320
2026-02-20 19:06:00,267 - cyberbully - INFO - Weighted F1: 0.8326
2026-02-20 19:06:00,267 - cyberbully - INFO - Micro F1: 0.8320
2026-02-20 19:06:00,268 - cyberbully - INFO - Inference time: 0.28 seconds
2026-02-20 19:06:00,268 - cyberbully - INFO - Energy consumption: 0.000017 kWh
2026-02-20 19:06:00,268 - cyberbully - INFO - ============================================================
2026-02-20 19:06:00,268 - cyberbully - INFO - Pipeline complete. Results saved to: experiments/sbert-model/all-mpnet-base-v2/ieee/prep1_aug1/seed_87212562
2026-02-20 19:06:00,268 - cyberbully - INFO - ============================================================
