2026-04-08 17:07:00,732 - cyberbully - INFO - ============================================================
2026-04-08 17:07:00,732 - cyberbully - INFO - Cyberbullying Detection Pipeline
2026-04-08 17:07:00,732 - cyberbully - INFO - ============================================================
2026-04-08 17:07:00,732 - cyberbully - INFO - Configuration:
2026-04-08 17:07:00,732 - cyberbully - INFO -   model          : answerdotai/ModernBERT-base
2026-04-08 17:07:00,732 - cyberbully - INFO -   dataset        : ieee
2026-04-08 17:07:00,732 - cyberbully - INFO -   preprocess     : True
2026-04-08 17:07:00,732 - cyberbully - INFO -   augment        : True
2026-04-08 17:07:00,732 - cyberbully - INFO -   compute_attribution: False
2026-04-08 17:07:00,732 - cyberbully - INFO -   seed           : 37622020
2026-04-08 17:07:00,732 - cyberbully - INFO -   epochs         : 10
2026-04-08 17:07:00,732 - cyberbully - INFO -   batch_size     : 32
2026-04-08 17:07:00,732 - cyberbully - INFO -   lr             : 5e-05
2026-04-08 17:07:00,732 - cyberbully - INFO -   max_length     : 128
2026-04-08 17:07:00,732 - cyberbully - INFO -   output_dir     : grid-search
2026-04-08 17:07:00,732 - cyberbully - INFO -   data_dir       : dataset
2026-04-08 17:07:00,732 - cyberbully - INFO -   sbert          : False
2026-04-08 17:07:00,732 - cyberbully - INFO -   supcon         : False
2026-04-08 17:07:00,732 - cyberbully - INFO -   supcon_weight  : 0.1
2026-04-08 17:07:00,732 - cyberbully - INFO -   proj_dim       : 128
2026-04-08 17:07:00,732 - cyberbully - INFO -   grad_accum_steps: 1
2026-04-08 17:07:00,732 - cyberbully - INFO -   overwrite      : False
2026-04-08 17:07:00,732 - cyberbully - INFO -   device         : cuda
2026-04-08 17:07:00,732 - cyberbully - INFO -   output_dir     : experiments/grid-search/answerdotai_ModernBERT-base/ieee/prep1_aug1/seed_37622020
2026-04-08 17:07:00,732 - cyberbully - INFO - ============================================================
2026-04-08 17:07:00,732 - cyberbully - INFO - Step 1: Preparing data...
2026-04-08 17:07:00,736 - cyberbully - INFO - Loaded pre-split data from dataset/ieee — train: 1348, val: 338, test: 422
2026-04-08 17:07:00,736 - cyberbully - INFO - Label mapping: {'Cyberstalking': 0, 'Doxing': 1, 'Revenge Porn': 2, 'Sexual Harassment': 3, 'Slut Shaming': 4}
2026-04-08 17:07:00,736 - cyberbully - INFO - Applying text preprocessing per split...
2026-04-08 17:07:04,712 - cyberbully - INFO - After preprocessing — train: 1173, val: 304, test: 375
2026-04-08 17:07:04,713 - cyberbully - INFO - Applying training data augmentation (oversampling)...
2026-04-08 17:07:04,714 - cyberbully - INFO - After oversampling — class distribution: {0: 286, 1: 286, 2: 286, 3: 286, 4: 286}
2026-04-08 17:07:04,715 - cyberbully - INFO - Number of classes: 5
2026-04-08 17:07:04,716 - cyberbully - INFO - Step 2: Loading model and tokenizer...
2026-04-08 17:07:04,716 - cyberbully - INFO - Loading model 'answerdotai/ModernBERT-base' with 5 labels (sbert=False, supcon=False)
2026-04-08 17:07:06,374 - cyberbully - INFO - Step 3: Creating datasets...
2026-04-08 17:07:06,407 - cyberbully - INFO - Dataset sizes — train: 1430, val: 304, test: 375
2026-04-08 17:07:06,407 - cyberbully - INFO - Step 4: Training...
2026-04-08 17:07:06,650 - cyberbully - INFO - Starting training...
2026-04-08 17:08:34,545 - cyberbully - INFO - Training complete.
2026-04-08 17:08:34,639 - cyberbully - INFO - Removed checkpoint: experiments/grid-search/answerdotai_ModernBERT-base/ieee/prep1_aug1/seed_37622020/checkpoint-90
2026-04-08 17:08:34,734 - cyberbully - INFO - Removed checkpoint: experiments/grid-search/answerdotai_ModernBERT-base/ieee/prep1_aug1/seed_37622020/checkpoint-180
2026-04-08 17:08:34,828 - cyberbully - INFO - Removed checkpoint: experiments/grid-search/answerdotai_ModernBERT-base/ieee/prep1_aug1/seed_37622020/checkpoint-225
2026-04-08 17:08:34,923 - cyberbully - INFO - Removed checkpoint: experiments/grid-search/answerdotai_ModernBERT-base/ieee/prep1_aug1/seed_37622020/checkpoint-135
2026-04-08 17:08:35,019 - cyberbully - INFO - Removed checkpoint: experiments/grid-search/answerdotai_ModernBERT-base/ieee/prep1_aug1/seed_37622020/checkpoint-315
2026-04-08 17:08:35,117 - cyberbully - INFO - Removed checkpoint: experiments/grid-search/answerdotai_ModernBERT-base/ieee/prep1_aug1/seed_37622020/checkpoint-450
2026-04-08 17:08:35,657 - cyberbully - INFO - Removed checkpoint: experiments/grid-search/answerdotai_ModernBERT-base/ieee/prep1_aug1/seed_37622020/checkpoint-360
2026-04-08 17:08:35,746 - cyberbully - INFO - Removed checkpoint: experiments/grid-search/answerdotai_ModernBERT-base/ieee/prep1_aug1/seed_37622020/checkpoint-45
2026-04-08 17:08:35,840 - cyberbully - INFO - Removed checkpoint: experiments/grid-search/answerdotai_ModernBERT-base/ieee/prep1_aug1/seed_37622020/checkpoint-270
2026-04-08 17:08:35,943 - cyberbully - INFO - Removed checkpoint: experiments/grid-search/answerdotai_ModernBERT-base/ieee/prep1_aug1/seed_37622020/checkpoint-405
2026-04-08 17:08:35,943 - cyberbully - INFO - Step 5: Evaluating on test set...
2026-04-08 17:08:42,448 - cyberbully - INFO - Metrics saved to experiments/grid-search/answerdotai_ModernBERT-base/ieee/prep1_aug1/seed_37622020/metrics.json
2026-04-08 17:08:42,448 - cyberbully - INFO - Confusion matrix saved to experiments/grid-search/answerdotai_ModernBERT-base/ieee/prep1_aug1/seed_37622020/confusion_matrix.json
2026-04-08 17:08:42,453 - cyberbully - INFO - Per-sample predictions saved to experiments/grid-search/answerdotai_ModernBERT-base/ieee/prep1_aug1/seed_37622020/predictions.json
2026-04-08 17:08:42,552 - cyberbully - INFO - Confusion matrix figure saved to experiments/grid-search/answerdotai_ModernBERT-base/ieee/prep1_aug1/seed_37622020/confusion_matrix.pdf
2026-04-08 17:08:42,552 - cyberbully - INFO - Accuracy: 0.7733
2026-04-08 17:08:42,553 - cyberbully - INFO - Weighted F1: 0.7747
2026-04-08 17:08:42,553 - cyberbully - INFO - Micro F1: 0.7733
2026-04-08 17:08:42,553 - cyberbully - INFO - Inference time: 0.35 seconds
2026-04-08 17:08:42,553 - cyberbully - INFO - Energy consumption: 0.000042 kWh
2026-04-08 17:08:42,553 - cyberbully - INFO - ============================================================
2026-04-08 17:08:42,553 - cyberbully - INFO - Pipeline complete. Results saved to: experiments/grid-search/answerdotai_ModernBERT-base/ieee/prep1_aug1/seed_37622020
2026-04-08 17:08:42,553 - cyberbully - INFO - ============================================================
