2026-03-23 21:27:36,270 - cyberbully - INFO - ============================================================
2026-03-23 21:27:36,270 - cyberbully - INFO - Cyberbullying Detection Pipeline
2026-03-23 21:27:36,270 - cyberbully - INFO - ============================================================
2026-03-23 21:27:36,270 - cyberbully - INFO - Configuration:
2026-03-23 21:27:36,270 - cyberbully - INFO -   model          : bert-base-cased
2026-03-23 21:27:36,270 - cyberbully - INFO -   dataset        : kaggle
2026-03-23 21:27:36,270 - cyberbully - INFO -   preprocess     : False
2026-03-23 21:27:36,270 - cyberbully - INFO -   augment        : True
2026-03-23 21:27:36,270 - cyberbully - INFO -   compute_attribution: False
2026-03-23 21:27:36,270 - cyberbully - INFO -   seed           : 43782163
2026-03-23 21:27:36,270 - cyberbully - INFO -   epochs         : 10
2026-03-23 21:27:36,270 - cyberbully - INFO -   batch_size     : 32
2026-03-23 21:27:36,270 - cyberbully - INFO -   lr             : 5e-05
2026-03-23 21:27:36,270 - cyberbully - INFO -   max_length     : 128
2026-03-23 21:27:36,270 - cyberbully - INFO -   output_dir     : grid-search
2026-03-23 21:27:36,270 - cyberbully - INFO -   data_dir       : dataset
2026-03-23 21:27:36,270 - cyberbully - INFO -   sbert          : False
2026-03-23 21:27:36,270 - cyberbully - INFO -   supcon         : False
2026-03-23 21:27:36,270 - cyberbully - INFO -   supcon_weight  : 0.1
2026-03-23 21:27:36,270 - cyberbully - INFO -   proj_dim       : 128
2026-03-23 21:27:36,270 - cyberbully - INFO -   grad_accum_steps: 1
2026-03-23 21:27:36,270 - cyberbully - INFO -   overwrite      : False
2026-03-23 21:27:36,271 - cyberbully - INFO -   device         : cuda
2026-03-23 21:27:36,271 - cyberbully - INFO -   output_dir     : experiments/grid-search/bert-base-cased/kaggle/prep0_aug1/seed_43782163
2026-03-23 21:27:36,271 - cyberbully - INFO - ============================================================
2026-03-23 21:27:36,271 - cyberbully - INFO - Step 1: Preparing data...
2026-03-23 21:27:36,318 - cyberbully - INFO - Loaded pre-split data from dataset/kaggle — train: 25604, val: 6401, test: 8002
2026-03-23 21:27:36,318 - cyberbully - INFO - Label mapping: {'age': 0, 'ethnicity': 1, 'gender': 2, 'other_cyberbullying': 3, 'religion': 4}
2026-03-23 21:27:36,320 - cyberbully - INFO - Applying training data augmentation (oversampling)...
2026-03-23 21:27:36,324 - cyberbully - INFO - After oversampling — class distribution: {0: 5123, 1: 5123, 2: 5123, 3: 5123, 4: 5123}
2026-03-23 21:27:36,333 - cyberbully - INFO - Number of classes: 5
2026-03-23 21:27:36,334 - cyberbully - INFO - Step 2: Loading model and tokenizer...
2026-03-23 21:27:36,334 - cyberbully - INFO - Loading model 'bert-base-cased' with 5 labels (sbert=False, supcon=False)
2026-03-23 21:27:37,004 - cyberbully - INFO - Step 3: Creating datasets...
2026-03-23 21:27:37,672 - cyberbully - INFO - Dataset sizes — train: 25615, val: 6401, test: 8002
2026-03-23 21:27:37,672 - cyberbully - INFO - Step 4: Training...
2026-03-23 21:27:37,795 - cyberbully - INFO - Starting training...
2026-03-23 21:36:48,588 - cyberbully - INFO - Training complete.
2026-03-23 21:36:48,666 - cyberbully - INFO - Removed checkpoint: experiments/grid-search/bert-base-cased/kaggle/prep0_aug1/seed_43782163/checkpoint-4806
2026-03-23 21:36:48,741 - cyberbully - INFO - Removed checkpoint: experiments/grid-search/bert-base-cased/kaggle/prep0_aug1/seed_43782163/checkpoint-7209
2026-03-23 21:36:48,817 - cyberbully - INFO - Removed checkpoint: experiments/grid-search/bert-base-cased/kaggle/prep0_aug1/seed_43782163/checkpoint-6408
2026-03-23 21:36:48,892 - cyberbully - INFO - Removed checkpoint: experiments/grid-search/bert-base-cased/kaggle/prep0_aug1/seed_43782163/checkpoint-5607
2026-03-23 21:36:48,966 - cyberbully - INFO - Removed checkpoint: experiments/grid-search/bert-base-cased/kaggle/prep0_aug1/seed_43782163/checkpoint-8010
2026-03-23 21:36:49,045 - cyberbully - INFO - Removed checkpoint: experiments/grid-search/bert-base-cased/kaggle/prep0_aug1/seed_43782163/checkpoint-3204
2026-03-23 21:36:49,131 - cyberbully - INFO - Removed checkpoint: experiments/grid-search/bert-base-cased/kaggle/prep0_aug1/seed_43782163/checkpoint-1602
2026-03-23 21:36:49,219 - cyberbully - INFO - Removed checkpoint: experiments/grid-search/bert-base-cased/kaggle/prep0_aug1/seed_43782163/checkpoint-801
2026-03-23 21:36:49,300 - cyberbully - INFO - Removed checkpoint: experiments/grid-search/bert-base-cased/kaggle/prep0_aug1/seed_43782163/checkpoint-2403
2026-03-23 21:36:49,376 - cyberbully - INFO - Removed checkpoint: experiments/grid-search/bert-base-cased/kaggle/prep0_aug1/seed_43782163/checkpoint-4005
2026-03-23 21:36:49,376 - cyberbully - INFO - Step 5: Evaluating on test set...
2026-03-23 21:36:57,003 - cyberbully - INFO - Metrics saved to experiments/grid-search/bert-base-cased/kaggle/prep0_aug1/seed_43782163/metrics.json
2026-03-23 21:36:57,004 - cyberbully - INFO - Confusion matrix saved to experiments/grid-search/bert-base-cased/kaggle/prep0_aug1/seed_43782163/confusion_matrix.json
2026-03-23 21:36:57,087 - cyberbully - INFO - Per-sample predictions saved to experiments/grid-search/bert-base-cased/kaggle/prep0_aug1/seed_43782163/predictions.json
2026-03-23 21:36:57,193 - cyberbully - INFO - Confusion matrix figure saved to experiments/grid-search/bert-base-cased/kaggle/prep0_aug1/seed_43782163/confusion_matrix.pdf
2026-03-23 21:36:57,194 - cyberbully - INFO - Accuracy: 0.9545
2026-03-23 21:36:57,194 - cyberbully - INFO - Weighted F1: 0.9548
2026-03-23 21:36:57,194 - cyberbully - INFO - Micro F1: 0.9545
2026-03-23 21:36:57,194 - cyberbully - INFO - Inference time: 3.40 seconds
2026-03-23 21:36:57,194 - cyberbully - INFO - Energy consumption: 0.000191 kWh
2026-03-23 21:36:57,195 - cyberbully - INFO - ============================================================
2026-03-23 21:36:57,195 - cyberbully - INFO - Pipeline complete. Results saved to: experiments/grid-search/bert-base-cased/kaggle/prep0_aug1/seed_43782163
2026-03-23 21:36:57,195 - cyberbully - INFO - ============================================================
