2026-03-21 15:04:31,133 - cyberbully - INFO - ============================================================
2026-03-21 15:04:31,133 - cyberbully - INFO - Cyberbullying Detection Pipeline
2026-03-21 15:04:31,133 - cyberbully - INFO - ============================================================
2026-03-21 15:04:31,133 - cyberbully - INFO - Configuration:
2026-03-21 15:04:31,133 - cyberbully - INFO -   model          : distilbert-base-cased
2026-03-21 15:04:31,133 - cyberbully - INFO -   dataset        : ieee
2026-03-21 15:04:31,133 - cyberbully - INFO -   preprocess     : False
2026-03-21 15:04:31,133 - cyberbully - INFO -   augment        : False
2026-03-21 15:04:31,134 - cyberbully - INFO -   compute_attribution: False
2026-03-21 15:04:31,134 - cyberbully - INFO -   seed           : 90995999
2026-03-21 15:04:31,134 - cyberbully - INFO -   epochs         : 10
2026-03-21 15:04:31,134 - cyberbully - INFO -   batch_size     : 32
2026-03-21 15:04:31,134 - cyberbully - INFO -   lr             : 5e-05
2026-03-21 15:04:31,134 - cyberbully - INFO -   max_length     : 128
2026-03-21 15:04:31,134 - cyberbully - INFO -   output_dir     : grid-search
2026-03-21 15:04:31,134 - cyberbully - INFO -   data_dir       : dataset
2026-03-21 15:04:31,134 - cyberbully - INFO -   sbert          : False
2026-03-21 15:04:31,134 - cyberbully - INFO -   supcon         : False
2026-03-21 15:04:31,134 - cyberbully - INFO -   supcon_weight  : 0.1
2026-03-21 15:04:31,134 - cyberbully - INFO -   proj_dim       : 128
2026-03-21 15:04:31,134 - cyberbully - INFO -   grad_accum_steps: 1
2026-03-21 15:04:31,134 - cyberbully - INFO -   overwrite      : False
2026-03-21 15:04:31,134 - cyberbully - INFO -   device         : cuda
2026-03-21 15:04:31,134 - cyberbully - INFO -   output_dir     : experiments/grid-search/distilbert-base-cased/ieee/prep0_aug0/seed_90995999
2026-03-21 15:04:31,134 - cyberbully - INFO - ============================================================
2026-03-21 15:04:31,134 - cyberbully - INFO - Step 1: Preparing data...
2026-03-21 15:04:31,137 - cyberbully - INFO - Loaded pre-split data from dataset/ieee — train: 1348, val: 338, test: 422
2026-03-21 15:04:31,137 - cyberbully - INFO - Label mapping: {'Cyberstalking': 0, 'Doxing': 1, 'Revenge Porn': 2, 'Sexual Harassment': 3, 'Slut Shaming': 4}
2026-03-21 15:04:31,139 - cyberbully - INFO - Number of classes: 5
2026-03-21 15:04:31,140 - cyberbully - INFO - Step 2: Loading model and tokenizer...
2026-03-21 15:04:31,140 - cyberbully - INFO - Loading model 'distilbert-base-cased' with 5 labels (sbert=False, supcon=False)
2026-03-21 15:04:31,831 - cyberbully - INFO - Step 3: Creating datasets...
2026-03-21 15:04:31,857 - cyberbully - INFO - Dataset sizes — train: 1348, val: 338, test: 422
2026-03-21 15:04:31,857 - cyberbully - INFO - Step 4: Training...
2026-03-21 15:04:32,071 - cyberbully - INFO - Starting training...
2026-03-21 15:04:59,026 - cyberbully - INFO - Training complete.
2026-03-21 15:04:59,177 - cyberbully - INFO - Removed checkpoint: experiments/grid-search/distilbert-base-cased/ieee/prep0_aug0/seed_90995999/checkpoint-172
2026-03-21 15:04:59,224 - cyberbully - INFO - Removed checkpoint: experiments/grid-search/distilbert-base-cased/ieee/prep0_aug0/seed_90995999/checkpoint-258
2026-03-21 15:04:59,269 - cyberbully - INFO - Removed checkpoint: experiments/grid-search/distilbert-base-cased/ieee/prep0_aug0/seed_90995999/checkpoint-387
2026-03-21 15:04:59,319 - cyberbully - INFO - Removed checkpoint: experiments/grid-search/distilbert-base-cased/ieee/prep0_aug0/seed_90995999/checkpoint-43
2026-03-21 15:04:59,364 - cyberbully - INFO - Removed checkpoint: experiments/grid-search/distilbert-base-cased/ieee/prep0_aug0/seed_90995999/checkpoint-430
2026-03-21 15:04:59,409 - cyberbully - INFO - Removed checkpoint: experiments/grid-search/distilbert-base-cased/ieee/prep0_aug0/seed_90995999/checkpoint-301
2026-03-21 15:04:59,454 - cyberbully - INFO - Removed checkpoint: experiments/grid-search/distilbert-base-cased/ieee/prep0_aug0/seed_90995999/checkpoint-344
2026-03-21 15:04:59,499 - cyberbully - INFO - Removed checkpoint: experiments/grid-search/distilbert-base-cased/ieee/prep0_aug0/seed_90995999/checkpoint-129
2026-03-21 15:05:00,197 - cyberbully - INFO - Removed checkpoint: experiments/grid-search/distilbert-base-cased/ieee/prep0_aug0/seed_90995999/checkpoint-215
2026-03-21 15:05:01,436 - cyberbully - INFO - Removed checkpoint: experiments/grid-search/distilbert-base-cased/ieee/prep0_aug0/seed_90995999/checkpoint-86
2026-03-21 15:05:01,436 - cyberbully - INFO - Step 5: Evaluating on test set...
2026-03-21 15:05:05,876 - cyberbully - INFO - Metrics saved to experiments/grid-search/distilbert-base-cased/ieee/prep0_aug0/seed_90995999/metrics.json
2026-03-21 15:05:05,876 - cyberbully - INFO - Confusion matrix saved to experiments/grid-search/distilbert-base-cased/ieee/prep0_aug0/seed_90995999/confusion_matrix.json
2026-03-21 15:05:05,880 - cyberbully - INFO - Per-sample predictions saved to experiments/grid-search/distilbert-base-cased/ieee/prep0_aug0/seed_90995999/predictions.json
2026-03-21 15:05:05,980 - cyberbully - INFO - Confusion matrix figure saved to experiments/grid-search/distilbert-base-cased/ieee/prep0_aug0/seed_90995999/confusion_matrix.pdf
2026-03-21 15:05:05,980 - cyberbully - INFO - Accuracy: 0.8199
2026-03-21 15:05:05,980 - cyberbully - INFO - Weighted F1: 0.8196
2026-03-21 15:05:05,980 - cyberbully - INFO - Micro F1: 0.8199
2026-03-21 15:05:05,980 - cyberbully - INFO - Inference time: 0.16 seconds
2026-03-21 15:05:05,980 - cyberbully - INFO - Energy consumption: 0.000009 kWh
2026-03-21 15:05:05,980 - cyberbully - INFO - ============================================================
2026-03-21 15:05:05,980 - cyberbully - INFO - Pipeline complete. Results saved to: experiments/grid-search/distilbert-base-cased/ieee/prep0_aug0/seed_90995999
2026-03-21 15:05:05,980 - cyberbully - INFO - ============================================================
