2026-04-16 17:00:52,253 - cyberbully - INFO - Model 'all-mpnet-base-v2' detected as SBERT-based. Using SBERTClassifier pipeline.
2026-04-16 17:00:52,253 - cyberbully - INFO - ============================================================
2026-04-16 17:00:52,253 - cyberbully - INFO - Cyberbullying Detection Pipeline
2026-04-16 17:00:52,253 - cyberbully - INFO - ============================================================
2026-04-16 17:00:52,253 - cyberbully - INFO - Configuration:
2026-04-16 17:00:52,253 - cyberbully - INFO -   model          : all-mpnet-base-v2
2026-04-16 17:00:52,253 - cyberbully - INFO -   dataset        : ieee
2026-04-16 17:00:52,253 - cyberbully - INFO -   preprocess     : False
2026-04-16 17:00:52,253 - cyberbully - INFO -   augment        : True
2026-04-16 17:00:52,253 - cyberbully - INFO -   compute_attribution: False
2026-04-16 17:00:52,253 - cyberbully - INFO -   seed           : 43782163
2026-04-16 17:00:52,253 - cyberbully - INFO -   epochs         : 10
2026-04-16 17:00:52,253 - cyberbully - INFO -   batch_size     : 32
2026-04-16 17:00:52,253 - cyberbully - INFO -   lr             : 5e-05
2026-04-16 17:00:52,253 - cyberbully - INFO -   max_length     : 128
2026-04-16 17:00:52,253 - cyberbully - INFO -   output_dir     : grid-search
2026-04-16 17:00:52,253 - cyberbully - INFO -   data_dir       : dataset
2026-04-16 17:00:52,253 - cyberbully - INFO -   sbert          : True
2026-04-16 17:00:52,253 - cyberbully - INFO -   supcon         : False
2026-04-16 17:00:52,253 - cyberbully - INFO -   supcon_weight  : 0.1
2026-04-16 17:00:52,253 - cyberbully - INFO -   proj_dim       : 128
2026-04-16 17:00:52,253 - cyberbully - INFO -   grad_accum_steps: 1
2026-04-16 17:00:52,253 - cyberbully - INFO -   overwrite      : True
2026-04-16 17:00:52,253 - cyberbully - INFO -   device         : cuda
2026-04-16 17:00:52,253 - cyberbully - INFO -   output_dir     : experiments/grid-search/all-mpnet-base-v2/ieee/prep0_aug1/seed_43782163
2026-04-16 17:00:52,253 - cyberbully - INFO - ============================================================
2026-04-16 17:00:52,253 - cyberbully - INFO - Step 1: Preparing data...
2026-04-16 17:00:52,257 - cyberbully - INFO - Loaded pre-split data from dataset/ieee — train: 1348, val: 338, test: 422
2026-04-16 17:00:52,257 - cyberbully - INFO - Label mapping: {'Cyberstalking': 0, 'Doxing': 1, 'Revenge Porn': 2, 'Sexual Harassment': 3, 'Slut Shaming': 4}
2026-04-16 17:00:52,258 - cyberbully - INFO - Applying training data augmentation (oversampling)...
2026-04-16 17:00:52,259 - cyberbully - INFO - After oversampling — class distribution: {0: 316, 1: 316, 2: 316, 3: 316, 4: 316}
2026-04-16 17:00:52,260 - cyberbully - INFO - Number of classes: 5
2026-04-16 17:00:52,261 - cyberbully - INFO - Step 2: Loading model and tokenizer...
2026-04-16 17:00:52,261 - cyberbully - INFO - Loading model 'all-mpnet-base-v2' with 5 labels (sbert=True, supcon=False)
2026-04-16 17:00:56,259 - cyberbully - INFO - SBERTClassifier: embedding_dim=768, hidden=256, proj_dim=None, num_labels=5
2026-04-16 17:00:56,822 - cyberbully - INFO - Step 3: Creating datasets...
2026-04-16 17:00:56,867 - cyberbully - INFO - Dataset sizes — train: 1580, val: 338, test: 422
2026-04-16 17:00:56,867 - cyberbully - INFO - Step 4: Training...
2026-04-16 17:00:56,935 - cyberbully - INFO - Starting training...
2026-04-16 17:01:52,396 - cyberbully - INFO - Training complete.
2026-04-16 17:01:52,468 - cyberbully - INFO - Removed checkpoint: experiments/grid-search/all-mpnet-base-v2/ieee/prep0_aug1/seed_43782163/checkpoint-400
2026-04-16 17:01:52,532 - cyberbully - INFO - Removed checkpoint: experiments/grid-search/all-mpnet-base-v2/ieee/prep0_aug1/seed_43782163/checkpoint-200
2026-04-16 17:01:52,603 - cyberbully - INFO - Removed checkpoint: experiments/grid-search/all-mpnet-base-v2/ieee/prep0_aug1/seed_43782163/checkpoint-450
2026-04-16 17:01:52,677 - cyberbully - INFO - Removed checkpoint: experiments/grid-search/all-mpnet-base-v2/ieee/prep0_aug1/seed_43782163/checkpoint-300
2026-04-16 17:01:52,748 - cyberbully - INFO - Removed checkpoint: experiments/grid-search/all-mpnet-base-v2/ieee/prep0_aug1/seed_43782163/checkpoint-350
2026-04-16 17:01:52,815 - cyberbully - INFO - Removed checkpoint: experiments/grid-search/all-mpnet-base-v2/ieee/prep0_aug1/seed_43782163/checkpoint-150
2026-04-16 17:01:52,883 - cyberbully - INFO - Removed checkpoint: experiments/grid-search/all-mpnet-base-v2/ieee/prep0_aug1/seed_43782163/checkpoint-50
2026-04-16 17:01:52,955 - cyberbully - INFO - Removed checkpoint: experiments/grid-search/all-mpnet-base-v2/ieee/prep0_aug1/seed_43782163/checkpoint-500
2026-04-16 17:01:53,508 - cyberbully - INFO - Removed checkpoint: experiments/grid-search/all-mpnet-base-v2/ieee/prep0_aug1/seed_43782163/checkpoint-100
2026-04-16 17:01:53,584 - cyberbully - INFO - Removed checkpoint: experiments/grid-search/all-mpnet-base-v2/ieee/prep0_aug1/seed_43782163/checkpoint-250
2026-04-16 17:01:53,584 - cyberbully - INFO - Step 5: Evaluating on test set...
2026-04-16 17:01:58,542 - cyberbully - INFO - Metrics saved to experiments/grid-search/all-mpnet-base-v2/ieee/prep0_aug1/seed_43782163/metrics.json
2026-04-16 17:01:58,542 - cyberbully - INFO - Confusion matrix saved to experiments/grid-search/all-mpnet-base-v2/ieee/prep0_aug1/seed_43782163/confusion_matrix.json
2026-04-16 17:01:58,547 - cyberbully - INFO - Per-sample predictions saved to experiments/grid-search/all-mpnet-base-v2/ieee/prep0_aug1/seed_43782163/predictions.json
2026-04-16 17:01:58,648 - cyberbully - INFO - Confusion matrix figure saved to experiments/grid-search/all-mpnet-base-v2/ieee/prep0_aug1/seed_43782163/confusion_matrix.pdf
2026-04-16 17:01:58,648 - cyberbully - INFO - Accuracy: 0.8294
2026-04-16 17:01:58,648 - cyberbully - INFO - Weighted F1: 0.8309
2026-04-16 17:01:58,648 - cyberbully - INFO - Micro F1: 0.8294
2026-04-16 17:01:58,648 - cyberbully - INFO - Inference time: 0.32 seconds
2026-04-16 17:01:58,648 - cyberbully - INFO - Energy consumption: 0.000021 kWh
2026-04-16 17:01:58,649 - cyberbully - INFO - ============================================================
2026-04-16 17:01:58,649 - cyberbully - INFO - Pipeline complete. Results saved to: experiments/grid-search/all-mpnet-base-v2/ieee/prep0_aug1/seed_43782163
2026-04-16 17:01:58,649 - cyberbully - INFO - ============================================================
