2026-03-19 05:58:49,238 - cyberbully - INFO - ============================================================
2026-03-19 05:58:49,239 - cyberbully - INFO - Cyberbullying Detection Pipeline
2026-03-19 05:58:49,239 - cyberbully - INFO - ============================================================
2026-03-19 05:58:49,239 - cyberbully - INFO - Configuration:
2026-03-19 05:58:49,239 - cyberbully - INFO -   model          : roberta-base
2026-03-19 05:58:49,239 - cyberbully - INFO -   dataset        : tweeteval
2026-03-19 05:58:49,239 - cyberbully - INFO -   preprocess     : True
2026-03-19 05:58:49,239 - cyberbully - INFO -   augment        : False
2026-03-19 05:58:49,239 - cyberbully - INFO -   compute_attribution: False
2026-03-19 05:58:49,239 - cyberbully - INFO -   seed           : 14298463
2026-03-19 05:58:49,239 - cyberbully - INFO -   epochs         : 10
2026-03-19 05:58:49,239 - cyberbully - INFO -   batch_size     : 32
2026-03-19 05:58:49,239 - cyberbully - INFO -   lr             : 5e-05
2026-03-19 05:58:49,239 - cyberbully - INFO -   max_length     : 128
2026-03-19 05:58:49,239 - cyberbully - INFO -   output_dir     : supcon-baseline
2026-03-19 05:58:49,239 - cyberbully - INFO -   data_dir       : dataset
2026-03-19 05:58:49,239 - cyberbully - INFO -   sbert          : False
2026-03-19 05:58:49,239 - cyberbully - INFO -   supcon         : False
2026-03-19 05:58:49,239 - cyberbully - INFO -   supcon_weight  : 0.1
2026-03-19 05:58:49,239 - cyberbully - INFO -   proj_dim       : 128
2026-03-19 05:58:49,239 - cyberbully - INFO -   grad_accum_steps: 1
2026-03-19 05:58:49,239 - cyberbully - INFO -   overwrite      : False
2026-03-19 05:58:49,239 - cyberbully - INFO -   device         : cuda
2026-03-19 05:58:49,239 - cyberbully - INFO -   output_dir     : experiments/supcon-baseline/roberta-base/tweeteval/prep1_aug0/seed_14298463
2026-03-19 05:58:49,239 - cyberbully - INFO - ============================================================
2026-03-19 05:58:49,239 - cyberbully - INFO - Step 1: Preparing data...
2026-03-19 05:58:49,360 - cyberbully - INFO - Loaded pre-split data from dataset/tweeteval — train: 32485, val: 8122, test: 10152
2026-03-19 05:58:49,360 - cyberbully - INFO - Label mapping: {'emotion': 0, 'hate': 1, 'offensive': 2, 'religion': 3, 'spiritual': 4}
2026-03-19 05:58:49,360 - cyberbully - INFO - Applying text preprocessing per split...
2026-03-19 05:58:53,272 - cyberbully - INFO - After preprocessing — train: 32485, val: 8122, test: 10152
2026-03-19 05:58:53,284 - cyberbully - INFO - Number of classes: 5
2026-03-19 05:58:53,285 - cyberbully - INFO - Step 2: Loading model and tokenizer...
2026-03-19 05:58:53,285 - cyberbully - INFO - Loading model 'roberta-base' with 5 labels (sbert=False, supcon=False)
2026-03-19 05:58:54,062 - cyberbully - INFO - Step 3: Creating datasets...
2026-03-19 05:58:54,792 - cyberbully - INFO - Dataset sizes — train: 32485, val: 8122, test: 10152
2026-03-19 05:58:54,792 - cyberbully - INFO - Step 4: Training...
2026-03-19 05:58:54,932 - cyberbully - INFO - Starting training...
2026-03-19 06:10:48,854 - cyberbully - INFO - Training complete.
2026-03-19 06:10:48,946 - cyberbully - INFO - Removed checkpoint: experiments/supcon-baseline/roberta-base/tweeteval/prep1_aug0/seed_14298463/checkpoint-2032
2026-03-19 06:10:49,033 - cyberbully - INFO - Removed checkpoint: experiments/supcon-baseline/roberta-base/tweeteval/prep1_aug0/seed_14298463/checkpoint-6096
2026-03-19 06:10:49,122 - cyberbully - INFO - Removed checkpoint: experiments/supcon-baseline/roberta-base/tweeteval/prep1_aug0/seed_14298463/checkpoint-3048
2026-03-19 06:10:49,208 - cyberbully - INFO - Removed checkpoint: experiments/supcon-baseline/roberta-base/tweeteval/prep1_aug0/seed_14298463/checkpoint-9144
2026-03-19 06:10:49,296 - cyberbully - INFO - Removed checkpoint: experiments/supcon-baseline/roberta-base/tweeteval/prep1_aug0/seed_14298463/checkpoint-5080
2026-03-19 06:10:49,383 - cyberbully - INFO - Removed checkpoint: experiments/supcon-baseline/roberta-base/tweeteval/prep1_aug0/seed_14298463/checkpoint-8128
2026-03-19 06:10:49,471 - cyberbully - INFO - Removed checkpoint: experiments/supcon-baseline/roberta-base/tweeteval/prep1_aug0/seed_14298463/checkpoint-4064
2026-03-19 06:10:49,569 - cyberbully - INFO - Removed checkpoint: experiments/supcon-baseline/roberta-base/tweeteval/prep1_aug0/seed_14298463/checkpoint-1016
2026-03-19 06:10:49,655 - cyberbully - INFO - Removed checkpoint: experiments/supcon-baseline/roberta-base/tweeteval/prep1_aug0/seed_14298463/checkpoint-7112
2026-03-19 06:10:49,742 - cyberbully - INFO - Removed checkpoint: experiments/supcon-baseline/roberta-base/tweeteval/prep1_aug0/seed_14298463/checkpoint-10160
2026-03-19 06:10:49,742 - cyberbully - INFO - Step 5: Evaluating on test set...
2026-03-19 06:10:59,284 - cyberbully - INFO - Metrics saved to experiments/supcon-baseline/roberta-base/tweeteval/prep1_aug0/seed_14298463/metrics.json
2026-03-19 06:10:59,284 - cyberbully - INFO - Confusion matrix saved to experiments/supcon-baseline/roberta-base/tweeteval/prep1_aug0/seed_14298463/confusion_matrix.json
2026-03-19 06:10:59,388 - cyberbully - INFO - Per-sample predictions saved to experiments/supcon-baseline/roberta-base/tweeteval/prep1_aug0/seed_14298463/predictions.json
2026-03-19 06:10:59,491 - cyberbully - INFO - Confusion matrix figure saved to experiments/supcon-baseline/roberta-base/tweeteval/prep1_aug0/seed_14298463/confusion_matrix.pdf
2026-03-19 06:10:59,491 - cyberbully - INFO - Accuracy: 0.9703
2026-03-19 06:10:59,491 - cyberbully - INFO - Weighted F1: 0.9701
2026-03-19 06:10:59,491 - cyberbully - INFO - Micro F1: 0.9703
2026-03-19 06:10:59,491 - cyberbully - INFO - Inference time: 4.30 seconds
2026-03-19 06:10:59,491 - cyberbully - INFO - Energy consumption: 0.000231 kWh
2026-03-19 06:10:59,493 - cyberbully - INFO - ============================================================
2026-03-19 06:10:59,493 - cyberbully - INFO - Pipeline complete. Results saved to: experiments/supcon-baseline/roberta-base/tweeteval/prep1_aug0/seed_14298463
2026-03-19 06:10:59,493 - cyberbully - INFO - ============================================================
