2026-06-15 00:59:01,599 - cyberbully - INFO - ============================================================
2026-06-15 00:59:01,599 - cyberbully - INFO - Cyberbullying Detection Pipeline
2026-06-15 00:59:01,600 - cyberbully - INFO - ============================================================
2026-06-15 00:59:01,600 - cyberbully - INFO - Configuration:
2026-06-15 00:59:01,600 - cyberbully - INFO -   model          : answerdotai/ModernBERT-base
2026-06-15 00:59:01,600 - cyberbully - INFO -   dataset        : kaggle
2026-06-15 00:59:01,600 - cyberbully - INFO -   preprocess     : False
2026-06-15 00:59:01,600 - cyberbully - INFO -   prep_mode      : 2
2026-06-15 00:59:01,600 - cyberbully - INFO -   augment        : False
2026-06-15 00:59:01,600 - cyberbully - INFO -   compute_attribution: False
2026-06-15 00:59:01,600 - cyberbully - INFO -   seed           : 70681460
2026-06-15 00:59:01,600 - cyberbully - INFO -   epochs         : 10
2026-06-15 00:59:01,600 - cyberbully - INFO -   batch_size     : 32
2026-06-15 00:59:01,600 - cyberbully - INFO -   lr             : 5e-05
2026-06-15 00:59:01,600 - cyberbully - INFO -   max_length     : 128
2026-06-15 00:59:01,600 - cyberbully - INFO -   output_dir     : grid-search
2026-06-15 00:59:01,600 - cyberbully - INFO -   data_dir       : dataset
2026-06-15 00:59:01,600 - cyberbully - INFO -   sbert          : False
2026-06-15 00:59:01,600 - cyberbully - INFO -   supcon         : False
2026-06-15 00:59:01,600 - cyberbully - INFO -   supcon_weight  : 0.1
2026-06-15 00:59:01,600 - cyberbully - INFO -   proj_dim       : 128
2026-06-15 00:59:01,600 - cyberbully - INFO -   grad_accum_steps: 1
2026-06-15 00:59:01,600 - cyberbully - INFO -   overwrite      : False
2026-06-15 00:59:01,600 - cyberbully - INFO -   device         : cuda
2026-06-15 00:59:01,600 - cyberbully - INFO -   output_dir     : experiments/grid-search/answerdotai_ModernBERT-base/kaggle/prep2_aug0/seed_70681460
2026-06-15 00:59:01,600 - cyberbully - INFO - ============================================================
2026-06-15 00:59:01,600 - cyberbully - INFO - Step 1: Preparing data...
2026-06-15 00:59:01,645 - cyberbully - INFO - Loaded pre-split data from dataset/kaggle — train: 25604, val: 6401, test: 8002
2026-06-15 00:59:01,645 - cyberbully - INFO - Label mapping: {'age': 0, 'ethnicity': 1, 'gender': 2, 'other_cyberbullying': 3, 'religion': 4}
2026-06-15 00:59:01,646 - cyberbully - INFO - Applying partial text preprocessing per split...
2026-06-15 00:59:02,946 - cyberbully - INFO - After preprocessing -- train: 25604, val: 6401, test: 8002
2026-06-15 00:59:02,950 - cyberbully - INFO - Number of classes: 5
2026-06-15 00:59:02,951 - cyberbully - INFO - Step 2: Loading model and tokenizer...
2026-06-15 00:59:02,951 - cyberbully - INFO - Loading model 'answerdotai/ModernBERT-base' with 5 labels (sbert=False, supcon=False)
2026-06-15 00:59:04,503 - cyberbully - INFO - Step 3: Creating datasets...
2026-06-15 00:59:05,414 - cyberbully - INFO - Dataset sizes — train: 25604, val: 6401, test: 8002
2026-06-15 00:59:05,415 - cyberbully - INFO - Step 4: Training...
2026-06-15 00:59:05,661 - cyberbully - INFO - Starting training...
2026-06-15 01:19:10,968 - cyberbully - INFO - Training complete.
2026-06-15 01:19:11,055 - cyberbully - INFO - Removed checkpoint: experiments/grid-search/answerdotai_ModernBERT-base/kaggle/prep2_aug0/seed_70681460/checkpoint-5607
2026-06-15 01:19:11,160 - cyberbully - INFO - Removed checkpoint: experiments/grid-search/answerdotai_ModernBERT-base/kaggle/prep2_aug0/seed_70681460/checkpoint-8010
2026-06-15 01:19:11,248 - cyberbully - INFO - Removed checkpoint: experiments/grid-search/answerdotai_ModernBERT-base/kaggle/prep2_aug0/seed_70681460/checkpoint-6408
2026-06-15 01:19:11,335 - cyberbully - INFO - Removed checkpoint: experiments/grid-search/answerdotai_ModernBERT-base/kaggle/prep2_aug0/seed_70681460/checkpoint-1602
2026-06-15 01:19:11,421 - cyberbully - INFO - Removed checkpoint: experiments/grid-search/answerdotai_ModernBERT-base/kaggle/prep2_aug0/seed_70681460/checkpoint-3204
2026-06-15 01:19:11,509 - cyberbully - INFO - Removed checkpoint: experiments/grid-search/answerdotai_ModernBERT-base/kaggle/prep2_aug0/seed_70681460/checkpoint-7209
2026-06-15 01:19:11,596 - cyberbully - INFO - Removed checkpoint: experiments/grid-search/answerdotai_ModernBERT-base/kaggle/prep2_aug0/seed_70681460/checkpoint-4005
2026-06-15 01:19:11,682 - cyberbully - INFO - Removed checkpoint: experiments/grid-search/answerdotai_ModernBERT-base/kaggle/prep2_aug0/seed_70681460/checkpoint-4806
2026-06-15 01:19:11,773 - cyberbully - INFO - Removed checkpoint: experiments/grid-search/answerdotai_ModernBERT-base/kaggle/prep2_aug0/seed_70681460/checkpoint-801
2026-06-15 01:19:11,861 - cyberbully - INFO - Removed checkpoint: experiments/grid-search/answerdotai_ModernBERT-base/kaggle/prep2_aug0/seed_70681460/checkpoint-2403
2026-06-15 01:19:11,861 - cyberbully - INFO - Step 5: Evaluating on test set...
2026-06-15 01:19:27,641 - cyberbully - INFO - Metrics saved to experiments/grid-search/answerdotai_ModernBERT-base/kaggle/prep2_aug0/seed_70681460/metrics.json
2026-06-15 01:19:27,641 - cyberbully - INFO - Confusion matrix saved to experiments/grid-search/answerdotai_ModernBERT-base/kaggle/prep2_aug0/seed_70681460/confusion_matrix.json
2026-06-15 01:19:27,726 - cyberbully - INFO - Per-sample predictions saved to experiments/grid-search/answerdotai_ModernBERT-base/kaggle/prep2_aug0/seed_70681460/predictions.json
2026-06-15 01:19:27,834 - cyberbully - INFO - Confusion matrix figure saved to experiments/grid-search/answerdotai_ModernBERT-base/kaggle/prep2_aug0/seed_70681460/confusion_matrix.pdf
2026-06-15 01:19:27,834 - cyberbully - INFO - Accuracy: 0.9476
2026-06-15 01:19:27,835 - cyberbully - INFO - Weighted F1: 0.9479
2026-06-15 01:19:27,835 - cyberbully - INFO - Micro F1: 0.9476
2026-06-15 01:19:27,835 - cyberbully - INFO - Inference time: 9.68 seconds
2026-06-15 01:19:27,835 - cyberbully - INFO - Energy consumption: 0.000587 kWh
2026-06-15 01:19:27,836 - cyberbully - INFO - ============================================================
2026-06-15 01:19:27,836 - cyberbully - INFO - Pipeline complete. Results saved to: experiments/grid-search/answerdotai_ModernBERT-base/kaggle/prep2_aug0/seed_70681460
2026-06-15 01:19:27,836 - cyberbully - INFO - ============================================================
