2026-02-19 02:13:44,839 - cyberbully - INFO - ============================================================
2026-02-19 02:13:44,839 - cyberbully - INFO - Cyberbullying Detection Pipeline
2026-02-19 02:13:44,839 - cyberbully - INFO - ============================================================
2026-02-19 02:13:44,839 - cyberbully - INFO - Configuration:
2026-02-19 02:13:44,839 - cyberbully - INFO -   model          : xlnet-base-cased
2026-02-19 02:13:44,839 - cyberbully - INFO -   dataset        : ieee
2026-02-19 02:13:44,839 - cyberbully - INFO -   preprocess     : True
2026-02-19 02:13:44,839 - cyberbully - INFO -   augment        : False
2026-02-19 02:13:44,839 - cyberbully - INFO -   compute_attribution: False
2026-02-19 02:13:44,839 - cyberbully - INFO -   seed           : 52680723
2026-02-19 02:13:44,839 - cyberbully - INFO -   epochs         : 5
2026-02-19 02:13:44,839 - cyberbully - INFO -   batch_size     : 16
2026-02-19 02:13:44,839 - cyberbully - INFO -   lr             : 2e-05
2026-02-19 02:13:44,839 - cyberbully - INFO -   max_length     : 128
2026-02-19 02:13:44,839 - cyberbully - INFO -   output_dir     : grid-search
2026-02-19 02:13:44,839 - cyberbully - INFO -   data_dir       : dataset
2026-02-19 02:13:44,839 - cyberbully - INFO -   sbert          : False
2026-02-19 02:13:44,839 - cyberbully - INFO -   overwrite      : False
2026-02-19 02:13:44,839 - cyberbully - INFO -   device         : cuda
2026-02-19 02:13:44,839 - cyberbully - INFO -   output_dir     : experiments/grid-search/xlnet-base-cased/ieee/prep1_aug0/seed_52680723
2026-02-19 02:13:44,839 - cyberbully - INFO - ============================================================
2026-02-19 02:13:44,839 - cyberbully - INFO - Step 1: Preparing data...
2026-02-19 02:13:44,839 - cyberbully - INFO - Loading dataset 'ieee' from dataset/IEEE Data Port.csv
2026-02-19 02:13:44,844 - cyberbully - INFO - Loaded 2108 samples with 5 classes: ['Cyberstalking', 'Doxing', 'Revenge Porn', 'Sexual Harassment', 'Slut Shaming']
2026-02-19 02:13:44,844 - cyberbully - INFO - Applying text preprocessing...
2026-02-19 02:13:47,933 - cyberbully - INFO - After preprocessing: 1815 samples remain
2026-02-19 02:13:47,934 - cyberbully - INFO - Label mapping: {'Cyberstalking': 0, 'Doxing': 1, 'Revenge Porn': 2, 'Sexual Harassment': 3, 'Slut Shaming': 4}
2026-02-19 02:13:47,936 - cyberbully - INFO - Split sizes — train: 1161, val: 291, test: 363
2026-02-19 02:13:47,936 - cyberbully - INFO - Number of classes: 5
2026-02-19 02:13:47,937 - cyberbully - INFO - Step 2: Loading model and tokenizer...
2026-02-19 02:13:47,937 - cyberbully - INFO - Loading model 'xlnet-base-cased' with 5 labels (sbert=False)
2026-02-19 02:13:49,845 - cyberbully - INFO - Step 3: Creating datasets...
2026-02-19 02:13:49,865 - cyberbully - INFO - Dataset sizes — train: 1161, val: 291, test: 363
2026-02-19 02:13:49,865 - cyberbully - INFO - Step 4: Training...
2026-02-19 02:13:49,994 - cyberbully - INFO - Starting training...
2026-02-19 02:14:11,237 - cyberbully - INFO - Training complete.
2026-02-19 02:14:11,237 - cyberbully - INFO - Step 5: Evaluating on test set...
2026-02-19 02:14:15,734 - cyberbully - INFO - Metrics saved to experiments/grid-search/xlnet-base-cased/ieee/prep1_aug0/seed_52680723/metrics.json
2026-02-19 02:14:15,734 - cyberbully - INFO - Confusion matrix saved to experiments/grid-search/xlnet-base-cased/ieee/prep1_aug0/seed_52680723/confusion_matrix.json
2026-02-19 02:14:15,839 - cyberbully - INFO - Confusion matrix figure saved to experiments/grid-search/xlnet-base-cased/ieee/prep1_aug0/seed_52680723/confusion_matrix.pdf
2026-02-19 02:14:15,839 - cyberbully - INFO - Accuracy: 0.8209
2026-02-19 02:14:15,839 - cyberbully - INFO - Weighted F1: 0.8192
2026-02-19 02:14:15,839 - cyberbully - INFO - Micro F1: 0.8209
2026-02-19 02:14:15,839 - cyberbully - INFO - Inference time: 0.31 seconds
2026-02-19 02:14:15,839 - cyberbully - INFO - Energy consumption: 0.000013 kWh
2026-02-19 02:14:15,839 - cyberbully - INFO - ============================================================
2026-02-19 02:14:15,840 - cyberbully - INFO - Pipeline complete. Results saved to: experiments/grid-search/xlnet-base-cased/ieee/prep1_aug0/seed_52680723
2026-02-19 02:14:15,840 - cyberbully - INFO - ============================================================
