2026-02-18 03:16:28,376 - cyberbully - INFO - ============================================================
2026-02-18 03:16:28,376 - cyberbully - INFO - Cyberbullying Detection Pipeline
2026-02-18 03:16:28,376 - cyberbully - INFO - ============================================================
2026-02-18 03:16:28,376 - cyberbully - INFO - Configuration:
2026-02-18 03:16:28,376 - cyberbully - INFO -   model          : bert-base-uncased
2026-02-18 03:16:28,376 - cyberbully - INFO -   dataset        : tweeteval
2026-02-18 03:16:28,376 - cyberbully - INFO -   preprocess     : True
2026-02-18 03:16:28,376 - cyberbully - INFO -   augment        : True
2026-02-18 03:16:28,376 - cyberbully - INFO -   compute_attribution: False
2026-02-18 03:16:28,376 - cyberbully - INFO -   seed           : 67351593
2026-02-18 03:16:28,376 - cyberbully - INFO -   epochs         : 5
2026-02-18 03:16:28,376 - cyberbully - INFO -   batch_size     : 16
2026-02-18 03:16:28,376 - cyberbully - INFO -   lr             : 2e-05
2026-02-18 03:16:28,376 - cyberbully - INFO -   max_length     : 128
2026-02-18 03:16:28,376 - cyberbully - INFO -   output_dir     : grid-search
2026-02-18 03:16:28,376 - cyberbully - INFO -   data_dir       : dataset
2026-02-18 03:16:28,376 - cyberbully - INFO -   sbert          : False
2026-02-18 03:16:28,376 - cyberbully - INFO -   overwrite      : False
2026-02-18 03:16:28,376 - cyberbully - INFO -   device         : cuda
2026-02-18 03:16:28,376 - cyberbully - INFO -   output_dir     : experiments/grid-search/bert-base-uncased/tweeteval/prep1_aug1/seed_67351593
2026-02-18 03:16:28,376 - cyberbully - INFO - ============================================================
2026-02-18 03:16:28,376 - cyberbully - INFO - Step 1: Preparing data...
2026-02-18 03:16:28,376 - cyberbully - INFO - Loading dataset 'tweeteval' from dataset/Tweeteval.csv
2026-02-18 03:16:28,450 - cyberbully - INFO - Loaded 50759 samples with 5 classes: ['emotion', 'hate', 'offensive', 'religion', 'spiritual']
2026-02-18 03:16:28,450 - cyberbully - INFO - Applying text preprocessing...
2026-02-18 03:17:26,854 - cyberbully - INFO - After preprocessing: 47374 samples remain
2026-02-18 03:17:26,857 - cyberbully - INFO - Label mapping: {'emotion': 0, 'hate': 1, 'offensive': 2, 'religion': 3, 'spiritual': 4}
2026-02-18 03:17:26,869 - cyberbully - INFO - Split sizes — train: 30319, val: 7580, test: 9475
2026-02-18 03:17:26,869 - cyberbully - INFO - Applying training data augmentation (oversampling)...
2026-02-18 03:17:26,876 - cyberbully - INFO - After oversampling — class distribution: {0: 7743, 1: 7743, 2: 7743, 3: 7743, 4: 7743}
2026-02-18 03:17:26,877 - cyberbully - INFO - Number of classes: 5
2026-02-18 03:17:26,878 - cyberbully - INFO - Step 2: Loading model and tokenizer...
2026-02-18 03:17:26,878 - cyberbully - INFO - Loading model 'bert-base-uncased' with 5 labels (sbert=False)
2026-02-18 03:17:27,567 - cyberbully - INFO - Step 3: Creating datasets...
2026-02-18 03:17:28,439 - cyberbully - INFO - Dataset sizes — train: 38715, val: 7580, test: 9475
2026-02-18 03:17:28,439 - cyberbully - INFO - Step 4: Training...
2026-02-18 03:17:28,560 - cyberbully - INFO - Starting training...
2026-02-18 03:26:21,625 - cyberbully - INFO - Training complete.
2026-02-18 03:26:21,625 - cyberbully - INFO - Step 5: Evaluating on test set...
2026-02-18 03:26:29,887 - cyberbully - INFO - Metrics saved to experiments/grid-search/bert-base-uncased/tweeteval/prep1_aug1/seed_67351593/metrics.json
2026-02-18 03:26:29,887 - cyberbully - INFO - Confusion matrix saved to experiments/grid-search/bert-base-uncased/tweeteval/prep1_aug1/seed_67351593/confusion_matrix.json
2026-02-18 03:26:29,992 - cyberbully - INFO - Confusion matrix figure saved to experiments/grid-search/bert-base-uncased/tweeteval/prep1_aug1/seed_67351593/confusion_matrix.pdf
2026-02-18 03:26:29,993 - cyberbully - INFO - Accuracy: 0.9433
2026-02-18 03:26:29,993 - cyberbully - INFO - Weighted F1: 0.9430
2026-02-18 03:26:29,993 - cyberbully - INFO - Micro F1: 0.9433
2026-02-18 03:26:29,993 - cyberbully - INFO - Inference time: 3.96 seconds
2026-02-18 03:26:29,993 - cyberbully - INFO - Energy consumption: 0.000226 kWh
2026-02-18 03:26:29,993 - cyberbully - INFO - ============================================================
2026-02-18 03:26:29,993 - cyberbully - INFO - Pipeline complete. Results saved to: experiments/grid-search/bert-base-uncased/tweeteval/prep1_aug1/seed_67351593
2026-02-18 03:26:29,993 - cyberbully - INFO - ============================================================
