2026-02-19 21:28:27,753 - cyberbully - INFO - ============================================================
2026-02-19 21:28:27,753 - cyberbully - INFO - Cyberbullying Detection Pipeline
2026-02-19 21:28:27,753 - cyberbully - INFO - ============================================================
2026-02-19 21:28:27,753 - cyberbully - INFO - Configuration:
2026-02-19 21:28:27,753 - cyberbully - INFO -   model          : sarkerlab/SocBERT-base
2026-02-19 21:28:27,753 - cyberbully - INFO -   dataset        : tweeteval
2026-02-19 21:28:27,753 - cyberbully - INFO -   preprocess     : True
2026-02-19 21:28:27,753 - cyberbully - INFO -   augment        : True
2026-02-19 21:28:27,753 - cyberbully - INFO -   compute_attribution: False
2026-02-19 21:28:27,753 - cyberbully - INFO -   seed           : 70681460
2026-02-19 21:28:27,753 - cyberbully - INFO -   epochs         : 5
2026-02-19 21:28:27,753 - cyberbully - INFO -   batch_size     : 16
2026-02-19 21:28:27,753 - cyberbully - INFO -   lr             : 2e-05
2026-02-19 21:28:27,753 - cyberbully - INFO -   max_length     : 128
2026-02-19 21:28:27,753 - cyberbully - INFO -   output_dir     : domain-model
2026-02-19 21:28:27,753 - cyberbully - INFO -   data_dir       : dataset
2026-02-19 21:28:27,753 - cyberbully - INFO -   sbert          : False
2026-02-19 21:28:27,753 - cyberbully - INFO -   overwrite      : False
2026-02-19 21:28:27,753 - cyberbully - INFO -   device         : cuda
2026-02-19 21:28:27,753 - cyberbully - INFO -   output_dir     : experiments/domain-model/sarkerlab_SocBERT-base/tweeteval/prep1_aug1/seed_70681460
2026-02-19 21:28:27,753 - cyberbully - INFO - ============================================================
2026-02-19 21:28:27,753 - cyberbully - INFO - Step 1: Preparing data...
2026-02-19 21:28:27,753 - cyberbully - INFO - Loading dataset 'tweeteval' from dataset/Tweeteval.csv
2026-02-19 21:28:27,828 - cyberbully - INFO - Loaded 50759 samples with 5 classes: ['emotion', 'hate', 'offensive', 'religion', 'spiritual']
2026-02-19 21:28:27,828 - cyberbully - INFO - Applying text preprocessing...
2026-02-19 21:29:24,988 - cyberbully - INFO - After preprocessing: 47378 samples remain
2026-02-19 21:29:24,991 - cyberbully - INFO - Label mapping: {'emotion': 0, 'hate': 1, 'offensive': 2, 'religion': 3, 'spiritual': 4}
2026-02-19 21:29:25,003 - cyberbully - INFO - Split sizes — train: 30321, val: 7581, test: 9476
2026-02-19 21:29:25,003 - cyberbully - INFO - Applying training data augmentation (oversampling)...
2026-02-19 21:29:25,010 - cyberbully - INFO - After oversampling — class distribution: {0: 7753, 1: 7753, 2: 7753, 3: 7753, 4: 7753}
2026-02-19 21:29:25,011 - cyberbully - INFO - Number of classes: 5
2026-02-19 21:29:25,012 - cyberbully - INFO - Step 2: Loading model and tokenizer...
2026-02-19 21:29:25,012 - cyberbully - INFO - Loading model 'sarkerlab/SocBERT-base' with 5 labels (sbert=False)
2026-02-19 21:29:26,171 - cyberbully - INFO - Step 3: Creating datasets...
2026-02-19 21:29:27,074 - cyberbully - INFO - Dataset sizes — train: 38765, val: 7581, test: 9476
2026-02-19 21:29:27,074 - cyberbully - INFO - Step 4: Training...
2026-02-19 21:29:27,318 - cyberbully - INFO - Starting training...
2026-02-19 21:42:20,028 - cyberbully - INFO - Training complete.
2026-02-19 21:42:20,028 - cyberbully - INFO - Step 5: Evaluating on test set...
2026-02-19 21:42:32,324 - cyberbully - INFO - Metrics saved to experiments/domain-model/sarkerlab_SocBERT-base/tweeteval/prep1_aug1/seed_70681460/metrics.json
2026-02-19 21:42:32,325 - cyberbully - INFO - Confusion matrix saved to experiments/domain-model/sarkerlab_SocBERT-base/tweeteval/prep1_aug1/seed_70681460/confusion_matrix.json
2026-02-19 21:42:32,425 - cyberbully - INFO - Confusion matrix figure saved to experiments/domain-model/sarkerlab_SocBERT-base/tweeteval/prep1_aug1/seed_70681460/confusion_matrix.pdf
2026-02-19 21:42:32,425 - cyberbully - INFO - Accuracy: 0.9364
2026-02-19 21:42:32,425 - cyberbully - INFO - Weighted F1: 0.9361
2026-02-19 21:42:32,425 - cyberbully - INFO - Micro F1: 0.9364
2026-02-19 21:42:32,425 - cyberbully - INFO - Inference time: 7.03 seconds
2026-02-19 21:42:32,425 - cyberbully - INFO - Energy consumption: 0.000444 kWh
2026-02-19 21:42:32,425 - cyberbully - INFO - ============================================================
2026-02-19 21:42:32,425 - cyberbully - INFO - Pipeline complete. Results saved to: experiments/domain-model/sarkerlab_SocBERT-base/tweeteval/prep1_aug1/seed_70681460
2026-02-19 21:42:32,425 - cyberbully - INFO - ============================================================
