2026-02-19 09:13:57,949 - cyberbully - INFO - ============================================================
2026-02-19 09:13:57,949 - cyberbully - INFO - Cyberbullying Detection Pipeline
2026-02-19 09:13:57,949 - cyberbully - INFO - ============================================================
2026-02-19 09:13:57,949 - cyberbully - INFO - Configuration:
2026-02-19 09:13:57,949 - cyberbully - INFO -   model          : sarkerlab/SocBERT-base
2026-02-19 09:13:57,949 - cyberbully - INFO -   dataset        : kaggle
2026-02-19 09:13:57,949 - cyberbully - INFO -   preprocess     : False
2026-02-19 09:13:57,949 - cyberbully - INFO -   augment        : True
2026-02-19 09:13:57,949 - cyberbully - INFO -   compute_attribution: False
2026-02-19 09:13:57,949 - cyberbully - INFO -   seed           : 67351593
2026-02-19 09:13:57,949 - cyberbully - INFO -   epochs         : 5
2026-02-19 09:13:57,949 - cyberbully - INFO -   batch_size     : 16
2026-02-19 09:13:57,949 - cyberbully - INFO -   lr             : 2e-05
2026-02-19 09:13:57,949 - cyberbully - INFO -   max_length     : 128
2026-02-19 09:13:57,949 - cyberbully - INFO -   output_dir     : domain-model
2026-02-19 09:13:57,949 - cyberbully - INFO -   data_dir       : dataset
2026-02-19 09:13:57,949 - cyberbully - INFO -   sbert          : False
2026-02-19 09:13:57,949 - cyberbully - INFO -   overwrite      : False
2026-02-19 09:13:57,949 - cyberbully - INFO -   device         : cuda
2026-02-19 09:13:57,949 - cyberbully - INFO -   output_dir     : experiments/domain-model/sarkerlab_SocBERT-base/kaggle/prep0_aug1/seed_67351593
2026-02-19 09:13:57,949 - cyberbully - INFO - ============================================================
2026-02-19 09:13:57,949 - cyberbully - INFO - Step 1: Preparing data...
2026-02-19 09:13:57,949 - cyberbully - INFO - Loading dataset 'kaggle' from dataset/Kaggle.csv
2026-02-19 09:13:58,008 - cyberbully - INFO - Loaded 47656 samples with 6 classes: ['age', 'ethnicity', 'gender', 'not_cyberbullying', 'other_cyberbullying', 'religion']
2026-02-19 09:13:58,010 - cyberbully - INFO - Label mapping: {'age': 0, 'ethnicity': 1, 'gender': 2, 'not_cyberbullying': 3, 'other_cyberbullying': 4, 'religion': 5}
2026-02-19 09:13:58,023 - cyberbully - INFO - Split sizes — train: 30499, val: 7625, test: 9532
2026-02-19 09:13:58,023 - cyberbully - INFO - Applying training data augmentation (oversampling)...
2026-02-19 09:13:58,029 - cyberbully - INFO - After oversampling — class distribution: {0: 5118, 1: 5118, 2: 5118, 3: 5118, 4: 5118, 5: 5118}
2026-02-19 09:13:58,030 - cyberbully - INFO - Number of classes: 6
2026-02-19 09:13:58,032 - cyberbully - INFO - Step 2: Loading model and tokenizer...
2026-02-19 09:13:58,032 - cyberbully - INFO - Loading model 'sarkerlab/SocBERT-base' with 6 labels (sbert=False)
2026-02-19 09:13:59,203 - cyberbully - INFO - Step 3: Creating datasets...
2026-02-19 09:13:59,954 - cyberbully - INFO - Dataset sizes — train: 30708, val: 7625, test: 9532
2026-02-19 09:13:59,955 - cyberbully - INFO - Step 4: Training...
2026-02-19 09:14:00,229 - cyberbully - INFO - Starting training...
2026-02-19 09:24:29,798 - cyberbully - INFO - Training complete.
2026-02-19 09:24:29,798 - cyberbully - INFO - Step 5: Evaluating on test set...
2026-02-19 09:24:41,326 - cyberbully - INFO - Metrics saved to experiments/domain-model/sarkerlab_SocBERT-base/kaggle/prep0_aug1/seed_67351593/metrics.json
2026-02-19 09:24:41,326 - cyberbully - INFO - Confusion matrix saved to experiments/domain-model/sarkerlab_SocBERT-base/kaggle/prep0_aug1/seed_67351593/confusion_matrix.json
2026-02-19 09:24:41,440 - cyberbully - INFO - Confusion matrix figure saved to experiments/domain-model/sarkerlab_SocBERT-base/kaggle/prep0_aug1/seed_67351593/confusion_matrix.pdf
2026-02-19 09:24:41,440 - cyberbully - INFO - Accuracy: 0.8499
2026-02-19 09:24:41,440 - cyberbully - INFO - Weighted F1: 0.8492
2026-02-19 09:24:41,440 - cyberbully - INFO - Micro F1: 0.8499
2026-02-19 09:24:41,440 - cyberbully - INFO - Inference time: 7.20 seconds
2026-02-19 09:24:41,440 - cyberbully - INFO - Energy consumption: 0.000446 kWh
2026-02-19 09:24:41,440 - cyberbully - INFO - ============================================================
2026-02-19 09:24:41,440 - cyberbully - INFO - Pipeline complete. Results saved to: experiments/domain-model/sarkerlab_SocBERT-base/kaggle/prep0_aug1/seed_67351593
2026-02-19 09:24:41,440 - cyberbully - INFO - ============================================================
