2026-02-19 15:08:14,107 - cyberbully - INFO - ============================================================
2026-02-19 15:08:14,107 - cyberbully - INFO - Cyberbullying Detection Pipeline
2026-02-19 15:08:14,107 - cyberbully - INFO - ============================================================
2026-02-19 15:08:14,107 - cyberbully - INFO - Configuration:
2026-02-19 15:08:14,107 - cyberbully - INFO -   model          : xlnet-base-cased
2026-02-19 15:08:14,107 - cyberbully - INFO -   dataset        : tweeteval
2026-02-19 15:08:14,107 - cyberbully - INFO -   preprocess     : True
2026-02-19 15:08:14,107 - cyberbully - INFO -   augment        : True
2026-02-19 15:08:14,107 - cyberbully - INFO -   compute_attribution: False
2026-02-19 15:08:14,107 - cyberbully - INFO -   seed           : 43782163
2026-02-19 15:08:14,107 - cyberbully - INFO -   epochs         : 5
2026-02-19 15:08:14,107 - cyberbully - INFO -   batch_size     : 16
2026-02-19 15:08:14,107 - cyberbully - INFO -   lr             : 2e-05
2026-02-19 15:08:14,107 - cyberbully - INFO -   max_length     : 128
2026-02-19 15:08:14,107 - cyberbully - INFO -   output_dir     : grid-search
2026-02-19 15:08:14,107 - cyberbully - INFO -   data_dir       : dataset
2026-02-19 15:08:14,107 - cyberbully - INFO -   sbert          : False
2026-02-19 15:08:14,107 - cyberbully - INFO -   overwrite      : False
2026-02-19 15:08:14,107 - cyberbully - INFO -   device         : cuda
2026-02-19 15:08:14,107 - cyberbully - INFO -   output_dir     : experiments/grid-search/xlnet-base-cased/tweeteval/prep1_aug1/seed_43782163
2026-02-19 15:08:14,107 - cyberbully - INFO - ============================================================
2026-02-19 15:08:14,107 - cyberbully - INFO - Step 1: Preparing data...
2026-02-19 15:08:14,107 - cyberbully - INFO - Loading dataset 'tweeteval' from dataset/Tweeteval.csv
2026-02-19 15:08:14,185 - cyberbully - INFO - Loaded 50759 samples with 5 classes: ['emotion', 'hate', 'offensive', 'religion', 'spiritual']
2026-02-19 15:08:14,185 - cyberbully - INFO - Applying text preprocessing...
2026-02-19 15:09:14,411 - cyberbully - INFO - After preprocessing: 47392 samples remain
2026-02-19 15:09:14,414 - cyberbully - INFO - Label mapping: {'emotion': 0, 'hate': 1, 'offensive': 2, 'religion': 3, 'spiritual': 4}
2026-02-19 15:09:14,427 - cyberbully - INFO - Split sizes — train: 30330, val: 7583, test: 9479
2026-02-19 15:09:14,427 - cyberbully - INFO - Applying training data augmentation (oversampling)...
2026-02-19 15:09:14,433 - cyberbully - INFO - After oversampling — class distribution: {0: 7751, 1: 7751, 2: 7751, 3: 7751, 4: 7751}
2026-02-19 15:09:14,434 - cyberbully - INFO - Number of classes: 5
2026-02-19 15:09:14,435 - cyberbully - INFO - Step 2: Loading model and tokenizer...
2026-02-19 15:09:14,435 - cyberbully - INFO - Loading model 'xlnet-base-cased' with 5 labels (sbert=False)
2026-02-19 15:09:16,338 - cyberbully - INFO - Step 3: Creating datasets...
2026-02-19 15:09:17,235 - cyberbully - INFO - Dataset sizes — train: 38755, val: 7583, test: 9479
2026-02-19 15:09:17,235 - cyberbully - INFO - Step 4: Training...
2026-02-19 15:09:17,364 - cyberbully - INFO - Starting training...
2026-02-19 15:22:54,598 - cyberbully - INFO - Training complete.
2026-02-19 15:22:54,598 - cyberbully - INFO - Step 5: Evaluating on test set...
2026-02-19 15:23:10,366 - cyberbully - INFO - Metrics saved to experiments/grid-search/xlnet-base-cased/tweeteval/prep1_aug1/seed_43782163/metrics.json
2026-02-19 15:23:10,366 - cyberbully - INFO - Confusion matrix saved to experiments/grid-search/xlnet-base-cased/tweeteval/prep1_aug1/seed_43782163/confusion_matrix.json
2026-02-19 15:23:10,476 - cyberbully - INFO - Confusion matrix figure saved to experiments/grid-search/xlnet-base-cased/tweeteval/prep1_aug1/seed_43782163/confusion_matrix.pdf
2026-02-19 15:23:10,476 - cyberbully - INFO - Accuracy: 0.9439
2026-02-19 15:23:10,476 - cyberbully - INFO - Weighted F1: 0.9438
2026-02-19 15:23:10,476 - cyberbully - INFO - Micro F1: 0.9439
2026-02-19 15:23:10,476 - cyberbully - INFO - Inference time: 11.53 seconds
2026-02-19 15:23:10,476 - cyberbully - INFO - Energy consumption: 0.000718 kWh
2026-02-19 15:23:10,476 - cyberbully - INFO - ============================================================
2026-02-19 15:23:10,476 - cyberbully - INFO - Pipeline complete. Results saved to: experiments/grid-search/xlnet-base-cased/tweeteval/prep1_aug1/seed_43782163
2026-02-19 15:23:10,476 - cyberbully - INFO - ============================================================
