2026-02-20 02:15:00,588 - cyberbully - INFO - ============================================================
2026-02-20 02:15:00,588 - cyberbully - INFO - Cyberbullying Detection Pipeline
2026-02-20 02:15:00,589 - cyberbully - INFO - ============================================================
2026-02-20 02:15:00,589 - cyberbully - INFO - Configuration:
2026-02-20 02:15:00,589 - cyberbully - INFO -   model          : roberta-base
2026-02-20 02:15:00,589 - cyberbully - INFO -   dataset        : tweeteval
2026-02-20 02:15:00,589 - cyberbully - INFO -   preprocess     : True
2026-02-20 02:15:00,589 - cyberbully - INFO -   augment        : False
2026-02-20 02:15:00,589 - cyberbully - INFO -   compute_attribution: False
2026-02-20 02:15:00,589 - cyberbully - INFO -   seed           : 24677315
2026-02-20 02:15:00,589 - cyberbully - INFO -   epochs         : 5
2026-02-20 02:15:00,589 - cyberbully - INFO -   batch_size     : 16
2026-02-20 02:15:00,589 - cyberbully - INFO -   lr             : 2e-05
2026-02-20 02:15:00,589 - cyberbully - INFO -   max_length     : 128
2026-02-20 02:15:00,589 - cyberbully - INFO -   output_dir     : grid-search
2026-02-20 02:15:00,589 - cyberbully - INFO -   data_dir       : dataset
2026-02-20 02:15:00,589 - cyberbully - INFO -   sbert          : False
2026-02-20 02:15:00,589 - cyberbully - INFO -   overwrite      : False
2026-02-20 02:15:00,589 - cyberbully - INFO -   device         : cuda
2026-02-20 02:15:00,589 - cyberbully - INFO -   output_dir     : experiments/grid-search/roberta-base/tweeteval/prep1_aug0/seed_24677315
2026-02-20 02:15:00,589 - cyberbully - INFO - ============================================================
2026-02-20 02:15:00,589 - cyberbully - INFO - Step 1: Preparing data...
2026-02-20 02:15:00,589 - cyberbully - INFO - Loading dataset 'tweeteval' from dataset/Tweeteval.csv
2026-02-20 02:15:00,663 - cyberbully - INFO - Loaded 50759 samples with 5 classes: ['emotion', 'hate', 'offensive', 'religion', 'spiritual']
2026-02-20 02:15:00,663 - cyberbully - INFO - Applying text preprocessing...
2026-02-20 02:15:57,721 - cyberbully - INFO - After preprocessing: 47360 samples remain
2026-02-20 02:15:57,724 - cyberbully - INFO - Label mapping: {'emotion': 0, 'hate': 1, 'offensive': 2, 'religion': 3, 'spiritual': 4}
2026-02-20 02:15:57,737 - cyberbully - INFO - Split sizes — train: 30310, val: 7578, test: 9472
2026-02-20 02:15:57,737 - cyberbully - INFO - Number of classes: 5
2026-02-20 02:15:57,738 - cyberbully - INFO - Step 2: Loading model and tokenizer...
2026-02-20 02:15:57,738 - cyberbully - INFO - Loading model 'roberta-base' with 5 labels (sbert=False)
2026-02-20 02:15:58,423 - cyberbully - INFO - Step 3: Creating datasets...
2026-02-20 02:15:59,107 - cyberbully - INFO - Dataset sizes — train: 30310, val: 7578, test: 9472
2026-02-20 02:15:59,107 - cyberbully - INFO - Step 4: Training...
2026-02-20 02:15:59,245 - cyberbully - INFO - Starting training...
2026-02-20 02:23:20,184 - cyberbully - INFO - Training complete.
2026-02-20 02:23:20,184 - cyberbully - INFO - Step 5: Evaluating on test set...
2026-02-20 02:23:28,340 - cyberbully - INFO - Metrics saved to experiments/grid-search/roberta-base/tweeteval/prep1_aug0/seed_24677315/metrics.json
2026-02-20 02:23:28,340 - cyberbully - INFO - Confusion matrix saved to experiments/grid-search/roberta-base/tweeteval/prep1_aug0/seed_24677315/confusion_matrix.json
2026-02-20 02:23:28,445 - cyberbully - INFO - Confusion matrix figure saved to experiments/grid-search/roberta-base/tweeteval/prep1_aug0/seed_24677315/confusion_matrix.pdf
2026-02-20 02:23:28,445 - cyberbully - INFO - Accuracy: 0.9388
2026-02-20 02:23:28,446 - cyberbully - INFO - Weighted F1: 0.9387
2026-02-20 02:23:28,446 - cyberbully - INFO - Micro F1: 0.9388
2026-02-20 02:23:28,446 - cyberbully - INFO - Inference time: 3.91 seconds
2026-02-20 02:23:28,446 - cyberbully - INFO - Energy consumption: 0.000219 kWh
2026-02-20 02:23:28,446 - cyberbully - INFO - ============================================================
2026-02-20 02:23:28,446 - cyberbully - INFO - Pipeline complete. Results saved to: experiments/grid-search/roberta-base/tweeteval/prep1_aug0/seed_24677315
2026-02-20 02:23:28,446 - cyberbully - INFO - ============================================================
