2026-06-17 07:06:43,883 - cyberbully - INFO - ============================================================
2026-06-17 07:06:43,883 - cyberbully - INFO - Cyberbullying Detection Pipeline
2026-06-17 07:06:43,883 - cyberbully - INFO - ============================================================
2026-06-17 07:06:43,883 - cyberbully - INFO - Configuration:
2026-06-17 07:06:43,883 - cyberbully - INFO -   model          : xlnet-base-cased
2026-06-17 07:06:43,883 - cyberbully - INFO -   dataset        : ieee
2026-06-17 07:06:43,883 - cyberbully - INFO -   preprocess     : False
2026-06-17 07:06:43,883 - cyberbully - INFO -   prep_mode      : 2
2026-06-17 07:06:43,883 - cyberbully - INFO -   augment        : False
2026-06-17 07:06:43,883 - cyberbully - INFO -   compute_attribution: False
2026-06-17 07:06:43,883 - cyberbully - INFO -   seed           : 14298463
2026-06-17 07:06:43,883 - cyberbully - INFO -   epochs         : 10
2026-06-17 07:06:43,884 - cyberbully - INFO -   batch_size     : 32
2026-06-17 07:06:43,884 - cyberbully - INFO -   lr             : 5e-05
2026-06-17 07:06:43,884 - cyberbully - INFO -   max_length     : 128
2026-06-17 07:06:43,884 - cyberbully - INFO -   output_dir     : grid-search
2026-06-17 07:06:43,884 - cyberbully - INFO -   data_dir       : dataset
2026-06-17 07:06:43,884 - cyberbully - INFO -   sbert          : False
2026-06-17 07:06:43,884 - cyberbully - INFO -   supcon         : False
2026-06-17 07:06:43,884 - cyberbully - INFO -   supcon_weight  : 0.1
2026-06-17 07:06:43,884 - cyberbully - INFO -   proj_dim       : 128
2026-06-17 07:06:43,884 - cyberbully - INFO -   grad_accum_steps: 1
2026-06-17 07:06:43,884 - cyberbully - INFO -   overwrite      : False
2026-06-17 07:06:43,884 - cyberbully - INFO -   device         : cuda
2026-06-17 07:06:43,884 - cyberbully - INFO -   output_dir     : experiments/grid-search/xlnet-base-cased/ieee/prep2_aug0/seed_14298463
2026-06-17 07:06:43,884 - cyberbully - INFO - ============================================================
2026-06-17 07:06:43,884 - cyberbully - INFO - Step 1: Preparing data...
2026-06-17 07:06:43,887 - cyberbully - INFO - Loaded pre-split data from dataset/ieee — train: 1348, val: 338, test: 422
2026-06-17 07:06:43,888 - cyberbully - INFO - Label mapping: {'Cyberstalking': 0, 'Doxing': 1, 'Revenge Porn': 2, 'Sexual Harassment': 3, 'Slut Shaming': 4}
2026-06-17 07:06:43,888 - cyberbully - INFO - Applying partial text preprocessing per split...
2026-06-17 07:06:43,940 - cyberbully - INFO - After preprocessing -- train: 1348, val: 338, test: 422
2026-06-17 07:06:43,942 - cyberbully - INFO - Number of classes: 5
2026-06-17 07:06:43,943 - cyberbully - INFO - Step 2: Loading model and tokenizer...
2026-06-17 07:06:43,943 - cyberbully - INFO - Loading model 'xlnet-base-cased' with 5 labels (sbert=False, supcon=False)
2026-06-17 07:06:57,901 - cyberbully - INFO - Step 3: Creating datasets...
2026-06-17 07:06:57,958 - cyberbully - INFO - Dataset sizes — train: 1348, val: 338, test: 422
2026-06-17 07:06:57,959 - cyberbully - INFO - Step 4: Training...
2026-06-17 07:06:58,202 - cyberbully - INFO - Starting training...
2026-06-17 07:08:10,901 - cyberbully - INFO - Training complete.
2026-06-17 07:08:10,973 - cyberbully - INFO - Removed checkpoint: experiments/grid-search/xlnet-base-cased/ieee/prep2_aug0/seed_14298463/checkpoint-172
2026-06-17 07:08:11,054 - cyberbully - INFO - Removed checkpoint: experiments/grid-search/xlnet-base-cased/ieee/prep2_aug0/seed_14298463/checkpoint-258
2026-06-17 07:08:11,135 - cyberbully - INFO - Removed checkpoint: experiments/grid-search/xlnet-base-cased/ieee/prep2_aug0/seed_14298463/checkpoint-387
2026-06-17 07:08:11,205 - cyberbully - INFO - Removed checkpoint: experiments/grid-search/xlnet-base-cased/ieee/prep2_aug0/seed_14298463/checkpoint-43
2026-06-17 07:08:11,286 - cyberbully - INFO - Removed checkpoint: experiments/grid-search/xlnet-base-cased/ieee/prep2_aug0/seed_14298463/checkpoint-430
2026-06-17 07:08:11,368 - cyberbully - INFO - Removed checkpoint: experiments/grid-search/xlnet-base-cased/ieee/prep2_aug0/seed_14298463/checkpoint-301
2026-06-17 07:08:11,449 - cyberbully - INFO - Removed checkpoint: experiments/grid-search/xlnet-base-cased/ieee/prep2_aug0/seed_14298463/checkpoint-344
2026-06-17 07:08:11,521 - cyberbully - INFO - Removed checkpoint: experiments/grid-search/xlnet-base-cased/ieee/prep2_aug0/seed_14298463/checkpoint-129
2026-06-17 07:08:12,474 - cyberbully - INFO - Removed checkpoint: experiments/grid-search/xlnet-base-cased/ieee/prep2_aug0/seed_14298463/checkpoint-215
2026-06-17 07:08:13,008 - cyberbully - INFO - Removed checkpoint: experiments/grid-search/xlnet-base-cased/ieee/prep2_aug0/seed_14298463/checkpoint-86
2026-06-17 07:08:13,008 - cyberbully - INFO - Step 5: Evaluating on test set...
2026-06-17 07:08:19,611 - cyberbully - INFO - Metrics saved to experiments/grid-search/xlnet-base-cased/ieee/prep2_aug0/seed_14298463/metrics.json
2026-06-17 07:08:19,611 - cyberbully - INFO - Confusion matrix saved to experiments/grid-search/xlnet-base-cased/ieee/prep2_aug0/seed_14298463/confusion_matrix.json
2026-06-17 07:08:19,616 - cyberbully - INFO - Per-sample predictions saved to experiments/grid-search/xlnet-base-cased/ieee/prep2_aug0/seed_14298463/predictions.json
2026-06-17 07:08:19,722 - cyberbully - INFO - Confusion matrix figure saved to experiments/grid-search/xlnet-base-cased/ieee/prep2_aug0/seed_14298463/confusion_matrix.pdf
2026-06-17 07:08:19,722 - cyberbully - INFO - Accuracy: 0.8128
2026-06-17 07:08:19,722 - cyberbully - INFO - Weighted F1: 0.8167
2026-06-17 07:08:19,722 - cyberbully - INFO - Micro F1: 0.8128
2026-06-17 07:08:19,722 - cyberbully - INFO - Inference time: 0.56 seconds
2026-06-17 07:08:19,722 - cyberbully - INFO - Energy consumption: 0.000060 kWh
2026-06-17 07:08:19,722 - cyberbully - INFO - ============================================================
2026-06-17 07:08:19,722 - cyberbully - INFO - Pipeline complete. Results saved to: experiments/grid-search/xlnet-base-cased/ieee/prep2_aug0/seed_14298463
2026-06-17 07:08:19,722 - cyberbully - INFO - ============================================================
