2026-04-13 01:00:27,424 - cyberbully - INFO - ============================================================
2026-04-13 01:00:27,424 - cyberbully - INFO - Cyberbullying Detection Pipeline
2026-04-13 01:00:27,424 - cyberbully - INFO - ============================================================
2026-04-13 01:00:27,424 - cyberbully - INFO - Configuration:
2026-04-13 01:00:27,424 - cyberbully - INFO -   model          : Twitter/twhin-bert-base
2026-04-13 01:00:27,424 - cyberbully - INFO -   dataset        : ieee
2026-04-13 01:00:27,424 - cyberbully - INFO -   preprocess     : False
2026-04-13 01:00:27,424 - cyberbully - INFO -   augment        : False
2026-04-13 01:00:27,424 - cyberbully - INFO -   compute_attribution: False
2026-04-13 01:00:27,424 - cyberbully - INFO -   seed           : 14298463
2026-04-13 01:00:27,424 - cyberbully - INFO -   epochs         : 10
2026-04-13 01:00:27,424 - cyberbully - INFO -   batch_size     : 32
2026-04-13 01:00:27,424 - cyberbully - INFO -   lr             : 5e-05
2026-04-13 01:00:27,424 - cyberbully - INFO -   max_length     : 128
2026-04-13 01:00:27,424 - cyberbully - INFO -   output_dir     : grid-search
2026-04-13 01:00:27,424 - cyberbully - INFO -   data_dir       : dataset
2026-04-13 01:00:27,424 - cyberbully - INFO -   sbert          : False
2026-04-13 01:00:27,424 - cyberbully - INFO -   supcon         : False
2026-04-13 01:00:27,424 - cyberbully - INFO -   supcon_weight  : 0.1
2026-04-13 01:00:27,424 - cyberbully - INFO -   proj_dim       : 128
2026-04-13 01:00:27,424 - cyberbully - INFO -   grad_accum_steps: 1
2026-04-13 01:00:27,424 - cyberbully - INFO -   overwrite      : False
2026-04-13 01:00:27,424 - cyberbully - INFO -   device         : cuda
2026-04-13 01:00:27,424 - cyberbully - INFO -   output_dir     : experiments/grid-search/Twitter_twhin-bert-base/ieee/prep0_aug0/seed_14298463
2026-04-13 01:00:27,424 - cyberbully - INFO - ============================================================
2026-04-13 01:00:27,424 - cyberbully - INFO - Step 1: Preparing data...
2026-04-13 01:00:27,428 - cyberbully - INFO - Loaded pre-split data from dataset/ieee — train: 1348, val: 338, test: 422
2026-04-13 01:00:27,428 - cyberbully - INFO - Label mapping: {'Cyberstalking': 0, 'Doxing': 1, 'Revenge Porn': 2, 'Sexual Harassment': 3, 'Slut Shaming': 4}
2026-04-13 01:00:27,430 - cyberbully - INFO - Number of classes: 5
2026-04-13 01:00:27,431 - cyberbully - INFO - Step 2: Loading model and tokenizer...
2026-04-13 01:00:27,431 - cyberbully - INFO - Loading model 'Twitter/twhin-bert-base' with 5 labels (sbert=False, supcon=False)
2026-04-13 01:00:29,850 - cyberbully - INFO - Step 3: Creating datasets...
2026-04-13 01:00:29,878 - cyberbully - INFO - Dataset sizes — train: 1348, val: 338, test: 422
2026-04-13 01:00:29,878 - cyberbully - INFO - Step 4: Training...
2026-04-13 01:00:30,509 - cyberbully - INFO - Starting training...
2026-04-13 01:04:51,299 - cyberbully - INFO - Training complete.
2026-04-13 01:04:51,466 - cyberbully - INFO - Removed checkpoint: experiments/grid-search/Twitter_twhin-bert-base/ieee/prep0_aug0/seed_14298463/checkpoint-172
2026-04-13 01:04:51,632 - cyberbully - INFO - Removed checkpoint: experiments/grid-search/Twitter_twhin-bert-base/ieee/prep0_aug0/seed_14298463/checkpoint-258
2026-04-13 01:04:52,015 - cyberbully - INFO - Removed checkpoint: experiments/grid-search/Twitter_twhin-bert-base/ieee/prep0_aug0/seed_14298463/checkpoint-387
2026-04-13 01:04:52,181 - cyberbully - INFO - Removed checkpoint: experiments/grid-search/Twitter_twhin-bert-base/ieee/prep0_aug0/seed_14298463/checkpoint-43
2026-04-13 01:04:53,098 - cyberbully - INFO - Removed checkpoint: experiments/grid-search/Twitter_twhin-bert-base/ieee/prep0_aug0/seed_14298463/checkpoint-430
2026-04-13 01:04:53,268 - cyberbully - INFO - Removed checkpoint: experiments/grid-search/Twitter_twhin-bert-base/ieee/prep0_aug0/seed_14298463/checkpoint-301
2026-04-13 01:04:53,438 - cyberbully - INFO - Removed checkpoint: experiments/grid-search/Twitter_twhin-bert-base/ieee/prep0_aug0/seed_14298463/checkpoint-344
2026-04-13 01:04:53,595 - cyberbully - INFO - Removed checkpoint: experiments/grid-search/Twitter_twhin-bert-base/ieee/prep0_aug0/seed_14298463/checkpoint-129
2026-04-13 01:04:53,766 - cyberbully - INFO - Removed checkpoint: experiments/grid-search/Twitter_twhin-bert-base/ieee/prep0_aug0/seed_14298463/checkpoint-215
2026-04-13 01:04:53,926 - cyberbully - INFO - Removed checkpoint: experiments/grid-search/Twitter_twhin-bert-base/ieee/prep0_aug0/seed_14298463/checkpoint-86
2026-04-13 01:04:53,926 - cyberbully - INFO - Step 5: Evaluating on test set...
2026-04-13 01:04:58,844 - cyberbully - INFO - Metrics saved to experiments/grid-search/Twitter_twhin-bert-base/ieee/prep0_aug0/seed_14298463/metrics.json
2026-04-13 01:04:58,844 - cyberbully - INFO - Confusion matrix saved to experiments/grid-search/Twitter_twhin-bert-base/ieee/prep0_aug0/seed_14298463/confusion_matrix.json
2026-04-13 01:04:58,848 - cyberbully - INFO - Per-sample predictions saved to experiments/grid-search/Twitter_twhin-bert-base/ieee/prep0_aug0/seed_14298463/predictions.json
2026-04-13 01:04:58,951 - cyberbully - INFO - Confusion matrix figure saved to experiments/grid-search/Twitter_twhin-bert-base/ieee/prep0_aug0/seed_14298463/confusion_matrix.pdf
2026-04-13 01:04:58,951 - cyberbully - INFO - Accuracy: 0.8175
2026-04-13 01:04:58,951 - cyberbully - INFO - Weighted F1: 0.8204
2026-04-13 01:04:58,951 - cyberbully - INFO - Micro F1: 0.8175
2026-04-13 01:04:58,951 - cyberbully - INFO - Inference time: 0.32 seconds
2026-04-13 01:04:58,951 - cyberbully - INFO - Energy consumption: 0.000021 kWh
2026-04-13 01:04:58,951 - cyberbully - INFO - ============================================================
2026-04-13 01:04:58,951 - cyberbully - INFO - Pipeline complete. Results saved to: experiments/grid-search/Twitter_twhin-bert-base/ieee/prep0_aug0/seed_14298463
2026-04-13 01:04:58,951 - cyberbully - INFO - ============================================================
