2026-03-24 04:25:33,515 - cyberbully - INFO - ============================================================
2026-03-24 04:25:33,515 - cyberbully - INFO - Cyberbullying Detection Pipeline
2026-03-24 04:25:33,515 - cyberbully - INFO - ============================================================
2026-03-24 04:25:33,515 - cyberbully - INFO - Configuration:
2026-03-24 04:25:33,515 - cyberbully - INFO -   model          : distilbert-base-cased
2026-03-24 04:25:33,515 - cyberbully - INFO -   dataset        : kaggle
2026-03-24 04:25:33,515 - cyberbully - INFO -   preprocess     : True
2026-03-24 04:25:33,515 - cyberbully - INFO -   augment        : True
2026-03-24 04:25:33,515 - cyberbully - INFO -   compute_attribution: False
2026-03-24 04:25:33,515 - cyberbully - INFO -   seed           : 67351593
2026-03-24 04:25:33,515 - cyberbully - INFO -   epochs         : 10
2026-03-24 04:25:33,515 - cyberbully - INFO -   batch_size     : 32
2026-03-24 04:25:33,515 - cyberbully - INFO -   lr             : 5e-05
2026-03-24 04:25:33,515 - cyberbully - INFO -   max_length     : 128
2026-03-24 04:25:33,515 - cyberbully - INFO -   output_dir     : grid-search
2026-03-24 04:25:33,515 - cyberbully - INFO -   data_dir       : dataset
2026-03-24 04:25:33,515 - cyberbully - INFO -   sbert          : False
2026-03-24 04:25:33,515 - cyberbully - INFO -   supcon         : False
2026-03-24 04:25:33,515 - cyberbully - INFO -   supcon_weight  : 0.1
2026-03-24 04:25:33,515 - cyberbully - INFO -   proj_dim       : 128
2026-03-24 04:25:33,515 - cyberbully - INFO -   grad_accum_steps: 1
2026-03-24 04:25:33,515 - cyberbully - INFO -   overwrite      : False
2026-03-24 04:25:33,515 - cyberbully - INFO -   device         : cuda
2026-03-24 04:25:33,515 - cyberbully - INFO -   output_dir     : experiments/grid-search/distilbert-base-cased/kaggle/prep1_aug1/seed_67351593
2026-03-24 04:25:33,515 - cyberbully - INFO - ============================================================
2026-03-24 04:25:33,515 - cyberbully - INFO - Step 1: Preparing data...
2026-03-24 04:25:33,564 - cyberbully - INFO - Loaded pre-split data from dataset/kaggle — train: 25604, val: 6401, test: 8002
2026-03-24 04:25:33,564 - cyberbully - INFO - Label mapping: {'age': 0, 'ethnicity': 1, 'gender': 2, 'other_cyberbullying': 3, 'religion': 4}
2026-03-24 04:25:33,564 - cyberbully - INFO - Applying text preprocessing per split...
2026-03-24 04:26:16,917 - cyberbully - INFO - After preprocessing — train: 23536, val: 5986, test: 7420
2026-03-24 04:26:16,919 - cyberbully - INFO - Applying training data augmentation (oversampling)...
2026-03-24 04:26:16,923 - cyberbully - INFO - After oversampling — class distribution: {0: 5069, 1: 5069, 2: 5069, 3: 5069, 4: 5069}
2026-03-24 04:26:16,933 - cyberbully - INFO - Number of classes: 5
2026-03-24 04:26:16,934 - cyberbully - INFO - Step 2: Loading model and tokenizer...
2026-03-24 04:26:16,934 - cyberbully - INFO - Loading model 'distilbert-base-cased' with 5 labels (sbert=False, supcon=False)
2026-03-24 04:26:17,608 - cyberbully - INFO - Step 3: Creating datasets...
2026-03-24 04:26:18,143 - cyberbully - INFO - Dataset sizes — train: 25345, val: 5986, test: 7420
2026-03-24 04:26:18,143 - cyberbully - INFO - Step 4: Training...
2026-03-24 04:26:18,359 - cyberbully - INFO - Starting training...
2026-03-24 04:32:43,700 - cyberbully - INFO - Training complete.
2026-03-24 04:32:43,739 - cyberbully - INFO - Removed checkpoint: experiments/grid-search/distilbert-base-cased/kaggle/prep1_aug1/seed_67351593/checkpoint-5551
2026-03-24 04:32:43,777 - cyberbully - INFO - Removed checkpoint: experiments/grid-search/distilbert-base-cased/kaggle/prep1_aug1/seed_67351593/checkpoint-3965
2026-03-24 04:32:43,817 - cyberbully - INFO - Removed checkpoint: experiments/grid-search/distilbert-base-cased/kaggle/prep1_aug1/seed_67351593/checkpoint-1586
2026-03-24 04:32:43,856 - cyberbully - INFO - Removed checkpoint: experiments/grid-search/distilbert-base-cased/kaggle/prep1_aug1/seed_67351593/checkpoint-4758
2026-03-24 04:32:44,585 - cyberbully - INFO - Removed checkpoint: experiments/grid-search/distilbert-base-cased/kaggle/prep1_aug1/seed_67351593/checkpoint-7137
2026-03-24 04:32:44,643 - cyberbully - INFO - Removed checkpoint: experiments/grid-search/distilbert-base-cased/kaggle/prep1_aug1/seed_67351593/checkpoint-7930
2026-03-24 04:32:44,683 - cyberbully - INFO - Removed checkpoint: experiments/grid-search/distilbert-base-cased/kaggle/prep1_aug1/seed_67351593/checkpoint-3172
2026-03-24 04:32:44,724 - cyberbully - INFO - Removed checkpoint: experiments/grid-search/distilbert-base-cased/kaggle/prep1_aug1/seed_67351593/checkpoint-2379
2026-03-24 04:32:44,766 - cyberbully - INFO - Removed checkpoint: experiments/grid-search/distilbert-base-cased/kaggle/prep1_aug1/seed_67351593/checkpoint-793
2026-03-24 04:32:44,804 - cyberbully - INFO - Removed checkpoint: experiments/grid-search/distilbert-base-cased/kaggle/prep1_aug1/seed_67351593/checkpoint-6344
2026-03-24 04:32:44,804 - cyberbully - INFO - Step 5: Evaluating on test set...
2026-03-24 04:32:51,872 - cyberbully - INFO - Metrics saved to experiments/grid-search/distilbert-base-cased/kaggle/prep1_aug1/seed_67351593/metrics.json
2026-03-24 04:32:51,873 - cyberbully - INFO - Confusion matrix saved to experiments/grid-search/distilbert-base-cased/kaggle/prep1_aug1/seed_67351593/confusion_matrix.json
2026-03-24 04:32:51,943 - cyberbully - INFO - Per-sample predictions saved to experiments/grid-search/distilbert-base-cased/kaggle/prep1_aug1/seed_67351593/predictions.json
2026-03-24 04:32:52,043 - cyberbully - INFO - Confusion matrix figure saved to experiments/grid-search/distilbert-base-cased/kaggle/prep1_aug1/seed_67351593/confusion_matrix.pdf
2026-03-24 04:32:52,043 - cyberbully - INFO - Accuracy: 0.9531
2026-03-24 04:32:52,043 - cyberbully - INFO - Weighted F1: 0.9532
2026-03-24 04:32:52,043 - cyberbully - INFO - Micro F1: 0.9531
2026-03-24 04:32:52,043 - cyberbully - INFO - Inference time: 2.76 seconds
2026-03-24 04:32:52,043 - cyberbully - INFO - Energy consumption: 0.000183 kWh
2026-03-24 04:32:52,045 - cyberbully - INFO - ============================================================
2026-03-24 04:32:52,045 - cyberbully - INFO - Pipeline complete. Results saved to: experiments/grid-search/distilbert-base-cased/kaggle/prep1_aug1/seed_67351593
2026-03-24 04:32:52,045 - cyberbully - INFO - ============================================================
