2026-06-15 06:34:58,084 - cyberbully - INFO - ============================================================
2026-06-15 06:34:58,084 - cyberbully - INFO - Cyberbullying Detection Pipeline
2026-06-15 06:34:58,084 - cyberbully - INFO - ============================================================
2026-06-15 06:34:58,084 - cyberbully - INFO - Configuration:
2026-06-15 06:34:58,084 - cyberbully - INFO -   model          : roberta-base
2026-06-15 06:34:58,084 - cyberbully - INFO -   dataset        : tweeteval
2026-06-15 06:34:58,084 - cyberbully - INFO -   preprocess     : False
2026-06-15 06:34:58,084 - cyberbully - INFO -   prep_mode      : 2
2026-06-15 06:34:58,084 - cyberbully - INFO -   augment        : False
2026-06-15 06:34:58,084 - cyberbully - INFO -   compute_attribution: False
2026-06-15 06:34:58,084 - cyberbully - INFO -   seed           : 70681460
2026-06-15 06:34:58,084 - cyberbully - INFO -   epochs         : 10
2026-06-15 06:34:58,084 - cyberbully - INFO -   batch_size     : 32
2026-06-15 06:34:58,084 - cyberbully - INFO -   lr             : 5e-05
2026-06-15 06:34:58,084 - cyberbully - INFO -   max_length     : 128
2026-06-15 06:34:58,084 - cyberbully - INFO -   output_dir     : grid-search
2026-06-15 06:34:58,084 - cyberbully - INFO -   data_dir       : dataset
2026-06-15 06:34:58,084 - cyberbully - INFO -   sbert          : False
2026-06-15 06:34:58,084 - cyberbully - INFO -   supcon         : False
2026-06-15 06:34:58,084 - cyberbully - INFO -   supcon_weight  : 0.1
2026-06-15 06:34:58,084 - cyberbully - INFO -   proj_dim       : 128
2026-06-15 06:34:58,084 - cyberbully - INFO -   grad_accum_steps: 1
2026-06-15 06:34:58,084 - cyberbully - INFO -   overwrite      : False
2026-06-15 06:34:58,084 - cyberbully - INFO -   device         : cuda
2026-06-15 06:34:58,084 - cyberbully - INFO -   output_dir     : experiments/grid-search/roberta-base/tweeteval/prep2_aug0/seed_70681460
2026-06-15 06:34:58,084 - cyberbully - INFO - ============================================================
2026-06-15 06:34:58,084 - cyberbully - INFO - Step 1: Preparing data...
2026-06-15 06:34:58,140 - cyberbully - INFO - Loaded pre-split data from dataset/tweeteval — train: 32485, val: 8122, test: 10152
2026-06-15 06:34:58,140 - cyberbully - INFO - Label mapping: {'emotion': 0, 'hate': 1, 'offensive': 2, 'religion': 3, 'spiritual': 4}
2026-06-15 06:34:58,141 - cyberbully - INFO - Applying partial text preprocessing per split...
2026-06-15 06:34:59,968 - cyberbully - INFO - After preprocessing -- train: 32485, val: 8122, test: 10152
2026-06-15 06:34:59,973 - cyberbully - INFO - Number of classes: 5
2026-06-15 06:34:59,975 - cyberbully - INFO - Step 2: Loading model and tokenizer...
2026-06-15 06:34:59,975 - cyberbully - INFO - Loading model 'roberta-base' with 5 labels (sbert=False, supcon=False)
2026-06-15 06:35:01,613 - cyberbully - INFO - Step 3: Creating datasets...
2026-06-15 06:35:02,323 - cyberbully - INFO - Dataset sizes — train: 32485, val: 8122, test: 10152
2026-06-15 06:35:02,323 - cyberbully - INFO - Step 4: Training...
2026-06-15 06:35:02,524 - cyberbully - INFO - Starting training...
2026-06-15 06:50:30,458 - cyberbully - INFO - Training complete.
2026-06-15 06:50:30,554 - cyberbully - INFO - Removed checkpoint: experiments/grid-search/roberta-base/tweeteval/prep2_aug0/seed_70681460/checkpoint-2032
2026-06-15 06:50:30,649 - cyberbully - INFO - Removed checkpoint: experiments/grid-search/roberta-base/tweeteval/prep2_aug0/seed_70681460/checkpoint-6096
2026-06-15 06:50:30,747 - cyberbully - INFO - Removed checkpoint: experiments/grid-search/roberta-base/tweeteval/prep2_aug0/seed_70681460/checkpoint-3048
2026-06-15 06:50:30,842 - cyberbully - INFO - Removed checkpoint: experiments/grid-search/roberta-base/tweeteval/prep2_aug0/seed_70681460/checkpoint-9144
2026-06-15 06:50:30,935 - cyberbully - INFO - Removed checkpoint: experiments/grid-search/roberta-base/tweeteval/prep2_aug0/seed_70681460/checkpoint-5080
2026-06-15 06:50:31,028 - cyberbully - INFO - Removed checkpoint: experiments/grid-search/roberta-base/tweeteval/prep2_aug0/seed_70681460/checkpoint-8128
2026-06-15 06:50:31,125 - cyberbully - INFO - Removed checkpoint: experiments/grid-search/roberta-base/tweeteval/prep2_aug0/seed_70681460/checkpoint-4064
2026-06-15 06:50:31,223 - cyberbully - INFO - Removed checkpoint: experiments/grid-search/roberta-base/tweeteval/prep2_aug0/seed_70681460/checkpoint-1016
2026-06-15 06:50:31,316 - cyberbully - INFO - Removed checkpoint: experiments/grid-search/roberta-base/tweeteval/prep2_aug0/seed_70681460/checkpoint-7112
2026-06-15 06:50:31,431 - cyberbully - INFO - Removed checkpoint: experiments/grid-search/roberta-base/tweeteval/prep2_aug0/seed_70681460/checkpoint-10160
2026-06-15 06:50:31,431 - cyberbully - INFO - Step 5: Evaluating on test set...
2026-06-15 06:50:43,440 - cyberbully - INFO - Metrics saved to experiments/grid-search/roberta-base/tweeteval/prep2_aug0/seed_70681460/metrics.json
2026-06-15 06:50:43,440 - cyberbully - INFO - Confusion matrix saved to experiments/grid-search/roberta-base/tweeteval/prep2_aug0/seed_70681460/confusion_matrix.json
2026-06-15 06:50:43,561 - cyberbully - INFO - Per-sample predictions saved to experiments/grid-search/roberta-base/tweeteval/prep2_aug0/seed_70681460/predictions.json
2026-06-15 06:50:43,679 - cyberbully - INFO - Confusion matrix figure saved to experiments/grid-search/roberta-base/tweeteval/prep2_aug0/seed_70681460/confusion_matrix.pdf
2026-06-15 06:50:43,680 - cyberbully - INFO - Accuracy: 0.9421
2026-06-15 06:50:43,680 - cyberbully - INFO - Weighted F1: 0.9423
2026-06-15 06:50:43,680 - cyberbully - INFO - Micro F1: 0.9421
2026-06-15 06:50:43,680 - cyberbully - INFO - Inference time: 5.87 seconds
2026-06-15 06:50:43,680 - cyberbully - INFO - Energy consumption: 0.000345 kWh
2026-06-15 06:50:43,682 - cyberbully - INFO - ============================================================
2026-06-15 06:50:43,682 - cyberbully - INFO - Pipeline complete. Results saved to: experiments/grid-search/roberta-base/tweeteval/prep2_aug0/seed_70681460
2026-06-15 06:50:43,682 - cyberbully - INFO - ============================================================
