2026-02-18 04:41:41,670 - cyberbully - INFO - ============================================================
2026-02-18 04:41:41,670 - cyberbully - INFO - Cyberbullying Detection Pipeline
2026-02-18 04:41:41,670 - cyberbully - INFO - ============================================================
2026-02-18 04:41:41,670 - cyberbully - INFO - Configuration:
2026-02-18 04:41:41,670 - cyberbully - INFO -   model          : Twitter/twhin-bert-base
2026-02-18 04:41:41,670 - cyberbully - INFO -   dataset        : tweeteval
2026-02-18 04:41:41,670 - cyberbully - INFO -   preprocess     : False
2026-02-18 04:41:41,670 - cyberbully - INFO -   augment        : False
2026-02-18 04:41:41,670 - cyberbully - INFO -   compute_attribution: False
2026-02-18 04:41:41,670 - cyberbully - INFO -   seed           : 99511865
2026-02-18 04:41:41,670 - cyberbully - INFO -   epochs         : 5
2026-02-18 04:41:41,670 - cyberbully - INFO -   batch_size     : 16
2026-02-18 04:41:41,670 - cyberbully - INFO -   lr             : 2e-05
2026-02-18 04:41:41,670 - cyberbully - INFO -   max_length     : 128
2026-02-18 04:41:41,670 - cyberbully - INFO -   output_dir     : domain-model
2026-02-18 04:41:41,670 - cyberbully - INFO -   data_dir       : dataset
2026-02-18 04:41:41,670 - cyberbully - INFO -   sbert          : False
2026-02-18 04:41:41,670 - cyberbully - INFO -   overwrite      : False
2026-02-18 04:41:41,670 - cyberbully - INFO -   device         : cuda
2026-02-18 04:41:41,670 - cyberbully - INFO -   output_dir     : experiments/domain-model/Twitter_twhin-bert-base/tweeteval/prep0_aug0/seed_99511865
2026-02-18 04:41:41,670 - cyberbully - INFO - ============================================================
2026-02-18 04:41:41,670 - cyberbully - INFO - Step 1: Preparing data...
2026-02-18 04:41:41,670 - cyberbully - INFO - Loading dataset 'tweeteval' from dataset/Tweeteval.csv
2026-02-18 04:41:41,741 - cyberbully - INFO - Loaded 50759 samples with 5 classes: ['emotion', 'hate', 'offensive', 'religion', 'spiritual']
2026-02-18 04:41:41,744 - cyberbully - INFO - Label mapping: {'emotion': 0, 'hate': 1, 'offensive': 2, 'religion': 3, 'spiritual': 4}
2026-02-18 04:41:41,757 - cyberbully - INFO - Split sizes — train: 32485, val: 8122, test: 10152
2026-02-18 04:41:41,757 - cyberbully - INFO - Number of classes: 5
2026-02-18 04:41:41,759 - cyberbully - INFO - Step 2: Loading model and tokenizer...
2026-02-18 04:41:41,759 - cyberbully - INFO - Loading model 'Twitter/twhin-bert-base' with 5 labels (sbert=False)
2026-02-18 04:41:43,075 - cyberbully - INFO - Step 3: Creating datasets...
2026-02-18 04:41:44,085 - cyberbully - INFO - Dataset sizes — train: 32485, val: 8122, test: 10152
2026-02-18 04:41:44,085 - cyberbully - INFO - Step 4: Training...
2026-02-18 04:41:44,397 - cyberbully - INFO - Starting training...
2026-02-18 04:56:29,430 - cyberbully - INFO - Training complete.
2026-02-18 04:56:29,430 - cyberbully - INFO - Step 5: Evaluating on test set...
2026-02-18 04:56:42,058 - cyberbully - INFO - Metrics saved to experiments/domain-model/Twitter_twhin-bert-base/tweeteval/prep0_aug0/seed_99511865/metrics.json
2026-02-18 04:56:42,058 - cyberbully - INFO - Confusion matrix saved to experiments/domain-model/Twitter_twhin-bert-base/tweeteval/prep0_aug0/seed_99511865/confusion_matrix.json
2026-02-18 04:56:42,159 - cyberbully - INFO - Confusion matrix figure saved to experiments/domain-model/Twitter_twhin-bert-base/tweeteval/prep0_aug0/seed_99511865/confusion_matrix.pdf
2026-02-18 04:56:42,159 - cyberbully - INFO - Accuracy: 0.9729
2026-02-18 04:56:42,159 - cyberbully - INFO - Weighted F1: 0.9728
2026-02-18 04:56:42,159 - cyberbully - INFO - Micro F1: 0.9729
2026-02-18 04:56:42,159 - cyberbully - INFO - Inference time: 8.29 seconds
2026-02-18 04:56:42,159 - cyberbully - INFO - Energy consumption: 0.000502 kWh
2026-02-18 04:56:42,159 - cyberbully - INFO - ============================================================
2026-02-18 04:56:42,159 - cyberbully - INFO - Pipeline complete. Results saved to: experiments/domain-model/Twitter_twhin-bert-base/tweeteval/prep0_aug0/seed_99511865
2026-02-18 04:56:42,159 - cyberbully - INFO - ============================================================
