2026-05-23 08:15:27,533 - cyberbully - INFO - ============================================================
2026-05-23 08:15:27,533 - cyberbully - INFO - Cyberbullying Detection Pipeline
2026-05-23 08:15:27,533 - cyberbully - INFO - ============================================================
2026-05-23 08:15:27,533 - cyberbully - INFO - Configuration:
2026-05-23 08:15:27,533 - cyberbully - INFO -   model          : albert/albert-base-v2
2026-05-23 08:15:27,533 - cyberbully - INFO -   dataset        : kaggle
2026-05-23 08:15:27,533 - cyberbully - INFO -   preprocess     : True
2026-05-23 08:15:27,533 - cyberbully - INFO -   augment        : False
2026-05-23 08:15:27,533 - cyberbully - INFO -   compute_attribution: False
2026-05-23 08:15:27,533 - cyberbully - INFO -   seed           : 90995999
2026-05-23 08:15:27,533 - cyberbully - INFO -   epochs         : 10
2026-05-23 08:15:27,533 - cyberbully - INFO -   batch_size     : 32
2026-05-23 08:15:27,533 - cyberbully - INFO -   lr             : 5e-05
2026-05-23 08:15:27,533 - cyberbully - INFO -   max_length     : 128
2026-05-23 08:15:27,533 - cyberbully - INFO -   output_dir     : grid-search
2026-05-23 08:15:27,533 - cyberbully - INFO -   data_dir       : dataset
2026-05-23 08:15:27,533 - cyberbully - INFO -   sbert          : False
2026-05-23 08:15:27,533 - cyberbully - INFO -   supcon         : False
2026-05-23 08:15:27,533 - cyberbully - INFO -   supcon_weight  : 0.1
2026-05-23 08:15:27,533 - cyberbully - INFO -   proj_dim       : 128
2026-05-23 08:15:27,533 - cyberbully - INFO -   grad_accum_steps: 1
2026-05-23 08:15:27,533 - cyberbully - INFO -   overwrite      : True
2026-05-23 08:15:27,533 - cyberbully - INFO -   device         : cuda
2026-05-23 08:15:27,533 - cyberbully - INFO -   output_dir     : experiments/grid-search/albert_albert-base-v2/kaggle/prep1_aug0/seed_90995999
2026-05-23 08:15:27,533 - cyberbully - INFO - ============================================================
2026-05-23 08:15:27,533 - cyberbully - INFO - Step 1: Preparing data...
2026-05-23 08:15:27,579 - cyberbully - INFO - Loaded pre-split data from dataset/kaggle — train: 25604, val: 6401, test: 8002
2026-05-23 08:15:27,579 - cyberbully - INFO - Label mapping: {'age': 0, 'ethnicity': 1, 'gender': 2, 'other_cyberbullying': 3, 'religion': 4}
2026-05-23 08:15:27,580 - cyberbully - INFO - Applying text preprocessing per split...
2026-05-23 08:15:32,100 - cyberbully - INFO - After preprocessing -- train: 25604, val: 6401, test: 8002
2026-05-23 08:15:32,103 - cyberbully - INFO - Number of classes: 5
2026-05-23 08:15:32,104 - cyberbully - INFO - Step 2: Loading model and tokenizer...
2026-05-23 08:15:32,105 - cyberbully - INFO - Loading model 'albert/albert-base-v2' with 5 labels (sbert=False, supcon=False)
2026-05-23 08:15:33,170 - cyberbully - INFO - Step 3: Creating datasets...
2026-05-23 08:15:33,905 - cyberbully - INFO - Dataset sizes — train: 25604, val: 6401, test: 8002
2026-05-23 08:15:33,905 - cyberbully - INFO - Step 4: Training...
2026-05-23 08:15:34,064 - cyberbully - INFO - Starting training...
2026-05-23 08:29:07,268 - cyberbully - INFO - Training complete.
2026-05-23 08:29:07,275 - cyberbully - INFO - Removed checkpoint: experiments/grid-search/albert_albert-base-v2/kaggle/prep1_aug0/seed_90995999/checkpoint-5607
2026-05-23 08:29:07,283 - cyberbully - INFO - Removed checkpoint: experiments/grid-search/albert_albert-base-v2/kaggle/prep1_aug0/seed_90995999/checkpoint-8010
2026-05-23 08:29:07,290 - cyberbully - INFO - Removed checkpoint: experiments/grid-search/albert_albert-base-v2/kaggle/prep1_aug0/seed_90995999/checkpoint-6408
2026-05-23 08:29:07,298 - cyberbully - INFO - Removed checkpoint: experiments/grid-search/albert_albert-base-v2/kaggle/prep1_aug0/seed_90995999/checkpoint-1602
2026-05-23 08:29:07,305 - cyberbully - INFO - Removed checkpoint: experiments/grid-search/albert_albert-base-v2/kaggle/prep1_aug0/seed_90995999/checkpoint-3204
2026-05-23 08:29:07,312 - cyberbully - INFO - Removed checkpoint: experiments/grid-search/albert_albert-base-v2/kaggle/prep1_aug0/seed_90995999/checkpoint-7209
2026-05-23 08:29:07,319 - cyberbully - INFO - Removed checkpoint: experiments/grid-search/albert_albert-base-v2/kaggle/prep1_aug0/seed_90995999/checkpoint-4005
2026-05-23 08:29:07,326 - cyberbully - INFO - Removed checkpoint: experiments/grid-search/albert_albert-base-v2/kaggle/prep1_aug0/seed_90995999/checkpoint-4806
2026-05-23 08:29:07,334 - cyberbully - INFO - Removed checkpoint: experiments/grid-search/albert_albert-base-v2/kaggle/prep1_aug0/seed_90995999/checkpoint-801
2026-05-23 08:29:07,341 - cyberbully - INFO - Removed checkpoint: experiments/grid-search/albert_albert-base-v2/kaggle/prep1_aug0/seed_90995999/checkpoint-2403
2026-05-23 08:29:07,341 - cyberbully - INFO - Step 5: Evaluating on test set...
2026-05-23 08:29:21,494 - cyberbully - INFO - Metrics saved to experiments/grid-search/albert_albert-base-v2/kaggle/prep1_aug0/seed_90995999/metrics.json
2026-05-23 08:29:21,494 - cyberbully - INFO - Confusion matrix saved to experiments/grid-search/albert_albert-base-v2/kaggle/prep1_aug0/seed_90995999/confusion_matrix.json
2026-05-23 08:29:21,574 - cyberbully - INFO - Per-sample predictions saved to experiments/grid-search/albert_albert-base-v2/kaggle/prep1_aug0/seed_90995999/predictions.json
2026-05-23 08:29:21,678 - cyberbully - INFO - Confusion matrix figure saved to experiments/grid-search/albert_albert-base-v2/kaggle/prep1_aug0/seed_90995999/confusion_matrix.pdf
2026-05-23 08:29:21,678 - cyberbully - INFO - Accuracy: 0.9425
2026-05-23 08:29:21,678 - cyberbully - INFO - Weighted F1: 0.9428
2026-05-23 08:29:21,678 - cyberbully - INFO - Micro F1: 0.9425
2026-05-23 08:29:21,678 - cyberbully - INFO - Inference time: 7.95 seconds
2026-05-23 08:29:21,678 - cyberbully - INFO - Energy consumption: 0.000501 kWh
2026-05-23 08:29:21,680 - cyberbully - INFO - ============================================================
2026-05-23 08:29:21,680 - cyberbully - INFO - Pipeline complete. Results saved to: experiments/grid-search/albert_albert-base-v2/kaggle/prep1_aug0/seed_90995999
2026-05-23 08:29:21,680 - cyberbully - INFO - ============================================================
