2026-03-22 05:43:22,358 - cyberbully - INFO - ============================================================
2026-03-22 05:43:22,358 - cyberbully - INFO - Cyberbullying Detection Pipeline
2026-03-22 05:43:22,358 - cyberbully - INFO - ============================================================
2026-03-22 05:43:22,358 - cyberbully - INFO - Configuration:
2026-03-22 05:43:22,358 - cyberbully - INFO -   model          : albert/albert-base-v2
2026-03-22 05:43:22,358 - cyberbully - INFO -   dataset        : tweeteval
2026-03-22 05:43:22,358 - cyberbully - INFO -   preprocess     : True
2026-03-22 05:43:22,358 - cyberbully - INFO -   augment        : True
2026-03-22 05:43:22,358 - cyberbully - INFO -   compute_attribution: False
2026-03-22 05:43:22,358 - cyberbully - INFO -   seed           : 24677315
2026-03-22 05:43:22,358 - cyberbully - INFO -   epochs         : 10
2026-03-22 05:43:22,358 - cyberbully - INFO -   batch_size     : 32
2026-03-22 05:43:22,358 - cyberbully - INFO -   lr             : 5e-05
2026-03-22 05:43:22,358 - cyberbully - INFO -   max_length     : 128
2026-03-22 05:43:22,358 - cyberbully - INFO -   output_dir     : grid-search
2026-03-22 05:43:22,358 - cyberbully - INFO -   data_dir       : dataset
2026-03-22 05:43:22,358 - cyberbully - INFO -   sbert          : False
2026-03-22 05:43:22,358 - cyberbully - INFO -   supcon         : False
2026-03-22 05:43:22,358 - cyberbully - INFO -   supcon_weight  : 0.1
2026-03-22 05:43:22,358 - cyberbully - INFO -   proj_dim       : 128
2026-03-22 05:43:22,358 - cyberbully - INFO -   grad_accum_steps: 1
2026-03-22 05:43:22,358 - cyberbully - INFO -   overwrite      : False
2026-03-22 05:43:22,358 - cyberbully - INFO -   device         : cuda
2026-03-22 05:43:22,358 - cyberbully - INFO -   output_dir     : experiments/grid-search/albert_albert-base-v2/tweeteval/prep1_aug1/seed_24677315
2026-03-22 05:43:22,358 - cyberbully - INFO - ============================================================
2026-03-22 05:43:22,358 - cyberbully - INFO - Step 1: Preparing data...
2026-03-22 05:43:22,408 - cyberbully - INFO - Loaded pre-split data from dataset/tweeteval — train: 32485, val: 8122, test: 10152
2026-03-22 05:43:22,408 - cyberbully - INFO - Label mapping: {'emotion': 0, 'hate': 1, 'offensive': 2, 'religion': 3, 'spiritual': 4}
2026-03-22 05:43:22,408 - cyberbully - INFO - Applying text preprocessing per split...
2026-03-22 05:44:21,053 - cyberbully - INFO - After preprocessing — train: 30355, val: 7617, test: 9464
2026-03-22 05:44:21,055 - cyberbully - INFO - Applying training data augmentation (oversampling)...
2026-03-22 05:44:21,060 - cyberbully - INFO - After oversampling — class distribution: {0: 7759, 1: 7759, 2: 7759, 3: 7759, 4: 7759}
2026-03-22 05:44:21,069 - cyberbully - INFO - Number of classes: 5
2026-03-22 05:44:21,071 - cyberbully - INFO - Step 2: Loading model and tokenizer...
2026-03-22 05:44:21,071 - cyberbully - INFO - Loading model 'albert/albert-base-v2' with 5 labels (sbert=False, supcon=False)
2026-03-22 05:44:21,873 - cyberbully - INFO - Step 3: Creating datasets...
2026-03-22 05:44:22,848 - cyberbully - INFO - Dataset sizes — train: 38795, val: 7617, test: 9464
2026-03-22 05:44:22,849 - cyberbully - INFO - Step 4: Training...
2026-03-22 05:44:22,909 - cyberbully - INFO - Starting training...
2026-03-22 06:02:13,674 - cyberbully - INFO - Training complete.
2026-03-22 06:02:13,760 - cyberbully - INFO - Removed checkpoint: experiments/grid-search/albert_albert-base-v2/tweeteval/prep1_aug1/seed_24677315/checkpoint-12130
2026-03-22 06:02:13,770 - cyberbully - INFO - Removed checkpoint: experiments/grid-search/albert_albert-base-v2/tweeteval/prep1_aug1/seed_24677315/checkpoint-2426
2026-03-22 06:02:13,780 - cyberbully - INFO - Removed checkpoint: experiments/grid-search/albert_albert-base-v2/tweeteval/prep1_aug1/seed_24677315/checkpoint-3639
2026-03-22 06:02:13,790 - cyberbully - INFO - Removed checkpoint: experiments/grid-search/albert_albert-base-v2/tweeteval/prep1_aug1/seed_24677315/checkpoint-9704
2026-03-22 06:02:13,800 - cyberbully - INFO - Removed checkpoint: experiments/grid-search/albert_albert-base-v2/tweeteval/prep1_aug1/seed_24677315/checkpoint-8491
2026-03-22 06:02:13,809 - cyberbully - INFO - Removed checkpoint: experiments/grid-search/albert_albert-base-v2/tweeteval/prep1_aug1/seed_24677315/checkpoint-6065
2026-03-22 06:02:13,819 - cyberbully - INFO - Removed checkpoint: experiments/grid-search/albert_albert-base-v2/tweeteval/prep1_aug1/seed_24677315/checkpoint-7278
2026-03-22 06:02:13,829 - cyberbully - INFO - Removed checkpoint: experiments/grid-search/albert_albert-base-v2/tweeteval/prep1_aug1/seed_24677315/checkpoint-4852
2026-03-22 06:02:13,839 - cyberbully - INFO - Removed checkpoint: experiments/grid-search/albert_albert-base-v2/tweeteval/prep1_aug1/seed_24677315/checkpoint-1213
2026-03-22 06:02:13,849 - cyberbully - INFO - Removed checkpoint: experiments/grid-search/albert_albert-base-v2/tweeteval/prep1_aug1/seed_24677315/checkpoint-10917
2026-03-22 06:02:13,849 - cyberbully - INFO - Step 5: Evaluating on test set...
2026-03-22 06:02:27,503 - cyberbully - INFO - Metrics saved to experiments/grid-search/albert_albert-base-v2/tweeteval/prep1_aug1/seed_24677315/metrics.json
2026-03-22 06:02:27,503 - cyberbully - INFO - Confusion matrix saved to experiments/grid-search/albert_albert-base-v2/tweeteval/prep1_aug1/seed_24677315/confusion_matrix.json
2026-03-22 06:02:27,596 - cyberbully - INFO - Per-sample predictions saved to experiments/grid-search/albert_albert-base-v2/tweeteval/prep1_aug1/seed_24677315/predictions.json
2026-03-22 06:02:27,700 - cyberbully - INFO - Confusion matrix figure saved to experiments/grid-search/albert_albert-base-v2/tweeteval/prep1_aug1/seed_24677315/confusion_matrix.pdf
2026-03-22 06:02:27,700 - cyberbully - INFO - Accuracy: 0.9351
2026-03-22 06:02:27,700 - cyberbully - INFO - Weighted F1: 0.9358
2026-03-22 06:02:27,700 - cyberbully - INFO - Micro F1: 0.9351
2026-03-22 06:02:27,700 - cyberbully - INFO - Inference time: 8.45 seconds
2026-03-22 06:02:27,700 - cyberbully - INFO - Energy consumption: 0.000419 kWh
2026-03-22 06:02:27,702 - cyberbully - INFO - ============================================================
2026-03-22 06:02:27,702 - cyberbully - INFO - Pipeline complete. Results saved to: experiments/grid-search/albert_albert-base-v2/tweeteval/prep1_aug1/seed_24677315
2026-03-22 06:02:27,702 - cyberbully - INFO - ============================================================
