2026-06-16 03:48:38,277 - cyberbully - INFO - ============================================================
2026-06-16 03:48:38,277 - cyberbully - INFO - Cyberbullying Detection Pipeline
2026-06-16 03:48:38,277 - cyberbully - INFO - ============================================================
2026-06-16 03:48:38,277 - cyberbully - INFO - Configuration:
2026-06-16 03:48:38,277 - cyberbully - INFO -   model          : Twitter/twhin-bert-base
2026-06-16 03:48:38,277 - cyberbully - INFO -   dataset        : tweeteval
2026-06-16 03:48:38,277 - cyberbully - INFO -   preprocess     : False
2026-06-16 03:48:38,277 - cyberbully - INFO -   prep_mode      : 2
2026-06-16 03:48:38,277 - cyberbully - INFO -   augment        : False
2026-06-16 03:48:38,277 - cyberbully - INFO -   compute_attribution: False
2026-06-16 03:48:38,277 - cyberbully - INFO -   seed           : 99511865
2026-06-16 03:48:38,277 - cyberbully - INFO -   epochs         : 10
2026-06-16 03:48:38,277 - cyberbully - INFO -   batch_size     : 32
2026-06-16 03:48:38,277 - cyberbully - INFO -   lr             : 5e-05
2026-06-16 03:48:38,278 - cyberbully - INFO -   max_length     : 128
2026-06-16 03:48:38,278 - cyberbully - INFO -   output_dir     : grid-search
2026-06-16 03:48:38,278 - cyberbully - INFO -   data_dir       : dataset
2026-06-16 03:48:38,278 - cyberbully - INFO -   sbert          : False
2026-06-16 03:48:38,278 - cyberbully - INFO -   supcon         : False
2026-06-16 03:48:38,278 - cyberbully - INFO -   supcon_weight  : 0.1
2026-06-16 03:48:38,278 - cyberbully - INFO -   proj_dim       : 128
2026-06-16 03:48:38,278 - cyberbully - INFO -   grad_accum_steps: 1
2026-06-16 03:48:38,278 - cyberbully - INFO -   overwrite      : False
2026-06-16 03:48:38,278 - cyberbully - INFO -   device         : cuda
2026-06-16 03:48:38,278 - cyberbully - INFO -   output_dir     : experiments/grid-search/Twitter_twhin-bert-base/tweeteval/prep2_aug0/seed_99511865
2026-06-16 03:48:38,278 - cyberbully - INFO - ============================================================
2026-06-16 03:48:38,278 - cyberbully - INFO - Step 1: Preparing data...
2026-06-16 03:48:38,326 - cyberbully - INFO - Loaded pre-split data from dataset/tweeteval — train: 32485, val: 8122, test: 10152
2026-06-16 03:48:38,326 - cyberbully - INFO - Label mapping: {'emotion': 0, 'hate': 1, 'offensive': 2, 'religion': 3, 'spiritual': 4}
2026-06-16 03:48:38,327 - cyberbully - INFO - Applying partial text preprocessing per split...
2026-06-16 03:48:39,990 - cyberbully - INFO - After preprocessing -- train: 32485, val: 8122, test: 10152
2026-06-16 03:48:39,995 - cyberbully - INFO - Number of classes: 5
2026-06-16 03:48:39,996 - cyberbully - INFO - Step 2: Loading model and tokenizer...
2026-06-16 03:48:39,996 - cyberbully - INFO - Loading model 'Twitter/twhin-bert-base' with 5 labels (sbert=False, supcon=False)
2026-06-16 03:48:41,519 - cyberbully - INFO - Step 3: Creating datasets...
2026-06-16 03:48:42,534 - cyberbully - INFO - Dataset sizes — train: 32485, val: 8122, test: 10152
2026-06-16 03:48:42,534 - cyberbully - INFO - Step 4: Training...
2026-06-16 03:48:42,841 - cyberbully - INFO - Starting training...
2026-06-16 04:14:07,431 - cyberbully - INFO - Training complete.
2026-06-16 04:14:07,592 - cyberbully - INFO - Removed checkpoint: experiments/grid-search/Twitter_twhin-bert-base/tweeteval/prep2_aug0/seed_99511865/checkpoint-3048
2026-06-16 04:14:07,754 - cyberbully - INFO - Removed checkpoint: experiments/grid-search/Twitter_twhin-bert-base/tweeteval/prep2_aug0/seed_99511865/checkpoint-7112
2026-06-16 04:14:07,916 - cyberbully - INFO - Removed checkpoint: experiments/grid-search/Twitter_twhin-bert-base/tweeteval/prep2_aug0/seed_99511865/checkpoint-9144
2026-06-16 04:14:08,081 - cyberbully - INFO - Removed checkpoint: experiments/grid-search/Twitter_twhin-bert-base/tweeteval/prep2_aug0/seed_99511865/checkpoint-1016
2026-06-16 04:14:08,246 - cyberbully - INFO - Removed checkpoint: experiments/grid-search/Twitter_twhin-bert-base/tweeteval/prep2_aug0/seed_99511865/checkpoint-2032
2026-06-16 04:14:08,439 - cyberbully - INFO - Removed checkpoint: experiments/grid-search/Twitter_twhin-bert-base/tweeteval/prep2_aug0/seed_99511865/checkpoint-10160
2026-06-16 04:14:08,600 - cyberbully - INFO - Removed checkpoint: experiments/grid-search/Twitter_twhin-bert-base/tweeteval/prep2_aug0/seed_99511865/checkpoint-6096
2026-06-16 04:14:08,763 - cyberbully - INFO - Removed checkpoint: experiments/grid-search/Twitter_twhin-bert-base/tweeteval/prep2_aug0/seed_99511865/checkpoint-5080
2026-06-16 04:14:08,924 - cyberbully - INFO - Removed checkpoint: experiments/grid-search/Twitter_twhin-bert-base/tweeteval/prep2_aug0/seed_99511865/checkpoint-8128
2026-06-16 04:14:09,087 - cyberbully - INFO - Removed checkpoint: experiments/grid-search/Twitter_twhin-bert-base/tweeteval/prep2_aug0/seed_99511865/checkpoint-4064
2026-06-16 04:14:09,087 - cyberbully - INFO - Step 5: Evaluating on test set...
2026-06-16 04:14:24,996 - cyberbully - INFO - Metrics saved to experiments/grid-search/Twitter_twhin-bert-base/tweeteval/prep2_aug0/seed_99511865/metrics.json
2026-06-16 04:14:24,996 - cyberbully - INFO - Confusion matrix saved to experiments/grid-search/Twitter_twhin-bert-base/tweeteval/prep2_aug0/seed_99511865/confusion_matrix.json
2026-06-16 04:14:25,107 - cyberbully - INFO - Per-sample predictions saved to experiments/grid-search/Twitter_twhin-bert-base/tweeteval/prep2_aug0/seed_99511865/predictions.json
2026-06-16 04:14:25,215 - cyberbully - INFO - Confusion matrix figure saved to experiments/grid-search/Twitter_twhin-bert-base/tweeteval/prep2_aug0/seed_99511865/confusion_matrix.pdf
2026-06-16 04:14:25,216 - cyberbully - INFO - Accuracy: 0.9419
2026-06-16 04:14:25,216 - cyberbully - INFO - Weighted F1: 0.9417
2026-06-16 04:14:25,216 - cyberbully - INFO - Micro F1: 0.9419
2026-06-16 04:14:25,216 - cyberbully - INFO - Inference time: 9.79 seconds
2026-06-16 04:14:25,216 - cyberbully - INFO - Energy consumption: 0.000607 kWh
2026-06-16 04:14:25,218 - cyberbully - INFO - ============================================================
2026-06-16 04:14:25,218 - cyberbully - INFO - Pipeline complete. Results saved to: experiments/grid-search/Twitter_twhin-bert-base/tweeteval/prep2_aug0/seed_99511865
2026-06-16 04:14:25,218 - cyberbully - INFO - ============================================================
