2026-03-25 12:45:50,290 - cyberbully - INFO - Model 'all-MiniLM-L12-v2' detected as SBERT-based. Using SBERTClassifier pipeline.
2026-03-25 12:45:50,290 - cyberbully - INFO - ============================================================
2026-03-25 12:45:50,290 - cyberbully - INFO - Cyberbullying Detection Pipeline
2026-03-25 12:45:50,290 - cyberbully - INFO - ============================================================
2026-03-25 12:45:50,290 - cyberbully - INFO - Configuration:
2026-03-25 12:45:50,290 - cyberbully - INFO -   model          : all-MiniLM-L12-v2
2026-03-25 12:45:50,290 - cyberbully - INFO -   dataset        : kaggle
2026-03-25 12:45:50,290 - cyberbully - INFO -   preprocess     : False
2026-03-25 12:45:50,290 - cyberbully - INFO -   augment        : True
2026-03-25 12:45:50,290 - cyberbully - INFO -   compute_attribution: False
2026-03-25 12:45:50,290 - cyberbully - INFO -   seed           : 37622020
2026-03-25 12:45:50,290 - cyberbully - INFO -   epochs         : 10
2026-03-25 12:45:50,290 - cyberbully - INFO -   batch_size     : 32
2026-03-25 12:45:50,290 - cyberbully - INFO -   lr             : 5e-05
2026-03-25 12:45:50,290 - cyberbully - INFO -   max_length     : 128
2026-03-25 12:45:50,290 - cyberbully - INFO -   output_dir     : grid-search
2026-03-25 12:45:50,290 - cyberbully - INFO -   data_dir       : dataset
2026-03-25 12:45:50,290 - cyberbully - INFO -   sbert          : True
2026-03-25 12:45:50,290 - cyberbully - INFO -   supcon         : False
2026-03-25 12:45:50,290 - cyberbully - INFO -   supcon_weight  : 0.1
2026-03-25 12:45:50,290 - cyberbully - INFO -   proj_dim       : 128
2026-03-25 12:45:50,290 - cyberbully - INFO -   grad_accum_steps: 1
2026-03-25 12:45:50,290 - cyberbully - INFO -   overwrite      : False
2026-03-25 12:45:50,290 - cyberbully - INFO -   device         : cuda
2026-03-25 12:45:50,290 - cyberbully - INFO -   output_dir     : experiments/grid-search/all-MiniLM-L12-v2/kaggle/prep0_aug1/seed_37622020
2026-03-25 12:45:50,290 - cyberbully - INFO - ============================================================
2026-03-25 12:45:50,290 - cyberbully - INFO - Step 1: Preparing data...
2026-03-25 12:45:50,339 - cyberbully - INFO - Loaded pre-split data from dataset/kaggle — train: 25604, val: 6401, test: 8002
2026-03-25 12:45:50,339 - cyberbully - INFO - Label mapping: {'age': 0, 'ethnicity': 1, 'gender': 2, 'other_cyberbullying': 3, 'religion': 4}
2026-03-25 12:45:50,341 - cyberbully - INFO - Applying training data augmentation (oversampling)...
2026-03-25 12:45:50,345 - cyberbully - INFO - After oversampling — class distribution: {0: 5123, 1: 5123, 2: 5123, 3: 5123, 4: 5123}
2026-03-25 12:45:50,355 - cyberbully - INFO - Number of classes: 5
2026-03-25 12:45:50,357 - cyberbully - INFO - Step 2: Loading model and tokenizer...
2026-03-25 12:45:50,357 - cyberbully - INFO - Loading model 'all-MiniLM-L12-v2' with 5 labels (sbert=True, supcon=False)
2026-03-25 12:45:52,987 - cyberbully - INFO - SBERTClassifier: embedding_dim=384, hidden=256, proj_dim=None, num_labels=5
2026-03-25 12:45:53,285 - cyberbully - INFO - Step 3: Creating datasets...
2026-03-25 12:45:54,157 - cyberbully - INFO - Dataset sizes — train: 25615, val: 6401, test: 8002
2026-03-25 12:45:54,157 - cyberbully - INFO - Step 4: Training...
2026-03-25 12:45:54,200 - cyberbully - INFO - Starting training...
2026-03-25 12:51:43,096 - cyberbully - INFO - Training complete.
2026-03-25 12:51:43,116 - cyberbully - INFO - Removed checkpoint: experiments/grid-search/all-MiniLM-L12-v2/kaggle/prep0_aug1/seed_37622020/checkpoint-5607
2026-03-25 12:51:43,139 - cyberbully - INFO - Removed checkpoint: experiments/grid-search/all-MiniLM-L12-v2/kaggle/prep0_aug1/seed_37622020/checkpoint-8010
2026-03-25 12:51:43,159 - cyberbully - INFO - Removed checkpoint: experiments/grid-search/all-MiniLM-L12-v2/kaggle/prep0_aug1/seed_37622020/checkpoint-6408
2026-03-25 12:51:43,179 - cyberbully - INFO - Removed checkpoint: experiments/grid-search/all-MiniLM-L12-v2/kaggle/prep0_aug1/seed_37622020/checkpoint-1602
2026-03-25 12:51:43,199 - cyberbully - INFO - Removed checkpoint: experiments/grid-search/all-MiniLM-L12-v2/kaggle/prep0_aug1/seed_37622020/checkpoint-3204
2026-03-25 12:51:43,896 - cyberbully - INFO - Removed checkpoint: experiments/grid-search/all-MiniLM-L12-v2/kaggle/prep0_aug1/seed_37622020/checkpoint-7209
2026-03-25 12:51:43,928 - cyberbully - INFO - Removed checkpoint: experiments/grid-search/all-MiniLM-L12-v2/kaggle/prep0_aug1/seed_37622020/checkpoint-4005
2026-03-25 12:51:43,948 - cyberbully - INFO - Removed checkpoint: experiments/grid-search/all-MiniLM-L12-v2/kaggle/prep0_aug1/seed_37622020/checkpoint-4806
2026-03-25 12:51:43,968 - cyberbully - INFO - Removed checkpoint: experiments/grid-search/all-MiniLM-L12-v2/kaggle/prep0_aug1/seed_37622020/checkpoint-801
2026-03-25 12:51:43,988 - cyberbully - INFO - Removed checkpoint: experiments/grid-search/all-MiniLM-L12-v2/kaggle/prep0_aug1/seed_37622020/checkpoint-2403
2026-03-25 12:51:43,988 - cyberbully - INFO - Step 5: Evaluating on test set...
2026-03-25 12:51:51,047 - cyberbully - INFO - Metrics saved to experiments/grid-search/all-MiniLM-L12-v2/kaggle/prep0_aug1/seed_37622020/metrics.json
2026-03-25 12:51:51,047 - cyberbully - INFO - Confusion matrix saved to experiments/grid-search/all-MiniLM-L12-v2/kaggle/prep0_aug1/seed_37622020/confusion_matrix.json
2026-03-25 12:51:51,125 - cyberbully - INFO - Per-sample predictions saved to experiments/grid-search/all-MiniLM-L12-v2/kaggle/prep0_aug1/seed_37622020/predictions.json
2026-03-25 12:51:51,227 - cyberbully - INFO - Confusion matrix figure saved to experiments/grid-search/all-MiniLM-L12-v2/kaggle/prep0_aug1/seed_37622020/confusion_matrix.pdf
2026-03-25 12:51:51,227 - cyberbully - INFO - Accuracy: 0.9546
2026-03-25 12:51:51,227 - cyberbully - INFO - Weighted F1: 0.9549
2026-03-25 12:51:51,227 - cyberbully - INFO - Micro F1: 0.9546
2026-03-25 12:51:51,228 - cyberbully - INFO - Inference time: 2.77 seconds
2026-03-25 12:51:51,228 - cyberbully - INFO - Energy consumption: 0.000191 kWh
2026-03-25 12:51:51,229 - cyberbully - INFO - ============================================================
2026-03-25 12:51:51,229 - cyberbully - INFO - Pipeline complete. Results saved to: experiments/grid-search/all-MiniLM-L12-v2/kaggle/prep0_aug1/seed_37622020
2026-03-25 12:51:51,229 - cyberbully - INFO - ============================================================
