2026-06-17 07:14:16,045 - cyberbully - INFO - ============================================================
2026-06-17 07:14:16,045 - cyberbully - INFO - Cyberbullying Detection Pipeline
2026-06-17 07:14:16,045 - cyberbully - INFO - ============================================================
2026-06-17 07:14:16,045 - cyberbully - INFO - Configuration:
2026-06-17 07:14:16,046 - cyberbully - INFO -   model          : xlnet-base-cased
2026-06-17 07:14:16,046 - cyberbully - INFO -   dataset        : ieee
2026-06-17 07:14:16,046 - cyberbully - INFO -   preprocess     : False
2026-06-17 07:14:16,046 - cyberbully - INFO -   prep_mode      : 2
2026-06-17 07:14:16,046 - cyberbully - INFO -   augment        : False
2026-06-17 07:14:16,046 - cyberbully - INFO -   compute_attribution: False
2026-06-17 07:14:16,046 - cyberbully - INFO -   seed           : 67351593
2026-06-17 07:14:16,046 - cyberbully - INFO -   epochs         : 10
2026-06-17 07:14:16,046 - cyberbully - INFO -   batch_size     : 32
2026-06-17 07:14:16,046 - cyberbully - INFO -   lr             : 5e-05
2026-06-17 07:14:16,046 - cyberbully - INFO -   max_length     : 128
2026-06-17 07:14:16,046 - cyberbully - INFO -   output_dir     : grid-search
2026-06-17 07:14:16,046 - cyberbully - INFO -   data_dir       : dataset
2026-06-17 07:14:16,046 - cyberbully - INFO -   sbert          : False
2026-06-17 07:14:16,046 - cyberbully - INFO -   supcon         : False
2026-06-17 07:14:16,046 - cyberbully - INFO -   supcon_weight  : 0.1
2026-06-17 07:14:16,046 - cyberbully - INFO -   proj_dim       : 128
2026-06-17 07:14:16,046 - cyberbully - INFO -   grad_accum_steps: 1
2026-06-17 07:14:16,046 - cyberbully - INFO -   overwrite      : False
2026-06-17 07:14:16,046 - cyberbully - INFO -   device         : cuda
2026-06-17 07:14:16,046 - cyberbully - INFO -   output_dir     : experiments/grid-search/xlnet-base-cased/ieee/prep2_aug0/seed_67351593
2026-06-17 07:14:16,046 - cyberbully - INFO - ============================================================
2026-06-17 07:14:16,046 - cyberbully - INFO - Step 1: Preparing data...
2026-06-17 07:14:16,050 - cyberbully - INFO - Loaded pre-split data from dataset/ieee — train: 1348, val: 338, test: 422
2026-06-17 07:14:16,050 - cyberbully - INFO - Label mapping: {'Cyberstalking': 0, 'Doxing': 1, 'Revenge Porn': 2, 'Sexual Harassment': 3, 'Slut Shaming': 4}
2026-06-17 07:14:16,050 - cyberbully - INFO - Applying partial text preprocessing per split...
2026-06-17 07:14:16,102 - cyberbully - INFO - After preprocessing -- train: 1348, val: 338, test: 422
2026-06-17 07:14:16,104 - cyberbully - INFO - Number of classes: 5
2026-06-17 07:14:16,105 - cyberbully - INFO - Step 2: Loading model and tokenizer...
2026-06-17 07:14:16,105 - cyberbully - INFO - Loading model 'xlnet-base-cased' with 5 labels (sbert=False, supcon=False)
2026-06-17 07:14:18,743 - cyberbully - INFO - Step 3: Creating datasets...
2026-06-17 07:14:18,776 - cyberbully - INFO - Dataset sizes — train: 1348, val: 338, test: 422
2026-06-17 07:14:18,776 - cyberbully - INFO - Step 4: Training...
2026-06-17 07:14:19,016 - cyberbully - INFO - Starting training...
2026-06-17 07:15:31,641 - cyberbully - INFO - Training complete.
2026-06-17 07:15:31,717 - cyberbully - INFO - Removed checkpoint: experiments/grid-search/xlnet-base-cased/ieee/prep2_aug0/seed_67351593/checkpoint-172
2026-06-17 07:15:31,799 - cyberbully - INFO - Removed checkpoint: experiments/grid-search/xlnet-base-cased/ieee/prep2_aug0/seed_67351593/checkpoint-258
2026-06-17 07:15:31,880 - cyberbully - INFO - Removed checkpoint: experiments/grid-search/xlnet-base-cased/ieee/prep2_aug0/seed_67351593/checkpoint-387
2026-06-17 07:15:32,126 - cyberbully - INFO - Removed checkpoint: experiments/grid-search/xlnet-base-cased/ieee/prep2_aug0/seed_67351593/checkpoint-43
2026-06-17 07:15:32,207 - cyberbully - INFO - Removed checkpoint: experiments/grid-search/xlnet-base-cased/ieee/prep2_aug0/seed_67351593/checkpoint-430
2026-06-17 07:15:32,291 - cyberbully - INFO - Removed checkpoint: experiments/grid-search/xlnet-base-cased/ieee/prep2_aug0/seed_67351593/checkpoint-301
2026-06-17 07:15:32,371 - cyberbully - INFO - Removed checkpoint: experiments/grid-search/xlnet-base-cased/ieee/prep2_aug0/seed_67351593/checkpoint-344
2026-06-17 07:15:32,834 - cyberbully - INFO - Removed checkpoint: experiments/grid-search/xlnet-base-cased/ieee/prep2_aug0/seed_67351593/checkpoint-129
2026-06-17 07:15:33,822 - cyberbully - INFO - Removed checkpoint: experiments/grid-search/xlnet-base-cased/ieee/prep2_aug0/seed_67351593/checkpoint-215
2026-06-17 07:15:33,891 - cyberbully - INFO - Removed checkpoint: experiments/grid-search/xlnet-base-cased/ieee/prep2_aug0/seed_67351593/checkpoint-86
2026-06-17 07:15:33,891 - cyberbully - INFO - Step 5: Evaluating on test set...
2026-06-17 07:15:40,522 - cyberbully - INFO - Metrics saved to experiments/grid-search/xlnet-base-cased/ieee/prep2_aug0/seed_67351593/metrics.json
2026-06-17 07:15:40,522 - cyberbully - INFO - Confusion matrix saved to experiments/grid-search/xlnet-base-cased/ieee/prep2_aug0/seed_67351593/confusion_matrix.json
2026-06-17 07:15:40,526 - cyberbully - INFO - Per-sample predictions saved to experiments/grid-search/xlnet-base-cased/ieee/prep2_aug0/seed_67351593/predictions.json
2026-06-17 07:15:40,633 - cyberbully - INFO - Confusion matrix figure saved to experiments/grid-search/xlnet-base-cased/ieee/prep2_aug0/seed_67351593/confusion_matrix.pdf
2026-06-17 07:15:40,633 - cyberbully - INFO - Accuracy: 0.8128
2026-06-17 07:15:40,633 - cyberbully - INFO - Weighted F1: 0.8118
2026-06-17 07:15:40,633 - cyberbully - INFO - Micro F1: 0.8128
2026-06-17 07:15:40,633 - cyberbully - INFO - Inference time: 0.57 seconds
2026-06-17 07:15:40,633 - cyberbully - INFO - Energy consumption: 0.000060 kWh
2026-06-17 07:15:40,634 - cyberbully - INFO - ============================================================
2026-06-17 07:15:40,634 - cyberbully - INFO - Pipeline complete. Results saved to: experiments/grid-search/xlnet-base-cased/ieee/prep2_aug0/seed_67351593
2026-06-17 07:15:40,634 - cyberbully - INFO - ============================================================
