2026-03-21 10:36:11,984 - cyberbully - INFO - ============================================================
2026-03-21 10:36:11,984 - cyberbully - INFO - Cyberbullying Detection Pipeline
2026-03-21 10:36:11,984 - cyberbully - INFO - ============================================================
2026-03-21 10:36:11,984 - cyberbully - INFO - Configuration:
2026-03-21 10:36:11,984 - cyberbully - INFO -   model          : albert/albert-base-v2
2026-03-21 10:36:11,984 - cyberbully - INFO -   dataset        : ieee
2026-03-21 10:36:11,984 - cyberbully - INFO -   preprocess     : False
2026-03-21 10:36:11,984 - cyberbully - INFO -   augment        : True
2026-03-21 10:36:11,985 - cyberbully - INFO -   compute_attribution: False
2026-03-21 10:36:11,985 - cyberbully - INFO -   seed           : 24677315
2026-03-21 10:36:11,985 - cyberbully - INFO -   epochs         : 10
2026-03-21 10:36:11,985 - cyberbully - INFO -   batch_size     : 32
2026-03-21 10:36:11,985 - cyberbully - INFO -   lr             : 5e-05
2026-03-21 10:36:11,985 - cyberbully - INFO -   max_length     : 128
2026-03-21 10:36:11,985 - cyberbully - INFO -   output_dir     : grid-search
2026-03-21 10:36:11,985 - cyberbully - INFO -   data_dir       : dataset
2026-03-21 10:36:11,985 - cyberbully - INFO -   sbert          : False
2026-03-21 10:36:11,985 - cyberbully - INFO -   supcon         : False
2026-03-21 10:36:11,985 - cyberbully - INFO -   supcon_weight  : 0.1
2026-03-21 10:36:11,985 - cyberbully - INFO -   proj_dim       : 128
2026-03-21 10:36:11,985 - cyberbully - INFO -   grad_accum_steps: 1
2026-03-21 10:36:11,985 - cyberbully - INFO -   overwrite      : False
2026-03-21 10:36:11,985 - cyberbully - INFO -   device         : cuda
2026-03-21 10:36:11,985 - cyberbully - INFO -   output_dir     : experiments/grid-search/albert_albert-base-v2/ieee/prep0_aug1/seed_24677315
2026-03-21 10:36:11,985 - cyberbully - INFO - ============================================================
2026-03-21 10:36:11,985 - cyberbully - INFO - Step 1: Preparing data...
2026-03-21 10:36:11,988 - cyberbully - INFO - Loaded pre-split data from dataset/ieee — train: 1348, val: 338, test: 422
2026-03-21 10:36:11,988 - cyberbully - INFO - Label mapping: {'Cyberstalking': 0, 'Doxing': 1, 'Revenge Porn': 2, 'Sexual Harassment': 3, 'Slut Shaming': 4}
2026-03-21 10:36:11,989 - cyberbully - INFO - Applying training data augmentation (oversampling)...
2026-03-21 10:36:11,991 - cyberbully - INFO - After oversampling — class distribution: {0: 316, 1: 316, 2: 316, 3: 316, 4: 316}
2026-03-21 10:36:11,992 - cyberbully - INFO - Number of classes: 5
2026-03-21 10:36:11,992 - cyberbully - INFO - Step 2: Loading model and tokenizer...
2026-03-21 10:36:11,992 - cyberbully - INFO - Loading model 'albert/albert-base-v2' with 5 labels (sbert=False, supcon=False)
2026-03-21 10:36:12,665 - cyberbully - INFO - Step 3: Creating datasets...
2026-03-21 10:36:12,695 - cyberbully - INFO - Dataset sizes — train: 1580, val: 338, test: 422
2026-03-21 10:36:12,695 - cyberbully - INFO - Step 4: Training...
2026-03-21 10:36:12,748 - cyberbully - INFO - Starting training...
2026-03-21 10:36:59,011 - cyberbully - INFO - Training complete.
2026-03-21 10:36:59,084 - cyberbully - INFO - Removed checkpoint: experiments/grid-search/albert_albert-base-v2/ieee/prep0_aug1/seed_24677315/checkpoint-500
2026-03-21 10:36:59,094 - cyberbully - INFO - Removed checkpoint: experiments/grid-search/albert_albert-base-v2/ieee/prep0_aug1/seed_24677315/checkpoint-50
2026-03-21 10:36:59,106 - cyberbully - INFO - Removed checkpoint: experiments/grid-search/albert_albert-base-v2/ieee/prep0_aug1/seed_24677315/checkpoint-250
2026-03-21 10:36:59,117 - cyberbully - INFO - Removed checkpoint: experiments/grid-search/albert_albert-base-v2/ieee/prep0_aug1/seed_24677315/checkpoint-150
2026-03-21 10:36:59,128 - cyberbully - INFO - Removed checkpoint: experiments/grid-search/albert_albert-base-v2/ieee/prep0_aug1/seed_24677315/checkpoint-350
2026-03-21 10:36:59,138 - cyberbully - INFO - Removed checkpoint: experiments/grid-search/albert_albert-base-v2/ieee/prep0_aug1/seed_24677315/checkpoint-200
2026-03-21 10:36:59,150 - cyberbully - INFO - Removed checkpoint: experiments/grid-search/albert_albert-base-v2/ieee/prep0_aug1/seed_24677315/checkpoint-400
2026-03-21 10:36:59,161 - cyberbully - INFO - Removed checkpoint: experiments/grid-search/albert_albert-base-v2/ieee/prep0_aug1/seed_24677315/checkpoint-300
2026-03-21 10:36:59,172 - cyberbully - INFO - Removed checkpoint: experiments/grid-search/albert_albert-base-v2/ieee/prep0_aug1/seed_24677315/checkpoint-100
2026-03-21 10:36:59,184 - cyberbully - INFO - Removed checkpoint: experiments/grid-search/albert_albert-base-v2/ieee/prep0_aug1/seed_24677315/checkpoint-450
2026-03-21 10:36:59,184 - cyberbully - INFO - Step 5: Evaluating on test set...
2026-03-21 10:37:04,776 - cyberbully - INFO - Metrics saved to experiments/grid-search/albert_albert-base-v2/ieee/prep0_aug1/seed_24677315/metrics.json
2026-03-21 10:37:04,776 - cyberbully - INFO - Confusion matrix saved to experiments/grid-search/albert_albert-base-v2/ieee/prep0_aug1/seed_24677315/confusion_matrix.json
2026-03-21 10:37:04,782 - cyberbully - INFO - Per-sample predictions saved to experiments/grid-search/albert_albert-base-v2/ieee/prep0_aug1/seed_24677315/predictions.json
2026-03-21 10:37:04,887 - cyberbully - INFO - Confusion matrix figure saved to experiments/grid-search/albert_albert-base-v2/ieee/prep0_aug1/seed_24677315/confusion_matrix.pdf
2026-03-21 10:37:04,887 - cyberbully - INFO - Accuracy: 0.8033
2026-03-21 10:37:04,888 - cyberbully - INFO - Weighted F1: 0.8060
2026-03-21 10:37:04,888 - cyberbully - INFO - Micro F1: 0.8033
2026-03-21 10:37:04,888 - cyberbully - INFO - Inference time: 0.38 seconds
2026-03-21 10:37:04,888 - cyberbully - INFO - Energy consumption: 0.000025 kWh
2026-03-21 10:37:04,888 - cyberbully - INFO - ============================================================
2026-03-21 10:37:04,888 - cyberbully - INFO - Pipeline complete. Results saved to: experiments/grid-search/albert_albert-base-v2/ieee/prep0_aug1/seed_24677315
2026-03-21 10:37:04,888 - cyberbully - INFO - ============================================================
