2026-03-27 12:25:29,570 - cyberbully - INFO - ============================================================
2026-03-27 12:25:29,570 - cyberbully - INFO - Cyberbullying Detection Pipeline
2026-03-27 12:25:29,570 - cyberbully - INFO - ============================================================
2026-03-27 12:25:29,570 - cyberbully - INFO - Configuration:
2026-03-27 12:25:29,570 - cyberbully - INFO -   model          : albert/albert-base-v2
2026-03-27 12:25:29,570 - cyberbully - INFO -   dataset        : tweeteval
2026-03-27 12:25:29,570 - cyberbully - INFO -   preprocess     : False
2026-03-27 12:25:29,570 - cyberbully - INFO -   augment        : False
2026-03-27 12:25:29,570 - cyberbully - INFO -   compute_attribution: False
2026-03-27 12:25:29,570 - cyberbully - INFO -   seed           : 67351593
2026-03-27 12:25:29,570 - cyberbully - INFO -   epochs         : 10
2026-03-27 12:25:29,570 - cyberbully - INFO -   batch_size     : 64
2026-03-27 12:25:29,570 - cyberbully - INFO -   lr             : 5e-05
2026-03-27 12:25:29,570 - cyberbully - INFO -   max_length     : 128
2026-03-27 12:25:29,570 - cyberbully - INFO -   output_dir     : supcon-grid
2026-03-27 12:25:29,570 - cyberbully - INFO -   data_dir       : dataset
2026-03-27 12:25:29,570 - cyberbully - INFO -   sbert          : False
2026-03-27 12:25:29,570 - cyberbully - INFO -   supcon         : False
2026-03-27 12:25:29,570 - cyberbully - INFO -   supcon_weight  : 0.1
2026-03-27 12:25:29,570 - cyberbully - INFO -   proj_dim       : 128
2026-03-27 12:25:29,570 - cyberbully - INFO -   grad_accum_steps: 1
2026-03-27 12:25:29,570 - cyberbully - INFO -   overwrite      : False
2026-03-27 12:25:29,570 - cyberbully - INFO -   device         : cuda
2026-03-27 12:25:29,570 - cyberbully - INFO -   output_dir     : experiments/supcon-grid/albert_albert-base-v2/tweeteval/prep0_aug0/seed_67351593
2026-03-27 12:25:29,570 - cyberbully - INFO - ============================================================
2026-03-27 12:25:29,570 - cyberbully - INFO - Step 1: Preparing data...
2026-03-27 12:25:29,619 - cyberbully - INFO - Loaded pre-split data from dataset/tweeteval — train: 32485, val: 8122, test: 10152
2026-03-27 12:25:29,620 - cyberbully - INFO - Label mapping: {'emotion': 0, 'hate': 1, 'offensive': 2, 'religion': 3, 'spiritual': 4}
2026-03-27 12:25:29,631 - cyberbully - INFO - Number of classes: 5
2026-03-27 12:25:29,632 - cyberbully - INFO - Step 2: Loading model and tokenizer...
2026-03-27 12:25:29,632 - cyberbully - INFO - Loading model 'albert/albert-base-v2' with 5 labels (sbert=False, supcon=False)
2026-03-27 12:25:30,497 - cyberbully - INFO - Step 3: Creating datasets...
2026-03-27 12:25:31,542 - cyberbully - INFO - Dataset sizes — train: 32485, val: 8122, test: 10152
2026-03-27 12:25:31,542 - cyberbully - INFO - Step 4: Training...
2026-03-27 12:25:31,601 - cyberbully - INFO - Starting training...
2026-03-27 12:41:10,121 - cyberbully - INFO - Training complete.
2026-03-27 12:41:10,130 - cyberbully - INFO - Removed checkpoint: experiments/supcon-grid/albert_albert-base-v2/tweeteval/prep0_aug0/seed_67351593/checkpoint-2032
2026-03-27 12:41:10,140 - cyberbully - INFO - Removed checkpoint: experiments/supcon-grid/albert_albert-base-v2/tweeteval/prep0_aug0/seed_67351593/checkpoint-3048
2026-03-27 12:41:10,149 - cyberbully - INFO - Removed checkpoint: experiments/supcon-grid/albert_albert-base-v2/tweeteval/prep0_aug0/seed_67351593/checkpoint-5080
2026-03-27 12:41:10,158 - cyberbully - INFO - Removed checkpoint: experiments/supcon-grid/albert_albert-base-v2/tweeteval/prep0_aug0/seed_67351593/checkpoint-2540
2026-03-27 12:41:10,168 - cyberbully - INFO - Removed checkpoint: experiments/supcon-grid/albert_albert-base-v2/tweeteval/prep0_aug0/seed_67351593/checkpoint-3556
2026-03-27 12:41:10,177 - cyberbully - INFO - Removed checkpoint: experiments/supcon-grid/albert_albert-base-v2/tweeteval/prep0_aug0/seed_67351593/checkpoint-4064
2026-03-27 12:41:10,187 - cyberbully - INFO - Removed checkpoint: experiments/supcon-grid/albert_albert-base-v2/tweeteval/prep0_aug0/seed_67351593/checkpoint-1524
2026-03-27 12:41:10,196 - cyberbully - INFO - Removed checkpoint: experiments/supcon-grid/albert_albert-base-v2/tweeteval/prep0_aug0/seed_67351593/checkpoint-4572
2026-03-27 12:41:10,205 - cyberbully - INFO - Removed checkpoint: experiments/supcon-grid/albert_albert-base-v2/tweeteval/prep0_aug0/seed_67351593/checkpoint-1016
2026-03-27 12:41:10,215 - cyberbully - INFO - Removed checkpoint: experiments/supcon-grid/albert_albert-base-v2/tweeteval/prep0_aug0/seed_67351593/checkpoint-508
2026-03-27 12:41:10,215 - cyberbully - INFO - Step 5: Evaluating on test set...
2026-03-27 12:41:23,175 - cyberbully - INFO - Metrics saved to experiments/supcon-grid/albert_albert-base-v2/tweeteval/prep0_aug0/seed_67351593/metrics.json
2026-03-27 12:41:23,175 - cyberbully - INFO - Confusion matrix saved to experiments/supcon-grid/albert_albert-base-v2/tweeteval/prep0_aug0/seed_67351593/confusion_matrix.json
2026-03-27 12:41:23,279 - cyberbully - INFO - Per-sample predictions saved to experiments/supcon-grid/albert_albert-base-v2/tweeteval/prep0_aug0/seed_67351593/predictions.json
2026-03-27 12:41:23,381 - cyberbully - INFO - Confusion matrix figure saved to experiments/supcon-grid/albert_albert-base-v2/tweeteval/prep0_aug0/seed_67351593/confusion_matrix.pdf
2026-03-27 12:41:23,381 - cyberbully - INFO - Accuracy: 0.9690
2026-03-27 12:41:23,381 - cyberbully - INFO - Weighted F1: 0.9691
2026-03-27 12:41:23,381 - cyberbully - INFO - Micro F1: 0.9690
2026-03-27 12:41:23,381 - cyberbully - INFO - Inference time: 8.73 seconds
2026-03-27 12:41:23,381 - cyberbully - INFO - Energy consumption: 0.000462 kWh
2026-03-27 12:41:23,383 - cyberbully - INFO - ============================================================
2026-03-27 12:41:23,383 - cyberbully - INFO - Pipeline complete. Results saved to: experiments/supcon-grid/albert_albert-base-v2/tweeteval/prep0_aug0/seed_67351593
2026-03-27 12:41:23,383 - cyberbully - INFO - ============================================================
