2026-04-16 12:30:19,084 - cyberbully - INFO - ============================================================
2026-04-16 12:30:19,085 - cyberbully - INFO - Cyberbullying Detection Pipeline
2026-04-16 12:30:19,085 - cyberbully - INFO - ============================================================
2026-04-16 12:30:19,085 - cyberbully - INFO - Configuration:
2026-04-16 12:30:19,085 - cyberbully - INFO -   model          : distilbert-base-uncased
2026-04-16 12:30:19,085 - cyberbully - INFO -   dataset        : ieee
2026-04-16 12:30:19,085 - cyberbully - INFO -   preprocess     : True
2026-04-16 12:30:19,085 - cyberbully - INFO -   augment        : False
2026-04-16 12:30:19,085 - cyberbully - INFO -   compute_attribution: False
2026-04-16 12:30:19,085 - cyberbully - INFO -   seed           : 24677315
2026-04-16 12:30:19,085 - cyberbully - INFO -   epochs         : 10
2026-04-16 12:30:19,085 - cyberbully - INFO -   batch_size     : 32
2026-04-16 12:30:19,085 - cyberbully - INFO -   lr             : 5e-05
2026-04-16 12:30:19,085 - cyberbully - INFO -   max_length     : 128
2026-04-16 12:30:19,085 - cyberbully - INFO -   output_dir     : grid-search
2026-04-16 12:30:19,085 - cyberbully - INFO -   data_dir       : dataset
2026-04-16 12:30:19,085 - cyberbully - INFO -   sbert          : False
2026-04-16 12:30:19,085 - cyberbully - INFO -   supcon         : False
2026-04-16 12:30:19,085 - cyberbully - INFO -   supcon_weight  : 0.1
2026-04-16 12:30:19,085 - cyberbully - INFO -   proj_dim       : 128
2026-04-16 12:30:19,085 - cyberbully - INFO -   grad_accum_steps: 1
2026-04-16 12:30:19,085 - cyberbully - INFO -   overwrite      : False
2026-04-16 12:30:19,085 - cyberbully - INFO -   device         : cuda
2026-04-16 12:30:19,085 - cyberbully - INFO -   output_dir     : experiments/grid-search/distilbert-base-uncased/ieee/prep1_aug0/seed_24677315
2026-04-16 12:30:19,085 - cyberbully - INFO - ============================================================
2026-04-16 12:30:19,085 - cyberbully - INFO - Step 1: Preparing data...
2026-04-16 12:30:19,088 - cyberbully - INFO - Loaded pre-split data from dataset/ieee — train: 1348, val: 338, test: 422
2026-04-16 12:30:19,089 - cyberbully - INFO - Label mapping: {'Cyberstalking': 0, 'Doxing': 1, 'Revenge Porn': 2, 'Sexual Harassment': 3, 'Slut Shaming': 4}
2026-04-16 12:30:19,089 - cyberbully - INFO - Applying text preprocessing per split...
2026-04-16 12:30:22,210 - cyberbully - INFO - After preprocessing — train: 1175, val: 305, test: 377
2026-04-16 12:30:22,212 - cyberbully - INFO - Number of classes: 5
2026-04-16 12:30:22,213 - cyberbully - INFO - Step 2: Loading model and tokenizer...
2026-04-16 12:30:22,213 - cyberbully - INFO - Loading model 'distilbert-base-uncased' with 5 labels (sbert=False, supcon=False)
2026-04-16 12:30:22,889 - cyberbully - INFO - Step 3: Creating datasets...
2026-04-16 12:30:22,904 - cyberbully - INFO - Dataset sizes — train: 1175, val: 305, test: 377
2026-04-16 12:30:22,904 - cyberbully - INFO - Step 4: Training...
2026-04-16 12:30:23,028 - cyberbully - INFO - Starting training...
2026-04-16 12:31:05,623 - cyberbully - INFO - Training complete.
2026-04-16 12:31:05,681 - cyberbully - INFO - Removed checkpoint: experiments/grid-search/distilbert-base-uncased/ieee/prep1_aug0/seed_24677315/checkpoint-74
2026-04-16 12:31:05,739 - cyberbully - INFO - Removed checkpoint: experiments/grid-search/distilbert-base-uncased/ieee/prep1_aug0/seed_24677315/checkpoint-259
2026-04-16 12:31:05,794 - cyberbully - INFO - Removed checkpoint: experiments/grid-search/distilbert-base-uncased/ieee/prep1_aug0/seed_24677315/checkpoint-185
2026-04-16 12:31:05,855 - cyberbully - INFO - Removed checkpoint: experiments/grid-search/distilbert-base-uncased/ieee/prep1_aug0/seed_24677315/checkpoint-37
2026-04-16 12:31:05,916 - cyberbully - INFO - Removed checkpoint: experiments/grid-search/distilbert-base-uncased/ieee/prep1_aug0/seed_24677315/checkpoint-370
2026-04-16 12:31:05,972 - cyberbully - INFO - Removed checkpoint: experiments/grid-search/distilbert-base-uncased/ieee/prep1_aug0/seed_24677315/checkpoint-222
2026-04-16 12:31:06,183 - cyberbully - INFO - Removed checkpoint: experiments/grid-search/distilbert-base-uncased/ieee/prep1_aug0/seed_24677315/checkpoint-296
2026-04-16 12:31:06,238 - cyberbully - INFO - Removed checkpoint: experiments/grid-search/distilbert-base-uncased/ieee/prep1_aug0/seed_24677315/checkpoint-111
2026-04-16 12:31:06,293 - cyberbully - INFO - Removed checkpoint: experiments/grid-search/distilbert-base-uncased/ieee/prep1_aug0/seed_24677315/checkpoint-148
2026-04-16 12:31:06,354 - cyberbully - INFO - Removed checkpoint: experiments/grid-search/distilbert-base-uncased/ieee/prep1_aug0/seed_24677315/checkpoint-333
2026-04-16 12:31:06,354 - cyberbully - INFO - Step 5: Evaluating on test set...
2026-04-16 12:31:10,965 - cyberbully - INFO - Metrics saved to experiments/grid-search/distilbert-base-uncased/ieee/prep1_aug0/seed_24677315/metrics.json
2026-04-16 12:31:10,965 - cyberbully - INFO - Confusion matrix saved to experiments/grid-search/distilbert-base-uncased/ieee/prep1_aug0/seed_24677315/confusion_matrix.json
2026-04-16 12:31:10,969 - cyberbully - INFO - Per-sample predictions saved to experiments/grid-search/distilbert-base-uncased/ieee/prep1_aug0/seed_24677315/predictions.json
2026-04-16 12:31:11,080 - cyberbully - INFO - Confusion matrix figure saved to experiments/grid-search/distilbert-base-uncased/ieee/prep1_aug0/seed_24677315/confusion_matrix.pdf
2026-04-16 12:31:11,080 - cyberbully - INFO - Accuracy: 0.8117
2026-04-16 12:31:11,080 - cyberbully - INFO - Weighted F1: 0.8111
2026-04-16 12:31:11,080 - cyberbully - INFO - Micro F1: 0.8117
2026-04-16 12:31:11,080 - cyberbully - INFO - Inference time: 0.10 seconds
2026-04-16 12:31:11,080 - cyberbully - INFO - Energy consumption: 0.000002 kWh
2026-04-16 12:31:11,080 - cyberbully - INFO - ============================================================
2026-04-16 12:31:11,080 - cyberbully - INFO - Pipeline complete. Results saved to: experiments/grid-search/distilbert-base-uncased/ieee/prep1_aug0/seed_24677315
2026-04-16 12:31:11,080 - cyberbully - INFO - ============================================================
