2026-02-11 07:58:17,082 - cyberbully - INFO - ============================================================
2026-02-11 07:58:17,082 - cyberbully - INFO - Cyberbullying Detection Pipeline
2026-02-11 07:58:17,082 - cyberbully - INFO - ============================================================
2026-02-11 07:58:17,082 - cyberbully - INFO - Configuration:
2026-02-11 07:58:17,082 - cyberbully - INFO -   model          : distilbert-base-uncased
2026-02-11 07:58:17,082 - cyberbully - INFO -   dataset        : kaggle
2026-02-11 07:58:17,082 - cyberbully - INFO -   preprocess     : False
2026-02-11 07:58:17,082 - cyberbully - INFO -   augment        : False
2026-02-11 07:58:17,082 - cyberbully - INFO -   compute_attribution: False
2026-02-11 07:58:17,082 - cyberbully - INFO -   seed           : 52680723
2026-02-11 07:58:17,082 - cyberbully - INFO -   epochs         : 5
2026-02-11 07:58:17,082 - cyberbully - INFO -   batch_size     : 16
2026-02-11 07:58:17,082 - cyberbully - INFO -   lr             : 2e-05
2026-02-11 07:58:17,082 - cyberbully - INFO -   max_length     : 128
2026-02-11 07:58:17,082 - cyberbully - INFO -   output_dir     : experiments
2026-02-11 07:58:17,082 - cyberbully - INFO -   data_dir       : dataset
2026-02-11 07:58:17,082 - cyberbully - INFO -   overwrite      : False
2026-02-11 07:58:17,082 - cyberbully - INFO -   device         : cuda
2026-02-11 07:58:17,082 - cyberbully - INFO -   output_dir     : experiments/distilbert-base-uncased/kaggle/prep0_aug0/seed_52680723
2026-02-11 07:58:17,082 - cyberbully - INFO - ============================================================
2026-02-11 07:58:17,082 - cyberbully - INFO - Step 1: Preparing data...
2026-02-11 07:58:17,083 - cyberbully - INFO - Loading dataset 'kaggle' from dataset/Kaggle.csv
2026-02-11 07:58:17,142 - cyberbully - INFO - Loaded 47656 samples with 6 classes: ['age', 'ethnicity', 'gender', 'not_cyberbullying', 'other_cyberbullying', 'religion']
2026-02-11 07:58:17,144 - cyberbully - INFO - Label mapping: {'age': 0, 'ethnicity': 1, 'gender': 2, 'not_cyberbullying': 3, 'other_cyberbullying': 4, 'religion': 5}
2026-02-11 07:58:17,157 - cyberbully - INFO - Split sizes — train: 30499, val: 7625, test: 9532
2026-02-11 07:58:17,158 - cyberbully - INFO - Number of classes: 6
2026-02-11 07:58:17,158 - cyberbully - INFO - Step 2: Loading model and tokenizer...
2026-02-11 07:58:17,158 - cyberbully - INFO - Loading model 'distilbert-base-uncased' with 6 labels
2026-02-11 07:58:17,844 - cyberbully - INFO - Step 3: Tokenizing datasets...
2026-02-11 07:58:18,653 - cyberbully - INFO - Dataset sizes — train: 30499, val: 7625, test: 9532
2026-02-11 07:58:18,653 - cyberbully - INFO - Step 4: Training...
2026-02-11 07:58:18,830 - cyberbully - INFO - Starting training...
2026-02-11 08:03:38,858 - cyberbully - INFO - Training complete.
2026-02-11 08:03:38,859 - cyberbully - INFO - Step 5: Evaluating on test set...
2026-02-11 08:03:46,921 - cyberbully - INFO - Metrics saved to experiments/distilbert-base-uncased/kaggle/prep0_aug0/seed_52680723/metrics.json
2026-02-11 08:03:46,921 - cyberbully - INFO - Confusion matrix saved to experiments/distilbert-base-uncased/kaggle/prep0_aug0/seed_52680723/confusion_matrix.json
2026-02-11 08:03:47,035 - cyberbully - INFO - Confusion matrix figure saved to experiments/distilbert-base-uncased/kaggle/prep0_aug0/seed_52680723/confusion_matrix.pdf
2026-02-11 08:03:47,035 - cyberbully - INFO - Accuracy: 0.8630
2026-02-11 08:03:47,035 - cyberbully - INFO - Weighted F1: 0.8625
2026-02-11 08:03:47,035 - cyberbully - INFO - Micro F1: 0.8630
2026-02-11 08:03:47,035 - cyberbully - INFO - Inference time: 3.74 seconds
2026-02-11 08:03:47,035 - cyberbully - INFO - Energy consumption: 0.000220 kWh
2026-02-11 08:03:47,036 - cyberbully - INFO - ============================================================
2026-02-11 08:03:47,036 - cyberbully - INFO - Pipeline complete. Results saved to: experiments/distilbert-base-uncased/kaggle/prep0_aug0/seed_52680723
2026-02-11 08:03:47,036 - cyberbully - INFO - ============================================================
