2026-03-19 20:33:57,657 - cyberbully - INFO - Model 'all-mpnet-base-v2' detected as SBERT-based. Using SBERTClassifier pipeline.
2026-03-19 20:33:57,657 - cyberbully - INFO - ============================================================
2026-03-19 20:33:57,657 - cyberbully - INFO - Cyberbullying Detection Pipeline
2026-03-19 20:33:57,657 - cyberbully - INFO - ============================================================
2026-03-19 20:33:57,658 - cyberbully - INFO - Configuration:
2026-03-19 20:33:57,658 - cyberbully - INFO -   model          : all-mpnet-base-v2
2026-03-19 20:33:57,658 - cyberbully - INFO -   dataset        : tweeteval
2026-03-19 20:33:57,658 - cyberbully - INFO -   preprocess     : True
2026-03-19 20:33:57,658 - cyberbully - INFO -   augment        : False
2026-03-19 20:33:57,658 - cyberbully - INFO -   compute_attribution: False
2026-03-19 20:33:57,658 - cyberbully - INFO -   seed           : 14298463
2026-03-19 20:33:57,658 - cyberbully - INFO -   epochs         : 10
2026-03-19 20:33:57,658 - cyberbully - INFO -   batch_size     : 64
2026-03-19 20:33:57,658 - cyberbully - INFO -   lr             : 5e-05
2026-03-19 20:33:57,658 - cyberbully - INFO -   max_length     : 128
2026-03-19 20:33:57,658 - cyberbully - INFO -   output_dir     : supcon-light-64
2026-03-19 20:33:57,658 - cyberbully - INFO -   data_dir       : dataset
2026-03-19 20:33:57,658 - cyberbully - INFO -   sbert          : True
2026-03-19 20:33:57,658 - cyberbully - INFO -   supcon         : True
2026-03-19 20:33:57,658 - cyberbully - INFO -   supcon_weight  : 0.1
2026-03-19 20:33:57,658 - cyberbully - INFO -   proj_dim       : 128
2026-03-19 20:33:57,658 - cyberbully - INFO -   grad_accum_steps: 1
2026-03-19 20:33:57,658 - cyberbully - INFO -   overwrite      : False
2026-03-19 20:33:57,658 - cyberbully - INFO -   device         : cuda
2026-03-19 20:33:57,658 - cyberbully - INFO -   output_dir     : experiments/supcon-light-64/all-mpnet-base-v2/tweeteval/prep1_aug0/seed_14298463
2026-03-19 20:33:57,658 - cyberbully - INFO - ============================================================
2026-03-19 20:33:57,658 - cyberbully - INFO - Step 1: Preparing data...
2026-03-19 20:33:57,705 - cyberbully - INFO - Loaded pre-split data from dataset/tweeteval — train: 32485, val: 8122, test: 10152
2026-03-19 20:33:57,705 - cyberbully - INFO - Label mapping: {'emotion': 0, 'hate': 1, 'offensive': 2, 'religion': 3, 'spiritual': 4}
2026-03-19 20:33:57,705 - cyberbully - INFO - Applying text preprocessing per split...
2026-03-19 20:34:00,281 - cyberbully - INFO - After preprocessing — train: 32485, val: 8122, test: 10152
2026-03-19 20:34:00,294 - cyberbully - INFO - Number of classes: 5
2026-03-19 20:34:00,295 - cyberbully - INFO - Step 2: Loading model and tokenizer...
2026-03-19 20:34:00,295 - cyberbully - INFO - Loading model 'all-mpnet-base-v2' with 5 labels (sbert=True, supcon=True)
2026-03-19 20:34:03,129 - cyberbully - INFO - SBERTClassifier: embedding_dim=768, hidden=256, proj_dim=128, num_labels=5
2026-03-19 20:34:03,443 - cyberbully - INFO - Step 3: Creating datasets...
2026-03-19 20:34:04,138 - cyberbully - INFO - Dataset sizes — train: 32485, val: 8122, test: 10152
2026-03-19 20:34:04,138 - cyberbully - INFO - Step 4: Training...
2026-03-19 20:34:04,186 - cyberbully - INFO - Using SupConTrainer with supcon_weight=0.100
2026-03-19 20:34:04,186 - cyberbully - INFO - Starting training...
2026-03-19 20:48:54,703 - cyberbully - INFO - Training complete.
2026-03-19 20:48:54,765 - cyberbully - INFO - Removed checkpoint: experiments/supcon-light-64/all-mpnet-base-v2/tweeteval/prep1_aug0/seed_14298463/checkpoint-1524
2026-03-19 20:48:54,827 - cyberbully - INFO - Removed checkpoint: experiments/supcon-light-64/all-mpnet-base-v2/tweeteval/prep1_aug0/seed_14298463/checkpoint-3048
2026-03-19 20:48:54,889 - cyberbully - INFO - Removed checkpoint: experiments/supcon-light-64/all-mpnet-base-v2/tweeteval/prep1_aug0/seed_14298463/checkpoint-1016
2026-03-19 20:48:54,953 - cyberbully - INFO - Removed checkpoint: experiments/supcon-light-64/all-mpnet-base-v2/tweeteval/prep1_aug0/seed_14298463/checkpoint-2032
2026-03-19 20:48:55,015 - cyberbully - INFO - Removed checkpoint: experiments/supcon-light-64/all-mpnet-base-v2/tweeteval/prep1_aug0/seed_14298463/checkpoint-4572
2026-03-19 20:48:55,077 - cyberbully - INFO - Removed checkpoint: experiments/supcon-light-64/all-mpnet-base-v2/tweeteval/prep1_aug0/seed_14298463/checkpoint-3556
2026-03-19 20:48:55,151 - cyberbully - INFO - Removed checkpoint: experiments/supcon-light-64/all-mpnet-base-v2/tweeteval/prep1_aug0/seed_14298463/checkpoint-5080
2026-03-19 20:48:55,216 - cyberbully - INFO - Removed checkpoint: experiments/supcon-light-64/all-mpnet-base-v2/tweeteval/prep1_aug0/seed_14298463/checkpoint-508
2026-03-19 20:48:55,278 - cyberbully - INFO - Removed checkpoint: experiments/supcon-light-64/all-mpnet-base-v2/tweeteval/prep1_aug0/seed_14298463/checkpoint-2540
2026-03-19 20:48:55,340 - cyberbully - INFO - Removed checkpoint: experiments/supcon-light-64/all-mpnet-base-v2/tweeteval/prep1_aug0/seed_14298463/checkpoint-4064
2026-03-19 20:48:55,340 - cyberbully - INFO - Step 5: Evaluating on test set...
2026-03-19 20:49:07,844 - cyberbully - INFO - Metrics saved to experiments/supcon-light-64/all-mpnet-base-v2/tweeteval/prep1_aug0/seed_14298463/metrics.json
2026-03-19 20:49:07,844 - cyberbully - INFO - Confusion matrix saved to experiments/supcon-light-64/all-mpnet-base-v2/tweeteval/prep1_aug0/seed_14298463/confusion_matrix.json
2026-03-19 20:49:07,941 - cyberbully - INFO - Per-sample predictions saved to experiments/supcon-light-64/all-mpnet-base-v2/tweeteval/prep1_aug0/seed_14298463/predictions.json
2026-03-19 20:49:08,042 - cyberbully - INFO - Confusion matrix figure saved to experiments/supcon-light-64/all-mpnet-base-v2/tweeteval/prep1_aug0/seed_14298463/confusion_matrix.pdf
2026-03-19 20:49:08,042 - cyberbully - INFO - Accuracy: 0.9615
2026-03-19 20:49:08,042 - cyberbully - INFO - Weighted F1: 0.9613
2026-03-19 20:49:08,042 - cyberbully - INFO - Micro F1: 0.9615
2026-03-19 20:49:08,042 - cyberbully - INFO - Inference time: 8.22 seconds
2026-03-19 20:49:08,042 - cyberbully - INFO - Energy consumption: 0.000536 kWh
2026-03-19 20:49:08,044 - cyberbully - INFO - Step 5b: Plotting t-SNE of projection embeddings...
2026-03-19 20:49:16,047 - cyberbully - INFO - Running t-SNE on 10152 samples with proj_dim=128, perplexity=30.0...
2026-03-19 20:49:51,306 - cyberbully - INFO - t-SNE static plot saved to experiments/supcon-light-64/all-mpnet-base-v2/tweeteval/prep1_aug0/seed_14298463/projection_tsne.pdf
2026-03-19 20:49:51,456 - cyberbully - INFO - t-SNE interactive plot saved to experiments/supcon-light-64/all-mpnet-base-v2/tweeteval/prep1_aug0/seed_14298463/projection_tsne.html
2026-03-19 20:49:51,456 - cyberbully - INFO - ============================================================
2026-03-19 20:49:51,456 - cyberbully - INFO - Pipeline complete. Results saved to: experiments/supcon-light-64/all-mpnet-base-v2/tweeteval/prep1_aug0/seed_14298463
2026-03-19 20:49:51,456 - cyberbully - INFO - ============================================================
