2026-03-27 10:02:31,431 - cyberbully - INFO - ============================================================
2026-03-27 10:02:31,431 - cyberbully - INFO - Cyberbullying Detection Pipeline
2026-03-27 10:02:31,431 - cyberbully - INFO - ============================================================
2026-03-27 10:02:31,431 - cyberbully - INFO - Configuration:
2026-03-27 10:02:31,431 - cyberbully - INFO -   model          : Twitter/twhin-bert-base
2026-03-27 10:02:31,431 - cyberbully - INFO -   dataset        : ieee
2026-03-27 10:02:31,431 - cyberbully - INFO -   preprocess     : False
2026-03-27 10:02:31,431 - cyberbully - INFO -   augment        : False
2026-03-27 10:02:31,431 - cyberbully - INFO -   compute_attribution: False
2026-03-27 10:02:31,431 - cyberbully - INFO -   seed           : 67351593
2026-03-27 10:02:31,431 - cyberbully - INFO -   epochs         : 10
2026-03-27 10:02:31,431 - cyberbully - INFO -   batch_size     : 64
2026-03-27 10:02:31,431 - cyberbully - INFO -   lr             : 5e-05
2026-03-27 10:02:31,431 - cyberbully - INFO -   max_length     : 128
2026-03-27 10:02:31,431 - cyberbully - INFO -   output_dir     : supcon-grid
2026-03-27 10:02:31,431 - cyberbully - INFO -   data_dir       : dataset
2026-03-27 10:02:31,431 - cyberbully - INFO -   sbert          : False
2026-03-27 10:02:31,431 - cyberbully - INFO -   supcon         : False
2026-03-27 10:02:31,431 - cyberbully - INFO -   supcon_weight  : 0.1
2026-03-27 10:02:31,431 - cyberbully - INFO -   proj_dim       : 128
2026-03-27 10:02:31,431 - cyberbully - INFO -   grad_accum_steps: 1
2026-03-27 10:02:31,431 - cyberbully - INFO -   overwrite      : False
2026-03-27 10:02:31,431 - cyberbully - INFO -   device         : cuda
2026-03-27 10:02:31,431 - cyberbully - INFO -   output_dir     : experiments/supcon-grid/Twitter_twhin-bert-base/ieee/prep0_aug0/seed_67351593
2026-03-27 10:02:31,431 - cyberbully - INFO - ============================================================
2026-03-27 10:02:31,431 - cyberbully - INFO - Step 1: Preparing data...
2026-03-27 10:02:31,434 - cyberbully - INFO - Loaded pre-split data from dataset/ieee — train: 1348, val: 338, test: 422
2026-03-27 10:02:31,435 - cyberbully - INFO - Label mapping: {'Cyberstalking': 0, 'Doxing': 1, 'Revenge Porn': 2, 'Sexual Harassment': 3, 'Slut Shaming': 4}
2026-03-27 10:02:31,436 - cyberbully - INFO - Number of classes: 5
2026-03-27 10:02:31,437 - cyberbully - INFO - Step 2: Loading model and tokenizer...
2026-03-27 10:02:31,437 - cyberbully - INFO - Loading model 'Twitter/twhin-bert-base' with 5 labels (sbert=False, supcon=False)
2026-03-27 10:02:32,731 - cyberbully - INFO - Step 3: Creating datasets...
2026-03-27 10:02:32,758 - cyberbully - INFO - Dataset sizes — train: 1348, val: 338, test: 422
2026-03-27 10:02:32,758 - cyberbully - INFO - Step 4: Training...
2026-03-27 10:02:33,082 - cyberbully - INFO - Starting training...
2026-03-27 10:07:14,324 - cyberbully - INFO - Training complete.
2026-03-27 10:07:14,497 - cyberbully - INFO - Removed checkpoint: experiments/supcon-grid/Twitter_twhin-bert-base/ieee/prep0_aug0/seed_67351593/checkpoint-176
2026-03-27 10:07:14,660 - cyberbully - INFO - Removed checkpoint: experiments/supcon-grid/Twitter_twhin-bert-base/ieee/prep0_aug0/seed_67351593/checkpoint-110
2026-03-27 10:07:14,821 - cyberbully - INFO - Removed checkpoint: experiments/supcon-grid/Twitter_twhin-bert-base/ieee/prep0_aug0/seed_67351593/checkpoint-44
2026-03-27 10:07:14,987 - cyberbully - INFO - Removed checkpoint: experiments/supcon-grid/Twitter_twhin-bert-base/ieee/prep0_aug0/seed_67351593/checkpoint-132
2026-03-27 10:07:16,414 - cyberbully - INFO - Removed checkpoint: experiments/supcon-grid/Twitter_twhin-bert-base/ieee/prep0_aug0/seed_67351593/checkpoint-198
2026-03-27 10:07:16,585 - cyberbully - INFO - Removed checkpoint: experiments/supcon-grid/Twitter_twhin-bert-base/ieee/prep0_aug0/seed_67351593/checkpoint-22
2026-03-27 10:07:16,746 - cyberbully - INFO - Removed checkpoint: experiments/supcon-grid/Twitter_twhin-bert-base/ieee/prep0_aug0/seed_67351593/checkpoint-88
2026-03-27 10:07:16,907 - cyberbully - INFO - Removed checkpoint: experiments/supcon-grid/Twitter_twhin-bert-base/ieee/prep0_aug0/seed_67351593/checkpoint-66
2026-03-27 10:07:17,076 - cyberbully - INFO - Removed checkpoint: experiments/supcon-grid/Twitter_twhin-bert-base/ieee/prep0_aug0/seed_67351593/checkpoint-154
2026-03-27 10:07:17,260 - cyberbully - INFO - Removed checkpoint: experiments/supcon-grid/Twitter_twhin-bert-base/ieee/prep0_aug0/seed_67351593/checkpoint-220
2026-03-27 10:07:17,260 - cyberbully - INFO - Step 5: Evaluating on test set...
2026-03-27 10:07:21,908 - cyberbully - INFO - Metrics saved to experiments/supcon-grid/Twitter_twhin-bert-base/ieee/prep0_aug0/seed_67351593/metrics.json
2026-03-27 10:07:21,908 - cyberbully - INFO - Confusion matrix saved to experiments/supcon-grid/Twitter_twhin-bert-base/ieee/prep0_aug0/seed_67351593/confusion_matrix.json
2026-03-27 10:07:21,912 - cyberbully - INFO - Per-sample predictions saved to experiments/supcon-grid/Twitter_twhin-bert-base/ieee/prep0_aug0/seed_67351593/predictions.json
2026-03-27 10:07:22,013 - cyberbully - INFO - Confusion matrix figure saved to experiments/supcon-grid/Twitter_twhin-bert-base/ieee/prep0_aug0/seed_67351593/confusion_matrix.pdf
2026-03-27 10:07:22,013 - cyberbully - INFO - Accuracy: 0.8246
2026-03-27 10:07:22,013 - cyberbully - INFO - Weighted F1: 0.8267
2026-03-27 10:07:22,013 - cyberbully - INFO - Micro F1: 0.8246
2026-03-27 10:07:22,013 - cyberbully - INFO - Inference time: 0.33 seconds
2026-03-27 10:07:22,013 - cyberbully - INFO - Energy consumption: 0.000017 kWh
2026-03-27 10:07:22,013 - cyberbully - INFO - ============================================================
2026-03-27 10:07:22,013 - cyberbully - INFO - Pipeline complete. Results saved to: experiments/supcon-grid/Twitter_twhin-bert-base/ieee/prep0_aug0/seed_67351593
2026-03-27 10:07:22,013 - cyberbully - INFO - ============================================================
