2026-04-09 09:48:46,208 - cyberbully - INFO - ============================================================
2026-04-09 09:48:46,208 - cyberbully - INFO - Cyberbullying Detection Pipeline
2026-04-09 09:48:46,208 - cyberbully - INFO - ============================================================
2026-04-09 09:48:46,208 - cyberbully - INFO - Configuration:
2026-04-09 09:48:46,208 - cyberbully - INFO -   model          : answerdotai/ModernBERT-base
2026-04-09 09:48:46,208 - cyberbully - INFO -   dataset        : tweeteval
2026-04-09 09:48:46,209 - cyberbully - INFO -   preprocess     : True
2026-04-09 09:48:46,209 - cyberbully - INFO -   augment        : True
2026-04-09 09:48:46,209 - cyberbully - INFO -   compute_attribution: False
2026-04-09 09:48:46,209 - cyberbully - INFO -   seed           : 90995999
2026-04-09 09:48:46,209 - cyberbully - INFO -   epochs         : 10
2026-04-09 09:48:46,209 - cyberbully - INFO -   batch_size     : 32
2026-04-09 09:48:46,209 - cyberbully - INFO -   lr             : 5e-05
2026-04-09 09:48:46,209 - cyberbully - INFO -   max_length     : 128
2026-04-09 09:48:46,209 - cyberbully - INFO -   output_dir     : grid-search
2026-04-09 09:48:46,209 - cyberbully - INFO -   data_dir       : dataset
2026-04-09 09:48:46,209 - cyberbully - INFO -   sbert          : False
2026-04-09 09:48:46,209 - cyberbully - INFO -   supcon         : False
2026-04-09 09:48:46,209 - cyberbully - INFO -   supcon_weight  : 0.1
2026-04-09 09:48:46,209 - cyberbully - INFO -   proj_dim       : 128
2026-04-09 09:48:46,209 - cyberbully - INFO -   grad_accum_steps: 1
2026-04-09 09:48:46,209 - cyberbully - INFO -   overwrite      : False
2026-04-09 09:48:46,209 - cyberbully - INFO -   device         : cuda
2026-04-09 09:48:46,209 - cyberbully - INFO -   output_dir     : experiments/grid-search/answerdotai_ModernBERT-base/tweeteval/prep1_aug1/seed_90995999
2026-04-09 09:48:46,209 - cyberbully - INFO - ============================================================
2026-04-09 09:48:46,209 - cyberbully - INFO - Step 1: Preparing data...
2026-04-09 09:48:46,255 - cyberbully - INFO - Loaded pre-split data from dataset/tweeteval — train: 32485, val: 8122, test: 10152
2026-04-09 09:48:46,255 - cyberbully - INFO - Label mapping: {'emotion': 0, 'hate': 1, 'offensive': 2, 'religion': 3, 'spiritual': 4}
2026-04-09 09:48:46,256 - cyberbully - INFO - Applying text preprocessing per split...
2026-04-09 09:49:45,826 - cyberbully - INFO - After preprocessing — train: 30369, val: 7605, test: 9465
2026-04-09 09:49:45,828 - cyberbully - INFO - Applying training data augmentation (oversampling)...
2026-04-09 09:49:45,834 - cyberbully - INFO - After oversampling — class distribution: {0: 7760, 1: 7760, 2: 7760, 3: 7760, 4: 7760}
2026-04-09 09:49:45,842 - cyberbully - INFO - Number of classes: 5
2026-04-09 09:49:45,843 - cyberbully - INFO - Step 2: Loading model and tokenizer...
2026-04-09 09:49:45,844 - cyberbully - INFO - Loading model 'answerdotai/ModernBERT-base' with 5 labels (sbert=False, supcon=False)
2026-04-09 09:49:47,528 - cyberbully - INFO - Step 3: Creating datasets...
2026-04-09 09:49:48,638 - cyberbully - INFO - Dataset sizes — train: 38800, val: 7605, test: 9465
2026-04-09 09:49:48,638 - cyberbully - INFO - Step 4: Training...
2026-04-09 09:49:48,879 - cyberbully - INFO - Starting training...
2026-04-09 10:13:56,190 - cyberbully - INFO - Training complete.
2026-04-09 10:13:56,273 - cyberbully - INFO - Removed checkpoint: experiments/grid-search/answerdotai_ModernBERT-base/tweeteval/prep1_aug1/seed_90995999/checkpoint-3639
2026-04-09 10:13:56,354 - cyberbully - INFO - Removed checkpoint: experiments/grid-search/answerdotai_ModernBERT-base/tweeteval/prep1_aug1/seed_90995999/checkpoint-9704
2026-04-09 10:13:56,436 - cyberbully - INFO - Removed checkpoint: experiments/grid-search/answerdotai_ModernBERT-base/tweeteval/prep1_aug1/seed_90995999/checkpoint-6065
2026-04-09 10:13:56,518 - cyberbully - INFO - Removed checkpoint: experiments/grid-search/answerdotai_ModernBERT-base/tweeteval/prep1_aug1/seed_90995999/checkpoint-10917
2026-04-09 10:13:56,617 - cyberbully - INFO - Removed checkpoint: experiments/grid-search/answerdotai_ModernBERT-base/tweeteval/prep1_aug1/seed_90995999/checkpoint-12130
2026-04-09 10:13:56,705 - cyberbully - INFO - Removed checkpoint: experiments/grid-search/answerdotai_ModernBERT-base/tweeteval/prep1_aug1/seed_90995999/checkpoint-1213
2026-04-09 10:13:56,786 - cyberbully - INFO - Removed checkpoint: experiments/grid-search/answerdotai_ModernBERT-base/tweeteval/prep1_aug1/seed_90995999/checkpoint-8491
2026-04-09 10:13:56,869 - cyberbully - INFO - Removed checkpoint: experiments/grid-search/answerdotai_ModernBERT-base/tweeteval/prep1_aug1/seed_90995999/checkpoint-4852
2026-04-09 10:13:56,953 - cyberbully - INFO - Removed checkpoint: experiments/grid-search/answerdotai_ModernBERT-base/tweeteval/prep1_aug1/seed_90995999/checkpoint-2426
2026-04-09 10:13:57,035 - cyberbully - INFO - Removed checkpoint: experiments/grid-search/answerdotai_ModernBERT-base/tweeteval/prep1_aug1/seed_90995999/checkpoint-7278
2026-04-09 10:13:57,035 - cyberbully - INFO - Step 5: Evaluating on test set...
2026-04-09 10:14:10,927 - cyberbully - INFO - Metrics saved to experiments/grid-search/answerdotai_ModernBERT-base/tweeteval/prep1_aug1/seed_90995999/metrics.json
2026-04-09 10:14:10,927 - cyberbully - INFO - Confusion matrix saved to experiments/grid-search/answerdotai_ModernBERT-base/tweeteval/prep1_aug1/seed_90995999/confusion_matrix.json
2026-04-09 10:14:11,018 - cyberbully - INFO - Per-sample predictions saved to experiments/grid-search/answerdotai_ModernBERT-base/tweeteval/prep1_aug1/seed_90995999/predictions.json
2026-04-09 10:14:11,120 - cyberbully - INFO - Confusion matrix figure saved to experiments/grid-search/answerdotai_ModernBERT-base/tweeteval/prep1_aug1/seed_90995999/confusion_matrix.pdf
2026-04-09 10:14:11,120 - cyberbully - INFO - Accuracy: 0.9429
2026-04-09 10:14:11,121 - cyberbully - INFO - Weighted F1: 0.9427
2026-04-09 10:14:11,121 - cyberbully - INFO - Micro F1: 0.9429
2026-04-09 10:14:11,121 - cyberbully - INFO - Inference time: 9.23 seconds
2026-04-09 10:14:11,121 - cyberbully - INFO - Energy consumption: 0.000580 kWh
2026-04-09 10:14:11,123 - cyberbully - INFO - ============================================================
2026-04-09 10:14:11,123 - cyberbully - INFO - Pipeline complete. Results saved to: experiments/grid-search/answerdotai_ModernBERT-base/tweeteval/prep1_aug1/seed_90995999
2026-04-09 10:14:11,123 - cyberbully - INFO - ============================================================
