2026-03-27 08:07:42,205 - cyberbully - INFO - ============================================================
2026-03-27 08:07:42,205 - cyberbully - INFO - Cyberbullying Detection Pipeline
2026-03-27 08:07:42,205 - cyberbully - INFO - ============================================================
2026-03-27 08:07:42,205 - cyberbully - INFO - Configuration:
2026-03-27 08:07:42,205 - cyberbully - INFO -   model          : distilbert-base-cased
2026-03-27 08:07:42,205 - cyberbully - INFO -   dataset        : tweeteval
2026-03-27 08:07:42,205 - cyberbully - INFO -   preprocess     : False
2026-03-27 08:07:42,205 - cyberbully - INFO -   augment        : False
2026-03-27 08:07:42,205 - cyberbully - INFO -   compute_attribution: False
2026-03-27 08:07:42,205 - cyberbully - INFO -   seed           : 43782163
2026-03-27 08:07:42,205 - cyberbully - INFO -   epochs         : 10
2026-03-27 08:07:42,205 - cyberbully - INFO -   batch_size     : 64
2026-03-27 08:07:42,205 - cyberbully - INFO -   lr             : 5e-05
2026-03-27 08:07:42,205 - cyberbully - INFO -   max_length     : 128
2026-03-27 08:07:42,205 - cyberbully - INFO -   output_dir     : supcon-grid
2026-03-27 08:07:42,205 - cyberbully - INFO -   data_dir       : dataset
2026-03-27 08:07:42,205 - cyberbully - INFO -   sbert          : False
2026-03-27 08:07:42,205 - cyberbully - INFO -   supcon         : False
2026-03-27 08:07:42,205 - cyberbully - INFO -   supcon_weight  : 0.1
2026-03-27 08:07:42,205 - cyberbully - INFO -   proj_dim       : 128
2026-03-27 08:07:42,205 - cyberbully - INFO -   grad_accum_steps: 1
2026-03-27 08:07:42,205 - cyberbully - INFO -   overwrite      : False
2026-03-27 08:07:42,205 - cyberbully - INFO -   device         : cuda
2026-03-27 08:07:42,205 - cyberbully - INFO -   output_dir     : experiments/supcon-grid/distilbert-base-cased/tweeteval/prep0_aug0/seed_43782163
2026-03-27 08:07:42,205 - cyberbully - INFO - ============================================================
2026-03-27 08:07:42,205 - cyberbully - INFO - Step 1: Preparing data...
2026-03-27 08:07:42,255 - cyberbully - INFO - Loaded pre-split data from dataset/tweeteval — train: 32485, val: 8122, test: 10152
2026-03-27 08:07:42,255 - cyberbully - INFO - Label mapping: {'emotion': 0, 'hate': 1, 'offensive': 2, 'religion': 3, 'spiritual': 4}
2026-03-27 08:07:42,266 - cyberbully - INFO - Number of classes: 5
2026-03-27 08:07:42,267 - cyberbully - INFO - Step 2: Loading model and tokenizer...
2026-03-27 08:07:42,267 - cyberbully - INFO - Loading model 'distilbert-base-cased' with 5 labels (sbert=False, supcon=False)
2026-03-27 08:07:43,025 - cyberbully - INFO - Step 3: Creating datasets...
2026-03-27 08:07:43,708 - cyberbully - INFO - Dataset sizes — train: 32485, val: 8122, test: 10152
2026-03-27 08:07:43,708 - cyberbully - INFO - Step 4: Training...
2026-03-27 08:07:43,796 - cyberbully - INFO - Starting training...
2026-03-27 08:13:42,706 - cyberbully - INFO - Training complete.
2026-03-27 08:13:42,755 - cyberbully - INFO - Removed checkpoint: experiments/supcon-grid/distilbert-base-cased/tweeteval/prep0_aug0/seed_43782163/checkpoint-2032
2026-03-27 08:13:42,802 - cyberbully - INFO - Removed checkpoint: experiments/supcon-grid/distilbert-base-cased/tweeteval/prep0_aug0/seed_43782163/checkpoint-3048
2026-03-27 08:13:42,850 - cyberbully - INFO - Removed checkpoint: experiments/supcon-grid/distilbert-base-cased/tweeteval/prep0_aug0/seed_43782163/checkpoint-5080
2026-03-27 08:13:42,898 - cyberbully - INFO - Removed checkpoint: experiments/supcon-grid/distilbert-base-cased/tweeteval/prep0_aug0/seed_43782163/checkpoint-2540
2026-03-27 08:13:42,945 - cyberbully - INFO - Removed checkpoint: experiments/supcon-grid/distilbert-base-cased/tweeteval/prep0_aug0/seed_43782163/checkpoint-3556
2026-03-27 08:13:42,992 - cyberbully - INFO - Removed checkpoint: experiments/supcon-grid/distilbert-base-cased/tweeteval/prep0_aug0/seed_43782163/checkpoint-4064
2026-03-27 08:13:43,041 - cyberbully - INFO - Removed checkpoint: experiments/supcon-grid/distilbert-base-cased/tweeteval/prep0_aug0/seed_43782163/checkpoint-1524
2026-03-27 08:13:43,088 - cyberbully - INFO - Removed checkpoint: experiments/supcon-grid/distilbert-base-cased/tweeteval/prep0_aug0/seed_43782163/checkpoint-4572
2026-03-27 08:13:43,138 - cyberbully - INFO - Removed checkpoint: experiments/supcon-grid/distilbert-base-cased/tweeteval/prep0_aug0/seed_43782163/checkpoint-1016
2026-03-27 08:13:43,190 - cyberbully - INFO - Removed checkpoint: experiments/supcon-grid/distilbert-base-cased/tweeteval/prep0_aug0/seed_43782163/checkpoint-508
2026-03-27 08:13:43,190 - cyberbully - INFO - Step 5: Evaluating on test set...
2026-03-27 08:13:49,937 - cyberbully - INFO - Metrics saved to experiments/supcon-grid/distilbert-base-cased/tweeteval/prep0_aug0/seed_43782163/metrics.json
2026-03-27 08:13:49,937 - cyberbully - INFO - Confusion matrix saved to experiments/supcon-grid/distilbert-base-cased/tweeteval/prep0_aug0/seed_43782163/confusion_matrix.json
2026-03-27 08:13:50,039 - cyberbully - INFO - Per-sample predictions saved to experiments/supcon-grid/distilbert-base-cased/tweeteval/prep0_aug0/seed_43782163/predictions.json
2026-03-27 08:13:50,142 - cyberbully - INFO - Confusion matrix figure saved to experiments/supcon-grid/distilbert-base-cased/tweeteval/prep0_aug0/seed_43782163/confusion_matrix.pdf
2026-03-27 08:13:50,142 - cyberbully - INFO - Accuracy: 0.9693
2026-03-27 08:13:50,142 - cyberbully - INFO - Weighted F1: 0.9692
2026-03-27 08:13:50,142 - cyberbully - INFO - Micro F1: 0.9693
2026-03-27 08:13:50,142 - cyberbully - INFO - Inference time: 2.53 seconds
2026-03-27 08:13:50,142 - cyberbully - INFO - Energy consumption: 0.000147 kWh
2026-03-27 08:13:50,144 - cyberbully - INFO - ============================================================
2026-03-27 08:13:50,144 - cyberbully - INFO - Pipeline complete. Results saved to: experiments/supcon-grid/distilbert-base-cased/tweeteval/prep0_aug0/seed_43782163
2026-03-27 08:13:50,144 - cyberbully - INFO - ============================================================
