2026-02-19 02:02:10,681 - cyberbully - INFO - ============================================================
2026-02-19 02:02:10,681 - cyberbully - INFO - Cyberbullying Detection Pipeline
2026-02-19 02:02:10,682 - cyberbully - INFO - ============================================================
2026-02-19 02:02:10,682 - cyberbully - INFO - Configuration:
2026-02-19 02:02:10,682 - cyberbully - INFO -   model          : xlnet-base-cased
2026-02-19 02:02:10,682 - cyberbully - INFO -   dataset        : ieee
2026-02-19 02:02:10,682 - cyberbully - INFO -   preprocess     : False
2026-02-19 02:02:10,682 - cyberbully - INFO -   augment        : False
2026-02-19 02:02:10,682 - cyberbully - INFO -   compute_attribution: False
2026-02-19 02:02:10,682 - cyberbully - INFO -   seed           : 67351593
2026-02-19 02:02:10,682 - cyberbully - INFO -   epochs         : 5
2026-02-19 02:02:10,682 - cyberbully - INFO -   batch_size     : 16
2026-02-19 02:02:10,682 - cyberbully - INFO -   lr             : 2e-05
2026-02-19 02:02:10,682 - cyberbully - INFO -   max_length     : 128
2026-02-19 02:02:10,682 - cyberbully - INFO -   output_dir     : grid-search
2026-02-19 02:02:10,682 - cyberbully - INFO -   data_dir       : dataset
2026-02-19 02:02:10,682 - cyberbully - INFO -   sbert          : False
2026-02-19 02:02:10,682 - cyberbully - INFO -   overwrite      : False
2026-02-19 02:02:10,682 - cyberbully - INFO -   device         : cuda
2026-02-19 02:02:10,682 - cyberbully - INFO -   output_dir     : experiments/grid-search/xlnet-base-cased/ieee/prep0_aug0/seed_67351593
2026-02-19 02:02:10,682 - cyberbully - INFO - ============================================================
2026-02-19 02:02:10,682 - cyberbully - INFO - Step 1: Preparing data...
2026-02-19 02:02:10,682 - cyberbully - INFO - Loading dataset 'ieee' from dataset/IEEE Data Port.csv
2026-02-19 02:02:10,687 - cyberbully - INFO - Loaded 2108 samples with 5 classes: ['Cyberstalking', 'Doxing', 'Revenge Porn', 'Sexual Harassment', 'Slut Shaming']
2026-02-19 02:02:10,688 - cyberbully - INFO - Label mapping: {'Cyberstalking': 0, 'Doxing': 1, 'Revenge Porn': 2, 'Sexual Harassment': 3, 'Slut Shaming': 4}
2026-02-19 02:02:10,690 - cyberbully - INFO - Split sizes — train: 1348, val: 338, test: 422
2026-02-19 02:02:10,690 - cyberbully - INFO - Number of classes: 5
2026-02-19 02:02:10,691 - cyberbully - INFO - Step 2: Loading model and tokenizer...
2026-02-19 02:02:10,691 - cyberbully - INFO - Loading model 'xlnet-base-cased' with 5 labels (sbert=False)
2026-02-19 02:02:12,549 - cyberbully - INFO - Step 3: Creating datasets...
2026-02-19 02:02:12,578 - cyberbully - INFO - Dataset sizes — train: 1348, val: 338, test: 422
2026-02-19 02:02:12,578 - cyberbully - INFO - Step 4: Training...
2026-02-19 02:02:12,698 - cyberbully - INFO - Starting training...
2026-02-19 02:02:37,433 - cyberbully - INFO - Training complete.
2026-02-19 02:02:37,433 - cyberbully - INFO - Step 5: Evaluating on test set...
2026-02-19 02:02:41,990 - cyberbully - INFO - Metrics saved to experiments/grid-search/xlnet-base-cased/ieee/prep0_aug0/seed_67351593/metrics.json
2026-02-19 02:02:41,990 - cyberbully - INFO - Confusion matrix saved to experiments/grid-search/xlnet-base-cased/ieee/prep0_aug0/seed_67351593/confusion_matrix.json
2026-02-19 02:02:42,098 - cyberbully - INFO - Confusion matrix figure saved to experiments/grid-search/xlnet-base-cased/ieee/prep0_aug0/seed_67351593/confusion_matrix.pdf
2026-02-19 02:02:42,098 - cyberbully - INFO - Accuracy: 0.8412
2026-02-19 02:02:42,098 - cyberbully - INFO - Weighted F1: 0.8398
2026-02-19 02:02:42,098 - cyberbully - INFO - Micro F1: 0.8412
2026-02-19 02:02:42,098 - cyberbully - INFO - Inference time: 0.37 seconds
2026-02-19 02:02:42,098 - cyberbully - INFO - Energy consumption: 0.000018 kWh
2026-02-19 02:02:42,098 - cyberbully - INFO - ============================================================
2026-02-19 02:02:42,098 - cyberbully - INFO - Pipeline complete. Results saved to: experiments/grid-search/xlnet-base-cased/ieee/prep0_aug0/seed_67351593
2026-02-19 02:02:42,098 - cyberbully - INFO - ============================================================
