2026-04-10 22:02:03,400 - cyberbully - INFO - ============================================================
2026-04-10 22:02:03,400 - cyberbully - INFO - Cyberbullying Detection Pipeline
2026-04-10 22:02:03,400 - cyberbully - INFO - ============================================================
2026-04-10 22:02:03,400 - cyberbully - INFO - Configuration:
2026-04-10 22:02:03,400 - cyberbully - INFO -   model          : chandar-lab/NeoBERT
2026-04-10 22:02:03,400 - cyberbully - INFO -   dataset        : kaggle
2026-04-10 22:02:03,400 - cyberbully - INFO -   preprocess     : False
2026-04-10 22:02:03,400 - cyberbully - INFO -   augment        : False
2026-04-10 22:02:03,400 - cyberbully - INFO -   compute_attribution: False
2026-04-10 22:02:03,400 - cyberbully - INFO -   seed           : 67351593
2026-04-10 22:02:03,400 - cyberbully - INFO -   epochs         : 10
2026-04-10 22:02:03,400 - cyberbully - INFO -   batch_size     : 32
2026-04-10 22:02:03,400 - cyberbully - INFO -   lr             : 5e-05
2026-04-10 22:02:03,400 - cyberbully - INFO -   max_length     : 128
2026-04-10 22:02:03,400 - cyberbully - INFO -   output_dir     : grid-search
2026-04-10 22:02:03,400 - cyberbully - INFO -   data_dir       : dataset
2026-04-10 22:02:03,401 - cyberbully - INFO -   sbert          : False
2026-04-10 22:02:03,401 - cyberbully - INFO -   supcon         : False
2026-04-10 22:02:03,401 - cyberbully - INFO -   supcon_weight  : 0.1
2026-04-10 22:02:03,401 - cyberbully - INFO -   proj_dim       : 128
2026-04-10 22:02:03,401 - cyberbully - INFO -   grad_accum_steps: 1
2026-04-10 22:02:03,401 - cyberbully - INFO -   overwrite      : False
2026-04-10 22:02:03,401 - cyberbully - INFO -   device         : cuda
2026-04-10 22:02:03,401 - cyberbully - INFO -   output_dir     : experiments/grid-search/chandar-lab_NeoBERT/kaggle/prep0_aug0/seed_67351593
2026-04-10 22:02:03,401 - cyberbully - INFO - ============================================================
2026-04-10 22:02:03,401 - cyberbully - INFO - Step 1: Preparing data...
2026-04-10 22:02:03,446 - cyberbully - INFO - Loaded pre-split data from dataset/kaggle — train: 25604, val: 6401, test: 8002
2026-04-10 22:02:03,446 - cyberbully - INFO - Label mapping: {'age': 0, 'ethnicity': 1, 'gender': 2, 'other_cyberbullying': 3, 'religion': 4}
2026-04-10 22:02:03,456 - cyberbully - INFO - Number of classes: 5
2026-04-10 22:02:03,457 - cyberbully - INFO - Step 2: Loading model and tokenizer...
2026-04-10 22:02:03,457 - cyberbully - INFO - Loading model 'chandar-lab/NeoBERT' with 5 labels (sbert=False, supcon=False)
2026-04-10 22:02:05,247 - cyberbully - INFO - Step 3: Creating datasets...
2026-04-10 22:02:05,842 - cyberbully - INFO - Dataset sizes — train: 25604, val: 6401, test: 8002
2026-04-10 22:02:05,842 - cyberbully - INFO - Step 4: Training...
2026-04-10 22:02:06,141 - cyberbully - INFO - Starting training...
2026-04-10 22:29:07,152 - cyberbully - INFO - Training complete.
2026-04-10 22:29:07,273 - cyberbully - INFO - Removed checkpoint: experiments/grid-search/chandar-lab_NeoBERT/kaggle/prep0_aug0/seed_67351593/checkpoint-5607
2026-04-10 22:29:07,418 - cyberbully - INFO - Removed checkpoint: experiments/grid-search/chandar-lab_NeoBERT/kaggle/prep0_aug0/seed_67351593/checkpoint-8010
2026-04-10 22:29:07,540 - cyberbully - INFO - Removed checkpoint: experiments/grid-search/chandar-lab_NeoBERT/kaggle/prep0_aug0/seed_67351593/checkpoint-6408
2026-04-10 22:29:07,667 - cyberbully - INFO - Removed checkpoint: experiments/grid-search/chandar-lab_NeoBERT/kaggle/prep0_aug0/seed_67351593/checkpoint-1602
2026-04-10 22:29:07,789 - cyberbully - INFO - Removed checkpoint: experiments/grid-search/chandar-lab_NeoBERT/kaggle/prep0_aug0/seed_67351593/checkpoint-3204
2026-04-10 22:29:07,912 - cyberbully - INFO - Removed checkpoint: experiments/grid-search/chandar-lab_NeoBERT/kaggle/prep0_aug0/seed_67351593/checkpoint-7209
2026-04-10 22:29:08,034 - cyberbully - INFO - Removed checkpoint: experiments/grid-search/chandar-lab_NeoBERT/kaggle/prep0_aug0/seed_67351593/checkpoint-4005
2026-04-10 22:29:08,157 - cyberbully - INFO - Removed checkpoint: experiments/grid-search/chandar-lab_NeoBERT/kaggle/prep0_aug0/seed_67351593/checkpoint-4806
2026-04-10 22:29:08,287 - cyberbully - INFO - Removed checkpoint: experiments/grid-search/chandar-lab_NeoBERT/kaggle/prep0_aug0/seed_67351593/checkpoint-801
2026-04-10 22:29:08,411 - cyberbully - INFO - Removed checkpoint: experiments/grid-search/chandar-lab_NeoBERT/kaggle/prep0_aug0/seed_67351593/checkpoint-2403
2026-04-10 22:29:08,411 - cyberbully - INFO - Step 5: Evaluating on test set...
2026-04-10 22:29:26,654 - cyberbully - INFO - Metrics saved to experiments/grid-search/chandar-lab_NeoBERT/kaggle/prep0_aug0/seed_67351593/metrics.json
2026-04-10 22:29:26,654 - cyberbully - INFO - Confusion matrix saved to experiments/grid-search/chandar-lab_NeoBERT/kaggle/prep0_aug0/seed_67351593/confusion_matrix.json
2026-04-10 22:29:26,737 - cyberbully - INFO - Per-sample predictions saved to experiments/grid-search/chandar-lab_NeoBERT/kaggle/prep0_aug0/seed_67351593/predictions.json
2026-04-10 22:29:26,841 - cyberbully - INFO - Confusion matrix figure saved to experiments/grid-search/chandar-lab_NeoBERT/kaggle/prep0_aug0/seed_67351593/confusion_matrix.pdf
2026-04-10 22:29:26,841 - cyberbully - INFO - Accuracy: 0.9555
2026-04-10 22:29:26,841 - cyberbully - INFO - Weighted F1: 0.9556
2026-04-10 22:29:26,841 - cyberbully - INFO - Micro F1: 0.9555
2026-04-10 22:29:26,841 - cyberbully - INFO - Inference time: 13.27 seconds
2026-04-10 22:29:26,841 - cyberbully - INFO - Energy consumption: 0.000837 kWh
2026-04-10 22:29:26,843 - cyberbully - INFO - ============================================================
2026-04-10 22:29:26,843 - cyberbully - INFO - Pipeline complete. Results saved to: experiments/grid-search/chandar-lab_NeoBERT/kaggle/prep0_aug0/seed_67351593
2026-04-10 22:29:26,843 - cyberbully - INFO - ============================================================
