2026-03-18 20:39:41,924 - cyberbully - INFO - ============================================================
2026-03-18 20:39:41,924 - cyberbully - INFO - Cyberbullying Detection Pipeline
2026-03-18 20:39:41,924 - cyberbully - INFO - ============================================================
2026-03-18 20:39:41,924 - cyberbully - INFO - Configuration:
2026-03-18 20:39:41,924 - cyberbully - INFO -   model          : Twitter/twhin-bert-base
2026-03-18 20:39:41,924 - cyberbully - INFO -   dataset        : ieee
2026-03-18 20:39:41,924 - cyberbully - INFO -   preprocess     : True
2026-03-18 20:39:41,924 - cyberbully - INFO -   augment        : False
2026-03-18 20:39:41,924 - cyberbully - INFO -   compute_attribution: False
2026-03-18 20:39:41,924 - cyberbully - INFO -   seed           : 52680723
2026-03-18 20:39:41,924 - cyberbully - INFO -   epochs         : 10
2026-03-18 20:39:41,924 - cyberbully - INFO -   batch_size     : 32
2026-03-18 20:39:41,924 - cyberbully - INFO -   lr             : 5e-05
2026-03-18 20:39:41,924 - cyberbully - INFO -   max_length     : 128
2026-03-18 20:39:41,924 - cyberbully - INFO -   output_dir     : supcon-baseline
2026-03-18 20:39:41,924 - cyberbully - INFO -   data_dir       : dataset
2026-03-18 20:39:41,924 - cyberbully - INFO -   sbert          : False
2026-03-18 20:39:41,924 - cyberbully - INFO -   supcon         : False
2026-03-18 20:39:41,924 - cyberbully - INFO -   supcon_weight  : 0.1
2026-03-18 20:39:41,924 - cyberbully - INFO -   proj_dim       : 128
2026-03-18 20:39:41,924 - cyberbully - INFO -   grad_accum_steps: 1
2026-03-18 20:39:41,924 - cyberbully - INFO -   overwrite      : False
2026-03-18 20:39:41,924 - cyberbully - INFO -   device         : cuda
2026-03-18 20:39:41,924 - cyberbully - INFO -   output_dir     : experiments/supcon-baseline/Twitter_twhin-bert-base/ieee/prep1_aug0/seed_52680723
2026-03-18 20:39:41,924 - cyberbully - INFO - ============================================================
2026-03-18 20:39:41,924 - cyberbully - INFO - Step 1: Preparing data...
2026-03-18 20:39:41,928 - cyberbully - INFO - Loaded pre-split data from dataset/ieee — train: 1348, val: 338, test: 422
2026-03-18 20:39:41,928 - cyberbully - INFO - Label mapping: {'Cyberstalking': 0, 'Doxing': 1, 'Revenge Porn': 2, 'Sexual Harassment': 3, 'Slut Shaming': 4}
2026-03-18 20:39:41,928 - cyberbully - INFO - Applying text preprocessing per split...
2026-03-18 20:39:42,052 - cyberbully - INFO - After preprocessing — train: 1348, val: 338, test: 422
2026-03-18 20:39:42,054 - cyberbully - INFO - Number of classes: 5
2026-03-18 20:39:42,055 - cyberbully - INFO - Step 2: Loading model and tokenizer...
2026-03-18 20:39:42,055 - cyberbully - INFO - Loading model 'Twitter/twhin-bert-base' with 5 labels (sbert=False, supcon=False)
2026-03-18 20:39:43,379 - cyberbully - INFO - Step 3: Creating datasets...
2026-03-18 20:39:43,401 - cyberbully - INFO - Dataset sizes — train: 1348, val: 338, test: 422
2026-03-18 20:39:43,401 - cyberbully - INFO - Step 4: Training...
2026-03-18 20:39:43,625 - cyberbully - INFO - Starting training...
2026-03-18 20:46:02,829 - cyberbully - INFO - Training complete.
2026-03-18 20:46:03,787 - cyberbully - INFO - Removed checkpoint: experiments/supcon-baseline/Twitter_twhin-bert-base/ieee/prep1_aug0/seed_52680723/checkpoint-215
2026-03-18 20:46:04,461 - cyberbully - INFO - Removed checkpoint: experiments/supcon-baseline/Twitter_twhin-bert-base/ieee/prep1_aug0/seed_52680723/checkpoint-387
2026-03-18 20:46:04,491 - cyberbully - INFO - Removed checkpoint: experiments/supcon-baseline/Twitter_twhin-bert-base/ieee/prep1_aug0/seed_52680723/checkpoint-86
2026-03-18 20:46:04,522 - cyberbully - INFO - Removed checkpoint: experiments/supcon-baseline/Twitter_twhin-bert-base/ieee/prep1_aug0/seed_52680723/checkpoint-129
2026-03-18 20:46:04,718 - cyberbully - INFO - Removed checkpoint: experiments/supcon-baseline/Twitter_twhin-bert-base/ieee/prep1_aug0/seed_52680723/checkpoint-344
2026-03-18 20:46:04,911 - cyberbully - INFO - Removed checkpoint: experiments/supcon-baseline/Twitter_twhin-bert-base/ieee/prep1_aug0/seed_52680723/checkpoint-258
2026-03-18 20:46:04,942 - cyberbully - INFO - Removed checkpoint: experiments/supcon-baseline/Twitter_twhin-bert-base/ieee/prep1_aug0/seed_52680723/checkpoint-43
2026-03-18 20:46:05,148 - cyberbully - INFO - Removed checkpoint: experiments/supcon-baseline/Twitter_twhin-bert-base/ieee/prep1_aug0/seed_52680723/checkpoint-301
2026-03-18 20:46:05,180 - cyberbully - INFO - Removed checkpoint: experiments/supcon-baseline/Twitter_twhin-bert-base/ieee/prep1_aug0/seed_52680723/checkpoint-172
2026-03-18 20:46:05,376 - cyberbully - INFO - Removed checkpoint: experiments/supcon-baseline/Twitter_twhin-bert-base/ieee/prep1_aug0/seed_52680723/checkpoint-430
2026-03-18 20:46:05,376 - cyberbully - INFO - Step 5: Evaluating on test set...
2026-03-18 20:46:10,839 - cyberbully - INFO - Metrics saved to experiments/supcon-baseline/Twitter_twhin-bert-base/ieee/prep1_aug0/seed_52680723/metrics.json
2026-03-18 20:46:10,839 - cyberbully - INFO - Confusion matrix saved to experiments/supcon-baseline/Twitter_twhin-bert-base/ieee/prep1_aug0/seed_52680723/confusion_matrix.json
2026-03-18 20:46:10,844 - cyberbully - INFO - Per-sample predictions saved to experiments/supcon-baseline/Twitter_twhin-bert-base/ieee/prep1_aug0/seed_52680723/predictions.json
2026-03-18 20:46:11,093 - cyberbully - INFO - Confusion matrix figure saved to experiments/supcon-baseline/Twitter_twhin-bert-base/ieee/prep1_aug0/seed_52680723/confusion_matrix.pdf
2026-03-18 20:46:11,093 - cyberbully - INFO - Accuracy: 0.8175
2026-03-18 20:46:11,093 - cyberbully - INFO - Weighted F1: 0.8201
2026-03-18 20:46:11,093 - cyberbully - INFO - Micro F1: 0.8175
2026-03-18 20:46:11,093 - cyberbully - INFO - Inference time: 0.24 seconds
2026-03-18 20:46:11,093 - cyberbully - INFO - Energy consumption: 0.000019 kWh
2026-03-18 20:46:11,093 - cyberbully - INFO - ============================================================
2026-03-18 20:46:11,093 - cyberbully - INFO - Pipeline complete. Results saved to: experiments/supcon-baseline/Twitter_twhin-bert-base/ieee/prep1_aug0/seed_52680723
2026-03-18 20:46:11,093 - cyberbully - INFO - ============================================================
