2026-03-21 16:54:34,763 - cyberbully - INFO - ============================================================
2026-03-21 16:54:34,763 - cyberbully - INFO - Cyberbullying Detection Pipeline
2026-03-21 16:54:34,763 - cyberbully - INFO - ============================================================
2026-03-21 16:54:34,763 - cyberbully - INFO - Configuration:
2026-03-21 16:54:34,763 - cyberbully - INFO -   model          : distilbert-base-cased
2026-03-21 16:54:34,763 - cyberbully - INFO -   dataset        : kaggle
2026-03-21 16:54:34,763 - cyberbully - INFO -   preprocess     : False
2026-03-21 16:54:34,763 - cyberbully - INFO -   augment        : True
2026-03-21 16:54:34,763 - cyberbully - INFO -   compute_attribution: False
2026-03-21 16:54:34,763 - cyberbully - INFO -   seed           : 24677315
2026-03-21 16:54:34,763 - cyberbully - INFO -   epochs         : 10
2026-03-21 16:54:34,763 - cyberbully - INFO -   batch_size     : 32
2026-03-21 16:54:34,763 - cyberbully - INFO -   lr             : 5e-05
2026-03-21 16:54:34,764 - cyberbully - INFO -   max_length     : 128
2026-03-21 16:54:34,764 - cyberbully - INFO -   output_dir     : grid-search
2026-03-21 16:54:34,764 - cyberbully - INFO -   data_dir       : dataset
2026-03-21 16:54:34,764 - cyberbully - INFO -   sbert          : False
2026-03-21 16:54:34,764 - cyberbully - INFO -   supcon         : False
2026-03-21 16:54:34,764 - cyberbully - INFO -   supcon_weight  : 0.1
2026-03-21 16:54:34,764 - cyberbully - INFO -   proj_dim       : 128
2026-03-21 16:54:34,764 - cyberbully - INFO -   grad_accum_steps: 1
2026-03-21 16:54:34,764 - cyberbully - INFO -   overwrite      : False
2026-03-21 16:54:34,764 - cyberbully - INFO -   device         : cuda
2026-03-21 16:54:34,764 - cyberbully - INFO -   output_dir     : experiments/grid-search/distilbert-base-cased/kaggle/prep0_aug1/seed_24677315
2026-03-21 16:54:34,764 - cyberbully - INFO - ============================================================
2026-03-21 16:54:34,764 - cyberbully - INFO - Step 1: Preparing data...
2026-03-21 16:54:34,815 - cyberbully - INFO - Loaded pre-split data from dataset/kaggle — train: 30499, val: 7625, test: 9532
2026-03-21 16:54:34,815 - cyberbully - INFO - Label mapping: {'age': 0, 'ethnicity': 1, 'gender': 2, 'not_cyberbullying': 3, 'other_cyberbullying': 4, 'religion': 5}
2026-03-21 16:54:34,818 - cyberbully - INFO - Applying training data augmentation (oversampling)...
2026-03-21 16:54:34,823 - cyberbully - INFO - After oversampling — class distribution: {0: 5118, 1: 5118, 2: 5118, 3: 5118, 4: 5118, 5: 5118}
2026-03-21 16:54:34,834 - cyberbully - INFO - Number of classes: 6
2026-03-21 16:54:34,835 - cyberbully - INFO - Step 2: Loading model and tokenizer...
2026-03-21 16:54:34,835 - cyberbully - INFO - Loading model 'distilbert-base-cased' with 6 labels (sbert=False, supcon=False)
2026-03-21 16:54:35,536 - cyberbully - INFO - Step 3: Creating datasets...
2026-03-21 16:54:36,230 - cyberbully - INFO - Dataset sizes — train: 30708, val: 7625, test: 9532
2026-03-21 16:54:36,230 - cyberbully - INFO - Step 4: Training...
2026-03-21 16:54:36,438 - cyberbully - INFO - Starting training...
2026-03-21 17:02:32,587 - cyberbully - INFO - Training complete.
2026-03-21 17:02:32,626 - cyberbully - INFO - Removed checkpoint: experiments/grid-search/distilbert-base-cased/kaggle/prep0_aug1/seed_24677315/checkpoint-1920
2026-03-21 17:02:32,671 - cyberbully - INFO - Removed checkpoint: experiments/grid-search/distilbert-base-cased/kaggle/prep0_aug1/seed_24677315/checkpoint-9600
2026-03-21 17:02:32,709 - cyberbully - INFO - Removed checkpoint: experiments/grid-search/distilbert-base-cased/kaggle/prep0_aug1/seed_24677315/checkpoint-4800
2026-03-21 17:02:32,747 - cyberbully - INFO - Removed checkpoint: experiments/grid-search/distilbert-base-cased/kaggle/prep0_aug1/seed_24677315/checkpoint-6720
2026-03-21 17:02:32,785 - cyberbully - INFO - Removed checkpoint: experiments/grid-search/distilbert-base-cased/kaggle/prep0_aug1/seed_24677315/checkpoint-5760
2026-03-21 17:02:32,824 - cyberbully - INFO - Removed checkpoint: experiments/grid-search/distilbert-base-cased/kaggle/prep0_aug1/seed_24677315/checkpoint-2880
2026-03-21 17:02:32,863 - cyberbully - INFO - Removed checkpoint: experiments/grid-search/distilbert-base-cased/kaggle/prep0_aug1/seed_24677315/checkpoint-7680
2026-03-21 17:02:32,901 - cyberbully - INFO - Removed checkpoint: experiments/grid-search/distilbert-base-cased/kaggle/prep0_aug1/seed_24677315/checkpoint-3840
2026-03-21 17:02:32,938 - cyberbully - INFO - Removed checkpoint: experiments/grid-search/distilbert-base-cased/kaggle/prep0_aug1/seed_24677315/checkpoint-8640
2026-03-21 17:02:32,978 - cyberbully - INFO - Removed checkpoint: experiments/grid-search/distilbert-base-cased/kaggle/prep0_aug1/seed_24677315/checkpoint-960
2026-03-21 17:02:32,978 - cyberbully - INFO - Step 5: Evaluating on test set...
2026-03-21 17:02:41,010 - cyberbully - INFO - Metrics saved to experiments/grid-search/distilbert-base-cased/kaggle/prep0_aug1/seed_24677315/metrics.json
2026-03-21 17:02:41,010 - cyberbully - INFO - Confusion matrix saved to experiments/grid-search/distilbert-base-cased/kaggle/prep0_aug1/seed_24677315/confusion_matrix.json
2026-03-21 17:02:41,113 - cyberbully - INFO - Per-sample predictions saved to experiments/grid-search/distilbert-base-cased/kaggle/prep0_aug1/seed_24677315/predictions.json
2026-03-21 17:02:41,224 - cyberbully - INFO - Confusion matrix figure saved to experiments/grid-search/distilbert-base-cased/kaggle/prep0_aug1/seed_24677315/confusion_matrix.pdf
2026-03-21 17:02:41,224 - cyberbully - INFO - Accuracy: 0.8649
2026-03-21 17:02:41,224 - cyberbully - INFO - Weighted F1: 0.8638
2026-03-21 17:02:41,224 - cyberbully - INFO - Micro F1: 0.8649
2026-03-21 17:02:41,225 - cyberbully - INFO - Inference time: 3.72 seconds
2026-03-21 17:02:41,225 - cyberbully - INFO - Energy consumption: 0.000241 kWh
2026-03-21 17:02:41,226 - cyberbully - INFO - ============================================================
2026-03-21 17:02:41,226 - cyberbully - INFO - Pipeline complete. Results saved to: experiments/grid-search/distilbert-base-cased/kaggle/prep0_aug1/seed_24677315
2026-03-21 17:02:41,226 - cyberbully - INFO - ============================================================
