2026-03-22 00:26:18,426 - cyberbully - INFO - ============================================================
2026-03-22 00:26:18,426 - cyberbully - INFO - Cyberbullying Detection Pipeline
2026-03-22 00:26:18,426 - cyberbully - INFO - ============================================================
2026-03-22 00:26:18,426 - cyberbully - INFO - Configuration:
2026-03-22 00:26:18,426 - cyberbully - INFO -   model          : distilbert-base-cased
2026-03-22 00:26:18,426 - cyberbully - INFO -   dataset        : tweeteval
2026-03-22 00:26:18,426 - cyberbully - INFO -   preprocess     : True
2026-03-22 00:26:18,426 - cyberbully - INFO -   augment        : False
2026-03-22 00:26:18,426 - cyberbully - INFO -   compute_attribution: False
2026-03-22 00:26:18,426 - cyberbully - INFO -   seed           : 24677315
2026-03-22 00:26:18,426 - cyberbully - INFO -   epochs         : 10
2026-03-22 00:26:18,426 - cyberbully - INFO -   batch_size     : 32
2026-03-22 00:26:18,426 - cyberbully - INFO -   lr             : 5e-05
2026-03-22 00:26:18,426 - cyberbully - INFO -   max_length     : 128
2026-03-22 00:26:18,426 - cyberbully - INFO -   output_dir     : grid-search
2026-03-22 00:26:18,426 - cyberbully - INFO -   data_dir       : dataset
2026-03-22 00:26:18,426 - cyberbully - INFO -   sbert          : False
2026-03-22 00:26:18,426 - cyberbully - INFO -   supcon         : False
2026-03-22 00:26:18,426 - cyberbully - INFO -   supcon_weight  : 0.1
2026-03-22 00:26:18,426 - cyberbully - INFO -   proj_dim       : 128
2026-03-22 00:26:18,426 - cyberbully - INFO -   grad_accum_steps: 1
2026-03-22 00:26:18,426 - cyberbully - INFO -   overwrite      : False
2026-03-22 00:26:18,426 - cyberbully - INFO -   device         : cuda
2026-03-22 00:26:18,426 - cyberbully - INFO -   output_dir     : experiments/grid-search/distilbert-base-cased/tweeteval/prep1_aug0/seed_24677315
2026-03-22 00:26:18,426 - cyberbully - INFO - ============================================================
2026-03-22 00:26:18,426 - cyberbully - INFO - Step 1: Preparing data...
2026-03-22 00:26:18,474 - cyberbully - INFO - Loaded pre-split data from dataset/tweeteval — train: 32485, val: 8122, test: 10152
2026-03-22 00:26:18,474 - cyberbully - INFO - Label mapping: {'emotion': 0, 'hate': 1, 'offensive': 2, 'religion': 3, 'spiritual': 4}
2026-03-22 00:26:18,474 - cyberbully - INFO - Applying text preprocessing per split...
2026-03-22 00:27:13,561 - cyberbully - INFO - After preprocessing — train: 30366, val: 7618, test: 9466
2026-03-22 00:27:13,572 - cyberbully - INFO - Number of classes: 5
2026-03-22 00:27:13,573 - cyberbully - INFO - Step 2: Loading model and tokenizer...
2026-03-22 00:27:13,573 - cyberbully - INFO - Loading model 'distilbert-base-cased' with 5 labels (sbert=False, supcon=False)
2026-03-22 00:27:14,314 - cyberbully - INFO - Step 3: Creating datasets...
2026-03-22 00:27:14,925 - cyberbully - INFO - Dataset sizes — train: 30366, val: 7618, test: 9466
2026-03-22 00:27:14,925 - cyberbully - INFO - Step 4: Training...
2026-03-22 00:27:15,120 - cyberbully - INFO - Starting training...
2026-03-22 00:35:00,818 - cyberbully - INFO - Training complete.
2026-03-22 00:35:00,856 - cyberbully - INFO - Removed checkpoint: experiments/grid-search/distilbert-base-cased/tweeteval/prep1_aug0/seed_24677315/checkpoint-1898
2026-03-22 00:35:00,894 - cyberbully - INFO - Removed checkpoint: experiments/grid-search/distilbert-base-cased/tweeteval/prep1_aug0/seed_24677315/checkpoint-7592
2026-03-22 00:35:00,933 - cyberbully - INFO - Removed checkpoint: experiments/grid-search/distilbert-base-cased/tweeteval/prep1_aug0/seed_24677315/checkpoint-6643
2026-03-22 00:35:00,971 - cyberbully - INFO - Removed checkpoint: experiments/grid-search/distilbert-base-cased/tweeteval/prep1_aug0/seed_24677315/checkpoint-2847
2026-03-22 00:35:01,009 - cyberbully - INFO - Removed checkpoint: experiments/grid-search/distilbert-base-cased/tweeteval/prep1_aug0/seed_24677315/checkpoint-8541
2026-03-22 00:35:01,047 - cyberbully - INFO - Removed checkpoint: experiments/grid-search/distilbert-base-cased/tweeteval/prep1_aug0/seed_24677315/checkpoint-5694
2026-03-22 00:35:01,086 - cyberbully - INFO - Removed checkpoint: experiments/grid-search/distilbert-base-cased/tweeteval/prep1_aug0/seed_24677315/checkpoint-3796
2026-03-22 00:35:01,126 - cyberbully - INFO - Removed checkpoint: experiments/grid-search/distilbert-base-cased/tweeteval/prep1_aug0/seed_24677315/checkpoint-949
2026-03-22 00:35:01,172 - cyberbully - INFO - Removed checkpoint: experiments/grid-search/distilbert-base-cased/tweeteval/prep1_aug0/seed_24677315/checkpoint-9490
2026-03-22 00:35:01,211 - cyberbully - INFO - Removed checkpoint: experiments/grid-search/distilbert-base-cased/tweeteval/prep1_aug0/seed_24677315/checkpoint-4745
2026-03-22 00:35:01,211 - cyberbully - INFO - Step 5: Evaluating on test set...
2026-03-22 00:35:09,194 - cyberbully - INFO - Metrics saved to experiments/grid-search/distilbert-base-cased/tweeteval/prep1_aug0/seed_24677315/metrics.json
2026-03-22 00:35:09,194 - cyberbully - INFO - Confusion matrix saved to experiments/grid-search/distilbert-base-cased/tweeteval/prep1_aug0/seed_24677315/confusion_matrix.json
2026-03-22 00:35:09,282 - cyberbully - INFO - Per-sample predictions saved to experiments/grid-search/distilbert-base-cased/tweeteval/prep1_aug0/seed_24677315/predictions.json
2026-03-22 00:35:09,382 - cyberbully - INFO - Confusion matrix figure saved to experiments/grid-search/distilbert-base-cased/tweeteval/prep1_aug0/seed_24677315/confusion_matrix.pdf
2026-03-22 00:35:09,382 - cyberbully - INFO - Accuracy: 0.9453
2026-03-22 00:35:09,382 - cyberbully - INFO - Weighted F1: 0.9451
2026-03-22 00:35:09,382 - cyberbully - INFO - Micro F1: 0.9453
2026-03-22 00:35:09,382 - cyberbully - INFO - Inference time: 3.61 seconds
2026-03-22 00:35:09,382 - cyberbully - INFO - Energy consumption: 0.000234 kWh
2026-03-22 00:35:09,384 - cyberbully - INFO - ============================================================
2026-03-22 00:35:09,384 - cyberbully - INFO - Pipeline complete. Results saved to: experiments/grid-search/distilbert-base-cased/tweeteval/prep1_aug0/seed_24677315
2026-03-22 00:35:09,384 - cyberbully - INFO - ============================================================
