2026-03-22 02:19:30,067 - cyberbully - INFO - ============================================================
2026-03-22 02:19:30,067 - cyberbully - INFO - Cyberbullying Detection Pipeline
2026-03-22 02:19:30,067 - cyberbully - INFO - ============================================================
2026-03-22 02:19:30,067 - cyberbully - INFO - Configuration:
2026-03-22 02:19:30,067 - cyberbully - INFO -   model          : distilbert-base-cased
2026-03-22 02:19:30,067 - cyberbully - INFO -   dataset        : tweeteval
2026-03-22 02:19:30,067 - cyberbully - INFO -   preprocess     : True
2026-03-22 02:19:30,067 - cyberbully - INFO -   augment        : True
2026-03-22 02:19:30,067 - cyberbully - INFO -   compute_attribution: False
2026-03-22 02:19:30,067 - cyberbully - INFO -   seed           : 43782163
2026-03-22 02:19:30,067 - cyberbully - INFO -   epochs         : 10
2026-03-22 02:19:30,067 - cyberbully - INFO -   batch_size     : 32
2026-03-22 02:19:30,067 - cyberbully - INFO -   lr             : 5e-05
2026-03-22 02:19:30,067 - cyberbully - INFO -   max_length     : 128
2026-03-22 02:19:30,067 - cyberbully - INFO -   output_dir     : grid-search
2026-03-22 02:19:30,067 - cyberbully - INFO -   data_dir       : dataset
2026-03-22 02:19:30,067 - cyberbully - INFO -   sbert          : False
2026-03-22 02:19:30,068 - cyberbully - INFO -   supcon         : False
2026-03-22 02:19:30,068 - cyberbully - INFO -   supcon_weight  : 0.1
2026-03-22 02:19:30,068 - cyberbully - INFO -   proj_dim       : 128
2026-03-22 02:19:30,068 - cyberbully - INFO -   grad_accum_steps: 1
2026-03-22 02:19:30,068 - cyberbully - INFO -   overwrite      : False
2026-03-22 02:19:30,068 - cyberbully - INFO -   device         : cuda
2026-03-22 02:19:30,068 - cyberbully - INFO -   output_dir     : experiments/grid-search/distilbert-base-cased/tweeteval/prep1_aug1/seed_43782163
2026-03-22 02:19:30,068 - cyberbully - INFO - ============================================================
2026-03-22 02:19:30,068 - cyberbully - INFO - Step 1: Preparing data...
2026-03-22 02:19:30,116 - cyberbully - INFO - Loaded pre-split data from dataset/tweeteval — train: 32485, val: 8122, test: 10152
2026-03-22 02:19:30,116 - cyberbully - INFO - Label mapping: {'emotion': 0, 'hate': 1, 'offensive': 2, 'religion': 3, 'spiritual': 4}
2026-03-22 02:19:30,116 - cyberbully - INFO - Applying text preprocessing per split...
2026-03-22 02:20:25,732 - cyberbully - INFO - After preprocessing — train: 30361, val: 7615, test: 9465
2026-03-22 02:20:25,734 - cyberbully - INFO - Applying training data augmentation (oversampling)...
2026-03-22 02:20:25,739 - cyberbully - INFO - After oversampling — class distribution: {0: 7769, 1: 7769, 2: 7769, 3: 7769, 4: 7769}
2026-03-22 02:20:25,749 - cyberbully - INFO - Number of classes: 5
2026-03-22 02:20:25,750 - cyberbully - INFO - Step 2: Loading model and tokenizer...
2026-03-22 02:20:25,750 - cyberbully - INFO - Loading model 'distilbert-base-cased' with 5 labels (sbert=False, supcon=False)
2026-03-22 02:20:26,468 - cyberbully - INFO - Step 3: Creating datasets...
2026-03-22 02:20:27,388 - cyberbully - INFO - Dataset sizes — train: 38845, val: 7615, test: 9465
2026-03-22 02:20:27,388 - cyberbully - INFO - Step 4: Training...
2026-03-22 02:20:27,607 - cyberbully - INFO - Starting training...
2026-03-22 02:30:13,990 - cyberbully - INFO - Training complete.
2026-03-22 02:30:14,029 - cyberbully - INFO - Removed checkpoint: experiments/grid-search/distilbert-base-cased/tweeteval/prep1_aug1/seed_43782163/checkpoint-2428
2026-03-22 02:30:14,067 - cyberbully - INFO - Removed checkpoint: experiments/grid-search/distilbert-base-cased/tweeteval/prep1_aug1/seed_43782163/checkpoint-6070
2026-03-22 02:30:14,105 - cyberbully - INFO - Removed checkpoint: experiments/grid-search/distilbert-base-cased/tweeteval/prep1_aug1/seed_43782163/checkpoint-7284
2026-03-22 02:30:14,142 - cyberbully - INFO - Removed checkpoint: experiments/grid-search/distilbert-base-cased/tweeteval/prep1_aug1/seed_43782163/checkpoint-9712
2026-03-22 02:30:14,181 - cyberbully - INFO - Removed checkpoint: experiments/grid-search/distilbert-base-cased/tweeteval/prep1_aug1/seed_43782163/checkpoint-1214
2026-03-22 02:30:14,220 - cyberbully - INFO - Removed checkpoint: experiments/grid-search/distilbert-base-cased/tweeteval/prep1_aug1/seed_43782163/checkpoint-4856
2026-03-22 02:30:14,258 - cyberbully - INFO - Removed checkpoint: experiments/grid-search/distilbert-base-cased/tweeteval/prep1_aug1/seed_43782163/checkpoint-3642
2026-03-22 02:30:14,296 - cyberbully - INFO - Removed checkpoint: experiments/grid-search/distilbert-base-cased/tweeteval/prep1_aug1/seed_43782163/checkpoint-10926
2026-03-22 02:30:14,334 - cyberbully - INFO - Removed checkpoint: experiments/grid-search/distilbert-base-cased/tweeteval/prep1_aug1/seed_43782163/checkpoint-8498
2026-03-22 02:30:14,379 - cyberbully - INFO - Removed checkpoint: experiments/grid-search/distilbert-base-cased/tweeteval/prep1_aug1/seed_43782163/checkpoint-12140
2026-03-22 02:30:14,379 - cyberbully - INFO - Step 5: Evaluating on test set...
2026-03-22 02:30:22,271 - cyberbully - INFO - Metrics saved to experiments/grid-search/distilbert-base-cased/tweeteval/prep1_aug1/seed_43782163/metrics.json
2026-03-22 02:30:22,271 - cyberbully - INFO - Confusion matrix saved to experiments/grid-search/distilbert-base-cased/tweeteval/prep1_aug1/seed_43782163/confusion_matrix.json
2026-03-22 02:30:22,359 - cyberbully - INFO - Per-sample predictions saved to experiments/grid-search/distilbert-base-cased/tweeteval/prep1_aug1/seed_43782163/predictions.json
2026-03-22 02:30:22,459 - cyberbully - INFO - Confusion matrix figure saved to experiments/grid-search/distilbert-base-cased/tweeteval/prep1_aug1/seed_43782163/confusion_matrix.pdf
2026-03-22 02:30:22,460 - cyberbully - INFO - Accuracy: 0.9465
2026-03-22 02:30:22,460 - cyberbully - INFO - Weighted F1: 0.9467
2026-03-22 02:30:22,460 - cyberbully - INFO - Micro F1: 0.9465
2026-03-22 02:30:22,460 - cyberbully - INFO - Inference time: 3.60 seconds
2026-03-22 02:30:22,460 - cyberbully - INFO - Energy consumption: 0.000232 kWh
2026-03-22 02:30:22,461 - cyberbully - INFO - ============================================================
2026-03-22 02:30:22,461 - cyberbully - INFO - Pipeline complete. Results saved to: experiments/grid-search/distilbert-base-cased/tweeteval/prep1_aug1/seed_43782163
2026-03-22 02:30:22,462 - cyberbully - INFO - ============================================================
