2026-03-23 01:35:02,968 - cyberbully - INFO - Model 'all-distilroberta-v1' detected as SBERT-based. Using SBERTClassifier pipeline.
2026-03-23 01:35:02,968 - cyberbully - INFO - ============================================================
2026-03-23 01:35:02,968 - cyberbully - INFO - Cyberbullying Detection Pipeline
2026-03-23 01:35:02,968 - cyberbully - INFO - ============================================================
2026-03-23 01:35:02,968 - cyberbully - INFO - Configuration:
2026-03-23 01:35:02,968 - cyberbully - INFO -   model          : all-distilroberta-v1
2026-03-23 01:35:02,969 - cyberbully - INFO -   dataset        : tweeteval
2026-03-23 01:35:02,969 - cyberbully - INFO -   preprocess     : True
2026-03-23 01:35:02,969 - cyberbully - INFO -   augment        : True
2026-03-23 01:35:02,969 - cyberbully - INFO -   compute_attribution: False
2026-03-23 01:35:02,969 - cyberbully - INFO -   seed           : 90995999
2026-03-23 01:35:02,969 - cyberbully - INFO -   epochs         : 10
2026-03-23 01:35:02,969 - cyberbully - INFO -   batch_size     : 32
2026-03-23 01:35:02,969 - cyberbully - INFO -   lr             : 5e-05
2026-03-23 01:35:02,969 - cyberbully - INFO -   max_length     : 128
2026-03-23 01:35:02,969 - cyberbully - INFO -   output_dir     : grid-search
2026-03-23 01:35:02,969 - cyberbully - INFO -   data_dir       : dataset
2026-03-23 01:35:02,969 - cyberbully - INFO -   sbert          : True
2026-03-23 01:35:02,969 - cyberbully - INFO -   supcon         : False
2026-03-23 01:35:02,969 - cyberbully - INFO -   supcon_weight  : 0.1
2026-03-23 01:35:02,969 - cyberbully - INFO -   proj_dim       : 128
2026-03-23 01:35:02,969 - cyberbully - INFO -   grad_accum_steps: 1
2026-03-23 01:35:02,969 - cyberbully - INFO -   overwrite      : False
2026-03-23 01:35:02,969 - cyberbully - INFO -   device         : cuda
2026-03-23 01:35:02,969 - cyberbully - INFO -   output_dir     : experiments/grid-search/all-distilroberta-v1/tweeteval/prep1_aug1/seed_90995999
2026-03-23 01:35:02,969 - cyberbully - INFO - ============================================================
2026-03-23 01:35:02,969 - cyberbully - INFO - Step 1: Preparing data...
2026-03-23 01:35:03,019 - cyberbully - INFO - Loaded pre-split data from dataset/tweeteval — train: 32485, val: 8122, test: 10152
2026-03-23 01:35:03,019 - cyberbully - INFO - Label mapping: {'emotion': 0, 'hate': 1, 'offensive': 2, 'religion': 3, 'spiritual': 4}
2026-03-23 01:35:03,019 - cyberbully - INFO - Applying text preprocessing per split...
2026-03-23 01:36:02,292 - cyberbully - INFO - After preprocessing — train: 30359, val: 7620, test: 9471
2026-03-23 01:36:02,294 - cyberbully - INFO - Applying training data augmentation (oversampling)...
2026-03-23 01:36:02,300 - cyberbully - INFO - After oversampling — class distribution: {0: 7760, 1: 7760, 2: 7760, 3: 7760, 4: 7760}
2026-03-23 01:36:02,309 - cyberbully - INFO - Number of classes: 5
2026-03-23 01:36:02,311 - cyberbully - INFO - Step 2: Loading model and tokenizer...
2026-03-23 01:36:02,311 - cyberbully - INFO - Loading model 'all-distilroberta-v1' with 5 labels (sbert=True, supcon=False)
2026-03-23 01:36:05,599 - cyberbully - INFO - SBERTClassifier: embedding_dim=768, hidden=256, proj_dim=None, num_labels=5
2026-03-23 01:36:05,965 - cyberbully - INFO - Step 3: Creating datasets...
2026-03-23 01:36:06,716 - cyberbully - INFO - Dataset sizes — train: 38800, val: 7620, test: 9471
2026-03-23 01:36:06,716 - cyberbully - INFO - Step 4: Training...
2026-03-23 01:36:06,719 - cyberbully - INFO - Starting training...
2026-03-23 01:44:20,961 - cyberbully - INFO - Training complete.
2026-03-23 01:44:21,032 - cyberbully - INFO - Removed checkpoint: experiments/grid-search/all-distilroberta-v1/tweeteval/prep1_aug1/seed_90995999/checkpoint-12130
2026-03-23 01:44:21,095 - cyberbully - INFO - Removed checkpoint: experiments/grid-search/all-distilroberta-v1/tweeteval/prep1_aug1/seed_90995999/checkpoint-2426
2026-03-23 01:44:21,157 - cyberbully - INFO - Removed checkpoint: experiments/grid-search/all-distilroberta-v1/tweeteval/prep1_aug1/seed_90995999/checkpoint-3639
2026-03-23 01:44:21,216 - cyberbully - INFO - Removed checkpoint: experiments/grid-search/all-distilroberta-v1/tweeteval/prep1_aug1/seed_90995999/checkpoint-9704
2026-03-23 01:44:21,277 - cyberbully - INFO - Removed checkpoint: experiments/grid-search/all-distilroberta-v1/tweeteval/prep1_aug1/seed_90995999/checkpoint-8491
2026-03-23 01:44:21,338 - cyberbully - INFO - Removed checkpoint: experiments/grid-search/all-distilroberta-v1/tweeteval/prep1_aug1/seed_90995999/checkpoint-6065
2026-03-23 01:44:21,397 - cyberbully - INFO - Removed checkpoint: experiments/grid-search/all-distilroberta-v1/tweeteval/prep1_aug1/seed_90995999/checkpoint-7278
2026-03-23 01:44:21,457 - cyberbully - INFO - Removed checkpoint: experiments/grid-search/all-distilroberta-v1/tweeteval/prep1_aug1/seed_90995999/checkpoint-4852
2026-03-23 01:44:21,523 - cyberbully - INFO - Removed checkpoint: experiments/grid-search/all-distilroberta-v1/tweeteval/prep1_aug1/seed_90995999/checkpoint-1213
2026-03-23 01:44:21,580 - cyberbully - INFO - Removed checkpoint: experiments/grid-search/all-distilroberta-v1/tweeteval/prep1_aug1/seed_90995999/checkpoint-10917
2026-03-23 01:44:21,580 - cyberbully - INFO - Step 5: Evaluating on test set...
2026-03-23 01:44:28,046 - cyberbully - INFO - Metrics saved to experiments/grid-search/all-distilroberta-v1/tweeteval/prep1_aug1/seed_90995999/metrics.json
2026-03-23 01:44:28,046 - cyberbully - INFO - Confusion matrix saved to experiments/grid-search/all-distilroberta-v1/tweeteval/prep1_aug1/seed_90995999/confusion_matrix.json
2026-03-23 01:44:28,141 - cyberbully - INFO - Per-sample predictions saved to experiments/grid-search/all-distilroberta-v1/tweeteval/prep1_aug1/seed_90995999/predictions.json
2026-03-23 01:44:28,245 - cyberbully - INFO - Confusion matrix figure saved to experiments/grid-search/all-distilroberta-v1/tweeteval/prep1_aug1/seed_90995999/confusion_matrix.pdf
2026-03-23 01:44:28,245 - cyberbully - INFO - Accuracy: 0.9408
2026-03-23 01:44:28,245 - cyberbully - INFO - Weighted F1: 0.9408
2026-03-23 01:44:28,245 - cyberbully - INFO - Micro F1: 0.9408
2026-03-23 01:44:28,245 - cyberbully - INFO - Inference time: 2.20 seconds
2026-03-23 01:44:28,246 - cyberbully - INFO - Energy consumption: 0.000113 kWh
2026-03-23 01:44:28,247 - cyberbully - INFO - ============================================================
2026-03-23 01:44:28,247 - cyberbully - INFO - Pipeline complete. Results saved to: experiments/grid-search/all-distilroberta-v1/tweeteval/prep1_aug1/seed_90995999
2026-03-23 01:44:28,247 - cyberbully - INFO - ============================================================
