2026-02-20 15:11:52,089 - cyberbully - INFO - ============================================================
2026-02-20 15:11:52,089 - cyberbully - INFO - Cyberbullying Detection Pipeline
2026-02-20 15:11:52,089 - cyberbully - INFO - ============================================================
2026-02-20 15:11:52,089 - cyberbully - INFO - Configuration:
2026-02-20 15:11:52,089 - cyberbully - INFO -   model          : all-MiniLM-L12-v2
2026-02-20 15:11:52,089 - cyberbully - INFO -   dataset        : tweeteval
2026-02-20 15:11:52,089 - cyberbully - INFO -   preprocess     : False
2026-02-20 15:11:52,089 - cyberbully - INFO -   augment        : False
2026-02-20 15:11:52,089 - cyberbully - INFO -   compute_attribution: False
2026-02-20 15:11:52,089 - cyberbully - INFO -   seed           : 70681460
2026-02-20 15:11:52,089 - cyberbully - INFO -   epochs         : 5
2026-02-20 15:11:52,089 - cyberbully - INFO -   batch_size     : 16
2026-02-20 15:11:52,089 - cyberbully - INFO -   lr             : 2e-05
2026-02-20 15:11:52,089 - cyberbully - INFO -   max_length     : 128
2026-02-20 15:11:52,089 - cyberbully - INFO -   output_dir     : sbert-model
2026-02-20 15:11:52,089 - cyberbully - INFO -   data_dir       : dataset
2026-02-20 15:11:52,089 - cyberbully - INFO -   sbert          : True
2026-02-20 15:11:52,089 - cyberbully - INFO -   overwrite      : False
2026-02-20 15:11:52,089 - cyberbully - INFO -   device         : cuda
2026-02-20 15:11:52,089 - cyberbully - INFO -   output_dir     : experiments/sbert-model/all-MiniLM-L12-v2/tweeteval/prep0_aug0/seed_70681460
2026-02-20 15:11:52,089 - cyberbully - INFO - ============================================================
2026-02-20 15:11:52,089 - cyberbully - INFO - Step 1: Preparing data...
2026-02-20 15:11:52,089 - cyberbully - INFO - Loading dataset 'tweeteval' from dataset/Tweeteval.csv
2026-02-20 15:11:52,161 - cyberbully - INFO - Loaded 50759 samples with 5 classes: ['emotion', 'hate', 'offensive', 'religion', 'spiritual']
2026-02-20 15:11:52,163 - cyberbully - INFO - Label mapping: {'emotion': 0, 'hate': 1, 'offensive': 2, 'religion': 3, 'spiritual': 4}
2026-02-20 15:11:52,176 - cyberbully - INFO - Split sizes — train: 32485, val: 8122, test: 10152
2026-02-20 15:11:52,176 - cyberbully - INFO - Number of classes: 5
2026-02-20 15:11:52,178 - cyberbully - INFO - Step 2: Loading model and tokenizer...
2026-02-20 15:11:52,179 - cyberbully - INFO - Loading model 'all-MiniLM-L12-v2' with 5 labels (sbert=True)
2026-02-20 15:11:54,707 - cyberbully - INFO - SBERTClassifier: embedding_dim=384, hidden=256, num_labels=5
2026-02-20 15:11:55,001 - cyberbully - INFO - Step 3: Creating datasets...
2026-02-20 15:11:55,970 - cyberbully - INFO - Dataset sizes — train: 32485, val: 8122, test: 10152
2026-02-20 15:11:55,970 - cyberbully - INFO - Step 4: Training...
2026-02-20 15:11:56,018 - cyberbully - INFO - Starting training...
2026-02-20 15:16:39,879 - cyberbully - INFO - Training complete.
2026-02-20 15:16:39,879 - cyberbully - INFO - Step 5: Evaluating on test set...
2026-02-20 15:16:47,838 - cyberbully - INFO - Metrics saved to experiments/sbert-model/all-MiniLM-L12-v2/tweeteval/prep0_aug0/seed_70681460/metrics.json
2026-02-20 15:16:47,838 - cyberbully - INFO - Confusion matrix saved to experiments/sbert-model/all-MiniLM-L12-v2/tweeteval/prep0_aug0/seed_70681460/confusion_matrix.json
2026-02-20 15:16:47,939 - cyberbully - INFO - Confusion matrix figure saved to experiments/sbert-model/all-MiniLM-L12-v2/tweeteval/prep0_aug0/seed_70681460/confusion_matrix.pdf
2026-02-20 15:16:47,939 - cyberbully - INFO - Accuracy: 0.9702
2026-02-20 15:16:47,940 - cyberbully - INFO - Weighted F1: 0.9702
2026-02-20 15:16:47,940 - cyberbully - INFO - Micro F1: 0.9702
2026-02-20 15:16:47,940 - cyberbully - INFO - Inference time: 3.67 seconds
2026-02-20 15:16:47,940 - cyberbully - INFO - Energy consumption: 0.000223 kWh
2026-02-20 15:16:47,940 - cyberbully - INFO - ============================================================
2026-02-20 15:16:47,940 - cyberbully - INFO - Pipeline complete. Results saved to: experiments/sbert-model/all-MiniLM-L12-v2/tweeteval/prep0_aug0/seed_70681460
2026-02-20 15:16:47,940 - cyberbully - INFO - ============================================================
