2026-02-17 16:31:09,457 - cyberbully - INFO - ============================================================
2026-02-17 16:31:09,457 - cyberbully - INFO - Cyberbullying Detection Pipeline
2026-02-17 16:31:09,457 - cyberbully - INFO - ============================================================
2026-02-17 16:31:09,457 - cyberbully - INFO - Configuration:
2026-02-17 16:31:09,457 - cyberbully - INFO -   model          : Twitter/twhin-bert-base
2026-02-17 16:31:09,457 - cyberbully - INFO -   dataset        : ieee
2026-02-17 16:31:09,457 - cyberbully - INFO -   preprocess     : False
2026-02-17 16:31:09,457 - cyberbully - INFO -   augment        : False
2026-02-17 16:31:09,457 - cyberbully - INFO -   compute_attribution: False
2026-02-17 16:31:09,457 - cyberbully - INFO -   seed           : 67351593
2026-02-17 16:31:09,457 - cyberbully - INFO -   epochs         : 5
2026-02-17 16:31:09,457 - cyberbully - INFO -   batch_size     : 16
2026-02-17 16:31:09,457 - cyberbully - INFO -   lr             : 2e-05
2026-02-17 16:31:09,457 - cyberbully - INFO -   max_length     : 128
2026-02-17 16:31:09,457 - cyberbully - INFO -   output_dir     : domain-model
2026-02-17 16:31:09,457 - cyberbully - INFO -   data_dir       : dataset
2026-02-17 16:31:09,457 - cyberbully - INFO -   sbert          : False
2026-02-17 16:31:09,457 - cyberbully - INFO -   overwrite      : False
2026-02-17 16:31:09,457 - cyberbully - INFO -   device         : cuda
2026-02-17 16:31:09,458 - cyberbully - INFO -   output_dir     : experiments/domain-model/Twitter_twhin-bert-base/ieee/prep0_aug0/seed_67351593
2026-02-17 16:31:09,458 - cyberbully - INFO - ============================================================
2026-02-17 16:31:09,458 - cyberbully - INFO - Step 1: Preparing data...
2026-02-17 16:31:09,458 - cyberbully - INFO - Loading dataset 'ieee' from dataset/IEEE Data Port.csv
2026-02-17 16:31:09,464 - cyberbully - INFO - Loaded 2108 samples with 5 classes: ['Cyberstalking', 'Doxing', 'Revenge Porn', 'Sexual Harassment', 'Slut Shaming']
2026-02-17 16:31:09,464 - cyberbully - INFO - Label mapping: {'Cyberstalking': 0, 'Doxing': 1, 'Revenge Porn': 2, 'Sexual Harassment': 3, 'Slut Shaming': 4}
2026-02-17 16:31:09,466 - cyberbully - INFO - Split sizes — train: 1348, val: 338, test: 422
2026-02-17 16:31:09,466 - cyberbully - INFO - Number of classes: 5
2026-02-17 16:31:09,468 - cyberbully - INFO - Step 2: Loading model and tokenizer...
2026-02-17 16:31:09,468 - cyberbully - INFO - Loading model 'Twitter/twhin-bert-base' with 5 labels (sbert=False)
2026-02-17 16:31:10,746 - cyberbully - INFO - Step 3: Creating datasets...
2026-02-17 16:31:10,779 - cyberbully - INFO - Dataset sizes — train: 1348, val: 338, test: 422
2026-02-17 16:31:10,779 - cyberbully - INFO - Step 4: Training...
2026-02-17 16:31:11,102 - cyberbully - INFO - Starting training...
2026-02-17 16:31:47,762 - cyberbully - INFO - Training complete.
2026-02-17 16:31:47,762 - cyberbully - INFO - Step 5: Evaluating on test set...
2026-02-17 16:31:52,373 - cyberbully - INFO - Metrics saved to experiments/domain-model/Twitter_twhin-bert-base/ieee/prep0_aug0/seed_67351593/metrics.json
2026-02-17 16:31:52,373 - cyberbully - INFO - Confusion matrix saved to experiments/domain-model/Twitter_twhin-bert-base/ieee/prep0_aug0/seed_67351593/confusion_matrix.json
2026-02-17 16:31:52,472 - cyberbully - INFO - Confusion matrix figure saved to experiments/domain-model/Twitter_twhin-bert-base/ieee/prep0_aug0/seed_67351593/confusion_matrix.pdf
2026-02-17 16:31:52,472 - cyberbully - INFO - Accuracy: 0.8365
2026-02-17 16:31:52,472 - cyberbully - INFO - Weighted F1: 0.8376
2026-02-17 16:31:52,472 - cyberbully - INFO - Micro F1: 0.8365
2026-02-17 16:31:52,472 - cyberbully - INFO - Inference time: 0.34 seconds
2026-02-17 16:31:52,472 - cyberbully - INFO - Energy consumption: 0.000018 kWh
2026-02-17 16:31:52,472 - cyberbully - INFO - ============================================================
2026-02-17 16:31:52,472 - cyberbully - INFO - Pipeline complete. Results saved to: experiments/domain-model/Twitter_twhin-bert-base/ieee/prep0_aug0/seed_67351593
2026-02-17 16:31:52,472 - cyberbully - INFO - ============================================================
