2026-06-14 18:25:39,479 - cyberbully - INFO - ============================================================
2026-06-14 18:25:39,479 - cyberbully - INFO - Cyberbullying Detection Pipeline
2026-06-14 18:25:39,479 - cyberbully - INFO - ============================================================
2026-06-14 18:25:39,479 - cyberbully - INFO - Configuration:
2026-06-14 18:25:39,479 - cyberbully - INFO -   model          : bert-base-uncased
2026-06-14 18:25:39,479 - cyberbully - INFO -   dataset        : ieee
2026-06-14 18:25:39,479 - cyberbully - INFO -   preprocess     : False
2026-06-14 18:25:39,479 - cyberbully - INFO -   prep_mode      : 2
2026-06-14 18:25:39,479 - cyberbully - INFO -   augment        : False
2026-06-14 18:25:39,479 - cyberbully - INFO -   compute_attribution: False
2026-06-14 18:25:39,479 - cyberbully - INFO -   seed           : 52680723
2026-06-14 18:25:39,479 - cyberbully - INFO -   epochs         : 10
2026-06-14 18:25:39,479 - cyberbully - INFO -   batch_size     : 32
2026-06-14 18:25:39,479 - cyberbully - INFO -   lr             : 5e-05
2026-06-14 18:25:39,479 - cyberbully - INFO -   max_length     : 128
2026-06-14 18:25:39,479 - cyberbully - INFO -   output_dir     : grid-search
2026-06-14 18:25:39,479 - cyberbully - INFO -   data_dir       : dataset
2026-06-14 18:25:39,479 - cyberbully - INFO -   sbert          : False
2026-06-14 18:25:39,479 - cyberbully - INFO -   supcon         : False
2026-06-14 18:25:39,479 - cyberbully - INFO -   supcon_weight  : 0.1
2026-06-14 18:25:39,479 - cyberbully - INFO -   proj_dim       : 128
2026-06-14 18:25:39,479 - cyberbully - INFO -   grad_accum_steps: 1
2026-06-14 18:25:39,479 - cyberbully - INFO -   overwrite      : False
2026-06-14 18:25:39,479 - cyberbully - INFO -   device         : cuda
2026-06-14 18:25:39,479 - cyberbully - INFO -   output_dir     : experiments/grid-search/bert-base-uncased/ieee/prep2_aug0/seed_52680723
2026-06-14 18:25:39,479 - cyberbully - INFO - ============================================================
2026-06-14 18:25:39,479 - cyberbully - INFO - Step 1: Preparing data...
2026-06-14 18:25:39,483 - cyberbully - INFO - Loaded pre-split data from dataset/ieee — train: 1348, val: 338, test: 422
2026-06-14 18:25:39,483 - cyberbully - INFO - Label mapping: {'Cyberstalking': 0, 'Doxing': 1, 'Revenge Porn': 2, 'Sexual Harassment': 3, 'Slut Shaming': 4}
2026-06-14 18:25:39,484 - cyberbully - INFO - Applying partial text preprocessing per split...
2026-06-14 18:25:39,541 - cyberbully - INFO - After preprocessing -- train: 1348, val: 338, test: 422
2026-06-14 18:25:39,542 - cyberbully - INFO - Number of classes: 5
2026-06-14 18:25:39,544 - cyberbully - INFO - Step 2: Loading model and tokenizer...
2026-06-14 18:25:39,544 - cyberbully - INFO - Loading model 'bert-base-uncased' with 5 labels (sbert=False, supcon=False)
2026-06-14 18:25:41,012 - cyberbully - INFO - Step 3: Creating datasets...
2026-06-14 18:25:41,036 - cyberbully - INFO - Dataset sizes — train: 1348, val: 338, test: 422
2026-06-14 18:25:41,036 - cyberbully - INFO - Step 4: Training...
2026-06-14 18:25:41,226 - cyberbully - INFO - Starting training...
2026-06-14 18:26:30,154 - cyberbully - INFO - Training complete.
2026-06-14 18:26:30,256 - cyberbully - INFO - Removed checkpoint: experiments/grid-search/bert-base-uncased/ieee/prep2_aug0/seed_52680723/checkpoint-215
2026-06-14 18:26:30,359 - cyberbully - INFO - Removed checkpoint: experiments/grid-search/bert-base-uncased/ieee/prep2_aug0/seed_52680723/checkpoint-387
2026-06-14 18:26:30,955 - cyberbully - INFO - Removed checkpoint: experiments/grid-search/bert-base-uncased/ieee/prep2_aug0/seed_52680723/checkpoint-86
2026-06-14 18:26:31,950 - cyberbully - INFO - Removed checkpoint: experiments/grid-search/bert-base-uncased/ieee/prep2_aug0/seed_52680723/checkpoint-129
2026-06-14 18:26:32,059 - cyberbully - INFO - Removed checkpoint: experiments/grid-search/bert-base-uncased/ieee/prep2_aug0/seed_52680723/checkpoint-344
2026-06-14 18:26:32,159 - cyberbully - INFO - Removed checkpoint: experiments/grid-search/bert-base-uncased/ieee/prep2_aug0/seed_52680723/checkpoint-258
2026-06-14 18:26:32,463 - cyberbully - INFO - Removed checkpoint: experiments/grid-search/bert-base-uncased/ieee/prep2_aug0/seed_52680723/checkpoint-43
2026-06-14 18:26:32,565 - cyberbully - INFO - Removed checkpoint: experiments/grid-search/bert-base-uncased/ieee/prep2_aug0/seed_52680723/checkpoint-301
2026-06-14 18:26:33,461 - cyberbully - INFO - Removed checkpoint: experiments/grid-search/bert-base-uncased/ieee/prep2_aug0/seed_52680723/checkpoint-172
2026-06-14 18:26:33,562 - cyberbully - INFO - Removed checkpoint: experiments/grid-search/bert-base-uncased/ieee/prep2_aug0/seed_52680723/checkpoint-430
2026-06-14 18:26:33,562 - cyberbully - INFO - Step 5: Evaluating on test set...
2026-06-14 18:26:40,191 - cyberbully - INFO - Metrics saved to experiments/grid-search/bert-base-uncased/ieee/prep2_aug0/seed_52680723/metrics.json
2026-06-14 18:26:40,191 - cyberbully - INFO - Confusion matrix saved to experiments/grid-search/bert-base-uncased/ieee/prep2_aug0/seed_52680723/confusion_matrix.json
2026-06-14 18:26:40,197 - cyberbully - INFO - Per-sample predictions saved to experiments/grid-search/bert-base-uncased/ieee/prep2_aug0/seed_52680723/predictions.json
2026-06-14 18:26:40,319 - cyberbully - INFO - Confusion matrix figure saved to experiments/grid-search/bert-base-uncased/ieee/prep2_aug0/seed_52680723/confusion_matrix.pdf
2026-06-14 18:26:40,319 - cyberbully - INFO - Accuracy: 0.8057
2026-06-14 18:26:40,319 - cyberbully - INFO - Weighted F1: 0.8046
2026-06-14 18:26:40,319 - cyberbully - INFO - Micro F1: 0.8057
2026-06-14 18:26:40,319 - cyberbully - INFO - Inference time: 0.33 seconds
2026-06-14 18:26:40,319 - cyberbully - INFO - Energy consumption: 0.000000 kWh
2026-06-14 18:26:40,320 - cyberbully - INFO - ============================================================
2026-06-14 18:26:40,320 - cyberbully - INFO - Pipeline complete. Results saved to: experiments/grid-search/bert-base-uncased/ieee/prep2_aug0/seed_52680723
2026-06-14 18:26:40,320 - cyberbully - INFO - ============================================================
