2026-03-21 12:58:39,494 - cyberbully - INFO - ============================================================
2026-03-21 12:58:39,494 - cyberbully - INFO - Cyberbullying Detection Pipeline
2026-03-21 12:58:39,494 - cyberbully - INFO - ============================================================
2026-03-21 12:58:39,494 - cyberbully - INFO - Configuration:
2026-03-21 12:58:39,494 - cyberbully - INFO -   model          : albert/albert-base-v2
2026-03-21 12:58:39,494 - cyberbully - INFO -   dataset        : kaggle
2026-03-21 12:58:39,494 - cyberbully - INFO -   preprocess     : False
2026-03-21 12:58:39,494 - cyberbully - INFO -   augment        : False
2026-03-21 12:58:39,494 - cyberbully - INFO -   compute_attribution: False
2026-03-21 12:58:39,494 - cyberbully - INFO -   seed           : 90995999
2026-03-21 12:58:39,494 - cyberbully - INFO -   epochs         : 10
2026-03-21 12:58:39,494 - cyberbully - INFO -   batch_size     : 32
2026-03-21 12:58:39,494 - cyberbully - INFO -   lr             : 5e-05
2026-03-21 12:58:39,494 - cyberbully - INFO -   max_length     : 128
2026-03-21 12:58:39,494 - cyberbully - INFO -   output_dir     : grid-search
2026-03-21 12:58:39,494 - cyberbully - INFO -   data_dir       : dataset
2026-03-21 12:58:39,494 - cyberbully - INFO -   sbert          : False
2026-03-21 12:58:39,494 - cyberbully - INFO -   supcon         : False
2026-03-21 12:58:39,494 - cyberbully - INFO -   supcon_weight  : 0.1
2026-03-21 12:58:39,494 - cyberbully - INFO -   proj_dim       : 128
2026-03-21 12:58:39,494 - cyberbully - INFO -   grad_accum_steps: 1
2026-03-21 12:58:39,494 - cyberbully - INFO -   overwrite      : False
2026-03-21 12:58:39,494 - cyberbully - INFO -   device         : cuda
2026-03-21 12:58:39,494 - cyberbully - INFO -   output_dir     : experiments/grid-search/albert_albert-base-v2/kaggle/prep0_aug0/seed_90995999
2026-03-21 12:58:39,494 - cyberbully - INFO - ============================================================
2026-03-21 12:58:39,494 - cyberbully - INFO - Step 1: Preparing data...
2026-03-21 12:58:39,547 - cyberbully - INFO - Loaded pre-split data from dataset/kaggle — train: 30499, val: 7625, test: 9532
2026-03-21 12:58:39,547 - cyberbully - INFO - Label mapping: {'age': 0, 'ethnicity': 1, 'gender': 2, 'not_cyberbullying': 3, 'other_cyberbullying': 4, 'religion': 5}
2026-03-21 12:58:39,558 - cyberbully - INFO - Number of classes: 6
2026-03-21 12:58:39,559 - cyberbully - INFO - Step 2: Loading model and tokenizer...
2026-03-21 12:58:39,560 - cyberbully - INFO - Loading model 'albert/albert-base-v2' with 6 labels (sbert=False, supcon=False)
2026-03-21 12:58:40,272 - cyberbully - INFO - Step 3: Creating datasets...
2026-03-21 12:58:41,260 - cyberbully - INFO - Dataset sizes — train: 30499, val: 7625, test: 9532
2026-03-21 12:58:41,260 - cyberbully - INFO - Step 4: Training...
2026-03-21 12:58:41,318 - cyberbully - INFO - Starting training...
2026-03-21 13:12:55,897 - cyberbully - INFO - Training complete.
2026-03-21 13:12:55,906 - cyberbully - INFO - Removed checkpoint: experiments/grid-search/albert_albert-base-v2/kaggle/prep0_aug0/seed_90995999/checkpoint-1908
2026-03-21 13:12:55,916 - cyberbully - INFO - Removed checkpoint: experiments/grid-search/albert_albert-base-v2/kaggle/prep0_aug0/seed_90995999/checkpoint-4770
2026-03-21 13:12:55,926 - cyberbully - INFO - Removed checkpoint: experiments/grid-search/albert_albert-base-v2/kaggle/prep0_aug0/seed_90995999/checkpoint-9540
2026-03-21 13:12:55,936 - cyberbully - INFO - Removed checkpoint: experiments/grid-search/albert_albert-base-v2/kaggle/prep0_aug0/seed_90995999/checkpoint-2862
2026-03-21 13:12:55,946 - cyberbully - INFO - Removed checkpoint: experiments/grid-search/albert_albert-base-v2/kaggle/prep0_aug0/seed_90995999/checkpoint-7632
2026-03-21 13:12:55,957 - cyberbully - INFO - Removed checkpoint: experiments/grid-search/albert_albert-base-v2/kaggle/prep0_aug0/seed_90995999/checkpoint-3816
2026-03-21 13:12:55,967 - cyberbully - INFO - Removed checkpoint: experiments/grid-search/albert_albert-base-v2/kaggle/prep0_aug0/seed_90995999/checkpoint-5724
2026-03-21 13:12:55,977 - cyberbully - INFO - Removed checkpoint: experiments/grid-search/albert_albert-base-v2/kaggle/prep0_aug0/seed_90995999/checkpoint-954
2026-03-21 13:12:55,987 - cyberbully - INFO - Removed checkpoint: experiments/grid-search/albert_albert-base-v2/kaggle/prep0_aug0/seed_90995999/checkpoint-8586
2026-03-21 13:12:55,996 - cyberbully - INFO - Removed checkpoint: experiments/grid-search/albert_albert-base-v2/kaggle/prep0_aug0/seed_90995999/checkpoint-6678
2026-03-21 13:12:55,996 - cyberbully - INFO - Step 5: Evaluating on test set...
2026-03-21 13:13:09,599 - cyberbully - INFO - Metrics saved to experiments/grid-search/albert_albert-base-v2/kaggle/prep0_aug0/seed_90995999/metrics.json
2026-03-21 13:13:09,599 - cyberbully - INFO - Confusion matrix saved to experiments/grid-search/albert_albert-base-v2/kaggle/prep0_aug0/seed_90995999/confusion_matrix.json
2026-03-21 13:13:09,708 - cyberbully - INFO - Per-sample predictions saved to experiments/grid-search/albert_albert-base-v2/kaggle/prep0_aug0/seed_90995999/predictions.json
2026-03-21 13:13:09,824 - cyberbully - INFO - Confusion matrix figure saved to experiments/grid-search/albert_albert-base-v2/kaggle/prep0_aug0/seed_90995999/confusion_matrix.pdf
2026-03-21 13:13:09,824 - cyberbully - INFO - Accuracy: 0.8671
2026-03-21 13:13:09,824 - cyberbully - INFO - Weighted F1: 0.8658
2026-03-21 13:13:09,824 - cyberbully - INFO - Micro F1: 0.8671
2026-03-21 13:13:09,824 - cyberbully - INFO - Inference time: 8.36 seconds
2026-03-21 13:13:09,824 - cyberbully - INFO - Energy consumption: 0.000420 kWh
2026-03-21 13:13:09,826 - cyberbully - INFO - ============================================================
2026-03-21 13:13:09,826 - cyberbully - INFO - Pipeline complete. Results saved to: experiments/grid-search/albert_albert-base-v2/kaggle/prep0_aug0/seed_90995999
2026-03-21 13:13:09,826 - cyberbully - INFO - ============================================================
