2026-03-20 16:11:54,385 - cyberbully - INFO - ============================================================
2026-03-20 16:11:54,386 - cyberbully - INFO - Cyberbullying Detection Pipeline
2026-03-20 16:11:54,386 - cyberbully - INFO - ============================================================
2026-03-20 16:11:54,386 - cyberbully - INFO - Configuration:
2026-03-20 16:11:54,386 - cyberbully - INFO -   model          : bert-base-cased
2026-03-20 16:11:54,386 - cyberbully - INFO -   dataset        : ieee
2026-03-20 16:11:54,386 - cyberbully - INFO -   preprocess     : True
2026-03-20 16:11:54,386 - cyberbully - INFO -   augment        : True
2026-03-20 16:11:54,386 - cyberbully - INFO -   compute_attribution: False
2026-03-20 16:11:54,386 - cyberbully - INFO -   seed           : 43782163
2026-03-20 16:11:54,386 - cyberbully - INFO -   epochs         : 10
2026-03-20 16:11:54,386 - cyberbully - INFO -   batch_size     : 32
2026-03-20 16:11:54,386 - cyberbully - INFO -   lr             : 5e-05
2026-03-20 16:11:54,386 - cyberbully - INFO -   max_length     : 128
2026-03-20 16:11:54,386 - cyberbully - INFO -   output_dir     : grid-search
2026-03-20 16:11:54,386 - cyberbully - INFO -   data_dir       : dataset
2026-03-20 16:11:54,386 - cyberbully - INFO -   sbert          : False
2026-03-20 16:11:54,386 - cyberbully - INFO -   supcon         : False
2026-03-20 16:11:54,386 - cyberbully - INFO -   supcon_weight  : 0.1
2026-03-20 16:11:54,386 - cyberbully - INFO -   proj_dim       : 128
2026-03-20 16:11:54,386 - cyberbully - INFO -   grad_accum_steps: 1
2026-03-20 16:11:54,386 - cyberbully - INFO -   overwrite      : False
2026-03-20 16:11:54,386 - cyberbully - INFO -   device         : cuda
2026-03-20 16:11:54,386 - cyberbully - INFO -   output_dir     : experiments/grid-search/bert-base-cased/ieee/prep1_aug1/seed_43782163
2026-03-20 16:11:54,386 - cyberbully - INFO - ============================================================
2026-03-20 16:11:54,386 - cyberbully - INFO - Step 1: Preparing data...
2026-03-20 16:11:54,389 - cyberbully - INFO - Loaded pre-split data from dataset/ieee — train: 1348, val: 338, test: 422
2026-03-20 16:11:54,389 - cyberbully - INFO - Label mapping: {'Cyberstalking': 0, 'Doxing': 1, 'Revenge Porn': 2, 'Sexual Harassment': 3, 'Slut Shaming': 4}
2026-03-20 16:11:54,389 - cyberbully - INFO - Applying text preprocessing per split...
2026-03-20 16:11:57,505 - cyberbully - INFO - After preprocessing — train: 1174, val: 304, test: 378
2026-03-20 16:11:57,506 - cyberbully - INFO - Applying training data augmentation (oversampling)...
2026-03-20 16:11:57,507 - cyberbully - INFO - After oversampling — class distribution: {0: 287, 1: 287, 2: 287, 3: 287, 4: 287}
2026-03-20 16:11:57,508 - cyberbully - INFO - Number of classes: 5
2026-03-20 16:11:57,509 - cyberbully - INFO - Step 2: Loading model and tokenizer...
2026-03-20 16:11:57,509 - cyberbully - INFO - Loading model 'bert-base-cased' with 5 labels (sbert=False, supcon=False)
2026-03-20 16:11:58,217 - cyberbully - INFO - Step 3: Creating datasets...
2026-03-20 16:11:58,243 - cyberbully - INFO - Dataset sizes — train: 1435, val: 304, test: 378
2026-03-20 16:11:58,243 - cyberbully - INFO - Step 4: Training...
2026-03-20 16:11:58,483 - cyberbully - INFO - Starting training...
2026-03-20 16:12:50,580 - cyberbully - INFO - Training complete.
2026-03-20 16:12:50,643 - cyberbully - INFO - Removed checkpoint: experiments/grid-search/bert-base-cased/ieee/prep1_aug1/seed_43782163/checkpoint-90
2026-03-20 16:12:51,427 - cyberbully - INFO - Removed checkpoint: experiments/grid-search/bert-base-cased/ieee/prep1_aug1/seed_43782163/checkpoint-180
2026-03-20 16:12:51,502 - cyberbully - INFO - Removed checkpoint: experiments/grid-search/bert-base-cased/ieee/prep1_aug1/seed_43782163/checkpoint-225
2026-03-20 16:12:52,430 - cyberbully - INFO - Removed checkpoint: experiments/grid-search/bert-base-cased/ieee/prep1_aug1/seed_43782163/checkpoint-135
2026-03-20 16:12:52,506 - cyberbully - INFO - Removed checkpoint: experiments/grid-search/bert-base-cased/ieee/prep1_aug1/seed_43782163/checkpoint-315
2026-03-20 16:12:52,580 - cyberbully - INFO - Removed checkpoint: experiments/grid-search/bert-base-cased/ieee/prep1_aug1/seed_43782163/checkpoint-450
2026-03-20 16:12:52,655 - cyberbully - INFO - Removed checkpoint: experiments/grid-search/bert-base-cased/ieee/prep1_aug1/seed_43782163/checkpoint-360
2026-03-20 16:12:52,719 - cyberbully - INFO - Removed checkpoint: experiments/grid-search/bert-base-cased/ieee/prep1_aug1/seed_43782163/checkpoint-45
2026-03-20 16:12:53,046 - cyberbully - INFO - Removed checkpoint: experiments/grid-search/bert-base-cased/ieee/prep1_aug1/seed_43782163/checkpoint-270
2026-03-20 16:12:53,120 - cyberbully - INFO - Removed checkpoint: experiments/grid-search/bert-base-cased/ieee/prep1_aug1/seed_43782163/checkpoint-405
2026-03-20 16:12:53,120 - cyberbully - INFO - Step 5: Evaluating on test set...
2026-03-20 16:12:57,673 - cyberbully - INFO - Metrics saved to experiments/grid-search/bert-base-cased/ieee/prep1_aug1/seed_43782163/metrics.json
2026-03-20 16:12:57,673 - cyberbully - INFO - Confusion matrix saved to experiments/grid-search/bert-base-cased/ieee/prep1_aug1/seed_43782163/confusion_matrix.json
2026-03-20 16:12:57,677 - cyberbully - INFO - Per-sample predictions saved to experiments/grid-search/bert-base-cased/ieee/prep1_aug1/seed_43782163/predictions.json
2026-03-20 16:12:57,776 - cyberbully - INFO - Confusion matrix figure saved to experiments/grid-search/bert-base-cased/ieee/prep1_aug1/seed_43782163/confusion_matrix.pdf
2026-03-20 16:12:57,776 - cyberbully - INFO - Accuracy: 0.7857
2026-03-20 16:12:57,776 - cyberbully - INFO - Weighted F1: 0.7851
2026-03-20 16:12:57,776 - cyberbully - INFO - Micro F1: 0.7857
2026-03-20 16:12:57,776 - cyberbully - INFO - Inference time: 0.28 seconds
2026-03-20 16:12:57,776 - cyberbully - INFO - Energy consumption: 0.000013 kWh
2026-03-20 16:12:57,776 - cyberbully - INFO - ============================================================
2026-03-20 16:12:57,777 - cyberbully - INFO - Pipeline complete. Results saved to: experiments/grid-search/bert-base-cased/ieee/prep1_aug1/seed_43782163
2026-03-20 16:12:57,777 - cyberbully - INFO - ============================================================
