2026-05-20 10:47:02,414 - cyberbully - INFO - ============================================================
2026-05-20 10:47:02,414 - cyberbully - INFO - Cyberbullying Detection Pipeline
2026-05-20 10:47:02,414 - cyberbully - INFO - ============================================================
2026-05-20 10:47:02,414 - cyberbully - INFO - Configuration:
2026-05-20 10:47:02,414 - cyberbully - INFO -   model          : sarkerlab/SocBERT-base
2026-05-20 10:47:02,414 - cyberbully - INFO -   dataset        : kaggle
2026-05-20 10:47:02,414 - cyberbully - INFO -   preprocess     : True
2026-05-20 10:47:02,414 - cyberbully - INFO -   augment        : False
2026-05-20 10:47:02,414 - cyberbully - INFO -   compute_attribution: False
2026-05-20 10:47:02,414 - cyberbully - INFO -   seed           : 70681460
2026-05-20 10:47:02,414 - cyberbully - INFO -   epochs         : 10
2026-05-20 10:47:02,414 - cyberbully - INFO -   batch_size     : 32
2026-05-20 10:47:02,414 - cyberbully - INFO -   lr             : 5e-05
2026-05-20 10:47:02,414 - cyberbully - INFO -   max_length     : 128
2026-05-20 10:47:02,414 - cyberbully - INFO -   output_dir     : grid-search
2026-05-20 10:47:02,414 - cyberbully - INFO -   data_dir       : dataset
2026-05-20 10:47:02,414 - cyberbully - INFO -   sbert          : False
2026-05-20 10:47:02,415 - cyberbully - INFO -   supcon         : False
2026-05-20 10:47:02,415 - cyberbully - INFO -   supcon_weight  : 0.1
2026-05-20 10:47:02,415 - cyberbully - INFO -   proj_dim       : 128
2026-05-20 10:47:02,415 - cyberbully - INFO -   grad_accum_steps: 1
2026-05-20 10:47:02,415 - cyberbully - INFO -   overwrite      : True
2026-05-20 10:47:02,415 - cyberbully - INFO -   device         : cuda
2026-05-20 10:47:02,415 - cyberbully - INFO -   output_dir     : experiments/grid-search/sarkerlab_SocBERT-base/kaggle/prep1_aug0/seed_70681460
2026-05-20 10:47:02,415 - cyberbully - INFO - ============================================================
2026-05-20 10:47:02,415 - cyberbully - INFO - Step 1: Preparing data...
2026-05-20 10:47:02,460 - cyberbully - INFO - Loaded pre-split data from dataset/kaggle — train: 25604, val: 6401, test: 8002
2026-05-20 10:47:02,460 - cyberbully - INFO - Label mapping: {'age': 0, 'ethnicity': 1, 'gender': 2, 'other_cyberbullying': 3, 'religion': 4}
2026-05-20 10:47:02,461 - cyberbully - INFO - Applying text preprocessing per split...
2026-05-20 10:47:06,977 - cyberbully - INFO - After preprocessing -- train: 25604, val: 6401, test: 8002
2026-05-20 10:47:06,980 - cyberbully - INFO - Number of classes: 5
2026-05-20 10:47:06,981 - cyberbully - INFO - Step 2: Loading model and tokenizer...
2026-05-20 10:47:06,982 - cyberbully - INFO - Loading model 'sarkerlab/SocBERT-base' with 5 labels (sbert=False, supcon=False)
2026-05-20 10:47:08,565 - cyberbully - INFO - Step 3: Creating datasets...
2026-05-20 10:47:09,211 - cyberbully - INFO - Dataset sizes — train: 25604, val: 6401, test: 8002
2026-05-20 10:47:09,211 - cyberbully - INFO - Step 4: Training...
2026-05-20 10:47:09,462 - cyberbully - INFO - Starting training...
2026-05-20 10:58:51,855 - cyberbully - INFO - Training complete.
2026-05-20 10:58:51,935 - cyberbully - INFO - Removed checkpoint: experiments/grid-search/sarkerlab_SocBERT-base/kaggle/prep1_aug0/seed_70681460/checkpoint-5607
2026-05-20 10:58:52,032 - cyberbully - INFO - Removed checkpoint: experiments/grid-search/sarkerlab_SocBERT-base/kaggle/prep1_aug0/seed_70681460/checkpoint-8010
2026-05-20 10:58:52,114 - cyberbully - INFO - Removed checkpoint: experiments/grid-search/sarkerlab_SocBERT-base/kaggle/prep1_aug0/seed_70681460/checkpoint-6408
2026-05-20 10:58:52,196 - cyberbully - INFO - Removed checkpoint: experiments/grid-search/sarkerlab_SocBERT-base/kaggle/prep1_aug0/seed_70681460/checkpoint-1602
2026-05-20 10:58:52,277 - cyberbully - INFO - Removed checkpoint: experiments/grid-search/sarkerlab_SocBERT-base/kaggle/prep1_aug0/seed_70681460/checkpoint-3204
2026-05-20 10:58:52,359 - cyberbully - INFO - Removed checkpoint: experiments/grid-search/sarkerlab_SocBERT-base/kaggle/prep1_aug0/seed_70681460/checkpoint-7209
2026-05-20 10:58:52,440 - cyberbully - INFO - Removed checkpoint: experiments/grid-search/sarkerlab_SocBERT-base/kaggle/prep1_aug0/seed_70681460/checkpoint-4005
2026-05-20 10:58:52,520 - cyberbully - INFO - Removed checkpoint: experiments/grid-search/sarkerlab_SocBERT-base/kaggle/prep1_aug0/seed_70681460/checkpoint-4806
2026-05-20 10:58:52,606 - cyberbully - INFO - Removed checkpoint: experiments/grid-search/sarkerlab_SocBERT-base/kaggle/prep1_aug0/seed_70681460/checkpoint-801
2026-05-20 10:58:52,688 - cyberbully - INFO - Removed checkpoint: experiments/grid-search/sarkerlab_SocBERT-base/kaggle/prep1_aug0/seed_70681460/checkpoint-2403
2026-05-20 10:58:52,688 - cyberbully - INFO - Step 5: Evaluating on test set...
2026-05-20 10:59:03,738 - cyberbully - INFO - Metrics saved to experiments/grid-search/sarkerlab_SocBERT-base/kaggle/prep1_aug0/seed_70681460/metrics.json
2026-05-20 10:59:03,738 - cyberbully - INFO - Confusion matrix saved to experiments/grid-search/sarkerlab_SocBERT-base/kaggle/prep1_aug0/seed_70681460/confusion_matrix.json
2026-05-20 10:59:03,821 - cyberbully - INFO - Per-sample predictions saved to experiments/grid-search/sarkerlab_SocBERT-base/kaggle/prep1_aug0/seed_70681460/predictions.json
2026-05-20 10:59:03,924 - cyberbully - INFO - Confusion matrix figure saved to experiments/grid-search/sarkerlab_SocBERT-base/kaggle/prep1_aug0/seed_70681460/confusion_matrix.pdf
2026-05-20 10:59:03,924 - cyberbully - INFO - Accuracy: 0.9480
2026-05-20 10:59:03,924 - cyberbully - INFO - Weighted F1: 0.9482
2026-05-20 10:59:03,924 - cyberbully - INFO - Micro F1: 0.9480
2026-05-20 10:59:03,924 - cyberbully - INFO - Inference time: 4.87 seconds
2026-05-20 10:59:03,924 - cyberbully - INFO - Energy consumption: 0.000306 kWh
2026-05-20 10:59:03,926 - cyberbully - INFO - ============================================================
2026-05-20 10:59:03,926 - cyberbully - INFO - Pipeline complete. Results saved to: experiments/grid-search/sarkerlab_SocBERT-base/kaggle/prep1_aug0/seed_70681460
2026-05-20 10:59:03,926 - cyberbully - INFO - ============================================================
