2026-05-19 05:06:02,442 - cyberbully - INFO - ============================================================
2026-05-19 05:06:02,443 - cyberbully - INFO - Cyberbullying Detection Pipeline
2026-05-19 05:06:02,443 - cyberbully - INFO - ============================================================
2026-05-19 05:06:02,443 - cyberbully - INFO - Configuration:
2026-05-19 05:06:02,443 - cyberbully - INFO -   model          : albert/albert-base-v2
2026-05-19 05:06:02,443 - cyberbully - INFO -   dataset        : tweeteval
2026-05-19 05:06:02,443 - cyberbully - INFO -   preprocess     : True
2026-05-19 05:06:02,443 - cyberbully - INFO -   augment        : False
2026-05-19 05:06:02,443 - cyberbully - INFO -   compute_attribution: False
2026-05-19 05:06:02,443 - cyberbully - INFO -   seed           : 43782163
2026-05-19 05:06:02,443 - cyberbully - INFO -   epochs         : 10
2026-05-19 05:06:02,443 - cyberbully - INFO -   batch_size     : 32
2026-05-19 05:06:02,443 - cyberbully - INFO -   lr             : 5e-05
2026-05-19 05:06:02,443 - cyberbully - INFO -   max_length     : 128
2026-05-19 05:06:02,443 - cyberbully - INFO -   output_dir     : verification
2026-05-19 05:06:02,443 - cyberbully - INFO -   data_dir       : dataset
2026-05-19 05:06:02,443 - cyberbully - INFO -   sbert          : False
2026-05-19 05:06:02,443 - cyberbully - INFO -   supcon         : False
2026-05-19 05:06:02,443 - cyberbully - INFO -   supcon_weight  : 0.1
2026-05-19 05:06:02,443 - cyberbully - INFO -   proj_dim       : 128
2026-05-19 05:06:02,443 - cyberbully - INFO -   grad_accum_steps: 1
2026-05-19 05:06:02,443 - cyberbully - INFO -   overwrite      : True
2026-05-19 05:06:02,443 - cyberbully - INFO -   device         : cuda
2026-05-19 05:06:02,443 - cyberbully - INFO -   output_dir     : experiments/verification/albert_albert-base-v2/tweeteval/prep1_aug0/seed_43782163
2026-05-19 05:06:02,443 - cyberbully - INFO - ============================================================
2026-05-19 05:06:02,443 - cyberbully - INFO - Step 1: Preparing data...
2026-05-19 05:06:02,495 - cyberbully - INFO - Loaded pre-split data from dataset/tweeteval — train: 32485, val: 8122, test: 10152
2026-05-19 05:06:02,495 - cyberbully - INFO - Label mapping: {'emotion': 0, 'hate': 1, 'offensive': 2, 'religion': 3, 'spiritual': 4}
2026-05-19 05:06:02,496 - cyberbully - INFO - Applying text preprocessing per split...
2026-05-19 05:07:00,430 - cyberbully - INFO - After preprocessing -- train: 30361, val: 7608, test: 9457
2026-05-19 05:07:00,433 - cyberbully - INFO - Number of classes: 5
2026-05-19 05:07:00,434 - cyberbully - INFO - Step 2: Loading model and tokenizer...
2026-05-19 05:07:00,434 - cyberbully - INFO - Loading model 'albert/albert-base-v2' with 5 labels (sbert=False, supcon=False)
2026-05-19 05:07:01,377 - cyberbully - INFO - Step 3: Creating datasets...
2026-05-19 05:07:02,268 - cyberbully - INFO - Dataset sizes — train: 30361, val: 7608, test: 9457
2026-05-19 05:07:02,268 - cyberbully - INFO - Step 4: Training...
2026-05-19 05:07:02,346 - cyberbully - INFO - Starting training...
2026-05-19 05:22:22,710 - cyberbully - INFO - Training complete.
2026-05-19 05:22:22,719 - cyberbully - INFO - Removed checkpoint: experiments/verification/albert_albert-base-v2/tweeteval/prep1_aug0/seed_43782163/checkpoint-4745
2026-05-19 05:22:22,731 - cyberbully - INFO - Removed checkpoint: experiments/verification/albert_albert-base-v2/tweeteval/prep1_aug0/seed_43782163/checkpoint-9490
2026-05-19 05:22:22,741 - cyberbully - INFO - Removed checkpoint: experiments/verification/albert_albert-base-v2/tweeteval/prep1_aug0/seed_43782163/checkpoint-7592
2026-05-19 05:22:22,750 - cyberbully - INFO - Removed checkpoint: experiments/verification/albert_albert-base-v2/tweeteval/prep1_aug0/seed_43782163/checkpoint-6643
2026-05-19 05:22:22,760 - cyberbully - INFO - Removed checkpoint: experiments/verification/albert_albert-base-v2/tweeteval/prep1_aug0/seed_43782163/checkpoint-3796
2026-05-19 05:22:22,770 - cyberbully - INFO - Removed checkpoint: experiments/verification/albert_albert-base-v2/tweeteval/prep1_aug0/seed_43782163/checkpoint-2847
2026-05-19 05:22:22,779 - cyberbully - INFO - Removed checkpoint: experiments/verification/albert_albert-base-v2/tweeteval/prep1_aug0/seed_43782163/checkpoint-1898
2026-05-19 05:22:22,789 - cyberbully - INFO - Removed checkpoint: experiments/verification/albert_albert-base-v2/tweeteval/prep1_aug0/seed_43782163/checkpoint-5694
2026-05-19 05:22:22,798 - cyberbully - INFO - Removed checkpoint: experiments/verification/albert_albert-base-v2/tweeteval/prep1_aug0/seed_43782163/checkpoint-8541
2026-05-19 05:22:22,808 - cyberbully - INFO - Removed checkpoint: experiments/verification/albert_albert-base-v2/tweeteval/prep1_aug0/seed_43782163/checkpoint-949
2026-05-19 05:22:22,808 - cyberbully - INFO - Step 5: Evaluating on test set...
2026-05-19 05:22:38,106 - cyberbully - INFO - Metrics saved to experiments/verification/albert_albert-base-v2/tweeteval/prep1_aug0/seed_43782163/metrics.json
2026-05-19 05:22:38,106 - cyberbully - INFO - Confusion matrix saved to experiments/verification/albert_albert-base-v2/tweeteval/prep1_aug0/seed_43782163/confusion_matrix.json
2026-05-19 05:22:38,199 - cyberbully - INFO - Per-sample predictions saved to experiments/verification/albert_albert-base-v2/tweeteval/prep1_aug0/seed_43782163/predictions.json
2026-05-19 05:22:38,306 - cyberbully - INFO - Confusion matrix figure saved to experiments/verification/albert_albert-base-v2/tweeteval/prep1_aug0/seed_43782163/confusion_matrix.pdf
2026-05-19 05:22:38,306 - cyberbully - INFO - Accuracy: 0.9381
2026-05-19 05:22:38,306 - cyberbully - INFO - Weighted F1: 0.9384
2026-05-19 05:22:38,306 - cyberbully - INFO - Micro F1: 0.9381
2026-05-19 05:22:38,306 - cyberbully - INFO - Inference time: 9.17 seconds
2026-05-19 05:22:38,306 - cyberbully - INFO - Energy consumption: 0.000499 kWh
2026-05-19 05:22:38,308 - cyberbully - INFO - ============================================================
2026-05-19 05:22:38,308 - cyberbully - INFO - Pipeline complete. Results saved to: experiments/verification/albert_albert-base-v2/tweeteval/prep1_aug0/seed_43782163
2026-05-19 05:22:38,308 - cyberbully - INFO - ============================================================
