2026-02-21 15:13:30,730 - cyberbully - INFO - ============================================================
2026-02-21 15:13:30,730 - cyberbully - INFO - Cyberbullying Detection Pipeline
2026-02-21 15:13:30,730 - cyberbully - INFO - ============================================================
2026-02-21 15:13:30,730 - cyberbully - INFO - Configuration:
2026-02-21 15:13:30,730 - cyberbully - INFO -   model          : all-MiniLM-L6-v2
2026-02-21 15:13:30,730 - cyberbully - INFO -   dataset        : ieee
2026-02-21 15:13:30,730 - cyberbully - INFO -   preprocess     : False
2026-02-21 15:13:30,730 - cyberbully - INFO -   augment        : False
2026-02-21 15:13:30,730 - cyberbully - INFO -   compute_attribution: False
2026-02-21 15:13:30,730 - cyberbully - INFO -   seed           : 37622020
2026-02-21 15:13:30,730 - cyberbully - INFO -   epochs         : 5
2026-02-21 15:13:30,730 - cyberbully - INFO -   batch_size     : 16
2026-02-21 15:13:30,730 - cyberbully - INFO -   lr             : 2e-05
2026-02-21 15:13:30,730 - cyberbully - INFO -   max_length     : 128
2026-02-21 15:13:30,730 - cyberbully - INFO -   output_dir     : sbert-model
2026-02-21 15:13:30,730 - cyberbully - INFO -   data_dir       : dataset
2026-02-21 15:13:30,730 - cyberbully - INFO -   sbert          : True
2026-02-21 15:13:30,730 - cyberbully - INFO -   overwrite      : False
2026-02-21 15:13:30,730 - cyberbully - INFO -   device         : cuda
2026-02-21 15:13:30,730 - cyberbully - INFO -   output_dir     : experiments/sbert-model/all-MiniLM-L6-v2/ieee/prep0_aug0/seed_37622020
2026-02-21 15:13:30,730 - cyberbully - INFO - ============================================================
2026-02-21 15:13:30,730 - cyberbully - INFO - This experiment has been completed before. Skipped!
