2026-06-16 04:25:39,301 - cyberbully - INFO - Model 'all-MiniLM-L12-v2' detected as SBERT-based. Using SBERTClassifier pipeline.
2026-06-16 04:25:39,301 - cyberbully - INFO - ============================================================
2026-06-16 04:25:39,301 - cyberbully - INFO - Cyberbullying Detection Pipeline
2026-06-16 04:25:39,301 - cyberbully - INFO - ============================================================
2026-06-16 04:25:39,301 - cyberbully - INFO - Configuration:
2026-06-16 04:25:39,301 - cyberbully - INFO -   model          : all-MiniLM-L12-v2
2026-06-16 04:25:39,301 - cyberbully - INFO -   dataset        : ieee
2026-06-16 04:25:39,301 - cyberbully - INFO -   preprocess     : False
2026-06-16 04:25:39,301 - cyberbully - INFO -   prep_mode      : 2
2026-06-16 04:25:39,301 - cyberbully - INFO -   augment        : False
2026-06-16 04:25:39,301 - cyberbully - INFO -   compute_attribution: False
2026-06-16 04:25:39,301 - cyberbully - INFO -   seed           : 99511865
2026-06-16 04:25:39,301 - cyberbully - INFO -   epochs         : 10
2026-06-16 04:25:39,301 - cyberbully - INFO -   batch_size     : 32
2026-06-16 04:25:39,301 - cyberbully - INFO -   lr             : 5e-05
2026-06-16 04:25:39,301 - cyberbully - INFO -   max_length     : 128
2026-06-16 04:25:39,301 - cyberbully - INFO -   output_dir     : grid-search
2026-06-16 04:25:39,301 - cyberbully - INFO -   data_dir       : dataset
2026-06-16 04:25:39,301 - cyberbully - INFO -   sbert          : True
2026-06-16 04:25:39,301 - cyberbully - INFO -   supcon         : False
2026-06-16 04:25:39,301 - cyberbully - INFO -   supcon_weight  : 0.1
2026-06-16 04:25:39,301 - cyberbully - INFO -   proj_dim       : 128
2026-06-16 04:25:39,301 - cyberbully - INFO -   grad_accum_steps: 1
2026-06-16 04:25:39,301 - cyberbully - INFO -   overwrite      : False
2026-06-16 04:25:39,301 - cyberbully - INFO -   device         : cuda
2026-06-16 04:25:39,301 - cyberbully - INFO -   output_dir     : experiments/grid-search/all-MiniLM-L12-v2/ieee/prep2_aug0/seed_99511865
2026-06-16 04:25:39,301 - cyberbully - INFO - ============================================================
2026-06-16 04:25:39,301 - cyberbully - INFO - Step 1: Preparing data...
2026-06-16 04:25:39,305 - cyberbully - INFO - Loaded pre-split data from dataset/ieee — train: 1348, val: 338, test: 422
2026-06-16 04:25:39,305 - cyberbully - INFO - Label mapping: {'Cyberstalking': 0, 'Doxing': 1, 'Revenge Porn': 2, 'Sexual Harassment': 3, 'Slut Shaming': 4}
2026-06-16 04:25:39,305 - cyberbully - INFO - Applying partial text preprocessing per split...
2026-06-16 04:25:39,359 - cyberbully - INFO - After preprocessing -- train: 1348, val: 338, test: 422
2026-06-16 04:25:39,360 - cyberbully - INFO - Number of classes: 5
2026-06-16 04:25:39,361 - cyberbully - INFO - Step 2: Loading model and tokenizer...
2026-06-16 04:25:39,361 - cyberbully - INFO - Loading model 'all-MiniLM-L12-v2' with 5 labels (sbert=True, supcon=False)
2026-06-16 04:25:44,766 - cyberbully - INFO - SBERTClassifier: embedding_dim=384, hidden=256, proj_dim=None, num_labels=5
2026-06-16 04:25:45,319 - cyberbully - INFO - Step 3: Creating datasets...
2026-06-16 04:25:45,345 - cyberbully - INFO - Dataset sizes — train: 1348, val: 338, test: 422
2026-06-16 04:25:45,345 - cyberbully - INFO - Step 4: Training...
2026-06-16 04:25:45,361 - cyberbully - INFO - Starting training...
2026-06-16 04:25:59,982 - cyberbully - INFO - Training complete.
2026-06-16 04:26:00,010 - cyberbully - INFO - Removed checkpoint: experiments/grid-search/all-MiniLM-L12-v2/ieee/prep2_aug0/seed_99511865/checkpoint-215
2026-06-16 04:26:00,040 - cyberbully - INFO - Removed checkpoint: experiments/grid-search/all-MiniLM-L12-v2/ieee/prep2_aug0/seed_99511865/checkpoint-387
2026-06-16 04:26:00,069 - cyberbully - INFO - Removed checkpoint: experiments/grid-search/all-MiniLM-L12-v2/ieee/prep2_aug0/seed_99511865/checkpoint-86
2026-06-16 04:26:00,100 - cyberbully - INFO - Removed checkpoint: experiments/grid-search/all-MiniLM-L12-v2/ieee/prep2_aug0/seed_99511865/checkpoint-129
2026-06-16 04:26:00,130 - cyberbully - INFO - Removed checkpoint: experiments/grid-search/all-MiniLM-L12-v2/ieee/prep2_aug0/seed_99511865/checkpoint-344
2026-06-16 04:26:00,159 - cyberbully - INFO - Removed checkpoint: experiments/grid-search/all-MiniLM-L12-v2/ieee/prep2_aug0/seed_99511865/checkpoint-258
2026-06-16 04:26:00,384 - cyberbully - INFO - Removed checkpoint: experiments/grid-search/all-MiniLM-L12-v2/ieee/prep2_aug0/seed_99511865/checkpoint-43
2026-06-16 04:26:00,413 - cyberbully - INFO - Removed checkpoint: experiments/grid-search/all-MiniLM-L12-v2/ieee/prep2_aug0/seed_99511865/checkpoint-301
2026-06-16 04:26:00,443 - cyberbully - INFO - Removed checkpoint: experiments/grid-search/all-MiniLM-L12-v2/ieee/prep2_aug0/seed_99511865/checkpoint-172
2026-06-16 04:26:00,472 - cyberbully - INFO - Removed checkpoint: experiments/grid-search/all-MiniLM-L12-v2/ieee/prep2_aug0/seed_99511865/checkpoint-430
2026-06-16 04:26:00,472 - cyberbully - INFO - Step 5: Evaluating on test set...
2026-06-16 04:26:06,624 - cyberbully - INFO - Metrics saved to experiments/grid-search/all-MiniLM-L12-v2/ieee/prep2_aug0/seed_99511865/metrics.json
2026-06-16 04:26:06,624 - cyberbully - INFO - Confusion matrix saved to experiments/grid-search/all-MiniLM-L12-v2/ieee/prep2_aug0/seed_99511865/confusion_matrix.json
2026-06-16 04:26:06,629 - cyberbully - INFO - Per-sample predictions saved to experiments/grid-search/all-MiniLM-L12-v2/ieee/prep2_aug0/seed_99511865/predictions.json
2026-06-16 04:26:06,736 - cyberbully - INFO - Confusion matrix figure saved to experiments/grid-search/all-MiniLM-L12-v2/ieee/prep2_aug0/seed_99511865/confusion_matrix.pdf
2026-06-16 04:26:06,736 - cyberbully - INFO - Accuracy: 0.8389
2026-06-16 04:26:06,736 - cyberbully - INFO - Weighted F1: 0.8383
2026-06-16 04:26:06,736 - cyberbully - INFO - Micro F1: 0.8389
2026-06-16 04:26:06,736 - cyberbully - INFO - Inference time: 0.08 seconds
2026-06-16 04:26:06,736 - cyberbully - INFO - Energy consumption: 0.000016 kWh
2026-06-16 04:26:06,736 - cyberbully - INFO - ============================================================
2026-06-16 04:26:06,736 - cyberbully - INFO - Pipeline complete. Results saved to: experiments/grid-search/all-MiniLM-L12-v2/ieee/prep2_aug0/seed_99511865
2026-06-16 04:26:06,736 - cyberbully - INFO - ============================================================
