2026-04-09 02:36:14,137 - cyberbully - INFO - ============================================================
2026-04-09 02:36:14,137 - cyberbully - INFO - Cyberbullying Detection Pipeline
2026-04-09 02:36:14,137 - cyberbully - INFO - ============================================================
2026-04-09 02:36:14,137 - cyberbully - INFO - Configuration:
2026-04-09 02:36:14,137 - cyberbully - INFO -   model          : google/mobilebert-uncased
2026-04-09 02:36:14,137 - cyberbully - INFO -   dataset        : tweeteval
2026-04-09 02:36:14,137 - cyberbully - INFO -   preprocess     : True
2026-04-09 02:36:14,137 - cyberbully - INFO -   augment        : True
2026-04-09 02:36:14,137 - cyberbully - INFO -   compute_attribution: False
2026-04-09 02:36:14,137 - cyberbully - INFO -   seed           : 24677315
2026-04-09 02:36:14,137 - cyberbully - INFO -   epochs         : 10
2026-04-09 02:36:14,137 - cyberbully - INFO -   batch_size     : 32
2026-04-09 02:36:14,137 - cyberbully - INFO -   lr             : 5e-05
2026-04-09 02:36:14,137 - cyberbully - INFO -   max_length     : 128
2026-04-09 02:36:14,137 - cyberbully - INFO -   output_dir     : grid-search
2026-04-09 02:36:14,138 - cyberbully - INFO -   data_dir       : dataset
2026-04-09 02:36:14,138 - cyberbully - INFO -   sbert          : False
2026-04-09 02:36:14,138 - cyberbully - INFO -   supcon         : False
2026-04-09 02:36:14,138 - cyberbully - INFO -   supcon_weight  : 0.1
2026-04-09 02:36:14,138 - cyberbully - INFO -   proj_dim       : 128
2026-04-09 02:36:14,138 - cyberbully - INFO -   grad_accum_steps: 1
2026-04-09 02:36:14,138 - cyberbully - INFO -   overwrite      : False
2026-04-09 02:36:14,138 - cyberbully - INFO -   device         : cuda
2026-04-09 02:36:14,138 - cyberbully - INFO -   output_dir     : experiments/grid-search/google_mobilebert-uncased/tweeteval/prep1_aug1/seed_24677315
2026-04-09 02:36:14,138 - cyberbully - INFO - ============================================================
2026-04-09 02:36:14,138 - cyberbully - INFO - Step 1: Preparing data...
2026-04-09 02:36:14,186 - cyberbully - INFO - Loaded pre-split data from dataset/tweeteval — train: 32485, val: 8122, test: 10152
2026-04-09 02:36:14,187 - cyberbully - INFO - Label mapping: {'emotion': 0, 'hate': 1, 'offensive': 2, 'religion': 3, 'spiritual': 4}
2026-04-09 02:36:14,187 - cyberbully - INFO - Applying text preprocessing per split...
2026-04-09 02:37:10,542 - cyberbully - INFO - After preprocessing — train: 30375, val: 7610, test: 9455
2026-04-09 02:37:10,544 - cyberbully - INFO - Applying training data augmentation (oversampling)...
2026-04-09 02:37:10,549 - cyberbully - INFO - After oversampling — class distribution: {0: 7770, 1: 7770, 2: 7770, 3: 7770, 4: 7770}
2026-04-09 02:37:10,559 - cyberbully - INFO - Number of classes: 5
2026-04-09 02:37:10,560 - cyberbully - INFO - Step 2: Loading model and tokenizer...
2026-04-09 02:37:10,560 - cyberbully - INFO - Loading model 'google/mobilebert-uncased' with 5 labels (sbert=False, supcon=False)
2026-04-09 02:37:13,392 - cyberbully - WARNING - FP16 disabled for model_type='mobilebert' (known fp16 instability).
2026-04-09 02:37:13,392 - cyberbully - INFO - Step 3: Creating datasets...
2026-04-09 02:37:14,091 - cyberbully - INFO - Dataset sizes — train: 38850, val: 7610, test: 9455
2026-04-09 02:37:14,091 - cyberbully - INFO - Step 4: Training...
2026-04-09 02:37:14,171 - cyberbully - INFO - Starting training...
2026-04-09 02:51:40,805 - cyberbully - INFO - Training complete.
2026-04-09 02:51:40,822 - cyberbully - INFO - Removed checkpoint: experiments/grid-search/google_mobilebert-uncased/tweeteval/prep1_aug1/seed_24677315/checkpoint-1215
2026-04-09 02:51:40,840 - cyberbully - INFO - Removed checkpoint: experiments/grid-search/google_mobilebert-uncased/tweeteval/prep1_aug1/seed_24677315/checkpoint-9720
2026-04-09 02:51:40,858 - cyberbully - INFO - Removed checkpoint: experiments/grid-search/google_mobilebert-uncased/tweeteval/prep1_aug1/seed_24677315/checkpoint-2430
2026-04-09 02:51:40,876 - cyberbully - INFO - Removed checkpoint: experiments/grid-search/google_mobilebert-uncased/tweeteval/prep1_aug1/seed_24677315/checkpoint-10935
2026-04-09 02:51:40,894 - cyberbully - INFO - Removed checkpoint: experiments/grid-search/google_mobilebert-uncased/tweeteval/prep1_aug1/seed_24677315/checkpoint-12150
2026-04-09 02:51:40,911 - cyberbully - INFO - Removed checkpoint: experiments/grid-search/google_mobilebert-uncased/tweeteval/prep1_aug1/seed_24677315/checkpoint-3645
2026-04-09 02:51:40,929 - cyberbully - INFO - Removed checkpoint: experiments/grid-search/google_mobilebert-uncased/tweeteval/prep1_aug1/seed_24677315/checkpoint-7290
2026-04-09 02:51:40,947 - cyberbully - INFO - Removed checkpoint: experiments/grid-search/google_mobilebert-uncased/tweeteval/prep1_aug1/seed_24677315/checkpoint-4860
2026-04-09 02:51:40,964 - cyberbully - INFO - Removed checkpoint: experiments/grid-search/google_mobilebert-uncased/tweeteval/prep1_aug1/seed_24677315/checkpoint-8505
2026-04-09 02:51:40,982 - cyberbully - INFO - Removed checkpoint: experiments/grid-search/google_mobilebert-uncased/tweeteval/prep1_aug1/seed_24677315/checkpoint-6075
2026-04-09 02:51:40,982 - cyberbully - INFO - Step 5: Evaluating on test set...
2026-04-09 02:51:49,879 - cyberbully - INFO - Metrics saved to experiments/grid-search/google_mobilebert-uncased/tweeteval/prep1_aug1/seed_24677315/metrics.json
2026-04-09 02:51:49,879 - cyberbully - INFO - Confusion matrix saved to experiments/grid-search/google_mobilebert-uncased/tweeteval/prep1_aug1/seed_24677315/confusion_matrix.json
2026-04-09 02:51:49,966 - cyberbully - INFO - Per-sample predictions saved to experiments/grid-search/google_mobilebert-uncased/tweeteval/prep1_aug1/seed_24677315/predictions.json
2026-04-09 02:51:50,071 - cyberbully - INFO - Confusion matrix figure saved to experiments/grid-search/google_mobilebert-uncased/tweeteval/prep1_aug1/seed_24677315/confusion_matrix.pdf
2026-04-09 02:51:50,071 - cyberbully - INFO - Accuracy: 0.9410
2026-04-09 02:51:50,071 - cyberbully - INFO - Weighted F1: 0.9410
2026-04-09 02:51:50,071 - cyberbully - INFO - Micro F1: 0.9410
2026-04-09 02:51:50,072 - cyberbully - INFO - Inference time: 4.65 seconds
2026-04-09 02:51:50,072 - cyberbully - INFO - Energy consumption: 0.000290 kWh
2026-04-09 02:51:50,073 - cyberbully - INFO - ============================================================
2026-04-09 02:51:50,073 - cyberbully - INFO - Pipeline complete. Results saved to: experiments/grid-search/google_mobilebert-uncased/tweeteval/prep1_aug1/seed_24677315
2026-04-09 02:51:50,073 - cyberbully - INFO - ============================================================
