2026-03-18 21:56:07,308 - cyberbully - INFO - ============================================================
2026-03-18 21:56:07,308 - cyberbully - INFO - Cyberbullying Detection Pipeline
2026-03-18 21:56:07,308 - cyberbully - INFO - ============================================================
2026-03-18 21:56:07,308 - cyberbully - INFO - Configuration:
2026-03-18 21:56:07,308 - cyberbully - INFO -   model          : roberta-base
2026-03-18 21:56:07,308 - cyberbully - INFO -   dataset        : kaggle
2026-03-18 21:56:07,308 - cyberbully - INFO -   preprocess     : True
2026-03-18 21:56:07,308 - cyberbully - INFO -   augment        : False
2026-03-18 21:56:07,308 - cyberbully - INFO -   compute_attribution: False
2026-03-18 21:56:07,309 - cyberbully - INFO -   seed           : 70681460
2026-03-18 21:56:07,309 - cyberbully - INFO -   epochs         : 10
2026-03-18 21:56:07,309 - cyberbully - INFO -   batch_size     : 32
2026-03-18 21:56:07,309 - cyberbully - INFO -   lr             : 5e-05
2026-03-18 21:56:07,309 - cyberbully - INFO -   max_length     : 128
2026-03-18 21:56:07,309 - cyberbully - INFO -   output_dir     : supcon-grid
2026-03-18 21:56:07,309 - cyberbully - INFO -   data_dir       : dataset
2026-03-18 21:56:07,309 - cyberbully - INFO -   sbert          : False
2026-03-18 21:56:07,309 - cyberbully - INFO -   supcon         : True
2026-03-18 21:56:07,309 - cyberbully - INFO -   supcon_weight  : 0.1
2026-03-18 21:56:07,309 - cyberbully - INFO -   proj_dim       : 128
2026-03-18 21:56:07,309 - cyberbully - INFO -   grad_accum_steps: 1
2026-03-18 21:56:07,309 - cyberbully - INFO -   overwrite      : False
2026-03-18 21:56:07,309 - cyberbully - INFO -   device         : cuda
2026-03-18 21:56:07,309 - cyberbully - INFO -   output_dir     : experiments/supcon-grid/roberta-base/kaggle/prep1_aug0/seed_70681460
2026-03-18 21:56:07,309 - cyberbully - INFO - ============================================================
2026-03-18 21:56:07,309 - cyberbully - INFO - Step 1: Preparing data...
2026-03-18 21:56:07,360 - cyberbully - INFO - Loaded pre-split data from dataset/kaggle — train: 30499, val: 7625, test: 9532
2026-03-18 21:56:07,361 - cyberbully - INFO - Label mapping: {'age': 0, 'ethnicity': 1, 'gender': 2, 'not_cyberbullying': 3, 'other_cyberbullying': 4, 'religion': 5}
2026-03-18 21:56:07,361 - cyberbully - INFO - Applying text preprocessing per split...
2026-03-18 21:56:10,471 - cyberbully - INFO - After preprocessing — train: 30499, val: 7625, test: 9532
2026-03-18 21:56:10,485 - cyberbully - INFO - Number of classes: 6
2026-03-18 21:56:10,486 - cyberbully - INFO - Step 2: Loading model and tokenizer...
2026-03-18 21:56:10,486 - cyberbully - INFO - Loading model 'roberta-base' with 6 labels (sbert=False, supcon=True)
2026-03-18 21:56:11,026 - cyberbully - INFO - SupConClassifier: hidden_size=768, proj_dim=128, num_labels=6
2026-03-18 21:56:11,333 - cyberbully - INFO - Step 3: Creating datasets...
2026-03-18 21:56:12,022 - cyberbully - INFO - Dataset sizes — train: 30499, val: 7625, test: 9532
2026-03-18 21:56:12,022 - cyberbully - INFO - Step 4: Training...
2026-03-18 21:56:12,273 - cyberbully - INFO - Using SupConTrainer with supcon_weight=0.100
2026-03-18 21:56:12,273 - cyberbully - INFO - Starting training...
2026-03-18 22:11:57,480 - cyberbully - INFO - Training complete.
2026-03-18 22:11:57,552 - cyberbully - INFO - Removed checkpoint: experiments/supcon-grid/roberta-base/kaggle/prep1_aug0/seed_70681460/checkpoint-954
2026-03-18 22:11:57,624 - cyberbully - INFO - Removed checkpoint: experiments/supcon-grid/roberta-base/kaggle/prep1_aug0/seed_70681460/checkpoint-1908
2026-03-18 22:11:57,695 - cyberbully - INFO - Removed checkpoint: experiments/supcon-grid/roberta-base/kaggle/prep1_aug0/seed_70681460/checkpoint-2862
2026-03-18 22:11:57,766 - cyberbully - INFO - Removed checkpoint: experiments/supcon-grid/roberta-base/kaggle/prep1_aug0/seed_70681460/checkpoint-7632
2026-03-18 22:11:57,837 - cyberbully - INFO - Removed checkpoint: experiments/supcon-grid/roberta-base/kaggle/prep1_aug0/seed_70681460/checkpoint-5724
2026-03-18 22:11:57,909 - cyberbully - INFO - Removed checkpoint: experiments/supcon-grid/roberta-base/kaggle/prep1_aug0/seed_70681460/checkpoint-4770
2026-03-18 22:11:57,994 - cyberbully - INFO - Removed checkpoint: experiments/supcon-grid/roberta-base/kaggle/prep1_aug0/seed_70681460/checkpoint-9540
2026-03-18 22:11:58,066 - cyberbully - INFO - Removed checkpoint: experiments/supcon-grid/roberta-base/kaggle/prep1_aug0/seed_70681460/checkpoint-6678
2026-03-18 22:11:58,137 - cyberbully - INFO - Removed checkpoint: experiments/supcon-grid/roberta-base/kaggle/prep1_aug0/seed_70681460/checkpoint-8586
2026-03-18 22:11:58,208 - cyberbully - INFO - Removed checkpoint: experiments/supcon-grid/roberta-base/kaggle/prep1_aug0/seed_70681460/checkpoint-3816
2026-03-18 22:11:58,208 - cyberbully - INFO - Step 5: Evaluating on test set...
2026-03-18 22:12:09,897 - cyberbully - INFO - Metrics saved to experiments/supcon-grid/roberta-base/kaggle/prep1_aug0/seed_70681460/metrics.json
2026-03-18 22:12:09,897 - cyberbully - INFO - Confusion matrix saved to experiments/supcon-grid/roberta-base/kaggle/prep1_aug0/seed_70681460/confusion_matrix.json
2026-03-18 22:12:09,998 - cyberbully - INFO - Per-sample predictions saved to experiments/supcon-grid/roberta-base/kaggle/prep1_aug0/seed_70681460/predictions.json
2026-03-18 22:12:10,109 - cyberbully - INFO - Confusion matrix figure saved to experiments/supcon-grid/roberta-base/kaggle/prep1_aug0/seed_70681460/confusion_matrix.pdf
2026-03-18 22:12:10,109 - cyberbully - INFO - Accuracy: 0.8671
2026-03-18 22:12:10,109 - cyberbully - INFO - Weighted F1: 0.8664
2026-03-18 22:12:10,109 - cyberbully - INFO - Micro F1: 0.8671
2026-03-18 22:12:10,110 - cyberbully - INFO - Inference time: 7.36 seconds
2026-03-18 22:12:10,110 - cyberbully - INFO - Energy consumption: 0.000450 kWh
2026-03-18 22:12:10,111 - cyberbully - INFO - Step 5b: Plotting t-SNE of projection embeddings...
2026-03-18 22:12:17,309 - cyberbully - INFO - Running t-SNE on 9532 samples with proj_dim=128, perplexity=30.0...
2026-03-18 22:12:50,319 - cyberbully - INFO - t-SNE static plot saved to experiments/supcon-grid/roberta-base/kaggle/prep1_aug0/seed_70681460/projection_tsne.pdf
2026-03-18 22:12:50,464 - cyberbully - INFO - t-SNE interactive plot saved to experiments/supcon-grid/roberta-base/kaggle/prep1_aug0/seed_70681460/projection_tsne.html
2026-03-18 22:12:50,465 - cyberbully - INFO - ============================================================
2026-03-18 22:12:50,465 - cyberbully - INFO - Pipeline complete. Results saved to: experiments/supcon-grid/roberta-base/kaggle/prep1_aug0/seed_70681460
2026-03-18 22:12:50,465 - cyberbully - INFO - ============================================================
