2026-02-19 18:32:41,431 - cyberbully - INFO - ============================================================
2026-02-19 18:32:41,431 - cyberbully - INFO - Cyberbullying Detection Pipeline
2026-02-19 18:32:41,431 - cyberbully - INFO - ============================================================
2026-02-19 18:32:41,431 - cyberbully - INFO - Configuration:
2026-02-19 18:32:41,431 - cyberbully - INFO -   model          : sarkerlab/SocBERT-base
2026-02-19 18:32:41,431 - cyberbully - INFO -   dataset        : tweeteval
2026-02-19 18:32:41,431 - cyberbully - INFO -   preprocess     : True
2026-02-19 18:32:41,431 - cyberbully - INFO -   augment        : False
2026-02-19 18:32:41,431 - cyberbully - INFO -   compute_attribution: False
2026-02-19 18:32:41,431 - cyberbully - INFO -   seed           : 37622020
2026-02-19 18:32:41,431 - cyberbully - INFO -   epochs         : 5
2026-02-19 18:32:41,431 - cyberbully - INFO -   batch_size     : 16
2026-02-19 18:32:41,431 - cyberbully - INFO -   lr             : 2e-05
2026-02-19 18:32:41,431 - cyberbully - INFO -   max_length     : 128
2026-02-19 18:32:41,431 - cyberbully - INFO -   output_dir     : domain-model
2026-02-19 18:32:41,431 - cyberbully - INFO -   data_dir       : dataset
2026-02-19 18:32:41,431 - cyberbully - INFO -   sbert          : False
2026-02-19 18:32:41,431 - cyberbully - INFO -   overwrite      : False
2026-02-19 18:32:41,431 - cyberbully - INFO -   device         : cuda
2026-02-19 18:32:41,431 - cyberbully - INFO -   output_dir     : experiments/domain-model/sarkerlab_SocBERT-base/tweeteval/prep1_aug0/seed_37622020
2026-02-19 18:32:41,431 - cyberbully - INFO - ============================================================
2026-02-19 18:32:41,431 - cyberbully - INFO - Step 1: Preparing data...
2026-02-19 18:32:41,431 - cyberbully - INFO - Loading dataset 'tweeteval' from dataset/Tweeteval.csv
2026-02-19 18:32:41,501 - cyberbully - INFO - Loaded 50759 samples with 5 classes: ['emotion', 'hate', 'offensive', 'religion', 'spiritual']
2026-02-19 18:32:41,501 - cyberbully - INFO - Applying text preprocessing...
2026-02-19 18:33:36,213 - cyberbully - INFO - After preprocessing: 47390 samples remain
2026-02-19 18:33:36,216 - cyberbully - INFO - Label mapping: {'emotion': 0, 'hate': 1, 'offensive': 2, 'religion': 3, 'spiritual': 4}
2026-02-19 18:33:36,228 - cyberbully - INFO - Split sizes — train: 30329, val: 7583, test: 9478
2026-02-19 18:33:36,228 - cyberbully - INFO - Number of classes: 5
2026-02-19 18:33:36,229 - cyberbully - INFO - Step 2: Loading model and tokenizer...
2026-02-19 18:33:36,230 - cyberbully - INFO - Loading model 'sarkerlab/SocBERT-base' with 5 labels (sbert=False)
2026-02-19 18:33:37,385 - cyberbully - INFO - Step 3: Creating datasets...
2026-02-19 18:33:37,982 - cyberbully - INFO - Dataset sizes — train: 30329, val: 7583, test: 9478
2026-02-19 18:33:37,982 - cyberbully - INFO - Step 4: Training...
2026-02-19 18:33:38,229 - cyberbully - INFO - Starting training...
2026-02-19 18:43:51,570 - cyberbully - INFO - Training complete.
2026-02-19 18:43:51,570 - cyberbully - INFO - Step 5: Evaluating on test set...
2026-02-19 18:44:02,977 - cyberbully - INFO - Metrics saved to experiments/domain-model/sarkerlab_SocBERT-base/tweeteval/prep1_aug0/seed_37622020/metrics.json
2026-02-19 18:44:02,977 - cyberbully - INFO - Confusion matrix saved to experiments/domain-model/sarkerlab_SocBERT-base/tweeteval/prep1_aug0/seed_37622020/confusion_matrix.json
2026-02-19 18:44:03,079 - cyberbully - INFO - Confusion matrix figure saved to experiments/domain-model/sarkerlab_SocBERT-base/tweeteval/prep1_aug0/seed_37622020/confusion_matrix.pdf
2026-02-19 18:44:03,079 - cyberbully - INFO - Accuracy: 0.9402
2026-02-19 18:44:03,079 - cyberbully - INFO - Weighted F1: 0.9400
2026-02-19 18:44:03,079 - cyberbully - INFO - Micro F1: 0.9402
2026-02-19 18:44:03,079 - cyberbully - INFO - Inference time: 7.06 seconds
2026-02-19 18:44:03,079 - cyberbully - INFO - Energy consumption: 0.000443 kWh
2026-02-19 18:44:03,079 - cyberbully - INFO - ============================================================
2026-02-19 18:44:03,079 - cyberbully - INFO - Pipeline complete. Results saved to: experiments/domain-model/sarkerlab_SocBERT-base/tweeteval/prep1_aug0/seed_37622020
2026-02-19 18:44:03,079 - cyberbully - INFO - ============================================================
