2026-05-20 12:29:53,295 - cyberbully - INFO - ============================================================
2026-05-20 12:29:53,295 - cyberbully - INFO - Cyberbullying Detection Pipeline
2026-05-20 12:29:53,295 - cyberbully - INFO - ============================================================
2026-05-20 12:29:53,295 - cyberbully - INFO - Configuration:
2026-05-20 12:29:53,295 - cyberbully - INFO -   model          : GroNLP/hateBERT
2026-05-20 12:29:53,295 - cyberbully - INFO -   dataset        : tweeteval
2026-05-20 12:29:53,295 - cyberbully - INFO -   preprocess     : True
2026-05-20 12:29:53,295 - cyberbully - INFO -   augment        : False
2026-05-20 12:29:53,295 - cyberbully - INFO -   compute_attribution: False
2026-05-20 12:29:53,295 - cyberbully - INFO -   seed           : 43782163
2026-05-20 12:29:53,295 - cyberbully - INFO -   epochs         : 10
2026-05-20 12:29:53,295 - cyberbully - INFO -   batch_size     : 32
2026-05-20 12:29:53,295 - cyberbully - INFO -   lr             : 5e-05
2026-05-20 12:29:53,295 - cyberbully - INFO -   max_length     : 128
2026-05-20 12:29:53,295 - cyberbully - INFO -   output_dir     : grid-search
2026-05-20 12:29:53,295 - cyberbully - INFO -   data_dir       : dataset
2026-05-20 12:29:53,295 - cyberbully - INFO -   sbert          : False
2026-05-20 12:29:53,295 - cyberbully - INFO -   supcon         : False
2026-05-20 12:29:53,295 - cyberbully - INFO -   supcon_weight  : 0.1
2026-05-20 12:29:53,295 - cyberbully - INFO -   proj_dim       : 128
2026-05-20 12:29:53,295 - cyberbully - INFO -   grad_accum_steps: 1
2026-05-20 12:29:53,295 - cyberbully - INFO -   overwrite      : True
2026-05-20 12:29:53,295 - cyberbully - INFO -   device         : cuda
2026-05-20 12:29:53,295 - cyberbully - INFO -   output_dir     : experiments/grid-search/GroNLP_hateBERT/tweeteval/prep1_aug0/seed_43782163
2026-05-20 12:29:53,295 - cyberbully - INFO - ============================================================
2026-05-20 12:29:53,295 - cyberbully - INFO - Step 1: Preparing data...
2026-05-20 12:29:53,341 - cyberbully - INFO - Loaded pre-split data from dataset/tweeteval — train: 32485, val: 8122, test: 10152
2026-05-20 12:29:53,341 - cyberbully - INFO - Label mapping: {'emotion': 0, 'hate': 1, 'offensive': 2, 'religion': 3, 'spiritual': 4}
2026-05-20 12:29:53,342 - cyberbully - INFO - Applying text preprocessing per split...
2026-05-20 12:29:58,835 - cyberbully - INFO - After preprocessing -- train: 32485, val: 8122, test: 10152
2026-05-20 12:29:58,839 - cyberbully - INFO - Number of classes: 5
2026-05-20 12:29:58,840 - cyberbully - INFO - Step 2: Loading model and tokenizer...
2026-05-20 12:29:58,840 - cyberbully - INFO - Loading model 'GroNLP/hateBERT' with 5 labels (sbert=False, supcon=False)
2026-05-20 12:29:59,935 - cyberbully - INFO - Step 3: Creating datasets...
2026-05-20 12:30:01,158 - cyberbully - INFO - Dataset sizes — train: 32485, val: 8122, test: 10152
2026-05-20 12:30:01,158 - cyberbully - INFO - Step 4: Training...
2026-05-20 12:30:01,382 - cyberbully - INFO - Starting training...
2026-05-20 12:44:00,425 - cyberbully - INFO - Training complete.
2026-05-20 12:44:00,487 - cyberbully - INFO - Removed checkpoint: experiments/grid-search/GroNLP_hateBERT/tweeteval/prep1_aug0/seed_43782163/checkpoint-3048
2026-05-20 12:44:00,548 - cyberbully - INFO - Removed checkpoint: experiments/grid-search/GroNLP_hateBERT/tweeteval/prep1_aug0/seed_43782163/checkpoint-7112
2026-05-20 12:44:00,610 - cyberbully - INFO - Removed checkpoint: experiments/grid-search/GroNLP_hateBERT/tweeteval/prep1_aug0/seed_43782163/checkpoint-9144
2026-05-20 12:44:00,674 - cyberbully - INFO - Removed checkpoint: experiments/grid-search/GroNLP_hateBERT/tweeteval/prep1_aug0/seed_43782163/checkpoint-1016
2026-05-20 12:44:00,738 - cyberbully - INFO - Removed checkpoint: experiments/grid-search/GroNLP_hateBERT/tweeteval/prep1_aug0/seed_43782163/checkpoint-2032
2026-05-20 12:44:00,812 - cyberbully - INFO - Removed checkpoint: experiments/grid-search/GroNLP_hateBERT/tweeteval/prep1_aug0/seed_43782163/checkpoint-10160
2026-05-20 12:44:00,874 - cyberbully - INFO - Removed checkpoint: experiments/grid-search/GroNLP_hateBERT/tweeteval/prep1_aug0/seed_43782163/checkpoint-6096
2026-05-20 12:44:00,936 - cyberbully - INFO - Removed checkpoint: experiments/grid-search/GroNLP_hateBERT/tweeteval/prep1_aug0/seed_43782163/checkpoint-5080
2026-05-20 12:44:01,000 - cyberbully - INFO - Removed checkpoint: experiments/grid-search/GroNLP_hateBERT/tweeteval/prep1_aug0/seed_43782163/checkpoint-8128
2026-05-20 12:44:01,062 - cyberbully - INFO - Removed checkpoint: experiments/grid-search/GroNLP_hateBERT/tweeteval/prep1_aug0/seed_43782163/checkpoint-4064
2026-05-20 12:44:01,062 - cyberbully - INFO - Step 5: Evaluating on test set...
2026-05-20 12:44:13,450 - cyberbully - INFO - Metrics saved to experiments/grid-search/GroNLP_hateBERT/tweeteval/prep1_aug0/seed_43782163/metrics.json
2026-05-20 12:44:13,450 - cyberbully - INFO - Confusion matrix saved to experiments/grid-search/GroNLP_hateBERT/tweeteval/prep1_aug0/seed_43782163/confusion_matrix.json
2026-05-20 12:44:13,553 - cyberbully - INFO - Per-sample predictions saved to experiments/grid-search/GroNLP_hateBERT/tweeteval/prep1_aug0/seed_43782163/predictions.json
2026-05-20 12:44:13,655 - cyberbully - INFO - Confusion matrix figure saved to experiments/grid-search/GroNLP_hateBERT/tweeteval/prep1_aug0/seed_43782163/confusion_matrix.pdf
2026-05-20 12:44:13,655 - cyberbully - INFO - Accuracy: 0.9420
2026-05-20 12:44:13,655 - cyberbully - INFO - Weighted F1: 0.9420
2026-05-20 12:44:13,655 - cyberbully - INFO - Micro F1: 0.9420
2026-05-20 12:44:13,655 - cyberbully - INFO - Inference time: 6.22 seconds
2026-05-20 12:44:13,655 - cyberbully - INFO - Energy consumption: 0.000381 kWh
2026-05-20 12:44:13,657 - cyberbully - INFO - ============================================================
2026-05-20 12:44:13,658 - cyberbully - INFO - Pipeline complete. Results saved to: experiments/grid-search/GroNLP_hateBERT/tweeteval/prep1_aug0/seed_43782163
2026-05-20 12:44:13,658 - cyberbully - INFO - ============================================================
