2026-02-20 06:37:42,345 - cyberbully - INFO - ============================================================
2026-02-20 06:37:42,345 - cyberbully - INFO - Cyberbullying Detection Pipeline
2026-02-20 06:37:42,345 - cyberbully - INFO - ============================================================
2026-02-20 06:37:42,345 - cyberbully - INFO - Configuration:
2026-02-20 06:37:42,345 - cyberbully - INFO -   model          : all-MiniLM-L6-v2
2026-02-20 06:37:42,345 - cyberbully - INFO -   dataset        : ieee
2026-02-20 06:37:42,345 - cyberbully - INFO -   preprocess     : True
2026-02-20 06:37:42,345 - cyberbully - INFO -   augment        : True
2026-02-20 06:37:42,345 - cyberbully - INFO -   compute_attribution: False
2026-02-20 06:37:42,345 - cyberbully - INFO -   seed           : 70681460
2026-02-20 06:37:42,345 - cyberbully - INFO -   epochs         : 5
2026-02-20 06:37:42,345 - cyberbully - INFO -   batch_size     : 16
2026-02-20 06:37:42,345 - cyberbully - INFO -   lr             : 2e-05
2026-02-20 06:37:42,345 - cyberbully - INFO -   max_length     : 128
2026-02-20 06:37:42,345 - cyberbully - INFO -   output_dir     : sbert-model
2026-02-20 06:37:42,345 - cyberbully - INFO -   data_dir       : dataset
2026-02-20 06:37:42,346 - cyberbully - INFO -   sbert          : True
2026-02-20 06:37:42,346 - cyberbully - INFO -   overwrite      : False
2026-02-20 06:37:42,346 - cyberbully - INFO -   device         : cuda
2026-02-20 06:37:42,346 - cyberbully - INFO -   output_dir     : experiments/sbert-model/all-MiniLM-L6-v2/ieee/prep1_aug1/seed_70681460
2026-02-20 06:37:42,346 - cyberbully - INFO - ============================================================
2026-02-20 06:37:42,346 - cyberbully - INFO - Step 1: Preparing data...
2026-02-20 06:37:42,346 - cyberbully - INFO - Loading dataset 'ieee' from dataset/IEEE Data Port.csv
2026-02-20 06:37:42,352 - cyberbully - INFO - Loaded 2108 samples with 5 classes: ['Cyberstalking', 'Doxing', 'Revenge Porn', 'Sexual Harassment', 'Slut Shaming']
2026-02-20 06:37:42,352 - cyberbully - INFO - Applying text preprocessing...
2026-02-20 06:37:45,430 - cyberbully - INFO - After preprocessing: 1816 samples remain
2026-02-20 06:37:45,431 - cyberbully - INFO - Label mapping: {'Cyberstalking': 0, 'Doxing': 1, 'Revenge Porn': 2, 'Sexual Harassment': 3, 'Slut Shaming': 4}
2026-02-20 06:37:45,433 - cyberbully - INFO - Split sizes — train: 1161, val: 291, test: 364
2026-02-20 06:37:45,433 - cyberbully - INFO - Applying training data augmentation (oversampling)...
2026-02-20 06:37:45,434 - cyberbully - INFO - After oversampling — class distribution: {0: 286, 1: 286, 2: 286, 3: 286, 4: 286}
2026-02-20 06:37:45,434 - cyberbully - INFO - Number of classes: 5
2026-02-20 06:37:45,435 - cyberbully - INFO - Step 2: Loading model and tokenizer...
2026-02-20 06:37:45,435 - cyberbully - INFO - Loading model 'all-MiniLM-L6-v2' with 5 labels (sbert=True)
2026-02-20 06:37:48,018 - cyberbully - INFO - SBERTClassifier: embedding_dim=384, hidden=256, num_labels=5
2026-02-20 06:37:48,316 - cyberbully - INFO - Step 3: Creating datasets...
2026-02-20 06:37:48,360 - cyberbully - INFO - Dataset sizes — train: 1430, val: 291, test: 364
2026-02-20 06:37:48,360 - cyberbully - INFO - Step 4: Training...
2026-02-20 06:37:48,408 - cyberbully - INFO - Starting training...
2026-02-20 06:37:55,869 - cyberbully - INFO - Training complete.
2026-02-20 06:37:55,869 - cyberbully - INFO - Step 5: Evaluating on test set...
2026-02-20 06:38:00,193 - cyberbully - INFO - Metrics saved to experiments/sbert-model/all-MiniLM-L6-v2/ieee/prep1_aug1/seed_70681460/metrics.json
2026-02-20 06:38:00,193 - cyberbully - INFO - Confusion matrix saved to experiments/sbert-model/all-MiniLM-L6-v2/ieee/prep1_aug1/seed_70681460/confusion_matrix.json
2026-02-20 06:38:00,295 - cyberbully - INFO - Confusion matrix figure saved to experiments/sbert-model/all-MiniLM-L6-v2/ieee/prep1_aug1/seed_70681460/confusion_matrix.pdf
2026-02-20 06:38:00,295 - cyberbully - INFO - Accuracy: 0.8681
2026-02-20 06:38:00,296 - cyberbully - INFO - Weighted F1: 0.8679
2026-02-20 06:38:00,296 - cyberbully - INFO - Micro F1: 0.8681
2026-02-20 06:38:00,296 - cyberbully - INFO - Inference time: 0.08 seconds
2026-02-20 06:38:00,296 - cyberbully - INFO - Energy consumption: 0.000003 kWh
2026-02-20 06:38:00,296 - cyberbully - INFO - ============================================================
2026-02-20 06:38:00,296 - cyberbully - INFO - Pipeline complete. Results saved to: experiments/sbert-model/all-MiniLM-L6-v2/ieee/prep1_aug1/seed_70681460
2026-02-20 06:38:00,296 - cyberbully - INFO - ============================================================
