2026-03-22 15:12:29,876 - cyberbully - INFO - Model 'all-distilroberta-v1' detected as SBERT-based. Using SBERTClassifier pipeline.
2026-03-22 15:12:29,876 - cyberbully - INFO - ============================================================
2026-03-22 15:12:29,876 - cyberbully - INFO - Cyberbullying Detection Pipeline
2026-03-22 15:12:29,876 - cyberbully - INFO - ============================================================
2026-03-22 15:12:29,876 - cyberbully - INFO - Configuration:
2026-03-22 15:12:29,876 - cyberbully - INFO -   model          : all-distilroberta-v1
2026-03-22 15:12:29,876 - cyberbully - INFO -   dataset        : ieee
2026-03-22 15:12:29,876 - cyberbully - INFO -   preprocess     : True
2026-03-22 15:12:29,876 - cyberbully - INFO -   augment        : True
2026-03-22 15:12:29,876 - cyberbully - INFO -   compute_attribution: False
2026-03-22 15:12:29,876 - cyberbully - INFO -   seed           : 90995999
2026-03-22 15:12:29,876 - cyberbully - INFO -   epochs         : 10
2026-03-22 15:12:29,876 - cyberbully - INFO -   batch_size     : 32
2026-03-22 15:12:29,876 - cyberbully - INFO -   lr             : 5e-05
2026-03-22 15:12:29,876 - cyberbully - INFO -   max_length     : 128
2026-03-22 15:12:29,876 - cyberbully - INFO -   output_dir     : grid-search
2026-03-22 15:12:29,876 - cyberbully - INFO -   data_dir       : dataset
2026-03-22 15:12:29,876 - cyberbully - INFO -   sbert          : True
2026-03-22 15:12:29,876 - cyberbully - INFO -   supcon         : False
2026-03-22 15:12:29,876 - cyberbully - INFO -   supcon_weight  : 0.1
2026-03-22 15:12:29,876 - cyberbully - INFO -   proj_dim       : 128
2026-03-22 15:12:29,876 - cyberbully - INFO -   grad_accum_steps: 1
2026-03-22 15:12:29,876 - cyberbully - INFO -   overwrite      : False
2026-03-22 15:12:29,876 - cyberbully - INFO -   device         : cuda
2026-03-22 15:12:29,876 - cyberbully - INFO -   output_dir     : experiments/grid-search/all-distilroberta-v1/ieee/prep1_aug1/seed_90995999
2026-03-22 15:12:29,876 - cyberbully - INFO - ============================================================
2026-03-22 15:12:29,876 - cyberbully - INFO - Step 1: Preparing data...
2026-03-22 15:12:29,880 - cyberbully - INFO - Loaded pre-split data from dataset/ieee — train: 1348, val: 338, test: 422
2026-03-22 15:12:29,880 - cyberbully - INFO - Label mapping: {'Cyberstalking': 0, 'Doxing': 1, 'Revenge Porn': 2, 'Sexual Harassment': 3, 'Slut Shaming': 4}
2026-03-22 15:12:29,880 - cyberbully - INFO - Applying text preprocessing per split...
2026-03-22 15:12:32,997 - cyberbully - INFO - After preprocessing — train: 1178, val: 306, test: 378
2026-03-22 15:12:32,998 - cyberbully - INFO - Applying training data augmentation (oversampling)...
2026-03-22 15:12:32,999 - cyberbully - INFO - After oversampling — class distribution: {0: 287, 1: 287, 2: 287, 3: 287, 4: 287}
2026-03-22 15:12:33,000 - cyberbully - INFO - Number of classes: 5
2026-03-22 15:12:33,001 - cyberbully - INFO - Step 2: Loading model and tokenizer...
2026-03-22 15:12:33,001 - cyberbully - INFO - Loading model 'all-distilroberta-v1' with 5 labels (sbert=True, supcon=False)
2026-03-22 15:12:36,369 - cyberbully - INFO - SBERTClassifier: embedding_dim=768, hidden=256, proj_dim=None, num_labels=5
2026-03-22 15:12:36,710 - cyberbully - INFO - Step 3: Creating datasets...
2026-03-22 15:12:36,726 - cyberbully - INFO - Dataset sizes — train: 1435, val: 306, test: 378
2026-03-22 15:12:36,726 - cyberbully - INFO - Step 4: Training...
2026-03-22 15:12:36,730 - cyberbully - INFO - Starting training...
2026-03-22 15:14:08,029 - cyberbully - INFO - Training complete.
2026-03-22 15:14:08,095 - cyberbully - INFO - Removed checkpoint: experiments/grid-search/all-distilroberta-v1/ieee/prep1_aug1/seed_90995999/checkpoint-405
2026-03-22 15:14:08,160 - cyberbully - INFO - Removed checkpoint: experiments/grid-search/all-distilroberta-v1/ieee/prep1_aug1/seed_90995999/checkpoint-90
2026-03-22 15:14:08,224 - cyberbully - INFO - Removed checkpoint: experiments/grid-search/all-distilroberta-v1/ieee/prep1_aug1/seed_90995999/checkpoint-225
2026-03-22 15:14:08,286 - cyberbully - INFO - Removed checkpoint: experiments/grid-search/all-distilroberta-v1/ieee/prep1_aug1/seed_90995999/checkpoint-180
2026-03-22 15:14:08,350 - cyberbully - INFO - Removed checkpoint: experiments/grid-search/all-distilroberta-v1/ieee/prep1_aug1/seed_90995999/checkpoint-315
2026-03-22 15:14:08,415 - cyberbully - INFO - Removed checkpoint: experiments/grid-search/all-distilroberta-v1/ieee/prep1_aug1/seed_90995999/checkpoint-360
2026-03-22 15:14:08,479 - cyberbully - INFO - Removed checkpoint: experiments/grid-search/all-distilroberta-v1/ieee/prep1_aug1/seed_90995999/checkpoint-45
2026-03-22 15:14:08,543 - cyberbully - INFO - Removed checkpoint: experiments/grid-search/all-distilroberta-v1/ieee/prep1_aug1/seed_90995999/checkpoint-270
2026-03-22 15:14:08,606 - cyberbully - INFO - Removed checkpoint: experiments/grid-search/all-distilroberta-v1/ieee/prep1_aug1/seed_90995999/checkpoint-135
2026-03-22 15:14:08,664 - cyberbully - INFO - Removed checkpoint: experiments/grid-search/all-distilroberta-v1/ieee/prep1_aug1/seed_90995999/checkpoint-450
2026-03-22 15:14:08,664 - cyberbully - INFO - Step 5: Evaluating on test set...
2026-03-22 15:14:12,968 - cyberbully - INFO - Metrics saved to experiments/grid-search/all-distilroberta-v1/ieee/prep1_aug1/seed_90995999/metrics.json
2026-03-22 15:14:12,968 - cyberbully - INFO - Confusion matrix saved to experiments/grid-search/all-distilroberta-v1/ieee/prep1_aug1/seed_90995999/confusion_matrix.json
2026-03-22 15:14:12,972 - cyberbully - INFO - Per-sample predictions saved to experiments/grid-search/all-distilroberta-v1/ieee/prep1_aug1/seed_90995999/predictions.json
2026-03-22 15:14:13,077 - cyberbully - INFO - Confusion matrix figure saved to experiments/grid-search/all-distilroberta-v1/ieee/prep1_aug1/seed_90995999/confusion_matrix.pdf
2026-03-22 15:14:13,077 - cyberbully - INFO - Accuracy: 0.8095
2026-03-22 15:14:13,077 - cyberbully - INFO - Weighted F1: 0.8109
2026-03-22 15:14:13,077 - cyberbully - INFO - Micro F1: 0.8095
2026-03-22 15:14:13,077 - cyberbully - INFO - Inference time: 0.10 seconds
2026-03-22 15:14:13,077 - cyberbully - INFO - Energy consumption: 0.000003 kWh
2026-03-22 15:14:13,077 - cyberbully - INFO - ============================================================
2026-03-22 15:14:13,077 - cyberbully - INFO - Pipeline complete. Results saved to: experiments/grid-search/all-distilroberta-v1/ieee/prep1_aug1/seed_90995999
2026-03-22 15:14:13,077 - cyberbully - INFO - ============================================================
