2026-03-27 01:43:44,692 - cyberbully - INFO - ============================================================
2026-03-27 01:43:44,692 - cyberbully - INFO - Cyberbullying Detection Pipeline
2026-03-27 01:43:44,692 - cyberbully - INFO - ============================================================
2026-03-27 01:43:44,692 - cyberbully - INFO - Configuration:
2026-03-27 01:43:44,692 - cyberbully - INFO -   model          : roberta-base
2026-03-27 01:43:44,692 - cyberbully - INFO -   dataset        : kaggle
2026-03-27 01:43:44,692 - cyberbully - INFO -   preprocess     : False
2026-03-27 01:43:44,692 - cyberbully - INFO -   augment        : False
2026-03-27 01:43:44,692 - cyberbully - INFO -   compute_attribution: False
2026-03-27 01:43:44,692 - cyberbully - INFO -   seed           : 52680723
2026-03-27 01:43:44,692 - cyberbully - INFO -   epochs         : 10
2026-03-27 01:43:44,692 - cyberbully - INFO -   batch_size     : 64
2026-03-27 01:43:44,692 - cyberbully - INFO -   lr             : 5e-05
2026-03-27 01:43:44,692 - cyberbully - INFO -   max_length     : 128
2026-03-27 01:43:44,692 - cyberbully - INFO -   output_dir     : supcon-grid
2026-03-27 01:43:44,692 - cyberbully - INFO -   data_dir       : dataset
2026-03-27 01:43:44,692 - cyberbully - INFO -   sbert          : False
2026-03-27 01:43:44,692 - cyberbully - INFO -   supcon         : False
2026-03-27 01:43:44,692 - cyberbully - INFO -   supcon_weight  : 0.1
2026-03-27 01:43:44,692 - cyberbully - INFO -   proj_dim       : 128
2026-03-27 01:43:44,692 - cyberbully - INFO -   grad_accum_steps: 1
2026-03-27 01:43:44,692 - cyberbully - INFO -   overwrite      : False
2026-03-27 01:43:44,692 - cyberbully - INFO -   device         : cuda
2026-03-27 01:43:44,692 - cyberbully - INFO -   output_dir     : experiments/supcon-grid/roberta-base/kaggle/prep0_aug0/seed_52680723
2026-03-27 01:43:44,692 - cyberbully - INFO - ============================================================
2026-03-27 01:43:44,692 - cyberbully - INFO - Step 1: Preparing data...
2026-03-27 01:43:44,742 - cyberbully - INFO - Loaded pre-split data from dataset/kaggle — train: 25604, val: 6401, test: 8002
2026-03-27 01:43:44,742 - cyberbully - INFO - Label mapping: {'age': 0, 'ethnicity': 1, 'gender': 2, 'other_cyberbullying': 3, 'religion': 4}
2026-03-27 01:43:44,754 - cyberbully - INFO - Number of classes: 5
2026-03-27 01:43:44,755 - cyberbully - INFO - Step 2: Loading model and tokenizer...
2026-03-27 01:43:44,755 - cyberbully - INFO - Loading model 'roberta-base' with 5 labels (sbert=False, supcon=False)
2026-03-27 01:43:45,508 - cyberbully - INFO - Step 3: Creating datasets...
2026-03-27 01:43:46,158 - cyberbully - INFO - Dataset sizes — train: 25604, val: 6401, test: 8002
2026-03-27 01:43:46,158 - cyberbully - INFO - Step 4: Training...
2026-03-27 01:43:46,369 - cyberbully - INFO - Starting training...
2026-03-27 01:54:53,718 - cyberbully - INFO - Training complete.
2026-03-27 01:54:53,790 - cyberbully - INFO - Removed checkpoint: experiments/supcon-grid/roberta-base/kaggle/prep0_aug0/seed_52680723/checkpoint-2005
2026-03-27 01:54:53,862 - cyberbully - INFO - Removed checkpoint: experiments/supcon-grid/roberta-base/kaggle/prep0_aug0/seed_52680723/checkpoint-1604
2026-03-27 01:54:53,947 - cyberbully - INFO - Removed checkpoint: experiments/supcon-grid/roberta-base/kaggle/prep0_aug0/seed_52680723/checkpoint-4010
2026-03-27 01:54:54,018 - cyberbully - INFO - Removed checkpoint: experiments/supcon-grid/roberta-base/kaggle/prep0_aug0/seed_52680723/checkpoint-2807
2026-03-27 01:54:54,092 - cyberbully - INFO - Removed checkpoint: experiments/supcon-grid/roberta-base/kaggle/prep0_aug0/seed_52680723/checkpoint-1203
2026-03-27 01:54:54,166 - cyberbully - INFO - Removed checkpoint: experiments/supcon-grid/roberta-base/kaggle/prep0_aug0/seed_52680723/checkpoint-401
2026-03-27 01:54:54,238 - cyberbully - INFO - Removed checkpoint: experiments/supcon-grid/roberta-base/kaggle/prep0_aug0/seed_52680723/checkpoint-3609
2026-03-27 01:54:54,310 - cyberbully - INFO - Removed checkpoint: experiments/supcon-grid/roberta-base/kaggle/prep0_aug0/seed_52680723/checkpoint-2406
2026-03-27 01:54:54,382 - cyberbully - INFO - Removed checkpoint: experiments/supcon-grid/roberta-base/kaggle/prep0_aug0/seed_52680723/checkpoint-3208
2026-03-27 01:54:54,455 - cyberbully - INFO - Removed checkpoint: experiments/supcon-grid/roberta-base/kaggle/prep0_aug0/seed_52680723/checkpoint-802
2026-03-27 01:54:54,455 - cyberbully - INFO - Step 5: Evaluating on test set...
2026-03-27 01:55:04,691 - cyberbully - INFO - Metrics saved to experiments/supcon-grid/roberta-base/kaggle/prep0_aug0/seed_52680723/metrics.json
2026-03-27 01:55:04,691 - cyberbully - INFO - Confusion matrix saved to experiments/supcon-grid/roberta-base/kaggle/prep0_aug0/seed_52680723/confusion_matrix.json
2026-03-27 01:55:04,771 - cyberbully - INFO - Per-sample predictions saved to experiments/supcon-grid/roberta-base/kaggle/prep0_aug0/seed_52680723/predictions.json
2026-03-27 01:55:04,873 - cyberbully - INFO - Confusion matrix figure saved to experiments/supcon-grid/roberta-base/kaggle/prep0_aug0/seed_52680723/confusion_matrix.pdf
2026-03-27 01:55:04,873 - cyberbully - INFO - Accuracy: 0.9569
2026-03-27 01:55:04,873 - cyberbully - INFO - Weighted F1: 0.9570
2026-03-27 01:55:04,873 - cyberbully - INFO - Micro F1: 0.9569
2026-03-27 01:55:04,874 - cyberbully - INFO - Inference time: 5.92 seconds
2026-03-27 01:55:04,874 - cyberbully - INFO - Energy consumption: 0.000389 kWh
2026-03-27 01:55:04,875 - cyberbully - INFO - ============================================================
2026-03-27 01:55:04,875 - cyberbully - INFO - Pipeline complete. Results saved to: experiments/supcon-grid/roberta-base/kaggle/prep0_aug0/seed_52680723
2026-03-27 01:55:04,875 - cyberbully - INFO - ============================================================
