2026-04-17 02:21:23,270 - cyberbully - INFO - Model 'all-MiniLM-L12-v2' detected as SBERT-based. Using SBERTClassifier pipeline.
2026-04-17 02:21:23,270 - cyberbully - INFO - ============================================================
2026-04-17 02:21:23,270 - cyberbully - INFO - Cyberbullying Detection Pipeline
2026-04-17 02:21:23,270 - cyberbully - INFO - ============================================================
2026-04-17 02:21:23,270 - cyberbully - INFO - Configuration:
2026-04-17 02:21:23,270 - cyberbully - INFO -   model          : all-MiniLM-L12-v2
2026-04-17 02:21:23,270 - cyberbully - INFO -   dataset        : ieee
2026-04-17 02:21:23,270 - cyberbully - INFO -   preprocess     : True
2026-04-17 02:21:23,270 - cyberbully - INFO -   augment        : True
2026-04-17 02:21:23,270 - cyberbully - INFO -   compute_attribution: False
2026-04-17 02:21:23,270 - cyberbully - INFO -   seed           : 70681460
2026-04-17 02:21:23,270 - cyberbully - INFO -   epochs         : 10
2026-04-17 02:21:23,270 - cyberbully - INFO -   batch_size     : 32
2026-04-17 02:21:23,270 - cyberbully - INFO -   lr             : 5e-05
2026-04-17 02:21:23,270 - cyberbully - INFO -   max_length     : 128
2026-04-17 02:21:23,271 - cyberbully - INFO -   output_dir     : grid-search
2026-04-17 02:21:23,271 - cyberbully - INFO -   data_dir       : dataset
2026-04-17 02:21:23,271 - cyberbully - INFO -   sbert          : True
2026-04-17 02:21:23,271 - cyberbully - INFO -   supcon         : False
2026-04-17 02:21:23,271 - cyberbully - INFO -   supcon_weight  : 0.1
2026-04-17 02:21:23,271 - cyberbully - INFO -   proj_dim       : 128
2026-04-17 02:21:23,271 - cyberbully - INFO -   grad_accum_steps: 1
2026-04-17 02:21:23,271 - cyberbully - INFO -   overwrite      : True
2026-04-17 02:21:23,271 - cyberbully - INFO -   device         : cuda
2026-04-17 02:21:23,271 - cyberbully - INFO -   output_dir     : experiments/grid-search/all-MiniLM-L12-v2/ieee/prep1_aug1/seed_70681460
2026-04-17 02:21:23,271 - cyberbully - INFO - ============================================================
2026-04-17 02:21:23,271 - cyberbully - INFO - Step 1: Preparing data...
2026-04-17 02:21:23,274 - cyberbully - INFO - Loaded pre-split data from dataset/ieee — train: 1348, val: 338, test: 422
2026-04-17 02:21:23,274 - cyberbully - INFO - Label mapping: {'Cyberstalking': 0, 'Doxing': 1, 'Revenge Porn': 2, 'Sexual Harassment': 3, 'Slut Shaming': 4}
2026-04-17 02:21:23,274 - cyberbully - INFO - Applying text preprocessing per split...
2026-04-17 02:21:27,283 - cyberbully - INFO - After preprocessing — train: 1173, val: 303, test: 377
2026-04-17 02:21:27,284 - cyberbully - INFO - Applying training data augmentation (oversampling)...
2026-04-17 02:21:27,285 - cyberbully - INFO - After oversampling — class distribution: {0: 287, 1: 287, 2: 287, 3: 287, 4: 287}
2026-04-17 02:21:27,286 - cyberbully - INFO - Number of classes: 5
2026-04-17 02:21:27,287 - cyberbully - INFO - Step 2: Loading model and tokenizer...
2026-04-17 02:21:27,287 - cyberbully - INFO - Loading model 'all-MiniLM-L12-v2' with 5 labels (sbert=True, supcon=False)
2026-04-17 02:21:31,227 - cyberbully - INFO - SBERTClassifier: embedding_dim=384, hidden=256, proj_dim=None, num_labels=5
2026-04-17 02:21:31,821 - cyberbully - INFO - Step 3: Creating datasets...
2026-04-17 02:21:31,857 - cyberbully - INFO - Dataset sizes — train: 1435, val: 303, test: 377
2026-04-17 02:21:31,857 - cyberbully - INFO - Step 4: Training...
2026-04-17 02:21:31,908 - cyberbully - INFO - Starting training...
2026-04-17 02:21:49,871 - cyberbully - INFO - Training complete.
2026-04-17 02:21:49,895 - cyberbully - INFO - Removed checkpoint: experiments/grid-search/all-MiniLM-L12-v2/ieee/prep1_aug1/seed_70681460/checkpoint-90
2026-04-17 02:21:49,918 - cyberbully - INFO - Removed checkpoint: experiments/grid-search/all-MiniLM-L12-v2/ieee/prep1_aug1/seed_70681460/checkpoint-180
2026-04-17 02:21:49,941 - cyberbully - INFO - Removed checkpoint: experiments/grid-search/all-MiniLM-L12-v2/ieee/prep1_aug1/seed_70681460/checkpoint-225
2026-04-17 02:21:49,965 - cyberbully - INFO - Removed checkpoint: experiments/grid-search/all-MiniLM-L12-v2/ieee/prep1_aug1/seed_70681460/checkpoint-135
2026-04-17 02:21:49,988 - cyberbully - INFO - Removed checkpoint: experiments/grid-search/all-MiniLM-L12-v2/ieee/prep1_aug1/seed_70681460/checkpoint-315
2026-04-17 02:21:50,010 - cyberbully - INFO - Removed checkpoint: experiments/grid-search/all-MiniLM-L12-v2/ieee/prep1_aug1/seed_70681460/checkpoint-450
2026-04-17 02:21:50,034 - cyberbully - INFO - Removed checkpoint: experiments/grid-search/all-MiniLM-L12-v2/ieee/prep1_aug1/seed_70681460/checkpoint-360
2026-04-17 02:21:50,060 - cyberbully - INFO - Removed checkpoint: experiments/grid-search/all-MiniLM-L12-v2/ieee/prep1_aug1/seed_70681460/checkpoint-45
2026-04-17 02:21:50,466 - cyberbully - INFO - Removed checkpoint: experiments/grid-search/all-MiniLM-L12-v2/ieee/prep1_aug1/seed_70681460/checkpoint-270
2026-04-17 02:21:50,502 - cyberbully - INFO - Removed checkpoint: experiments/grid-search/all-MiniLM-L12-v2/ieee/prep1_aug1/seed_70681460/checkpoint-405
2026-04-17 02:21:50,502 - cyberbully - INFO - Step 5: Evaluating on test set...
2026-04-17 02:21:55,443 - cyberbully - INFO - Metrics saved to experiments/grid-search/all-MiniLM-L12-v2/ieee/prep1_aug1/seed_70681460/metrics.json
2026-04-17 02:21:55,443 - cyberbully - INFO - Confusion matrix saved to experiments/grid-search/all-MiniLM-L12-v2/ieee/prep1_aug1/seed_70681460/confusion_matrix.json
2026-04-17 02:21:55,447 - cyberbully - INFO - Per-sample predictions saved to experiments/grid-search/all-MiniLM-L12-v2/ieee/prep1_aug1/seed_70681460/predictions.json
2026-04-17 02:21:55,548 - cyberbully - INFO - Confusion matrix figure saved to experiments/grid-search/all-MiniLM-L12-v2/ieee/prep1_aug1/seed_70681460/confusion_matrix.pdf
2026-04-17 02:21:55,548 - cyberbully - INFO - Accuracy: 0.8276
2026-04-17 02:21:55,548 - cyberbully - INFO - Weighted F1: 0.8289
2026-04-17 02:21:55,548 - cyberbully - INFO - Micro F1: 0.8276
2026-04-17 02:21:55,548 - cyberbully - INFO - Inference time: 0.10 seconds
2026-04-17 02:21:55,548 - cyberbully - INFO - Energy consumption: 0.000000 kWh
2026-04-17 02:21:55,549 - cyberbully - INFO - ============================================================
2026-04-17 02:21:55,549 - cyberbully - INFO - Pipeline complete. Results saved to: experiments/grid-search/all-MiniLM-L12-v2/ieee/prep1_aug1/seed_70681460
2026-04-17 02:21:55,549 - cyberbully - INFO - ============================================================
