2026-04-17 05:06:28,051 - cyberbully - INFO - ============================================================
2026-04-17 05:06:28,051 - cyberbully - INFO - Cyberbullying Detection Pipeline
2026-04-17 05:06:28,051 - cyberbully - INFO - ============================================================
2026-04-17 05:06:28,051 - cyberbully - INFO - Configuration:
2026-04-17 05:06:28,051 - cyberbully - INFO -   model          : xlnet-base-cased
2026-04-17 05:06:28,051 - cyberbully - INFO -   dataset        : tweeteval
2026-04-17 05:06:28,051 - cyberbully - INFO -   preprocess     : False
2026-04-17 05:06:28,051 - cyberbully - INFO -   augment        : True
2026-04-17 05:06:28,051 - cyberbully - INFO -   compute_attribution: False
2026-04-17 05:06:28,051 - cyberbully - INFO -   seed           : 67351593
2026-04-17 05:06:28,051 - cyberbully - INFO -   epochs         : 10
2026-04-17 05:06:28,051 - cyberbully - INFO -   batch_size     : 32
2026-04-17 05:06:28,051 - cyberbully - INFO -   lr             : 5e-05
2026-04-17 05:06:28,051 - cyberbully - INFO -   max_length     : 128
2026-04-17 05:06:28,051 - cyberbully - INFO -   output_dir     : grid-search
2026-04-17 05:06:28,051 - cyberbully - INFO -   data_dir       : dataset
2026-04-17 05:06:28,051 - cyberbully - INFO -   sbert          : False
2026-04-17 05:06:28,051 - cyberbully - INFO -   supcon         : False
2026-04-17 05:06:28,051 - cyberbully - INFO -   supcon_weight  : 0.1
2026-04-17 05:06:28,051 - cyberbully - INFO -   proj_dim       : 128
2026-04-17 05:06:28,051 - cyberbully - INFO -   grad_accum_steps: 1
2026-04-17 05:06:28,051 - cyberbully - INFO -   overwrite      : True
2026-04-17 05:06:28,051 - cyberbully - INFO -   device         : cuda
2026-04-17 05:06:28,051 - cyberbully - INFO -   output_dir     : experiments/grid-search/xlnet-base-cased/tweeteval/prep0_aug1/seed_67351593
2026-04-17 05:06:28,051 - cyberbully - INFO - ============================================================
2026-04-17 05:06:28,051 - cyberbully - INFO - Step 1: Preparing data...
2026-04-17 05:06:28,100 - cyberbully - INFO - Loaded pre-split data from dataset/tweeteval — train: 32485, val: 8122, test: 10152
2026-04-17 05:06:28,100 - cyberbully - INFO - Label mapping: {'emotion': 0, 'hate': 1, 'offensive': 2, 'religion': 3, 'spiritual': 4}
2026-04-17 05:06:28,102 - cyberbully - INFO - Applying training data augmentation (oversampling)...
2026-04-17 05:06:28,108 - cyberbully - INFO - After oversampling — class distribution: {0: 8985, 1: 8985, 2: 8985, 3: 8985, 4: 8985}
2026-04-17 05:06:28,119 - cyberbully - INFO - Number of classes: 5
2026-04-17 05:06:28,120 - cyberbully - INFO - Step 2: Loading model and tokenizer...
2026-04-17 05:06:28,121 - cyberbully - INFO - Loading model 'xlnet-base-cased' with 5 labels (sbert=False, supcon=False)
2026-04-17 05:06:30,385 - cyberbully - INFO - Step 3: Creating datasets...
2026-04-17 05:06:31,617 - cyberbully - INFO - Dataset sizes — train: 44925, val: 8122, test: 10152
2026-04-17 05:06:31,617 - cyberbully - INFO - Step 4: Training...
2026-04-17 05:06:31,759 - cyberbully - INFO - Starting training...
2026-04-17 05:27:09,036 - cyberbully - INFO - Training complete.
2026-04-17 05:27:09,135 - cyberbully - INFO - Removed checkpoint: experiments/grid-search/xlnet-base-cased/tweeteval/prep0_aug1/seed_67351593/checkpoint-8424
2026-04-17 05:27:09,218 - cyberbully - INFO - Removed checkpoint: experiments/grid-search/xlnet-base-cased/tweeteval/prep0_aug1/seed_67351593/checkpoint-5616
2026-04-17 05:27:09,302 - cyberbully - INFO - Removed checkpoint: experiments/grid-search/xlnet-base-cased/tweeteval/prep0_aug1/seed_67351593/checkpoint-7020
2026-04-17 05:27:09,390 - cyberbully - INFO - Removed checkpoint: experiments/grid-search/xlnet-base-cased/tweeteval/prep0_aug1/seed_67351593/checkpoint-11232
2026-04-17 05:27:09,475 - cyberbully - INFO - Removed checkpoint: experiments/grid-search/xlnet-base-cased/tweeteval/prep0_aug1/seed_67351593/checkpoint-12636
2026-04-17 05:27:09,486 - cyberbully - INFO - Removed checkpoint: experiments/grid-search/xlnet-base-cased/tweeteval/prep0_aug1/seed_67351593/checkpoint-1404
2026-04-17 05:27:09,590 - cyberbully - INFO - Removed checkpoint: experiments/grid-search/xlnet-base-cased/tweeteval/prep0_aug1/seed_67351593/checkpoint-14040
2026-04-17 05:27:09,674 - cyberbully - INFO - Removed checkpoint: experiments/grid-search/xlnet-base-cased/tweeteval/prep0_aug1/seed_67351593/checkpoint-4212
2026-04-17 05:27:09,757 - cyberbully - INFO - Removed checkpoint: experiments/grid-search/xlnet-base-cased/tweeteval/prep0_aug1/seed_67351593/checkpoint-9828
2026-04-17 05:27:09,794 - cyberbully - INFO - Removed checkpoint: experiments/grid-search/xlnet-base-cased/tweeteval/prep0_aug1/seed_67351593/checkpoint-2808
2026-04-17 05:27:09,794 - cyberbully - INFO - Step 5: Evaluating on test set...
2026-04-17 05:27:21,672 - cyberbully - INFO - Metrics saved to experiments/grid-search/xlnet-base-cased/tweeteval/prep0_aug1/seed_67351593/metrics.json
2026-04-17 05:27:21,672 - cyberbully - INFO - Confusion matrix saved to experiments/grid-search/xlnet-base-cased/tweeteval/prep0_aug1/seed_67351593/confusion_matrix.json
2026-04-17 05:27:21,772 - cyberbully - INFO - Per-sample predictions saved to experiments/grid-search/xlnet-base-cased/tweeteval/prep0_aug1/seed_67351593/predictions.json
2026-04-17 05:27:21,878 - cyberbully - INFO - Confusion matrix figure saved to experiments/grid-search/xlnet-base-cased/tweeteval/prep0_aug1/seed_67351593/confusion_matrix.pdf
2026-04-17 05:27:21,878 - cyberbully - INFO - Accuracy: 0.9706
2026-04-17 05:27:21,878 - cyberbully - INFO - Weighted F1: 0.9707
2026-04-17 05:27:21,878 - cyberbully - INFO - Micro F1: 0.9706
2026-04-17 05:27:21,878 - cyberbully - INFO - Inference time: 7.24 seconds
2026-04-17 05:27:21,878 - cyberbully - INFO - Energy consumption: 0.000413 kWh
2026-04-17 05:27:21,879 - cyberbully - INFO - ============================================================
2026-04-17 05:27:21,880 - cyberbully - INFO - Pipeline complete. Results saved to: experiments/grid-search/xlnet-base-cased/tweeteval/prep0_aug1/seed_67351593
2026-04-17 05:27:21,880 - cyberbully - INFO - ============================================================
