2026-02-25 20:17:24,025 - cyberbully - INFO - Model 'all-MiniLM-L6-v2' detected as SBERT-based. Using SBERTClassifier pipeline.
2026-02-25 20:17:24,025 - cyberbully - INFO - ============================================================
2026-02-25 20:17:24,025 - cyberbully - INFO - Cyberbullying Detection Pipeline
2026-02-25 20:17:24,025 - cyberbully - INFO - ============================================================
2026-02-25 20:17:24,025 - cyberbully - INFO - Configuration:
2026-02-25 20:17:24,025 - cyberbully - INFO -   model          : all-MiniLM-L6-v2
2026-02-25 20:17:24,025 - cyberbully - INFO -   dataset        : tweeteval
2026-02-25 20:17:24,025 - cyberbully - INFO -   preprocess     : False
2026-02-25 20:17:24,025 - cyberbully - INFO -   augment        : False
2026-02-25 20:17:24,025 - cyberbully - INFO -   compute_attribution: False
2026-02-25 20:17:24,025 - cyberbully - INFO -   seed           : 24677315
2026-02-25 20:17:24,025 - cyberbully - INFO -   epochs         : 10
2026-02-25 20:17:24,025 - cyberbully - INFO -   batch_size     : 32
2026-02-25 20:17:24,025 - cyberbully - INFO -   lr             : 5e-05
2026-02-25 20:17:24,025 - cyberbully - INFO -   max_length     : 128
2026-02-25 20:17:24,025 - cyberbully - INFO -   output_dir     : grid-search
2026-02-25 20:17:24,025 - cyberbully - INFO -   data_dir       : dataset
2026-02-25 20:17:24,025 - cyberbully - INFO -   sbert          : True
2026-02-25 20:17:24,025 - cyberbully - INFO -   overwrite      : False
2026-02-25 20:17:24,025 - cyberbully - INFO -   device         : cuda
2026-02-25 20:17:24,025 - cyberbully - INFO -   output_dir     : experiments/grid-search/all-MiniLM-L6-v2/tweeteval/prep0_aug0/seed_24677315
2026-02-25 20:17:24,025 - cyberbully - INFO - ============================================================
2026-02-25 20:17:24,025 - cyberbully - INFO - Step 1: Preparing data...
2026-02-25 20:17:24,025 - cyberbully - INFO - Loading dataset 'tweeteval' from dataset/Tweeteval.csv
2026-02-25 20:17:24,098 - cyberbully - INFO - Loaded 50759 samples with 5 classes: ['emotion', 'hate', 'offensive', 'religion', 'spiritual']
2026-02-25 20:17:24,100 - cyberbully - INFO - Label mapping: {'emotion': 0, 'hate': 1, 'offensive': 2, 'religion': 3, 'spiritual': 4}
2026-02-25 20:17:24,113 - cyberbully - INFO - Split sizes — train: 32485, val: 8122, test: 10152
2026-02-25 20:17:24,114 - cyberbully - INFO - Number of classes: 5
2026-02-25 20:17:24,116 - cyberbully - INFO - Step 2: Loading model and tokenizer...
2026-02-25 20:17:24,116 - cyberbully - INFO - Loading model 'all-MiniLM-L6-v2' with 5 labels (sbert=True)
2026-02-25 20:17:28,341 - cyberbully - INFO - SBERTClassifier: embedding_dim=384, hidden=256, num_labels=5
2026-02-25 20:17:28,661 - cyberbully - INFO - Step 3: Creating datasets...
2026-02-25 20:17:29,685 - cyberbully - INFO - Dataset sizes — train: 32485, val: 8122, test: 10152
2026-02-25 20:17:29,685 - cyberbully - INFO - Step 4: Training...
2026-02-25 20:17:29,727 - cyberbully - INFO - Starting training...
2026-02-25 20:21:37,880 - cyberbully - INFO - Training complete.
2026-02-25 20:21:37,901 - cyberbully - INFO - Removed checkpoint: experiments/grid-search/all-MiniLM-L6-v2/tweeteval/prep0_aug0/seed_24677315/checkpoint-3048
2026-02-25 20:21:37,916 - cyberbully - INFO - Removed checkpoint: experiments/grid-search/all-MiniLM-L6-v2/tweeteval/prep0_aug0/seed_24677315/checkpoint-7112
2026-02-25 20:21:37,932 - cyberbully - INFO - Removed checkpoint: experiments/grid-search/all-MiniLM-L6-v2/tweeteval/prep0_aug0/seed_24677315/checkpoint-9144
2026-02-25 20:21:37,952 - cyberbully - INFO - Removed checkpoint: experiments/grid-search/all-MiniLM-L6-v2/tweeteval/prep0_aug0/seed_24677315/checkpoint-1016
2026-02-25 20:21:37,972 - cyberbully - INFO - Removed checkpoint: experiments/grid-search/all-MiniLM-L6-v2/tweeteval/prep0_aug0/seed_24677315/checkpoint-2032
2026-02-25 20:21:37,989 - cyberbully - INFO - Removed checkpoint: experiments/grid-search/all-MiniLM-L6-v2/tweeteval/prep0_aug0/seed_24677315/checkpoint-10160
2026-02-25 20:21:38,004 - cyberbully - INFO - Removed checkpoint: experiments/grid-search/all-MiniLM-L6-v2/tweeteval/prep0_aug0/seed_24677315/checkpoint-6096
2026-02-25 20:21:38,019 - cyberbully - INFO - Removed checkpoint: experiments/grid-search/all-MiniLM-L6-v2/tweeteval/prep0_aug0/seed_24677315/checkpoint-5080
2026-02-25 20:21:38,033 - cyberbully - INFO - Removed checkpoint: experiments/grid-search/all-MiniLM-L6-v2/tweeteval/prep0_aug0/seed_24677315/checkpoint-8128
2026-02-25 20:21:38,049 - cyberbully - INFO - Removed checkpoint: experiments/grid-search/all-MiniLM-L6-v2/tweeteval/prep0_aug0/seed_24677315/checkpoint-4064
2026-02-25 20:21:38,049 - cyberbully - INFO - Step 5: Evaluating on test set...
2026-02-25 20:21:44,957 - cyberbully - INFO - Metrics saved to experiments/grid-search/all-MiniLM-L6-v2/tweeteval/prep0_aug0/seed_24677315/metrics.json
2026-02-25 20:21:44,957 - cyberbully - INFO - Confusion matrix saved to experiments/grid-search/all-MiniLM-L6-v2/tweeteval/prep0_aug0/seed_24677315/confusion_matrix.json
2026-02-25 20:21:45,058 - cyberbully - INFO - Confusion matrix figure saved to experiments/grid-search/all-MiniLM-L6-v2/tweeteval/prep0_aug0/seed_24677315/confusion_matrix.pdf
2026-02-25 20:21:45,058 - cyberbully - INFO - Accuracy: 0.9689
2026-02-25 20:21:45,058 - cyberbully - INFO - Weighted F1: 0.9688
2026-02-25 20:21:45,058 - cyberbully - INFO - Micro F1: 0.9689
2026-02-25 20:21:45,058 - cyberbully - INFO - Inference time: 1.97 seconds
2026-02-25 20:21:45,059 - cyberbully - INFO - Energy consumption: 0.000120 kWh
2026-02-25 20:21:45,059 - cyberbully - INFO - ============================================================
2026-02-25 20:21:45,059 - cyberbully - INFO - Pipeline complete. Results saved to: experiments/grid-search/all-MiniLM-L6-v2/tweeteval/prep0_aug0/seed_24677315
2026-02-25 20:21:45,059 - cyberbully - INFO - ============================================================
