2026-04-12 13:11:39,585 - cyberbully - INFO - ============================================================
2026-04-12 13:11:39,585 - cyberbully - INFO - Cyberbullying Detection Pipeline
2026-04-12 13:11:39,585 - cyberbully - INFO - ============================================================
2026-04-12 13:11:39,585 - cyberbully - INFO - Configuration:
2026-04-12 13:11:39,585 - cyberbully - INFO -   model          : roberta-base
2026-04-12 13:11:39,585 - cyberbully - INFO -   dataset        : ieee
2026-04-12 13:11:39,585 - cyberbully - INFO -   preprocess     : False
2026-04-12 13:11:39,585 - cyberbully - INFO -   augment        : False
2026-04-12 13:11:39,585 - cyberbully - INFO -   compute_attribution: False
2026-04-12 13:11:39,585 - cyberbully - INFO -   seed           : 99511865
2026-04-12 13:11:39,585 - cyberbully - INFO -   epochs         : 10
2026-04-12 13:11:39,585 - cyberbully - INFO -   batch_size     : 32
2026-04-12 13:11:39,585 - cyberbully - INFO -   lr             : 5e-05
2026-04-12 13:11:39,585 - cyberbully - INFO -   max_length     : 128
2026-04-12 13:11:39,585 - cyberbully - INFO -   output_dir     : grid-search
2026-04-12 13:11:39,585 - cyberbully - INFO -   data_dir       : dataset
2026-04-12 13:11:39,585 - cyberbully - INFO -   sbert          : False
2026-04-12 13:11:39,585 - cyberbully - INFO -   supcon         : False
2026-04-12 13:11:39,585 - cyberbully - INFO -   supcon_weight  : 0.1
2026-04-12 13:11:39,585 - cyberbully - INFO -   proj_dim       : 128
2026-04-12 13:11:39,585 - cyberbully - INFO -   grad_accum_steps: 1
2026-04-12 13:11:39,585 - cyberbully - INFO -   overwrite      : False
2026-04-12 13:11:39,585 - cyberbully - INFO -   device         : cuda
2026-04-12 13:11:39,585 - cyberbully - INFO -   output_dir     : experiments/grid-search/roberta-base/ieee/prep0_aug0/seed_99511865
2026-04-12 13:11:39,585 - cyberbully - INFO - ============================================================
2026-04-12 13:11:39,585 - cyberbully - INFO - Step 1: Preparing data...
2026-04-12 13:11:39,589 - cyberbully - INFO - Loaded pre-split data from dataset/ieee — train: 1348, val: 338, test: 422
2026-04-12 13:11:39,589 - cyberbully - INFO - Label mapping: {'Cyberstalking': 0, 'Doxing': 1, 'Revenge Porn': 2, 'Sexual Harassment': 3, 'Slut Shaming': 4}
2026-04-12 13:11:39,591 - cyberbully - INFO - Number of classes: 5
2026-04-12 13:11:39,592 - cyberbully - INFO - Step 2: Loading model and tokenizer...
2026-04-12 13:11:39,592 - cyberbully - INFO - Loading model 'roberta-base' with 5 labels (sbert=False, supcon=False)
2026-04-12 13:11:40,939 - cyberbully - INFO - Step 3: Creating datasets...
2026-04-12 13:11:40,969 - cyberbully - INFO - Dataset sizes — train: 1348, val: 338, test: 422
2026-04-12 13:11:40,969 - cyberbully - INFO - Step 4: Training...
2026-04-12 13:11:41,225 - cyberbully - INFO - Starting training...
2026-04-12 13:12:43,128 - cyberbully - INFO - Training complete.
2026-04-12 13:12:43,210 - cyberbully - INFO - Removed checkpoint: experiments/grid-search/roberta-base/ieee/prep0_aug0/seed_99511865/checkpoint-172
2026-04-12 13:12:43,290 - cyberbully - INFO - Removed checkpoint: experiments/grid-search/roberta-base/ieee/prep0_aug0/seed_99511865/checkpoint-258
2026-04-12 13:12:43,371 - cyberbully - INFO - Removed checkpoint: experiments/grid-search/roberta-base/ieee/prep0_aug0/seed_99511865/checkpoint-387
2026-04-12 13:12:43,453 - cyberbully - INFO - Removed checkpoint: experiments/grid-search/roberta-base/ieee/prep0_aug0/seed_99511865/checkpoint-43
2026-04-12 13:12:43,535 - cyberbully - INFO - Removed checkpoint: experiments/grid-search/roberta-base/ieee/prep0_aug0/seed_99511865/checkpoint-430
2026-04-12 13:12:43,615 - cyberbully - INFO - Removed checkpoint: experiments/grid-search/roberta-base/ieee/prep0_aug0/seed_99511865/checkpoint-301
2026-04-12 13:12:43,696 - cyberbully - INFO - Removed checkpoint: experiments/grid-search/roberta-base/ieee/prep0_aug0/seed_99511865/checkpoint-344
2026-04-12 13:12:43,774 - cyberbully - INFO - Removed checkpoint: experiments/grid-search/roberta-base/ieee/prep0_aug0/seed_99511865/checkpoint-129
2026-04-12 13:12:43,854 - cyberbully - INFO - Removed checkpoint: experiments/grid-search/roberta-base/ieee/prep0_aug0/seed_99511865/checkpoint-215
2026-04-12 13:12:43,934 - cyberbully - INFO - Removed checkpoint: experiments/grid-search/roberta-base/ieee/prep0_aug0/seed_99511865/checkpoint-86
2026-04-12 13:12:43,934 - cyberbully - INFO - Step 5: Evaluating on test set...
2026-04-12 13:12:48,851 - cyberbully - INFO - Metrics saved to experiments/grid-search/roberta-base/ieee/prep0_aug0/seed_99511865/metrics.json
2026-04-12 13:12:48,851 - cyberbully - INFO - Confusion matrix saved to experiments/grid-search/roberta-base/ieee/prep0_aug0/seed_99511865/confusion_matrix.json
2026-04-12 13:12:48,855 - cyberbully - INFO - Per-sample predictions saved to experiments/grid-search/roberta-base/ieee/prep0_aug0/seed_99511865/predictions.json
2026-04-12 13:12:48,957 - cyberbully - INFO - Confusion matrix figure saved to experiments/grid-search/roberta-base/ieee/prep0_aug0/seed_99511865/confusion_matrix.pdf
2026-04-12 13:12:48,957 - cyberbully - INFO - Accuracy: 0.8483
2026-04-12 13:12:48,957 - cyberbully - INFO - Weighted F1: 0.8482
2026-04-12 13:12:48,957 - cyberbully - INFO - Micro F1: 0.8483
2026-04-12 13:12:48,957 - cyberbully - INFO - Inference time: 0.26 seconds
2026-04-12 13:12:48,957 - cyberbully - INFO - Energy consumption: 0.000016 kWh
2026-04-12 13:12:48,957 - cyberbully - INFO - ============================================================
2026-04-12 13:12:48,957 - cyberbully - INFO - Pipeline complete. Results saved to: experiments/grid-search/roberta-base/ieee/prep0_aug0/seed_99511865
2026-04-12 13:12:48,957 - cyberbully - INFO - ============================================================
