2026-05-19 00:17:19,514 - cyberbully - INFO - ============================================================
2026-05-19 00:17:19,514 - cyberbully - INFO - Cyberbullying Detection Pipeline
2026-05-19 00:17:19,514 - cyberbully - INFO - ============================================================
2026-05-19 00:17:19,514 - cyberbully - INFO - Configuration:
2026-05-19 00:17:19,514 - cyberbully - INFO -   model          : chandar-lab/NeoBERT
2026-05-19 00:17:19,514 - cyberbully - INFO -   dataset        : ieee
2026-05-19 00:17:19,514 - cyberbully - INFO -   preprocess     : True
2026-05-19 00:17:19,514 - cyberbully - INFO -   augment        : False
2026-05-19 00:17:19,514 - cyberbully - INFO -   compute_attribution: False
2026-05-19 00:17:19,514 - cyberbully - INFO -   seed           : 99511865
2026-05-19 00:17:19,514 - cyberbully - INFO -   epochs         : 10
2026-05-19 00:17:19,514 - cyberbully - INFO -   batch_size     : 32
2026-05-19 00:17:19,514 - cyberbully - INFO -   lr             : 5e-05
2026-05-19 00:17:19,514 - cyberbully - INFO -   max_length     : 128
2026-05-19 00:17:19,514 - cyberbully - INFO -   output_dir     : verification
2026-05-19 00:17:19,514 - cyberbully - INFO -   data_dir       : dataset
2026-05-19 00:17:19,514 - cyberbully - INFO -   sbert          : False
2026-05-19 00:17:19,514 - cyberbully - INFO -   supcon         : False
2026-05-19 00:17:19,514 - cyberbully - INFO -   supcon_weight  : 0.1
2026-05-19 00:17:19,514 - cyberbully - INFO -   proj_dim       : 128
2026-05-19 00:17:19,514 - cyberbully - INFO -   grad_accum_steps: 1
2026-05-19 00:17:19,514 - cyberbully - INFO -   overwrite      : True
2026-05-19 00:17:19,514 - cyberbully - INFO -   device         : cuda
2026-05-19 00:17:19,514 - cyberbully - INFO -   output_dir     : experiments/verification/chandar-lab_NeoBERT/ieee/prep1_aug0/seed_99511865
2026-05-19 00:17:19,514 - cyberbully - INFO - ============================================================
2026-05-19 00:17:19,514 - cyberbully - INFO - Step 1: Preparing data...
2026-05-19 00:17:19,518 - cyberbully - INFO - Loaded pre-split data from dataset/ieee — train: 1348, val: 338, test: 422
2026-05-19 00:17:19,518 - cyberbully - INFO - Label mapping: {'Cyberstalking': 0, 'Doxing': 1, 'Revenge Porn': 2, 'Sexual Harassment': 3, 'Slut Shaming': 4}
2026-05-19 00:17:19,519 - cyberbully - INFO - Applying text preprocessing per split...
2026-05-19 00:17:23,520 - cyberbully - INFO - After preprocessing -- train: 1174, val: 302, test: 376
2026-05-19 00:17:23,521 - cyberbully - INFO - Number of classes: 5
2026-05-19 00:17:23,522 - cyberbully - INFO - Step 2: Loading model and tokenizer...
2026-05-19 00:17:23,522 - cyberbully - INFO - Loading model 'chandar-lab/NeoBERT' with 5 labels (sbert=False, supcon=False)
2026-05-19 00:17:25,281 - cyberbully - INFO - Step 3: Creating datasets...
2026-05-19 00:17:25,305 - cyberbully - INFO - Dataset sizes — train: 1174, val: 302, test: 376
2026-05-19 00:17:25,305 - cyberbully - INFO - Step 4: Training...
2026-05-19 00:17:25,588 - cyberbully - INFO - Starting training...
2026-05-19 00:20:11,710 - cyberbully - INFO - Training complete.
2026-05-19 00:20:11,839 - cyberbully - INFO - Removed checkpoint: experiments/verification/chandar-lab_NeoBERT/ieee/prep1_aug0/seed_99511865/checkpoint-111
2026-05-19 00:20:11,987 - cyberbully - INFO - Removed checkpoint: experiments/verification/chandar-lab_NeoBERT/ieee/prep1_aug0/seed_99511865/checkpoint-370
2026-05-19 00:20:12,117 - cyberbully - INFO - Removed checkpoint: experiments/verification/chandar-lab_NeoBERT/ieee/prep1_aug0/seed_99511865/checkpoint-37
2026-05-19 00:20:12,249 - cyberbully - INFO - Removed checkpoint: experiments/verification/chandar-lab_NeoBERT/ieee/prep1_aug0/seed_99511865/checkpoint-148
2026-05-19 00:20:13,140 - cyberbully - INFO - Removed checkpoint: experiments/verification/chandar-lab_NeoBERT/ieee/prep1_aug0/seed_99511865/checkpoint-296
2026-05-19 00:20:13,705 - cyberbully - INFO - Removed checkpoint: experiments/verification/chandar-lab_NeoBERT/ieee/prep1_aug0/seed_99511865/checkpoint-333
2026-05-19 00:20:13,839 - cyberbully - INFO - Removed checkpoint: experiments/verification/chandar-lab_NeoBERT/ieee/prep1_aug0/seed_99511865/checkpoint-185
2026-05-19 00:20:13,973 - cyberbully - INFO - Removed checkpoint: experiments/verification/chandar-lab_NeoBERT/ieee/prep1_aug0/seed_99511865/checkpoint-222
2026-05-19 00:20:14,109 - cyberbully - INFO - Removed checkpoint: experiments/verification/chandar-lab_NeoBERT/ieee/prep1_aug0/seed_99511865/checkpoint-259
2026-05-19 00:20:14,244 - cyberbully - INFO - Removed checkpoint: experiments/verification/chandar-lab_NeoBERT/ieee/prep1_aug0/seed_99511865/checkpoint-74
2026-05-19 00:20:14,244 - cyberbully - INFO - Step 5: Evaluating on test set...
2026-05-19 00:20:20,943 - cyberbully - INFO - Metrics saved to experiments/verification/chandar-lab_NeoBERT/ieee/prep1_aug0/seed_99511865/metrics.json
2026-05-19 00:20:20,943 - cyberbully - INFO - Confusion matrix saved to experiments/verification/chandar-lab_NeoBERT/ieee/prep1_aug0/seed_99511865/confusion_matrix.json
2026-05-19 00:20:20,947 - cyberbully - INFO - Per-sample predictions saved to experiments/verification/chandar-lab_NeoBERT/ieee/prep1_aug0/seed_99511865/predictions.json
2026-05-19 00:20:21,046 - cyberbully - INFO - Confusion matrix figure saved to experiments/verification/chandar-lab_NeoBERT/ieee/prep1_aug0/seed_99511865/confusion_matrix.pdf
2026-05-19 00:20:21,046 - cyberbully - INFO - Accuracy: 0.7926
2026-05-19 00:20:21,046 - cyberbully - INFO - Weighted F1: 0.7983
2026-05-19 00:20:21,046 - cyberbully - INFO - Micro F1: 0.7926
2026-05-19 00:20:21,046 - cyberbully - INFO - Inference time: 0.58 seconds
2026-05-19 00:20:21,046 - cyberbully - INFO - Energy consumption: 0.000058 kWh
2026-05-19 00:20:21,046 - cyberbully - INFO - ============================================================
2026-05-19 00:20:21,046 - cyberbully - INFO - Pipeline complete. Results saved to: experiments/verification/chandar-lab_NeoBERT/ieee/prep1_aug0/seed_99511865
2026-05-19 00:20:21,046 - cyberbully - INFO - ============================================================
