2026-04-12 17:36:37,554 - cyberbully - INFO - ============================================================
2026-04-12 17:36:37,554 - cyberbully - INFO - Cyberbullying Detection Pipeline
2026-04-12 17:36:37,554 - cyberbully - INFO - ============================================================
2026-04-12 17:36:37,554 - cyberbully - INFO - Configuration:
2026-04-12 17:36:37,554 - cyberbully - INFO -   model          : roberta-base
2026-04-12 17:36:37,554 - cyberbully - INFO -   dataset        : tweeteval
2026-04-12 17:36:37,554 - cyberbully - INFO -   preprocess     : False
2026-04-12 17:36:37,554 - cyberbully - INFO -   augment        : True
2026-04-12 17:36:37,554 - cyberbully - INFO -   compute_attribution: False
2026-04-12 17:36:37,554 - cyberbully - INFO -   seed           : 52680723
2026-04-12 17:36:37,554 - cyberbully - INFO -   epochs         : 10
2026-04-12 17:36:37,554 - cyberbully - INFO -   batch_size     : 32
2026-04-12 17:36:37,554 - cyberbully - INFO -   lr             : 5e-05
2026-04-12 17:36:37,554 - cyberbully - INFO -   max_length     : 128
2026-04-12 17:36:37,554 - cyberbully - INFO -   output_dir     : grid-search
2026-04-12 17:36:37,554 - cyberbully - INFO -   data_dir       : dataset
2026-04-12 17:36:37,554 - cyberbully - INFO -   sbert          : False
2026-04-12 17:36:37,554 - cyberbully - INFO -   supcon         : False
2026-04-12 17:36:37,554 - cyberbully - INFO -   supcon_weight  : 0.1
2026-04-12 17:36:37,554 - cyberbully - INFO -   proj_dim       : 128
2026-04-12 17:36:37,554 - cyberbully - INFO -   grad_accum_steps: 1
2026-04-12 17:36:37,554 - cyberbully - INFO -   overwrite      : False
2026-04-12 17:36:37,554 - cyberbully - INFO -   device         : cuda
2026-04-12 17:36:37,554 - cyberbully - INFO -   output_dir     : experiments/grid-search/roberta-base/tweeteval/prep0_aug1/seed_52680723
2026-04-12 17:36:37,554 - cyberbully - INFO - ============================================================
2026-04-12 17:36:37,554 - cyberbully - INFO - Step 1: Preparing data...
2026-04-12 17:36:37,601 - cyberbully - INFO - Loaded pre-split data from dataset/tweeteval — train: 32485, val: 8122, test: 10152
2026-04-12 17:36:37,601 - cyberbully - INFO - Label mapping: {'emotion': 0, 'hate': 1, 'offensive': 2, 'religion': 3, 'spiritual': 4}
2026-04-12 17:36:37,603 - cyberbully - INFO - Applying training data augmentation (oversampling)...
2026-04-12 17:36:37,609 - cyberbully - INFO - After oversampling — class distribution: {0: 8985, 1: 8985, 2: 8985, 3: 8985, 4: 8985}
2026-04-12 17:36:37,618 - cyberbully - INFO - Number of classes: 5
2026-04-12 17:36:37,619 - cyberbully - INFO - Step 2: Loading model and tokenizer...
2026-04-12 17:36:37,619 - cyberbully - INFO - Loading model 'roberta-base' with 5 labels (sbert=False, supcon=False)
2026-04-12 17:36:38,972 - cyberbully - INFO - Step 3: Creating datasets...
2026-04-12 17:36:40,085 - cyberbully - INFO - Dataset sizes — train: 44925, val: 8122, test: 10152
2026-04-12 17:36:40,085 - cyberbully - INFO - Step 4: Training...
2026-04-12 17:36:40,325 - cyberbully - INFO - Starting training...
2026-04-12 17:56:01,035 - cyberbully - INFO - Training complete.
2026-04-12 17:56:01,117 - cyberbully - INFO - Removed checkpoint: experiments/grid-search/roberta-base/tweeteval/prep0_aug1/seed_52680723/checkpoint-14040
2026-04-12 17:56:01,189 - cyberbully - INFO - Removed checkpoint: experiments/grid-search/roberta-base/tweeteval/prep0_aug1/seed_52680723/checkpoint-2808
2026-04-12 17:56:01,260 - cyberbully - INFO - Removed checkpoint: experiments/grid-search/roberta-base/tweeteval/prep0_aug1/seed_52680723/checkpoint-5616
2026-04-12 17:56:01,331 - cyberbully - INFO - Removed checkpoint: experiments/grid-search/roberta-base/tweeteval/prep0_aug1/seed_52680723/checkpoint-7020
2026-04-12 17:56:01,401 - cyberbully - INFO - Removed checkpoint: experiments/grid-search/roberta-base/tweeteval/prep0_aug1/seed_52680723/checkpoint-4212
2026-04-12 17:56:01,473 - cyberbully - INFO - Removed checkpoint: experiments/grid-search/roberta-base/tweeteval/prep0_aug1/seed_52680723/checkpoint-12636
2026-04-12 17:56:01,547 - cyberbully - INFO - Removed checkpoint: experiments/grid-search/roberta-base/tweeteval/prep0_aug1/seed_52680723/checkpoint-1404
2026-04-12 17:56:01,616 - cyberbully - INFO - Removed checkpoint: experiments/grid-search/roberta-base/tweeteval/prep0_aug1/seed_52680723/checkpoint-8424
2026-04-12 17:56:01,686 - cyberbully - INFO - Removed checkpoint: experiments/grid-search/roberta-base/tweeteval/prep0_aug1/seed_52680723/checkpoint-11232
2026-04-12 17:56:01,756 - cyberbully - INFO - Removed checkpoint: experiments/grid-search/roberta-base/tweeteval/prep0_aug1/seed_52680723/checkpoint-9828
2026-04-12 17:56:01,756 - cyberbully - INFO - Step 5: Evaluating on test set...
2026-04-12 17:56:12,683 - cyberbully - INFO - Metrics saved to experiments/grid-search/roberta-base/tweeteval/prep0_aug1/seed_52680723/metrics.json
2026-04-12 17:56:12,683 - cyberbully - INFO - Confusion matrix saved to experiments/grid-search/roberta-base/tweeteval/prep0_aug1/seed_52680723/confusion_matrix.json
2026-04-12 17:56:12,786 - cyberbully - INFO - Per-sample predictions saved to experiments/grid-search/roberta-base/tweeteval/prep0_aug1/seed_52680723/predictions.json
2026-04-12 17:56:12,888 - cyberbully - INFO - Confusion matrix figure saved to experiments/grid-search/roberta-base/tweeteval/prep0_aug1/seed_52680723/confusion_matrix.pdf
2026-04-12 17:56:12,888 - cyberbully - INFO - Accuracy: 0.9759
2026-04-12 17:56:12,888 - cyberbully - INFO - Weighted F1: 0.9759
2026-04-12 17:56:12,888 - cyberbully - INFO - Micro F1: 0.9759
2026-04-12 17:56:12,888 - cyberbully - INFO - Inference time: 6.18 seconds
2026-04-12 17:56:12,888 - cyberbully - INFO - Energy consumption: 0.000400 kWh
2026-04-12 17:56:12,890 - cyberbully - INFO - ============================================================
2026-04-12 17:56:12,890 - cyberbully - INFO - Pipeline complete. Results saved to: experiments/grid-search/roberta-base/tweeteval/prep0_aug1/seed_52680723
2026-04-12 17:56:12,890 - cyberbully - INFO - ============================================================
