2026-04-12 13:05:35,338 - cyberbully - INFO - ============================================================
2026-04-12 13:05:35,338 - cyberbully - INFO - Cyberbullying Detection Pipeline
2026-04-12 13:05:35,338 - cyberbully - INFO - ============================================================
2026-04-12 13:05:35,338 - cyberbully - INFO - Configuration:
2026-04-12 13:05:35,338 - cyberbully - INFO -   model          : roberta-base
2026-04-12 13:05:35,338 - cyberbully - INFO -   dataset        : ieee
2026-04-12 13:05:35,338 - cyberbully - INFO -   preprocess     : False
2026-04-12 13:05:35,338 - cyberbully - INFO -   augment        : False
2026-04-12 13:05:35,338 - cyberbully - INFO -   compute_attribution: False
2026-04-12 13:05:35,338 - cyberbully - INFO -   seed           : 52680723
2026-04-12 13:05:35,338 - cyberbully - INFO -   epochs         : 10
2026-04-12 13:05:35,338 - cyberbully - INFO -   batch_size     : 32
2026-04-12 13:05:35,338 - cyberbully - INFO -   lr             : 5e-05
2026-04-12 13:05:35,338 - cyberbully - INFO -   max_length     : 128
2026-04-12 13:05:35,338 - cyberbully - INFO -   output_dir     : grid-search
2026-04-12 13:05:35,338 - cyberbully - INFO -   data_dir       : dataset
2026-04-12 13:05:35,338 - cyberbully - INFO -   sbert          : False
2026-04-12 13:05:35,338 - cyberbully - INFO -   supcon         : False
2026-04-12 13:05:35,338 - cyberbully - INFO -   supcon_weight  : 0.1
2026-04-12 13:05:35,338 - cyberbully - INFO -   proj_dim       : 128
2026-04-12 13:05:35,338 - cyberbully - INFO -   grad_accum_steps: 1
2026-04-12 13:05:35,338 - cyberbully - INFO -   overwrite      : False
2026-04-12 13:05:35,338 - cyberbully - INFO -   device         : cuda
2026-04-12 13:05:35,338 - cyberbully - INFO -   output_dir     : experiments/grid-search/roberta-base/ieee/prep0_aug0/seed_52680723
2026-04-12 13:05:35,338 - cyberbully - INFO - ============================================================
2026-04-12 13:05:35,338 - cyberbully - INFO - Step 1: Preparing data...
2026-04-12 13:05:35,342 - cyberbully - INFO - Loaded pre-split data from dataset/ieee — train: 1348, val: 338, test: 422
2026-04-12 13:05:35,342 - cyberbully - INFO - Label mapping: {'Cyberstalking': 0, 'Doxing': 1, 'Revenge Porn': 2, 'Sexual Harassment': 3, 'Slut Shaming': 4}
2026-04-12 13:05:35,344 - cyberbully - INFO - Number of classes: 5
2026-04-12 13:05:35,345 - cyberbully - INFO - Step 2: Loading model and tokenizer...
2026-04-12 13:05:35,345 - cyberbully - INFO - Loading model 'roberta-base' with 5 labels (sbert=False, supcon=False)
2026-04-12 13:05:36,638 - cyberbully - INFO - Step 3: Creating datasets...
2026-04-12 13:05:36,672 - cyberbully - INFO - Dataset sizes — train: 1348, val: 338, test: 422
2026-04-12 13:05:36,672 - cyberbully - INFO - Step 4: Training...
2026-04-12 13:05:36,911 - cyberbully - INFO - Starting training...
2026-04-12 13:06:36,504 - cyberbully - INFO - Training complete.
2026-04-12 13:06:36,601 - cyberbully - INFO - Removed checkpoint: experiments/grid-search/roberta-base/ieee/prep0_aug0/seed_52680723/checkpoint-172
2026-04-12 13:06:36,688 - cyberbully - INFO - Removed checkpoint: experiments/grid-search/roberta-base/ieee/prep0_aug0/seed_52680723/checkpoint-258
2026-04-12 13:06:36,772 - cyberbully - INFO - Removed checkpoint: experiments/grid-search/roberta-base/ieee/prep0_aug0/seed_52680723/checkpoint-387
2026-04-12 13:06:36,859 - cyberbully - INFO - Removed checkpoint: experiments/grid-search/roberta-base/ieee/prep0_aug0/seed_52680723/checkpoint-43
2026-04-12 13:06:36,946 - cyberbully - INFO - Removed checkpoint: experiments/grid-search/roberta-base/ieee/prep0_aug0/seed_52680723/checkpoint-430
2026-04-12 13:06:37,030 - cyberbully - INFO - Removed checkpoint: experiments/grid-search/roberta-base/ieee/prep0_aug0/seed_52680723/checkpoint-301
2026-04-12 13:06:37,116 - cyberbully - INFO - Removed checkpoint: experiments/grid-search/roberta-base/ieee/prep0_aug0/seed_52680723/checkpoint-344
2026-04-12 13:06:37,197 - cyberbully - INFO - Removed checkpoint: experiments/grid-search/roberta-base/ieee/prep0_aug0/seed_52680723/checkpoint-129
2026-04-12 13:06:37,275 - cyberbully - INFO - Removed checkpoint: experiments/grid-search/roberta-base/ieee/prep0_aug0/seed_52680723/checkpoint-215
2026-04-12 13:06:37,355 - cyberbully - INFO - Removed checkpoint: experiments/grid-search/roberta-base/ieee/prep0_aug0/seed_52680723/checkpoint-86
2026-04-12 13:06:37,355 - cyberbully - INFO - Step 5: Evaluating on test set...
2026-04-12 13:06:42,263 - cyberbully - INFO - Metrics saved to experiments/grid-search/roberta-base/ieee/prep0_aug0/seed_52680723/metrics.json
2026-04-12 13:06:42,263 - cyberbully - INFO - Confusion matrix saved to experiments/grid-search/roberta-base/ieee/prep0_aug0/seed_52680723/confusion_matrix.json
2026-04-12 13:06:42,268 - cyberbully - INFO - Per-sample predictions saved to experiments/grid-search/roberta-base/ieee/prep0_aug0/seed_52680723/predictions.json
2026-04-12 13:06:42,369 - cyberbully - INFO - Confusion matrix figure saved to experiments/grid-search/roberta-base/ieee/prep0_aug0/seed_52680723/confusion_matrix.pdf
2026-04-12 13:06:42,369 - cyberbully - INFO - Accuracy: 0.8081
2026-04-12 13:06:42,370 - cyberbully - INFO - Weighted F1: 0.8147
2026-04-12 13:06:42,370 - cyberbully - INFO - Micro F1: 0.8081
2026-04-12 13:06:42,370 - cyberbully - INFO - Inference time: 0.25 seconds
2026-04-12 13:06:42,370 - cyberbully - INFO - Energy consumption: 0.000016 kWh
2026-04-12 13:06:42,370 - cyberbully - INFO - ============================================================
2026-04-12 13:06:42,370 - cyberbully - INFO - Pipeline complete. Results saved to: experiments/grid-search/roberta-base/ieee/prep0_aug0/seed_52680723
2026-04-12 13:06:42,370 - cyberbully - INFO - ============================================================
