2026-04-08 20:59:53,543 - cyberbully - INFO - ============================================================
2026-04-08 20:59:53,543 - cyberbully - INFO - Cyberbullying Detection Pipeline
2026-04-08 20:59:53,543 - cyberbully - INFO - ============================================================
2026-04-08 20:59:53,544 - cyberbully - INFO - Configuration:
2026-04-08 20:59:53,544 - cyberbully - INFO -   model          : google/mobilebert-uncased
2026-04-08 20:59:53,544 - cyberbully - INFO -   dataset        : tweeteval
2026-04-08 20:59:53,544 - cyberbully - INFO -   preprocess     : False
2026-04-08 20:59:53,544 - cyberbully - INFO -   augment        : False
2026-04-08 20:59:53,544 - cyberbully - INFO -   compute_attribution: False
2026-04-08 20:59:53,544 - cyberbully - INFO -   seed           : 90995999
2026-04-08 20:59:53,544 - cyberbully - INFO -   epochs         : 10
2026-04-08 20:59:53,544 - cyberbully - INFO -   batch_size     : 32
2026-04-08 20:59:53,544 - cyberbully - INFO -   lr             : 5e-05
2026-04-08 20:59:53,544 - cyberbully - INFO -   max_length     : 128
2026-04-08 20:59:53,544 - cyberbully - INFO -   output_dir     : grid-search
2026-04-08 20:59:53,544 - cyberbully - INFO -   data_dir       : dataset
2026-04-08 20:59:53,544 - cyberbully - INFO -   sbert          : False
2026-04-08 20:59:53,544 - cyberbully - INFO -   supcon         : False
2026-04-08 20:59:53,544 - cyberbully - INFO -   supcon_weight  : 0.1
2026-04-08 20:59:53,544 - cyberbully - INFO -   proj_dim       : 128
2026-04-08 20:59:53,544 - cyberbully - INFO -   grad_accum_steps: 1
2026-04-08 20:59:53,544 - cyberbully - INFO -   overwrite      : False
2026-04-08 20:59:53,544 - cyberbully - INFO -   device         : cuda
2026-04-08 20:59:53,544 - cyberbully - INFO -   output_dir     : experiments/grid-search/google_mobilebert-uncased/tweeteval/prep0_aug0/seed_90995999
2026-04-08 20:59:53,544 - cyberbully - INFO - ============================================================
2026-04-08 20:59:53,544 - cyberbully - INFO - Step 1: Preparing data...
2026-04-08 20:59:53,592 - cyberbully - INFO - Loaded pre-split data from dataset/tweeteval — train: 32485, val: 8122, test: 10152
2026-04-08 20:59:53,592 - cyberbully - INFO - Label mapping: {'emotion': 0, 'hate': 1, 'offensive': 2, 'religion': 3, 'spiritual': 4}
2026-04-08 20:59:53,604 - cyberbully - INFO - Number of classes: 5
2026-04-08 20:59:53,605 - cyberbully - INFO - Step 2: Loading model and tokenizer...
2026-04-08 20:59:53,605 - cyberbully - INFO - Loading model 'google/mobilebert-uncased' with 5 labels (sbert=False, supcon=False)
2026-04-08 20:59:55,635 - cyberbully - WARNING - FP16 disabled for model_type='mobilebert' (known fp16 instability).
2026-04-08 20:59:55,635 - cyberbully - INFO - Step 3: Creating datasets...
2026-04-08 20:59:56,548 - cyberbully - INFO - Dataset sizes — train: 32485, val: 8122, test: 10152
2026-04-08 20:59:56,548 - cyberbully - INFO - Step 4: Training...
2026-04-08 20:59:56,627 - cyberbully - INFO - Starting training...
2026-04-08 21:12:09,579 - cyberbully - INFO - Training complete.
2026-04-08 21:12:09,596 - cyberbully - INFO - Removed checkpoint: experiments/grid-search/google_mobilebert-uncased/tweeteval/prep0_aug0/seed_90995999/checkpoint-2032
2026-04-08 21:12:09,615 - cyberbully - INFO - Removed checkpoint: experiments/grid-search/google_mobilebert-uncased/tweeteval/prep0_aug0/seed_90995999/checkpoint-6096
2026-04-08 21:12:09,632 - cyberbully - INFO - Removed checkpoint: experiments/grid-search/google_mobilebert-uncased/tweeteval/prep0_aug0/seed_90995999/checkpoint-3048
2026-04-08 21:12:09,650 - cyberbully - INFO - Removed checkpoint: experiments/grid-search/google_mobilebert-uncased/tweeteval/prep0_aug0/seed_90995999/checkpoint-9144
2026-04-08 21:12:09,667 - cyberbully - INFO - Removed checkpoint: experiments/grid-search/google_mobilebert-uncased/tweeteval/prep0_aug0/seed_90995999/checkpoint-5080
2026-04-08 21:12:09,685 - cyberbully - INFO - Removed checkpoint: experiments/grid-search/google_mobilebert-uncased/tweeteval/prep0_aug0/seed_90995999/checkpoint-8128
2026-04-08 21:12:09,702 - cyberbully - INFO - Removed checkpoint: experiments/grid-search/google_mobilebert-uncased/tweeteval/prep0_aug0/seed_90995999/checkpoint-4064
2026-04-08 21:12:09,720 - cyberbully - INFO - Removed checkpoint: experiments/grid-search/google_mobilebert-uncased/tweeteval/prep0_aug0/seed_90995999/checkpoint-1016
2026-04-08 21:12:09,737 - cyberbully - INFO - Removed checkpoint: experiments/grid-search/google_mobilebert-uncased/tweeteval/prep0_aug0/seed_90995999/checkpoint-7112
2026-04-08 21:12:09,755 - cyberbully - INFO - Removed checkpoint: experiments/grid-search/google_mobilebert-uncased/tweeteval/prep0_aug0/seed_90995999/checkpoint-10160
2026-04-08 21:12:09,755 - cyberbully - INFO - Step 5: Evaluating on test set...
2026-04-08 21:12:24,067 - cyberbully - INFO - Metrics saved to experiments/grid-search/google_mobilebert-uncased/tweeteval/prep0_aug0/seed_90995999/metrics.json
2026-04-08 21:12:24,067 - cyberbully - INFO - Confusion matrix saved to experiments/grid-search/google_mobilebert-uncased/tweeteval/prep0_aug0/seed_90995999/confusion_matrix.json
2026-04-08 21:12:24,164 - cyberbully - INFO - Per-sample predictions saved to experiments/grid-search/google_mobilebert-uncased/tweeteval/prep0_aug0/seed_90995999/predictions.json
2026-04-08 21:12:24,436 - cyberbully - INFO - Confusion matrix figure saved to experiments/grid-search/google_mobilebert-uncased/tweeteval/prep0_aug0/seed_90995999/confusion_matrix.pdf
2026-04-08 21:12:24,436 - cyberbully - INFO - Accuracy: 0.9672
2026-04-08 21:12:24,436 - cyberbully - INFO - Weighted F1: 0.9672
2026-04-08 21:12:24,436 - cyberbully - INFO - Micro F1: 0.9672
2026-04-08 21:12:24,436 - cyberbully - INFO - Inference time: 4.97 seconds
2026-04-08 21:12:24,436 - cyberbully - INFO - Energy consumption: 0.000317 kWh
2026-04-08 21:12:24,438 - cyberbully - INFO - ============================================================
2026-04-08 21:12:24,438 - cyberbully - INFO - Pipeline complete. Results saved to: experiments/grid-search/google_mobilebert-uncased/tweeteval/prep0_aug0/seed_90995999
2026-04-08 21:12:24,438 - cyberbully - INFO - ============================================================
