2026-02-20 07:46:34,940 - cyberbully - INFO - ============================================================
2026-02-20 07:46:34,940 - cyberbully - INFO - Cyberbullying Detection Pipeline
2026-02-20 07:46:34,940 - cyberbully - INFO - ============================================================
2026-02-20 07:46:34,940 - cyberbully - INFO - Configuration:
2026-02-20 07:46:34,940 - cyberbully - INFO -   model          : all-MiniLM-L6-v2
2026-02-20 07:46:34,940 - cyberbully - INFO -   dataset        : kaggle
2026-02-20 07:46:34,940 - cyberbully - INFO -   preprocess     : True
2026-02-20 07:46:34,940 - cyberbully - INFO -   augment        : False
2026-02-20 07:46:34,940 - cyberbully - INFO -   compute_attribution: False
2026-02-20 07:46:34,940 - cyberbully - INFO -   seed           : 52680723
2026-02-20 07:46:34,940 - cyberbully - INFO -   epochs         : 5
2026-02-20 07:46:34,940 - cyberbully - INFO -   batch_size     : 16
2026-02-20 07:46:34,940 - cyberbully - INFO -   lr             : 2e-05
2026-02-20 07:46:34,940 - cyberbully - INFO -   max_length     : 128
2026-02-20 07:46:34,940 - cyberbully - INFO -   output_dir     : sbert-model
2026-02-20 07:46:34,940 - cyberbully - INFO -   data_dir       : dataset
2026-02-20 07:46:34,940 - cyberbully - INFO -   sbert          : True
2026-02-20 07:46:34,940 - cyberbully - INFO -   overwrite      : False
2026-02-20 07:46:34,940 - cyberbully - INFO -   device         : cuda
2026-02-20 07:46:34,940 - cyberbully - INFO -   output_dir     : experiments/sbert-model/all-MiniLM-L6-v2/kaggle/prep1_aug0/seed_52680723
2026-02-20 07:46:34,940 - cyberbully - INFO - ============================================================
2026-02-20 07:46:34,940 - cyberbully - INFO - Step 1: Preparing data...
2026-02-20 07:46:34,940 - cyberbully - INFO - Loading dataset 'kaggle' from dataset/Kaggle.csv
2026-02-20 07:46:34,997 - cyberbully - INFO - Loaded 47656 samples with 6 classes: ['age', 'ethnicity', 'gender', 'not_cyberbullying', 'other_cyberbullying', 'religion']
2026-02-20 07:46:34,997 - cyberbully - INFO - Applying text preprocessing...
2026-02-20 07:47:26,855 - cyberbully - INFO - After preprocessing: 41414 samples remain
2026-02-20 07:47:26,857 - cyberbully - INFO - Label mapping: {'age': 0, 'ethnicity': 1, 'gender': 2, 'not_cyberbullying': 3, 'other_cyberbullying': 4, 'religion': 5}
2026-02-20 07:47:26,869 - cyberbully - INFO - Split sizes — train: 26504, val: 6627, test: 8283
2026-02-20 07:47:26,869 - cyberbully - INFO - Number of classes: 6
2026-02-20 07:47:26,870 - cyberbully - INFO - Step 2: Loading model and tokenizer...
2026-02-20 07:47:26,870 - cyberbully - INFO - Loading model 'all-MiniLM-L6-v2' with 6 labels (sbert=True)
2026-02-20 07:47:29,407 - cyberbully - INFO - SBERTClassifier: embedding_dim=384, hidden=256, num_labels=6
2026-02-20 07:47:29,696 - cyberbully - INFO - Step 3: Creating datasets...
2026-02-20 07:47:30,568 - cyberbully - INFO - Dataset sizes — train: 26504, val: 6627, test: 8283
2026-02-20 07:47:30,568 - cyberbully - INFO - Step 4: Training...
2026-02-20 07:47:30,612 - cyberbully - INFO - Starting training...
2026-02-20 07:49:40,476 - cyberbully - INFO - Training complete.
2026-02-20 07:49:40,476 - cyberbully - INFO - Step 5: Evaluating on test set...
2026-02-20 07:49:46,380 - cyberbully - INFO - Metrics saved to experiments/sbert-model/all-MiniLM-L6-v2/kaggle/prep1_aug0/seed_52680723/metrics.json
2026-02-20 07:49:46,380 - cyberbully - INFO - Confusion matrix saved to experiments/sbert-model/all-MiniLM-L6-v2/kaggle/prep1_aug0/seed_52680723/confusion_matrix.json
2026-02-20 07:49:46,492 - cyberbully - INFO - Confusion matrix figure saved to experiments/sbert-model/all-MiniLM-L6-v2/kaggle/prep1_aug0/seed_52680723/confusion_matrix.pdf
2026-02-20 07:49:46,492 - cyberbully - INFO - Accuracy: 0.8671
2026-02-20 07:49:46,492 - cyberbully - INFO - Weighted F1: 0.8675
2026-02-20 07:49:46,492 - cyberbully - INFO - Micro F1: 0.8671
2026-02-20 07:49:46,492 - cyberbully - INFO - Inference time: 1.60 seconds
2026-02-20 07:49:46,492 - cyberbully - INFO - Energy consumption: 0.000093 kWh
2026-02-20 07:49:46,492 - cyberbully - INFO - ============================================================
2026-02-20 07:49:46,492 - cyberbully - INFO - Pipeline complete. Results saved to: experiments/sbert-model/all-MiniLM-L6-v2/kaggle/prep1_aug0/seed_52680723
2026-02-20 07:49:46,492 - cyberbully - INFO - ============================================================
