2026-03-27 11:34:07,071 - cyberbully - INFO - ============================================================
2026-03-27 11:34:07,071 - cyberbully - INFO - Cyberbullying Detection Pipeline
2026-03-27 11:34:07,071 - cyberbully - INFO - ============================================================
2026-03-27 11:34:07,071 - cyberbully - INFO - Configuration:
2026-03-27 11:34:07,071 - cyberbully - INFO -   model          : Twitter/twhin-bert-base
2026-03-27 11:34:07,071 - cyberbully - INFO -   dataset        : kaggle
2026-03-27 11:34:07,071 - cyberbully - INFO -   preprocess     : False
2026-03-27 11:34:07,071 - cyberbully - INFO -   augment        : False
2026-03-27 11:34:07,071 - cyberbully - INFO -   compute_attribution: False
2026-03-27 11:34:07,071 - cyberbully - INFO -   seed           : 67351593
2026-03-27 11:34:07,071 - cyberbully - INFO -   epochs         : 10
2026-03-27 11:34:07,071 - cyberbully - INFO -   batch_size     : 64
2026-03-27 11:34:07,071 - cyberbully - INFO -   lr             : 5e-05
2026-03-27 11:34:07,071 - cyberbully - INFO -   max_length     : 128
2026-03-27 11:34:07,071 - cyberbully - INFO -   output_dir     : supcon-grid
2026-03-27 11:34:07,071 - cyberbully - INFO -   data_dir       : dataset
2026-03-27 11:34:07,071 - cyberbully - INFO -   sbert          : False
2026-03-27 11:34:07,071 - cyberbully - INFO -   supcon         : False
2026-03-27 11:34:07,071 - cyberbully - INFO -   supcon_weight  : 0.1
2026-03-27 11:34:07,071 - cyberbully - INFO -   proj_dim       : 128
2026-03-27 11:34:07,071 - cyberbully - INFO -   grad_accum_steps: 1
2026-03-27 11:34:07,071 - cyberbully - INFO -   overwrite      : False
2026-03-27 11:34:07,071 - cyberbully - INFO -   device         : cuda
2026-03-27 11:34:07,071 - cyberbully - INFO -   output_dir     : experiments/supcon-grid/Twitter_twhin-bert-base/kaggle/prep0_aug0/seed_67351593
2026-03-27 11:34:07,071 - cyberbully - INFO - ============================================================
2026-03-27 11:34:07,072 - cyberbully - INFO - Step 1: Preparing data...
2026-03-27 11:34:07,120 - cyberbully - INFO - Loaded pre-split data from dataset/kaggle — train: 25604, val: 6401, test: 8002
2026-03-27 11:34:07,121 - cyberbully - INFO - Label mapping: {'age': 0, 'ethnicity': 1, 'gender': 2, 'other_cyberbullying': 3, 'religion': 4}
2026-03-27 11:34:07,132 - cyberbully - INFO - Number of classes: 5
2026-03-27 11:34:07,134 - cyberbully - INFO - Step 2: Loading model and tokenizer...
2026-03-27 11:34:07,134 - cyberbully - INFO - Loading model 'Twitter/twhin-bert-base' with 5 labels (sbert=False, supcon=False)
2026-03-27 11:34:08,451 - cyberbully - INFO - Step 3: Creating datasets...
2026-03-27 11:34:09,142 - cyberbully - INFO - Dataset sizes — train: 25604, val: 6401, test: 8002
2026-03-27 11:34:09,142 - cyberbully - INFO - Step 4: Training...
2026-03-27 11:34:09,445 - cyberbully - INFO - Starting training...
2026-03-27 11:47:20,570 - cyberbully - INFO - Training complete.
2026-03-27 11:47:20,729 - cyberbully - INFO - Removed checkpoint: experiments/supcon-grid/Twitter_twhin-bert-base/kaggle/prep0_aug0/seed_67351593/checkpoint-2005
2026-03-27 11:47:20,889 - cyberbully - INFO - Removed checkpoint: experiments/supcon-grid/Twitter_twhin-bert-base/kaggle/prep0_aug0/seed_67351593/checkpoint-1604
2026-03-27 11:47:21,079 - cyberbully - INFO - Removed checkpoint: experiments/supcon-grid/Twitter_twhin-bert-base/kaggle/prep0_aug0/seed_67351593/checkpoint-4010
2026-03-27 11:47:21,238 - cyberbully - INFO - Removed checkpoint: experiments/supcon-grid/Twitter_twhin-bert-base/kaggle/prep0_aug0/seed_67351593/checkpoint-2807
2026-03-27 11:47:21,399 - cyberbully - INFO - Removed checkpoint: experiments/supcon-grid/Twitter_twhin-bert-base/kaggle/prep0_aug0/seed_67351593/checkpoint-1203
2026-03-27 11:47:21,569 - cyberbully - INFO - Removed checkpoint: experiments/supcon-grid/Twitter_twhin-bert-base/kaggle/prep0_aug0/seed_67351593/checkpoint-401
2026-03-27 11:47:21,729 - cyberbully - INFO - Removed checkpoint: experiments/supcon-grid/Twitter_twhin-bert-base/kaggle/prep0_aug0/seed_67351593/checkpoint-3609
2026-03-27 11:47:21,889 - cyberbully - INFO - Removed checkpoint: experiments/supcon-grid/Twitter_twhin-bert-base/kaggle/prep0_aug0/seed_67351593/checkpoint-2406
2026-03-27 11:47:22,048 - cyberbully - INFO - Removed checkpoint: experiments/supcon-grid/Twitter_twhin-bert-base/kaggle/prep0_aug0/seed_67351593/checkpoint-3208
2026-03-27 11:47:22,212 - cyberbully - INFO - Removed checkpoint: experiments/supcon-grid/Twitter_twhin-bert-base/kaggle/prep0_aug0/seed_67351593/checkpoint-802
2026-03-27 11:47:22,212 - cyberbully - INFO - Step 5: Evaluating on test set...
2026-03-27 11:47:33,311 - cyberbully - INFO - Metrics saved to experiments/supcon-grid/Twitter_twhin-bert-base/kaggle/prep0_aug0/seed_67351593/metrics.json
2026-03-27 11:47:33,311 - cyberbully - INFO - Confusion matrix saved to experiments/supcon-grid/Twitter_twhin-bert-base/kaggle/prep0_aug0/seed_67351593/confusion_matrix.json
2026-03-27 11:47:33,390 - cyberbully - INFO - Per-sample predictions saved to experiments/supcon-grid/Twitter_twhin-bert-base/kaggle/prep0_aug0/seed_67351593/predictions.json
2026-03-27 11:47:33,491 - cyberbully - INFO - Confusion matrix figure saved to experiments/supcon-grid/Twitter_twhin-bert-base/kaggle/prep0_aug0/seed_67351593/confusion_matrix.pdf
2026-03-27 11:47:33,491 - cyberbully - INFO - Accuracy: 0.9594
2026-03-27 11:47:33,491 - cyberbully - INFO - Weighted F1: 0.9594
2026-03-27 11:47:33,491 - cyberbully - INFO - Micro F1: 0.9594
2026-03-27 11:47:33,491 - cyberbully - INFO - Inference time: 6.29 seconds
2026-03-27 11:47:33,491 - cyberbully - INFO - Energy consumption: 0.000415 kWh
2026-03-27 11:47:33,492 - cyberbully - INFO - ============================================================
2026-03-27 11:47:33,493 - cyberbully - INFO - Pipeline complete. Results saved to: experiments/supcon-grid/Twitter_twhin-bert-base/kaggle/prep0_aug0/seed_67351593
2026-03-27 11:47:33,493 - cyberbully - INFO - ============================================================
