2026-03-19 11:22:51,601 - cyberbully - INFO - Model 'all-mpnet-base-v2' detected as SBERT-based. Using SBERTClassifier pipeline.
2026-03-19 11:22:51,601 - cyberbully - INFO - ============================================================
2026-03-19 11:22:51,602 - cyberbully - INFO - Cyberbullying Detection Pipeline
2026-03-19 11:22:51,602 - cyberbully - INFO - ============================================================
2026-03-19 11:22:51,602 - cyberbully - INFO - Configuration:
2026-03-19 11:22:51,602 - cyberbully - INFO -   model          : all-mpnet-base-v2
2026-03-19 11:22:51,602 - cyberbully - INFO -   dataset        : tweeteval
2026-03-19 11:22:51,602 - cyberbully - INFO -   preprocess     : True
2026-03-19 11:22:51,602 - cyberbully - INFO -   augment        : False
2026-03-19 11:22:51,602 - cyberbully - INFO -   compute_attribution: False
2026-03-19 11:22:51,602 - cyberbully - INFO -   seed           : 52680723
2026-03-19 11:22:51,602 - cyberbully - INFO -   epochs         : 10
2026-03-19 11:22:51,602 - cyberbully - INFO -   batch_size     : 32
2026-03-19 11:22:51,602 - cyberbully - INFO -   lr             : 5e-05
2026-03-19 11:22:51,602 - cyberbully - INFO -   max_length     : 128
2026-03-19 11:22:51,602 - cyberbully - INFO -   output_dir     : supcon-baseline
2026-03-19 11:22:51,602 - cyberbully - INFO -   data_dir       : dataset
2026-03-19 11:22:51,602 - cyberbully - INFO -   sbert          : True
2026-03-19 11:22:51,602 - cyberbully - INFO -   supcon         : False
2026-03-19 11:22:51,602 - cyberbully - INFO -   supcon_weight  : 0.1
2026-03-19 11:22:51,602 - cyberbully - INFO -   proj_dim       : 128
2026-03-19 11:22:51,602 - cyberbully - INFO -   grad_accum_steps: 1
2026-03-19 11:22:51,602 - cyberbully - INFO -   overwrite      : False
2026-03-19 11:22:51,602 - cyberbully - INFO -   device         : cuda
2026-03-19 11:22:51,602 - cyberbully - INFO -   output_dir     : experiments/supcon-baseline/all-mpnet-base-v2/tweeteval/prep1_aug0/seed_52680723
2026-03-19 11:22:51,602 - cyberbully - INFO - ============================================================
2026-03-19 11:22:51,602 - cyberbully - INFO - Step 1: Preparing data...
2026-03-19 11:22:51,651 - cyberbully - INFO - Loaded pre-split data from dataset/tweeteval — train: 32485, val: 8122, test: 10152
2026-03-19 11:22:51,651 - cyberbully - INFO - Label mapping: {'emotion': 0, 'hate': 1, 'offensive': 2, 'religion': 3, 'spiritual': 4}
2026-03-19 11:22:51,651 - cyberbully - INFO - Applying text preprocessing per split...
2026-03-19 11:22:55,622 - cyberbully - INFO - After preprocessing — train: 32485, val: 8122, test: 10152
2026-03-19 11:22:55,634 - cyberbully - INFO - Number of classes: 5
2026-03-19 11:22:55,636 - cyberbully - INFO - Step 2: Loading model and tokenizer...
2026-03-19 11:22:55,636 - cyberbully - INFO - Loading model 'all-mpnet-base-v2' with 5 labels (sbert=True, supcon=False)
2026-03-19 11:22:59,124 - cyberbully - INFO - SBERTClassifier: embedding_dim=768, hidden=256, num_labels=5
2026-03-19 11:22:59,413 - cyberbully - INFO - Step 3: Creating datasets...
2026-03-19 11:23:00,124 - cyberbully - INFO - Dataset sizes — train: 32485, val: 8122, test: 10152
2026-03-19 11:23:00,124 - cyberbully - INFO - Step 4: Training...
2026-03-19 11:23:00,128 - cyberbully - INFO - Starting training...
2026-03-19 11:35:55,451 - cyberbully - INFO - Training complete.
2026-03-19 11:35:55,536 - cyberbully - INFO - Removed checkpoint: experiments/supcon-baseline/all-mpnet-base-v2/tweeteval/prep1_aug0/seed_52680723/checkpoint-2032
2026-03-19 11:35:55,616 - cyberbully - INFO - Removed checkpoint: experiments/supcon-baseline/all-mpnet-base-v2/tweeteval/prep1_aug0/seed_52680723/checkpoint-6096
2026-03-19 11:35:55,698 - cyberbully - INFO - Removed checkpoint: experiments/supcon-baseline/all-mpnet-base-v2/tweeteval/prep1_aug0/seed_52680723/checkpoint-3048
2026-03-19 11:35:55,778 - cyberbully - INFO - Removed checkpoint: experiments/supcon-baseline/all-mpnet-base-v2/tweeteval/prep1_aug0/seed_52680723/checkpoint-9144
2026-03-19 11:35:55,858 - cyberbully - INFO - Removed checkpoint: experiments/supcon-baseline/all-mpnet-base-v2/tweeteval/prep1_aug0/seed_52680723/checkpoint-5080
2026-03-19 11:35:55,936 - cyberbully - INFO - Removed checkpoint: experiments/supcon-baseline/all-mpnet-base-v2/tweeteval/prep1_aug0/seed_52680723/checkpoint-8128
2026-03-19 11:35:56,016 - cyberbully - INFO - Removed checkpoint: experiments/supcon-baseline/all-mpnet-base-v2/tweeteval/prep1_aug0/seed_52680723/checkpoint-4064
2026-03-19 11:35:56,107 - cyberbully - INFO - Removed checkpoint: experiments/supcon-baseline/all-mpnet-base-v2/tweeteval/prep1_aug0/seed_52680723/checkpoint-1016
2026-03-19 11:35:56,186 - cyberbully - INFO - Removed checkpoint: experiments/supcon-baseline/all-mpnet-base-v2/tweeteval/prep1_aug0/seed_52680723/checkpoint-7112
2026-03-19 11:35:56,265 - cyberbully - INFO - Removed checkpoint: experiments/supcon-baseline/all-mpnet-base-v2/tweeteval/prep1_aug0/seed_52680723/checkpoint-10160
2026-03-19 11:35:56,265 - cyberbully - INFO - Step 5: Evaluating on test set...
2026-03-19 11:36:06,969 - cyberbully - INFO - Metrics saved to experiments/supcon-baseline/all-mpnet-base-v2/tweeteval/prep1_aug0/seed_52680723/metrics.json
2026-03-19 11:36:06,969 - cyberbully - INFO - Confusion matrix saved to experiments/supcon-baseline/all-mpnet-base-v2/tweeteval/prep1_aug0/seed_52680723/confusion_matrix.json
2026-03-19 11:36:07,071 - cyberbully - INFO - Per-sample predictions saved to experiments/supcon-baseline/all-mpnet-base-v2/tweeteval/prep1_aug0/seed_52680723/predictions.json
2026-03-19 11:36:07,176 - cyberbully - INFO - Confusion matrix figure saved to experiments/supcon-baseline/all-mpnet-base-v2/tweeteval/prep1_aug0/seed_52680723/confusion_matrix.pdf
2026-03-19 11:36:07,176 - cyberbully - INFO - Accuracy: 0.9697
2026-03-19 11:36:07,176 - cyberbully - INFO - Weighted F1: 0.9697
2026-03-19 11:36:07,176 - cyberbully - INFO - Micro F1: 0.9697
2026-03-19 11:36:07,176 - cyberbully - INFO - Inference time: 5.45 seconds
2026-03-19 11:36:07,176 - cyberbully - INFO - Energy consumption: 0.000303 kWh
2026-03-19 11:36:07,178 - cyberbully - INFO - ============================================================
2026-03-19 11:36:07,178 - cyberbully - INFO - Pipeline complete. Results saved to: experiments/supcon-baseline/all-mpnet-base-v2/tweeteval/prep1_aug0/seed_52680723
2026-03-19 11:36:07,178 - cyberbully - INFO - ============================================================
