2026-04-17 01:12:21,285 - cyberbully - INFO - Model 'all-MiniLM-L6-v2' detected as SBERT-based. Using SBERTClassifier pipeline.
2026-04-17 01:12:21,285 - cyberbully - INFO - ============================================================
2026-04-17 01:12:21,285 - cyberbully - INFO - Cyberbullying Detection Pipeline
2026-04-17 01:12:21,285 - cyberbully - INFO - ============================================================
2026-04-17 01:12:21,285 - cyberbully - INFO - Configuration:
2026-04-17 01:12:21,285 - cyberbully - INFO -   model          : all-MiniLM-L6-v2
2026-04-17 01:12:21,285 - cyberbully - INFO -   dataset        : tweeteval
2026-04-17 01:12:21,285 - cyberbully - INFO -   preprocess     : False
2026-04-17 01:12:21,285 - cyberbully - INFO -   augment        : True
2026-04-17 01:12:21,285 - cyberbully - INFO -   compute_attribution: False
2026-04-17 01:12:21,285 - cyberbully - INFO -   seed           : 90995999
2026-04-17 01:12:21,285 - cyberbully - INFO -   epochs         : 10
2026-04-17 01:12:21,285 - cyberbully - INFO -   batch_size     : 32
2026-04-17 01:12:21,285 - cyberbully - INFO -   lr             : 5e-05
2026-04-17 01:12:21,285 - cyberbully - INFO -   max_length     : 128
2026-04-17 01:12:21,285 - cyberbully - INFO -   output_dir     : grid-search
2026-04-17 01:12:21,285 - cyberbully - INFO -   data_dir       : dataset
2026-04-17 01:12:21,285 - cyberbully - INFO -   sbert          : True
2026-04-17 01:12:21,285 - cyberbully - INFO -   supcon         : False
2026-04-17 01:12:21,285 - cyberbully - INFO -   supcon_weight  : 0.1
2026-04-17 01:12:21,285 - cyberbully - INFO -   proj_dim       : 128
2026-04-17 01:12:21,285 - cyberbully - INFO -   grad_accum_steps: 1
2026-04-17 01:12:21,285 - cyberbully - INFO -   overwrite      : True
2026-04-17 01:12:21,285 - cyberbully - INFO -   device         : cuda
2026-04-17 01:12:21,285 - cyberbully - INFO -   output_dir     : experiments/grid-search/all-MiniLM-L6-v2/tweeteval/prep0_aug1/seed_90995999
2026-04-17 01:12:21,285 - cyberbully - INFO - ============================================================
2026-04-17 01:12:21,285 - cyberbully - INFO - Step 1: Preparing data...
2026-04-17 01:12:21,333 - cyberbully - INFO - Loaded pre-split data from dataset/tweeteval — train: 32485, val: 8122, test: 10152
2026-04-17 01:12:21,333 - cyberbully - INFO - Label mapping: {'emotion': 0, 'hate': 1, 'offensive': 2, 'religion': 3, 'spiritual': 4}
2026-04-17 01:12:21,335 - cyberbully - INFO - Applying training data augmentation (oversampling)...
2026-04-17 01:12:21,342 - cyberbully - INFO - After oversampling — class distribution: {0: 8985, 1: 8985, 2: 8985, 3: 8985, 4: 8985}
2026-04-17 01:12:21,350 - cyberbully - INFO - Number of classes: 5
2026-04-17 01:12:21,351 - cyberbully - INFO - Step 2: Loading model and tokenizer...
2026-04-17 01:12:21,351 - cyberbully - INFO - Loading model 'all-MiniLM-L6-v2' with 5 labels (sbert=True, supcon=False)
2026-04-17 01:12:25,258 - cyberbully - INFO - SBERTClassifier: embedding_dim=384, hidden=256, proj_dim=None, num_labels=5
2026-04-17 01:12:25,812 - cyberbully - INFO - Step 3: Creating datasets...
2026-04-17 01:12:27,002 - cyberbully - INFO - Dataset sizes — train: 44925, val: 8122, test: 10152
2026-04-17 01:12:27,002 - cyberbully - INFO - Step 4: Training...
2026-04-17 01:12:27,044 - cyberbully - INFO - Starting training...
2026-04-17 01:16:49,063 - cyberbully - INFO - Training complete.
2026-04-17 01:16:49,078 - cyberbully - INFO - Removed checkpoint: experiments/grid-search/all-MiniLM-L6-v2/tweeteval/prep0_aug1/seed_90995999/checkpoint-14040
2026-04-17 01:16:49,092 - cyberbully - INFO - Removed checkpoint: experiments/grid-search/all-MiniLM-L6-v2/tweeteval/prep0_aug1/seed_90995999/checkpoint-2808
2026-04-17 01:16:49,105 - cyberbully - INFO - Removed checkpoint: experiments/grid-search/all-MiniLM-L6-v2/tweeteval/prep0_aug1/seed_90995999/checkpoint-5616
2026-04-17 01:16:49,119 - cyberbully - INFO - Removed checkpoint: experiments/grid-search/all-MiniLM-L6-v2/tweeteval/prep0_aug1/seed_90995999/checkpoint-7020
2026-04-17 01:16:49,132 - cyberbully - INFO - Removed checkpoint: experiments/grid-search/all-MiniLM-L6-v2/tweeteval/prep0_aug1/seed_90995999/checkpoint-4212
2026-04-17 01:16:49,148 - cyberbully - INFO - Removed checkpoint: experiments/grid-search/all-MiniLM-L6-v2/tweeteval/prep0_aug1/seed_90995999/checkpoint-12636
2026-04-17 01:16:49,162 - cyberbully - INFO - Removed checkpoint: experiments/grid-search/all-MiniLM-L6-v2/tweeteval/prep0_aug1/seed_90995999/checkpoint-1404
2026-04-17 01:16:49,175 - cyberbully - INFO - Removed checkpoint: experiments/grid-search/all-MiniLM-L6-v2/tweeteval/prep0_aug1/seed_90995999/checkpoint-8424
2026-04-17 01:16:49,189 - cyberbully - INFO - Removed checkpoint: experiments/grid-search/all-MiniLM-L6-v2/tweeteval/prep0_aug1/seed_90995999/checkpoint-11232
2026-04-17 01:16:49,202 - cyberbully - INFO - Removed checkpoint: experiments/grid-search/all-MiniLM-L6-v2/tweeteval/prep0_aug1/seed_90995999/checkpoint-9828
2026-04-17 01:16:49,202 - cyberbully - INFO - Step 5: Evaluating on test set...
2026-04-17 01:16:55,235 - cyberbully - INFO - Metrics saved to experiments/grid-search/all-MiniLM-L6-v2/tweeteval/prep0_aug1/seed_90995999/metrics.json
2026-04-17 01:16:55,235 - cyberbully - INFO - Confusion matrix saved to experiments/grid-search/all-MiniLM-L6-v2/tweeteval/prep0_aug1/seed_90995999/confusion_matrix.json
2026-04-17 01:16:55,340 - cyberbully - INFO - Per-sample predictions saved to experiments/grid-search/all-MiniLM-L6-v2/tweeteval/prep0_aug1/seed_90995999/predictions.json
2026-04-17 01:16:55,443 - cyberbully - INFO - Confusion matrix figure saved to experiments/grid-search/all-MiniLM-L6-v2/tweeteval/prep0_aug1/seed_90995999/confusion_matrix.pdf
2026-04-17 01:16:55,443 - cyberbully - INFO - Accuracy: 0.9685
2026-04-17 01:16:55,444 - cyberbully - INFO - Weighted F1: 0.9686
2026-04-17 01:16:55,444 - cyberbully - INFO - Micro F1: 0.9685
2026-04-17 01:16:55,444 - cyberbully - INFO - Inference time: 1.38 seconds
2026-04-17 01:16:55,444 - cyberbully - INFO - Energy consumption: 0.000093 kWh
2026-04-17 01:16:55,446 - cyberbully - INFO - ============================================================
2026-04-17 01:16:55,446 - cyberbully - INFO - Pipeline complete. Results saved to: experiments/grid-search/all-MiniLM-L6-v2/tweeteval/prep0_aug1/seed_90995999
2026-04-17 01:16:55,446 - cyberbully - INFO - ============================================================
