2026-06-16 20:04:31,919 - cyberbully - INFO - ============================================================
2026-06-16 20:04:31,919 - cyberbully - INFO - Cyberbullying Detection Pipeline
2026-06-16 20:04:31,919 - cyberbully - INFO - ============================================================
2026-06-16 20:04:31,919 - cyberbully - INFO - Configuration:
2026-06-16 20:04:31,919 - cyberbully - INFO -   model          : albert/albert-base-v2
2026-06-16 20:04:31,919 - cyberbully - INFO -   dataset        : ieee
2026-06-16 20:04:31,919 - cyberbully - INFO -   preprocess     : False
2026-06-16 20:04:31,919 - cyberbully - INFO -   prep_mode      : 2
2026-06-16 20:04:31,919 - cyberbully - INFO -   augment        : False
2026-06-16 20:04:31,919 - cyberbully - INFO -   compute_attribution: False
2026-06-16 20:04:31,919 - cyberbully - INFO -   seed           : 87212562
2026-06-16 20:04:31,919 - cyberbully - INFO -   epochs         : 10
2026-06-16 20:04:31,919 - cyberbully - INFO -   batch_size     : 32
2026-06-16 20:04:31,919 - cyberbully - INFO -   lr             : 5e-05
2026-06-16 20:04:31,919 - cyberbully - INFO -   max_length     : 128
2026-06-16 20:04:31,919 - cyberbully - INFO -   output_dir     : grid-search
2026-06-16 20:04:31,919 - cyberbully - INFO -   data_dir       : dataset
2026-06-16 20:04:31,919 - cyberbully - INFO -   sbert          : False
2026-06-16 20:04:31,919 - cyberbully - INFO -   supcon         : False
2026-06-16 20:04:31,919 - cyberbully - INFO -   supcon_weight  : 0.1
2026-06-16 20:04:31,919 - cyberbully - INFO -   proj_dim       : 128
2026-06-16 20:04:31,919 - cyberbully - INFO -   grad_accum_steps: 1
2026-06-16 20:04:31,919 - cyberbully - INFO -   overwrite      : False
2026-06-16 20:04:31,920 - cyberbully - INFO -   device         : cuda
2026-06-16 20:04:31,920 - cyberbully - INFO -   output_dir     : experiments/grid-search/albert_albert-base-v2/ieee/prep2_aug0/seed_87212562
2026-06-16 20:04:31,920 - cyberbully - INFO - ============================================================
2026-06-16 20:04:31,920 - cyberbully - INFO - Step 1: Preparing data...
2026-06-16 20:04:31,923 - cyberbully - INFO - Loaded pre-split data from dataset/ieee — train: 1348, val: 338, test: 422
2026-06-16 20:04:31,923 - cyberbully - INFO - Label mapping: {'Cyberstalking': 0, 'Doxing': 1, 'Revenge Porn': 2, 'Sexual Harassment': 3, 'Slut Shaming': 4}
2026-06-16 20:04:31,924 - cyberbully - INFO - Applying partial text preprocessing per split...
2026-06-16 20:04:31,976 - cyberbully - INFO - After preprocessing -- train: 1348, val: 338, test: 422
2026-06-16 20:04:31,978 - cyberbully - INFO - Number of classes: 5
2026-06-16 20:04:31,979 - cyberbully - INFO - Step 2: Loading model and tokenizer...
2026-06-16 20:04:31,979 - cyberbully - INFO - Loading model 'albert/albert-base-v2' with 5 labels (sbert=False, supcon=False)
2026-06-16 20:04:33,003 - cyberbully - INFO - Step 3: Creating datasets...
2026-06-16 20:04:33,036 - cyberbully - INFO - Dataset sizes — train: 1348, val: 338, test: 422
2026-06-16 20:04:33,036 - cyberbully - INFO - Step 4: Training...
2026-06-16 20:04:33,187 - cyberbully - INFO - Starting training...
2026-06-16 20:05:23,720 - cyberbully - INFO - Training complete.
2026-06-16 20:05:24,247 - cyberbully - INFO - Removed checkpoint: experiments/grid-search/albert_albert-base-v2/ieee/prep2_aug0/seed_87212562/checkpoint-172
2026-06-16 20:05:24,256 - cyberbully - INFO - Removed checkpoint: experiments/grid-search/albert_albert-base-v2/ieee/prep2_aug0/seed_87212562/checkpoint-258
2026-06-16 20:05:24,265 - cyberbully - INFO - Removed checkpoint: experiments/grid-search/albert_albert-base-v2/ieee/prep2_aug0/seed_87212562/checkpoint-387
2026-06-16 20:05:24,272 - cyberbully - INFO - Removed checkpoint: experiments/grid-search/albert_albert-base-v2/ieee/prep2_aug0/seed_87212562/checkpoint-43
2026-06-16 20:05:24,281 - cyberbully - INFO - Removed checkpoint: experiments/grid-search/albert_albert-base-v2/ieee/prep2_aug0/seed_87212562/checkpoint-430
2026-06-16 20:05:24,289 - cyberbully - INFO - Removed checkpoint: experiments/grid-search/albert_albert-base-v2/ieee/prep2_aug0/seed_87212562/checkpoint-301
2026-06-16 20:05:24,298 - cyberbully - INFO - Removed checkpoint: experiments/grid-search/albert_albert-base-v2/ieee/prep2_aug0/seed_87212562/checkpoint-344
2026-06-16 20:05:24,307 - cyberbully - INFO - Removed checkpoint: experiments/grid-search/albert_albert-base-v2/ieee/prep2_aug0/seed_87212562/checkpoint-129
2026-06-16 20:05:24,346 - cyberbully - INFO - Removed checkpoint: experiments/grid-search/albert_albert-base-v2/ieee/prep2_aug0/seed_87212562/checkpoint-215
2026-06-16 20:05:24,353 - cyberbully - INFO - Removed checkpoint: experiments/grid-search/albert_albert-base-v2/ieee/prep2_aug0/seed_87212562/checkpoint-86
2026-06-16 20:05:24,353 - cyberbully - INFO - Step 5: Evaluating on test set...
2026-06-16 20:05:30,901 - cyberbully - INFO - Metrics saved to experiments/grid-search/albert_albert-base-v2/ieee/prep2_aug0/seed_87212562/metrics.json
2026-06-16 20:05:30,902 - cyberbully - INFO - Confusion matrix saved to experiments/grid-search/albert_albert-base-v2/ieee/prep2_aug0/seed_87212562/confusion_matrix.json
2026-06-16 20:05:30,906 - cyberbully - INFO - Per-sample predictions saved to experiments/grid-search/albert_albert-base-v2/ieee/prep2_aug0/seed_87212562/predictions.json
2026-06-16 20:05:31,012 - cyberbully - INFO - Confusion matrix figure saved to experiments/grid-search/albert_albert-base-v2/ieee/prep2_aug0/seed_87212562/confusion_matrix.pdf
2026-06-16 20:05:31,012 - cyberbully - INFO - Accuracy: 0.8152
2026-06-16 20:05:31,012 - cyberbully - INFO - Weighted F1: 0.8187
2026-06-16 20:05:31,012 - cyberbully - INFO - Micro F1: 0.8152
2026-06-16 20:05:31,012 - cyberbully - INFO - Inference time: 0.47 seconds
2026-06-16 20:05:31,012 - cyberbully - INFO - Energy consumption: 0.000056 kWh
2026-06-16 20:05:31,012 - cyberbully - INFO - ============================================================
2026-06-16 20:05:31,012 - cyberbully - INFO - Pipeline complete. Results saved to: experiments/grid-search/albert_albert-base-v2/ieee/prep2_aug0/seed_87212562
2026-06-16 20:05:31,012 - cyberbully - INFO - ============================================================
