2026-03-22 15:03:50,320 - cyberbully - INFO - Model 'all-distilroberta-v1' detected as SBERT-based. Using SBERTClassifier pipeline.
2026-03-22 15:03:50,320 - cyberbully - INFO - ============================================================
2026-03-22 15:03:50,320 - cyberbully - INFO - Cyberbullying Detection Pipeline
2026-03-22 15:03:50,320 - cyberbully - INFO - ============================================================
2026-03-22 15:03:50,320 - cyberbully - INFO - Configuration:
2026-03-22 15:03:50,320 - cyberbully - INFO -   model          : all-distilroberta-v1
2026-03-22 15:03:50,320 - cyberbully - INFO -   dataset        : ieee
2026-03-22 15:03:50,320 - cyberbully - INFO -   preprocess     : True
2026-03-22 15:03:50,320 - cyberbully - INFO -   augment        : True
2026-03-22 15:03:50,320 - cyberbully - INFO -   compute_attribution: False
2026-03-22 15:03:50,320 - cyberbully - INFO -   seed           : 43782163
2026-03-22 15:03:50,320 - cyberbully - INFO -   epochs         : 10
2026-03-22 15:03:50,320 - cyberbully - INFO -   batch_size     : 32
2026-03-22 15:03:50,320 - cyberbully - INFO -   lr             : 5e-05
2026-03-22 15:03:50,320 - cyberbully - INFO -   max_length     : 128
2026-03-22 15:03:50,320 - cyberbully - INFO -   output_dir     : grid-search
2026-03-22 15:03:50,320 - cyberbully - INFO -   data_dir       : dataset
2026-03-22 15:03:50,320 - cyberbully - INFO -   sbert          : True
2026-03-22 15:03:50,320 - cyberbully - INFO -   supcon         : False
2026-03-22 15:03:50,320 - cyberbully - INFO -   supcon_weight  : 0.1
2026-03-22 15:03:50,320 - cyberbully - INFO -   proj_dim       : 128
2026-03-22 15:03:50,320 - cyberbully - INFO -   grad_accum_steps: 1
2026-03-22 15:03:50,320 - cyberbully - INFO -   overwrite      : False
2026-03-22 15:03:50,320 - cyberbully - INFO -   device         : cuda
2026-03-22 15:03:50,320 - cyberbully - INFO -   output_dir     : experiments/grid-search/all-distilroberta-v1/ieee/prep1_aug1/seed_43782163
2026-03-22 15:03:50,320 - cyberbully - INFO - ============================================================
2026-03-22 15:03:50,320 - cyberbully - INFO - Step 1: Preparing data...
2026-03-22 15:03:50,324 - cyberbully - INFO - Loaded pre-split data from dataset/ieee — train: 1348, val: 338, test: 422
2026-03-22 15:03:50,324 - cyberbully - INFO - Label mapping: {'Cyberstalking': 0, 'Doxing': 1, 'Revenge Porn': 2, 'Sexual Harassment': 3, 'Slut Shaming': 4}
2026-03-22 15:03:50,324 - cyberbully - INFO - Applying text preprocessing per split...
2026-03-22 15:03:53,379 - cyberbully - INFO - After preprocessing — train: 1173, val: 307, test: 378
2026-03-22 15:03:53,380 - cyberbully - INFO - Applying training data augmentation (oversampling)...
2026-03-22 15:03:53,381 - cyberbully - INFO - After oversampling — class distribution: {0: 286, 1: 286, 2: 286, 3: 286, 4: 286}
2026-03-22 15:03:53,382 - cyberbully - INFO - Number of classes: 5
2026-03-22 15:03:53,383 - cyberbully - INFO - Step 2: Loading model and tokenizer...
2026-03-22 15:03:53,383 - cyberbully - INFO - Loading model 'all-distilroberta-v1' with 5 labels (sbert=True, supcon=False)
2026-03-22 15:03:56,747 - cyberbully - INFO - SBERTClassifier: embedding_dim=768, hidden=256, proj_dim=None, num_labels=5
2026-03-22 15:03:57,086 - cyberbully - INFO - Step 3: Creating datasets...
2026-03-22 15:03:57,104 - cyberbully - INFO - Dataset sizes — train: 1430, val: 307, test: 378
2026-03-22 15:03:57,104 - cyberbully - INFO - Step 4: Training...
2026-03-22 15:03:57,108 - cyberbully - INFO - Starting training...
2026-03-22 15:05:23,660 - cyberbully - INFO - Training complete.
2026-03-22 15:05:23,728 - cyberbully - INFO - Removed checkpoint: experiments/grid-search/all-distilroberta-v1/ieee/prep1_aug1/seed_43782163/checkpoint-405
2026-03-22 15:05:23,792 - cyberbully - INFO - Removed checkpoint: experiments/grid-search/all-distilroberta-v1/ieee/prep1_aug1/seed_43782163/checkpoint-90
2026-03-22 15:05:23,854 - cyberbully - INFO - Removed checkpoint: experiments/grid-search/all-distilroberta-v1/ieee/prep1_aug1/seed_43782163/checkpoint-225
2026-03-22 15:05:23,917 - cyberbully - INFO - Removed checkpoint: experiments/grid-search/all-distilroberta-v1/ieee/prep1_aug1/seed_43782163/checkpoint-180
2026-03-22 15:05:23,981 - cyberbully - INFO - Removed checkpoint: experiments/grid-search/all-distilroberta-v1/ieee/prep1_aug1/seed_43782163/checkpoint-315
2026-03-22 15:05:24,047 - cyberbully - INFO - Removed checkpoint: experiments/grid-search/all-distilroberta-v1/ieee/prep1_aug1/seed_43782163/checkpoint-360
2026-03-22 15:05:24,113 - cyberbully - INFO - Removed checkpoint: experiments/grid-search/all-distilroberta-v1/ieee/prep1_aug1/seed_43782163/checkpoint-45
2026-03-22 15:05:24,176 - cyberbully - INFO - Removed checkpoint: experiments/grid-search/all-distilroberta-v1/ieee/prep1_aug1/seed_43782163/checkpoint-270
2026-03-22 15:05:24,239 - cyberbully - INFO - Removed checkpoint: experiments/grid-search/all-distilroberta-v1/ieee/prep1_aug1/seed_43782163/checkpoint-135
2026-03-22 15:05:24,297 - cyberbully - INFO - Removed checkpoint: experiments/grid-search/all-distilroberta-v1/ieee/prep1_aug1/seed_43782163/checkpoint-450
2026-03-22 15:05:24,297 - cyberbully - INFO - Step 5: Evaluating on test set...
2026-03-22 15:05:28,600 - cyberbully - INFO - Metrics saved to experiments/grid-search/all-distilroberta-v1/ieee/prep1_aug1/seed_43782163/metrics.json
2026-03-22 15:05:28,600 - cyberbully - INFO - Confusion matrix saved to experiments/grid-search/all-distilroberta-v1/ieee/prep1_aug1/seed_43782163/confusion_matrix.json
2026-03-22 15:05:28,604 - cyberbully - INFO - Per-sample predictions saved to experiments/grid-search/all-distilroberta-v1/ieee/prep1_aug1/seed_43782163/predictions.json
2026-03-22 15:05:28,709 - cyberbully - INFO - Confusion matrix figure saved to experiments/grid-search/all-distilroberta-v1/ieee/prep1_aug1/seed_43782163/confusion_matrix.pdf
2026-03-22 15:05:28,709 - cyberbully - INFO - Accuracy: 0.8307
2026-03-22 15:05:28,709 - cyberbully - INFO - Weighted F1: 0.8300
2026-03-22 15:05:28,709 - cyberbully - INFO - Micro F1: 0.8307
2026-03-22 15:05:28,709 - cyberbully - INFO - Inference time: 0.10 seconds
2026-03-22 15:05:28,709 - cyberbully - INFO - Energy consumption: 0.000003 kWh
2026-03-22 15:05:28,709 - cyberbully - INFO - ============================================================
2026-03-22 15:05:28,709 - cyberbully - INFO - Pipeline complete. Results saved to: experiments/grid-search/all-distilroberta-v1/ieee/prep1_aug1/seed_43782163
2026-03-22 15:05:28,709 - cyberbully - INFO - ============================================================
