2026-04-16 09:32:30,212 - cyberbully - INFO - ============================================================
2026-04-16 09:32:30,212 - cyberbully - INFO - Cyberbullying Detection Pipeline
2026-04-16 09:32:30,212 - cyberbully - INFO - ============================================================
2026-04-16 09:32:30,212 - cyberbully - INFO - Configuration:
2026-04-16 09:32:30,212 - cyberbully - INFO -   model          : bert-base-uncased
2026-04-16 09:32:30,212 - cyberbully - INFO -   dataset        : tweeteval
2026-04-16 09:32:30,212 - cyberbully - INFO -   preprocess     : False
2026-04-16 09:32:30,212 - cyberbully - INFO -   augment        : False
2026-04-16 09:32:30,212 - cyberbully - INFO -   compute_attribution: False
2026-04-16 09:32:30,212 - cyberbully - INFO -   seed           : 70681460
2026-04-16 09:32:30,212 - cyberbully - INFO -   epochs         : 10
2026-04-16 09:32:30,212 - cyberbully - INFO -   batch_size     : 32
2026-04-16 09:32:30,212 - cyberbully - INFO -   lr             : 5e-05
2026-04-16 09:32:30,212 - cyberbully - INFO -   max_length     : 128
2026-04-16 09:32:30,212 - cyberbully - INFO -   output_dir     : grid-search
2026-04-16 09:32:30,212 - cyberbully - INFO -   data_dir       : dataset
2026-04-16 09:32:30,212 - cyberbully - INFO -   sbert          : False
2026-04-16 09:32:30,212 - cyberbully - INFO -   supcon         : False
2026-04-16 09:32:30,212 - cyberbully - INFO -   supcon_weight  : 0.1
2026-04-16 09:32:30,212 - cyberbully - INFO -   proj_dim       : 128
2026-04-16 09:32:30,212 - cyberbully - INFO -   grad_accum_steps: 1
2026-04-16 09:32:30,212 - cyberbully - INFO -   overwrite      : False
2026-04-16 09:32:30,212 - cyberbully - INFO -   device         : cuda
2026-04-16 09:32:30,212 - cyberbully - INFO -   output_dir     : experiments/grid-search/bert-base-uncased/tweeteval/prep0_aug0/seed_70681460
2026-04-16 09:32:30,212 - cyberbully - INFO - ============================================================
2026-04-16 09:32:30,212 - cyberbully - INFO - Step 1: Preparing data...
2026-04-16 09:32:30,262 - cyberbully - INFO - Loaded pre-split data from dataset/tweeteval — train: 32485, val: 8122, test: 10152
2026-04-16 09:32:30,262 - cyberbully - INFO - Label mapping: {'emotion': 0, 'hate': 1, 'offensive': 2, 'religion': 3, 'spiritual': 4}
2026-04-16 09:32:30,274 - cyberbully - INFO - Number of classes: 5
2026-04-16 09:32:30,275 - cyberbully - INFO - Step 2: Loading model and tokenizer...
2026-04-16 09:32:30,275 - cyberbully - INFO - Loading model 'bert-base-uncased' with 5 labels (sbert=False, supcon=False)
2026-04-16 09:32:31,002 - cyberbully - INFO - Step 3: Creating datasets...
2026-04-16 09:32:31,885 - cyberbully - INFO - Dataset sizes — train: 32485, val: 8122, test: 10152
2026-04-16 09:32:31,886 - cyberbully - INFO - Step 4: Training...
2026-04-16 09:32:32,023 - cyberbully - INFO - Starting training...
2026-04-16 09:43:23,341 - cyberbully - INFO - Training complete.
2026-04-16 09:43:23,421 - cyberbully - INFO - Removed checkpoint: experiments/grid-search/bert-base-uncased/tweeteval/prep0_aug0/seed_70681460/checkpoint-2032
2026-04-16 09:43:23,499 - cyberbully - INFO - Removed checkpoint: experiments/grid-search/bert-base-uncased/tweeteval/prep0_aug0/seed_70681460/checkpoint-6096
2026-04-16 09:43:23,577 - cyberbully - INFO - Removed checkpoint: experiments/grid-search/bert-base-uncased/tweeteval/prep0_aug0/seed_70681460/checkpoint-3048
2026-04-16 09:43:23,653 - cyberbully - INFO - Removed checkpoint: experiments/grid-search/bert-base-uncased/tweeteval/prep0_aug0/seed_70681460/checkpoint-9144
2026-04-16 09:43:23,731 - cyberbully - INFO - Removed checkpoint: experiments/grid-search/bert-base-uncased/tweeteval/prep0_aug0/seed_70681460/checkpoint-5080
2026-04-16 09:43:23,809 - cyberbully - INFO - Removed checkpoint: experiments/grid-search/bert-base-uncased/tweeteval/prep0_aug0/seed_70681460/checkpoint-8128
2026-04-16 09:43:23,887 - cyberbully - INFO - Removed checkpoint: experiments/grid-search/bert-base-uncased/tweeteval/prep0_aug0/seed_70681460/checkpoint-4064
2026-04-16 09:43:23,970 - cyberbully - INFO - Removed checkpoint: experiments/grid-search/bert-base-uncased/tweeteval/prep0_aug0/seed_70681460/checkpoint-1016
2026-04-16 09:43:24,048 - cyberbully - INFO - Removed checkpoint: experiments/grid-search/bert-base-uncased/tweeteval/prep0_aug0/seed_70681460/checkpoint-7112
2026-04-16 09:43:24,139 - cyberbully - INFO - Removed checkpoint: experiments/grid-search/bert-base-uncased/tweeteval/prep0_aug0/seed_70681460/checkpoint-10160
2026-04-16 09:43:24,139 - cyberbully - INFO - Step 5: Evaluating on test set...
2026-04-16 09:43:32,785 - cyberbully - INFO - Metrics saved to experiments/grid-search/bert-base-uncased/tweeteval/prep0_aug0/seed_70681460/metrics.json
2026-04-16 09:43:32,785 - cyberbully - INFO - Confusion matrix saved to experiments/grid-search/bert-base-uncased/tweeteval/prep0_aug0/seed_70681460/confusion_matrix.json
2026-04-16 09:43:32,886 - cyberbully - INFO - Per-sample predictions saved to experiments/grid-search/bert-base-uncased/tweeteval/prep0_aug0/seed_70681460/predictions.json
2026-04-16 09:43:32,992 - cyberbully - INFO - Confusion matrix figure saved to experiments/grid-search/bert-base-uncased/tweeteval/prep0_aug0/seed_70681460/confusion_matrix.pdf
2026-04-16 09:43:32,992 - cyberbully - INFO - Accuracy: 0.9722
2026-04-16 09:43:32,992 - cyberbully - INFO - Weighted F1: 0.9722
2026-04-16 09:43:32,992 - cyberbully - INFO - Micro F1: 0.9722
2026-04-16 09:43:32,992 - cyberbully - INFO - Inference time: 4.07 seconds
2026-04-16 09:43:32,992 - cyberbully - INFO - Energy consumption: 0.000244 kWh
2026-04-16 09:43:32,993 - cyberbully - INFO - ============================================================
2026-04-16 09:43:32,993 - cyberbully - INFO - Pipeline complete. Results saved to: experiments/grid-search/bert-base-uncased/tweeteval/prep0_aug0/seed_70681460
2026-04-16 09:43:32,993 - cyberbully - INFO - ============================================================
