2026-05-18 20:15:23,655 - cyberbully - INFO - ============================================================
2026-05-18 20:15:23,655 - cyberbully - INFO - Cyberbullying Detection Pipeline
2026-05-18 20:15:23,655 - cyberbully - INFO - ============================================================
2026-05-18 20:15:23,655 - cyberbully - INFO - Configuration:
2026-05-18 20:15:23,655 - cyberbully - INFO -   model          : roberta-base
2026-05-18 20:15:23,655 - cyberbully - INFO -   dataset        : kaggle
2026-05-18 20:15:23,655 - cyberbully - INFO -   preprocess     : True
2026-05-18 20:15:23,655 - cyberbully - INFO -   augment        : False
2026-05-18 20:15:23,655 - cyberbully - INFO -   compute_attribution: False
2026-05-18 20:15:23,655 - cyberbully - INFO -   seed           : 37622020
2026-05-18 20:15:23,655 - cyberbully - INFO -   epochs         : 10
2026-05-18 20:15:23,655 - cyberbully - INFO -   batch_size     : 32
2026-05-18 20:15:23,655 - cyberbully - INFO -   lr             : 5e-05
2026-05-18 20:15:23,655 - cyberbully - INFO -   max_length     : 128
2026-05-18 20:15:23,655 - cyberbully - INFO -   output_dir     : verification
2026-05-18 20:15:23,655 - cyberbully - INFO -   data_dir       : dataset
2026-05-18 20:15:23,655 - cyberbully - INFO -   sbert          : False
2026-05-18 20:15:23,655 - cyberbully - INFO -   supcon         : False
2026-05-18 20:15:23,656 - cyberbully - INFO -   supcon_weight  : 0.1
2026-05-18 20:15:23,656 - cyberbully - INFO -   proj_dim       : 128
2026-05-18 20:15:23,656 - cyberbully - INFO -   grad_accum_steps: 1
2026-05-18 20:15:23,656 - cyberbully - INFO -   overwrite      : True
2026-05-18 20:15:23,656 - cyberbully - INFO -   device         : cuda
2026-05-18 20:15:23,656 - cyberbully - INFO -   output_dir     : experiments/verification/roberta-base/kaggle/prep1_aug0/seed_37622020
2026-05-18 20:15:23,656 - cyberbully - INFO - ============================================================
2026-05-18 20:15:23,656 - cyberbully - INFO - Step 1: Preparing data...
2026-05-18 20:15:23,710 - cyberbully - INFO - Loaded pre-split data from dataset/kaggle — train: 25604, val: 6401, test: 8002
2026-05-18 20:15:23,710 - cyberbully - INFO - Label mapping: {'age': 0, 'ethnicity': 1, 'gender': 2, 'other_cyberbullying': 3, 'religion': 4}
2026-05-18 20:15:23,711 - cyberbully - INFO - Applying text preprocessing per split...
2026-05-18 20:16:13,848 - cyberbully - INFO - After preprocessing -- train: 23513, val: 5966, test: 7408
2026-05-18 20:16:13,851 - cyberbully - INFO - Number of classes: 5
2026-05-18 20:16:13,852 - cyberbully - INFO - Step 2: Loading model and tokenizer...
2026-05-18 20:16:13,852 - cyberbully - INFO - Loading model 'roberta-base' with 5 labels (sbert=False, supcon=False)
2026-05-18 20:16:14,838 - cyberbully - INFO - Step 3: Creating datasets...
2026-05-18 20:16:15,334 - cyberbully - INFO - Dataset sizes — train: 23513, val: 5966, test: 7408
2026-05-18 20:16:15,334 - cyberbully - INFO - Step 4: Training...
2026-05-18 20:16:15,510 - cyberbully - INFO - Starting training...
2026-05-18 20:26:16,981 - cyberbully - INFO - Training complete.
2026-05-18 20:26:17,071 - cyberbully - INFO - Removed checkpoint: experiments/verification/roberta-base/kaggle/prep1_aug0/seed_37622020/checkpoint-5145
2026-05-18 20:26:17,161 - cyberbully - INFO - Removed checkpoint: experiments/verification/roberta-base/kaggle/prep1_aug0/seed_37622020/checkpoint-6615
2026-05-18 20:26:17,269 - cyberbully - INFO - Removed checkpoint: experiments/verification/roberta-base/kaggle/prep1_aug0/seed_37622020/checkpoint-7350
2026-05-18 20:26:17,359 - cyberbully - INFO - Removed checkpoint: experiments/verification/roberta-base/kaggle/prep1_aug0/seed_37622020/checkpoint-2205
2026-05-18 20:26:17,449 - cyberbully - INFO - Removed checkpoint: experiments/verification/roberta-base/kaggle/prep1_aug0/seed_37622020/checkpoint-1470
2026-05-18 20:26:17,540 - cyberbully - INFO - Removed checkpoint: experiments/verification/roberta-base/kaggle/prep1_aug0/seed_37622020/checkpoint-2940
2026-05-18 20:26:17,629 - cyberbully - INFO - Removed checkpoint: experiments/verification/roberta-base/kaggle/prep1_aug0/seed_37622020/checkpoint-5880
2026-05-18 20:26:17,722 - cyberbully - INFO - Removed checkpoint: experiments/verification/roberta-base/kaggle/prep1_aug0/seed_37622020/checkpoint-735
2026-05-18 20:26:17,812 - cyberbully - INFO - Removed checkpoint: experiments/verification/roberta-base/kaggle/prep1_aug0/seed_37622020/checkpoint-3675
2026-05-18 20:26:17,901 - cyberbully - INFO - Removed checkpoint: experiments/verification/roberta-base/kaggle/prep1_aug0/seed_37622020/checkpoint-4410
2026-05-18 20:26:17,901 - cyberbully - INFO - Step 5: Evaluating on test set...
2026-05-18 20:26:27,920 - cyberbully - INFO - Metrics saved to experiments/verification/roberta-base/kaggle/prep1_aug0/seed_37622020/metrics.json
2026-05-18 20:26:27,920 - cyberbully - INFO - Confusion matrix saved to experiments/verification/roberta-base/kaggle/prep1_aug0/seed_37622020/confusion_matrix.json
2026-05-18 20:26:27,996 - cyberbully - INFO - Per-sample predictions saved to experiments/verification/roberta-base/kaggle/prep1_aug0/seed_37622020/predictions.json
2026-05-18 20:26:28,109 - cyberbully - INFO - Confusion matrix figure saved to experiments/verification/roberta-base/kaggle/prep1_aug0/seed_37622020/confusion_matrix.pdf
2026-05-18 20:26:28,109 - cyberbully - INFO - Accuracy: 0.9519
2026-05-18 20:26:28,109 - cyberbully - INFO - Weighted F1: 0.9518
2026-05-18 20:26:28,109 - cyberbully - INFO - Micro F1: 0.9519
2026-05-18 20:26:28,109 - cyberbully - INFO - Inference time: 3.87 seconds
2026-05-18 20:26:28,109 - cyberbully - INFO - Energy consumption: 0.000224 kWh
2026-05-18 20:26:28,110 - cyberbully - INFO - ============================================================
2026-05-18 20:26:28,110 - cyberbully - INFO - Pipeline complete. Results saved to: experiments/verification/roberta-base/kaggle/prep1_aug0/seed_37622020
2026-05-18 20:26:28,110 - cyberbully - INFO - ============================================================
