2026-03-25 15:23:43,633 - cyberbully - INFO - Model 'all-MiniLM-L12-v2' detected as SBERT-based. Using SBERTClassifier pipeline.
2026-03-25 15:23:43,633 - cyberbully - INFO - ============================================================
2026-03-25 15:23:43,633 - cyberbully - INFO - Cyberbullying Detection Pipeline
2026-03-25 15:23:43,633 - cyberbully - INFO - ============================================================
2026-03-25 15:23:43,633 - cyberbully - INFO - Configuration:
2026-03-25 15:23:43,633 - cyberbully - INFO -   model          : all-MiniLM-L12-v2
2026-03-25 15:23:43,633 - cyberbully - INFO -   dataset        : kaggle
2026-03-25 15:23:43,633 - cyberbully - INFO -   preprocess     : True
2026-03-25 15:23:43,633 - cyberbully - INFO -   augment        : True
2026-03-25 15:23:43,633 - cyberbully - INFO -   compute_attribution: False
2026-03-25 15:23:43,633 - cyberbully - INFO -   seed           : 87212562
2026-03-25 15:23:43,633 - cyberbully - INFO -   epochs         : 10
2026-03-25 15:23:43,633 - cyberbully - INFO -   batch_size     : 32
2026-03-25 15:23:43,633 - cyberbully - INFO -   lr             : 5e-05
2026-03-25 15:23:43,633 - cyberbully - INFO -   max_length     : 128
2026-03-25 15:23:43,633 - cyberbully - INFO -   output_dir     : grid-search
2026-03-25 15:23:43,633 - cyberbully - INFO -   data_dir       : dataset
2026-03-25 15:23:43,633 - cyberbully - INFO -   sbert          : True
2026-03-25 15:23:43,634 - cyberbully - INFO -   supcon         : False
2026-03-25 15:23:43,634 - cyberbully - INFO -   supcon_weight  : 0.1
2026-03-25 15:23:43,634 - cyberbully - INFO -   proj_dim       : 128
2026-03-25 15:23:43,634 - cyberbully - INFO -   grad_accum_steps: 1
2026-03-25 15:23:43,634 - cyberbully - INFO -   overwrite      : False
2026-03-25 15:23:43,634 - cyberbully - INFO -   device         : cuda
2026-03-25 15:23:43,634 - cyberbully - INFO -   output_dir     : experiments/grid-search/all-MiniLM-L12-v2/kaggle/prep1_aug1/seed_87212562
2026-03-25 15:23:43,634 - cyberbully - INFO - ============================================================
2026-03-25 15:23:43,634 - cyberbully - INFO - Step 1: Preparing data...
2026-03-25 15:23:43,684 - cyberbully - INFO - Loaded pre-split data from dataset/kaggle — train: 25604, val: 6401, test: 8002
2026-03-25 15:23:43,684 - cyberbully - INFO - Label mapping: {'age': 0, 'ethnicity': 1, 'gender': 2, 'other_cyberbullying': 3, 'religion': 4}
2026-03-25 15:23:43,684 - cyberbully - INFO - Applying text preprocessing per split...
2026-03-25 15:24:26,977 - cyberbully - INFO - After preprocessing — train: 23545, val: 5986, test: 7423
2026-03-25 15:24:26,979 - cyberbully - INFO - Applying training data augmentation (oversampling)...
2026-03-25 15:24:26,983 - cyberbully - INFO - After oversampling — class distribution: {0: 5063, 1: 5063, 2: 5063, 3: 5063, 4: 5063}
2026-03-25 15:24:26,993 - cyberbully - INFO - Number of classes: 5
2026-03-25 15:24:26,994 - cyberbully - INFO - Step 2: Loading model and tokenizer...
2026-03-25 15:24:26,994 - cyberbully - INFO - Loading model 'all-MiniLM-L12-v2' with 5 labels (sbert=True, supcon=False)
2026-03-25 15:24:29,619 - cyberbully - INFO - SBERTClassifier: embedding_dim=384, hidden=256, proj_dim=None, num_labels=5
2026-03-25 15:24:29,915 - cyberbully - INFO - Step 3: Creating datasets...
2026-03-25 15:24:30,531 - cyberbully - INFO - Dataset sizes — train: 25315, val: 5986, test: 7423
2026-03-25 15:24:30,531 - cyberbully - INFO - Step 4: Training...
2026-03-25 15:24:30,577 - cyberbully - INFO - Starting training...
2026-03-25 15:30:11,859 - cyberbully - INFO - Training complete.
2026-03-25 15:30:11,879 - cyberbully - INFO - Removed checkpoint: experiments/grid-search/all-MiniLM-L12-v2/kaggle/prep1_aug1/seed_87212562/checkpoint-3960
2026-03-25 15:30:11,900 - cyberbully - INFO - Removed checkpoint: experiments/grid-search/all-MiniLM-L12-v2/kaggle/prep1_aug1/seed_87212562/checkpoint-1584
2026-03-25 15:30:11,920 - cyberbully - INFO - Removed checkpoint: experiments/grid-search/all-MiniLM-L12-v2/kaggle/prep1_aug1/seed_87212562/checkpoint-792
2026-03-25 15:30:11,940 - cyberbully - INFO - Removed checkpoint: experiments/grid-search/all-MiniLM-L12-v2/kaggle/prep1_aug1/seed_87212562/checkpoint-3168
2026-03-25 15:30:11,963 - cyberbully - INFO - Removed checkpoint: experiments/grid-search/all-MiniLM-L12-v2/kaggle/prep1_aug1/seed_87212562/checkpoint-7920
2026-03-25 15:30:11,983 - cyberbully - INFO - Removed checkpoint: experiments/grid-search/all-MiniLM-L12-v2/kaggle/prep1_aug1/seed_87212562/checkpoint-6336
2026-03-25 15:30:12,162 - cyberbully - INFO - Removed checkpoint: experiments/grid-search/all-MiniLM-L12-v2/kaggle/prep1_aug1/seed_87212562/checkpoint-7128
2026-03-25 15:30:12,194 - cyberbully - INFO - Removed checkpoint: experiments/grid-search/all-MiniLM-L12-v2/kaggle/prep1_aug1/seed_87212562/checkpoint-2376
2026-03-25 15:30:12,215 - cyberbully - INFO - Removed checkpoint: experiments/grid-search/all-MiniLM-L12-v2/kaggle/prep1_aug1/seed_87212562/checkpoint-5544
2026-03-25 15:30:12,235 - cyberbully - INFO - Removed checkpoint: experiments/grid-search/all-MiniLM-L12-v2/kaggle/prep1_aug1/seed_87212562/checkpoint-4752
2026-03-25 15:30:12,235 - cyberbully - INFO - Step 5: Evaluating on test set...
2026-03-25 15:30:19,112 - cyberbully - INFO - Metrics saved to experiments/grid-search/all-MiniLM-L12-v2/kaggle/prep1_aug1/seed_87212562/metrics.json
2026-03-25 15:30:19,112 - cyberbully - INFO - Confusion matrix saved to experiments/grid-search/all-MiniLM-L12-v2/kaggle/prep1_aug1/seed_87212562/confusion_matrix.json
2026-03-25 15:30:19,181 - cyberbully - INFO - Per-sample predictions saved to experiments/grid-search/all-MiniLM-L12-v2/kaggle/prep1_aug1/seed_87212562/predictions.json
2026-03-25 15:30:19,282 - cyberbully - INFO - Confusion matrix figure saved to experiments/grid-search/all-MiniLM-L12-v2/kaggle/prep1_aug1/seed_87212562/confusion_matrix.pdf
2026-03-25 15:30:19,282 - cyberbully - INFO - Accuracy: 0.9524
2026-03-25 15:30:19,282 - cyberbully - INFO - Weighted F1: 0.9531
2026-03-25 15:30:19,282 - cyberbully - INFO - Micro F1: 0.9524
2026-03-25 15:30:19,283 - cyberbully - INFO - Inference time: 2.56 seconds
2026-03-25 15:30:19,283 - cyberbully - INFO - Energy consumption: 0.000179 kWh
2026-03-25 15:30:19,284 - cyberbully - INFO - ============================================================
2026-03-25 15:30:19,284 - cyberbully - INFO - Pipeline complete. Results saved to: experiments/grid-search/all-MiniLM-L12-v2/kaggle/prep1_aug1/seed_87212562
2026-03-25 15:30:19,284 - cyberbully - INFO - ============================================================
