2026-06-16 04:08:51,043 - cyberbully - INFO - Model 'all-MiniLM-L6-v2' detected as SBERT-based. Using SBERTClassifier pipeline.
2026-06-16 04:08:51,043 - cyberbully - INFO - ============================================================
2026-06-16 04:08:51,043 - cyberbully - INFO - Cyberbullying Detection Pipeline
2026-06-16 04:08:51,043 - cyberbully - INFO - ============================================================
2026-06-16 04:08:51,043 - cyberbully - INFO - Configuration:
2026-06-16 04:08:51,043 - cyberbully - INFO -   model          : all-MiniLM-L6-v2
2026-06-16 04:08:51,043 - cyberbully - INFO -   dataset        : kaggle
2026-06-16 04:08:51,043 - cyberbully - INFO -   preprocess     : False
2026-06-16 04:08:51,043 - cyberbully - INFO -   prep_mode      : 2
2026-06-16 04:08:51,043 - cyberbully - INFO -   augment        : False
2026-06-16 04:08:51,043 - cyberbully - INFO -   compute_attribution: False
2026-06-16 04:08:51,043 - cyberbully - INFO -   seed           : 67351593
2026-06-16 04:08:51,043 - cyberbully - INFO -   epochs         : 10
2026-06-16 04:08:51,043 - cyberbully - INFO -   batch_size     : 32
2026-06-16 04:08:51,043 - cyberbully - INFO -   lr             : 5e-05
2026-06-16 04:08:51,043 - cyberbully - INFO -   max_length     : 128
2026-06-16 04:08:51,043 - cyberbully - INFO -   output_dir     : grid-search
2026-06-16 04:08:51,043 - cyberbully - INFO -   data_dir       : dataset
2026-06-16 04:08:51,043 - cyberbully - INFO -   sbert          : True
2026-06-16 04:08:51,043 - cyberbully - INFO -   supcon         : False
2026-06-16 04:08:51,043 - cyberbully - INFO -   supcon_weight  : 0.1
2026-06-16 04:08:51,043 - cyberbully - INFO -   proj_dim       : 128
2026-06-16 04:08:51,043 - cyberbully - INFO -   grad_accum_steps: 1
2026-06-16 04:08:51,043 - cyberbully - INFO -   overwrite      : False
2026-06-16 04:08:51,043 - cyberbully - INFO -   device         : cuda
2026-06-16 04:08:51,043 - cyberbully - INFO -   output_dir     : experiments/grid-search/all-MiniLM-L6-v2/kaggle/prep2_aug0/seed_67351593
2026-06-16 04:08:51,044 - cyberbully - INFO - ============================================================
2026-06-16 04:08:51,044 - cyberbully - INFO - Step 1: Preparing data...
2026-06-16 04:08:51,091 - cyberbully - INFO - Loaded pre-split data from dataset/kaggle — train: 25604, val: 6401, test: 8002
2026-06-16 04:08:51,091 - cyberbully - INFO - Label mapping: {'age': 0, 'ethnicity': 1, 'gender': 2, 'other_cyberbullying': 3, 'religion': 4}
2026-06-16 04:08:51,092 - cyberbully - INFO - Applying partial text preprocessing per split...
2026-06-16 04:08:52,424 - cyberbully - INFO - After preprocessing -- train: 25604, val: 6401, test: 8002
2026-06-16 04:08:52,427 - cyberbully - INFO - Number of classes: 5
2026-06-16 04:08:52,428 - cyberbully - INFO - Step 2: Loading model and tokenizer...
2026-06-16 04:08:52,428 - cyberbully - INFO - Loading model 'all-MiniLM-L6-v2' with 5 labels (sbert=True, supcon=False)
2026-06-16 04:08:58,000 - cyberbully - INFO - SBERTClassifier: embedding_dim=384, hidden=256, proj_dim=None, num_labels=5
2026-06-16 04:08:58,584 - cyberbully - INFO - Step 3: Creating datasets...
2026-06-16 04:08:59,413 - cyberbully - INFO - Dataset sizes — train: 25604, val: 6401, test: 8002
2026-06-16 04:08:59,413 - cyberbully - INFO - Step 4: Training...
2026-06-16 04:08:59,428 - cyberbully - INFO - Starting training...
2026-06-16 04:11:02,970 - cyberbully - INFO - Training complete.
2026-06-16 04:11:02,987 - cyberbully - INFO - Removed checkpoint: experiments/grid-search/all-MiniLM-L6-v2/kaggle/prep2_aug0/seed_67351593/checkpoint-4806
2026-06-16 04:11:03,007 - cyberbully - INFO - Removed checkpoint: experiments/grid-search/all-MiniLM-L6-v2/kaggle/prep2_aug0/seed_67351593/checkpoint-7209
2026-06-16 04:11:03,028 - cyberbully - INFO - Removed checkpoint: experiments/grid-search/all-MiniLM-L6-v2/kaggle/prep2_aug0/seed_67351593/checkpoint-6408
2026-06-16 04:11:03,045 - cyberbully - INFO - Removed checkpoint: experiments/grid-search/all-MiniLM-L6-v2/kaggle/prep2_aug0/seed_67351593/checkpoint-5607
2026-06-16 04:11:03,065 - cyberbully - INFO - Removed checkpoint: experiments/grid-search/all-MiniLM-L6-v2/kaggle/prep2_aug0/seed_67351593/checkpoint-8010
2026-06-16 04:11:03,082 - cyberbully - INFO - Removed checkpoint: experiments/grid-search/all-MiniLM-L6-v2/kaggle/prep2_aug0/seed_67351593/checkpoint-3204
2026-06-16 04:11:03,099 - cyberbully - INFO - Removed checkpoint: experiments/grid-search/all-MiniLM-L6-v2/kaggle/prep2_aug0/seed_67351593/checkpoint-1602
2026-06-16 04:11:03,116 - cyberbully - INFO - Removed checkpoint: experiments/grid-search/all-MiniLM-L6-v2/kaggle/prep2_aug0/seed_67351593/checkpoint-801
2026-06-16 04:11:03,133 - cyberbully - INFO - Removed checkpoint: experiments/grid-search/all-MiniLM-L6-v2/kaggle/prep2_aug0/seed_67351593/checkpoint-2403
2026-06-16 04:11:03,150 - cyberbully - INFO - Removed checkpoint: experiments/grid-search/all-MiniLM-L6-v2/kaggle/prep2_aug0/seed_67351593/checkpoint-4005
2026-06-16 04:11:03,150 - cyberbully - INFO - Step 5: Evaluating on test set...
2026-06-16 04:11:09,999 - cyberbully - INFO - Metrics saved to experiments/grid-search/all-MiniLM-L6-v2/kaggle/prep2_aug0/seed_67351593/metrics.json
2026-06-16 04:11:09,999 - cyberbully - INFO - Confusion matrix saved to experiments/grid-search/all-MiniLM-L6-v2/kaggle/prep2_aug0/seed_67351593/confusion_matrix.json
2026-06-16 04:11:10,086 - cyberbully - INFO - Per-sample predictions saved to experiments/grid-search/all-MiniLM-L6-v2/kaggle/prep2_aug0/seed_67351593/predictions.json
2026-06-16 04:11:10,194 - cyberbully - INFO - Confusion matrix figure saved to experiments/grid-search/all-MiniLM-L6-v2/kaggle/prep2_aug0/seed_67351593/confusion_matrix.pdf
2026-06-16 04:11:10,194 - cyberbully - INFO - Accuracy: 0.9489
2026-06-16 04:11:10,194 - cyberbully - INFO - Weighted F1: 0.9491
2026-06-16 04:11:10,194 - cyberbully - INFO - Micro F1: 0.9489
2026-06-16 04:11:10,194 - cyberbully - INFO - Inference time: 0.83 seconds
2026-06-16 04:11:10,194 - cyberbully - INFO - Energy consumption: 0.000050 kWh
2026-06-16 04:11:10,196 - cyberbully - INFO - ============================================================
2026-06-16 04:11:10,196 - cyberbully - INFO - Pipeline complete. Results saved to: experiments/grid-search/all-MiniLM-L6-v2/kaggle/prep2_aug0/seed_67351593
2026-06-16 04:11:10,196 - cyberbully - INFO - ============================================================
