2026-06-17 12:31:07,633 - cyberbully - INFO - ============================================================
2026-06-17 12:31:07,634 - cyberbully - INFO - Cyberbullying Detection Pipeline
2026-06-17 12:31:07,634 - cyberbully - INFO - ============================================================
2026-06-17 12:31:07,634 - cyberbully - INFO - Configuration:
2026-06-17 12:31:07,634 - cyberbully - INFO -   model          : xlnet-base-cased
2026-06-17 12:31:07,634 - cyberbully - INFO -   dataset        : kaggle
2026-06-17 12:31:07,634 - cyberbully - INFO -   preprocess     : False
2026-06-17 12:31:07,634 - cyberbully - INFO -   prep_mode      : 2
2026-06-17 12:31:07,634 - cyberbully - INFO -   augment        : False
2026-06-17 12:31:07,634 - cyberbully - INFO -   compute_attribution: False
2026-06-17 12:31:07,634 - cyberbully - INFO -   seed           : 43782163
2026-06-17 12:31:07,634 - cyberbully - INFO -   epochs         : 10
2026-06-17 12:31:07,634 - cyberbully - INFO -   batch_size     : 32
2026-06-17 12:31:07,634 - cyberbully - INFO -   lr             : 5e-05
2026-06-17 12:31:07,634 - cyberbully - INFO -   max_length     : 128
2026-06-17 12:31:07,634 - cyberbully - INFO -   output_dir     : grid-search
2026-06-17 12:31:07,634 - cyberbully - INFO -   data_dir       : dataset
2026-06-17 12:31:07,634 - cyberbully - INFO -   sbert          : False
2026-06-17 12:31:07,634 - cyberbully - INFO -   supcon         : False
2026-06-17 12:31:07,634 - cyberbully - INFO -   supcon_weight  : 0.1
2026-06-17 12:31:07,634 - cyberbully - INFO -   proj_dim       : 128
2026-06-17 12:31:07,634 - cyberbully - INFO -   grad_accum_steps: 1
2026-06-17 12:31:07,634 - cyberbully - INFO -   overwrite      : False
2026-06-17 12:31:07,634 - cyberbully - INFO -   device         : cuda
2026-06-17 12:31:07,634 - cyberbully - INFO -   output_dir     : experiments/grid-search/xlnet-base-cased/kaggle/prep2_aug0/seed_43782163
2026-06-17 12:31:07,634 - cyberbully - INFO - ============================================================
2026-06-17 12:31:07,634 - cyberbully - INFO - Step 1: Preparing data...
2026-06-17 12:31:07,680 - cyberbully - INFO - Loaded pre-split data from dataset/kaggle — train: 25604, val: 6401, test: 8002
2026-06-17 12:31:07,680 - cyberbully - INFO - Label mapping: {'age': 0, 'ethnicity': 1, 'gender': 2, 'other_cyberbullying': 3, 'religion': 4}
2026-06-17 12:31:07,682 - cyberbully - INFO - Applying partial text preprocessing per split...
2026-06-17 12:31:08,997 - cyberbully - INFO - After preprocessing -- train: 25604, val: 6401, test: 8002
2026-06-17 12:31:09,001 - cyberbully - INFO - Number of classes: 5
2026-06-17 12:31:09,002 - cyberbully - INFO - Step 2: Loading model and tokenizer...
2026-06-17 12:31:09,002 - cyberbully - INFO - Loading model 'xlnet-base-cased' with 5 labels (sbert=False, supcon=False)
2026-06-17 12:31:11,902 - cyberbully - INFO - Step 3: Creating datasets...
2026-06-17 12:31:12,741 - cyberbully - INFO - Dataset sizes — train: 25604, val: 6401, test: 8002
2026-06-17 12:31:12,741 - cyberbully - INFO - Step 4: Training...
2026-06-17 12:31:12,974 - cyberbully - INFO - Starting training...
2026-06-17 12:50:29,801 - cyberbully - INFO - Training complete.
2026-06-17 12:50:29,868 - cyberbully - INFO - Removed checkpoint: experiments/grid-search/xlnet-base-cased/kaggle/prep2_aug0/seed_43782163/checkpoint-5607
2026-06-17 12:50:29,948 - cyberbully - INFO - Removed checkpoint: experiments/grid-search/xlnet-base-cased/kaggle/prep2_aug0/seed_43782163/checkpoint-8010
2026-06-17 12:50:30,017 - cyberbully - INFO - Removed checkpoint: experiments/grid-search/xlnet-base-cased/kaggle/prep2_aug0/seed_43782163/checkpoint-6408
2026-06-17 12:50:30,085 - cyberbully - INFO - Removed checkpoint: experiments/grid-search/xlnet-base-cased/kaggle/prep2_aug0/seed_43782163/checkpoint-1602
2026-06-17 12:50:30,154 - cyberbully - INFO - Removed checkpoint: experiments/grid-search/xlnet-base-cased/kaggle/prep2_aug0/seed_43782163/checkpoint-3204
2026-06-17 12:50:30,222 - cyberbully - INFO - Removed checkpoint: experiments/grid-search/xlnet-base-cased/kaggle/prep2_aug0/seed_43782163/checkpoint-7209
2026-06-17 12:50:30,290 - cyberbully - INFO - Removed checkpoint: experiments/grid-search/xlnet-base-cased/kaggle/prep2_aug0/seed_43782163/checkpoint-4005
2026-06-17 12:50:30,360 - cyberbully - INFO - Removed checkpoint: experiments/grid-search/xlnet-base-cased/kaggle/prep2_aug0/seed_43782163/checkpoint-4806
2026-06-17 12:50:30,431 - cyberbully - INFO - Removed checkpoint: experiments/grid-search/xlnet-base-cased/kaggle/prep2_aug0/seed_43782163/checkpoint-801
2026-06-17 12:50:30,499 - cyberbully - INFO - Removed checkpoint: experiments/grid-search/xlnet-base-cased/kaggle/prep2_aug0/seed_43782163/checkpoint-2403
2026-06-17 12:50:30,499 - cyberbully - INFO - Step 5: Evaluating on test set...
2026-06-17 12:50:47,684 - cyberbully - INFO - Metrics saved to experiments/grid-search/xlnet-base-cased/kaggle/prep2_aug0/seed_43782163/metrics.json
2026-06-17 12:50:47,684 - cyberbully - INFO - Confusion matrix saved to experiments/grid-search/xlnet-base-cased/kaggle/prep2_aug0/seed_43782163/confusion_matrix.json
2026-06-17 12:50:47,771 - cyberbully - INFO - Per-sample predictions saved to experiments/grid-search/xlnet-base-cased/kaggle/prep2_aug0/seed_43782163/predictions.json
2026-06-17 12:50:47,877 - cyberbully - INFO - Confusion matrix figure saved to experiments/grid-search/xlnet-base-cased/kaggle/prep2_aug0/seed_43782163/confusion_matrix.pdf
2026-06-17 12:50:47,877 - cyberbully - INFO - Accuracy: 0.9488
2026-06-17 12:50:47,877 - cyberbully - INFO - Weighted F1: 0.9490
2026-06-17 12:50:47,877 - cyberbully - INFO - Micro F1: 0.9488
2026-06-17 12:50:47,877 - cyberbully - INFO - Inference time: 11.02 seconds
2026-06-17 12:50:47,877 - cyberbully - INFO - Energy consumption: 0.000666 kWh
2026-06-17 12:50:47,879 - cyberbully - INFO - ============================================================
2026-06-17 12:50:47,879 - cyberbully - INFO - Pipeline complete. Results saved to: experiments/grid-search/xlnet-base-cased/kaggle/prep2_aug0/seed_43782163
2026-06-17 12:50:47,879 - cyberbully - INFO - ============================================================
