2026-04-17 00:30:17,527 - cyberbully - INFO - Model 'all-MiniLM-L6-v2' detected as SBERT-based. Using SBERTClassifier pipeline.
2026-04-17 00:30:17,528 - cyberbully - INFO - ============================================================
2026-04-17 00:30:17,528 - cyberbully - INFO - Cyberbullying Detection Pipeline
2026-04-17 00:30:17,528 - cyberbully - INFO - ============================================================
2026-04-17 00:30:17,528 - cyberbully - INFO - Configuration:
2026-04-17 00:30:17,528 - cyberbully - INFO -   model          : all-MiniLM-L6-v2
2026-04-17 00:30:17,528 - cyberbully - INFO -   dataset        : ieee
2026-04-17 00:30:17,528 - cyberbully - INFO -   preprocess     : True
2026-04-17 00:30:17,528 - cyberbully - INFO -   augment        : True
2026-04-17 00:30:17,528 - cyberbully - INFO -   compute_attribution: False
2026-04-17 00:30:17,528 - cyberbully - INFO -   seed           : 14298463
2026-04-17 00:30:17,528 - cyberbully - INFO -   epochs         : 10
2026-04-17 00:30:17,528 - cyberbully - INFO -   batch_size     : 32
2026-04-17 00:30:17,528 - cyberbully - INFO -   lr             : 5e-05
2026-04-17 00:30:17,528 - cyberbully - INFO -   max_length     : 128
2026-04-17 00:30:17,528 - cyberbully - INFO -   output_dir     : grid-search
2026-04-17 00:30:17,528 - cyberbully - INFO -   data_dir       : dataset
2026-04-17 00:30:17,528 - cyberbully - INFO -   sbert          : True
2026-04-17 00:30:17,528 - cyberbully - INFO -   supcon         : False
2026-04-17 00:30:17,528 - cyberbully - INFO -   supcon_weight  : 0.1
2026-04-17 00:30:17,528 - cyberbully - INFO -   proj_dim       : 128
2026-04-17 00:30:17,528 - cyberbully - INFO -   grad_accum_steps: 1
2026-04-17 00:30:17,528 - cyberbully - INFO -   overwrite      : True
2026-04-17 00:30:17,528 - cyberbully - INFO -   device         : cuda
2026-04-17 00:30:17,528 - cyberbully - INFO -   output_dir     : experiments/grid-search/all-MiniLM-L6-v2/ieee/prep1_aug1/seed_14298463
2026-04-17 00:30:17,528 - cyberbully - INFO - ============================================================
2026-04-17 00:30:17,528 - cyberbully - INFO - Step 1: Preparing data...
2026-04-17 00:30:17,531 - cyberbully - INFO - Loaded pre-split data from dataset/ieee — train: 1348, val: 338, test: 422
2026-04-17 00:30:17,531 - cyberbully - INFO - Label mapping: {'Cyberstalking': 0, 'Doxing': 1, 'Revenge Porn': 2, 'Sexual Harassment': 3, 'Slut Shaming': 4}
2026-04-17 00:30:17,531 - cyberbully - INFO - Applying text preprocessing per split...
2026-04-17 00:30:21,528 - cyberbully - INFO - After preprocessing — train: 1175, val: 305, test: 378
2026-04-17 00:30:21,529 - cyberbully - INFO - Applying training data augmentation (oversampling)...
2026-04-17 00:30:21,530 - cyberbully - INFO - After oversampling — class distribution: {0: 287, 1: 287, 2: 287, 3: 287, 4: 287}
2026-04-17 00:30:21,531 - cyberbully - INFO - Number of classes: 5
2026-04-17 00:30:21,532 - cyberbully - INFO - Step 2: Loading model and tokenizer...
2026-04-17 00:30:21,532 - cyberbully - INFO - Loading model 'all-MiniLM-L6-v2' with 5 labels (sbert=True, supcon=False)
2026-04-17 00:30:25,485 - cyberbully - INFO - SBERTClassifier: embedding_dim=384, hidden=256, proj_dim=None, num_labels=5
2026-04-17 00:30:26,060 - cyberbully - INFO - Step 3: Creating datasets...
2026-04-17 00:30:26,096 - cyberbully - INFO - Dataset sizes — train: 1435, val: 305, test: 378
2026-04-17 00:30:26,097 - cyberbully - INFO - Step 4: Training...
2026-04-17 00:30:26,146 - cyberbully - INFO - Starting training...
2026-04-17 00:30:37,136 - cyberbully - INFO - Training complete.
2026-04-17 00:30:37,153 - cyberbully - INFO - Removed checkpoint: experiments/grid-search/all-MiniLM-L6-v2/ieee/prep1_aug1/seed_14298463/checkpoint-90
2026-04-17 00:30:37,169 - cyberbully - INFO - Removed checkpoint: experiments/grid-search/all-MiniLM-L6-v2/ieee/prep1_aug1/seed_14298463/checkpoint-180
2026-04-17 00:30:37,185 - cyberbully - INFO - Removed checkpoint: experiments/grid-search/all-MiniLM-L6-v2/ieee/prep1_aug1/seed_14298463/checkpoint-225
2026-04-17 00:30:37,202 - cyberbully - INFO - Removed checkpoint: experiments/grid-search/all-MiniLM-L6-v2/ieee/prep1_aug1/seed_14298463/checkpoint-135
2026-04-17 00:30:37,218 - cyberbully - INFO - Removed checkpoint: experiments/grid-search/all-MiniLM-L6-v2/ieee/prep1_aug1/seed_14298463/checkpoint-315
2026-04-17 00:30:37,233 - cyberbully - INFO - Removed checkpoint: experiments/grid-search/all-MiniLM-L6-v2/ieee/prep1_aug1/seed_14298463/checkpoint-450
2026-04-17 00:30:37,249 - cyberbully - INFO - Removed checkpoint: experiments/grid-search/all-MiniLM-L6-v2/ieee/prep1_aug1/seed_14298463/checkpoint-360
2026-04-17 00:30:37,266 - cyberbully - INFO - Removed checkpoint: experiments/grid-search/all-MiniLM-L6-v2/ieee/prep1_aug1/seed_14298463/checkpoint-45
2026-04-17 00:30:37,282 - cyberbully - INFO - Removed checkpoint: experiments/grid-search/all-MiniLM-L6-v2/ieee/prep1_aug1/seed_14298463/checkpoint-270
2026-04-17 00:30:37,298 - cyberbully - INFO - Removed checkpoint: experiments/grid-search/all-MiniLM-L6-v2/ieee/prep1_aug1/seed_14298463/checkpoint-405
2026-04-17 00:30:37,298 - cyberbully - INFO - Step 5: Evaluating on test set...
2026-04-17 00:30:41,945 - cyberbully - INFO - Metrics saved to experiments/grid-search/all-MiniLM-L6-v2/ieee/prep1_aug1/seed_14298463/metrics.json
2026-04-17 00:30:41,945 - cyberbully - INFO - Confusion matrix saved to experiments/grid-search/all-MiniLM-L6-v2/ieee/prep1_aug1/seed_14298463/confusion_matrix.json
2026-04-17 00:30:41,950 - cyberbully - INFO - Per-sample predictions saved to experiments/grid-search/all-MiniLM-L6-v2/ieee/prep1_aug1/seed_14298463/predictions.json
2026-04-17 00:30:42,049 - cyberbully - INFO - Confusion matrix figure saved to experiments/grid-search/all-MiniLM-L6-v2/ieee/prep1_aug1/seed_14298463/confusion_matrix.pdf
2026-04-17 00:30:42,049 - cyberbully - INFO - Accuracy: 0.8228
2026-04-17 00:30:42,049 - cyberbully - INFO - Weighted F1: 0.8246
2026-04-17 00:30:42,050 - cyberbully - INFO - Micro F1: 0.8228
2026-04-17 00:30:42,050 - cyberbully - INFO - Inference time: 0.06 seconds
2026-04-17 00:30:42,050 - cyberbully - INFO - Energy consumption: 0.000001 kWh
2026-04-17 00:30:42,050 - cyberbully - INFO - ============================================================
2026-04-17 00:30:42,050 - cyberbully - INFO - Pipeline complete. Results saved to: experiments/grid-search/all-MiniLM-L6-v2/ieee/prep1_aug1/seed_14298463
2026-04-17 00:30:42,050 - cyberbully - INFO - ============================================================
