2026-02-19 17:36:03,030 - cyberbully - INFO - ============================================================
2026-02-19 17:36:03,030 - cyberbully - INFO - Cyberbullying Detection Pipeline
2026-02-19 17:36:03,030 - cyberbully - INFO - ============================================================
2026-02-19 17:36:03,030 - cyberbully - INFO - Configuration:
2026-02-19 17:36:03,030 - cyberbully - INFO -   model          : roberta-base
2026-02-19 17:36:03,030 - cyberbully - INFO -   dataset        : kaggle
2026-02-19 17:36:03,030 - cyberbully - INFO -   preprocess     : False
2026-02-19 17:36:03,030 - cyberbully - INFO -   augment        : False
2026-02-19 17:36:03,030 - cyberbully - INFO -   compute_attribution: False
2026-02-19 17:36:03,030 - cyberbully - INFO -   seed           : 37622020
2026-02-19 17:36:03,030 - cyberbully - INFO -   epochs         : 5
2026-02-19 17:36:03,030 - cyberbully - INFO -   batch_size     : 16
2026-02-19 17:36:03,030 - cyberbully - INFO -   lr             : 2e-05
2026-02-19 17:36:03,030 - cyberbully - INFO -   max_length     : 128
2026-02-19 17:36:03,030 - cyberbully - INFO -   output_dir     : grid-search
2026-02-19 17:36:03,030 - cyberbully - INFO -   data_dir       : dataset
2026-02-19 17:36:03,030 - cyberbully - INFO -   sbert          : False
2026-02-19 17:36:03,030 - cyberbully - INFO -   overwrite      : False
2026-02-19 17:36:03,030 - cyberbully - INFO -   device         : cuda
2026-02-19 17:36:03,030 - cyberbully - INFO -   output_dir     : experiments/grid-search/roberta-base/kaggle/prep0_aug0/seed_37622020
2026-02-19 17:36:03,030 - cyberbully - INFO - ============================================================
2026-02-19 17:36:03,030 - cyberbully - INFO - Step 1: Preparing data...
2026-02-19 17:36:03,030 - cyberbully - INFO - Loading dataset 'kaggle' from dataset/Kaggle.csv
2026-02-19 17:36:03,091 - cyberbully - INFO - Loaded 47656 samples with 6 classes: ['age', 'ethnicity', 'gender', 'not_cyberbullying', 'other_cyberbullying', 'religion']
2026-02-19 17:36:03,094 - cyberbully - INFO - Label mapping: {'age': 0, 'ethnicity': 1, 'gender': 2, 'not_cyberbullying': 3, 'other_cyberbullying': 4, 'religion': 5}
2026-02-19 17:36:03,107 - cyberbully - INFO - Split sizes — train: 30499, val: 7625, test: 9532
2026-02-19 17:36:03,108 - cyberbully - INFO - Number of classes: 6
2026-02-19 17:36:03,109 - cyberbully - INFO - Step 2: Loading model and tokenizer...
2026-02-19 17:36:03,109 - cyberbully - INFO - Loading model 'roberta-base' with 6 labels (sbert=False)
2026-02-19 17:36:03,978 - cyberbully - INFO - Step 3: Creating datasets...
2026-02-19 17:36:04,698 - cyberbully - INFO - Dataset sizes — train: 30499, val: 7625, test: 9532
2026-02-19 17:36:04,698 - cyberbully - INFO - Step 4: Training...
2026-02-19 17:36:04,817 - cyberbully - INFO - Starting training...
2026-02-19 17:43:29,405 - cyberbully - INFO - Training complete.
2026-02-19 17:43:29,405 - cyberbully - INFO - Step 5: Evaluating on test set...
2026-02-19 17:43:37,597 - cyberbully - INFO - Metrics saved to experiments/grid-search/roberta-base/kaggle/prep0_aug0/seed_37622020/metrics.json
2026-02-19 17:43:37,597 - cyberbully - INFO - Confusion matrix saved to experiments/grid-search/roberta-base/kaggle/prep0_aug0/seed_37622020/confusion_matrix.json
2026-02-19 17:43:37,716 - cyberbully - INFO - Confusion matrix figure saved to experiments/grid-search/roberta-base/kaggle/prep0_aug0/seed_37622020/confusion_matrix.pdf
2026-02-19 17:43:37,716 - cyberbully - INFO - Accuracy: 0.8738
2026-02-19 17:43:37,716 - cyberbully - INFO - Weighted F1: 0.8723
2026-02-19 17:43:37,716 - cyberbully - INFO - Micro F1: 0.8738
2026-02-19 17:43:37,716 - cyberbully - INFO - Inference time: 3.94 seconds
2026-02-19 17:43:37,716 - cyberbully - INFO - Energy consumption: 0.000217 kWh
2026-02-19 17:43:37,716 - cyberbully - INFO - ============================================================
2026-02-19 17:43:37,716 - cyberbully - INFO - Pipeline complete. Results saved to: experiments/grid-search/roberta-base/kaggle/prep0_aug0/seed_37622020
2026-02-19 17:43:37,716 - cyberbully - INFO - ============================================================
