2026-03-27 00:45:21,814 - cyberbully - INFO - ============================================================
2026-03-27 00:45:21,814 - cyberbully - INFO - Cyberbullying Detection Pipeline
2026-03-27 00:45:21,814 - cyberbully - INFO - ============================================================
2026-03-27 00:45:21,814 - cyberbully - INFO - Configuration:
2026-03-27 00:45:21,814 - cyberbully - INFO -   model          : roberta-base
2026-03-27 00:45:21,814 - cyberbully - INFO -   dataset        : ieee
2026-03-27 00:45:21,814 - cyberbully - INFO -   preprocess     : False
2026-03-27 00:45:21,814 - cyberbully - INFO -   augment        : False
2026-03-27 00:45:21,814 - cyberbully - INFO -   compute_attribution: False
2026-03-27 00:45:21,814 - cyberbully - INFO -   seed           : 14298463
2026-03-27 00:45:21,814 - cyberbully - INFO -   epochs         : 10
2026-03-27 00:45:21,814 - cyberbully - INFO -   batch_size     : 64
2026-03-27 00:45:21,814 - cyberbully - INFO -   lr             : 5e-05
2026-03-27 00:45:21,814 - cyberbully - INFO -   max_length     : 128
2026-03-27 00:45:21,814 - cyberbully - INFO -   output_dir     : supcon-grid
2026-03-27 00:45:21,814 - cyberbully - INFO -   data_dir       : dataset
2026-03-27 00:45:21,814 - cyberbully - INFO -   sbert          : False
2026-03-27 00:45:21,814 - cyberbully - INFO -   supcon         : False
2026-03-27 00:45:21,814 - cyberbully - INFO -   supcon_weight  : 0.1
2026-03-27 00:45:21,814 - cyberbully - INFO -   proj_dim       : 128
2026-03-27 00:45:21,814 - cyberbully - INFO -   grad_accum_steps: 1
2026-03-27 00:45:21,814 - cyberbully - INFO -   overwrite      : False
2026-03-27 00:45:21,814 - cyberbully - INFO -   device         : cuda
2026-03-27 00:45:21,814 - cyberbully - INFO -   output_dir     : experiments/supcon-grid/roberta-base/ieee/prep0_aug0/seed_14298463
2026-03-27 00:45:21,814 - cyberbully - INFO - ============================================================
2026-03-27 00:45:21,814 - cyberbully - INFO - Step 1: Preparing data...
2026-03-27 00:45:21,817 - cyberbully - INFO - Loaded pre-split data from dataset/ieee — train: 1348, val: 338, test: 422
2026-03-27 00:45:21,817 - cyberbully - INFO - Label mapping: {'Cyberstalking': 0, 'Doxing': 1, 'Revenge Porn': 2, 'Sexual Harassment': 3, 'Slut Shaming': 4}
2026-03-27 00:45:21,819 - cyberbully - INFO - Number of classes: 5
2026-03-27 00:45:21,820 - cyberbully - INFO - Step 2: Loading model and tokenizer...
2026-03-27 00:45:21,820 - cyberbully - INFO - Loading model 'roberta-base' with 5 labels (sbert=False, supcon=False)
2026-03-27 00:45:22,523 - cyberbully - INFO - Step 3: Creating datasets...
2026-03-27 00:45:22,550 - cyberbully - INFO - Dataset sizes — train: 1348, val: 338, test: 422
2026-03-27 00:45:22,550 - cyberbully - INFO - Step 4: Training...
2026-03-27 00:45:22,796 - cyberbully - INFO - Starting training...
2026-03-27 00:46:20,233 - cyberbully - INFO - Training complete.
2026-03-27 00:46:20,317 - cyberbully - INFO - Removed checkpoint: experiments/supcon-grid/roberta-base/ieee/prep0_aug0/seed_14298463/checkpoint-176
2026-03-27 00:46:20,397 - cyberbully - INFO - Removed checkpoint: experiments/supcon-grid/roberta-base/ieee/prep0_aug0/seed_14298463/checkpoint-110
2026-03-27 00:46:20,481 - cyberbully - INFO - Removed checkpoint: experiments/supcon-grid/roberta-base/ieee/prep0_aug0/seed_14298463/checkpoint-44
2026-03-27 00:46:21,690 - cyberbully - INFO - Removed checkpoint: experiments/supcon-grid/roberta-base/ieee/prep0_aug0/seed_14298463/checkpoint-132
2026-03-27 00:46:21,781 - cyberbully - INFO - Removed checkpoint: experiments/supcon-grid/roberta-base/ieee/prep0_aug0/seed_14298463/checkpoint-198
2026-03-27 00:46:21,860 - cyberbully - INFO - Removed checkpoint: experiments/supcon-grid/roberta-base/ieee/prep0_aug0/seed_14298463/checkpoint-22
2026-03-27 00:46:21,944 - cyberbully - INFO - Removed checkpoint: experiments/supcon-grid/roberta-base/ieee/prep0_aug0/seed_14298463/checkpoint-88
2026-03-27 00:46:22,028 - cyberbully - INFO - Removed checkpoint: experiments/supcon-grid/roberta-base/ieee/prep0_aug0/seed_14298463/checkpoint-66
2026-03-27 00:46:22,202 - cyberbully - INFO - Removed checkpoint: experiments/supcon-grid/roberta-base/ieee/prep0_aug0/seed_14298463/checkpoint-154
2026-03-27 00:46:22,297 - cyberbully - INFO - Removed checkpoint: experiments/supcon-grid/roberta-base/ieee/prep0_aug0/seed_14298463/checkpoint-220
2026-03-27 00:46:22,298 - cyberbully - INFO - Step 5: Evaluating on test set...
2026-03-27 00:46:27,626 - cyberbully - INFO - Metrics saved to experiments/supcon-grid/roberta-base/ieee/prep0_aug0/seed_14298463/metrics.json
2026-03-27 00:46:27,626 - cyberbully - INFO - Confusion matrix saved to experiments/supcon-grid/roberta-base/ieee/prep0_aug0/seed_14298463/confusion_matrix.json
2026-03-27 00:46:27,630 - cyberbully - INFO - Per-sample predictions saved to experiments/supcon-grid/roberta-base/ieee/prep0_aug0/seed_14298463/predictions.json
2026-03-27 00:46:27,730 - cyberbully - INFO - Confusion matrix figure saved to experiments/supcon-grid/roberta-base/ieee/prep0_aug0/seed_14298463/confusion_matrix.pdf
2026-03-27 00:46:27,730 - cyberbully - INFO - Accuracy: 0.8199
2026-03-27 00:46:27,730 - cyberbully - INFO - Weighted F1: 0.8219
2026-03-27 00:46:27,730 - cyberbully - INFO - Micro F1: 0.8199
2026-03-27 00:46:27,730 - cyberbully - INFO - Inference time: 0.31 seconds
2026-03-27 00:46:27,730 - cyberbully - INFO - Energy consumption: 0.000017 kWh
2026-03-27 00:46:27,730 - cyberbully - INFO - ============================================================
2026-03-27 00:46:27,730 - cyberbully - INFO - Pipeline complete. Results saved to: experiments/supcon-grid/roberta-base/ieee/prep0_aug0/seed_14298463
2026-03-27 00:46:27,730 - cyberbully - INFO - ============================================================
