2026-02-20 08:23:58,305 - cyberbully - INFO - ============================================================
2026-02-20 08:23:58,306 - cyberbully - INFO - Cyberbullying Detection Pipeline
2026-02-20 08:23:58,306 - cyberbully - INFO - ============================================================
2026-02-20 08:23:58,306 - cyberbully - INFO - Configuration:
2026-02-20 08:23:58,306 - cyberbully - INFO -   model          : all-MiniLM-L6-v2
2026-02-20 08:23:58,306 - cyberbully - INFO -   dataset        : kaggle
2026-02-20 08:23:58,306 - cyberbully - INFO -   preprocess     : True
2026-02-20 08:23:58,306 - cyberbully - INFO -   augment        : True
2026-02-20 08:23:58,306 - cyberbully - INFO -   compute_attribution: False
2026-02-20 08:23:58,306 - cyberbully - INFO -   seed           : 67351593
2026-02-20 08:23:58,306 - cyberbully - INFO -   epochs         : 5
2026-02-20 08:23:58,306 - cyberbully - INFO -   batch_size     : 16
2026-02-20 08:23:58,306 - cyberbully - INFO -   lr             : 2e-05
2026-02-20 08:23:58,306 - cyberbully - INFO -   max_length     : 128
2026-02-20 08:23:58,306 - cyberbully - INFO -   output_dir     : sbert-model
2026-02-20 08:23:58,306 - cyberbully - INFO -   data_dir       : dataset
2026-02-20 08:23:58,306 - cyberbully - INFO -   sbert          : True
2026-02-20 08:23:58,306 - cyberbully - INFO -   overwrite      : False
2026-02-20 08:23:58,306 - cyberbully - INFO -   device         : cuda
2026-02-20 08:23:58,306 - cyberbully - INFO -   output_dir     : experiments/sbert-model/all-MiniLM-L6-v2/kaggle/prep1_aug1/seed_67351593
2026-02-20 08:23:58,306 - cyberbully - INFO - ============================================================
2026-02-20 08:23:58,306 - cyberbully - INFO - Step 1: Preparing data...
2026-02-20 08:23:58,306 - cyberbully - INFO - Loading dataset 'kaggle' from dataset/Kaggle.csv
2026-02-20 08:23:58,364 - cyberbully - INFO - Loaded 47656 samples with 6 classes: ['age', 'ethnicity', 'gender', 'not_cyberbullying', 'other_cyberbullying', 'religion']
2026-02-20 08:23:58,364 - cyberbully - INFO - Applying text preprocessing...
2026-02-20 08:24:50,098 - cyberbully - INFO - After preprocessing: 41398 samples remain
2026-02-20 08:24:50,100 - cyberbully - INFO - Label mapping: {'age': 0, 'ethnicity': 1, 'gender': 2, 'not_cyberbullying': 3, 'other_cyberbullying': 4, 'religion': 5}
2026-02-20 08:24:50,111 - cyberbully - INFO - Split sizes — train: 26494, val: 6624, test: 8280
2026-02-20 08:24:50,111 - cyberbully - INFO - Applying training data augmentation (oversampling)...
2026-02-20 08:24:50,117 - cyberbully - INFO - After oversampling — class distribution: {0: 5069, 1: 5069, 2: 5069, 3: 5069, 4: 5069, 5: 5069}
2026-02-20 08:24:50,118 - cyberbully - INFO - Number of classes: 6
2026-02-20 08:24:50,119 - cyberbully - INFO - Step 2: Loading model and tokenizer...
2026-02-20 08:24:50,119 - cyberbully - INFO - Loading model 'all-MiniLM-L6-v2' with 6 labels (sbert=True)
2026-02-20 08:24:52,616 - cyberbully - INFO - SBERTClassifier: embedding_dim=384, hidden=256, num_labels=6
2026-02-20 08:24:52,914 - cyberbully - INFO - Step 3: Creating datasets...
2026-02-20 08:24:53,819 - cyberbully - INFO - Dataset sizes — train: 30414, val: 6624, test: 8280
2026-02-20 08:24:53,819 - cyberbully - INFO - Step 4: Training...
2026-02-20 08:24:53,864 - cyberbully - INFO - Starting training...
2026-02-20 08:27:21,575 - cyberbully - INFO - Training complete.
2026-02-20 08:27:21,575 - cyberbully - INFO - Step 5: Evaluating on test set...
2026-02-20 08:27:27,480 - cyberbully - INFO - Metrics saved to experiments/sbert-model/all-MiniLM-L6-v2/kaggle/prep1_aug1/seed_67351593/metrics.json
2026-02-20 08:27:27,480 - cyberbully - INFO - Confusion matrix saved to experiments/sbert-model/all-MiniLM-L6-v2/kaggle/prep1_aug1/seed_67351593/confusion_matrix.json
2026-02-20 08:27:27,592 - cyberbully - INFO - Confusion matrix figure saved to experiments/sbert-model/all-MiniLM-L6-v2/kaggle/prep1_aug1/seed_67351593/confusion_matrix.pdf
2026-02-20 08:27:27,592 - cyberbully - INFO - Accuracy: 0.8692
2026-02-20 08:27:27,592 - cyberbully - INFO - Weighted F1: 0.8697
2026-02-20 08:27:27,592 - cyberbully - INFO - Micro F1: 0.8692
2026-02-20 08:27:27,592 - cyberbully - INFO - Inference time: 1.60 seconds
2026-02-20 08:27:27,592 - cyberbully - INFO - Energy consumption: 0.000096 kWh
2026-02-20 08:27:27,592 - cyberbully - INFO - ============================================================
2026-02-20 08:27:27,592 - cyberbully - INFO - Pipeline complete. Results saved to: experiments/sbert-model/all-MiniLM-L6-v2/kaggle/prep1_aug1/seed_67351593
2026-02-20 08:27:27,592 - cyberbully - INFO - ============================================================
