2026-02-19 06:21:07,916 - cyberbully - INFO - ============================================================
2026-02-19 06:21:07,916 - cyberbully - INFO - Cyberbullying Detection Pipeline
2026-02-19 06:21:07,916 - cyberbully - INFO - ============================================================
2026-02-19 06:21:07,916 - cyberbully - INFO - Configuration:
2026-02-19 06:21:07,916 - cyberbully - INFO -   model          : sarkerlab/SocBERT-base
2026-02-19 06:21:07,916 - cyberbully - INFO -   dataset        : ieee
2026-02-19 06:21:07,916 - cyberbully - INFO -   preprocess     : True
2026-02-19 06:21:07,916 - cyberbully - INFO -   augment        : False
2026-02-19 06:21:07,916 - cyberbully - INFO -   compute_attribution: False
2026-02-19 06:21:07,916 - cyberbully - INFO -   seed           : 24677315
2026-02-19 06:21:07,916 - cyberbully - INFO -   epochs         : 5
2026-02-19 06:21:07,916 - cyberbully - INFO -   batch_size     : 16
2026-02-19 06:21:07,917 - cyberbully - INFO -   lr             : 2e-05
2026-02-19 06:21:07,917 - cyberbully - INFO -   max_length     : 128
2026-02-19 06:21:07,917 - cyberbully - INFO -   output_dir     : domain-model
2026-02-19 06:21:07,917 - cyberbully - INFO -   data_dir       : dataset
2026-02-19 06:21:07,917 - cyberbully - INFO -   sbert          : False
2026-02-19 06:21:07,917 - cyberbully - INFO -   overwrite      : False
2026-02-19 06:21:07,917 - cyberbully - INFO -   device         : cuda
2026-02-19 06:21:07,917 - cyberbully - INFO -   output_dir     : experiments/domain-model/sarkerlab_SocBERT-base/ieee/prep1_aug0/seed_24677315
2026-02-19 06:21:07,917 - cyberbully - INFO - ============================================================
2026-02-19 06:21:07,917 - cyberbully - INFO - Step 1: Preparing data...
2026-02-19 06:21:07,917 - cyberbully - INFO - Loading dataset 'ieee' from dataset/IEEE Data Port.csv
2026-02-19 06:21:07,923 - cyberbully - INFO - Loaded 2108 samples with 5 classes: ['Cyberstalking', 'Doxing', 'Revenge Porn', 'Sexual Harassment', 'Slut Shaming']
2026-02-19 06:21:07,923 - cyberbully - INFO - Applying text preprocessing...
2026-02-19 06:21:10,997 - cyberbully - INFO - After preprocessing: 1819 samples remain
2026-02-19 06:21:10,998 - cyberbully - INFO - Label mapping: {'Cyberstalking': 0, 'Doxing': 1, 'Revenge Porn': 2, 'Sexual Harassment': 3, 'Slut Shaming': 4}
2026-02-19 06:21:11,000 - cyberbully - INFO - Split sizes — train: 1164, val: 291, test: 364
2026-02-19 06:21:11,000 - cyberbully - INFO - Number of classes: 5
2026-02-19 06:21:11,001 - cyberbully - INFO - Step 2: Loading model and tokenizer...
2026-02-19 06:21:11,001 - cyberbully - INFO - Loading model 'sarkerlab/SocBERT-base' with 5 labels (sbert=False)
2026-02-19 06:21:12,164 - cyberbully - INFO - Step 3: Creating datasets...
2026-02-19 06:21:12,183 - cyberbully - INFO - Dataset sizes — train: 1164, val: 291, test: 364
2026-02-19 06:21:12,183 - cyberbully - INFO - Step 4: Training...
2026-02-19 06:21:12,452 - cyberbully - INFO - Starting training...
2026-02-19 06:21:36,376 - cyberbully - INFO - Training complete.
2026-02-19 06:21:36,376 - cyberbully - INFO - Step 5: Evaluating on test set...
2026-02-19 06:21:40,919 - cyberbully - INFO - Metrics saved to experiments/domain-model/sarkerlab_SocBERT-base/ieee/prep1_aug0/seed_24677315/metrics.json
2026-02-19 06:21:40,919 - cyberbully - INFO - Confusion matrix saved to experiments/domain-model/sarkerlab_SocBERT-base/ieee/prep1_aug0/seed_24677315/confusion_matrix.json
2026-02-19 06:21:41,020 - cyberbully - INFO - Confusion matrix figure saved to experiments/domain-model/sarkerlab_SocBERT-base/ieee/prep1_aug0/seed_24677315/confusion_matrix.pdf
2026-02-19 06:21:41,020 - cyberbully - INFO - Accuracy: 0.8379
2026-02-19 06:21:41,020 - cyberbully - INFO - Weighted F1: 0.8393
2026-02-19 06:21:41,020 - cyberbully - INFO - Micro F1: 0.8379
2026-02-19 06:21:41,020 - cyberbully - INFO - Inference time: 0.28 seconds
2026-02-19 06:21:41,020 - cyberbully - INFO - Energy consumption: 0.000015 kWh
2026-02-19 06:21:41,020 - cyberbully - INFO - ============================================================
2026-02-19 06:21:41,020 - cyberbully - INFO - Pipeline complete. Results saved to: experiments/domain-model/sarkerlab_SocBERT-base/ieee/prep1_aug0/seed_24677315
2026-02-19 06:21:41,021 - cyberbully - INFO - ============================================================
