2026-02-17 18:11:05,542 - cyberbully - INFO - ============================================================
2026-02-17 18:11:05,542 - cyberbully - INFO - Cyberbullying Detection Pipeline
2026-02-17 18:11:05,542 - cyberbully - INFO - ============================================================
2026-02-17 18:11:05,542 - cyberbully - INFO - Configuration:
2026-02-17 18:11:05,542 - cyberbully - INFO -   model          : Twitter/twhin-bert-base
2026-02-17 18:11:05,542 - cyberbully - INFO -   dataset        : kaggle
2026-02-17 18:11:05,542 - cyberbully - INFO -   preprocess     : False
2026-02-17 18:11:05,542 - cyberbully - INFO -   augment        : False
2026-02-17 18:11:05,542 - cyberbully - INFO -   compute_attribution: False
2026-02-17 18:11:05,542 - cyberbully - INFO -   seed           : 67351593
2026-02-17 18:11:05,542 - cyberbully - INFO -   epochs         : 5
2026-02-17 18:11:05,542 - cyberbully - INFO -   batch_size     : 16
2026-02-17 18:11:05,542 - cyberbully - INFO -   lr             : 2e-05
2026-02-17 18:11:05,542 - cyberbully - INFO -   max_length     : 128
2026-02-17 18:11:05,542 - cyberbully - INFO -   output_dir     : domain-model
2026-02-17 18:11:05,542 - cyberbully - INFO -   data_dir       : dataset
2026-02-17 18:11:05,542 - cyberbully - INFO -   sbert          : False
2026-02-17 18:11:05,542 - cyberbully - INFO -   overwrite      : False
2026-02-17 18:11:05,542 - cyberbully - INFO -   device         : cuda
2026-02-17 18:11:05,542 - cyberbully - INFO -   output_dir     : experiments/domain-model/Twitter_twhin-bert-base/kaggle/prep0_aug0/seed_67351593
2026-02-17 18:11:05,542 - cyberbully - INFO - ============================================================
2026-02-17 18:11:05,542 - cyberbully - INFO - Step 1: Preparing data...
2026-02-17 18:11:05,542 - cyberbully - INFO - Loading dataset 'kaggle' from dataset/Kaggle.csv
2026-02-17 18:11:05,600 - cyberbully - INFO - Loaded 47656 samples with 6 classes: ['age', 'ethnicity', 'gender', 'not_cyberbullying', 'other_cyberbullying', 'religion']
2026-02-17 18:11:05,603 - cyberbully - INFO - Label mapping: {'age': 0, 'ethnicity': 1, 'gender': 2, 'not_cyberbullying': 3, 'other_cyberbullying': 4, 'religion': 5}
2026-02-17 18:11:05,615 - cyberbully - INFO - Split sizes — train: 30499, val: 7625, test: 9532
2026-02-17 18:11:05,616 - cyberbully - INFO - Number of classes: 6
2026-02-17 18:11:05,617 - cyberbully - INFO - Step 2: Loading model and tokenizer...
2026-02-17 18:11:05,617 - cyberbully - INFO - Loading model 'Twitter/twhin-bert-base' with 6 labels (sbert=False)
2026-02-17 18:11:07,089 - cyberbully - INFO - Step 3: Creating datasets...
2026-02-17 18:11:07,850 - cyberbully - INFO - Dataset sizes — train: 30499, val: 7625, test: 9532
2026-02-17 18:11:07,850 - cyberbully - INFO - Step 4: Training...
2026-02-17 18:11:08,135 - cyberbully - INFO - Starting training...
2026-02-17 18:25:04,705 - cyberbully - INFO - Training complete.
2026-02-17 18:25:04,705 - cyberbully - INFO - Step 5: Evaluating on test set...
2026-02-17 18:25:16,938 - cyberbully - INFO - Metrics saved to experiments/domain-model/Twitter_twhin-bert-base/kaggle/prep0_aug0/seed_67351593/metrics.json
2026-02-17 18:25:16,938 - cyberbully - INFO - Confusion matrix saved to experiments/domain-model/Twitter_twhin-bert-base/kaggle/prep0_aug0/seed_67351593/confusion_matrix.json
2026-02-17 18:25:17,051 - cyberbully - INFO - Confusion matrix figure saved to experiments/domain-model/Twitter_twhin-bert-base/kaggle/prep0_aug0/seed_67351593/confusion_matrix.pdf
2026-02-17 18:25:17,051 - cyberbully - INFO - Accuracy: 0.8746
2026-02-17 18:25:17,051 - cyberbully - INFO - Weighted F1: 0.8736
2026-02-17 18:25:17,051 - cyberbully - INFO - Micro F1: 0.8746
2026-02-17 18:25:17,051 - cyberbully - INFO - Inference time: 7.89 seconds
2026-02-17 18:25:17,051 - cyberbully - INFO - Energy consumption: 0.000471 kWh
2026-02-17 18:25:17,052 - cyberbully - INFO - ============================================================
2026-02-17 18:25:17,052 - cyberbully - INFO - Pipeline complete. Results saved to: experiments/domain-model/Twitter_twhin-bert-base/kaggle/prep0_aug0/seed_67351593
2026-02-17 18:25:17,052 - cyberbully - INFO - ============================================================
