2026-02-25 21:06:58,256 - cyberbully - INFO - ============================================================
2026-02-25 21:06:58,256 - cyberbully - INFO - Cyberbullying Detection Pipeline
2026-02-25 21:06:58,256 - cyberbully - INFO - ============================================================
2026-02-25 21:06:58,256 - cyberbully - INFO - Configuration:
2026-02-25 21:06:58,256 - cyberbully - INFO -   model          : google/mobilebert-uncased
2026-02-25 21:06:58,256 - cyberbully - INFO -   dataset        : tweeteval
2026-02-25 21:06:58,256 - cyberbully - INFO -   preprocess     : False
2026-02-25 21:06:58,256 - cyberbully - INFO -   augment        : False
2026-02-25 21:06:58,256 - cyberbully - INFO -   compute_attribution: False
2026-02-25 21:06:58,256 - cyberbully - INFO -   seed           : 70681460
2026-02-25 21:06:58,256 - cyberbully - INFO -   epochs         : 10
2026-02-25 21:06:58,256 - cyberbully - INFO -   batch_size     : 32
2026-02-25 21:06:58,256 - cyberbully - INFO -   lr             : 5e-05
2026-02-25 21:06:58,256 - cyberbully - INFO -   max_length     : 128
2026-02-25 21:06:58,257 - cyberbully - INFO -   output_dir     : grid-search
2026-02-25 21:06:58,257 - cyberbully - INFO -   data_dir       : dataset
2026-02-25 21:06:58,257 - cyberbully - INFO -   sbert          : False
2026-02-25 21:06:58,257 - cyberbully - INFO -   overwrite      : False
2026-02-25 21:06:58,257 - cyberbully - INFO -   device         : cuda
2026-02-25 21:06:58,257 - cyberbully - INFO -   output_dir     : experiments/grid-search/google_mobilebert-uncased/tweeteval/prep0_aug0/seed_70681460
2026-02-25 21:06:58,257 - cyberbully - INFO - ============================================================
2026-02-25 21:06:58,257 - cyberbully - INFO - Step 1: Preparing data...
2026-02-25 21:06:58,257 - cyberbully - INFO - Loading dataset 'tweeteval' from dataset/Tweeteval.csv
2026-02-25 21:06:58,328 - cyberbully - INFO - Loaded 50759 samples with 5 classes: ['emotion', 'hate', 'offensive', 'religion', 'spiritual']
2026-02-25 21:06:58,330 - cyberbully - INFO - Label mapping: {'emotion': 0, 'hate': 1, 'offensive': 2, 'religion': 3, 'spiritual': 4}
2026-02-25 21:06:58,344 - cyberbully - INFO - Split sizes — train: 32485, val: 8122, test: 10152
2026-02-25 21:06:58,344 - cyberbully - INFO - Number of classes: 5
2026-02-25 21:06:58,346 - cyberbully - INFO - Step 2: Loading model and tokenizer...
2026-02-25 21:06:58,346 - cyberbully - INFO - Loading model 'google/mobilebert-uncased' with 5 labels (sbert=False)
2026-02-25 21:07:00,486 - cyberbully - WARNING - FP16 disabled for model_type='mobilebert' (known fp16 instability).
2026-02-25 21:07:00,486 - cyberbully - INFO - Step 3: Creating datasets...
2026-02-25 21:07:01,496 - cyberbully - INFO - Dataset sizes — train: 32485, val: 8122, test: 10152
2026-02-25 21:07:01,496 - cyberbully - INFO - Step 4: Training...
2026-02-25 21:07:01,710 - cyberbully - INFO - Starting training...
2026-02-25 21:26:26,125 - cyberbully - INFO - Training complete.
2026-02-25 21:26:26,148 - cyberbully - INFO - Removed checkpoint: experiments/grid-search/google_mobilebert-uncased/tweeteval/prep0_aug0/seed_70681460/checkpoint-3048
2026-02-25 21:26:26,165 - cyberbully - INFO - Removed checkpoint: experiments/grid-search/google_mobilebert-uncased/tweeteval/prep0_aug0/seed_70681460/checkpoint-7112
2026-02-25 21:26:26,180 - cyberbully - INFO - Removed checkpoint: experiments/grid-search/google_mobilebert-uncased/tweeteval/prep0_aug0/seed_70681460/checkpoint-9144
2026-02-25 21:26:26,203 - cyberbully - INFO - Removed checkpoint: experiments/grid-search/google_mobilebert-uncased/tweeteval/prep0_aug0/seed_70681460/checkpoint-1016
2026-02-25 21:26:26,225 - cyberbully - INFO - Removed checkpoint: experiments/grid-search/google_mobilebert-uncased/tweeteval/prep0_aug0/seed_70681460/checkpoint-2032
2026-02-25 21:26:26,243 - cyberbully - INFO - Removed checkpoint: experiments/grid-search/google_mobilebert-uncased/tweeteval/prep0_aug0/seed_70681460/checkpoint-10160
2026-02-25 21:26:26,260 - cyberbully - INFO - Removed checkpoint: experiments/grid-search/google_mobilebert-uncased/tweeteval/prep0_aug0/seed_70681460/checkpoint-6096
2026-02-25 21:26:26,277 - cyberbully - INFO - Removed checkpoint: experiments/grid-search/google_mobilebert-uncased/tweeteval/prep0_aug0/seed_70681460/checkpoint-5080
2026-02-25 21:26:26,294 - cyberbully - INFO - Removed checkpoint: experiments/grid-search/google_mobilebert-uncased/tweeteval/prep0_aug0/seed_70681460/checkpoint-8128
2026-02-25 21:26:26,316 - cyberbully - INFO - Removed checkpoint: experiments/grid-search/google_mobilebert-uncased/tweeteval/prep0_aug0/seed_70681460/checkpoint-4064
2026-02-25 21:26:26,316 - cyberbully - INFO - Step 5: Evaluating on test set...
2026-02-25 21:26:41,160 - cyberbully - INFO - Metrics saved to experiments/grid-search/google_mobilebert-uncased/tweeteval/prep0_aug0/seed_70681460/metrics.json
2026-02-25 21:26:41,160 - cyberbully - INFO - Confusion matrix saved to experiments/grid-search/google_mobilebert-uncased/tweeteval/prep0_aug0/seed_70681460/confusion_matrix.json
2026-02-25 21:26:41,261 - cyberbully - INFO - Confusion matrix figure saved to experiments/grid-search/google_mobilebert-uncased/tweeteval/prep0_aug0/seed_70681460/confusion_matrix.pdf
2026-02-25 21:26:41,261 - cyberbully - INFO - Accuracy: 0.9703
2026-02-25 21:26:41,262 - cyberbully - INFO - Weighted F1: 0.9702
2026-02-25 21:26:41,262 - cyberbully - INFO - Micro F1: 0.9703
2026-02-25 21:26:41,262 - cyberbully - INFO - Inference time: 10.42 seconds
2026-02-25 21:26:41,262 - cyberbully - INFO - Energy consumption: 0.000623 kWh
2026-02-25 21:26:41,262 - cyberbully - INFO - ============================================================
2026-02-25 21:26:41,262 - cyberbully - INFO - Pipeline complete. Results saved to: experiments/grid-search/google_mobilebert-uncased/tweeteval/prep0_aug0/seed_70681460
2026-02-25 21:26:41,262 - cyberbully - INFO - ============================================================
