2026-04-17 00:32:14,107 - cyberbully - INFO - Model 'all-MiniLM-L6-v2' detected as SBERT-based. Using SBERTClassifier pipeline.
2026-04-17 00:32:14,107 - cyberbully - INFO - ============================================================
2026-04-17 00:32:14,107 - cyberbully - INFO - Cyberbullying Detection Pipeline
2026-04-17 00:32:14,107 - cyberbully - INFO - ============================================================
2026-04-17 00:32:14,107 - cyberbully - INFO - Configuration:
2026-04-17 00:32:14,107 - cyberbully - INFO -   model          : all-MiniLM-L6-v2
2026-04-17 00:32:14,107 - cyberbully - INFO -   dataset        : ieee
2026-04-17 00:32:14,107 - cyberbully - INFO -   preprocess     : True
2026-04-17 00:32:14,107 - cyberbully - INFO -   augment        : True
2026-04-17 00:32:14,107 - cyberbully - INFO -   compute_attribution: False
2026-04-17 00:32:14,107 - cyberbully - INFO -   seed           : 52680723
2026-04-17 00:32:14,107 - cyberbully - INFO -   epochs         : 10
2026-04-17 00:32:14,107 - cyberbully - INFO -   batch_size     : 32
2026-04-17 00:32:14,107 - cyberbully - INFO -   lr             : 5e-05
2026-04-17 00:32:14,107 - cyberbully - INFO -   max_length     : 128
2026-04-17 00:32:14,107 - cyberbully - INFO -   output_dir     : grid-search
2026-04-17 00:32:14,107 - cyberbully - INFO -   data_dir       : dataset
2026-04-17 00:32:14,107 - cyberbully - INFO -   sbert          : True
2026-04-17 00:32:14,107 - cyberbully - INFO -   supcon         : False
2026-04-17 00:32:14,107 - cyberbully - INFO -   supcon_weight  : 0.1
2026-04-17 00:32:14,107 - cyberbully - INFO -   proj_dim       : 128
2026-04-17 00:32:14,107 - cyberbully - INFO -   grad_accum_steps: 1
2026-04-17 00:32:14,107 - cyberbully - INFO -   overwrite      : True
2026-04-17 00:32:14,107 - cyberbully - INFO -   device         : cuda
2026-04-17 00:32:14,107 - cyberbully - INFO -   output_dir     : experiments/grid-search/all-MiniLM-L6-v2/ieee/prep1_aug1/seed_52680723
2026-04-17 00:32:14,107 - cyberbully - INFO - ============================================================
2026-04-17 00:32:14,107 - cyberbully - INFO - Step 1: Preparing data...
2026-04-17 00:32:14,111 - cyberbully - INFO - Loaded pre-split data from dataset/ieee — train: 1348, val: 338, test: 422
2026-04-17 00:32:14,111 - cyberbully - INFO - Label mapping: {'Cyberstalking': 0, 'Doxing': 1, 'Revenge Porn': 2, 'Sexual Harassment': 3, 'Slut Shaming': 4}
2026-04-17 00:32:14,111 - cyberbully - INFO - Applying text preprocessing per split...
2026-04-17 00:32:18,207 - cyberbully - INFO - After preprocessing — train: 1176, val: 303, test: 377
2026-04-17 00:32:18,208 - cyberbully - INFO - Applying training data augmentation (oversampling)...
2026-04-17 00:32:18,210 - cyberbully - INFO - After oversampling — class distribution: {0: 288, 1: 288, 2: 288, 3: 288, 4: 288}
2026-04-17 00:32:18,211 - cyberbully - INFO - Number of classes: 5
2026-04-17 00:32:18,212 - cyberbully - INFO - Step 2: Loading model and tokenizer...
2026-04-17 00:32:18,212 - cyberbully - INFO - Loading model 'all-MiniLM-L6-v2' with 5 labels (sbert=True, supcon=False)
2026-04-17 00:32:22,129 - cyberbully - INFO - SBERTClassifier: embedding_dim=384, hidden=256, proj_dim=None, num_labels=5
2026-04-17 00:32:22,700 - cyberbully - INFO - Step 3: Creating datasets...
2026-04-17 00:32:22,735 - cyberbully - INFO - Dataset sizes — train: 1440, val: 303, test: 377
2026-04-17 00:32:22,735 - cyberbully - INFO - Step 4: Training...
2026-04-17 00:32:22,787 - cyberbully - INFO - Starting training...
2026-04-17 00:32:33,785 - cyberbully - INFO - Training complete.
2026-04-17 00:32:33,865 - cyberbully - INFO - Removed checkpoint: experiments/grid-search/all-MiniLM-L6-v2/ieee/prep1_aug1/seed_52680723/checkpoint-90
2026-04-17 00:32:33,881 - cyberbully - INFO - Removed checkpoint: experiments/grid-search/all-MiniLM-L6-v2/ieee/prep1_aug1/seed_52680723/checkpoint-180
2026-04-17 00:32:33,897 - cyberbully - INFO - Removed checkpoint: experiments/grid-search/all-MiniLM-L6-v2/ieee/prep1_aug1/seed_52680723/checkpoint-225
2026-04-17 00:32:34,694 - cyberbully - INFO - Removed checkpoint: experiments/grid-search/all-MiniLM-L6-v2/ieee/prep1_aug1/seed_52680723/checkpoint-135
2026-04-17 00:32:34,714 - cyberbully - INFO - Removed checkpoint: experiments/grid-search/all-MiniLM-L6-v2/ieee/prep1_aug1/seed_52680723/checkpoint-315
2026-04-17 00:32:34,730 - cyberbully - INFO - Removed checkpoint: experiments/grid-search/all-MiniLM-L6-v2/ieee/prep1_aug1/seed_52680723/checkpoint-450
2026-04-17 00:32:34,746 - cyberbully - INFO - Removed checkpoint: experiments/grid-search/all-MiniLM-L6-v2/ieee/prep1_aug1/seed_52680723/checkpoint-360
2026-04-17 00:32:35,454 - cyberbully - INFO - Removed checkpoint: experiments/grid-search/all-MiniLM-L6-v2/ieee/prep1_aug1/seed_52680723/checkpoint-45
2026-04-17 00:32:35,472 - cyberbully - INFO - Removed checkpoint: experiments/grid-search/all-MiniLM-L6-v2/ieee/prep1_aug1/seed_52680723/checkpoint-270
2026-04-17 00:32:35,491 - cyberbully - INFO - Removed checkpoint: experiments/grid-search/all-MiniLM-L6-v2/ieee/prep1_aug1/seed_52680723/checkpoint-405
2026-04-17 00:32:35,491 - cyberbully - INFO - Step 5: Evaluating on test set...
2026-04-17 00:32:40,166 - cyberbully - INFO - Metrics saved to experiments/grid-search/all-MiniLM-L6-v2/ieee/prep1_aug1/seed_52680723/metrics.json
2026-04-17 00:32:40,166 - cyberbully - INFO - Confusion matrix saved to experiments/grid-search/all-MiniLM-L6-v2/ieee/prep1_aug1/seed_52680723/confusion_matrix.json
2026-04-17 00:32:40,170 - cyberbully - INFO - Per-sample predictions saved to experiments/grid-search/all-MiniLM-L6-v2/ieee/prep1_aug1/seed_52680723/predictions.json
2026-04-17 00:32:40,270 - cyberbully - INFO - Confusion matrix figure saved to experiments/grid-search/all-MiniLM-L6-v2/ieee/prep1_aug1/seed_52680723/confusion_matrix.pdf
2026-04-17 00:32:40,271 - cyberbully - INFO - Accuracy: 0.8090
2026-04-17 00:32:40,271 - cyberbully - INFO - Weighted F1: 0.8091
2026-04-17 00:32:40,271 - cyberbully - INFO - Micro F1: 0.8090
2026-04-17 00:32:40,271 - cyberbully - INFO - Inference time: 0.06 seconds
2026-04-17 00:32:40,271 - cyberbully - INFO - Energy consumption: 0.000003 kWh
2026-04-17 00:32:40,271 - cyberbully - INFO - ============================================================
2026-04-17 00:32:40,271 - cyberbully - INFO - Pipeline complete. Results saved to: experiments/grid-search/all-MiniLM-L6-v2/ieee/prep1_aug1/seed_52680723
2026-04-17 00:32:40,271 - cyberbully - INFO - ============================================================
