2026-03-26 19:19:08,117 - cyberbully - INFO - ============================================================
2026-03-26 19:19:08,117 - cyberbully - INFO - Cyberbullying Detection Pipeline
2026-03-26 19:19:08,117 - cyberbully - INFO - ============================================================
2026-03-26 19:19:08,117 - cyberbully - INFO - Configuration:
2026-03-26 19:19:08,117 - cyberbully - INFO -   model          : google/mobilebert-uncased
2026-03-26 19:19:08,117 - cyberbully - INFO -   dataset        : kaggle
2026-03-26 19:19:08,117 - cyberbully - INFO -   preprocess     : True
2026-03-26 19:19:08,117 - cyberbully - INFO -   augment        : True
2026-03-26 19:19:08,117 - cyberbully - INFO -   compute_attribution: False
2026-03-26 19:19:08,117 - cyberbully - INFO -   seed           : 52680723
2026-03-26 19:19:08,117 - cyberbully - INFO -   epochs         : 10
2026-03-26 19:19:08,117 - cyberbully - INFO -   batch_size     : 32
2026-03-26 19:19:08,117 - cyberbully - INFO -   lr             : 5e-05
2026-03-26 19:19:08,117 - cyberbully - INFO -   max_length     : 128
2026-03-26 19:19:08,117 - cyberbully - INFO -   output_dir     : grid-search
2026-03-26 19:19:08,117 - cyberbully - INFO -   data_dir       : dataset
2026-03-26 19:19:08,117 - cyberbully - INFO -   sbert          : False
2026-03-26 19:19:08,117 - cyberbully - INFO -   supcon         : False
2026-03-26 19:19:08,117 - cyberbully - INFO -   supcon_weight  : 0.1
2026-03-26 19:19:08,117 - cyberbully - INFO -   proj_dim       : 128
2026-03-26 19:19:08,117 - cyberbully - INFO -   grad_accum_steps: 1
2026-03-26 19:19:08,117 - cyberbully - INFO -   overwrite      : False
2026-03-26 19:19:08,117 - cyberbully - INFO -   device         : cuda
2026-03-26 19:19:08,117 - cyberbully - INFO -   output_dir     : experiments/grid-search/google_mobilebert-uncased/kaggle/prep1_aug1/seed_52680723
2026-03-26 19:19:08,117 - cyberbully - INFO - ============================================================
2026-03-26 19:19:08,117 - cyberbully - INFO - Step 1: Preparing data...
2026-03-26 19:19:08,163 - cyberbully - INFO - Loaded pre-split data from dataset/kaggle — train: 25604, val: 6401, test: 8002
2026-03-26 19:19:08,163 - cyberbully - INFO - Label mapping: {'age': 0, 'ethnicity': 1, 'gender': 2, 'other_cyberbullying': 3, 'religion': 4}
2026-03-26 19:19:08,163 - cyberbully - INFO - Applying text preprocessing per split...
2026-03-26 19:19:52,900 - cyberbully - INFO - After preprocessing — train: 23551, val: 5977, test: 7429
2026-03-26 19:19:52,901 - cyberbully - INFO - Applying training data augmentation (oversampling)...
2026-03-26 19:19:52,905 - cyberbully - INFO - After oversampling — class distribution: {0: 5069, 1: 5069, 2: 5069, 3: 5069, 4: 5069}
2026-03-26 19:19:52,915 - cyberbully - INFO - Number of classes: 5
2026-03-26 19:19:52,916 - cyberbully - INFO - Step 2: Loading model and tokenizer...
2026-03-26 19:19:52,916 - cyberbully - INFO - Loading model 'google/mobilebert-uncased' with 5 labels (sbert=False, supcon=False)
2026-03-26 19:19:55,069 - cyberbully - WARNING - FP16 disabled for model_type='mobilebert' (known fp16 instability).
2026-03-26 19:19:55,069 - cyberbully - INFO - Step 3: Creating datasets...
2026-03-26 19:19:55,593 - cyberbully - INFO - Dataset sizes — train: 25345, val: 5977, test: 7429
2026-03-26 19:19:55,593 - cyberbully - INFO - Step 4: Training...
2026-03-26 19:19:55,676 - cyberbully - INFO - Starting training...
2026-03-26 19:29:15,723 - cyberbully - INFO - Training complete.
2026-03-26 19:29:15,741 - cyberbully - INFO - Removed checkpoint: experiments/grid-search/google_mobilebert-uncased/kaggle/prep1_aug1/seed_52680723/checkpoint-6344
2026-03-26 19:29:15,760 - cyberbully - INFO - Removed checkpoint: experiments/grid-search/google_mobilebert-uncased/kaggle/prep1_aug1/seed_52680723/checkpoint-3172
2026-03-26 19:29:15,777 - cyberbully - INFO - Removed checkpoint: experiments/grid-search/google_mobilebert-uncased/kaggle/prep1_aug1/seed_52680723/checkpoint-3965
2026-03-26 19:29:15,796 - cyberbully - INFO - Removed checkpoint: experiments/grid-search/google_mobilebert-uncased/kaggle/prep1_aug1/seed_52680723/checkpoint-7137
2026-03-26 19:29:15,814 - cyberbully - INFO - Removed checkpoint: experiments/grid-search/google_mobilebert-uncased/kaggle/prep1_aug1/seed_52680723/checkpoint-7930
2026-03-26 19:29:15,832 - cyberbully - INFO - Removed checkpoint: experiments/grid-search/google_mobilebert-uncased/kaggle/prep1_aug1/seed_52680723/checkpoint-5551
2026-03-26 19:29:15,850 - cyberbully - INFO - Removed checkpoint: experiments/grid-search/google_mobilebert-uncased/kaggle/prep1_aug1/seed_52680723/checkpoint-4758
2026-03-26 19:29:15,869 - cyberbully - INFO - Removed checkpoint: experiments/grid-search/google_mobilebert-uncased/kaggle/prep1_aug1/seed_52680723/checkpoint-1586
2026-03-26 19:29:15,888 - cyberbully - INFO - Removed checkpoint: experiments/grid-search/google_mobilebert-uncased/kaggle/prep1_aug1/seed_52680723/checkpoint-2379
2026-03-26 19:29:15,907 - cyberbully - INFO - Removed checkpoint: experiments/grid-search/google_mobilebert-uncased/kaggle/prep1_aug1/seed_52680723/checkpoint-793
2026-03-26 19:29:15,907 - cyberbully - INFO - Step 5: Evaluating on test set...
2026-03-26 19:29:24,826 - cyberbully - INFO - Metrics saved to experiments/grid-search/google_mobilebert-uncased/kaggle/prep1_aug1/seed_52680723/metrics.json
2026-03-26 19:29:24,826 - cyberbully - INFO - Confusion matrix saved to experiments/grid-search/google_mobilebert-uncased/kaggle/prep1_aug1/seed_52680723/confusion_matrix.json
2026-03-26 19:29:24,897 - cyberbully - INFO - Per-sample predictions saved to experiments/grid-search/google_mobilebert-uncased/kaggle/prep1_aug1/seed_52680723/predictions.json
2026-03-26 19:29:25,002 - cyberbully - INFO - Confusion matrix figure saved to experiments/grid-search/google_mobilebert-uncased/kaggle/prep1_aug1/seed_52680723/confusion_matrix.pdf
2026-03-26 19:29:25,002 - cyberbully - INFO - Accuracy: 0.9533
2026-03-26 19:29:25,002 - cyberbully - INFO - Weighted F1: 0.9535
2026-03-26 19:29:25,002 - cyberbully - INFO - Micro F1: 0.9533
2026-03-26 19:29:25,002 - cyberbully - INFO - Inference time: 3.68 seconds
2026-03-26 19:29:25,002 - cyberbully - INFO - Energy consumption: 0.000223 kWh
2026-03-26 19:29:25,003 - cyberbully - INFO - ============================================================
2026-03-26 19:29:25,003 - cyberbully - INFO - Pipeline complete. Results saved to: experiments/grid-search/google_mobilebert-uncased/kaggle/prep1_aug1/seed_52680723
2026-03-26 19:29:25,003 - cyberbully - INFO - ============================================================
