2026-02-17 18:04:48,651 - cyberbully - INFO - ============================================================
2026-02-17 18:04:48,651 - cyberbully - INFO - Cyberbullying Detection Pipeline
2026-02-17 18:04:48,651 - cyberbully - INFO - ============================================================
2026-02-17 18:04:48,651 - cyberbully - INFO - Configuration:
2026-02-17 18:04:48,651 - cyberbully - INFO -   model          : bert-base-uncased
2026-02-17 18:04:48,651 - cyberbully - INFO -   dataset        : kaggle
2026-02-17 18:04:48,651 - cyberbully - INFO -   preprocess     : False
2026-02-17 18:04:48,652 - cyberbully - INFO -   augment        : False
2026-02-17 18:04:48,652 - cyberbully - INFO -   compute_attribution: False
2026-02-17 18:04:48,652 - cyberbully - INFO -   seed           : 99511865
2026-02-17 18:04:48,652 - cyberbully - INFO -   epochs         : 5
2026-02-17 18:04:48,652 - cyberbully - INFO -   batch_size     : 16
2026-02-17 18:04:48,652 - cyberbully - INFO -   lr             : 2e-05
2026-02-17 18:04:48,652 - cyberbully - INFO -   max_length     : 128
2026-02-17 18:04:48,652 - cyberbully - INFO -   output_dir     : grid-search
2026-02-17 18:04:48,652 - cyberbully - INFO -   data_dir       : dataset
2026-02-17 18:04:48,652 - cyberbully - INFO -   sbert          : False
2026-02-17 18:04:48,652 - cyberbully - INFO -   overwrite      : False
2026-02-17 18:04:48,652 - cyberbully - INFO -   device         : cuda
2026-02-17 18:04:48,652 - cyberbully - INFO -   output_dir     : experiments/grid-search/bert-base-uncased/kaggle/prep0_aug0/seed_99511865
2026-02-17 18:04:48,652 - cyberbully - INFO - ============================================================
2026-02-17 18:04:48,652 - cyberbully - INFO - Step 1: Preparing data...
2026-02-17 18:04:48,652 - cyberbully - INFO - Loading dataset 'kaggle' from dataset/Kaggle.csv
2026-02-17 18:04:48,714 - cyberbully - INFO - Loaded 47656 samples with 6 classes: ['age', 'ethnicity', 'gender', 'not_cyberbullying', 'other_cyberbullying', 'religion']
2026-02-17 18:04:48,716 - cyberbully - INFO - Label mapping: {'age': 0, 'ethnicity': 1, 'gender': 2, 'not_cyberbullying': 3, 'other_cyberbullying': 4, 'religion': 5}
2026-02-17 18:04:48,730 - cyberbully - INFO - Split sizes — train: 30499, val: 7625, test: 9532
2026-02-17 18:04:48,730 - cyberbully - INFO - Number of classes: 6
2026-02-17 18:04:48,731 - cyberbully - INFO - Step 2: Loading model and tokenizer...
2026-02-17 18:04:48,731 - cyberbully - INFO - Loading model 'bert-base-uncased' with 6 labels (sbert=False)
2026-02-17 18:04:49,641 - cyberbully - INFO - Step 3: Creating datasets...
2026-02-17 18:04:50,392 - cyberbully - INFO - Dataset sizes — train: 30499, val: 7625, test: 9532
2026-02-17 18:04:50,393 - cyberbully - INFO - Step 4: Training...
2026-02-17 18:04:50,508 - cyberbully - INFO - Starting training...
2026-02-17 18:11:55,931 - cyberbully - INFO - Training complete.
2026-02-17 18:11:55,931 - cyberbully - INFO - Step 5: Evaluating on test set...
2026-02-17 18:12:04,148 - cyberbully - INFO - Metrics saved to experiments/grid-search/bert-base-uncased/kaggle/prep0_aug0/seed_99511865/metrics.json
2026-02-17 18:12:04,149 - cyberbully - INFO - Confusion matrix saved to experiments/grid-search/bert-base-uncased/kaggle/prep0_aug0/seed_99511865/confusion_matrix.json
2026-02-17 18:12:04,267 - cyberbully - INFO - Confusion matrix figure saved to experiments/grid-search/bert-base-uncased/kaggle/prep0_aug0/seed_99511865/confusion_matrix.pdf
2026-02-17 18:12:04,267 - cyberbully - INFO - Accuracy: 0.8581
2026-02-17 18:12:04,267 - cyberbully - INFO - Weighted F1: 0.8578
2026-02-17 18:12:04,267 - cyberbully - INFO - Micro F1: 0.8581
2026-02-17 18:12:04,267 - cyberbully - INFO - Inference time: 3.98 seconds
2026-02-17 18:12:04,267 - cyberbully - INFO - Energy consumption: 0.000226 kWh
2026-02-17 18:12:04,267 - cyberbully - INFO - ============================================================
2026-02-17 18:12:04,268 - cyberbully - INFO - Pipeline complete. Results saved to: experiments/grid-search/bert-base-uncased/kaggle/prep0_aug0/seed_99511865
2026-02-17 18:12:04,268 - cyberbully - INFO - ============================================================
