2026-05-22 07:05:47,772 - cyberbully - INFO - ============================================================
2026-05-22 07:05:47,772 - cyberbully - INFO - Cyberbullying Detection Pipeline
2026-05-22 07:05:47,772 - cyberbully - INFO - ============================================================
2026-05-22 07:05:47,772 - cyberbully - INFO - Configuration:
2026-05-22 07:05:47,772 - cyberbully - INFO -   model          : chandar-lab/NeoBERT
2026-05-22 07:05:47,772 - cyberbully - INFO -   dataset        : kaggle
2026-05-22 07:05:47,772 - cyberbully - INFO -   preprocess     : True
2026-05-22 07:05:47,772 - cyberbully - INFO -   augment        : False
2026-05-22 07:05:47,772 - cyberbully - INFO -   compute_attribution: False
2026-05-22 07:05:47,772 - cyberbully - INFO -   seed           : 37622020
2026-05-22 07:05:47,772 - cyberbully - INFO -   epochs         : 10
2026-05-22 07:05:47,772 - cyberbully - INFO -   batch_size     : 32
2026-05-22 07:05:47,772 - cyberbully - INFO -   lr             : 5e-05
2026-05-22 07:05:47,772 - cyberbully - INFO -   max_length     : 128
2026-05-22 07:05:47,772 - cyberbully - INFO -   output_dir     : grid-search
2026-05-22 07:05:47,772 - cyberbully - INFO -   data_dir       : dataset
2026-05-22 07:05:47,772 - cyberbully - INFO -   sbert          : False
2026-05-22 07:05:47,772 - cyberbully - INFO -   supcon         : False
2026-05-22 07:05:47,772 - cyberbully - INFO -   supcon_weight  : 0.1
2026-05-22 07:05:47,772 - cyberbully - INFO -   proj_dim       : 128
2026-05-22 07:05:47,772 - cyberbully - INFO -   grad_accum_steps: 1
2026-05-22 07:05:47,772 - cyberbully - INFO -   overwrite      : True
2026-05-22 07:05:47,772 - cyberbully - INFO -   device         : cuda
2026-05-22 07:05:47,772 - cyberbully - INFO -   output_dir     : experiments/grid-search/chandar-lab_NeoBERT/kaggle/prep1_aug0/seed_37622020
2026-05-22 07:05:47,772 - cyberbully - INFO - ============================================================
2026-05-22 07:05:47,772 - cyberbully - INFO - Step 1: Preparing data...
2026-05-22 07:05:47,817 - cyberbully - INFO - Loaded pre-split data from dataset/kaggle — train: 25604, val: 6401, test: 8002
2026-05-22 07:05:47,817 - cyberbully - INFO - Label mapping: {'age': 0, 'ethnicity': 1, 'gender': 2, 'other_cyberbullying': 3, 'religion': 4}
2026-05-22 07:05:47,818 - cyberbully - INFO - Applying text preprocessing per split...
2026-05-22 07:05:52,353 - cyberbully - INFO - After preprocessing -- train: 25604, val: 6401, test: 8002
2026-05-22 07:05:52,356 - cyberbully - INFO - Number of classes: 5
2026-05-22 07:05:52,358 - cyberbully - INFO - Step 2: Loading model and tokenizer...
2026-05-22 07:05:52,358 - cyberbully - INFO - Loading model 'chandar-lab/NeoBERT' with 5 labels (sbert=False, supcon=False)
2026-05-22 07:05:54,144 - cyberbully - INFO - Step 3: Creating datasets...
2026-05-22 07:05:54,808 - cyberbully - INFO - Dataset sizes — train: 25604, val: 6401, test: 8002
2026-05-22 07:05:54,808 - cyberbully - INFO - Step 4: Training...
2026-05-22 07:05:55,086 - cyberbully - INFO - Starting training...
2026-05-22 07:32:54,998 - cyberbully - INFO - Training complete.
2026-05-22 07:32:55,124 - cyberbully - INFO - Removed checkpoint: experiments/grid-search/chandar-lab_NeoBERT/kaggle/prep1_aug0/seed_37622020/checkpoint-5607
2026-05-22 07:32:55,275 - cyberbully - INFO - Removed checkpoint: experiments/grid-search/chandar-lab_NeoBERT/kaggle/prep1_aug0/seed_37622020/checkpoint-8010
2026-05-22 07:32:55,401 - cyberbully - INFO - Removed checkpoint: experiments/grid-search/chandar-lab_NeoBERT/kaggle/prep1_aug0/seed_37622020/checkpoint-6408
2026-05-22 07:32:55,529 - cyberbully - INFO - Removed checkpoint: experiments/grid-search/chandar-lab_NeoBERT/kaggle/prep1_aug0/seed_37622020/checkpoint-1602
2026-05-22 07:32:55,655 - cyberbully - INFO - Removed checkpoint: experiments/grid-search/chandar-lab_NeoBERT/kaggle/prep1_aug0/seed_37622020/checkpoint-3204
2026-05-22 07:32:55,781 - cyberbully - INFO - Removed checkpoint: experiments/grid-search/chandar-lab_NeoBERT/kaggle/prep1_aug0/seed_37622020/checkpoint-7209
2026-05-22 07:32:55,907 - cyberbully - INFO - Removed checkpoint: experiments/grid-search/chandar-lab_NeoBERT/kaggle/prep1_aug0/seed_37622020/checkpoint-4005
2026-05-22 07:32:56,032 - cyberbully - INFO - Removed checkpoint: experiments/grid-search/chandar-lab_NeoBERT/kaggle/prep1_aug0/seed_37622020/checkpoint-4806
2026-05-22 07:32:56,162 - cyberbully - INFO - Removed checkpoint: experiments/grid-search/chandar-lab_NeoBERT/kaggle/prep1_aug0/seed_37622020/checkpoint-801
2026-05-22 07:32:56,289 - cyberbully - INFO - Removed checkpoint: experiments/grid-search/chandar-lab_NeoBERT/kaggle/prep1_aug0/seed_37622020/checkpoint-2403
2026-05-22 07:32:56,289 - cyberbully - INFO - Step 5: Evaluating on test set...
2026-05-22 07:33:15,735 - cyberbully - INFO - Metrics saved to experiments/grid-search/chandar-lab_NeoBERT/kaggle/prep1_aug0/seed_37622020/metrics.json
2026-05-22 07:33:15,735 - cyberbully - INFO - Confusion matrix saved to experiments/grid-search/chandar-lab_NeoBERT/kaggle/prep1_aug0/seed_37622020/confusion_matrix.json
2026-05-22 07:33:15,816 - cyberbully - INFO - Per-sample predictions saved to experiments/grid-search/chandar-lab_NeoBERT/kaggle/prep1_aug0/seed_37622020/predictions.json
2026-05-22 07:33:15,922 - cyberbully - INFO - Confusion matrix figure saved to experiments/grid-search/chandar-lab_NeoBERT/kaggle/prep1_aug0/seed_37622020/confusion_matrix.pdf
2026-05-22 07:33:15,922 - cyberbully - INFO - Accuracy: 0.9476
2026-05-22 07:33:15,922 - cyberbully - INFO - Weighted F1: 0.9478
2026-05-22 07:33:15,922 - cyberbully - INFO - Micro F1: 0.9476
2026-05-22 07:33:15,922 - cyberbully - INFO - Inference time: 13.27 seconds
2026-05-22 07:33:15,922 - cyberbully - INFO - Energy consumption: 0.000004 kWh
2026-05-22 07:33:15,924 - cyberbully - INFO - ============================================================
2026-05-22 07:33:15,924 - cyberbully - INFO - Pipeline complete. Results saved to: experiments/grid-search/chandar-lab_NeoBERT/kaggle/prep1_aug0/seed_37622020
2026-05-22 07:33:15,924 - cyberbully - INFO - ============================================================
