2026-04-17 10:16:48,062 - cyberbully - INFO - ============================================================
2026-04-17 10:16:48,062 - cyberbully - INFO - Cyberbullying Detection Pipeline
2026-04-17 10:16:48,062 - cyberbully - INFO - ============================================================
2026-04-17 10:16:48,062 - cyberbully - INFO - Configuration:
2026-04-17 10:16:48,062 - cyberbully - INFO -   model          : bert-base-uncased
2026-04-17 10:16:48,062 - cyberbully - INFO -   dataset        : ieee
2026-04-17 10:16:48,062 - cyberbully - INFO -   preprocess     : False
2026-04-17 10:16:48,062 - cyberbully - INFO -   augment        : True
2026-04-17 10:16:48,062 - cyberbully - INFO -   compute_attribution: False
2026-04-17 10:16:48,062 - cyberbully - INFO -   seed           : 87212562
2026-04-17 10:16:48,062 - cyberbully - INFO -   epochs         : 10
2026-04-17 10:16:48,062 - cyberbully - INFO -   batch_size     : 32
2026-04-17 10:16:48,062 - cyberbully - INFO -   lr             : 5e-05
2026-04-17 10:16:48,062 - cyberbully - INFO -   max_length     : 128
2026-04-17 10:16:48,063 - cyberbully - INFO -   output_dir     : grid-search
2026-04-17 10:16:48,063 - cyberbully - INFO -   data_dir       : dataset
2026-04-17 10:16:48,063 - cyberbully - INFO -   sbert          : False
2026-04-17 10:16:48,063 - cyberbully - INFO -   supcon         : False
2026-04-17 10:16:48,063 - cyberbully - INFO -   supcon_weight  : 0.1
2026-04-17 10:16:48,063 - cyberbully - INFO -   proj_dim       : 128
2026-04-17 10:16:48,063 - cyberbully - INFO -   grad_accum_steps: 1
2026-04-17 10:16:48,063 - cyberbully - INFO -   overwrite      : True
2026-04-17 10:16:48,063 - cyberbully - INFO -   device         : cuda
2026-04-17 10:16:48,063 - cyberbully - INFO -   output_dir     : experiments/grid-search/bert-base-uncased/ieee/prep0_aug1/seed_87212562
2026-04-17 10:16:48,063 - cyberbully - INFO - ============================================================
2026-04-17 10:16:48,063 - cyberbully - INFO - Step 1: Preparing data...
2026-04-17 10:16:48,066 - cyberbully - INFO - Loaded pre-split data from dataset/ieee — train: 1348, val: 338, test: 422
2026-04-17 10:16:48,066 - cyberbully - INFO - Label mapping: {'Cyberstalking': 0, 'Doxing': 1, 'Revenge Porn': 2, 'Sexual Harassment': 3, 'Slut Shaming': 4}
2026-04-17 10:16:48,067 - cyberbully - INFO - Applying training data augmentation (oversampling)...
2026-04-17 10:16:48,068 - cyberbully - INFO - After oversampling — class distribution: {0: 316, 1: 316, 2: 316, 3: 316, 4: 316}
2026-04-17 10:16:48,070 - cyberbully - INFO - Number of classes: 5
2026-04-17 10:16:48,071 - cyberbully - INFO - Step 2: Loading model and tokenizer...
2026-04-17 10:16:48,071 - cyberbully - INFO - Loading model 'bert-base-uncased' with 5 labels (sbert=False, supcon=False)
2026-04-17 10:16:48,940 - cyberbully - INFO - Step 3: Creating datasets...
2026-04-17 10:16:48,970 - cyberbully - INFO - Dataset sizes — train: 1580, val: 338, test: 422
2026-04-17 10:16:48,970 - cyberbully - INFO - Step 4: Training...
2026-04-17 10:16:49,107 - cyberbully - INFO - Starting training...
2026-04-17 10:18:34,492 - cyberbully - INFO - Training complete.
2026-04-17 10:18:34,760 - cyberbully - INFO - Removed checkpoint: experiments/grid-search/bert-base-uncased/ieee/prep0_aug1/seed_87212562/checkpoint-500
2026-04-17 10:18:34,842 - cyberbully - INFO - Removed checkpoint: experiments/grid-search/bert-base-uncased/ieee/prep0_aug1/seed_87212562/checkpoint-50
2026-04-17 10:18:34,923 - cyberbully - INFO - Removed checkpoint: experiments/grid-search/bert-base-uncased/ieee/prep0_aug1/seed_87212562/checkpoint-250
2026-04-17 10:18:35,004 - cyberbully - INFO - Removed checkpoint: experiments/grid-search/bert-base-uncased/ieee/prep0_aug1/seed_87212562/checkpoint-150
2026-04-17 10:18:35,088 - cyberbully - INFO - Removed checkpoint: experiments/grid-search/bert-base-uncased/ieee/prep0_aug1/seed_87212562/checkpoint-350
2026-04-17 10:18:35,169 - cyberbully - INFO - Removed checkpoint: experiments/grid-search/bert-base-uncased/ieee/prep0_aug1/seed_87212562/checkpoint-200
2026-04-17 10:18:35,254 - cyberbully - INFO - Removed checkpoint: experiments/grid-search/bert-base-uncased/ieee/prep0_aug1/seed_87212562/checkpoint-400
2026-04-17 10:18:35,336 - cyberbully - INFO - Removed checkpoint: experiments/grid-search/bert-base-uncased/ieee/prep0_aug1/seed_87212562/checkpoint-300
2026-04-17 10:18:35,417 - cyberbully - INFO - Removed checkpoint: experiments/grid-search/bert-base-uncased/ieee/prep0_aug1/seed_87212562/checkpoint-100
2026-04-17 10:18:35,505 - cyberbully - INFO - Removed checkpoint: experiments/grid-search/bert-base-uncased/ieee/prep0_aug1/seed_87212562/checkpoint-450
2026-04-17 10:18:35,505 - cyberbully - INFO - Step 5: Evaluating on test set...
2026-04-17 10:18:40,199 - cyberbully - INFO - Metrics saved to experiments/grid-search/bert-base-uncased/ieee/prep0_aug1/seed_87212562/metrics.json
2026-04-17 10:18:40,199 - cyberbully - INFO - Confusion matrix saved to experiments/grid-search/bert-base-uncased/ieee/prep0_aug1/seed_87212562/confusion_matrix.json
2026-04-17 10:18:40,204 - cyberbully - INFO - Per-sample predictions saved to experiments/grid-search/bert-base-uncased/ieee/prep0_aug1/seed_87212562/predictions.json
2026-04-17 10:18:40,312 - cyberbully - INFO - Confusion matrix figure saved to experiments/grid-search/bert-base-uncased/ieee/prep0_aug1/seed_87212562/confusion_matrix.pdf
2026-04-17 10:18:40,312 - cyberbully - INFO - Accuracy: 0.8436
2026-04-17 10:18:40,312 - cyberbully - INFO - Weighted F1: 0.8448
2026-04-17 10:18:40,312 - cyberbully - INFO - Micro F1: 0.8436
2026-04-17 10:18:40,312 - cyberbully - INFO - Inference time: 0.18 seconds
2026-04-17 10:18:40,312 - cyberbully - INFO - Energy consumption: 0.000007 kWh
2026-04-17 10:18:40,312 - cyberbully - INFO - ============================================================
2026-04-17 10:18:40,312 - cyberbully - INFO - Pipeline complete. Results saved to: experiments/grid-search/bert-base-uncased/ieee/prep0_aug1/seed_87212562
2026-04-17 10:18:40,312 - cyberbully - INFO - ============================================================
