2026-04-15 23:23:55,969 - cyberbully - INFO - Model 'all-mpnet-base-v2' detected as SBERT-based. Using SBERTClassifier pipeline.
2026-04-15 23:23:55,969 - cyberbully - INFO - ============================================================
2026-04-15 23:23:55,969 - cyberbully - INFO - Cyberbullying Detection Pipeline
2026-04-15 23:23:55,969 - cyberbully - INFO - ============================================================
2026-04-15 23:23:55,969 - cyberbully - INFO - Configuration:
2026-04-15 23:23:55,969 - cyberbully - INFO -   model          : all-mpnet-base-v2
2026-04-15 23:23:55,969 - cyberbully - INFO -   dataset        : tweeteval
2026-04-15 23:23:55,969 - cyberbully - INFO -   preprocess     : True
2026-04-15 23:23:55,969 - cyberbully - INFO -   augment        : False
2026-04-15 23:23:55,969 - cyberbully - INFO -   compute_attribution: False
2026-04-15 23:23:55,969 - cyberbully - INFO -   seed           : 87212562
2026-04-15 23:23:55,969 - cyberbully - INFO -   epochs         : 10
2026-04-15 23:23:55,969 - cyberbully - INFO -   batch_size     : 32
2026-04-15 23:23:55,969 - cyberbully - INFO -   lr             : 5e-05
2026-04-15 23:23:55,969 - cyberbully - INFO -   max_length     : 128
2026-04-15 23:23:55,969 - cyberbully - INFO -   output_dir     : grid-search
2026-04-15 23:23:55,969 - cyberbully - INFO -   data_dir       : dataset
2026-04-15 23:23:55,969 - cyberbully - INFO -   sbert          : True
2026-04-15 23:23:55,969 - cyberbully - INFO -   supcon         : False
2026-04-15 23:23:55,969 - cyberbully - INFO -   supcon_weight  : 0.1
2026-04-15 23:23:55,969 - cyberbully - INFO -   proj_dim       : 128
2026-04-15 23:23:55,969 - cyberbully - INFO -   grad_accum_steps: 1
2026-04-15 23:23:55,969 - cyberbully - INFO -   overwrite      : False
2026-04-15 23:23:55,969 - cyberbully - INFO -   device         : cuda
2026-04-15 23:23:55,969 - cyberbully - INFO -   output_dir     : experiments/grid-search/all-mpnet-base-v2/tweeteval/prep1_aug0/seed_87212562
2026-04-15 23:23:55,969 - cyberbully - INFO - ============================================================
2026-04-15 23:23:55,969 - cyberbully - INFO - Step 1: Preparing data...
2026-04-15 23:23:56,015 - cyberbully - INFO - Loaded pre-split data from dataset/tweeteval — train: 32485, val: 8122, test: 10152
2026-04-15 23:23:56,015 - cyberbully - INFO - Label mapping: {'emotion': 0, 'hate': 1, 'offensive': 2, 'religion': 3, 'spiritual': 4}
2026-04-15 23:23:56,015 - cyberbully - INFO - Applying text preprocessing per split...
2026-04-15 23:24:56,349 - cyberbully - INFO - After preprocessing — train: 30377, val: 7613, test: 9471
2026-04-15 23:24:56,360 - cyberbully - INFO - Number of classes: 5
2026-04-15 23:24:56,361 - cyberbully - INFO - Step 2: Loading model and tokenizer...
2026-04-15 23:24:56,361 - cyberbully - INFO - Loading model 'all-mpnet-base-v2' with 5 labels (sbert=True, supcon=False)
2026-04-15 23:25:00,313 - cyberbully - INFO - SBERTClassifier: embedding_dim=768, hidden=256, proj_dim=None, num_labels=5
2026-04-15 23:25:00,883 - cyberbully - INFO - Step 3: Creating datasets...
2026-04-15 23:25:01,603 - cyberbully - INFO - Dataset sizes — train: 30377, val: 7613, test: 9471
2026-04-15 23:25:01,603 - cyberbully - INFO - Step 4: Training...
2026-04-15 23:25:01,644 - cyberbully - INFO - Starting training...
2026-04-15 23:40:07,628 - cyberbully - INFO - Training complete.
2026-04-15 23:40:07,690 - cyberbully - INFO - Removed checkpoint: experiments/grid-search/all-mpnet-base-v2/tweeteval/prep1_aug0/seed_87212562/checkpoint-4750
2026-04-15 23:40:07,750 - cyberbully - INFO - Removed checkpoint: experiments/grid-search/all-mpnet-base-v2/tweeteval/prep1_aug0/seed_87212562/checkpoint-7600
2026-04-15 23:40:07,814 - cyberbully - INFO - Removed checkpoint: experiments/grid-search/all-mpnet-base-v2/tweeteval/prep1_aug0/seed_87212562/checkpoint-1900
2026-04-15 23:40:07,875 - cyberbully - INFO - Removed checkpoint: experiments/grid-search/all-mpnet-base-v2/tweeteval/prep1_aug0/seed_87212562/checkpoint-6650
2026-04-15 23:40:07,938 - cyberbully - INFO - Removed checkpoint: experiments/grid-search/all-mpnet-base-v2/tweeteval/prep1_aug0/seed_87212562/checkpoint-2850
2026-04-15 23:40:08,003 - cyberbully - INFO - Removed checkpoint: experiments/grid-search/all-mpnet-base-v2/tweeteval/prep1_aug0/seed_87212562/checkpoint-950
2026-04-15 23:40:08,065 - cyberbully - INFO - Removed checkpoint: experiments/grid-search/all-mpnet-base-v2/tweeteval/prep1_aug0/seed_87212562/checkpoint-5700
2026-04-15 23:40:08,127 - cyberbully - INFO - Removed checkpoint: experiments/grid-search/all-mpnet-base-v2/tweeteval/prep1_aug0/seed_87212562/checkpoint-8550
2026-04-15 23:40:08,200 - cyberbully - INFO - Removed checkpoint: experiments/grid-search/all-mpnet-base-v2/tweeteval/prep1_aug0/seed_87212562/checkpoint-9500
2026-04-15 23:40:08,263 - cyberbully - INFO - Removed checkpoint: experiments/grid-search/all-mpnet-base-v2/tweeteval/prep1_aug0/seed_87212562/checkpoint-3800
2026-04-15 23:40:08,263 - cyberbully - INFO - Step 5: Evaluating on test set...
2026-04-15 23:40:20,201 - cyberbully - INFO - Metrics saved to experiments/grid-search/all-mpnet-base-v2/tweeteval/prep1_aug0/seed_87212562/metrics.json
2026-04-15 23:40:20,201 - cyberbully - INFO - Confusion matrix saved to experiments/grid-search/all-mpnet-base-v2/tweeteval/prep1_aug0/seed_87212562/confusion_matrix.json
2026-04-15 23:40:20,296 - cyberbully - INFO - Per-sample predictions saved to experiments/grid-search/all-mpnet-base-v2/tweeteval/prep1_aug0/seed_87212562/predictions.json
2026-04-15 23:40:20,400 - cyberbully - INFO - Confusion matrix figure saved to experiments/grid-search/all-mpnet-base-v2/tweeteval/prep1_aug0/seed_87212562/confusion_matrix.pdf
2026-04-15 23:40:20,401 - cyberbully - INFO - Accuracy: 0.9472
2026-04-15 23:40:20,401 - cyberbully - INFO - Weighted F1: 0.9472
2026-04-15 23:40:20,401 - cyberbully - INFO - Micro F1: 0.9472
2026-04-15 23:40:20,401 - cyberbully - INFO - Inference time: 7.30 seconds
2026-04-15 23:40:20,401 - cyberbully - INFO - Energy consumption: 0.000505 kWh
2026-04-15 23:40:20,403 - cyberbully - INFO - ============================================================
2026-04-15 23:40:20,403 - cyberbully - INFO - Pipeline complete. Results saved to: experiments/grid-search/all-mpnet-base-v2/tweeteval/prep1_aug0/seed_87212562
2026-04-15 23:40:20,403 - cyberbully - INFO - ============================================================
