2026-03-21 15:03:53,677 - cyberbully - INFO - ============================================================
2026-03-21 15:03:53,677 - cyberbully - INFO - Cyberbullying Detection Pipeline
2026-03-21 15:03:53,677 - cyberbully - INFO - ============================================================
2026-03-21 15:03:53,677 - cyberbully - INFO - Configuration:
2026-03-21 15:03:53,677 - cyberbully - INFO -   model          : distilbert-base-cased
2026-03-21 15:03:53,677 - cyberbully - INFO -   dataset        : ieee
2026-03-21 15:03:53,677 - cyberbully - INFO -   preprocess     : False
2026-03-21 15:03:53,677 - cyberbully - INFO -   augment        : False
2026-03-21 15:03:53,677 - cyberbully - INFO -   compute_attribution: False
2026-03-21 15:03:53,677 - cyberbully - INFO -   seed           : 87212562
2026-03-21 15:03:53,677 - cyberbully - INFO -   epochs         : 10
2026-03-21 15:03:53,677 - cyberbully - INFO -   batch_size     : 32
2026-03-21 15:03:53,677 - cyberbully - INFO -   lr             : 5e-05
2026-03-21 15:03:53,677 - cyberbully - INFO -   max_length     : 128
2026-03-21 15:03:53,677 - cyberbully - INFO -   output_dir     : grid-search
2026-03-21 15:03:53,677 - cyberbully - INFO -   data_dir       : dataset
2026-03-21 15:03:53,677 - cyberbully - INFO -   sbert          : False
2026-03-21 15:03:53,677 - cyberbully - INFO -   supcon         : False
2026-03-21 15:03:53,677 - cyberbully - INFO -   supcon_weight  : 0.1
2026-03-21 15:03:53,677 - cyberbully - INFO -   proj_dim       : 128
2026-03-21 15:03:53,677 - cyberbully - INFO -   grad_accum_steps: 1
2026-03-21 15:03:53,677 - cyberbully - INFO -   overwrite      : False
2026-03-21 15:03:53,677 - cyberbully - INFO -   device         : cuda
2026-03-21 15:03:53,677 - cyberbully - INFO -   output_dir     : experiments/grid-search/distilbert-base-cased/ieee/prep0_aug0/seed_87212562
2026-03-21 15:03:53,677 - cyberbully - INFO - ============================================================
2026-03-21 15:03:53,677 - cyberbully - INFO - Step 1: Preparing data...
2026-03-21 15:03:53,680 - cyberbully - INFO - Loaded pre-split data from dataset/ieee — train: 1348, val: 338, test: 422
2026-03-21 15:03:53,681 - cyberbully - INFO - Label mapping: {'Cyberstalking': 0, 'Doxing': 1, 'Revenge Porn': 2, 'Sexual Harassment': 3, 'Slut Shaming': 4}
2026-03-21 15:03:53,682 - cyberbully - INFO - Number of classes: 5
2026-03-21 15:03:53,683 - cyberbully - INFO - Step 2: Loading model and tokenizer...
2026-03-21 15:03:53,683 - cyberbully - INFO - Loading model 'distilbert-base-cased' with 5 labels (sbert=False, supcon=False)
2026-03-21 15:03:54,325 - cyberbully - INFO - Step 3: Creating datasets...
2026-03-21 15:03:54,352 - cyberbully - INFO - Dataset sizes — train: 1348, val: 338, test: 422
2026-03-21 15:03:54,353 - cyberbully - INFO - Step 4: Training...
2026-03-21 15:03:54,560 - cyberbully - INFO - Starting training...
2026-03-21 15:04:21,501 - cyberbully - INFO - Training complete.
2026-03-21 15:04:21,703 - cyberbully - INFO - Removed checkpoint: experiments/grid-search/distilbert-base-cased/ieee/prep0_aug0/seed_87212562/checkpoint-172
2026-03-21 15:04:21,748 - cyberbully - INFO - Removed checkpoint: experiments/grid-search/distilbert-base-cased/ieee/prep0_aug0/seed_87212562/checkpoint-258
2026-03-21 15:04:21,792 - cyberbully - INFO - Removed checkpoint: experiments/grid-search/distilbert-base-cased/ieee/prep0_aug0/seed_87212562/checkpoint-387
2026-03-21 15:04:21,839 - cyberbully - INFO - Removed checkpoint: experiments/grid-search/distilbert-base-cased/ieee/prep0_aug0/seed_87212562/checkpoint-43
2026-03-21 15:04:21,884 - cyberbully - INFO - Removed checkpoint: experiments/grid-search/distilbert-base-cased/ieee/prep0_aug0/seed_87212562/checkpoint-430
2026-03-21 15:04:21,929 - cyberbully - INFO - Removed checkpoint: experiments/grid-search/distilbert-base-cased/ieee/prep0_aug0/seed_87212562/checkpoint-301
2026-03-21 15:04:21,975 - cyberbully - INFO - Removed checkpoint: experiments/grid-search/distilbert-base-cased/ieee/prep0_aug0/seed_87212562/checkpoint-344
2026-03-21 15:04:22,020 - cyberbully - INFO - Removed checkpoint: experiments/grid-search/distilbert-base-cased/ieee/prep0_aug0/seed_87212562/checkpoint-129
2026-03-21 15:04:22,557 - cyberbully - INFO - Removed checkpoint: experiments/grid-search/distilbert-base-cased/ieee/prep0_aug0/seed_87212562/checkpoint-215
2026-03-21 15:04:23,775 - cyberbully - INFO - Removed checkpoint: experiments/grid-search/distilbert-base-cased/ieee/prep0_aug0/seed_87212562/checkpoint-86
2026-03-21 15:04:23,775 - cyberbully - INFO - Step 5: Evaluating on test set...
2026-03-21 15:04:28,207 - cyberbully - INFO - Metrics saved to experiments/grid-search/distilbert-base-cased/ieee/prep0_aug0/seed_87212562/metrics.json
2026-03-21 15:04:28,207 - cyberbully - INFO - Confusion matrix saved to experiments/grid-search/distilbert-base-cased/ieee/prep0_aug0/seed_87212562/confusion_matrix.json
2026-03-21 15:04:28,211 - cyberbully - INFO - Per-sample predictions saved to experiments/grid-search/distilbert-base-cased/ieee/prep0_aug0/seed_87212562/predictions.json
2026-03-21 15:04:28,311 - cyberbully - INFO - Confusion matrix figure saved to experiments/grid-search/distilbert-base-cased/ieee/prep0_aug0/seed_87212562/confusion_matrix.pdf
2026-03-21 15:04:28,311 - cyberbully - INFO - Accuracy: 0.7938
2026-03-21 15:04:28,311 - cyberbully - INFO - Weighted F1: 0.7976
2026-03-21 15:04:28,311 - cyberbully - INFO - Micro F1: 0.7938
2026-03-21 15:04:28,311 - cyberbully - INFO - Inference time: 0.16 seconds
2026-03-21 15:04:28,311 - cyberbully - INFO - Energy consumption: 0.000009 kWh
2026-03-21 15:04:28,312 - cyberbully - INFO - ============================================================
2026-03-21 15:04:28,312 - cyberbully - INFO - Pipeline complete. Results saved to: experiments/grid-search/distilbert-base-cased/ieee/prep0_aug0/seed_87212562
2026-03-21 15:04:28,312 - cyberbully - INFO - ============================================================
