2026-03-25 00:35:02,460 - cyberbully - INFO - ============================================================
2026-03-25 00:35:02,460 - cyberbully - INFO - Cyberbullying Detection Pipeline
2026-03-25 00:35:02,460 - cyberbully - INFO - ============================================================
2026-03-25 00:35:02,460 - cyberbully - INFO - Configuration:
2026-03-25 00:35:02,460 - cyberbully - INFO -   model          : xlnet-base-cased
2026-03-25 00:35:02,460 - cyberbully - INFO -   dataset        : kaggle
2026-03-25 00:35:02,460 - cyberbully - INFO -   preprocess     : False
2026-03-25 00:35:02,460 - cyberbully - INFO -   augment        : False
2026-03-25 00:35:02,460 - cyberbully - INFO -   compute_attribution: False
2026-03-25 00:35:02,460 - cyberbully - INFO -   seed           : 99511865
2026-03-25 00:35:02,460 - cyberbully - INFO -   epochs         : 10
2026-03-25 00:35:02,460 - cyberbully - INFO -   batch_size     : 32
2026-03-25 00:35:02,460 - cyberbully - INFO -   lr             : 5e-05
2026-03-25 00:35:02,460 - cyberbully - INFO -   max_length     : 128
2026-03-25 00:35:02,460 - cyberbully - INFO -   output_dir     : grid-search
2026-03-25 00:35:02,460 - cyberbully - INFO -   data_dir       : dataset
2026-03-25 00:35:02,460 - cyberbully - INFO -   sbert          : False
2026-03-25 00:35:02,460 - cyberbully - INFO -   supcon         : False
2026-03-25 00:35:02,460 - cyberbully - INFO -   supcon_weight  : 0.1
2026-03-25 00:35:02,460 - cyberbully - INFO -   proj_dim       : 128
2026-03-25 00:35:02,460 - cyberbully - INFO -   grad_accum_steps: 1
2026-03-25 00:35:02,460 - cyberbully - INFO -   overwrite      : False
2026-03-25 00:35:02,460 - cyberbully - INFO -   device         : cuda
2026-03-25 00:35:02,460 - cyberbully - INFO -   output_dir     : experiments/grid-search/xlnet-base-cased/kaggle/prep0_aug0/seed_99511865
2026-03-25 00:35:02,460 - cyberbully - INFO - ============================================================
2026-03-25 00:35:02,460 - cyberbully - INFO - Step 1: Preparing data...
2026-03-25 00:35:02,506 - cyberbully - INFO - Loaded pre-split data from dataset/kaggle — train: 25604, val: 6401, test: 8002
2026-03-25 00:35:02,506 - cyberbully - INFO - Label mapping: {'age': 0, 'ethnicity': 1, 'gender': 2, 'other_cyberbullying': 3, 'religion': 4}
2026-03-25 00:35:02,517 - cyberbully - INFO - Number of classes: 5
2026-03-25 00:35:02,518 - cyberbully - INFO - Step 2: Loading model and tokenizer...
2026-03-25 00:35:02,518 - cyberbully - INFO - Loading model 'xlnet-base-cased' with 5 labels (sbert=False, supcon=False)
2026-03-25 00:35:04,648 - cyberbully - INFO - Step 3: Creating datasets...
2026-03-25 00:35:05,368 - cyberbully - INFO - Dataset sizes — train: 25604, val: 6401, test: 8002
2026-03-25 00:35:05,368 - cyberbully - INFO - Step 4: Training...
2026-03-25 00:35:05,498 - cyberbully - INFO - Starting training...
2026-03-25 00:47:42,128 - cyberbully - INFO - Training complete.
2026-03-25 00:47:42,211 - cyberbully - INFO - Removed checkpoint: experiments/grid-search/xlnet-base-cased/kaggle/prep0_aug0/seed_99511865/checkpoint-4806
2026-03-25 00:47:42,292 - cyberbully - INFO - Removed checkpoint: experiments/grid-search/xlnet-base-cased/kaggle/prep0_aug0/seed_99511865/checkpoint-7209
2026-03-25 00:47:42,374 - cyberbully - INFO - Removed checkpoint: experiments/grid-search/xlnet-base-cased/kaggle/prep0_aug0/seed_99511865/checkpoint-6408
2026-03-25 00:47:42,457 - cyberbully - INFO - Removed checkpoint: experiments/grid-search/xlnet-base-cased/kaggle/prep0_aug0/seed_99511865/checkpoint-5607
2026-03-25 00:47:42,540 - cyberbully - INFO - Removed checkpoint: experiments/grid-search/xlnet-base-cased/kaggle/prep0_aug0/seed_99511865/checkpoint-8010
2026-03-25 00:47:42,624 - cyberbully - INFO - Removed checkpoint: experiments/grid-search/xlnet-base-cased/kaggle/prep0_aug0/seed_99511865/checkpoint-3204
2026-03-25 00:47:42,711 - cyberbully - INFO - Removed checkpoint: experiments/grid-search/xlnet-base-cased/kaggle/prep0_aug0/seed_99511865/checkpoint-1602
2026-03-25 00:47:42,801 - cyberbully - INFO - Removed checkpoint: experiments/grid-search/xlnet-base-cased/kaggle/prep0_aug0/seed_99511865/checkpoint-801
2026-03-25 00:47:42,886 - cyberbully - INFO - Removed checkpoint: experiments/grid-search/xlnet-base-cased/kaggle/prep0_aug0/seed_99511865/checkpoint-2403
2026-03-25 00:47:42,970 - cyberbully - INFO - Removed checkpoint: experiments/grid-search/xlnet-base-cased/kaggle/prep0_aug0/seed_99511865/checkpoint-4005
2026-03-25 00:47:42,970 - cyberbully - INFO - Step 5: Evaluating on test set...
2026-03-25 00:47:54,642 - cyberbully - INFO - Metrics saved to experiments/grid-search/xlnet-base-cased/kaggle/prep0_aug0/seed_99511865/metrics.json
2026-03-25 00:47:54,642 - cyberbully - INFO - Confusion matrix saved to experiments/grid-search/xlnet-base-cased/kaggle/prep0_aug0/seed_99511865/confusion_matrix.json
2026-03-25 00:47:54,723 - cyberbully - INFO - Per-sample predictions saved to experiments/grid-search/xlnet-base-cased/kaggle/prep0_aug0/seed_99511865/predictions.json
2026-03-25 00:47:54,827 - cyberbully - INFO - Confusion matrix figure saved to experiments/grid-search/xlnet-base-cased/kaggle/prep0_aug0/seed_99511865/confusion_matrix.pdf
2026-03-25 00:47:54,827 - cyberbully - INFO - Accuracy: 0.9558
2026-03-25 00:47:54,828 - cyberbully - INFO - Weighted F1: 0.9560
2026-03-25 00:47:54,828 - cyberbully - INFO - Micro F1: 0.9558
2026-03-25 00:47:54,828 - cyberbully - INFO - Inference time: 6.38 seconds
2026-03-25 00:47:54,828 - cyberbully - INFO - Energy consumption: 0.000337 kWh
2026-03-25 00:47:54,829 - cyberbully - INFO - ============================================================
2026-03-25 00:47:54,829 - cyberbully - INFO - Pipeline complete. Results saved to: experiments/grid-search/xlnet-base-cased/kaggle/prep0_aug0/seed_99511865
2026-03-25 00:47:54,829 - cyberbully - INFO - ============================================================
