2026-03-27 02:17:52,922 - cyberbully - INFO - ============================================================
2026-03-27 02:17:52,922 - cyberbully - INFO - Cyberbullying Detection Pipeline
2026-03-27 02:17:52,922 - cyberbully - INFO - ============================================================
2026-03-27 02:17:52,922 - cyberbully - INFO - Configuration:
2026-03-27 02:17:52,922 - cyberbully - INFO -   model          : roberta-base
2026-03-27 02:17:52,922 - cyberbully - INFO -   dataset        : kaggle
2026-03-27 02:17:52,922 - cyberbully - INFO -   preprocess     : False
2026-03-27 02:17:52,922 - cyberbully - INFO -   augment        : False
2026-03-27 02:17:52,922 - cyberbully - INFO -   compute_attribution: False
2026-03-27 02:17:52,922 - cyberbully - INFO -   seed           : 87212562
2026-03-27 02:17:52,922 - cyberbully - INFO -   epochs         : 10
2026-03-27 02:17:52,922 - cyberbully - INFO -   batch_size     : 64
2026-03-27 02:17:52,922 - cyberbully - INFO -   lr             : 5e-05
2026-03-27 02:17:52,922 - cyberbully - INFO -   max_length     : 128
2026-03-27 02:17:52,922 - cyberbully - INFO -   output_dir     : supcon-grid
2026-03-27 02:17:52,922 - cyberbully - INFO -   data_dir       : dataset
2026-03-27 02:17:52,922 - cyberbully - INFO -   sbert          : False
2026-03-27 02:17:52,922 - cyberbully - INFO -   supcon         : False
2026-03-27 02:17:52,922 - cyberbully - INFO -   supcon_weight  : 0.1
2026-03-27 02:17:52,922 - cyberbully - INFO -   proj_dim       : 128
2026-03-27 02:17:52,922 - cyberbully - INFO -   grad_accum_steps: 1
2026-03-27 02:17:52,922 - cyberbully - INFO -   overwrite      : False
2026-03-27 02:17:52,922 - cyberbully - INFO -   device         : cuda
2026-03-27 02:17:52,922 - cyberbully - INFO -   output_dir     : experiments/supcon-grid/roberta-base/kaggle/prep0_aug0/seed_87212562
2026-03-27 02:17:52,922 - cyberbully - INFO - ============================================================
2026-03-27 02:17:52,922 - cyberbully - INFO - Step 1: Preparing data...
2026-03-27 02:17:52,971 - cyberbully - INFO - Loaded pre-split data from dataset/kaggle — train: 25604, val: 6401, test: 8002
2026-03-27 02:17:52,971 - cyberbully - INFO - Label mapping: {'age': 0, 'ethnicity': 1, 'gender': 2, 'other_cyberbullying': 3, 'religion': 4}
2026-03-27 02:17:52,983 - cyberbully - INFO - Number of classes: 5
2026-03-27 02:17:52,984 - cyberbully - INFO - Step 2: Loading model and tokenizer...
2026-03-27 02:17:52,984 - cyberbully - INFO - Loading model 'roberta-base' with 5 labels (sbert=False, supcon=False)
2026-03-27 02:17:53,746 - cyberbully - INFO - Step 3: Creating datasets...
2026-03-27 02:17:54,385 - cyberbully - INFO - Dataset sizes — train: 25604, val: 6401, test: 8002
2026-03-27 02:17:54,385 - cyberbully - INFO - Step 4: Training...
2026-03-27 02:17:54,628 - cyberbully - INFO - Starting training...
2026-03-27 02:29:00,664 - cyberbully - INFO - Training complete.
2026-03-27 02:29:00,736 - cyberbully - INFO - Removed checkpoint: experiments/supcon-grid/roberta-base/kaggle/prep0_aug0/seed_87212562/checkpoint-2005
2026-03-27 02:29:00,809 - cyberbully - INFO - Removed checkpoint: experiments/supcon-grid/roberta-base/kaggle/prep0_aug0/seed_87212562/checkpoint-1604
2026-03-27 02:29:00,894 - cyberbully - INFO - Removed checkpoint: experiments/supcon-grid/roberta-base/kaggle/prep0_aug0/seed_87212562/checkpoint-4010
2026-03-27 02:29:00,966 - cyberbully - INFO - Removed checkpoint: experiments/supcon-grid/roberta-base/kaggle/prep0_aug0/seed_87212562/checkpoint-2807
2026-03-27 02:29:01,039 - cyberbully - INFO - Removed checkpoint: experiments/supcon-grid/roberta-base/kaggle/prep0_aug0/seed_87212562/checkpoint-1203
2026-03-27 02:29:01,116 - cyberbully - INFO - Removed checkpoint: experiments/supcon-grid/roberta-base/kaggle/prep0_aug0/seed_87212562/checkpoint-401
2026-03-27 02:29:01,186 - cyberbully - INFO - Removed checkpoint: experiments/supcon-grid/roberta-base/kaggle/prep0_aug0/seed_87212562/checkpoint-3609
2026-03-27 02:29:01,258 - cyberbully - INFO - Removed checkpoint: experiments/supcon-grid/roberta-base/kaggle/prep0_aug0/seed_87212562/checkpoint-2406
2026-03-27 02:29:01,329 - cyberbully - INFO - Removed checkpoint: experiments/supcon-grid/roberta-base/kaggle/prep0_aug0/seed_87212562/checkpoint-3208
2026-03-27 02:29:01,403 - cyberbully - INFO - Removed checkpoint: experiments/supcon-grid/roberta-base/kaggle/prep0_aug0/seed_87212562/checkpoint-802
2026-03-27 02:29:01,403 - cyberbully - INFO - Step 5: Evaluating on test set...
2026-03-27 02:29:11,598 - cyberbully - INFO - Metrics saved to experiments/supcon-grid/roberta-base/kaggle/prep0_aug0/seed_87212562/metrics.json
2026-03-27 02:29:11,598 - cyberbully - INFO - Confusion matrix saved to experiments/supcon-grid/roberta-base/kaggle/prep0_aug0/seed_87212562/confusion_matrix.json
2026-03-27 02:29:11,676 - cyberbully - INFO - Per-sample predictions saved to experiments/supcon-grid/roberta-base/kaggle/prep0_aug0/seed_87212562/predictions.json
2026-03-27 02:29:11,778 - cyberbully - INFO - Confusion matrix figure saved to experiments/supcon-grid/roberta-base/kaggle/prep0_aug0/seed_87212562/confusion_matrix.pdf
2026-03-27 02:29:11,778 - cyberbully - INFO - Accuracy: 0.9556
2026-03-27 02:29:11,778 - cyberbully - INFO - Weighted F1: 0.9559
2026-03-27 02:29:11,778 - cyberbully - INFO - Micro F1: 0.9556
2026-03-27 02:29:11,779 - cyberbully - INFO - Inference time: 5.91 seconds
2026-03-27 02:29:11,779 - cyberbully - INFO - Energy consumption: 0.000393 kWh
2026-03-27 02:29:11,780 - cyberbully - INFO - ============================================================
2026-03-27 02:29:11,780 - cyberbully - INFO - Pipeline complete. Results saved to: experiments/supcon-grid/roberta-base/kaggle/prep0_aug0/seed_87212562
2026-03-27 02:29:11,780 - cyberbully - INFO - ============================================================
