2026-04-16 14:44:38,241 - cyberbully - INFO - ============================================================
2026-04-16 14:44:38,241 - cyberbully - INFO - Cyberbullying Detection Pipeline
2026-04-16 14:44:38,241 - cyberbully - INFO - ============================================================
2026-04-16 14:44:38,241 - cyberbully - INFO - Configuration:
2026-04-16 14:44:38,241 - cyberbully - INFO -   model          : sarkerlab/SocBERT-base
2026-04-16 14:44:38,241 - cyberbully - INFO -   dataset        : tweeteval
2026-04-16 14:44:38,241 - cyberbully - INFO -   preprocess     : True
2026-04-16 14:44:38,241 - cyberbully - INFO -   augment        : False
2026-04-16 14:44:38,241 - cyberbully - INFO -   compute_attribution: False
2026-04-16 14:44:38,241 - cyberbully - INFO -   seed           : 67351593
2026-04-16 14:44:38,241 - cyberbully - INFO -   epochs         : 10
2026-04-16 14:44:38,241 - cyberbully - INFO -   batch_size     : 32
2026-04-16 14:44:38,241 - cyberbully - INFO -   lr             : 5e-05
2026-04-16 14:44:38,241 - cyberbully - INFO -   max_length     : 128
2026-04-16 14:44:38,241 - cyberbully - INFO -   output_dir     : grid-search
2026-04-16 14:44:38,241 - cyberbully - INFO -   data_dir       : dataset
2026-04-16 14:44:38,241 - cyberbully - INFO -   sbert          : False
2026-04-16 14:44:38,241 - cyberbully - INFO -   supcon         : False
2026-04-16 14:44:38,241 - cyberbully - INFO -   supcon_weight  : 0.1
2026-04-16 14:44:38,242 - cyberbully - INFO -   proj_dim       : 128
2026-04-16 14:44:38,242 - cyberbully - INFO -   grad_accum_steps: 1
2026-04-16 14:44:38,242 - cyberbully - INFO -   overwrite      : False
2026-04-16 14:44:38,242 - cyberbully - INFO -   device         : cuda
2026-04-16 14:44:38,242 - cyberbully - INFO -   output_dir     : experiments/grid-search/sarkerlab_SocBERT-base/tweeteval/prep1_aug0/seed_67351593
2026-04-16 14:44:38,242 - cyberbully - INFO - ============================================================
2026-04-16 14:44:38,242 - cyberbully - INFO - Step 1: Preparing data...
2026-04-16 14:44:38,288 - cyberbully - INFO - Loaded pre-split data from dataset/tweeteval — train: 32485, val: 8122, test: 10152
2026-04-16 14:44:38,288 - cyberbully - INFO - Label mapping: {'emotion': 0, 'hate': 1, 'offensive': 2, 'religion': 3, 'spiritual': 4}
2026-04-16 14:44:38,288 - cyberbully - INFO - Applying text preprocessing per split...
2026-04-16 14:45:39,030 - cyberbully - INFO - After preprocessing — train: 30358, val: 7609, test: 9461
2026-04-16 14:45:39,041 - cyberbully - INFO - Number of classes: 5
2026-04-16 14:45:39,042 - cyberbully - INFO - Step 2: Loading model and tokenizer...
2026-04-16 14:45:39,042 - cyberbully - INFO - Loading model 'sarkerlab/SocBERT-base' with 5 labels (sbert=False, supcon=False)
2026-04-16 14:45:40,647 - cyberbully - INFO - Step 3: Creating datasets...
2026-04-16 14:45:41,369 - cyberbully - INFO - Dataset sizes — train: 30358, val: 7609, test: 9461
2026-04-16 14:45:41,369 - cyberbully - INFO - Step 4: Training...
2026-04-16 14:45:41,617 - cyberbully - INFO - Starting training...
2026-04-16 14:59:22,353 - cyberbully - INFO - Training complete.
2026-04-16 14:59:22,435 - cyberbully - INFO - Removed checkpoint: experiments/grid-search/sarkerlab_SocBERT-base/tweeteval/prep1_aug0/seed_67351593/checkpoint-1898
2026-04-16 14:59:22,514 - cyberbully - INFO - Removed checkpoint: experiments/grid-search/sarkerlab_SocBERT-base/tweeteval/prep1_aug0/seed_67351593/checkpoint-7592
2026-04-16 14:59:22,594 - cyberbully - INFO - Removed checkpoint: experiments/grid-search/sarkerlab_SocBERT-base/tweeteval/prep1_aug0/seed_67351593/checkpoint-6643
2026-04-16 14:59:22,676 - cyberbully - INFO - Removed checkpoint: experiments/grid-search/sarkerlab_SocBERT-base/tweeteval/prep1_aug0/seed_67351593/checkpoint-2847
2026-04-16 14:59:22,756 - cyberbully - INFO - Removed checkpoint: experiments/grid-search/sarkerlab_SocBERT-base/tweeteval/prep1_aug0/seed_67351593/checkpoint-8541
2026-04-16 14:59:22,836 - cyberbully - INFO - Removed checkpoint: experiments/grid-search/sarkerlab_SocBERT-base/tweeteval/prep1_aug0/seed_67351593/checkpoint-5694
2026-04-16 14:59:22,918 - cyberbully - INFO - Removed checkpoint: experiments/grid-search/sarkerlab_SocBERT-base/tweeteval/prep1_aug0/seed_67351593/checkpoint-3796
2026-04-16 14:59:23,003 - cyberbully - INFO - Removed checkpoint: experiments/grid-search/sarkerlab_SocBERT-base/tweeteval/prep1_aug0/seed_67351593/checkpoint-949
2026-04-16 14:59:23,097 - cyberbully - INFO - Removed checkpoint: experiments/grid-search/sarkerlab_SocBERT-base/tweeteval/prep1_aug0/seed_67351593/checkpoint-9490
2026-04-16 14:59:23,179 - cyberbully - INFO - Removed checkpoint: experiments/grid-search/sarkerlab_SocBERT-base/tweeteval/prep1_aug0/seed_67351593/checkpoint-4745
2026-04-16 14:59:23,179 - cyberbully - INFO - Step 5: Evaluating on test set...
2026-04-16 14:59:33,624 - cyberbully - INFO - Metrics saved to experiments/grid-search/sarkerlab_SocBERT-base/tweeteval/prep1_aug0/seed_67351593/metrics.json
2026-04-16 14:59:33,624 - cyberbully - INFO - Confusion matrix saved to experiments/grid-search/sarkerlab_SocBERT-base/tweeteval/prep1_aug0/seed_67351593/confusion_matrix.json
2026-04-16 14:59:33,720 - cyberbully - INFO - Per-sample predictions saved to experiments/grid-search/sarkerlab_SocBERT-base/tweeteval/prep1_aug0/seed_67351593/predictions.json
2026-04-16 14:59:33,823 - cyberbully - INFO - Confusion matrix figure saved to experiments/grid-search/sarkerlab_SocBERT-base/tweeteval/prep1_aug0/seed_67351593/confusion_matrix.pdf
2026-04-16 14:59:33,823 - cyberbully - INFO - Accuracy: 0.9455
2026-04-16 14:59:33,823 - cyberbully - INFO - Weighted F1: 0.9454
2026-04-16 14:59:33,823 - cyberbully - INFO - Micro F1: 0.9455
2026-04-16 14:59:33,823 - cyberbully - INFO - Inference time: 5.74 seconds
2026-04-16 14:59:33,823 - cyberbully - INFO - Energy consumption: 0.000379 kWh
2026-04-16 14:59:33,826 - cyberbully - INFO - ============================================================
2026-04-16 14:59:33,826 - cyberbully - INFO - Pipeline complete. Results saved to: experiments/grid-search/sarkerlab_SocBERT-base/tweeteval/prep1_aug0/seed_67351593
2026-04-16 14:59:33,826 - cyberbully - INFO - ============================================================
