2026-03-18 20:03:37,927 - cyberbully - INFO - ============================================================
2026-03-18 20:03:37,927 - cyberbully - INFO - Cyberbullying Detection Pipeline
2026-03-18 20:03:37,927 - cyberbully - INFO - ============================================================
2026-03-18 20:03:37,927 - cyberbully - INFO - Configuration:
2026-03-18 20:03:37,927 - cyberbully - INFO -   model          : roberta-base
2026-03-18 20:03:37,927 - cyberbully - INFO -   dataset        : ieee
2026-03-18 20:03:37,927 - cyberbully - INFO -   preprocess     : True
2026-03-18 20:03:37,927 - cyberbully - INFO -   augment        : False
2026-03-18 20:03:37,927 - cyberbully - INFO -   compute_attribution: False
2026-03-18 20:03:37,927 - cyberbully - INFO -   seed           : 24677315
2026-03-18 20:03:37,927 - cyberbully - INFO -   epochs         : 10
2026-03-18 20:03:37,927 - cyberbully - INFO -   batch_size     : 32
2026-03-18 20:03:37,927 - cyberbully - INFO -   lr             : 5e-05
2026-03-18 20:03:37,927 - cyberbully - INFO -   max_length     : 128
2026-03-18 20:03:37,927 - cyberbully - INFO -   output_dir     : supcon-grid
2026-03-18 20:03:37,927 - cyberbully - INFO -   data_dir       : dataset
2026-03-18 20:03:37,927 - cyberbully - INFO -   sbert          : False
2026-03-18 20:03:37,927 - cyberbully - INFO -   supcon         : True
2026-03-18 20:03:37,927 - cyberbully - INFO -   supcon_weight  : 0.1
2026-03-18 20:03:37,927 - cyberbully - INFO -   proj_dim       : 128
2026-03-18 20:03:37,927 - cyberbully - INFO -   grad_accum_steps: 1
2026-03-18 20:03:37,927 - cyberbully - INFO -   overwrite      : False
2026-03-18 20:03:37,927 - cyberbully - INFO -   device         : cuda
2026-03-18 20:03:37,927 - cyberbully - INFO -   output_dir     : experiments/supcon-grid/roberta-base/ieee/prep1_aug0/seed_24677315
2026-03-18 20:03:37,927 - cyberbully - INFO - ============================================================
2026-03-18 20:03:37,927 - cyberbully - INFO - Step 1: Preparing data...
2026-03-18 20:03:37,930 - cyberbully - INFO - Loaded pre-split data from dataset/ieee — train: 1348, val: 338, test: 422
2026-03-18 20:03:37,930 - cyberbully - INFO - Label mapping: {'Cyberstalking': 0, 'Doxing': 1, 'Revenge Porn': 2, 'Sexual Harassment': 3, 'Slut Shaming': 4}
2026-03-18 20:03:37,930 - cyberbully - INFO - Applying text preprocessing per split...
2026-03-18 20:03:38,045 - cyberbully - INFO - After preprocessing — train: 1348, val: 338, test: 422
2026-03-18 20:03:38,046 - cyberbully - INFO - Number of classes: 5
2026-03-18 20:03:38,047 - cyberbully - INFO - Step 2: Loading model and tokenizer...
2026-03-18 20:03:38,047 - cyberbully - INFO - Loading model 'roberta-base' with 5 labels (sbert=False, supcon=True)
2026-03-18 20:03:38,604 - cyberbully - INFO - SupConClassifier: hidden_size=768, proj_dim=128, num_labels=5
2026-03-18 20:03:38,933 - cyberbully - INFO - Step 3: Creating datasets...
2026-03-18 20:03:38,958 - cyberbully - INFO - Dataset sizes — train: 1348, val: 338, test: 422
2026-03-18 20:03:38,958 - cyberbully - INFO - Step 4: Training...
2026-03-18 20:03:39,195 - cyberbully - INFO - Using SupConTrainer with supcon_weight=0.100
2026-03-18 20:03:39,196 - cyberbully - INFO - Starting training...
2026-03-18 20:04:48,374 - cyberbully - INFO - Training complete.
2026-03-18 20:04:48,453 - cyberbully - INFO - Removed checkpoint: experiments/supcon-grid/roberta-base/ieee/prep1_aug0/seed_24677315/checkpoint-172
2026-03-18 20:04:49,828 - cyberbully - INFO - Removed checkpoint: experiments/supcon-grid/roberta-base/ieee/prep1_aug0/seed_24677315/checkpoint-258
2026-03-18 20:04:49,914 - cyberbully - INFO - Removed checkpoint: experiments/supcon-grid/roberta-base/ieee/prep1_aug0/seed_24677315/checkpoint-387
2026-03-18 20:04:49,993 - cyberbully - INFO - Removed checkpoint: experiments/supcon-grid/roberta-base/ieee/prep1_aug0/seed_24677315/checkpoint-43
2026-03-18 20:04:50,077 - cyberbully - INFO - Removed checkpoint: experiments/supcon-grid/roberta-base/ieee/prep1_aug0/seed_24677315/checkpoint-430
2026-03-18 20:04:50,435 - cyberbully - INFO - Removed checkpoint: experiments/supcon-grid/roberta-base/ieee/prep1_aug0/seed_24677315/checkpoint-301
2026-03-18 20:04:50,519 - cyberbully - INFO - Removed checkpoint: experiments/supcon-grid/roberta-base/ieee/prep1_aug0/seed_24677315/checkpoint-344
2026-03-18 20:04:50,600 - cyberbully - INFO - Removed checkpoint: experiments/supcon-grid/roberta-base/ieee/prep1_aug0/seed_24677315/checkpoint-129
2026-03-18 20:04:50,681 - cyberbully - INFO - Removed checkpoint: experiments/supcon-grid/roberta-base/ieee/prep1_aug0/seed_24677315/checkpoint-215
2026-03-18 20:04:50,759 - cyberbully - INFO - Removed checkpoint: experiments/supcon-grid/roberta-base/ieee/prep1_aug0/seed_24677315/checkpoint-86
2026-03-18 20:04:50,759 - cyberbully - INFO - Step 5: Evaluating on test set...
2026-03-18 20:04:55,308 - cyberbully - INFO - Metrics saved to experiments/supcon-grid/roberta-base/ieee/prep1_aug0/seed_24677315/metrics.json
2026-03-18 20:04:55,308 - cyberbully - INFO - Confusion matrix saved to experiments/supcon-grid/roberta-base/ieee/prep1_aug0/seed_24677315/confusion_matrix.json
2026-03-18 20:04:55,313 - cyberbully - INFO - Per-sample predictions saved to experiments/supcon-grid/roberta-base/ieee/prep1_aug0/seed_24677315/predictions.json
2026-03-18 20:04:55,412 - cyberbully - INFO - Confusion matrix figure saved to experiments/supcon-grid/roberta-base/ieee/prep1_aug0/seed_24677315/confusion_matrix.pdf
2026-03-18 20:04:55,412 - cyberbully - INFO - Accuracy: 0.8223
2026-03-18 20:04:55,412 - cyberbully - INFO - Weighted F1: 0.8234
2026-03-18 20:04:55,412 - cyberbully - INFO - Micro F1: 0.8223
2026-03-18 20:04:55,412 - cyberbully - INFO - Inference time: 0.31 seconds
2026-03-18 20:04:55,412 - cyberbully - INFO - Energy consumption: 0.000016 kWh
2026-03-18 20:04:55,412 - cyberbully - INFO - Step 5b: Plotting t-SNE of projection embeddings...
2026-03-18 20:04:55,692 - cyberbully - INFO - Running t-SNE on 422 samples with proj_dim=128, perplexity=30.0...
2026-03-18 20:04:56,521 - cyberbully - INFO - t-SNE static plot saved to experiments/supcon-grid/roberta-base/ieee/prep1_aug0/seed_24677315/projection_tsne.pdf
2026-03-18 20:04:56,638 - cyberbully - INFO - t-SNE interactive plot saved to experiments/supcon-grid/roberta-base/ieee/prep1_aug0/seed_24677315/projection_tsne.html
2026-03-18 20:04:56,638 - cyberbully - INFO - ============================================================
2026-03-18 20:04:56,638 - cyberbully - INFO - Pipeline complete. Results saved to: experiments/supcon-grid/roberta-base/ieee/prep1_aug0/seed_24677315
2026-03-18 20:04:56,638 - cyberbully - INFO - ============================================================
