2026-03-27 10:21:56,769 - cyberbully - INFO - ============================================================
2026-03-27 10:21:56,769 - cyberbully - INFO - Cyberbullying Detection Pipeline
2026-03-27 10:21:56,769 - cyberbully - INFO - ============================================================
2026-03-27 10:21:56,769 - cyberbully - INFO - Configuration:
2026-03-27 10:21:56,769 - cyberbully - INFO -   model          : Twitter/twhin-bert-base
2026-03-27 10:21:56,769 - cyberbully - INFO -   dataset        : ieee
2026-03-27 10:21:56,769 - cyberbully - INFO -   preprocess     : False
2026-03-27 10:21:56,769 - cyberbully - INFO -   augment        : False
2026-03-27 10:21:56,769 - cyberbully - INFO -   compute_attribution: False
2026-03-27 10:21:56,769 - cyberbully - INFO -   seed           : 99511865
2026-03-27 10:21:56,769 - cyberbully - INFO -   epochs         : 10
2026-03-27 10:21:56,769 - cyberbully - INFO -   batch_size     : 64
2026-03-27 10:21:56,769 - cyberbully - INFO -   lr             : 5e-05
2026-03-27 10:21:56,769 - cyberbully - INFO -   max_length     : 128
2026-03-27 10:21:56,769 - cyberbully - INFO -   output_dir     : supcon-grid
2026-03-27 10:21:56,769 - cyberbully - INFO -   data_dir       : dataset
2026-03-27 10:21:56,769 - cyberbully - INFO -   sbert          : False
2026-03-27 10:21:56,769 - cyberbully - INFO -   supcon         : False
2026-03-27 10:21:56,769 - cyberbully - INFO -   supcon_weight  : 0.1
2026-03-27 10:21:56,769 - cyberbully - INFO -   proj_dim       : 128
2026-03-27 10:21:56,769 - cyberbully - INFO -   grad_accum_steps: 1
2026-03-27 10:21:56,769 - cyberbully - INFO -   overwrite      : False
2026-03-27 10:21:56,769 - cyberbully - INFO -   device         : cuda
2026-03-27 10:21:56,769 - cyberbully - INFO -   output_dir     : experiments/supcon-grid/Twitter_twhin-bert-base/ieee/prep0_aug0/seed_99511865
2026-03-27 10:21:56,769 - cyberbully - INFO - ============================================================
2026-03-27 10:21:56,769 - cyberbully - INFO - Step 1: Preparing data...
2026-03-27 10:21:56,773 - cyberbully - INFO - Loaded pre-split data from dataset/ieee — train: 1348, val: 338, test: 422
2026-03-27 10:21:56,773 - cyberbully - INFO - Label mapping: {'Cyberstalking': 0, 'Doxing': 1, 'Revenge Porn': 2, 'Sexual Harassment': 3, 'Slut Shaming': 4}
2026-03-27 10:21:56,775 - cyberbully - INFO - Number of classes: 5
2026-03-27 10:21:56,776 - cyberbully - INFO - Step 2: Loading model and tokenizer...
2026-03-27 10:21:56,776 - cyberbully - INFO - Loading model 'Twitter/twhin-bert-base' with 5 labels (sbert=False, supcon=False)
2026-03-27 10:21:58,080 - cyberbully - INFO - Step 3: Creating datasets...
2026-03-27 10:21:58,109 - cyberbully - INFO - Dataset sizes — train: 1348, val: 338, test: 422
2026-03-27 10:21:58,109 - cyberbully - INFO - Step 4: Training...
2026-03-27 10:21:58,422 - cyberbully - INFO - Starting training...
2026-03-27 10:26:41,409 - cyberbully - INFO - Training complete.
2026-03-27 10:26:41,730 - cyberbully - INFO - Removed checkpoint: experiments/supcon-grid/Twitter_twhin-bert-base/ieee/prep0_aug0/seed_99511865/checkpoint-176
2026-03-27 10:26:41,893 - cyberbully - INFO - Removed checkpoint: experiments/supcon-grid/Twitter_twhin-bert-base/ieee/prep0_aug0/seed_99511865/checkpoint-110
2026-03-27 10:26:42,313 - cyberbully - INFO - Removed checkpoint: experiments/supcon-grid/Twitter_twhin-bert-base/ieee/prep0_aug0/seed_99511865/checkpoint-44
2026-03-27 10:26:42,486 - cyberbully - INFO - Removed checkpoint: experiments/supcon-grid/Twitter_twhin-bert-base/ieee/prep0_aug0/seed_99511865/checkpoint-132
2026-03-27 10:26:42,666 - cyberbully - INFO - Removed checkpoint: experiments/supcon-grid/Twitter_twhin-bert-base/ieee/prep0_aug0/seed_99511865/checkpoint-198
2026-03-27 10:26:42,835 - cyberbully - INFO - Removed checkpoint: experiments/supcon-grid/Twitter_twhin-bert-base/ieee/prep0_aug0/seed_99511865/checkpoint-22
2026-03-27 10:26:42,996 - cyberbully - INFO - Removed checkpoint: experiments/supcon-grid/Twitter_twhin-bert-base/ieee/prep0_aug0/seed_99511865/checkpoint-88
2026-03-27 10:26:43,156 - cyberbully - INFO - Removed checkpoint: experiments/supcon-grid/Twitter_twhin-bert-base/ieee/prep0_aug0/seed_99511865/checkpoint-66
2026-03-27 10:26:43,326 - cyberbully - INFO - Removed checkpoint: experiments/supcon-grid/Twitter_twhin-bert-base/ieee/prep0_aug0/seed_99511865/checkpoint-154
2026-03-27 10:26:43,511 - cyberbully - INFO - Removed checkpoint: experiments/supcon-grid/Twitter_twhin-bert-base/ieee/prep0_aug0/seed_99511865/checkpoint-220
2026-03-27 10:26:43,511 - cyberbully - INFO - Step 5: Evaluating on test set...
2026-03-27 10:26:49,454 - cyberbully - INFO - Metrics saved to experiments/supcon-grid/Twitter_twhin-bert-base/ieee/prep0_aug0/seed_99511865/metrics.json
2026-03-27 10:26:49,455 - cyberbully - INFO - Confusion matrix saved to experiments/supcon-grid/Twitter_twhin-bert-base/ieee/prep0_aug0/seed_99511865/confusion_matrix.json
2026-03-27 10:26:49,459 - cyberbully - INFO - Per-sample predictions saved to experiments/supcon-grid/Twitter_twhin-bert-base/ieee/prep0_aug0/seed_99511865/predictions.json
2026-03-27 10:26:49,558 - cyberbully - INFO - Confusion matrix figure saved to experiments/supcon-grid/Twitter_twhin-bert-base/ieee/prep0_aug0/seed_99511865/confusion_matrix.pdf
2026-03-27 10:26:49,558 - cyberbully - INFO - Accuracy: 0.8460
2026-03-27 10:26:49,558 - cyberbully - INFO - Weighted F1: 0.8466
2026-03-27 10:26:49,558 - cyberbully - INFO - Micro F1: 0.8460
2026-03-27 10:26:49,558 - cyberbully - INFO - Inference time: 0.33 seconds
2026-03-27 10:26:49,558 - cyberbully - INFO - Energy consumption: 0.000000 kWh
2026-03-27 10:26:49,558 - cyberbully - INFO - ============================================================
2026-03-27 10:26:49,558 - cyberbully - INFO - Pipeline complete. Results saved to: experiments/supcon-grid/Twitter_twhin-bert-base/ieee/prep0_aug0/seed_99511865
2026-03-27 10:26:49,558 - cyberbully - INFO - ============================================================
