2026-03-22 21:52:33,626 - cyberbully - INFO - Model 'all-distilroberta-v1' detected as SBERT-based. Using SBERTClassifier pipeline.
2026-03-22 21:52:33,627 - cyberbully - INFO - ============================================================
2026-03-22 21:52:33,627 - cyberbully - INFO - Cyberbullying Detection Pipeline
2026-03-22 21:52:33,627 - cyberbully - INFO - ============================================================
2026-03-22 21:52:33,627 - cyberbully - INFO - Configuration:
2026-03-22 21:52:33,627 - cyberbully - INFO -   model          : all-distilroberta-v1
2026-03-22 21:52:33,627 - cyberbully - INFO -   dataset        : tweeteval
2026-03-22 21:52:33,627 - cyberbully - INFO -   preprocess     : False
2026-03-22 21:52:33,627 - cyberbully - INFO -   augment        : True
2026-03-22 21:52:33,627 - cyberbully - INFO -   compute_attribution: False
2026-03-22 21:52:33,627 - cyberbully - INFO -   seed           : 43782163
2026-03-22 21:52:33,627 - cyberbully - INFO -   epochs         : 10
2026-03-22 21:52:33,627 - cyberbully - INFO -   batch_size     : 32
2026-03-22 21:52:33,627 - cyberbully - INFO -   lr             : 5e-05
2026-03-22 21:52:33,627 - cyberbully - INFO -   max_length     : 128
2026-03-22 21:52:33,627 - cyberbully - INFO -   output_dir     : grid-search
2026-03-22 21:52:33,627 - cyberbully - INFO -   data_dir       : dataset
2026-03-22 21:52:33,627 - cyberbully - INFO -   sbert          : True
2026-03-22 21:52:33,627 - cyberbully - INFO -   supcon         : False
2026-03-22 21:52:33,627 - cyberbully - INFO -   supcon_weight  : 0.1
2026-03-22 21:52:33,627 - cyberbully - INFO -   proj_dim       : 128
2026-03-22 21:52:33,627 - cyberbully - INFO -   grad_accum_steps: 1
2026-03-22 21:52:33,627 - cyberbully - INFO -   overwrite      : False
2026-03-22 21:52:33,627 - cyberbully - INFO -   device         : cuda
2026-03-22 21:52:33,627 - cyberbully - INFO -   output_dir     : experiments/grid-search/all-distilroberta-v1/tweeteval/prep0_aug1/seed_43782163
2026-03-22 21:52:33,627 - cyberbully - INFO - ============================================================
2026-03-22 21:52:33,627 - cyberbully - INFO - Step 1: Preparing data...
2026-03-22 21:52:33,677 - cyberbully - INFO - Loaded pre-split data from dataset/tweeteval — train: 32485, val: 8122, test: 10152
2026-03-22 21:52:33,677 - cyberbully - INFO - Label mapping: {'emotion': 0, 'hate': 1, 'offensive': 2, 'religion': 3, 'spiritual': 4}
2026-03-22 21:52:33,679 - cyberbully - INFO - Applying training data augmentation (oversampling)...
2026-03-22 21:52:33,685 - cyberbully - INFO - After oversampling — class distribution: {0: 8985, 1: 8985, 2: 8985, 3: 8985, 4: 8985}
2026-03-22 21:52:33,695 - cyberbully - INFO - Number of classes: 5
2026-03-22 21:52:33,697 - cyberbully - INFO - Step 2: Loading model and tokenizer...
2026-03-22 21:52:33,697 - cyberbully - INFO - Loading model 'all-distilroberta-v1' with 5 labels (sbert=True, supcon=False)
2026-03-22 21:52:37,094 - cyberbully - INFO - SBERTClassifier: embedding_dim=768, hidden=256, proj_dim=None, num_labels=5
2026-03-22 21:52:37,440 - cyberbully - INFO - Step 3: Creating datasets...
2026-03-22 21:52:38,436 - cyberbully - INFO - Dataset sizes — train: 44925, val: 8122, test: 10152
2026-03-22 21:52:38,436 - cyberbully - INFO - Step 4: Training...
2026-03-22 21:52:38,440 - cyberbully - INFO - Starting training...
2026-03-22 22:02:05,305 - cyberbully - INFO - Training complete.
2026-03-22 22:02:05,365 - cyberbully - INFO - Removed checkpoint: experiments/grid-search/all-distilroberta-v1/tweeteval/prep0_aug1/seed_43782163/checkpoint-8424
2026-03-22 22:02:05,426 - cyberbully - INFO - Removed checkpoint: experiments/grid-search/all-distilroberta-v1/tweeteval/prep0_aug1/seed_43782163/checkpoint-5616
2026-03-22 22:02:05,485 - cyberbully - INFO - Removed checkpoint: experiments/grid-search/all-distilroberta-v1/tweeteval/prep0_aug1/seed_43782163/checkpoint-7020
2026-03-22 22:02:05,544 - cyberbully - INFO - Removed checkpoint: experiments/grid-search/all-distilroberta-v1/tweeteval/prep0_aug1/seed_43782163/checkpoint-11232
2026-03-22 22:02:05,602 - cyberbully - INFO - Removed checkpoint: experiments/grid-search/all-distilroberta-v1/tweeteval/prep0_aug1/seed_43782163/checkpoint-12636
2026-03-22 22:02:05,665 - cyberbully - INFO - Removed checkpoint: experiments/grid-search/all-distilroberta-v1/tweeteval/prep0_aug1/seed_43782163/checkpoint-1404
2026-03-22 22:02:05,723 - cyberbully - INFO - Removed checkpoint: experiments/grid-search/all-distilroberta-v1/tweeteval/prep0_aug1/seed_43782163/checkpoint-14040
2026-03-22 22:02:05,785 - cyberbully - INFO - Removed checkpoint: experiments/grid-search/all-distilroberta-v1/tweeteval/prep0_aug1/seed_43782163/checkpoint-4212
2026-03-22 22:02:05,843 - cyberbully - INFO - Removed checkpoint: experiments/grid-search/all-distilroberta-v1/tweeteval/prep0_aug1/seed_43782163/checkpoint-9828
2026-03-22 22:02:05,907 - cyberbully - INFO - Removed checkpoint: experiments/grid-search/all-distilroberta-v1/tweeteval/prep0_aug1/seed_43782163/checkpoint-2808
2026-03-22 22:02:05,907 - cyberbully - INFO - Step 5: Evaluating on test set...
2026-03-22 22:02:12,999 - cyberbully - INFO - Metrics saved to experiments/grid-search/all-distilroberta-v1/tweeteval/prep0_aug1/seed_43782163/metrics.json
2026-03-22 22:02:12,999 - cyberbully - INFO - Confusion matrix saved to experiments/grid-search/all-distilroberta-v1/tweeteval/prep0_aug1/seed_43782163/confusion_matrix.json
2026-03-22 22:02:13,100 - cyberbully - INFO - Per-sample predictions saved to experiments/grid-search/all-distilroberta-v1/tweeteval/prep0_aug1/seed_43782163/predictions.json
2026-03-22 22:02:13,203 - cyberbully - INFO - Confusion matrix figure saved to experiments/grid-search/all-distilroberta-v1/tweeteval/prep0_aug1/seed_43782163/confusion_matrix.pdf
2026-03-22 22:02:13,203 - cyberbully - INFO - Accuracy: 0.9747
2026-03-22 22:02:13,203 - cyberbully - INFO - Weighted F1: 0.9746
2026-03-22 22:02:13,203 - cyberbully - INFO - Micro F1: 0.9747
2026-03-22 22:02:13,203 - cyberbully - INFO - Inference time: 2.37 seconds
2026-03-22 22:02:13,203 - cyberbully - INFO - Energy consumption: 0.000123 kWh
2026-03-22 22:02:13,205 - cyberbully - INFO - ============================================================
2026-03-22 22:02:13,205 - cyberbully - INFO - Pipeline complete. Results saved to: experiments/grid-search/all-distilroberta-v1/tweeteval/prep0_aug1/seed_43782163
2026-03-22 22:02:13,205 - cyberbully - INFO - ============================================================
