2026-02-17 15:43:45,669 - cyberbully - INFO - ============================================================
2026-02-17 15:43:45,669 - cyberbully - INFO - Cyberbullying Detection Pipeline
2026-02-17 15:43:45,670 - cyberbully - INFO - ============================================================
2026-02-17 15:43:45,670 - cyberbully - INFO - Configuration:
2026-02-17 15:43:45,670 - cyberbully - INFO -   model          : Twitter/twhin-bert-base
2026-02-17 15:43:45,670 - cyberbully - INFO -   dataset        : ieee
2026-02-17 15:43:45,670 - cyberbully - INFO -   preprocess     : True
2026-02-17 15:43:45,670 - cyberbully - INFO -   augment        : False
2026-02-17 15:43:45,670 - cyberbully - INFO -   compute_attribution: False
2026-02-17 15:43:45,670 - cyberbully - INFO -   seed           : 52680723
2026-02-17 15:43:45,670 - cyberbully - INFO -   epochs         : 5
2026-02-17 15:43:45,670 - cyberbully - INFO -   batch_size     : 16
2026-02-17 15:43:45,670 - cyberbully - INFO -   lr             : 2e-05
2026-02-17 15:43:45,670 - cyberbully - INFO -   max_length     : 128
2026-02-17 15:43:45,670 - cyberbully - INFO -   output_dir     : experiments/domain
2026-02-17 15:43:45,670 - cyberbully - INFO -   data_dir       : dataset
2026-02-17 15:43:45,670 - cyberbully - INFO -   overwrite      : False
2026-02-17 15:43:45,670 - cyberbully - INFO -   device         : cuda
2026-02-17 15:43:45,670 - cyberbully - INFO -   output_dir     : experiments/domain/Twitter_twhin-bert-base/ieee/prep1_aug0/seed_52680723
2026-02-17 15:43:45,670 - cyberbully - INFO - ============================================================
2026-02-17 15:43:45,670 - cyberbully - INFO - Step 1: Preparing data...
2026-02-17 15:43:45,670 - cyberbully - INFO - Loading dataset 'ieee' from dataset/IEEE Data Port.csv
2026-02-17 15:43:45,676 - cyberbully - INFO - Loaded 2108 samples with 5 classes: ['Cyberstalking', 'Doxing', 'Revenge Porn', 'Sexual Harassment', 'Slut Shaming']
2026-02-17 15:43:45,676 - cyberbully - INFO - Applying text preprocessing...
2026-02-17 15:43:48,770 - cyberbully - INFO - After preprocessing: 1815 samples remain
2026-02-17 15:43:48,771 - cyberbully - INFO - Label mapping: {'Cyberstalking': 0, 'Doxing': 1, 'Revenge Porn': 2, 'Sexual Harassment': 3, 'Slut Shaming': 4}
2026-02-17 15:43:48,773 - cyberbully - INFO - Split sizes — train: 1161, val: 291, test: 363
2026-02-17 15:43:48,773 - cyberbully - INFO - Number of classes: 5
2026-02-17 15:43:48,773 - cyberbully - INFO - Step 2: Loading model and tokenizer...
2026-02-17 15:43:48,773 - cyberbully - INFO - Loading model 'Twitter/twhin-bert-base' with 5 labels
2026-02-17 15:43:50,078 - cyberbully - INFO - Step 3: Tokenizing datasets...
2026-02-17 15:43:50,105 - cyberbully - INFO - Dataset sizes — train: 1161, val: 291, test: 363
2026-02-17 15:43:50,105 - cyberbully - INFO - Step 4: Training...
2026-02-17 15:43:50,437 - cyberbully - INFO - Starting training...
2026-02-17 15:44:22,448 - cyberbully - INFO - Training complete.
2026-02-17 15:44:22,448 - cyberbully - INFO - Step 5: Evaluating on test set...
2026-02-17 15:44:27,018 - cyberbully - INFO - Metrics saved to experiments/domain/Twitter_twhin-bert-base/ieee/prep1_aug0/seed_52680723/metrics.json
2026-02-17 15:44:27,019 - cyberbully - INFO - Confusion matrix saved to experiments/domain/Twitter_twhin-bert-base/ieee/prep1_aug0/seed_52680723/confusion_matrix.json
2026-02-17 15:44:27,119 - cyberbully - INFO - Confusion matrix figure saved to experiments/domain/Twitter_twhin-bert-base/ieee/prep1_aug0/seed_52680723/confusion_matrix.pdf
2026-02-17 15:44:27,119 - cyberbully - INFO - Accuracy: 0.8320
2026-02-17 15:44:27,119 - cyberbully - INFO - Weighted F1: 0.8324
2026-02-17 15:44:27,119 - cyberbully - INFO - Micro F1: 0.8320
2026-02-17 15:44:27,119 - cyberbully - INFO - Inference time: 0.29 seconds
2026-02-17 15:44:27,119 - cyberbully - INFO - Energy consumption: 0.000018 kWh
2026-02-17 15:44:27,119 - cyberbully - INFO - ============================================================
2026-02-17 15:44:27,119 - cyberbully - INFO - Pipeline complete. Results saved to: experiments/domain/Twitter_twhin-bert-base/ieee/prep1_aug0/seed_52680723
2026-02-17 15:44:27,119 - cyberbully - INFO - ============================================================
