2026-04-09 00:39:14,157 - cyberbully - INFO - ============================================================
2026-04-09 00:39:14,157 - cyberbully - INFO - Cyberbullying Detection Pipeline
2026-04-09 00:39:14,157 - cyberbully - INFO - ============================================================
2026-04-09 00:39:14,157 - cyberbully - INFO - Configuration:
2026-04-09 00:39:14,157 - cyberbully - INFO -   model          : google/mobilebert-uncased
2026-04-09 00:39:14,157 - cyberbully - INFO -   dataset        : tweeteval
2026-04-09 00:39:14,157 - cyberbully - INFO -   preprocess     : True
2026-04-09 00:39:14,157 - cyberbully - INFO -   augment        : False
2026-04-09 00:39:14,157 - cyberbully - INFO -   compute_attribution: False
2026-04-09 00:39:14,157 - cyberbully - INFO -   seed           : 37622020
2026-04-09 00:39:14,157 - cyberbully - INFO -   epochs         : 10
2026-04-09 00:39:14,157 - cyberbully - INFO -   batch_size     : 32
2026-04-09 00:39:14,157 - cyberbully - INFO -   lr             : 5e-05
2026-04-09 00:39:14,157 - cyberbully - INFO -   max_length     : 128
2026-04-09 00:39:14,157 - cyberbully - INFO -   output_dir     : grid-search
2026-04-09 00:39:14,157 - cyberbully - INFO -   data_dir       : dataset
2026-04-09 00:39:14,157 - cyberbully - INFO -   sbert          : False
2026-04-09 00:39:14,157 - cyberbully - INFO -   supcon         : False
2026-04-09 00:39:14,157 - cyberbully - INFO -   supcon_weight  : 0.1
2026-04-09 00:39:14,157 - cyberbully - INFO -   proj_dim       : 128
2026-04-09 00:39:14,157 - cyberbully - INFO -   grad_accum_steps: 1
2026-04-09 00:39:14,157 - cyberbully - INFO -   overwrite      : False
2026-04-09 00:39:14,157 - cyberbully - INFO -   device         : cuda
2026-04-09 00:39:14,157 - cyberbully - INFO -   output_dir     : experiments/grid-search/google_mobilebert-uncased/tweeteval/prep1_aug0/seed_37622020
2026-04-09 00:39:14,157 - cyberbully - INFO - ============================================================
2026-04-09 00:39:14,157 - cyberbully - INFO - Step 1: Preparing data...
2026-04-09 00:39:14,205 - cyberbully - INFO - Loaded pre-split data from dataset/tweeteval — train: 32485, val: 8122, test: 10152
2026-04-09 00:39:14,206 - cyberbully - INFO - Label mapping: {'emotion': 0, 'hate': 1, 'offensive': 2, 'religion': 3, 'spiritual': 4}
2026-04-09 00:39:14,206 - cyberbully - INFO - Applying text preprocessing per split...
2026-04-09 00:40:11,029 - cyberbully - INFO - After preprocessing — train: 30369, val: 7613, test: 9463
2026-04-09 00:40:11,039 - cyberbully - INFO - Number of classes: 5
2026-04-09 00:40:11,040 - cyberbully - INFO - Step 2: Loading model and tokenizer...
2026-04-09 00:40:11,040 - cyberbully - INFO - Loading model 'google/mobilebert-uncased' with 5 labels (sbert=False, supcon=False)
2026-04-09 00:40:13,149 - cyberbully - WARNING - FP16 disabled for model_type='mobilebert' (known fp16 instability).
2026-04-09 00:40:13,149 - cyberbully - INFO - Step 3: Creating datasets...
2026-04-09 00:40:13,765 - cyberbully - INFO - Dataset sizes — train: 30369, val: 7613, test: 9463
2026-04-09 00:40:13,765 - cyberbully - INFO - Step 4: Training...
2026-04-09 00:40:13,844 - cyberbully - INFO - Starting training...
2026-04-09 00:51:41,742 - cyberbully - INFO - Training complete.
2026-04-09 00:51:41,760 - cyberbully - INFO - Removed checkpoint: experiments/grid-search/google_mobilebert-uncased/tweeteval/prep1_aug0/seed_37622020/checkpoint-8550
2026-04-09 00:51:41,778 - cyberbully - INFO - Removed checkpoint: experiments/grid-search/google_mobilebert-uncased/tweeteval/prep1_aug0/seed_37622020/checkpoint-950
2026-04-09 00:51:41,795 - cyberbully - INFO - Removed checkpoint: experiments/grid-search/google_mobilebert-uncased/tweeteval/prep1_aug0/seed_37622020/checkpoint-2850
2026-04-09 00:51:41,813 - cyberbully - INFO - Removed checkpoint: experiments/grid-search/google_mobilebert-uncased/tweeteval/prep1_aug0/seed_37622020/checkpoint-7600
2026-04-09 00:51:41,830 - cyberbully - INFO - Removed checkpoint: experiments/grid-search/google_mobilebert-uncased/tweeteval/prep1_aug0/seed_37622020/checkpoint-9500
2026-04-09 00:51:41,848 - cyberbully - INFO - Removed checkpoint: experiments/grid-search/google_mobilebert-uncased/tweeteval/prep1_aug0/seed_37622020/checkpoint-3800
2026-04-09 00:51:41,866 - cyberbully - INFO - Removed checkpoint: experiments/grid-search/google_mobilebert-uncased/tweeteval/prep1_aug0/seed_37622020/checkpoint-1900
2026-04-09 00:51:41,883 - cyberbully - INFO - Removed checkpoint: experiments/grid-search/google_mobilebert-uncased/tweeteval/prep1_aug0/seed_37622020/checkpoint-5700
2026-04-09 00:51:41,901 - cyberbully - INFO - Removed checkpoint: experiments/grid-search/google_mobilebert-uncased/tweeteval/prep1_aug0/seed_37622020/checkpoint-4750
2026-04-09 00:51:41,918 - cyberbully - INFO - Removed checkpoint: experiments/grid-search/google_mobilebert-uncased/tweeteval/prep1_aug0/seed_37622020/checkpoint-6650
2026-04-09 00:51:41,918 - cyberbully - INFO - Step 5: Evaluating on test set...
2026-04-09 00:51:50,789 - cyberbully - INFO - Metrics saved to experiments/grid-search/google_mobilebert-uncased/tweeteval/prep1_aug0/seed_37622020/metrics.json
2026-04-09 00:51:50,789 - cyberbully - INFO - Confusion matrix saved to experiments/grid-search/google_mobilebert-uncased/tweeteval/prep1_aug0/seed_37622020/confusion_matrix.json
2026-04-09 00:51:50,878 - cyberbully - INFO - Per-sample predictions saved to experiments/grid-search/google_mobilebert-uncased/tweeteval/prep1_aug0/seed_37622020/predictions.json
2026-04-09 00:51:50,983 - cyberbully - INFO - Confusion matrix figure saved to experiments/grid-search/google_mobilebert-uncased/tweeteval/prep1_aug0/seed_37622020/confusion_matrix.pdf
2026-04-09 00:51:50,983 - cyberbully - INFO - Accuracy: 0.9393
2026-04-09 00:51:50,983 - cyberbully - INFO - Weighted F1: 0.9393
2026-04-09 00:51:50,983 - cyberbully - INFO - Micro F1: 0.9393
2026-04-09 00:51:50,983 - cyberbully - INFO - Inference time: 4.64 seconds
2026-04-09 00:51:50,983 - cyberbully - INFO - Energy consumption: 0.000293 kWh
2026-04-09 00:51:50,985 - cyberbully - INFO - ============================================================
2026-04-09 00:51:50,985 - cyberbully - INFO - Pipeline complete. Results saved to: experiments/grid-search/google_mobilebert-uncased/tweeteval/prep1_aug0/seed_37622020
2026-04-09 00:51:50,985 - cyberbully - INFO - ============================================================
