2026-03-20 18:53:22,360 - cyberbully - INFO - ============================================================
2026-03-20 18:53:22,360 - cyberbully - INFO - Cyberbullying Detection Pipeline
2026-03-20 18:53:22,360 - cyberbully - INFO - ============================================================
2026-03-20 18:53:22,360 - cyberbully - INFO - Configuration:
2026-03-20 18:53:22,360 - cyberbully - INFO -   model          : GroNLP/hateBERT
2026-03-20 18:53:22,360 - cyberbully - INFO -   dataset        : kaggle
2026-03-20 18:53:22,360 - cyberbully - INFO -   preprocess     : False
2026-03-20 18:53:22,360 - cyberbully - INFO -   augment        : False
2026-03-20 18:53:22,360 - cyberbully - INFO -   compute_attribution: False
2026-03-20 18:53:22,360 - cyberbully - INFO -   seed           : 70681460
2026-03-20 18:53:22,360 - cyberbully - INFO -   epochs         : 10
2026-03-20 18:53:22,360 - cyberbully - INFO -   batch_size     : 32
2026-03-20 18:53:22,360 - cyberbully - INFO -   lr             : 5e-05
2026-03-20 18:53:22,360 - cyberbully - INFO -   max_length     : 128
2026-03-20 18:53:22,360 - cyberbully - INFO -   output_dir     : grid-search
2026-03-20 18:53:22,360 - cyberbully - INFO -   data_dir       : dataset
2026-03-20 18:53:22,360 - cyberbully - INFO -   sbert          : False
2026-03-20 18:53:22,360 - cyberbully - INFO -   supcon         : False
2026-03-20 18:53:22,360 - cyberbully - INFO -   supcon_weight  : 0.1
2026-03-20 18:53:22,360 - cyberbully - INFO -   proj_dim       : 128
2026-03-20 18:53:22,360 - cyberbully - INFO -   grad_accum_steps: 1
2026-03-20 18:53:22,360 - cyberbully - INFO -   overwrite      : False
2026-03-20 18:53:22,360 - cyberbully - INFO -   device         : cuda
2026-03-20 18:53:22,360 - cyberbully - INFO -   output_dir     : experiments/grid-search/GroNLP_hateBERT/kaggle/prep0_aug0/seed_70681460
2026-03-20 18:53:22,360 - cyberbully - INFO - ============================================================
2026-03-20 18:53:22,360 - cyberbully - INFO - Step 1: Preparing data...
2026-03-20 18:53:22,414 - cyberbully - INFO - Loaded pre-split data from dataset/kaggle — train: 30499, val: 7625, test: 9532
2026-03-20 18:53:22,414 - cyberbully - INFO - Label mapping: {'age': 0, 'ethnicity': 1, 'gender': 2, 'not_cyberbullying': 3, 'other_cyberbullying': 4, 'religion': 5}
2026-03-20 18:53:22,426 - cyberbully - INFO - Number of classes: 6
2026-03-20 18:53:22,428 - cyberbully - INFO - Step 2: Loading model and tokenizer...
2026-03-20 18:53:22,428 - cyberbully - INFO - Loading model 'GroNLP/hateBERT' with 6 labels (sbert=False, supcon=False)
2026-03-20 18:53:23,226 - cyberbully - INFO - Step 3: Creating datasets...
2026-03-20 18:53:23,994 - cyberbully - INFO - Dataset sizes — train: 30499, val: 7625, test: 9532
2026-03-20 18:53:23,995 - cyberbully - INFO - Step 4: Training...
2026-03-20 18:53:24,112 - cyberbully - INFO - Starting training...
2026-03-20 19:04:32,647 - cyberbully - INFO - Training complete.
2026-03-20 19:04:32,732 - cyberbully - INFO - Removed checkpoint: experiments/grid-search/GroNLP_hateBERT/kaggle/prep0_aug0/seed_70681460/checkpoint-1908
2026-03-20 19:04:32,813 - cyberbully - INFO - Removed checkpoint: experiments/grid-search/GroNLP_hateBERT/kaggle/prep0_aug0/seed_70681460/checkpoint-4770
2026-03-20 19:04:32,892 - cyberbully - INFO - Removed checkpoint: experiments/grid-search/GroNLP_hateBERT/kaggle/prep0_aug0/seed_70681460/checkpoint-9540
2026-03-20 19:04:32,974 - cyberbully - INFO - Removed checkpoint: experiments/grid-search/GroNLP_hateBERT/kaggle/prep0_aug0/seed_70681460/checkpoint-2862
2026-03-20 19:04:33,052 - cyberbully - INFO - Removed checkpoint: experiments/grid-search/GroNLP_hateBERT/kaggle/prep0_aug0/seed_70681460/checkpoint-7632
2026-03-20 19:04:33,135 - cyberbully - INFO - Removed checkpoint: experiments/grid-search/GroNLP_hateBERT/kaggle/prep0_aug0/seed_70681460/checkpoint-3816
2026-03-20 19:04:33,216 - cyberbully - INFO - Removed checkpoint: experiments/grid-search/GroNLP_hateBERT/kaggle/prep0_aug0/seed_70681460/checkpoint-5724
2026-03-20 19:04:33,304 - cyberbully - INFO - Removed checkpoint: experiments/grid-search/GroNLP_hateBERT/kaggle/prep0_aug0/seed_70681460/checkpoint-954
2026-03-20 19:04:33,384 - cyberbully - INFO - Removed checkpoint: experiments/grid-search/GroNLP_hateBERT/kaggle/prep0_aug0/seed_70681460/checkpoint-8586
2026-03-20 19:04:33,463 - cyberbully - INFO - Removed checkpoint: experiments/grid-search/GroNLP_hateBERT/kaggle/prep0_aug0/seed_70681460/checkpoint-6678
2026-03-20 19:04:33,464 - cyberbully - INFO - Step 5: Evaluating on test set...
2026-03-20 19:04:42,928 - cyberbully - INFO - Metrics saved to experiments/grid-search/GroNLP_hateBERT/kaggle/prep0_aug0/seed_70681460/metrics.json
2026-03-20 19:04:42,928 - cyberbully - INFO - Confusion matrix saved to experiments/grid-search/GroNLP_hateBERT/kaggle/prep0_aug0/seed_70681460/confusion_matrix.json
2026-03-20 19:04:43,041 - cyberbully - INFO - Per-sample predictions saved to experiments/grid-search/GroNLP_hateBERT/kaggle/prep0_aug0/seed_70681460/predictions.json
2026-03-20 19:04:43,164 - cyberbully - INFO - Confusion matrix figure saved to experiments/grid-search/GroNLP_hateBERT/kaggle/prep0_aug0/seed_70681460/confusion_matrix.pdf
2026-03-20 19:04:43,164 - cyberbully - INFO - Accuracy: 0.8663
2026-03-20 19:04:43,164 - cyberbully - INFO - Weighted F1: 0.8676
2026-03-20 19:04:43,164 - cyberbully - INFO - Micro F1: 0.8663
2026-03-20 19:04:43,164 - cyberbully - INFO - Inference time: 4.22 seconds
2026-03-20 19:04:43,164 - cyberbully - INFO - Energy consumption: 0.000227 kWh
2026-03-20 19:04:43,166 - cyberbully - INFO - ============================================================
2026-03-20 19:04:43,166 - cyberbully - INFO - Pipeline complete. Results saved to: experiments/grid-search/GroNLP_hateBERT/kaggle/prep0_aug0/seed_70681460
2026-03-20 19:04:43,166 - cyberbully - INFO - ============================================================
