2026-06-15 11:47:23,230 - cyberbully - INFO - ============================================================
2026-06-15 11:47:23,230 - cyberbully - INFO - Cyberbullying Detection Pipeline
2026-06-15 11:47:23,230 - cyberbully - INFO - ============================================================
2026-06-15 11:47:23,230 - cyberbully - INFO - Configuration:
2026-06-15 11:47:23,230 - cyberbully - INFO -   model          : chandar-lab/NeoBERT
2026-06-15 11:47:23,230 - cyberbully - INFO -   dataset        : kaggle
2026-06-15 11:47:23,230 - cyberbully - INFO -   preprocess     : False
2026-06-15 11:47:23,230 - cyberbully - INFO -   prep_mode      : 2
2026-06-15 11:47:23,230 - cyberbully - INFO -   augment        : False
2026-06-15 11:47:23,230 - cyberbully - INFO -   compute_attribution: False
2026-06-15 11:47:23,230 - cyberbully - INFO -   seed           : 43782163
2026-06-15 11:47:23,230 - cyberbully - INFO -   epochs         : 10
2026-06-15 11:47:23,230 - cyberbully - INFO -   batch_size     : 32
2026-06-15 11:47:23,230 - cyberbully - INFO -   lr             : 5e-05
2026-06-15 11:47:23,230 - cyberbully - INFO -   max_length     : 128
2026-06-15 11:47:23,230 - cyberbully - INFO -   output_dir     : grid-search
2026-06-15 11:47:23,230 - cyberbully - INFO -   data_dir       : dataset
2026-06-15 11:47:23,230 - cyberbully - INFO -   sbert          : False
2026-06-15 11:47:23,230 - cyberbully - INFO -   supcon         : False
2026-06-15 11:47:23,230 - cyberbully - INFO -   supcon_weight  : 0.1
2026-06-15 11:47:23,230 - cyberbully - INFO -   proj_dim       : 128
2026-06-15 11:47:23,230 - cyberbully - INFO -   grad_accum_steps: 1
2026-06-15 11:47:23,230 - cyberbully - INFO -   overwrite      : False
2026-06-15 11:47:23,230 - cyberbully - INFO -   device         : cuda
2026-06-15 11:47:23,230 - cyberbully - INFO -   output_dir     : experiments/grid-search/chandar-lab_NeoBERT/kaggle/prep2_aug0/seed_43782163
2026-06-15 11:47:23,230 - cyberbully - INFO - ============================================================
2026-06-15 11:47:23,230 - cyberbully - INFO - Step 1: Preparing data...
2026-06-15 11:47:23,277 - cyberbully - INFO - Loaded pre-split data from dataset/kaggle — train: 25604, val: 6401, test: 8002
2026-06-15 11:47:23,277 - cyberbully - INFO - Label mapping: {'age': 0, 'ethnicity': 1, 'gender': 2, 'other_cyberbullying': 3, 'religion': 4}
2026-06-15 11:47:23,278 - cyberbully - INFO - Applying partial text preprocessing per split...
2026-06-15 11:47:24,579 - cyberbully - INFO - After preprocessing -- train: 25604, val: 6401, test: 8002
2026-06-15 11:47:24,583 - cyberbully - INFO - Number of classes: 5
2026-06-15 11:47:24,584 - cyberbully - INFO - Step 2: Loading model and tokenizer...
2026-06-15 11:47:24,584 - cyberbully - INFO - Loading model 'chandar-lab/NeoBERT' with 5 labels (sbert=False, supcon=False)
2026-06-15 11:47:26,365 - cyberbully - INFO - Step 3: Creating datasets...
2026-06-15 11:47:27,140 - cyberbully - INFO - Dataset sizes — train: 25604, val: 6401, test: 8002
2026-06-15 11:47:27,140 - cyberbully - INFO - Step 4: Training...
2026-06-15 11:47:27,410 - cyberbully - INFO - Starting training...
2026-06-15 12:20:42,587 - cyberbully - INFO - Training complete.
2026-06-15 12:20:42,714 - cyberbully - INFO - Removed checkpoint: experiments/grid-search/chandar-lab_NeoBERT/kaggle/prep2_aug0/seed_43782163/checkpoint-5607
2026-06-15 12:20:42,868 - cyberbully - INFO - Removed checkpoint: experiments/grid-search/chandar-lab_NeoBERT/kaggle/prep2_aug0/seed_43782163/checkpoint-8010
2026-06-15 12:20:42,996 - cyberbully - INFO - Removed checkpoint: experiments/grid-search/chandar-lab_NeoBERT/kaggle/prep2_aug0/seed_43782163/checkpoint-6408
2026-06-15 12:20:43,126 - cyberbully - INFO - Removed checkpoint: experiments/grid-search/chandar-lab_NeoBERT/kaggle/prep2_aug0/seed_43782163/checkpoint-1602
2026-06-15 12:20:43,256 - cyberbully - INFO - Removed checkpoint: experiments/grid-search/chandar-lab_NeoBERT/kaggle/prep2_aug0/seed_43782163/checkpoint-3204
2026-06-15 12:20:43,384 - cyberbully - INFO - Removed checkpoint: experiments/grid-search/chandar-lab_NeoBERT/kaggle/prep2_aug0/seed_43782163/checkpoint-7209
2026-06-15 12:20:43,513 - cyberbully - INFO - Removed checkpoint: experiments/grid-search/chandar-lab_NeoBERT/kaggle/prep2_aug0/seed_43782163/checkpoint-4005
2026-06-15 12:20:43,642 - cyberbully - INFO - Removed checkpoint: experiments/grid-search/chandar-lab_NeoBERT/kaggle/prep2_aug0/seed_43782163/checkpoint-4806
2026-06-15 12:20:43,775 - cyberbully - INFO - Removed checkpoint: experiments/grid-search/chandar-lab_NeoBERT/kaggle/prep2_aug0/seed_43782163/checkpoint-801
2026-06-15 12:20:43,904 - cyberbully - INFO - Removed checkpoint: experiments/grid-search/chandar-lab_NeoBERT/kaggle/prep2_aug0/seed_43782163/checkpoint-2403
2026-06-15 12:20:43,904 - cyberbully - INFO - Step 5: Evaluating on test set...
2026-06-15 12:21:06,366 - cyberbully - INFO - Metrics saved to experiments/grid-search/chandar-lab_NeoBERT/kaggle/prep2_aug0/seed_43782163/metrics.json
2026-06-15 12:21:06,366 - cyberbully - INFO - Confusion matrix saved to experiments/grid-search/chandar-lab_NeoBERT/kaggle/prep2_aug0/seed_43782163/confusion_matrix.json
2026-06-15 12:21:06,452 - cyberbully - INFO - Per-sample predictions saved to experiments/grid-search/chandar-lab_NeoBERT/kaggle/prep2_aug0/seed_43782163/predictions.json
2026-06-15 12:21:06,563 - cyberbully - INFO - Confusion matrix figure saved to experiments/grid-search/chandar-lab_NeoBERT/kaggle/prep2_aug0/seed_43782163/confusion_matrix.pdf
2026-06-15 12:21:06,563 - cyberbully - INFO - Accuracy: 0.9483
2026-06-15 12:21:06,563 - cyberbully - INFO - Weighted F1: 0.9483
2026-06-15 12:21:06,563 - cyberbully - INFO - Micro F1: 0.9483
2026-06-15 12:21:06,563 - cyberbully - INFO - Inference time: 16.35 seconds
2026-06-15 12:21:06,564 - cyberbully - INFO - Energy consumption: 0.000957 kWh
2026-06-15 12:21:06,565 - cyberbully - INFO - ============================================================
2026-06-15 12:21:06,565 - cyberbully - INFO - Pipeline complete. Results saved to: experiments/grid-search/chandar-lab_NeoBERT/kaggle/prep2_aug0/seed_43782163
2026-06-15 12:21:06,565 - cyberbully - INFO - ============================================================
