2026-06-15 04:50:00,011 - cyberbully - INFO - ============================================================
2026-06-15 04:50:00,011 - cyberbully - INFO - Cyberbullying Detection Pipeline
2026-06-15 04:50:00,011 - cyberbully - INFO - ============================================================
2026-06-15 04:50:00,011 - cyberbully - INFO - Configuration:
2026-06-15 04:50:00,011 - cyberbully - INFO -   model          : roberta-base
2026-06-15 04:50:00,011 - cyberbully - INFO -   dataset        : ieee
2026-06-15 04:50:00,011 - cyberbully - INFO -   preprocess     : False
2026-06-15 04:50:00,011 - cyberbully - INFO -   prep_mode      : 2
2026-06-15 04:50:00,011 - cyberbully - INFO -   augment        : False
2026-06-15 04:50:00,011 - cyberbully - INFO -   compute_attribution: False
2026-06-15 04:50:00,011 - cyberbully - INFO -   seed           : 24677315
2026-06-15 04:50:00,011 - cyberbully - INFO -   epochs         : 10
2026-06-15 04:50:00,011 - cyberbully - INFO -   batch_size     : 32
2026-06-15 04:50:00,011 - cyberbully - INFO -   lr             : 5e-05
2026-06-15 04:50:00,011 - cyberbully - INFO -   max_length     : 128
2026-06-15 04:50:00,011 - cyberbully - INFO -   output_dir     : grid-search
2026-06-15 04:50:00,011 - cyberbully - INFO -   data_dir       : dataset
2026-06-15 04:50:00,011 - cyberbully - INFO -   sbert          : False
2026-06-15 04:50:00,011 - cyberbully - INFO -   supcon         : False
2026-06-15 04:50:00,011 - cyberbully - INFO -   supcon_weight  : 0.1
2026-06-15 04:50:00,011 - cyberbully - INFO -   proj_dim       : 128
2026-06-15 04:50:00,011 - cyberbully - INFO -   grad_accum_steps: 1
2026-06-15 04:50:00,011 - cyberbully - INFO -   overwrite      : False
2026-06-15 04:50:00,011 - cyberbully - INFO -   device         : cuda
2026-06-15 04:50:00,011 - cyberbully - INFO -   output_dir     : experiments/grid-search/roberta-base/ieee/prep2_aug0/seed_24677315
2026-06-15 04:50:00,011 - cyberbully - INFO - ============================================================
2026-06-15 04:50:00,011 - cyberbully - INFO - Step 1: Preparing data...
2026-06-15 04:50:00,015 - cyberbully - INFO - Loaded pre-split data from dataset/ieee — train: 1348, val: 338, test: 422
2026-06-15 04:50:00,015 - cyberbully - INFO - Label mapping: {'Cyberstalking': 0, 'Doxing': 1, 'Revenge Porn': 2, 'Sexual Harassment': 3, 'Slut Shaming': 4}
2026-06-15 04:50:00,016 - cyberbully - INFO - Applying partial text preprocessing per split...
2026-06-15 04:50:00,072 - cyberbully - INFO - After preprocessing -- train: 1348, val: 338, test: 422
2026-06-15 04:50:00,074 - cyberbully - INFO - Number of classes: 5
2026-06-15 04:50:00,076 - cyberbully - INFO - Step 2: Loading model and tokenizer...
2026-06-15 04:50:00,076 - cyberbully - INFO - Loading model 'roberta-base' with 5 labels (sbert=False, supcon=False)
2026-06-15 04:50:01,649 - cyberbully - INFO - Step 3: Creating datasets...
2026-06-15 04:50:01,669 - cyberbully - INFO - Dataset sizes — train: 1348, val: 338, test: 422
2026-06-15 04:50:01,669 - cyberbully - INFO - Step 4: Training...
2026-06-15 04:50:01,858 - cyberbully - INFO - Starting training...
2026-06-15 04:50:52,738 - cyberbully - INFO - Training complete.
2026-06-15 04:50:52,853 - cyberbully - INFO - Removed checkpoint: experiments/grid-search/roberta-base/ieee/prep2_aug0/seed_24677315/checkpoint-215
2026-06-15 04:50:52,968 - cyberbully - INFO - Removed checkpoint: experiments/grid-search/roberta-base/ieee/prep2_aug0/seed_24677315/checkpoint-387
2026-06-15 04:50:53,078 - cyberbully - INFO - Removed checkpoint: experiments/grid-search/roberta-base/ieee/prep2_aug0/seed_24677315/checkpoint-86
2026-06-15 04:50:53,184 - cyberbully - INFO - Removed checkpoint: experiments/grid-search/roberta-base/ieee/prep2_aug0/seed_24677315/checkpoint-129
2026-06-15 04:50:53,297 - cyberbully - INFO - Removed checkpoint: experiments/grid-search/roberta-base/ieee/prep2_aug0/seed_24677315/checkpoint-344
2026-06-15 04:50:53,410 - cyberbully - INFO - Removed checkpoint: experiments/grid-search/roberta-base/ieee/prep2_aug0/seed_24677315/checkpoint-258
2026-06-15 04:50:53,526 - cyberbully - INFO - Removed checkpoint: experiments/grid-search/roberta-base/ieee/prep2_aug0/seed_24677315/checkpoint-43
2026-06-15 04:50:53,639 - cyberbully - INFO - Removed checkpoint: experiments/grid-search/roberta-base/ieee/prep2_aug0/seed_24677315/checkpoint-301
2026-06-15 04:50:54,115 - cyberbully - INFO - Removed checkpoint: experiments/grid-search/roberta-base/ieee/prep2_aug0/seed_24677315/checkpoint-172
2026-06-15 04:50:54,231 - cyberbully - INFO - Removed checkpoint: experiments/grid-search/roberta-base/ieee/prep2_aug0/seed_24677315/checkpoint-430
2026-06-15 04:50:54,231 - cyberbully - INFO - Step 5: Evaluating on test set...
2026-06-15 04:51:00,493 - cyberbully - INFO - Metrics saved to experiments/grid-search/roberta-base/ieee/prep2_aug0/seed_24677315/metrics.json
2026-06-15 04:51:00,493 - cyberbully - INFO - Confusion matrix saved to experiments/grid-search/roberta-base/ieee/prep2_aug0/seed_24677315/confusion_matrix.json
2026-06-15 04:51:00,499 - cyberbully - INFO - Per-sample predictions saved to experiments/grid-search/roberta-base/ieee/prep2_aug0/seed_24677315/predictions.json
2026-06-15 04:51:00,618 - cyberbully - INFO - Confusion matrix figure saved to experiments/grid-search/roberta-base/ieee/prep2_aug0/seed_24677315/confusion_matrix.pdf
2026-06-15 04:51:00,618 - cyberbully - INFO - Accuracy: 0.8460
2026-06-15 04:51:00,618 - cyberbully - INFO - Weighted F1: 0.8466
2026-06-15 04:51:00,618 - cyberbully - INFO - Micro F1: 0.8460
2026-06-15 04:51:00,618 - cyberbully - INFO - Inference time: 0.26 seconds
2026-06-15 04:51:00,618 - cyberbully - INFO - Energy consumption: 0.000033 kWh
2026-06-15 04:51:00,618 - cyberbully - INFO - ============================================================
2026-06-15 04:51:00,618 - cyberbully - INFO - Pipeline complete. Results saved to: experiments/grid-search/roberta-base/ieee/prep2_aug0/seed_24677315
2026-06-15 04:51:00,618 - cyberbully - INFO - ============================================================
