2026-04-17 04:45:22,175 - cyberbully - INFO - ============================================================
2026-04-17 04:45:22,175 - cyberbully - INFO - Cyberbullying Detection Pipeline
2026-04-17 04:45:22,175 - cyberbully - INFO - ============================================================
2026-04-17 04:45:22,175 - cyberbully - INFO - Configuration:
2026-04-17 04:45:22,175 - cyberbully - INFO -   model          : xlnet-base-cased
2026-04-17 04:45:22,175 - cyberbully - INFO -   dataset        : tweeteval
2026-04-17 04:45:22,175 - cyberbully - INFO -   preprocess     : False
2026-04-17 04:45:22,175 - cyberbully - INFO -   augment        : True
2026-04-17 04:45:22,175 - cyberbully - INFO -   compute_attribution: False
2026-04-17 04:45:22,175 - cyberbully - INFO -   seed           : 52680723
2026-04-17 04:45:22,175 - cyberbully - INFO -   epochs         : 10
2026-04-17 04:45:22,175 - cyberbully - INFO -   batch_size     : 32
2026-04-17 04:45:22,175 - cyberbully - INFO -   lr             : 5e-05
2026-04-17 04:45:22,175 - cyberbully - INFO -   max_length     : 128
2026-04-17 04:45:22,175 - cyberbully - INFO -   output_dir     : grid-search
2026-04-17 04:45:22,175 - cyberbully - INFO -   data_dir       : dataset
2026-04-17 04:45:22,175 - cyberbully - INFO -   sbert          : False
2026-04-17 04:45:22,175 - cyberbully - INFO -   supcon         : False
2026-04-17 04:45:22,175 - cyberbully - INFO -   supcon_weight  : 0.1
2026-04-17 04:45:22,175 - cyberbully - INFO -   proj_dim       : 128
2026-04-17 04:45:22,175 - cyberbully - INFO -   grad_accum_steps: 1
2026-04-17 04:45:22,175 - cyberbully - INFO -   overwrite      : True
2026-04-17 04:45:22,175 - cyberbully - INFO -   device         : cuda
2026-04-17 04:45:22,175 - cyberbully - INFO -   output_dir     : experiments/grid-search/xlnet-base-cased/tweeteval/prep0_aug1/seed_52680723
2026-04-17 04:45:22,175 - cyberbully - INFO - ============================================================
2026-04-17 04:45:22,175 - cyberbully - INFO - Step 1: Preparing data...
2026-04-17 04:45:22,226 - cyberbully - INFO - Loaded pre-split data from dataset/tweeteval — train: 32485, val: 8122, test: 10152
2026-04-17 04:45:22,226 - cyberbully - INFO - Label mapping: {'emotion': 0, 'hate': 1, 'offensive': 2, 'religion': 3, 'spiritual': 4}
2026-04-17 04:45:22,228 - cyberbully - INFO - Applying training data augmentation (oversampling)...
2026-04-17 04:45:22,234 - cyberbully - INFO - After oversampling — class distribution: {0: 8985, 1: 8985, 2: 8985, 3: 8985, 4: 8985}
2026-04-17 04:45:22,244 - cyberbully - INFO - Number of classes: 5
2026-04-17 04:45:22,245 - cyberbully - INFO - Step 2: Loading model and tokenizer...
2026-04-17 04:45:22,245 - cyberbully - INFO - Loading model 'xlnet-base-cased' with 5 labels (sbert=False, supcon=False)
2026-04-17 04:45:24,326 - cyberbully - INFO - Step 3: Creating datasets...
2026-04-17 04:45:25,564 - cyberbully - INFO - Dataset sizes — train: 44925, val: 8122, test: 10152
2026-04-17 04:45:25,564 - cyberbully - INFO - Step 4: Training...
2026-04-17 04:45:25,697 - cyberbully - INFO - Starting training...
2026-04-17 05:06:12,399 - cyberbully - INFO - Training complete.
2026-04-17 05:06:12,506 - cyberbully - INFO - Removed checkpoint: experiments/grid-search/xlnet-base-cased/tweeteval/prep0_aug1/seed_52680723/checkpoint-8424
2026-04-17 05:06:12,590 - cyberbully - INFO - Removed checkpoint: experiments/grid-search/xlnet-base-cased/tweeteval/prep0_aug1/seed_52680723/checkpoint-5616
2026-04-17 05:06:12,672 - cyberbully - INFO - Removed checkpoint: experiments/grid-search/xlnet-base-cased/tweeteval/prep0_aug1/seed_52680723/checkpoint-7020
2026-04-17 05:06:12,754 - cyberbully - INFO - Removed checkpoint: experiments/grid-search/xlnet-base-cased/tweeteval/prep0_aug1/seed_52680723/checkpoint-11232
2026-04-17 05:06:12,839 - cyberbully - INFO - Removed checkpoint: experiments/grid-search/xlnet-base-cased/tweeteval/prep0_aug1/seed_52680723/checkpoint-12636
2026-04-17 05:06:12,851 - cyberbully - INFO - Removed checkpoint: experiments/grid-search/xlnet-base-cased/tweeteval/prep0_aug1/seed_52680723/checkpoint-1404
2026-04-17 05:06:12,957 - cyberbully - INFO - Removed checkpoint: experiments/grid-search/xlnet-base-cased/tweeteval/prep0_aug1/seed_52680723/checkpoint-14040
2026-04-17 05:06:13,040 - cyberbully - INFO - Removed checkpoint: experiments/grid-search/xlnet-base-cased/tweeteval/prep0_aug1/seed_52680723/checkpoint-4212
2026-04-17 05:06:13,123 - cyberbully - INFO - Removed checkpoint: experiments/grid-search/xlnet-base-cased/tweeteval/prep0_aug1/seed_52680723/checkpoint-9828
2026-04-17 05:06:13,179 - cyberbully - INFO - Removed checkpoint: experiments/grid-search/xlnet-base-cased/tweeteval/prep0_aug1/seed_52680723/checkpoint-2808
2026-04-17 05:06:13,179 - cyberbully - INFO - Step 5: Evaluating on test set...
2026-04-17 05:06:24,953 - cyberbully - INFO - Metrics saved to experiments/grid-search/xlnet-base-cased/tweeteval/prep0_aug1/seed_52680723/metrics.json
2026-04-17 05:06:24,953 - cyberbully - INFO - Confusion matrix saved to experiments/grid-search/xlnet-base-cased/tweeteval/prep0_aug1/seed_52680723/confusion_matrix.json
2026-04-17 05:06:25,054 - cyberbully - INFO - Per-sample predictions saved to experiments/grid-search/xlnet-base-cased/tweeteval/prep0_aug1/seed_52680723/predictions.json
2026-04-17 05:06:25,160 - cyberbully - INFO - Confusion matrix figure saved to experiments/grid-search/xlnet-base-cased/tweeteval/prep0_aug1/seed_52680723/confusion_matrix.pdf
2026-04-17 05:06:25,160 - cyberbully - INFO - Accuracy: 0.9716
2026-04-17 05:06:25,160 - cyberbully - INFO - Weighted F1: 0.9716
2026-04-17 05:06:25,160 - cyberbully - INFO - Micro F1: 0.9716
2026-04-17 05:06:25,160 - cyberbully - INFO - Inference time: 7.20 seconds
2026-04-17 05:06:25,160 - cyberbully - INFO - Energy consumption: 0.000412 kWh
2026-04-17 05:06:25,161 - cyberbully - INFO - ============================================================
2026-04-17 05:06:25,161 - cyberbully - INFO - Pipeline complete. Results saved to: experiments/grid-search/xlnet-base-cased/tweeteval/prep0_aug1/seed_52680723
2026-04-17 05:06:25,161 - cyberbully - INFO - ============================================================
