2026-04-16 01:31:28,058 - cyberbully - INFO - Model 'all-MiniLM-L6-v2' detected as SBERT-based. Using SBERTClassifier pipeline.
2026-04-16 01:31:28,058 - cyberbully - INFO - ============================================================
2026-04-16 01:31:28,058 - cyberbully - INFO - Cyberbullying Detection Pipeline
2026-04-16 01:31:28,058 - cyberbully - INFO - ============================================================
2026-04-16 01:31:28,058 - cyberbully - INFO - Configuration:
2026-04-16 01:31:28,058 - cyberbully - INFO -   model          : all-MiniLM-L6-v2
2026-04-16 01:31:28,058 - cyberbully - INFO -   dataset        : tweeteval
2026-04-16 01:31:28,058 - cyberbully - INFO -   preprocess     : True
2026-04-16 01:31:28,058 - cyberbully - INFO -   augment        : False
2026-04-16 01:31:28,058 - cyberbully - INFO -   compute_attribution: False
2026-04-16 01:31:28,058 - cyberbully - INFO -   seed           : 90995999
2026-04-16 01:31:28,058 - cyberbully - INFO -   epochs         : 10
2026-04-16 01:31:28,058 - cyberbully - INFO -   batch_size     : 32
2026-04-16 01:31:28,058 - cyberbully - INFO -   lr             : 5e-05
2026-04-16 01:31:28,058 - cyberbully - INFO -   max_length     : 128
2026-04-16 01:31:28,058 - cyberbully - INFO -   output_dir     : grid-search
2026-04-16 01:31:28,058 - cyberbully - INFO -   data_dir       : dataset
2026-04-16 01:31:28,058 - cyberbully - INFO -   sbert          : True
2026-04-16 01:31:28,058 - cyberbully - INFO -   supcon         : False
2026-04-16 01:31:28,059 - cyberbully - INFO -   supcon_weight  : 0.1
2026-04-16 01:31:28,059 - cyberbully - INFO -   proj_dim       : 128
2026-04-16 01:31:28,059 - cyberbully - INFO -   grad_accum_steps: 1
2026-04-16 01:31:28,059 - cyberbully - INFO -   overwrite      : False
2026-04-16 01:31:28,059 - cyberbully - INFO -   device         : cuda
2026-04-16 01:31:28,059 - cyberbully - INFO -   output_dir     : experiments/grid-search/all-MiniLM-L6-v2/tweeteval/prep1_aug0/seed_90995999
2026-04-16 01:31:28,059 - cyberbully - INFO - ============================================================
2026-04-16 01:31:28,059 - cyberbully - INFO - Step 1: Preparing data...
2026-04-16 01:31:28,106 - cyberbully - INFO - Loaded pre-split data from dataset/tweeteval — train: 32485, val: 8122, test: 10152
2026-04-16 01:31:28,106 - cyberbully - INFO - Label mapping: {'emotion': 0, 'hate': 1, 'offensive': 2, 'religion': 3, 'spiritual': 4}
2026-04-16 01:31:28,106 - cyberbully - INFO - Applying text preprocessing per split...
2026-04-16 01:32:27,713 - cyberbully - INFO - After preprocessing — train: 30367, val: 7614, test: 9463
2026-04-16 01:32:27,723 - cyberbully - INFO - Number of classes: 5
2026-04-16 01:32:27,724 - cyberbully - INFO - Step 2: Loading model and tokenizer...
2026-04-16 01:32:27,724 - cyberbully - INFO - Loading model 'all-MiniLM-L6-v2' with 5 labels (sbert=True, supcon=False)
2026-04-16 01:32:31,674 - cyberbully - INFO - SBERTClassifier: embedding_dim=384, hidden=256, proj_dim=None, num_labels=5
2026-04-16 01:32:32,246 - cyberbully - INFO - Step 3: Creating datasets...
2026-04-16 01:32:33,435 - cyberbully - INFO - Dataset sizes — train: 30367, val: 7614, test: 9463
2026-04-16 01:32:33,435 - cyberbully - INFO - Step 4: Training...
2026-04-16 01:32:33,481 - cyberbully - INFO - Starting training...
2026-04-16 01:35:33,238 - cyberbully - INFO - Training complete.
2026-04-16 01:35:33,251 - cyberbully - INFO - Removed checkpoint: experiments/grid-search/all-MiniLM-L6-v2/tweeteval/prep1_aug0/seed_90995999/checkpoint-1898
2026-04-16 01:35:33,501 - cyberbully - INFO - Removed checkpoint: experiments/grid-search/all-MiniLM-L6-v2/tweeteval/prep1_aug0/seed_90995999/checkpoint-7592
2026-04-16 01:35:33,514 - cyberbully - INFO - Removed checkpoint: experiments/grid-search/all-MiniLM-L6-v2/tweeteval/prep1_aug0/seed_90995999/checkpoint-6643
2026-04-16 01:35:33,528 - cyberbully - INFO - Removed checkpoint: experiments/grid-search/all-MiniLM-L6-v2/tweeteval/prep1_aug0/seed_90995999/checkpoint-2847
2026-04-16 01:35:34,270 - cyberbully - INFO - Removed checkpoint: experiments/grid-search/all-MiniLM-L6-v2/tweeteval/prep1_aug0/seed_90995999/checkpoint-8541
2026-04-16 01:35:34,295 - cyberbully - INFO - Removed checkpoint: experiments/grid-search/all-MiniLM-L6-v2/tweeteval/prep1_aug0/seed_90995999/checkpoint-5694
2026-04-16 01:35:34,309 - cyberbully - INFO - Removed checkpoint: experiments/grid-search/all-MiniLM-L6-v2/tweeteval/prep1_aug0/seed_90995999/checkpoint-3796
2026-04-16 01:35:34,323 - cyberbully - INFO - Removed checkpoint: experiments/grid-search/all-MiniLM-L6-v2/tweeteval/prep1_aug0/seed_90995999/checkpoint-949
2026-04-16 01:35:34,339 - cyberbully - INFO - Removed checkpoint: experiments/grid-search/all-MiniLM-L6-v2/tweeteval/prep1_aug0/seed_90995999/checkpoint-9490
2026-04-16 01:35:34,353 - cyberbully - INFO - Removed checkpoint: experiments/grid-search/all-MiniLM-L6-v2/tweeteval/prep1_aug0/seed_90995999/checkpoint-4745
2026-04-16 01:35:34,353 - cyberbully - INFO - Step 5: Evaluating on test set...
2026-04-16 01:35:40,259 - cyberbully - INFO - Metrics saved to experiments/grid-search/all-MiniLM-L6-v2/tweeteval/prep1_aug0/seed_90995999/metrics.json
2026-04-16 01:35:40,259 - cyberbully - INFO - Confusion matrix saved to experiments/grid-search/all-MiniLM-L6-v2/tweeteval/prep1_aug0/seed_90995999/confusion_matrix.json
2026-04-16 01:35:40,357 - cyberbully - INFO - Per-sample predictions saved to experiments/grid-search/all-MiniLM-L6-v2/tweeteval/prep1_aug0/seed_90995999/predictions.json
2026-04-16 01:35:40,461 - cyberbully - INFO - Confusion matrix figure saved to experiments/grid-search/all-MiniLM-L6-v2/tweeteval/prep1_aug0/seed_90995999/confusion_matrix.pdf
2026-04-16 01:35:40,461 - cyberbully - INFO - Accuracy: 0.9428
2026-04-16 01:35:40,462 - cyberbully - INFO - Weighted F1: 0.9426
2026-04-16 01:35:40,462 - cyberbully - INFO - Micro F1: 0.9428
2026-04-16 01:35:40,462 - cyberbully - INFO - Inference time: 1.27 seconds
2026-04-16 01:35:40,462 - cyberbully - INFO - Energy consumption: 0.000093 kWh
2026-04-16 01:35:40,464 - cyberbully - INFO - ============================================================
2026-04-16 01:35:40,464 - cyberbully - INFO - Pipeline complete. Results saved to: experiments/grid-search/all-MiniLM-L6-v2/tweeteval/prep1_aug0/seed_90995999
2026-04-16 01:35:40,464 - cyberbully - INFO - ============================================================
