2026-03-24 08:41:58,013 - cyberbully - INFO - ============================================================
2026-03-24 08:41:58,013 - cyberbully - INFO - Cyberbullying Detection Pipeline
2026-03-24 08:41:58,013 - cyberbully - INFO - ============================================================
2026-03-24 08:41:58,013 - cyberbully - INFO - Configuration:
2026-03-24 08:41:58,013 - cyberbully - INFO -   model          : distilbert-base-uncased
2026-03-24 08:41:58,013 - cyberbully - INFO -   dataset        : kaggle
2026-03-24 08:41:58,013 - cyberbully - INFO -   preprocess     : True
2026-03-24 08:41:58,013 - cyberbully - INFO -   augment        : True
2026-03-24 08:41:58,013 - cyberbully - INFO -   compute_attribution: False
2026-03-24 08:41:58,013 - cyberbully - INFO -   seed           : 37622020
2026-03-24 08:41:58,013 - cyberbully - INFO -   epochs         : 10
2026-03-24 08:41:58,013 - cyberbully - INFO -   batch_size     : 32
2026-03-24 08:41:58,013 - cyberbully - INFO -   lr             : 5e-05
2026-03-24 08:41:58,013 - cyberbully - INFO -   max_length     : 128
2026-03-24 08:41:58,013 - cyberbully - INFO -   output_dir     : grid-search
2026-03-24 08:41:58,013 - cyberbully - INFO -   data_dir       : dataset
2026-03-24 08:41:58,013 - cyberbully - INFO -   sbert          : False
2026-03-24 08:41:58,013 - cyberbully - INFO -   supcon         : False
2026-03-24 08:41:58,013 - cyberbully - INFO -   supcon_weight  : 0.1
2026-03-24 08:41:58,013 - cyberbully - INFO -   proj_dim       : 128
2026-03-24 08:41:58,013 - cyberbully - INFO -   grad_accum_steps: 1
2026-03-24 08:41:58,013 - cyberbully - INFO -   overwrite      : False
2026-03-24 08:41:58,013 - cyberbully - INFO -   device         : cuda
2026-03-24 08:41:58,013 - cyberbully - INFO -   output_dir     : experiments/grid-search/distilbert-base-uncased/kaggle/prep1_aug1/seed_37622020
2026-03-24 08:41:58,013 - cyberbully - INFO - ============================================================
2026-03-24 08:41:58,013 - cyberbully - INFO - Step 1: Preparing data...
2026-03-24 08:41:58,062 - cyberbully - INFO - Loaded pre-split data from dataset/kaggle — train: 25604, val: 6401, test: 8002
2026-03-24 08:41:58,062 - cyberbully - INFO - Label mapping: {'age': 0, 'ethnicity': 1, 'gender': 2, 'other_cyberbullying': 3, 'religion': 4}
2026-03-24 08:41:58,062 - cyberbully - INFO - Applying text preprocessing per split...
2026-03-24 08:42:41,017 - cyberbully - INFO - After preprocessing — train: 23565, val: 5977, test: 7418
2026-03-24 08:42:41,019 - cyberbully - INFO - Applying training data augmentation (oversampling)...
2026-03-24 08:42:41,023 - cyberbully - INFO - After oversampling — class distribution: {0: 5064, 1: 5064, 2: 5064, 3: 5064, 4: 5064}
2026-03-24 08:42:41,033 - cyberbully - INFO - Number of classes: 5
2026-03-24 08:42:41,034 - cyberbully - INFO - Step 2: Loading model and tokenizer...
2026-03-24 08:42:41,034 - cyberbully - INFO - Loading model 'distilbert-base-uncased' with 5 labels (sbert=False, supcon=False)
2026-03-24 08:42:41,754 - cyberbully - INFO - Step 3: Creating datasets...
2026-03-24 08:42:42,285 - cyberbully - INFO - Dataset sizes — train: 25320, val: 5977, test: 7418
2026-03-24 08:42:42,286 - cyberbully - INFO - Step 4: Training...
2026-03-24 08:42:42,504 - cyberbully - INFO - Starting training...
2026-03-24 08:49:07,093 - cyberbully - INFO - Training complete.
2026-03-24 08:49:07,132 - cyberbully - INFO - Removed checkpoint: experiments/grid-search/distilbert-base-uncased/kaggle/prep1_aug1/seed_37622020/checkpoint-3960
2026-03-24 08:49:07,173 - cyberbully - INFO - Removed checkpoint: experiments/grid-search/distilbert-base-uncased/kaggle/prep1_aug1/seed_37622020/checkpoint-1584
2026-03-24 08:49:07,215 - cyberbully - INFO - Removed checkpoint: experiments/grid-search/distilbert-base-uncased/kaggle/prep1_aug1/seed_37622020/checkpoint-792
2026-03-24 08:49:07,255 - cyberbully - INFO - Removed checkpoint: experiments/grid-search/distilbert-base-uncased/kaggle/prep1_aug1/seed_37622020/checkpoint-3168
2026-03-24 08:49:07,301 - cyberbully - INFO - Removed checkpoint: experiments/grid-search/distilbert-base-uncased/kaggle/prep1_aug1/seed_37622020/checkpoint-7920
2026-03-24 08:49:07,340 - cyberbully - INFO - Removed checkpoint: experiments/grid-search/distilbert-base-uncased/kaggle/prep1_aug1/seed_37622020/checkpoint-6336
2026-03-24 08:49:07,378 - cyberbully - INFO - Removed checkpoint: experiments/grid-search/distilbert-base-uncased/kaggle/prep1_aug1/seed_37622020/checkpoint-7128
2026-03-24 08:49:07,419 - cyberbully - INFO - Removed checkpoint: experiments/grid-search/distilbert-base-uncased/kaggle/prep1_aug1/seed_37622020/checkpoint-2376
2026-03-24 08:49:07,458 - cyberbully - INFO - Removed checkpoint: experiments/grid-search/distilbert-base-uncased/kaggle/prep1_aug1/seed_37622020/checkpoint-5544
2026-03-24 08:49:07,497 - cyberbully - INFO - Removed checkpoint: experiments/grid-search/distilbert-base-uncased/kaggle/prep1_aug1/seed_37622020/checkpoint-4752
2026-03-24 08:49:07,497 - cyberbully - INFO - Step 5: Evaluating on test set...
2026-03-24 08:49:14,574 - cyberbully - INFO - Metrics saved to experiments/grid-search/distilbert-base-uncased/kaggle/prep1_aug1/seed_37622020/metrics.json
2026-03-24 08:49:14,574 - cyberbully - INFO - Confusion matrix saved to experiments/grid-search/distilbert-base-uncased/kaggle/prep1_aug1/seed_37622020/confusion_matrix.json
2026-03-24 08:49:14,643 - cyberbully - INFO - Per-sample predictions saved to experiments/grid-search/distilbert-base-uncased/kaggle/prep1_aug1/seed_37622020/predictions.json
2026-03-24 08:49:14,744 - cyberbully - INFO - Confusion matrix figure saved to experiments/grid-search/distilbert-base-uncased/kaggle/prep1_aug1/seed_37622020/confusion_matrix.pdf
2026-03-24 08:49:14,744 - cyberbully - INFO - Accuracy: 0.9516
2026-03-24 08:49:14,744 - cyberbully - INFO - Weighted F1: 0.9517
2026-03-24 08:49:14,744 - cyberbully - INFO - Micro F1: 0.9516
2026-03-24 08:49:14,744 - cyberbully - INFO - Inference time: 2.76 seconds
2026-03-24 08:49:14,744 - cyberbully - INFO - Energy consumption: 0.000189 kWh
2026-03-24 08:49:14,745 - cyberbully - INFO - ============================================================
2026-03-24 08:49:14,745 - cyberbully - INFO - Pipeline complete. Results saved to: experiments/grid-search/distilbert-base-uncased/kaggle/prep1_aug1/seed_37622020
2026-03-24 08:49:14,745 - cyberbully - INFO - ============================================================
