2026-02-20 14:42:03,425 - cyberbully - INFO - ============================================================
2026-02-20 14:42:03,425 - cyberbully - INFO - Cyberbullying Detection Pipeline
2026-02-20 14:42:03,425 - cyberbully - INFO - ============================================================
2026-02-20 14:42:03,425 - cyberbully - INFO - Configuration:
2026-02-20 14:42:03,425 - cyberbully - INFO -   model          : all-MiniLM-L12-v2
2026-02-20 14:42:03,425 - cyberbully - INFO -   dataset        : tweeteval
2026-02-20 14:42:03,425 - cyberbully - INFO -   preprocess     : False
2026-02-20 14:42:03,425 - cyberbully - INFO -   augment        : False
2026-02-20 14:42:03,425 - cyberbully - INFO -   compute_attribution: False
2026-02-20 14:42:03,425 - cyberbully - INFO -   seed           : 14298463
2026-02-20 14:42:03,425 - cyberbully - INFO -   epochs         : 5
2026-02-20 14:42:03,425 - cyberbully - INFO -   batch_size     : 16
2026-02-20 14:42:03,425 - cyberbully - INFO -   lr             : 2e-05
2026-02-20 14:42:03,425 - cyberbully - INFO -   max_length     : 128
2026-02-20 14:42:03,425 - cyberbully - INFO -   output_dir     : sbert-model
2026-02-20 14:42:03,425 - cyberbully - INFO -   data_dir       : dataset
2026-02-20 14:42:03,425 - cyberbully - INFO -   sbert          : True
2026-02-20 14:42:03,425 - cyberbully - INFO -   overwrite      : False
2026-02-20 14:42:03,425 - cyberbully - INFO -   device         : cuda
2026-02-20 14:42:03,425 - cyberbully - INFO -   output_dir     : experiments/sbert-model/all-MiniLM-L12-v2/tweeteval/prep0_aug0/seed_14298463
2026-02-20 14:42:03,425 - cyberbully - INFO - ============================================================
2026-02-20 14:42:03,425 - cyberbully - INFO - Step 1: Preparing data...
2026-02-20 14:42:03,425 - cyberbully - INFO - Loading dataset 'tweeteval' from dataset/Tweeteval.csv
2026-02-20 14:42:03,496 - cyberbully - INFO - Loaded 50759 samples with 5 classes: ['emotion', 'hate', 'offensive', 'religion', 'spiritual']
2026-02-20 14:42:03,499 - cyberbully - INFO - Label mapping: {'emotion': 0, 'hate': 1, 'offensive': 2, 'religion': 3, 'spiritual': 4}
2026-02-20 14:42:03,512 - cyberbully - INFO - Split sizes — train: 32485, val: 8122, test: 10152
2026-02-20 14:42:03,512 - cyberbully - INFO - Number of classes: 5
2026-02-20 14:42:03,514 - cyberbully - INFO - Step 2: Loading model and tokenizer...
2026-02-20 14:42:03,515 - cyberbully - INFO - Loading model 'all-MiniLM-L12-v2' with 5 labels (sbert=True)
2026-02-20 14:42:06,076 - cyberbully - INFO - SBERTClassifier: embedding_dim=384, hidden=256, num_labels=5
2026-02-20 14:42:06,369 - cyberbully - INFO - Step 3: Creating datasets...
2026-02-20 14:42:07,341 - cyberbully - INFO - Dataset sizes — train: 32485, val: 8122, test: 10152
2026-02-20 14:42:07,341 - cyberbully - INFO - Step 4: Training...
2026-02-20 14:42:07,383 - cyberbully - INFO - Starting training...
2026-02-20 14:46:49,474 - cyberbully - INFO - Training complete.
2026-02-20 14:46:49,474 - cyberbully - INFO - Step 5: Evaluating on test set...
2026-02-20 14:46:57,515 - cyberbully - INFO - Metrics saved to experiments/sbert-model/all-MiniLM-L12-v2/tweeteval/prep0_aug0/seed_14298463/metrics.json
2026-02-20 14:46:57,515 - cyberbully - INFO - Confusion matrix saved to experiments/sbert-model/all-MiniLM-L12-v2/tweeteval/prep0_aug0/seed_14298463/confusion_matrix.json
2026-02-20 14:46:57,619 - cyberbully - INFO - Confusion matrix figure saved to experiments/sbert-model/all-MiniLM-L12-v2/tweeteval/prep0_aug0/seed_14298463/confusion_matrix.pdf
2026-02-20 14:46:57,619 - cyberbully - INFO - Accuracy: 0.9704
2026-02-20 14:46:57,619 - cyberbully - INFO - Weighted F1: 0.9704
2026-02-20 14:46:57,619 - cyberbully - INFO - Micro F1: 0.9704
2026-02-20 14:46:57,619 - cyberbully - INFO - Inference time: 3.64 seconds
2026-02-20 14:46:57,619 - cyberbully - INFO - Energy consumption: 0.000221 kWh
2026-02-20 14:46:57,619 - cyberbully - INFO - ============================================================
2026-02-20 14:46:57,619 - cyberbully - INFO - Pipeline complete. Results saved to: experiments/sbert-model/all-MiniLM-L12-v2/tweeteval/prep0_aug0/seed_14298463
2026-02-20 14:46:57,619 - cyberbully - INFO - ============================================================
