2026-02-18 12:24:12,521 - cyberbully - INFO - ============================================================
2026-02-18 12:24:12,521 - cyberbully - INFO - Cyberbullying Detection Pipeline
2026-02-18 12:24:12,521 - cyberbully - INFO - ============================================================
2026-02-18 12:24:12,521 - cyberbully - INFO - Configuration:
2026-02-18 12:24:12,521 - cyberbully - INFO -   model          : Twitter/twhin-bert-base
2026-02-18 12:24:12,521 - cyberbully - INFO -   dataset        : tweeteval
2026-02-18 12:24:12,521 - cyberbully - INFO -   preprocess     : True
2026-02-18 12:24:12,521 - cyberbully - INFO -   augment        : True
2026-02-18 12:24:12,521 - cyberbully - INFO -   compute_attribution: False
2026-02-18 12:24:12,521 - cyberbully - INFO -   seed           : 67351593
2026-02-18 12:24:12,521 - cyberbully - INFO -   epochs         : 5
2026-02-18 12:24:12,521 - cyberbully - INFO -   batch_size     : 16
2026-02-18 12:24:12,521 - cyberbully - INFO -   lr             : 2e-05
2026-02-18 12:24:12,521 - cyberbully - INFO -   max_length     : 128
2026-02-18 12:24:12,521 - cyberbully - INFO -   output_dir     : domain-model
2026-02-18 12:24:12,521 - cyberbully - INFO -   data_dir       : dataset
2026-02-18 12:24:12,521 - cyberbully - INFO -   sbert          : False
2026-02-18 12:24:12,521 - cyberbully - INFO -   overwrite      : False
2026-02-18 12:24:12,521 - cyberbully - INFO -   device         : cuda
2026-02-18 12:24:12,521 - cyberbully - INFO -   output_dir     : experiments/domain-model/Twitter_twhin-bert-base/tweeteval/prep1_aug1/seed_67351593
2026-02-18 12:24:12,521 - cyberbully - INFO - ============================================================
2026-02-18 12:24:12,521 - cyberbully - INFO - Step 1: Preparing data...
2026-02-18 12:24:12,521 - cyberbully - INFO - Loading dataset 'tweeteval' from dataset/Tweeteval.csv
2026-02-18 12:24:12,594 - cyberbully - INFO - Loaded 50759 samples with 5 classes: ['emotion', 'hate', 'offensive', 'religion', 'spiritual']
2026-02-18 12:24:12,594 - cyberbully - INFO - Applying text preprocessing...
2026-02-18 12:25:06,936 - cyberbully - INFO - After preprocessing: 47388 samples remain
2026-02-18 12:25:06,939 - cyberbully - INFO - Label mapping: {'emotion': 0, 'hate': 1, 'offensive': 2, 'religion': 3, 'spiritual': 4}
2026-02-18 12:25:06,952 - cyberbully - INFO - Split sizes — train: 30328, val: 7582, test: 9478
2026-02-18 12:25:06,952 - cyberbully - INFO - Applying training data augmentation (oversampling)...
2026-02-18 12:25:06,958 - cyberbully - INFO - After oversampling — class distribution: {0: 7749, 1: 7749, 2: 7749, 3: 7749, 4: 7749}
2026-02-18 12:25:06,959 - cyberbully - INFO - Number of classes: 5
2026-02-18 12:25:06,960 - cyberbully - INFO - Step 2: Loading model and tokenizer...
2026-02-18 12:25:06,960 - cyberbully - INFO - Loading model 'Twitter/twhin-bert-base' with 5 labels (sbert=False)
2026-02-18 12:25:08,253 - cyberbully - INFO - Step 3: Creating datasets...
2026-02-18 12:25:09,143 - cyberbully - INFO - Dataset sizes — train: 38745, val: 7582, test: 9478
2026-02-18 12:25:09,144 - cyberbully - INFO - Step 4: Training...
2026-02-18 12:25:09,484 - cyberbully - INFO - Starting training...
2026-02-18 12:42:29,999 - cyberbully - INFO - Training complete.
2026-02-18 12:42:29,999 - cyberbully - INFO - Step 5: Evaluating on test set...
2026-02-18 12:42:42,047 - cyberbully - INFO - Metrics saved to experiments/domain-model/Twitter_twhin-bert-base/tweeteval/prep1_aug1/seed_67351593/metrics.json
2026-02-18 12:42:42,047 - cyberbully - INFO - Confusion matrix saved to experiments/domain-model/Twitter_twhin-bert-base/tweeteval/prep1_aug1/seed_67351593/confusion_matrix.json
2026-02-18 12:42:42,147 - cyberbully - INFO - Confusion matrix figure saved to experiments/domain-model/Twitter_twhin-bert-base/tweeteval/prep1_aug1/seed_67351593/confusion_matrix.pdf
2026-02-18 12:42:42,148 - cyberbully - INFO - Accuracy: 0.9472
2026-02-18 12:42:42,148 - cyberbully - INFO - Weighted F1: 0.9471
2026-02-18 12:42:42,148 - cyberbully - INFO - Micro F1: 0.9472
2026-02-18 12:42:42,148 - cyberbully - INFO - Inference time: 7.73 seconds
2026-02-18 12:42:42,148 - cyberbully - INFO - Energy consumption: 0.000475 kWh
2026-02-18 12:42:42,148 - cyberbully - INFO - ============================================================
2026-02-18 12:42:42,148 - cyberbully - INFO - Pipeline complete. Results saved to: experiments/domain-model/Twitter_twhin-bert-base/tweeteval/prep1_aug1/seed_67351593
2026-02-18 12:42:42,148 - cyberbully - INFO - ============================================================
