2026-04-16 10:42:16,866 - cyberbully - INFO - ============================================================
2026-04-16 10:42:16,866 - cyberbully - INFO - Cyberbullying Detection Pipeline
2026-04-16 10:42:16,866 - cyberbully - INFO - ============================================================
2026-04-16 10:42:16,866 - cyberbully - INFO - Configuration:
2026-04-16 10:42:16,866 - cyberbully - INFO -   model          : sarkerlab/SocBERT-base
2026-04-16 10:42:16,866 - cyberbully - INFO -   dataset        : ieee
2026-04-16 10:42:16,866 - cyberbully - INFO -   preprocess     : False
2026-04-16 10:42:16,866 - cyberbully - INFO -   augment        : False
2026-04-16 10:42:16,866 - cyberbully - INFO -   compute_attribution: False
2026-04-16 10:42:16,866 - cyberbully - INFO -   seed           : 99511865
2026-04-16 10:42:16,866 - cyberbully - INFO -   epochs         : 10
2026-04-16 10:42:16,866 - cyberbully - INFO -   batch_size     : 32
2026-04-16 10:42:16,866 - cyberbully - INFO -   lr             : 5e-05
2026-04-16 10:42:16,866 - cyberbully - INFO -   max_length     : 128
2026-04-16 10:42:16,866 - cyberbully - INFO -   output_dir     : grid-search
2026-04-16 10:42:16,866 - cyberbully - INFO -   data_dir       : dataset
2026-04-16 10:42:16,866 - cyberbully - INFO -   sbert          : False
2026-04-16 10:42:16,866 - cyberbully - INFO -   supcon         : False
2026-04-16 10:42:16,866 - cyberbully - INFO -   supcon_weight  : 0.1
2026-04-16 10:42:16,866 - cyberbully - INFO -   proj_dim       : 128
2026-04-16 10:42:16,866 - cyberbully - INFO -   grad_accum_steps: 1
2026-04-16 10:42:16,866 - cyberbully - INFO -   overwrite      : False
2026-04-16 10:42:16,866 - cyberbully - INFO -   device         : cuda
2026-04-16 10:42:16,867 - cyberbully - INFO -   output_dir     : experiments/grid-search/sarkerlab_SocBERT-base/ieee/prep0_aug0/seed_99511865
2026-04-16 10:42:16,867 - cyberbully - INFO - ============================================================
2026-04-16 10:42:16,867 - cyberbully - INFO - Step 1: Preparing data...
2026-04-16 10:42:16,870 - cyberbully - INFO - Loaded pre-split data from dataset/ieee — train: 1348, val: 338, test: 422
2026-04-16 10:42:16,870 - cyberbully - INFO - Label mapping: {'Cyberstalking': 0, 'Doxing': 1, 'Revenge Porn': 2, 'Sexual Harassment': 3, 'Slut Shaming': 4}
2026-04-16 10:42:16,872 - cyberbully - INFO - Number of classes: 5
2026-04-16 10:42:16,873 - cyberbully - INFO - Step 2: Loading model and tokenizer...
2026-04-16 10:42:16,873 - cyberbully - INFO - Loading model 'sarkerlab/SocBERT-base' with 5 labels (sbert=False, supcon=False)
2026-04-16 10:42:18,469 - cyberbully - INFO - Step 3: Creating datasets...
2026-04-16 10:42:18,496 - cyberbully - INFO - Dataset sizes — train: 1348, val: 338, test: 422
2026-04-16 10:42:18,496 - cyberbully - INFO - Step 4: Training...
2026-04-16 10:42:18,740 - cyberbully - INFO - Starting training...
2026-04-16 10:43:40,814 - cyberbully - INFO - Training complete.
2026-04-16 10:43:40,907 - cyberbully - INFO - Removed checkpoint: experiments/grid-search/sarkerlab_SocBERT-base/ieee/prep0_aug0/seed_99511865/checkpoint-172
2026-04-16 10:43:41,000 - cyberbully - INFO - Removed checkpoint: experiments/grid-search/sarkerlab_SocBERT-base/ieee/prep0_aug0/seed_99511865/checkpoint-258
2026-04-16 10:43:41,097 - cyberbully - INFO - Removed checkpoint: experiments/grid-search/sarkerlab_SocBERT-base/ieee/prep0_aug0/seed_99511865/checkpoint-387
2026-04-16 10:43:41,191 - cyberbully - INFO - Removed checkpoint: experiments/grid-search/sarkerlab_SocBERT-base/ieee/prep0_aug0/seed_99511865/checkpoint-43
2026-04-16 10:43:41,284 - cyberbully - INFO - Removed checkpoint: experiments/grid-search/sarkerlab_SocBERT-base/ieee/prep0_aug0/seed_99511865/checkpoint-430
2026-04-16 10:43:41,374 - cyberbully - INFO - Removed checkpoint: experiments/grid-search/sarkerlab_SocBERT-base/ieee/prep0_aug0/seed_99511865/checkpoint-301
2026-04-16 10:43:41,464 - cyberbully - INFO - Removed checkpoint: experiments/grid-search/sarkerlab_SocBERT-base/ieee/prep0_aug0/seed_99511865/checkpoint-344
2026-04-16 10:43:41,552 - cyberbully - INFO - Removed checkpoint: experiments/grid-search/sarkerlab_SocBERT-base/ieee/prep0_aug0/seed_99511865/checkpoint-129
2026-04-16 10:43:41,641 - cyberbully - INFO - Removed checkpoint: experiments/grid-search/sarkerlab_SocBERT-base/ieee/prep0_aug0/seed_99511865/checkpoint-215
2026-04-16 10:43:41,731 - cyberbully - INFO - Removed checkpoint: experiments/grid-search/sarkerlab_SocBERT-base/ieee/prep0_aug0/seed_99511865/checkpoint-86
2026-04-16 10:43:41,731 - cyberbully - INFO - Step 5: Evaluating on test set...
2026-04-16 10:43:46,578 - cyberbully - INFO - Metrics saved to experiments/grid-search/sarkerlab_SocBERT-base/ieee/prep0_aug0/seed_99511865/metrics.json
2026-04-16 10:43:46,579 - cyberbully - INFO - Confusion matrix saved to experiments/grid-search/sarkerlab_SocBERT-base/ieee/prep0_aug0/seed_99511865/confusion_matrix.json
2026-04-16 10:43:46,583 - cyberbully - INFO - Per-sample predictions saved to experiments/grid-search/sarkerlab_SocBERT-base/ieee/prep0_aug0/seed_99511865/predictions.json
2026-04-16 10:43:46,684 - cyberbully - INFO - Confusion matrix figure saved to experiments/grid-search/sarkerlab_SocBERT-base/ieee/prep0_aug0/seed_99511865/confusion_matrix.pdf
2026-04-16 10:43:46,685 - cyberbully - INFO - Accuracy: 0.8199
2026-04-16 10:43:46,685 - cyberbully - INFO - Weighted F1: 0.8231
2026-04-16 10:43:46,685 - cyberbully - INFO - Micro F1: 0.8199
2026-04-16 10:43:46,685 - cyberbully - INFO - Inference time: 0.25 seconds
2026-04-16 10:43:46,685 - cyberbully - INFO - Energy consumption: 0.000015 kWh
2026-04-16 10:43:46,685 - cyberbully - INFO - ============================================================
2026-04-16 10:43:46,685 - cyberbully - INFO - Pipeline complete. Results saved to: experiments/grid-search/sarkerlab_SocBERT-base/ieee/prep0_aug0/seed_99511865
2026-04-16 10:43:46,685 - cyberbully - INFO - ============================================================
