2026-04-11 15:08:39,143 - cyberbully - INFO - ============================================================
2026-04-11 15:08:39,144 - cyberbully - INFO - Cyberbullying Detection Pipeline
2026-04-11 15:08:39,144 - cyberbully - INFO - ============================================================
2026-04-11 15:08:39,144 - cyberbully - INFO - Configuration:
2026-04-11 15:08:39,144 - cyberbully - INFO -   model          : answerdotai/ModernBERT-base
2026-04-11 15:08:39,144 - cyberbully - INFO -   dataset        : kaggle
2026-04-11 15:08:39,144 - cyberbully - INFO -   preprocess     : True
2026-04-11 15:08:39,144 - cyberbully - INFO -   augment        : False
2026-04-11 15:08:39,144 - cyberbully - INFO -   compute_attribution: False
2026-04-11 15:08:39,144 - cyberbully - INFO -   seed           : 67351593
2026-04-11 15:08:39,144 - cyberbully - INFO -   epochs         : 10
2026-04-11 15:08:39,144 - cyberbully - INFO -   batch_size     : 32
2026-04-11 15:08:39,144 - cyberbully - INFO -   lr             : 5e-05
2026-04-11 15:08:39,144 - cyberbully - INFO -   max_length     : 128
2026-04-11 15:08:39,144 - cyberbully - INFO -   output_dir     : grid-search
2026-04-11 15:08:39,144 - cyberbully - INFO -   data_dir       : dataset
2026-04-11 15:08:39,144 - cyberbully - INFO -   sbert          : False
2026-04-11 15:08:39,144 - cyberbully - INFO -   supcon         : False
2026-04-11 15:08:39,144 - cyberbully - INFO -   supcon_weight  : 0.1
2026-04-11 15:08:39,144 - cyberbully - INFO -   proj_dim       : 128
2026-04-11 15:08:39,144 - cyberbully - INFO -   grad_accum_steps: 1
2026-04-11 15:08:39,144 - cyberbully - INFO -   overwrite      : False
2026-04-11 15:08:39,144 - cyberbully - INFO -   device         : cuda
2026-04-11 15:08:39,144 - cyberbully - INFO -   output_dir     : experiments/grid-search/answerdotai_ModernBERT-base/kaggle/prep1_aug0/seed_67351593
2026-04-11 15:08:39,144 - cyberbully - INFO - ============================================================
2026-04-11 15:08:39,144 - cyberbully - INFO - Step 1: Preparing data...
2026-04-11 15:08:39,190 - cyberbully - INFO - Loaded pre-split data from dataset/kaggle — train: 25604, val: 6401, test: 8002
2026-04-11 15:08:39,190 - cyberbully - INFO - Label mapping: {'age': 0, 'ethnicity': 1, 'gender': 2, 'other_cyberbullying': 3, 'religion': 4}
2026-04-11 15:08:39,190 - cyberbully - INFO - Applying text preprocessing per split...
2026-04-11 15:09:27,361 - cyberbully - INFO - After preprocessing — train: 23552, val: 5980, test: 7415
2026-04-11 15:09:27,372 - cyberbully - INFO - Number of classes: 5
2026-04-11 15:09:27,374 - cyberbully - INFO - Step 2: Loading model and tokenizer...
2026-04-11 15:09:27,374 - cyberbully - INFO - Loading model 'answerdotai/ModernBERT-base' with 5 labels (sbert=False, supcon=False)
2026-04-11 15:09:29,023 - cyberbully - INFO - Step 3: Creating datasets...
2026-04-11 15:09:29,865 - cyberbully - INFO - Dataset sizes — train: 23552, val: 5980, test: 7415
2026-04-11 15:09:29,866 - cyberbully - INFO - Step 4: Training...
2026-04-11 15:09:30,074 - cyberbully - INFO - Starting training...
2026-04-11 15:24:31,188 - cyberbully - INFO - Training complete.
2026-04-11 15:24:31,272 - cyberbully - INFO - Removed checkpoint: experiments/grid-search/answerdotai_ModernBERT-base/kaggle/prep1_aug0/seed_67351593/checkpoint-3680
2026-04-11 15:24:31,355 - cyberbully - INFO - Removed checkpoint: experiments/grid-search/answerdotai_ModernBERT-base/kaggle/prep1_aug0/seed_67351593/checkpoint-5152
2026-04-11 15:24:31,442 - cyberbully - INFO - Removed checkpoint: experiments/grid-search/answerdotai_ModernBERT-base/kaggle/prep1_aug0/seed_67351593/checkpoint-1472
2026-04-11 15:24:31,525 - cyberbully - INFO - Removed checkpoint: experiments/grid-search/answerdotai_ModernBERT-base/kaggle/prep1_aug0/seed_67351593/checkpoint-6624
2026-04-11 15:24:31,610 - cyberbully - INFO - Removed checkpoint: experiments/grid-search/answerdotai_ModernBERT-base/kaggle/prep1_aug0/seed_67351593/checkpoint-2944
2026-04-11 15:24:31,699 - cyberbully - INFO - Removed checkpoint: experiments/grid-search/answerdotai_ModernBERT-base/kaggle/prep1_aug0/seed_67351593/checkpoint-736
2026-04-11 15:24:31,798 - cyberbully - INFO - Removed checkpoint: experiments/grid-search/answerdotai_ModernBERT-base/kaggle/prep1_aug0/seed_67351593/checkpoint-7360
2026-04-11 15:24:31,882 - cyberbully - INFO - Removed checkpoint: experiments/grid-search/answerdotai_ModernBERT-base/kaggle/prep1_aug0/seed_67351593/checkpoint-5888
2026-04-11 15:24:31,966 - cyberbully - INFO - Removed checkpoint: experiments/grid-search/answerdotai_ModernBERT-base/kaggle/prep1_aug0/seed_67351593/checkpoint-4416
2026-04-11 15:24:32,051 - cyberbully - INFO - Removed checkpoint: experiments/grid-search/answerdotai_ModernBERT-base/kaggle/prep1_aug0/seed_67351593/checkpoint-2208
2026-04-11 15:24:32,052 - cyberbully - INFO - Step 5: Evaluating on test set...
2026-04-11 15:24:43,946 - cyberbully - INFO - Metrics saved to experiments/grid-search/answerdotai_ModernBERT-base/kaggle/prep1_aug0/seed_67351593/metrics.json
2026-04-11 15:24:43,946 - cyberbully - INFO - Confusion matrix saved to experiments/grid-search/answerdotai_ModernBERT-base/kaggle/prep1_aug0/seed_67351593/confusion_matrix.json
2026-04-11 15:24:44,020 - cyberbully - INFO - Per-sample predictions saved to experiments/grid-search/answerdotai_ModernBERT-base/kaggle/prep1_aug0/seed_67351593/predictions.json
2026-04-11 15:24:44,122 - cyberbully - INFO - Confusion matrix figure saved to experiments/grid-search/answerdotai_ModernBERT-base/kaggle/prep1_aug0/seed_67351593/confusion_matrix.pdf
2026-04-11 15:24:44,122 - cyberbully - INFO - Accuracy: 0.9527
2026-04-11 15:24:44,122 - cyberbully - INFO - Weighted F1: 0.9530
2026-04-11 15:24:44,122 - cyberbully - INFO - Micro F1: 0.9527
2026-04-11 15:24:44,122 - cyberbully - INFO - Inference time: 7.23 seconds
2026-04-11 15:24:44,122 - cyberbully - INFO - Energy consumption: 0.000463 kWh
2026-04-11 15:24:44,124 - cyberbully - INFO - ============================================================
2026-04-11 15:24:44,124 - cyberbully - INFO - Pipeline complete. Results saved to: experiments/grid-search/answerdotai_ModernBERT-base/kaggle/prep1_aug0/seed_67351593
2026-04-11 15:24:44,124 - cyberbully - INFO - ============================================================
