2026-02-20 06:35:15,734 - cyberbully - INFO - ============================================================
2026-02-20 06:35:15,734 - cyberbully - INFO - Cyberbullying Detection Pipeline
2026-02-20 06:35:15,734 - cyberbully - INFO - ============================================================
2026-02-20 06:35:15,734 - cyberbully - INFO - Configuration:
2026-02-20 06:35:15,734 - cyberbully - INFO -   model          : all-MiniLM-L6-v2
2026-02-20 06:35:15,734 - cyberbully - INFO -   dataset        : ieee
2026-02-20 06:35:15,734 - cyberbully - INFO -   preprocess     : True
2026-02-20 06:35:15,734 - cyberbully - INFO -   augment        : False
2026-02-20 06:35:15,734 - cyberbully - INFO -   compute_attribution: False
2026-02-20 06:35:15,734 - cyberbully - INFO -   seed           : 99511865
2026-02-20 06:35:15,734 - cyberbully - INFO -   epochs         : 5
2026-02-20 06:35:15,734 - cyberbully - INFO -   batch_size     : 16
2026-02-20 06:35:15,734 - cyberbully - INFO -   lr             : 2e-05
2026-02-20 06:35:15,734 - cyberbully - INFO -   max_length     : 128
2026-02-20 06:35:15,734 - cyberbully - INFO -   output_dir     : sbert-model
2026-02-20 06:35:15,734 - cyberbully - INFO -   data_dir       : dataset
2026-02-20 06:35:15,734 - cyberbully - INFO -   sbert          : True
2026-02-20 06:35:15,734 - cyberbully - INFO -   overwrite      : False
2026-02-20 06:35:15,734 - cyberbully - INFO -   device         : cuda
2026-02-20 06:35:15,734 - cyberbully - INFO -   output_dir     : experiments/sbert-model/all-MiniLM-L6-v2/ieee/prep1_aug0/seed_99511865
2026-02-20 06:35:15,734 - cyberbully - INFO - ============================================================
2026-02-20 06:35:15,734 - cyberbully - INFO - Step 1: Preparing data...
2026-02-20 06:35:15,734 - cyberbully - INFO - Loading dataset 'ieee' from dataset/IEEE Data Port.csv
2026-02-20 06:35:15,741 - cyberbully - INFO - Loaded 2108 samples with 5 classes: ['Cyberstalking', 'Doxing', 'Revenge Porn', 'Sexual Harassment', 'Slut Shaming']
2026-02-20 06:35:15,741 - cyberbully - INFO - Applying text preprocessing...
2026-02-20 06:35:18,790 - cyberbully - INFO - After preprocessing: 1814 samples remain
2026-02-20 06:35:18,791 - cyberbully - INFO - Label mapping: {'Cyberstalking': 0, 'Doxing': 1, 'Revenge Porn': 2, 'Sexual Harassment': 3, 'Slut Shaming': 4}
2026-02-20 06:35:18,793 - cyberbully - INFO - Split sizes — train: 1160, val: 291, test: 363
2026-02-20 06:35:18,793 - cyberbully - INFO - Number of classes: 5
2026-02-20 06:35:18,794 - cyberbully - INFO - Step 2: Loading model and tokenizer...
2026-02-20 06:35:18,794 - cyberbully - INFO - Loading model 'all-MiniLM-L6-v2' with 5 labels (sbert=True)
2026-02-20 06:35:21,318 - cyberbully - INFO - SBERTClassifier: embedding_dim=384, hidden=256, num_labels=5
2026-02-20 06:35:21,610 - cyberbully - INFO - Step 3: Creating datasets...
2026-02-20 06:35:21,647 - cyberbully - INFO - Dataset sizes — train: 1160, val: 291, test: 363
2026-02-20 06:35:21,647 - cyberbully - INFO - Step 4: Training...
2026-02-20 06:35:21,699 - cyberbully - INFO - Starting training...
2026-02-20 06:35:27,921 - cyberbully - INFO - Training complete.
2026-02-20 06:35:27,921 - cyberbully - INFO - Step 5: Evaluating on test set...
2026-02-20 06:35:32,251 - cyberbully - INFO - Metrics saved to experiments/sbert-model/all-MiniLM-L6-v2/ieee/prep1_aug0/seed_99511865/metrics.json
2026-02-20 06:35:32,251 - cyberbully - INFO - Confusion matrix saved to experiments/sbert-model/all-MiniLM-L6-v2/ieee/prep1_aug0/seed_99511865/confusion_matrix.json
2026-02-20 06:35:32,350 - cyberbully - INFO - Confusion matrix figure saved to experiments/sbert-model/all-MiniLM-L6-v2/ieee/prep1_aug0/seed_99511865/confusion_matrix.pdf
2026-02-20 06:35:32,350 - cyberbully - INFO - Accuracy: 0.8540
2026-02-20 06:35:32,350 - cyberbully - INFO - Weighted F1: 0.8532
2026-02-20 06:35:32,350 - cyberbully - INFO - Micro F1: 0.8540
2026-02-20 06:35:32,350 - cyberbully - INFO - Inference time: 0.08 seconds
2026-02-20 06:35:32,350 - cyberbully - INFO - Energy consumption: 0.000001 kWh
2026-02-20 06:35:32,350 - cyberbully - INFO - ============================================================
2026-02-20 06:35:32,351 - cyberbully - INFO - Pipeline complete. Results saved to: experiments/sbert-model/all-MiniLM-L6-v2/ieee/prep1_aug0/seed_99511865
2026-02-20 06:35:32,351 - cyberbully - INFO - ============================================================
