2026-02-18 07:12:55,929 - cyberbully - INFO - ============================================================
2026-02-18 07:12:55,930 - cyberbully - INFO - Cyberbullying Detection Pipeline
2026-02-18 07:12:55,930 - cyberbully - INFO - ============================================================
2026-02-18 07:12:55,930 - cyberbully - INFO - Configuration:
2026-02-18 07:12:55,930 - cyberbully - INFO -   model          : distilbert-base-uncased
2026-02-18 07:12:55,930 - cyberbully - INFO -   dataset        : kaggle
2026-02-18 07:12:55,930 - cyberbully - INFO -   preprocess     : True
2026-02-18 07:12:55,930 - cyberbully - INFO -   augment        : True
2026-02-18 07:12:55,930 - cyberbully - INFO -   compute_attribution: False
2026-02-18 07:12:55,930 - cyberbully - INFO -   seed           : 87212562
2026-02-18 07:12:55,930 - cyberbully - INFO -   epochs         : 5
2026-02-18 07:12:55,930 - cyberbully - INFO -   batch_size     : 16
2026-02-18 07:12:55,930 - cyberbully - INFO -   lr             : 2e-05
2026-02-18 07:12:55,930 - cyberbully - INFO -   max_length     : 128
2026-02-18 07:12:55,930 - cyberbully - INFO -   output_dir     : grid-search
2026-02-18 07:12:55,930 - cyberbully - INFO -   data_dir       : dataset
2026-02-18 07:12:55,930 - cyberbully - INFO -   sbert          : False
2026-02-18 07:12:55,930 - cyberbully - INFO -   overwrite      : False
2026-02-18 07:12:55,930 - cyberbully - INFO -   device         : cuda
2026-02-18 07:12:55,930 - cyberbully - INFO -   output_dir     : experiments/grid-search/distilbert-base-uncased/kaggle/prep1_aug1/seed_87212562
2026-02-18 07:12:55,930 - cyberbully - INFO - ============================================================
2026-02-18 07:12:55,930 - cyberbully - INFO - Step 1: Preparing data...
2026-02-18 07:12:55,930 - cyberbully - INFO - Loading dataset 'kaggle' from dataset/Kaggle.csv
2026-02-18 07:12:55,990 - cyberbully - INFO - Loaded 47656 samples with 6 classes: ['age', 'ethnicity', 'gender', 'not_cyberbullying', 'other_cyberbullying', 'religion']
2026-02-18 07:12:55,990 - cyberbully - INFO - Applying text preprocessing...
2026-02-18 07:13:51,206 - cyberbully - INFO - After preprocessing: 41405 samples remain
2026-02-18 07:13:51,208 - cyberbully - INFO - Label mapping: {'age': 0, 'ethnicity': 1, 'gender': 2, 'not_cyberbullying': 3, 'other_cyberbullying': 4, 'religion': 5}
2026-02-18 07:13:51,220 - cyberbully - INFO - Split sizes — train: 26499, val: 6625, test: 8281
2026-02-18 07:13:51,220 - cyberbully - INFO - Applying training data augmentation (oversampling)...
2026-02-18 07:13:51,226 - cyberbully - INFO - After oversampling — class distribution: {0: 5067, 1: 5067, 2: 5067, 3: 5067, 4: 5067, 5: 5067}
2026-02-18 07:13:51,227 - cyberbully - INFO - Number of classes: 6
2026-02-18 07:13:51,228 - cyberbully - INFO - Step 2: Loading model and tokenizer...
2026-02-18 07:13:51,228 - cyberbully - INFO - Loading model 'distilbert-base-uncased' with 6 labels (sbert=False)
2026-02-18 07:13:52,029 - cyberbully - INFO - Step 3: Creating datasets...
2026-02-18 07:13:52,720 - cyberbully - INFO - Dataset sizes — train: 30402, val: 6625, test: 8281
2026-02-18 07:13:52,720 - cyberbully - INFO - Step 4: Training...
2026-02-18 07:13:52,813 - cyberbully - INFO - Starting training...
2026-02-18 07:18:00,494 - cyberbully - INFO - Training complete.
2026-02-18 07:18:00,494 - cyberbully - INFO - Step 5: Evaluating on test set...
2026-02-18 07:18:06,821 - cyberbully - INFO - Metrics saved to experiments/grid-search/distilbert-base-uncased/kaggle/prep1_aug1/seed_87212562/metrics.json
2026-02-18 07:18:06,821 - cyberbully - INFO - Confusion matrix saved to experiments/grid-search/distilbert-base-uncased/kaggle/prep1_aug1/seed_87212562/confusion_matrix.json
2026-02-18 07:18:06,940 - cyberbully - INFO - Confusion matrix figure saved to experiments/grid-search/distilbert-base-uncased/kaggle/prep1_aug1/seed_87212562/confusion_matrix.pdf
2026-02-18 07:18:06,940 - cyberbully - INFO - Accuracy: 0.8612
2026-02-18 07:18:06,940 - cyberbully - INFO - Weighted F1: 0.8618
2026-02-18 07:18:06,940 - cyberbully - INFO - Micro F1: 0.8612
2026-02-18 07:18:06,940 - cyberbully - INFO - Inference time: 2.09 seconds
2026-02-18 07:18:06,940 - cyberbully - INFO - Energy consumption: 0.000117 kWh
2026-02-18 07:18:06,940 - cyberbully - INFO - ============================================================
2026-02-18 07:18:06,940 - cyberbully - INFO - Pipeline complete. Results saved to: experiments/grid-search/distilbert-base-uncased/kaggle/prep1_aug1/seed_87212562
2026-02-18 07:18:06,940 - cyberbully - INFO - ============================================================
