2026-02-13 11:59:40,917 - cyberbully - INFO - ============================================================
2026-02-13 11:59:40,917 - cyberbully - INFO - Cyberbullying Detection Pipeline
2026-02-13 11:59:40,917 - cyberbully - INFO - ============================================================
2026-02-13 11:59:40,917 - cyberbully - INFO - Configuration:
2026-02-13 11:59:40,917 - cyberbully - INFO -   model          : roberta-base
2026-02-13 11:59:40,917 - cyberbully - INFO -   dataset        : kaggle
2026-02-13 11:59:40,917 - cyberbully - INFO -   preprocess     : False
2026-02-13 11:59:40,917 - cyberbully - INFO -   augment        : True
2026-02-13 11:59:40,917 - cyberbully - INFO -   compute_attribution: False
2026-02-13 11:59:40,917 - cyberbully - INFO -   seed           : 99511865
2026-02-13 11:59:40,917 - cyberbully - INFO -   epochs         : 5
2026-02-13 11:59:40,917 - cyberbully - INFO -   batch_size     : 16
2026-02-13 11:59:40,917 - cyberbully - INFO -   lr             : 2e-05
2026-02-13 11:59:40,917 - cyberbully - INFO -   max_length     : 128
2026-02-13 11:59:40,917 - cyberbully - INFO -   output_dir     : experiments
2026-02-13 11:59:40,918 - cyberbully - INFO -   data_dir       : dataset
2026-02-13 11:59:40,918 - cyberbully - INFO -   overwrite      : False
2026-02-13 11:59:40,918 - cyberbully - INFO -   device         : cuda
2026-02-13 11:59:40,918 - cyberbully - INFO -   output_dir     : experiments/roberta-base/kaggle/prep0_aug1/seed_99511865
2026-02-13 11:59:40,918 - cyberbully - INFO - ============================================================
2026-02-13 11:59:40,918 - cyberbully - INFO - Step 1: Preparing data...
2026-02-13 11:59:40,918 - cyberbully - INFO - Loading dataset 'kaggle' from dataset/Kaggle.csv
2026-02-13 11:59:40,975 - cyberbully - INFO - Loaded 47656 samples with 6 classes: ['age', 'ethnicity', 'gender', 'not_cyberbullying', 'other_cyberbullying', 'religion']
2026-02-13 11:59:40,977 - cyberbully - INFO - Label mapping: {'age': 0, 'ethnicity': 1, 'gender': 2, 'not_cyberbullying': 3, 'other_cyberbullying': 4, 'religion': 5}
2026-02-13 11:59:40,990 - cyberbully - INFO - Split sizes — train: 30499, val: 7625, test: 9532
2026-02-13 11:59:40,990 - cyberbully - INFO - Applying training data augmentation (oversampling)...
2026-02-13 11:59:40,996 - cyberbully - INFO - After oversampling — class distribution: {0: 5118, 1: 5118, 2: 5118, 3: 5118, 4: 5118, 5: 5118}
2026-02-13 11:59:40,997 - cyberbully - INFO - Number of classes: 6
2026-02-13 11:59:40,997 - cyberbully - INFO - Step 2: Loading model and tokenizer...
2026-02-13 11:59:40,997 - cyberbully - INFO - Loading model 'roberta-base' with 6 labels
2026-02-13 11:59:41,989 - cyberbully - INFO - Step 3: Tokenizing datasets...
2026-02-13 11:59:42,841 - cyberbully - INFO - Dataset sizes — train: 30708, val: 7625, test: 9532
2026-02-13 11:59:42,841 - cyberbully - INFO - Step 4: Training...
2026-02-13 11:59:43,071 - cyberbully - INFO - Starting training...
2026-02-13 12:10:06,000 - cyberbully - INFO - Training complete.
2026-02-13 12:10:06,000 - cyberbully - INFO - Step 5: Evaluating on test set...
2026-02-13 12:10:17,815 - cyberbully - INFO - Metrics saved to experiments/roberta-base/kaggle/prep0_aug1/seed_99511865/metrics.json
2026-02-13 12:10:17,816 - cyberbully - INFO - Confusion matrix saved to experiments/roberta-base/kaggle/prep0_aug1/seed_99511865/confusion_matrix.json
2026-02-13 12:10:17,927 - cyberbully - INFO - Confusion matrix figure saved to experiments/roberta-base/kaggle/prep0_aug1/seed_99511865/confusion_matrix.pdf
2026-02-13 12:10:17,927 - cyberbully - INFO - Accuracy: 0.8715
2026-02-13 12:10:17,927 - cyberbully - INFO - Weighted F1: 0.8707
2026-02-13 12:10:17,927 - cyberbully - INFO - Micro F1: 0.8715
2026-02-13 12:10:17,927 - cyberbully - INFO - Inference time: 7.50 seconds
2026-02-13 12:10:17,928 - cyberbully - INFO - Energy consumption: 0.000438 kWh
2026-02-13 12:10:17,928 - cyberbully - INFO - ============================================================
2026-02-13 12:10:17,928 - cyberbully - INFO - Pipeline complete. Results saved to: experiments/roberta-base/kaggle/prep0_aug1/seed_99511865
2026-02-13 12:10:17,928 - cyberbully - INFO - ============================================================
