2026-03-24 07:59:35,158 - cyberbully - INFO - ============================================================
2026-03-24 07:59:35,158 - cyberbully - INFO - Cyberbullying Detection Pipeline
2026-03-24 07:59:35,158 - cyberbully - INFO - ============================================================
2026-03-24 07:59:35,158 - cyberbully - INFO - Configuration:
2026-03-24 07:59:35,158 - cyberbully - INFO -   model          : distilbert-base-uncased
2026-03-24 07:59:35,158 - cyberbully - INFO -   dataset        : kaggle
2026-03-24 07:59:35,158 - cyberbully - INFO -   preprocess     : True
2026-03-24 07:59:35,158 - cyberbully - INFO -   augment        : False
2026-03-24 07:59:35,158 - cyberbully - INFO -   compute_attribution: False
2026-03-24 07:59:35,158 - cyberbully - INFO -   seed           : 70681460
2026-03-24 07:59:35,158 - cyberbully - INFO -   epochs         : 10
2026-03-24 07:59:35,158 - cyberbully - INFO -   batch_size     : 32
2026-03-24 07:59:35,158 - cyberbully - INFO -   lr             : 5e-05
2026-03-24 07:59:35,158 - cyberbully - INFO -   max_length     : 128
2026-03-24 07:59:35,158 - cyberbully - INFO -   output_dir     : grid-search
2026-03-24 07:59:35,158 - cyberbully - INFO -   data_dir       : dataset
2026-03-24 07:59:35,158 - cyberbully - INFO -   sbert          : False
2026-03-24 07:59:35,158 - cyberbully - INFO -   supcon         : False
2026-03-24 07:59:35,158 - cyberbully - INFO -   supcon_weight  : 0.1
2026-03-24 07:59:35,158 - cyberbully - INFO -   proj_dim       : 128
2026-03-24 07:59:35,158 - cyberbully - INFO -   grad_accum_steps: 1
2026-03-24 07:59:35,158 - cyberbully - INFO -   overwrite      : False
2026-03-24 07:59:35,158 - cyberbully - INFO -   device         : cuda
2026-03-24 07:59:35,158 - cyberbully - INFO -   output_dir     : experiments/grid-search/distilbert-base-uncased/kaggle/prep1_aug0/seed_70681460
2026-03-24 07:59:35,158 - cyberbully - INFO - ============================================================
2026-03-24 07:59:35,158 - cyberbully - INFO - Step 1: Preparing data...
2026-03-24 07:59:35,207 - cyberbully - INFO - Loaded pre-split data from dataset/kaggle — train: 25604, val: 6401, test: 8002
2026-03-24 07:59:35,207 - cyberbully - INFO - Label mapping: {'age': 0, 'ethnicity': 1, 'gender': 2, 'other_cyberbullying': 3, 'religion': 4}
2026-03-24 07:59:35,207 - cyberbully - INFO - Applying text preprocessing per split...
2026-03-24 08:00:17,974 - cyberbully - INFO - After preprocessing — train: 23572, val: 5980, test: 7409
2026-03-24 08:00:17,986 - cyberbully - INFO - Number of classes: 5
2026-03-24 08:00:17,987 - cyberbully - INFO - Step 2: Loading model and tokenizer...
2026-03-24 08:00:17,987 - cyberbully - INFO - Loading model 'distilbert-base-uncased' with 5 labels (sbert=False, supcon=False)
2026-03-24 08:00:18,706 - cyberbully - INFO - Step 3: Creating datasets...
2026-03-24 08:00:19,223 - cyberbully - INFO - Dataset sizes — train: 23572, val: 5980, test: 7409
2026-03-24 08:00:19,224 - cyberbully - INFO - Step 4: Training...
2026-03-24 08:00:19,425 - cyberbully - INFO - Starting training...
2026-03-24 08:06:19,660 - cyberbully - INFO - Training complete.
2026-03-24 08:06:19,700 - cyberbully - INFO - Removed checkpoint: experiments/grid-search/distilbert-base-uncased/kaggle/prep1_aug0/seed_70681460/checkpoint-1474
2026-03-24 08:06:19,740 - cyberbully - INFO - Removed checkpoint: experiments/grid-search/distilbert-base-uncased/kaggle/prep1_aug0/seed_70681460/checkpoint-2211
2026-03-24 08:06:20,348 - cyberbully - INFO - Removed checkpoint: experiments/grid-search/distilbert-base-uncased/kaggle/prep1_aug0/seed_70681460/checkpoint-6633
2026-03-24 08:06:20,390 - cyberbully - INFO - Removed checkpoint: experiments/grid-search/distilbert-base-uncased/kaggle/prep1_aug0/seed_70681460/checkpoint-4422
2026-03-24 08:06:20,427 - cyberbully - INFO - Removed checkpoint: experiments/grid-search/distilbert-base-uncased/kaggle/prep1_aug0/seed_70681460/checkpoint-5896
2026-03-24 08:06:20,476 - cyberbully - INFO - Removed checkpoint: experiments/grid-search/distilbert-base-uncased/kaggle/prep1_aug0/seed_70681460/checkpoint-7370
2026-03-24 08:06:20,515 - cyberbully - INFO - Removed checkpoint: experiments/grid-search/distilbert-base-uncased/kaggle/prep1_aug0/seed_70681460/checkpoint-2948
2026-03-24 08:06:20,554 - cyberbully - INFO - Removed checkpoint: experiments/grid-search/distilbert-base-uncased/kaggle/prep1_aug0/seed_70681460/checkpoint-5159
2026-03-24 08:06:20,596 - cyberbully - INFO - Removed checkpoint: experiments/grid-search/distilbert-base-uncased/kaggle/prep1_aug0/seed_70681460/checkpoint-737
2026-03-24 08:06:20,634 - cyberbully - INFO - Removed checkpoint: experiments/grid-search/distilbert-base-uncased/kaggle/prep1_aug0/seed_70681460/checkpoint-3685
2026-03-24 08:06:20,634 - cyberbully - INFO - Step 5: Evaluating on test set...
2026-03-24 08:06:27,658 - cyberbully - INFO - Metrics saved to experiments/grid-search/distilbert-base-uncased/kaggle/prep1_aug0/seed_70681460/metrics.json
2026-03-24 08:06:27,659 - cyberbully - INFO - Confusion matrix saved to experiments/grid-search/distilbert-base-uncased/kaggle/prep1_aug0/seed_70681460/confusion_matrix.json
2026-03-24 08:06:27,729 - cyberbully - INFO - Per-sample predictions saved to experiments/grid-search/distilbert-base-uncased/kaggle/prep1_aug0/seed_70681460/predictions.json
2026-03-24 08:06:27,828 - cyberbully - INFO - Confusion matrix figure saved to experiments/grid-search/distilbert-base-uncased/kaggle/prep1_aug0/seed_70681460/confusion_matrix.pdf
2026-03-24 08:06:27,829 - cyberbully - INFO - Accuracy: 0.9528
2026-03-24 08:06:27,829 - cyberbully - INFO - Weighted F1: 0.9530
2026-03-24 08:06:27,829 - cyberbully - INFO - Micro F1: 0.9528
2026-03-24 08:06:27,829 - cyberbully - INFO - Inference time: 2.75 seconds
2026-03-24 08:06:27,829 - cyberbully - INFO - Energy consumption: 0.000185 kWh
2026-03-24 08:06:27,830 - cyberbully - INFO - ============================================================
2026-03-24 08:06:27,830 - cyberbully - INFO - Pipeline complete. Results saved to: experiments/grid-search/distilbert-base-uncased/kaggle/prep1_aug0/seed_70681460
2026-03-24 08:06:27,830 - cyberbully - INFO - ============================================================
