2026-02-17 16:39:26,906 - cyberbully - INFO - ============================================================
2026-02-17 16:39:26,906 - cyberbully - INFO - Cyberbullying Detection Pipeline
2026-02-17 16:39:26,906 - cyberbully - INFO - ============================================================
2026-02-17 16:39:26,906 - cyberbully - INFO - Configuration:
2026-02-17 16:39:26,906 - cyberbully - INFO -   model          : bert-base-uncased
2026-02-17 16:39:26,906 - cyberbully - INFO -   dataset        : ieee
2026-02-17 16:39:26,906 - cyberbully - INFO -   preprocess     : False
2026-02-17 16:39:26,906 - cyberbully - INFO -   augment        : False
2026-02-17 16:39:26,906 - cyberbully - INFO -   compute_attribution: False
2026-02-17 16:39:26,906 - cyberbully - INFO -   seed           : 24677315
2026-02-17 16:39:26,906 - cyberbully - INFO -   epochs         : 5
2026-02-17 16:39:26,906 - cyberbully - INFO -   batch_size     : 16
2026-02-17 16:39:26,906 - cyberbully - INFO -   lr             : 2e-05
2026-02-17 16:39:26,906 - cyberbully - INFO -   max_length     : 128
2026-02-17 16:39:26,906 - cyberbully - INFO -   output_dir     : grid-search
2026-02-17 16:39:26,906 - cyberbully - INFO -   data_dir       : dataset
2026-02-17 16:39:26,906 - cyberbully - INFO -   sbert          : False
2026-02-17 16:39:26,906 - cyberbully - INFO -   overwrite      : False
2026-02-17 16:39:26,906 - cyberbully - INFO -   device         : cuda
2026-02-17 16:39:26,906 - cyberbully - INFO -   output_dir     : experiments/grid-search/bert-base-uncased/ieee/prep0_aug0/seed_24677315
2026-02-17 16:39:26,906 - cyberbully - INFO - ============================================================
2026-02-17 16:39:26,906 - cyberbully - INFO - Step 1: Preparing data...
2026-02-17 16:39:26,906 - cyberbully - INFO - Loading dataset 'ieee' from dataset/IEEE Data Port.csv
2026-02-17 16:39:26,912 - cyberbully - INFO - Loaded 2108 samples with 5 classes: ['Cyberstalking', 'Doxing', 'Revenge Porn', 'Sexual Harassment', 'Slut Shaming']
2026-02-17 16:39:26,912 - cyberbully - INFO - Label mapping: {'Cyberstalking': 0, 'Doxing': 1, 'Revenge Porn': 2, 'Sexual Harassment': 3, 'Slut Shaming': 4}
2026-02-17 16:39:26,914 - cyberbully - INFO - Split sizes — train: 1348, val: 338, test: 422
2026-02-17 16:39:26,914 - cyberbully - INFO - Number of classes: 5
2026-02-17 16:39:26,915 - cyberbully - INFO - Step 2: Loading model and tokenizer...
2026-02-17 16:39:26,915 - cyberbully - INFO - Loading model 'bert-base-uncased' with 5 labels (sbert=False)
2026-02-17 16:39:27,788 - cyberbully - INFO - Step 3: Creating datasets...
2026-02-17 16:39:27,812 - cyberbully - INFO - Dataset sizes — train: 1348, val: 338, test: 422
2026-02-17 16:39:27,812 - cyberbully - INFO - Step 4: Training...
2026-02-17 16:39:27,946 - cyberbully - INFO - Starting training...
2026-02-17 16:39:47,230 - cyberbully - INFO - Training complete.
2026-02-17 16:39:47,230 - cyberbully - INFO - Step 5: Evaluating on test set...
2026-02-17 16:39:51,631 - cyberbully - INFO - Metrics saved to experiments/grid-search/bert-base-uncased/ieee/prep0_aug0/seed_24677315/metrics.json
2026-02-17 16:39:51,631 - cyberbully - INFO - Confusion matrix saved to experiments/grid-search/bert-base-uncased/ieee/prep0_aug0/seed_24677315/confusion_matrix.json
2026-02-17 16:39:51,741 - cyberbully - INFO - Confusion matrix figure saved to experiments/grid-search/bert-base-uncased/ieee/prep0_aug0/seed_24677315/confusion_matrix.pdf
2026-02-17 16:39:51,741 - cyberbully - INFO - Accuracy: 0.8270
2026-02-17 16:39:51,741 - cyberbully - INFO - Weighted F1: 0.8275
2026-02-17 16:39:51,741 - cyberbully - INFO - Micro F1: 0.8270
2026-02-17 16:39:51,741 - cyberbully - INFO - Inference time: 0.19 seconds
2026-02-17 16:39:51,741 - cyberbully - INFO - Energy consumption: 0.000007 kWh
2026-02-17 16:39:51,741 - cyberbully - INFO - ============================================================
2026-02-17 16:39:51,741 - cyberbully - INFO - Pipeline complete. Results saved to: experiments/grid-search/bert-base-uncased/ieee/prep0_aug0/seed_24677315
2026-02-17 16:39:51,741 - cyberbully - INFO - ============================================================
