2026-06-16 20:07:39,972 - cyberbully - INFO - ============================================================
2026-06-16 20:07:39,972 - cyberbully - INFO - Cyberbullying Detection Pipeline
2026-06-16 20:07:39,972 - cyberbully - INFO - ============================================================
2026-06-16 20:07:39,972 - cyberbully - INFO - Configuration:
2026-06-16 20:07:39,972 - cyberbully - INFO -   model          : albert/albert-base-v2
2026-06-16 20:07:39,972 - cyberbully - INFO -   dataset        : tweeteval
2026-06-16 20:07:39,972 - cyberbully - INFO -   preprocess     : False
2026-06-16 20:07:39,972 - cyberbully - INFO -   prep_mode      : 2
2026-06-16 20:07:39,972 - cyberbully - INFO -   augment        : False
2026-06-16 20:07:39,972 - cyberbully - INFO -   compute_attribution: False
2026-06-16 20:07:39,972 - cyberbully - INFO -   seed           : 14298463
2026-06-16 20:07:39,972 - cyberbully - INFO -   epochs         : 10
2026-06-16 20:07:39,972 - cyberbully - INFO -   batch_size     : 32
2026-06-16 20:07:39,972 - cyberbully - INFO -   lr             : 5e-05
2026-06-16 20:07:39,973 - cyberbully - INFO -   max_length     : 128
2026-06-16 20:07:39,973 - cyberbully - INFO -   output_dir     : grid-search
2026-06-16 20:07:39,973 - cyberbully - INFO -   data_dir       : dataset
2026-06-16 20:07:39,973 - cyberbully - INFO -   sbert          : False
2026-06-16 20:07:39,973 - cyberbully - INFO -   supcon         : False
2026-06-16 20:07:39,973 - cyberbully - INFO -   supcon_weight  : 0.1
2026-06-16 20:07:39,973 - cyberbully - INFO -   proj_dim       : 128
2026-06-16 20:07:39,973 - cyberbully - INFO -   grad_accum_steps: 1
2026-06-16 20:07:39,973 - cyberbully - INFO -   overwrite      : False
2026-06-16 20:07:39,973 - cyberbully - INFO -   device         : cuda
2026-06-16 20:07:39,973 - cyberbully - INFO -   output_dir     : experiments/grid-search/albert_albert-base-v2/tweeteval/prep2_aug0/seed_14298463
2026-06-16 20:07:39,973 - cyberbully - INFO - ============================================================
2026-06-16 20:07:39,973 - cyberbully - INFO - Step 1: Preparing data...
2026-06-16 20:07:40,022 - cyberbully - INFO - Loaded pre-split data from dataset/tweeteval — train: 32485, val: 8122, test: 10152
2026-06-16 20:07:40,022 - cyberbully - INFO - Label mapping: {'emotion': 0, 'hate': 1, 'offensive': 2, 'religion': 3, 'spiritual': 4}
2026-06-16 20:07:40,023 - cyberbully - INFO - Applying partial text preprocessing per split...
2026-06-16 20:07:41,694 - cyberbully - INFO - After preprocessing -- train: 32485, val: 8122, test: 10152
2026-06-16 20:07:41,698 - cyberbully - INFO - Number of classes: 5
2026-06-16 20:07:41,700 - cyberbully - INFO - Step 2: Loading model and tokenizer...
2026-06-16 20:07:41,700 - cyberbully - INFO - Loading model 'albert/albert-base-v2' with 5 labels (sbert=False, supcon=False)
2026-06-16 20:07:42,727 - cyberbully - INFO - Step 3: Creating datasets...
2026-06-16 20:07:44,062 - cyberbully - INFO - Dataset sizes — train: 32485, val: 8122, test: 10152
2026-06-16 20:07:44,063 - cyberbully - INFO - Step 4: Training...
2026-06-16 20:07:44,245 - cyberbully - INFO - Starting training...
2026-06-16 20:27:36,204 - cyberbully - INFO - Training complete.
2026-06-16 20:27:36,212 - cyberbully - INFO - Removed checkpoint: experiments/grid-search/albert_albert-base-v2/tweeteval/prep2_aug0/seed_14298463/checkpoint-3048
2026-06-16 20:27:36,219 - cyberbully - INFO - Removed checkpoint: experiments/grid-search/albert_albert-base-v2/tweeteval/prep2_aug0/seed_14298463/checkpoint-7112
2026-06-16 20:27:36,226 - cyberbully - INFO - Removed checkpoint: experiments/grid-search/albert_albert-base-v2/tweeteval/prep2_aug0/seed_14298463/checkpoint-9144
2026-06-16 20:27:36,234 - cyberbully - INFO - Removed checkpoint: experiments/grid-search/albert_albert-base-v2/tweeteval/prep2_aug0/seed_14298463/checkpoint-1016
2026-06-16 20:27:36,241 - cyberbully - INFO - Removed checkpoint: experiments/grid-search/albert_albert-base-v2/tweeteval/prep2_aug0/seed_14298463/checkpoint-2032
2026-06-16 20:27:36,250 - cyberbully - INFO - Removed checkpoint: experiments/grid-search/albert_albert-base-v2/tweeteval/prep2_aug0/seed_14298463/checkpoint-10160
2026-06-16 20:27:36,257 - cyberbully - INFO - Removed checkpoint: experiments/grid-search/albert_albert-base-v2/tweeteval/prep2_aug0/seed_14298463/checkpoint-6096
2026-06-16 20:27:36,264 - cyberbully - INFO - Removed checkpoint: experiments/grid-search/albert_albert-base-v2/tweeteval/prep2_aug0/seed_14298463/checkpoint-5080
2026-06-16 20:27:36,271 - cyberbully - INFO - Removed checkpoint: experiments/grid-search/albert_albert-base-v2/tweeteval/prep2_aug0/seed_14298463/checkpoint-8128
2026-06-16 20:27:36,278 - cyberbully - INFO - Removed checkpoint: experiments/grid-search/albert_albert-base-v2/tweeteval/prep2_aug0/seed_14298463/checkpoint-4064
2026-06-16 20:27:36,278 - cyberbully - INFO - Step 5: Evaluating on test set...
2026-06-16 20:27:54,260 - cyberbully - INFO - Metrics saved to experiments/grid-search/albert_albert-base-v2/tweeteval/prep2_aug0/seed_14298463/metrics.json
2026-06-16 20:27:54,260 - cyberbully - INFO - Confusion matrix saved to experiments/grid-search/albert_albert-base-v2/tweeteval/prep2_aug0/seed_14298463/confusion_matrix.json
2026-06-16 20:27:54,367 - cyberbully - INFO - Per-sample predictions saved to experiments/grid-search/albert_albert-base-v2/tweeteval/prep2_aug0/seed_14298463/predictions.json
2026-06-16 20:27:54,475 - cyberbully - INFO - Confusion matrix figure saved to experiments/grid-search/albert_albert-base-v2/tweeteval/prep2_aug0/seed_14298463/confusion_matrix.pdf
2026-06-16 20:27:54,476 - cyberbully - INFO - Accuracy: 0.9387
2026-06-16 20:27:54,476 - cyberbully - INFO - Weighted F1: 0.9386
2026-06-16 20:27:54,476 - cyberbully - INFO - Micro F1: 0.9387
2026-06-16 20:27:54,476 - cyberbully - INFO - Inference time: 11.84 seconds
2026-06-16 20:27:54,476 - cyberbully - INFO - Energy consumption: 0.000684 kWh
2026-06-16 20:27:54,478 - cyberbully - INFO - ============================================================
2026-06-16 20:27:54,478 - cyberbully - INFO - Pipeline complete. Results saved to: experiments/grid-search/albert_albert-base-v2/tweeteval/prep2_aug0/seed_14298463
2026-06-16 20:27:54,478 - cyberbully - INFO - ============================================================
