2026-04-10 04:52:22,723 - cyberbully - INFO - ============================================================
2026-04-10 04:52:22,723 - cyberbully - INFO - Cyberbullying Detection Pipeline
2026-04-10 04:52:22,723 - cyberbully - INFO - ============================================================
2026-04-10 04:52:22,723 - cyberbully - INFO - Configuration:
2026-04-10 04:52:22,723 - cyberbully - INFO -   model          : chandar-lab/NeoBERT
2026-04-10 04:52:22,723 - cyberbully - INFO -   dataset        : tweeteval
2026-04-10 04:52:22,723 - cyberbully - INFO -   preprocess     : False
2026-04-10 04:52:22,723 - cyberbully - INFO -   augment        : True
2026-04-10 04:52:22,723 - cyberbully - INFO -   compute_attribution: False
2026-04-10 04:52:22,723 - cyberbully - INFO -   seed           : 87212562
2026-04-10 04:52:22,723 - cyberbully - INFO -   epochs         : 10
2026-04-10 04:52:22,723 - cyberbully - INFO -   batch_size     : 32
2026-04-10 04:52:22,723 - cyberbully - INFO -   lr             : 5e-05
2026-04-10 04:52:22,723 - cyberbully - INFO -   max_length     : 128
2026-04-10 04:52:22,723 - cyberbully - INFO -   output_dir     : grid-search
2026-04-10 04:52:22,723 - cyberbully - INFO -   data_dir       : dataset
2026-04-10 04:52:22,723 - cyberbully - INFO -   sbert          : False
2026-04-10 04:52:22,723 - cyberbully - INFO -   supcon         : False
2026-04-10 04:52:22,723 - cyberbully - INFO -   supcon_weight  : 0.1
2026-04-10 04:52:22,723 - cyberbully - INFO -   proj_dim       : 128
2026-04-10 04:52:22,723 - cyberbully - INFO -   grad_accum_steps: 1
2026-04-10 04:52:22,723 - cyberbully - INFO -   overwrite      : False
2026-04-10 04:52:22,723 - cyberbully - INFO -   device         : cuda
2026-04-10 04:52:22,723 - cyberbully - INFO -   output_dir     : experiments/grid-search/chandar-lab_NeoBERT/tweeteval/prep0_aug1/seed_87212562
2026-04-10 04:52:22,723 - cyberbully - INFO - ============================================================
2026-04-10 04:52:22,723 - cyberbully - INFO - Step 1: Preparing data...
2026-04-10 04:52:22,770 - cyberbully - INFO - Loaded pre-split data from dataset/tweeteval — train: 32485, val: 8122, test: 10152
2026-04-10 04:52:22,770 - cyberbully - INFO - Label mapping: {'emotion': 0, 'hate': 1, 'offensive': 2, 'religion': 3, 'spiritual': 4}
2026-04-10 04:52:22,772 - cyberbully - INFO - Applying training data augmentation (oversampling)...
2026-04-10 04:52:22,778 - cyberbully - INFO - After oversampling — class distribution: {0: 8985, 1: 8985, 2: 8985, 3: 8985, 4: 8985}
2026-04-10 04:52:22,787 - cyberbully - INFO - Number of classes: 5
2026-04-10 04:52:22,788 - cyberbully - INFO - Step 2: Loading model and tokenizer...
2026-04-10 04:52:22,788 - cyberbully - INFO - Loading model 'chandar-lab/NeoBERT' with 5 labels (sbert=False, supcon=False)
2026-04-10 04:52:24,702 - cyberbully - INFO - Step 3: Creating datasets...
2026-04-10 04:52:25,765 - cyberbully - INFO - Dataset sizes — train: 44925, val: 8122, test: 10152
2026-04-10 04:52:25,765 - cyberbully - INFO - Step 4: Training...
2026-04-10 04:52:26,049 - cyberbully - INFO - Starting training...
2026-04-10 05:38:52,821 - cyberbully - INFO - Training complete.
2026-04-10 05:38:52,965 - cyberbully - INFO - Removed checkpoint: experiments/grid-search/chandar-lab_NeoBERT/tweeteval/prep0_aug1/seed_87212562/checkpoint-14040
2026-04-10 05:38:53,090 - cyberbully - INFO - Removed checkpoint: experiments/grid-search/chandar-lab_NeoBERT/tweeteval/prep0_aug1/seed_87212562/checkpoint-2808
2026-04-10 05:38:53,214 - cyberbully - INFO - Removed checkpoint: experiments/grid-search/chandar-lab_NeoBERT/tweeteval/prep0_aug1/seed_87212562/checkpoint-5616
2026-04-10 05:38:53,336 - cyberbully - INFO - Removed checkpoint: experiments/grid-search/chandar-lab_NeoBERT/tweeteval/prep0_aug1/seed_87212562/checkpoint-7020
2026-04-10 05:38:53,461 - cyberbully - INFO - Removed checkpoint: experiments/grid-search/chandar-lab_NeoBERT/tweeteval/prep0_aug1/seed_87212562/checkpoint-4212
2026-04-10 05:38:53,582 - cyberbully - INFO - Removed checkpoint: experiments/grid-search/chandar-lab_NeoBERT/tweeteval/prep0_aug1/seed_87212562/checkpoint-12636
2026-04-10 05:38:53,711 - cyberbully - INFO - Removed checkpoint: experiments/grid-search/chandar-lab_NeoBERT/tweeteval/prep0_aug1/seed_87212562/checkpoint-1404
2026-04-10 05:38:53,832 - cyberbully - INFO - Removed checkpoint: experiments/grid-search/chandar-lab_NeoBERT/tweeteval/prep0_aug1/seed_87212562/checkpoint-8424
2026-04-10 05:38:53,953 - cyberbully - INFO - Removed checkpoint: experiments/grid-search/chandar-lab_NeoBERT/tweeteval/prep0_aug1/seed_87212562/checkpoint-11232
2026-04-10 05:38:54,076 - cyberbully - INFO - Removed checkpoint: experiments/grid-search/chandar-lab_NeoBERT/tweeteval/prep0_aug1/seed_87212562/checkpoint-9828
2026-04-10 05:38:54,076 - cyberbully - INFO - Step 5: Evaluating on test set...
2026-04-10 05:39:15,728 - cyberbully - INFO - Metrics saved to experiments/grid-search/chandar-lab_NeoBERT/tweeteval/prep0_aug1/seed_87212562/metrics.json
2026-04-10 05:39:15,728 - cyberbully - INFO - Confusion matrix saved to experiments/grid-search/chandar-lab_NeoBERT/tweeteval/prep0_aug1/seed_87212562/confusion_matrix.json
2026-04-10 05:39:15,833 - cyberbully - INFO - Per-sample predictions saved to experiments/grid-search/chandar-lab_NeoBERT/tweeteval/prep0_aug1/seed_87212562/predictions.json
2026-04-10 05:39:15,935 - cyberbully - INFO - Confusion matrix figure saved to experiments/grid-search/chandar-lab_NeoBERT/tweeteval/prep0_aug1/seed_87212562/confusion_matrix.pdf
2026-04-10 05:39:15,935 - cyberbully - INFO - Accuracy: 0.9706
2026-04-10 05:39:15,935 - cyberbully - INFO - Weighted F1: 0.9705
2026-04-10 05:39:15,935 - cyberbully - INFO - Micro F1: 0.9706
2026-04-10 05:39:15,935 - cyberbully - INFO - Inference time: 17.01 seconds
2026-04-10 05:39:15,935 - cyberbully - INFO - Energy consumption: 0.001049 kWh
2026-04-10 05:39:15,937 - cyberbully - INFO - ============================================================
2026-04-10 05:39:15,937 - cyberbully - INFO - Pipeline complete. Results saved to: experiments/grid-search/chandar-lab_NeoBERT/tweeteval/prep0_aug1/seed_87212562
2026-04-10 05:39:15,937 - cyberbully - INFO - ============================================================
