2026-03-25 11:49:54,248 - cyberbully - INFO - ============================================================
2026-03-25 11:49:54,248 - cyberbully - INFO - Cyberbullying Detection Pipeline
2026-03-25 11:49:54,249 - cyberbully - INFO - ============================================================
2026-03-25 11:49:54,249 - cyberbully - INFO - Configuration:
2026-03-25 11:49:54,249 - cyberbully - INFO -   model          : GroNLP/hateBERT
2026-03-25 11:49:54,249 - cyberbully - INFO -   dataset        : kaggle
2026-03-25 11:49:54,249 - cyberbully - INFO -   preprocess     : True
2026-03-25 11:49:54,249 - cyberbully - INFO -   augment        : True
2026-03-25 11:49:54,249 - cyberbully - INFO -   compute_attribution: False
2026-03-25 11:49:54,249 - cyberbully - INFO -   seed           : 14298463
2026-03-25 11:49:54,249 - cyberbully - INFO -   epochs         : 10
2026-03-25 11:49:54,249 - cyberbully - INFO -   batch_size     : 32
2026-03-25 11:49:54,249 - cyberbully - INFO -   lr             : 5e-05
2026-03-25 11:49:54,249 - cyberbully - INFO -   max_length     : 128
2026-03-25 11:49:54,249 - cyberbully - INFO -   output_dir     : grid-search
2026-03-25 11:49:54,249 - cyberbully - INFO -   data_dir       : dataset
2026-03-25 11:49:54,249 - cyberbully - INFO -   sbert          : False
2026-03-25 11:49:54,249 - cyberbully - INFO -   supcon         : False
2026-03-25 11:49:54,249 - cyberbully - INFO -   supcon_weight  : 0.1
2026-03-25 11:49:54,249 - cyberbully - INFO -   proj_dim       : 128
2026-03-25 11:49:54,249 - cyberbully - INFO -   grad_accum_steps: 1
2026-03-25 11:49:54,249 - cyberbully - INFO -   overwrite      : False
2026-03-25 11:49:54,249 - cyberbully - INFO -   device         : cuda
2026-03-25 11:49:54,249 - cyberbully - INFO -   output_dir     : experiments/grid-search/GroNLP_hateBERT/kaggle/prep1_aug1/seed_14298463
2026-03-25 11:49:54,249 - cyberbully - INFO - ============================================================
2026-03-25 11:49:54,249 - cyberbully - INFO - Step 1: Preparing data...
2026-03-25 11:49:54,295 - cyberbully - INFO - Loaded pre-split data from dataset/kaggle — train: 25604, val: 6401, test: 8002
2026-03-25 11:49:54,295 - cyberbully - INFO - Label mapping: {'age': 0, 'ethnicity': 1, 'gender': 2, 'other_cyberbullying': 3, 'religion': 4}
2026-03-25 11:49:54,295 - cyberbully - INFO - Applying text preprocessing per split...
2026-03-25 11:50:38,503 - cyberbully - INFO - After preprocessing — train: 23572, val: 5975, test: 7423
2026-03-25 11:50:38,505 - cyberbully - INFO - Applying training data augmentation (oversampling)...
2026-03-25 11:50:38,509 - cyberbully - INFO - After oversampling — class distribution: {0: 5068, 1: 5068, 2: 5068, 3: 5068, 4: 5068}
2026-03-25 11:50:38,518 - cyberbully - INFO - Number of classes: 5
2026-03-25 11:50:38,519 - cyberbully - INFO - Step 2: Loading model and tokenizer...
2026-03-25 11:50:38,519 - cyberbully - INFO - Loading model 'GroNLP/hateBERT' with 5 labels (sbert=False, supcon=False)
2026-03-25 11:50:39,200 - cyberbully - INFO - Step 3: Creating datasets...
2026-03-25 11:50:39,875 - cyberbully - INFO - Dataset sizes — train: 25340, val: 5975, test: 7423
2026-03-25 11:50:39,875 - cyberbully - INFO - Step 4: Training...
2026-03-25 11:50:39,998 - cyberbully - INFO - Starting training...
2026-03-25 11:59:18,540 - cyberbully - INFO - Training complete.
2026-03-25 11:59:18,619 - cyberbully - INFO - Removed checkpoint: experiments/grid-search/GroNLP_hateBERT/kaggle/prep1_aug1/seed_14298463/checkpoint-3960
2026-03-25 11:59:18,702 - cyberbully - INFO - Removed checkpoint: experiments/grid-search/GroNLP_hateBERT/kaggle/prep1_aug1/seed_14298463/checkpoint-1584
2026-03-25 11:59:18,776 - cyberbully - INFO - Removed checkpoint: experiments/grid-search/GroNLP_hateBERT/kaggle/prep1_aug1/seed_14298463/checkpoint-7128
2026-03-25 11:59:18,862 - cyberbully - INFO - Removed checkpoint: experiments/grid-search/GroNLP_hateBERT/kaggle/prep1_aug1/seed_14298463/checkpoint-792
2026-03-25 11:59:18,939 - cyberbully - INFO - Removed checkpoint: experiments/grid-search/GroNLP_hateBERT/kaggle/prep1_aug1/seed_14298463/checkpoint-4752
2026-03-25 11:59:19,020 - cyberbully - INFO - Removed checkpoint: experiments/grid-search/GroNLP_hateBERT/kaggle/prep1_aug1/seed_14298463/checkpoint-2376
2026-03-25 11:59:19,096 - cyberbully - INFO - Removed checkpoint: experiments/grid-search/GroNLP_hateBERT/kaggle/prep1_aug1/seed_14298463/checkpoint-5544
2026-03-25 11:59:19,174 - cyberbully - INFO - Removed checkpoint: experiments/grid-search/GroNLP_hateBERT/kaggle/prep1_aug1/seed_14298463/checkpoint-3168
2026-03-25 11:59:19,249 - cyberbully - INFO - Removed checkpoint: experiments/grid-search/GroNLP_hateBERT/kaggle/prep1_aug1/seed_14298463/checkpoint-6336
2026-03-25 11:59:19,325 - cyberbully - INFO - Removed checkpoint: experiments/grid-search/GroNLP_hateBERT/kaggle/prep1_aug1/seed_14298463/checkpoint-7920
2026-03-25 11:59:19,325 - cyberbully - INFO - Step 5: Evaluating on test set...
2026-03-25 11:59:27,579 - cyberbully - INFO - Metrics saved to experiments/grid-search/GroNLP_hateBERT/kaggle/prep1_aug1/seed_14298463/metrics.json
2026-03-25 11:59:27,579 - cyberbully - INFO - Confusion matrix saved to experiments/grid-search/GroNLP_hateBERT/kaggle/prep1_aug1/seed_14298463/confusion_matrix.json
2026-03-25 11:59:27,651 - cyberbully - INFO - Per-sample predictions saved to experiments/grid-search/GroNLP_hateBERT/kaggle/prep1_aug1/seed_14298463/predictions.json
2026-03-25 11:59:27,755 - cyberbully - INFO - Confusion matrix figure saved to experiments/grid-search/GroNLP_hateBERT/kaggle/prep1_aug1/seed_14298463/confusion_matrix.pdf
2026-03-25 11:59:27,756 - cyberbully - INFO - Accuracy: 0.9524
2026-03-25 11:59:27,756 - cyberbully - INFO - Weighted F1: 0.9528
2026-03-25 11:59:27,756 - cyberbully - INFO - Micro F1: 0.9524
2026-03-25 11:59:27,756 - cyberbully - INFO - Inference time: 3.05 seconds
2026-03-25 11:59:27,756 - cyberbully - INFO - Energy consumption: 0.000170 kWh
2026-03-25 11:59:27,757 - cyberbully - INFO - ============================================================
2026-03-25 11:59:27,757 - cyberbully - INFO - Pipeline complete. Results saved to: experiments/grid-search/GroNLP_hateBERT/kaggle/prep1_aug1/seed_14298463
2026-03-25 11:59:27,757 - cyberbully - INFO - ============================================================
