2026-05-19 21:02:49,898 - cyberbully - INFO - ============================================================
2026-05-19 21:02:49,898 - cyberbully - INFO - Cyberbullying Detection Pipeline
2026-05-19 21:02:49,898 - cyberbully - INFO - ============================================================
2026-05-19 21:02:49,898 - cyberbully - INFO - Configuration:
2026-05-19 21:02:49,898 - cyberbully - INFO -   model          : bert-base-cased
2026-05-19 21:02:49,898 - cyberbully - INFO -   dataset        : tweeteval
2026-05-19 21:02:49,898 - cyberbully - INFO -   preprocess     : True
2026-05-19 21:02:49,898 - cyberbully - INFO -   augment        : False
2026-05-19 21:02:49,898 - cyberbully - INFO -   compute_attribution: False
2026-05-19 21:02:49,898 - cyberbully - INFO -   seed           : 67351593
2026-05-19 21:02:49,898 - cyberbully - INFO -   epochs         : 10
2026-05-19 21:02:49,898 - cyberbully - INFO -   batch_size     : 32
2026-05-19 21:02:49,898 - cyberbully - INFO -   lr             : 5e-05
2026-05-19 21:02:49,898 - cyberbully - INFO -   max_length     : 128
2026-05-19 21:02:49,898 - cyberbully - INFO -   output_dir     : grid-search
2026-05-19 21:02:49,898 - cyberbully - INFO -   data_dir       : dataset
2026-05-19 21:02:49,898 - cyberbully - INFO -   sbert          : False
2026-05-19 21:02:49,898 - cyberbully - INFO -   supcon         : False
2026-05-19 21:02:49,898 - cyberbully - INFO -   supcon_weight  : 0.1
2026-05-19 21:02:49,898 - cyberbully - INFO -   proj_dim       : 128
2026-05-19 21:02:49,898 - cyberbully - INFO -   grad_accum_steps: 1
2026-05-19 21:02:49,898 - cyberbully - INFO -   overwrite      : True
2026-05-19 21:02:49,898 - cyberbully - INFO -   device         : cuda
2026-05-19 21:02:49,898 - cyberbully - INFO -   output_dir     : experiments/grid-search/bert-base-cased/tweeteval/prep1_aug0/seed_67351593
2026-05-19 21:02:49,898 - cyberbully - INFO - ============================================================
2026-05-19 21:02:49,898 - cyberbully - INFO - Step 1: Preparing data...
2026-05-19 21:02:49,953 - cyberbully - INFO - Loaded pre-split data from dataset/tweeteval — train: 32485, val: 8122, test: 10152
2026-05-19 21:02:49,953 - cyberbully - INFO - Label mapping: {'emotion': 0, 'hate': 1, 'offensive': 2, 'religion': 3, 'spiritual': 4}
2026-05-19 21:02:49,954 - cyberbully - INFO - Applying text preprocessing per split...
2026-05-19 21:02:55,568 - cyberbully - INFO - After preprocessing -- train: 32485, val: 8122, test: 10152
2026-05-19 21:02:55,573 - cyberbully - INFO - Number of classes: 5
2026-05-19 21:02:55,574 - cyberbully - INFO - Step 2: Loading model and tokenizer...
2026-05-19 21:02:55,574 - cyberbully - INFO - Loading model 'bert-base-cased' with 5 labels (sbert=False, supcon=False)
2026-05-19 21:02:56,382 - cyberbully - INFO - Step 3: Creating datasets...
2026-05-19 21:02:57,267 - cyberbully - INFO - Dataset sizes — train: 32485, val: 8122, test: 10152
2026-05-19 21:02:57,267 - cyberbully - INFO - Step 4: Training...
2026-05-19 21:02:57,424 - cyberbully - INFO - Starting training...
2026-05-19 21:14:54,004 - cyberbully - INFO - Training complete.
2026-05-19 21:14:54,088 - cyberbully - INFO - Removed checkpoint: experiments/grid-search/bert-base-cased/tweeteval/prep1_aug0/seed_67351593/checkpoint-2032
2026-05-19 21:14:54,171 - cyberbully - INFO - Removed checkpoint: experiments/grid-search/bert-base-cased/tweeteval/prep1_aug0/seed_67351593/checkpoint-6096
2026-05-19 21:14:54,254 - cyberbully - INFO - Removed checkpoint: experiments/grid-search/bert-base-cased/tweeteval/prep1_aug0/seed_67351593/checkpoint-3048
2026-05-19 21:14:54,336 - cyberbully - INFO - Removed checkpoint: experiments/grid-search/bert-base-cased/tweeteval/prep1_aug0/seed_67351593/checkpoint-9144
2026-05-19 21:14:54,419 - cyberbully - INFO - Removed checkpoint: experiments/grid-search/bert-base-cased/tweeteval/prep1_aug0/seed_67351593/checkpoint-5080
2026-05-19 21:14:54,501 - cyberbully - INFO - Removed checkpoint: experiments/grid-search/bert-base-cased/tweeteval/prep1_aug0/seed_67351593/checkpoint-8128
2026-05-19 21:14:54,586 - cyberbully - INFO - Removed checkpoint: experiments/grid-search/bert-base-cased/tweeteval/prep1_aug0/seed_67351593/checkpoint-4064
2026-05-19 21:14:54,672 - cyberbully - INFO - Removed checkpoint: experiments/grid-search/bert-base-cased/tweeteval/prep1_aug0/seed_67351593/checkpoint-1016
2026-05-19 21:14:54,754 - cyberbully - INFO - Removed checkpoint: experiments/grid-search/bert-base-cased/tweeteval/prep1_aug0/seed_67351593/checkpoint-7112
2026-05-19 21:14:54,852 - cyberbully - INFO - Removed checkpoint: experiments/grid-search/bert-base-cased/tweeteval/prep1_aug0/seed_67351593/checkpoint-10160
2026-05-19 21:14:54,852 - cyberbully - INFO - Step 5: Evaluating on test set...
2026-05-19 21:15:05,403 - cyberbully - INFO - Metrics saved to experiments/grid-search/bert-base-cased/tweeteval/prep1_aug0/seed_67351593/metrics.json
2026-05-19 21:15:05,403 - cyberbully - INFO - Confusion matrix saved to experiments/grid-search/bert-base-cased/tweeteval/prep1_aug0/seed_67351593/confusion_matrix.json
2026-05-19 21:15:05,515 - cyberbully - INFO - Per-sample predictions saved to experiments/grid-search/bert-base-cased/tweeteval/prep1_aug0/seed_67351593/predictions.json
2026-05-19 21:15:05,636 - cyberbully - INFO - Confusion matrix figure saved to experiments/grid-search/bert-base-cased/tweeteval/prep1_aug0/seed_67351593/confusion_matrix.pdf
2026-05-19 21:15:05,636 - cyberbully - INFO - Accuracy: 0.9380
2026-05-19 21:15:05,636 - cyberbully - INFO - Weighted F1: 0.9380
2026-05-19 21:15:05,636 - cyberbully - INFO - Micro F1: 0.9380
2026-05-19 21:15:05,636 - cyberbully - INFO - Inference time: 4.47 seconds
2026-05-19 21:15:05,636 - cyberbully - INFO - Energy consumption: 0.000268 kWh
2026-05-19 21:15:05,638 - cyberbully - INFO - ============================================================
2026-05-19 21:15:05,638 - cyberbully - INFO - Pipeline complete. Results saved to: experiments/grid-search/bert-base-cased/tweeteval/prep1_aug0/seed_67351593
2026-05-19 21:15:05,638 - cyberbully - INFO - ============================================================
