2026-02-10 19:52:59,157 - cyberbully - INFO - ============================================================
2026-02-10 19:52:59,157 - cyberbully - INFO - Cyberbullying Detection Pipeline
2026-02-10 19:52:59,157 - cyberbully - INFO - ============================================================
2026-02-10 19:52:59,157 - cyberbully - INFO - Configuration:
2026-02-10 19:52:59,157 - cyberbully - INFO -   model          : bert-base-uncased
2026-02-10 19:52:59,157 - cyberbully - INFO -   dataset        : kaggle
2026-02-10 19:52:59,157 - cyberbully - INFO -   preprocess     : True
2026-02-10 19:52:59,157 - cyberbully - INFO -   augment        : False
2026-02-10 19:52:59,157 - cyberbully - INFO -   compute_attribution: False
2026-02-10 19:52:59,157 - cyberbully - INFO -   seed           : 43782163
2026-02-10 19:52:59,157 - cyberbully - INFO -   epochs         : 5
2026-02-10 19:52:59,157 - cyberbully - INFO -   batch_size     : 16
2026-02-10 19:52:59,157 - cyberbully - INFO -   lr             : 2e-05
2026-02-10 19:52:59,157 - cyberbully - INFO -   max_length     : 128
2026-02-10 19:52:59,157 - cyberbully - INFO -   output_dir     : experiments
2026-02-10 19:52:59,157 - cyberbully - INFO -   data_dir       : dataset
2026-02-10 19:52:59,157 - cyberbully - INFO -   overwrite      : False
2026-02-10 19:52:59,157 - cyberbully - INFO -   device         : cuda
2026-02-10 19:52:59,157 - cyberbully - INFO -   output_dir     : experiments/bert-base-uncased/kaggle/prep1_aug0/seed_43782163
2026-02-10 19:52:59,157 - cyberbully - INFO - ============================================================
2026-02-10 19:52:59,157 - cyberbully - INFO - Step 1: Preparing data...
2026-02-10 19:52:59,158 - cyberbully - INFO - Loading dataset 'kaggle' from dataset/Kaggle.csv
2026-02-10 19:52:59,216 - cyberbully - INFO - Loaded 47656 samples with 6 classes: ['age', 'ethnicity', 'gender', 'not_cyberbullying', 'other_cyberbullying', 'religion']
2026-02-10 19:52:59,216 - cyberbully - INFO - Applying text preprocessing...
2026-02-10 19:53:51,602 - cyberbully - INFO - After preprocessing: 41403 samples remain
2026-02-10 19:53:51,605 - cyberbully - INFO - Label mapping: {'age': 0, 'ethnicity': 1, 'gender': 2, 'not_cyberbullying': 3, 'other_cyberbullying': 4, 'religion': 5}
2026-02-10 19:53:51,616 - cyberbully - INFO - Split sizes — train: 26497, val: 6625, test: 8281
2026-02-10 19:53:51,616 - cyberbully - INFO - Number of classes: 6
2026-02-10 19:53:51,616 - cyberbully - INFO - Step 2: Loading model and tokenizer...
2026-02-10 19:53:51,616 - cyberbully - INFO - Loading model 'bert-base-uncased' with 6 labels
2026-02-10 19:53:52,335 - cyberbully - INFO - Step 3: Tokenizing datasets...
2026-02-10 19:53:53,284 - cyberbully - INFO - Dataset sizes — train: 26497, val: 6625, test: 8281
2026-02-10 19:53:53,284 - cyberbully - INFO - Step 4: Training...
2026-02-10 19:53:53,526 - cyberbully - INFO - Starting training...
2026-02-10 20:02:37,807 - cyberbully - INFO - Training complete.
2026-02-10 20:02:37,807 - cyberbully - INFO - Step 5: Evaluating on test set...
2026-02-10 20:02:48,928 - cyberbully - INFO - Metrics saved to experiments/bert-base-uncased/kaggle/prep1_aug0/seed_43782163/metrics.json
2026-02-10 20:02:48,928 - cyberbully - INFO - Confusion matrix saved to experiments/bert-base-uncased/kaggle/prep1_aug0/seed_43782163/confusion_matrix.json
2026-02-10 20:02:49,041 - cyberbully - INFO - Confusion matrix figure saved to experiments/bert-base-uncased/kaggle/prep1_aug0/seed_43782163/confusion_matrix.pdf
2026-02-10 20:02:49,041 - cyberbully - INFO - Accuracy: 0.8707
2026-02-10 20:02:49,041 - cyberbully - INFO - Weighted F1: 0.8703
2026-02-10 20:02:49,041 - cyberbully - INFO - Micro F1: 0.8707
2026-02-10 20:02:49,042 - cyberbully - INFO - Inference time: 6.76 seconds
2026-02-10 20:02:49,042 - cyberbully - INFO - Energy consumption: 0.000388 kWh
2026-02-10 20:02:49,042 - cyberbully - INFO - ============================================================
2026-02-10 20:02:49,042 - cyberbully - INFO - Pipeline complete. Results saved to: experiments/bert-base-uncased/kaggle/prep1_aug0/seed_43782163
2026-02-10 20:02:49,042 - cyberbully - INFO - ============================================================
