2026-03-22 03:14:06,821 - cyberbully - INFO - ============================================================
2026-03-22 03:14:06,821 - cyberbully - INFO - Cyberbullying Detection Pipeline
2026-03-22 03:14:06,821 - cyberbully - INFO - ============================================================
2026-03-22 03:14:06,821 - cyberbully - INFO - Configuration:
2026-03-22 03:14:06,821 - cyberbully - INFO -   model          : distilbert-base-cased
2026-03-22 03:14:06,821 - cyberbully - INFO -   dataset        : tweeteval
2026-03-22 03:14:06,821 - cyberbully - INFO -   preprocess     : True
2026-03-22 03:14:06,821 - cyberbully - INFO -   augment        : True
2026-03-22 03:14:06,821 - cyberbully - INFO -   compute_attribution: False
2026-03-22 03:14:06,821 - cyberbully - INFO -   seed           : 90995999
2026-03-22 03:14:06,821 - cyberbully - INFO -   epochs         : 10
2026-03-22 03:14:06,821 - cyberbully - INFO -   batch_size     : 32
2026-03-22 03:14:06,821 - cyberbully - INFO -   lr             : 5e-05
2026-03-22 03:14:06,821 - cyberbully - INFO -   max_length     : 128
2026-03-22 03:14:06,821 - cyberbully - INFO -   output_dir     : grid-search
2026-03-22 03:14:06,821 - cyberbully - INFO -   data_dir       : dataset
2026-03-22 03:14:06,821 - cyberbully - INFO -   sbert          : False
2026-03-22 03:14:06,821 - cyberbully - INFO -   supcon         : False
2026-03-22 03:14:06,821 - cyberbully - INFO -   supcon_weight  : 0.1
2026-03-22 03:14:06,821 - cyberbully - INFO -   proj_dim       : 128
2026-03-22 03:14:06,821 - cyberbully - INFO -   grad_accum_steps: 1
2026-03-22 03:14:06,821 - cyberbully - INFO -   overwrite      : False
2026-03-22 03:14:06,821 - cyberbully - INFO -   device         : cuda
2026-03-22 03:14:06,821 - cyberbully - INFO -   output_dir     : experiments/grid-search/distilbert-base-cased/tweeteval/prep1_aug1/seed_90995999
2026-03-22 03:14:06,821 - cyberbully - INFO - ============================================================
2026-03-22 03:14:06,821 - cyberbully - INFO - Step 1: Preparing data...
2026-03-22 03:14:06,870 - cyberbully - INFO - Loaded pre-split data from dataset/tweeteval — train: 32485, val: 8122, test: 10152
2026-03-22 03:14:06,870 - cyberbully - INFO - Label mapping: {'emotion': 0, 'hate': 1, 'offensive': 2, 'religion': 3, 'spiritual': 4}
2026-03-22 03:14:06,870 - cyberbully - INFO - Applying text preprocessing per split...
2026-03-22 03:15:02,282 - cyberbully - INFO - After preprocessing — train: 30371, val: 7616, test: 9466
2026-03-22 03:15:02,284 - cyberbully - INFO - Applying training data augmentation (oversampling)...
2026-03-22 03:15:02,289 - cyberbully - INFO - After oversampling — class distribution: {0: 7760, 1: 7760, 2: 7760, 3: 7760, 4: 7760}
2026-03-22 03:15:02,299 - cyberbully - INFO - Number of classes: 5
2026-03-22 03:15:02,300 - cyberbully - INFO - Step 2: Loading model and tokenizer...
2026-03-22 03:15:02,300 - cyberbully - INFO - Loading model 'distilbert-base-cased' with 5 labels (sbert=False, supcon=False)
2026-03-22 03:15:03,076 - cyberbully - INFO - Step 3: Creating datasets...
2026-03-22 03:15:03,993 - cyberbully - INFO - Dataset sizes — train: 38800, val: 7616, test: 9466
2026-03-22 03:15:03,993 - cyberbully - INFO - Step 4: Training...
2026-03-22 03:15:04,191 - cyberbully - INFO - Starting training...
2026-03-22 03:24:49,050 - cyberbully - INFO - Training complete.
2026-03-22 03:24:49,089 - cyberbully - INFO - Removed checkpoint: experiments/grid-search/distilbert-base-cased/tweeteval/prep1_aug1/seed_90995999/checkpoint-3639
2026-03-22 03:24:49,126 - cyberbully - INFO - Removed checkpoint: experiments/grid-search/distilbert-base-cased/tweeteval/prep1_aug1/seed_90995999/checkpoint-9704
2026-03-22 03:24:49,164 - cyberbully - INFO - Removed checkpoint: experiments/grid-search/distilbert-base-cased/tweeteval/prep1_aug1/seed_90995999/checkpoint-6065
2026-03-22 03:24:49,201 - cyberbully - INFO - Removed checkpoint: experiments/grid-search/distilbert-base-cased/tweeteval/prep1_aug1/seed_90995999/checkpoint-10917
2026-03-22 03:24:49,246 - cyberbully - INFO - Removed checkpoint: experiments/grid-search/distilbert-base-cased/tweeteval/prep1_aug1/seed_90995999/checkpoint-12130
2026-03-22 03:24:49,286 - cyberbully - INFO - Removed checkpoint: experiments/grid-search/distilbert-base-cased/tweeteval/prep1_aug1/seed_90995999/checkpoint-1213
2026-03-22 03:24:49,324 - cyberbully - INFO - Removed checkpoint: experiments/grid-search/distilbert-base-cased/tweeteval/prep1_aug1/seed_90995999/checkpoint-8491
2026-03-22 03:24:49,363 - cyberbully - INFO - Removed checkpoint: experiments/grid-search/distilbert-base-cased/tweeteval/prep1_aug1/seed_90995999/checkpoint-4852
2026-03-22 03:24:49,402 - cyberbully - INFO - Removed checkpoint: experiments/grid-search/distilbert-base-cased/tweeteval/prep1_aug1/seed_90995999/checkpoint-2426
2026-03-22 03:24:49,440 - cyberbully - INFO - Removed checkpoint: experiments/grid-search/distilbert-base-cased/tweeteval/prep1_aug1/seed_90995999/checkpoint-7278
2026-03-22 03:24:49,440 - cyberbully - INFO - Step 5: Evaluating on test set...
2026-03-22 03:24:57,304 - cyberbully - INFO - Metrics saved to experiments/grid-search/distilbert-base-cased/tweeteval/prep1_aug1/seed_90995999/metrics.json
2026-03-22 03:24:57,304 - cyberbully - INFO - Confusion matrix saved to experiments/grid-search/distilbert-base-cased/tweeteval/prep1_aug1/seed_90995999/confusion_matrix.json
2026-03-22 03:24:57,390 - cyberbully - INFO - Per-sample predictions saved to experiments/grid-search/distilbert-base-cased/tweeteval/prep1_aug1/seed_90995999/predictions.json
2026-03-22 03:24:57,491 - cyberbully - INFO - Confusion matrix figure saved to experiments/grid-search/distilbert-base-cased/tweeteval/prep1_aug1/seed_90995999/confusion_matrix.pdf
2026-03-22 03:24:57,491 - cyberbully - INFO - Accuracy: 0.9472
2026-03-22 03:24:57,491 - cyberbully - INFO - Weighted F1: 0.9473
2026-03-22 03:24:57,491 - cyberbully - INFO - Micro F1: 0.9472
2026-03-22 03:24:57,491 - cyberbully - INFO - Inference time: 3.59 seconds
2026-03-22 03:24:57,491 - cyberbully - INFO - Energy consumption: 0.000230 kWh
2026-03-22 03:24:57,493 - cyberbully - INFO - ============================================================
2026-03-22 03:24:57,493 - cyberbully - INFO - Pipeline complete. Results saved to: experiments/grid-search/distilbert-base-cased/tweeteval/prep1_aug1/seed_90995999
2026-03-22 03:24:57,493 - cyberbully - INFO - ============================================================
