2026-02-20 11:21:51,749 - cyberbully - INFO - ============================================================
2026-02-20 11:21:51,749 - cyberbully - INFO - Cyberbullying Detection Pipeline
2026-02-20 11:21:51,749 - cyberbully - INFO - ============================================================
2026-02-20 11:21:51,749 - cyberbully - INFO - Configuration:
2026-02-20 11:21:51,749 - cyberbully - INFO -   model          : all-MiniLM-L12-v2
2026-02-20 11:21:51,749 - cyberbully - INFO -   dataset        : ieee
2026-02-20 11:21:51,749 - cyberbully - INFO -   preprocess     : True
2026-02-20 11:21:51,749 - cyberbully - INFO -   augment        : True
2026-02-20 11:21:51,749 - cyberbully - INFO -   compute_attribution: False
2026-02-20 11:21:51,749 - cyberbully - INFO -   seed           : 67351593
2026-02-20 11:21:51,749 - cyberbully - INFO -   epochs         : 5
2026-02-20 11:21:51,749 - cyberbully - INFO -   batch_size     : 16
2026-02-20 11:21:51,749 - cyberbully - INFO -   lr             : 2e-05
2026-02-20 11:21:51,749 - cyberbully - INFO -   max_length     : 128
2026-02-20 11:21:51,749 - cyberbully - INFO -   output_dir     : sbert-model
2026-02-20 11:21:51,749 - cyberbully - INFO -   data_dir       : dataset
2026-02-20 11:21:51,749 - cyberbully - INFO -   sbert          : True
2026-02-20 11:21:51,749 - cyberbully - INFO -   overwrite      : False
2026-02-20 11:21:51,749 - cyberbully - INFO -   device         : cuda
2026-02-20 11:21:51,749 - cyberbully - INFO -   output_dir     : experiments/sbert-model/all-MiniLM-L12-v2/ieee/prep1_aug1/seed_67351593
2026-02-20 11:21:51,749 - cyberbully - INFO - ============================================================
2026-02-20 11:21:51,749 - cyberbully - INFO - Step 1: Preparing data...
2026-02-20 11:21:51,749 - cyberbully - INFO - Loading dataset 'ieee' from dataset/IEEE Data Port.csv
2026-02-20 11:21:51,756 - cyberbully - INFO - Loaded 2108 samples with 5 classes: ['Cyberstalking', 'Doxing', 'Revenge Porn', 'Sexual Harassment', 'Slut Shaming']
2026-02-20 11:21:51,756 - cyberbully - INFO - Applying text preprocessing...
2026-02-20 11:21:54,842 - cyberbully - INFO - After preprocessing: 1815 samples remain
2026-02-20 11:21:54,843 - cyberbully - INFO - Label mapping: {'Cyberstalking': 0, 'Doxing': 1, 'Revenge Porn': 2, 'Sexual Harassment': 3, 'Slut Shaming': 4}
2026-02-20 11:21:54,845 - cyberbully - INFO - Split sizes — train: 1161, val: 291, test: 363
2026-02-20 11:21:54,845 - cyberbully - INFO - Applying training data augmentation (oversampling)...
2026-02-20 11:21:54,846 - cyberbully - INFO - After oversampling — class distribution: {0: 287, 1: 287, 2: 287, 3: 287, 4: 287}
2026-02-20 11:21:54,846 - cyberbully - INFO - Number of classes: 5
2026-02-20 11:21:54,847 - cyberbully - INFO - Step 2: Loading model and tokenizer...
2026-02-20 11:21:54,847 - cyberbully - INFO - Loading model 'all-MiniLM-L12-v2' with 5 labels (sbert=True)
2026-02-20 11:21:57,388 - cyberbully - INFO - SBERTClassifier: embedding_dim=384, hidden=256, num_labels=5
2026-02-20 11:21:57,680 - cyberbully - INFO - Step 3: Creating datasets...
2026-02-20 11:21:57,716 - cyberbully - INFO - Dataset sizes — train: 1435, val: 291, test: 363
2026-02-20 11:21:57,716 - cyberbully - INFO - Step 4: Training...
2026-02-20 11:21:57,735 - cyberbully - INFO - Starting training...
2026-02-20 11:22:10,526 - cyberbully - INFO - Training complete.
2026-02-20 11:22:10,526 - cyberbully - INFO - Step 5: Evaluating on test set...
2026-02-20 11:22:14,888 - cyberbully - INFO - Metrics saved to experiments/sbert-model/all-MiniLM-L12-v2/ieee/prep1_aug1/seed_67351593/metrics.json
2026-02-20 11:22:14,888 - cyberbully - INFO - Confusion matrix saved to experiments/sbert-model/all-MiniLM-L12-v2/ieee/prep1_aug1/seed_67351593/confusion_matrix.json
2026-02-20 11:22:14,988 - cyberbully - INFO - Confusion matrix figure saved to experiments/sbert-model/all-MiniLM-L12-v2/ieee/prep1_aug1/seed_67351593/confusion_matrix.pdf
2026-02-20 11:22:14,988 - cyberbully - INFO - Accuracy: 0.8650
2026-02-20 11:22:14,988 - cyberbully - INFO - Weighted F1: 0.8641
2026-02-20 11:22:14,988 - cyberbully - INFO - Micro F1: 0.8650
2026-02-20 11:22:14,988 - cyberbully - INFO - Inference time: 0.14 seconds
2026-02-20 11:22:14,988 - cyberbully - INFO - Energy consumption: 0.000008 kWh
2026-02-20 11:22:14,988 - cyberbully - INFO - ============================================================
2026-02-20 11:22:14,988 - cyberbully - INFO - Pipeline complete. Results saved to: experiments/sbert-model/all-MiniLM-L12-v2/ieee/prep1_aug1/seed_67351593
2026-02-20 11:22:14,988 - cyberbully - INFO - ============================================================
