2026-02-20 06:38:24,438 - cyberbully - INFO - ============================================================
2026-02-20 06:38:24,438 - cyberbully - INFO - Cyberbullying Detection Pipeline
2026-02-20 06:38:24,438 - cyberbully - INFO - ============================================================
2026-02-20 06:38:24,438 - cyberbully - INFO - Configuration:
2026-02-20 06:38:24,438 - cyberbully - INFO -   model          : all-MiniLM-L6-v2
2026-02-20 06:38:24,438 - cyberbully - INFO -   dataset        : ieee
2026-02-20 06:38:24,438 - cyberbully - INFO -   preprocess     : True
2026-02-20 06:38:24,438 - cyberbully - INFO -   augment        : True
2026-02-20 06:38:24,438 - cyberbully - INFO -   compute_attribution: False
2026-02-20 06:38:24,438 - cyberbully - INFO -   seed           : 90995999
2026-02-20 06:38:24,438 - cyberbully - INFO -   epochs         : 5
2026-02-20 06:38:24,438 - cyberbully - INFO -   batch_size     : 16
2026-02-20 06:38:24,438 - cyberbully - INFO -   lr             : 2e-05
2026-02-20 06:38:24,438 - cyberbully - INFO -   max_length     : 128
2026-02-20 06:38:24,438 - cyberbully - INFO -   output_dir     : sbert-model
2026-02-20 06:38:24,438 - cyberbully - INFO -   data_dir       : dataset
2026-02-20 06:38:24,438 - cyberbully - INFO -   sbert          : True
2026-02-20 06:38:24,438 - cyberbully - INFO -   overwrite      : False
2026-02-20 06:38:24,438 - cyberbully - INFO -   device         : cuda
2026-02-20 06:38:24,438 - cyberbully - INFO -   output_dir     : experiments/sbert-model/all-MiniLM-L6-v2/ieee/prep1_aug1/seed_90995999
2026-02-20 06:38:24,438 - cyberbully - INFO - ============================================================
2026-02-20 06:38:24,438 - cyberbully - INFO - Step 1: Preparing data...
2026-02-20 06:38:24,438 - cyberbully - INFO - Loading dataset 'ieee' from dataset/IEEE Data Port.csv
2026-02-20 06:38:24,445 - cyberbully - INFO - Loaded 2108 samples with 5 classes: ['Cyberstalking', 'Doxing', 'Revenge Porn', 'Sexual Harassment', 'Slut Shaming']
2026-02-20 06:38:24,445 - cyberbully - INFO - Applying text preprocessing...
2026-02-20 06:38:27,643 - cyberbully - INFO - After preprocessing: 1810 samples remain
2026-02-20 06:38:27,644 - cyberbully - INFO - Label mapping: {'Cyberstalking': 0, 'Doxing': 1, 'Revenge Porn': 2, 'Sexual Harassment': 3, 'Slut Shaming': 4}
2026-02-20 06:38:27,646 - cyberbully - INFO - Split sizes — train: 1158, val: 290, test: 362
2026-02-20 06:38:27,646 - cyberbully - INFO - Applying training data augmentation (oversampling)...
2026-02-20 06:38:27,647 - cyberbully - INFO - After oversampling — class distribution: {0: 285, 1: 285, 2: 285, 3: 285, 4: 285}
2026-02-20 06:38:27,647 - cyberbully - INFO - Number of classes: 5
2026-02-20 06:38:27,648 - cyberbully - INFO - Step 2: Loading model and tokenizer...
2026-02-20 06:38:27,648 - cyberbully - INFO - Loading model 'all-MiniLM-L6-v2' with 5 labels (sbert=True)
2026-02-20 06:38:30,229 - cyberbully - INFO - SBERTClassifier: embedding_dim=384, hidden=256, num_labels=5
2026-02-20 06:38:30,543 - cyberbully - INFO - Step 3: Creating datasets...
2026-02-20 06:38:30,586 - cyberbully - INFO - Dataset sizes — train: 1425, val: 290, test: 362
2026-02-20 06:38:30,586 - cyberbully - INFO - Step 4: Training...
2026-02-20 06:38:30,635 - cyberbully - INFO - Starting training...
2026-02-20 06:38:38,091 - cyberbully - INFO - Training complete.
2026-02-20 06:38:38,091 - cyberbully - INFO - Step 5: Evaluating on test set...
2026-02-20 06:38:42,427 - cyberbully - INFO - Metrics saved to experiments/sbert-model/all-MiniLM-L6-v2/ieee/prep1_aug1/seed_90995999/metrics.json
2026-02-20 06:38:42,427 - cyberbully - INFO - Confusion matrix saved to experiments/sbert-model/all-MiniLM-L6-v2/ieee/prep1_aug1/seed_90995999/confusion_matrix.json
2026-02-20 06:38:42,527 - cyberbully - INFO - Confusion matrix figure saved to experiments/sbert-model/all-MiniLM-L6-v2/ieee/prep1_aug1/seed_90995999/confusion_matrix.pdf
2026-02-20 06:38:42,527 - cyberbully - INFO - Accuracy: 0.8508
2026-02-20 06:38:42,527 - cyberbully - INFO - Weighted F1: 0.8503
2026-02-20 06:38:42,527 - cyberbully - INFO - Micro F1: 0.8508
2026-02-20 06:38:42,527 - cyberbully - INFO - Inference time: 0.08 seconds
2026-02-20 06:38:42,527 - cyberbully - INFO - Energy consumption: 0.000003 kWh
2026-02-20 06:38:42,527 - cyberbully - INFO - ============================================================
2026-02-20 06:38:42,527 - cyberbully - INFO - Pipeline complete. Results saved to: experiments/sbert-model/all-MiniLM-L6-v2/ieee/prep1_aug1/seed_90995999
2026-02-20 06:38:42,527 - cyberbully - INFO - ============================================================
