2026-03-22 15:00:32,608 - cyberbully - INFO - Model 'all-distilroberta-v1' detected as SBERT-based. Using SBERTClassifier pipeline.
2026-03-22 15:00:32,608 - cyberbully - INFO - ============================================================
2026-03-22 15:00:32,608 - cyberbully - INFO - Cyberbullying Detection Pipeline
2026-03-22 15:00:32,608 - cyberbully - INFO - ============================================================
2026-03-22 15:00:32,608 - cyberbully - INFO - Configuration:
2026-03-22 15:00:32,608 - cyberbully - INFO -   model          : all-distilroberta-v1
2026-03-22 15:00:32,608 - cyberbully - INFO -   dataset        : ieee
2026-03-22 15:00:32,608 - cyberbully - INFO -   preprocess     : True
2026-03-22 15:00:32,608 - cyberbully - INFO -   augment        : True
2026-03-22 15:00:32,608 - cyberbully - INFO -   compute_attribution: False
2026-03-22 15:00:32,608 - cyberbully - INFO -   seed           : 24677315
2026-03-22 15:00:32,608 - cyberbully - INFO -   epochs         : 10
2026-03-22 15:00:32,608 - cyberbully - INFO -   batch_size     : 32
2026-03-22 15:00:32,608 - cyberbully - INFO -   lr             : 5e-05
2026-03-22 15:00:32,608 - cyberbully - INFO -   max_length     : 128
2026-03-22 15:00:32,608 - cyberbully - INFO -   output_dir     : grid-search
2026-03-22 15:00:32,608 - cyberbully - INFO -   data_dir       : dataset
2026-03-22 15:00:32,608 - cyberbully - INFO -   sbert          : True
2026-03-22 15:00:32,608 - cyberbully - INFO -   supcon         : False
2026-03-22 15:00:32,609 - cyberbully - INFO -   supcon_weight  : 0.1
2026-03-22 15:00:32,609 - cyberbully - INFO -   proj_dim       : 128
2026-03-22 15:00:32,609 - cyberbully - INFO -   grad_accum_steps: 1
2026-03-22 15:00:32,609 - cyberbully - INFO -   overwrite      : False
2026-03-22 15:00:32,609 - cyberbully - INFO -   device         : cuda
2026-03-22 15:00:32,609 - cyberbully - INFO -   output_dir     : experiments/grid-search/all-distilroberta-v1/ieee/prep1_aug1/seed_24677315
2026-03-22 15:00:32,609 - cyberbully - INFO - ============================================================
2026-03-22 15:00:32,609 - cyberbully - INFO - Step 1: Preparing data...
2026-03-22 15:00:32,612 - cyberbully - INFO - Loaded pre-split data from dataset/ieee — train: 1348, val: 338, test: 422
2026-03-22 15:00:32,612 - cyberbully - INFO - Label mapping: {'Cyberstalking': 0, 'Doxing': 1, 'Revenge Porn': 2, 'Sexual Harassment': 3, 'Slut Shaming': 4}
2026-03-22 15:00:32,612 - cyberbully - INFO - Applying text preprocessing per split...
2026-03-22 15:00:35,832 - cyberbully - INFO - After preprocessing — train: 1177, val: 304, test: 376
2026-03-22 15:00:35,833 - cyberbully - INFO - Applying training data augmentation (oversampling)...
2026-03-22 15:00:35,834 - cyberbully - INFO - After oversampling — class distribution: {0: 288, 1: 288, 2: 288, 3: 288, 4: 288}
2026-03-22 15:00:35,835 - cyberbully - INFO - Number of classes: 5
2026-03-22 15:00:35,836 - cyberbully - INFO - Step 2: Loading model and tokenizer...
2026-03-22 15:00:35,836 - cyberbully - INFO - Loading model 'all-distilroberta-v1' with 5 labels (sbert=True, supcon=False)
2026-03-22 15:00:39,304 - cyberbully - INFO - SBERTClassifier: embedding_dim=768, hidden=256, proj_dim=None, num_labels=5
2026-03-22 15:00:39,644 - cyberbully - INFO - Step 3: Creating datasets...
2026-03-22 15:00:39,662 - cyberbully - INFO - Dataset sizes — train: 1440, val: 304, test: 376
2026-03-22 15:00:39,662 - cyberbully - INFO - Step 4: Training...
2026-03-22 15:00:39,665 - cyberbully - INFO - Starting training...
2026-03-22 15:02:01,537 - cyberbully - INFO - Training complete.
2026-03-22 15:02:01,604 - cyberbully - INFO - Removed checkpoint: experiments/grid-search/all-distilroberta-v1/ieee/prep1_aug1/seed_24677315/checkpoint-405
2026-03-22 15:02:01,668 - cyberbully - INFO - Removed checkpoint: experiments/grid-search/all-distilroberta-v1/ieee/prep1_aug1/seed_24677315/checkpoint-90
2026-03-22 15:02:01,731 - cyberbully - INFO - Removed checkpoint: experiments/grid-search/all-distilroberta-v1/ieee/prep1_aug1/seed_24677315/checkpoint-225
2026-03-22 15:02:01,798 - cyberbully - INFO - Removed checkpoint: experiments/grid-search/all-distilroberta-v1/ieee/prep1_aug1/seed_24677315/checkpoint-180
2026-03-22 15:02:01,861 - cyberbully - INFO - Removed checkpoint: experiments/grid-search/all-distilroberta-v1/ieee/prep1_aug1/seed_24677315/checkpoint-315
2026-03-22 15:02:01,926 - cyberbully - INFO - Removed checkpoint: experiments/grid-search/all-distilroberta-v1/ieee/prep1_aug1/seed_24677315/checkpoint-360
2026-03-22 15:02:01,991 - cyberbully - INFO - Removed checkpoint: experiments/grid-search/all-distilroberta-v1/ieee/prep1_aug1/seed_24677315/checkpoint-45
2026-03-22 15:02:02,053 - cyberbully - INFO - Removed checkpoint: experiments/grid-search/all-distilroberta-v1/ieee/prep1_aug1/seed_24677315/checkpoint-270
2026-03-22 15:02:02,116 - cyberbully - INFO - Removed checkpoint: experiments/grid-search/all-distilroberta-v1/ieee/prep1_aug1/seed_24677315/checkpoint-135
2026-03-22 15:02:02,174 - cyberbully - INFO - Removed checkpoint: experiments/grid-search/all-distilroberta-v1/ieee/prep1_aug1/seed_24677315/checkpoint-450
2026-03-22 15:02:02,174 - cyberbully - INFO - Step 5: Evaluating on test set...
2026-03-22 15:02:06,483 - cyberbully - INFO - Metrics saved to experiments/grid-search/all-distilroberta-v1/ieee/prep1_aug1/seed_24677315/metrics.json
2026-03-22 15:02:06,483 - cyberbully - INFO - Confusion matrix saved to experiments/grid-search/all-distilroberta-v1/ieee/prep1_aug1/seed_24677315/confusion_matrix.json
2026-03-22 15:02:06,487 - cyberbully - INFO - Per-sample predictions saved to experiments/grid-search/all-distilroberta-v1/ieee/prep1_aug1/seed_24677315/predictions.json
2026-03-22 15:02:06,592 - cyberbully - INFO - Confusion matrix figure saved to experiments/grid-search/all-distilroberta-v1/ieee/prep1_aug1/seed_24677315/confusion_matrix.pdf
2026-03-22 15:02:06,592 - cyberbully - INFO - Accuracy: 0.7899
2026-03-22 15:02:06,592 - cyberbully - INFO - Weighted F1: 0.7943
2026-03-22 15:02:06,592 - cyberbully - INFO - Micro F1: 0.7899
2026-03-22 15:02:06,592 - cyberbully - INFO - Inference time: 0.10 seconds
2026-03-22 15:02:06,592 - cyberbully - INFO - Energy consumption: 0.000003 kWh
2026-03-22 15:02:06,592 - cyberbully - INFO - ============================================================
2026-03-22 15:02:06,592 - cyberbully - INFO - Pipeline complete. Results saved to: experiments/grid-search/all-distilroberta-v1/ieee/prep1_aug1/seed_24677315
2026-03-22 15:02:06,593 - cyberbully - INFO - ============================================================
