2026-03-23 18:25:31,959 - cyberbully - INFO - Model 'all-mpnet-base-v2' detected as SBERT-based. Using SBERTClassifier pipeline.
2026-03-23 18:25:31,959 - cyberbully - INFO - ============================================================
2026-03-23 18:25:31,959 - cyberbully - INFO - Cyberbullying Detection Pipeline
2026-03-23 18:25:31,959 - cyberbully - INFO - ============================================================
2026-03-23 18:25:31,959 - cyberbully - INFO - Configuration:
2026-03-23 18:25:31,959 - cyberbully - INFO -   model          : all-mpnet-base-v2
2026-03-23 18:25:31,959 - cyberbully - INFO -   dataset        : kaggle
2026-03-23 18:25:31,959 - cyberbully - INFO -   preprocess     : False
2026-03-23 18:25:31,959 - cyberbully - INFO -   augment        : True
2026-03-23 18:25:31,959 - cyberbully - INFO -   compute_attribution: False
2026-03-23 18:25:31,959 - cyberbully - INFO -   seed           : 43782163
2026-03-23 18:25:31,959 - cyberbully - INFO -   epochs         : 10
2026-03-23 18:25:31,959 - cyberbully - INFO -   batch_size     : 32
2026-03-23 18:25:31,959 - cyberbully - INFO -   lr             : 5e-05
2026-03-23 18:25:31,959 - cyberbully - INFO -   max_length     : 128
2026-03-23 18:25:31,959 - cyberbully - INFO -   output_dir     : grid-search
2026-03-23 18:25:31,959 - cyberbully - INFO -   data_dir       : dataset
2026-03-23 18:25:31,959 - cyberbully - INFO -   sbert          : True
2026-03-23 18:25:31,959 - cyberbully - INFO -   supcon         : False
2026-03-23 18:25:31,959 - cyberbully - INFO -   supcon_weight  : 0.1
2026-03-23 18:25:31,959 - cyberbully - INFO -   proj_dim       : 128
2026-03-23 18:25:31,959 - cyberbully - INFO -   grad_accum_steps: 1
2026-03-23 18:25:31,959 - cyberbully - INFO -   overwrite      : False
2026-03-23 18:25:31,959 - cyberbully - INFO -   device         : cuda
2026-03-23 18:25:31,959 - cyberbully - INFO -   output_dir     : experiments/grid-search/all-mpnet-base-v2/kaggle/prep0_aug1/seed_43782163
2026-03-23 18:25:31,959 - cyberbully - INFO - ============================================================
2026-03-23 18:25:31,959 - cyberbully - INFO - Step 1: Preparing data...
2026-03-23 18:25:32,010 - cyberbully - INFO - Loaded pre-split data from dataset/kaggle — train: 25604, val: 6401, test: 8002
2026-03-23 18:25:32,010 - cyberbully - INFO - Label mapping: {'age': 0, 'ethnicity': 1, 'gender': 2, 'other_cyberbullying': 3, 'religion': 4}
2026-03-23 18:25:32,012 - cyberbully - INFO - Applying training data augmentation (oversampling)...
2026-03-23 18:25:32,016 - cyberbully - INFO - After oversampling — class distribution: {0: 5123, 1: 5123, 2: 5123, 3: 5123, 4: 5123}
2026-03-23 18:25:32,026 - cyberbully - INFO - Number of classes: 5
2026-03-23 18:25:32,027 - cyberbully - INFO - Step 2: Loading model and tokenizer...
2026-03-23 18:25:32,027 - cyberbully - INFO - Loading model 'all-mpnet-base-v2' with 5 labels (sbert=True, supcon=False)
2026-03-23 18:25:34,851 - cyberbully - INFO - SBERTClassifier: embedding_dim=768, hidden=256, proj_dim=None, num_labels=5
2026-03-23 18:25:35,180 - cyberbully - INFO - Step 3: Creating datasets...
2026-03-23 18:25:35,794 - cyberbully - INFO - Dataset sizes — train: 25615, val: 6401, test: 8002
2026-03-23 18:25:35,794 - cyberbully - INFO - Step 4: Training...
2026-03-23 18:25:35,835 - cyberbully - INFO - Starting training...
2026-03-23 18:38:32,196 - cyberbully - INFO - Training complete.
2026-03-23 18:38:32,258 - cyberbully - INFO - Removed checkpoint: experiments/grid-search/all-mpnet-base-v2/kaggle/prep0_aug1/seed_43782163/checkpoint-5607
2026-03-23 18:38:32,332 - cyberbully - INFO - Removed checkpoint: experiments/grid-search/all-mpnet-base-v2/kaggle/prep0_aug1/seed_43782163/checkpoint-8010
2026-03-23 18:38:32,394 - cyberbully - INFO - Removed checkpoint: experiments/grid-search/all-mpnet-base-v2/kaggle/prep0_aug1/seed_43782163/checkpoint-6408
2026-03-23 18:38:32,459 - cyberbully - INFO - Removed checkpoint: experiments/grid-search/all-mpnet-base-v2/kaggle/prep0_aug1/seed_43782163/checkpoint-1602
2026-03-23 18:38:32,523 - cyberbully - INFO - Removed checkpoint: experiments/grid-search/all-mpnet-base-v2/kaggle/prep0_aug1/seed_43782163/checkpoint-3204
2026-03-23 18:38:32,586 - cyberbully - INFO - Removed checkpoint: experiments/grid-search/all-mpnet-base-v2/kaggle/prep0_aug1/seed_43782163/checkpoint-7209
2026-03-23 18:38:32,650 - cyberbully - INFO - Removed checkpoint: experiments/grid-search/all-mpnet-base-v2/kaggle/prep0_aug1/seed_43782163/checkpoint-4005
2026-03-23 18:38:32,712 - cyberbully - INFO - Removed checkpoint: experiments/grid-search/all-mpnet-base-v2/kaggle/prep0_aug1/seed_43782163/checkpoint-4806
2026-03-23 18:38:32,781 - cyberbully - INFO - Removed checkpoint: experiments/grid-search/all-mpnet-base-v2/kaggle/prep0_aug1/seed_43782163/checkpoint-801
2026-03-23 18:38:32,844 - cyberbully - INFO - Removed checkpoint: experiments/grid-search/all-mpnet-base-v2/kaggle/prep0_aug1/seed_43782163/checkpoint-2403
2026-03-23 18:38:32,844 - cyberbully - INFO - Step 5: Evaluating on test set...
2026-03-23 18:38:43,389 - cyberbully - INFO - Metrics saved to experiments/grid-search/all-mpnet-base-v2/kaggle/prep0_aug1/seed_43782163/metrics.json
2026-03-23 18:38:43,389 - cyberbully - INFO - Confusion matrix saved to experiments/grid-search/all-mpnet-base-v2/kaggle/prep0_aug1/seed_43782163/confusion_matrix.json
2026-03-23 18:38:43,467 - cyberbully - INFO - Per-sample predictions saved to experiments/grid-search/all-mpnet-base-v2/kaggle/prep0_aug1/seed_43782163/predictions.json
2026-03-23 18:38:43,568 - cyberbully - INFO - Confusion matrix figure saved to experiments/grid-search/all-mpnet-base-v2/kaggle/prep0_aug1/seed_43782163/confusion_matrix.pdf
2026-03-23 18:38:43,568 - cyberbully - INFO - Accuracy: 0.9575
2026-03-23 18:38:43,568 - cyberbully - INFO - Weighted F1: 0.9576
2026-03-23 18:38:43,568 - cyberbully - INFO - Micro F1: 0.9575
2026-03-23 18:38:43,569 - cyberbully - INFO - Inference time: 6.25 seconds
2026-03-23 18:38:43,569 - cyberbully - INFO - Energy consumption: 0.000434 kWh
2026-03-23 18:38:43,570 - cyberbully - INFO - ============================================================
2026-03-23 18:38:43,570 - cyberbully - INFO - Pipeline complete. Results saved to: experiments/grid-search/all-mpnet-base-v2/kaggle/prep0_aug1/seed_43782163
2026-03-23 18:38:43,570 - cyberbully - INFO - ============================================================
