2026-02-20 11:18:50,403 - cyberbully - INFO - ============================================================
2026-02-20 11:18:50,403 - cyberbully - INFO - Cyberbullying Detection Pipeline
2026-02-20 11:18:50,403 - cyberbully - INFO - ============================================================
2026-02-20 11:18:50,403 - cyberbully - INFO - Configuration:
2026-02-20 11:18:50,403 - cyberbully - INFO -   model          : all-MiniLM-L12-v2
2026-02-20 11:18:50,403 - cyberbully - INFO -   dataset        : ieee
2026-02-20 11:18:50,403 - cyberbully - INFO -   preprocess     : True
2026-02-20 11:18:50,403 - cyberbully - INFO -   augment        : False
2026-02-20 11:18:50,403 - cyberbully - INFO -   compute_attribution: False
2026-02-20 11:18:50,403 - cyberbully - INFO -   seed           : 90995999
2026-02-20 11:18:50,403 - cyberbully - INFO -   epochs         : 5
2026-02-20 11:18:50,403 - cyberbully - INFO -   batch_size     : 16
2026-02-20 11:18:50,403 - cyberbully - INFO -   lr             : 2e-05
2026-02-20 11:18:50,403 - cyberbully - INFO -   max_length     : 128
2026-02-20 11:18:50,403 - cyberbully - INFO -   output_dir     : sbert-model
2026-02-20 11:18:50,403 - cyberbully - INFO -   data_dir       : dataset
2026-02-20 11:18:50,403 - cyberbully - INFO -   sbert          : True
2026-02-20 11:18:50,403 - cyberbully - INFO -   overwrite      : False
2026-02-20 11:18:50,403 - cyberbully - INFO -   device         : cuda
2026-02-20 11:18:50,403 - cyberbully - INFO -   output_dir     : experiments/sbert-model/all-MiniLM-L12-v2/ieee/prep1_aug0/seed_90995999
2026-02-20 11:18:50,403 - cyberbully - INFO - ============================================================
2026-02-20 11:18:50,403 - cyberbully - INFO - Step 1: Preparing data...
2026-02-20 11:18:50,403 - cyberbully - INFO - Loading dataset 'ieee' from dataset/IEEE Data Port.csv
2026-02-20 11:18:50,410 - cyberbully - INFO - Loaded 2108 samples with 5 classes: ['Cyberstalking', 'Doxing', 'Revenge Porn', 'Sexual Harassment', 'Slut Shaming']
2026-02-20 11:18:50,410 - cyberbully - INFO - Applying text preprocessing...
2026-02-20 11:18:53,472 - cyberbully - INFO - After preprocessing: 1814 samples remain
2026-02-20 11:18:53,472 - cyberbully - INFO - Label mapping: {'Cyberstalking': 0, 'Doxing': 1, 'Revenge Porn': 2, 'Sexual Harassment': 3, 'Slut Shaming': 4}
2026-02-20 11:18:53,474 - cyberbully - INFO - Split sizes — train: 1160, val: 291, test: 363
2026-02-20 11:18:53,474 - cyberbully - INFO - Number of classes: 5
2026-02-20 11:18:53,475 - cyberbully - INFO - Step 2: Loading model and tokenizer...
2026-02-20 11:18:53,475 - cyberbully - INFO - Loading model 'all-MiniLM-L12-v2' with 5 labels (sbert=True)
2026-02-20 11:18:56,061 - cyberbully - INFO - SBERTClassifier: embedding_dim=384, hidden=256, num_labels=5
2026-02-20 11:18:56,368 - cyberbully - INFO - Step 3: Creating datasets...
2026-02-20 11:18:56,405 - cyberbully - INFO - Dataset sizes — train: 1160, val: 291, test: 363
2026-02-20 11:18:56,405 - cyberbully - INFO - Step 4: Training...
2026-02-20 11:18:56,458 - cyberbully - INFO - Starting training...
2026-02-20 11:19:07,065 - cyberbully - INFO - Training complete.
2026-02-20 11:19:07,065 - cyberbully - INFO - Step 5: Evaluating on test set...
2026-02-20 11:19:11,458 - cyberbully - INFO - Metrics saved to experiments/sbert-model/all-MiniLM-L12-v2/ieee/prep1_aug0/seed_90995999/metrics.json
2026-02-20 11:19:11,458 - cyberbully - INFO - Confusion matrix saved to experiments/sbert-model/all-MiniLM-L12-v2/ieee/prep1_aug0/seed_90995999/confusion_matrix.json
2026-02-20 11:19:11,558 - cyberbully - INFO - Confusion matrix figure saved to experiments/sbert-model/all-MiniLM-L12-v2/ieee/prep1_aug0/seed_90995999/confusion_matrix.pdf
2026-02-20 11:19:11,558 - cyberbully - INFO - Accuracy: 0.8320
2026-02-20 11:19:11,558 - cyberbully - INFO - Weighted F1: 0.8308
2026-02-20 11:19:11,558 - cyberbully - INFO - Micro F1: 0.8320
2026-02-20 11:19:11,558 - cyberbully - INFO - Inference time: 0.14 seconds
2026-02-20 11:19:11,558 - cyberbully - INFO - Energy consumption: 0.000007 kWh
2026-02-20 11:19:11,558 - cyberbully - INFO - ============================================================
2026-02-20 11:19:11,558 - cyberbully - INFO - Pipeline complete. Results saved to: experiments/sbert-model/all-MiniLM-L12-v2/ieee/prep1_aug0/seed_90995999
2026-02-20 11:19:11,558 - cyberbully - INFO - ============================================================
