2026-03-24 01:18:13,695 - cyberbully - INFO - ============================================================
2026-03-24 01:18:13,695 - cyberbully - INFO - Cyberbullying Detection Pipeline
2026-03-24 01:18:13,695 - cyberbully - INFO - ============================================================
2026-03-24 01:18:13,695 - cyberbully - INFO - Configuration:
2026-03-24 01:18:13,695 - cyberbully - INFO -   model          : distilbert-base-cased
2026-03-24 01:18:13,695 - cyberbully - INFO -   dataset        : kaggle
2026-03-24 01:18:13,695 - cyberbully - INFO -   preprocess     : False
2026-03-24 01:18:13,695 - cyberbully - INFO -   augment        : False
2026-03-24 01:18:13,695 - cyberbully - INFO -   compute_attribution: False
2026-03-24 01:18:13,695 - cyberbully - INFO -   seed           : 90995999
2026-03-24 01:18:13,695 - cyberbully - INFO -   epochs         : 10
2026-03-24 01:18:13,695 - cyberbully - INFO -   batch_size     : 32
2026-03-24 01:18:13,695 - cyberbully - INFO -   lr             : 5e-05
2026-03-24 01:18:13,695 - cyberbully - INFO -   max_length     : 128
2026-03-24 01:18:13,695 - cyberbully - INFO -   output_dir     : grid-search
2026-03-24 01:18:13,695 - cyberbully - INFO -   data_dir       : dataset
2026-03-24 01:18:13,695 - cyberbully - INFO -   sbert          : False
2026-03-24 01:18:13,695 - cyberbully - INFO -   supcon         : False
2026-03-24 01:18:13,695 - cyberbully - INFO -   supcon_weight  : 0.1
2026-03-24 01:18:13,695 - cyberbully - INFO -   proj_dim       : 128
2026-03-24 01:18:13,695 - cyberbully - INFO -   grad_accum_steps: 1
2026-03-24 01:18:13,695 - cyberbully - INFO -   overwrite      : False
2026-03-24 01:18:13,695 - cyberbully - INFO -   device         : cuda
2026-03-24 01:18:13,695 - cyberbully - INFO -   output_dir     : experiments/grid-search/distilbert-base-cased/kaggle/prep0_aug0/seed_90995999
2026-03-24 01:18:13,695 - cyberbully - INFO - ============================================================
2026-03-24 01:18:13,695 - cyberbully - INFO - Step 1: Preparing data...
2026-03-24 01:18:13,745 - cyberbully - INFO - Loaded pre-split data from dataset/kaggle — train: 25604, val: 6401, test: 8002
2026-03-24 01:18:13,745 - cyberbully - INFO - Label mapping: {'age': 0, 'ethnicity': 1, 'gender': 2, 'other_cyberbullying': 3, 'religion': 4}
2026-03-24 01:18:13,757 - cyberbully - INFO - Number of classes: 5
2026-03-24 01:18:13,758 - cyberbully - INFO - Step 2: Loading model and tokenizer...
2026-03-24 01:18:13,758 - cyberbully - INFO - Loading model 'distilbert-base-cased' with 5 labels (sbert=False, supcon=False)
2026-03-24 01:18:14,429 - cyberbully - INFO - Step 3: Creating datasets...
2026-03-24 01:18:15,056 - cyberbully - INFO - Dataset sizes — train: 25604, val: 6401, test: 8002
2026-03-24 01:18:15,056 - cyberbully - INFO - Step 4: Training...
2026-03-24 01:18:15,230 - cyberbully - INFO - Starting training...
2026-03-24 01:24:47,704 - cyberbully - INFO - Training complete.
2026-03-24 01:24:47,742 - cyberbully - INFO - Removed checkpoint: experiments/grid-search/distilbert-base-cased/kaggle/prep0_aug0/seed_90995999/checkpoint-5607
2026-03-24 01:24:47,787 - cyberbully - INFO - Removed checkpoint: experiments/grid-search/distilbert-base-cased/kaggle/prep0_aug0/seed_90995999/checkpoint-8010
2026-03-24 01:24:47,825 - cyberbully - INFO - Removed checkpoint: experiments/grid-search/distilbert-base-cased/kaggle/prep0_aug0/seed_90995999/checkpoint-6408
2026-03-24 01:24:47,864 - cyberbully - INFO - Removed checkpoint: experiments/grid-search/distilbert-base-cased/kaggle/prep0_aug0/seed_90995999/checkpoint-1602
2026-03-24 01:24:47,904 - cyberbully - INFO - Removed checkpoint: experiments/grid-search/distilbert-base-cased/kaggle/prep0_aug0/seed_90995999/checkpoint-3204
2026-03-24 01:24:48,976 - cyberbully - INFO - Removed checkpoint: experiments/grid-search/distilbert-base-cased/kaggle/prep0_aug0/seed_90995999/checkpoint-7209
2026-03-24 01:24:49,024 - cyberbully - INFO - Removed checkpoint: experiments/grid-search/distilbert-base-cased/kaggle/prep0_aug0/seed_90995999/checkpoint-4005
2026-03-24 01:24:49,062 - cyberbully - INFO - Removed checkpoint: experiments/grid-search/distilbert-base-cased/kaggle/prep0_aug0/seed_90995999/checkpoint-4806
2026-03-24 01:24:49,103 - cyberbully - INFO - Removed checkpoint: experiments/grid-search/distilbert-base-cased/kaggle/prep0_aug0/seed_90995999/checkpoint-801
2026-03-24 01:24:49,142 - cyberbully - INFO - Removed checkpoint: experiments/grid-search/distilbert-base-cased/kaggle/prep0_aug0/seed_90995999/checkpoint-2403
2026-03-24 01:24:49,142 - cyberbully - INFO - Step 5: Evaluating on test set...
2026-03-24 01:24:56,407 - cyberbully - INFO - Metrics saved to experiments/grid-search/distilbert-base-cased/kaggle/prep0_aug0/seed_90995999/metrics.json
2026-03-24 01:24:56,408 - cyberbully - INFO - Confusion matrix saved to experiments/grid-search/distilbert-base-cased/kaggle/prep0_aug0/seed_90995999/confusion_matrix.json
2026-03-24 01:24:56,486 - cyberbully - INFO - Per-sample predictions saved to experiments/grid-search/distilbert-base-cased/kaggle/prep0_aug0/seed_90995999/predictions.json
2026-03-24 01:24:56,587 - cyberbully - INFO - Confusion matrix figure saved to experiments/grid-search/distilbert-base-cased/kaggle/prep0_aug0/seed_90995999/confusion_matrix.pdf
2026-03-24 01:24:56,587 - cyberbully - INFO - Accuracy: 0.9555
2026-03-24 01:24:56,588 - cyberbully - INFO - Weighted F1: 0.9556
2026-03-24 01:24:56,588 - cyberbully - INFO - Micro F1: 0.9555
2026-03-24 01:24:56,588 - cyberbully - INFO - Inference time: 2.96 seconds
2026-03-24 01:24:56,588 - cyberbully - INFO - Energy consumption: 0.000203 kWh
2026-03-24 01:24:56,589 - cyberbully - INFO - ============================================================
2026-03-24 01:24:56,589 - cyberbully - INFO - Pipeline complete. Results saved to: experiments/grid-search/distilbert-base-cased/kaggle/prep0_aug0/seed_90995999
2026-03-24 01:24:56,589 - cyberbully - INFO - ============================================================
