2026-02-19 04:55:55,667 - cyberbully - INFO - ============================================================
2026-02-19 04:55:55,667 - cyberbully - INFO - Cyberbullying Detection Pipeline
2026-02-19 04:55:55,667 - cyberbully - INFO - ============================================================
2026-02-19 04:55:55,667 - cyberbully - INFO - Configuration:
2026-02-19 04:55:55,667 - cyberbully - INFO -   model          : xlnet-base-cased
2026-02-19 04:55:55,667 - cyberbully - INFO -   dataset        : kaggle
2026-02-19 04:55:55,667 - cyberbully - INFO -   preprocess     : False
2026-02-19 04:55:55,667 - cyberbully - INFO -   augment        : True
2026-02-19 04:55:55,667 - cyberbully - INFO -   compute_attribution: False
2026-02-19 04:55:55,667 - cyberbully - INFO -   seed           : 70681460
2026-02-19 04:55:55,667 - cyberbully - INFO -   epochs         : 5
2026-02-19 04:55:55,667 - cyberbully - INFO -   batch_size     : 16
2026-02-19 04:55:55,667 - cyberbully - INFO -   lr             : 2e-05
2026-02-19 04:55:55,667 - cyberbully - INFO -   max_length     : 128
2026-02-19 04:55:55,667 - cyberbully - INFO -   output_dir     : grid-search
2026-02-19 04:55:55,667 - cyberbully - INFO -   data_dir       : dataset
2026-02-19 04:55:55,667 - cyberbully - INFO -   sbert          : False
2026-02-19 04:55:55,667 - cyberbully - INFO -   overwrite      : False
2026-02-19 04:55:55,667 - cyberbully - INFO -   device         : cuda
2026-02-19 04:55:55,667 - cyberbully - INFO -   output_dir     : experiments/grid-search/xlnet-base-cased/kaggle/prep0_aug1/seed_70681460
2026-02-19 04:55:55,667 - cyberbully - INFO - ============================================================
2026-02-19 04:55:55,667 - cyberbully - INFO - Step 1: Preparing data...
2026-02-19 04:55:55,667 - cyberbully - INFO - Loading dataset 'kaggle' from dataset/Kaggle.csv
2026-02-19 04:55:55,727 - cyberbully - INFO - Loaded 47656 samples with 6 classes: ['age', 'ethnicity', 'gender', 'not_cyberbullying', 'other_cyberbullying', 'religion']
2026-02-19 04:55:55,730 - cyberbully - INFO - Label mapping: {'age': 0, 'ethnicity': 1, 'gender': 2, 'not_cyberbullying': 3, 'other_cyberbullying': 4, 'religion': 5}
2026-02-19 04:55:55,743 - cyberbully - INFO - Split sizes — train: 30499, val: 7625, test: 9532
2026-02-19 04:55:55,743 - cyberbully - INFO - Applying training data augmentation (oversampling)...
2026-02-19 04:55:55,750 - cyberbully - INFO - After oversampling — class distribution: {0: 5118, 1: 5118, 2: 5118, 3: 5118, 4: 5118, 5: 5118}
2026-02-19 04:55:55,750 - cyberbully - INFO - Number of classes: 6
2026-02-19 04:55:55,752 - cyberbully - INFO - Step 2: Loading model and tokenizer...
2026-02-19 04:55:55,752 - cyberbully - INFO - Loading model 'xlnet-base-cased' with 6 labels (sbert=False)
2026-02-19 04:55:57,638 - cyberbully - INFO - Step 3: Creating datasets...
2026-02-19 04:55:58,450 - cyberbully - INFO - Dataset sizes — train: 30708, val: 7625, test: 9532
2026-02-19 04:55:58,450 - cyberbully - INFO - Step 4: Training...
2026-02-19 04:55:58,580 - cyberbully - INFO - Starting training...
2026-02-19 05:05:14,461 - cyberbully - INFO - Training complete.
2026-02-19 05:05:14,461 - cyberbully - INFO - Step 5: Evaluating on test set...
2026-02-19 05:05:26,624 - cyberbully - INFO - Metrics saved to experiments/grid-search/xlnet-base-cased/kaggle/prep0_aug1/seed_70681460/metrics.json
2026-02-19 05:05:26,624 - cyberbully - INFO - Confusion matrix saved to experiments/grid-search/xlnet-base-cased/kaggle/prep0_aug1/seed_70681460/confusion_matrix.json
2026-02-19 05:05:26,740 - cyberbully - INFO - Confusion matrix figure saved to experiments/grid-search/xlnet-base-cased/kaggle/prep0_aug1/seed_70681460/confusion_matrix.pdf
2026-02-19 05:05:26,740 - cyberbully - INFO - Accuracy: 0.8626
2026-02-19 05:05:26,740 - cyberbully - INFO - Weighted F1: 0.8613
2026-02-19 05:05:26,740 - cyberbully - INFO - Micro F1: 0.8626
2026-02-19 05:05:26,740 - cyberbully - INFO - Inference time: 7.93 seconds
2026-02-19 05:05:26,740 - cyberbully - INFO - Energy consumption: 0.000450 kWh
2026-02-19 05:05:26,740 - cyberbully - INFO - ============================================================
2026-02-19 05:05:26,740 - cyberbully - INFO - Pipeline complete. Results saved to: experiments/grid-search/xlnet-base-cased/kaggle/prep0_aug1/seed_70681460
2026-02-19 05:05:26,740 - cyberbully - INFO - ============================================================
