2026-03-19 08:03:31,962 - cyberbully - INFO - Model 'all-mpnet-base-v2' detected as SBERT-based. Using SBERTClassifier pipeline.
2026-03-19 08:03:31,962 - cyberbully - INFO - ============================================================
2026-03-19 08:03:31,962 - cyberbully - INFO - Cyberbullying Detection Pipeline
2026-03-19 08:03:31,962 - cyberbully - INFO - ============================================================
2026-03-19 08:03:31,962 - cyberbully - INFO - Configuration:
2026-03-19 08:03:31,962 - cyberbully - INFO -   model          : all-mpnet-base-v2
2026-03-19 08:03:31,962 - cyberbully - INFO -   dataset        : ieee
2026-03-19 08:03:31,962 - cyberbully - INFO -   preprocess     : True
2026-03-19 08:03:31,962 - cyberbully - INFO -   augment        : False
2026-03-19 08:03:31,962 - cyberbully - INFO -   compute_attribution: False
2026-03-19 08:03:31,962 - cyberbully - INFO -   seed           : 24677315
2026-03-19 08:03:31,962 - cyberbully - INFO -   epochs         : 10
2026-03-19 08:03:31,962 - cyberbully - INFO -   batch_size     : 32
2026-03-19 08:03:31,962 - cyberbully - INFO -   lr             : 5e-05
2026-03-19 08:03:31,962 - cyberbully - INFO -   max_length     : 128
2026-03-19 08:03:31,962 - cyberbully - INFO -   output_dir     : supcon-baseline
2026-03-19 08:03:31,963 - cyberbully - INFO -   data_dir       : dataset
2026-03-19 08:03:31,963 - cyberbully - INFO -   sbert          : True
2026-03-19 08:03:31,963 - cyberbully - INFO -   supcon         : False
2026-03-19 08:03:31,963 - cyberbully - INFO -   supcon_weight  : 0.1
2026-03-19 08:03:31,963 - cyberbully - INFO -   proj_dim       : 128
2026-03-19 08:03:31,963 - cyberbully - INFO -   grad_accum_steps: 1
2026-03-19 08:03:31,963 - cyberbully - INFO -   overwrite      : False
2026-03-19 08:03:31,963 - cyberbully - INFO -   device         : cuda
2026-03-19 08:03:31,963 - cyberbully - INFO -   output_dir     : experiments/supcon-baseline/all-mpnet-base-v2/ieee/prep1_aug0/seed_24677315
2026-03-19 08:03:31,963 - cyberbully - INFO - ============================================================
2026-03-19 08:03:31,963 - cyberbully - INFO - Step 1: Preparing data...
2026-03-19 08:03:31,966 - cyberbully - INFO - Loaded pre-split data from dataset/ieee — train: 1348, val: 338, test: 422
2026-03-19 08:03:31,966 - cyberbully - INFO - Label mapping: {'Cyberstalking': 0, 'Doxing': 1, 'Revenge Porn': 2, 'Sexual Harassment': 3, 'Slut Shaming': 4}
2026-03-19 08:03:31,966 - cyberbully - INFO - Applying text preprocessing per split...
2026-03-19 08:03:32,089 - cyberbully - INFO - After preprocessing — train: 1348, val: 338, test: 422
2026-03-19 08:03:32,091 - cyberbully - INFO - Number of classes: 5
2026-03-19 08:03:32,092 - cyberbully - INFO - Step 2: Loading model and tokenizer...
2026-03-19 08:03:32,092 - cyberbully - INFO - Loading model 'all-mpnet-base-v2' with 5 labels (sbert=True, supcon=False)
2026-03-19 08:03:35,535 - cyberbully - INFO - SBERTClassifier: embedding_dim=768, hidden=256, num_labels=5
2026-03-19 08:03:35,837 - cyberbully - INFO - Step 3: Creating datasets...
2026-03-19 08:03:35,856 - cyberbully - INFO - Dataset sizes — train: 1348, val: 338, test: 422
2026-03-19 08:03:35,856 - cyberbully - INFO - Step 4: Training...
2026-03-19 08:03:35,860 - cyberbully - INFO - Starting training...
2026-03-19 08:05:53,299 - cyberbully - INFO - Training complete.
2026-03-19 08:05:53,429 - cyberbully - INFO - Removed checkpoint: experiments/supcon-baseline/all-mpnet-base-v2/ieee/prep1_aug0/seed_24677315/checkpoint-215
2026-03-19 08:05:53,521 - cyberbully - INFO - Removed checkpoint: experiments/supcon-baseline/all-mpnet-base-v2/ieee/prep1_aug0/seed_24677315/checkpoint-387
2026-03-19 08:05:53,605 - cyberbully - INFO - Removed checkpoint: experiments/supcon-baseline/all-mpnet-base-v2/ieee/prep1_aug0/seed_24677315/checkpoint-86
2026-03-19 08:05:53,684 - cyberbully - INFO - Removed checkpoint: experiments/supcon-baseline/all-mpnet-base-v2/ieee/prep1_aug0/seed_24677315/checkpoint-129
2026-03-19 08:05:53,764 - cyberbully - INFO - Removed checkpoint: experiments/supcon-baseline/all-mpnet-base-v2/ieee/prep1_aug0/seed_24677315/checkpoint-344
2026-03-19 08:05:53,914 - cyberbully - INFO - Removed checkpoint: experiments/supcon-baseline/all-mpnet-base-v2/ieee/prep1_aug0/seed_24677315/checkpoint-258
2026-03-19 08:05:54,002 - cyberbully - INFO - Removed checkpoint: experiments/supcon-baseline/all-mpnet-base-v2/ieee/prep1_aug0/seed_24677315/checkpoint-43
2026-03-19 08:05:54,334 - cyberbully - INFO - Removed checkpoint: experiments/supcon-baseline/all-mpnet-base-v2/ieee/prep1_aug0/seed_24677315/checkpoint-301
2026-03-19 08:05:54,412 - cyberbully - INFO - Removed checkpoint: experiments/supcon-baseline/all-mpnet-base-v2/ieee/prep1_aug0/seed_24677315/checkpoint-172
2026-03-19 08:05:54,488 - cyberbully - INFO - Removed checkpoint: experiments/supcon-baseline/all-mpnet-base-v2/ieee/prep1_aug0/seed_24677315/checkpoint-430
2026-03-19 08:05:54,488 - cyberbully - INFO - Step 5: Evaluating on test set...
2026-03-19 08:05:59,946 - cyberbully - INFO - Metrics saved to experiments/supcon-baseline/all-mpnet-base-v2/ieee/prep1_aug0/seed_24677315/metrics.json
2026-03-19 08:05:59,946 - cyberbully - INFO - Confusion matrix saved to experiments/supcon-baseline/all-mpnet-base-v2/ieee/prep1_aug0/seed_24677315/confusion_matrix.json
2026-03-19 08:05:59,950 - cyberbully - INFO - Per-sample predictions saved to experiments/supcon-baseline/all-mpnet-base-v2/ieee/prep1_aug0/seed_24677315/predictions.json
2026-03-19 08:06:00,055 - cyberbully - INFO - Confusion matrix figure saved to experiments/supcon-baseline/all-mpnet-base-v2/ieee/prep1_aug0/seed_24677315/confusion_matrix.pdf
2026-03-19 08:06:00,055 - cyberbully - INFO - Accuracy: 0.7986
2026-03-19 08:06:00,055 - cyberbully - INFO - Weighted F1: 0.8014
2026-03-19 08:06:00,055 - cyberbully - INFO - Micro F1: 0.7986
2026-03-19 08:06:00,055 - cyberbully - INFO - Inference time: 0.24 seconds
2026-03-19 08:06:00,055 - cyberbully - INFO - Energy consumption: 0.000019 kWh
2026-03-19 08:06:00,055 - cyberbully - INFO - ============================================================
2026-03-19 08:06:00,055 - cyberbully - INFO - Pipeline complete. Results saved to: experiments/supcon-baseline/all-mpnet-base-v2/ieee/prep1_aug0/seed_24677315
2026-03-19 08:06:00,055 - cyberbully - INFO - ============================================================
