2026-06-16 07:45:05,369 - cyberbully - INFO - ============================================================
2026-06-16 07:45:05,369 - cyberbully - INFO - Cyberbullying Detection Pipeline
2026-06-16 07:45:05,369 - cyberbully - INFO - ============================================================
2026-06-16 07:45:05,369 - cyberbully - INFO - Configuration:
2026-06-16 07:45:05,369 - cyberbully - INFO -   model          : sarkerlab/SocBERT-base
2026-06-16 07:45:05,369 - cyberbully - INFO -   dataset        : ieee
2026-06-16 07:45:05,369 - cyberbully - INFO -   preprocess     : False
2026-06-16 07:45:05,369 - cyberbully - INFO -   prep_mode      : 2
2026-06-16 07:45:05,369 - cyberbully - INFO -   augment        : False
2026-06-16 07:45:05,369 - cyberbully - INFO -   compute_attribution: False
2026-06-16 07:45:05,369 - cyberbully - INFO -   seed           : 90995999
2026-06-16 07:45:05,369 - cyberbully - INFO -   epochs         : 10
2026-06-16 07:45:05,369 - cyberbully - INFO -   batch_size     : 32
2026-06-16 07:45:05,369 - cyberbully - INFO -   lr             : 5e-05
2026-06-16 07:45:05,369 - cyberbully - INFO -   max_length     : 128
2026-06-16 07:45:05,369 - cyberbully - INFO -   output_dir     : grid-search
2026-06-16 07:45:05,369 - cyberbully - INFO -   data_dir       : dataset
2026-06-16 07:45:05,369 - cyberbully - INFO -   sbert          : False
2026-06-16 07:45:05,369 - cyberbully - INFO -   supcon         : False
2026-06-16 07:45:05,369 - cyberbully - INFO -   supcon_weight  : 0.1
2026-06-16 07:45:05,369 - cyberbully - INFO -   proj_dim       : 128
2026-06-16 07:45:05,369 - cyberbully - INFO -   grad_accum_steps: 1
2026-06-16 07:45:05,369 - cyberbully - INFO -   overwrite      : False
2026-06-16 07:45:05,369 - cyberbully - INFO -   device         : cuda
2026-06-16 07:45:05,369 - cyberbully - INFO -   output_dir     : experiments/grid-search/sarkerlab_SocBERT-base/ieee/prep2_aug0/seed_90995999
2026-06-16 07:45:05,369 - cyberbully - INFO - ============================================================
2026-06-16 07:45:05,369 - cyberbully - INFO - Step 1: Preparing data...
2026-06-16 07:45:05,373 - cyberbully - INFO - Loaded pre-split data from dataset/ieee — train: 1348, val: 338, test: 422
2026-06-16 07:45:05,373 - cyberbully - INFO - Label mapping: {'Cyberstalking': 0, 'Doxing': 1, 'Revenge Porn': 2, 'Sexual Harassment': 3, 'Slut Shaming': 4}
2026-06-16 07:45:05,373 - cyberbully - INFO - Applying partial text preprocessing per split...
2026-06-16 07:45:05,425 - cyberbully - INFO - After preprocessing -- train: 1348, val: 338, test: 422
2026-06-16 07:45:05,426 - cyberbully - INFO - Number of classes: 5
2026-06-16 07:45:05,427 - cyberbully - INFO - Step 2: Loading model and tokenizer...
2026-06-16 07:45:05,427 - cyberbully - INFO - Loading model 'sarkerlab/SocBERT-base' with 5 labels (sbert=False, supcon=False)
2026-06-16 07:45:07,044 - cyberbully - INFO - Step 3: Creating datasets...
2026-06-16 07:45:07,068 - cyberbully - INFO - Dataset sizes — train: 1348, val: 338, test: 422
2026-06-16 07:45:07,068 - cyberbully - INFO - Step 4: Training...
2026-06-16 07:45:07,365 - cyberbully - INFO - Starting training...
2026-06-16 07:46:31,499 - cyberbully - INFO - Training complete.
2026-06-16 07:46:31,591 - cyberbully - INFO - Removed checkpoint: experiments/grid-search/sarkerlab_SocBERT-base/ieee/prep2_aug0/seed_90995999/checkpoint-172
2026-06-16 07:46:32,615 - cyberbully - INFO - Removed checkpoint: experiments/grid-search/sarkerlab_SocBERT-base/ieee/prep2_aug0/seed_90995999/checkpoint-258
2026-06-16 07:46:32,713 - cyberbully - INFO - Removed checkpoint: experiments/grid-search/sarkerlab_SocBERT-base/ieee/prep2_aug0/seed_90995999/checkpoint-387
2026-06-16 07:46:32,807 - cyberbully - INFO - Removed checkpoint: experiments/grid-search/sarkerlab_SocBERT-base/ieee/prep2_aug0/seed_90995999/checkpoint-43
2026-06-16 07:46:32,907 - cyberbully - INFO - Removed checkpoint: experiments/grid-search/sarkerlab_SocBERT-base/ieee/prep2_aug0/seed_90995999/checkpoint-430
2026-06-16 07:46:33,132 - cyberbully - INFO - Removed checkpoint: experiments/grid-search/sarkerlab_SocBERT-base/ieee/prep2_aug0/seed_90995999/checkpoint-301
2026-06-16 07:46:33,230 - cyberbully - INFO - Removed checkpoint: experiments/grid-search/sarkerlab_SocBERT-base/ieee/prep2_aug0/seed_90995999/checkpoint-344
2026-06-16 07:46:33,320 - cyberbully - INFO - Removed checkpoint: experiments/grid-search/sarkerlab_SocBERT-base/ieee/prep2_aug0/seed_90995999/checkpoint-129
2026-06-16 07:46:33,413 - cyberbully - INFO - Removed checkpoint: experiments/grid-search/sarkerlab_SocBERT-base/ieee/prep2_aug0/seed_90995999/checkpoint-215
2026-06-16 07:46:33,505 - cyberbully - INFO - Removed checkpoint: experiments/grid-search/sarkerlab_SocBERT-base/ieee/prep2_aug0/seed_90995999/checkpoint-86
2026-06-16 07:46:33,505 - cyberbully - INFO - Step 5: Evaluating on test set...
2026-06-16 07:46:39,866 - cyberbully - INFO - Metrics saved to experiments/grid-search/sarkerlab_SocBERT-base/ieee/prep2_aug0/seed_90995999/metrics.json
2026-06-16 07:46:39,866 - cyberbully - INFO - Confusion matrix saved to experiments/grid-search/sarkerlab_SocBERT-base/ieee/prep2_aug0/seed_90995999/confusion_matrix.json
2026-06-16 07:46:39,871 - cyberbully - INFO - Per-sample predictions saved to experiments/grid-search/sarkerlab_SocBERT-base/ieee/prep2_aug0/seed_90995999/predictions.json
2026-06-16 07:46:39,978 - cyberbully - INFO - Confusion matrix figure saved to experiments/grid-search/sarkerlab_SocBERT-base/ieee/prep2_aug0/seed_90995999/confusion_matrix.pdf
2026-06-16 07:46:39,979 - cyberbully - INFO - Accuracy: 0.8412
2026-06-16 07:46:39,979 - cyberbully - INFO - Weighted F1: 0.8432
2026-06-16 07:46:39,979 - cyberbully - INFO - Micro F1: 0.8412
2026-06-16 07:46:39,979 - cyberbully - INFO - Inference time: 0.28 seconds
2026-06-16 07:46:39,979 - cyberbully - INFO - Energy consumption: 0.000041 kWh
2026-06-16 07:46:39,979 - cyberbully - INFO - ============================================================
2026-06-16 07:46:39,979 - cyberbully - INFO - Pipeline complete. Results saved to: experiments/grid-search/sarkerlab_SocBERT-base/ieee/prep2_aug0/seed_90995999
2026-06-16 07:46:39,979 - cyberbully - INFO - ============================================================
