2026-05-19 19:52:47,874 - cyberbully - INFO - ============================================================
2026-05-19 19:52:47,874 - cyberbully - INFO - Cyberbullying Detection Pipeline
2026-05-19 19:52:47,874 - cyberbully - INFO - ============================================================
2026-05-19 19:52:47,874 - cyberbully - INFO - Configuration:
2026-05-19 19:52:47,874 - cyberbully - INFO -   model          : google/mobilebert-uncased
2026-05-19 19:52:47,874 - cyberbully - INFO -   dataset        : ieee
2026-05-19 19:52:47,874 - cyberbully - INFO -   preprocess     : True
2026-05-19 19:52:47,874 - cyberbully - INFO -   augment        : False
2026-05-19 19:52:47,874 - cyberbully - INFO -   compute_attribution: False
2026-05-19 19:52:47,874 - cyberbully - INFO -   seed           : 43782163
2026-05-19 19:52:47,874 - cyberbully - INFO -   epochs         : 10
2026-05-19 19:52:47,874 - cyberbully - INFO -   batch_size     : 32
2026-05-19 19:52:47,874 - cyberbully - INFO -   lr             : 5e-05
2026-05-19 19:52:47,874 - cyberbully - INFO -   max_length     : 128
2026-05-19 19:52:47,874 - cyberbully - INFO -   output_dir     : grid-search
2026-05-19 19:52:47,874 - cyberbully - INFO -   data_dir       : dataset
2026-05-19 19:52:47,874 - cyberbully - INFO -   sbert          : False
2026-05-19 19:52:47,874 - cyberbully - INFO -   supcon         : False
2026-05-19 19:52:47,874 - cyberbully - INFO -   supcon_weight  : 0.1
2026-05-19 19:52:47,874 - cyberbully - INFO -   proj_dim       : 128
2026-05-19 19:52:47,874 - cyberbully - INFO -   grad_accum_steps: 1
2026-05-19 19:52:47,874 - cyberbully - INFO -   overwrite      : True
2026-05-19 19:52:47,874 - cyberbully - INFO -   device         : cuda
2026-05-19 19:52:47,874 - cyberbully - INFO -   output_dir     : experiments/grid-search/google_mobilebert-uncased/ieee/prep1_aug0/seed_43782163
2026-05-19 19:52:47,874 - cyberbully - INFO - ============================================================
2026-05-19 19:52:47,874 - cyberbully - INFO - Step 1: Preparing data...
2026-05-19 19:52:47,878 - cyberbully - INFO - Loaded pre-split data from dataset/ieee — train: 1348, val: 338, test: 422
2026-05-19 19:52:47,878 - cyberbully - INFO - Label mapping: {'Cyberstalking': 0, 'Doxing': 1, 'Revenge Porn': 2, 'Sexual Harassment': 3, 'Slut Shaming': 4}
2026-05-19 19:52:47,878 - cyberbully - INFO - Applying text preprocessing per split...
2026-05-19 19:52:49,361 - cyberbully - INFO - After preprocessing -- train: 1348, val: 338, test: 422
2026-05-19 19:52:49,363 - cyberbully - INFO - Number of classes: 5
2026-05-19 19:52:49,364 - cyberbully - INFO - Step 2: Loading model and tokenizer...
2026-05-19 19:52:49,364 - cyberbully - INFO - Loading model 'google/mobilebert-uncased' with 5 labels (sbert=False, supcon=False)
2026-05-19 19:52:51,806 - cyberbully - WARNING - FP16 disabled for model_type='mobilebert' (known fp16 instability).
2026-05-19 19:52:51,806 - cyberbully - INFO - Step 3: Creating datasets...
2026-05-19 19:52:51,829 - cyberbully - INFO - Dataset sizes — train: 1348, val: 338, test: 422
2026-05-19 19:52:51,829 - cyberbully - INFO - Step 4: Training...
2026-05-19 19:52:52,010 - cyberbully - INFO - Starting training...
2026-05-19 19:53:42,085 - cyberbully - INFO - Training complete.
2026-05-19 19:53:42,102 - cyberbully - INFO - Removed checkpoint: experiments/grid-search/google_mobilebert-uncased/ieee/prep1_aug0/seed_43782163/checkpoint-172
2026-05-19 19:53:42,119 - cyberbully - INFO - Removed checkpoint: experiments/grid-search/google_mobilebert-uncased/ieee/prep1_aug0/seed_43782163/checkpoint-258
2026-05-19 19:53:42,136 - cyberbully - INFO - Removed checkpoint: experiments/grid-search/google_mobilebert-uncased/ieee/prep1_aug0/seed_43782163/checkpoint-387
2026-05-19 19:53:42,150 - cyberbully - INFO - Removed checkpoint: experiments/grid-search/google_mobilebert-uncased/ieee/prep1_aug0/seed_43782163/checkpoint-43
2026-05-19 19:53:42,167 - cyberbully - INFO - Removed checkpoint: experiments/grid-search/google_mobilebert-uncased/ieee/prep1_aug0/seed_43782163/checkpoint-430
2026-05-19 19:53:42,184 - cyberbully - INFO - Removed checkpoint: experiments/grid-search/google_mobilebert-uncased/ieee/prep1_aug0/seed_43782163/checkpoint-301
2026-05-19 19:53:42,201 - cyberbully - INFO - Removed checkpoint: experiments/grid-search/google_mobilebert-uncased/ieee/prep1_aug0/seed_43782163/checkpoint-344
2026-05-19 19:53:42,773 - cyberbully - INFO - Removed checkpoint: experiments/grid-search/google_mobilebert-uncased/ieee/prep1_aug0/seed_43782163/checkpoint-129
2026-05-19 19:53:42,801 - cyberbully - INFO - Removed checkpoint: experiments/grid-search/google_mobilebert-uncased/ieee/prep1_aug0/seed_43782163/checkpoint-215
2026-05-19 19:53:42,815 - cyberbully - INFO - Removed checkpoint: experiments/grid-search/google_mobilebert-uncased/ieee/prep1_aug0/seed_43782163/checkpoint-86
2026-05-19 19:53:42,815 - cyberbully - INFO - Step 5: Evaluating on test set...
2026-05-19 19:53:49,362 - cyberbully - INFO - Metrics saved to experiments/grid-search/google_mobilebert-uncased/ieee/prep1_aug0/seed_43782163/metrics.json
2026-05-19 19:53:49,362 - cyberbully - INFO - Confusion matrix saved to experiments/grid-search/google_mobilebert-uncased/ieee/prep1_aug0/seed_43782163/confusion_matrix.json
2026-05-19 19:53:49,367 - cyberbully - INFO - Per-sample predictions saved to experiments/grid-search/google_mobilebert-uncased/ieee/prep1_aug0/seed_43782163/predictions.json
2026-05-19 19:53:49,469 - cyberbully - INFO - Confusion matrix figure saved to experiments/grid-search/google_mobilebert-uncased/ieee/prep1_aug0/seed_43782163/confusion_matrix.pdf
2026-05-19 19:53:49,469 - cyberbully - INFO - Accuracy: 0.8057
2026-05-19 19:53:49,469 - cyberbully - INFO - Weighted F1: 0.8105
2026-05-19 19:53:49,469 - cyberbully - INFO - Micro F1: 0.8057
2026-05-19 19:53:49,469 - cyberbully - INFO - Inference time: 0.41 seconds
2026-05-19 19:53:49,469 - cyberbully - INFO - Energy consumption: 0.000046 kWh
2026-05-19 19:53:49,470 - cyberbully - INFO - ============================================================
2026-05-19 19:53:49,470 - cyberbully - INFO - Pipeline complete. Results saved to: experiments/grid-search/google_mobilebert-uncased/ieee/prep1_aug0/seed_43782163
2026-05-19 19:53:49,470 - cyberbully - INFO - ============================================================
