2026-04-09 06:25:26,821 - cyberbully - INFO - ============================================================
2026-04-09 06:25:26,821 - cyberbully - INFO - Cyberbullying Detection Pipeline
2026-04-09 06:25:26,821 - cyberbully - INFO - ============================================================
2026-04-09 06:25:26,821 - cyberbully - INFO - Configuration:
2026-04-09 06:25:26,821 - cyberbully - INFO -   model          : answerdotai/ModernBERT-base
2026-04-09 06:25:26,821 - cyberbully - INFO -   dataset        : tweeteval
2026-04-09 06:25:26,821 - cyberbully - INFO -   preprocess     : True
2026-04-09 06:25:26,821 - cyberbully - INFO -   augment        : True
2026-04-09 06:25:26,821 - cyberbully - INFO -   compute_attribution: False
2026-04-09 06:25:26,821 - cyberbully - INFO -   seed           : 14298463
2026-04-09 06:25:26,821 - cyberbully - INFO -   epochs         : 10
2026-04-09 06:25:26,821 - cyberbully - INFO -   batch_size     : 32
2026-04-09 06:25:26,821 - cyberbully - INFO -   lr             : 5e-05
2026-04-09 06:25:26,821 - cyberbully - INFO -   max_length     : 128
2026-04-09 06:25:26,821 - cyberbully - INFO -   output_dir     : grid-search
2026-04-09 06:25:26,821 - cyberbully - INFO -   data_dir       : dataset
2026-04-09 06:25:26,821 - cyberbully - INFO -   sbert          : False
2026-04-09 06:25:26,822 - cyberbully - INFO -   supcon         : False
2026-04-09 06:25:26,822 - cyberbully - INFO -   supcon_weight  : 0.1
2026-04-09 06:25:26,822 - cyberbully - INFO -   proj_dim       : 128
2026-04-09 06:25:26,822 - cyberbully - INFO -   grad_accum_steps: 1
2026-04-09 06:25:26,822 - cyberbully - INFO -   overwrite      : False
2026-04-09 06:25:26,822 - cyberbully - INFO -   device         : cuda
2026-04-09 06:25:26,822 - cyberbully - INFO -   output_dir     : experiments/grid-search/answerdotai_ModernBERT-base/tweeteval/prep1_aug1/seed_14298463
2026-04-09 06:25:26,822 - cyberbully - INFO - ============================================================
2026-04-09 06:25:26,822 - cyberbully - INFO - Step 1: Preparing data...
2026-04-09 06:25:26,869 - cyberbully - INFO - Loaded pre-split data from dataset/tweeteval — train: 32485, val: 8122, test: 10152
2026-04-09 06:25:26,869 - cyberbully - INFO - Label mapping: {'emotion': 0, 'hate': 1, 'offensive': 2, 'religion': 3, 'spiritual': 4}
2026-04-09 06:25:26,869 - cyberbully - INFO - Applying text preprocessing per split...
2026-04-09 06:26:27,238 - cyberbully - INFO - After preprocessing — train: 30373, val: 7612, test: 9468
2026-04-09 06:26:27,240 - cyberbully - INFO - Applying training data augmentation (oversampling)...
2026-04-09 06:26:27,246 - cyberbully - INFO - After oversampling — class distribution: {0: 7771, 1: 7771, 2: 7771, 3: 7771, 4: 7771}
2026-04-09 06:26:27,254 - cyberbully - INFO - Number of classes: 5
2026-04-09 06:26:27,255 - cyberbully - INFO - Step 2: Loading model and tokenizer...
2026-04-09 06:26:27,256 - cyberbully - INFO - Loading model 'answerdotai/ModernBERT-base' with 5 labels (sbert=False, supcon=False)
2026-04-09 06:26:28,882 - cyberbully - INFO - Step 3: Creating datasets...
2026-04-09 06:26:29,994 - cyberbully - INFO - Dataset sizes — train: 38855, val: 7612, test: 9468
2026-04-09 06:26:29,994 - cyberbully - INFO - Step 4: Training...
2026-04-09 06:26:30,233 - cyberbully - INFO - Starting training...
2026-04-09 06:50:28,428 - cyberbully - INFO - Training complete.
2026-04-09 06:50:28,510 - cyberbully - INFO - Removed checkpoint: experiments/grid-search/answerdotai_ModernBERT-base/tweeteval/prep1_aug1/seed_14298463/checkpoint-3645
2026-04-09 06:50:28,593 - cyberbully - INFO - Removed checkpoint: experiments/grid-search/answerdotai_ModernBERT-base/tweeteval/prep1_aug1/seed_14298463/checkpoint-4860
2026-04-09 06:50:28,675 - cyberbully - INFO - Removed checkpoint: experiments/grid-search/answerdotai_ModernBERT-base/tweeteval/prep1_aug1/seed_14298463/checkpoint-8505
2026-04-09 06:50:28,758 - cyberbully - INFO - Removed checkpoint: experiments/grid-search/answerdotai_ModernBERT-base/tweeteval/prep1_aug1/seed_14298463/checkpoint-7290
2026-04-09 06:50:28,841 - cyberbully - INFO - Removed checkpoint: experiments/grid-search/answerdotai_ModernBERT-base/tweeteval/prep1_aug1/seed_14298463/checkpoint-6075
2026-04-09 06:50:28,926 - cyberbully - INFO - Removed checkpoint: experiments/grid-search/answerdotai_ModernBERT-base/tweeteval/prep1_aug1/seed_14298463/checkpoint-1215
2026-04-09 06:50:29,008 - cyberbully - INFO - Removed checkpoint: experiments/grid-search/answerdotai_ModernBERT-base/tweeteval/prep1_aug1/seed_14298463/checkpoint-9720
2026-04-09 06:50:29,107 - cyberbully - INFO - Removed checkpoint: experiments/grid-search/answerdotai_ModernBERT-base/tweeteval/prep1_aug1/seed_14298463/checkpoint-12150
2026-04-09 06:50:29,190 - cyberbully - INFO - Removed checkpoint: experiments/grid-search/answerdotai_ModernBERT-base/tweeteval/prep1_aug1/seed_14298463/checkpoint-2430
2026-04-09 06:50:29,272 - cyberbully - INFO - Removed checkpoint: experiments/grid-search/answerdotai_ModernBERT-base/tweeteval/prep1_aug1/seed_14298463/checkpoint-10935
2026-04-09 06:50:29,272 - cyberbully - INFO - Step 5: Evaluating on test set...
2026-04-09 06:50:43,134 - cyberbully - INFO - Metrics saved to experiments/grid-search/answerdotai_ModernBERT-base/tweeteval/prep1_aug1/seed_14298463/metrics.json
2026-04-09 06:50:43,134 - cyberbully - INFO - Confusion matrix saved to experiments/grid-search/answerdotai_ModernBERT-base/tweeteval/prep1_aug1/seed_14298463/confusion_matrix.json
2026-04-09 06:50:43,227 - cyberbully - INFO - Per-sample predictions saved to experiments/grid-search/answerdotai_ModernBERT-base/tweeteval/prep1_aug1/seed_14298463/predictions.json
2026-04-09 06:50:43,329 - cyberbully - INFO - Confusion matrix figure saved to experiments/grid-search/answerdotai_ModernBERT-base/tweeteval/prep1_aug1/seed_14298463/confusion_matrix.pdf
2026-04-09 06:50:43,329 - cyberbully - INFO - Accuracy: 0.9404
2026-04-09 06:50:43,329 - cyberbully - INFO - Weighted F1: 0.9401
2026-04-09 06:50:43,329 - cyberbully - INFO - Micro F1: 0.9404
2026-04-09 06:50:43,329 - cyberbully - INFO - Inference time: 9.20 seconds
2026-04-09 06:50:43,329 - cyberbully - INFO - Energy consumption: 0.000582 kWh
2026-04-09 06:50:43,331 - cyberbully - INFO - ============================================================
2026-04-09 06:50:43,332 - cyberbully - INFO - Pipeline complete. Results saved to: experiments/grid-search/answerdotai_ModernBERT-base/tweeteval/prep1_aug1/seed_14298463
2026-04-09 06:50:43,332 - cyberbully - INFO - ============================================================
