2026-02-20 11:15:59,605 - cyberbully - INFO - ============================================================
2026-02-20 11:15:59,605 - cyberbully - INFO - Cyberbullying Detection Pipeline
2026-02-20 11:15:59,605 - cyberbully - INFO - ============================================================
2026-02-20 11:15:59,605 - cyberbully - INFO - Configuration:
2026-02-20 11:15:59,605 - cyberbully - INFO -   model          : all-MiniLM-L12-v2
2026-02-20 11:15:59,605 - cyberbully - INFO -   dataset        : ieee
2026-02-20 11:15:59,605 - cyberbully - INFO -   preprocess     : True
2026-02-20 11:15:59,605 - cyberbully - INFO -   augment        : False
2026-02-20 11:15:59,605 - cyberbully - INFO -   compute_attribution: False
2026-02-20 11:15:59,605 - cyberbully - INFO -   seed           : 24677315
2026-02-20 11:15:59,605 - cyberbully - INFO -   epochs         : 5
2026-02-20 11:15:59,606 - cyberbully - INFO -   batch_size     : 16
2026-02-20 11:15:59,606 - cyberbully - INFO -   lr             : 2e-05
2026-02-20 11:15:59,606 - cyberbully - INFO -   max_length     : 128
2026-02-20 11:15:59,606 - cyberbully - INFO -   output_dir     : sbert-model
2026-02-20 11:15:59,606 - cyberbully - INFO -   data_dir       : dataset
2026-02-20 11:15:59,606 - cyberbully - INFO -   sbert          : True
2026-02-20 11:15:59,606 - cyberbully - INFO -   overwrite      : False
2026-02-20 11:15:59,606 - cyberbully - INFO -   device         : cuda
2026-02-20 11:15:59,606 - cyberbully - INFO -   output_dir     : experiments/sbert-model/all-MiniLM-L12-v2/ieee/prep1_aug0/seed_24677315
2026-02-20 11:15:59,606 - cyberbully - INFO - ============================================================
2026-02-20 11:15:59,606 - cyberbully - INFO - Step 1: Preparing data...
2026-02-20 11:15:59,606 - cyberbully - INFO - Loading dataset 'ieee' from dataset/IEEE Data Port.csv
2026-02-20 11:15:59,612 - cyberbully - INFO - Loaded 2108 samples with 5 classes: ['Cyberstalking', 'Doxing', 'Revenge Porn', 'Sexual Harassment', 'Slut Shaming']
2026-02-20 11:15:59,612 - cyberbully - INFO - Applying text preprocessing...
2026-02-20 11:16:02,689 - cyberbully - INFO - After preprocessing: 1817 samples remain
2026-02-20 11:16:02,690 - cyberbully - INFO - Label mapping: {'Cyberstalking': 0, 'Doxing': 1, 'Revenge Porn': 2, 'Sexual Harassment': 3, 'Slut Shaming': 4}
2026-02-20 11:16:02,692 - cyberbully - INFO - Split sizes — train: 1162, val: 291, test: 364
2026-02-20 11:16:02,692 - cyberbully - INFO - Number of classes: 5
2026-02-20 11:16:02,693 - cyberbully - INFO - Step 2: Loading model and tokenizer...
2026-02-20 11:16:02,693 - cyberbully - INFO - Loading model 'all-MiniLM-L12-v2' with 5 labels (sbert=True)
2026-02-20 11:16:05,280 - cyberbully - INFO - SBERTClassifier: embedding_dim=384, hidden=256, num_labels=5
2026-02-20 11:16:05,575 - cyberbully - INFO - Step 3: Creating datasets...
2026-02-20 11:16:05,609 - cyberbully - INFO - Dataset sizes — train: 1162, val: 291, test: 364
2026-02-20 11:16:05,609 - cyberbully - INFO - Step 4: Training...
2026-02-20 11:16:05,656 - cyberbully - INFO - Starting training...
2026-02-20 11:16:16,261 - cyberbully - INFO - Training complete.
2026-02-20 11:16:16,261 - cyberbully - INFO - Step 5: Evaluating on test set...
2026-02-20 11:16:20,652 - cyberbully - INFO - Metrics saved to experiments/sbert-model/all-MiniLM-L12-v2/ieee/prep1_aug0/seed_24677315/metrics.json
2026-02-20 11:16:20,653 - cyberbully - INFO - Confusion matrix saved to experiments/sbert-model/all-MiniLM-L12-v2/ieee/prep1_aug0/seed_24677315/confusion_matrix.json
2026-02-20 11:16:20,753 - cyberbully - INFO - Confusion matrix figure saved to experiments/sbert-model/all-MiniLM-L12-v2/ieee/prep1_aug0/seed_24677315/confusion_matrix.pdf
2026-02-20 11:16:20,753 - cyberbully - INFO - Accuracy: 0.8269
2026-02-20 11:16:20,753 - cyberbully - INFO - Weighted F1: 0.8259
2026-02-20 11:16:20,753 - cyberbully - INFO - Micro F1: 0.8269
2026-02-20 11:16:20,753 - cyberbully - INFO - Inference time: 0.14 seconds
2026-02-20 11:16:20,753 - cyberbully - INFO - Energy consumption: 0.000005 kWh
2026-02-20 11:16:20,753 - cyberbully - INFO - ============================================================
2026-02-20 11:16:20,753 - cyberbully - INFO - Pipeline complete. Results saved to: experiments/sbert-model/all-MiniLM-L12-v2/ieee/prep1_aug0/seed_24677315
2026-02-20 11:16:20,753 - cyberbully - INFO - ============================================================
