2026-02-21 00:50:59,913 - cyberbully - INFO - ============================================================
2026-02-21 00:50:59,913 - cyberbully - INFO - Cyberbullying Detection Pipeline
2026-02-21 00:50:59,913 - cyberbully - INFO - ============================================================
2026-02-21 00:50:59,913 - cyberbully - INFO - Configuration:
2026-02-21 00:50:59,913 - cyberbully - INFO -   model          : all-mpnet-base-v2
2026-02-21 00:50:59,913 - cyberbully - INFO -   dataset        : kaggle
2026-02-21 00:50:59,913 - cyberbully - INFO -   preprocess     : True
2026-02-21 00:50:59,913 - cyberbully - INFO -   augment        : True
2026-02-21 00:50:59,913 - cyberbully - INFO -   compute_attribution: False
2026-02-21 00:50:59,913 - cyberbully - INFO -   seed           : 43782163
2026-02-21 00:50:59,913 - cyberbully - INFO -   epochs         : 5
2026-02-21 00:50:59,913 - cyberbully - INFO -   batch_size     : 16
2026-02-21 00:50:59,913 - cyberbully - INFO -   lr             : 2e-05
2026-02-21 00:50:59,913 - cyberbully - INFO -   max_length     : 128
2026-02-21 00:50:59,913 - cyberbully - INFO -   output_dir     : sbert-model
2026-02-21 00:50:59,913 - cyberbully - INFO -   data_dir       : dataset
2026-02-21 00:50:59,913 - cyberbully - INFO -   sbert          : True
2026-02-21 00:50:59,913 - cyberbully - INFO -   overwrite      : False
2026-02-21 00:50:59,913 - cyberbully - INFO -   device         : cuda
2026-02-21 00:50:59,913 - cyberbully - INFO -   output_dir     : experiments/sbert-model/all-mpnet-base-v2/kaggle/prep1_aug1/seed_43782163
2026-02-21 00:50:59,913 - cyberbully - INFO - ============================================================
2026-02-21 00:50:59,913 - cyberbully - INFO - Step 1: Preparing data...
2026-02-21 00:50:59,913 - cyberbully - INFO - Loading dataset 'kaggle' from dataset/Kaggle.csv
2026-02-21 00:50:59,971 - cyberbully - INFO - Loaded 47656 samples with 6 classes: ['age', 'ethnicity', 'gender', 'not_cyberbullying', 'other_cyberbullying', 'religion']
2026-02-21 00:50:59,971 - cyberbully - INFO - Applying text preprocessing...
2026-02-21 00:51:54,132 - cyberbully - INFO - After preprocessing: 41396 samples remain
2026-02-21 00:51:54,134 - cyberbully - INFO - Label mapping: {'age': 0, 'ethnicity': 1, 'gender': 2, 'not_cyberbullying': 3, 'other_cyberbullying': 4, 'religion': 5}
2026-02-21 00:51:54,146 - cyberbully - INFO - Split sizes — train: 26492, val: 6624, test: 8280
2026-02-21 00:51:54,146 - cyberbully - INFO - Applying training data augmentation (oversampling)...
2026-02-21 00:51:54,152 - cyberbully - INFO - After oversampling — class distribution: {0: 5065, 1: 5065, 2: 5065, 3: 5065, 4: 5065, 5: 5065}
2026-02-21 00:51:54,153 - cyberbully - INFO - Number of classes: 6
2026-02-21 00:51:54,154 - cyberbully - INFO - Step 2: Loading model and tokenizer...
2026-02-21 00:51:54,154 - cyberbully - INFO - Loading model 'all-mpnet-base-v2' with 6 labels (sbert=True)
2026-02-21 00:51:56,872 - cyberbully - INFO - SBERTClassifier: embedding_dim=768, hidden=256, num_labels=6
2026-02-21 00:51:57,173 - cyberbully - INFO - Step 3: Creating datasets...
2026-02-21 00:51:57,750 - cyberbully - INFO - Dataset sizes — train: 30390, val: 6624, test: 8280
2026-02-21 00:51:57,750 - cyberbully - INFO - Step 4: Training...
2026-02-21 00:51:57,819 - cyberbully - INFO - Starting training...
2026-02-21 01:01:54,435 - cyberbully - INFO - Training complete.
2026-02-21 01:01:54,435 - cyberbully - INFO - Step 5: Evaluating on test set...
2026-02-21 01:02:05,445 - cyberbully - INFO - Metrics saved to experiments/sbert-model/all-mpnet-base-v2/kaggle/prep1_aug1/seed_43782163/metrics.json
2026-02-21 01:02:05,446 - cyberbully - INFO - Confusion matrix saved to experiments/sbert-model/all-mpnet-base-v2/kaggle/prep1_aug1/seed_43782163/confusion_matrix.json
2026-02-21 01:02:05,557 - cyberbully - INFO - Confusion matrix figure saved to experiments/sbert-model/all-mpnet-base-v2/kaggle/prep1_aug1/seed_43782163/confusion_matrix.pdf
2026-02-21 01:02:05,557 - cyberbully - INFO - Accuracy: 0.8664
2026-02-21 01:02:05,557 - cyberbully - INFO - Weighted F1: 0.8662
2026-02-21 01:02:05,557 - cyberbully - INFO - Micro F1: 0.8664
2026-02-21 01:02:05,558 - cyberbully - INFO - Inference time: 6.69 seconds
2026-02-21 01:02:05,558 - cyberbully - INFO - Energy consumption: 0.000431 kWh
2026-02-21 01:02:05,558 - cyberbully - INFO - ============================================================
2026-02-21 01:02:05,558 - cyberbully - INFO - Pipeline complete. Results saved to: experiments/sbert-model/all-mpnet-base-v2/kaggle/prep1_aug1/seed_43782163
2026-02-21 01:02:05,558 - cyberbully - INFO - ============================================================
