2026-06-18 11:58:07,291 - cyberbully - INFO - ============================================================
2026-06-18 11:58:07,291 - cyberbully - INFO - Cyberbullying Detection Pipeline
2026-06-18 11:58:07,291 - cyberbully - INFO - ============================================================
2026-06-18 11:58:07,291 - cyberbully - INFO - Configuration:
2026-06-18 11:58:07,291 - cyberbully - INFO -   model          : sarkerlab/SocBERT-base
2026-06-18 11:58:07,291 - cyberbully - INFO -   dataset        : kaggle
2026-06-18 11:58:07,291 - cyberbully - INFO -   preprocess     : False
2026-06-18 11:58:07,291 - cyberbully - INFO -   prep_mode      : 2
2026-06-18 11:58:07,291 - cyberbully - INFO -   augment        : False
2026-06-18 11:58:07,291 - cyberbully - INFO -   compute_attribution: False
2026-06-18 11:58:07,291 - cyberbully - INFO -   seed           : 52680723
2026-06-18 11:58:07,291 - cyberbully - INFO -   epochs         : 10
2026-06-18 11:58:07,291 - cyberbully - INFO -   batch_size     : 32
2026-06-18 11:58:07,291 - cyberbully - INFO -   lr             : 5e-05
2026-06-18 11:58:07,291 - cyberbully - INFO -   max_length     : 128
2026-06-18 11:58:07,291 - cyberbully - INFO -   output_dir     : grid-search
2026-06-18 11:58:07,291 - cyberbully - INFO -   data_dir       : dataset
2026-06-18 11:58:07,291 - cyberbully - INFO -   sbert          : False
2026-06-18 11:58:07,291 - cyberbully - INFO -   supcon         : False
2026-06-18 11:58:07,291 - cyberbully - INFO -   supcon_weight  : 0.1
2026-06-18 11:58:07,291 - cyberbully - INFO -   proj_dim       : 128
2026-06-18 11:58:07,291 - cyberbully - INFO -   grad_accum_steps: 1
2026-06-18 11:58:07,291 - cyberbully - INFO -   overwrite      : False
2026-06-18 11:58:07,291 - cyberbully - INFO -   device         : cuda
2026-06-18 11:58:07,291 - cyberbully - INFO -   output_dir     : experiments/grid-search/sarkerlab_SocBERT-base/kaggle/prep2_aug0/seed_52680723
2026-06-18 11:58:07,291 - cyberbully - INFO - ============================================================
2026-06-18 11:58:07,291 - cyberbully - INFO - Step 1: Preparing data...
2026-06-18 11:58:07,337 - cyberbully - INFO - Loaded pre-split data from dataset/kaggle — train: 25604, val: 6401, test: 8002
2026-06-18 11:58:07,337 - cyberbully - INFO - Label mapping: {'age': 0, 'ethnicity': 1, 'gender': 2, 'other_cyberbullying': 3, 'religion': 4}
2026-06-18 11:58:07,338 - cyberbully - INFO - Applying partial text preprocessing per split...
2026-06-18 11:58:08,639 - cyberbully - INFO - After preprocessing -- train: 25604, val: 6401, test: 8002
2026-06-18 11:58:08,643 - cyberbully - INFO - Number of classes: 5
2026-06-18 11:58:08,644 - cyberbully - INFO - Step 2: Loading model and tokenizer...
2026-06-18 11:58:08,644 - cyberbully - INFO - Loading model 'sarkerlab/SocBERT-base' with 5 labels (sbert=False, supcon=False)
2026-06-18 11:58:10,188 - cyberbully - INFO - Step 3: Creating datasets...
2026-06-18 11:58:10,894 - cyberbully - INFO - Dataset sizes — train: 25604, val: 6401, test: 8002
2026-06-18 11:58:10,894 - cyberbully - INFO - Step 4: Training...
2026-06-18 11:58:11,158 - cyberbully - INFO - Starting training...
2026-06-18 12:12:24,893 - cyberbully - INFO - Training complete.
2026-06-18 12:12:24,976 - cyberbully - INFO - Removed checkpoint: experiments/grid-search/sarkerlab_SocBERT-base/kaggle/prep2_aug0/seed_52680723/checkpoint-5607
2026-06-18 12:12:25,076 - cyberbully - INFO - Removed checkpoint: experiments/grid-search/sarkerlab_SocBERT-base/kaggle/prep2_aug0/seed_52680723/checkpoint-8010
2026-06-18 12:12:25,160 - cyberbully - INFO - Removed checkpoint: experiments/grid-search/sarkerlab_SocBERT-base/kaggle/prep2_aug0/seed_52680723/checkpoint-6408
2026-06-18 12:12:25,244 - cyberbully - INFO - Removed checkpoint: experiments/grid-search/sarkerlab_SocBERT-base/kaggle/prep2_aug0/seed_52680723/checkpoint-1602
2026-06-18 12:12:25,328 - cyberbully - INFO - Removed checkpoint: experiments/grid-search/sarkerlab_SocBERT-base/kaggle/prep2_aug0/seed_52680723/checkpoint-3204
2026-06-18 12:12:25,410 - cyberbully - INFO - Removed checkpoint: experiments/grid-search/sarkerlab_SocBERT-base/kaggle/prep2_aug0/seed_52680723/checkpoint-7209
2026-06-18 12:12:25,494 - cyberbully - INFO - Removed checkpoint: experiments/grid-search/sarkerlab_SocBERT-base/kaggle/prep2_aug0/seed_52680723/checkpoint-4005
2026-06-18 12:12:25,577 - cyberbully - INFO - Removed checkpoint: experiments/grid-search/sarkerlab_SocBERT-base/kaggle/prep2_aug0/seed_52680723/checkpoint-4806
2026-06-18 12:12:25,664 - cyberbully - INFO - Removed checkpoint: experiments/grid-search/sarkerlab_SocBERT-base/kaggle/prep2_aug0/seed_52680723/checkpoint-801
2026-06-18 12:12:25,753 - cyberbully - INFO - Removed checkpoint: experiments/grid-search/sarkerlab_SocBERT-base/kaggle/prep2_aug0/seed_52680723/checkpoint-2403
2026-06-18 12:12:25,754 - cyberbully - INFO - Step 5: Evaluating on test set...
2026-06-18 12:12:37,817 - cyberbully - INFO - Metrics saved to experiments/grid-search/sarkerlab_SocBERT-base/kaggle/prep2_aug0/seed_52680723/metrics.json
2026-06-18 12:12:37,817 - cyberbully - INFO - Confusion matrix saved to experiments/grid-search/sarkerlab_SocBERT-base/kaggle/prep2_aug0/seed_52680723/confusion_matrix.json
2026-06-18 12:12:37,903 - cyberbully - INFO - Per-sample predictions saved to experiments/grid-search/sarkerlab_SocBERT-base/kaggle/prep2_aug0/seed_52680723/predictions.json
2026-06-18 12:12:38,011 - cyberbully - INFO - Confusion matrix figure saved to experiments/grid-search/sarkerlab_SocBERT-base/kaggle/prep2_aug0/seed_52680723/confusion_matrix.pdf
2026-06-18 12:12:38,011 - cyberbully - INFO - Accuracy: 0.9485
2026-06-18 12:12:38,011 - cyberbully - INFO - Weighted F1: 0.9486
2026-06-18 12:12:38,011 - cyberbully - INFO - Micro F1: 0.9485
2026-06-18 12:12:38,011 - cyberbully - INFO - Inference time: 5.92 seconds
2026-06-18 12:12:38,011 - cyberbully - INFO - Energy consumption: 0.000376 kWh
2026-06-18 12:12:38,013 - cyberbully - INFO - ============================================================
2026-06-18 12:12:38,013 - cyberbully - INFO - Pipeline complete. Results saved to: experiments/grid-search/sarkerlab_SocBERT-base/kaggle/prep2_aug0/seed_52680723
2026-06-18 12:12:38,013 - cyberbully - INFO - ============================================================
