2026-05-20 08:58:32,994 - cyberbully - INFO - ============================================================
2026-05-20 08:58:32,994 - cyberbully - INFO - Cyberbullying Detection Pipeline
2026-05-20 08:58:32,994 - cyberbully - INFO - ============================================================
2026-05-20 08:58:32,994 - cyberbully - INFO - Configuration:
2026-05-20 08:58:32,994 - cyberbully - INFO -   model          : distilbert-base-cased
2026-05-20 08:58:32,994 - cyberbully - INFO -   dataset        : ieee
2026-05-20 08:58:32,994 - cyberbully - INFO -   preprocess     : True
2026-05-20 08:58:32,994 - cyberbully - INFO -   augment        : False
2026-05-20 08:58:32,994 - cyberbully - INFO -   compute_attribution: False
2026-05-20 08:58:32,994 - cyberbully - INFO -   seed           : 99511865
2026-05-20 08:58:32,994 - cyberbully - INFO -   epochs         : 10
2026-05-20 08:58:32,994 - cyberbully - INFO -   batch_size     : 32
2026-05-20 08:58:32,994 - cyberbully - INFO -   lr             : 5e-05
2026-05-20 08:58:32,994 - cyberbully - INFO -   max_length     : 128
2026-05-20 08:58:32,994 - cyberbully - INFO -   output_dir     : grid-search
2026-05-20 08:58:32,994 - cyberbully - INFO -   data_dir       : dataset
2026-05-20 08:58:32,994 - cyberbully - INFO -   sbert          : False
2026-05-20 08:58:32,994 - cyberbully - INFO -   supcon         : False
2026-05-20 08:58:32,995 - cyberbully - INFO -   supcon_weight  : 0.1
2026-05-20 08:58:32,995 - cyberbully - INFO -   proj_dim       : 128
2026-05-20 08:58:32,995 - cyberbully - INFO -   grad_accum_steps: 1
2026-05-20 08:58:32,995 - cyberbully - INFO -   overwrite      : True
2026-05-20 08:58:32,995 - cyberbully - INFO -   device         : cuda
2026-05-20 08:58:32,995 - cyberbully - INFO -   output_dir     : experiments/grid-search/distilbert-base-cased/ieee/prep1_aug0/seed_99511865
2026-05-20 08:58:32,995 - cyberbully - INFO - ============================================================
2026-05-20 08:58:32,995 - cyberbully - INFO - Step 1: Preparing data...
2026-05-20 08:58:32,998 - cyberbully - INFO - Loaded pre-split data from dataset/ieee — train: 1348, val: 338, test: 422
2026-05-20 08:58:32,999 - cyberbully - INFO - Label mapping: {'Cyberstalking': 0, 'Doxing': 1, 'Revenge Porn': 2, 'Sexual Harassment': 3, 'Slut Shaming': 4}
2026-05-20 08:58:32,999 - cyberbully - INFO - Applying text preprocessing per split...
2026-05-20 08:58:33,722 - cyberbully - INFO - After preprocessing -- train: 1348, val: 338, test: 422
2026-05-20 08:58:33,724 - cyberbully - INFO - Number of classes: 5
2026-05-20 08:58:33,725 - cyberbully - INFO - Step 2: Loading model and tokenizer...
2026-05-20 08:58:33,725 - cyberbully - INFO - Loading model 'distilbert-base-cased' with 5 labels (sbert=False, supcon=False)
2026-05-20 08:58:34,380 - cyberbully - INFO - Step 3: Creating datasets...
2026-05-20 08:58:34,399 - cyberbully - INFO - Dataset sizes — train: 1348, val: 338, test: 422
2026-05-20 08:58:34,399 - cyberbully - INFO - Step 4: Training...
2026-05-20 08:58:34,526 - cyberbully - INFO - Starting training...
2026-05-20 08:59:01,234 - cyberbully - INFO - Training complete.
2026-05-20 08:59:01,296 - cyberbully - INFO - Removed checkpoint: experiments/grid-search/distilbert-base-cased/ieee/prep1_aug0/seed_99511865/checkpoint-215
2026-05-20 08:59:01,359 - cyberbully - INFO - Removed checkpoint: experiments/grid-search/distilbert-base-cased/ieee/prep1_aug0/seed_99511865/checkpoint-387
2026-05-20 08:59:01,422 - cyberbully - INFO - Removed checkpoint: experiments/grid-search/distilbert-base-cased/ieee/prep1_aug0/seed_99511865/checkpoint-86
2026-05-20 08:59:02,113 - cyberbully - INFO - Removed checkpoint: experiments/grid-search/distilbert-base-cased/ieee/prep1_aug0/seed_99511865/checkpoint-129
2026-05-20 08:59:02,176 - cyberbully - INFO - Removed checkpoint: experiments/grid-search/distilbert-base-cased/ieee/prep1_aug0/seed_99511865/checkpoint-344
2026-05-20 08:59:02,241 - cyberbully - INFO - Removed checkpoint: experiments/grid-search/distilbert-base-cased/ieee/prep1_aug0/seed_99511865/checkpoint-258
2026-05-20 08:59:02,308 - cyberbully - INFO - Removed checkpoint: experiments/grid-search/distilbert-base-cased/ieee/prep1_aug0/seed_99511865/checkpoint-43
2026-05-20 08:59:02,372 - cyberbully - INFO - Removed checkpoint: experiments/grid-search/distilbert-base-cased/ieee/prep1_aug0/seed_99511865/checkpoint-301
2026-05-20 08:59:03,069 - cyberbully - INFO - Removed checkpoint: experiments/grid-search/distilbert-base-cased/ieee/prep1_aug0/seed_99511865/checkpoint-172
2026-05-20 08:59:03,133 - cyberbully - INFO - Removed checkpoint: experiments/grid-search/distilbert-base-cased/ieee/prep1_aug0/seed_99511865/checkpoint-430
2026-05-20 08:59:03,133 - cyberbully - INFO - Step 5: Evaluating on test set...
2026-05-20 08:59:09,256 - cyberbully - INFO - Metrics saved to experiments/grid-search/distilbert-base-cased/ieee/prep1_aug0/seed_99511865/metrics.json
2026-05-20 08:59:09,256 - cyberbully - INFO - Confusion matrix saved to experiments/grid-search/distilbert-base-cased/ieee/prep1_aug0/seed_99511865/confusion_matrix.json
2026-05-20 08:59:09,261 - cyberbully - INFO - Per-sample predictions saved to experiments/grid-search/distilbert-base-cased/ieee/prep1_aug0/seed_99511865/predictions.json
2026-05-20 08:59:09,386 - cyberbully - INFO - Confusion matrix figure saved to experiments/grid-search/distilbert-base-cased/ieee/prep1_aug0/seed_99511865/confusion_matrix.pdf
2026-05-20 08:59:09,386 - cyberbully - INFO - Accuracy: 0.8057
2026-05-20 08:59:09,386 - cyberbully - INFO - Weighted F1: 0.8075
2026-05-20 08:59:09,386 - cyberbully - INFO - Micro F1: 0.8057
2026-05-20 08:59:09,386 - cyberbully - INFO - Inference time: 0.12 seconds
2026-05-20 08:59:09,386 - cyberbully - INFO - Energy consumption: 0.000018 kWh
2026-05-20 08:59:09,386 - cyberbully - INFO - ============================================================
2026-05-20 08:59:09,386 - cyberbully - INFO - Pipeline complete. Results saved to: experiments/grid-search/distilbert-base-cased/ieee/prep1_aug0/seed_99511865
2026-05-20 08:59:09,386 - cyberbully - INFO - ============================================================
