2026-03-25 06:51:51,045 - cyberbully - INFO - ============================================================
2026-03-25 06:51:51,045 - cyberbully - INFO - Cyberbullying Detection Pipeline
2026-03-25 06:51:51,045 - cyberbully - INFO - ============================================================
2026-03-25 06:51:51,045 - cyberbully - INFO - Configuration:
2026-03-25 06:51:51,045 - cyberbully - INFO -   model          : sarkerlab/SocBERT-base
2026-03-25 06:51:51,045 - cyberbully - INFO -   dataset        : kaggle
2026-03-25 06:51:51,045 - cyberbully - INFO -   preprocess     : False
2026-03-25 06:51:51,045 - cyberbully - INFO -   augment        : True
2026-03-25 06:51:51,045 - cyberbully - INFO -   compute_attribution: False
2026-03-25 06:51:51,045 - cyberbully - INFO -   seed           : 99511865
2026-03-25 06:51:51,045 - cyberbully - INFO -   epochs         : 10
2026-03-25 06:51:51,045 - cyberbully - INFO -   batch_size     : 32
2026-03-25 06:51:51,045 - cyberbully - INFO -   lr             : 5e-05
2026-03-25 06:51:51,045 - cyberbully - INFO -   max_length     : 128
2026-03-25 06:51:51,045 - cyberbully - INFO -   output_dir     : grid-search
2026-03-25 06:51:51,045 - cyberbully - INFO -   data_dir       : dataset
2026-03-25 06:51:51,045 - cyberbully - INFO -   sbert          : False
2026-03-25 06:51:51,045 - cyberbully - INFO -   supcon         : False
2026-03-25 06:51:51,045 - cyberbully - INFO -   supcon_weight  : 0.1
2026-03-25 06:51:51,045 - cyberbully - INFO -   proj_dim       : 128
2026-03-25 06:51:51,045 - cyberbully - INFO -   grad_accum_steps: 1
2026-03-25 06:51:51,045 - cyberbully - INFO -   overwrite      : False
2026-03-25 06:51:51,045 - cyberbully - INFO -   device         : cuda
2026-03-25 06:51:51,045 - cyberbully - INFO -   output_dir     : experiments/grid-search/sarkerlab_SocBERT-base/kaggle/prep0_aug1/seed_99511865
2026-03-25 06:51:51,045 - cyberbully - INFO - ============================================================
2026-03-25 06:51:51,045 - cyberbully - INFO - Step 1: Preparing data...
2026-03-25 06:51:51,095 - cyberbully - INFO - Loaded pre-split data from dataset/kaggle — train: 25604, val: 6401, test: 8002
2026-03-25 06:51:51,095 - cyberbully - INFO - Label mapping: {'age': 0, 'ethnicity': 1, 'gender': 2, 'other_cyberbullying': 3, 'religion': 4}
2026-03-25 06:51:51,097 - cyberbully - INFO - Applying training data augmentation (oversampling)...
2026-03-25 06:51:51,102 - cyberbully - INFO - After oversampling — class distribution: {0: 5123, 1: 5123, 2: 5123, 3: 5123, 4: 5123}
2026-03-25 06:51:51,112 - cyberbully - INFO - Number of classes: 5
2026-03-25 06:51:51,113 - cyberbully - INFO - Step 2: Loading model and tokenizer...
2026-03-25 06:51:51,113 - cyberbully - INFO - Loading model 'sarkerlab/SocBERT-base' with 5 labels (sbert=False, supcon=False)
2026-03-25 06:51:52,332 - cyberbully - INFO - Step 3: Creating datasets...
2026-03-25 06:51:52,983 - cyberbully - INFO - Dataset sizes — train: 25615, val: 6401, test: 8002
2026-03-25 06:51:52,984 - cyberbully - INFO - Step 4: Training...
2026-03-25 06:51:53,215 - cyberbully - INFO - Starting training...
2026-03-25 07:05:01,117 - cyberbully - INFO - Training complete.
2026-03-25 07:05:01,198 - cyberbully - INFO - Removed checkpoint: experiments/grid-search/sarkerlab_SocBERT-base/kaggle/prep0_aug1/seed_99511865/checkpoint-5607
2026-03-25 07:05:01,295 - cyberbully - INFO - Removed checkpoint: experiments/grid-search/sarkerlab_SocBERT-base/kaggle/prep0_aug1/seed_99511865/checkpoint-8010
2026-03-25 07:05:01,378 - cyberbully - INFO - Removed checkpoint: experiments/grid-search/sarkerlab_SocBERT-base/kaggle/prep0_aug1/seed_99511865/checkpoint-6408
2026-03-25 07:05:01,463 - cyberbully - INFO - Removed checkpoint: experiments/grid-search/sarkerlab_SocBERT-base/kaggle/prep0_aug1/seed_99511865/checkpoint-1602
2026-03-25 07:05:01,547 - cyberbully - INFO - Removed checkpoint: experiments/grid-search/sarkerlab_SocBERT-base/kaggle/prep0_aug1/seed_99511865/checkpoint-3204
2026-03-25 07:05:01,629 - cyberbully - INFO - Removed checkpoint: experiments/grid-search/sarkerlab_SocBERT-base/kaggle/prep0_aug1/seed_99511865/checkpoint-7209
2026-03-25 07:05:01,711 - cyberbully - INFO - Removed checkpoint: experiments/grid-search/sarkerlab_SocBERT-base/kaggle/prep0_aug1/seed_99511865/checkpoint-4005
2026-03-25 07:05:01,792 - cyberbully - INFO - Removed checkpoint: experiments/grid-search/sarkerlab_SocBERT-base/kaggle/prep0_aug1/seed_99511865/checkpoint-4806
2026-03-25 07:05:01,880 - cyberbully - INFO - Removed checkpoint: experiments/grid-search/sarkerlab_SocBERT-base/kaggle/prep0_aug1/seed_99511865/checkpoint-801
2026-03-25 07:05:01,965 - cyberbully - INFO - Removed checkpoint: experiments/grid-search/sarkerlab_SocBERT-base/kaggle/prep0_aug1/seed_99511865/checkpoint-2403
2026-03-25 07:05:01,965 - cyberbully - INFO - Step 5: Evaluating on test set...
2026-03-25 07:05:12,231 - cyberbully - INFO - Metrics saved to experiments/grid-search/sarkerlab_SocBERT-base/kaggle/prep0_aug1/seed_99511865/metrics.json
2026-03-25 07:05:12,231 - cyberbully - INFO - Confusion matrix saved to experiments/grid-search/sarkerlab_SocBERT-base/kaggle/prep0_aug1/seed_99511865/confusion_matrix.json
2026-03-25 07:05:12,310 - cyberbully - INFO - Per-sample predictions saved to experiments/grid-search/sarkerlab_SocBERT-base/kaggle/prep0_aug1/seed_99511865/predictions.json
2026-03-25 07:05:12,410 - cyberbully - INFO - Confusion matrix figure saved to experiments/grid-search/sarkerlab_SocBERT-base/kaggle/prep0_aug1/seed_99511865/confusion_matrix.pdf
2026-03-25 07:05:12,411 - cyberbully - INFO - Accuracy: 0.9500
2026-03-25 07:05:12,411 - cyberbully - INFO - Weighted F1: 0.9500
2026-03-25 07:05:12,411 - cyberbully - INFO - Micro F1: 0.9500
2026-03-25 07:05:12,411 - cyberbully - INFO - Inference time: 5.91 seconds
2026-03-25 07:05:12,411 - cyberbully - INFO - Energy consumption: 0.000386 kWh
2026-03-25 07:05:12,413 - cyberbully - INFO - ============================================================
2026-03-25 07:05:12,413 - cyberbully - INFO - Pipeline complete. Results saved to: experiments/grid-search/sarkerlab_SocBERT-base/kaggle/prep0_aug1/seed_99511865
2026-03-25 07:05:12,413 - cyberbully - INFO - ============================================================
