2026-04-11 12:57:01,918 - cyberbully - INFO - ============================================================
2026-04-11 12:57:01,918 - cyberbully - INFO - Cyberbullying Detection Pipeline
2026-04-11 12:57:01,918 - cyberbully - INFO - ============================================================
2026-04-11 12:57:01,918 - cyberbully - INFO - Configuration:
2026-04-11 12:57:01,918 - cyberbully - INFO -   model          : chandar-lab/NeoBERT
2026-04-11 12:57:01,918 - cyberbully - INFO -   dataset        : kaggle
2026-04-11 12:57:01,918 - cyberbully - INFO -   preprocess     : True
2026-04-11 12:57:01,918 - cyberbully - INFO -   augment        : True
2026-04-11 12:57:01,918 - cyberbully - INFO -   compute_attribution: False
2026-04-11 12:57:01,918 - cyberbully - INFO -   seed           : 90995999
2026-04-11 12:57:01,918 - cyberbully - INFO -   epochs         : 10
2026-04-11 12:57:01,918 - cyberbully - INFO -   batch_size     : 32
2026-04-11 12:57:01,918 - cyberbully - INFO -   lr             : 5e-05
2026-04-11 12:57:01,918 - cyberbully - INFO -   max_length     : 128
2026-04-11 12:57:01,918 - cyberbully - INFO -   output_dir     : grid-search
2026-04-11 12:57:01,918 - cyberbully - INFO -   data_dir       : dataset
2026-04-11 12:57:01,918 - cyberbully - INFO -   sbert          : False
2026-04-11 12:57:01,918 - cyberbully - INFO -   supcon         : False
2026-04-11 12:57:01,918 - cyberbully - INFO -   supcon_weight  : 0.1
2026-04-11 12:57:01,918 - cyberbully - INFO -   proj_dim       : 128
2026-04-11 12:57:01,918 - cyberbully - INFO -   grad_accum_steps: 1
2026-04-11 12:57:01,918 - cyberbully - INFO -   overwrite      : False
2026-04-11 12:57:01,918 - cyberbully - INFO -   device         : cuda
2026-04-11 12:57:01,918 - cyberbully - INFO -   output_dir     : experiments/grid-search/chandar-lab_NeoBERT/kaggle/prep1_aug1/seed_90995999
2026-04-11 12:57:01,918 - cyberbully - INFO - ============================================================
2026-04-11 12:57:01,918 - cyberbully - INFO - Step 1: Preparing data...
2026-04-11 12:57:01,963 - cyberbully - INFO - Loaded pre-split data from dataset/kaggle — train: 25604, val: 6401, test: 8002
2026-04-11 12:57:01,964 - cyberbully - INFO - Label mapping: {'age': 0, 'ethnicity': 1, 'gender': 2, 'other_cyberbullying': 3, 'religion': 4}
2026-04-11 12:57:01,964 - cyberbully - INFO - Applying text preprocessing per split...
2026-04-11 12:57:48,876 - cyberbully - INFO - After preprocessing — train: 23556, val: 5983, test: 7416
2026-04-11 12:57:48,878 - cyberbully - INFO - Applying training data augmentation (oversampling)...
2026-04-11 12:57:48,883 - cyberbully - INFO - After oversampling — class distribution: {0: 5067, 1: 5067, 2: 5067, 3: 5067, 4: 5067}
2026-04-11 12:57:48,892 - cyberbully - INFO - Number of classes: 5
2026-04-11 12:57:48,894 - cyberbully - INFO - Step 2: Loading model and tokenizer...
2026-04-11 12:57:48,894 - cyberbully - INFO - Loading model 'chandar-lab/NeoBERT' with 5 labels (sbert=False, supcon=False)
2026-04-11 12:57:50,758 - cyberbully - INFO - Step 3: Creating datasets...
2026-04-11 12:57:51,401 - cyberbully - INFO - Dataset sizes — train: 25335, val: 5983, test: 7416
2026-04-11 12:57:51,401 - cyberbully - INFO - Step 4: Training...
2026-04-11 12:57:51,688 - cyberbully - INFO - Starting training...
2026-04-11 13:24:32,152 - cyberbully - INFO - Training complete.
2026-04-11 13:24:32,275 - cyberbully - INFO - Removed checkpoint: experiments/grid-search/chandar-lab_NeoBERT/kaggle/prep1_aug1/seed_90995999/checkpoint-3960
2026-04-11 13:24:32,402 - cyberbully - INFO - Removed checkpoint: experiments/grid-search/chandar-lab_NeoBERT/kaggle/prep1_aug1/seed_90995999/checkpoint-1584
2026-04-11 13:24:32,534 - cyberbully - INFO - Removed checkpoint: experiments/grid-search/chandar-lab_NeoBERT/kaggle/prep1_aug1/seed_90995999/checkpoint-792
2026-04-11 13:24:32,659 - cyberbully - INFO - Removed checkpoint: experiments/grid-search/chandar-lab_NeoBERT/kaggle/prep1_aug1/seed_90995999/checkpoint-3168
2026-04-11 13:24:32,807 - cyberbully - INFO - Removed checkpoint: experiments/grid-search/chandar-lab_NeoBERT/kaggle/prep1_aug1/seed_90995999/checkpoint-7920
2026-04-11 13:24:32,928 - cyberbully - INFO - Removed checkpoint: experiments/grid-search/chandar-lab_NeoBERT/kaggle/prep1_aug1/seed_90995999/checkpoint-6336
2026-04-11 13:24:33,050 - cyberbully - INFO - Removed checkpoint: experiments/grid-search/chandar-lab_NeoBERT/kaggle/prep1_aug1/seed_90995999/checkpoint-7128
2026-04-11 13:24:33,176 - cyberbully - INFO - Removed checkpoint: experiments/grid-search/chandar-lab_NeoBERT/kaggle/prep1_aug1/seed_90995999/checkpoint-2376
2026-04-11 13:24:33,298 - cyberbully - INFO - Removed checkpoint: experiments/grid-search/chandar-lab_NeoBERT/kaggle/prep1_aug1/seed_90995999/checkpoint-5544
2026-04-11 13:24:33,422 - cyberbully - INFO - Removed checkpoint: experiments/grid-search/chandar-lab_NeoBERT/kaggle/prep1_aug1/seed_90995999/checkpoint-4752
2026-04-11 13:24:33,422 - cyberbully - INFO - Step 5: Evaluating on test set...
2026-04-11 13:24:50,277 - cyberbully - INFO - Metrics saved to experiments/grid-search/chandar-lab_NeoBERT/kaggle/prep1_aug1/seed_90995999/metrics.json
2026-04-11 13:24:50,277 - cyberbully - INFO - Confusion matrix saved to experiments/grid-search/chandar-lab_NeoBERT/kaggle/prep1_aug1/seed_90995999/confusion_matrix.json
2026-04-11 13:24:50,353 - cyberbully - INFO - Per-sample predictions saved to experiments/grid-search/chandar-lab_NeoBERT/kaggle/prep1_aug1/seed_90995999/predictions.json
2026-04-11 13:24:50,459 - cyberbully - INFO - Confusion matrix figure saved to experiments/grid-search/chandar-lab_NeoBERT/kaggle/prep1_aug1/seed_90995999/confusion_matrix.pdf
2026-04-11 13:24:50,459 - cyberbully - INFO - Accuracy: 0.9521
2026-04-11 13:24:50,459 - cyberbully - INFO - Weighted F1: 0.9523
2026-04-11 13:24:50,459 - cyberbully - INFO - Micro F1: 0.9521
2026-04-11 13:24:50,459 - cyberbully - INFO - Inference time: 12.31 seconds
2026-04-11 13:24:50,459 - cyberbully - INFO - Energy consumption: 0.000775 kWh
2026-04-11 13:24:50,461 - cyberbully - INFO - ============================================================
2026-04-11 13:24:50,461 - cyberbully - INFO - Pipeline complete. Results saved to: experiments/grid-search/chandar-lab_NeoBERT/kaggle/prep1_aug1/seed_90995999
2026-04-11 13:24:50,461 - cyberbully - INFO - ============================================================
