2026-02-26 00:46:30,097 - cyberbully - INFO - Model 'all-MiniLM-L12-v2' detected as SBERT-based. Using SBERTClassifier pipeline.
2026-02-26 00:46:30,097 - cyberbully - INFO - ============================================================
2026-02-26 00:46:30,097 - cyberbully - INFO - Cyberbullying Detection Pipeline
2026-02-26 00:46:30,097 - cyberbully - INFO - ============================================================
2026-02-26 00:46:30,097 - cyberbully - INFO - Configuration:
2026-02-26 00:46:30,097 - cyberbully - INFO -   model          : all-MiniLM-L12-v2
2026-02-26 00:46:30,097 - cyberbully - INFO -   dataset        : tweeteval
2026-02-26 00:46:30,097 - cyberbully - INFO -   preprocess     : False
2026-02-26 00:46:30,097 - cyberbully - INFO -   augment        : False
2026-02-26 00:46:30,097 - cyberbully - INFO -   compute_attribution: False
2026-02-26 00:46:30,097 - cyberbully - INFO -   seed           : 52680723
2026-02-26 00:46:30,097 - cyberbully - INFO -   epochs         : 10
2026-02-26 00:46:30,097 - cyberbully - INFO -   batch_size     : 32
2026-02-26 00:46:30,097 - cyberbully - INFO -   lr             : 5e-05
2026-02-26 00:46:30,097 - cyberbully - INFO -   max_length     : 128
2026-02-26 00:46:30,097 - cyberbully - INFO -   output_dir     : grid-search
2026-02-26 00:46:30,097 - cyberbully - INFO -   data_dir       : dataset
2026-02-26 00:46:30,097 - cyberbully - INFO -   sbert          : True
2026-02-26 00:46:30,097 - cyberbully - INFO -   overwrite      : False
2026-02-26 00:46:30,097 - cyberbully - INFO -   device         : cuda
2026-02-26 00:46:30,097 - cyberbully - INFO -   output_dir     : experiments/grid-search/all-MiniLM-L12-v2/tweeteval/prep0_aug0/seed_52680723
2026-02-26 00:46:30,097 - cyberbully - INFO - ============================================================
2026-02-26 00:46:30,097 - cyberbully - INFO - Step 1: Preparing data...
2026-02-26 00:46:30,097 - cyberbully - INFO - Loading dataset 'tweeteval' from dataset/Tweeteval.csv
2026-02-26 00:46:30,169 - cyberbully - INFO - Loaded 50759 samples with 5 classes: ['emotion', 'hate', 'offensive', 'religion', 'spiritual']
2026-02-26 00:46:30,171 - cyberbully - INFO - Label mapping: {'emotion': 0, 'hate': 1, 'offensive': 2, 'religion': 3, 'spiritual': 4}
2026-02-26 00:46:30,185 - cyberbully - INFO - Split sizes — train: 32485, val: 8122, test: 10152
2026-02-26 00:46:30,185 - cyberbully - INFO - Number of classes: 5
2026-02-26 00:46:30,187 - cyberbully - INFO - Step 2: Loading model and tokenizer...
2026-02-26 00:46:30,187 - cyberbully - INFO - Loading model 'all-MiniLM-L12-v2' with 5 labels (sbert=True)
2026-02-26 00:46:33,026 - cyberbully - INFO - SBERTClassifier: embedding_dim=384, hidden=256, num_labels=5
2026-02-26 00:46:33,340 - cyberbully - INFO - Step 3: Creating datasets...
2026-02-26 00:46:34,336 - cyberbully - INFO - Dataset sizes — train: 32485, val: 8122, test: 10152
2026-02-26 00:46:34,337 - cyberbully - INFO - Step 4: Training...
2026-02-26 00:46:34,385 - cyberbully - INFO - Starting training...
2026-02-26 00:54:04,571 - cyberbully - INFO - Training complete.
2026-02-26 00:54:04,601 - cyberbully - INFO - Removed checkpoint: experiments/grid-search/all-MiniLM-L12-v2/tweeteval/prep0_aug0/seed_52680723/checkpoint-3048
2026-02-26 00:54:04,621 - cyberbully - INFO - Removed checkpoint: experiments/grid-search/all-MiniLM-L12-v2/tweeteval/prep0_aug0/seed_52680723/checkpoint-7112
2026-02-26 00:54:04,641 - cyberbully - INFO - Removed checkpoint: experiments/grid-search/all-MiniLM-L12-v2/tweeteval/prep0_aug0/seed_52680723/checkpoint-9144
2026-02-26 00:54:04,671 - cyberbully - INFO - Removed checkpoint: experiments/grid-search/all-MiniLM-L12-v2/tweeteval/prep0_aug0/seed_52680723/checkpoint-1016
2026-02-26 00:54:04,701 - cyberbully - INFO - Removed checkpoint: experiments/grid-search/all-MiniLM-L12-v2/tweeteval/prep0_aug0/seed_52680723/checkpoint-2032
2026-02-26 00:54:04,724 - cyberbully - INFO - Removed checkpoint: experiments/grid-search/all-MiniLM-L12-v2/tweeteval/prep0_aug0/seed_52680723/checkpoint-10160
2026-02-26 00:54:04,746 - cyberbully - INFO - Removed checkpoint: experiments/grid-search/all-MiniLM-L12-v2/tweeteval/prep0_aug0/seed_52680723/checkpoint-6096
2026-02-26 00:54:04,768 - cyberbully - INFO - Removed checkpoint: experiments/grid-search/all-MiniLM-L12-v2/tweeteval/prep0_aug0/seed_52680723/checkpoint-5080
2026-02-26 00:54:04,789 - cyberbully - INFO - Removed checkpoint: experiments/grid-search/all-MiniLM-L12-v2/tweeteval/prep0_aug0/seed_52680723/checkpoint-8128
2026-02-26 00:54:04,813 - cyberbully - INFO - Removed checkpoint: experiments/grid-search/all-MiniLM-L12-v2/tweeteval/prep0_aug0/seed_52680723/checkpoint-4064
2026-02-26 00:54:04,813 - cyberbully - INFO - Step 5: Evaluating on test set...
2026-02-26 00:54:12,853 - cyberbully - INFO - Metrics saved to experiments/grid-search/all-MiniLM-L12-v2/tweeteval/prep0_aug0/seed_52680723/metrics.json
2026-02-26 00:54:12,854 - cyberbully - INFO - Confusion matrix saved to experiments/grid-search/all-MiniLM-L12-v2/tweeteval/prep0_aug0/seed_52680723/confusion_matrix.json
2026-02-26 00:54:12,956 - cyberbully - INFO - Confusion matrix figure saved to experiments/grid-search/all-MiniLM-L12-v2/tweeteval/prep0_aug0/seed_52680723/confusion_matrix.pdf
2026-02-26 00:54:12,956 - cyberbully - INFO - Accuracy: 0.9727
2026-02-26 00:54:12,956 - cyberbully - INFO - Weighted F1: 0.9727
2026-02-26 00:54:12,956 - cyberbully - INFO - Micro F1: 0.9727
2026-02-26 00:54:12,956 - cyberbully - INFO - Inference time: 3.61 seconds
2026-02-26 00:54:12,956 - cyberbully - INFO - Energy consumption: 0.000223 kWh
2026-02-26 00:54:12,956 - cyberbully - INFO - ============================================================
2026-02-26 00:54:12,956 - cyberbully - INFO - Pipeline complete. Results saved to: experiments/grid-search/all-MiniLM-L12-v2/tweeteval/prep0_aug0/seed_52680723
2026-02-26 00:54:12,956 - cyberbully - INFO - ============================================================
