2026-03-27 10:12:17,288 - cyberbully - INFO - ============================================================
2026-03-27 10:12:17,288 - cyberbully - INFO - Cyberbullying Detection Pipeline
2026-03-27 10:12:17,288 - cyberbully - INFO - ============================================================
2026-03-27 10:12:17,288 - cyberbully - INFO - Configuration:
2026-03-27 10:12:17,288 - cyberbully - INFO -   model          : Twitter/twhin-bert-base
2026-03-27 10:12:17,288 - cyberbully - INFO -   dataset        : ieee
2026-03-27 10:12:17,288 - cyberbully - INFO -   preprocess     : False
2026-03-27 10:12:17,288 - cyberbully - INFO -   augment        : False
2026-03-27 10:12:17,288 - cyberbully - INFO -   compute_attribution: False
2026-03-27 10:12:17,288 - cyberbully - INFO -   seed           : 87212562
2026-03-27 10:12:17,288 - cyberbully - INFO -   epochs         : 10
2026-03-27 10:12:17,288 - cyberbully - INFO -   batch_size     : 64
2026-03-27 10:12:17,288 - cyberbully - INFO -   lr             : 5e-05
2026-03-27 10:12:17,288 - cyberbully - INFO -   max_length     : 128
2026-03-27 10:12:17,288 - cyberbully - INFO -   output_dir     : supcon-grid
2026-03-27 10:12:17,288 - cyberbully - INFO -   data_dir       : dataset
2026-03-27 10:12:17,288 - cyberbully - INFO -   sbert          : False
2026-03-27 10:12:17,288 - cyberbully - INFO -   supcon         : False
2026-03-27 10:12:17,288 - cyberbully - INFO -   supcon_weight  : 0.1
2026-03-27 10:12:17,288 - cyberbully - INFO -   proj_dim       : 128
2026-03-27 10:12:17,288 - cyberbully - INFO -   grad_accum_steps: 1
2026-03-27 10:12:17,288 - cyberbully - INFO -   overwrite      : False
2026-03-27 10:12:17,288 - cyberbully - INFO -   device         : cuda
2026-03-27 10:12:17,288 - cyberbully - INFO -   output_dir     : experiments/supcon-grid/Twitter_twhin-bert-base/ieee/prep0_aug0/seed_87212562
2026-03-27 10:12:17,288 - cyberbully - INFO - ============================================================
2026-03-27 10:12:17,288 - cyberbully - INFO - Step 1: Preparing data...
2026-03-27 10:12:17,292 - cyberbully - INFO - Loaded pre-split data from dataset/ieee — train: 1348, val: 338, test: 422
2026-03-27 10:12:17,292 - cyberbully - INFO - Label mapping: {'Cyberstalking': 0, 'Doxing': 1, 'Revenge Porn': 2, 'Sexual Harassment': 3, 'Slut Shaming': 4}
2026-03-27 10:12:17,293 - cyberbully - INFO - Number of classes: 5
2026-03-27 10:12:17,295 - cyberbully - INFO - Step 2: Loading model and tokenizer...
2026-03-27 10:12:17,295 - cyberbully - INFO - Loading model 'Twitter/twhin-bert-base' with 5 labels (sbert=False, supcon=False)
2026-03-27 10:12:19,952 - cyberbully - INFO - Step 3: Creating datasets...
2026-03-27 10:12:19,989 - cyberbully - INFO - Dataset sizes — train: 1348, val: 338, test: 422
2026-03-27 10:12:19,989 - cyberbully - INFO - Step 4: Training...
2026-03-27 10:12:20,391 - cyberbully - INFO - Starting training...
2026-03-27 10:16:58,647 - cyberbully - INFO - Training complete.
2026-03-27 10:16:58,819 - cyberbully - INFO - Removed checkpoint: experiments/supcon-grid/Twitter_twhin-bert-base/ieee/prep0_aug0/seed_87212562/checkpoint-176
2026-03-27 10:16:58,981 - cyberbully - INFO - Removed checkpoint: experiments/supcon-grid/Twitter_twhin-bert-base/ieee/prep0_aug0/seed_87212562/checkpoint-110
2026-03-27 10:16:59,142 - cyberbully - INFO - Removed checkpoint: experiments/supcon-grid/Twitter_twhin-bert-base/ieee/prep0_aug0/seed_87212562/checkpoint-44
2026-03-27 10:16:59,308 - cyberbully - INFO - Removed checkpoint: experiments/supcon-grid/Twitter_twhin-bert-base/ieee/prep0_aug0/seed_87212562/checkpoint-132
2026-03-27 10:16:59,487 - cyberbully - INFO - Removed checkpoint: experiments/supcon-grid/Twitter_twhin-bert-base/ieee/prep0_aug0/seed_87212562/checkpoint-198
2026-03-27 10:16:59,656 - cyberbully - INFO - Removed checkpoint: experiments/supcon-grid/Twitter_twhin-bert-base/ieee/prep0_aug0/seed_87212562/checkpoint-22
2026-03-27 10:16:59,817 - cyberbully - INFO - Removed checkpoint: experiments/supcon-grid/Twitter_twhin-bert-base/ieee/prep0_aug0/seed_87212562/checkpoint-88
2026-03-27 10:16:59,979 - cyberbully - INFO - Removed checkpoint: experiments/supcon-grid/Twitter_twhin-bert-base/ieee/prep0_aug0/seed_87212562/checkpoint-66
2026-03-27 10:17:00,361 - cyberbully - INFO - Removed checkpoint: experiments/supcon-grid/Twitter_twhin-bert-base/ieee/prep0_aug0/seed_87212562/checkpoint-154
2026-03-27 10:17:00,549 - cyberbully - INFO - Removed checkpoint: experiments/supcon-grid/Twitter_twhin-bert-base/ieee/prep0_aug0/seed_87212562/checkpoint-220
2026-03-27 10:17:00,549 - cyberbully - INFO - Step 5: Evaluating on test set...
2026-03-27 10:17:05,129 - cyberbully - INFO - Metrics saved to experiments/supcon-grid/Twitter_twhin-bert-base/ieee/prep0_aug0/seed_87212562/metrics.json
2026-03-27 10:17:05,129 - cyberbully - INFO - Confusion matrix saved to experiments/supcon-grid/Twitter_twhin-bert-base/ieee/prep0_aug0/seed_87212562/confusion_matrix.json
2026-03-27 10:17:05,133 - cyberbully - INFO - Per-sample predictions saved to experiments/supcon-grid/Twitter_twhin-bert-base/ieee/prep0_aug0/seed_87212562/predictions.json
2026-03-27 10:17:05,233 - cyberbully - INFO - Confusion matrix figure saved to experiments/supcon-grid/Twitter_twhin-bert-base/ieee/prep0_aug0/seed_87212562/confusion_matrix.pdf
2026-03-27 10:17:05,233 - cyberbully - INFO - Accuracy: 0.8578
2026-03-27 10:17:05,234 - cyberbully - INFO - Weighted F1: 0.8579
2026-03-27 10:17:05,234 - cyberbully - INFO - Micro F1: 0.8578
2026-03-27 10:17:05,234 - cyberbully - INFO - Inference time: 0.33 seconds
2026-03-27 10:17:05,234 - cyberbully - INFO - Energy consumption: 0.000022 kWh
2026-03-27 10:17:05,234 - cyberbully - INFO - ============================================================
2026-03-27 10:17:05,234 - cyberbully - INFO - Pipeline complete. Results saved to: experiments/supcon-grid/Twitter_twhin-bert-base/ieee/prep0_aug0/seed_87212562
2026-03-27 10:17:05,234 - cyberbully - INFO - ============================================================
