2026-03-22 18:04:18,753 - cyberbully - INFO - ============================================================
2026-03-22 18:04:18,753 - cyberbully - INFO - Cyberbullying Detection Pipeline
2026-03-22 18:04:18,753 - cyberbully - INFO - ============================================================
2026-03-22 18:04:18,753 - cyberbully - INFO - Configuration:
2026-03-22 18:04:18,753 - cyberbully - INFO -   model          : google/mobilebert-uncased
2026-03-22 18:04:18,753 - cyberbully - INFO -   dataset        : kaggle
2026-03-22 18:04:18,753 - cyberbully - INFO -   preprocess     : True
2026-03-22 18:04:18,753 - cyberbully - INFO -   augment        : False
2026-03-22 18:04:18,753 - cyberbully - INFO -   compute_attribution: False
2026-03-22 18:04:18,753 - cyberbully - INFO -   seed           : 24677315
2026-03-22 18:04:18,753 - cyberbully - INFO -   epochs         : 10
2026-03-22 18:04:18,753 - cyberbully - INFO -   batch_size     : 32
2026-03-22 18:04:18,753 - cyberbully - INFO -   lr             : 5e-05
2026-03-22 18:04:18,753 - cyberbully - INFO -   max_length     : 128
2026-03-22 18:04:18,753 - cyberbully - INFO -   output_dir     : grid-search
2026-03-22 18:04:18,753 - cyberbully - INFO -   data_dir       : dataset
2026-03-22 18:04:18,753 - cyberbully - INFO -   sbert          : False
2026-03-22 18:04:18,753 - cyberbully - INFO -   supcon         : False
2026-03-22 18:04:18,753 - cyberbully - INFO -   supcon_weight  : 0.1
2026-03-22 18:04:18,753 - cyberbully - INFO -   proj_dim       : 128
2026-03-22 18:04:18,753 - cyberbully - INFO -   grad_accum_steps: 1
2026-03-22 18:04:18,753 - cyberbully - INFO -   overwrite      : False
2026-03-22 18:04:18,753 - cyberbully - INFO -   device         : cuda
2026-03-22 18:04:18,753 - cyberbully - INFO -   output_dir     : experiments/grid-search/google_mobilebert-uncased/kaggle/prep1_aug0/seed_24677315
2026-03-22 18:04:18,753 - cyberbully - INFO - ============================================================
2026-03-22 18:04:18,753 - cyberbully - INFO - Step 1: Preparing data...
2026-03-22 18:04:18,805 - cyberbully - INFO - Loaded pre-split data from dataset/kaggle — train: 30499, val: 7625, test: 9532
2026-03-22 18:04:18,805 - cyberbully - INFO - Label mapping: {'age': 0, 'ethnicity': 1, 'gender': 2, 'not_cyberbullying': 3, 'other_cyberbullying': 4, 'religion': 5}
2026-03-22 18:04:18,805 - cyberbully - INFO - Applying text preprocessing per split...
2026-03-22 18:05:12,124 - cyberbully - INFO - After preprocessing — train: 26849, val: 6845, test: 8545
2026-03-22 18:05:12,136 - cyberbully - INFO - Number of classes: 6
2026-03-22 18:05:12,137 - cyberbully - INFO - Step 2: Loading model and tokenizer...
2026-03-22 18:05:12,137 - cyberbully - INFO - Loading model 'google/mobilebert-uncased' with 6 labels (sbert=False, supcon=False)
2026-03-22 18:05:14,333 - cyberbully - WARNING - FP16 disabled for model_type='mobilebert' (known fp16 instability).
2026-03-22 18:05:14,333 - cyberbully - INFO - Step 3: Creating datasets...
2026-03-22 18:05:15,198 - cyberbully - INFO - Dataset sizes — train: 26849, val: 6845, test: 8545
2026-03-22 18:05:15,198 - cyberbully - INFO - Step 4: Training...
2026-03-22 18:05:15,412 - cyberbully - INFO - Starting training...
2026-03-22 18:21:18,211 - cyberbully - INFO - Training complete.
2026-03-22 18:21:18,226 - cyberbully - INFO - Removed checkpoint: experiments/grid-search/google_mobilebert-uncased/kaggle/prep1_aug0/seed_24677315/checkpoint-3360
2026-03-22 18:21:18,240 - cyberbully - INFO - Removed checkpoint: experiments/grid-search/google_mobilebert-uncased/kaggle/prep1_aug0/seed_24677315/checkpoint-1680
2026-03-22 18:21:18,254 - cyberbully - INFO - Removed checkpoint: experiments/grid-search/google_mobilebert-uncased/kaggle/prep1_aug0/seed_24677315/checkpoint-6720
2026-03-22 18:21:18,269 - cyberbully - INFO - Removed checkpoint: experiments/grid-search/google_mobilebert-uncased/kaggle/prep1_aug0/seed_24677315/checkpoint-840
2026-03-22 18:21:18,283 - cyberbully - INFO - Removed checkpoint: experiments/grid-search/google_mobilebert-uncased/kaggle/prep1_aug0/seed_24677315/checkpoint-2520
2026-03-22 18:21:18,297 - cyberbully - INFO - Removed checkpoint: experiments/grid-search/google_mobilebert-uncased/kaggle/prep1_aug0/seed_24677315/checkpoint-5040
2026-03-22 18:21:18,311 - cyberbully - INFO - Removed checkpoint: experiments/grid-search/google_mobilebert-uncased/kaggle/prep1_aug0/seed_24677315/checkpoint-7560
2026-03-22 18:21:18,326 - cyberbully - INFO - Removed checkpoint: experiments/grid-search/google_mobilebert-uncased/kaggle/prep1_aug0/seed_24677315/checkpoint-5880
2026-03-22 18:21:18,343 - cyberbully - INFO - Removed checkpoint: experiments/grid-search/google_mobilebert-uncased/kaggle/prep1_aug0/seed_24677315/checkpoint-8400
2026-03-22 18:21:18,357 - cyberbully - INFO - Removed checkpoint: experiments/grid-search/google_mobilebert-uncased/kaggle/prep1_aug0/seed_24677315/checkpoint-4200
2026-03-22 18:21:18,357 - cyberbully - INFO - Step 5: Evaluating on test set...
2026-03-22 18:21:31,274 - cyberbully - INFO - Metrics saved to experiments/grid-search/google_mobilebert-uncased/kaggle/prep1_aug0/seed_24677315/metrics.json
2026-03-22 18:21:31,274 - cyberbully - INFO - Confusion matrix saved to experiments/grid-search/google_mobilebert-uncased/kaggle/prep1_aug0/seed_24677315/confusion_matrix.json
2026-03-22 18:21:31,361 - cyberbully - INFO - Per-sample predictions saved to experiments/grid-search/google_mobilebert-uncased/kaggle/prep1_aug0/seed_24677315/predictions.json
2026-03-22 18:21:31,742 - cyberbully - INFO - Confusion matrix figure saved to experiments/grid-search/google_mobilebert-uncased/kaggle/prep1_aug0/seed_24677315/confusion_matrix.pdf
2026-03-22 18:21:31,742 - cyberbully - INFO - Accuracy: 0.8536
2026-03-22 18:21:31,742 - cyberbully - INFO - Weighted F1: 0.8554
2026-03-22 18:21:31,742 - cyberbully - INFO - Micro F1: 0.8536
2026-03-22 18:21:31,742 - cyberbully - INFO - Inference time: 8.61 seconds
2026-03-22 18:21:31,742 - cyberbully - INFO - Energy consumption: 0.000533 kWh
2026-03-22 18:21:31,744 - cyberbully - INFO - ============================================================
2026-03-22 18:21:31,744 - cyberbully - INFO - Pipeline complete. Results saved to: experiments/grid-search/google_mobilebert-uncased/kaggle/prep1_aug0/seed_24677315
2026-03-22 18:21:31,744 - cyberbully - INFO - ============================================================
