2026-03-19 10:17:33,768 - cyberbully - INFO - Model 'all-mpnet-base-v2' detected as SBERT-based. Using SBERTClassifier pipeline.
2026-03-19 10:17:33,768 - cyberbully - INFO - ============================================================
2026-03-19 10:17:33,768 - cyberbully - INFO - Cyberbullying Detection Pipeline
2026-03-19 10:17:33,768 - cyberbully - INFO - ============================================================
2026-03-19 10:17:33,768 - cyberbully - INFO - Configuration:
2026-03-19 10:17:33,768 - cyberbully - INFO -   model          : all-mpnet-base-v2
2026-03-19 10:17:33,768 - cyberbully - INFO -   dataset        : kaggle
2026-03-19 10:17:33,768 - cyberbully - INFO -   preprocess     : True
2026-03-19 10:17:33,768 - cyberbully - INFO -   augment        : False
2026-03-19 10:17:33,768 - cyberbully - INFO -   compute_attribution: False
2026-03-19 10:17:33,768 - cyberbully - INFO -   seed           : 99511865
2026-03-19 10:17:33,768 - cyberbully - INFO -   epochs         : 10
2026-03-19 10:17:33,768 - cyberbully - INFO -   batch_size     : 32
2026-03-19 10:17:33,768 - cyberbully - INFO -   lr             : 5e-05
2026-03-19 10:17:33,768 - cyberbully - INFO -   max_length     : 128
2026-03-19 10:17:33,768 - cyberbully - INFO -   output_dir     : supcon-baseline
2026-03-19 10:17:33,768 - cyberbully - INFO -   data_dir       : dataset
2026-03-19 10:17:33,768 - cyberbully - INFO -   sbert          : True
2026-03-19 10:17:33,768 - cyberbully - INFO -   supcon         : False
2026-03-19 10:17:33,768 - cyberbully - INFO -   supcon_weight  : 0.1
2026-03-19 10:17:33,768 - cyberbully - INFO -   proj_dim       : 128
2026-03-19 10:17:33,768 - cyberbully - INFO -   grad_accum_steps: 1
2026-03-19 10:17:33,768 - cyberbully - INFO -   overwrite      : False
2026-03-19 10:17:33,768 - cyberbully - INFO -   device         : cuda
2026-03-19 10:17:33,768 - cyberbully - INFO -   output_dir     : experiments/supcon-baseline/all-mpnet-base-v2/kaggle/prep1_aug0/seed_99511865
2026-03-19 10:17:33,768 - cyberbully - INFO - ============================================================
2026-03-19 10:17:33,768 - cyberbully - INFO - Step 1: Preparing data...
2026-03-19 10:17:33,820 - cyberbully - INFO - Loaded pre-split data from dataset/kaggle — train: 30499, val: 7625, test: 9532
2026-03-19 10:17:33,820 - cyberbully - INFO - Label mapping: {'age': 0, 'ethnicity': 1, 'gender': 2, 'not_cyberbullying': 3, 'other_cyberbullying': 4, 'religion': 5}
2026-03-19 10:17:33,820 - cyberbully - INFO - Applying text preprocessing per split...
2026-03-19 10:17:37,171 - cyberbully - INFO - After preprocessing — train: 30499, val: 7625, test: 9532
2026-03-19 10:17:37,184 - cyberbully - INFO - Number of classes: 6
2026-03-19 10:17:37,186 - cyberbully - INFO - Step 2: Loading model and tokenizer...
2026-03-19 10:17:37,186 - cyberbully - INFO - Loading model 'all-mpnet-base-v2' with 6 labels (sbert=True, supcon=False)
2026-03-19 10:17:40,737 - cyberbully - INFO - SBERTClassifier: embedding_dim=768, hidden=256, num_labels=6
2026-03-19 10:17:41,043 - cyberbully - INFO - Step 3: Creating datasets...
2026-03-19 10:17:41,704 - cyberbully - INFO - Dataset sizes — train: 30499, val: 7625, test: 9532
2026-03-19 10:17:41,704 - cyberbully - INFO - Step 4: Training...
2026-03-19 10:17:41,708 - cyberbully - INFO - Starting training...
2026-03-19 10:29:46,164 - cyberbully - INFO - Training complete.
2026-03-19 10:29:46,246 - cyberbully - INFO - Removed checkpoint: experiments/supcon-baseline/all-mpnet-base-v2/kaggle/prep1_aug0/seed_99511865/checkpoint-1908
2026-03-19 10:29:46,324 - cyberbully - INFO - Removed checkpoint: experiments/supcon-baseline/all-mpnet-base-v2/kaggle/prep1_aug0/seed_99511865/checkpoint-4770
2026-03-19 10:29:46,401 - cyberbully - INFO - Removed checkpoint: experiments/supcon-baseline/all-mpnet-base-v2/kaggle/prep1_aug0/seed_99511865/checkpoint-9540
2026-03-19 10:29:46,480 - cyberbully - INFO - Removed checkpoint: experiments/supcon-baseline/all-mpnet-base-v2/kaggle/prep1_aug0/seed_99511865/checkpoint-2862
2026-03-19 10:29:46,556 - cyberbully - INFO - Removed checkpoint: experiments/supcon-baseline/all-mpnet-base-v2/kaggle/prep1_aug0/seed_99511865/checkpoint-7632
2026-03-19 10:29:46,635 - cyberbully - INFO - Removed checkpoint: experiments/supcon-baseline/all-mpnet-base-v2/kaggle/prep1_aug0/seed_99511865/checkpoint-3816
2026-03-19 10:29:46,711 - cyberbully - INFO - Removed checkpoint: experiments/supcon-baseline/all-mpnet-base-v2/kaggle/prep1_aug0/seed_99511865/checkpoint-5724
2026-03-19 10:29:46,799 - cyberbully - INFO - Removed checkpoint: experiments/supcon-baseline/all-mpnet-base-v2/kaggle/prep1_aug0/seed_99511865/checkpoint-954
2026-03-19 10:29:46,875 - cyberbully - INFO - Removed checkpoint: experiments/supcon-baseline/all-mpnet-base-v2/kaggle/prep1_aug0/seed_99511865/checkpoint-8586
2026-03-19 10:29:46,950 - cyberbully - INFO - Removed checkpoint: experiments/supcon-baseline/all-mpnet-base-v2/kaggle/prep1_aug0/seed_99511865/checkpoint-6678
2026-03-19 10:29:46,950 - cyberbully - INFO - Step 5: Evaluating on test set...
2026-03-19 10:29:57,177 - cyberbully - INFO - Metrics saved to experiments/supcon-baseline/all-mpnet-base-v2/kaggle/prep1_aug0/seed_99511865/metrics.json
2026-03-19 10:29:57,177 - cyberbully - INFO - Confusion matrix saved to experiments/supcon-baseline/all-mpnet-base-v2/kaggle/prep1_aug0/seed_99511865/confusion_matrix.json
2026-03-19 10:29:57,284 - cyberbully - INFO - Per-sample predictions saved to experiments/supcon-baseline/all-mpnet-base-v2/kaggle/prep1_aug0/seed_99511865/predictions.json
2026-03-19 10:29:57,400 - cyberbully - INFO - Confusion matrix figure saved to experiments/supcon-baseline/all-mpnet-base-v2/kaggle/prep1_aug0/seed_99511865/confusion_matrix.pdf
2026-03-19 10:29:57,400 - cyberbully - INFO - Accuracy: 0.8650
2026-03-19 10:29:57,400 - cyberbully - INFO - Weighted F1: 0.8662
2026-03-19 10:29:57,400 - cyberbully - INFO - Micro F1: 0.8650
2026-03-19 10:29:57,400 - cyberbully - INFO - Inference time: 4.99 seconds
2026-03-19 10:29:57,400 - cyberbully - INFO - Energy consumption: 0.000279 kWh
2026-03-19 10:29:57,402 - cyberbully - INFO - ============================================================
2026-03-19 10:29:57,402 - cyberbully - INFO - Pipeline complete. Results saved to: experiments/supcon-baseline/all-mpnet-base-v2/kaggle/prep1_aug0/seed_99511865
2026-03-19 10:29:57,402 - cyberbully - INFO - ============================================================
