2026-02-13 08:48:37,809 - cyberbully - INFO - ============================================================
2026-02-13 08:48:37,810 - cyberbully - INFO - Cyberbullying Detection Pipeline
2026-02-13 08:48:37,810 - cyberbully - INFO - ============================================================
2026-02-13 08:48:37,810 - cyberbully - INFO - Configuration:
2026-02-13 08:48:37,810 - cyberbully - INFO -   model          : roberta-base
2026-02-13 08:48:37,810 - cyberbully - INFO -   dataset        : kaggle
2026-02-13 08:48:37,810 - cyberbully - INFO -   preprocess     : False
2026-02-13 08:48:37,810 - cyberbully - INFO -   augment        : False
2026-02-13 08:48:37,810 - cyberbully - INFO -   compute_attribution: False
2026-02-13 08:48:37,810 - cyberbully - INFO -   seed           : 24677315
2026-02-13 08:48:37,810 - cyberbully - INFO -   epochs         : 5
2026-02-13 08:48:37,810 - cyberbully - INFO -   batch_size     : 16
2026-02-13 08:48:37,810 - cyberbully - INFO -   lr             : 2e-05
2026-02-13 08:48:37,810 - cyberbully - INFO -   max_length     : 128
2026-02-13 08:48:37,810 - cyberbully - INFO -   output_dir     : experiments
2026-02-13 08:48:37,810 - cyberbully - INFO -   data_dir       : dataset
2026-02-13 08:48:37,810 - cyberbully - INFO -   overwrite      : False
2026-02-13 08:48:37,810 - cyberbully - INFO -   device         : cuda
2026-02-13 08:48:37,810 - cyberbully - INFO -   output_dir     : experiments/roberta-base/kaggle/prep0_aug0/seed_24677315
2026-02-13 08:48:37,810 - cyberbully - INFO - ============================================================
2026-02-13 08:48:37,810 - cyberbully - INFO - Step 1: Preparing data...
2026-02-13 08:48:37,810 - cyberbully - INFO - Loading dataset 'kaggle' from dataset/Kaggle.csv
2026-02-13 08:48:37,867 - cyberbully - INFO - Loaded 47656 samples with 6 classes: ['age', 'ethnicity', 'gender', 'not_cyberbullying', 'other_cyberbullying', 'religion']
2026-02-13 08:48:37,869 - cyberbully - INFO - Label mapping: {'age': 0, 'ethnicity': 1, 'gender': 2, 'not_cyberbullying': 3, 'other_cyberbullying': 4, 'religion': 5}
2026-02-13 08:48:37,882 - cyberbully - INFO - Split sizes — train: 30499, val: 7625, test: 9532
2026-02-13 08:48:37,882 - cyberbully - INFO - Number of classes: 6
2026-02-13 08:48:37,882 - cyberbully - INFO - Step 2: Loading model and tokenizer...
2026-02-13 08:48:37,882 - cyberbully - INFO - Loading model 'roberta-base' with 6 labels
2026-02-13 08:48:38,628 - cyberbully - INFO - Step 3: Tokenizing datasets...
2026-02-13 08:48:39,480 - cyberbully - INFO - Dataset sizes — train: 30499, val: 7625, test: 9532
2026-02-13 08:48:39,480 - cyberbully - INFO - Step 4: Training...
2026-02-13 08:48:39,689 - cyberbully - INFO - Starting training...
2026-02-13 08:59:00,465 - cyberbully - INFO - Training complete.
2026-02-13 08:59:00,465 - cyberbully - INFO - Step 5: Evaluating on test set...
2026-02-13 08:59:12,372 - cyberbully - INFO - Metrics saved to experiments/roberta-base/kaggle/prep0_aug0/seed_24677315/metrics.json
2026-02-13 08:59:12,372 - cyberbully - INFO - Confusion matrix saved to experiments/roberta-base/kaggle/prep0_aug0/seed_24677315/confusion_matrix.json
2026-02-13 08:59:12,485 - cyberbully - INFO - Confusion matrix figure saved to experiments/roberta-base/kaggle/prep0_aug0/seed_24677315/confusion_matrix.pdf
2026-02-13 08:59:12,485 - cyberbully - INFO - Accuracy: 0.8710
2026-02-13 08:59:12,485 - cyberbully - INFO - Weighted F1: 0.8694
2026-02-13 08:59:12,485 - cyberbully - INFO - Micro F1: 0.8710
2026-02-13 08:59:12,485 - cyberbully - INFO - Inference time: 7.55 seconds
2026-02-13 08:59:12,485 - cyberbully - INFO - Energy consumption: 0.000439 kWh
2026-02-13 08:59:12,485 - cyberbully - INFO - ============================================================
2026-02-13 08:59:12,485 - cyberbully - INFO - Pipeline complete. Results saved to: experiments/roberta-base/kaggle/prep0_aug0/seed_24677315
2026-02-13 08:59:12,485 - cyberbully - INFO - ============================================================
