2026-06-15 00:17:53,866 - cyberbully - INFO - ============================================================
2026-06-15 00:17:53,866 - cyberbully - INFO - Cyberbullying Detection Pipeline
2026-06-15 00:17:53,866 - cyberbully - INFO - ============================================================
2026-06-15 00:17:53,866 - cyberbully - INFO - Configuration:
2026-06-15 00:17:53,866 - cyberbully - INFO -   model          : answerdotai/ModernBERT-base
2026-06-15 00:17:53,866 - cyberbully - INFO -   dataset        : kaggle
2026-06-15 00:17:53,866 - cyberbully - INFO -   preprocess     : False
2026-06-15 00:17:53,866 - cyberbully - INFO -   prep_mode      : 2
2026-06-15 00:17:53,866 - cyberbully - INFO -   augment        : False
2026-06-15 00:17:53,866 - cyberbully - INFO -   compute_attribution: False
2026-06-15 00:17:53,866 - cyberbully - INFO -   seed           : 52680723
2026-06-15 00:17:53,866 - cyberbully - INFO -   epochs         : 10
2026-06-15 00:17:53,866 - cyberbully - INFO -   batch_size     : 32
2026-06-15 00:17:53,866 - cyberbully - INFO -   lr             : 5e-05
2026-06-15 00:17:53,866 - cyberbully - INFO -   max_length     : 128
2026-06-15 00:17:53,866 - cyberbully - INFO -   output_dir     : grid-search
2026-06-15 00:17:53,866 - cyberbully - INFO -   data_dir       : dataset
2026-06-15 00:17:53,866 - cyberbully - INFO -   sbert          : False
2026-06-15 00:17:53,866 - cyberbully - INFO -   supcon         : False
2026-06-15 00:17:53,866 - cyberbully - INFO -   supcon_weight  : 0.1
2026-06-15 00:17:53,866 - cyberbully - INFO -   proj_dim       : 128
2026-06-15 00:17:53,866 - cyberbully - INFO -   grad_accum_steps: 1
2026-06-15 00:17:53,866 - cyberbully - INFO -   overwrite      : False
2026-06-15 00:17:53,866 - cyberbully - INFO -   device         : cuda
2026-06-15 00:17:53,866 - cyberbully - INFO -   output_dir     : experiments/grid-search/answerdotai_ModernBERT-base/kaggle/prep2_aug0/seed_52680723
2026-06-15 00:17:53,866 - cyberbully - INFO - ============================================================
2026-06-15 00:17:53,866 - cyberbully - INFO - Step 1: Preparing data...
2026-06-15 00:17:53,912 - cyberbully - INFO - Loaded pre-split data from dataset/kaggle — train: 25604, val: 6401, test: 8002
2026-06-15 00:17:53,912 - cyberbully - INFO - Label mapping: {'age': 0, 'ethnicity': 1, 'gender': 2, 'other_cyberbullying': 3, 'religion': 4}
2026-06-15 00:17:53,913 - cyberbully - INFO - Applying partial text preprocessing per split...
2026-06-15 00:17:55,214 - cyberbully - INFO - After preprocessing -- train: 25604, val: 6401, test: 8002
2026-06-15 00:17:55,217 - cyberbully - INFO - Number of classes: 5
2026-06-15 00:17:55,219 - cyberbully - INFO - Step 2: Loading model and tokenizer...
2026-06-15 00:17:55,219 - cyberbully - INFO - Loading model 'answerdotai/ModernBERT-base' with 5 labels (sbert=False, supcon=False)
2026-06-15 00:17:56,783 - cyberbully - INFO - Step 3: Creating datasets...
2026-06-15 00:17:57,725 - cyberbully - INFO - Dataset sizes — train: 25604, val: 6401, test: 8002
2026-06-15 00:17:57,725 - cyberbully - INFO - Step 4: Training...
2026-06-15 00:17:57,979 - cyberbully - INFO - Starting training...
2026-06-15 00:38:06,624 - cyberbully - INFO - Training complete.
2026-06-15 00:38:06,710 - cyberbully - INFO - Removed checkpoint: experiments/grid-search/answerdotai_ModernBERT-base/kaggle/prep2_aug0/seed_52680723/checkpoint-5607
2026-06-15 00:38:06,814 - cyberbully - INFO - Removed checkpoint: experiments/grid-search/answerdotai_ModernBERT-base/kaggle/prep2_aug0/seed_52680723/checkpoint-8010
2026-06-15 00:38:06,900 - cyberbully - INFO - Removed checkpoint: experiments/grid-search/answerdotai_ModernBERT-base/kaggle/prep2_aug0/seed_52680723/checkpoint-6408
2026-06-15 00:38:06,988 - cyberbully - INFO - Removed checkpoint: experiments/grid-search/answerdotai_ModernBERT-base/kaggle/prep2_aug0/seed_52680723/checkpoint-1602
2026-06-15 00:38:07,075 - cyberbully - INFO - Removed checkpoint: experiments/grid-search/answerdotai_ModernBERT-base/kaggle/prep2_aug0/seed_52680723/checkpoint-3204
2026-06-15 00:38:07,162 - cyberbully - INFO - Removed checkpoint: experiments/grid-search/answerdotai_ModernBERT-base/kaggle/prep2_aug0/seed_52680723/checkpoint-7209
2026-06-15 00:38:07,249 - cyberbully - INFO - Removed checkpoint: experiments/grid-search/answerdotai_ModernBERT-base/kaggle/prep2_aug0/seed_52680723/checkpoint-4005
2026-06-15 00:38:07,334 - cyberbully - INFO - Removed checkpoint: experiments/grid-search/answerdotai_ModernBERT-base/kaggle/prep2_aug0/seed_52680723/checkpoint-4806
2026-06-15 00:38:07,424 - cyberbully - INFO - Removed checkpoint: experiments/grid-search/answerdotai_ModernBERT-base/kaggle/prep2_aug0/seed_52680723/checkpoint-801
2026-06-15 00:38:07,511 - cyberbully - INFO - Removed checkpoint: experiments/grid-search/answerdotai_ModernBERT-base/kaggle/prep2_aug0/seed_52680723/checkpoint-2403
2026-06-15 00:38:07,511 - cyberbully - INFO - Step 5: Evaluating on test set...
2026-06-15 00:38:23,334 - cyberbully - INFO - Metrics saved to experiments/grid-search/answerdotai_ModernBERT-base/kaggle/prep2_aug0/seed_52680723/metrics.json
2026-06-15 00:38:23,334 - cyberbully - INFO - Confusion matrix saved to experiments/grid-search/answerdotai_ModernBERT-base/kaggle/prep2_aug0/seed_52680723/confusion_matrix.json
2026-06-15 00:38:23,417 - cyberbully - INFO - Per-sample predictions saved to experiments/grid-search/answerdotai_ModernBERT-base/kaggle/prep2_aug0/seed_52680723/predictions.json
2026-06-15 00:38:23,525 - cyberbully - INFO - Confusion matrix figure saved to experiments/grid-search/answerdotai_ModernBERT-base/kaggle/prep2_aug0/seed_52680723/confusion_matrix.pdf
2026-06-15 00:38:23,525 - cyberbully - INFO - Accuracy: 0.9481
2026-06-15 00:38:23,525 - cyberbully - INFO - Weighted F1: 0.9484
2026-06-15 00:38:23,525 - cyberbully - INFO - Micro F1: 0.9481
2026-06-15 00:38:23,525 - cyberbully - INFO - Inference time: 9.73 seconds
2026-06-15 00:38:23,525 - cyberbully - INFO - Energy consumption: 0.000589 kWh
2026-06-15 00:38:23,527 - cyberbully - INFO - ============================================================
2026-06-15 00:38:23,527 - cyberbully - INFO - Pipeline complete. Results saved to: experiments/grid-search/answerdotai_ModernBERT-base/kaggle/prep2_aug0/seed_52680723
2026-06-15 00:38:23,527 - cyberbully - INFO - ============================================================
