2026-02-13 20:42:02,721 - cyberbully - INFO - ============================================================
2026-02-13 20:42:02,721 - cyberbully - INFO - Cyberbullying Detection Pipeline
2026-02-13 20:42:02,721 - cyberbully - INFO - ============================================================
2026-02-13 20:42:02,721 - cyberbully - INFO - Configuration:
2026-02-13 20:42:02,721 - cyberbully - INFO -   model          : roberta-base
2026-02-13 20:42:02,721 - cyberbully - INFO -   dataset        : tweeteval
2026-02-13 20:42:02,721 - cyberbully - INFO -   preprocess     : True
2026-02-13 20:42:02,721 - cyberbully - INFO -   augment        : False
2026-02-13 20:42:02,721 - cyberbully - INFO -   compute_attribution: False
2026-02-13 20:42:02,721 - cyberbully - INFO -   seed           : 43782163
2026-02-13 20:42:02,721 - cyberbully - INFO -   epochs         : 5
2026-02-13 20:42:02,721 - cyberbully - INFO -   batch_size     : 16
2026-02-13 20:42:02,721 - cyberbully - INFO -   lr             : 2e-05
2026-02-13 20:42:02,721 - cyberbully - INFO -   max_length     : 128
2026-02-13 20:42:02,721 - cyberbully - INFO -   output_dir     : experiments
2026-02-13 20:42:02,721 - cyberbully - INFO -   data_dir       : dataset
2026-02-13 20:42:02,721 - cyberbully - INFO -   overwrite      : False
2026-02-13 20:42:02,721 - cyberbully - INFO -   device         : cuda
2026-02-13 20:42:02,721 - cyberbully - INFO -   output_dir     : experiments/roberta-base/tweeteval/prep1_aug0/seed_43782163
2026-02-13 20:42:02,721 - cyberbully - INFO - ============================================================
2026-02-13 20:42:02,721 - cyberbully - INFO - Step 1: Preparing data...
2026-02-13 20:42:02,721 - cyberbully - INFO - Loading dataset 'tweeteval' from dataset/Tweeteval.csv
2026-02-13 20:42:02,795 - cyberbully - INFO - Loaded 50759 samples with 5 classes: ['emotion', 'hate', 'offensive', 'religion', 'spiritual']
2026-02-13 20:42:02,795 - cyberbully - INFO - Applying text preprocessing...
2026-02-13 20:42:59,692 - cyberbully - INFO - After preprocessing: 47363 samples remain
2026-02-13 20:42:59,695 - cyberbully - INFO - Label mapping: {'emotion': 0, 'hate': 1, 'offensive': 2, 'religion': 3, 'spiritual': 4}
2026-02-13 20:42:59,707 - cyberbully - INFO - Split sizes — train: 30312, val: 7578, test: 9473
2026-02-13 20:42:59,708 - cyberbully - INFO - Number of classes: 5
2026-02-13 20:42:59,708 - cyberbully - INFO - Step 2: Loading model and tokenizer...
2026-02-13 20:42:59,708 - cyberbully - INFO - Loading model 'roberta-base' with 5 labels
2026-02-13 20:43:00,457 - cyberbully - INFO - Step 3: Tokenizing datasets...
2026-02-13 20:43:01,159 - cyberbully - INFO - Dataset sizes — train: 30312, val: 7578, test: 9473
2026-02-13 20:43:01,159 - cyberbully - INFO - Step 4: Training...
2026-02-13 20:43:01,435 - cyberbully - INFO - Starting training...
2026-02-13 20:53:10,839 - cyberbully - INFO - Training complete.
2026-02-13 20:53:10,839 - cyberbully - INFO - Step 5: Evaluating on test set...
2026-02-13 20:53:22,622 - cyberbully - INFO - Metrics saved to experiments/roberta-base/tweeteval/prep1_aug0/seed_43782163/metrics.json
2026-02-13 20:53:22,622 - cyberbully - INFO - Confusion matrix saved to experiments/roberta-base/tweeteval/prep1_aug0/seed_43782163/confusion_matrix.json
2026-02-13 20:53:22,723 - cyberbully - INFO - Confusion matrix figure saved to experiments/roberta-base/tweeteval/prep1_aug0/seed_43782163/confusion_matrix.pdf
2026-02-13 20:53:22,723 - cyberbully - INFO - Accuracy: 0.9405
2026-02-13 20:53:22,723 - cyberbully - INFO - Weighted F1: 0.9403
2026-02-13 20:53:22,723 - cyberbully - INFO - Micro F1: 0.9405
2026-02-13 20:53:22,723 - cyberbully - INFO - Inference time: 7.46 seconds
2026-02-13 20:53:22,723 - cyberbully - INFO - Energy consumption: 0.000436 kWh
2026-02-13 20:53:22,724 - cyberbully - INFO - ============================================================
2026-02-13 20:53:22,724 - cyberbully - INFO - Pipeline complete. Results saved to: experiments/roberta-base/tweeteval/prep1_aug0/seed_43782163
2026-02-13 20:53:22,724 - cyberbully - INFO - ============================================================
