2026-06-16 22:28:49,497 - cyberbully - INFO - ============================================================
2026-06-16 22:28:49,497 - cyberbully - INFO - Cyberbullying Detection Pipeline
2026-06-16 22:28:49,497 - cyberbully - INFO - ============================================================
2026-06-16 22:28:49,497 - cyberbully - INFO - Configuration:
2026-06-16 22:28:49,497 - cyberbully - INFO -   model          : albert/albert-base-v2
2026-06-16 22:28:49,497 - cyberbully - INFO -   dataset        : tweeteval
2026-06-16 22:28:49,497 - cyberbully - INFO -   preprocess     : False
2026-06-16 22:28:49,497 - cyberbully - INFO -   prep_mode      : 2
2026-06-16 22:28:49,497 - cyberbully - INFO -   augment        : False
2026-06-16 22:28:49,497 - cyberbully - INFO -   compute_attribution: False
2026-06-16 22:28:49,497 - cyberbully - INFO -   seed           : 87212562
2026-06-16 22:28:49,497 - cyberbully - INFO -   epochs         : 10
2026-06-16 22:28:49,497 - cyberbully - INFO -   batch_size     : 32
2026-06-16 22:28:49,497 - cyberbully - INFO -   lr             : 5e-05
2026-06-16 22:28:49,497 - cyberbully - INFO -   max_length     : 128
2026-06-16 22:28:49,497 - cyberbully - INFO -   output_dir     : grid-search
2026-06-16 22:28:49,497 - cyberbully - INFO -   data_dir       : dataset
2026-06-16 22:28:49,497 - cyberbully - INFO -   sbert          : False
2026-06-16 22:28:49,497 - cyberbully - INFO -   supcon         : False
2026-06-16 22:28:49,497 - cyberbully - INFO -   supcon_weight  : 0.1
2026-06-16 22:28:49,497 - cyberbully - INFO -   proj_dim       : 128
2026-06-16 22:28:49,497 - cyberbully - INFO -   grad_accum_steps: 1
2026-06-16 22:28:49,497 - cyberbully - INFO -   overwrite      : False
2026-06-16 22:28:49,497 - cyberbully - INFO -   device         : cuda
2026-06-16 22:28:49,498 - cyberbully - INFO -   output_dir     : experiments/grid-search/albert_albert-base-v2/tweeteval/prep2_aug0/seed_87212562
2026-06-16 22:28:49,498 - cyberbully - INFO - ============================================================
2026-06-16 22:28:49,498 - cyberbully - INFO - Step 1: Preparing data...
2026-06-16 22:28:49,545 - cyberbully - INFO - Loaded pre-split data from dataset/tweeteval — train: 32485, val: 8122, test: 10152
2026-06-16 22:28:49,545 - cyberbully - INFO - Label mapping: {'emotion': 0, 'hate': 1, 'offensive': 2, 'religion': 3, 'spiritual': 4}
2026-06-16 22:28:49,546 - cyberbully - INFO - Applying partial text preprocessing per split...
2026-06-16 22:28:51,210 - cyberbully - INFO - After preprocessing -- train: 32485, val: 8122, test: 10152
2026-06-16 22:28:51,214 - cyberbully - INFO - Number of classes: 5
2026-06-16 22:28:51,216 - cyberbully - INFO - Step 2: Loading model and tokenizer...
2026-06-16 22:28:51,216 - cyberbully - INFO - Loading model 'albert/albert-base-v2' with 5 labels (sbert=False, supcon=False)
2026-06-16 22:28:52,336 - cyberbully - INFO - Step 3: Creating datasets...
2026-06-16 22:28:53,673 - cyberbully - INFO - Dataset sizes — train: 32485, val: 8122, test: 10152
2026-06-16 22:28:53,673 - cyberbully - INFO - Step 4: Training...
2026-06-16 22:28:53,838 - cyberbully - INFO - Starting training...
2026-06-16 22:48:45,573 - cyberbully - INFO - Training complete.
2026-06-16 22:48:45,581 - cyberbully - INFO - Removed checkpoint: experiments/grid-search/albert_albert-base-v2/tweeteval/prep2_aug0/seed_87212562/checkpoint-3048
2026-06-16 22:48:45,588 - cyberbully - INFO - Removed checkpoint: experiments/grid-search/albert_albert-base-v2/tweeteval/prep2_aug0/seed_87212562/checkpoint-7112
2026-06-16 22:48:45,596 - cyberbully - INFO - Removed checkpoint: experiments/grid-search/albert_albert-base-v2/tweeteval/prep2_aug0/seed_87212562/checkpoint-9144
2026-06-16 22:48:45,603 - cyberbully - INFO - Removed checkpoint: experiments/grid-search/albert_albert-base-v2/tweeteval/prep2_aug0/seed_87212562/checkpoint-1016
2026-06-16 22:48:45,610 - cyberbully - INFO - Removed checkpoint: experiments/grid-search/albert_albert-base-v2/tweeteval/prep2_aug0/seed_87212562/checkpoint-2032
2026-06-16 22:48:45,619 - cyberbully - INFO - Removed checkpoint: experiments/grid-search/albert_albert-base-v2/tweeteval/prep2_aug0/seed_87212562/checkpoint-10160
2026-06-16 22:48:45,626 - cyberbully - INFO - Removed checkpoint: experiments/grid-search/albert_albert-base-v2/tweeteval/prep2_aug0/seed_87212562/checkpoint-6096
2026-06-16 22:48:45,633 - cyberbully - INFO - Removed checkpoint: experiments/grid-search/albert_albert-base-v2/tweeteval/prep2_aug0/seed_87212562/checkpoint-5080
2026-06-16 22:48:45,640 - cyberbully - INFO - Removed checkpoint: experiments/grid-search/albert_albert-base-v2/tweeteval/prep2_aug0/seed_87212562/checkpoint-8128
2026-06-16 22:48:45,648 - cyberbully - INFO - Removed checkpoint: experiments/grid-search/albert_albert-base-v2/tweeteval/prep2_aug0/seed_87212562/checkpoint-4064
2026-06-16 22:48:45,648 - cyberbully - INFO - Step 5: Evaluating on test set...
2026-06-16 22:49:03,635 - cyberbully - INFO - Metrics saved to experiments/grid-search/albert_albert-base-v2/tweeteval/prep2_aug0/seed_87212562/metrics.json
2026-06-16 22:49:03,635 - cyberbully - INFO - Confusion matrix saved to experiments/grid-search/albert_albert-base-v2/tweeteval/prep2_aug0/seed_87212562/confusion_matrix.json
2026-06-16 22:49:03,743 - cyberbully - INFO - Per-sample predictions saved to experiments/grid-search/albert_albert-base-v2/tweeteval/prep2_aug0/seed_87212562/predictions.json
2026-06-16 22:49:03,850 - cyberbully - INFO - Confusion matrix figure saved to experiments/grid-search/albert_albert-base-v2/tweeteval/prep2_aug0/seed_87212562/confusion_matrix.pdf
2026-06-16 22:49:03,850 - cyberbully - INFO - Accuracy: 0.9363
2026-06-16 22:49:03,851 - cyberbully - INFO - Weighted F1: 0.9363
2026-06-16 22:49:03,851 - cyberbully - INFO - Micro F1: 0.9363
2026-06-16 22:49:03,851 - cyberbully - INFO - Inference time: 11.80 seconds
2026-06-16 22:49:03,851 - cyberbully - INFO - Energy consumption: 0.000693 kWh
2026-06-16 22:49:03,853 - cyberbully - INFO - ============================================================
2026-06-16 22:49:03,853 - cyberbully - INFO - Pipeline complete. Results saved to: experiments/grid-search/albert_albert-base-v2/tweeteval/prep2_aug0/seed_87212562
2026-06-16 22:49:03,853 - cyberbully - INFO - ============================================================
