2026-03-22 00:44:43,169 - cyberbully - INFO - ============================================================
2026-03-22 00:44:43,169 - cyberbully - INFO - Cyberbullying Detection Pipeline
2026-03-22 00:44:43,169 - cyberbully - INFO - ============================================================
2026-03-22 00:44:43,169 - cyberbully - INFO - Configuration:
2026-03-22 00:44:43,169 - cyberbully - INFO -   model          : albert/albert-base-v2
2026-03-22 00:44:43,170 - cyberbully - INFO -   dataset        : tweeteval
2026-03-22 00:44:43,170 - cyberbully - INFO -   preprocess     : False
2026-03-22 00:44:43,170 - cyberbully - INFO -   augment        : True
2026-03-22 00:44:43,170 - cyberbully - INFO -   compute_attribution: False
2026-03-22 00:44:43,170 - cyberbully - INFO -   seed           : 52680723
2026-03-22 00:44:43,170 - cyberbully - INFO -   epochs         : 10
2026-03-22 00:44:43,170 - cyberbully - INFO -   batch_size     : 32
2026-03-22 00:44:43,170 - cyberbully - INFO -   lr             : 5e-05
2026-03-22 00:44:43,170 - cyberbully - INFO -   max_length     : 128
2026-03-22 00:44:43,170 - cyberbully - INFO -   output_dir     : grid-search
2026-03-22 00:44:43,170 - cyberbully - INFO -   data_dir       : dataset
2026-03-22 00:44:43,170 - cyberbully - INFO -   sbert          : False
2026-03-22 00:44:43,170 - cyberbully - INFO -   supcon         : False
2026-03-22 00:44:43,170 - cyberbully - INFO -   supcon_weight  : 0.1
2026-03-22 00:44:43,170 - cyberbully - INFO -   proj_dim       : 128
2026-03-22 00:44:43,170 - cyberbully - INFO -   grad_accum_steps: 1
2026-03-22 00:44:43,170 - cyberbully - INFO -   overwrite      : False
2026-03-22 00:44:43,170 - cyberbully - INFO -   device         : cuda
2026-03-22 00:44:43,170 - cyberbully - INFO -   output_dir     : experiments/grid-search/albert_albert-base-v2/tweeteval/prep0_aug1/seed_52680723
2026-03-22 00:44:43,170 - cyberbully - INFO - ============================================================
2026-03-22 00:44:43,170 - cyberbully - INFO - Step 1: Preparing data...
2026-03-22 00:44:43,220 - cyberbully - INFO - Loaded pre-split data from dataset/tweeteval — train: 32485, val: 8122, test: 10152
2026-03-22 00:44:43,220 - cyberbully - INFO - Label mapping: {'emotion': 0, 'hate': 1, 'offensive': 2, 'religion': 3, 'spiritual': 4}
2026-03-22 00:44:43,222 - cyberbully - INFO - Applying training data augmentation (oversampling)...
2026-03-22 00:44:43,229 - cyberbully - INFO - After oversampling — class distribution: {0: 8985, 1: 8985, 2: 8985, 3: 8985, 4: 8985}
2026-03-22 00:44:43,238 - cyberbully - INFO - Number of classes: 5
2026-03-22 00:44:43,240 - cyberbully - INFO - Step 2: Loading model and tokenizer...
2026-03-22 00:44:43,240 - cyberbully - INFO - Loading model 'albert/albert-base-v2' with 5 labels (sbert=False, supcon=False)
2026-03-22 00:44:43,940 - cyberbully - INFO - Step 3: Creating datasets...
2026-03-22 00:44:45,112 - cyberbully - INFO - Dataset sizes — train: 44925, val: 8122, test: 10152
2026-03-22 00:44:45,112 - cyberbully - INFO - Step 4: Training...
2026-03-22 00:44:45,168 - cyberbully - INFO - Starting training...
2026-03-22 01:05:12,699 - cyberbully - INFO - Training complete.
2026-03-22 01:05:12,709 - cyberbully - INFO - Removed checkpoint: experiments/grid-search/albert_albert-base-v2/tweeteval/prep0_aug1/seed_52680723/checkpoint-8424
2026-03-22 01:05:12,719 - cyberbully - INFO - Removed checkpoint: experiments/grid-search/albert_albert-base-v2/tweeteval/prep0_aug1/seed_52680723/checkpoint-5616
2026-03-22 01:05:12,729 - cyberbully - INFO - Removed checkpoint: experiments/grid-search/albert_albert-base-v2/tweeteval/prep0_aug1/seed_52680723/checkpoint-7020
2026-03-22 01:05:12,739 - cyberbully - INFO - Removed checkpoint: experiments/grid-search/albert_albert-base-v2/tweeteval/prep0_aug1/seed_52680723/checkpoint-11232
2026-03-22 01:05:12,748 - cyberbully - INFO - Removed checkpoint: experiments/grid-search/albert_albert-base-v2/tweeteval/prep0_aug1/seed_52680723/checkpoint-12636
2026-03-22 01:05:12,759 - cyberbully - INFO - Removed checkpoint: experiments/grid-search/albert_albert-base-v2/tweeteval/prep0_aug1/seed_52680723/checkpoint-1404
2026-03-22 01:05:12,768 - cyberbully - INFO - Removed checkpoint: experiments/grid-search/albert_albert-base-v2/tweeteval/prep0_aug1/seed_52680723/checkpoint-14040
2026-03-22 01:05:12,778 - cyberbully - INFO - Removed checkpoint: experiments/grid-search/albert_albert-base-v2/tweeteval/prep0_aug1/seed_52680723/checkpoint-4212
2026-03-22 01:05:12,788 - cyberbully - INFO - Removed checkpoint: experiments/grid-search/albert_albert-base-v2/tweeteval/prep0_aug1/seed_52680723/checkpoint-9828
2026-03-22 01:05:12,798 - cyberbully - INFO - Removed checkpoint: experiments/grid-search/albert_albert-base-v2/tweeteval/prep0_aug1/seed_52680723/checkpoint-2808
2026-03-22 01:05:12,798 - cyberbully - INFO - Step 5: Evaluating on test set...
2026-03-22 01:05:26,902 - cyberbully - INFO - Metrics saved to experiments/grid-search/albert_albert-base-v2/tweeteval/prep0_aug1/seed_52680723/metrics.json
2026-03-22 01:05:26,902 - cyberbully - INFO - Confusion matrix saved to experiments/grid-search/albert_albert-base-v2/tweeteval/prep0_aug1/seed_52680723/confusion_matrix.json
2026-03-22 01:05:27,007 - cyberbully - INFO - Per-sample predictions saved to experiments/grid-search/albert_albert-base-v2/tweeteval/prep0_aug1/seed_52680723/predictions.json
2026-03-22 01:05:27,110 - cyberbully - INFO - Confusion matrix figure saved to experiments/grid-search/albert_albert-base-v2/tweeteval/prep0_aug1/seed_52680723/confusion_matrix.pdf
2026-03-22 01:05:27,110 - cyberbully - INFO - Accuracy: 0.9658
2026-03-22 01:05:27,110 - cyberbully - INFO - Weighted F1: 0.9658
2026-03-22 01:05:27,110 - cyberbully - INFO - Micro F1: 0.9658
2026-03-22 01:05:27,110 - cyberbully - INFO - Inference time: 8.90 seconds
2026-03-22 01:05:27,110 - cyberbully - INFO - Energy consumption: 0.000442 kWh
2026-03-22 01:05:27,112 - cyberbully - INFO - ============================================================
2026-03-22 01:05:27,112 - cyberbully - INFO - Pipeline complete. Results saved to: experiments/grid-search/albert_albert-base-v2/tweeteval/prep0_aug1/seed_52680723
2026-03-22 01:05:27,112 - cyberbully - INFO - ============================================================
