2026-02-20 18:52:08,845 - cyberbully - INFO - ============================================================
2026-02-20 18:52:08,845 - cyberbully - INFO - Cyberbullying Detection Pipeline
2026-02-20 18:52:08,845 - cyberbully - INFO - ============================================================
2026-02-20 18:52:08,845 - cyberbully - INFO - Configuration:
2026-02-20 18:52:08,845 - cyberbully - INFO -   model          : all-mpnet-base-v2
2026-02-20 18:52:08,845 - cyberbully - INFO -   dataset        : ieee
2026-02-20 18:52:08,845 - cyberbully - INFO -   preprocess     : False
2026-02-20 18:52:08,845 - cyberbully - INFO -   augment        : True
2026-02-20 18:52:08,845 - cyberbully - INFO -   compute_attribution: False
2026-02-20 18:52:08,845 - cyberbully - INFO -   seed           : 87212562
2026-02-20 18:52:08,845 - cyberbully - INFO -   epochs         : 5
2026-02-20 18:52:08,845 - cyberbully - INFO -   batch_size     : 16
2026-02-20 18:52:08,845 - cyberbully - INFO -   lr             : 2e-05
2026-02-20 18:52:08,845 - cyberbully - INFO -   max_length     : 128
2026-02-20 18:52:08,845 - cyberbully - INFO -   output_dir     : sbert-model
2026-02-20 18:52:08,845 - cyberbully - INFO -   data_dir       : dataset
2026-02-20 18:52:08,845 - cyberbully - INFO -   sbert          : True
2026-02-20 18:52:08,845 - cyberbully - INFO -   overwrite      : False
2026-02-20 18:52:08,845 - cyberbully - INFO -   device         : cuda
2026-02-20 18:52:08,845 - cyberbully - INFO -   output_dir     : experiments/sbert-model/all-mpnet-base-v2/ieee/prep0_aug1/seed_87212562
2026-02-20 18:52:08,845 - cyberbully - INFO - ============================================================
2026-02-20 18:52:08,845 - cyberbully - INFO - Step 1: Preparing data...
2026-02-20 18:52:08,845 - cyberbully - INFO - Loading dataset 'ieee' from dataset/IEEE Data Port.csv
2026-02-20 18:52:08,852 - cyberbully - INFO - Loaded 2108 samples with 5 classes: ['Cyberstalking', 'Doxing', 'Revenge Porn', 'Sexual Harassment', 'Slut Shaming']
2026-02-20 18:52:08,852 - cyberbully - INFO - Label mapping: {'Cyberstalking': 0, 'Doxing': 1, 'Revenge Porn': 2, 'Sexual Harassment': 3, 'Slut Shaming': 4}
2026-02-20 18:52:08,854 - cyberbully - INFO - Split sizes — train: 1348, val: 338, test: 422
2026-02-20 18:52:08,854 - cyberbully - INFO - Applying training data augmentation (oversampling)...
2026-02-20 18:52:08,855 - cyberbully - INFO - After oversampling — class distribution: {0: 316, 1: 316, 2: 316, 3: 316, 4: 316}
2026-02-20 18:52:08,855 - cyberbully - INFO - Number of classes: 5
2026-02-20 18:52:08,857 - cyberbully - INFO - Step 2: Loading model and tokenizer...
2026-02-20 18:52:08,857 - cyberbully - INFO - Loading model 'all-mpnet-base-v2' with 5 labels (sbert=True)
2026-02-20 18:52:11,444 - cyberbully - INFO - SBERTClassifier: embedding_dim=768, hidden=256, num_labels=5
2026-02-20 18:52:11,735 - cyberbully - INFO - Step 3: Creating datasets...
2026-02-20 18:52:11,779 - cyberbully - INFO - Dataset sizes — train: 1580, val: 338, test: 422
2026-02-20 18:52:11,779 - cyberbully - INFO - Step 4: Training...
2026-02-20 18:52:11,830 - cyberbully - INFO - Starting training...
2026-02-20 18:52:43,214 - cyberbully - INFO - Training complete.
2026-02-20 18:52:43,214 - cyberbully - INFO - Step 5: Evaluating on test set...
2026-02-20 18:52:47,810 - cyberbully - INFO - Metrics saved to experiments/sbert-model/all-mpnet-base-v2/ieee/prep0_aug1/seed_87212562/metrics.json
2026-02-20 18:52:47,811 - cyberbully - INFO - Confusion matrix saved to experiments/sbert-model/all-mpnet-base-v2/ieee/prep0_aug1/seed_87212562/confusion_matrix.json
2026-02-20 18:52:47,911 - cyberbully - INFO - Confusion matrix figure saved to experiments/sbert-model/all-mpnet-base-v2/ieee/prep0_aug1/seed_87212562/confusion_matrix.pdf
2026-02-20 18:52:47,912 - cyberbully - INFO - Accuracy: 0.8389
2026-02-20 18:52:47,912 - cyberbully - INFO - Weighted F1: 0.8396
2026-02-20 18:52:47,912 - cyberbully - INFO - Micro F1: 0.8389
2026-02-20 18:52:47,912 - cyberbully - INFO - Inference time: 0.33 seconds
2026-02-20 18:52:47,912 - cyberbully - INFO - Energy consumption: 0.000021 kWh
2026-02-20 18:52:47,912 - cyberbully - INFO - ============================================================
2026-02-20 18:52:47,912 - cyberbully - INFO - Pipeline complete. Results saved to: experiments/sbert-model/all-mpnet-base-v2/ieee/prep0_aug1/seed_87212562
2026-02-20 18:52:47,912 - cyberbully - INFO - ============================================================
