2026-04-17 10:46:17,853 - cyberbully - INFO - ============================================================
2026-04-17 10:46:17,853 - cyberbully - INFO - Cyberbullying Detection Pipeline
2026-04-17 10:46:17,853 - cyberbully - INFO - ============================================================
2026-04-17 10:46:17,853 - cyberbully - INFO - Configuration:
2026-04-17 10:46:17,853 - cyberbully - INFO -   model          : sarkerlab/SocBERT-base
2026-04-17 10:46:17,853 - cyberbully - INFO -   dataset        : tweeteval
2026-04-17 10:46:17,853 - cyberbully - INFO -   preprocess     : True
2026-04-17 10:46:17,853 - cyberbully - INFO -   augment        : True
2026-04-17 10:46:17,853 - cyberbully - INFO -   compute_attribution: False
2026-04-17 10:46:17,853 - cyberbully - INFO -   seed           : 70681460
2026-04-17 10:46:17,853 - cyberbully - INFO -   epochs         : 10
2026-04-17 10:46:17,853 - cyberbully - INFO -   batch_size     : 32
2026-04-17 10:46:17,853 - cyberbully - INFO -   lr             : 5e-05
2026-04-17 10:46:17,853 - cyberbully - INFO -   max_length     : 128
2026-04-17 10:46:17,853 - cyberbully - INFO -   output_dir     : grid-search
2026-04-17 10:46:17,853 - cyberbully - INFO -   data_dir       : dataset
2026-04-17 10:46:17,853 - cyberbully - INFO -   sbert          : False
2026-04-17 10:46:17,853 - cyberbully - INFO -   supcon         : False
2026-04-17 10:46:17,853 - cyberbully - INFO -   supcon_weight  : 0.1
2026-04-17 10:46:17,853 - cyberbully - INFO -   proj_dim       : 128
2026-04-17 10:46:17,853 - cyberbully - INFO -   grad_accum_steps: 1
2026-04-17 10:46:17,853 - cyberbully - INFO -   overwrite      : True
2026-04-17 10:46:17,853 - cyberbully - INFO -   device         : cuda
2026-04-17 10:46:17,853 - cyberbully - INFO -   output_dir     : experiments/grid-search/sarkerlab_SocBERT-base/tweeteval/prep1_aug1/seed_70681460
2026-04-17 10:46:17,853 - cyberbully - INFO - ============================================================
2026-04-17 10:46:17,853 - cyberbully - INFO - Step 1: Preparing data...
2026-04-17 10:46:17,899 - cyberbully - INFO - Loaded pre-split data from dataset/tweeteval — train: 32485, val: 8122, test: 10152
2026-04-17 10:46:17,899 - cyberbully - INFO - Label mapping: {'emotion': 0, 'hate': 1, 'offensive': 2, 'religion': 3, 'spiritual': 4}
2026-04-17 10:46:17,899 - cyberbully - INFO - Applying text preprocessing per split...
2026-04-17 10:47:19,633 - cyberbully - INFO - After preprocessing — train: 30361, val: 7609, test: 9469
2026-04-17 10:47:19,635 - cyberbully - INFO - Applying training data augmentation (oversampling)...
2026-04-17 10:47:19,641 - cyberbully - INFO - After oversampling — class distribution: {0: 7763, 1: 7763, 2: 7763, 3: 7763, 4: 7763}
2026-04-17 10:47:19,650 - cyberbully - INFO - Number of classes: 5
2026-04-17 10:47:19,651 - cyberbully - INFO - Step 2: Loading model and tokenizer...
2026-04-17 10:47:19,651 - cyberbully - INFO - Loading model 'sarkerlab/SocBERT-base' with 5 labels (sbert=False, supcon=False)
2026-04-17 10:47:21,243 - cyberbully - INFO - Step 3: Creating datasets...
2026-04-17 10:47:22,381 - cyberbully - INFO - Dataset sizes — train: 38815, val: 7609, test: 9469
2026-04-17 10:47:22,381 - cyberbully - INFO - Step 4: Training...
2026-04-17 10:47:22,629 - cyberbully - INFO - Starting training...
2026-04-17 11:04:24,995 - cyberbully - INFO - Training complete.
2026-04-17 11:04:25,077 - cyberbully - INFO - Removed checkpoint: experiments/grid-search/sarkerlab_SocBERT-base/tweeteval/prep1_aug1/seed_70681460/checkpoint-3639
2026-04-17 11:04:25,155 - cyberbully - INFO - Removed checkpoint: experiments/grid-search/sarkerlab_SocBERT-base/tweeteval/prep1_aug1/seed_70681460/checkpoint-9704
2026-04-17 11:04:25,237 - cyberbully - INFO - Removed checkpoint: experiments/grid-search/sarkerlab_SocBERT-base/tweeteval/prep1_aug1/seed_70681460/checkpoint-6065
2026-04-17 11:04:25,315 - cyberbully - INFO - Removed checkpoint: experiments/grid-search/sarkerlab_SocBERT-base/tweeteval/prep1_aug1/seed_70681460/checkpoint-10917
2026-04-17 11:04:25,410 - cyberbully - INFO - Removed checkpoint: experiments/grid-search/sarkerlab_SocBERT-base/tweeteval/prep1_aug1/seed_70681460/checkpoint-12130
2026-04-17 11:04:25,495 - cyberbully - INFO - Removed checkpoint: experiments/grid-search/sarkerlab_SocBERT-base/tweeteval/prep1_aug1/seed_70681460/checkpoint-1213
2026-04-17 11:04:25,575 - cyberbully - INFO - Removed checkpoint: experiments/grid-search/sarkerlab_SocBERT-base/tweeteval/prep1_aug1/seed_70681460/checkpoint-8491
2026-04-17 11:04:25,657 - cyberbully - INFO - Removed checkpoint: experiments/grid-search/sarkerlab_SocBERT-base/tweeteval/prep1_aug1/seed_70681460/checkpoint-4852
2026-04-17 11:04:25,741 - cyberbully - INFO - Removed checkpoint: experiments/grid-search/sarkerlab_SocBERT-base/tweeteval/prep1_aug1/seed_70681460/checkpoint-2426
2026-04-17 11:04:25,820 - cyberbully - INFO - Removed checkpoint: experiments/grid-search/sarkerlab_SocBERT-base/tweeteval/prep1_aug1/seed_70681460/checkpoint-7278
2026-04-17 11:04:25,820 - cyberbully - INFO - Step 5: Evaluating on test set...
2026-04-17 11:04:36,191 - cyberbully - INFO - Metrics saved to experiments/grid-search/sarkerlab_SocBERT-base/tweeteval/prep1_aug1/seed_70681460/metrics.json
2026-04-17 11:04:36,191 - cyberbully - INFO - Confusion matrix saved to experiments/grid-search/sarkerlab_SocBERT-base/tweeteval/prep1_aug1/seed_70681460/confusion_matrix.json
2026-04-17 11:04:36,287 - cyberbully - INFO - Per-sample predictions saved to experiments/grid-search/sarkerlab_SocBERT-base/tweeteval/prep1_aug1/seed_70681460/predictions.json
2026-04-17 11:04:36,390 - cyberbully - INFO - Confusion matrix figure saved to experiments/grid-search/sarkerlab_SocBERT-base/tweeteval/prep1_aug1/seed_70681460/confusion_matrix.pdf
2026-04-17 11:04:36,390 - cyberbully - INFO - Accuracy: 0.9461
2026-04-17 11:04:36,390 - cyberbully - INFO - Weighted F1: 0.9462
2026-04-17 11:04:36,390 - cyberbully - INFO - Micro F1: 0.9461
2026-04-17 11:04:36,390 - cyberbully - INFO - Inference time: 5.67 seconds
2026-04-17 11:04:36,390 - cyberbully - INFO - Energy consumption: 0.000384 kWh
2026-04-17 11:04:36,393 - cyberbully - INFO - ============================================================
2026-04-17 11:04:36,393 - cyberbully - INFO - Pipeline complete. Results saved to: experiments/grid-search/sarkerlab_SocBERT-base/tweeteval/prep1_aug1/seed_70681460
2026-04-17 11:04:36,393 - cyberbully - INFO - ============================================================
