2026-02-18 05:00:36,774 - cyberbully - INFO - ============================================================
2026-02-18 05:00:36,774 - cyberbully - INFO - Cyberbullying Detection Pipeline
2026-02-18 05:00:36,774 - cyberbully - INFO - ============================================================
2026-02-18 05:00:36,774 - cyberbully - INFO - Configuration:
2026-02-18 05:00:36,774 - cyberbully - INFO -   model          : distilbert-base-uncased
2026-02-18 05:00:36,774 - cyberbully - INFO -   dataset        : kaggle
2026-02-18 05:00:36,774 - cyberbully - INFO -   preprocess     : False
2026-02-18 05:00:36,774 - cyberbully - INFO -   augment        : False
2026-02-18 05:00:36,774 - cyberbully - INFO -   compute_attribution: False
2026-02-18 05:00:36,774 - cyberbully - INFO -   seed           : 99511865
2026-02-18 05:00:36,774 - cyberbully - INFO -   epochs         : 5
2026-02-18 05:00:36,774 - cyberbully - INFO -   batch_size     : 16
2026-02-18 05:00:36,774 - cyberbully - INFO -   lr             : 2e-05
2026-02-18 05:00:36,774 - cyberbully - INFO -   max_length     : 128
2026-02-18 05:00:36,774 - cyberbully - INFO -   output_dir     : grid-search
2026-02-18 05:00:36,774 - cyberbully - INFO -   data_dir       : dataset
2026-02-18 05:00:36,774 - cyberbully - INFO -   sbert          : False
2026-02-18 05:00:36,774 - cyberbully - INFO -   overwrite      : False
2026-02-18 05:00:36,774 - cyberbully - INFO -   device         : cuda
2026-02-18 05:00:36,774 - cyberbully - INFO -   output_dir     : experiments/grid-search/distilbert-base-uncased/kaggle/prep0_aug0/seed_99511865
2026-02-18 05:00:36,775 - cyberbully - INFO - ============================================================
2026-02-18 05:00:36,775 - cyberbully - INFO - Step 1: Preparing data...
2026-02-18 05:00:36,775 - cyberbully - INFO - Loading dataset 'kaggle' from dataset/Kaggle.csv
2026-02-18 05:00:36,834 - cyberbully - INFO - Loaded 47656 samples with 6 classes: ['age', 'ethnicity', 'gender', 'not_cyberbullying', 'other_cyberbullying', 'religion']
2026-02-18 05:00:36,836 - cyberbully - INFO - Label mapping: {'age': 0, 'ethnicity': 1, 'gender': 2, 'not_cyberbullying': 3, 'other_cyberbullying': 4, 'religion': 5}
2026-02-18 05:00:36,850 - cyberbully - INFO - Split sizes — train: 30499, val: 7625, test: 9532
2026-02-18 05:00:36,851 - cyberbully - INFO - Number of classes: 6
2026-02-18 05:00:36,852 - cyberbully - INFO - Step 2: Loading model and tokenizer...
2026-02-18 05:00:36,852 - cyberbully - INFO - Loading model 'distilbert-base-uncased' with 6 labels (sbert=False)
2026-02-18 05:00:37,670 - cyberbully - INFO - Step 3: Creating datasets...
2026-02-18 05:00:38,347 - cyberbully - INFO - Dataset sizes — train: 30499, val: 7625, test: 9532
2026-02-18 05:00:38,347 - cyberbully - INFO - Step 4: Training...
2026-02-18 05:00:38,437 - cyberbully - INFO - Starting training...
2026-02-18 05:04:48,942 - cyberbully - INFO - Training complete.
2026-02-18 05:04:48,942 - cyberbully - INFO - Step 5: Evaluating on test set...
2026-02-18 05:04:55,568 - cyberbully - INFO - Metrics saved to experiments/grid-search/distilbert-base-uncased/kaggle/prep0_aug0/seed_99511865/metrics.json
2026-02-18 05:04:55,568 - cyberbully - INFO - Confusion matrix saved to experiments/grid-search/distilbert-base-uncased/kaggle/prep0_aug0/seed_99511865/confusion_matrix.json
2026-02-18 05:04:55,686 - cyberbully - INFO - Confusion matrix figure saved to experiments/grid-search/distilbert-base-uncased/kaggle/prep0_aug0/seed_99511865/confusion_matrix.pdf
2026-02-18 05:04:55,686 - cyberbully - INFO - Accuracy: 0.8587
2026-02-18 05:04:55,686 - cyberbully - INFO - Weighted F1: 0.8579
2026-02-18 05:04:55,686 - cyberbully - INFO - Micro F1: 0.8587
2026-02-18 05:04:55,686 - cyberbully - INFO - Inference time: 2.41 seconds
2026-02-18 05:04:55,686 - cyberbully - INFO - Energy consumption: 0.000134 kWh
2026-02-18 05:04:55,686 - cyberbully - INFO - ============================================================
2026-02-18 05:04:55,686 - cyberbully - INFO - Pipeline complete. Results saved to: experiments/grid-search/distilbert-base-uncased/kaggle/prep0_aug0/seed_99511865
2026-02-18 05:04:55,686 - cyberbully - INFO - ============================================================
