2026-03-24 00:24:05,189 - cyberbully - INFO - ============================================================
2026-03-24 00:24:05,189 - cyberbully - INFO - Cyberbullying Detection Pipeline
2026-03-24 00:24:05,189 - cyberbully - INFO - ============================================================
2026-03-24 00:24:05,189 - cyberbully - INFO - Configuration:
2026-03-24 00:24:05,189 - cyberbully - INFO -   model          : distilbert-base-cased
2026-03-24 00:24:05,189 - cyberbully - INFO -   dataset        : kaggle
2026-03-24 00:24:05,189 - cyberbully - INFO -   preprocess     : False
2026-03-24 00:24:05,189 - cyberbully - INFO -   augment        : False
2026-03-24 00:24:05,189 - cyberbully - INFO -   compute_attribution: False
2026-03-24 00:24:05,189 - cyberbully - INFO -   seed           : 14298463
2026-03-24 00:24:05,189 - cyberbully - INFO -   epochs         : 10
2026-03-24 00:24:05,189 - cyberbully - INFO -   batch_size     : 32
2026-03-24 00:24:05,189 - cyberbully - INFO -   lr             : 5e-05
2026-03-24 00:24:05,189 - cyberbully - INFO -   max_length     : 128
2026-03-24 00:24:05,189 - cyberbully - INFO -   output_dir     : grid-search
2026-03-24 00:24:05,189 - cyberbully - INFO -   data_dir       : dataset
2026-03-24 00:24:05,189 - cyberbully - INFO -   sbert          : False
2026-03-24 00:24:05,189 - cyberbully - INFO -   supcon         : False
2026-03-24 00:24:05,189 - cyberbully - INFO -   supcon_weight  : 0.1
2026-03-24 00:24:05,189 - cyberbully - INFO -   proj_dim       : 128
2026-03-24 00:24:05,189 - cyberbully - INFO -   grad_accum_steps: 1
2026-03-24 00:24:05,189 - cyberbully - INFO -   overwrite      : False
2026-03-24 00:24:05,189 - cyberbully - INFO -   device         : cuda
2026-03-24 00:24:05,189 - cyberbully - INFO -   output_dir     : experiments/grid-search/distilbert-base-cased/kaggle/prep0_aug0/seed_14298463
2026-03-24 00:24:05,189 - cyberbully - INFO - ============================================================
2026-03-24 00:24:05,189 - cyberbully - INFO - Step 1: Preparing data...
2026-03-24 00:24:05,239 - cyberbully - INFO - Loaded pre-split data from dataset/kaggle — train: 25604, val: 6401, test: 8002
2026-03-24 00:24:05,239 - cyberbully - INFO - Label mapping: {'age': 0, 'ethnicity': 1, 'gender': 2, 'other_cyberbullying': 3, 'religion': 4}
2026-03-24 00:24:05,251 - cyberbully - INFO - Number of classes: 5
2026-03-24 00:24:05,252 - cyberbully - INFO - Step 2: Loading model and tokenizer...
2026-03-24 00:24:05,252 - cyberbully - INFO - Loading model 'distilbert-base-cased' with 5 labels (sbert=False, supcon=False)
2026-03-24 00:24:05,928 - cyberbully - INFO - Step 3: Creating datasets...
2026-03-24 00:24:06,555 - cyberbully - INFO - Dataset sizes — train: 25604, val: 6401, test: 8002
2026-03-24 00:24:06,555 - cyberbully - INFO - Step 4: Training...
2026-03-24 00:24:06,754 - cyberbully - INFO - Starting training...
2026-03-24 00:30:41,199 - cyberbully - INFO - Training complete.
2026-03-24 00:30:41,237 - cyberbully - INFO - Removed checkpoint: experiments/grid-search/distilbert-base-cased/kaggle/prep0_aug0/seed_14298463/checkpoint-5607
2026-03-24 00:30:41,282 - cyberbully - INFO - Removed checkpoint: experiments/grid-search/distilbert-base-cased/kaggle/prep0_aug0/seed_14298463/checkpoint-8010
2026-03-24 00:30:41,320 - cyberbully - INFO - Removed checkpoint: experiments/grid-search/distilbert-base-cased/kaggle/prep0_aug0/seed_14298463/checkpoint-6408
2026-03-24 00:30:41,360 - cyberbully - INFO - Removed checkpoint: experiments/grid-search/distilbert-base-cased/kaggle/prep0_aug0/seed_14298463/checkpoint-1602
2026-03-24 00:30:41,399 - cyberbully - INFO - Removed checkpoint: experiments/grid-search/distilbert-base-cased/kaggle/prep0_aug0/seed_14298463/checkpoint-3204
2026-03-24 00:30:41,656 - cyberbully - INFO - Removed checkpoint: experiments/grid-search/distilbert-base-cased/kaggle/prep0_aug0/seed_14298463/checkpoint-7209
2026-03-24 00:30:41,704 - cyberbully - INFO - Removed checkpoint: experiments/grid-search/distilbert-base-cased/kaggle/prep0_aug0/seed_14298463/checkpoint-4005
2026-03-24 00:30:41,742 - cyberbully - INFO - Removed checkpoint: experiments/grid-search/distilbert-base-cased/kaggle/prep0_aug0/seed_14298463/checkpoint-4806
2026-03-24 00:30:41,783 - cyberbully - INFO - Removed checkpoint: experiments/grid-search/distilbert-base-cased/kaggle/prep0_aug0/seed_14298463/checkpoint-801
2026-03-24 00:30:41,822 - cyberbully - INFO - Removed checkpoint: experiments/grid-search/distilbert-base-cased/kaggle/prep0_aug0/seed_14298463/checkpoint-2403
2026-03-24 00:30:41,822 - cyberbully - INFO - Step 5: Evaluating on test set...
2026-03-24 00:30:49,150 - cyberbully - INFO - Metrics saved to experiments/grid-search/distilbert-base-cased/kaggle/prep0_aug0/seed_14298463/metrics.json
2026-03-24 00:30:49,150 - cyberbully - INFO - Confusion matrix saved to experiments/grid-search/distilbert-base-cased/kaggle/prep0_aug0/seed_14298463/confusion_matrix.json
2026-03-24 00:30:49,228 - cyberbully - INFO - Per-sample predictions saved to experiments/grid-search/distilbert-base-cased/kaggle/prep0_aug0/seed_14298463/predictions.json
2026-03-24 00:30:49,329 - cyberbully - INFO - Confusion matrix figure saved to experiments/grid-search/distilbert-base-cased/kaggle/prep0_aug0/seed_14298463/confusion_matrix.pdf
2026-03-24 00:30:49,329 - cyberbully - INFO - Accuracy: 0.9543
2026-03-24 00:30:49,329 - cyberbully - INFO - Weighted F1: 0.9544
2026-03-24 00:30:49,329 - cyberbully - INFO - Micro F1: 0.9543
2026-03-24 00:30:49,329 - cyberbully - INFO - Inference time: 3.04 seconds
2026-03-24 00:30:49,329 - cyberbully - INFO - Energy consumption: 0.000203 kWh
2026-03-24 00:30:49,331 - cyberbully - INFO - ============================================================
2026-03-24 00:30:49,331 - cyberbully - INFO - Pipeline complete. Results saved to: experiments/grid-search/distilbert-base-cased/kaggle/prep0_aug0/seed_14298463
2026-03-24 00:30:49,331 - cyberbully - INFO - ============================================================
