2026-02-20 23:37:46,013 - cyberbully - INFO - ============================================================
2026-02-20 23:37:46,013 - cyberbully - INFO - Cyberbullying Detection Pipeline
2026-02-20 23:37:46,013 - cyberbully - INFO - ============================================================
2026-02-20 23:37:46,013 - cyberbully - INFO - Configuration:
2026-02-20 23:37:46,013 - cyberbully - INFO -   model          : all-mpnet-base-v2
2026-02-20 23:37:46,013 - cyberbully - INFO -   dataset        : kaggle
2026-02-20 23:37:46,013 - cyberbully - INFO -   preprocess     : True
2026-02-20 23:37:46,013 - cyberbully - INFO -   augment        : False
2026-02-20 23:37:46,013 - cyberbully - INFO -   compute_attribution: False
2026-02-20 23:37:46,013 - cyberbully - INFO -   seed           : 70681460
2026-02-20 23:37:46,013 - cyberbully - INFO -   epochs         : 5
2026-02-20 23:37:46,013 - cyberbully - INFO -   batch_size     : 16
2026-02-20 23:37:46,013 - cyberbully - INFO -   lr             : 2e-05
2026-02-20 23:37:46,013 - cyberbully - INFO -   max_length     : 128
2026-02-20 23:37:46,013 - cyberbully - INFO -   output_dir     : sbert-model
2026-02-20 23:37:46,013 - cyberbully - INFO -   data_dir       : dataset
2026-02-20 23:37:46,013 - cyberbully - INFO -   sbert          : True
2026-02-20 23:37:46,013 - cyberbully - INFO -   overwrite      : False
2026-02-20 23:37:46,013 - cyberbully - INFO -   device         : cuda
2026-02-20 23:37:46,013 - cyberbully - INFO -   output_dir     : experiments/sbert-model/all-mpnet-base-v2/kaggle/prep1_aug0/seed_70681460
2026-02-20 23:37:46,013 - cyberbully - INFO - ============================================================
2026-02-20 23:37:46,013 - cyberbully - INFO - Step 1: Preparing data...
2026-02-20 23:37:46,013 - cyberbully - INFO - Loading dataset 'kaggle' from dataset/Kaggle.csv
2026-02-20 23:37:46,071 - cyberbully - INFO - Loaded 47656 samples with 6 classes: ['age', 'ethnicity', 'gender', 'not_cyberbullying', 'other_cyberbullying', 'religion']
2026-02-20 23:37:46,071 - cyberbully - INFO - Applying text preprocessing...
2026-02-20 23:38:40,319 - cyberbully - INFO - After preprocessing: 41393 samples remain
2026-02-20 23:38:40,321 - cyberbully - INFO - Label mapping: {'age': 0, 'ethnicity': 1, 'gender': 2, 'not_cyberbullying': 3, 'other_cyberbullying': 4, 'religion': 5}
2026-02-20 23:38:40,333 - cyberbully - INFO - Split sizes — train: 26491, val: 6623, test: 8279
2026-02-20 23:38:40,333 - cyberbully - INFO - Number of classes: 6
2026-02-20 23:38:40,334 - cyberbully - INFO - Step 2: Loading model and tokenizer...
2026-02-20 23:38:40,334 - cyberbully - INFO - Loading model 'all-mpnet-base-v2' with 6 labels (sbert=True)
2026-02-20 23:38:43,161 - cyberbully - INFO - SBERTClassifier: embedding_dim=768, hidden=256, num_labels=6
2026-02-20 23:38:43,460 - cyberbully - INFO - Step 3: Creating datasets...
2026-02-20 23:38:44,012 - cyberbully - INFO - Dataset sizes — train: 26491, val: 6623, test: 8279
2026-02-20 23:38:44,012 - cyberbully - INFO - Step 4: Training...
2026-02-20 23:38:44,056 - cyberbully - INFO - Starting training...
2026-02-20 23:47:28,434 - cyberbully - INFO - Training complete.
2026-02-20 23:47:28,434 - cyberbully - INFO - Step 5: Evaluating on test set...
2026-02-20 23:47:40,751 - cyberbully - INFO - Metrics saved to experiments/sbert-model/all-mpnet-base-v2/kaggle/prep1_aug0/seed_70681460/metrics.json
2026-02-20 23:47:40,751 - cyberbully - INFO - Confusion matrix saved to experiments/sbert-model/all-mpnet-base-v2/kaggle/prep1_aug0/seed_70681460/confusion_matrix.json
2026-02-20 23:47:40,864 - cyberbully - INFO - Confusion matrix figure saved to experiments/sbert-model/all-mpnet-base-v2/kaggle/prep1_aug0/seed_70681460/confusion_matrix.pdf
2026-02-20 23:47:40,864 - cyberbully - INFO - Accuracy: 0.8746
2026-02-20 23:47:40,864 - cyberbully - INFO - Weighted F1: 0.8748
2026-02-20 23:47:40,864 - cyberbully - INFO - Micro F1: 0.8746
2026-02-20 23:47:40,865 - cyberbully - INFO - Inference time: 6.65 seconds
2026-02-20 23:47:40,865 - cyberbully - INFO - Energy consumption: 0.000003 kWh
2026-02-20 23:47:40,865 - cyberbully - INFO - ============================================================
2026-02-20 23:47:40,865 - cyberbully - INFO - Pipeline complete. Results saved to: experiments/sbert-model/all-mpnet-base-v2/kaggle/prep1_aug0/seed_70681460
2026-02-20 23:47:40,865 - cyberbully - INFO - ============================================================
