2026-02-11 10:55:53,197 - cyberbully - INFO - ============================================================
2026-02-11 10:55:53,197 - cyberbully - INFO - Cyberbullying Detection Pipeline
2026-02-11 10:55:53,197 - cyberbully - INFO - ============================================================
2026-02-11 10:55:53,197 - cyberbully - INFO - Configuration:
2026-02-11 10:55:53,197 - cyberbully - INFO -   model          : distilbert-base-uncased
2026-02-11 10:55:53,197 - cyberbully - INFO -   dataset        : kaggle
2026-02-11 10:55:53,197 - cyberbully - INFO -   preprocess     : True
2026-02-11 10:55:53,197 - cyberbully - INFO -   augment        : True
2026-02-11 10:55:53,197 - cyberbully - INFO -   compute_attribution: False
2026-02-11 10:55:53,197 - cyberbully - INFO -   seed           : 67351593
2026-02-11 10:55:53,197 - cyberbully - INFO -   epochs         : 5
2026-02-11 10:55:53,197 - cyberbully - INFO -   batch_size     : 16
2026-02-11 10:55:53,197 - cyberbully - INFO -   lr             : 2e-05
2026-02-11 10:55:53,197 - cyberbully - INFO -   max_length     : 128
2026-02-11 10:55:53,197 - cyberbully - INFO -   output_dir     : experiments
2026-02-11 10:55:53,197 - cyberbully - INFO -   data_dir       : dataset
2026-02-11 10:55:53,197 - cyberbully - INFO -   overwrite      : False
2026-02-11 10:55:53,197 - cyberbully - INFO -   device         : cuda
2026-02-11 10:55:53,197 - cyberbully - INFO -   output_dir     : experiments/distilbert-base-uncased/kaggle/prep1_aug1/seed_67351593
2026-02-11 10:55:53,197 - cyberbully - INFO - ============================================================
2026-02-11 10:55:53,197 - cyberbully - INFO - Step 1: Preparing data...
2026-02-11 10:55:53,197 - cyberbully - INFO - Loading dataset 'kaggle' from dataset/Kaggle.csv
2026-02-11 10:55:53,257 - cyberbully - INFO - Loaded 47656 samples with 6 classes: ['age', 'ethnicity', 'gender', 'not_cyberbullying', 'other_cyberbullying', 'religion']
2026-02-11 10:55:53,257 - cyberbully - INFO - Applying text preprocessing...
2026-02-11 10:56:44,951 - cyberbully - INFO - After preprocessing: 41421 samples remain
2026-02-11 10:56:44,953 - cyberbully - INFO - Label mapping: {'age': 0, 'ethnicity': 1, 'gender': 2, 'not_cyberbullying': 3, 'other_cyberbullying': 4, 'religion': 5}
2026-02-11 10:56:44,965 - cyberbully - INFO - Split sizes — train: 26508, val: 6628, test: 8285
2026-02-11 10:56:44,965 - cyberbully - INFO - Applying training data augmentation (oversampling)...
2026-02-11 10:56:44,970 - cyberbully - INFO - After oversampling — class distribution: {0: 5068, 1: 5068, 2: 5068, 3: 5068, 4: 5068, 5: 5068}
2026-02-11 10:56:44,971 - cyberbully - INFO - Number of classes: 6
2026-02-11 10:56:44,971 - cyberbully - INFO - Step 2: Loading model and tokenizer...
2026-02-11 10:56:44,971 - cyberbully - INFO - Loading model 'distilbert-base-uncased' with 6 labels
2026-02-11 10:56:45,657 - cyberbully - INFO - Step 3: Tokenizing datasets...
2026-02-11 10:56:46,334 - cyberbully - INFO - Dataset sizes — train: 30408, val: 6628, test: 8285
2026-02-11 10:56:46,334 - cyberbully - INFO - Step 4: Training...
2026-02-11 10:56:46,562 - cyberbully - INFO - Starting training...
2026-02-11 11:02:00,354 - cyberbully - INFO - Training complete.
2026-02-11 11:02:00,354 - cyberbully - INFO - Step 5: Evaluating on test set...
2026-02-11 11:02:07,928 - cyberbully - INFO - Metrics saved to experiments/distilbert-base-uncased/kaggle/prep1_aug1/seed_67351593/metrics.json
2026-02-11 11:02:07,928 - cyberbully - INFO - Confusion matrix saved to experiments/distilbert-base-uncased/kaggle/prep1_aug1/seed_67351593/confusion_matrix.json
2026-02-11 11:02:08,041 - cyberbully - INFO - Confusion matrix figure saved to experiments/distilbert-base-uncased/kaggle/prep1_aug1/seed_67351593/confusion_matrix.pdf
2026-02-11 11:02:08,041 - cyberbully - INFO - Accuracy: 0.8704
2026-02-11 11:02:08,041 - cyberbully - INFO - Weighted F1: 0.8697
2026-02-11 11:02:08,041 - cyberbully - INFO - Micro F1: 0.8704
2026-02-11 11:02:08,041 - cyberbully - INFO - Inference time: 3.25 seconds
2026-02-11 11:02:08,041 - cyberbully - INFO - Energy consumption: 0.000192 kWh
2026-02-11 11:02:08,041 - cyberbully - INFO - ============================================================
2026-02-11 11:02:08,041 - cyberbully - INFO - Pipeline complete. Results saved to: experiments/distilbert-base-uncased/kaggle/prep1_aug1/seed_67351593
2026-02-11 11:02:08,041 - cyberbully - INFO - ============================================================
