2026-02-20 23:27:49,494 - cyberbully - INFO - ============================================================
2026-02-20 23:27:49,494 - cyberbully - INFO - Cyberbullying Detection Pipeline
2026-02-20 23:27:49,494 - cyberbully - INFO - ============================================================
2026-02-20 23:27:49,494 - cyberbully - INFO - Configuration:
2026-02-20 23:27:49,494 - cyberbully - INFO -   model          : all-mpnet-base-v2
2026-02-20 23:27:49,494 - cyberbully - INFO -   dataset        : kaggle
2026-02-20 23:27:49,494 - cyberbully - INFO -   preprocess     : True
2026-02-20 23:27:49,494 - cyberbully - INFO -   augment        : False
2026-02-20 23:27:49,494 - cyberbully - INFO -   compute_attribution: False
2026-02-20 23:27:49,494 - cyberbully - INFO -   seed           : 67351593
2026-02-20 23:27:49,494 - cyberbully - INFO -   epochs         : 5
2026-02-20 23:27:49,494 - cyberbully - INFO -   batch_size     : 16
2026-02-20 23:27:49,494 - cyberbully - INFO -   lr             : 2e-05
2026-02-20 23:27:49,494 - cyberbully - INFO -   max_length     : 128
2026-02-20 23:27:49,494 - cyberbully - INFO -   output_dir     : sbert-model
2026-02-20 23:27:49,494 - cyberbully - INFO -   data_dir       : dataset
2026-02-20 23:27:49,494 - cyberbully - INFO -   sbert          : True
2026-02-20 23:27:49,494 - cyberbully - INFO -   overwrite      : False
2026-02-20 23:27:49,494 - cyberbully - INFO -   device         : cuda
2026-02-20 23:27:49,494 - cyberbully - INFO -   output_dir     : experiments/sbert-model/all-mpnet-base-v2/kaggle/prep1_aug0/seed_67351593
2026-02-20 23:27:49,494 - cyberbully - INFO - ============================================================
2026-02-20 23:27:49,494 - cyberbully - INFO - Step 1: Preparing data...
2026-02-20 23:27:49,494 - cyberbully - INFO - Loading dataset 'kaggle' from dataset/Kaggle.csv
2026-02-20 23:27:49,552 - cyberbully - INFO - Loaded 47656 samples with 6 classes: ['age', 'ethnicity', 'gender', 'not_cyberbullying', 'other_cyberbullying', 'religion']
2026-02-20 23:27:49,552 - cyberbully - INFO - Applying text preprocessing...
2026-02-20 23:28:43,252 - cyberbully - INFO - After preprocessing: 41388 samples remain
2026-02-20 23:28:43,254 - cyberbully - INFO - Label mapping: {'age': 0, 'ethnicity': 1, 'gender': 2, 'not_cyberbullying': 3, 'other_cyberbullying': 4, 'religion': 5}
2026-02-20 23:28:43,266 - cyberbully - INFO - Split sizes — train: 26488, val: 6622, test: 8278
2026-02-20 23:28:43,266 - cyberbully - INFO - Number of classes: 6
2026-02-20 23:28:43,267 - cyberbully - INFO - Step 2: Loading model and tokenizer...
2026-02-20 23:28:43,267 - cyberbully - INFO - Loading model 'all-mpnet-base-v2' with 6 labels (sbert=True)
2026-02-20 23:28:45,920 - cyberbully - INFO - SBERTClassifier: embedding_dim=768, hidden=256, num_labels=6
2026-02-20 23:28:46,221 - cyberbully - INFO - Step 3: Creating datasets...
2026-02-20 23:28:46,766 - cyberbully - INFO - Dataset sizes — train: 26488, val: 6622, test: 8278
2026-02-20 23:28:46,766 - cyberbully - INFO - Step 4: Training...
2026-02-20 23:28:46,814 - cyberbully - INFO - Starting training...
2026-02-20 23:37:30,717 - cyberbully - INFO - Training complete.
2026-02-20 23:37:30,717 - cyberbully - INFO - Step 5: Evaluating on test set...
2026-02-20 23:37:42,597 - cyberbully - INFO - Metrics saved to experiments/sbert-model/all-mpnet-base-v2/kaggle/prep1_aug0/seed_67351593/metrics.json
2026-02-20 23:37:42,597 - cyberbully - INFO - Confusion matrix saved to experiments/sbert-model/all-mpnet-base-v2/kaggle/prep1_aug0/seed_67351593/confusion_matrix.json
2026-02-20 23:37:42,708 - cyberbully - INFO - Confusion matrix figure saved to experiments/sbert-model/all-mpnet-base-v2/kaggle/prep1_aug0/seed_67351593/confusion_matrix.pdf
2026-02-20 23:37:42,709 - cyberbully - INFO - Accuracy: 0.8759
2026-02-20 23:37:42,709 - cyberbully - INFO - Weighted F1: 0.8758
2026-02-20 23:37:42,709 - cyberbully - INFO - Micro F1: 0.8759
2026-02-20 23:37:42,709 - cyberbully - INFO - Inference time: 6.65 seconds
2026-02-20 23:37:42,709 - cyberbully - INFO - Energy consumption: 0.000434 kWh
2026-02-20 23:37:42,709 - cyberbully - INFO - ============================================================
2026-02-20 23:37:42,710 - cyberbully - INFO - Pipeline complete. Results saved to: experiments/sbert-model/all-mpnet-base-v2/kaggle/prep1_aug0/seed_67351593
2026-02-20 23:37:42,710 - cyberbully - INFO - ============================================================
