2026-02-20 20:41:49,213 - cyberbully - INFO - ============================================================
2026-02-20 20:41:49,213 - cyberbully - INFO - Cyberbullying Detection Pipeline
2026-02-20 20:41:49,213 - cyberbully - INFO - ============================================================
2026-02-20 20:41:49,213 - cyberbully - INFO - Configuration:
2026-02-20 20:41:49,213 - cyberbully - INFO -   model          : all-mpnet-base-v2
2026-02-20 20:41:49,213 - cyberbully - INFO -   dataset        : kaggle
2026-02-20 20:41:49,213 - cyberbully - INFO -   preprocess     : False
2026-02-20 20:41:49,213 - cyberbully - INFO -   augment        : False
2026-02-20 20:41:49,213 - cyberbully - INFO -   compute_attribution: False
2026-02-20 20:41:49,214 - cyberbully - INFO -   seed           : 99511865
2026-02-20 20:41:49,214 - cyberbully - INFO -   epochs         : 5
2026-02-20 20:41:49,214 - cyberbully - INFO -   batch_size     : 16
2026-02-20 20:41:49,214 - cyberbully - INFO -   lr             : 2e-05
2026-02-20 20:41:49,214 - cyberbully - INFO -   max_length     : 128
2026-02-20 20:41:49,214 - cyberbully - INFO -   output_dir     : sbert-model
2026-02-20 20:41:49,214 - cyberbully - INFO -   data_dir       : dataset
2026-02-20 20:41:49,214 - cyberbully - INFO -   sbert          : True
2026-02-20 20:41:49,214 - cyberbully - INFO -   overwrite      : False
2026-02-20 20:41:49,214 - cyberbully - INFO -   device         : cuda
2026-02-20 20:41:49,214 - cyberbully - INFO -   output_dir     : experiments/sbert-model/all-mpnet-base-v2/kaggle/prep0_aug0/seed_99511865
2026-02-20 20:41:49,214 - cyberbully - INFO - ============================================================
2026-02-20 20:41:49,214 - cyberbully - INFO - Step 1: Preparing data...
2026-02-20 20:41:49,214 - cyberbully - INFO - Loading dataset 'kaggle' from dataset/Kaggle.csv
2026-02-20 20:41:49,272 - cyberbully - INFO - Loaded 47656 samples with 6 classes: ['age', 'ethnicity', 'gender', 'not_cyberbullying', 'other_cyberbullying', 'religion']
2026-02-20 20:41:49,274 - cyberbully - INFO - Label mapping: {'age': 0, 'ethnicity': 1, 'gender': 2, 'not_cyberbullying': 3, 'other_cyberbullying': 4, 'religion': 5}
2026-02-20 20:41:49,287 - cyberbully - INFO - Split sizes — train: 30499, val: 7625, test: 9532
2026-02-20 20:41:49,287 - cyberbully - INFO - Number of classes: 6
2026-02-20 20:41:49,288 - cyberbully - INFO - Step 2: Loading model and tokenizer...
2026-02-20 20:41:49,288 - cyberbully - INFO - Loading model 'all-mpnet-base-v2' with 6 labels (sbert=True)
2026-02-20 20:41:51,926 - cyberbully - INFO - SBERTClassifier: embedding_dim=768, hidden=256, num_labels=6
2026-02-20 20:41:52,218 - cyberbully - INFO - Step 3: Creating datasets...
2026-02-20 20:41:52,881 - cyberbully - INFO - Dataset sizes — train: 30499, val: 7625, test: 9532
2026-02-20 20:41:52,882 - cyberbully - INFO - Step 4: Training...
2026-02-20 20:41:52,923 - cyberbully - INFO - Starting training...
2026-02-20 20:52:02,540 - cyberbully - INFO - Training complete.
2026-02-20 20:52:02,540 - cyberbully - INFO - Step 5: Evaluating on test set...
2026-02-20 20:52:14,615 - cyberbully - INFO - Metrics saved to experiments/sbert-model/all-mpnet-base-v2/kaggle/prep0_aug0/seed_99511865/metrics.json
2026-02-20 20:52:14,616 - cyberbully - INFO - Confusion matrix saved to experiments/sbert-model/all-mpnet-base-v2/kaggle/prep0_aug0/seed_99511865/confusion_matrix.json
2026-02-20 20:52:14,728 - cyberbully - INFO - Confusion matrix figure saved to experiments/sbert-model/all-mpnet-base-v2/kaggle/prep0_aug0/seed_99511865/confusion_matrix.pdf
2026-02-20 20:52:14,728 - cyberbully - INFO - Accuracy: 0.8758
2026-02-20 20:52:14,728 - cyberbully - INFO - Weighted F1: 0.8748
2026-02-20 20:52:14,728 - cyberbully - INFO - Micro F1: 0.8758
2026-02-20 20:52:14,728 - cyberbully - INFO - Inference time: 7.75 seconds
2026-02-20 20:52:14,728 - cyberbully - INFO - Energy consumption: 0.000503 kWh
2026-02-20 20:52:14,728 - cyberbully - INFO - ============================================================
2026-02-20 20:52:14,728 - cyberbully - INFO - Pipeline complete. Results saved to: experiments/sbert-model/all-mpnet-base-v2/kaggle/prep0_aug0/seed_99511865
2026-02-20 20:52:14,728 - cyberbully - INFO - ============================================================
