2026-02-19 12:57:26,865 - cyberbully - INFO - ============================================================
2026-02-19 12:57:26,865 - cyberbully - INFO - Cyberbullying Detection Pipeline
2026-02-19 12:57:26,865 - cyberbully - INFO - ============================================================
2026-02-19 12:57:26,865 - cyberbully - INFO - Configuration:
2026-02-19 12:57:26,865 - cyberbully - INFO -   model          : sarkerlab/SocBERT-base
2026-02-19 12:57:26,865 - cyberbully - INFO -   dataset        : kaggle
2026-02-19 12:57:26,865 - cyberbully - INFO -   preprocess     : True
2026-02-19 12:57:26,865 - cyberbully - INFO -   augment        : True
2026-02-19 12:57:26,865 - cyberbully - INFO -   compute_attribution: False
2026-02-19 12:57:26,865 - cyberbully - INFO -   seed           : 70681460
2026-02-19 12:57:26,865 - cyberbully - INFO -   epochs         : 5
2026-02-19 12:57:26,865 - cyberbully - INFO -   batch_size     : 16
2026-02-19 12:57:26,865 - cyberbully - INFO -   lr             : 2e-05
2026-02-19 12:57:26,865 - cyberbully - INFO -   max_length     : 128
2026-02-19 12:57:26,865 - cyberbully - INFO -   output_dir     : domain-model
2026-02-19 12:57:26,865 - cyberbully - INFO -   data_dir       : dataset
2026-02-19 12:57:26,865 - cyberbully - INFO -   sbert          : False
2026-02-19 12:57:26,865 - cyberbully - INFO -   overwrite      : False
2026-02-19 12:57:26,865 - cyberbully - INFO -   device         : cuda
2026-02-19 12:57:26,865 - cyberbully - INFO -   output_dir     : experiments/domain-model/sarkerlab_SocBERT-base/kaggle/prep1_aug1/seed_70681460
2026-02-19 12:57:26,865 - cyberbully - INFO - ============================================================
2026-02-19 12:57:26,865 - cyberbully - INFO - Step 1: Preparing data...
2026-02-19 12:57:26,865 - cyberbully - INFO - Loading dataset 'kaggle' from dataset/Kaggle.csv
2026-02-19 12:57:26,925 - cyberbully - INFO - Loaded 47656 samples with 6 classes: ['age', 'ethnicity', 'gender', 'not_cyberbullying', 'other_cyberbullying', 'religion']
2026-02-19 12:57:26,925 - cyberbully - INFO - Applying text preprocessing...
2026-02-19 12:58:18,826 - cyberbully - INFO - After preprocessing: 41390 samples remain
2026-02-19 12:58:18,829 - cyberbully - INFO - Label mapping: {'age': 0, 'ethnicity': 1, 'gender': 2, 'not_cyberbullying': 3, 'other_cyberbullying': 4, 'religion': 5}
2026-02-19 12:58:18,840 - cyberbully - INFO - Split sizes — train: 26489, val: 6623, test: 8278
2026-02-19 12:58:18,840 - cyberbully - INFO - Applying training data augmentation (oversampling)...
2026-02-19 12:58:18,845 - cyberbully - INFO - After oversampling — class distribution: {0: 5065, 1: 5065, 2: 5065, 3: 5065, 4: 5065, 5: 5065}
2026-02-19 12:58:18,846 - cyberbully - INFO - Number of classes: 6
2026-02-19 12:58:18,847 - cyberbully - INFO - Step 2: Loading model and tokenizer...
2026-02-19 12:58:18,847 - cyberbully - INFO - Loading model 'sarkerlab/SocBERT-base' with 6 labels (sbert=False)
2026-02-19 12:58:20,043 - cyberbully - INFO - Step 3: Creating datasets...
2026-02-19 12:58:20,618 - cyberbully - INFO - Dataset sizes — train: 30390, val: 6623, test: 8278
2026-02-19 12:58:20,618 - cyberbully - INFO - Step 4: Training...
2026-02-19 12:58:20,868 - cyberbully - INFO - Starting training...
2026-02-19 13:08:34,413 - cyberbully - INFO - Training complete.
2026-02-19 13:08:34,414 - cyberbully - INFO - Step 5: Evaluating on test set...
2026-02-19 13:08:45,131 - cyberbully - INFO - Metrics saved to experiments/domain-model/sarkerlab_SocBERT-base/kaggle/prep1_aug1/seed_70681460/metrics.json
2026-02-19 13:08:45,132 - cyberbully - INFO - Confusion matrix saved to experiments/domain-model/sarkerlab_SocBERT-base/kaggle/prep1_aug1/seed_70681460/confusion_matrix.json
2026-02-19 13:08:45,244 - cyberbully - INFO - Confusion matrix figure saved to experiments/domain-model/sarkerlab_SocBERT-base/kaggle/prep1_aug1/seed_70681460/confusion_matrix.pdf
2026-02-19 13:08:45,244 - cyberbully - INFO - Accuracy: 0.8687
2026-02-19 13:08:45,244 - cyberbully - INFO - Weighted F1: 0.8686
2026-02-19 13:08:45,244 - cyberbully - INFO - Micro F1: 0.8687
2026-02-19 13:08:45,244 - cyberbully - INFO - Inference time: 6.23 seconds
2026-02-19 13:08:45,244 - cyberbully - INFO - Energy consumption: 0.000382 kWh
2026-02-19 13:08:45,244 - cyberbully - INFO - ============================================================
2026-02-19 13:08:45,244 - cyberbully - INFO - Pipeline complete. Results saved to: experiments/domain-model/sarkerlab_SocBERT-base/kaggle/prep1_aug1/seed_70681460
2026-02-19 13:08:45,244 - cyberbully - INFO - ============================================================
