2026-02-13 21:16:07,898 - cyberbully - INFO - ============================================================
2026-02-13 21:16:07,898 - cyberbully - INFO - Cyberbullying Detection Pipeline
2026-02-13 21:16:07,898 - cyberbully - INFO - ============================================================
2026-02-13 21:16:07,898 - cyberbully - INFO - Configuration:
2026-02-13 21:16:07,899 - cyberbully - INFO -   model          : roberta-base
2026-02-13 21:16:07,899 - cyberbully - INFO -   dataset        : tweeteval
2026-02-13 21:16:07,899 - cyberbully - INFO -   preprocess     : True
2026-02-13 21:16:07,899 - cyberbully - INFO -   augment        : False
2026-02-13 21:16:07,899 - cyberbully - INFO -   compute_attribution: False
2026-02-13 21:16:07,899 - cyberbully - INFO -   seed           : 70681460
2026-02-13 21:16:07,899 - cyberbully - INFO -   epochs         : 5
2026-02-13 21:16:07,899 - cyberbully - INFO -   batch_size     : 16
2026-02-13 21:16:07,899 - cyberbully - INFO -   lr             : 2e-05
2026-02-13 21:16:07,899 - cyberbully - INFO -   max_length     : 128
2026-02-13 21:16:07,899 - cyberbully - INFO -   output_dir     : experiments
2026-02-13 21:16:07,899 - cyberbully - INFO -   data_dir       : dataset
2026-02-13 21:16:07,899 - cyberbully - INFO -   overwrite      : False
2026-02-13 21:16:07,899 - cyberbully - INFO -   device         : cuda
2026-02-13 21:16:07,899 - cyberbully - INFO -   output_dir     : experiments/roberta-base/tweeteval/prep1_aug0/seed_70681460
2026-02-13 21:16:07,899 - cyberbully - INFO - ============================================================
2026-02-13 21:16:07,899 - cyberbully - INFO - Step 1: Preparing data...
2026-02-13 21:16:07,899 - cyberbully - INFO - Loading dataset 'tweeteval' from dataset/Tweeteval.csv
2026-02-13 21:16:07,973 - cyberbully - INFO - Loaded 50759 samples with 5 classes: ['emotion', 'hate', 'offensive', 'religion', 'spiritual']
2026-02-13 21:16:07,973 - cyberbully - INFO - Applying text preprocessing...
2026-02-13 21:17:02,920 - cyberbully - INFO - After preprocessing: 47368 samples remain
2026-02-13 21:17:02,922 - cyberbully - INFO - Label mapping: {'emotion': 0, 'hate': 1, 'offensive': 2, 'religion': 3, 'spiritual': 4}
2026-02-13 21:17:02,934 - cyberbully - INFO - Split sizes — train: 30315, val: 7579, test: 9474
2026-02-13 21:17:02,935 - cyberbully - INFO - Number of classes: 5
2026-02-13 21:17:02,935 - cyberbully - INFO - Step 2: Loading model and tokenizer...
2026-02-13 21:17:02,935 - cyberbully - INFO - Loading model 'roberta-base' with 5 labels
2026-02-13 21:17:03,717 - cyberbully - INFO - Step 3: Tokenizing datasets...
2026-02-13 21:17:04,436 - cyberbully - INFO - Dataset sizes — train: 30315, val: 7579, test: 9474
2026-02-13 21:17:04,436 - cyberbully - INFO - Step 4: Training...
2026-02-13 21:17:04,675 - cyberbully - INFO - Starting training...
2026-02-13 21:27:13,325 - cyberbully - INFO - Training complete.
2026-02-13 21:27:13,325 - cyberbully - INFO - Step 5: Evaluating on test set...
2026-02-13 21:27:25,707 - cyberbully - INFO - Metrics saved to experiments/roberta-base/tweeteval/prep1_aug0/seed_70681460/metrics.json
2026-02-13 21:27:25,707 - cyberbully - INFO - Confusion matrix saved to experiments/roberta-base/tweeteval/prep1_aug0/seed_70681460/confusion_matrix.json
2026-02-13 21:27:25,808 - cyberbully - INFO - Confusion matrix figure saved to experiments/roberta-base/tweeteval/prep1_aug0/seed_70681460/confusion_matrix.pdf
2026-02-13 21:27:25,808 - cyberbully - INFO - Accuracy: 0.9397
2026-02-13 21:27:25,808 - cyberbully - INFO - Weighted F1: 0.9398
2026-02-13 21:27:25,808 - cyberbully - INFO - Micro F1: 0.9397
2026-02-13 21:27:25,808 - cyberbully - INFO - Inference time: 7.39 seconds
2026-02-13 21:27:25,808 - cyberbully - INFO - Energy consumption: 0.000437 kWh
2026-02-13 21:27:25,808 - cyberbully - INFO - ============================================================
2026-02-13 21:27:25,808 - cyberbully - INFO - Pipeline complete. Results saved to: experiments/roberta-base/tweeteval/prep1_aug0/seed_70681460
2026-02-13 21:27:25,808 - cyberbully - INFO - ============================================================
