2026-06-14 23:16:13,560 - cyberbully - INFO - ============================================================
2026-06-14 23:16:13,560 - cyberbully - INFO - Cyberbullying Detection Pipeline
2026-06-14 23:16:13,560 - cyberbully - INFO - ============================================================
2026-06-14 23:16:13,560 - cyberbully - INFO - Configuration:
2026-06-14 23:16:13,560 - cyberbully - INFO -   model          : answerdotai/ModernBERT-base
2026-06-14 23:16:13,560 - cyberbully - INFO -   dataset        : kaggle
2026-06-14 23:16:13,560 - cyberbully - INFO -   preprocess     : False
2026-06-14 23:16:13,560 - cyberbully - INFO -   prep_mode      : 2
2026-06-14 23:16:13,560 - cyberbully - INFO -   augment        : False
2026-06-14 23:16:13,561 - cyberbully - INFO -   compute_attribution: False
2026-06-14 23:16:13,561 - cyberbully - INFO -   seed           : 24677315
2026-06-14 23:16:13,561 - cyberbully - INFO -   epochs         : 10
2026-06-14 23:16:13,561 - cyberbully - INFO -   batch_size     : 32
2026-06-14 23:16:13,561 - cyberbully - INFO -   lr             : 5e-05
2026-06-14 23:16:13,561 - cyberbully - INFO -   max_length     : 128
2026-06-14 23:16:13,561 - cyberbully - INFO -   output_dir     : grid-search
2026-06-14 23:16:13,561 - cyberbully - INFO -   data_dir       : dataset
2026-06-14 23:16:13,561 - cyberbully - INFO -   sbert          : False
2026-06-14 23:16:13,561 - cyberbully - INFO -   supcon         : False
2026-06-14 23:16:13,561 - cyberbully - INFO -   supcon_weight  : 0.1
2026-06-14 23:16:13,561 - cyberbully - INFO -   proj_dim       : 128
2026-06-14 23:16:13,561 - cyberbully - INFO -   grad_accum_steps: 1
2026-06-14 23:16:13,561 - cyberbully - INFO -   overwrite      : False
2026-06-14 23:16:13,561 - cyberbully - INFO -   device         : cuda
2026-06-14 23:16:13,561 - cyberbully - INFO -   output_dir     : experiments/grid-search/answerdotai_ModernBERT-base/kaggle/prep2_aug0/seed_24677315
2026-06-14 23:16:13,561 - cyberbully - INFO - ============================================================
2026-06-14 23:16:13,561 - cyberbully - INFO - Step 1: Preparing data...
2026-06-14 23:16:13,606 - cyberbully - INFO - Loaded pre-split data from dataset/kaggle — train: 25604, val: 6401, test: 8002
2026-06-14 23:16:13,607 - cyberbully - INFO - Label mapping: {'age': 0, 'ethnicity': 1, 'gender': 2, 'other_cyberbullying': 3, 'religion': 4}
2026-06-14 23:16:13,608 - cyberbully - INFO - Applying partial text preprocessing per split...
2026-06-14 23:16:14,909 - cyberbully - INFO - After preprocessing -- train: 25604, val: 6401, test: 8002
2026-06-14 23:16:14,913 - cyberbully - INFO - Number of classes: 5
2026-06-14 23:16:14,914 - cyberbully - INFO - Step 2: Loading model and tokenizer...
2026-06-14 23:16:14,914 - cyberbully - INFO - Loading model 'answerdotai/ModernBERT-base' with 5 labels (sbert=False, supcon=False)
2026-06-14 23:16:16,629 - cyberbully - INFO - Step 3: Creating datasets...
2026-06-14 23:16:17,563 - cyberbully - INFO - Dataset sizes — train: 25604, val: 6401, test: 8002
2026-06-14 23:16:17,563 - cyberbully - INFO - Step 4: Training...
2026-06-14 23:16:17,797 - cyberbully - INFO - Starting training...
2026-06-14 23:36:26,607 - cyberbully - INFO - Training complete.
2026-06-14 23:36:26,692 - cyberbully - INFO - Removed checkpoint: experiments/grid-search/answerdotai_ModernBERT-base/kaggle/prep2_aug0/seed_24677315/checkpoint-5607
2026-06-14 23:36:26,798 - cyberbully - INFO - Removed checkpoint: experiments/grid-search/answerdotai_ModernBERT-base/kaggle/prep2_aug0/seed_24677315/checkpoint-8010
2026-06-14 23:36:26,885 - cyberbully - INFO - Removed checkpoint: experiments/grid-search/answerdotai_ModernBERT-base/kaggle/prep2_aug0/seed_24677315/checkpoint-6408
2026-06-14 23:36:26,971 - cyberbully - INFO - Removed checkpoint: experiments/grid-search/answerdotai_ModernBERT-base/kaggle/prep2_aug0/seed_24677315/checkpoint-1602
2026-06-14 23:36:27,057 - cyberbully - INFO - Removed checkpoint: experiments/grid-search/answerdotai_ModernBERT-base/kaggle/prep2_aug0/seed_24677315/checkpoint-3204
2026-06-14 23:36:27,143 - cyberbully - INFO - Removed checkpoint: experiments/grid-search/answerdotai_ModernBERT-base/kaggle/prep2_aug0/seed_24677315/checkpoint-7209
2026-06-14 23:36:27,229 - cyberbully - INFO - Removed checkpoint: experiments/grid-search/answerdotai_ModernBERT-base/kaggle/prep2_aug0/seed_24677315/checkpoint-4005
2026-06-14 23:36:27,316 - cyberbully - INFO - Removed checkpoint: experiments/grid-search/answerdotai_ModernBERT-base/kaggle/prep2_aug0/seed_24677315/checkpoint-4806
2026-06-14 23:36:27,404 - cyberbully - INFO - Removed checkpoint: experiments/grid-search/answerdotai_ModernBERT-base/kaggle/prep2_aug0/seed_24677315/checkpoint-801
2026-06-14 23:36:27,490 - cyberbully - INFO - Removed checkpoint: experiments/grid-search/answerdotai_ModernBERT-base/kaggle/prep2_aug0/seed_24677315/checkpoint-2403
2026-06-14 23:36:27,490 - cyberbully - INFO - Step 5: Evaluating on test set...
2026-06-14 23:36:43,297 - cyberbully - INFO - Metrics saved to experiments/grid-search/answerdotai_ModernBERT-base/kaggle/prep2_aug0/seed_24677315/metrics.json
2026-06-14 23:36:43,297 - cyberbully - INFO - Confusion matrix saved to experiments/grid-search/answerdotai_ModernBERT-base/kaggle/prep2_aug0/seed_24677315/confusion_matrix.json
2026-06-14 23:36:43,379 - cyberbully - INFO - Per-sample predictions saved to experiments/grid-search/answerdotai_ModernBERT-base/kaggle/prep2_aug0/seed_24677315/predictions.json
2026-06-14 23:36:43,486 - cyberbully - INFO - Confusion matrix figure saved to experiments/grid-search/answerdotai_ModernBERT-base/kaggle/prep2_aug0/seed_24677315/confusion_matrix.pdf
2026-06-14 23:36:43,486 - cyberbully - INFO - Accuracy: 0.9493
2026-06-14 23:36:43,486 - cyberbully - INFO - Weighted F1: 0.9496
2026-06-14 23:36:43,486 - cyberbully - INFO - Micro F1: 0.9493
2026-06-14 23:36:43,486 - cyberbully - INFO - Inference time: 9.69 seconds
2026-06-14 23:36:43,486 - cyberbully - INFO - Energy consumption: 0.000589 kWh
2026-06-14 23:36:43,488 - cyberbully - INFO - ============================================================
2026-06-14 23:36:43,488 - cyberbully - INFO - Pipeline complete. Results saved to: experiments/grid-search/answerdotai_ModernBERT-base/kaggle/prep2_aug0/seed_24677315
2026-06-14 23:36:43,488 - cyberbully - INFO - ============================================================
