2026-02-13 20:30:40,513 - cyberbully - INFO - ============================================================
2026-02-13 20:30:40,513 - cyberbully - INFO - Cyberbullying Detection Pipeline
2026-02-13 20:30:40,513 - cyberbully - INFO - ============================================================
2026-02-13 20:30:40,513 - cyberbully - INFO - Configuration:
2026-02-13 20:30:40,513 - cyberbully - INFO -   model          : roberta-base
2026-02-13 20:30:40,513 - cyberbully - INFO -   dataset        : tweeteval
2026-02-13 20:30:40,513 - cyberbully - INFO -   preprocess     : True
2026-02-13 20:30:40,513 - cyberbully - INFO -   augment        : False
2026-02-13 20:30:40,513 - cyberbully - INFO -   compute_attribution: False
2026-02-13 20:30:40,513 - cyberbully - INFO -   seed           : 37622020
2026-02-13 20:30:40,513 - cyberbully - INFO -   epochs         : 5
2026-02-13 20:30:40,514 - cyberbully - INFO -   batch_size     : 16
2026-02-13 20:30:40,514 - cyberbully - INFO -   lr             : 2e-05
2026-02-13 20:30:40,514 - cyberbully - INFO -   max_length     : 128
2026-02-13 20:30:40,514 - cyberbully - INFO -   output_dir     : experiments
2026-02-13 20:30:40,514 - cyberbully - INFO -   data_dir       : dataset
2026-02-13 20:30:40,514 - cyberbully - INFO -   overwrite      : False
2026-02-13 20:30:40,514 - cyberbully - INFO -   device         : cuda
2026-02-13 20:30:40,514 - cyberbully - INFO -   output_dir     : experiments/roberta-base/tweeteval/prep1_aug0/seed_37622020
2026-02-13 20:30:40,514 - cyberbully - INFO - ============================================================
2026-02-13 20:30:40,514 - cyberbully - INFO - Step 1: Preparing data...
2026-02-13 20:30:40,514 - cyberbully - INFO - Loading dataset 'tweeteval' from dataset/Tweeteval.csv
2026-02-13 20:30:40,589 - cyberbully - INFO - Loaded 50759 samples with 5 classes: ['emotion', 'hate', 'offensive', 'religion', 'spiritual']
2026-02-13 20:30:40,589 - cyberbully - INFO - Applying text preprocessing...
2026-02-13 20:31:36,090 - cyberbully - INFO - After preprocessing: 47382 samples remain
2026-02-13 20:31:36,093 - cyberbully - INFO - Label mapping: {'emotion': 0, 'hate': 1, 'offensive': 2, 'religion': 3, 'spiritual': 4}
2026-02-13 20:31:36,105 - cyberbully - INFO - Split sizes — train: 30324, val: 7581, test: 9477
2026-02-13 20:31:36,105 - cyberbully - INFO - Number of classes: 5
2026-02-13 20:31:36,105 - cyberbully - INFO - Step 2: Loading model and tokenizer...
2026-02-13 20:31:36,105 - cyberbully - INFO - Loading model 'roberta-base' with 5 labels
2026-02-13 20:31:37,240 - cyberbully - INFO - Step 3: Tokenizing datasets...
2026-02-13 20:31:37,959 - cyberbully - INFO - Dataset sizes — train: 30324, val: 7581, test: 9477
2026-02-13 20:31:37,959 - cyberbully - INFO - Step 4: Training...
2026-02-13 20:31:38,194 - cyberbully - INFO - Starting training...
2026-02-13 20:41:46,965 - cyberbully - INFO - Training complete.
2026-02-13 20:41:46,965 - cyberbully - INFO - Step 5: Evaluating on test set...
2026-02-13 20:41:59,424 - cyberbully - INFO - Metrics saved to experiments/roberta-base/tweeteval/prep1_aug0/seed_37622020/metrics.json
2026-02-13 20:41:59,424 - cyberbully - INFO - Confusion matrix saved to experiments/roberta-base/tweeteval/prep1_aug0/seed_37622020/confusion_matrix.json
2026-02-13 20:41:59,526 - cyberbully - INFO - Confusion matrix figure saved to experiments/roberta-base/tweeteval/prep1_aug0/seed_37622020/confusion_matrix.pdf
2026-02-13 20:41:59,526 - cyberbully - INFO - Accuracy: 0.9380
2026-02-13 20:41:59,526 - cyberbully - INFO - Weighted F1: 0.9379
2026-02-13 20:41:59,526 - cyberbully - INFO - Micro F1: 0.9380
2026-02-13 20:41:59,526 - cyberbully - INFO - Inference time: 7.40 seconds
2026-02-13 20:41:59,526 - cyberbully - INFO - Energy consumption: 0.000438 kWh
2026-02-13 20:41:59,526 - cyberbully - INFO - ============================================================
2026-02-13 20:41:59,526 - cyberbully - INFO - Pipeline complete. Results saved to: experiments/roberta-base/tweeteval/prep1_aug0/seed_37622020
2026-02-13 20:41:59,526 - cyberbully - INFO - ============================================================
