2026-04-08 22:15:40,955 - cyberbully - INFO - ============================================================
2026-04-08 22:15:40,955 - cyberbully - INFO - Cyberbullying Detection Pipeline
2026-04-08 22:15:40,955 - cyberbully - INFO - ============================================================
2026-04-08 22:15:40,955 - cyberbully - INFO - Configuration:
2026-04-08 22:15:40,955 - cyberbully - INFO -   model          : google/mobilebert-uncased
2026-04-08 22:15:40,955 - cyberbully - INFO -   dataset        : tweeteval
2026-04-08 22:15:40,955 - cyberbully - INFO -   preprocess     : False
2026-04-08 22:15:40,955 - cyberbully - INFO -   augment        : True
2026-04-08 22:15:40,955 - cyberbully - INFO -   compute_attribution: False
2026-04-08 22:15:40,955 - cyberbully - INFO -   seed           : 43782163
2026-04-08 22:15:40,955 - cyberbully - INFO -   epochs         : 10
2026-04-08 22:15:40,955 - cyberbully - INFO -   batch_size     : 32
2026-04-08 22:15:40,955 - cyberbully - INFO -   lr             : 5e-05
2026-04-08 22:15:40,955 - cyberbully - INFO -   max_length     : 128
2026-04-08 22:15:40,955 - cyberbully - INFO -   output_dir     : grid-search
2026-04-08 22:15:40,955 - cyberbully - INFO -   data_dir       : dataset
2026-04-08 22:15:40,955 - cyberbully - INFO -   sbert          : False
2026-04-08 22:15:40,955 - cyberbully - INFO -   supcon         : False
2026-04-08 22:15:40,955 - cyberbully - INFO -   supcon_weight  : 0.1
2026-04-08 22:15:40,955 - cyberbully - INFO -   proj_dim       : 128
2026-04-08 22:15:40,955 - cyberbully - INFO -   grad_accum_steps: 1
2026-04-08 22:15:40,955 - cyberbully - INFO -   overwrite      : False
2026-04-08 22:15:40,955 - cyberbully - INFO -   device         : cuda
2026-04-08 22:15:40,955 - cyberbully - INFO -   output_dir     : experiments/grid-search/google_mobilebert-uncased/tweeteval/prep0_aug1/seed_43782163
2026-04-08 22:15:40,955 - cyberbully - INFO - ============================================================
2026-04-08 22:15:40,955 - cyberbully - INFO - Step 1: Preparing data...
2026-04-08 22:15:41,003 - cyberbully - INFO - Loaded pre-split data from dataset/tweeteval — train: 32485, val: 8122, test: 10152
2026-04-08 22:15:41,003 - cyberbully - INFO - Label mapping: {'emotion': 0, 'hate': 1, 'offensive': 2, 'religion': 3, 'spiritual': 4}
2026-04-08 22:15:41,006 - cyberbully - INFO - Applying training data augmentation (oversampling)...
2026-04-08 22:15:41,012 - cyberbully - INFO - After oversampling — class distribution: {0: 8985, 1: 8985, 2: 8985, 3: 8985, 4: 8985}
2026-04-08 22:15:41,022 - cyberbully - INFO - Number of classes: 5
2026-04-08 22:15:41,023 - cyberbully - INFO - Step 2: Loading model and tokenizer...
2026-04-08 22:15:41,023 - cyberbully - INFO - Loading model 'google/mobilebert-uncased' with 5 labels (sbert=False, supcon=False)
2026-04-08 22:15:42,981 - cyberbully - WARNING - FP16 disabled for model_type='mobilebert' (known fp16 instability).
2026-04-08 22:15:42,981 - cyberbully - INFO - Step 3: Creating datasets...
2026-04-08 22:15:44,044 - cyberbully - INFO - Dataset sizes — train: 44925, val: 8122, test: 10152
2026-04-08 22:15:44,045 - cyberbully - INFO - Step 4: Training...
2026-04-08 22:15:44,121 - cyberbully - INFO - Starting training...
2026-04-08 22:32:20,852 - cyberbully - INFO - Training complete.
2026-04-08 22:32:20,870 - cyberbully - INFO - Removed checkpoint: experiments/grid-search/google_mobilebert-uncased/tweeteval/prep0_aug1/seed_43782163/checkpoint-8424
2026-04-08 22:32:20,888 - cyberbully - INFO - Removed checkpoint: experiments/grid-search/google_mobilebert-uncased/tweeteval/prep0_aug1/seed_43782163/checkpoint-5616
2026-04-08 22:32:20,905 - cyberbully - INFO - Removed checkpoint: experiments/grid-search/google_mobilebert-uncased/tweeteval/prep0_aug1/seed_43782163/checkpoint-7020
2026-04-08 22:32:20,923 - cyberbully - INFO - Removed checkpoint: experiments/grid-search/google_mobilebert-uncased/tweeteval/prep0_aug1/seed_43782163/checkpoint-11232
2026-04-08 22:32:20,941 - cyberbully - INFO - Removed checkpoint: experiments/grid-search/google_mobilebert-uncased/tweeteval/prep0_aug1/seed_43782163/checkpoint-12636
2026-04-08 22:32:20,958 - cyberbully - INFO - Removed checkpoint: experiments/grid-search/google_mobilebert-uncased/tweeteval/prep0_aug1/seed_43782163/checkpoint-1404
2026-04-08 22:32:20,976 - cyberbully - INFO - Removed checkpoint: experiments/grid-search/google_mobilebert-uncased/tweeteval/prep0_aug1/seed_43782163/checkpoint-14040
2026-04-08 22:32:20,994 - cyberbully - INFO - Removed checkpoint: experiments/grid-search/google_mobilebert-uncased/tweeteval/prep0_aug1/seed_43782163/checkpoint-4212
2026-04-08 22:32:21,011 - cyberbully - INFO - Removed checkpoint: experiments/grid-search/google_mobilebert-uncased/tweeteval/prep0_aug1/seed_43782163/checkpoint-9828
2026-04-08 22:32:21,029 - cyberbully - INFO - Removed checkpoint: experiments/grid-search/google_mobilebert-uncased/tweeteval/prep0_aug1/seed_43782163/checkpoint-2808
2026-04-08 22:32:21,029 - cyberbully - INFO - Step 5: Evaluating on test set...
2026-04-08 22:32:30,500 - cyberbully - INFO - Metrics saved to experiments/grid-search/google_mobilebert-uncased/tweeteval/prep0_aug1/seed_43782163/metrics.json
2026-04-08 22:32:30,500 - cyberbully - INFO - Confusion matrix saved to experiments/grid-search/google_mobilebert-uncased/tweeteval/prep0_aug1/seed_43782163/confusion_matrix.json
2026-04-08 22:32:30,596 - cyberbully - INFO - Per-sample predictions saved to experiments/grid-search/google_mobilebert-uncased/tweeteval/prep0_aug1/seed_43782163/predictions.json
2026-04-08 22:32:30,700 - cyberbully - INFO - Confusion matrix figure saved to experiments/grid-search/google_mobilebert-uncased/tweeteval/prep0_aug1/seed_43782163/confusion_matrix.pdf
2026-04-08 22:32:30,700 - cyberbully - INFO - Accuracy: 0.9681
2026-04-08 22:32:30,700 - cyberbully - INFO - Weighted F1: 0.9680
2026-04-08 22:32:30,700 - cyberbully - INFO - Micro F1: 0.9681
2026-04-08 22:32:30,700 - cyberbully - INFO - Inference time: 4.98 seconds
2026-04-08 22:32:30,700 - cyberbully - INFO - Energy consumption: 0.000315 kWh
2026-04-08 22:32:30,702 - cyberbully - INFO - ============================================================
2026-04-08 22:32:30,702 - cyberbully - INFO - Pipeline complete. Results saved to: experiments/grid-search/google_mobilebert-uncased/tweeteval/prep0_aug1/seed_43782163
2026-04-08 22:32:30,702 - cyberbully - INFO - ============================================================
