2026-03-18 21:06:12,811 - cyberbully - INFO - ============================================================
2026-03-18 21:06:12,811 - cyberbully - INFO - Cyberbullying Detection Pipeline
2026-03-18 21:06:12,811 - cyberbully - INFO - ============================================================
2026-03-18 21:06:12,811 - cyberbully - INFO - Configuration:
2026-03-18 21:06:12,811 - cyberbully - INFO -   model          : Twitter/twhin-bert-base
2026-03-18 21:06:12,811 - cyberbully - INFO -   dataset        : ieee
2026-03-18 21:06:12,811 - cyberbully - INFO -   preprocess     : True
2026-03-18 21:06:12,811 - cyberbully - INFO -   augment        : False
2026-03-18 21:06:12,812 - cyberbully - INFO -   compute_attribution: False
2026-03-18 21:06:12,812 - cyberbully - INFO -   seed           : 90995999
2026-03-18 21:06:12,812 - cyberbully - INFO -   epochs         : 10
2026-03-18 21:06:12,812 - cyberbully - INFO -   batch_size     : 32
2026-03-18 21:06:12,812 - cyberbully - INFO -   lr             : 5e-05
2026-03-18 21:06:12,812 - cyberbully - INFO -   max_length     : 128
2026-03-18 21:06:12,812 - cyberbully - INFO -   output_dir     : supcon-baseline
2026-03-18 21:06:12,812 - cyberbully - INFO -   data_dir       : dataset
2026-03-18 21:06:12,812 - cyberbully - INFO -   sbert          : False
2026-03-18 21:06:12,812 - cyberbully - INFO -   supcon         : False
2026-03-18 21:06:12,812 - cyberbully - INFO -   supcon_weight  : 0.1
2026-03-18 21:06:12,812 - cyberbully - INFO -   proj_dim       : 128
2026-03-18 21:06:12,812 - cyberbully - INFO -   grad_accum_steps: 1
2026-03-18 21:06:12,812 - cyberbully - INFO -   overwrite      : False
2026-03-18 21:06:12,812 - cyberbully - INFO -   device         : cuda
2026-03-18 21:06:12,812 - cyberbully - INFO -   output_dir     : experiments/supcon-baseline/Twitter_twhin-bert-base/ieee/prep1_aug0/seed_90995999
2026-03-18 21:06:12,812 - cyberbully - INFO - ============================================================
2026-03-18 21:06:12,812 - cyberbully - INFO - Step 1: Preparing data...
2026-03-18 21:06:12,815 - cyberbully - INFO - Loaded pre-split data from dataset/ieee — train: 1348, val: 338, test: 422
2026-03-18 21:06:12,815 - cyberbully - INFO - Label mapping: {'Cyberstalking': 0, 'Doxing': 1, 'Revenge Porn': 2, 'Sexual Harassment': 3, 'Slut Shaming': 4}
2026-03-18 21:06:12,815 - cyberbully - INFO - Applying text preprocessing per split...
2026-03-18 21:06:12,936 - cyberbully - INFO - After preprocessing — train: 1348, val: 338, test: 422
2026-03-18 21:06:12,938 - cyberbully - INFO - Number of classes: 5
2026-03-18 21:06:12,939 - cyberbully - INFO - Step 2: Loading model and tokenizer...
2026-03-18 21:06:12,939 - cyberbully - INFO - Loading model 'Twitter/twhin-bert-base' with 5 labels (sbert=False, supcon=False)
2026-03-18 21:06:14,340 - cyberbully - INFO - Step 3: Creating datasets...
2026-03-18 21:06:14,362 - cyberbully - INFO - Dataset sizes — train: 1348, val: 338, test: 422
2026-03-18 21:06:14,362 - cyberbully - INFO - Step 4: Training...
2026-03-18 21:06:14,588 - cyberbully - INFO - Starting training...
2026-03-18 21:11:48,505 - cyberbully - INFO - Training complete.
2026-03-18 21:11:48,711 - cyberbully - INFO - Removed checkpoint: experiments/supcon-baseline/Twitter_twhin-bert-base/ieee/prep1_aug0/seed_90995999/checkpoint-215
2026-03-18 21:11:48,908 - cyberbully - INFO - Removed checkpoint: experiments/supcon-baseline/Twitter_twhin-bert-base/ieee/prep1_aug0/seed_90995999/checkpoint-387
2026-03-18 21:11:48,937 - cyberbully - INFO - Removed checkpoint: experiments/supcon-baseline/Twitter_twhin-bert-base/ieee/prep1_aug0/seed_90995999/checkpoint-86
2026-03-18 21:11:48,967 - cyberbully - INFO - Removed checkpoint: experiments/supcon-baseline/Twitter_twhin-bert-base/ieee/prep1_aug0/seed_90995999/checkpoint-129
2026-03-18 21:11:49,170 - cyberbully - INFO - Removed checkpoint: experiments/supcon-baseline/Twitter_twhin-bert-base/ieee/prep1_aug0/seed_90995999/checkpoint-344
2026-03-18 21:11:49,366 - cyberbully - INFO - Removed checkpoint: experiments/supcon-baseline/Twitter_twhin-bert-base/ieee/prep1_aug0/seed_90995999/checkpoint-258
2026-03-18 21:11:49,397 - cyberbully - INFO - Removed checkpoint: experiments/supcon-baseline/Twitter_twhin-bert-base/ieee/prep1_aug0/seed_90995999/checkpoint-43
2026-03-18 21:11:49,607 - cyberbully - INFO - Removed checkpoint: experiments/supcon-baseline/Twitter_twhin-bert-base/ieee/prep1_aug0/seed_90995999/checkpoint-301
2026-03-18 21:11:49,668 - cyberbully - INFO - Removed checkpoint: experiments/supcon-baseline/Twitter_twhin-bert-base/ieee/prep1_aug0/seed_90995999/checkpoint-172
2026-03-18 21:11:49,866 - cyberbully - INFO - Removed checkpoint: experiments/supcon-baseline/Twitter_twhin-bert-base/ieee/prep1_aug0/seed_90995999/checkpoint-430
2026-03-18 21:11:49,866 - cyberbully - INFO - Step 5: Evaluating on test set...
2026-03-18 21:11:55,380 - cyberbully - INFO - Metrics saved to experiments/supcon-baseline/Twitter_twhin-bert-base/ieee/prep1_aug0/seed_90995999/metrics.json
2026-03-18 21:11:55,380 - cyberbully - INFO - Confusion matrix saved to experiments/supcon-baseline/Twitter_twhin-bert-base/ieee/prep1_aug0/seed_90995999/confusion_matrix.json
2026-03-18 21:11:55,384 - cyberbully - INFO - Per-sample predictions saved to experiments/supcon-baseline/Twitter_twhin-bert-base/ieee/prep1_aug0/seed_90995999/predictions.json
2026-03-18 21:11:55,642 - cyberbully - INFO - Confusion matrix figure saved to experiments/supcon-baseline/Twitter_twhin-bert-base/ieee/prep1_aug0/seed_90995999/confusion_matrix.pdf
2026-03-18 21:11:55,642 - cyberbully - INFO - Accuracy: 0.8223
2026-03-18 21:11:55,642 - cyberbully - INFO - Weighted F1: 0.8230
2026-03-18 21:11:55,643 - cyberbully - INFO - Micro F1: 0.8223
2026-03-18 21:11:55,643 - cyberbully - INFO - Inference time: 0.24 seconds
2026-03-18 21:11:55,643 - cyberbully - INFO - Energy consumption: 0.000019 kWh
2026-03-18 21:11:55,643 - cyberbully - INFO - ============================================================
2026-03-18 21:11:55,643 - cyberbully - INFO - Pipeline complete. Results saved to: experiments/supcon-baseline/Twitter_twhin-bert-base/ieee/prep1_aug0/seed_90995999
2026-03-18 21:11:55,643 - cyberbully - INFO - ============================================================
