2026-03-23 20:02:54,382 - cyberbully - INFO - ============================================================
2026-03-23 20:02:54,382 - cyberbully - INFO - Cyberbullying Detection Pipeline
2026-03-23 20:02:54,382 - cyberbully - INFO - ============================================================
2026-03-23 20:02:54,382 - cyberbully - INFO - Configuration:
2026-03-23 20:02:54,382 - cyberbully - INFO -   model          : bert-base-cased
2026-03-23 20:02:54,382 - cyberbully - INFO -   dataset        : kaggle
2026-03-23 20:02:54,382 - cyberbully - INFO -   preprocess     : False
2026-03-23 20:02:54,382 - cyberbully - INFO -   augment        : False
2026-03-23 20:02:54,382 - cyberbully - INFO -   compute_attribution: False
2026-03-23 20:02:54,382 - cyberbully - INFO -   seed           : 52680723
2026-03-23 20:02:54,382 - cyberbully - INFO -   epochs         : 10
2026-03-23 20:02:54,382 - cyberbully - INFO -   batch_size     : 32
2026-03-23 20:02:54,382 - cyberbully - INFO -   lr             : 5e-05
2026-03-23 20:02:54,382 - cyberbully - INFO -   max_length     : 128
2026-03-23 20:02:54,382 - cyberbully - INFO -   output_dir     : grid-search
2026-03-23 20:02:54,382 - cyberbully - INFO -   data_dir       : dataset
2026-03-23 20:02:54,382 - cyberbully - INFO -   sbert          : False
2026-03-23 20:02:54,382 - cyberbully - INFO -   supcon         : False
2026-03-23 20:02:54,382 - cyberbully - INFO -   supcon_weight  : 0.1
2026-03-23 20:02:54,382 - cyberbully - INFO -   proj_dim       : 128
2026-03-23 20:02:54,382 - cyberbully - INFO -   grad_accum_steps: 1
2026-03-23 20:02:54,382 - cyberbully - INFO -   overwrite      : False
2026-03-23 20:02:54,382 - cyberbully - INFO -   device         : cuda
2026-03-23 20:02:54,382 - cyberbully - INFO -   output_dir     : experiments/grid-search/bert-base-cased/kaggle/prep0_aug0/seed_52680723
2026-03-23 20:02:54,382 - cyberbully - INFO - ============================================================
2026-03-23 20:02:54,382 - cyberbully - INFO - Step 1: Preparing data...
2026-03-23 20:02:54,430 - cyberbully - INFO - Loaded pre-split data from dataset/kaggle — train: 25604, val: 6401, test: 8002
2026-03-23 20:02:54,430 - cyberbully - INFO - Label mapping: {'age': 0, 'ethnicity': 1, 'gender': 2, 'other_cyberbullying': 3, 'religion': 4}
2026-03-23 20:02:54,441 - cyberbully - INFO - Number of classes: 5
2026-03-23 20:02:54,442 - cyberbully - INFO - Step 2: Loading model and tokenizer...
2026-03-23 20:02:54,442 - cyberbully - INFO - Loading model 'bert-base-cased' with 5 labels (sbert=False, supcon=False)
2026-03-23 20:02:55,141 - cyberbully - INFO - Step 3: Creating datasets...
2026-03-23 20:02:55,804 - cyberbully - INFO - Dataset sizes — train: 25604, val: 6401, test: 8002
2026-03-23 20:02:55,804 - cyberbully - INFO - Step 4: Training...
2026-03-23 20:02:55,916 - cyberbully - INFO - Starting training...
2026-03-23 20:12:06,720 - cyberbully - INFO - Training complete.
2026-03-23 20:12:06,797 - cyberbully - INFO - Removed checkpoint: experiments/grid-search/bert-base-cased/kaggle/prep0_aug0/seed_52680723/checkpoint-4806
2026-03-23 20:12:06,871 - cyberbully - INFO - Removed checkpoint: experiments/grid-search/bert-base-cased/kaggle/prep0_aug0/seed_52680723/checkpoint-7209
2026-03-23 20:12:06,945 - cyberbully - INFO - Removed checkpoint: experiments/grid-search/bert-base-cased/kaggle/prep0_aug0/seed_52680723/checkpoint-6408
2026-03-23 20:12:07,020 - cyberbully - INFO - Removed checkpoint: experiments/grid-search/bert-base-cased/kaggle/prep0_aug0/seed_52680723/checkpoint-5607
2026-03-23 20:12:07,094 - cyberbully - INFO - Removed checkpoint: experiments/grid-search/bert-base-cased/kaggle/prep0_aug0/seed_52680723/checkpoint-8010
2026-03-23 20:12:07,174 - cyberbully - INFO - Removed checkpoint: experiments/grid-search/bert-base-cased/kaggle/prep0_aug0/seed_52680723/checkpoint-3204
2026-03-23 20:12:07,259 - cyberbully - INFO - Removed checkpoint: experiments/grid-search/bert-base-cased/kaggle/prep0_aug0/seed_52680723/checkpoint-1602
2026-03-23 20:12:07,349 - cyberbully - INFO - Removed checkpoint: experiments/grid-search/bert-base-cased/kaggle/prep0_aug0/seed_52680723/checkpoint-801
2026-03-23 20:12:07,431 - cyberbully - INFO - Removed checkpoint: experiments/grid-search/bert-base-cased/kaggle/prep0_aug0/seed_52680723/checkpoint-2403
2026-03-23 20:12:07,508 - cyberbully - INFO - Removed checkpoint: experiments/grid-search/bert-base-cased/kaggle/prep0_aug0/seed_52680723/checkpoint-4005
2026-03-23 20:12:07,508 - cyberbully - INFO - Step 5: Evaluating on test set...
2026-03-23 20:12:15,114 - cyberbully - INFO - Metrics saved to experiments/grid-search/bert-base-cased/kaggle/prep0_aug0/seed_52680723/metrics.json
2026-03-23 20:12:15,114 - cyberbully - INFO - Confusion matrix saved to experiments/grid-search/bert-base-cased/kaggle/prep0_aug0/seed_52680723/confusion_matrix.json
2026-03-23 20:12:15,197 - cyberbully - INFO - Per-sample predictions saved to experiments/grid-search/bert-base-cased/kaggle/prep0_aug0/seed_52680723/predictions.json
2026-03-23 20:12:15,303 - cyberbully - INFO - Confusion matrix figure saved to experiments/grid-search/bert-base-cased/kaggle/prep0_aug0/seed_52680723/confusion_matrix.pdf
2026-03-23 20:12:15,303 - cyberbully - INFO - Accuracy: 0.9591
2026-03-23 20:12:15,303 - cyberbully - INFO - Weighted F1: 0.9593
2026-03-23 20:12:15,303 - cyberbully - INFO - Micro F1: 0.9591
2026-03-23 20:12:15,303 - cyberbully - INFO - Inference time: 3.39 seconds
2026-03-23 20:12:15,303 - cyberbully - INFO - Energy consumption: 0.000189 kWh
2026-03-23 20:12:15,305 - cyberbully - INFO - ============================================================
2026-03-23 20:12:15,305 - cyberbully - INFO - Pipeline complete. Results saved to: experiments/grid-search/bert-base-cased/kaggle/prep0_aug0/seed_52680723
2026-03-23 20:12:15,305 - cyberbully - INFO - ============================================================
