2026-04-08 16:52:52,525 - cyberbully - INFO - ============================================================
2026-04-08 16:52:52,525 - cyberbully - INFO - Cyberbullying Detection Pipeline
2026-04-08 16:52:52,525 - cyberbully - INFO - ============================================================
2026-04-08 16:52:52,525 - cyberbully - INFO - Configuration:
2026-04-08 16:52:52,525 - cyberbully - INFO -   model          : answerdotai/ModernBERT-base
2026-04-08 16:52:52,525 - cyberbully - INFO -   dataset        : ieee
2026-04-08 16:52:52,525 - cyberbully - INFO -   preprocess     : True
2026-04-08 16:52:52,525 - cyberbully - INFO -   augment        : False
2026-04-08 16:52:52,525 - cyberbully - INFO -   compute_attribution: False
2026-04-08 16:52:52,525 - cyberbully - INFO -   seed           : 52680723
2026-04-08 16:52:52,525 - cyberbully - INFO -   epochs         : 10
2026-04-08 16:52:52,526 - cyberbully - INFO -   batch_size     : 32
2026-04-08 16:52:52,526 - cyberbully - INFO -   lr             : 5e-05
2026-04-08 16:52:52,526 - cyberbully - INFO -   max_length     : 128
2026-04-08 16:52:52,526 - cyberbully - INFO -   output_dir     : grid-search
2026-04-08 16:52:52,526 - cyberbully - INFO -   data_dir       : dataset
2026-04-08 16:52:52,526 - cyberbully - INFO -   sbert          : False
2026-04-08 16:52:52,526 - cyberbully - INFO -   supcon         : False
2026-04-08 16:52:52,526 - cyberbully - INFO -   supcon_weight  : 0.1
2026-04-08 16:52:52,526 - cyberbully - INFO -   proj_dim       : 128
2026-04-08 16:52:52,526 - cyberbully - INFO -   grad_accum_steps: 1
2026-04-08 16:52:52,526 - cyberbully - INFO -   overwrite      : False
2026-04-08 16:52:52,526 - cyberbully - INFO -   device         : cuda
2026-04-08 16:52:52,526 - cyberbully - INFO -   output_dir     : experiments/grid-search/answerdotai_ModernBERT-base/ieee/prep1_aug0/seed_52680723
2026-04-08 16:52:52,526 - cyberbully - INFO - ============================================================
2026-04-08 16:52:52,526 - cyberbully - INFO - Step 1: Preparing data...
2026-04-08 16:52:52,529 - cyberbully - INFO - Loaded pre-split data from dataset/ieee — train: 1348, val: 338, test: 422
2026-04-08 16:52:52,529 - cyberbully - INFO - Label mapping: {'Cyberstalking': 0, 'Doxing': 1, 'Revenge Porn': 2, 'Sexual Harassment': 3, 'Slut Shaming': 4}
2026-04-08 16:52:52,529 - cyberbully - INFO - Applying text preprocessing per split...
2026-04-08 16:52:56,549 - cyberbully - INFO - After preprocessing — train: 1174, val: 303, test: 378
2026-04-08 16:52:56,551 - cyberbully - INFO - Number of classes: 5
2026-04-08 16:52:56,552 - cyberbully - INFO - Step 2: Loading model and tokenizer...
2026-04-08 16:52:56,552 - cyberbully - INFO - Loading model 'answerdotai/ModernBERT-base' with 5 labels (sbert=False, supcon=False)
2026-04-08 16:52:58,198 - cyberbully - INFO - Step 3: Creating datasets...
2026-04-08 16:52:58,229 - cyberbully - INFO - Dataset sizes — train: 1174, val: 303, test: 378
2026-04-08 16:52:58,229 - cyberbully - INFO - Step 4: Training...
2026-04-08 16:52:58,470 - cyberbully - INFO - Starting training...
2026-04-08 16:54:25,122 - cyberbully - INFO - Training complete.
2026-04-08 16:54:25,207 - cyberbully - INFO - Removed checkpoint: experiments/grid-search/answerdotai_ModernBERT-base/ieee/prep1_aug0/seed_52680723/checkpoint-111
2026-04-08 16:54:25,303 - cyberbully - INFO - Removed checkpoint: experiments/grid-search/answerdotai_ModernBERT-base/ieee/prep1_aug0/seed_52680723/checkpoint-370
2026-04-08 16:54:25,385 - cyberbully - INFO - Removed checkpoint: experiments/grid-search/answerdotai_ModernBERT-base/ieee/prep1_aug0/seed_52680723/checkpoint-37
2026-04-08 16:54:25,475 - cyberbully - INFO - Removed checkpoint: experiments/grid-search/answerdotai_ModernBERT-base/ieee/prep1_aug0/seed_52680723/checkpoint-148
2026-04-08 16:54:25,570 - cyberbully - INFO - Removed checkpoint: experiments/grid-search/answerdotai_ModernBERT-base/ieee/prep1_aug0/seed_52680723/checkpoint-296
2026-04-08 16:54:26,065 - cyberbully - INFO - Removed checkpoint: experiments/grid-search/answerdotai_ModernBERT-base/ieee/prep1_aug0/seed_52680723/checkpoint-333
2026-04-08 16:54:26,164 - cyberbully - INFO - Removed checkpoint: experiments/grid-search/answerdotai_ModernBERT-base/ieee/prep1_aug0/seed_52680723/checkpoint-185
2026-04-08 16:54:26,265 - cyberbully - INFO - Removed checkpoint: experiments/grid-search/answerdotai_ModernBERT-base/ieee/prep1_aug0/seed_52680723/checkpoint-222
2026-04-08 16:54:26,366 - cyberbully - INFO - Removed checkpoint: experiments/grid-search/answerdotai_ModernBERT-base/ieee/prep1_aug0/seed_52680723/checkpoint-259
2026-04-08 16:54:26,452 - cyberbully - INFO - Removed checkpoint: experiments/grid-search/answerdotai_ModernBERT-base/ieee/prep1_aug0/seed_52680723/checkpoint-74
2026-04-08 16:54:26,452 - cyberbully - INFO - Step 5: Evaluating on test set...
2026-04-08 16:54:32,929 - cyberbully - INFO - Metrics saved to experiments/grid-search/answerdotai_ModernBERT-base/ieee/prep1_aug0/seed_52680723/metrics.json
2026-04-08 16:54:32,929 - cyberbully - INFO - Confusion matrix saved to experiments/grid-search/answerdotai_ModernBERT-base/ieee/prep1_aug0/seed_52680723/confusion_matrix.json
2026-04-08 16:54:32,933 - cyberbully - INFO - Per-sample predictions saved to experiments/grid-search/answerdotai_ModernBERT-base/ieee/prep1_aug0/seed_52680723/predictions.json
2026-04-08 16:54:33,033 - cyberbully - INFO - Confusion matrix figure saved to experiments/grid-search/answerdotai_ModernBERT-base/ieee/prep1_aug0/seed_52680723/confusion_matrix.pdf
2026-04-08 16:54:33,033 - cyberbully - INFO - Accuracy: 0.7884
2026-04-08 16:54:33,033 - cyberbully - INFO - Weighted F1: 0.7871
2026-04-08 16:54:33,033 - cyberbully - INFO - Micro F1: 0.7884
2026-04-08 16:54:33,033 - cyberbully - INFO - Inference time: 0.36 seconds
2026-04-08 16:54:33,034 - cyberbully - INFO - Energy consumption: 0.000042 kWh
2026-04-08 16:54:33,034 - cyberbully - INFO - ============================================================
2026-04-08 16:54:33,034 - cyberbully - INFO - Pipeline complete. Results saved to: experiments/grid-search/answerdotai_ModernBERT-base/ieee/prep1_aug0/seed_52680723
2026-04-08 16:54:33,034 - cyberbully - INFO - ============================================================
