2026-06-15 22:52:01,204 - cyberbully - INFO - Model 'all-distilroberta-v1' detected as SBERT-based. Using SBERTClassifier pipeline.
2026-06-15 22:52:01,205 - cyberbully - INFO - ============================================================
2026-06-15 22:52:01,205 - cyberbully - INFO - Cyberbullying Detection Pipeline
2026-06-15 22:52:01,205 - cyberbully - INFO - ============================================================
2026-06-15 22:52:01,205 - cyberbully - INFO - Configuration:
2026-06-15 22:52:01,205 - cyberbully - INFO -   model          : all-distilroberta-v1
2026-06-15 22:52:01,205 - cyberbully - INFO -   dataset        : kaggle
2026-06-15 22:52:01,205 - cyberbully - INFO -   preprocess     : False
2026-06-15 22:52:01,205 - cyberbully - INFO -   prep_mode      : 2
2026-06-15 22:52:01,205 - cyberbully - INFO -   augment        : False
2026-06-15 22:52:01,205 - cyberbully - INFO -   compute_attribution: False
2026-06-15 22:52:01,205 - cyberbully - INFO -   seed           : 67351593
2026-06-15 22:52:01,205 - cyberbully - INFO -   epochs         : 10
2026-06-15 22:52:01,205 - cyberbully - INFO -   batch_size     : 32
2026-06-15 22:52:01,205 - cyberbully - INFO -   lr             : 5e-05
2026-06-15 22:52:01,205 - cyberbully - INFO -   max_length     : 128
2026-06-15 22:52:01,205 - cyberbully - INFO -   output_dir     : grid-search
2026-06-15 22:52:01,205 - cyberbully - INFO -   data_dir       : dataset
2026-06-15 22:52:01,205 - cyberbully - INFO -   sbert          : True
2026-06-15 22:52:01,205 - cyberbully - INFO -   supcon         : False
2026-06-15 22:52:01,205 - cyberbully - INFO -   supcon_weight  : 0.1
2026-06-15 22:52:01,205 - cyberbully - INFO -   proj_dim       : 128
2026-06-15 22:52:01,205 - cyberbully - INFO -   grad_accum_steps: 1
2026-06-15 22:52:01,205 - cyberbully - INFO -   overwrite      : False
2026-06-15 22:52:01,205 - cyberbully - INFO -   device         : cuda
2026-06-15 22:52:01,205 - cyberbully - INFO -   output_dir     : experiments/grid-search/all-distilroberta-v1/kaggle/prep2_aug0/seed_67351593
2026-06-15 22:52:01,205 - cyberbully - INFO - ============================================================
2026-06-15 22:52:01,205 - cyberbully - INFO - Step 1: Preparing data...
2026-06-15 22:52:01,252 - cyberbully - INFO - Loaded pre-split data from dataset/kaggle — train: 25604, val: 6401, test: 8002
2026-06-15 22:52:01,252 - cyberbully - INFO - Label mapping: {'age': 0, 'ethnicity': 1, 'gender': 2, 'other_cyberbullying': 3, 'religion': 4}
2026-06-15 22:52:01,253 - cyberbully - INFO - Applying partial text preprocessing per split...
2026-06-15 22:52:02,585 - cyberbully - INFO - After preprocessing -- train: 25604, val: 6401, test: 8002
2026-06-15 22:52:02,588 - cyberbully - INFO - Number of classes: 5
2026-06-15 22:52:02,589 - cyberbully - INFO - Step 2: Loading model and tokenizer...
2026-06-15 22:52:02,589 - cyberbully - INFO - Loading model 'all-distilroberta-v1' with 5 labels (sbert=True, supcon=False)
2026-06-15 22:52:08,198 - cyberbully - INFO - SBERTClassifier: embedding_dim=768, hidden=256, proj_dim=None, num_labels=5
2026-06-15 22:52:08,793 - cyberbully - INFO - Step 3: Creating datasets...
2026-06-15 22:52:09,365 - cyberbully - INFO - Dataset sizes — train: 25604, val: 6401, test: 8002
2026-06-15 22:52:09,365 - cyberbully - INFO - Step 4: Training...
2026-06-15 22:52:09,381 - cyberbully - INFO - Starting training...
2026-06-15 22:57:24,980 - cyberbully - INFO - Training complete.
2026-06-15 22:57:25,039 - cyberbully - INFO - Removed checkpoint: experiments/grid-search/all-distilroberta-v1/kaggle/prep2_aug0/seed_67351593/checkpoint-4806
2026-06-15 22:57:25,910 - cyberbully - INFO - Removed checkpoint: experiments/grid-search/all-distilroberta-v1/kaggle/prep2_aug0/seed_67351593/checkpoint-7209
2026-06-15 22:57:25,969 - cyberbully - INFO - Removed checkpoint: experiments/grid-search/all-distilroberta-v1/kaggle/prep2_aug0/seed_67351593/checkpoint-6408
2026-06-15 22:57:26,028 - cyberbully - INFO - Removed checkpoint: experiments/grid-search/all-distilroberta-v1/kaggle/prep2_aug0/seed_67351593/checkpoint-5607
2026-06-15 22:57:26,098 - cyberbully - INFO - Removed checkpoint: experiments/grid-search/all-distilroberta-v1/kaggle/prep2_aug0/seed_67351593/checkpoint-8010
2026-06-15 22:57:26,158 - cyberbully - INFO - Removed checkpoint: experiments/grid-search/all-distilroberta-v1/kaggle/prep2_aug0/seed_67351593/checkpoint-3204
2026-06-15 22:57:26,219 - cyberbully - INFO - Removed checkpoint: experiments/grid-search/all-distilroberta-v1/kaggle/prep2_aug0/seed_67351593/checkpoint-1602
2026-06-15 22:57:26,281 - cyberbully - INFO - Removed checkpoint: experiments/grid-search/all-distilroberta-v1/kaggle/prep2_aug0/seed_67351593/checkpoint-801
2026-06-15 22:57:26,341 - cyberbully - INFO - Removed checkpoint: experiments/grid-search/all-distilroberta-v1/kaggle/prep2_aug0/seed_67351593/checkpoint-2403
2026-06-15 22:57:26,398 - cyberbully - INFO - Removed checkpoint: experiments/grid-search/all-distilroberta-v1/kaggle/prep2_aug0/seed_67351593/checkpoint-4005
2026-06-15 22:57:26,398 - cyberbully - INFO - Step 5: Evaluating on test set...
2026-06-15 22:57:34,584 - cyberbully - INFO - Metrics saved to experiments/grid-search/all-distilroberta-v1/kaggle/prep2_aug0/seed_67351593/metrics.json
2026-06-15 22:57:34,584 - cyberbully - INFO - Confusion matrix saved to experiments/grid-search/all-distilroberta-v1/kaggle/prep2_aug0/seed_67351593/confusion_matrix.json
2026-06-15 22:57:34,672 - cyberbully - INFO - Per-sample predictions saved to experiments/grid-search/all-distilroberta-v1/kaggle/prep2_aug0/seed_67351593/predictions.json
2026-06-15 22:57:34,781 - cyberbully - INFO - Confusion matrix figure saved to experiments/grid-search/all-distilroberta-v1/kaggle/prep2_aug0/seed_67351593/confusion_matrix.pdf
2026-06-15 22:57:34,781 - cyberbully - INFO - Accuracy: 0.9508
2026-06-15 22:57:34,782 - cyberbully - INFO - Weighted F1: 0.9509
2026-06-15 22:57:34,782 - cyberbully - INFO - Micro F1: 0.9508
2026-06-15 22:57:34,782 - cyberbully - INFO - Inference time: 1.83 seconds
2026-06-15 22:57:34,782 - cyberbully - INFO - Energy consumption: 0.000110 kWh
2026-06-15 22:57:34,783 - cyberbully - INFO - ============================================================
2026-06-15 22:57:34,783 - cyberbully - INFO - Pipeline complete. Results saved to: experiments/grid-search/all-distilroberta-v1/kaggle/prep2_aug0/seed_67351593
2026-06-15 22:57:34,783 - cyberbully - INFO - ============================================================
