2026-04-17 00:34:40,772 - cyberbully - INFO - Model 'all-MiniLM-L6-v2' detected as SBERT-based. Using SBERTClassifier pipeline.
2026-04-17 00:34:40,773 - cyberbully - INFO - ============================================================
2026-04-17 00:34:40,773 - cyberbully - INFO - Cyberbullying Detection Pipeline
2026-04-17 00:34:40,773 - cyberbully - INFO - ============================================================
2026-04-17 00:34:40,773 - cyberbully - INFO - Configuration:
2026-04-17 00:34:40,773 - cyberbully - INFO -   model          : all-MiniLM-L6-v2
2026-04-17 00:34:40,773 - cyberbully - INFO -   dataset        : ieee
2026-04-17 00:34:40,773 - cyberbully - INFO -   preprocess     : True
2026-04-17 00:34:40,773 - cyberbully - INFO -   augment        : True
2026-04-17 00:34:40,773 - cyberbully - INFO -   compute_attribution: False
2026-04-17 00:34:40,773 - cyberbully - INFO -   seed           : 99511865
2026-04-17 00:34:40,773 - cyberbully - INFO -   epochs         : 10
2026-04-17 00:34:40,773 - cyberbully - INFO -   batch_size     : 32
2026-04-17 00:34:40,773 - cyberbully - INFO -   lr             : 5e-05
2026-04-17 00:34:40,773 - cyberbully - INFO -   max_length     : 128
2026-04-17 00:34:40,773 - cyberbully - INFO -   output_dir     : grid-search
2026-04-17 00:34:40,773 - cyberbully - INFO -   data_dir       : dataset
2026-04-17 00:34:40,773 - cyberbully - INFO -   sbert          : True
2026-04-17 00:34:40,773 - cyberbully - INFO -   supcon         : False
2026-04-17 00:34:40,773 - cyberbully - INFO -   supcon_weight  : 0.1
2026-04-17 00:34:40,773 - cyberbully - INFO -   proj_dim       : 128
2026-04-17 00:34:40,773 - cyberbully - INFO -   grad_accum_steps: 1
2026-04-17 00:34:40,773 - cyberbully - INFO -   overwrite      : True
2026-04-17 00:34:40,773 - cyberbully - INFO -   device         : cuda
2026-04-17 00:34:40,773 - cyberbully - INFO -   output_dir     : experiments/grid-search/all-MiniLM-L6-v2/ieee/prep1_aug1/seed_99511865
2026-04-17 00:34:40,773 - cyberbully - INFO - ============================================================
2026-04-17 00:34:40,773 - cyberbully - INFO - Step 1: Preparing data...
2026-04-17 00:34:40,776 - cyberbully - INFO - Loaded pre-split data from dataset/ieee — train: 1348, val: 338, test: 422
2026-04-17 00:34:40,776 - cyberbully - INFO - Label mapping: {'Cyberstalking': 0, 'Doxing': 1, 'Revenge Porn': 2, 'Sexual Harassment': 3, 'Slut Shaming': 4}
2026-04-17 00:34:40,777 - cyberbully - INFO - Applying text preprocessing per split...
2026-04-17 00:34:44,772 - cyberbully - INFO - After preprocessing — train: 1178, val: 303, test: 377
2026-04-17 00:34:44,773 - cyberbully - INFO - Applying training data augmentation (oversampling)...
2026-04-17 00:34:44,774 - cyberbully - INFO - After oversampling — class distribution: {0: 288, 1: 288, 2: 288, 3: 288, 4: 288}
2026-04-17 00:34:44,775 - cyberbully - INFO - Number of classes: 5
2026-04-17 00:34:44,776 - cyberbully - INFO - Step 2: Loading model and tokenizer...
2026-04-17 00:34:44,776 - cyberbully - INFO - Loading model 'all-MiniLM-L6-v2' with 5 labels (sbert=True, supcon=False)
2026-04-17 00:34:48,690 - cyberbully - INFO - SBERTClassifier: embedding_dim=384, hidden=256, proj_dim=None, num_labels=5
2026-04-17 00:34:49,270 - cyberbully - INFO - Step 3: Creating datasets...
2026-04-17 00:34:49,302 - cyberbully - INFO - Dataset sizes — train: 1440, val: 303, test: 377
2026-04-17 00:34:49,302 - cyberbully - INFO - Step 4: Training...
2026-04-17 00:34:49,349 - cyberbully - INFO - Starting training...
2026-04-17 00:35:00,230 - cyberbully - INFO - Training complete.
2026-04-17 00:35:00,247 - cyberbully - INFO - Removed checkpoint: experiments/grid-search/all-MiniLM-L6-v2/ieee/prep1_aug1/seed_99511865/checkpoint-90
2026-04-17 00:35:00,263 - cyberbully - INFO - Removed checkpoint: experiments/grid-search/all-MiniLM-L6-v2/ieee/prep1_aug1/seed_99511865/checkpoint-180
2026-04-17 00:35:00,280 - cyberbully - INFO - Removed checkpoint: experiments/grid-search/all-MiniLM-L6-v2/ieee/prep1_aug1/seed_99511865/checkpoint-225
2026-04-17 00:35:00,296 - cyberbully - INFO - Removed checkpoint: experiments/grid-search/all-MiniLM-L6-v2/ieee/prep1_aug1/seed_99511865/checkpoint-135
2026-04-17 00:35:00,312 - cyberbully - INFO - Removed checkpoint: experiments/grid-search/all-MiniLM-L6-v2/ieee/prep1_aug1/seed_99511865/checkpoint-315
2026-04-17 00:35:00,328 - cyberbully - INFO - Removed checkpoint: experiments/grid-search/all-MiniLM-L6-v2/ieee/prep1_aug1/seed_99511865/checkpoint-450
2026-04-17 00:35:00,344 - cyberbully - INFO - Removed checkpoint: experiments/grid-search/all-MiniLM-L6-v2/ieee/prep1_aug1/seed_99511865/checkpoint-360
2026-04-17 00:35:00,362 - cyberbully - INFO - Removed checkpoint: experiments/grid-search/all-MiniLM-L6-v2/ieee/prep1_aug1/seed_99511865/checkpoint-45
2026-04-17 00:35:00,378 - cyberbully - INFO - Removed checkpoint: experiments/grid-search/all-MiniLM-L6-v2/ieee/prep1_aug1/seed_99511865/checkpoint-270
2026-04-17 00:35:00,393 - cyberbully - INFO - Removed checkpoint: experiments/grid-search/all-MiniLM-L6-v2/ieee/prep1_aug1/seed_99511865/checkpoint-405
2026-04-17 00:35:00,394 - cyberbully - INFO - Step 5: Evaluating on test set...
2026-04-17 00:35:05,075 - cyberbully - INFO - Metrics saved to experiments/grid-search/all-MiniLM-L6-v2/ieee/prep1_aug1/seed_99511865/metrics.json
2026-04-17 00:35:05,075 - cyberbully - INFO - Confusion matrix saved to experiments/grid-search/all-MiniLM-L6-v2/ieee/prep1_aug1/seed_99511865/confusion_matrix.json
2026-04-17 00:35:05,079 - cyberbully - INFO - Per-sample predictions saved to experiments/grid-search/all-MiniLM-L6-v2/ieee/prep1_aug1/seed_99511865/predictions.json
2026-04-17 00:35:05,180 - cyberbully - INFO - Confusion matrix figure saved to experiments/grid-search/all-MiniLM-L6-v2/ieee/prep1_aug1/seed_99511865/confusion_matrix.pdf
2026-04-17 00:35:05,180 - cyberbully - INFO - Accuracy: 0.8196
2026-04-17 00:35:05,180 - cyberbully - INFO - Weighted F1: 0.8189
2026-04-17 00:35:05,180 - cyberbully - INFO - Micro F1: 0.8196
2026-04-17 00:35:05,180 - cyberbully - INFO - Inference time: 0.06 seconds
2026-04-17 00:35:05,180 - cyberbully - INFO - Energy consumption: 0.000001 kWh
2026-04-17 00:35:05,180 - cyberbully - INFO - ============================================================
2026-04-17 00:35:05,180 - cyberbully - INFO - Pipeline complete. Results saved to: experiments/grid-search/all-MiniLM-L6-v2/ieee/prep1_aug1/seed_99511865
2026-04-17 00:35:05,180 - cyberbully - INFO - ============================================================
