2026-02-11 15:36:19,973 - cyberbully - INFO - ============================================================
2026-02-11 15:36:19,973 - cyberbully - INFO - Cyberbullying Detection Pipeline
2026-02-11 15:36:19,973 - cyberbully - INFO - ============================================================
2026-02-11 15:36:19,973 - cyberbully - INFO - Configuration:
2026-02-11 15:36:19,973 - cyberbully - INFO -   model          : distilbert-base-uncased
2026-02-11 15:36:19,973 - cyberbully - INFO -   dataset        : tweeteval
2026-02-11 15:36:19,973 - cyberbully - INFO -   preprocess     : True
2026-02-11 15:36:19,973 - cyberbully - INFO -   augment        : True
2026-02-11 15:36:19,973 - cyberbully - INFO -   compute_attribution: False
2026-02-11 15:36:19,973 - cyberbully - INFO -   seed           : 70681460
2026-02-11 15:36:19,973 - cyberbully - INFO -   epochs         : 5
2026-02-11 15:36:19,973 - cyberbully - INFO -   batch_size     : 16
2026-02-11 15:36:19,973 - cyberbully - INFO -   lr             : 2e-05
2026-02-11 15:36:19,973 - cyberbully - INFO -   max_length     : 128
2026-02-11 15:36:19,973 - cyberbully - INFO -   output_dir     : experiments
2026-02-11 15:36:19,973 - cyberbully - INFO -   data_dir       : dataset
2026-02-11 15:36:19,973 - cyberbully - INFO -   overwrite      : False
2026-02-11 15:36:19,973 - cyberbully - INFO -   device         : cuda
2026-02-11 15:36:19,973 - cyberbully - INFO -   output_dir     : experiments/distilbert-base-uncased/tweeteval/prep1_aug1/seed_70681460
2026-02-11 15:36:19,973 - cyberbully - INFO - ============================================================
2026-02-11 15:36:19,973 - cyberbully - INFO - Step 1: Preparing data...
2026-02-11 15:36:19,973 - cyberbully - INFO - Loading dataset 'tweeteval' from dataset/Tweeteval.csv
2026-02-11 15:36:20,045 - cyberbully - INFO - Loaded 50759 samples with 5 classes: ['emotion', 'hate', 'offensive', 'religion', 'spiritual']
2026-02-11 15:36:20,045 - cyberbully - INFO - Applying text preprocessing...
2026-02-11 15:37:15,100 - cyberbully - INFO - After preprocessing: 47383 samples remain
2026-02-11 15:37:15,102 - cyberbully - INFO - Label mapping: {'emotion': 0, 'hate': 1, 'offensive': 2, 'religion': 3, 'spiritual': 4}
2026-02-11 15:37:15,115 - cyberbully - INFO - Split sizes — train: 30324, val: 7582, test: 9477
2026-02-11 15:37:15,115 - cyberbully - INFO - Applying training data augmentation (oversampling)...
2026-02-11 15:37:15,121 - cyberbully - INFO - After oversampling — class distribution: {0: 7750, 1: 7750, 2: 7750, 3: 7750, 4: 7750}
2026-02-11 15:37:15,122 - cyberbully - INFO - Number of classes: 5
2026-02-11 15:37:15,122 - cyberbully - INFO - Step 2: Loading model and tokenizer...
2026-02-11 15:37:15,122 - cyberbully - INFO - Loading model 'distilbert-base-uncased' with 5 labels
2026-02-11 15:37:15,851 - cyberbully - INFO - Step 3: Tokenizing datasets...
2026-02-11 15:37:16,877 - cyberbully - INFO - Dataset sizes — train: 38750, val: 7582, test: 9477
2026-02-11 15:37:16,877 - cyberbully - INFO - Step 4: Training...
2026-02-11 15:37:17,095 - cyberbully - INFO - Starting training...
2026-02-11 15:43:55,688 - cyberbully - INFO - Training complete.
2026-02-11 15:43:55,688 - cyberbully - INFO - Step 5: Evaluating on test set...
2026-02-11 15:44:03,758 - cyberbully - INFO - Metrics saved to experiments/distilbert-base-uncased/tweeteval/prep1_aug1/seed_70681460/metrics.json
2026-02-11 15:44:03,759 - cyberbully - INFO - Confusion matrix saved to experiments/distilbert-base-uncased/tweeteval/prep1_aug1/seed_70681460/confusion_matrix.json
2026-02-11 15:44:03,859 - cyberbully - INFO - Confusion matrix figure saved to experiments/distilbert-base-uncased/tweeteval/prep1_aug1/seed_70681460/confusion_matrix.pdf
2026-02-11 15:44:03,859 - cyberbully - INFO - Accuracy: 0.9413
2026-02-11 15:44:03,859 - cyberbully - INFO - Weighted F1: 0.9412
2026-02-11 15:44:03,859 - cyberbully - INFO - Micro F1: 0.9413
2026-02-11 15:44:03,859 - cyberbully - INFO - Inference time: 3.76 seconds
2026-02-11 15:44:03,859 - cyberbully - INFO - Energy consumption: 0.000221 kWh
2026-02-11 15:44:03,859 - cyberbully - INFO - ============================================================
2026-02-11 15:44:03,859 - cyberbully - INFO - Pipeline complete. Results saved to: experiments/distilbert-base-uncased/tweeteval/prep1_aug1/seed_70681460
2026-02-11 15:44:03,859 - cyberbully - INFO - ============================================================
