2026-05-19 08:33:30,904 - cyberbully - INFO - ============================================================
2026-05-19 08:33:30,904 - cyberbully - INFO - Cyberbullying Detection Pipeline
2026-05-19 08:33:30,904 - cyberbully - INFO - ============================================================
2026-05-19 08:33:30,904 - cyberbully - INFO - Configuration:
2026-05-19 08:33:30,904 - cyberbully - INFO -   model          : albert/albert-base-v2
2026-05-19 08:33:30,904 - cyberbully - INFO -   dataset        : kaggle
2026-05-19 08:33:30,904 - cyberbully - INFO -   preprocess     : True
2026-05-19 08:33:30,904 - cyberbully - INFO -   augment        : False
2026-05-19 08:33:30,904 - cyberbully - INFO -   compute_attribution: False
2026-05-19 08:33:30,904 - cyberbully - INFO -   seed           : 87212562
2026-05-19 08:33:30,904 - cyberbully - INFO -   epochs         : 10
2026-05-19 08:33:30,904 - cyberbully - INFO -   batch_size     : 32
2026-05-19 08:33:30,904 - cyberbully - INFO -   lr             : 5e-05
2026-05-19 08:33:30,904 - cyberbully - INFO -   max_length     : 128
2026-05-19 08:33:30,904 - cyberbully - INFO -   output_dir     : verification
2026-05-19 08:33:30,904 - cyberbully - INFO -   data_dir       : dataset
2026-05-19 08:33:30,904 - cyberbully - INFO -   sbert          : False
2026-05-19 08:33:30,904 - cyberbully - INFO -   supcon         : False
2026-05-19 08:33:30,904 - cyberbully - INFO -   supcon_weight  : 0.1
2026-05-19 08:33:30,905 - cyberbully - INFO -   proj_dim       : 128
2026-05-19 08:33:30,905 - cyberbully - INFO -   grad_accum_steps: 1
2026-05-19 08:33:30,905 - cyberbully - INFO -   overwrite      : True
2026-05-19 08:33:30,905 - cyberbully - INFO -   device         : cuda
2026-05-19 08:33:30,905 - cyberbully - INFO -   output_dir     : experiments/verification/albert_albert-base-v2/kaggle/prep1_aug0/seed_87212562
2026-05-19 08:33:30,905 - cyberbully - INFO - ============================================================
2026-05-19 08:33:30,905 - cyberbully - INFO - Step 1: Preparing data...
2026-05-19 08:33:30,956 - cyberbully - INFO - Loaded pre-split data from dataset/kaggle — train: 25604, val: 6401, test: 8002
2026-05-19 08:33:30,956 - cyberbully - INFO - Label mapping: {'age': 0, 'ethnicity': 1, 'gender': 2, 'other_cyberbullying': 3, 'religion': 4}
2026-05-19 08:33:30,957 - cyberbully - INFO - Applying text preprocessing per split...
2026-05-19 08:34:16,752 - cyberbully - INFO - After preprocessing -- train: 23516, val: 5970, test: 7406
2026-05-19 08:34:16,754 - cyberbully - INFO - Number of classes: 5
2026-05-19 08:34:16,755 - cyberbully - INFO - Step 2: Loading model and tokenizer...
2026-05-19 08:34:16,756 - cyberbully - INFO - Loading model 'albert/albert-base-v2' with 5 labels (sbert=False, supcon=False)
2026-05-19 08:34:17,473 - cyberbully - INFO - Step 3: Creating datasets...
2026-05-19 08:34:18,025 - cyberbully - INFO - Dataset sizes — train: 23516, val: 5970, test: 7406
2026-05-19 08:34:18,025 - cyberbully - INFO - Step 4: Training...
2026-05-19 08:34:18,114 - cyberbully - INFO - Starting training...
2026-05-19 08:46:11,500 - cyberbully - INFO - Training complete.
2026-05-19 08:46:11,509 - cyberbully - INFO - Removed checkpoint: experiments/verification/albert_albert-base-v2/kaggle/prep1_aug0/seed_87212562/checkpoint-5145
2026-05-19 08:46:11,519 - cyberbully - INFO - Removed checkpoint: experiments/verification/albert_albert-base-v2/kaggle/prep1_aug0/seed_87212562/checkpoint-6615
2026-05-19 08:46:11,531 - cyberbully - INFO - Removed checkpoint: experiments/verification/albert_albert-base-v2/kaggle/prep1_aug0/seed_87212562/checkpoint-7350
2026-05-19 08:46:11,541 - cyberbully - INFO - Removed checkpoint: experiments/verification/albert_albert-base-v2/kaggle/prep1_aug0/seed_87212562/checkpoint-2205
2026-05-19 08:46:11,551 - cyberbully - INFO - Removed checkpoint: experiments/verification/albert_albert-base-v2/kaggle/prep1_aug0/seed_87212562/checkpoint-1470
2026-05-19 08:46:11,561 - cyberbully - INFO - Removed checkpoint: experiments/verification/albert_albert-base-v2/kaggle/prep1_aug0/seed_87212562/checkpoint-2940
2026-05-19 08:46:11,570 - cyberbully - INFO - Removed checkpoint: experiments/verification/albert_albert-base-v2/kaggle/prep1_aug0/seed_87212562/checkpoint-5880
2026-05-19 08:46:11,580 - cyberbully - INFO - Removed checkpoint: experiments/verification/albert_albert-base-v2/kaggle/prep1_aug0/seed_87212562/checkpoint-735
2026-05-19 08:46:11,589 - cyberbully - INFO - Removed checkpoint: experiments/verification/albert_albert-base-v2/kaggle/prep1_aug0/seed_87212562/checkpoint-3675
2026-05-19 08:46:11,599 - cyberbully - INFO - Removed checkpoint: experiments/verification/albert_albert-base-v2/kaggle/prep1_aug0/seed_87212562/checkpoint-4410
2026-05-19 08:46:11,599 - cyberbully - INFO - Step 5: Evaluating on test set...
2026-05-19 08:46:24,831 - cyberbully - INFO - Metrics saved to experiments/verification/albert_albert-base-v2/kaggle/prep1_aug0/seed_87212562/metrics.json
2026-05-19 08:46:24,831 - cyberbully - INFO - Confusion matrix saved to experiments/verification/albert_albert-base-v2/kaggle/prep1_aug0/seed_87212562/confusion_matrix.json
2026-05-19 08:46:24,908 - cyberbully - INFO - Per-sample predictions saved to experiments/verification/albert_albert-base-v2/kaggle/prep1_aug0/seed_87212562/predictions.json
2026-05-19 08:46:25,019 - cyberbully - INFO - Confusion matrix figure saved to experiments/verification/albert_albert-base-v2/kaggle/prep1_aug0/seed_87212562/confusion_matrix.pdf
2026-05-19 08:46:25,019 - cyberbully - INFO - Accuracy: 0.9503
2026-05-19 08:46:25,019 - cyberbully - INFO - Weighted F1: 0.9506
2026-05-19 08:46:25,019 - cyberbully - INFO - Micro F1: 0.9503
2026-05-19 08:46:25,019 - cyberbully - INFO - Inference time: 7.16 seconds
2026-05-19 08:46:25,019 - cyberbully - INFO - Energy consumption: 0.000395 kWh
2026-05-19 08:46:25,020 - cyberbully - INFO - ============================================================
2026-05-19 08:46:25,020 - cyberbully - INFO - Pipeline complete. Results saved to: experiments/verification/albert_albert-base-v2/kaggle/prep1_aug0/seed_87212562
2026-05-19 08:46:25,020 - cyberbully - INFO - ============================================================
