2026-06-16 15:04:04,405 - cyberbully - INFO - ============================================================
2026-06-16 15:04:04,406 - cyberbully - INFO - Cyberbullying Detection Pipeline
2026-06-16 15:04:04,406 - cyberbully - INFO - ============================================================
2026-06-16 15:04:04,406 - cyberbully - INFO - Configuration:
2026-06-16 15:04:04,406 - cyberbully - INFO -   model          : GroNLP/hateBERT
2026-06-16 15:04:04,406 - cyberbully - INFO -   dataset        : ieee
2026-06-16 15:04:04,406 - cyberbully - INFO -   preprocess     : False
2026-06-16 15:04:04,406 - cyberbully - INFO -   prep_mode      : 2
2026-06-16 15:04:04,406 - cyberbully - INFO -   augment        : False
2026-06-16 15:04:04,406 - cyberbully - INFO -   compute_attribution: False
2026-06-16 15:04:04,406 - cyberbully - INFO -   seed           : 99511865
2026-06-16 15:04:04,406 - cyberbully - INFO -   epochs         : 10
2026-06-16 15:04:04,406 - cyberbully - INFO -   batch_size     : 32
2026-06-16 15:04:04,406 - cyberbully - INFO -   lr             : 5e-05
2026-06-16 15:04:04,406 - cyberbully - INFO -   max_length     : 128
2026-06-16 15:04:04,406 - cyberbully - INFO -   output_dir     : grid-search
2026-06-16 15:04:04,406 - cyberbully - INFO -   data_dir       : dataset
2026-06-16 15:04:04,406 - cyberbully - INFO -   sbert          : False
2026-06-16 15:04:04,406 - cyberbully - INFO -   supcon         : False
2026-06-16 15:04:04,406 - cyberbully - INFO -   supcon_weight  : 0.1
2026-06-16 15:04:04,406 - cyberbully - INFO -   proj_dim       : 128
2026-06-16 15:04:04,406 - cyberbully - INFO -   grad_accum_steps: 1
2026-06-16 15:04:04,406 - cyberbully - INFO -   overwrite      : False
2026-06-16 15:04:04,406 - cyberbully - INFO -   device         : cuda
2026-06-16 15:04:04,406 - cyberbully - INFO -   output_dir     : experiments/grid-search/GroNLP_hateBERT/ieee/prep2_aug0/seed_99511865
2026-06-16 15:04:04,406 - cyberbully - INFO - ============================================================
2026-06-16 15:04:04,406 - cyberbully - INFO - Step 1: Preparing data...
2026-06-16 15:04:04,410 - cyberbully - INFO - Loaded pre-split data from dataset/ieee — train: 1348, val: 338, test: 422
2026-06-16 15:04:04,410 - cyberbully - INFO - Label mapping: {'Cyberstalking': 0, 'Doxing': 1, 'Revenge Porn': 2, 'Sexual Harassment': 3, 'Slut Shaming': 4}
2026-06-16 15:04:04,410 - cyberbully - INFO - Applying partial text preprocessing per split...
2026-06-16 15:04:04,462 - cyberbully - INFO - After preprocessing -- train: 1348, val: 338, test: 422
2026-06-16 15:04:04,463 - cyberbully - INFO - Number of classes: 5
2026-06-16 15:04:04,464 - cyberbully - INFO - Step 2: Loading model and tokenizer...
2026-06-16 15:04:04,464 - cyberbully - INFO - Loading model 'GroNLP/hateBERT' with 5 labels (sbert=False, supcon=False)
2026-06-16 15:04:05,501 - cyberbully - INFO - Step 3: Creating datasets...
2026-06-16 15:04:05,538 - cyberbully - INFO - Dataset sizes — train: 1348, val: 338, test: 422
2026-06-16 15:04:05,538 - cyberbully - INFO - Step 4: Training...
2026-06-16 15:04:05,770 - cyberbully - INFO - Starting training...
2026-06-16 15:05:01,319 - cyberbully - INFO - Training complete.
2026-06-16 15:05:01,394 - cyberbully - INFO - Removed checkpoint: experiments/grid-search/GroNLP_hateBERT/ieee/prep2_aug0/seed_99511865/checkpoint-172
2026-06-16 15:05:01,470 - cyberbully - INFO - Removed checkpoint: experiments/grid-search/GroNLP_hateBERT/ieee/prep2_aug0/seed_99511865/checkpoint-258
2026-06-16 15:05:01,547 - cyberbully - INFO - Removed checkpoint: experiments/grid-search/GroNLP_hateBERT/ieee/prep2_aug0/seed_99511865/checkpoint-387
2026-06-16 15:05:01,617 - cyberbully - INFO - Removed checkpoint: experiments/grid-search/GroNLP_hateBERT/ieee/prep2_aug0/seed_99511865/checkpoint-43
2026-06-16 15:05:01,692 - cyberbully - INFO - Removed checkpoint: experiments/grid-search/GroNLP_hateBERT/ieee/prep2_aug0/seed_99511865/checkpoint-430
2026-06-16 15:05:01,770 - cyberbully - INFO - Removed checkpoint: experiments/grid-search/GroNLP_hateBERT/ieee/prep2_aug0/seed_99511865/checkpoint-301
2026-06-16 15:05:01,846 - cyberbully - INFO - Removed checkpoint: experiments/grid-search/GroNLP_hateBERT/ieee/prep2_aug0/seed_99511865/checkpoint-344
2026-06-16 15:05:02,098 - cyberbully - INFO - Removed checkpoint: experiments/grid-search/GroNLP_hateBERT/ieee/prep2_aug0/seed_99511865/checkpoint-129
2026-06-16 15:05:03,147 - cyberbully - INFO - Removed checkpoint: experiments/grid-search/GroNLP_hateBERT/ieee/prep2_aug0/seed_99511865/checkpoint-215
2026-06-16 15:05:03,983 - cyberbully - INFO - Removed checkpoint: experiments/grid-search/GroNLP_hateBERT/ieee/prep2_aug0/seed_99511865/checkpoint-86
2026-06-16 15:05:03,983 - cyberbully - INFO - Step 5: Evaluating on test set...
2026-06-16 15:05:10,377 - cyberbully - INFO - Metrics saved to experiments/grid-search/GroNLP_hateBERT/ieee/prep2_aug0/seed_99511865/metrics.json
2026-06-16 15:05:10,377 - cyberbully - INFO - Confusion matrix saved to experiments/grid-search/GroNLP_hateBERT/ieee/prep2_aug0/seed_99511865/confusion_matrix.json
2026-06-16 15:05:10,381 - cyberbully - INFO - Per-sample predictions saved to experiments/grid-search/GroNLP_hateBERT/ieee/prep2_aug0/seed_99511865/predictions.json
2026-06-16 15:05:10,489 - cyberbully - INFO - Confusion matrix figure saved to experiments/grid-search/GroNLP_hateBERT/ieee/prep2_aug0/seed_99511865/confusion_matrix.pdf
2026-06-16 15:05:10,489 - cyberbully - INFO - Accuracy: 0.8389
2026-06-16 15:05:10,489 - cyberbully - INFO - Weighted F1: 0.8404
2026-06-16 15:05:10,489 - cyberbully - INFO - Micro F1: 0.8389
2026-06-16 15:05:10,489 - cyberbully - INFO - Inference time: 0.28 seconds
2026-06-16 15:05:10,489 - cyberbully - INFO - Energy consumption: 0.000040 kWh
2026-06-16 15:05:10,489 - cyberbully - INFO - ============================================================
2026-06-16 15:05:10,489 - cyberbully - INFO - Pipeline complete. Results saved to: experiments/grid-search/GroNLP_hateBERT/ieee/prep2_aug0/seed_99511865
2026-06-16 15:05:10,489 - cyberbully - INFO - ============================================================
