2026-05-20 22:52:19,409 - cyberbully - INFO - Model 'all-MiniLM-L12-v2' detected as SBERT-based. Using SBERTClassifier pipeline.
2026-05-20 22:52:19,409 - cyberbully - INFO - ============================================================
2026-05-20 22:52:19,409 - cyberbully - INFO - Cyberbullying Detection Pipeline
2026-05-20 22:52:19,409 - cyberbully - INFO - ============================================================
2026-05-20 22:52:19,409 - cyberbully - INFO - Configuration:
2026-05-20 22:52:19,409 - cyberbully - INFO -   model          : all-MiniLM-L12-v2
2026-05-20 22:52:19,409 - cyberbully - INFO -   dataset        : tweeteval
2026-05-20 22:52:19,409 - cyberbully - INFO -   preprocess     : True
2026-05-20 22:52:19,409 - cyberbully - INFO -   augment        : False
2026-05-20 22:52:19,410 - cyberbully - INFO -   compute_attribution: False
2026-05-20 22:52:19,410 - cyberbully - INFO -   seed           : 43782163
2026-05-20 22:52:19,410 - cyberbully - INFO -   epochs         : 10
2026-05-20 22:52:19,410 - cyberbully - INFO -   batch_size     : 32
2026-05-20 22:52:19,410 - cyberbully - INFO -   lr             : 5e-05
2026-05-20 22:52:19,410 - cyberbully - INFO -   max_length     : 128
2026-05-20 22:52:19,410 - cyberbully - INFO -   output_dir     : grid-search
2026-05-20 22:52:19,410 - cyberbully - INFO -   data_dir       : dataset
2026-05-20 22:52:19,410 - cyberbully - INFO -   sbert          : True
2026-05-20 22:52:19,410 - cyberbully - INFO -   supcon         : False
2026-05-20 22:52:19,410 - cyberbully - INFO -   supcon_weight  : 0.1
2026-05-20 22:52:19,410 - cyberbully - INFO -   proj_dim       : 128
2026-05-20 22:52:19,410 - cyberbully - INFO -   grad_accum_steps: 1
2026-05-20 22:52:19,410 - cyberbully - INFO -   overwrite      : True
2026-05-20 22:52:19,410 - cyberbully - INFO -   device         : cuda
2026-05-20 22:52:19,410 - cyberbully - INFO -   output_dir     : experiments/grid-search/all-MiniLM-L12-v2/tweeteval/prep1_aug0/seed_43782163
2026-05-20 22:52:19,410 - cyberbully - INFO - ============================================================
2026-05-20 22:52:19,410 - cyberbully - INFO - Step 1: Preparing data...
2026-05-20 22:52:19,455 - cyberbully - INFO - Loaded pre-split data from dataset/tweeteval — train: 32485, val: 8122, test: 10152
2026-05-20 22:52:19,455 - cyberbully - INFO - Label mapping: {'emotion': 0, 'hate': 1, 'offensive': 2, 'religion': 3, 'spiritual': 4}
2026-05-20 22:52:19,456 - cyberbully - INFO - Applying text preprocessing per split...
2026-05-20 22:52:24,948 - cyberbully - INFO - After preprocessing -- train: 32485, val: 8122, test: 10152
2026-05-20 22:52:24,952 - cyberbully - INFO - Number of classes: 5
2026-05-20 22:52:24,954 - cyberbully - INFO - Step 2: Loading model and tokenizer...
2026-05-20 22:52:24,954 - cyberbully - INFO - Loading model 'all-MiniLM-L12-v2' with 5 labels (sbert=True, supcon=False)
2026-05-20 22:52:28,922 - cyberbully - INFO - SBERTClassifier: embedding_dim=384, hidden=256, proj_dim=None, num_labels=5
2026-05-20 22:52:29,494 - cyberbully - INFO - Step 3: Creating datasets...
2026-05-20 22:52:30,716 - cyberbully - INFO - Dataset sizes — train: 32485, val: 8122, test: 10152
2026-05-20 22:52:30,716 - cyberbully - INFO - Step 4: Training...
2026-05-20 22:52:30,759 - cyberbully - INFO - Starting training...
2026-05-20 22:58:14,758 - cyberbully - INFO - Training complete.
2026-05-20 22:58:14,778 - cyberbully - INFO - Removed checkpoint: experiments/grid-search/all-MiniLM-L12-v2/tweeteval/prep1_aug0/seed_43782163/checkpoint-3048
2026-05-20 22:58:14,797 - cyberbully - INFO - Removed checkpoint: experiments/grid-search/all-MiniLM-L12-v2/tweeteval/prep1_aug0/seed_43782163/checkpoint-7112
2026-05-20 22:58:14,816 - cyberbully - INFO - Removed checkpoint: experiments/grid-search/all-MiniLM-L12-v2/tweeteval/prep1_aug0/seed_43782163/checkpoint-9144
2026-05-20 22:58:14,836 - cyberbully - INFO - Removed checkpoint: experiments/grid-search/all-MiniLM-L12-v2/tweeteval/prep1_aug0/seed_43782163/checkpoint-1016
2026-05-20 22:58:14,855 - cyberbully - INFO - Removed checkpoint: experiments/grid-search/all-MiniLM-L12-v2/tweeteval/prep1_aug0/seed_43782163/checkpoint-2032
2026-05-20 22:58:14,878 - cyberbully - INFO - Removed checkpoint: experiments/grid-search/all-MiniLM-L12-v2/tweeteval/prep1_aug0/seed_43782163/checkpoint-10160
2026-05-20 22:58:14,897 - cyberbully - INFO - Removed checkpoint: experiments/grid-search/all-MiniLM-L12-v2/tweeteval/prep1_aug0/seed_43782163/checkpoint-6096
2026-05-20 22:58:14,918 - cyberbully - INFO - Removed checkpoint: experiments/grid-search/all-MiniLM-L12-v2/tweeteval/prep1_aug0/seed_43782163/checkpoint-5080
2026-05-20 22:58:14,937 - cyberbully - INFO - Removed checkpoint: experiments/grid-search/all-MiniLM-L12-v2/tweeteval/prep1_aug0/seed_43782163/checkpoint-8128
2026-05-20 22:58:14,957 - cyberbully - INFO - Removed checkpoint: experiments/grid-search/all-MiniLM-L12-v2/tweeteval/prep1_aug0/seed_43782163/checkpoint-4064
2026-05-20 22:58:14,957 - cyberbully - INFO - Step 5: Evaluating on test set...
2026-05-20 22:58:23,533 - cyberbully - INFO - Metrics saved to experiments/grid-search/all-MiniLM-L12-v2/tweeteval/prep1_aug0/seed_43782163/metrics.json
2026-05-20 22:58:23,533 - cyberbully - INFO - Confusion matrix saved to experiments/grid-search/all-MiniLM-L12-v2/tweeteval/prep1_aug0/seed_43782163/confusion_matrix.json
2026-05-20 22:58:23,634 - cyberbully - INFO - Per-sample predictions saved to experiments/grid-search/all-MiniLM-L12-v2/tweeteval/prep1_aug0/seed_43782163/predictions.json
2026-05-20 22:58:23,737 - cyberbully - INFO - Confusion matrix figure saved to experiments/grid-search/all-MiniLM-L12-v2/tweeteval/prep1_aug0/seed_43782163/confusion_matrix.pdf
2026-05-20 22:58:23,737 - cyberbully - INFO - Accuracy: 0.9367
2026-05-20 22:58:23,737 - cyberbully - INFO - Weighted F1: 0.9366
2026-05-20 22:58:23,737 - cyberbully - INFO - Micro F1: 0.9367
2026-05-20 22:58:23,737 - cyberbully - INFO - Inference time: 2.44 seconds
2026-05-20 22:58:23,737 - cyberbully - INFO - Energy consumption: 0.000173 kWh
2026-05-20 22:58:23,739 - cyberbully - INFO - ============================================================
2026-05-20 22:58:23,739 - cyberbully - INFO - Pipeline complete. Results saved to: experiments/grid-search/all-MiniLM-L12-v2/tweeteval/prep1_aug0/seed_43782163
2026-05-20 22:58:23,739 - cyberbully - INFO - ============================================================
