2026-02-19 20:22:44,966 - cyberbully - INFO - ============================================================
2026-02-19 20:22:44,966 - cyberbully - INFO - Cyberbullying Detection Pipeline
2026-02-19 20:22:44,966 - cyberbully - INFO - ============================================================
2026-02-19 20:22:44,966 - cyberbully - INFO - Configuration:
2026-02-19 20:22:44,966 - cyberbully - INFO -   model          : roberta-base
2026-02-19 20:22:44,966 - cyberbully - INFO -   dataset        : kaggle
2026-02-19 20:22:44,966 - cyberbully - INFO -   preprocess     : True
2026-02-19 20:22:44,966 - cyberbully - INFO -   augment        : False
2026-02-19 20:22:44,966 - cyberbully - INFO -   compute_attribution: False
2026-02-19 20:22:44,966 - cyberbully - INFO -   seed           : 37622020
2026-02-19 20:22:44,966 - cyberbully - INFO -   epochs         : 5
2026-02-19 20:22:44,966 - cyberbully - INFO -   batch_size     : 16
2026-02-19 20:22:44,966 - cyberbully - INFO -   lr             : 2e-05
2026-02-19 20:22:44,966 - cyberbully - INFO -   max_length     : 128
2026-02-19 20:22:44,966 - cyberbully - INFO -   output_dir     : grid-search
2026-02-19 20:22:44,966 - cyberbully - INFO -   data_dir       : dataset
2026-02-19 20:22:44,966 - cyberbully - INFO -   sbert          : False
2026-02-19 20:22:44,966 - cyberbully - INFO -   overwrite      : False
2026-02-19 20:22:44,966 - cyberbully - INFO -   device         : cuda
2026-02-19 20:22:44,966 - cyberbully - INFO -   output_dir     : experiments/grid-search/roberta-base/kaggle/prep1_aug0/seed_37622020
2026-02-19 20:22:44,966 - cyberbully - INFO - ============================================================
2026-02-19 20:22:44,967 - cyberbully - INFO - Step 1: Preparing data...
2026-02-19 20:22:44,967 - cyberbully - INFO - Loading dataset 'kaggle' from dataset/Kaggle.csv
2026-02-19 20:22:45,028 - cyberbully - INFO - Loaded 47656 samples with 6 classes: ['age', 'ethnicity', 'gender', 'not_cyberbullying', 'other_cyberbullying', 'religion']
2026-02-19 20:22:45,028 - cyberbully - INFO - Applying text preprocessing...
2026-02-19 20:23:41,075 - cyberbully - INFO - After preprocessing: 41408 samples remain
2026-02-19 20:23:41,077 - cyberbully - INFO - Label mapping: {'age': 0, 'ethnicity': 1, 'gender': 2, 'not_cyberbullying': 3, 'other_cyberbullying': 4, 'religion': 5}
2026-02-19 20:23:41,089 - cyberbully - INFO - Split sizes — train: 26500, val: 6626, test: 8282
2026-02-19 20:23:41,089 - cyberbully - INFO - Number of classes: 6
2026-02-19 20:23:41,090 - cyberbully - INFO - Step 2: Loading model and tokenizer...
2026-02-19 20:23:41,090 - cyberbully - INFO - Loading model 'roberta-base' with 6 labels (sbert=False)
2026-02-19 20:23:41,864 - cyberbully - INFO - Step 3: Creating datasets...
2026-02-19 20:23:42,505 - cyberbully - INFO - Dataset sizes — train: 26500, val: 6626, test: 8282
2026-02-19 20:23:42,506 - cyberbully - INFO - Step 4: Training...
2026-02-19 20:23:42,675 - cyberbully - INFO - Starting training...
2026-02-19 20:30:09,127 - cyberbully - INFO - Training complete.
2026-02-19 20:30:09,127 - cyberbully - INFO - Step 5: Evaluating on test set...
2026-02-19 20:30:17,505 - cyberbully - INFO - Metrics saved to experiments/grid-search/roberta-base/kaggle/prep1_aug0/seed_37622020/metrics.json
2026-02-19 20:30:17,505 - cyberbully - INFO - Confusion matrix saved to experiments/grid-search/roberta-base/kaggle/prep1_aug0/seed_37622020/confusion_matrix.json
2026-02-19 20:30:17,621 - cyberbully - INFO - Confusion matrix figure saved to experiments/grid-search/roberta-base/kaggle/prep1_aug0/seed_37622020/confusion_matrix.pdf
2026-02-19 20:30:17,621 - cyberbully - INFO - Accuracy: 0.8666
2026-02-19 20:30:17,621 - cyberbully - INFO - Weighted F1: 0.8668
2026-02-19 20:30:17,621 - cyberbully - INFO - Micro F1: 0.8666
2026-02-19 20:30:17,621 - cyberbully - INFO - Inference time: 3.43 seconds
2026-02-19 20:30:17,621 - cyberbully - INFO - Energy consumption: 0.000187 kWh
2026-02-19 20:30:17,621 - cyberbully - INFO - ============================================================
2026-02-19 20:30:17,621 - cyberbully - INFO - Pipeline complete. Results saved to: experiments/grid-search/roberta-base/kaggle/prep1_aug0/seed_37622020
2026-02-19 20:30:17,621 - cyberbully - INFO - ============================================================
