2026-02-13 12:10:20,773 - cyberbully - INFO - ============================================================
2026-02-13 12:10:20,773 - cyberbully - INFO - Cyberbullying Detection Pipeline
2026-02-13 12:10:20,773 - cyberbully - INFO - ============================================================
2026-02-13 12:10:20,773 - cyberbully - INFO - Configuration:
2026-02-13 12:10:20,773 - cyberbully - INFO -   model          : roberta-base
2026-02-13 12:10:20,773 - cyberbully - INFO -   dataset        : kaggle
2026-02-13 12:10:20,773 - cyberbully - INFO -   preprocess     : True
2026-02-13 12:10:20,773 - cyberbully - INFO -   augment        : False
2026-02-13 12:10:20,773 - cyberbully - INFO -   compute_attribution: False
2026-02-13 12:10:20,773 - cyberbully - INFO -   seed           : 14298463
2026-02-13 12:10:20,773 - cyberbully - INFO -   epochs         : 5
2026-02-13 12:10:20,773 - cyberbully - INFO -   batch_size     : 16
2026-02-13 12:10:20,773 - cyberbully - INFO -   lr             : 2e-05
2026-02-13 12:10:20,773 - cyberbully - INFO -   max_length     : 128
2026-02-13 12:10:20,773 - cyberbully - INFO -   output_dir     : experiments
2026-02-13 12:10:20,773 - cyberbully - INFO -   data_dir       : dataset
2026-02-13 12:10:20,773 - cyberbully - INFO -   overwrite      : False
2026-02-13 12:10:20,773 - cyberbully - INFO -   device         : cuda
2026-02-13 12:10:20,773 - cyberbully - INFO -   output_dir     : experiments/roberta-base/kaggle/prep1_aug0/seed_14298463
2026-02-13 12:10:20,773 - cyberbully - INFO - ============================================================
2026-02-13 12:10:20,773 - cyberbully - INFO - Step 1: Preparing data...
2026-02-13 12:10:20,773 - cyberbully - INFO - Loading dataset 'kaggle' from dataset/Kaggle.csv
2026-02-13 12:10:20,833 - cyberbully - INFO - Loaded 47656 samples with 6 classes: ['age', 'ethnicity', 'gender', 'not_cyberbullying', 'other_cyberbullying', 'religion']
2026-02-13 12:10:20,833 - cyberbully - INFO - Applying text preprocessing...
2026-02-13 12:11:13,338 - cyberbully - INFO - After preprocessing: 41424 samples remain
2026-02-13 12:11:13,340 - cyberbully - INFO - Label mapping: {'age': 0, 'ethnicity': 1, 'gender': 2, 'not_cyberbullying': 3, 'other_cyberbullying': 4, 'religion': 5}
2026-02-13 12:11:13,352 - cyberbully - INFO - Split sizes — train: 26511, val: 6628, test: 8285
2026-02-13 12:11:13,352 - cyberbully - INFO - Number of classes: 6
2026-02-13 12:11:13,352 - cyberbully - INFO - Step 2: Loading model and tokenizer...
2026-02-13 12:11:13,352 - cyberbully - INFO - Loading model 'roberta-base' with 6 labels
2026-02-13 12:11:14,178 - cyberbully - INFO - Step 3: Tokenizing datasets...
2026-02-13 12:11:14,819 - cyberbully - INFO - Dataset sizes — train: 26511, val: 6628, test: 8285
2026-02-13 12:11:14,819 - cyberbully - INFO - Step 4: Training...
2026-02-13 12:11:15,055 - cyberbully - INFO - Starting training...
2026-02-13 12:20:06,263 - cyberbully - INFO - Training complete.
2026-02-13 12:20:06,263 - cyberbully - INFO - Step 5: Evaluating on test set...
2026-02-13 12:20:17,014 - cyberbully - INFO - Metrics saved to experiments/roberta-base/kaggle/prep1_aug0/seed_14298463/metrics.json
2026-02-13 12:20:17,015 - cyberbully - INFO - Confusion matrix saved to experiments/roberta-base/kaggle/prep1_aug0/seed_14298463/confusion_matrix.json
2026-02-13 12:20:17,126 - cyberbully - INFO - Confusion matrix figure saved to experiments/roberta-base/kaggle/prep1_aug0/seed_14298463/confusion_matrix.pdf
2026-02-13 12:20:17,126 - cyberbully - INFO - Accuracy: 0.8699
2026-02-13 12:20:17,126 - cyberbully - INFO - Weighted F1: 0.8692
2026-02-13 12:20:17,126 - cyberbully - INFO - Micro F1: 0.8699
2026-02-13 12:20:17,126 - cyberbully - INFO - Inference time: 6.45 seconds
2026-02-13 12:20:17,126 - cyberbully - INFO - Energy consumption: 0.000382 kWh
2026-02-13 12:20:17,127 - cyberbully - INFO - ============================================================
2026-02-13 12:20:17,127 - cyberbully - INFO - Pipeline complete. Results saved to: experiments/roberta-base/kaggle/prep1_aug0/seed_14298463
2026-02-13 12:20:17,127 - cyberbully - INFO - ============================================================
