2026-03-20 17:52:18,239 - cyberbully - INFO - ============================================================
2026-03-20 17:52:18,239 - cyberbully - INFO - Cyberbullying Detection Pipeline
2026-03-20 17:52:18,239 - cyberbully - INFO - ============================================================
2026-03-20 17:52:18,239 - cyberbully - INFO - Configuration:
2026-03-20 17:52:18,239 - cyberbully - INFO -   model          : bert-base-cased
2026-03-20 17:52:18,240 - cyberbully - INFO -   dataset        : kaggle
2026-03-20 17:52:18,240 - cyberbully - INFO -   preprocess     : False
2026-03-20 17:52:18,240 - cyberbully - INFO -   augment        : False
2026-03-20 17:52:18,240 - cyberbully - INFO -   compute_attribution: False
2026-03-20 17:52:18,240 - cyberbully - INFO -   seed           : 70681460
2026-03-20 17:52:18,240 - cyberbully - INFO -   epochs         : 10
2026-03-20 17:52:18,240 - cyberbully - INFO -   batch_size     : 32
2026-03-20 17:52:18,240 - cyberbully - INFO -   lr             : 5e-05
2026-03-20 17:52:18,240 - cyberbully - INFO -   max_length     : 128
2026-03-20 17:52:18,240 - cyberbully - INFO -   output_dir     : grid-search
2026-03-20 17:52:18,240 - cyberbully - INFO -   data_dir       : dataset
2026-03-20 17:52:18,240 - cyberbully - INFO -   sbert          : False
2026-03-20 17:52:18,240 - cyberbully - INFO -   supcon         : False
2026-03-20 17:52:18,240 - cyberbully - INFO -   supcon_weight  : 0.1
2026-03-20 17:52:18,240 - cyberbully - INFO -   proj_dim       : 128
2026-03-20 17:52:18,240 - cyberbully - INFO -   grad_accum_steps: 1
2026-03-20 17:52:18,240 - cyberbully - INFO -   overwrite      : False
2026-03-20 17:52:18,240 - cyberbully - INFO -   device         : cuda
2026-03-20 17:52:18,240 - cyberbully - INFO -   output_dir     : experiments/grid-search/bert-base-cased/kaggle/prep0_aug0/seed_70681460
2026-03-20 17:52:18,240 - cyberbully - INFO - ============================================================
2026-03-20 17:52:18,240 - cyberbully - INFO - Step 1: Preparing data...
2026-03-20 17:52:18,292 - cyberbully - INFO - Loaded pre-split data from dataset/kaggle — train: 30499, val: 7625, test: 9532
2026-03-20 17:52:18,292 - cyberbully - INFO - Label mapping: {'age': 0, 'ethnicity': 1, 'gender': 2, 'not_cyberbullying': 3, 'other_cyberbullying': 4, 'religion': 5}
2026-03-20 17:52:18,304 - cyberbully - INFO - Number of classes: 6
2026-03-20 17:52:18,306 - cyberbully - INFO - Step 2: Loading model and tokenizer...
2026-03-20 17:52:18,306 - cyberbully - INFO - Loading model 'bert-base-cased' with 6 labels (sbert=False, supcon=False)
2026-03-20 17:52:19,025 - cyberbully - INFO - Step 3: Creating datasets...
2026-03-20 17:52:19,950 - cyberbully - INFO - Dataset sizes — train: 30499, val: 7625, test: 9532
2026-03-20 17:52:19,950 - cyberbully - INFO - Step 4: Training...
2026-03-20 17:52:20,175 - cyberbully - INFO - Starting training...
2026-03-20 18:07:30,735 - cyberbully - INFO - Training complete.
2026-03-20 18:07:30,798 - cyberbully - INFO - Removed checkpoint: experiments/grid-search/bert-base-cased/kaggle/prep0_aug0/seed_70681460/checkpoint-954
2026-03-20 18:07:30,860 - cyberbully - INFO - Removed checkpoint: experiments/grid-search/bert-base-cased/kaggle/prep0_aug0/seed_70681460/checkpoint-1908
2026-03-20 18:07:30,921 - cyberbully - INFO - Removed checkpoint: experiments/grid-search/bert-base-cased/kaggle/prep0_aug0/seed_70681460/checkpoint-2862
2026-03-20 18:07:30,984 - cyberbully - INFO - Removed checkpoint: experiments/grid-search/bert-base-cased/kaggle/prep0_aug0/seed_70681460/checkpoint-7632
2026-03-20 18:07:31,045 - cyberbully - INFO - Removed checkpoint: experiments/grid-search/bert-base-cased/kaggle/prep0_aug0/seed_70681460/checkpoint-5724
2026-03-20 18:07:31,107 - cyberbully - INFO - Removed checkpoint: experiments/grid-search/bert-base-cased/kaggle/prep0_aug0/seed_70681460/checkpoint-4770
2026-03-20 18:07:31,182 - cyberbully - INFO - Removed checkpoint: experiments/grid-search/bert-base-cased/kaggle/prep0_aug0/seed_70681460/checkpoint-9540
2026-03-20 18:07:31,244 - cyberbully - INFO - Removed checkpoint: experiments/grid-search/bert-base-cased/kaggle/prep0_aug0/seed_70681460/checkpoint-6678
2026-03-20 18:07:31,306 - cyberbully - INFO - Removed checkpoint: experiments/grid-search/bert-base-cased/kaggle/prep0_aug0/seed_70681460/checkpoint-8586
2026-03-20 18:07:31,369 - cyberbully - INFO - Removed checkpoint: experiments/grid-search/bert-base-cased/kaggle/prep0_aug0/seed_70681460/checkpoint-3816
2026-03-20 18:07:31,369 - cyberbully - INFO - Step 5: Evaluating on test set...
2026-03-20 18:07:42,976 - cyberbully - INFO - Metrics saved to experiments/grid-search/bert-base-cased/kaggle/prep0_aug0/seed_70681460/metrics.json
2026-03-20 18:07:42,977 - cyberbully - INFO - Confusion matrix saved to experiments/grid-search/bert-base-cased/kaggle/prep0_aug0/seed_70681460/confusion_matrix.json
2026-03-20 18:07:43,078 - cyberbully - INFO - Per-sample predictions saved to experiments/grid-search/bert-base-cased/kaggle/prep0_aug0/seed_70681460/predictions.json
2026-03-20 18:07:43,190 - cyberbully - INFO - Confusion matrix figure saved to experiments/grid-search/bert-base-cased/kaggle/prep0_aug0/seed_70681460/confusion_matrix.pdf
2026-03-20 18:07:43,190 - cyberbully - INFO - Accuracy: 0.8710
2026-03-20 18:07:43,190 - cyberbully - INFO - Weighted F1: 0.8696
2026-03-20 18:07:43,190 - cyberbully - INFO - Micro F1: 0.8710
2026-03-20 18:07:43,190 - cyberbully - INFO - Inference time: 7.28 seconds
2026-03-20 18:07:43,190 - cyberbully - INFO - Energy consumption: 0.000447 kWh
2026-03-20 18:07:43,192 - cyberbully - INFO - ============================================================
2026-03-20 18:07:43,192 - cyberbully - INFO - Pipeline complete. Results saved to: experiments/grid-search/bert-base-cased/kaggle/prep0_aug0/seed_70681460
2026-03-20 18:07:43,192 - cyberbully - INFO - ============================================================
