2026-03-19 04:38:10,433 - cyberbully - INFO - ============================================================
2026-03-19 04:38:10,433 - cyberbully - INFO - Cyberbullying Detection Pipeline
2026-03-19 04:38:10,433 - cyberbully - INFO - ============================================================
2026-03-19 04:38:10,433 - cyberbully - INFO - Configuration:
2026-03-19 04:38:10,433 - cyberbully - INFO -   model          : roberta-base
2026-03-19 04:38:10,433 - cyberbully - INFO -   dataset        : kaggle
2026-03-19 04:38:10,433 - cyberbully - INFO -   preprocess     : True
2026-03-19 04:38:10,433 - cyberbully - INFO -   augment        : False
2026-03-19 04:38:10,433 - cyberbully - INFO -   compute_attribution: False
2026-03-19 04:38:10,433 - cyberbully - INFO -   seed           : 43782163
2026-03-19 04:38:10,433 - cyberbully - INFO -   epochs         : 10
2026-03-19 04:38:10,433 - cyberbully - INFO -   batch_size     : 32
2026-03-19 04:38:10,433 - cyberbully - INFO -   lr             : 5e-05
2026-03-19 04:38:10,433 - cyberbully - INFO -   max_length     : 128
2026-03-19 04:38:10,433 - cyberbully - INFO -   output_dir     : supcon-baseline
2026-03-19 04:38:10,433 - cyberbully - INFO -   data_dir       : dataset
2026-03-19 04:38:10,433 - cyberbully - INFO -   sbert          : False
2026-03-19 04:38:10,433 - cyberbully - INFO -   supcon         : False
2026-03-19 04:38:10,433 - cyberbully - INFO -   supcon_weight  : 0.1
2026-03-19 04:38:10,433 - cyberbully - INFO -   proj_dim       : 128
2026-03-19 04:38:10,433 - cyberbully - INFO -   grad_accum_steps: 1
2026-03-19 04:38:10,433 - cyberbully - INFO -   overwrite      : False
2026-03-19 04:38:10,433 - cyberbully - INFO -   device         : cuda
2026-03-19 04:38:10,433 - cyberbully - INFO -   output_dir     : experiments/supcon-baseline/roberta-base/kaggle/prep1_aug0/seed_43782163
2026-03-19 04:38:10,433 - cyberbully - INFO - ============================================================
2026-03-19 04:38:10,433 - cyberbully - INFO - Step 1: Preparing data...
2026-03-19 04:38:10,485 - cyberbully - INFO - Loaded pre-split data from dataset/kaggle — train: 30499, val: 7625, test: 9532
2026-03-19 04:38:10,485 - cyberbully - INFO - Label mapping: {'age': 0, 'ethnicity': 1, 'gender': 2, 'not_cyberbullying': 3, 'other_cyberbullying': 4, 'religion': 5}
2026-03-19 04:38:10,485 - cyberbully - INFO - Applying text preprocessing per split...
2026-03-19 04:38:13,826 - cyberbully - INFO - After preprocessing — train: 30499, val: 7625, test: 9532
2026-03-19 04:38:13,839 - cyberbully - INFO - Number of classes: 6
2026-03-19 04:38:13,840 - cyberbully - INFO - Step 2: Loading model and tokenizer...
2026-03-19 04:38:13,840 - cyberbully - INFO - Loading model 'roberta-base' with 6 labels (sbert=False, supcon=False)
2026-03-19 04:38:14,608 - cyberbully - INFO - Step 3: Creating datasets...
2026-03-19 04:38:15,267 - cyberbully - INFO - Dataset sizes — train: 30499, val: 7625, test: 9532
2026-03-19 04:38:15,267 - cyberbully - INFO - Step 4: Training...
2026-03-19 04:38:15,399 - cyberbully - INFO - Starting training...
2026-03-19 04:49:28,287 - cyberbully - INFO - Training complete.
2026-03-19 04:49:28,377 - cyberbully - INFO - Removed checkpoint: experiments/supcon-baseline/roberta-base/kaggle/prep1_aug0/seed_43782163/checkpoint-1908
2026-03-19 04:49:28,462 - cyberbully - INFO - Removed checkpoint: experiments/supcon-baseline/roberta-base/kaggle/prep1_aug0/seed_43782163/checkpoint-4770
2026-03-19 04:49:28,546 - cyberbully - INFO - Removed checkpoint: experiments/supcon-baseline/roberta-base/kaggle/prep1_aug0/seed_43782163/checkpoint-9540
2026-03-19 04:49:28,634 - cyberbully - INFO - Removed checkpoint: experiments/supcon-baseline/roberta-base/kaggle/prep1_aug0/seed_43782163/checkpoint-2862
2026-03-19 04:49:28,718 - cyberbully - INFO - Removed checkpoint: experiments/supcon-baseline/roberta-base/kaggle/prep1_aug0/seed_43782163/checkpoint-7632
2026-03-19 04:49:28,804 - cyberbully - INFO - Removed checkpoint: experiments/supcon-baseline/roberta-base/kaggle/prep1_aug0/seed_43782163/checkpoint-3816
2026-03-19 04:49:28,890 - cyberbully - INFO - Removed checkpoint: experiments/supcon-baseline/roberta-base/kaggle/prep1_aug0/seed_43782163/checkpoint-5724
2026-03-19 04:49:28,987 - cyberbully - INFO - Removed checkpoint: experiments/supcon-baseline/roberta-base/kaggle/prep1_aug0/seed_43782163/checkpoint-954
2026-03-19 04:49:29,073 - cyberbully - INFO - Removed checkpoint: experiments/supcon-baseline/roberta-base/kaggle/prep1_aug0/seed_43782163/checkpoint-8586
2026-03-19 04:49:29,160 - cyberbully - INFO - Removed checkpoint: experiments/supcon-baseline/roberta-base/kaggle/prep1_aug0/seed_43782163/checkpoint-6678
2026-03-19 04:49:29,160 - cyberbully - INFO - Step 5: Evaluating on test set...
2026-03-19 04:49:38,449 - cyberbully - INFO - Metrics saved to experiments/supcon-baseline/roberta-base/kaggle/prep1_aug0/seed_43782163/metrics.json
2026-03-19 04:49:38,450 - cyberbully - INFO - Confusion matrix saved to experiments/supcon-baseline/roberta-base/kaggle/prep1_aug0/seed_43782163/confusion_matrix.json
2026-03-19 04:49:38,554 - cyberbully - INFO - Per-sample predictions saved to experiments/supcon-baseline/roberta-base/kaggle/prep1_aug0/seed_43782163/predictions.json
2026-03-19 04:49:38,669 - cyberbully - INFO - Confusion matrix figure saved to experiments/supcon-baseline/roberta-base/kaggle/prep1_aug0/seed_43782163/confusion_matrix.pdf
2026-03-19 04:49:38,669 - cyberbully - INFO - Accuracy: 0.8732
2026-03-19 04:49:38,669 - cyberbully - INFO - Weighted F1: 0.8712
2026-03-19 04:49:38,669 - cyberbully - INFO - Micro F1: 0.8732
2026-03-19 04:49:38,669 - cyberbully - INFO - Inference time: 4.06 seconds
2026-03-19 04:49:38,669 - cyberbully - INFO - Energy consumption: 0.000216 kWh
2026-03-19 04:49:38,671 - cyberbully - INFO - ============================================================
2026-03-19 04:49:38,671 - cyberbully - INFO - Pipeline complete. Results saved to: experiments/supcon-baseline/roberta-base/kaggle/prep1_aug0/seed_43782163
2026-03-19 04:49:38,671 - cyberbully - INFO - ============================================================
