2026-06-14 20:04:03,829 - cyberbully - INFO - ============================================================
2026-06-14 20:04:03,829 - cyberbully - INFO - Cyberbullying Detection Pipeline
2026-06-14 20:04:03,829 - cyberbully - INFO - ============================================================
2026-06-14 20:04:03,829 - cyberbully - INFO - Configuration:
2026-06-14 20:04:03,829 - cyberbully - INFO -   model          : bert-base-uncased
2026-06-14 20:04:03,829 - cyberbully - INFO -   dataset        : tweeteval
2026-06-14 20:04:03,829 - cyberbully - INFO -   preprocess     : False
2026-06-14 20:04:03,829 - cyberbully - INFO -   prep_mode      : 2
2026-06-14 20:04:03,829 - cyberbully - INFO -   augment        : False
2026-06-14 20:04:03,829 - cyberbully - INFO -   compute_attribution: False
2026-06-14 20:04:03,829 - cyberbully - INFO -   seed           : 70681460
2026-06-14 20:04:03,829 - cyberbully - INFO -   epochs         : 10
2026-06-14 20:04:03,829 - cyberbully - INFO -   batch_size     : 32
2026-06-14 20:04:03,829 - cyberbully - INFO -   lr             : 5e-05
2026-06-14 20:04:03,829 - cyberbully - INFO -   max_length     : 128
2026-06-14 20:04:03,829 - cyberbully - INFO -   output_dir     : grid-search
2026-06-14 20:04:03,830 - cyberbully - INFO -   data_dir       : dataset
2026-06-14 20:04:03,830 - cyberbully - INFO -   sbert          : False
2026-06-14 20:04:03,830 - cyberbully - INFO -   supcon         : False
2026-06-14 20:04:03,830 - cyberbully - INFO -   supcon_weight  : 0.1
2026-06-14 20:04:03,830 - cyberbully - INFO -   proj_dim       : 128
2026-06-14 20:04:03,830 - cyberbully - INFO -   grad_accum_steps: 1
2026-06-14 20:04:03,830 - cyberbully - INFO -   overwrite      : False
2026-06-14 20:04:03,830 - cyberbully - INFO -   device         : cuda
2026-06-14 20:04:03,830 - cyberbully - INFO -   output_dir     : experiments/grid-search/bert-base-uncased/tweeteval/prep2_aug0/seed_70681460
2026-06-14 20:04:03,830 - cyberbully - INFO - ============================================================
2026-06-14 20:04:03,830 - cyberbully - INFO - Step 1: Preparing data...
2026-06-14 20:04:03,881 - cyberbully - INFO - Loaded pre-split data from dataset/tweeteval — train: 32485, val: 8122, test: 10152
2026-06-14 20:04:03,881 - cyberbully - INFO - Label mapping: {'emotion': 0, 'hate': 1, 'offensive': 2, 'religion': 3, 'spiritual': 4}
2026-06-14 20:04:03,882 - cyberbully - INFO - Applying partial text preprocessing per split...
2026-06-14 20:04:05,688 - cyberbully - INFO - After preprocessing -- train: 32485, val: 8122, test: 10152
2026-06-14 20:04:05,692 - cyberbully - INFO - Number of classes: 5
2026-06-14 20:04:05,694 - cyberbully - INFO - Step 2: Loading model and tokenizer...
2026-06-14 20:04:05,694 - cyberbully - INFO - Loading model 'bert-base-uncased' with 5 labels (sbert=False, supcon=False)
2026-06-14 20:04:06,986 - cyberbully - INFO - Step 3: Creating datasets...
2026-06-14 20:04:08,061 - cyberbully - INFO - Dataset sizes — train: 32485, val: 8122, test: 10152
2026-06-14 20:04:08,061 - cyberbully - INFO - Step 4: Training...
2026-06-14 20:04:08,262 - cyberbully - INFO - Starting training...
2026-06-14 20:18:56,682 - cyberbully - INFO - Training complete.
2026-06-14 20:18:56,765 - cyberbully - INFO - Removed checkpoint: experiments/grid-search/bert-base-uncased/tweeteval/prep2_aug0/seed_70681460/checkpoint-2032
2026-06-14 20:18:56,848 - cyberbully - INFO - Removed checkpoint: experiments/grid-search/bert-base-uncased/tweeteval/prep2_aug0/seed_70681460/checkpoint-6096
2026-06-14 20:18:56,930 - cyberbully - INFO - Removed checkpoint: experiments/grid-search/bert-base-uncased/tweeteval/prep2_aug0/seed_70681460/checkpoint-3048
2026-06-14 20:18:57,014 - cyberbully - INFO - Removed checkpoint: experiments/grid-search/bert-base-uncased/tweeteval/prep2_aug0/seed_70681460/checkpoint-9144
2026-06-14 20:18:57,096 - cyberbully - INFO - Removed checkpoint: experiments/grid-search/bert-base-uncased/tweeteval/prep2_aug0/seed_70681460/checkpoint-5080
2026-06-14 20:18:57,177 - cyberbully - INFO - Removed checkpoint: experiments/grid-search/bert-base-uncased/tweeteval/prep2_aug0/seed_70681460/checkpoint-8128
2026-06-14 20:18:57,258 - cyberbully - INFO - Removed checkpoint: experiments/grid-search/bert-base-uncased/tweeteval/prep2_aug0/seed_70681460/checkpoint-4064
2026-06-14 20:18:57,342 - cyberbully - INFO - Removed checkpoint: experiments/grid-search/bert-base-uncased/tweeteval/prep2_aug0/seed_70681460/checkpoint-1016
2026-06-14 20:18:57,426 - cyberbully - INFO - Removed checkpoint: experiments/grid-search/bert-base-uncased/tweeteval/prep2_aug0/seed_70681460/checkpoint-7112
2026-06-14 20:18:57,526 - cyberbully - INFO - Removed checkpoint: experiments/grid-search/bert-base-uncased/tweeteval/prep2_aug0/seed_70681460/checkpoint-10160
2026-06-14 20:18:57,526 - cyberbully - INFO - Step 5: Evaluating on test set...
2026-06-14 20:19:09,394 - cyberbully - INFO - Metrics saved to experiments/grid-search/bert-base-uncased/tweeteval/prep2_aug0/seed_70681460/metrics.json
2026-06-14 20:19:09,394 - cyberbully - INFO - Confusion matrix saved to experiments/grid-search/bert-base-uncased/tweeteval/prep2_aug0/seed_70681460/confusion_matrix.json
2026-06-14 20:19:09,517 - cyberbully - INFO - Per-sample predictions saved to experiments/grid-search/bert-base-uncased/tweeteval/prep2_aug0/seed_70681460/predictions.json
2026-06-14 20:19:09,632 - cyberbully - INFO - Confusion matrix figure saved to experiments/grid-search/bert-base-uncased/tweeteval/prep2_aug0/seed_70681460/confusion_matrix.pdf
2026-06-14 20:19:09,632 - cyberbully - INFO - Accuracy: 0.9406
2026-06-14 20:19:09,632 - cyberbully - INFO - Weighted F1: 0.9410
2026-06-14 20:19:09,632 - cyberbully - INFO - Micro F1: 0.9406
2026-06-14 20:19:09,632 - cyberbully - INFO - Inference time: 5.79 seconds
2026-06-14 20:19:09,632 - cyberbully - INFO - Energy consumption: 0.000351 kWh
2026-06-14 20:19:09,635 - cyberbully - INFO - ============================================================
2026-06-14 20:19:09,635 - cyberbully - INFO - Pipeline complete. Results saved to: experiments/grid-search/bert-base-uncased/tweeteval/prep2_aug0/seed_70681460
2026-06-14 20:19:09,635 - cyberbully - INFO - ============================================================
