2026-06-15 02:25:00,169 - cyberbully - INFO - ============================================================
2026-06-15 02:25:00,169 - cyberbully - INFO - Cyberbullying Detection Pipeline
2026-06-15 02:25:00,169 - cyberbully - INFO - ============================================================
2026-06-15 02:25:00,169 - cyberbully - INFO - Configuration:
2026-06-15 02:25:00,169 - cyberbully - INFO -   model          : chandar-lab/NeoBERT
2026-06-15 02:25:00,169 - cyberbully - INFO -   dataset        : ieee
2026-06-15 02:25:00,169 - cyberbully - INFO -   preprocess     : False
2026-06-15 02:25:00,169 - cyberbully - INFO -   prep_mode      : 2
2026-06-15 02:25:00,169 - cyberbully - INFO -   augment        : False
2026-06-15 02:25:00,169 - cyberbully - INFO -   compute_attribution: False
2026-06-15 02:25:00,169 - cyberbully - INFO -   seed           : 24677315
2026-06-15 02:25:00,169 - cyberbully - INFO -   epochs         : 10
2026-06-15 02:25:00,169 - cyberbully - INFO -   batch_size     : 32
2026-06-15 02:25:00,169 - cyberbully - INFO -   lr             : 5e-05
2026-06-15 02:25:00,169 - cyberbully - INFO -   max_length     : 128
2026-06-15 02:25:00,169 - cyberbully - INFO -   output_dir     : grid-search
2026-06-15 02:25:00,169 - cyberbully - INFO -   data_dir       : dataset
2026-06-15 02:25:00,169 - cyberbully - INFO -   sbert          : False
2026-06-15 02:25:00,169 - cyberbully - INFO -   supcon         : False
2026-06-15 02:25:00,169 - cyberbully - INFO -   supcon_weight  : 0.1
2026-06-15 02:25:00,169 - cyberbully - INFO -   proj_dim       : 128
2026-06-15 02:25:00,169 - cyberbully - INFO -   grad_accum_steps: 1
2026-06-15 02:25:00,169 - cyberbully - INFO -   overwrite      : False
2026-06-15 02:25:00,169 - cyberbully - INFO -   device         : cuda
2026-06-15 02:25:00,169 - cyberbully - INFO -   output_dir     : experiments/grid-search/chandar-lab_NeoBERT/ieee/prep2_aug0/seed_24677315
2026-06-15 02:25:00,169 - cyberbully - INFO - ============================================================
2026-06-15 02:25:00,169 - cyberbully - INFO - Step 1: Preparing data...
2026-06-15 02:25:00,173 - cyberbully - INFO - Loaded pre-split data from dataset/ieee — train: 1348, val: 338, test: 422
2026-06-15 02:25:00,173 - cyberbully - INFO - Label mapping: {'Cyberstalking': 0, 'Doxing': 1, 'Revenge Porn': 2, 'Sexual Harassment': 3, 'Slut Shaming': 4}
2026-06-15 02:25:00,174 - cyberbully - INFO - Applying partial text preprocessing per split...
2026-06-15 02:25:00,226 - cyberbully - INFO - After preprocessing -- train: 1348, val: 338, test: 422
2026-06-15 02:25:00,227 - cyberbully - INFO - Number of classes: 5
2026-06-15 02:25:00,228 - cyberbully - INFO - Step 2: Loading model and tokenizer...
2026-06-15 02:25:00,228 - cyberbully - INFO - Loading model 'chandar-lab/NeoBERT' with 5 labels (sbert=False, supcon=False)
2026-06-15 02:25:01,990 - cyberbully - INFO - Step 3: Creating datasets...
2026-06-15 02:25:02,028 - cyberbully - INFO - Dataset sizes — train: 1348, val: 338, test: 422
2026-06-15 02:25:02,028 - cyberbully - INFO - Step 4: Training...
2026-06-15 02:25:02,313 - cyberbully - INFO - Starting training...
2026-06-15 02:28:30,699 - cyberbully - INFO - Training complete.
2026-06-15 02:28:31,089 - cyberbully - INFO - Removed checkpoint: experiments/grid-search/chandar-lab_NeoBERT/ieee/prep2_aug0/seed_24677315/checkpoint-172
2026-06-15 02:28:31,226 - cyberbully - INFO - Removed checkpoint: experiments/grid-search/chandar-lab_NeoBERT/ieee/prep2_aug0/seed_24677315/checkpoint-258
2026-06-15 02:28:31,373 - cyberbully - INFO - Removed checkpoint: experiments/grid-search/chandar-lab_NeoBERT/ieee/prep2_aug0/seed_24677315/checkpoint-387
2026-06-15 02:28:31,503 - cyberbully - INFO - Removed checkpoint: experiments/grid-search/chandar-lab_NeoBERT/ieee/prep2_aug0/seed_24677315/checkpoint-43
2026-06-15 02:28:31,655 - cyberbully - INFO - Removed checkpoint: experiments/grid-search/chandar-lab_NeoBERT/ieee/prep2_aug0/seed_24677315/checkpoint-430
2026-06-15 02:28:31,796 - cyberbully - INFO - Removed checkpoint: experiments/grid-search/chandar-lab_NeoBERT/ieee/prep2_aug0/seed_24677315/checkpoint-301
2026-06-15 02:28:31,941 - cyberbully - INFO - Removed checkpoint: experiments/grid-search/chandar-lab_NeoBERT/ieee/prep2_aug0/seed_24677315/checkpoint-344
2026-06-15 02:28:32,074 - cyberbully - INFO - Removed checkpoint: experiments/grid-search/chandar-lab_NeoBERT/ieee/prep2_aug0/seed_24677315/checkpoint-129
2026-06-15 02:28:32,210 - cyberbully - INFO - Removed checkpoint: experiments/grid-search/chandar-lab_NeoBERT/ieee/prep2_aug0/seed_24677315/checkpoint-215
2026-06-15 02:28:32,344 - cyberbully - INFO - Removed checkpoint: experiments/grid-search/chandar-lab_NeoBERT/ieee/prep2_aug0/seed_24677315/checkpoint-86
2026-06-15 02:28:32,344 - cyberbully - INFO - Step 5: Evaluating on test set...
2026-06-15 02:28:39,301 - cyberbully - INFO - Metrics saved to experiments/grid-search/chandar-lab_NeoBERT/ieee/prep2_aug0/seed_24677315/metrics.json
2026-06-15 02:28:39,301 - cyberbully - INFO - Confusion matrix saved to experiments/grid-search/chandar-lab_NeoBERT/ieee/prep2_aug0/seed_24677315/confusion_matrix.json
2026-06-15 02:28:39,306 - cyberbully - INFO - Per-sample predictions saved to experiments/grid-search/chandar-lab_NeoBERT/ieee/prep2_aug0/seed_24677315/predictions.json
2026-06-15 02:28:39,411 - cyberbully - INFO - Confusion matrix figure saved to experiments/grid-search/chandar-lab_NeoBERT/ieee/prep2_aug0/seed_24677315/confusion_matrix.pdf
2026-06-15 02:28:39,411 - cyberbully - INFO - Accuracy: 0.8175
2026-06-15 02:28:39,411 - cyberbully - INFO - Weighted F1: 0.8176
2026-06-15 02:28:39,411 - cyberbully - INFO - Micro F1: 0.8175
2026-06-15 02:28:39,411 - cyberbully - INFO - Inference time: 0.84 seconds
2026-06-15 02:28:39,411 - cyberbully - INFO - Energy consumption: 0.000078 kWh
2026-06-15 02:28:39,411 - cyberbully - INFO - ============================================================
2026-06-15 02:28:39,411 - cyberbully - INFO - Pipeline complete. Results saved to: experiments/grid-search/chandar-lab_NeoBERT/ieee/prep2_aug0/seed_24677315
2026-06-15 02:28:39,411 - cyberbully - INFO - ============================================================
