2026-02-13 08:30:06,470 - cyberbully - INFO - ============================================================
2026-02-13 08:30:06,470 - cyberbully - INFO - Cyberbullying Detection Pipeline
2026-02-13 08:30:06,470 - cyberbully - INFO - ============================================================
2026-02-13 08:30:06,470 - cyberbully - INFO - Configuration:
2026-02-13 08:30:06,470 - cyberbully - INFO -   model          : roberta-base
2026-02-13 08:30:06,470 - cyberbully - INFO -   dataset        : ieee
2026-02-13 08:30:06,470 - cyberbully - INFO -   preprocess     : True
2026-02-13 08:30:06,471 - cyberbully - INFO -   augment        : False
2026-02-13 08:30:06,471 - cyberbully - INFO -   compute_attribution: False
2026-02-13 08:30:06,471 - cyberbully - INFO -   seed           : 90995999
2026-02-13 08:30:06,471 - cyberbully - INFO -   epochs         : 5
2026-02-13 08:30:06,471 - cyberbully - INFO -   batch_size     : 16
2026-02-13 08:30:06,471 - cyberbully - INFO -   lr             : 2e-05
2026-02-13 08:30:06,471 - cyberbully - INFO -   max_length     : 128
2026-02-13 08:30:06,471 - cyberbully - INFO -   output_dir     : experiments
2026-02-13 08:30:06,471 - cyberbully - INFO -   data_dir       : dataset
2026-02-13 08:30:06,471 - cyberbully - INFO -   overwrite      : False
2026-02-13 08:30:06,471 - cyberbully - INFO -   device         : cuda
2026-02-13 08:30:06,471 - cyberbully - INFO -   output_dir     : experiments/roberta-base/ieee/prep1_aug0/seed_90995999
2026-02-13 08:30:06,471 - cyberbully - INFO - ============================================================
2026-02-13 08:30:06,471 - cyberbully - INFO - Step 1: Preparing data...
2026-02-13 08:30:06,471 - cyberbully - INFO - Loading dataset 'ieee' from dataset/IEEE Data Port.csv
2026-02-13 08:30:06,477 - cyberbully - INFO - Loaded 2108 samples with 5 classes: ['Cyberstalking', 'Doxing', 'Revenge Porn', 'Sexual Harassment', 'Slut Shaming']
2026-02-13 08:30:06,477 - cyberbully - INFO - Applying text preprocessing...
2026-02-13 08:30:09,632 - cyberbully - INFO - After preprocessing: 1813 samples remain
2026-02-13 08:30:09,633 - cyberbully - INFO - Label mapping: {'Cyberstalking': 0, 'Doxing': 1, 'Revenge Porn': 2, 'Sexual Harassment': 3, 'Slut Shaming': 4}
2026-02-13 08:30:09,635 - cyberbully - INFO - Split sizes — train: 1160, val: 290, test: 363
2026-02-13 08:30:09,635 - cyberbully - INFO - Number of classes: 5
2026-02-13 08:30:09,635 - cyberbully - INFO - Step 2: Loading model and tokenizer...
2026-02-13 08:30:09,635 - cyberbully - INFO - Loading model 'roberta-base' with 5 labels
2026-02-13 08:30:10,889 - cyberbully - INFO - Step 3: Tokenizing datasets...
2026-02-13 08:30:10,913 - cyberbully - INFO - Dataset sizes — train: 1160, val: 290, test: 363
2026-02-13 08:30:10,913 - cyberbully - INFO - Step 4: Training...
2026-02-13 08:30:11,164 - cyberbully - INFO - Starting training...
2026-02-13 08:30:34,624 - cyberbully - INFO - Training complete.
2026-02-13 08:30:34,624 - cyberbully - INFO - Step 5: Evaluating on test set...
2026-02-13 08:30:39,157 - cyberbully - INFO - Metrics saved to experiments/roberta-base/ieee/prep1_aug0/seed_90995999/metrics.json
2026-02-13 08:30:39,157 - cyberbully - INFO - Confusion matrix saved to experiments/roberta-base/ieee/prep1_aug0/seed_90995999/confusion_matrix.json
2026-02-13 08:30:39,258 - cyberbully - INFO - Confusion matrix figure saved to experiments/roberta-base/ieee/prep1_aug0/seed_90995999/confusion_matrix.pdf
2026-02-13 08:30:39,258 - cyberbully - INFO - Accuracy: 0.8485
2026-02-13 08:30:39,258 - cyberbully - INFO - Weighted F1: 0.8476
2026-02-13 08:30:39,258 - cyberbully - INFO - Micro F1: 0.8485
2026-02-13 08:30:39,258 - cyberbully - INFO - Inference time: 0.27 seconds
2026-02-13 08:30:39,258 - cyberbully - INFO - Energy consumption: 0.000016 kWh
2026-02-13 08:30:39,258 - cyberbully - INFO - ============================================================
2026-02-13 08:30:39,258 - cyberbully - INFO - Pipeline complete. Results saved to: experiments/roberta-base/ieee/prep1_aug0/seed_90995999
2026-02-13 08:30:39,258 - cyberbully - INFO - ============================================================
