2026-04-12 14:50:21,356 - cyberbully - INFO - ============================================================
2026-04-12 14:50:21,356 - cyberbully - INFO - Cyberbullying Detection Pipeline
2026-04-12 14:50:21,357 - cyberbully - INFO - ============================================================
2026-04-12 14:50:21,357 - cyberbully - INFO - Configuration:
2026-04-12 14:50:21,357 - cyberbully - INFO -   model          : roberta-base
2026-04-12 14:50:21,357 - cyberbully - INFO -   dataset        : tweeteval
2026-04-12 14:50:21,357 - cyberbully - INFO -   preprocess     : False
2026-04-12 14:50:21,357 - cyberbully - INFO -   augment        : False
2026-04-12 14:50:21,357 - cyberbully - INFO -   compute_attribution: False
2026-04-12 14:50:21,357 - cyberbully - INFO -   seed           : 52680723
2026-04-12 14:50:21,357 - cyberbully - INFO -   epochs         : 10
2026-04-12 14:50:21,357 - cyberbully - INFO -   batch_size     : 32
2026-04-12 14:50:21,357 - cyberbully - INFO -   lr             : 5e-05
2026-04-12 14:50:21,357 - cyberbully - INFO -   max_length     : 128
2026-04-12 14:50:21,357 - cyberbully - INFO -   output_dir     : grid-search
2026-04-12 14:50:21,357 - cyberbully - INFO -   data_dir       : dataset
2026-04-12 14:50:21,357 - cyberbully - INFO -   sbert          : False
2026-04-12 14:50:21,357 - cyberbully - INFO -   supcon         : False
2026-04-12 14:50:21,357 - cyberbully - INFO -   supcon_weight  : 0.1
2026-04-12 14:50:21,357 - cyberbully - INFO -   proj_dim       : 128
2026-04-12 14:50:21,357 - cyberbully - INFO -   grad_accum_steps: 1
2026-04-12 14:50:21,357 - cyberbully - INFO -   overwrite      : False
2026-04-12 14:50:21,357 - cyberbully - INFO -   device         : cuda
2026-04-12 14:50:21,357 - cyberbully - INFO -   output_dir     : experiments/grid-search/roberta-base/tweeteval/prep0_aug0/seed_52680723
2026-04-12 14:50:21,357 - cyberbully - INFO - ============================================================
2026-04-12 14:50:21,357 - cyberbully - INFO - Step 1: Preparing data...
2026-04-12 14:50:21,403 - cyberbully - INFO - Loaded pre-split data from dataset/tweeteval — train: 32485, val: 8122, test: 10152
2026-04-12 14:50:21,403 - cyberbully - INFO - Label mapping: {'emotion': 0, 'hate': 1, 'offensive': 2, 'religion': 3, 'spiritual': 4}
2026-04-12 14:50:21,414 - cyberbully - INFO - Number of classes: 5
2026-04-12 14:50:21,415 - cyberbully - INFO - Step 2: Loading model and tokenizer...
2026-04-12 14:50:21,415 - cyberbully - INFO - Loading model 'roberta-base' with 5 labels (sbert=False, supcon=False)
2026-04-12 14:50:22,714 - cyberbully - INFO - Step 3: Creating datasets...
2026-04-12 14:50:23,403 - cyberbully - INFO - Dataset sizes — train: 32485, val: 8122, test: 10152
2026-04-12 14:50:23,403 - cyberbully - INFO - Step 4: Training...
2026-04-12 14:50:23,632 - cyberbully - INFO - Starting training...
2026-04-12 15:04:40,898 - cyberbully - INFO - Training complete.
2026-04-12 15:04:40,969 - cyberbully - INFO - Removed checkpoint: experiments/grid-search/roberta-base/tweeteval/prep0_aug0/seed_52680723/checkpoint-3048
2026-04-12 15:04:41,039 - cyberbully - INFO - Removed checkpoint: experiments/grid-search/roberta-base/tweeteval/prep0_aug0/seed_52680723/checkpoint-7112
2026-04-12 15:04:41,108 - cyberbully - INFO - Removed checkpoint: experiments/grid-search/roberta-base/tweeteval/prep0_aug0/seed_52680723/checkpoint-9144
2026-04-12 15:04:41,183 - cyberbully - INFO - Removed checkpoint: experiments/grid-search/roberta-base/tweeteval/prep0_aug0/seed_52680723/checkpoint-1016
2026-04-12 15:04:41,256 - cyberbully - INFO - Removed checkpoint: experiments/grid-search/roberta-base/tweeteval/prep0_aug0/seed_52680723/checkpoint-2032
2026-04-12 15:04:41,338 - cyberbully - INFO - Removed checkpoint: experiments/grid-search/roberta-base/tweeteval/prep0_aug0/seed_52680723/checkpoint-10160
2026-04-12 15:04:41,408 - cyberbully - INFO - Removed checkpoint: experiments/grid-search/roberta-base/tweeteval/prep0_aug0/seed_52680723/checkpoint-6096
2026-04-12 15:04:41,479 - cyberbully - INFO - Removed checkpoint: experiments/grid-search/roberta-base/tweeteval/prep0_aug0/seed_52680723/checkpoint-5080
2026-04-12 15:04:41,549 - cyberbully - INFO - Removed checkpoint: experiments/grid-search/roberta-base/tweeteval/prep0_aug0/seed_52680723/checkpoint-8128
2026-04-12 15:04:41,621 - cyberbully - INFO - Removed checkpoint: experiments/grid-search/roberta-base/tweeteval/prep0_aug0/seed_52680723/checkpoint-4064
2026-04-12 15:04:41,621 - cyberbully - INFO - Step 5: Evaluating on test set...
2026-04-12 15:04:52,497 - cyberbully - INFO - Metrics saved to experiments/grid-search/roberta-base/tweeteval/prep0_aug0/seed_52680723/metrics.json
2026-04-12 15:04:52,497 - cyberbully - INFO - Confusion matrix saved to experiments/grid-search/roberta-base/tweeteval/prep0_aug0/seed_52680723/confusion_matrix.json
2026-04-12 15:04:52,601 - cyberbully - INFO - Per-sample predictions saved to experiments/grid-search/roberta-base/tweeteval/prep0_aug0/seed_52680723/predictions.json
2026-04-12 15:04:52,704 - cyberbully - INFO - Confusion matrix figure saved to experiments/grid-search/roberta-base/tweeteval/prep0_aug0/seed_52680723/confusion_matrix.pdf
2026-04-12 15:04:52,704 - cyberbully - INFO - Accuracy: 0.9742
2026-04-12 15:04:52,704 - cyberbully - INFO - Weighted F1: 0.9743
2026-04-12 15:04:52,704 - cyberbully - INFO - Micro F1: 0.9742
2026-04-12 15:04:52,705 - cyberbully - INFO - Inference time: 6.17 seconds
2026-04-12 15:04:52,705 - cyberbully - INFO - Energy consumption: 0.000403 kWh
2026-04-12 15:04:52,707 - cyberbully - INFO - ============================================================
2026-04-12 15:04:52,707 - cyberbully - INFO - Pipeline complete. Results saved to: experiments/grid-search/roberta-base/tweeteval/prep0_aug0/seed_52680723
2026-04-12 15:04:52,707 - cyberbully - INFO - ============================================================
