2026-03-27 02:18:14,145 - cyberbully - INFO - Model 'all-distilroberta-v1' detected as SBERT-based. Using SBERTClassifier pipeline.
2026-03-27 02:18:14,145 - cyberbully - INFO - ============================================================
2026-03-27 02:18:14,145 - cyberbully - INFO - Cyberbullying Detection Pipeline
2026-03-27 02:18:14,145 - cyberbully - INFO - ============================================================
2026-03-27 02:18:14,145 - cyberbully - INFO - Configuration:
2026-03-27 02:18:14,145 - cyberbully - INFO -   model          : all-distilroberta-v1
2026-03-27 02:18:14,145 - cyberbully - INFO -   dataset        : tweeteval
2026-03-27 02:18:14,145 - cyberbully - INFO -   preprocess     : False
2026-03-27 02:18:14,145 - cyberbully - INFO -   augment        : False
2026-03-27 02:18:14,145 - cyberbully - INFO -   compute_attribution: False
2026-03-27 02:18:14,145 - cyberbully - INFO -   seed           : 67351593
2026-03-27 02:18:14,145 - cyberbully - INFO -   epochs         : 10
2026-03-27 02:18:14,145 - cyberbully - INFO -   batch_size     : 64
2026-03-27 02:18:14,145 - cyberbully - INFO -   lr             : 5e-05
2026-03-27 02:18:14,145 - cyberbully - INFO -   max_length     : 128
2026-03-27 02:18:14,145 - cyberbully - INFO -   output_dir     : supcon-grid
2026-03-27 02:18:14,145 - cyberbully - INFO -   data_dir       : dataset
2026-03-27 02:18:14,145 - cyberbully - INFO -   sbert          : True
2026-03-27 02:18:14,145 - cyberbully - INFO -   supcon         : False
2026-03-27 02:18:14,145 - cyberbully - INFO -   supcon_weight  : 0.1
2026-03-27 02:18:14,145 - cyberbully - INFO -   proj_dim       : 128
2026-03-27 02:18:14,145 - cyberbully - INFO -   grad_accum_steps: 1
2026-03-27 02:18:14,145 - cyberbully - INFO -   overwrite      : False
2026-03-27 02:18:14,145 - cyberbully - INFO -   device         : cuda
2026-03-27 02:18:14,145 - cyberbully - INFO -   output_dir     : experiments/supcon-grid/all-distilroberta-v1/tweeteval/prep0_aug0/seed_67351593
2026-03-27 02:18:14,145 - cyberbully - INFO - ============================================================
2026-03-27 02:18:14,145 - cyberbully - INFO - Step 1: Preparing data...
2026-03-27 02:18:14,193 - cyberbully - INFO - Loaded pre-split data from dataset/tweeteval — train: 32485, val: 8122, test: 10152
2026-03-27 02:18:14,193 - cyberbully - INFO - Label mapping: {'emotion': 0, 'hate': 1, 'offensive': 2, 'religion': 3, 'spiritual': 4}
2026-03-27 02:18:14,205 - cyberbully - INFO - Number of classes: 5
2026-03-27 02:18:14,206 - cyberbully - INFO - Step 2: Loading model and tokenizer...
2026-03-27 02:18:14,206 - cyberbully - INFO - Loading model 'all-distilroberta-v1' with 5 labels (sbert=True, supcon=False)
2026-03-27 02:18:17,570 - cyberbully - INFO - SBERTClassifier: embedding_dim=768, hidden=256, proj_dim=None, num_labels=5
2026-03-27 02:18:17,898 - cyberbully - INFO - Step 3: Creating datasets...
2026-03-27 02:18:18,612 - cyberbully - INFO - Dataset sizes — train: 32485, val: 8122, test: 10152
2026-03-27 02:18:18,612 - cyberbully - INFO - Step 4: Training...
2026-03-27 02:18:18,615 - cyberbully - INFO - Starting training...
2026-03-27 02:23:57,587 - cyberbully - INFO - Training complete.
2026-03-27 02:23:57,647 - cyberbully - INFO - Removed checkpoint: experiments/supcon-grid/all-distilroberta-v1/tweeteval/prep0_aug0/seed_67351593/checkpoint-2032
2026-03-27 02:23:57,706 - cyberbully - INFO - Removed checkpoint: experiments/supcon-grid/all-distilroberta-v1/tweeteval/prep0_aug0/seed_67351593/checkpoint-3048
2026-03-27 02:23:57,763 - cyberbully - INFO - Removed checkpoint: experiments/supcon-grid/all-distilroberta-v1/tweeteval/prep0_aug0/seed_67351593/checkpoint-5080
2026-03-27 02:23:57,822 - cyberbully - INFO - Removed checkpoint: experiments/supcon-grid/all-distilroberta-v1/tweeteval/prep0_aug0/seed_67351593/checkpoint-2540
2026-03-27 02:23:57,882 - cyberbully - INFO - Removed checkpoint: experiments/supcon-grid/all-distilroberta-v1/tweeteval/prep0_aug0/seed_67351593/checkpoint-3556
2026-03-27 02:23:57,939 - cyberbully - INFO - Removed checkpoint: experiments/supcon-grid/all-distilroberta-v1/tweeteval/prep0_aug0/seed_67351593/checkpoint-4064
2026-03-27 02:23:57,998 - cyberbully - INFO - Removed checkpoint: experiments/supcon-grid/all-distilroberta-v1/tweeteval/prep0_aug0/seed_67351593/checkpoint-1524
2026-03-27 02:23:58,056 - cyberbully - INFO - Removed checkpoint: experiments/supcon-grid/all-distilroberta-v1/tweeteval/prep0_aug0/seed_67351593/checkpoint-4572
2026-03-27 02:23:58,116 - cyberbully - INFO - Removed checkpoint: experiments/supcon-grid/all-distilroberta-v1/tweeteval/prep0_aug0/seed_67351593/checkpoint-1016
2026-03-27 02:23:58,178 - cyberbully - INFO - Removed checkpoint: experiments/supcon-grid/all-distilroberta-v1/tweeteval/prep0_aug0/seed_67351593/checkpoint-508
2026-03-27 02:23:58,178 - cyberbully - INFO - Step 5: Evaluating on test set...
2026-03-27 02:24:04,711 - cyberbully - INFO - Metrics saved to experiments/supcon-grid/all-distilroberta-v1/tweeteval/prep0_aug0/seed_67351593/metrics.json
2026-03-27 02:24:04,711 - cyberbully - INFO - Confusion matrix saved to experiments/supcon-grid/all-distilroberta-v1/tweeteval/prep0_aug0/seed_67351593/confusion_matrix.json
2026-03-27 02:24:04,815 - cyberbully - INFO - Per-sample predictions saved to experiments/supcon-grid/all-distilroberta-v1/tweeteval/prep0_aug0/seed_67351593/predictions.json
2026-03-27 02:24:04,919 - cyberbully - INFO - Confusion matrix figure saved to experiments/supcon-grid/all-distilroberta-v1/tweeteval/prep0_aug0/seed_67351593/confusion_matrix.pdf
2026-03-27 02:24:04,919 - cyberbully - INFO - Accuracy: 0.9715
2026-03-27 02:24:04,919 - cyberbully - INFO - Weighted F1: 0.9717
2026-03-27 02:24:04,919 - cyberbully - INFO - Micro F1: 0.9715
2026-03-27 02:24:04,919 - cyberbully - INFO - Inference time: 2.30 seconds
2026-03-27 02:24:04,919 - cyberbully - INFO - Energy consumption: 0.000120 kWh
2026-03-27 02:24:04,921 - cyberbully - INFO - ============================================================
2026-03-27 02:24:04,921 - cyberbully - INFO - Pipeline complete. Results saved to: experiments/supcon-grid/all-distilroberta-v1/tweeteval/prep0_aug0/seed_67351593
2026-03-27 02:24:04,921 - cyberbully - INFO - ============================================================
