2026-03-21 23:19:48,521 - cyberbully - INFO - ============================================================
2026-03-21 23:19:48,521 - cyberbully - INFO - Cyberbullying Detection Pipeline
2026-03-21 23:19:48,521 - cyberbully - INFO - ============================================================
2026-03-21 23:19:48,521 - cyberbully - INFO - Configuration:
2026-03-21 23:19:48,521 - cyberbully - INFO -   model          : distilbert-base-cased
2026-03-21 23:19:48,521 - cyberbully - INFO -   dataset        : tweeteval
2026-03-21 23:19:48,521 - cyberbully - INFO -   preprocess     : False
2026-03-21 23:19:48,521 - cyberbully - INFO -   augment        : True
2026-03-21 23:19:48,521 - cyberbully - INFO -   compute_attribution: False
2026-03-21 23:19:48,521 - cyberbully - INFO -   seed           : 67351593
2026-03-21 23:19:48,521 - cyberbully - INFO -   epochs         : 10
2026-03-21 23:19:48,521 - cyberbully - INFO -   batch_size     : 32
2026-03-21 23:19:48,521 - cyberbully - INFO -   lr             : 5e-05
2026-03-21 23:19:48,521 - cyberbully - INFO -   max_length     : 128
2026-03-21 23:19:48,521 - cyberbully - INFO -   output_dir     : grid-search
2026-03-21 23:19:48,521 - cyberbully - INFO -   data_dir       : dataset
2026-03-21 23:19:48,521 - cyberbully - INFO -   sbert          : False
2026-03-21 23:19:48,521 - cyberbully - INFO -   supcon         : False
2026-03-21 23:19:48,521 - cyberbully - INFO -   supcon_weight  : 0.1
2026-03-21 23:19:48,521 - cyberbully - INFO -   proj_dim       : 128
2026-03-21 23:19:48,521 - cyberbully - INFO -   grad_accum_steps: 1
2026-03-21 23:19:48,521 - cyberbully - INFO -   overwrite      : False
2026-03-21 23:19:48,521 - cyberbully - INFO -   device         : cuda
2026-03-21 23:19:48,521 - cyberbully - INFO -   output_dir     : experiments/grid-search/distilbert-base-cased/tweeteval/prep0_aug1/seed_67351593
2026-03-21 23:19:48,521 - cyberbully - INFO - ============================================================
2026-03-21 23:19:48,521 - cyberbully - INFO - Step 1: Preparing data...
2026-03-21 23:19:48,570 - cyberbully - INFO - Loaded pre-split data from dataset/tweeteval — train: 32485, val: 8122, test: 10152
2026-03-21 23:19:48,570 - cyberbully - INFO - Label mapping: {'emotion': 0, 'hate': 1, 'offensive': 2, 'religion': 3, 'spiritual': 4}
2026-03-21 23:19:48,572 - cyberbully - INFO - Applying training data augmentation (oversampling)...
2026-03-21 23:19:48,578 - cyberbully - INFO - After oversampling — class distribution: {0: 8985, 1: 8985, 2: 8985, 3: 8985, 4: 8985}
2026-03-21 23:19:48,587 - cyberbully - INFO - Number of classes: 5
2026-03-21 23:19:48,589 - cyberbully - INFO - Step 2: Loading model and tokenizer...
2026-03-21 23:19:48,589 - cyberbully - INFO - Loading model 'distilbert-base-cased' with 5 labels (sbert=False, supcon=False)
2026-03-21 23:19:49,467 - cyberbully - INFO - Step 3: Creating datasets...
2026-03-21 23:19:50,466 - cyberbully - INFO - Dataset sizes — train: 44925, val: 8122, test: 10152
2026-03-21 23:19:50,466 - cyberbully - INFO - Step 4: Training...
2026-03-21 23:19:50,671 - cyberbully - INFO - Starting training...
2026-03-21 23:31:07,584 - cyberbully - INFO - Training complete.
2026-03-21 23:31:07,629 - cyberbully - INFO - Removed checkpoint: experiments/grid-search/distilbert-base-cased/tweeteval/prep0_aug1/seed_67351593/checkpoint-14040
2026-03-21 23:31:07,668 - cyberbully - INFO - Removed checkpoint: experiments/grid-search/distilbert-base-cased/tweeteval/prep0_aug1/seed_67351593/checkpoint-2808
2026-03-21 23:31:07,706 - cyberbully - INFO - Removed checkpoint: experiments/grid-search/distilbert-base-cased/tweeteval/prep0_aug1/seed_67351593/checkpoint-5616
2026-03-21 23:31:07,745 - cyberbully - INFO - Removed checkpoint: experiments/grid-search/distilbert-base-cased/tweeteval/prep0_aug1/seed_67351593/checkpoint-7020
2026-03-21 23:31:07,783 - cyberbully - INFO - Removed checkpoint: experiments/grid-search/distilbert-base-cased/tweeteval/prep0_aug1/seed_67351593/checkpoint-4212
2026-03-21 23:31:07,821 - cyberbully - INFO - Removed checkpoint: experiments/grid-search/distilbert-base-cased/tweeteval/prep0_aug1/seed_67351593/checkpoint-12636
2026-03-21 23:31:07,860 - cyberbully - INFO - Removed checkpoint: experiments/grid-search/distilbert-base-cased/tweeteval/prep0_aug1/seed_67351593/checkpoint-1404
2026-03-21 23:31:07,898 - cyberbully - INFO - Removed checkpoint: experiments/grid-search/distilbert-base-cased/tweeteval/prep0_aug1/seed_67351593/checkpoint-8424
2026-03-21 23:31:07,936 - cyberbully - INFO - Removed checkpoint: experiments/grid-search/distilbert-base-cased/tweeteval/prep0_aug1/seed_67351593/checkpoint-11232
2026-03-21 23:31:07,974 - cyberbully - INFO - Removed checkpoint: experiments/grid-search/distilbert-base-cased/tweeteval/prep0_aug1/seed_67351593/checkpoint-9828
2026-03-21 23:31:07,974 - cyberbully - INFO - Step 5: Evaluating on test set...
2026-03-21 23:31:16,170 - cyberbully - INFO - Metrics saved to experiments/grid-search/distilbert-base-cased/tweeteval/prep0_aug1/seed_67351593/metrics.json
2026-03-21 23:31:16,170 - cyberbully - INFO - Confusion matrix saved to experiments/grid-search/distilbert-base-cased/tweeteval/prep0_aug1/seed_67351593/confusion_matrix.json
2026-03-21 23:31:16,265 - cyberbully - INFO - Per-sample predictions saved to experiments/grid-search/distilbert-base-cased/tweeteval/prep0_aug1/seed_67351593/predictions.json
2026-03-21 23:31:16,365 - cyberbully - INFO - Confusion matrix figure saved to experiments/grid-search/distilbert-base-cased/tweeteval/prep0_aug1/seed_67351593/confusion_matrix.pdf
2026-03-21 23:31:16,365 - cyberbully - INFO - Accuracy: 0.9692
2026-03-21 23:31:16,365 - cyberbully - INFO - Weighted F1: 0.9691
2026-03-21 23:31:16,365 - cyberbully - INFO - Micro F1: 0.9692
2026-03-21 23:31:16,365 - cyberbully - INFO - Inference time: 3.88 seconds
2026-03-21 23:31:16,365 - cyberbully - INFO - Energy consumption: 0.000249 kWh
2026-03-21 23:31:16,367 - cyberbully - INFO - ============================================================
2026-03-21 23:31:16,367 - cyberbully - INFO - Pipeline complete. Results saved to: experiments/grid-search/distilbert-base-cased/tweeteval/prep0_aug1/seed_67351593
2026-03-21 23:31:16,367 - cyberbully - INFO - ============================================================
