2026-02-18 10:36:18,549 - cyberbully - INFO - ============================================================
2026-02-18 10:36:18,549 - cyberbully - INFO - Cyberbullying Detection Pipeline
2026-02-18 10:36:18,549 - cyberbully - INFO - ============================================================
2026-02-18 10:36:18,549 - cyberbully - INFO - Configuration:
2026-02-18 10:36:18,549 - cyberbully - INFO -   model          : Twitter/twhin-bert-base
2026-02-18 10:36:18,549 - cyberbully - INFO -   dataset        : tweeteval
2026-02-18 10:36:18,549 - cyberbully - INFO -   preprocess     : True
2026-02-18 10:36:18,549 - cyberbully - INFO -   augment        : False
2026-02-18 10:36:18,549 - cyberbully - INFO -   compute_attribution: False
2026-02-18 10:36:18,549 - cyberbully - INFO -   seed           : 99511865
2026-02-18 10:36:18,549 - cyberbully - INFO -   epochs         : 5
2026-02-18 10:36:18,549 - cyberbully - INFO -   batch_size     : 16
2026-02-18 10:36:18,549 - cyberbully - INFO -   lr             : 2e-05
2026-02-18 10:36:18,549 - cyberbully - INFO -   max_length     : 128
2026-02-18 10:36:18,549 - cyberbully - INFO -   output_dir     : domain-model
2026-02-18 10:36:18,549 - cyberbully - INFO -   data_dir       : dataset
2026-02-18 10:36:18,549 - cyberbully - INFO -   sbert          : False
2026-02-18 10:36:18,549 - cyberbully - INFO -   overwrite      : False
2026-02-18 10:36:18,549 - cyberbully - INFO -   device         : cuda
2026-02-18 10:36:18,549 - cyberbully - INFO -   output_dir     : experiments/domain-model/Twitter_twhin-bert-base/tweeteval/prep1_aug0/seed_99511865
2026-02-18 10:36:18,549 - cyberbully - INFO - ============================================================
2026-02-18 10:36:18,549 - cyberbully - INFO - Step 1: Preparing data...
2026-02-18 10:36:18,549 - cyberbully - INFO - Loading dataset 'tweeteval' from dataset/Tweeteval.csv
2026-02-18 10:36:18,624 - cyberbully - INFO - Loaded 50759 samples with 5 classes: ['emotion', 'hate', 'offensive', 'religion', 'spiritual']
2026-02-18 10:36:18,624 - cyberbully - INFO - Applying text preprocessing...
2026-02-18 10:37:13,613 - cyberbully - INFO - After preprocessing: 47389 samples remain
2026-02-18 10:37:13,615 - cyberbully - INFO - Label mapping: {'emotion': 0, 'hate': 1, 'offensive': 2, 'religion': 3, 'spiritual': 4}
2026-02-18 10:37:13,628 - cyberbully - INFO - Split sizes — train: 30328, val: 7583, test: 9478
2026-02-18 10:37:13,628 - cyberbully - INFO - Number of classes: 5
2026-02-18 10:37:13,629 - cyberbully - INFO - Step 2: Loading model and tokenizer...
2026-02-18 10:37:13,629 - cyberbully - INFO - Loading model 'Twitter/twhin-bert-base' with 5 labels (sbert=False)
2026-02-18 10:37:15,145 - cyberbully - INFO - Step 3: Creating datasets...
2026-02-18 10:37:15,960 - cyberbully - INFO - Dataset sizes — train: 30328, val: 7583, test: 9478
2026-02-18 10:37:15,960 - cyberbully - INFO - Step 4: Training...
2026-02-18 10:37:16,276 - cyberbully - INFO - Starting training...
2026-02-18 10:51:00,348 - cyberbully - INFO - Training complete.
2026-02-18 10:51:00,348 - cyberbully - INFO - Step 5: Evaluating on test set...
2026-02-18 10:51:12,405 - cyberbully - INFO - Metrics saved to experiments/domain-model/Twitter_twhin-bert-base/tweeteval/prep1_aug0/seed_99511865/metrics.json
2026-02-18 10:51:12,405 - cyberbully - INFO - Confusion matrix saved to experiments/domain-model/Twitter_twhin-bert-base/tweeteval/prep1_aug0/seed_99511865/confusion_matrix.json
2026-02-18 10:51:12,506 - cyberbully - INFO - Confusion matrix figure saved to experiments/domain-model/Twitter_twhin-bert-base/tweeteval/prep1_aug0/seed_99511865/confusion_matrix.pdf
2026-02-18 10:51:12,506 - cyberbully - INFO - Accuracy: 0.9436
2026-02-18 10:51:12,506 - cyberbully - INFO - Weighted F1: 0.9437
2026-02-18 10:51:12,506 - cyberbully - INFO - Micro F1: 0.9436
2026-02-18 10:51:12,506 - cyberbully - INFO - Inference time: 7.74 seconds
2026-02-18 10:51:12,506 - cyberbully - INFO - Energy consumption: 0.000468 kWh
2026-02-18 10:51:12,506 - cyberbully - INFO - ============================================================
2026-02-18 10:51:12,506 - cyberbully - INFO - Pipeline complete. Results saved to: experiments/domain-model/Twitter_twhin-bert-base/tweeteval/prep1_aug0/seed_99511865
2026-02-18 10:51:12,506 - cyberbully - INFO - ============================================================
