2026-06-15 22:03:02,941 - cyberbully - INFO - Model 'all-distilroberta-v1' detected as SBERT-based. Using SBERTClassifier pipeline.
2026-06-15 22:03:02,942 - cyberbully - INFO - ============================================================
2026-06-15 22:03:02,942 - cyberbully - INFO - Cyberbullying Detection Pipeline
2026-06-15 22:03:02,942 - cyberbully - INFO - ============================================================
2026-06-15 22:03:02,942 - cyberbully - INFO - Configuration:
2026-06-15 22:03:02,942 - cyberbully - INFO -   model          : all-distilroberta-v1
2026-06-15 22:03:02,942 - cyberbully - INFO -   dataset        : tweeteval
2026-06-15 22:03:02,942 - cyberbully - INFO -   preprocess     : False
2026-06-15 22:03:02,942 - cyberbully - INFO -   prep_mode      : 2
2026-06-15 22:03:02,942 - cyberbully - INFO -   augment        : False
2026-06-15 22:03:02,942 - cyberbully - INFO -   compute_attribution: False
2026-06-15 22:03:02,942 - cyberbully - INFO -   seed           : 87212562
2026-06-15 22:03:02,942 - cyberbully - INFO -   epochs         : 10
2026-06-15 22:03:02,942 - cyberbully - INFO -   batch_size     : 32
2026-06-15 22:03:02,942 - cyberbully - INFO -   lr             : 5e-05
2026-06-15 22:03:02,942 - cyberbully - INFO -   max_length     : 128
2026-06-15 22:03:02,942 - cyberbully - INFO -   output_dir     : grid-search
2026-06-15 22:03:02,942 - cyberbully - INFO -   data_dir       : dataset
2026-06-15 22:03:02,942 - cyberbully - INFO -   sbert          : True
2026-06-15 22:03:02,942 - cyberbully - INFO -   supcon         : False
2026-06-15 22:03:02,942 - cyberbully - INFO -   supcon_weight  : 0.1
2026-06-15 22:03:02,942 - cyberbully - INFO -   proj_dim       : 128
2026-06-15 22:03:02,942 - cyberbully - INFO -   grad_accum_steps: 1
2026-06-15 22:03:02,942 - cyberbully - INFO -   overwrite      : False
2026-06-15 22:03:02,942 - cyberbully - INFO -   device         : cuda
2026-06-15 22:03:02,942 - cyberbully - INFO -   output_dir     : experiments/grid-search/all-distilroberta-v1/tweeteval/prep2_aug0/seed_87212562
2026-06-15 22:03:02,942 - cyberbully - INFO - ============================================================
2026-06-15 22:03:02,942 - cyberbully - INFO - Step 1: Preparing data...
2026-06-15 22:03:02,992 - cyberbully - INFO - Loaded pre-split data from dataset/tweeteval — train: 32485, val: 8122, test: 10152
2026-06-15 22:03:02,992 - cyberbully - INFO - Label mapping: {'emotion': 0, 'hate': 1, 'offensive': 2, 'religion': 3, 'spiritual': 4}
2026-06-15 22:03:02,993 - cyberbully - INFO - Applying partial text preprocessing per split...
2026-06-15 22:03:04,696 - cyberbully - INFO - After preprocessing -- train: 32485, val: 8122, test: 10152
2026-06-15 22:03:04,700 - cyberbully - INFO - Number of classes: 5
2026-06-15 22:03:04,701 - cyberbully - INFO - Step 2: Loading model and tokenizer...
2026-06-15 22:03:04,701 - cyberbully - INFO - Loading model 'all-distilroberta-v1' with 5 labels (sbert=True, supcon=False)
2026-06-15 22:03:10,551 - cyberbully - INFO - SBERTClassifier: embedding_dim=768, hidden=256, proj_dim=None, num_labels=5
2026-06-15 22:03:11,168 - cyberbully - INFO - Step 3: Creating datasets...
2026-06-15 22:03:12,008 - cyberbully - INFO - Dataset sizes — train: 32485, val: 8122, test: 10152
2026-06-15 22:03:12,008 - cyberbully - INFO - Step 4: Training...
2026-06-15 22:03:12,024 - cyberbully - INFO - Starting training...
2026-06-15 22:09:48,479 - cyberbully - INFO - Training complete.
2026-06-15 22:09:48,539 - cyberbully - INFO - Removed checkpoint: experiments/grid-search/all-distilroberta-v1/tweeteval/prep2_aug0/seed_87212562/checkpoint-2032
2026-06-15 22:09:48,600 - cyberbully - INFO - Removed checkpoint: experiments/grid-search/all-distilroberta-v1/tweeteval/prep2_aug0/seed_87212562/checkpoint-6096
2026-06-15 22:09:48,660 - cyberbully - INFO - Removed checkpoint: experiments/grid-search/all-distilroberta-v1/tweeteval/prep2_aug0/seed_87212562/checkpoint-3048
2026-06-15 22:09:48,818 - cyberbully - INFO - Removed checkpoint: experiments/grid-search/all-distilroberta-v1/tweeteval/prep2_aug0/seed_87212562/checkpoint-9144
2026-06-15 22:09:48,878 - cyberbully - INFO - Removed checkpoint: experiments/grid-search/all-distilroberta-v1/tweeteval/prep2_aug0/seed_87212562/checkpoint-5080
2026-06-15 22:09:48,937 - cyberbully - INFO - Removed checkpoint: experiments/grid-search/all-distilroberta-v1/tweeteval/prep2_aug0/seed_87212562/checkpoint-8128
2026-06-15 22:09:48,997 - cyberbully - INFO - Removed checkpoint: experiments/grid-search/all-distilroberta-v1/tweeteval/prep2_aug0/seed_87212562/checkpoint-4064
2026-06-15 22:09:49,058 - cyberbully - INFO - Removed checkpoint: experiments/grid-search/all-distilroberta-v1/tweeteval/prep2_aug0/seed_87212562/checkpoint-1016
2026-06-15 22:09:49,118 - cyberbully - INFO - Removed checkpoint: experiments/grid-search/all-distilroberta-v1/tweeteval/prep2_aug0/seed_87212562/checkpoint-7112
2026-06-15 22:09:49,190 - cyberbully - INFO - Removed checkpoint: experiments/grid-search/all-distilroberta-v1/tweeteval/prep2_aug0/seed_87212562/checkpoint-10160
2026-06-15 22:09:49,190 - cyberbully - INFO - Step 5: Evaluating on test set...
2026-06-15 22:09:57,831 - cyberbully - INFO - Metrics saved to experiments/grid-search/all-distilroberta-v1/tweeteval/prep2_aug0/seed_87212562/metrics.json
2026-06-15 22:09:57,831 - cyberbully - INFO - Confusion matrix saved to experiments/grid-search/all-distilroberta-v1/tweeteval/prep2_aug0/seed_87212562/confusion_matrix.json
2026-06-15 22:09:57,938 - cyberbully - INFO - Per-sample predictions saved to experiments/grid-search/all-distilroberta-v1/tweeteval/prep2_aug0/seed_87212562/predictions.json
2026-06-15 22:09:58,047 - cyberbully - INFO - Confusion matrix figure saved to experiments/grid-search/all-distilroberta-v1/tweeteval/prep2_aug0/seed_87212562/confusion_matrix.pdf
2026-06-15 22:09:58,047 - cyberbully - INFO - Accuracy: 0.9422
2026-06-15 22:09:58,047 - cyberbully - INFO - Weighted F1: 0.9422
2026-06-15 22:09:58,047 - cyberbully - INFO - Micro F1: 0.9422
2026-06-15 22:09:58,047 - cyberbully - INFO - Inference time: 2.31 seconds
2026-06-15 22:09:58,047 - cyberbully - INFO - Energy consumption: 0.000135 kWh
2026-06-15 22:09:58,049 - cyberbully - INFO - ============================================================
2026-06-15 22:09:58,049 - cyberbully - INFO - Pipeline complete. Results saved to: experiments/grid-search/all-distilroberta-v1/tweeteval/prep2_aug0/seed_87212562
2026-06-15 22:09:58,049 - cyberbully - INFO - ============================================================
