2026-05-20 23:29:07,895 - cyberbully - INFO - Model 'all-MiniLM-L12-v2' detected as SBERT-based. Using SBERTClassifier pipeline.
2026-05-20 23:29:07,895 - cyberbully - INFO - ============================================================
2026-05-20 23:29:07,895 - cyberbully - INFO - Cyberbullying Detection Pipeline
2026-05-20 23:29:07,895 - cyberbully - INFO - ============================================================
2026-05-20 23:29:07,896 - cyberbully - INFO - Configuration:
2026-05-20 23:29:07,896 - cyberbully - INFO -   model          : all-MiniLM-L12-v2
2026-05-20 23:29:07,896 - cyberbully - INFO -   dataset        : tweeteval
2026-05-20 23:29:07,896 - cyberbully - INFO -   preprocess     : True
2026-05-20 23:29:07,896 - cyberbully - INFO -   augment        : False
2026-05-20 23:29:07,896 - cyberbully - INFO -   compute_attribution: False
2026-05-20 23:29:07,896 - cyberbully - INFO -   seed           : 99511865
2026-05-20 23:29:07,896 - cyberbully - INFO -   epochs         : 10
2026-05-20 23:29:07,896 - cyberbully - INFO -   batch_size     : 32
2026-05-20 23:29:07,896 - cyberbully - INFO -   lr             : 5e-05
2026-05-20 23:29:07,896 - cyberbully - INFO -   max_length     : 128
2026-05-20 23:29:07,896 - cyberbully - INFO -   output_dir     : grid-search
2026-05-20 23:29:07,896 - cyberbully - INFO -   data_dir       : dataset
2026-05-20 23:29:07,896 - cyberbully - INFO -   sbert          : True
2026-05-20 23:29:07,896 - cyberbully - INFO -   supcon         : False
2026-05-20 23:29:07,896 - cyberbully - INFO -   supcon_weight  : 0.1
2026-05-20 23:29:07,896 - cyberbully - INFO -   proj_dim       : 128
2026-05-20 23:29:07,896 - cyberbully - INFO -   grad_accum_steps: 1
2026-05-20 23:29:07,896 - cyberbully - INFO -   overwrite      : True
2026-05-20 23:29:07,896 - cyberbully - INFO -   device         : cuda
2026-05-20 23:29:07,896 - cyberbully - INFO -   output_dir     : experiments/grid-search/all-MiniLM-L12-v2/tweeteval/prep1_aug0/seed_99511865
2026-05-20 23:29:07,896 - cyberbully - INFO - ============================================================
2026-05-20 23:29:07,896 - cyberbully - INFO - Step 1: Preparing data...
2026-05-20 23:29:07,943 - cyberbully - INFO - Loaded pre-split data from dataset/tweeteval — train: 32485, val: 8122, test: 10152
2026-05-20 23:29:07,943 - cyberbully - INFO - Label mapping: {'emotion': 0, 'hate': 1, 'offensive': 2, 'religion': 3, 'spiritual': 4}
2026-05-20 23:29:07,944 - cyberbully - INFO - Applying text preprocessing per split...
2026-05-20 23:29:13,442 - cyberbully - INFO - After preprocessing -- train: 32485, val: 8122, test: 10152
2026-05-20 23:29:13,446 - cyberbully - INFO - Number of classes: 5
2026-05-20 23:29:13,447 - cyberbully - INFO - Step 2: Loading model and tokenizer...
2026-05-20 23:29:13,447 - cyberbully - INFO - Loading model 'all-MiniLM-L12-v2' with 5 labels (sbert=True, supcon=False)
2026-05-20 23:29:17,289 - cyberbully - INFO - SBERTClassifier: embedding_dim=384, hidden=256, proj_dim=None, num_labels=5
2026-05-20 23:29:17,847 - cyberbully - INFO - Step 3: Creating datasets...
2026-05-20 23:29:19,070 - cyberbully - INFO - Dataset sizes — train: 32485, val: 8122, test: 10152
2026-05-20 23:29:19,070 - cyberbully - INFO - Step 4: Training...
2026-05-20 23:29:19,110 - cyberbully - INFO - Starting training...
2026-05-20 23:35:02,162 - cyberbully - INFO - Training complete.
2026-05-20 23:35:02,182 - cyberbully - INFO - Removed checkpoint: experiments/grid-search/all-MiniLM-L12-v2/tweeteval/prep1_aug0/seed_99511865/checkpoint-3048
2026-05-20 23:35:02,201 - cyberbully - INFO - Removed checkpoint: experiments/grid-search/all-MiniLM-L12-v2/tweeteval/prep1_aug0/seed_99511865/checkpoint-7112
2026-05-20 23:35:02,837 - cyberbully - INFO - Removed checkpoint: experiments/grid-search/all-MiniLM-L12-v2/tweeteval/prep1_aug0/seed_99511865/checkpoint-9144
2026-05-20 23:35:02,869 - cyberbully - INFO - Removed checkpoint: experiments/grid-search/all-MiniLM-L12-v2/tweeteval/prep1_aug0/seed_99511865/checkpoint-1016
2026-05-20 23:35:02,889 - cyberbully - INFO - Removed checkpoint: experiments/grid-search/all-MiniLM-L12-v2/tweeteval/prep1_aug0/seed_99511865/checkpoint-2032
2026-05-20 23:35:02,912 - cyberbully - INFO - Removed checkpoint: experiments/grid-search/all-MiniLM-L12-v2/tweeteval/prep1_aug0/seed_99511865/checkpoint-10160
2026-05-20 23:35:02,932 - cyberbully - INFO - Removed checkpoint: experiments/grid-search/all-MiniLM-L12-v2/tweeteval/prep1_aug0/seed_99511865/checkpoint-6096
2026-05-20 23:35:02,951 - cyberbully - INFO - Removed checkpoint: experiments/grid-search/all-MiniLM-L12-v2/tweeteval/prep1_aug0/seed_99511865/checkpoint-5080
2026-05-20 23:35:02,971 - cyberbully - INFO - Removed checkpoint: experiments/grid-search/all-MiniLM-L12-v2/tweeteval/prep1_aug0/seed_99511865/checkpoint-8128
2026-05-20 23:35:02,991 - cyberbully - INFO - Removed checkpoint: experiments/grid-search/all-MiniLM-L12-v2/tweeteval/prep1_aug0/seed_99511865/checkpoint-4064
2026-05-20 23:35:02,991 - cyberbully - INFO - Step 5: Evaluating on test set...
2026-05-20 23:35:11,606 - cyberbully - INFO - Metrics saved to experiments/grid-search/all-MiniLM-L12-v2/tweeteval/prep1_aug0/seed_99511865/metrics.json
2026-05-20 23:35:11,606 - cyberbully - INFO - Confusion matrix saved to experiments/grid-search/all-MiniLM-L12-v2/tweeteval/prep1_aug0/seed_99511865/confusion_matrix.json
2026-05-20 23:35:11,706 - cyberbully - INFO - Per-sample predictions saved to experiments/grid-search/all-MiniLM-L12-v2/tweeteval/prep1_aug0/seed_99511865/predictions.json
2026-05-20 23:35:11,808 - cyberbully - INFO - Confusion matrix figure saved to experiments/grid-search/all-MiniLM-L12-v2/tweeteval/prep1_aug0/seed_99511865/confusion_matrix.pdf
2026-05-20 23:35:11,808 - cyberbully - INFO - Accuracy: 0.9359
2026-05-20 23:35:11,808 - cyberbully - INFO - Weighted F1: 0.9357
2026-05-20 23:35:11,808 - cyberbully - INFO - Micro F1: 0.9359
2026-05-20 23:35:11,808 - cyberbully - INFO - Inference time: 2.43 seconds
2026-05-20 23:35:11,808 - cyberbully - INFO - Energy consumption: 0.000171 kWh
2026-05-20 23:35:11,810 - cyberbully - INFO - ============================================================
2026-05-20 23:35:11,810 - cyberbully - INFO - Pipeline complete. Results saved to: experiments/grid-search/all-MiniLM-L12-v2/tweeteval/prep1_aug0/seed_99511865
2026-05-20 23:35:11,810 - cyberbully - INFO - ============================================================
