2026-02-13 09:52:18,797 - cyberbully - INFO - ============================================================
2026-02-13 09:52:18,797 - cyberbully - INFO - Cyberbullying Detection Pipeline
2026-02-13 09:52:18,797 - cyberbully - INFO - ============================================================
2026-02-13 09:52:18,797 - cyberbully - INFO - Configuration:
2026-02-13 09:52:18,797 - cyberbully - INFO -   model          : roberta-base
2026-02-13 09:52:18,797 - cyberbully - INFO -   dataset        : kaggle
2026-02-13 09:52:18,797 - cyberbully - INFO -   preprocess     : False
2026-02-13 09:52:18,797 - cyberbully - INFO -   augment        : False
2026-02-13 09:52:18,797 - cyberbully - INFO -   compute_attribution: False
2026-02-13 09:52:18,797 - cyberbully - INFO -   seed           : 87212562
2026-02-13 09:52:18,797 - cyberbully - INFO -   epochs         : 5
2026-02-13 09:52:18,797 - cyberbully - INFO -   batch_size     : 16
2026-02-13 09:52:18,797 - cyberbully - INFO -   lr             : 2e-05
2026-02-13 09:52:18,797 - cyberbully - INFO -   max_length     : 128
2026-02-13 09:52:18,797 - cyberbully - INFO -   output_dir     : experiments
2026-02-13 09:52:18,797 - cyberbully - INFO -   data_dir       : dataset
2026-02-13 09:52:18,797 - cyberbully - INFO -   overwrite      : False
2026-02-13 09:52:18,797 - cyberbully - INFO -   device         : cuda
2026-02-13 09:52:18,797 - cyberbully - INFO -   output_dir     : experiments/roberta-base/kaggle/prep0_aug0/seed_87212562
2026-02-13 09:52:18,797 - cyberbully - INFO - ============================================================
2026-02-13 09:52:18,797 - cyberbully - INFO - Step 1: Preparing data...
2026-02-13 09:52:18,797 - cyberbully - INFO - Loading dataset 'kaggle' from dataset/Kaggle.csv
2026-02-13 09:52:18,856 - cyberbully - INFO - Loaded 47656 samples with 6 classes: ['age', 'ethnicity', 'gender', 'not_cyberbullying', 'other_cyberbullying', 'religion']
2026-02-13 09:52:18,858 - cyberbully - INFO - Label mapping: {'age': 0, 'ethnicity': 1, 'gender': 2, 'not_cyberbullying': 3, 'other_cyberbullying': 4, 'religion': 5}
2026-02-13 09:52:18,871 - cyberbully - INFO - Split sizes — train: 30499, val: 7625, test: 9532
2026-02-13 09:52:18,871 - cyberbully - INFO - Number of classes: 6
2026-02-13 09:52:18,872 - cyberbully - INFO - Step 2: Loading model and tokenizer...
2026-02-13 09:52:18,872 - cyberbully - INFO - Loading model 'roberta-base' with 6 labels
2026-02-13 09:52:19,626 - cyberbully - INFO - Step 3: Tokenizing datasets...
2026-02-13 09:52:20,452 - cyberbully - INFO - Dataset sizes — train: 30499, val: 7625, test: 9532
2026-02-13 09:52:20,452 - cyberbully - INFO - Step 4: Training...
2026-02-13 09:52:20,682 - cyberbully - INFO - Starting training...
2026-02-13 10:02:41,937 - cyberbully - INFO - Training complete.
2026-02-13 10:02:41,937 - cyberbully - INFO - Step 5: Evaluating on test set...
2026-02-13 10:02:53,761 - cyberbully - INFO - Metrics saved to experiments/roberta-base/kaggle/prep0_aug0/seed_87212562/metrics.json
2026-02-13 10:02:53,761 - cyberbully - INFO - Confusion matrix saved to experiments/roberta-base/kaggle/prep0_aug0/seed_87212562/confusion_matrix.json
2026-02-13 10:02:53,874 - cyberbully - INFO - Confusion matrix figure saved to experiments/roberta-base/kaggle/prep0_aug0/seed_87212562/confusion_matrix.pdf
2026-02-13 10:02:53,874 - cyberbully - INFO - Accuracy: 0.8760
2026-02-13 10:02:53,874 - cyberbully - INFO - Weighted F1: 0.8741
2026-02-13 10:02:53,874 - cyberbully - INFO - Micro F1: 0.8760
2026-02-13 10:02:53,874 - cyberbully - INFO - Inference time: 7.51 seconds
2026-02-13 10:02:53,874 - cyberbully - INFO - Energy consumption: 0.000437 kWh
2026-02-13 10:02:53,874 - cyberbully - INFO - ============================================================
2026-02-13 10:02:53,874 - cyberbully - INFO - Pipeline complete. Results saved to: experiments/roberta-base/kaggle/prep0_aug0/seed_87212562
2026-02-13 10:02:53,874 - cyberbully - INFO - ============================================================
