2026-02-11 08:20:28,574 - cyberbully - INFO - ============================================================
2026-02-11 08:20:28,574 - cyberbully - INFO - Cyberbullying Detection Pipeline
2026-02-11 08:20:28,574 - cyberbully - INFO - ============================================================
2026-02-11 08:20:28,574 - cyberbully - INFO - Configuration:
2026-02-11 08:20:28,574 - cyberbully - INFO -   model          : distilbert-base-uncased
2026-02-11 08:20:28,574 - cyberbully - INFO -   dataset        : kaggle
2026-02-11 08:20:28,574 - cyberbully - INFO -   preprocess     : False
2026-02-11 08:20:28,574 - cyberbully - INFO -   augment        : False
2026-02-11 08:20:28,574 - cyberbully - INFO -   compute_attribution: False
2026-02-11 08:20:28,574 - cyberbully - INFO -   seed           : 90995999
2026-02-11 08:20:28,574 - cyberbully - INFO -   epochs         : 5
2026-02-11 08:20:28,574 - cyberbully - INFO -   batch_size     : 16
2026-02-11 08:20:28,574 - cyberbully - INFO -   lr             : 2e-05
2026-02-11 08:20:28,574 - cyberbully - INFO -   max_length     : 128
2026-02-11 08:20:28,574 - cyberbully - INFO -   output_dir     : experiments
2026-02-11 08:20:28,574 - cyberbully - INFO -   data_dir       : dataset
2026-02-11 08:20:28,574 - cyberbully - INFO -   overwrite      : False
2026-02-11 08:20:28,574 - cyberbully - INFO -   device         : cuda
2026-02-11 08:20:28,574 - cyberbully - INFO -   output_dir     : experiments/distilbert-base-uncased/kaggle/prep0_aug0/seed_90995999
2026-02-11 08:20:28,574 - cyberbully - INFO - ============================================================
2026-02-11 08:20:28,574 - cyberbully - INFO - Step 1: Preparing data...
2026-02-11 08:20:28,574 - cyberbully - INFO - Loading dataset 'kaggle' from dataset/Kaggle.csv
2026-02-11 08:20:28,632 - cyberbully - INFO - Loaded 47656 samples with 6 classes: ['age', 'ethnicity', 'gender', 'not_cyberbullying', 'other_cyberbullying', 'religion']
2026-02-11 08:20:28,634 - cyberbully - INFO - Label mapping: {'age': 0, 'ethnicity': 1, 'gender': 2, 'not_cyberbullying': 3, 'other_cyberbullying': 4, 'religion': 5}
2026-02-11 08:20:28,647 - cyberbully - INFO - Split sizes — train: 30499, val: 7625, test: 9532
2026-02-11 08:20:28,648 - cyberbully - INFO - Number of classes: 6
2026-02-11 08:20:28,648 - cyberbully - INFO - Step 2: Loading model and tokenizer...
2026-02-11 08:20:28,648 - cyberbully - INFO - Loading model 'distilbert-base-uncased' with 6 labels
2026-02-11 08:20:29,316 - cyberbully - INFO - Step 3: Tokenizing datasets...
2026-02-11 08:20:30,125 - cyberbully - INFO - Dataset sizes — train: 30499, val: 7625, test: 9532
2026-02-11 08:20:30,125 - cyberbully - INFO - Step 4: Training...
2026-02-11 08:20:30,331 - cyberbully - INFO - Starting training...
2026-02-11 08:25:50,874 - cyberbully - INFO - Training complete.
2026-02-11 08:25:50,874 - cyberbully - INFO - Step 5: Evaluating on test set...
2026-02-11 08:25:58,978 - cyberbully - INFO - Metrics saved to experiments/distilbert-base-uncased/kaggle/prep0_aug0/seed_90995999/metrics.json
2026-02-11 08:25:58,978 - cyberbully - INFO - Confusion matrix saved to experiments/distilbert-base-uncased/kaggle/prep0_aug0/seed_90995999/confusion_matrix.json
2026-02-11 08:25:59,093 - cyberbully - INFO - Confusion matrix figure saved to experiments/distilbert-base-uncased/kaggle/prep0_aug0/seed_90995999/confusion_matrix.pdf
2026-02-11 08:25:59,093 - cyberbully - INFO - Accuracy: 0.8590
2026-02-11 08:25:59,093 - cyberbully - INFO - Weighted F1: 0.8580
2026-02-11 08:25:59,093 - cyberbully - INFO - Micro F1: 0.8590
2026-02-11 08:25:59,093 - cyberbully - INFO - Inference time: 3.76 seconds
2026-02-11 08:25:59,093 - cyberbully - INFO - Energy consumption: 0.000222 kWh
2026-02-11 08:25:59,093 - cyberbully - INFO - ============================================================
2026-02-11 08:25:59,093 - cyberbully - INFO - Pipeline complete. Results saved to: experiments/distilbert-base-uncased/kaggle/prep0_aug0/seed_90995999
2026-02-11 08:25:59,093 - cyberbully - INFO - ============================================================
