2026-03-22 21:33:05,497 - cyberbully - INFO - Model 'all-distilroberta-v1' detected as SBERT-based. Using SBERTClassifier pipeline.
2026-03-22 21:33:05,498 - cyberbully - INFO - ============================================================
2026-03-22 21:33:05,498 - cyberbully - INFO - Cyberbullying Detection Pipeline
2026-03-22 21:33:05,498 - cyberbully - INFO - ============================================================
2026-03-22 21:33:05,498 - cyberbully - INFO - Configuration:
2026-03-22 21:33:05,498 - cyberbully - INFO -   model          : all-distilroberta-v1
2026-03-22 21:33:05,498 - cyberbully - INFO -   dataset        : tweeteval
2026-03-22 21:33:05,498 - cyberbully - INFO -   preprocess     : False
2026-03-22 21:33:05,498 - cyberbully - INFO -   augment        : True
2026-03-22 21:33:05,498 - cyberbully - INFO -   compute_attribution: False
2026-03-22 21:33:05,498 - cyberbully - INFO -   seed           : 24677315
2026-03-22 21:33:05,498 - cyberbully - INFO -   epochs         : 10
2026-03-22 21:33:05,498 - cyberbully - INFO -   batch_size     : 32
2026-03-22 21:33:05,498 - cyberbully - INFO -   lr             : 5e-05
2026-03-22 21:33:05,498 - cyberbully - INFO -   max_length     : 128
2026-03-22 21:33:05,498 - cyberbully - INFO -   output_dir     : grid-search
2026-03-22 21:33:05,498 - cyberbully - INFO -   data_dir       : dataset
2026-03-22 21:33:05,498 - cyberbully - INFO -   sbert          : True
2026-03-22 21:33:05,498 - cyberbully - INFO -   supcon         : False
2026-03-22 21:33:05,498 - cyberbully - INFO -   supcon_weight  : 0.1
2026-03-22 21:33:05,498 - cyberbully - INFO -   proj_dim       : 128
2026-03-22 21:33:05,498 - cyberbully - INFO -   grad_accum_steps: 1
2026-03-22 21:33:05,498 - cyberbully - INFO -   overwrite      : False
2026-03-22 21:33:05,498 - cyberbully - INFO -   device         : cuda
2026-03-22 21:33:05,498 - cyberbully - INFO -   output_dir     : experiments/grid-search/all-distilroberta-v1/tweeteval/prep0_aug1/seed_24677315
2026-03-22 21:33:05,498 - cyberbully - INFO - ============================================================
2026-03-22 21:33:05,498 - cyberbully - INFO - Step 1: Preparing data...
2026-03-22 21:33:05,548 - cyberbully - INFO - Loaded pre-split data from dataset/tweeteval — train: 32485, val: 8122, test: 10152
2026-03-22 21:33:05,548 - cyberbully - INFO - Label mapping: {'emotion': 0, 'hate': 1, 'offensive': 2, 'religion': 3, 'spiritual': 4}
2026-03-22 21:33:05,550 - cyberbully - INFO - Applying training data augmentation (oversampling)...
2026-03-22 21:33:05,556 - cyberbully - INFO - After oversampling — class distribution: {0: 8985, 1: 8985, 2: 8985, 3: 8985, 4: 8985}
2026-03-22 21:33:05,566 - cyberbully - INFO - Number of classes: 5
2026-03-22 21:33:05,567 - cyberbully - INFO - Step 2: Loading model and tokenizer...
2026-03-22 21:33:05,567 - cyberbully - INFO - Loading model 'all-distilroberta-v1' with 5 labels (sbert=True, supcon=False)
2026-03-22 21:33:09,020 - cyberbully - INFO - SBERTClassifier: embedding_dim=768, hidden=256, proj_dim=None, num_labels=5
2026-03-22 21:33:09,373 - cyberbully - INFO - Step 3: Creating datasets...
2026-03-22 21:33:10,379 - cyberbully - INFO - Dataset sizes — train: 44925, val: 8122, test: 10152
2026-03-22 21:33:10,379 - cyberbully - INFO - Step 4: Training...
2026-03-22 21:33:10,383 - cyberbully - INFO - Starting training...
2026-03-22 21:42:38,448 - cyberbully - INFO - Training complete.
2026-03-22 21:42:38,507 - cyberbully - INFO - Removed checkpoint: experiments/grid-search/all-distilroberta-v1/tweeteval/prep0_aug1/seed_24677315/checkpoint-8424
2026-03-22 21:42:38,568 - cyberbully - INFO - Removed checkpoint: experiments/grid-search/all-distilroberta-v1/tweeteval/prep0_aug1/seed_24677315/checkpoint-5616
2026-03-22 21:42:38,627 - cyberbully - INFO - Removed checkpoint: experiments/grid-search/all-distilroberta-v1/tweeteval/prep0_aug1/seed_24677315/checkpoint-7020
2026-03-22 21:42:38,686 - cyberbully - INFO - Removed checkpoint: experiments/grid-search/all-distilroberta-v1/tweeteval/prep0_aug1/seed_24677315/checkpoint-11232
2026-03-22 21:42:38,744 - cyberbully - INFO - Removed checkpoint: experiments/grid-search/all-distilroberta-v1/tweeteval/prep0_aug1/seed_24677315/checkpoint-12636
2026-03-22 21:42:38,809 - cyberbully - INFO - Removed checkpoint: experiments/grid-search/all-distilroberta-v1/tweeteval/prep0_aug1/seed_24677315/checkpoint-1404
2026-03-22 21:42:38,872 - cyberbully - INFO - Removed checkpoint: experiments/grid-search/all-distilroberta-v1/tweeteval/prep0_aug1/seed_24677315/checkpoint-14040
2026-03-22 21:42:38,938 - cyberbully - INFO - Removed checkpoint: experiments/grid-search/all-distilroberta-v1/tweeteval/prep0_aug1/seed_24677315/checkpoint-4212
2026-03-22 21:42:39,000 - cyberbully - INFO - Removed checkpoint: experiments/grid-search/all-distilroberta-v1/tweeteval/prep0_aug1/seed_24677315/checkpoint-9828
2026-03-22 21:42:39,067 - cyberbully - INFO - Removed checkpoint: experiments/grid-search/all-distilroberta-v1/tweeteval/prep0_aug1/seed_24677315/checkpoint-2808
2026-03-22 21:42:39,067 - cyberbully - INFO - Step 5: Evaluating on test set...
2026-03-22 21:42:45,666 - cyberbully - INFO - Metrics saved to experiments/grid-search/all-distilroberta-v1/tweeteval/prep0_aug1/seed_24677315/metrics.json
2026-03-22 21:42:45,667 - cyberbully - INFO - Confusion matrix saved to experiments/grid-search/all-distilroberta-v1/tweeteval/prep0_aug1/seed_24677315/confusion_matrix.json
2026-03-22 21:42:45,766 - cyberbully - INFO - Per-sample predictions saved to experiments/grid-search/all-distilroberta-v1/tweeteval/prep0_aug1/seed_24677315/predictions.json
2026-03-22 21:42:45,868 - cyberbully - INFO - Confusion matrix figure saved to experiments/grid-search/all-distilroberta-v1/tweeteval/prep0_aug1/seed_24677315/confusion_matrix.pdf
2026-03-22 21:42:45,868 - cyberbully - INFO - Accuracy: 0.9770
2026-03-22 21:42:45,868 - cyberbully - INFO - Weighted F1: 0.9769
2026-03-22 21:42:45,868 - cyberbully - INFO - Micro F1: 0.9770
2026-03-22 21:42:45,868 - cyberbully - INFO - Inference time: 2.36 seconds
2026-03-22 21:42:45,868 - cyberbully - INFO - Energy consumption: 0.000120 kWh
2026-03-22 21:42:45,870 - cyberbully - INFO - ============================================================
2026-03-22 21:42:45,870 - cyberbully - INFO - Pipeline complete. Results saved to: experiments/grid-search/all-distilroberta-v1/tweeteval/prep0_aug1/seed_24677315
2026-03-22 21:42:45,870 - cyberbully - INFO - ============================================================
