2026-03-19 15:59:15,381 - cyberbully - INFO - ============================================================
2026-03-19 15:59:15,381 - cyberbully - INFO - Cyberbullying Detection Pipeline
2026-03-19 15:59:15,381 - cyberbully - INFO - ============================================================
2026-03-19 15:59:15,381 - cyberbully - INFO - Configuration:
2026-03-19 15:59:15,381 - cyberbully - INFO -   model          : Twitter/twhin-bert-base
2026-03-19 15:59:15,381 - cyberbully - INFO -   dataset        : tweeteval
2026-03-19 15:59:15,381 - cyberbully - INFO -   preprocess     : True
2026-03-19 15:59:15,381 - cyberbully - INFO -   augment        : False
2026-03-19 15:59:15,381 - cyberbully - INFO -   compute_attribution: False
2026-03-19 15:59:15,381 - cyberbully - INFO -   seed           : 43782163
2026-03-19 15:59:15,381 - cyberbully - INFO -   epochs         : 10
2026-03-19 15:59:15,381 - cyberbully - INFO -   batch_size     : 32
2026-03-19 15:59:15,381 - cyberbully - INFO -   lr             : 5e-05
2026-03-19 15:59:15,381 - cyberbully - INFO -   max_length     : 128
2026-03-19 15:59:15,381 - cyberbully - INFO -   output_dir     : baseline-light
2026-03-19 15:59:15,381 - cyberbully - INFO -   data_dir       : dataset
2026-03-19 15:59:15,381 - cyberbully - INFO -   sbert          : False
2026-03-19 15:59:15,381 - cyberbully - INFO -   supcon         : False
2026-03-19 15:59:15,381 - cyberbully - INFO -   supcon_weight  : 0.1
2026-03-19 15:59:15,381 - cyberbully - INFO -   proj_dim       : 128
2026-03-19 15:59:15,381 - cyberbully - INFO -   grad_accum_steps: 1
2026-03-19 15:59:15,381 - cyberbully - INFO -   overwrite      : False
2026-03-19 15:59:15,381 - cyberbully - INFO -   device         : cuda
2026-03-19 15:59:15,381 - cyberbully - INFO -   output_dir     : experiments/baseline-light/Twitter_twhin-bert-base/tweeteval/prep1_aug0/seed_43782163
2026-03-19 15:59:15,381 - cyberbully - INFO - ============================================================
2026-03-19 15:59:15,381 - cyberbully - INFO - Step 1: Preparing data...
2026-03-19 15:59:15,431 - cyberbully - INFO - Loaded pre-split data from dataset/tweeteval — train: 32485, val: 8122, test: 10152
2026-03-19 15:59:15,431 - cyberbully - INFO - Label mapping: {'emotion': 0, 'hate': 1, 'offensive': 2, 'religion': 3, 'spiritual': 4}
2026-03-19 15:59:15,431 - cyberbully - INFO - Applying text preprocessing per split...
2026-03-19 15:59:18,192 - cyberbully - INFO - After preprocessing — train: 32485, val: 8122, test: 10152
2026-03-19 15:59:18,205 - cyberbully - INFO - Number of classes: 5
2026-03-19 15:59:18,206 - cyberbully - INFO - Step 2: Loading model and tokenizer...
2026-03-19 15:59:18,206 - cyberbully - INFO - Loading model 'Twitter/twhin-bert-base' with 5 labels (sbert=False, supcon=False)
2026-03-19 15:59:19,517 - cyberbully - INFO - Step 3: Creating datasets...
2026-03-19 15:59:20,327 - cyberbully - INFO - Dataset sizes — train: 32485, val: 8122, test: 10152
2026-03-19 15:59:20,327 - cyberbully - INFO - Step 4: Training...
2026-03-19 15:59:20,543 - cyberbully - INFO - Starting training...
2026-03-19 16:18:15,917 - cyberbully - INFO - Training complete.
2026-03-19 16:18:15,950 - cyberbully - INFO - Removed checkpoint: experiments/baseline-light/Twitter_twhin-bert-base/tweeteval/prep1_aug0/seed_43782163/checkpoint-2032
2026-03-19 16:18:16,135 - cyberbully - INFO - Removed checkpoint: experiments/baseline-light/Twitter_twhin-bert-base/tweeteval/prep1_aug0/seed_43782163/checkpoint-6096
2026-03-19 16:18:16,163 - cyberbully - INFO - Removed checkpoint: experiments/baseline-light/Twitter_twhin-bert-base/tweeteval/prep1_aug0/seed_43782163/checkpoint-3048
2026-03-19 16:18:16,360 - cyberbully - INFO - Removed checkpoint: experiments/baseline-light/Twitter_twhin-bert-base/tweeteval/prep1_aug0/seed_43782163/checkpoint-9144
2026-03-19 16:18:16,411 - cyberbully - INFO - Removed checkpoint: experiments/baseline-light/Twitter_twhin-bert-base/tweeteval/prep1_aug0/seed_43782163/checkpoint-5080
2026-03-19 16:18:16,610 - cyberbully - INFO - Removed checkpoint: experiments/baseline-light/Twitter_twhin-bert-base/tweeteval/prep1_aug0/seed_43782163/checkpoint-8128
2026-03-19 16:18:16,638 - cyberbully - INFO - Removed checkpoint: experiments/baseline-light/Twitter_twhin-bert-base/tweeteval/prep1_aug0/seed_43782163/checkpoint-4064
2026-03-19 16:18:16,669 - cyberbully - INFO - Removed checkpoint: experiments/baseline-light/Twitter_twhin-bert-base/tweeteval/prep1_aug0/seed_43782163/checkpoint-1016
2026-03-19 16:18:16,871 - cyberbully - INFO - Removed checkpoint: experiments/baseline-light/Twitter_twhin-bert-base/tweeteval/prep1_aug0/seed_43782163/checkpoint-7112
2026-03-19 16:18:17,069 - cyberbully - INFO - Removed checkpoint: experiments/baseline-light/Twitter_twhin-bert-base/tweeteval/prep1_aug0/seed_43782163/checkpoint-10160
2026-03-19 16:18:17,069 - cyberbully - INFO - Step 5: Evaluating on test set...
2026-03-19 16:18:27,615 - cyberbully - INFO - Metrics saved to experiments/baseline-light/Twitter_twhin-bert-base/tweeteval/prep1_aug0/seed_43782163/metrics.json
2026-03-19 16:18:27,615 - cyberbully - INFO - Confusion matrix saved to experiments/baseline-light/Twitter_twhin-bert-base/tweeteval/prep1_aug0/seed_43782163/confusion_matrix.json
2026-03-19 16:18:27,717 - cyberbully - INFO - Per-sample predictions saved to experiments/baseline-light/Twitter_twhin-bert-base/tweeteval/prep1_aug0/seed_43782163/predictions.json
2026-03-19 16:18:27,822 - cyberbully - INFO - Confusion matrix figure saved to experiments/baseline-light/Twitter_twhin-bert-base/tweeteval/prep1_aug0/seed_43782163/confusion_matrix.pdf
2026-03-19 16:18:27,822 - cyberbully - INFO - Accuracy: 0.9604
2026-03-19 16:18:27,822 - cyberbully - INFO - Weighted F1: 0.9603
2026-03-19 16:18:27,822 - cyberbully - INFO - Micro F1: 0.9604
2026-03-19 16:18:27,822 - cyberbully - INFO - Inference time: 5.31 seconds
2026-03-19 16:18:27,822 - cyberbully - INFO - Energy consumption: 0.000298 kWh
2026-03-19 16:18:27,824 - cyberbully - INFO - ============================================================
2026-03-19 16:18:27,824 - cyberbully - INFO - Pipeline complete. Results saved to: experiments/baseline-light/Twitter_twhin-bert-base/tweeteval/prep1_aug0/seed_43782163
2026-03-19 16:18:27,824 - cyberbully - INFO - ============================================================
