2026-03-18 20:08:56,419 - cyberbully - INFO - ============================================================
2026-03-18 20:08:56,419 - cyberbully - INFO - Cyberbullying Detection Pipeline
2026-03-18 20:08:56,419 - cyberbully - INFO - ============================================================
2026-03-18 20:08:56,419 - cyberbully - INFO - Configuration:
2026-03-18 20:08:56,419 - cyberbully - INFO -   model          : roberta-base
2026-03-18 20:08:56,419 - cyberbully - INFO -   dataset        : ieee
2026-03-18 20:08:56,419 - cyberbully - INFO -   preprocess     : True
2026-03-18 20:08:56,419 - cyberbully - INFO -   augment        : False
2026-03-18 20:08:56,419 - cyberbully - INFO -   compute_attribution: False
2026-03-18 20:08:56,419 - cyberbully - INFO -   seed           : 67351593
2026-03-18 20:08:56,419 - cyberbully - INFO -   epochs         : 10
2026-03-18 20:08:56,419 - cyberbully - INFO -   batch_size     : 32
2026-03-18 20:08:56,419 - cyberbully - INFO -   lr             : 5e-05
2026-03-18 20:08:56,419 - cyberbully - INFO -   max_length     : 128
2026-03-18 20:08:56,419 - cyberbully - INFO -   output_dir     : supcon-grid
2026-03-18 20:08:56,419 - cyberbully - INFO -   data_dir       : dataset
2026-03-18 20:08:56,419 - cyberbully - INFO -   sbert          : False
2026-03-18 20:08:56,419 - cyberbully - INFO -   supcon         : True
2026-03-18 20:08:56,419 - cyberbully - INFO -   supcon_weight  : 0.1
2026-03-18 20:08:56,419 - cyberbully - INFO -   proj_dim       : 128
2026-03-18 20:08:56,419 - cyberbully - INFO -   grad_accum_steps: 1
2026-03-18 20:08:56,419 - cyberbully - INFO -   overwrite      : False
2026-03-18 20:08:56,419 - cyberbully - INFO -   device         : cuda
2026-03-18 20:08:56,419 - cyberbully - INFO -   output_dir     : experiments/supcon-grid/roberta-base/ieee/prep1_aug0/seed_67351593
2026-03-18 20:08:56,419 - cyberbully - INFO - ============================================================
2026-03-18 20:08:56,419 - cyberbully - INFO - Step 1: Preparing data...
2026-03-18 20:08:56,423 - cyberbully - INFO - Loaded pre-split data from dataset/ieee — train: 1348, val: 338, test: 422
2026-03-18 20:08:56,423 - cyberbully - INFO - Label mapping: {'Cyberstalking': 0, 'Doxing': 1, 'Revenge Porn': 2, 'Sexual Harassment': 3, 'Slut Shaming': 4}
2026-03-18 20:08:56,423 - cyberbully - INFO - Applying text preprocessing per split...
2026-03-18 20:08:56,539 - cyberbully - INFO - After preprocessing — train: 1348, val: 338, test: 422
2026-03-18 20:08:56,540 - cyberbully - INFO - Number of classes: 5
2026-03-18 20:08:56,541 - cyberbully - INFO - Step 2: Loading model and tokenizer...
2026-03-18 20:08:56,541 - cyberbully - INFO - Loading model 'roberta-base' with 5 labels (sbert=False, supcon=True)
2026-03-18 20:08:57,208 - cyberbully - INFO - SupConClassifier: hidden_size=768, proj_dim=128, num_labels=5
2026-03-18 20:08:57,521 - cyberbully - INFO - Step 3: Creating datasets...
2026-03-18 20:08:57,548 - cyberbully - INFO - Dataset sizes — train: 1348, val: 338, test: 422
2026-03-18 20:08:57,548 - cyberbully - INFO - Step 4: Training...
2026-03-18 20:08:57,779 - cyberbully - INFO - Using SupConTrainer with supcon_weight=0.100
2026-03-18 20:08:57,779 - cyberbully - INFO - Starting training...
2026-03-18 20:10:08,877 - cyberbully - INFO - Training complete.
2026-03-18 20:10:08,955 - cyberbully - INFO - Removed checkpoint: experiments/supcon-grid/roberta-base/ieee/prep1_aug0/seed_67351593/checkpoint-172
2026-03-18 20:10:09,235 - cyberbully - INFO - Removed checkpoint: experiments/supcon-grid/roberta-base/ieee/prep1_aug0/seed_67351593/checkpoint-258
2026-03-18 20:10:09,321 - cyberbully - INFO - Removed checkpoint: experiments/supcon-grid/roberta-base/ieee/prep1_aug0/seed_67351593/checkpoint-387
2026-03-18 20:10:09,402 - cyberbully - INFO - Removed checkpoint: experiments/supcon-grid/roberta-base/ieee/prep1_aug0/seed_67351593/checkpoint-43
2026-03-18 20:10:09,489 - cyberbully - INFO - Removed checkpoint: experiments/supcon-grid/roberta-base/ieee/prep1_aug0/seed_67351593/checkpoint-430
2026-03-18 20:10:09,801 - cyberbully - INFO - Removed checkpoint: experiments/supcon-grid/roberta-base/ieee/prep1_aug0/seed_67351593/checkpoint-301
2026-03-18 20:10:09,884 - cyberbully - INFO - Removed checkpoint: experiments/supcon-grid/roberta-base/ieee/prep1_aug0/seed_67351593/checkpoint-344
2026-03-18 20:10:09,964 - cyberbully - INFO - Removed checkpoint: experiments/supcon-grid/roberta-base/ieee/prep1_aug0/seed_67351593/checkpoint-129
2026-03-18 20:10:10,046 - cyberbully - INFO - Removed checkpoint: experiments/supcon-grid/roberta-base/ieee/prep1_aug0/seed_67351593/checkpoint-215
2026-03-18 20:10:10,127 - cyberbully - INFO - Removed checkpoint: experiments/supcon-grid/roberta-base/ieee/prep1_aug0/seed_67351593/checkpoint-86
2026-03-18 20:10:10,127 - cyberbully - INFO - Step 5: Evaluating on test set...
2026-03-18 20:10:14,944 - cyberbully - INFO - Metrics saved to experiments/supcon-grid/roberta-base/ieee/prep1_aug0/seed_67351593/metrics.json
2026-03-18 20:10:14,944 - cyberbully - INFO - Confusion matrix saved to experiments/supcon-grid/roberta-base/ieee/prep1_aug0/seed_67351593/confusion_matrix.json
2026-03-18 20:10:14,949 - cyberbully - INFO - Per-sample predictions saved to experiments/supcon-grid/roberta-base/ieee/prep1_aug0/seed_67351593/predictions.json
2026-03-18 20:10:15,049 - cyberbully - INFO - Confusion matrix figure saved to experiments/supcon-grid/roberta-base/ieee/prep1_aug0/seed_67351593/confusion_matrix.pdf
2026-03-18 20:10:15,049 - cyberbully - INFO - Accuracy: 0.8223
2026-03-18 20:10:15,049 - cyberbully - INFO - Weighted F1: 0.8243
2026-03-18 20:10:15,049 - cyberbully - INFO - Micro F1: 0.8223
2026-03-18 20:10:15,049 - cyberbully - INFO - Inference time: 0.32 seconds
2026-03-18 20:10:15,049 - cyberbully - INFO - Energy consumption: 0.000020 kWh
2026-03-18 20:10:15,049 - cyberbully - INFO - Step 5b: Plotting t-SNE of projection embeddings...
2026-03-18 20:10:15,330 - cyberbully - INFO - Running t-SNE on 422 samples with proj_dim=128, perplexity=30.0...
2026-03-18 20:10:16,182 - cyberbully - INFO - t-SNE static plot saved to experiments/supcon-grid/roberta-base/ieee/prep1_aug0/seed_67351593/projection_tsne.pdf
2026-03-18 20:10:16,300 - cyberbully - INFO - t-SNE interactive plot saved to experiments/supcon-grid/roberta-base/ieee/prep1_aug0/seed_67351593/projection_tsne.html
2026-03-18 20:10:16,300 - cyberbully - INFO - ============================================================
2026-03-18 20:10:16,300 - cyberbully - INFO - Pipeline complete. Results saved to: experiments/supcon-grid/roberta-base/ieee/prep1_aug0/seed_67351593
2026-03-18 20:10:16,300 - cyberbully - INFO - ============================================================
