2026-02-13 21:04:47,739 - cyberbully - INFO - ============================================================
2026-02-13 21:04:47,739 - cyberbully - INFO - Cyberbullying Detection Pipeline
2026-02-13 21:04:47,739 - cyberbully - INFO - ============================================================
2026-02-13 21:04:47,739 - cyberbully - INFO - Configuration:
2026-02-13 21:04:47,739 - cyberbully - INFO -   model          : roberta-base
2026-02-13 21:04:47,739 - cyberbully - INFO -   dataset        : tweeteval
2026-02-13 21:04:47,739 - cyberbully - INFO -   preprocess     : True
2026-02-13 21:04:47,739 - cyberbully - INFO -   augment        : False
2026-02-13 21:04:47,739 - cyberbully - INFO -   compute_attribution: False
2026-02-13 21:04:47,739 - cyberbully - INFO -   seed           : 67351593
2026-02-13 21:04:47,739 - cyberbully - INFO -   epochs         : 5
2026-02-13 21:04:47,739 - cyberbully - INFO -   batch_size     : 16
2026-02-13 21:04:47,739 - cyberbully - INFO -   lr             : 2e-05
2026-02-13 21:04:47,739 - cyberbully - INFO -   max_length     : 128
2026-02-13 21:04:47,739 - cyberbully - INFO -   output_dir     : experiments
2026-02-13 21:04:47,739 - cyberbully - INFO -   data_dir       : dataset
2026-02-13 21:04:47,739 - cyberbully - INFO -   overwrite      : False
2026-02-13 21:04:47,739 - cyberbully - INFO -   device         : cuda
2026-02-13 21:04:47,739 - cyberbully - INFO -   output_dir     : experiments/roberta-base/tweeteval/prep1_aug0/seed_67351593
2026-02-13 21:04:47,739 - cyberbully - INFO - ============================================================
2026-02-13 21:04:47,739 - cyberbully - INFO - Step 1: Preparing data...
2026-02-13 21:04:47,739 - cyberbully - INFO - Loading dataset 'tweeteval' from dataset/Tweeteval.csv
2026-02-13 21:04:47,815 - cyberbully - INFO - Loaded 50759 samples with 5 classes: ['emotion', 'hate', 'offensive', 'religion', 'spiritual']
2026-02-13 21:04:47,815 - cyberbully - INFO - Applying text preprocessing...
2026-02-13 21:05:42,475 - cyberbully - INFO - After preprocessing: 47385 samples remain
2026-02-13 21:05:42,477 - cyberbully - INFO - Label mapping: {'emotion': 0, 'hate': 1, 'offensive': 2, 'religion': 3, 'spiritual': 4}
2026-02-13 21:05:42,490 - cyberbully - INFO - Split sizes — train: 30326, val: 7582, test: 9477
2026-02-13 21:05:42,490 - cyberbully - INFO - Number of classes: 5
2026-02-13 21:05:42,490 - cyberbully - INFO - Step 2: Loading model and tokenizer...
2026-02-13 21:05:42,490 - cyberbully - INFO - Loading model 'roberta-base' with 5 labels
2026-02-13 21:05:43,422 - cyberbully - INFO - Step 3: Tokenizing datasets...
2026-02-13 21:05:44,124 - cyberbully - INFO - Dataset sizes — train: 30326, val: 7582, test: 9477
2026-02-13 21:05:44,124 - cyberbully - INFO - Step 4: Training...
2026-02-13 21:05:44,377 - cyberbully - INFO - Starting training...
2026-02-13 21:15:52,859 - cyberbully - INFO - Training complete.
2026-02-13 21:15:52,860 - cyberbully - INFO - Step 5: Evaluating on test set...
2026-02-13 21:16:04,617 - cyberbully - INFO - Metrics saved to experiments/roberta-base/tweeteval/prep1_aug0/seed_67351593/metrics.json
2026-02-13 21:16:04,618 - cyberbully - INFO - Confusion matrix saved to experiments/roberta-base/tweeteval/prep1_aug0/seed_67351593/confusion_matrix.json
2026-02-13 21:16:04,718 - cyberbully - INFO - Confusion matrix figure saved to experiments/roberta-base/tweeteval/prep1_aug0/seed_67351593/confusion_matrix.pdf
2026-02-13 21:16:04,718 - cyberbully - INFO - Accuracy: 0.9409
2026-02-13 21:16:04,718 - cyberbully - INFO - Weighted F1: 0.9407
2026-02-13 21:16:04,718 - cyberbully - INFO - Micro F1: 0.9409
2026-02-13 21:16:04,718 - cyberbully - INFO - Inference time: 7.42 seconds
2026-02-13 21:16:04,718 - cyberbully - INFO - Energy consumption: 0.000438 kWh
2026-02-13 21:16:04,718 - cyberbully - INFO - ============================================================
2026-02-13 21:16:04,718 - cyberbully - INFO - Pipeline complete. Results saved to: experiments/roberta-base/tweeteval/prep1_aug0/seed_67351593
2026-02-13 21:16:04,718 - cyberbully - INFO - ============================================================
