2026-06-16 04:55:29,876 - cyberbully - INFO - ============================================================
2026-06-16 04:55:29,876 - cyberbully - INFO - Cyberbullying Detection Pipeline
2026-06-16 04:55:29,876 - cyberbully - INFO - ============================================================
2026-06-16 04:55:29,876 - cyberbully - INFO - Configuration:
2026-06-16 04:55:29,876 - cyberbully - INFO -   model          : Twitter/twhin-bert-base
2026-06-16 04:55:29,876 - cyberbully - INFO -   dataset        : kaggle
2026-06-16 04:55:29,876 - cyberbully - INFO -   preprocess     : False
2026-06-16 04:55:29,876 - cyberbully - INFO -   prep_mode      : 2
2026-06-16 04:55:29,876 - cyberbully - INFO -   augment        : False
2026-06-16 04:55:29,876 - cyberbully - INFO -   compute_attribution: False
2026-06-16 04:55:29,876 - cyberbully - INFO -   seed           : 37622020
2026-06-16 04:55:29,876 - cyberbully - INFO -   epochs         : 10
2026-06-16 04:55:29,876 - cyberbully - INFO -   batch_size     : 32
2026-06-16 04:55:29,876 - cyberbully - INFO -   lr             : 5e-05
2026-06-16 04:55:29,876 - cyberbully - INFO -   max_length     : 128
2026-06-16 04:55:29,876 - cyberbully - INFO -   output_dir     : grid-search
2026-06-16 04:55:29,876 - cyberbully - INFO -   data_dir       : dataset
2026-06-16 04:55:29,876 - cyberbully - INFO -   sbert          : False
2026-06-16 04:55:29,876 - cyberbully - INFO -   supcon         : False
2026-06-16 04:55:29,876 - cyberbully - INFO -   supcon_weight  : 0.1
2026-06-16 04:55:29,876 - cyberbully - INFO -   proj_dim       : 128
2026-06-16 04:55:29,876 - cyberbully - INFO -   grad_accum_steps: 1
2026-06-16 04:55:29,876 - cyberbully - INFO -   overwrite      : False
2026-06-16 04:55:29,876 - cyberbully - INFO -   device         : cuda
2026-06-16 04:55:29,876 - cyberbully - INFO -   output_dir     : experiments/grid-search/Twitter_twhin-bert-base/kaggle/prep2_aug0/seed_37622020
2026-06-16 04:55:29,876 - cyberbully - INFO - ============================================================
2026-06-16 04:55:29,876 - cyberbully - INFO - Step 1: Preparing data...
2026-06-16 04:55:29,922 - cyberbully - INFO - Loaded pre-split data from dataset/kaggle — train: 25604, val: 6401, test: 8002
2026-06-16 04:55:29,922 - cyberbully - INFO - Label mapping: {'age': 0, 'ethnicity': 1, 'gender': 2, 'other_cyberbullying': 3, 'religion': 4}
2026-06-16 04:55:29,923 - cyberbully - INFO - Applying partial text preprocessing per split...
2026-06-16 04:55:31,233 - cyberbully - INFO - After preprocessing -- train: 25604, val: 6401, test: 8002
2026-06-16 04:55:31,237 - cyberbully - INFO - Number of classes: 5
2026-06-16 04:55:31,238 - cyberbully - INFO - Step 2: Loading model and tokenizer...
2026-06-16 04:55:31,238 - cyberbully - INFO - Loading model 'Twitter/twhin-bert-base' with 5 labels (sbert=False, supcon=False)
2026-06-16 04:55:32,781 - cyberbully - INFO - Step 3: Creating datasets...
2026-06-16 04:55:33,572 - cyberbully - INFO - Dataset sizes — train: 25604, val: 6401, test: 8002
2026-06-16 04:55:33,573 - cyberbully - INFO - Step 4: Training...
2026-06-16 04:55:33,877 - cyberbully - INFO - Starting training...
2026-06-16 05:15:39,516 - cyberbully - INFO - Training complete.
2026-06-16 05:15:39,676 - cyberbully - INFO - Removed checkpoint: experiments/grid-search/Twitter_twhin-bert-base/kaggle/prep2_aug0/seed_37622020/checkpoint-5607
2026-06-16 05:15:39,869 - cyberbully - INFO - Removed checkpoint: experiments/grid-search/Twitter_twhin-bert-base/kaggle/prep2_aug0/seed_37622020/checkpoint-8010
2026-06-16 05:15:40,031 - cyberbully - INFO - Removed checkpoint: experiments/grid-search/Twitter_twhin-bert-base/kaggle/prep2_aug0/seed_37622020/checkpoint-6408
2026-06-16 05:15:40,195 - cyberbully - INFO - Removed checkpoint: experiments/grid-search/Twitter_twhin-bert-base/kaggle/prep2_aug0/seed_37622020/checkpoint-1602
2026-06-16 05:15:40,357 - cyberbully - INFO - Removed checkpoint: experiments/grid-search/Twitter_twhin-bert-base/kaggle/prep2_aug0/seed_37622020/checkpoint-3204
2026-06-16 05:15:40,518 - cyberbully - INFO - Removed checkpoint: experiments/grid-search/Twitter_twhin-bert-base/kaggle/prep2_aug0/seed_37622020/checkpoint-7209
2026-06-16 05:15:40,682 - cyberbully - INFO - Removed checkpoint: experiments/grid-search/Twitter_twhin-bert-base/kaggle/prep2_aug0/seed_37622020/checkpoint-4005
2026-06-16 05:15:40,842 - cyberbully - INFO - Removed checkpoint: experiments/grid-search/Twitter_twhin-bert-base/kaggle/prep2_aug0/seed_37622020/checkpoint-4806
2026-06-16 05:15:41,009 - cyberbully - INFO - Removed checkpoint: experiments/grid-search/Twitter_twhin-bert-base/kaggle/prep2_aug0/seed_37622020/checkpoint-801
2026-06-16 05:15:41,172 - cyberbully - INFO - Removed checkpoint: experiments/grid-search/Twitter_twhin-bert-base/kaggle/prep2_aug0/seed_37622020/checkpoint-2403
2026-06-16 05:15:41,172 - cyberbully - INFO - Step 5: Evaluating on test set...
2026-06-16 05:15:54,997 - cyberbully - INFO - Metrics saved to experiments/grid-search/Twitter_twhin-bert-base/kaggle/prep2_aug0/seed_37622020/metrics.json
2026-06-16 05:15:54,997 - cyberbully - INFO - Confusion matrix saved to experiments/grid-search/Twitter_twhin-bert-base/kaggle/prep2_aug0/seed_37622020/confusion_matrix.json
2026-06-16 05:15:55,082 - cyberbully - INFO - Per-sample predictions saved to experiments/grid-search/Twitter_twhin-bert-base/kaggle/prep2_aug0/seed_37622020/predictions.json
2026-06-16 05:15:55,190 - cyberbully - INFO - Confusion matrix figure saved to experiments/grid-search/Twitter_twhin-bert-base/kaggle/prep2_aug0/seed_37622020/confusion_matrix.pdf
2026-06-16 05:15:55,190 - cyberbully - INFO - Accuracy: 0.9509
2026-06-16 05:15:55,191 - cyberbully - INFO - Weighted F1: 0.9512
2026-06-16 05:15:55,191 - cyberbully - INFO - Micro F1: 0.9509
2026-06-16 05:15:55,191 - cyberbully - INFO - Inference time: 7.75 seconds
2026-06-16 05:15:55,191 - cyberbully - INFO - Energy consumption: 0.000483 kWh
2026-06-16 05:15:55,192 - cyberbully - INFO - ============================================================
2026-06-16 05:15:55,192 - cyberbully - INFO - Pipeline complete. Results saved to: experiments/grid-search/Twitter_twhin-bert-base/kaggle/prep2_aug0/seed_37622020
2026-06-16 05:15:55,193 - cyberbully - INFO - ============================================================
