2026-04-16 13:44:39,922 - cyberbully - INFO - ============================================================
2026-04-16 13:44:39,922 - cyberbully - INFO - Cyberbullying Detection Pipeline
2026-04-16 13:44:39,922 - cyberbully - INFO - ============================================================
2026-04-16 13:44:39,922 - cyberbully - INFO - Configuration:
2026-04-16 13:44:39,922 - cyberbully - INFO -   model          : sarkerlab/SocBERT-base
2026-04-16 13:44:39,922 - cyberbully - INFO -   dataset        : tweeteval
2026-04-16 13:44:39,922 - cyberbully - INFO -   preprocess     : True
2026-04-16 13:44:39,922 - cyberbully - INFO -   augment        : False
2026-04-16 13:44:39,922 - cyberbully - INFO -   compute_attribution: False
2026-04-16 13:44:39,922 - cyberbully - INFO -   seed           : 24677315
2026-04-16 13:44:39,922 - cyberbully - INFO -   epochs         : 10
2026-04-16 13:44:39,922 - cyberbully - INFO -   batch_size     : 32
2026-04-16 13:44:39,922 - cyberbully - INFO -   lr             : 5e-05
2026-04-16 13:44:39,922 - cyberbully - INFO -   max_length     : 128
2026-04-16 13:44:39,922 - cyberbully - INFO -   output_dir     : grid-search
2026-04-16 13:44:39,922 - cyberbully - INFO -   data_dir       : dataset
2026-04-16 13:44:39,922 - cyberbully - INFO -   sbert          : False
2026-04-16 13:44:39,922 - cyberbully - INFO -   supcon         : False
2026-04-16 13:44:39,922 - cyberbully - INFO -   supcon_weight  : 0.1
2026-04-16 13:44:39,922 - cyberbully - INFO -   proj_dim       : 128
2026-04-16 13:44:39,922 - cyberbully - INFO -   grad_accum_steps: 1
2026-04-16 13:44:39,923 - cyberbully - INFO -   overwrite      : False
2026-04-16 13:44:39,923 - cyberbully - INFO -   device         : cuda
2026-04-16 13:44:39,923 - cyberbully - INFO -   output_dir     : experiments/grid-search/sarkerlab_SocBERT-base/tweeteval/prep1_aug0/seed_24677315
2026-04-16 13:44:39,923 - cyberbully - INFO - ============================================================
2026-04-16 13:44:39,923 - cyberbully - INFO - Step 1: Preparing data...
2026-04-16 13:44:39,970 - cyberbully - INFO - Loaded pre-split data from dataset/tweeteval — train: 32485, val: 8122, test: 10152
2026-04-16 13:44:39,970 - cyberbully - INFO - Label mapping: {'emotion': 0, 'hate': 1, 'offensive': 2, 'religion': 3, 'spiritual': 4}
2026-04-16 13:44:39,970 - cyberbully - INFO - Applying text preprocessing per split...
2026-04-16 13:45:39,740 - cyberbully - INFO - After preprocessing — train: 30371, val: 7617, test: 9459
2026-04-16 13:45:39,751 - cyberbully - INFO - Number of classes: 5
2026-04-16 13:45:39,752 - cyberbully - INFO - Step 2: Loading model and tokenizer...
2026-04-16 13:45:39,752 - cyberbully - INFO - Loading model 'sarkerlab/SocBERT-base' with 5 labels (sbert=False, supcon=False)
2026-04-16 13:45:41,422 - cyberbully - INFO - Step 3: Creating datasets...
2026-04-16 13:45:42,143 - cyberbully - INFO - Dataset sizes — train: 30371, val: 7617, test: 9459
2026-04-16 13:45:42,143 - cyberbully - INFO - Step 4: Training...
2026-04-16 13:45:42,385 - cyberbully - INFO - Starting training...
2026-04-16 13:59:21,644 - cyberbully - INFO - Training complete.
2026-04-16 13:59:21,724 - cyberbully - INFO - Removed checkpoint: experiments/grid-search/sarkerlab_SocBERT-base/tweeteval/prep1_aug0/seed_24677315/checkpoint-4750
2026-04-16 13:59:21,804 - cyberbully - INFO - Removed checkpoint: experiments/grid-search/sarkerlab_SocBERT-base/tweeteval/prep1_aug0/seed_24677315/checkpoint-7600
2026-04-16 13:59:21,888 - cyberbully - INFO - Removed checkpoint: experiments/grid-search/sarkerlab_SocBERT-base/tweeteval/prep1_aug0/seed_24677315/checkpoint-1900
2026-04-16 13:59:21,967 - cyberbully - INFO - Removed checkpoint: experiments/grid-search/sarkerlab_SocBERT-base/tweeteval/prep1_aug0/seed_24677315/checkpoint-6650
2026-04-16 13:59:22,050 - cyberbully - INFO - Removed checkpoint: experiments/grid-search/sarkerlab_SocBERT-base/tweeteval/prep1_aug0/seed_24677315/checkpoint-2850
2026-04-16 13:59:22,134 - cyberbully - INFO - Removed checkpoint: experiments/grid-search/sarkerlab_SocBERT-base/tweeteval/prep1_aug0/seed_24677315/checkpoint-950
2026-04-16 13:59:22,214 - cyberbully - INFO - Removed checkpoint: experiments/grid-search/sarkerlab_SocBERT-base/tweeteval/prep1_aug0/seed_24677315/checkpoint-5700
2026-04-16 13:59:22,294 - cyberbully - INFO - Removed checkpoint: experiments/grid-search/sarkerlab_SocBERT-base/tweeteval/prep1_aug0/seed_24677315/checkpoint-8550
2026-04-16 13:59:22,389 - cyberbully - INFO - Removed checkpoint: experiments/grid-search/sarkerlab_SocBERT-base/tweeteval/prep1_aug0/seed_24677315/checkpoint-9500
2026-04-16 13:59:22,470 - cyberbully - INFO - Removed checkpoint: experiments/grid-search/sarkerlab_SocBERT-base/tweeteval/prep1_aug0/seed_24677315/checkpoint-3800
2026-04-16 13:59:22,470 - cyberbully - INFO - Step 5: Evaluating on test set...
2026-04-16 13:59:32,841 - cyberbully - INFO - Metrics saved to experiments/grid-search/sarkerlab_SocBERT-base/tweeteval/prep1_aug0/seed_24677315/metrics.json
2026-04-16 13:59:32,841 - cyberbully - INFO - Confusion matrix saved to experiments/grid-search/sarkerlab_SocBERT-base/tweeteval/prep1_aug0/seed_24677315/confusion_matrix.json
2026-04-16 13:59:32,938 - cyberbully - INFO - Per-sample predictions saved to experiments/grid-search/sarkerlab_SocBERT-base/tweeteval/prep1_aug0/seed_24677315/predictions.json
2026-04-16 13:59:33,043 - cyberbully - INFO - Confusion matrix figure saved to experiments/grid-search/sarkerlab_SocBERT-base/tweeteval/prep1_aug0/seed_24677315/confusion_matrix.pdf
2026-04-16 13:59:33,043 - cyberbully - INFO - Accuracy: 0.9420
2026-04-16 13:59:33,043 - cyberbully - INFO - Weighted F1: 0.9420
2026-04-16 13:59:33,043 - cyberbully - INFO - Micro F1: 0.9420
2026-04-16 13:59:33,043 - cyberbully - INFO - Inference time: 5.71 seconds
2026-04-16 13:59:33,043 - cyberbully - INFO - Energy consumption: 0.000380 kWh
2026-04-16 13:59:33,045 - cyberbully - INFO - ============================================================
2026-04-16 13:59:33,046 - cyberbully - INFO - Pipeline complete. Results saved to: experiments/grid-search/sarkerlab_SocBERT-base/tweeteval/prep1_aug0/seed_24677315
2026-04-16 13:59:33,046 - cyberbully - INFO - ============================================================
