2026-02-18 11:08:02,091 - cyberbully - INFO - ============================================================
2026-02-18 11:08:02,091 - cyberbully - INFO - Cyberbullying Detection Pipeline
2026-02-18 11:08:02,091 - cyberbully - INFO - ============================================================
2026-02-18 11:08:02,091 - cyberbully - INFO - Configuration:
2026-02-18 11:08:02,091 - cyberbully - INFO -   model          : distilbert-base-uncased
2026-02-18 11:08:02,091 - cyberbully - INFO -   dataset        : tweeteval
2026-02-18 11:08:02,091 - cyberbully - INFO -   preprocess     : True
2026-02-18 11:08:02,091 - cyberbully - INFO -   augment        : True
2026-02-18 11:08:02,091 - cyberbully - INFO -   compute_attribution: False
2026-02-18 11:08:02,091 - cyberbully - INFO -   seed           : 99511865
2026-02-18 11:08:02,091 - cyberbully - INFO -   epochs         : 5
2026-02-18 11:08:02,091 - cyberbully - INFO -   batch_size     : 16
2026-02-18 11:08:02,091 - cyberbully - INFO -   lr             : 2e-05
2026-02-18 11:08:02,091 - cyberbully - INFO -   max_length     : 128
2026-02-18 11:08:02,091 - cyberbully - INFO -   output_dir     : grid-search
2026-02-18 11:08:02,091 - cyberbully - INFO -   data_dir       : dataset
2026-02-18 11:08:02,091 - cyberbully - INFO -   sbert          : False
2026-02-18 11:08:02,091 - cyberbully - INFO -   overwrite      : False
2026-02-18 11:08:02,091 - cyberbully - INFO -   device         : cuda
2026-02-18 11:08:02,092 - cyberbully - INFO -   output_dir     : experiments/grid-search/distilbert-base-uncased/tweeteval/prep1_aug1/seed_99511865
2026-02-18 11:08:02,092 - cyberbully - INFO - ============================================================
2026-02-18 11:08:02,092 - cyberbully - INFO - Step 1: Preparing data...
2026-02-18 11:08:02,092 - cyberbully - INFO - Loading dataset 'tweeteval' from dataset/Tweeteval.csv
2026-02-18 11:08:02,167 - cyberbully - INFO - Loaded 50759 samples with 5 classes: ['emotion', 'hate', 'offensive', 'religion', 'spiritual']
2026-02-18 11:08:02,168 - cyberbully - INFO - Applying text preprocessing...
2026-02-18 11:09:01,994 - cyberbully - INFO - After preprocessing: 47380 samples remain
2026-02-18 11:09:01,996 - cyberbully - INFO - Label mapping: {'emotion': 0, 'hate': 1, 'offensive': 2, 'religion': 3, 'spiritual': 4}
2026-02-18 11:09:02,009 - cyberbully - INFO - Split sizes — train: 30323, val: 7581, test: 9476
2026-02-18 11:09:02,009 - cyberbully - INFO - Applying training data augmentation (oversampling)...
2026-02-18 11:09:02,016 - cyberbully - INFO - After oversampling — class distribution: {0: 7743, 1: 7743, 2: 7743, 3: 7743, 4: 7743}
2026-02-18 11:09:02,017 - cyberbully - INFO - Number of classes: 5
2026-02-18 11:09:02,018 - cyberbully - INFO - Step 2: Loading model and tokenizer...
2026-02-18 11:09:02,018 - cyberbully - INFO - Loading model 'distilbert-base-uncased' with 5 labels (sbert=False)
2026-02-18 11:09:02,652 - cyberbully - INFO - Step 3: Creating datasets...
2026-02-18 11:09:03,416 - cyberbully - INFO - Dataset sizes — train: 38715, val: 7581, test: 9476
2026-02-18 11:09:03,416 - cyberbully - INFO - Step 4: Training...
2026-02-18 11:09:03,514 - cyberbully - INFO - Starting training...
2026-02-18 11:14:16,313 - cyberbully - INFO - Training complete.
2026-02-18 11:14:16,313 - cyberbully - INFO - Step 5: Evaluating on test set...
2026-02-18 11:14:23,583 - cyberbully - INFO - Metrics saved to experiments/grid-search/distilbert-base-uncased/tweeteval/prep1_aug1/seed_99511865/metrics.json
2026-02-18 11:14:23,583 - cyberbully - INFO - Confusion matrix saved to experiments/grid-search/distilbert-base-uncased/tweeteval/prep1_aug1/seed_99511865/confusion_matrix.json
2026-02-18 11:14:23,686 - cyberbully - INFO - Confusion matrix figure saved to experiments/grid-search/distilbert-base-uncased/tweeteval/prep1_aug1/seed_99511865/confusion_matrix.pdf
2026-02-18 11:14:23,686 - cyberbully - INFO - Accuracy: 0.9432
2026-02-18 11:14:23,687 - cyberbully - INFO - Weighted F1: 0.9430
2026-02-18 11:14:23,687 - cyberbully - INFO - Micro F1: 0.9432
2026-02-18 11:14:23,687 - cyberbully - INFO - Inference time: 2.39 seconds
2026-02-18 11:14:23,687 - cyberbully - INFO - Energy consumption: 0.000132 kWh
2026-02-18 11:14:23,687 - cyberbully - INFO - ============================================================
2026-02-18 11:14:23,687 - cyberbully - INFO - Pipeline complete. Results saved to: experiments/grid-search/distilbert-base-uncased/tweeteval/prep1_aug1/seed_99511865
2026-02-18 11:14:23,687 - cyberbully - INFO - ============================================================
