2026-03-27 01:24:56,696 - cyberbully - INFO - Model 'all-distilroberta-v1' detected as SBERT-based. Using SBERTClassifier pipeline.
2026-03-27 01:24:56,696 - cyberbully - INFO - ============================================================
2026-03-27 01:24:56,696 - cyberbully - INFO - Cyberbullying Detection Pipeline
2026-03-27 01:24:56,696 - cyberbully - INFO - ============================================================
2026-03-27 01:24:56,696 - cyberbully - INFO - Configuration:
2026-03-27 01:24:56,696 - cyberbully - INFO -   model          : all-distilroberta-v1
2026-03-27 01:24:56,696 - cyberbully - INFO -   dataset        : kaggle
2026-03-27 01:24:56,696 - cyberbully - INFO -   preprocess     : False
2026-03-27 01:24:56,696 - cyberbully - INFO -   augment        : False
2026-03-27 01:24:56,696 - cyberbully - INFO -   compute_attribution: False
2026-03-27 01:24:56,696 - cyberbully - INFO -   seed           : 67351593
2026-03-27 01:24:56,696 - cyberbully - INFO -   epochs         : 10
2026-03-27 01:24:56,697 - cyberbully - INFO -   batch_size     : 64
2026-03-27 01:24:56,697 - cyberbully - INFO -   lr             : 5e-05
2026-03-27 01:24:56,697 - cyberbully - INFO -   max_length     : 128
2026-03-27 01:24:56,697 - cyberbully - INFO -   output_dir     : supcon-grid
2026-03-27 01:24:56,697 - cyberbully - INFO -   data_dir       : dataset
2026-03-27 01:24:56,697 - cyberbully - INFO -   sbert          : True
2026-03-27 01:24:56,697 - cyberbully - INFO -   supcon         : False
2026-03-27 01:24:56,697 - cyberbully - INFO -   supcon_weight  : 0.1
2026-03-27 01:24:56,697 - cyberbully - INFO -   proj_dim       : 128
2026-03-27 01:24:56,697 - cyberbully - INFO -   grad_accum_steps: 1
2026-03-27 01:24:56,697 - cyberbully - INFO -   overwrite      : False
2026-03-27 01:24:56,697 - cyberbully - INFO -   device         : cuda
2026-03-27 01:24:56,697 - cyberbully - INFO -   output_dir     : experiments/supcon-grid/all-distilroberta-v1/kaggle/prep0_aug0/seed_67351593
2026-03-27 01:24:56,697 - cyberbully - INFO - ============================================================
2026-03-27 01:24:56,697 - cyberbully - INFO - Step 1: Preparing data...
2026-03-27 01:24:56,742 - cyberbully - INFO - Loaded pre-split data from dataset/kaggle — train: 25604, val: 6401, test: 8002
2026-03-27 01:24:56,742 - cyberbully - INFO - Label mapping: {'age': 0, 'ethnicity': 1, 'gender': 2, 'other_cyberbullying': 3, 'religion': 4}
2026-03-27 01:24:56,753 - cyberbully - INFO - Number of classes: 5
2026-03-27 01:24:56,754 - cyberbully - INFO - Step 2: Loading model and tokenizer...
2026-03-27 01:24:56,754 - cyberbully - INFO - Loading model 'all-distilroberta-v1' with 5 labels (sbert=True, supcon=False)
2026-03-27 01:25:00,143 - cyberbully - INFO - SBERTClassifier: embedding_dim=768, hidden=256, proj_dim=None, num_labels=5
2026-03-27 01:25:00,473 - cyberbully - INFO - Step 3: Creating datasets...
2026-03-27 01:25:01,122 - cyberbully - INFO - Dataset sizes — train: 25604, val: 6401, test: 8002
2026-03-27 01:25:01,122 - cyberbully - INFO - Step 4: Training...
2026-03-27 01:25:01,125 - cyberbully - INFO - Starting training...
2026-03-27 01:29:29,595 - cyberbully - INFO - Training complete.
2026-03-27 01:29:29,654 - cyberbully - INFO - Removed checkpoint: experiments/supcon-grid/all-distilroberta-v1/kaggle/prep0_aug0/seed_67351593/checkpoint-3208
2026-03-27 01:29:29,714 - cyberbully - INFO - Removed checkpoint: experiments/supcon-grid/all-distilroberta-v1/kaggle/prep0_aug0/seed_67351593/checkpoint-4010
2026-03-27 01:29:29,776 - cyberbully - INFO - Removed checkpoint: experiments/supcon-grid/all-distilroberta-v1/kaggle/prep0_aug0/seed_67351593/checkpoint-1203
2026-03-27 01:29:29,836 - cyberbully - INFO - Removed checkpoint: experiments/supcon-grid/all-distilroberta-v1/kaggle/prep0_aug0/seed_67351593/checkpoint-2005
2026-03-27 01:29:29,896 - cyberbully - INFO - Removed checkpoint: experiments/supcon-grid/all-distilroberta-v1/kaggle/prep0_aug0/seed_67351593/checkpoint-2807
2026-03-27 01:29:29,957 - cyberbully - INFO - Removed checkpoint: experiments/supcon-grid/all-distilroberta-v1/kaggle/prep0_aug0/seed_67351593/checkpoint-1604
2026-03-27 01:29:30,019 - cyberbully - INFO - Removed checkpoint: experiments/supcon-grid/all-distilroberta-v1/kaggle/prep0_aug0/seed_67351593/checkpoint-802
2026-03-27 01:29:30,079 - cyberbully - INFO - Removed checkpoint: experiments/supcon-grid/all-distilroberta-v1/kaggle/prep0_aug0/seed_67351593/checkpoint-2406
2026-03-27 01:29:30,141 - cyberbully - INFO - Removed checkpoint: experiments/supcon-grid/all-distilroberta-v1/kaggle/prep0_aug0/seed_67351593/checkpoint-401
2026-03-27 01:29:30,490 - cyberbully - INFO - Removed checkpoint: experiments/supcon-grid/all-distilroberta-v1/kaggle/prep0_aug0/seed_67351593/checkpoint-3609
2026-03-27 01:29:30,490 - cyberbully - INFO - Step 5: Evaluating on test set...
2026-03-27 01:29:37,131 - cyberbully - INFO - Metrics saved to experiments/supcon-grid/all-distilroberta-v1/kaggle/prep0_aug0/seed_67351593/metrics.json
2026-03-27 01:29:37,131 - cyberbully - INFO - Confusion matrix saved to experiments/supcon-grid/all-distilroberta-v1/kaggle/prep0_aug0/seed_67351593/confusion_matrix.json
2026-03-27 01:29:37,213 - cyberbully - INFO - Per-sample predictions saved to experiments/supcon-grid/all-distilroberta-v1/kaggle/prep0_aug0/seed_67351593/predictions.json
2026-03-27 01:29:37,318 - cyberbully - INFO - Confusion matrix figure saved to experiments/supcon-grid/all-distilroberta-v1/kaggle/prep0_aug0/seed_67351593/confusion_matrix.pdf
2026-03-27 01:29:37,318 - cyberbully - INFO - Accuracy: 0.9606
2026-03-27 01:29:37,319 - cyberbully - INFO - Weighted F1: 0.9607
2026-03-27 01:29:37,319 - cyberbully - INFO - Micro F1: 0.9606
2026-03-27 01:29:37,319 - cyberbully - INFO - Inference time: 1.83 seconds
2026-03-27 01:29:37,319 - cyberbully - INFO - Energy consumption: 0.000095 kWh
2026-03-27 01:29:37,320 - cyberbully - INFO - ============================================================
2026-03-27 01:29:37,320 - cyberbully - INFO - Pipeline complete. Results saved to: experiments/supcon-grid/all-distilroberta-v1/kaggle/prep0_aug0/seed_67351593
2026-03-27 01:29:37,320 - cyberbully - INFO - ============================================================
