2026-03-22 14:10:35,297 - cyberbully - INFO - ============================================================
2026-03-22 14:10:35,297 - cyberbully - INFO - Cyberbullying Detection Pipeline
2026-03-22 14:10:35,297 - cyberbully - INFO - ============================================================
2026-03-22 14:10:35,297 - cyberbully - INFO - Configuration:
2026-03-22 14:10:35,297 - cyberbully - INFO -   model          : google/mobilebert-uncased
2026-03-22 14:10:35,297 - cyberbully - INFO -   dataset        : ieee
2026-03-22 14:10:35,297 - cyberbully - INFO -   preprocess     : False
2026-03-22 14:10:35,297 - cyberbully - INFO -   augment        : True
2026-03-22 14:10:35,297 - cyberbully - INFO -   compute_attribution: False
2026-03-22 14:10:35,297 - cyberbully - INFO -   seed           : 43782163
2026-03-22 14:10:35,297 - cyberbully - INFO -   epochs         : 10
2026-03-22 14:10:35,297 - cyberbully - INFO -   batch_size     : 32
2026-03-22 14:10:35,297 - cyberbully - INFO -   lr             : 5e-05
2026-03-22 14:10:35,297 - cyberbully - INFO -   max_length     : 128
2026-03-22 14:10:35,297 - cyberbully - INFO -   output_dir     : grid-search
2026-03-22 14:10:35,297 - cyberbully - INFO -   data_dir       : dataset
2026-03-22 14:10:35,297 - cyberbully - INFO -   sbert          : False
2026-03-22 14:10:35,297 - cyberbully - INFO -   supcon         : False
2026-03-22 14:10:35,297 - cyberbully - INFO -   supcon_weight  : 0.1
2026-03-22 14:10:35,298 - cyberbully - INFO -   proj_dim       : 128
2026-03-22 14:10:35,298 - cyberbully - INFO -   grad_accum_steps: 1
2026-03-22 14:10:35,298 - cyberbully - INFO -   overwrite      : False
2026-03-22 14:10:35,298 - cyberbully - INFO -   device         : cuda
2026-03-22 14:10:35,298 - cyberbully - INFO -   output_dir     : experiments/grid-search/google_mobilebert-uncased/ieee/prep0_aug1/seed_43782163
2026-03-22 14:10:35,298 - cyberbully - INFO - ============================================================
2026-03-22 14:10:35,298 - cyberbully - INFO - Step 1: Preparing data...
2026-03-22 14:10:35,301 - cyberbully - INFO - Loaded pre-split data from dataset/ieee — train: 1348, val: 338, test: 422
2026-03-22 14:10:35,301 - cyberbully - INFO - Label mapping: {'Cyberstalking': 0, 'Doxing': 1, 'Revenge Porn': 2, 'Sexual Harassment': 3, 'Slut Shaming': 4}
2026-03-22 14:10:35,302 - cyberbully - INFO - Applying training data augmentation (oversampling)...
2026-03-22 14:10:35,303 - cyberbully - INFO - After oversampling — class distribution: {0: 316, 1: 316, 2: 316, 3: 316, 4: 316}
2026-03-22 14:10:35,304 - cyberbully - INFO - Number of classes: 5
2026-03-22 14:10:35,305 - cyberbully - INFO - Step 2: Loading model and tokenizer...
2026-03-22 14:10:35,305 - cyberbully - INFO - Loading model 'google/mobilebert-uncased' with 5 labels (sbert=False, supcon=False)
2026-03-22 14:10:37,405 - cyberbully - WARNING - FP16 disabled for model_type='mobilebert' (known fp16 instability).
2026-03-22 14:10:37,406 - cyberbully - INFO - Step 3: Creating datasets...
2026-03-22 14:10:37,438 - cyberbully - INFO - Dataset sizes — train: 1580, val: 338, test: 422
2026-03-22 14:10:37,438 - cyberbully - INFO - Step 4: Training...
2026-03-22 14:10:37,635 - cyberbully - INFO - Starting training...
2026-03-22 14:11:35,028 - cyberbully - INFO - Training complete.
2026-03-22 14:11:35,045 - cyberbully - INFO - Removed checkpoint: experiments/grid-search/google_mobilebert-uncased/ieee/prep0_aug1/seed_43782163/checkpoint-400
2026-03-22 14:11:35,210 - cyberbully - INFO - Removed checkpoint: experiments/grid-search/google_mobilebert-uncased/ieee/prep0_aug1/seed_43782163/checkpoint-200
2026-03-22 14:11:35,228 - cyberbully - INFO - Removed checkpoint: experiments/grid-search/google_mobilebert-uncased/ieee/prep0_aug1/seed_43782163/checkpoint-450
2026-03-22 14:11:35,245 - cyberbully - INFO - Removed checkpoint: experiments/grid-search/google_mobilebert-uncased/ieee/prep0_aug1/seed_43782163/checkpoint-300
2026-03-22 14:11:35,262 - cyberbully - INFO - Removed checkpoint: experiments/grid-search/google_mobilebert-uncased/ieee/prep0_aug1/seed_43782163/checkpoint-350
2026-03-22 14:11:35,276 - cyberbully - INFO - Removed checkpoint: experiments/grid-search/google_mobilebert-uncased/ieee/prep0_aug1/seed_43782163/checkpoint-150
2026-03-22 14:11:35,291 - cyberbully - INFO - Removed checkpoint: experiments/grid-search/google_mobilebert-uncased/ieee/prep0_aug1/seed_43782163/checkpoint-50
2026-03-22 14:11:35,308 - cyberbully - INFO - Removed checkpoint: experiments/grid-search/google_mobilebert-uncased/ieee/prep0_aug1/seed_43782163/checkpoint-500
2026-03-22 14:11:35,322 - cyberbully - INFO - Removed checkpoint: experiments/grid-search/google_mobilebert-uncased/ieee/prep0_aug1/seed_43782163/checkpoint-100
2026-03-22 14:11:35,340 - cyberbully - INFO - Removed checkpoint: experiments/grid-search/google_mobilebert-uncased/ieee/prep0_aug1/seed_43782163/checkpoint-250
2026-03-22 14:11:35,340 - cyberbully - INFO - Step 5: Evaluating on test set...
2026-03-22 14:11:40,029 - cyberbully - INFO - Metrics saved to experiments/grid-search/google_mobilebert-uncased/ieee/prep0_aug1/seed_43782163/metrics.json
2026-03-22 14:11:40,029 - cyberbully - INFO - Confusion matrix saved to experiments/grid-search/google_mobilebert-uncased/ieee/prep0_aug1/seed_43782163/confusion_matrix.json
2026-03-22 14:11:40,033 - cyberbully - INFO - Per-sample predictions saved to experiments/grid-search/google_mobilebert-uncased/ieee/prep0_aug1/seed_43782163/predictions.json
2026-03-22 14:11:40,134 - cyberbully - INFO - Confusion matrix figure saved to experiments/grid-search/google_mobilebert-uncased/ieee/prep0_aug1/seed_43782163/confusion_matrix.pdf
2026-03-22 14:11:40,134 - cyberbully - INFO - Accuracy: 0.7796
2026-03-22 14:11:40,134 - cyberbully - INFO - Weighted F1: 0.7803
2026-03-22 14:11:40,134 - cyberbully - INFO - Micro F1: 0.7796
2026-03-22 14:11:40,134 - cyberbully - INFO - Inference time: 0.42 seconds
2026-03-22 14:11:40,134 - cyberbully - INFO - Energy consumption: 0.000028 kWh
2026-03-22 14:11:40,134 - cyberbully - INFO - ============================================================
2026-03-22 14:11:40,134 - cyberbully - INFO - Pipeline complete. Results saved to: experiments/grid-search/google_mobilebert-uncased/ieee/prep0_aug1/seed_43782163
2026-03-22 14:11:40,134 - cyberbully - INFO - ============================================================
