2026-02-17 20:09:37,342 - cyberbully - INFO - ============================================================
2026-02-17 20:09:37,342 - cyberbully - INFO - Cyberbullying Detection Pipeline
2026-02-17 20:09:37,342 - cyberbully - INFO - ============================================================
2026-02-17 20:09:37,342 - cyberbully - INFO - Configuration:
2026-02-17 20:09:37,342 - cyberbully - INFO -   model          : bert-base-uncased
2026-02-17 20:09:37,342 - cyberbully - INFO -   dataset        : kaggle
2026-02-17 20:09:37,342 - cyberbully - INFO -   preprocess     : True
2026-02-17 20:09:37,342 - cyberbully - INFO -   augment        : False
2026-02-17 20:09:37,342 - cyberbully - INFO -   compute_attribution: False
2026-02-17 20:09:37,342 - cyberbully - INFO -   seed           : 70681460
2026-02-17 20:09:37,342 - cyberbully - INFO -   epochs         : 5
2026-02-17 20:09:37,342 - cyberbully - INFO -   batch_size     : 16
2026-02-17 20:09:37,342 - cyberbully - INFO -   lr             : 2e-05
2026-02-17 20:09:37,342 - cyberbully - INFO -   max_length     : 128
2026-02-17 20:09:37,342 - cyberbully - INFO -   output_dir     : grid-search
2026-02-17 20:09:37,342 - cyberbully - INFO -   data_dir       : dataset
2026-02-17 20:09:37,342 - cyberbully - INFO -   sbert          : False
2026-02-17 20:09:37,342 - cyberbully - INFO -   overwrite      : False
2026-02-17 20:09:37,342 - cyberbully - INFO -   device         : cuda
2026-02-17 20:09:37,342 - cyberbully - INFO -   output_dir     : experiments/grid-search/bert-base-uncased/kaggle/prep1_aug0/seed_70681460
2026-02-17 20:09:37,342 - cyberbully - INFO - ============================================================
2026-02-17 20:09:37,342 - cyberbully - INFO - Step 1: Preparing data...
2026-02-17 20:09:37,342 - cyberbully - INFO - Loading dataset 'kaggle' from dataset/Kaggle.csv
2026-02-17 20:09:37,402 - cyberbully - INFO - Loaded 47656 samples with 6 classes: ['age', 'ethnicity', 'gender', 'not_cyberbullying', 'other_cyberbullying', 'religion']
2026-02-17 20:09:37,402 - cyberbully - INFO - Applying text preprocessing...
2026-02-17 20:10:32,166 - cyberbully - INFO - After preprocessing: 41395 samples remain
2026-02-17 20:10:32,168 - cyberbully - INFO - Label mapping: {'age': 0, 'ethnicity': 1, 'gender': 2, 'not_cyberbullying': 3, 'other_cyberbullying': 4, 'religion': 5}
2026-02-17 20:10:32,179 - cyberbully - INFO - Split sizes — train: 26492, val: 6624, test: 8279
2026-02-17 20:10:32,180 - cyberbully - INFO - Number of classes: 6
2026-02-17 20:10:32,181 - cyberbully - INFO - Step 2: Loading model and tokenizer...
2026-02-17 20:10:32,181 - cyberbully - INFO - Loading model 'bert-base-uncased' with 6 labels (sbert=False)
2026-02-17 20:10:32,920 - cyberbully - INFO - Step 3: Creating datasets...
2026-02-17 20:10:33,625 - cyberbully - INFO - Dataset sizes — train: 26492, val: 6624, test: 8279
2026-02-17 20:10:33,625 - cyberbully - INFO - Step 4: Training...
2026-02-17 20:10:33,749 - cyberbully - INFO - Starting training...
2026-02-17 20:16:43,222 - cyberbully - INFO - Training complete.
2026-02-17 20:16:43,222 - cyberbully - INFO - Step 5: Evaluating on test set...
2026-02-17 20:16:51,072 - cyberbully - INFO - Metrics saved to experiments/grid-search/bert-base-uncased/kaggle/prep1_aug0/seed_70681460/metrics.json
2026-02-17 20:16:51,073 - cyberbully - INFO - Confusion matrix saved to experiments/grid-search/bert-base-uncased/kaggle/prep1_aug0/seed_70681460/confusion_matrix.json
2026-02-17 20:16:51,189 - cyberbully - INFO - Confusion matrix figure saved to experiments/grid-search/bert-base-uncased/kaggle/prep1_aug0/seed_70681460/confusion_matrix.pdf
2026-02-17 20:16:51,189 - cyberbully - INFO - Accuracy: 0.8717
2026-02-17 20:16:51,189 - cyberbully - INFO - Weighted F1: 0.8712
2026-02-17 20:16:51,189 - cyberbully - INFO - Micro F1: 0.8717
2026-02-17 20:16:51,189 - cyberbully - INFO - Inference time: 3.47 seconds
2026-02-17 20:16:51,189 - cyberbully - INFO - Energy consumption: 0.000199 kWh
2026-02-17 20:16:51,189 - cyberbully - INFO - ============================================================
2026-02-17 20:16:51,189 - cyberbully - INFO - Pipeline complete. Results saved to: experiments/grid-search/bert-base-uncased/kaggle/prep1_aug0/seed_70681460
2026-02-17 20:16:51,189 - cyberbully - INFO - ============================================================
