2026-04-16 17:43:19,144 - cyberbully - INFO - Model 'all-mpnet-base-v2' detected as SBERT-based. Using SBERTClassifier pipeline.
2026-04-16 17:43:19,144 - cyberbully - INFO - ============================================================
2026-04-16 17:43:19,144 - cyberbully - INFO - Cyberbullying Detection Pipeline
2026-04-16 17:43:19,144 - cyberbully - INFO - ============================================================
2026-04-16 17:43:19,144 - cyberbully - INFO - Configuration:
2026-04-16 17:43:19,144 - cyberbully - INFO -   model          : all-mpnet-base-v2
2026-04-16 17:43:19,144 - cyberbully - INFO -   dataset        : tweeteval
2026-04-16 17:43:19,144 - cyberbully - INFO -   preprocess     : False
2026-04-16 17:43:19,144 - cyberbully - INFO -   augment        : True
2026-04-16 17:43:19,144 - cyberbully - INFO -   compute_attribution: False
2026-04-16 17:43:19,144 - cyberbully - INFO -   seed           : 24677315
2026-04-16 17:43:19,144 - cyberbully - INFO -   epochs         : 10
2026-04-16 17:43:19,144 - cyberbully - INFO -   batch_size     : 32
2026-04-16 17:43:19,144 - cyberbully - INFO -   lr             : 5e-05
2026-04-16 17:43:19,144 - cyberbully - INFO -   max_length     : 128
2026-04-16 17:43:19,144 - cyberbully - INFO -   output_dir     : grid-search
2026-04-16 17:43:19,144 - cyberbully - INFO -   data_dir       : dataset
2026-04-16 17:43:19,144 - cyberbully - INFO -   sbert          : True
2026-04-16 17:43:19,144 - cyberbully - INFO -   supcon         : False
2026-04-16 17:43:19,144 - cyberbully - INFO -   supcon_weight  : 0.1
2026-04-16 17:43:19,144 - cyberbully - INFO -   proj_dim       : 128
2026-04-16 17:43:19,144 - cyberbully - INFO -   grad_accum_steps: 1
2026-04-16 17:43:19,144 - cyberbully - INFO -   overwrite      : True
2026-04-16 17:43:19,144 - cyberbully - INFO -   device         : cuda
2026-04-16 17:43:19,144 - cyberbully - INFO -   output_dir     : experiments/grid-search/all-mpnet-base-v2/tweeteval/prep0_aug1/seed_24677315
2026-04-16 17:43:19,144 - cyberbully - INFO - ============================================================
2026-04-16 17:43:19,144 - cyberbully - INFO - Step 1: Preparing data...
2026-04-16 17:43:19,192 - cyberbully - INFO - Loaded pre-split data from dataset/tweeteval — train: 32485, val: 8122, test: 10152
2026-04-16 17:43:19,192 - cyberbully - INFO - Label mapping: {'emotion': 0, 'hate': 1, 'offensive': 2, 'religion': 3, 'spiritual': 4}
2026-04-16 17:43:19,194 - cyberbully - INFO - Applying training data augmentation (oversampling)...
2026-04-16 17:43:19,200 - cyberbully - INFO - After oversampling — class distribution: {0: 8985, 1: 8985, 2: 8985, 3: 8985, 4: 8985}
2026-04-16 17:43:19,209 - cyberbully - INFO - Number of classes: 5
2026-04-16 17:43:19,210 - cyberbully - INFO - Step 2: Loading model and tokenizer...
2026-04-16 17:43:19,210 - cyberbully - INFO - Loading model 'all-mpnet-base-v2' with 5 labels (sbert=True, supcon=False)
2026-04-16 17:43:23,126 - cyberbully - INFO - SBERTClassifier: embedding_dim=768, hidden=256, proj_dim=None, num_labels=5
2026-04-16 17:43:23,694 - cyberbully - INFO - Step 3: Creating datasets...
2026-04-16 17:43:24,747 - cyberbully - INFO - Dataset sizes — train: 44925, val: 8122, test: 10152
2026-04-16 17:43:24,747 - cyberbully - INFO - Step 4: Training...
2026-04-16 17:43:24,788 - cyberbully - INFO - Starting training...
2026-04-16 18:05:09,634 - cyberbully - INFO - Training complete.
2026-04-16 18:05:09,706 - cyberbully - INFO - Removed checkpoint: experiments/grid-search/all-mpnet-base-v2/tweeteval/prep0_aug1/seed_24677315/checkpoint-14040
2026-04-16 18:05:09,769 - cyberbully - INFO - Removed checkpoint: experiments/grid-search/all-mpnet-base-v2/tweeteval/prep0_aug1/seed_24677315/checkpoint-2808
2026-04-16 18:05:09,831 - cyberbully - INFO - Removed checkpoint: experiments/grid-search/all-mpnet-base-v2/tweeteval/prep0_aug1/seed_24677315/checkpoint-5616
2026-04-16 18:05:09,893 - cyberbully - INFO - Removed checkpoint: experiments/grid-search/all-mpnet-base-v2/tweeteval/prep0_aug1/seed_24677315/checkpoint-7020
2026-04-16 18:05:09,955 - cyberbully - INFO - Removed checkpoint: experiments/grid-search/all-mpnet-base-v2/tweeteval/prep0_aug1/seed_24677315/checkpoint-4212
2026-04-16 18:05:10,017 - cyberbully - INFO - Removed checkpoint: experiments/grid-search/all-mpnet-base-v2/tweeteval/prep0_aug1/seed_24677315/checkpoint-12636
2026-04-16 18:05:10,082 - cyberbully - INFO - Removed checkpoint: experiments/grid-search/all-mpnet-base-v2/tweeteval/prep0_aug1/seed_24677315/checkpoint-1404
2026-04-16 18:05:10,144 - cyberbully - INFO - Removed checkpoint: experiments/grid-search/all-mpnet-base-v2/tweeteval/prep0_aug1/seed_24677315/checkpoint-8424
2026-04-16 18:05:10,205 - cyberbully - INFO - Removed checkpoint: experiments/grid-search/all-mpnet-base-v2/tweeteval/prep0_aug1/seed_24677315/checkpoint-11232
2026-04-16 18:05:10,267 - cyberbully - INFO - Removed checkpoint: experiments/grid-search/all-mpnet-base-v2/tweeteval/prep0_aug1/seed_24677315/checkpoint-9828
2026-04-16 18:05:10,267 - cyberbully - INFO - Step 5: Evaluating on test set...
2026-04-16 18:05:22,706 - cyberbully - INFO - Metrics saved to experiments/grid-search/all-mpnet-base-v2/tweeteval/prep0_aug1/seed_24677315/metrics.json
2026-04-16 18:05:22,706 - cyberbully - INFO - Confusion matrix saved to experiments/grid-search/all-mpnet-base-v2/tweeteval/prep0_aug1/seed_24677315/confusion_matrix.json
2026-04-16 18:05:22,817 - cyberbully - INFO - Per-sample predictions saved to experiments/grid-search/all-mpnet-base-v2/tweeteval/prep0_aug1/seed_24677315/predictions.json
2026-04-16 18:05:22,922 - cyberbully - INFO - Confusion matrix figure saved to experiments/grid-search/all-mpnet-base-v2/tweeteval/prep0_aug1/seed_24677315/confusion_matrix.pdf
2026-04-16 18:05:22,922 - cyberbully - INFO - Accuracy: 0.9725
2026-04-16 18:05:22,922 - cyberbully - INFO - Weighted F1: 0.9724
2026-04-16 18:05:22,922 - cyberbully - INFO - Micro F1: 0.9725
2026-04-16 18:05:22,922 - cyberbully - INFO - Inference time: 7.79 seconds
2026-04-16 18:05:22,922 - cyberbully - INFO - Energy consumption: 0.000551 kWh
2026-04-16 18:05:22,924 - cyberbully - INFO - ============================================================
2026-04-16 18:05:22,924 - cyberbully - INFO - Pipeline complete. Results saved to: experiments/grid-search/all-mpnet-base-v2/tweeteval/prep0_aug1/seed_24677315
2026-04-16 18:05:22,924 - cyberbully - INFO - ============================================================
