2026-04-09 12:19:18,121 - cyberbully - INFO - ============================================================
2026-04-09 12:19:18,121 - cyberbully - INFO - Cyberbullying Detection Pipeline
2026-04-09 12:19:18,121 - cyberbully - INFO - ============================================================
2026-04-09 12:19:18,121 - cyberbully - INFO - Configuration:
2026-04-09 12:19:18,121 - cyberbully - INFO -   model          : answerdotai/ModernBERT-base
2026-04-09 12:19:18,121 - cyberbully - INFO -   dataset        : kaggle
2026-04-09 12:19:18,121 - cyberbully - INFO -   preprocess     : False
2026-04-09 12:19:18,121 - cyberbully - INFO -   augment        : True
2026-04-09 12:19:18,121 - cyberbully - INFO -   compute_attribution: False
2026-04-09 12:19:18,121 - cyberbully - INFO -   seed           : 24677315
2026-04-09 12:19:18,121 - cyberbully - INFO -   epochs         : 10
2026-04-09 12:19:18,121 - cyberbully - INFO -   batch_size     : 32
2026-04-09 12:19:18,121 - cyberbully - INFO -   lr             : 5e-05
2026-04-09 12:19:18,121 - cyberbully - INFO -   max_length     : 128
2026-04-09 12:19:18,121 - cyberbully - INFO -   output_dir     : grid-search
2026-04-09 12:19:18,121 - cyberbully - INFO -   data_dir       : dataset
2026-04-09 12:19:18,121 - cyberbully - INFO -   sbert          : False
2026-04-09 12:19:18,121 - cyberbully - INFO -   supcon         : False
2026-04-09 12:19:18,121 - cyberbully - INFO -   supcon_weight  : 0.1
2026-04-09 12:19:18,121 - cyberbully - INFO -   proj_dim       : 128
2026-04-09 12:19:18,121 - cyberbully - INFO -   grad_accum_steps: 1
2026-04-09 12:19:18,121 - cyberbully - INFO -   overwrite      : False
2026-04-09 12:19:18,121 - cyberbully - INFO -   device         : cuda
2026-04-09 12:19:18,121 - cyberbully - INFO -   output_dir     : experiments/grid-search/answerdotai_ModernBERT-base/kaggle/prep0_aug1/seed_24677315
2026-04-09 12:19:18,121 - cyberbully - INFO - ============================================================
2026-04-09 12:19:18,121 - cyberbully - INFO - Step 1: Preparing data...
2026-04-09 12:19:18,165 - cyberbully - INFO - Loaded pre-split data from dataset/kaggle — train: 25604, val: 6401, test: 8002
2026-04-09 12:19:18,165 - cyberbully - INFO - Label mapping: {'age': 0, 'ethnicity': 1, 'gender': 2, 'other_cyberbullying': 3, 'religion': 4}
2026-04-09 12:19:18,167 - cyberbully - INFO - Applying training data augmentation (oversampling)...
2026-04-09 12:19:18,172 - cyberbully - INFO - After oversampling — class distribution: {0: 5123, 1: 5123, 2: 5123, 3: 5123, 4: 5123}
2026-04-09 12:19:18,180 - cyberbully - INFO - Number of classes: 5
2026-04-09 12:19:18,181 - cyberbully - INFO - Step 2: Loading model and tokenizer...
2026-04-09 12:19:18,181 - cyberbully - INFO - Loading model 'answerdotai/ModernBERT-base' with 5 labels (sbert=False, supcon=False)
2026-04-09 12:19:26,301 - cyberbully - INFO - Step 3: Creating datasets...
2026-04-09 12:19:27,160 - cyberbully - INFO - Dataset sizes — train: 25615, val: 6401, test: 8002
2026-04-09 12:19:27,160 - cyberbully - INFO - Step 4: Training...
2026-04-09 12:19:27,388 - cyberbully - INFO - Starting training...
2026-04-09 12:35:41,281 - cyberbully - INFO - Training complete.
2026-04-09 12:35:41,363 - cyberbully - INFO - Removed checkpoint: experiments/grid-search/answerdotai_ModernBERT-base/kaggle/prep0_aug1/seed_24677315/checkpoint-5607
2026-04-09 12:35:41,461 - cyberbully - INFO - Removed checkpoint: experiments/grid-search/answerdotai_ModernBERT-base/kaggle/prep0_aug1/seed_24677315/checkpoint-8010
2026-04-09 12:35:41,543 - cyberbully - INFO - Removed checkpoint: experiments/grid-search/answerdotai_ModernBERT-base/kaggle/prep0_aug1/seed_24677315/checkpoint-6408
2026-04-09 12:35:41,628 - cyberbully - INFO - Removed checkpoint: experiments/grid-search/answerdotai_ModernBERT-base/kaggle/prep0_aug1/seed_24677315/checkpoint-1602
2026-04-09 12:35:41,711 - cyberbully - INFO - Removed checkpoint: experiments/grid-search/answerdotai_ModernBERT-base/kaggle/prep0_aug1/seed_24677315/checkpoint-3204
2026-04-09 12:35:41,795 - cyberbully - INFO - Removed checkpoint: experiments/grid-search/answerdotai_ModernBERT-base/kaggle/prep0_aug1/seed_24677315/checkpoint-7209
2026-04-09 12:35:41,877 - cyberbully - INFO - Removed checkpoint: experiments/grid-search/answerdotai_ModernBERT-base/kaggle/prep0_aug1/seed_24677315/checkpoint-4005
2026-04-09 12:35:41,959 - cyberbully - INFO - Removed checkpoint: experiments/grid-search/answerdotai_ModernBERT-base/kaggle/prep0_aug1/seed_24677315/checkpoint-4806
2026-04-09 12:35:42,045 - cyberbully - INFO - Removed checkpoint: experiments/grid-search/answerdotai_ModernBERT-base/kaggle/prep0_aug1/seed_24677315/checkpoint-801
2026-04-09 12:35:42,129 - cyberbully - INFO - Removed checkpoint: experiments/grid-search/answerdotai_ModernBERT-base/kaggle/prep0_aug1/seed_24677315/checkpoint-2403
2026-04-09 12:35:42,129 - cyberbully - INFO - Step 5: Evaluating on test set...
2026-04-09 12:35:54,604 - cyberbully - INFO - Metrics saved to experiments/grid-search/answerdotai_ModernBERT-base/kaggle/prep0_aug1/seed_24677315/metrics.json
2026-04-09 12:35:54,604 - cyberbully - INFO - Confusion matrix saved to experiments/grid-search/answerdotai_ModernBERT-base/kaggle/prep0_aug1/seed_24677315/confusion_matrix.json
2026-04-09 12:35:54,683 - cyberbully - INFO - Per-sample predictions saved to experiments/grid-search/answerdotai_ModernBERT-base/kaggle/prep0_aug1/seed_24677315/predictions.json
2026-04-09 12:35:54,783 - cyberbully - INFO - Confusion matrix figure saved to experiments/grid-search/answerdotai_ModernBERT-base/kaggle/prep0_aug1/seed_24677315/confusion_matrix.pdf
2026-04-09 12:35:54,783 - cyberbully - INFO - Accuracy: 0.9563
2026-04-09 12:35:54,784 - cyberbully - INFO - Weighted F1: 0.9564
2026-04-09 12:35:54,784 - cyberbully - INFO - Micro F1: 0.9563
2026-04-09 12:35:54,784 - cyberbully - INFO - Inference time: 7.75 seconds
2026-04-09 12:35:54,784 - cyberbully - INFO - Energy consumption: 0.000496 kWh
2026-04-09 12:35:54,785 - cyberbully - INFO - ============================================================
2026-04-09 12:35:54,785 - cyberbully - INFO - Pipeline complete. Results saved to: experiments/grid-search/answerdotai_ModernBERT-base/kaggle/prep0_aug1/seed_24677315
2026-04-09 12:35:54,785 - cyberbully - INFO - ============================================================
