2026-02-20 06:31:59,005 - cyberbully - INFO - ============================================================
2026-02-20 06:31:59,005 - cyberbully - INFO - Cyberbullying Detection Pipeline
2026-02-20 06:31:59,005 - cyberbully - INFO - ============================================================
2026-02-20 06:31:59,005 - cyberbully - INFO - Configuration:
2026-02-20 06:31:59,005 - cyberbully - INFO -   model          : all-MiniLM-L6-v2
2026-02-20 06:31:59,005 - cyberbully - INFO -   dataset        : ieee
2026-02-20 06:31:59,005 - cyberbully - INFO -   preprocess     : False
2026-02-20 06:31:59,005 - cyberbully - INFO -   augment        : True
2026-02-20 06:31:59,005 - cyberbully - INFO -   compute_attribution: False
2026-02-20 06:31:59,005 - cyberbully - INFO -   seed           : 99511865
2026-02-20 06:31:59,005 - cyberbully - INFO -   epochs         : 5
2026-02-20 06:31:59,005 - cyberbully - INFO -   batch_size     : 16
2026-02-20 06:31:59,005 - cyberbully - INFO -   lr             : 2e-05
2026-02-20 06:31:59,005 - cyberbully - INFO -   max_length     : 128
2026-02-20 06:31:59,005 - cyberbully - INFO -   output_dir     : sbert-model
2026-02-20 06:31:59,005 - cyberbully - INFO -   data_dir       : dataset
2026-02-20 06:31:59,005 - cyberbully - INFO -   sbert          : True
2026-02-20 06:31:59,005 - cyberbully - INFO -   overwrite      : False
2026-02-20 06:31:59,005 - cyberbully - INFO -   device         : cuda
2026-02-20 06:31:59,005 - cyberbully - INFO -   output_dir     : experiments/sbert-model/all-MiniLM-L6-v2/ieee/prep0_aug1/seed_99511865
2026-02-20 06:31:59,005 - cyberbully - INFO - ============================================================
2026-02-20 06:31:59,005 - cyberbully - INFO - Step 1: Preparing data...
2026-02-20 06:31:59,005 - cyberbully - INFO - Loading dataset 'ieee' from dataset/IEEE Data Port.csv
2026-02-20 06:31:59,011 - cyberbully - INFO - Loaded 2108 samples with 5 classes: ['Cyberstalking', 'Doxing', 'Revenge Porn', 'Sexual Harassment', 'Slut Shaming']
2026-02-20 06:31:59,012 - cyberbully - INFO - Label mapping: {'Cyberstalking': 0, 'Doxing': 1, 'Revenge Porn': 2, 'Sexual Harassment': 3, 'Slut Shaming': 4}
2026-02-20 06:31:59,014 - cyberbully - INFO - Split sizes — train: 1348, val: 338, test: 422
2026-02-20 06:31:59,014 - cyberbully - INFO - Applying training data augmentation (oversampling)...
2026-02-20 06:31:59,014 - cyberbully - INFO - After oversampling — class distribution: {0: 316, 1: 316, 2: 316, 3: 316, 4: 316}
2026-02-20 06:31:59,014 - cyberbully - INFO - Number of classes: 5
2026-02-20 06:31:59,016 - cyberbully - INFO - Step 2: Loading model and tokenizer...
2026-02-20 06:31:59,016 - cyberbully - INFO - Loading model 'all-MiniLM-L6-v2' with 5 labels (sbert=True)
2026-02-20 06:32:01,576 - cyberbully - INFO - SBERTClassifier: embedding_dim=384, hidden=256, num_labels=5
2026-02-20 06:32:01,867 - cyberbully - INFO - Step 3: Creating datasets...
2026-02-20 06:32:01,923 - cyberbully - INFO - Dataset sizes — train: 1580, val: 338, test: 422
2026-02-20 06:32:01,923 - cyberbully - INFO - Step 4: Training...
2026-02-20 06:32:01,973 - cyberbully - INFO - Starting training...
2026-02-20 06:32:10,096 - cyberbully - INFO - Training complete.
2026-02-20 06:32:10,096 - cyberbully - INFO - Step 5: Evaluating on test set...
2026-02-20 06:32:14,445 - cyberbully - INFO - Metrics saved to experiments/sbert-model/all-MiniLM-L6-v2/ieee/prep0_aug1/seed_99511865/metrics.json
2026-02-20 06:32:14,445 - cyberbully - INFO - Confusion matrix saved to experiments/sbert-model/all-MiniLM-L6-v2/ieee/prep0_aug1/seed_99511865/confusion_matrix.json
2026-02-20 06:32:14,546 - cyberbully - INFO - Confusion matrix figure saved to experiments/sbert-model/all-MiniLM-L6-v2/ieee/prep0_aug1/seed_99511865/confusion_matrix.pdf
2026-02-20 06:32:14,546 - cyberbully - INFO - Accuracy: 0.8128
2026-02-20 06:32:14,546 - cyberbully - INFO - Weighted F1: 0.8132
2026-02-20 06:32:14,546 - cyberbully - INFO - Micro F1: 0.8128
2026-02-20 06:32:14,546 - cyberbully - INFO - Inference time: 0.09 seconds
2026-02-20 06:32:14,546 - cyberbully - INFO - Energy consumption: 0.000005 kWh
2026-02-20 06:32:14,546 - cyberbully - INFO - ============================================================
2026-02-20 06:32:14,546 - cyberbully - INFO - Pipeline complete. Results saved to: experiments/sbert-model/all-MiniLM-L6-v2/ieee/prep0_aug1/seed_99511865
2026-02-20 06:32:14,546 - cyberbully - INFO - ============================================================
