2026-04-09 16:15:21,759 - cyberbully - INFO - ============================================================
2026-04-09 16:15:21,759 - cyberbully - INFO - Cyberbullying Detection Pipeline
2026-04-09 16:15:21,759 - cyberbully - INFO - ============================================================
2026-04-09 16:15:21,759 - cyberbully - INFO - Configuration:
2026-04-09 16:15:21,759 - cyberbully - INFO -   model          : chandar-lab/NeoBERT
2026-04-09 16:15:21,759 - cyberbully - INFO -   dataset        : ieee
2026-04-09 16:15:21,759 - cyberbully - INFO -   preprocess     : False
2026-04-09 16:15:21,759 - cyberbully - INFO -   augment        : True
2026-04-09 16:15:21,759 - cyberbully - INFO -   compute_attribution: False
2026-04-09 16:15:21,759 - cyberbully - INFO -   seed           : 70681460
2026-04-09 16:15:21,759 - cyberbully - INFO -   epochs         : 10
2026-04-09 16:15:21,759 - cyberbully - INFO -   batch_size     : 32
2026-04-09 16:15:21,759 - cyberbully - INFO -   lr             : 5e-05
2026-04-09 16:15:21,759 - cyberbully - INFO -   max_length     : 128
2026-04-09 16:15:21,759 - cyberbully - INFO -   output_dir     : grid-search
2026-04-09 16:15:21,759 - cyberbully - INFO -   data_dir       : dataset
2026-04-09 16:15:21,759 - cyberbully - INFO -   sbert          : False
2026-04-09 16:15:21,759 - cyberbully - INFO -   supcon         : False
2026-04-09 16:15:21,759 - cyberbully - INFO -   supcon_weight  : 0.1
2026-04-09 16:15:21,759 - cyberbully - INFO -   proj_dim       : 128
2026-04-09 16:15:21,759 - cyberbully - INFO -   grad_accum_steps: 1
2026-04-09 16:15:21,759 - cyberbully - INFO -   overwrite      : False
2026-04-09 16:15:21,759 - cyberbully - INFO -   device         : cuda
2026-04-09 16:15:21,759 - cyberbully - INFO -   output_dir     : experiments/grid-search/chandar-lab_NeoBERT/ieee/prep0_aug1/seed_70681460
2026-04-09 16:15:21,759 - cyberbully - INFO - ============================================================
2026-04-09 16:15:21,759 - cyberbully - INFO - Step 1: Preparing data...
2026-04-09 16:15:21,763 - cyberbully - INFO - Loaded pre-split data from dataset/ieee — train: 1348, val: 338, test: 422
2026-04-09 16:15:21,763 - cyberbully - INFO - Label mapping: {'Cyberstalking': 0, 'Doxing': 1, 'Revenge Porn': 2, 'Sexual Harassment': 3, 'Slut Shaming': 4}
2026-04-09 16:15:21,764 - cyberbully - INFO - Applying training data augmentation (oversampling)...
2026-04-09 16:15:21,765 - cyberbully - INFO - After oversampling — class distribution: {0: 316, 1: 316, 2: 316, 3: 316, 4: 316}
2026-04-09 16:15:21,766 - cyberbully - INFO - Number of classes: 5
2026-04-09 16:15:21,767 - cyberbully - INFO - Step 2: Loading model and tokenizer...
2026-04-09 16:15:21,767 - cyberbully - INFO - Loading model 'chandar-lab/NeoBERT' with 5 labels (sbert=False, supcon=False)
2026-04-09 16:15:23,883 - cyberbully - INFO - Step 3: Creating datasets...
2026-04-09 16:15:23,924 - cyberbully - INFO - Dataset sizes — train: 1580, val: 338, test: 422
2026-04-09 16:15:23,924 - cyberbully - INFO - Step 4: Training...
2026-04-09 16:15:24,214 - cyberbully - INFO - Starting training...
2026-04-09 16:18:19,595 - cyberbully - INFO - Training complete.
2026-04-09 16:18:19,730 - cyberbully - INFO - Removed checkpoint: experiments/grid-search/chandar-lab_NeoBERT/ieee/prep0_aug1/seed_70681460/checkpoint-400
2026-04-09 16:18:19,861 - cyberbully - INFO - Removed checkpoint: experiments/grid-search/chandar-lab_NeoBERT/ieee/prep0_aug1/seed_70681460/checkpoint-200
2026-04-09 16:18:20,002 - cyberbully - INFO - Removed checkpoint: experiments/grid-search/chandar-lab_NeoBERT/ieee/prep0_aug1/seed_70681460/checkpoint-450
2026-04-09 16:18:20,133 - cyberbully - INFO - Removed checkpoint: experiments/grid-search/chandar-lab_NeoBERT/ieee/prep0_aug1/seed_70681460/checkpoint-300
2026-04-09 16:18:20,265 - cyberbully - INFO - Removed checkpoint: experiments/grid-search/chandar-lab_NeoBERT/ieee/prep0_aug1/seed_70681460/checkpoint-350
2026-04-09 16:18:20,392 - cyberbully - INFO - Removed checkpoint: experiments/grid-search/chandar-lab_NeoBERT/ieee/prep0_aug1/seed_70681460/checkpoint-150
2026-04-09 16:18:20,521 - cyberbully - INFO - Removed checkpoint: experiments/grid-search/chandar-lab_NeoBERT/ieee/prep0_aug1/seed_70681460/checkpoint-50
2026-04-09 16:18:20,667 - cyberbully - INFO - Removed checkpoint: experiments/grid-search/chandar-lab_NeoBERT/ieee/prep0_aug1/seed_70681460/checkpoint-500
2026-04-09 16:18:20,790 - cyberbully - INFO - Removed checkpoint: experiments/grid-search/chandar-lab_NeoBERT/ieee/prep0_aug1/seed_70681460/checkpoint-100
2026-04-09 16:18:20,922 - cyberbully - INFO - Removed checkpoint: experiments/grid-search/chandar-lab_NeoBERT/ieee/prep0_aug1/seed_70681460/checkpoint-250
2026-04-09 16:18:20,922 - cyberbully - INFO - Step 5: Evaluating on test set...
2026-04-09 16:18:26,200 - cyberbully - INFO - Metrics saved to experiments/grid-search/chandar-lab_NeoBERT/ieee/prep0_aug1/seed_70681460/metrics.json
2026-04-09 16:18:26,200 - cyberbully - INFO - Confusion matrix saved to experiments/grid-search/chandar-lab_NeoBERT/ieee/prep0_aug1/seed_70681460/confusion_matrix.json
2026-04-09 16:18:26,205 - cyberbully - INFO - Per-sample predictions saved to experiments/grid-search/chandar-lab_NeoBERT/ieee/prep0_aug1/seed_70681460/predictions.json
2026-04-09 16:18:26,305 - cyberbully - INFO - Confusion matrix figure saved to experiments/grid-search/chandar-lab_NeoBERT/ieee/prep0_aug1/seed_70681460/confusion_matrix.pdf
2026-04-09 16:18:26,305 - cyberbully - INFO - Accuracy: 0.8270
2026-04-09 16:18:26,305 - cyberbully - INFO - Weighted F1: 0.8263
2026-04-09 16:18:26,305 - cyberbully - INFO - Micro F1: 0.8270
2026-04-09 16:18:26,305 - cyberbully - INFO - Inference time: 0.66 seconds
2026-04-09 16:18:26,305 - cyberbully - INFO - Energy consumption: 0.000044 kWh
2026-04-09 16:18:26,306 - cyberbully - INFO - ============================================================
2026-04-09 16:18:26,306 - cyberbully - INFO - Pipeline complete. Results saved to: experiments/grid-search/chandar-lab_NeoBERT/ieee/prep0_aug1/seed_70681460
2026-04-09 16:18:26,306 - cyberbully - INFO - ============================================================
