2026-03-21 05:40:08,731 - cyberbully - INFO - ============================================================
2026-03-21 05:40:08,731 - cyberbully - INFO - Cyberbullying Detection Pipeline
2026-03-21 05:40:08,731 - cyberbully - INFO - ============================================================
2026-03-21 05:40:08,731 - cyberbully - INFO - Configuration:
2026-03-21 05:40:08,731 - cyberbully - INFO -   model          : bert-base-cased
2026-03-21 05:40:08,731 - cyberbully - INFO -   dataset        : tweeteval
2026-03-21 05:40:08,731 - cyberbully - INFO -   preprocess     : False
2026-03-21 05:40:08,731 - cyberbully - INFO -   augment        : True
2026-03-21 05:40:08,731 - cyberbully - INFO -   compute_attribution: False
2026-03-21 05:40:08,731 - cyberbully - INFO -   seed           : 24677315
2026-03-21 05:40:08,731 - cyberbully - INFO -   epochs         : 10
2026-03-21 05:40:08,731 - cyberbully - INFO -   batch_size     : 32
2026-03-21 05:40:08,731 - cyberbully - INFO -   lr             : 5e-05
2026-03-21 05:40:08,731 - cyberbully - INFO -   max_length     : 128
2026-03-21 05:40:08,731 - cyberbully - INFO -   output_dir     : grid-search
2026-03-21 05:40:08,731 - cyberbully - INFO -   data_dir       : dataset
2026-03-21 05:40:08,731 - cyberbully - INFO -   sbert          : False
2026-03-21 05:40:08,731 - cyberbully - INFO -   supcon         : False
2026-03-21 05:40:08,731 - cyberbully - INFO -   supcon_weight  : 0.1
2026-03-21 05:40:08,731 - cyberbully - INFO -   proj_dim       : 128
2026-03-21 05:40:08,731 - cyberbully - INFO -   grad_accum_steps: 1
2026-03-21 05:40:08,731 - cyberbully - INFO -   overwrite      : False
2026-03-21 05:40:08,731 - cyberbully - INFO -   device         : cuda
2026-03-21 05:40:08,731 - cyberbully - INFO -   output_dir     : experiments/grid-search/bert-base-cased/tweeteval/prep0_aug1/seed_24677315
2026-03-21 05:40:08,731 - cyberbully - INFO - ============================================================
2026-03-21 05:40:08,731 - cyberbully - INFO - Step 1: Preparing data...
2026-03-21 05:40:08,779 - cyberbully - INFO - Loaded pre-split data from dataset/tweeteval — train: 32485, val: 8122, test: 10152
2026-03-21 05:40:08,779 - cyberbully - INFO - Label mapping: {'emotion': 0, 'hate': 1, 'offensive': 2, 'religion': 3, 'spiritual': 4}
2026-03-21 05:40:08,781 - cyberbully - INFO - Applying training data augmentation (oversampling)...
2026-03-21 05:40:08,787 - cyberbully - INFO - After oversampling — class distribution: {0: 8985, 1: 8985, 2: 8985, 3: 8985, 4: 8985}
2026-03-21 05:40:08,797 - cyberbully - INFO - Number of classes: 5
2026-03-21 05:40:08,798 - cyberbully - INFO - Step 2: Loading model and tokenizer...
2026-03-21 05:40:08,798 - cyberbully - INFO - Loading model 'bert-base-cased' with 5 labels (sbert=False, supcon=False)
2026-03-21 05:40:09,565 - cyberbully - INFO - Step 3: Creating datasets...
2026-03-21 05:40:10,879 - cyberbully - INFO - Dataset sizes — train: 44925, val: 8122, test: 10152
2026-03-21 05:40:10,879 - cyberbully - INFO - Step 4: Training...
2026-03-21 05:40:11,102 - cyberbully - INFO - Starting training...
2026-03-21 06:01:56,218 - cyberbully - INFO - Training complete.
2026-03-21 06:01:56,291 - cyberbully - INFO - Removed checkpoint: experiments/grid-search/bert-base-cased/tweeteval/prep0_aug1/seed_24677315/checkpoint-14040
2026-03-21 06:01:56,354 - cyberbully - INFO - Removed checkpoint: experiments/grid-search/bert-base-cased/tweeteval/prep0_aug1/seed_24677315/checkpoint-2808
2026-03-21 06:01:56,416 - cyberbully - INFO - Removed checkpoint: experiments/grid-search/bert-base-cased/tweeteval/prep0_aug1/seed_24677315/checkpoint-5616
2026-03-21 06:01:56,478 - cyberbully - INFO - Removed checkpoint: experiments/grid-search/bert-base-cased/tweeteval/prep0_aug1/seed_24677315/checkpoint-7020
2026-03-21 06:01:56,541 - cyberbully - INFO - Removed checkpoint: experiments/grid-search/bert-base-cased/tweeteval/prep0_aug1/seed_24677315/checkpoint-4212
2026-03-21 06:01:56,603 - cyberbully - INFO - Removed checkpoint: experiments/grid-search/bert-base-cased/tweeteval/prep0_aug1/seed_24677315/checkpoint-12636
2026-03-21 06:01:56,666 - cyberbully - INFO - Removed checkpoint: experiments/grid-search/bert-base-cased/tweeteval/prep0_aug1/seed_24677315/checkpoint-1404
2026-03-21 06:01:56,729 - cyberbully - INFO - Removed checkpoint: experiments/grid-search/bert-base-cased/tweeteval/prep0_aug1/seed_24677315/checkpoint-8424
2026-03-21 06:01:56,790 - cyberbully - INFO - Removed checkpoint: experiments/grid-search/bert-base-cased/tweeteval/prep0_aug1/seed_24677315/checkpoint-11232
2026-03-21 06:01:56,853 - cyberbully - INFO - Removed checkpoint: experiments/grid-search/bert-base-cased/tweeteval/prep0_aug1/seed_24677315/checkpoint-9828
2026-03-21 06:01:56,853 - cyberbully - INFO - Step 5: Evaluating on test set...
2026-03-21 06:02:08,897 - cyberbully - INFO - Metrics saved to experiments/grid-search/bert-base-cased/tweeteval/prep0_aug1/seed_24677315/metrics.json
2026-03-21 06:02:08,897 - cyberbully - INFO - Confusion matrix saved to experiments/grid-search/bert-base-cased/tweeteval/prep0_aug1/seed_24677315/confusion_matrix.json
2026-03-21 06:02:08,996 - cyberbully - INFO - Per-sample predictions saved to experiments/grid-search/bert-base-cased/tweeteval/prep0_aug1/seed_24677315/predictions.json
2026-03-21 06:02:09,097 - cyberbully - INFO - Confusion matrix figure saved to experiments/grid-search/bert-base-cased/tweeteval/prep0_aug1/seed_24677315/confusion_matrix.pdf
2026-03-21 06:02:09,097 - cyberbully - INFO - Accuracy: 0.9692
2026-03-21 06:02:09,097 - cyberbully - INFO - Weighted F1: 0.9691
2026-03-21 06:02:09,097 - cyberbully - INFO - Micro F1: 0.9692
2026-03-21 06:02:09,097 - cyberbully - INFO - Inference time: 7.77 seconds
2026-03-21 06:02:09,097 - cyberbully - INFO - Energy consumption: 0.000477 kWh
2026-03-21 06:02:09,099 - cyberbully - INFO - ============================================================
2026-03-21 06:02:09,099 - cyberbully - INFO - Pipeline complete. Results saved to: experiments/grid-search/bert-base-cased/tweeteval/prep0_aug1/seed_24677315
2026-03-21 06:02:09,099 - cyberbully - INFO - ============================================================
