2026-03-18 20:11:41,399 - cyberbully - INFO - ============================================================
2026-03-18 20:11:41,399 - cyberbully - INFO - Cyberbullying Detection Pipeline
2026-03-18 20:11:41,399 - cyberbully - INFO - ============================================================
2026-03-18 20:11:41,400 - cyberbully - INFO - Configuration:
2026-03-18 20:11:41,400 - cyberbully - INFO -   model          : roberta-base
2026-03-18 20:11:41,400 - cyberbully - INFO -   dataset        : ieee
2026-03-18 20:11:41,400 - cyberbully - INFO -   preprocess     : True
2026-03-18 20:11:41,400 - cyberbully - INFO -   augment        : False
2026-03-18 20:11:41,400 - cyberbully - INFO -   compute_attribution: False
2026-03-18 20:11:41,400 - cyberbully - INFO -   seed           : 87212562
2026-03-18 20:11:41,400 - cyberbully - INFO -   epochs         : 10
2026-03-18 20:11:41,400 - cyberbully - INFO -   batch_size     : 32
2026-03-18 20:11:41,400 - cyberbully - INFO -   lr             : 5e-05
2026-03-18 20:11:41,400 - cyberbully - INFO -   max_length     : 128
2026-03-18 20:11:41,400 - cyberbully - INFO -   output_dir     : supcon-grid
2026-03-18 20:11:41,400 - cyberbully - INFO -   data_dir       : dataset
2026-03-18 20:11:41,400 - cyberbully - INFO -   sbert          : False
2026-03-18 20:11:41,400 - cyberbully - INFO -   supcon         : True
2026-03-18 20:11:41,400 - cyberbully - INFO -   supcon_weight  : 0.1
2026-03-18 20:11:41,400 - cyberbully - INFO -   proj_dim       : 128
2026-03-18 20:11:41,400 - cyberbully - INFO -   grad_accum_steps: 1
2026-03-18 20:11:41,400 - cyberbully - INFO -   overwrite      : False
2026-03-18 20:11:41,400 - cyberbully - INFO -   device         : cuda
2026-03-18 20:11:41,400 - cyberbully - INFO -   output_dir     : experiments/supcon-grid/roberta-base/ieee/prep1_aug0/seed_87212562
2026-03-18 20:11:41,400 - cyberbully - INFO - ============================================================
2026-03-18 20:11:41,400 - cyberbully - INFO - Step 1: Preparing data...
2026-03-18 20:11:41,403 - cyberbully - INFO - Loaded pre-split data from dataset/ieee — train: 1348, val: 338, test: 422
2026-03-18 20:11:41,403 - cyberbully - INFO - Label mapping: {'Cyberstalking': 0, 'Doxing': 1, 'Revenge Porn': 2, 'Sexual Harassment': 3, 'Slut Shaming': 4}
2026-03-18 20:11:41,403 - cyberbully - INFO - Applying text preprocessing per split...
2026-03-18 20:11:41,520 - cyberbully - INFO - After preprocessing — train: 1348, val: 338, test: 422
2026-03-18 20:11:41,521 - cyberbully - INFO - Number of classes: 5
2026-03-18 20:11:41,522 - cyberbully - INFO - Step 2: Loading model and tokenizer...
2026-03-18 20:11:41,522 - cyberbully - INFO - Loading model 'roberta-base' with 5 labels (sbert=False, supcon=True)
2026-03-18 20:11:42,056 - cyberbully - INFO - SupConClassifier: hidden_size=768, proj_dim=128, num_labels=5
2026-03-18 20:11:42,365 - cyberbully - INFO - Step 3: Creating datasets...
2026-03-18 20:11:42,389 - cyberbully - INFO - Dataset sizes — train: 1348, val: 338, test: 422
2026-03-18 20:11:42,389 - cyberbully - INFO - Step 4: Training...
2026-03-18 20:11:42,620 - cyberbully - INFO - Using SupConTrainer with supcon_weight=0.100
2026-03-18 20:11:42,620 - cyberbully - INFO - Starting training...
2026-03-18 20:12:50,467 - cyberbully - INFO - Training complete.
2026-03-18 20:12:50,547 - cyberbully - INFO - Removed checkpoint: experiments/supcon-grid/roberta-base/ieee/prep1_aug0/seed_87212562/checkpoint-172
2026-03-18 20:12:50,628 - cyberbully - INFO - Removed checkpoint: experiments/supcon-grid/roberta-base/ieee/prep1_aug0/seed_87212562/checkpoint-258
2026-03-18 20:12:50,714 - cyberbully - INFO - Removed checkpoint: experiments/supcon-grid/roberta-base/ieee/prep1_aug0/seed_87212562/checkpoint-387
2026-03-18 20:12:50,796 - cyberbully - INFO - Removed checkpoint: experiments/supcon-grid/roberta-base/ieee/prep1_aug0/seed_87212562/checkpoint-43
2026-03-18 20:12:50,882 - cyberbully - INFO - Removed checkpoint: experiments/supcon-grid/roberta-base/ieee/prep1_aug0/seed_87212562/checkpoint-430
2026-03-18 20:12:50,965 - cyberbully - INFO - Removed checkpoint: experiments/supcon-grid/roberta-base/ieee/prep1_aug0/seed_87212562/checkpoint-301
2026-03-18 20:12:51,047 - cyberbully - INFO - Removed checkpoint: experiments/supcon-grid/roberta-base/ieee/prep1_aug0/seed_87212562/checkpoint-344
2026-03-18 20:12:51,125 - cyberbully - INFO - Removed checkpoint: experiments/supcon-grid/roberta-base/ieee/prep1_aug0/seed_87212562/checkpoint-129
2026-03-18 20:12:51,205 - cyberbully - INFO - Removed checkpoint: experiments/supcon-grid/roberta-base/ieee/prep1_aug0/seed_87212562/checkpoint-215
2026-03-18 20:12:51,283 - cyberbully - INFO - Removed checkpoint: experiments/supcon-grid/roberta-base/ieee/prep1_aug0/seed_87212562/checkpoint-86
2026-03-18 20:12:51,283 - cyberbully - INFO - Step 5: Evaluating on test set...
2026-03-18 20:12:55,845 - cyberbully - INFO - Metrics saved to experiments/supcon-grid/roberta-base/ieee/prep1_aug0/seed_87212562/metrics.json
2026-03-18 20:12:55,845 - cyberbully - INFO - Confusion matrix saved to experiments/supcon-grid/roberta-base/ieee/prep1_aug0/seed_87212562/confusion_matrix.json
2026-03-18 20:12:55,849 - cyberbully - INFO - Per-sample predictions saved to experiments/supcon-grid/roberta-base/ieee/prep1_aug0/seed_87212562/predictions.json
2026-03-18 20:12:55,949 - cyberbully - INFO - Confusion matrix figure saved to experiments/supcon-grid/roberta-base/ieee/prep1_aug0/seed_87212562/confusion_matrix.pdf
2026-03-18 20:12:55,949 - cyberbully - INFO - Accuracy: 0.8246
2026-03-18 20:12:55,949 - cyberbully - INFO - Weighted F1: 0.8260
2026-03-18 20:12:55,949 - cyberbully - INFO - Micro F1: 0.8246
2026-03-18 20:12:55,949 - cyberbully - INFO - Inference time: 0.32 seconds
2026-03-18 20:12:55,949 - cyberbully - INFO - Energy consumption: 0.000017 kWh
2026-03-18 20:12:55,949 - cyberbully - INFO - Step 5b: Plotting t-SNE of projection embeddings...
2026-03-18 20:12:56,231 - cyberbully - INFO - Running t-SNE on 422 samples with proj_dim=128, perplexity=30.0...
2026-03-18 20:12:57,047 - cyberbully - INFO - t-SNE static plot saved to experiments/supcon-grid/roberta-base/ieee/prep1_aug0/seed_87212562/projection_tsne.pdf
2026-03-18 20:12:57,165 - cyberbully - INFO - t-SNE interactive plot saved to experiments/supcon-grid/roberta-base/ieee/prep1_aug0/seed_87212562/projection_tsne.html
2026-03-18 20:12:57,165 - cyberbully - INFO - ============================================================
2026-03-18 20:12:57,165 - cyberbully - INFO - Pipeline complete. Results saved to: experiments/supcon-grid/roberta-base/ieee/prep1_aug0/seed_87212562
2026-03-18 20:12:57,165 - cyberbully - INFO - ============================================================
