2026-02-20 07:00:49,032 - cyberbully - INFO - ============================================================
2026-02-20 07:00:49,032 - cyberbully - INFO - Cyberbullying Detection Pipeline
2026-02-20 07:00:49,032 - cyberbully - INFO - ============================================================
2026-02-20 07:00:49,032 - cyberbully - INFO - Configuration:
2026-02-20 07:00:49,032 - cyberbully - INFO -   model          : all-MiniLM-L6-v2
2026-02-20 07:00:49,032 - cyberbully - INFO -   dataset        : kaggle
2026-02-20 07:00:49,032 - cyberbully - INFO -   preprocess     : False
2026-02-20 07:00:49,032 - cyberbully - INFO -   augment        : False
2026-02-20 07:00:49,032 - cyberbully - INFO -   compute_attribution: False
2026-02-20 07:00:49,032 - cyberbully - INFO -   seed           : 90995999
2026-02-20 07:00:49,032 - cyberbully - INFO -   epochs         : 5
2026-02-20 07:00:49,032 - cyberbully - INFO -   batch_size     : 16
2026-02-20 07:00:49,032 - cyberbully - INFO -   lr             : 2e-05
2026-02-20 07:00:49,032 - cyberbully - INFO -   max_length     : 128
2026-02-20 07:00:49,032 - cyberbully - INFO -   output_dir     : sbert-model
2026-02-20 07:00:49,032 - cyberbully - INFO -   data_dir       : dataset
2026-02-20 07:00:49,032 - cyberbully - INFO -   sbert          : True
2026-02-20 07:00:49,032 - cyberbully - INFO -   overwrite      : False
2026-02-20 07:00:49,032 - cyberbully - INFO -   device         : cuda
2026-02-20 07:00:49,032 - cyberbully - INFO -   output_dir     : experiments/sbert-model/all-MiniLM-L6-v2/kaggle/prep0_aug0/seed_90995999
2026-02-20 07:00:49,032 - cyberbully - INFO - ============================================================
2026-02-20 07:00:49,032 - cyberbully - INFO - Step 1: Preparing data...
2026-02-20 07:00:49,032 - cyberbully - INFO - Loading dataset 'kaggle' from dataset/Kaggle.csv
2026-02-20 07:00:49,092 - cyberbully - INFO - Loaded 47656 samples with 6 classes: ['age', 'ethnicity', 'gender', 'not_cyberbullying', 'other_cyberbullying', 'religion']
2026-02-20 07:00:49,094 - cyberbully - INFO - Label mapping: {'age': 0, 'ethnicity': 1, 'gender': 2, 'not_cyberbullying': 3, 'other_cyberbullying': 4, 'religion': 5}
2026-02-20 07:00:49,107 - cyberbully - INFO - Split sizes — train: 30499, val: 7625, test: 9532
2026-02-20 07:00:49,108 - cyberbully - INFO - Number of classes: 6
2026-02-20 07:00:49,109 - cyberbully - INFO - Step 2: Loading model and tokenizer...
2026-02-20 07:00:49,109 - cyberbully - INFO - Loading model 'all-MiniLM-L6-v2' with 6 labels (sbert=True)
2026-02-20 07:00:51,707 - cyberbully - INFO - SBERTClassifier: embedding_dim=384, hidden=256, num_labels=6
2026-02-20 07:00:52,023 - cyberbully - INFO - Step 3: Creating datasets...
2026-02-20 07:00:52,964 - cyberbully - INFO - Dataset sizes — train: 30499, val: 7625, test: 9532
2026-02-20 07:00:52,965 - cyberbully - INFO - Step 4: Training...
2026-02-20 07:00:53,007 - cyberbully - INFO - Starting training...
2026-02-20 07:03:22,715 - cyberbully - INFO - Training complete.
2026-02-20 07:03:22,715 - cyberbully - INFO - Step 5: Evaluating on test set...
2026-02-20 07:03:28,864 - cyberbully - INFO - Metrics saved to experiments/sbert-model/all-MiniLM-L6-v2/kaggle/prep0_aug0/seed_90995999/metrics.json
2026-02-20 07:03:28,864 - cyberbully - INFO - Confusion matrix saved to experiments/sbert-model/all-MiniLM-L6-v2/kaggle/prep0_aug0/seed_90995999/confusion_matrix.json
2026-02-20 07:03:28,977 - cyberbully - INFO - Confusion matrix figure saved to experiments/sbert-model/all-MiniLM-L6-v2/kaggle/prep0_aug0/seed_90995999/confusion_matrix.pdf
2026-02-20 07:03:28,977 - cyberbully - INFO - Accuracy: 0.8647
2026-02-20 07:03:28,977 - cyberbully - INFO - Weighted F1: 0.8637
2026-02-20 07:03:28,977 - cyberbully - INFO - Micro F1: 0.8647
2026-02-20 07:03:28,977 - cyberbully - INFO - Inference time: 1.85 seconds
2026-02-20 07:03:28,977 - cyberbully - INFO - Energy consumption: 0.000107 kWh
2026-02-20 07:03:28,977 - cyberbully - INFO - ============================================================
2026-02-20 07:03:28,977 - cyberbully - INFO - Pipeline complete. Results saved to: experiments/sbert-model/all-MiniLM-L6-v2/kaggle/prep0_aug0/seed_90995999
2026-02-20 07:03:28,977 - cyberbully - INFO - ============================================================
