2026-03-25 14:05:48,319 - cyberbully - INFO - Model 'all-MiniLM-L12-v2' detected as SBERT-based. Using SBERTClassifier pipeline.
2026-03-25 14:05:48,319 - cyberbully - INFO - ============================================================
2026-03-25 14:05:48,320 - cyberbully - INFO - Cyberbullying Detection Pipeline
2026-03-25 14:05:48,320 - cyberbully - INFO - ============================================================
2026-03-25 14:05:48,320 - cyberbully - INFO - Configuration:
2026-03-25 14:05:48,320 - cyberbully - INFO -   model          : all-MiniLM-L12-v2
2026-03-25 14:05:48,320 - cyberbully - INFO -   dataset        : kaggle
2026-03-25 14:05:48,320 - cyberbully - INFO -   preprocess     : True
2026-03-25 14:05:48,320 - cyberbully - INFO -   augment        : False
2026-03-25 14:05:48,320 - cyberbully - INFO -   compute_attribution: False
2026-03-25 14:05:48,320 - cyberbully - INFO -   seed           : 67351593
2026-03-25 14:05:48,320 - cyberbully - INFO -   epochs         : 10
2026-03-25 14:05:48,320 - cyberbully - INFO -   batch_size     : 32
2026-03-25 14:05:48,320 - cyberbully - INFO -   lr             : 5e-05
2026-03-25 14:05:48,320 - cyberbully - INFO -   max_length     : 128
2026-03-25 14:05:48,320 - cyberbully - INFO -   output_dir     : grid-search
2026-03-25 14:05:48,320 - cyberbully - INFO -   data_dir       : dataset
2026-03-25 14:05:48,320 - cyberbully - INFO -   sbert          : True
2026-03-25 14:05:48,320 - cyberbully - INFO -   supcon         : False
2026-03-25 14:05:48,320 - cyberbully - INFO -   supcon_weight  : 0.1
2026-03-25 14:05:48,320 - cyberbully - INFO -   proj_dim       : 128
2026-03-25 14:05:48,320 - cyberbully - INFO -   grad_accum_steps: 1
2026-03-25 14:05:48,320 - cyberbully - INFO -   overwrite      : False
2026-03-25 14:05:48,320 - cyberbully - INFO -   device         : cuda
2026-03-25 14:05:48,320 - cyberbully - INFO -   output_dir     : experiments/grid-search/all-MiniLM-L12-v2/kaggle/prep1_aug0/seed_67351593
2026-03-25 14:05:48,320 - cyberbully - INFO - ============================================================
2026-03-25 14:05:48,320 - cyberbully - INFO - Step 1: Preparing data...
2026-03-25 14:05:48,370 - cyberbully - INFO - Loaded pre-split data from dataset/kaggle — train: 25604, val: 6401, test: 8002
2026-03-25 14:05:48,370 - cyberbully - INFO - Label mapping: {'age': 0, 'ethnicity': 1, 'gender': 2, 'other_cyberbullying': 3, 'religion': 4}
2026-03-25 14:05:48,370 - cyberbully - INFO - Applying text preprocessing per split...
2026-03-25 14:06:31,286 - cyberbully - INFO - After preprocessing — train: 23576, val: 5977, test: 7415
2026-03-25 14:06:31,297 - cyberbully - INFO - Number of classes: 5
2026-03-25 14:06:31,298 - cyberbully - INFO - Step 2: Loading model and tokenizer...
2026-03-25 14:06:31,298 - cyberbully - INFO - Loading model 'all-MiniLM-L12-v2' with 5 labels (sbert=True, supcon=False)
2026-03-25 14:06:33,942 - cyberbully - INFO - SBERTClassifier: embedding_dim=384, hidden=256, proj_dim=None, num_labels=5
2026-03-25 14:06:34,250 - cyberbully - INFO - Step 3: Creating datasets...
2026-03-25 14:06:34,827 - cyberbully - INFO - Dataset sizes — train: 23576, val: 5977, test: 7415
2026-03-25 14:06:34,827 - cyberbully - INFO - Step 4: Training...
2026-03-25 14:06:34,873 - cyberbully - INFO - Starting training...
2026-03-25 14:11:53,607 - cyberbully - INFO - Training complete.
2026-03-25 14:11:53,628 - cyberbully - INFO - Removed checkpoint: experiments/grid-search/all-MiniLM-L12-v2/kaggle/prep1_aug0/seed_67351593/checkpoint-1474
2026-03-25 14:11:53,648 - cyberbully - INFO - Removed checkpoint: experiments/grid-search/all-MiniLM-L12-v2/kaggle/prep1_aug0/seed_67351593/checkpoint-2211
2026-03-25 14:11:54,289 - cyberbully - INFO - Removed checkpoint: experiments/grid-search/all-MiniLM-L12-v2/kaggle/prep1_aug0/seed_67351593/checkpoint-6633
2026-03-25 14:11:54,322 - cyberbully - INFO - Removed checkpoint: experiments/grid-search/all-MiniLM-L12-v2/kaggle/prep1_aug0/seed_67351593/checkpoint-4422
2026-03-25 14:11:54,342 - cyberbully - INFO - Removed checkpoint: experiments/grid-search/all-MiniLM-L12-v2/kaggle/prep1_aug0/seed_67351593/checkpoint-5896
2026-03-25 14:11:54,366 - cyberbully - INFO - Removed checkpoint: experiments/grid-search/all-MiniLM-L12-v2/kaggle/prep1_aug0/seed_67351593/checkpoint-7370
2026-03-25 14:11:54,386 - cyberbully - INFO - Removed checkpoint: experiments/grid-search/all-MiniLM-L12-v2/kaggle/prep1_aug0/seed_67351593/checkpoint-2948
2026-03-25 14:11:54,407 - cyberbully - INFO - Removed checkpoint: experiments/grid-search/all-MiniLM-L12-v2/kaggle/prep1_aug0/seed_67351593/checkpoint-5159
2026-03-25 14:11:54,429 - cyberbully - INFO - Removed checkpoint: experiments/grid-search/all-MiniLM-L12-v2/kaggle/prep1_aug0/seed_67351593/checkpoint-737
2026-03-25 14:11:54,451 - cyberbully - INFO - Removed checkpoint: experiments/grid-search/all-MiniLM-L12-v2/kaggle/prep1_aug0/seed_67351593/checkpoint-3685
2026-03-25 14:11:54,451 - cyberbully - INFO - Step 5: Evaluating on test set...
2026-03-25 14:12:01,321 - cyberbully - INFO - Metrics saved to experiments/grid-search/all-MiniLM-L12-v2/kaggle/prep1_aug0/seed_67351593/metrics.json
2026-03-25 14:12:01,321 - cyberbully - INFO - Confusion matrix saved to experiments/grid-search/all-MiniLM-L12-v2/kaggle/prep1_aug0/seed_67351593/confusion_matrix.json
2026-03-25 14:12:01,391 - cyberbully - INFO - Per-sample predictions saved to experiments/grid-search/all-MiniLM-L12-v2/kaggle/prep1_aug0/seed_67351593/predictions.json
2026-03-25 14:12:01,492 - cyberbully - INFO - Confusion matrix figure saved to experiments/grid-search/all-MiniLM-L12-v2/kaggle/prep1_aug0/seed_67351593/confusion_matrix.pdf
2026-03-25 14:12:01,492 - cyberbully - INFO - Accuracy: 0.9554
2026-03-25 14:12:01,492 - cyberbully - INFO - Weighted F1: 0.9554
2026-03-25 14:12:01,492 - cyberbully - INFO - Micro F1: 0.9554
2026-03-25 14:12:01,492 - cyberbully - INFO - Inference time: 2.55 seconds
2026-03-25 14:12:01,492 - cyberbully - INFO - Energy consumption: 0.000175 kWh
2026-03-25 14:12:01,494 - cyberbully - INFO - ============================================================
2026-03-25 14:12:01,494 - cyberbully - INFO - Pipeline complete. Results saved to: experiments/grid-search/all-MiniLM-L12-v2/kaggle/prep1_aug0/seed_67351593
2026-03-25 14:12:01,494 - cyberbully - INFO - ============================================================
