2026-02-17 21:19:35,547 - cyberbully - INFO - ============================================================
2026-02-17 21:19:35,547 - cyberbully - INFO - Cyberbullying Detection Pipeline
2026-02-17 21:19:35,547 - cyberbully - INFO - ============================================================
2026-02-17 21:19:35,547 - cyberbully - INFO - Configuration:
2026-02-17 21:19:35,547 - cyberbully - INFO -   model          : bert-base-uncased
2026-02-17 21:19:35,547 - cyberbully - INFO -   dataset        : kaggle
2026-02-17 21:19:35,547 - cyberbully - INFO -   preprocess     : True
2026-02-17 21:19:35,547 - cyberbully - INFO -   augment        : True
2026-02-17 21:19:35,547 - cyberbully - INFO -   compute_attribution: False
2026-02-17 21:19:35,547 - cyberbully - INFO -   seed           : 67351593
2026-02-17 21:19:35,547 - cyberbully - INFO -   epochs         : 5
2026-02-17 21:19:35,547 - cyberbully - INFO -   batch_size     : 16
2026-02-17 21:19:35,547 - cyberbully - INFO -   lr             : 2e-05
2026-02-17 21:19:35,547 - cyberbully - INFO -   max_length     : 128
2026-02-17 21:19:35,547 - cyberbully - INFO -   output_dir     : grid-search
2026-02-17 21:19:35,547 - cyberbully - INFO -   data_dir       : dataset
2026-02-17 21:19:35,547 - cyberbully - INFO -   sbert          : False
2026-02-17 21:19:35,547 - cyberbully - INFO -   overwrite      : False
2026-02-17 21:19:35,547 - cyberbully - INFO -   device         : cuda
2026-02-17 21:19:35,547 - cyberbully - INFO -   output_dir     : experiments/grid-search/bert-base-uncased/kaggle/prep1_aug1/seed_67351593
2026-02-17 21:19:35,547 - cyberbully - INFO - ============================================================
2026-02-17 21:19:35,547 - cyberbully - INFO - Step 1: Preparing data...
2026-02-17 21:19:35,547 - cyberbully - INFO - Loading dataset 'kaggle' from dataset/Kaggle.csv
2026-02-17 21:19:35,607 - cyberbully - INFO - Loaded 47656 samples with 6 classes: ['age', 'ethnicity', 'gender', 'not_cyberbullying', 'other_cyberbullying', 'religion']
2026-02-17 21:19:35,607 - cyberbully - INFO - Applying text preprocessing...
2026-02-17 21:20:30,608 - cyberbully - INFO - After preprocessing: 41407 samples remain
2026-02-17 21:20:30,610 - cyberbully - INFO - Label mapping: {'age': 0, 'ethnicity': 1, 'gender': 2, 'not_cyberbullying': 3, 'other_cyberbullying': 4, 'religion': 5}
2026-02-17 21:20:30,622 - cyberbully - INFO - Split sizes — train: 26500, val: 6625, test: 8282
2026-02-17 21:20:30,622 - cyberbully - INFO - Applying training data augmentation (oversampling)...
2026-02-17 21:20:30,628 - cyberbully - INFO - After oversampling — class distribution: {0: 5065, 1: 5065, 2: 5065, 3: 5065, 4: 5065, 5: 5065}
2026-02-17 21:20:30,628 - cyberbully - INFO - Number of classes: 6
2026-02-17 21:20:30,629 - cyberbully - INFO - Step 2: Loading model and tokenizer...
2026-02-17 21:20:30,629 - cyberbully - INFO - Loading model 'bert-base-uncased' with 6 labels (sbert=False)
2026-02-17 21:20:31,507 - cyberbully - INFO - Step 3: Creating datasets...
2026-02-17 21:20:32,243 - cyberbully - INFO - Dataset sizes — train: 30390, val: 6625, test: 8282
2026-02-17 21:20:32,243 - cyberbully - INFO - Step 4: Training...
2026-02-17 21:20:32,365 - cyberbully - INFO - Starting training...
2026-02-17 21:27:33,398 - cyberbully - INFO - Training complete.
2026-02-17 21:27:33,398 - cyberbully - INFO - Step 5: Evaluating on test set...
2026-02-17 21:27:41,816 - cyberbully - INFO - Metrics saved to experiments/grid-search/bert-base-uncased/kaggle/prep1_aug1/seed_67351593/metrics.json
2026-02-17 21:27:41,816 - cyberbully - INFO - Confusion matrix saved to experiments/grid-search/bert-base-uncased/kaggle/prep1_aug1/seed_67351593/confusion_matrix.json
2026-02-17 21:27:41,932 - cyberbully - INFO - Confusion matrix figure saved to experiments/grid-search/bert-base-uncased/kaggle/prep1_aug1/seed_67351593/confusion_matrix.pdf
2026-02-17 21:27:41,932 - cyberbully - INFO - Accuracy: 0.8770
2026-02-17 21:27:41,933 - cyberbully - INFO - Weighted F1: 0.8762
2026-02-17 21:27:41,933 - cyberbully - INFO - Micro F1: 0.8770
2026-02-17 21:27:41,933 - cyberbully - INFO - Inference time: 3.46 seconds
2026-02-17 21:27:41,933 - cyberbully - INFO - Energy consumption: 0.000196 kWh
2026-02-17 21:27:41,933 - cyberbully - INFO - ============================================================
2026-02-17 21:27:41,933 - cyberbully - INFO - Pipeline complete. Results saved to: experiments/grid-search/bert-base-uncased/kaggle/prep1_aug1/seed_67351593
2026-02-17 21:27:41,933 - cyberbully - INFO - ============================================================
