2026-04-10 14:11:48,504 - cyberbully - INFO - ============================================================
2026-04-10 14:11:48,504 - cyberbully - INFO - Cyberbullying Detection Pipeline
2026-04-10 14:11:48,504 - cyberbully - INFO - ============================================================
2026-04-10 14:11:48,504 - cyberbully - INFO - Configuration:
2026-04-10 14:11:48,504 - cyberbully - INFO -   model          : chandar-lab/NeoBERT
2026-04-10 14:11:48,504 - cyberbully - INFO -   dataset        : tweeteval
2026-04-10 14:11:48,504 - cyberbully - INFO -   preprocess     : True
2026-04-10 14:11:48,504 - cyberbully - INFO -   augment        : True
2026-04-10 14:11:48,504 - cyberbully - INFO -   compute_attribution: False
2026-04-10 14:11:48,504 - cyberbully - INFO -   seed           : 37622020
2026-04-10 14:11:48,504 - cyberbully - INFO -   epochs         : 10
2026-04-10 14:11:48,504 - cyberbully - INFO -   batch_size     : 32
2026-04-10 14:11:48,504 - cyberbully - INFO -   lr             : 5e-05
2026-04-10 14:11:48,504 - cyberbully - INFO -   max_length     : 128
2026-04-10 14:11:48,504 - cyberbully - INFO -   output_dir     : grid-search
2026-04-10 14:11:48,504 - cyberbully - INFO -   data_dir       : dataset
2026-04-10 14:11:48,504 - cyberbully - INFO -   sbert          : False
2026-04-10 14:11:48,504 - cyberbully - INFO -   supcon         : False
2026-04-10 14:11:48,504 - cyberbully - INFO -   supcon_weight  : 0.1
2026-04-10 14:11:48,504 - cyberbully - INFO -   proj_dim       : 128
2026-04-10 14:11:48,504 - cyberbully - INFO -   grad_accum_steps: 1
2026-04-10 14:11:48,504 - cyberbully - INFO -   overwrite      : False
2026-04-10 14:11:48,504 - cyberbully - INFO -   device         : cuda
2026-04-10 14:11:48,504 - cyberbully - INFO -   output_dir     : experiments/grid-search/chandar-lab_NeoBERT/tweeteval/prep1_aug1/seed_37622020
2026-04-10 14:11:48,504 - cyberbully - INFO - ============================================================
2026-04-10 14:11:48,504 - cyberbully - INFO - Step 1: Preparing data...
2026-04-10 14:11:48,551 - cyberbully - INFO - Loaded pre-split data from dataset/tweeteval — train: 32485, val: 8122, test: 10152
2026-04-10 14:11:48,551 - cyberbully - INFO - Label mapping: {'emotion': 0, 'hate': 1, 'offensive': 2, 'religion': 3, 'spiritual': 4}
2026-04-10 14:11:48,551 - cyberbully - INFO - Applying text preprocessing per split...
2026-04-10 14:12:48,291 - cyberbully - INFO - After preprocessing — train: 30366, val: 7617, test: 9463
2026-04-10 14:12:48,293 - cyberbully - INFO - Applying training data augmentation (oversampling)...
2026-04-10 14:12:48,299 - cyberbully - INFO - After oversampling — class distribution: {0: 7764, 1: 7764, 2: 7764, 3: 7764, 4: 7764}
2026-04-10 14:12:48,307 - cyberbully - INFO - Number of classes: 5
2026-04-10 14:12:48,308 - cyberbully - INFO - Step 2: Loading model and tokenizer...
2026-04-10 14:12:48,308 - cyberbully - INFO - Loading model 'chandar-lab/NeoBERT' with 5 labels (sbert=False, supcon=False)
2026-04-10 14:12:50,100 - cyberbully - INFO - Step 3: Creating datasets...
2026-04-10 14:12:51,235 - cyberbully - INFO - Dataset sizes — train: 38820, val: 7617, test: 9463
2026-04-10 14:12:51,235 - cyberbully - INFO - Step 4: Training...
2026-04-10 14:12:51,499 - cyberbully - INFO - Starting training...
2026-04-10 14:52:58,049 - cyberbully - INFO - Training complete.
2026-04-10 14:52:58,175 - cyberbully - INFO - Removed checkpoint: experiments/grid-search/chandar-lab_NeoBERT/tweeteval/prep1_aug1/seed_37622020/checkpoint-2428
2026-04-10 14:52:58,300 - cyberbully - INFO - Removed checkpoint: experiments/grid-search/chandar-lab_NeoBERT/tweeteval/prep1_aug1/seed_37622020/checkpoint-6070
2026-04-10 14:52:58,422 - cyberbully - INFO - Removed checkpoint: experiments/grid-search/chandar-lab_NeoBERT/tweeteval/prep1_aug1/seed_37622020/checkpoint-7284
2026-04-10 14:52:58,545 - cyberbully - INFO - Removed checkpoint: experiments/grid-search/chandar-lab_NeoBERT/tweeteval/prep1_aug1/seed_37622020/checkpoint-9712
2026-04-10 14:52:58,676 - cyberbully - INFO - Removed checkpoint: experiments/grid-search/chandar-lab_NeoBERT/tweeteval/prep1_aug1/seed_37622020/checkpoint-1214
2026-04-10 14:52:58,800 - cyberbully - INFO - Removed checkpoint: experiments/grid-search/chandar-lab_NeoBERT/tweeteval/prep1_aug1/seed_37622020/checkpoint-4856
2026-04-10 14:52:58,925 - cyberbully - INFO - Removed checkpoint: experiments/grid-search/chandar-lab_NeoBERT/tweeteval/prep1_aug1/seed_37622020/checkpoint-3642
2026-04-10 14:52:59,047 - cyberbully - INFO - Removed checkpoint: experiments/grid-search/chandar-lab_NeoBERT/tweeteval/prep1_aug1/seed_37622020/checkpoint-10926
2026-04-10 14:52:59,169 - cyberbully - INFO - Removed checkpoint: experiments/grid-search/chandar-lab_NeoBERT/tweeteval/prep1_aug1/seed_37622020/checkpoint-8498
2026-04-10 14:52:59,315 - cyberbully - INFO - Removed checkpoint: experiments/grid-search/chandar-lab_NeoBERT/tweeteval/prep1_aug1/seed_37622020/checkpoint-12140
2026-04-10 14:52:59,315 - cyberbully - INFO - Step 5: Evaluating on test set...
2026-04-10 14:53:19,747 - cyberbully - INFO - Metrics saved to experiments/grid-search/chandar-lab_NeoBERT/tweeteval/prep1_aug1/seed_37622020/metrics.json
2026-04-10 14:53:19,747 - cyberbully - INFO - Confusion matrix saved to experiments/grid-search/chandar-lab_NeoBERT/tweeteval/prep1_aug1/seed_37622020/confusion_matrix.json
2026-04-10 14:53:19,843 - cyberbully - INFO - Per-sample predictions saved to experiments/grid-search/chandar-lab_NeoBERT/tweeteval/prep1_aug1/seed_37622020/predictions.json
2026-04-10 14:53:19,948 - cyberbully - INFO - Confusion matrix figure saved to experiments/grid-search/chandar-lab_NeoBERT/tweeteval/prep1_aug1/seed_37622020/confusion_matrix.pdf
2026-04-10 14:53:19,948 - cyberbully - INFO - Accuracy: 0.9427
2026-04-10 14:53:19,948 - cyberbully - INFO - Weighted F1: 0.9428
2026-04-10 14:53:19,948 - cyberbully - INFO - Micro F1: 0.9427
2026-04-10 14:53:19,948 - cyberbully - INFO - Inference time: 15.74 seconds
2026-04-10 14:53:19,948 - cyberbully - INFO - Energy consumption: 0.000986 kWh
2026-04-10 14:53:19,950 - cyberbully - INFO - ============================================================
2026-04-10 14:53:19,950 - cyberbully - INFO - Pipeline complete. Results saved to: experiments/grid-search/chandar-lab_NeoBERT/tweeteval/prep1_aug1/seed_37622020
2026-04-10 14:53:19,950 - cyberbully - INFO - ============================================================
