2026-03-20 20:42:50,404 - cyberbully - INFO - ============================================================
2026-03-20 20:42:50,404 - cyberbully - INFO - Cyberbullying Detection Pipeline
2026-03-20 20:42:50,404 - cyberbully - INFO - ============================================================
2026-03-20 20:42:50,404 - cyberbully - INFO - Configuration:
2026-03-20 20:42:50,404 - cyberbully - INFO -   model          : bert-base-cased
2026-03-20 20:42:50,404 - cyberbully - INFO -   dataset        : kaggle
2026-03-20 20:42:50,404 - cyberbully - INFO -   preprocess     : False
2026-03-20 20:42:50,404 - cyberbully - INFO -   augment        : True
2026-03-20 20:42:50,404 - cyberbully - INFO -   compute_attribution: False
2026-03-20 20:42:50,404 - cyberbully - INFO -   seed           : 87212562
2026-03-20 20:42:50,404 - cyberbully - INFO -   epochs         : 10
2026-03-20 20:42:50,404 - cyberbully - INFO -   batch_size     : 32
2026-03-20 20:42:50,404 - cyberbully - INFO -   lr             : 5e-05
2026-03-20 20:42:50,404 - cyberbully - INFO -   max_length     : 128
2026-03-20 20:42:50,404 - cyberbully - INFO -   output_dir     : grid-search
2026-03-20 20:42:50,404 - cyberbully - INFO -   data_dir       : dataset
2026-03-20 20:42:50,404 - cyberbully - INFO -   sbert          : False
2026-03-20 20:42:50,404 - cyberbully - INFO -   supcon         : False
2026-03-20 20:42:50,404 - cyberbully - INFO -   supcon_weight  : 0.1
2026-03-20 20:42:50,404 - cyberbully - INFO -   proj_dim       : 128
2026-03-20 20:42:50,404 - cyberbully - INFO -   grad_accum_steps: 1
2026-03-20 20:42:50,404 - cyberbully - INFO -   overwrite      : False
2026-03-20 20:42:50,404 - cyberbully - INFO -   device         : cuda
2026-03-20 20:42:50,404 - cyberbully - INFO -   output_dir     : experiments/grid-search/bert-base-cased/kaggle/prep0_aug1/seed_87212562
2026-03-20 20:42:50,404 - cyberbully - INFO - ============================================================
2026-03-20 20:42:50,404 - cyberbully - INFO - Step 1: Preparing data...
2026-03-20 20:42:50,456 - cyberbully - INFO - Loaded pre-split data from dataset/kaggle — train: 30499, val: 7625, test: 9532
2026-03-20 20:42:50,456 - cyberbully - INFO - Label mapping: {'age': 0, 'ethnicity': 1, 'gender': 2, 'not_cyberbullying': 3, 'other_cyberbullying': 4, 'religion': 5}
2026-03-20 20:42:50,458 - cyberbully - INFO - Applying training data augmentation (oversampling)...
2026-03-20 20:42:50,463 - cyberbully - INFO - After oversampling — class distribution: {0: 5118, 1: 5118, 2: 5118, 3: 5118, 4: 5118, 5: 5118}
2026-03-20 20:42:50,473 - cyberbully - INFO - Number of classes: 6
2026-03-20 20:42:50,475 - cyberbully - INFO - Step 2: Loading model and tokenizer...
2026-03-20 20:42:50,475 - cyberbully - INFO - Loading model 'bert-base-cased' with 6 labels (sbert=False, supcon=False)
2026-03-20 20:42:51,166 - cyberbully - INFO - Step 3: Creating datasets...
2026-03-20 20:42:52,096 - cyberbully - INFO - Dataset sizes — train: 30708, val: 7625, test: 9532
2026-03-20 20:42:52,096 - cyberbully - INFO - Step 4: Training...
2026-03-20 20:42:52,314 - cyberbully - INFO - Starting training...
2026-03-20 20:58:04,427 - cyberbully - INFO - Training complete.
2026-03-20 20:58:04,489 - cyberbully - INFO - Removed checkpoint: experiments/grid-search/bert-base-cased/kaggle/prep0_aug1/seed_87212562/checkpoint-1920
2026-03-20 20:58:04,562 - cyberbully - INFO - Removed checkpoint: experiments/grid-search/bert-base-cased/kaggle/prep0_aug1/seed_87212562/checkpoint-9600
2026-03-20 20:58:04,624 - cyberbully - INFO - Removed checkpoint: experiments/grid-search/bert-base-cased/kaggle/prep0_aug1/seed_87212562/checkpoint-4800
2026-03-20 20:58:04,686 - cyberbully - INFO - Removed checkpoint: experiments/grid-search/bert-base-cased/kaggle/prep0_aug1/seed_87212562/checkpoint-6720
2026-03-20 20:58:04,747 - cyberbully - INFO - Removed checkpoint: experiments/grid-search/bert-base-cased/kaggle/prep0_aug1/seed_87212562/checkpoint-5760
2026-03-20 20:58:04,810 - cyberbully - INFO - Removed checkpoint: experiments/grid-search/bert-base-cased/kaggle/prep0_aug1/seed_87212562/checkpoint-2880
2026-03-20 20:58:04,872 - cyberbully - INFO - Removed checkpoint: experiments/grid-search/bert-base-cased/kaggle/prep0_aug1/seed_87212562/checkpoint-7680
2026-03-20 20:58:04,934 - cyberbully - INFO - Removed checkpoint: experiments/grid-search/bert-base-cased/kaggle/prep0_aug1/seed_87212562/checkpoint-3840
2026-03-20 20:58:04,995 - cyberbully - INFO - Removed checkpoint: experiments/grid-search/bert-base-cased/kaggle/prep0_aug1/seed_87212562/checkpoint-8640
2026-03-20 20:58:05,058 - cyberbully - INFO - Removed checkpoint: experiments/grid-search/bert-base-cased/kaggle/prep0_aug1/seed_87212562/checkpoint-960
2026-03-20 20:58:05,058 - cyberbully - INFO - Step 5: Evaluating on test set...
2026-03-20 20:58:16,671 - cyberbully - INFO - Metrics saved to experiments/grid-search/bert-base-cased/kaggle/prep0_aug1/seed_87212562/metrics.json
2026-03-20 20:58:16,671 - cyberbully - INFO - Confusion matrix saved to experiments/grid-search/bert-base-cased/kaggle/prep0_aug1/seed_87212562/confusion_matrix.json
2026-03-20 20:58:16,772 - cyberbully - INFO - Per-sample predictions saved to experiments/grid-search/bert-base-cased/kaggle/prep0_aug1/seed_87212562/predictions.json
2026-03-20 20:58:16,884 - cyberbully - INFO - Confusion matrix figure saved to experiments/grid-search/bert-base-cased/kaggle/prep0_aug1/seed_87212562/confusion_matrix.pdf
2026-03-20 20:58:16,884 - cyberbully - INFO - Accuracy: 0.8678
2026-03-20 20:58:16,884 - cyberbully - INFO - Weighted F1: 0.8672
2026-03-20 20:58:16,884 - cyberbully - INFO - Micro F1: 0.8678
2026-03-20 20:58:16,884 - cyberbully - INFO - Inference time: 7.26 seconds
2026-03-20 20:58:16,884 - cyberbully - INFO - Energy consumption: 0.000450 kWh
2026-03-20 20:58:16,886 - cyberbully - INFO - ============================================================
2026-03-20 20:58:16,886 - cyberbully - INFO - Pipeline complete. Results saved to: experiments/grid-search/bert-base-cased/kaggle/prep0_aug1/seed_87212562
2026-03-20 20:58:16,886 - cyberbully - INFO - ============================================================
