2026-02-25 19:48:18,997 - cyberbully - INFO - Model 'all-MiniLM-L6-v2' detected as SBERT-based. Using SBERTClassifier pipeline.
2026-02-25 19:48:18,997 - cyberbully - INFO - ============================================================
2026-02-25 19:48:18,997 - cyberbully - INFO - Cyberbullying Detection Pipeline
2026-02-25 19:48:18,997 - cyberbully - INFO - ============================================================
2026-02-25 19:48:18,997 - cyberbully - INFO - Configuration:
2026-02-25 19:48:18,997 - cyberbully - INFO -   model          : all-MiniLM-L6-v2
2026-02-25 19:48:18,997 - cyberbully - INFO -   dataset        : kaggle
2026-02-25 19:48:18,997 - cyberbully - INFO -   preprocess     : False
2026-02-25 19:48:18,997 - cyberbully - INFO -   augment        : False
2026-02-25 19:48:18,997 - cyberbully - INFO -   compute_attribution: False
2026-02-25 19:48:18,997 - cyberbully - INFO -   seed           : 52680723
2026-02-25 19:48:18,997 - cyberbully - INFO -   epochs         : 10
2026-02-25 19:48:18,997 - cyberbully - INFO -   batch_size     : 32
2026-02-25 19:48:18,997 - cyberbully - INFO -   lr             : 5e-05
2026-02-25 19:48:18,997 - cyberbully - INFO -   max_length     : 128
2026-02-25 19:48:18,997 - cyberbully - INFO -   output_dir     : grid-search
2026-02-25 19:48:18,997 - cyberbully - INFO -   data_dir       : dataset
2026-02-25 19:48:18,997 - cyberbully - INFO -   sbert          : True
2026-02-25 19:48:18,997 - cyberbully - INFO -   overwrite      : False
2026-02-25 19:48:18,997 - cyberbully - INFO -   device         : cuda
2026-02-25 19:48:18,997 - cyberbully - INFO -   output_dir     : experiments/grid-search/all-MiniLM-L6-v2/kaggle/prep0_aug0/seed_52680723
2026-02-25 19:48:18,997 - cyberbully - INFO - ============================================================
2026-02-25 19:48:18,997 - cyberbully - INFO - Step 1: Preparing data...
2026-02-25 19:48:18,997 - cyberbully - INFO - Loading dataset 'kaggle' from dataset/Kaggle.csv
2026-02-25 19:48:19,056 - cyberbully - INFO - Loaded 47656 samples with 6 classes: ['age', 'ethnicity', 'gender', 'not_cyberbullying', 'other_cyberbullying', 'religion']
2026-02-25 19:48:19,059 - cyberbully - INFO - Label mapping: {'age': 0, 'ethnicity': 1, 'gender': 2, 'not_cyberbullying': 3, 'other_cyberbullying': 4, 'religion': 5}
2026-02-25 19:48:19,071 - cyberbully - INFO - Split sizes — train: 30499, val: 7625, test: 9532
2026-02-25 19:48:19,072 - cyberbully - INFO - Number of classes: 6
2026-02-25 19:48:19,073 - cyberbully - INFO - Step 2: Loading model and tokenizer...
2026-02-25 19:48:19,073 - cyberbully - INFO - Loading model 'all-MiniLM-L6-v2' with 6 labels (sbert=True)
2026-02-25 19:48:21,749 - cyberbully - INFO - SBERTClassifier: embedding_dim=384, hidden=256, num_labels=6
2026-02-25 19:48:22,055 - cyberbully - INFO - Step 3: Creating datasets...
2026-02-25 19:48:23,032 - cyberbully - INFO - Dataset sizes — train: 30499, val: 7625, test: 9532
2026-02-25 19:48:23,032 - cyberbully - INFO - Step 4: Training...
2026-02-25 19:48:23,076 - cyberbully - INFO - Starting training...
2026-02-25 19:52:16,117 - cyberbully - INFO - Training complete.
2026-02-25 19:52:16,137 - cyberbully - INFO - Removed checkpoint: experiments/grid-search/all-MiniLM-L6-v2/kaggle/prep0_aug0/seed_52680723/checkpoint-954
2026-02-25 19:52:16,158 - cyberbully - INFO - Removed checkpoint: experiments/grid-search/all-MiniLM-L6-v2/kaggle/prep0_aug0/seed_52680723/checkpoint-1908
2026-02-25 19:52:16,178 - cyberbully - INFO - Removed checkpoint: experiments/grid-search/all-MiniLM-L6-v2/kaggle/prep0_aug0/seed_52680723/checkpoint-2862
2026-02-25 19:52:16,192 - cyberbully - INFO - Removed checkpoint: experiments/grid-search/all-MiniLM-L6-v2/kaggle/prep0_aug0/seed_52680723/checkpoint-7632
2026-02-25 19:52:16,208 - cyberbully - INFO - Removed checkpoint: experiments/grid-search/all-MiniLM-L6-v2/kaggle/prep0_aug0/seed_52680723/checkpoint-5724
2026-02-25 19:52:16,223 - cyberbully - INFO - Removed checkpoint: experiments/grid-search/all-MiniLM-L6-v2/kaggle/prep0_aug0/seed_52680723/checkpoint-4770
2026-02-25 19:52:16,240 - cyberbully - INFO - Removed checkpoint: experiments/grid-search/all-MiniLM-L6-v2/kaggle/prep0_aug0/seed_52680723/checkpoint-9540
2026-02-25 19:52:16,255 - cyberbully - INFO - Removed checkpoint: experiments/grid-search/all-MiniLM-L6-v2/kaggle/prep0_aug0/seed_52680723/checkpoint-6678
2026-02-25 19:52:16,271 - cyberbully - INFO - Removed checkpoint: experiments/grid-search/all-MiniLM-L6-v2/kaggle/prep0_aug0/seed_52680723/checkpoint-8586
2026-02-25 19:52:16,287 - cyberbully - INFO - Removed checkpoint: experiments/grid-search/all-MiniLM-L6-v2/kaggle/prep0_aug0/seed_52680723/checkpoint-3816
2026-02-25 19:52:16,287 - cyberbully - INFO - Step 5: Evaluating on test set...
2026-02-25 19:52:22,834 - cyberbully - INFO - Metrics saved to experiments/grid-search/all-MiniLM-L6-v2/kaggle/prep0_aug0/seed_52680723/metrics.json
2026-02-25 19:52:22,834 - cyberbully - INFO - Confusion matrix saved to experiments/grid-search/all-MiniLM-L6-v2/kaggle/prep0_aug0/seed_52680723/confusion_matrix.json
2026-02-25 19:52:22,948 - cyberbully - INFO - Confusion matrix figure saved to experiments/grid-search/all-MiniLM-L6-v2/kaggle/prep0_aug0/seed_52680723/confusion_matrix.pdf
2026-02-25 19:52:22,948 - cyberbully - INFO - Accuracy: 0.8616
2026-02-25 19:52:22,948 - cyberbully - INFO - Weighted F1: 0.8612
2026-02-25 19:52:22,948 - cyberbully - INFO - Micro F1: 0.8616
2026-02-25 19:52:22,949 - cyberbully - INFO - Inference time: 1.85 seconds
2026-02-25 19:52:22,949 - cyberbully - INFO - Energy consumption: 0.000108 kWh
2026-02-25 19:52:22,949 - cyberbully - INFO - ============================================================
2026-02-25 19:52:22,949 - cyberbully - INFO - Pipeline complete. Results saved to: experiments/grid-search/all-MiniLM-L6-v2/kaggle/prep0_aug0/seed_52680723
2026-02-25 19:52:22,949 - cyberbully - INFO - ============================================================
