2026-03-20 17:42:31,875 - cyberbully - INFO - ============================================================
2026-03-20 17:42:31,875 - cyberbully - INFO - Cyberbullying Detection Pipeline
2026-03-20 17:42:31,875 - cyberbully - INFO - ============================================================
2026-03-20 17:42:31,875 - cyberbully - INFO - Configuration:
2026-03-20 17:42:31,875 - cyberbully - INFO -   model          : GroNLP/hateBERT
2026-03-20 17:42:31,875 - cyberbully - INFO -   dataset        : ieee
2026-03-20 17:42:31,875 - cyberbully - INFO -   preprocess     : True
2026-03-20 17:42:31,875 - cyberbully - INFO -   augment        : True
2026-03-20 17:42:31,875 - cyberbully - INFO -   compute_attribution: False
2026-03-20 17:42:31,875 - cyberbully - INFO -   seed           : 99511865
2026-03-20 17:42:31,875 - cyberbully - INFO -   epochs         : 10
2026-03-20 17:42:31,875 - cyberbully - INFO -   batch_size     : 32
2026-03-20 17:42:31,875 - cyberbully - INFO -   lr             : 5e-05
2026-03-20 17:42:31,875 - cyberbully - INFO -   max_length     : 128
2026-03-20 17:42:31,875 - cyberbully - INFO -   output_dir     : grid-search
2026-03-20 17:42:31,875 - cyberbully - INFO -   data_dir       : dataset
2026-03-20 17:42:31,875 - cyberbully - INFO -   sbert          : False
2026-03-20 17:42:31,876 - cyberbully - INFO -   supcon         : False
2026-03-20 17:42:31,876 - cyberbully - INFO -   supcon_weight  : 0.1
2026-03-20 17:42:31,876 - cyberbully - INFO -   proj_dim       : 128
2026-03-20 17:42:31,876 - cyberbully - INFO -   grad_accum_steps: 1
2026-03-20 17:42:31,876 - cyberbully - INFO -   overwrite      : False
2026-03-20 17:42:31,876 - cyberbully - INFO -   device         : cuda
2026-03-20 17:42:31,876 - cyberbully - INFO -   output_dir     : experiments/grid-search/GroNLP_hateBERT/ieee/prep1_aug1/seed_99511865
2026-03-20 17:42:31,876 - cyberbully - INFO - ============================================================
2026-03-20 17:42:31,876 - cyberbully - INFO - Step 1: Preparing data...
2026-03-20 17:42:31,879 - cyberbully - INFO - Loaded pre-split data from dataset/ieee — train: 1348, val: 338, test: 422
2026-03-20 17:42:31,879 - cyberbully - INFO - Label mapping: {'Cyberstalking': 0, 'Doxing': 1, 'Revenge Porn': 2, 'Sexual Harassment': 3, 'Slut Shaming': 4}
2026-03-20 17:42:31,879 - cyberbully - INFO - Applying text preprocessing per split...
2026-03-20 17:42:35,080 - cyberbully - INFO - After preprocessing — train: 1178, val: 305, test: 378
2026-03-20 17:42:35,081 - cyberbully - INFO - Applying training data augmentation (oversampling)...
2026-03-20 17:42:35,083 - cyberbully - INFO - After oversampling — class distribution: {0: 289, 1: 289, 2: 289, 3: 289, 4: 289}
2026-03-20 17:42:35,084 - cyberbully - INFO - Number of classes: 5
2026-03-20 17:42:35,085 - cyberbully - INFO - Step 2: Loading model and tokenizer...
2026-03-20 17:42:35,085 - cyberbully - INFO - Loading model 'GroNLP/hateBERT' with 5 labels (sbert=False, supcon=False)
2026-03-20 17:42:35,890 - cyberbully - INFO - Step 3: Creating datasets...
2026-03-20 17:42:35,911 - cyberbully - INFO - Dataset sizes — train: 1445, val: 305, test: 378
2026-03-20 17:42:35,911 - cyberbully - INFO - Step 4: Training...
2026-03-20 17:42:36,030 - cyberbully - INFO - Starting training...
2026-03-20 17:44:52,928 - cyberbully - INFO - Training complete.
2026-03-20 17:44:53,227 - cyberbully - INFO - Removed checkpoint: experiments/grid-search/GroNLP_hateBERT/ieee/prep1_aug1/seed_99511865/checkpoint-368
2026-03-20 17:44:53,309 - cyberbully - INFO - Removed checkpoint: experiments/grid-search/GroNLP_hateBERT/ieee/prep1_aug1/seed_99511865/checkpoint-92
2026-03-20 17:44:53,388 - cyberbully - INFO - Removed checkpoint: experiments/grid-search/GroNLP_hateBERT/ieee/prep1_aug1/seed_99511865/checkpoint-276
2026-03-20 17:44:53,466 - cyberbully - INFO - Removed checkpoint: experiments/grid-search/GroNLP_hateBERT/ieee/prep1_aug1/seed_99511865/checkpoint-460
2026-03-20 17:44:53,553 - cyberbully - INFO - Removed checkpoint: experiments/grid-search/GroNLP_hateBERT/ieee/prep1_aug1/seed_99511865/checkpoint-46
2026-03-20 17:44:53,630 - cyberbully - INFO - Removed checkpoint: experiments/grid-search/GroNLP_hateBERT/ieee/prep1_aug1/seed_99511865/checkpoint-230
2026-03-20 17:44:53,710 - cyberbully - INFO - Removed checkpoint: experiments/grid-search/GroNLP_hateBERT/ieee/prep1_aug1/seed_99511865/checkpoint-184
2026-03-20 17:44:53,790 - cyberbully - INFO - Removed checkpoint: experiments/grid-search/GroNLP_hateBERT/ieee/prep1_aug1/seed_99511865/checkpoint-138
2026-03-20 17:44:54,199 - cyberbully - INFO - Removed checkpoint: experiments/grid-search/GroNLP_hateBERT/ieee/prep1_aug1/seed_99511865/checkpoint-414
2026-03-20 17:44:54,867 - cyberbully - INFO - Removed checkpoint: experiments/grid-search/GroNLP_hateBERT/ieee/prep1_aug1/seed_99511865/checkpoint-322
2026-03-20 17:44:54,867 - cyberbully - INFO - Step 5: Evaluating on test set...
2026-03-20 17:45:00,220 - cyberbully - INFO - Metrics saved to experiments/grid-search/GroNLP_hateBERT/ieee/prep1_aug1/seed_99511865/metrics.json
2026-03-20 17:45:00,220 - cyberbully - INFO - Confusion matrix saved to experiments/grid-search/GroNLP_hateBERT/ieee/prep1_aug1/seed_99511865/confusion_matrix.json
2026-03-20 17:45:00,224 - cyberbully - INFO - Per-sample predictions saved to experiments/grid-search/GroNLP_hateBERT/ieee/prep1_aug1/seed_99511865/predictions.json
2026-03-20 17:45:00,332 - cyberbully - INFO - Confusion matrix figure saved to experiments/grid-search/GroNLP_hateBERT/ieee/prep1_aug1/seed_99511865/confusion_matrix.pdf
2026-03-20 17:45:00,332 - cyberbully - INFO - Accuracy: 0.8333
2026-03-20 17:45:00,332 - cyberbully - INFO - Weighted F1: 0.8316
2026-03-20 17:45:00,332 - cyberbully - INFO - Micro F1: 0.8333
2026-03-20 17:45:00,332 - cyberbully - INFO - Inference time: 0.17 seconds
2026-03-20 17:45:00,332 - cyberbully - INFO - Energy consumption: 0.000016 kWh
2026-03-20 17:45:00,332 - cyberbully - INFO - ============================================================
2026-03-20 17:45:00,332 - cyberbully - INFO - Pipeline complete. Results saved to: experiments/grid-search/GroNLP_hateBERT/ieee/prep1_aug1/seed_99511865
2026-03-20 17:45:00,333 - cyberbully - INFO - ============================================================
