2026-06-14 18:28:15,879 - cyberbully - INFO - ============================================================
2026-06-14 18:28:15,879 - cyberbully - INFO - Cyberbullying Detection Pipeline
2026-06-14 18:28:15,879 - cyberbully - INFO - ============================================================
2026-06-14 18:28:15,879 - cyberbully - INFO - Configuration:
2026-06-14 18:28:15,879 - cyberbully - INFO -   model          : answerdotai/ModernBERT-base
2026-06-14 18:28:15,879 - cyberbully - INFO -   dataset        : ieee
2026-06-14 18:28:15,879 - cyberbully - INFO -   preprocess     : False
2026-06-14 18:28:15,879 - cyberbully - INFO -   prep_mode      : 2
2026-06-14 18:28:15,879 - cyberbully - INFO -   augment        : False
2026-06-14 18:28:15,879 - cyberbully - INFO -   compute_attribution: False
2026-06-14 18:28:15,879 - cyberbully - INFO -   seed           : 70681460
2026-06-14 18:28:15,879 - cyberbully - INFO -   epochs         : 10
2026-06-14 18:28:15,879 - cyberbully - INFO -   batch_size     : 32
2026-06-14 18:28:15,879 - cyberbully - INFO -   lr             : 5e-05
2026-06-14 18:28:15,879 - cyberbully - INFO -   max_length     : 128
2026-06-14 18:28:15,879 - cyberbully - INFO -   output_dir     : grid-search
2026-06-14 18:28:15,879 - cyberbully - INFO -   data_dir       : dataset
2026-06-14 18:28:15,879 - cyberbully - INFO -   sbert          : False
2026-06-14 18:28:15,879 - cyberbully - INFO -   supcon         : False
2026-06-14 18:28:15,879 - cyberbully - INFO -   supcon_weight  : 0.1
2026-06-14 18:28:15,879 - cyberbully - INFO -   proj_dim       : 128
2026-06-14 18:28:15,879 - cyberbully - INFO -   grad_accum_steps: 1
2026-06-14 18:28:15,879 - cyberbully - INFO -   overwrite      : False
2026-06-14 18:28:15,879 - cyberbully - INFO -   device         : cuda
2026-06-14 18:28:15,879 - cyberbully - INFO -   output_dir     : experiments/grid-search/answerdotai_ModernBERT-base/ieee/prep2_aug0/seed_70681460
2026-06-14 18:28:15,879 - cyberbully - INFO - ============================================================
2026-06-14 18:28:15,879 - cyberbully - INFO - Step 1: Preparing data...
2026-06-14 18:28:15,883 - cyberbully - INFO - Loaded pre-split data from dataset/ieee — train: 1348, val: 338, test: 422
2026-06-14 18:28:15,883 - cyberbully - INFO - Label mapping: {'Cyberstalking': 0, 'Doxing': 1, 'Revenge Porn': 2, 'Sexual Harassment': 3, 'Slut Shaming': 4}
2026-06-14 18:28:15,884 - cyberbully - INFO - Applying partial text preprocessing per split...
2026-06-14 18:28:15,935 - cyberbully - INFO - After preprocessing -- train: 1348, val: 338, test: 422
2026-06-14 18:28:15,937 - cyberbully - INFO - Number of classes: 5
2026-06-14 18:28:15,938 - cyberbully - INFO - Step 2: Loading model and tokenizer...
2026-06-14 18:28:15,938 - cyberbully - INFO - Loading model 'answerdotai/ModernBERT-base' with 5 labels (sbert=False, supcon=False)
2026-06-14 18:28:17,649 - cyberbully - INFO - Step 3: Creating datasets...
2026-06-14 18:28:17,700 - cyberbully - INFO - Dataset sizes — train: 1348, val: 338, test: 422
2026-06-14 18:28:17,700 - cyberbully - INFO - Step 4: Training...
2026-06-14 18:28:17,940 - cyberbully - INFO - Starting training...
2026-06-14 18:29:51,055 - cyberbully - INFO - Training complete.
2026-06-14 18:29:51,153 - cyberbully - INFO - Removed checkpoint: experiments/grid-search/answerdotai_ModernBERT-base/ieee/prep2_aug0/seed_70681460/checkpoint-172
2026-06-14 18:29:51,251 - cyberbully - INFO - Removed checkpoint: experiments/grid-search/answerdotai_ModernBERT-base/ieee/prep2_aug0/seed_70681460/checkpoint-258
2026-06-14 18:29:51,353 - cyberbully - INFO - Removed checkpoint: experiments/grid-search/answerdotai_ModernBERT-base/ieee/prep2_aug0/seed_70681460/checkpoint-387
2026-06-14 18:29:51,441 - cyberbully - INFO - Removed checkpoint: experiments/grid-search/answerdotai_ModernBERT-base/ieee/prep2_aug0/seed_70681460/checkpoint-43
2026-06-14 18:29:51,544 - cyberbully - INFO - Removed checkpoint: experiments/grid-search/answerdotai_ModernBERT-base/ieee/prep2_aug0/seed_70681460/checkpoint-430
2026-06-14 18:29:51,642 - cyberbully - INFO - Removed checkpoint: experiments/grid-search/answerdotai_ModernBERT-base/ieee/prep2_aug0/seed_70681460/checkpoint-301
2026-06-14 18:29:52,094 - cyberbully - INFO - Removed checkpoint: experiments/grid-search/answerdotai_ModernBERT-base/ieee/prep2_aug0/seed_70681460/checkpoint-344
2026-06-14 18:29:52,190 - cyberbully - INFO - Removed checkpoint: experiments/grid-search/answerdotai_ModernBERT-base/ieee/prep2_aug0/seed_70681460/checkpoint-129
2026-06-14 18:29:52,288 - cyberbully - INFO - Removed checkpoint: experiments/grid-search/answerdotai_ModernBERT-base/ieee/prep2_aug0/seed_70681460/checkpoint-215
2026-06-14 18:29:52,375 - cyberbully - INFO - Removed checkpoint: experiments/grid-search/answerdotai_ModernBERT-base/ieee/prep2_aug0/seed_70681460/checkpoint-86
2026-06-14 18:29:52,375 - cyberbully - INFO - Step 5: Evaluating on test set...
2026-06-14 18:29:58,985 - cyberbully - INFO - Metrics saved to experiments/grid-search/answerdotai_ModernBERT-base/ieee/prep2_aug0/seed_70681460/metrics.json
2026-06-14 18:29:58,985 - cyberbully - INFO - Confusion matrix saved to experiments/grid-search/answerdotai_ModernBERT-base/ieee/prep2_aug0/seed_70681460/confusion_matrix.json
2026-06-14 18:29:58,990 - cyberbully - INFO - Per-sample predictions saved to experiments/grid-search/answerdotai_ModernBERT-base/ieee/prep2_aug0/seed_70681460/predictions.json
2026-06-14 18:29:59,096 - cyberbully - INFO - Confusion matrix figure saved to experiments/grid-search/answerdotai_ModernBERT-base/ieee/prep2_aug0/seed_70681460/confusion_matrix.pdf
2026-06-14 18:29:59,096 - cyberbully - INFO - Accuracy: 0.8246
2026-06-14 18:29:59,096 - cyberbully - INFO - Weighted F1: 0.8243
2026-06-14 18:29:59,096 - cyberbully - INFO - Micro F1: 0.8246
2026-06-14 18:29:59,096 - cyberbully - INFO - Inference time: 0.50 seconds
2026-06-14 18:29:59,096 - cyberbully - INFO - Energy consumption: 0.000056 kWh
2026-06-14 18:29:59,096 - cyberbully - INFO - ============================================================
2026-06-14 18:29:59,096 - cyberbully - INFO - Pipeline complete. Results saved to: experiments/grid-search/answerdotai_ModernBERT-base/ieee/prep2_aug0/seed_70681460
2026-06-14 18:29:59,096 - cyberbully - INFO - ============================================================
