2026-03-21 15:10:20,525 - cyberbully - INFO - ============================================================
2026-03-21 15:10:20,525 - cyberbully - INFO - Cyberbullying Detection Pipeline
2026-03-21 15:10:20,525 - cyberbully - INFO - ============================================================
2026-03-21 15:10:20,525 - cyberbully - INFO - Configuration:
2026-03-21 15:10:20,525 - cyberbully - INFO -   model          : distilbert-base-cased
2026-03-21 15:10:20,525 - cyberbully - INFO -   dataset        : ieee
2026-03-21 15:10:20,525 - cyberbully - INFO -   preprocess     : False
2026-03-21 15:10:20,525 - cyberbully - INFO -   augment        : True
2026-03-21 15:10:20,525 - cyberbully - INFO -   compute_attribution: False
2026-03-21 15:10:20,525 - cyberbully - INFO -   seed           : 87212562
2026-03-21 15:10:20,525 - cyberbully - INFO -   epochs         : 10
2026-03-21 15:10:20,525 - cyberbully - INFO -   batch_size     : 32
2026-03-21 15:10:20,525 - cyberbully - INFO -   lr             : 5e-05
2026-03-21 15:10:20,525 - cyberbully - INFO -   max_length     : 128
2026-03-21 15:10:20,525 - cyberbully - INFO -   output_dir     : grid-search
2026-03-21 15:10:20,525 - cyberbully - INFO -   data_dir       : dataset
2026-03-21 15:10:20,525 - cyberbully - INFO -   sbert          : False
2026-03-21 15:10:20,525 - cyberbully - INFO -   supcon         : False
2026-03-21 15:10:20,525 - cyberbully - INFO -   supcon_weight  : 0.1
2026-03-21 15:10:20,525 - cyberbully - INFO -   proj_dim       : 128
2026-03-21 15:10:20,525 - cyberbully - INFO -   grad_accum_steps: 1
2026-03-21 15:10:20,525 - cyberbully - INFO -   overwrite      : False
2026-03-21 15:10:20,525 - cyberbully - INFO -   device         : cuda
2026-03-21 15:10:20,525 - cyberbully - INFO -   output_dir     : experiments/grid-search/distilbert-base-cased/ieee/prep0_aug1/seed_87212562
2026-03-21 15:10:20,525 - cyberbully - INFO - ============================================================
2026-03-21 15:10:20,525 - cyberbully - INFO - Step 1: Preparing data...
2026-03-21 15:10:20,529 - cyberbully - INFO - Loaded pre-split data from dataset/ieee — train: 1348, val: 338, test: 422
2026-03-21 15:10:20,529 - cyberbully - INFO - Label mapping: {'Cyberstalking': 0, 'Doxing': 1, 'Revenge Porn': 2, 'Sexual Harassment': 3, 'Slut Shaming': 4}
2026-03-21 15:10:20,530 - cyberbully - INFO - Applying training data augmentation (oversampling)...
2026-03-21 15:10:20,531 - cyberbully - INFO - After oversampling — class distribution: {0: 316, 1: 316, 2: 316, 3: 316, 4: 316}
2026-03-21 15:10:20,532 - cyberbully - INFO - Number of classes: 5
2026-03-21 15:10:20,533 - cyberbully - INFO - Step 2: Loading model and tokenizer...
2026-03-21 15:10:20,533 - cyberbully - INFO - Loading model 'distilbert-base-cased' with 5 labels (sbert=False, supcon=False)
2026-03-21 15:10:21,195 - cyberbully - INFO - Step 3: Creating datasets...
2026-03-21 15:10:21,224 - cyberbully - INFO - Dataset sizes — train: 1580, val: 338, test: 422
2026-03-21 15:10:21,224 - cyberbully - INFO - Step 4: Training...
2026-03-21 15:10:21,458 - cyberbully - INFO - Starting training...
2026-03-21 15:10:51,689 - cyberbully - INFO - Training complete.
2026-03-21 15:10:51,734 - cyberbully - INFO - Removed checkpoint: experiments/grid-search/distilbert-base-cased/ieee/prep0_aug1/seed_87212562/checkpoint-400
2026-03-21 15:10:51,778 - cyberbully - INFO - Removed checkpoint: experiments/grid-search/distilbert-base-cased/ieee/prep0_aug1/seed_87212562/checkpoint-200
2026-03-21 15:10:51,823 - cyberbully - INFO - Removed checkpoint: experiments/grid-search/distilbert-base-cased/ieee/prep0_aug1/seed_87212562/checkpoint-450
2026-03-21 15:10:51,869 - cyberbully - INFO - Removed checkpoint: experiments/grid-search/distilbert-base-cased/ieee/prep0_aug1/seed_87212562/checkpoint-300
2026-03-21 15:10:51,914 - cyberbully - INFO - Removed checkpoint: experiments/grid-search/distilbert-base-cased/ieee/prep0_aug1/seed_87212562/checkpoint-350
2026-03-21 15:10:51,960 - cyberbully - INFO - Removed checkpoint: experiments/grid-search/distilbert-base-cased/ieee/prep0_aug1/seed_87212562/checkpoint-150
2026-03-21 15:10:52,008 - cyberbully - INFO - Removed checkpoint: experiments/grid-search/distilbert-base-cased/ieee/prep0_aug1/seed_87212562/checkpoint-50
2026-03-21 15:10:52,052 - cyberbully - INFO - Removed checkpoint: experiments/grid-search/distilbert-base-cased/ieee/prep0_aug1/seed_87212562/checkpoint-500
2026-03-21 15:10:52,098 - cyberbully - INFO - Removed checkpoint: experiments/grid-search/distilbert-base-cased/ieee/prep0_aug1/seed_87212562/checkpoint-100
2026-03-21 15:10:52,143 - cyberbully - INFO - Removed checkpoint: experiments/grid-search/distilbert-base-cased/ieee/prep0_aug1/seed_87212562/checkpoint-250
2026-03-21 15:10:52,143 - cyberbully - INFO - Step 5: Evaluating on test set...
2026-03-21 15:10:56,561 - cyberbully - INFO - Metrics saved to experiments/grid-search/distilbert-base-cased/ieee/prep0_aug1/seed_87212562/metrics.json
2026-03-21 15:10:56,561 - cyberbully - INFO - Confusion matrix saved to experiments/grid-search/distilbert-base-cased/ieee/prep0_aug1/seed_87212562/confusion_matrix.json
2026-03-21 15:10:56,565 - cyberbully - INFO - Per-sample predictions saved to experiments/grid-search/distilbert-base-cased/ieee/prep0_aug1/seed_87212562/predictions.json
2026-03-21 15:10:56,664 - cyberbully - INFO - Confusion matrix figure saved to experiments/grid-search/distilbert-base-cased/ieee/prep0_aug1/seed_87212562/confusion_matrix.pdf
2026-03-21 15:10:56,664 - cyberbully - INFO - Accuracy: 0.8104
2026-03-21 15:10:56,665 - cyberbully - INFO - Weighted F1: 0.8109
2026-03-21 15:10:56,665 - cyberbully - INFO - Micro F1: 0.8104
2026-03-21 15:10:56,665 - cyberbully - INFO - Inference time: 0.17 seconds
2026-03-21 15:10:56,665 - cyberbully - INFO - Energy consumption: 0.000009 kWh
2026-03-21 15:10:56,665 - cyberbully - INFO - ============================================================
2026-03-21 15:10:56,665 - cyberbully - INFO - Pipeline complete. Results saved to: experiments/grid-search/distilbert-base-cased/ieee/prep0_aug1/seed_87212562
2026-03-21 15:10:56,665 - cyberbully - INFO - ============================================================
