2026-03-27 11:53:35,337 - cyberbully - INFO - ============================================================
2026-03-27 11:53:35,337 - cyberbully - INFO - Cyberbullying Detection Pipeline
2026-03-27 11:53:35,337 - cyberbully - INFO - ============================================================
2026-03-27 11:53:35,337 - cyberbully - INFO - Configuration:
2026-03-27 11:53:35,337 - cyberbully - INFO -   model          : albert/albert-base-v2
2026-03-27 11:53:35,337 - cyberbully - INFO -   dataset        : tweeteval
2026-03-27 11:53:35,337 - cyberbully - INFO -   preprocess     : False
2026-03-27 11:53:35,337 - cyberbully - INFO -   augment        : False
2026-03-27 11:53:35,337 - cyberbully - INFO -   compute_attribution: False
2026-03-27 11:53:35,338 - cyberbully - INFO -   seed           : 43782163
2026-03-27 11:53:35,338 - cyberbully - INFO -   epochs         : 10
2026-03-27 11:53:35,338 - cyberbully - INFO -   batch_size     : 64
2026-03-27 11:53:35,338 - cyberbully - INFO -   lr             : 5e-05
2026-03-27 11:53:35,338 - cyberbully - INFO -   max_length     : 128
2026-03-27 11:53:35,338 - cyberbully - INFO -   output_dir     : supcon-grid
2026-03-27 11:53:35,338 - cyberbully - INFO -   data_dir       : dataset
2026-03-27 11:53:35,338 - cyberbully - INFO -   sbert          : False
2026-03-27 11:53:35,338 - cyberbully - INFO -   supcon         : False
2026-03-27 11:53:35,338 - cyberbully - INFO -   supcon_weight  : 0.1
2026-03-27 11:53:35,338 - cyberbully - INFO -   proj_dim       : 128
2026-03-27 11:53:35,338 - cyberbully - INFO -   grad_accum_steps: 1
2026-03-27 11:53:35,338 - cyberbully - INFO -   overwrite      : False
2026-03-27 11:53:35,338 - cyberbully - INFO -   device         : cuda
2026-03-27 11:53:35,338 - cyberbully - INFO -   output_dir     : experiments/supcon-grid/albert_albert-base-v2/tweeteval/prep0_aug0/seed_43782163
2026-03-27 11:53:35,338 - cyberbully - INFO - ============================================================
2026-03-27 11:53:35,338 - cyberbully - INFO - Step 1: Preparing data...
2026-03-27 11:53:35,387 - cyberbully - INFO - Loaded pre-split data from dataset/tweeteval — train: 32485, val: 8122, test: 10152
2026-03-27 11:53:35,387 - cyberbully - INFO - Label mapping: {'emotion': 0, 'hate': 1, 'offensive': 2, 'religion': 3, 'spiritual': 4}
2026-03-27 11:53:35,399 - cyberbully - INFO - Number of classes: 5
2026-03-27 11:53:35,400 - cyberbully - INFO - Step 2: Loading model and tokenizer...
2026-03-27 11:53:35,400 - cyberbully - INFO - Loading model 'albert/albert-base-v2' with 5 labels (sbert=False, supcon=False)
2026-03-27 11:53:36,105 - cyberbully - INFO - Step 3: Creating datasets...
2026-03-27 11:53:37,112 - cyberbully - INFO - Dataset sizes — train: 32485, val: 8122, test: 10152
2026-03-27 11:53:37,112 - cyberbully - INFO - Step 4: Training...
2026-03-27 11:53:37,175 - cyberbully - INFO - Starting training...
2026-03-27 12:09:15,683 - cyberbully - INFO - Training complete.
2026-03-27 12:09:15,692 - cyberbully - INFO - Removed checkpoint: experiments/supcon-grid/albert_albert-base-v2/tweeteval/prep0_aug0/seed_43782163/checkpoint-2032
2026-03-27 12:09:15,702 - cyberbully - INFO - Removed checkpoint: experiments/supcon-grid/albert_albert-base-v2/tweeteval/prep0_aug0/seed_43782163/checkpoint-3048
2026-03-27 12:09:15,751 - cyberbully - INFO - Removed checkpoint: experiments/supcon-grid/albert_albert-base-v2/tweeteval/prep0_aug0/seed_43782163/checkpoint-5080
2026-03-27 12:09:15,761 - cyberbully - INFO - Removed checkpoint: experiments/supcon-grid/albert_albert-base-v2/tweeteval/prep0_aug0/seed_43782163/checkpoint-2540
2026-03-27 12:09:15,770 - cyberbully - INFO - Removed checkpoint: experiments/supcon-grid/albert_albert-base-v2/tweeteval/prep0_aug0/seed_43782163/checkpoint-3556
2026-03-27 12:09:15,780 - cyberbully - INFO - Removed checkpoint: experiments/supcon-grid/albert_albert-base-v2/tweeteval/prep0_aug0/seed_43782163/checkpoint-4064
2026-03-27 12:09:15,790 - cyberbully - INFO - Removed checkpoint: experiments/supcon-grid/albert_albert-base-v2/tweeteval/prep0_aug0/seed_43782163/checkpoint-1524
2026-03-27 12:09:15,799 - cyberbully - INFO - Removed checkpoint: experiments/supcon-grid/albert_albert-base-v2/tweeteval/prep0_aug0/seed_43782163/checkpoint-4572
2026-03-27 12:09:15,809 - cyberbully - INFO - Removed checkpoint: experiments/supcon-grid/albert_albert-base-v2/tweeteval/prep0_aug0/seed_43782163/checkpoint-1016
2026-03-27 12:09:15,819 - cyberbully - INFO - Removed checkpoint: experiments/supcon-grid/albert_albert-base-v2/tweeteval/prep0_aug0/seed_43782163/checkpoint-508
2026-03-27 12:09:15,819 - cyberbully - INFO - Step 5: Evaluating on test set...
2026-03-27 12:09:29,019 - cyberbully - INFO - Metrics saved to experiments/supcon-grid/albert_albert-base-v2/tweeteval/prep0_aug0/seed_43782163/metrics.json
2026-03-27 12:09:29,019 - cyberbully - INFO - Confusion matrix saved to experiments/supcon-grid/albert_albert-base-v2/tweeteval/prep0_aug0/seed_43782163/confusion_matrix.json
2026-03-27 12:09:29,127 - cyberbully - INFO - Per-sample predictions saved to experiments/supcon-grid/albert_albert-base-v2/tweeteval/prep0_aug0/seed_43782163/predictions.json
2026-03-27 12:09:29,234 - cyberbully - INFO - Confusion matrix figure saved to experiments/supcon-grid/albert_albert-base-v2/tweeteval/prep0_aug0/seed_43782163/confusion_matrix.pdf
2026-03-27 12:09:29,234 - cyberbully - INFO - Accuracy: 0.9687
2026-03-27 12:09:29,234 - cyberbully - INFO - Weighted F1: 0.9686
2026-03-27 12:09:29,234 - cyberbully - INFO - Micro F1: 0.9687
2026-03-27 12:09:29,234 - cyberbully - INFO - Inference time: 8.96 seconds
2026-03-27 12:09:29,234 - cyberbully - INFO - Energy consumption: 0.000469 kWh
2026-03-27 12:09:29,236 - cyberbully - INFO - ============================================================
2026-03-27 12:09:29,236 - cyberbully - INFO - Pipeline complete. Results saved to: experiments/supcon-grid/albert_albert-base-v2/tweeteval/prep0_aug0/seed_43782163
2026-03-27 12:09:29,236 - cyberbully - INFO - ============================================================
