2026-02-12 18:40:08,700 - cyberbully - INFO - ============================================================
2026-02-12 18:40:08,700 - cyberbully - INFO - Cyberbullying Detection Pipeline
2026-02-12 18:40:08,700 - cyberbully - INFO - ============================================================
2026-02-12 18:40:08,700 - cyberbully - INFO - Configuration:
2026-02-12 18:40:08,700 - cyberbully - INFO -   model          : xlnet-base-cased
2026-02-12 18:40:08,700 - cyberbully - INFO -   dataset        : kaggle
2026-02-12 18:40:08,700 - cyberbully - INFO -   preprocess     : True
2026-02-12 18:40:08,700 - cyberbully - INFO -   augment        : False
2026-02-12 18:40:08,700 - cyberbully - INFO -   compute_attribution: False
2026-02-12 18:40:08,700 - cyberbully - INFO -   seed           : 87212562
2026-02-12 18:40:08,700 - cyberbully - INFO -   epochs         : 5
2026-02-12 18:40:08,700 - cyberbully - INFO -   batch_size     : 16
2026-02-12 18:40:08,700 - cyberbully - INFO -   lr             : 2e-05
2026-02-12 18:40:08,700 - cyberbully - INFO -   max_length     : 128
2026-02-12 18:40:08,700 - cyberbully - INFO -   output_dir     : experiments
2026-02-12 18:40:08,700 - cyberbully - INFO -   data_dir       : dataset
2026-02-12 18:40:08,700 - cyberbully - INFO -   overwrite      : False
2026-02-12 18:40:08,700 - cyberbully - INFO -   device         : cuda
2026-02-12 18:40:08,700 - cyberbully - INFO -   output_dir     : experiments/xlnet-base-cased/kaggle/prep1_aug0/seed_87212562
2026-02-12 18:40:08,700 - cyberbully - INFO - ============================================================
2026-02-12 18:40:08,701 - cyberbully - INFO - Step 1: Preparing data...
2026-02-12 18:40:08,701 - cyberbully - INFO - Loading dataset 'kaggle' from dataset/Kaggle.csv
2026-02-12 18:40:08,760 - cyberbully - INFO - Loaded 47656 samples with 6 classes: ['age', 'ethnicity', 'gender', 'not_cyberbullying', 'other_cyberbullying', 'religion']
2026-02-12 18:40:08,760 - cyberbully - INFO - Applying text preprocessing...
2026-02-12 18:41:02,319 - cyberbully - INFO - After preprocessing: 41411 samples remain
2026-02-12 18:41:02,321 - cyberbully - INFO - Label mapping: {'age': 0, 'ethnicity': 1, 'gender': 2, 'not_cyberbullying': 3, 'other_cyberbullying': 4, 'religion': 5}
2026-02-12 18:41:02,333 - cyberbully - INFO - Split sizes — train: 26502, val: 6626, test: 8283
2026-02-12 18:41:02,333 - cyberbully - INFO - Number of classes: 6
2026-02-12 18:41:02,333 - cyberbully - INFO - Step 2: Loading model and tokenizer...
2026-02-12 18:41:02,333 - cyberbully - INFO - Loading model 'xlnet-base-cased' with 6 labels
2026-02-12 18:41:04,518 - cyberbully - INFO - Step 3: Tokenizing datasets...
2026-02-12 18:41:05,230 - cyberbully - INFO - Dataset sizes — train: 26502, val: 6626, test: 8283
2026-02-12 18:41:05,230 - cyberbully - INFO - Step 4: Training...
2026-02-12 18:41:05,483 - cyberbully - INFO - Starting training...
2026-02-12 18:52:06,314 - cyberbully - INFO - Training complete.
2026-02-12 18:52:06,314 - cyberbully - INFO - Step 5: Evaluating on test set...
2026-02-12 18:52:21,215 - cyberbully - INFO - Metrics saved to experiments/xlnet-base-cased/kaggle/prep1_aug0/seed_87212562/metrics.json
2026-02-12 18:52:21,215 - cyberbully - INFO - Confusion matrix saved to experiments/xlnet-base-cased/kaggle/prep1_aug0/seed_87212562/confusion_matrix.json
2026-02-12 18:52:21,327 - cyberbully - INFO - Confusion matrix figure saved to experiments/xlnet-base-cased/kaggle/prep1_aug0/seed_87212562/confusion_matrix.pdf
2026-02-12 18:52:21,328 - cyberbully - INFO - Accuracy: 0.8688
2026-02-12 18:52:21,328 - cyberbully - INFO - Weighted F1: 0.8676
2026-02-12 18:52:21,328 - cyberbully - INFO - Micro F1: 0.8688
2026-02-12 18:52:21,328 - cyberbully - INFO - Inference time: 10.57 seconds
2026-02-12 18:52:21,328 - cyberbully - INFO - Energy consumption: 0.000632 kWh
2026-02-12 18:52:21,328 - cyberbully - INFO - ============================================================
2026-02-12 18:52:21,328 - cyberbully - INFO - Pipeline complete. Results saved to: experiments/xlnet-base-cased/kaggle/prep1_aug0/seed_87212562
2026-02-12 18:52:21,328 - cyberbully - INFO - ============================================================
