2026-06-18 11:14:34,918 - cyberbully - INFO - ============================================================
2026-06-18 11:14:34,918 - cyberbully - INFO - Cyberbullying Detection Pipeline
2026-06-18 11:14:34,918 - cyberbully - INFO - ============================================================
2026-06-18 11:14:34,918 - cyberbully - INFO - Configuration:
2026-06-18 11:14:34,918 - cyberbully - INFO -   model          : sarkerlab/SocBERT-base
2026-06-18 11:14:34,918 - cyberbully - INFO -   dataset        : kaggle
2026-06-18 11:14:34,918 - cyberbully - INFO -   preprocess     : False
2026-06-18 11:14:34,918 - cyberbully - INFO -   prep_mode      : 2
2026-06-18 11:14:34,918 - cyberbully - INFO -   augment        : False
2026-06-18 11:14:34,918 - cyberbully - INFO -   compute_attribution: False
2026-06-18 11:14:34,918 - cyberbully - INFO -   seed           : 24677315
2026-06-18 11:14:34,918 - cyberbully - INFO -   epochs         : 10
2026-06-18 11:14:34,918 - cyberbully - INFO -   batch_size     : 32
2026-06-18 11:14:34,918 - cyberbully - INFO -   lr             : 5e-05
2026-06-18 11:14:34,918 - cyberbully - INFO -   max_length     : 128
2026-06-18 11:14:34,918 - cyberbully - INFO -   output_dir     : grid-search
2026-06-18 11:14:34,918 - cyberbully - INFO -   data_dir       : dataset
2026-06-18 11:14:34,918 - cyberbully - INFO -   sbert          : False
2026-06-18 11:14:34,918 - cyberbully - INFO -   supcon         : False
2026-06-18 11:14:34,918 - cyberbully - INFO -   supcon_weight  : 0.1
2026-06-18 11:14:34,918 - cyberbully - INFO -   proj_dim       : 128
2026-06-18 11:14:34,918 - cyberbully - INFO -   grad_accum_steps: 1
2026-06-18 11:14:34,918 - cyberbully - INFO -   overwrite      : False
2026-06-18 11:14:34,918 - cyberbully - INFO -   device         : cuda
2026-06-18 11:14:34,918 - cyberbully - INFO -   output_dir     : experiments/grid-search/sarkerlab_SocBERT-base/kaggle/prep2_aug0/seed_24677315
2026-06-18 11:14:34,918 - cyberbully - INFO - ============================================================
2026-06-18 11:14:34,918 - cyberbully - INFO - Step 1: Preparing data...
2026-06-18 11:14:34,963 - cyberbully - INFO - Loaded pre-split data from dataset/kaggle — train: 25604, val: 6401, test: 8002
2026-06-18 11:14:34,963 - cyberbully - INFO - Label mapping: {'age': 0, 'ethnicity': 1, 'gender': 2, 'other_cyberbullying': 3, 'religion': 4}
2026-06-18 11:14:34,964 - cyberbully - INFO - Applying partial text preprocessing per split...
2026-06-18 11:14:36,263 - cyberbully - INFO - After preprocessing -- train: 25604, val: 6401, test: 8002
2026-06-18 11:14:36,267 - cyberbully - INFO - Number of classes: 5
2026-06-18 11:14:36,268 - cyberbully - INFO - Step 2: Loading model and tokenizer...
2026-06-18 11:14:36,268 - cyberbully - INFO - Loading model 'sarkerlab/SocBERT-base' with 5 labels (sbert=False, supcon=False)
2026-06-18 11:14:37,832 - cyberbully - INFO - Step 3: Creating datasets...
2026-06-18 11:14:38,508 - cyberbully - INFO - Dataset sizes — train: 25604, val: 6401, test: 8002
2026-06-18 11:14:38,508 - cyberbully - INFO - Step 4: Training...
2026-06-18 11:14:38,772 - cyberbully - INFO - Starting training...
2026-06-18 11:28:48,787 - cyberbully - INFO - Training complete.
2026-06-18 11:28:48,869 - cyberbully - INFO - Removed checkpoint: experiments/grid-search/sarkerlab_SocBERT-base/kaggle/prep2_aug0/seed_24677315/checkpoint-5607
2026-06-18 11:28:48,967 - cyberbully - INFO - Removed checkpoint: experiments/grid-search/sarkerlab_SocBERT-base/kaggle/prep2_aug0/seed_24677315/checkpoint-8010
2026-06-18 11:28:49,051 - cyberbully - INFO - Removed checkpoint: experiments/grid-search/sarkerlab_SocBERT-base/kaggle/prep2_aug0/seed_24677315/checkpoint-6408
2026-06-18 11:28:49,136 - cyberbully - INFO - Removed checkpoint: experiments/grid-search/sarkerlab_SocBERT-base/kaggle/prep2_aug0/seed_24677315/checkpoint-1602
2026-06-18 11:28:49,219 - cyberbully - INFO - Removed checkpoint: experiments/grid-search/sarkerlab_SocBERT-base/kaggle/prep2_aug0/seed_24677315/checkpoint-3204
2026-06-18 11:28:49,303 - cyberbully - INFO - Removed checkpoint: experiments/grid-search/sarkerlab_SocBERT-base/kaggle/prep2_aug0/seed_24677315/checkpoint-7209
2026-06-18 11:28:49,386 - cyberbully - INFO - Removed checkpoint: experiments/grid-search/sarkerlab_SocBERT-base/kaggle/prep2_aug0/seed_24677315/checkpoint-4005
2026-06-18 11:28:49,470 - cyberbully - INFO - Removed checkpoint: experiments/grid-search/sarkerlab_SocBERT-base/kaggle/prep2_aug0/seed_24677315/checkpoint-4806
2026-06-18 11:28:49,556 - cyberbully - INFO - Removed checkpoint: experiments/grid-search/sarkerlab_SocBERT-base/kaggle/prep2_aug0/seed_24677315/checkpoint-801
2026-06-18 11:28:49,640 - cyberbully - INFO - Removed checkpoint: experiments/grid-search/sarkerlab_SocBERT-base/kaggle/prep2_aug0/seed_24677315/checkpoint-2403
2026-06-18 11:28:49,640 - cyberbully - INFO - Step 5: Evaluating on test set...
2026-06-18 11:29:01,644 - cyberbully - INFO - Metrics saved to experiments/grid-search/sarkerlab_SocBERT-base/kaggle/prep2_aug0/seed_24677315/metrics.json
2026-06-18 11:29:01,644 - cyberbully - INFO - Confusion matrix saved to experiments/grid-search/sarkerlab_SocBERT-base/kaggle/prep2_aug0/seed_24677315/confusion_matrix.json
2026-06-18 11:29:01,730 - cyberbully - INFO - Per-sample predictions saved to experiments/grid-search/sarkerlab_SocBERT-base/kaggle/prep2_aug0/seed_24677315/predictions.json
2026-06-18 11:29:01,838 - cyberbully - INFO - Confusion matrix figure saved to experiments/grid-search/sarkerlab_SocBERT-base/kaggle/prep2_aug0/seed_24677315/confusion_matrix.pdf
2026-06-18 11:29:01,839 - cyberbully - INFO - Accuracy: 0.9495
2026-06-18 11:29:01,839 - cyberbully - INFO - Weighted F1: 0.9496
2026-06-18 11:29:01,839 - cyberbully - INFO - Micro F1: 0.9495
2026-06-18 11:29:01,839 - cyberbully - INFO - Inference time: 5.89 seconds
2026-06-18 11:29:01,839 - cyberbully - INFO - Energy consumption: 0.000384 kWh
2026-06-18 11:29:01,841 - cyberbully - INFO - ============================================================
2026-06-18 11:29:01,841 - cyberbully - INFO - Pipeline complete. Results saved to: experiments/grid-search/sarkerlab_SocBERT-base/kaggle/prep2_aug0/seed_24677315
2026-06-18 11:29:01,841 - cyberbully - INFO - ============================================================
