2026-02-19 07:05:28,493 - cyberbully - INFO - ============================================================
2026-02-19 07:05:28,493 - cyberbully - INFO - Cyberbullying Detection Pipeline
2026-02-19 07:05:28,493 - cyberbully - INFO - ============================================================
2026-02-19 07:05:28,493 - cyberbully - INFO - Configuration:
2026-02-19 07:05:28,493 - cyberbully - INFO -   model          : sarkerlab/SocBERT-base
2026-02-19 07:05:28,493 - cyberbully - INFO -   dataset        : kaggle
2026-02-19 07:05:28,493 - cyberbully - INFO -   preprocess     : False
2026-02-19 07:05:28,493 - cyberbully - INFO -   augment        : False
2026-02-19 07:05:28,493 - cyberbully - INFO -   compute_attribution: False
2026-02-19 07:05:28,493 - cyberbully - INFO -   seed           : 43782163
2026-02-19 07:05:28,493 - cyberbully - INFO -   epochs         : 5
2026-02-19 07:05:28,493 - cyberbully - INFO -   batch_size     : 16
2026-02-19 07:05:28,493 - cyberbully - INFO -   lr             : 2e-05
2026-02-19 07:05:28,493 - cyberbully - INFO -   max_length     : 128
2026-02-19 07:05:28,493 - cyberbully - INFO -   output_dir     : domain-model
2026-02-19 07:05:28,493 - cyberbully - INFO -   data_dir       : dataset
2026-02-19 07:05:28,493 - cyberbully - INFO -   sbert          : False
2026-02-19 07:05:28,493 - cyberbully - INFO -   overwrite      : False
2026-02-19 07:05:28,493 - cyberbully - INFO -   device         : cuda
2026-02-19 07:05:28,493 - cyberbully - INFO -   output_dir     : experiments/domain-model/sarkerlab_SocBERT-base/kaggle/prep0_aug0/seed_43782163
2026-02-19 07:05:28,493 - cyberbully - INFO - ============================================================
2026-02-19 07:05:28,493 - cyberbully - INFO - Step 1: Preparing data...
2026-02-19 07:05:28,493 - cyberbully - INFO - Loading dataset 'kaggle' from dataset/Kaggle.csv
2026-02-19 07:05:28,553 - cyberbully - INFO - Loaded 47656 samples with 6 classes: ['age', 'ethnicity', 'gender', 'not_cyberbullying', 'other_cyberbullying', 'religion']
2026-02-19 07:05:28,555 - cyberbully - INFO - Label mapping: {'age': 0, 'ethnicity': 1, 'gender': 2, 'not_cyberbullying': 3, 'other_cyberbullying': 4, 'religion': 5}
2026-02-19 07:05:28,568 - cyberbully - INFO - Split sizes — train: 30499, val: 7625, test: 9532
2026-02-19 07:05:28,568 - cyberbully - INFO - Number of classes: 6
2026-02-19 07:05:28,569 - cyberbully - INFO - Step 2: Loading model and tokenizer...
2026-02-19 07:05:28,570 - cyberbully - INFO - Loading model 'sarkerlab/SocBERT-base' with 6 labels (sbert=False)
2026-02-19 07:05:29,736 - cyberbully - INFO - Step 3: Creating datasets...
2026-02-19 07:05:30,493 - cyberbully - INFO - Dataset sizes — train: 30499, val: 7625, test: 9532
2026-02-19 07:05:30,493 - cyberbully - INFO - Step 4: Training...
2026-02-19 07:05:30,734 - cyberbully - INFO - Starting training...
2026-02-19 07:15:53,806 - cyberbully - INFO - Training complete.
2026-02-19 07:15:53,806 - cyberbully - INFO - Step 5: Evaluating on test set...
2026-02-19 07:16:05,311 - cyberbully - INFO - Metrics saved to experiments/domain-model/sarkerlab_SocBERT-base/kaggle/prep0_aug0/seed_43782163/metrics.json
2026-02-19 07:16:05,312 - cyberbully - INFO - Confusion matrix saved to experiments/domain-model/sarkerlab_SocBERT-base/kaggle/prep0_aug0/seed_43782163/confusion_matrix.json
2026-02-19 07:16:05,423 - cyberbully - INFO - Confusion matrix figure saved to experiments/domain-model/sarkerlab_SocBERT-base/kaggle/prep0_aug0/seed_43782163/confusion_matrix.pdf
2026-02-19 07:16:05,423 - cyberbully - INFO - Accuracy: 0.8514
2026-02-19 07:16:05,423 - cyberbully - INFO - Weighted F1: 0.8501
2026-02-19 07:16:05,423 - cyberbully - INFO - Micro F1: 0.8514
2026-02-19 07:16:05,423 - cyberbully - INFO - Inference time: 7.17 seconds
2026-02-19 07:16:05,423 - cyberbully - INFO - Energy consumption: 0.000447 kWh
2026-02-19 07:16:05,424 - cyberbully - INFO - ============================================================
2026-02-19 07:16:05,424 - cyberbully - INFO - Pipeline complete. Results saved to: experiments/domain-model/sarkerlab_SocBERT-base/kaggle/prep0_aug0/seed_43782163
2026-02-19 07:16:05,424 - cyberbully - INFO - ============================================================
