2026-04-08 19:03:31,632 - cyberbully - INFO - ============================================================
2026-04-08 19:03:31,632 - cyberbully - INFO - Cyberbullying Detection Pipeline
2026-04-08 19:03:31,632 - cyberbully - INFO - ============================================================
2026-04-08 19:03:31,632 - cyberbully - INFO - Configuration:
2026-04-08 19:03:31,632 - cyberbully - INFO -   model          : google/mobilebert-uncased
2026-04-08 19:03:31,632 - cyberbully - INFO -   dataset        : ieee
2026-04-08 19:03:31,632 - cyberbully - INFO -   preprocess     : True
2026-04-08 19:03:31,632 - cyberbully - INFO -   augment        : False
2026-04-08 19:03:31,632 - cyberbully - INFO -   compute_attribution: False
2026-04-08 19:03:31,632 - cyberbully - INFO -   seed           : 37622020
2026-04-08 19:03:31,632 - cyberbully - INFO -   epochs         : 10
2026-04-08 19:03:31,632 - cyberbully - INFO -   batch_size     : 32
2026-04-08 19:03:31,632 - cyberbully - INFO -   lr             : 5e-05
2026-04-08 19:03:31,632 - cyberbully - INFO -   max_length     : 128
2026-04-08 19:03:31,632 - cyberbully - INFO -   output_dir     : grid-search
2026-04-08 19:03:31,632 - cyberbully - INFO -   data_dir       : dataset
2026-04-08 19:03:31,632 - cyberbully - INFO -   sbert          : False
2026-04-08 19:03:31,632 - cyberbully - INFO -   supcon         : False
2026-04-08 19:03:31,632 - cyberbully - INFO -   supcon_weight  : 0.1
2026-04-08 19:03:31,632 - cyberbully - INFO -   proj_dim       : 128
2026-04-08 19:03:31,632 - cyberbully - INFO -   grad_accum_steps: 1
2026-04-08 19:03:31,632 - cyberbully - INFO -   overwrite      : False
2026-04-08 19:03:31,632 - cyberbully - INFO -   device         : cuda
2026-04-08 19:03:31,632 - cyberbully - INFO -   output_dir     : experiments/grid-search/google_mobilebert-uncased/ieee/prep1_aug0/seed_37622020
2026-04-08 19:03:31,632 - cyberbully - INFO - ============================================================
2026-04-08 19:03:31,632 - cyberbully - INFO - Step 1: Preparing data...
2026-04-08 19:03:31,636 - cyberbully - INFO - Loaded pre-split data from dataset/ieee — train: 1348, val: 338, test: 422
2026-04-08 19:03:31,636 - cyberbully - INFO - Label mapping: {'Cyberstalking': 0, 'Doxing': 1, 'Revenge Porn': 2, 'Sexual Harassment': 3, 'Slut Shaming': 4}
2026-04-08 19:03:31,636 - cyberbully - INFO - Applying text preprocessing per split...
2026-04-08 19:03:34,657 - cyberbully - INFO - After preprocessing — train: 1175, val: 306, test: 379
2026-04-08 19:03:34,659 - cyberbully - INFO - Number of classes: 5
2026-04-08 19:03:34,660 - cyberbully - INFO - Step 2: Loading model and tokenizer...
2026-04-08 19:03:34,660 - cyberbully - INFO - Loading model 'google/mobilebert-uncased' with 5 labels (sbert=False, supcon=False)
2026-04-08 19:03:36,805 - cyberbully - WARNING - FP16 disabled for model_type='mobilebert' (known fp16 instability).
2026-04-08 19:03:36,805 - cyberbully - INFO - Step 3: Creating datasets...
2026-04-08 19:03:36,824 - cyberbully - INFO - Dataset sizes — train: 1175, val: 306, test: 379
2026-04-08 19:03:36,824 - cyberbully - INFO - Step 4: Training...
2026-04-08 19:03:36,900 - cyberbully - INFO - Starting training...
2026-04-08 19:04:14,802 - cyberbully - INFO - Training complete.
2026-04-08 19:04:14,821 - cyberbully - INFO - Removed checkpoint: experiments/grid-search/google_mobilebert-uncased/ieee/prep1_aug0/seed_37622020/checkpoint-74
2026-04-08 19:04:14,842 - cyberbully - INFO - Removed checkpoint: experiments/grid-search/google_mobilebert-uncased/ieee/prep1_aug0/seed_37622020/checkpoint-259
2026-04-08 19:04:14,861 - cyberbully - INFO - Removed checkpoint: experiments/grid-search/google_mobilebert-uncased/ieee/prep1_aug0/seed_37622020/checkpoint-185
2026-04-08 19:04:14,880 - cyberbully - INFO - Removed checkpoint: experiments/grid-search/google_mobilebert-uncased/ieee/prep1_aug0/seed_37622020/checkpoint-37
2026-04-08 19:04:14,897 - cyberbully - INFO - Removed checkpoint: experiments/grid-search/google_mobilebert-uncased/ieee/prep1_aug0/seed_37622020/checkpoint-370
2026-04-08 19:04:15,170 - cyberbully - INFO - Removed checkpoint: experiments/grid-search/google_mobilebert-uncased/ieee/prep1_aug0/seed_37622020/checkpoint-222
2026-04-08 19:04:15,191 - cyberbully - INFO - Removed checkpoint: experiments/grid-search/google_mobilebert-uncased/ieee/prep1_aug0/seed_37622020/checkpoint-296
2026-04-08 19:04:15,744 - cyberbully - INFO - Removed checkpoint: experiments/grid-search/google_mobilebert-uncased/ieee/prep1_aug0/seed_37622020/checkpoint-111
2026-04-08 19:04:16,300 - cyberbully - INFO - Removed checkpoint: experiments/grid-search/google_mobilebert-uncased/ieee/prep1_aug0/seed_37622020/checkpoint-148
2026-04-08 19:04:16,320 - cyberbully - INFO - Removed checkpoint: experiments/grid-search/google_mobilebert-uncased/ieee/prep1_aug0/seed_37622020/checkpoint-333
2026-04-08 19:04:16,321 - cyberbully - INFO - Step 5: Evaluating on test set...
2026-04-08 19:04:20,752 - cyberbully - INFO - Metrics saved to experiments/grid-search/google_mobilebert-uncased/ieee/prep1_aug0/seed_37622020/metrics.json
2026-04-08 19:04:20,752 - cyberbully - INFO - Confusion matrix saved to experiments/grid-search/google_mobilebert-uncased/ieee/prep1_aug0/seed_37622020/confusion_matrix.json
2026-04-08 19:04:20,756 - cyberbully - INFO - Per-sample predictions saved to experiments/grid-search/google_mobilebert-uncased/ieee/prep1_aug0/seed_37622020/predictions.json
2026-04-08 19:04:20,861 - cyberbully - INFO - Confusion matrix figure saved to experiments/grid-search/google_mobilebert-uncased/ieee/prep1_aug0/seed_37622020/confusion_matrix.pdf
2026-04-08 19:04:20,861 - cyberbully - INFO - Accuracy: 0.7942
2026-04-08 19:04:20,861 - cyberbully - INFO - Weighted F1: 0.7919
2026-04-08 19:04:20,861 - cyberbully - INFO - Micro F1: 0.7942
2026-04-08 19:04:20,861 - cyberbully - INFO - Inference time: 0.20 seconds
2026-04-08 19:04:20,861 - cyberbully - INFO - Energy consumption: 0.000008 kWh
2026-04-08 19:04:20,861 - cyberbully - INFO - ============================================================
2026-04-08 19:04:20,861 - cyberbully - INFO - Pipeline complete. Results saved to: experiments/grid-search/google_mobilebert-uncased/ieee/prep1_aug0/seed_37622020
2026-04-08 19:04:20,861 - cyberbully - INFO - ============================================================
