2026-03-21 04:22:39,004 - cyberbully - INFO - ============================================================
2026-03-21 04:22:39,004 - cyberbully - INFO - Cyberbullying Detection Pipeline
2026-03-21 04:22:39,004 - cyberbully - INFO - ============================================================
2026-03-21 04:22:39,004 - cyberbully - INFO - Configuration:
2026-03-21 04:22:39,004 - cyberbully - INFO -   model          : GroNLP/hateBERT
2026-03-21 04:22:39,004 - cyberbully - INFO -   dataset        : tweeteval
2026-03-21 04:22:39,004 - cyberbully - INFO -   preprocess     : False
2026-03-21 04:22:39,004 - cyberbully - INFO -   augment        : True
2026-03-21 04:22:39,004 - cyberbully - INFO -   compute_attribution: False
2026-03-21 04:22:39,004 - cyberbully - INFO -   seed           : 52680723
2026-03-21 04:22:39,004 - cyberbully - INFO -   epochs         : 10
2026-03-21 04:22:39,004 - cyberbully - INFO -   batch_size     : 32
2026-03-21 04:22:39,004 - cyberbully - INFO -   lr             : 5e-05
2026-03-21 04:22:39,004 - cyberbully - INFO -   max_length     : 128
2026-03-21 04:22:39,004 - cyberbully - INFO -   output_dir     : grid-search
2026-03-21 04:22:39,004 - cyberbully - INFO -   data_dir       : dataset
2026-03-21 04:22:39,004 - cyberbully - INFO -   sbert          : False
2026-03-21 04:22:39,004 - cyberbully - INFO -   supcon         : False
2026-03-21 04:22:39,004 - cyberbully - INFO -   supcon_weight  : 0.1
2026-03-21 04:22:39,004 - cyberbully - INFO -   proj_dim       : 128
2026-03-21 04:22:39,004 - cyberbully - INFO -   grad_accum_steps: 1
2026-03-21 04:22:39,004 - cyberbully - INFO -   overwrite      : False
2026-03-21 04:22:39,004 - cyberbully - INFO -   device         : cuda
2026-03-21 04:22:39,004 - cyberbully - INFO -   output_dir     : experiments/grid-search/GroNLP_hateBERT/tweeteval/prep0_aug1/seed_52680723
2026-03-21 04:22:39,004 - cyberbully - INFO - ============================================================
2026-03-21 04:22:39,004 - cyberbully - INFO - Step 1: Preparing data...
2026-03-21 04:22:39,054 - cyberbully - INFO - Loaded pre-split data from dataset/tweeteval — train: 32485, val: 8122, test: 10152
2026-03-21 04:22:39,054 - cyberbully - INFO - Label mapping: {'emotion': 0, 'hate': 1, 'offensive': 2, 'religion': 3, 'spiritual': 4}
2026-03-21 04:22:39,056 - cyberbully - INFO - Applying training data augmentation (oversampling)...
2026-03-21 04:22:39,063 - cyberbully - INFO - After oversampling — class distribution: {0: 8985, 1: 8985, 2: 8985, 3: 8985, 4: 8985}
2026-03-21 04:22:39,072 - cyberbully - INFO - Number of classes: 5
2026-03-21 04:22:39,073 - cyberbully - INFO - Step 2: Loading model and tokenizer...
2026-03-21 04:22:39,074 - cyberbully - INFO - Loading model 'GroNLP/hateBERT' with 5 labels (sbert=False, supcon=False)
2026-03-21 04:22:39,803 - cyberbully - INFO - Step 3: Creating datasets...
2026-03-21 04:22:40,886 - cyberbully - INFO - Dataset sizes — train: 44925, val: 8122, test: 10152
2026-03-21 04:22:40,886 - cyberbully - INFO - Step 4: Training...
2026-03-21 04:22:41,006 - cyberbully - INFO - Starting training...
2026-03-21 04:38:17,900 - cyberbully - INFO - Training complete.
2026-03-21 04:38:17,979 - cyberbully - INFO - Removed checkpoint: experiments/grid-search/GroNLP_hateBERT/tweeteval/prep0_aug1/seed_52680723/checkpoint-8424
2026-03-21 04:38:18,059 - cyberbully - INFO - Removed checkpoint: experiments/grid-search/GroNLP_hateBERT/tweeteval/prep0_aug1/seed_52680723/checkpoint-5616
2026-03-21 04:38:18,139 - cyberbully - INFO - Removed checkpoint: experiments/grid-search/GroNLP_hateBERT/tweeteval/prep0_aug1/seed_52680723/checkpoint-7020
2026-03-21 04:38:18,214 - cyberbully - INFO - Removed checkpoint: experiments/grid-search/GroNLP_hateBERT/tweeteval/prep0_aug1/seed_52680723/checkpoint-11232
2026-03-21 04:38:18,289 - cyberbully - INFO - Removed checkpoint: experiments/grid-search/GroNLP_hateBERT/tweeteval/prep0_aug1/seed_52680723/checkpoint-12636
2026-03-21 04:38:18,372 - cyberbully - INFO - Removed checkpoint: experiments/grid-search/GroNLP_hateBERT/tweeteval/prep0_aug1/seed_52680723/checkpoint-1404
2026-03-21 04:38:18,447 - cyberbully - INFO - Removed checkpoint: experiments/grid-search/GroNLP_hateBERT/tweeteval/prep0_aug1/seed_52680723/checkpoint-14040
2026-03-21 04:38:18,528 - cyberbully - INFO - Removed checkpoint: experiments/grid-search/GroNLP_hateBERT/tweeteval/prep0_aug1/seed_52680723/checkpoint-4212
2026-03-21 04:38:18,605 - cyberbully - INFO - Removed checkpoint: experiments/grid-search/GroNLP_hateBERT/tweeteval/prep0_aug1/seed_52680723/checkpoint-9828
2026-03-21 04:38:18,689 - cyberbully - INFO - Removed checkpoint: experiments/grid-search/GroNLP_hateBERT/tweeteval/prep0_aug1/seed_52680723/checkpoint-2808
2026-03-21 04:38:18,690 - cyberbully - INFO - Step 5: Evaluating on test set...
2026-03-21 04:38:28,264 - cyberbully - INFO - Metrics saved to experiments/grid-search/GroNLP_hateBERT/tweeteval/prep0_aug1/seed_52680723/metrics.json
2026-03-21 04:38:28,264 - cyberbully - INFO - Confusion matrix saved to experiments/grid-search/GroNLP_hateBERT/tweeteval/prep0_aug1/seed_52680723/confusion_matrix.json
2026-03-21 04:38:28,368 - cyberbully - INFO - Per-sample predictions saved to experiments/grid-search/GroNLP_hateBERT/tweeteval/prep0_aug1/seed_52680723/predictions.json
2026-03-21 04:38:28,473 - cyberbully - INFO - Confusion matrix figure saved to experiments/grid-search/GroNLP_hateBERT/tweeteval/prep0_aug1/seed_52680723/confusion_matrix.pdf
2026-03-21 04:38:28,473 - cyberbully - INFO - Accuracy: 0.9705
2026-03-21 04:38:28,473 - cyberbully - INFO - Weighted F1: 0.9704
2026-03-21 04:38:28,473 - cyberbully - INFO - Micro F1: 0.9705
2026-03-21 04:38:28,473 - cyberbully - INFO - Inference time: 4.32 seconds
2026-03-21 04:38:28,473 - cyberbully - INFO - Energy consumption: 0.000234 kWh
2026-03-21 04:38:28,475 - cyberbully - INFO - ============================================================
2026-03-21 04:38:28,475 - cyberbully - INFO - Pipeline complete. Results saved to: experiments/grid-search/GroNLP_hateBERT/tweeteval/prep0_aug1/seed_52680723
2026-03-21 04:38:28,475 - cyberbully - INFO - ============================================================
