2026-04-13 13:27:55,907 - cyberbully - INFO - ============================================================
2026-04-13 13:27:55,907 - cyberbully - INFO - Cyberbullying Detection Pipeline
2026-04-13 13:27:55,907 - cyberbully - INFO - ============================================================
2026-04-13 13:27:55,907 - cyberbully - INFO - Configuration:
2026-04-13 13:27:55,907 - cyberbully - INFO -   model          : Twitter/twhin-bert-base
2026-04-13 13:27:55,907 - cyberbully - INFO -   dataset        : tweeteval
2026-04-13 13:27:55,907 - cyberbully - INFO -   preprocess     : False
2026-04-13 13:27:55,907 - cyberbully - INFO -   augment        : True
2026-04-13 13:27:55,907 - cyberbully - INFO -   compute_attribution: False
2026-04-13 13:27:55,907 - cyberbully - INFO -   seed           : 87212562
2026-04-13 13:27:55,907 - cyberbully - INFO -   epochs         : 10
2026-04-13 13:27:55,907 - cyberbully - INFO -   batch_size     : 32
2026-04-13 13:27:55,907 - cyberbully - INFO -   lr             : 5e-05
2026-04-13 13:27:55,907 - cyberbully - INFO -   max_length     : 128
2026-04-13 13:27:55,907 - cyberbully - INFO -   output_dir     : grid-search
2026-04-13 13:27:55,907 - cyberbully - INFO -   data_dir       : dataset
2026-04-13 13:27:55,907 - cyberbully - INFO -   sbert          : False
2026-04-13 13:27:55,907 - cyberbully - INFO -   supcon         : False
2026-04-13 13:27:55,907 - cyberbully - INFO -   supcon_weight  : 0.1
2026-04-13 13:27:55,907 - cyberbully - INFO -   proj_dim       : 128
2026-04-13 13:27:55,907 - cyberbully - INFO -   grad_accum_steps: 1
2026-04-13 13:27:55,907 - cyberbully - INFO -   overwrite      : False
2026-04-13 13:27:55,907 - cyberbully - INFO -   device         : cuda
2026-04-13 13:27:55,907 - cyberbully - INFO -   output_dir     : experiments/grid-search/Twitter_twhin-bert-base/tweeteval/prep0_aug1/seed_87212562
2026-04-13 13:27:55,907 - cyberbully - INFO - ============================================================
2026-04-13 13:27:55,907 - cyberbully - INFO - Step 1: Preparing data...
2026-04-13 13:27:55,954 - cyberbully - INFO - Loaded pre-split data from dataset/tweeteval — train: 32485, val: 8122, test: 10152
2026-04-13 13:27:55,954 - cyberbully - INFO - Label mapping: {'emotion': 0, 'hate': 1, 'offensive': 2, 'religion': 3, 'spiritual': 4}
2026-04-13 13:27:55,957 - cyberbully - INFO - Applying training data augmentation (oversampling)...
2026-04-13 13:27:55,963 - cyberbully - INFO - After oversampling — class distribution: {0: 8985, 1: 8985, 2: 8985, 3: 8985, 4: 8985}
2026-04-13 13:27:55,972 - cyberbully - INFO - Number of classes: 5
2026-04-13 13:27:55,973 - cyberbully - INFO - Step 2: Loading model and tokenizer...
2026-04-13 13:27:55,973 - cyberbully - INFO - Loading model 'Twitter/twhin-bert-base' with 5 labels (sbert=False, supcon=False)
2026-04-13 13:27:57,515 - cyberbully - INFO - Step 3: Creating datasets...
2026-04-13 13:27:58,674 - cyberbully - INFO - Dataset sizes — train: 44925, val: 8122, test: 10152
2026-04-13 13:27:58,675 - cyberbully - INFO - Step 4: Training...
2026-04-13 13:27:59,003 - cyberbully - INFO - Starting training...
2026-04-13 13:55:40,513 - cyberbully - INFO - Training complete.
2026-04-13 13:55:40,695 - cyberbully - INFO - Removed checkpoint: experiments/grid-search/Twitter_twhin-bert-base/tweeteval/prep0_aug1/seed_87212562/checkpoint-14040
2026-04-13 13:55:40,854 - cyberbully - INFO - Removed checkpoint: experiments/grid-search/Twitter_twhin-bert-base/tweeteval/prep0_aug1/seed_87212562/checkpoint-2808
2026-04-13 13:55:41,010 - cyberbully - INFO - Removed checkpoint: experiments/grid-search/Twitter_twhin-bert-base/tweeteval/prep0_aug1/seed_87212562/checkpoint-5616
2026-04-13 13:55:41,164 - cyberbully - INFO - Removed checkpoint: experiments/grid-search/Twitter_twhin-bert-base/tweeteval/prep0_aug1/seed_87212562/checkpoint-7020
2026-04-13 13:55:41,322 - cyberbully - INFO - Removed checkpoint: experiments/grid-search/Twitter_twhin-bert-base/tweeteval/prep0_aug1/seed_87212562/checkpoint-4212
2026-04-13 13:55:41,475 - cyberbully - INFO - Removed checkpoint: experiments/grid-search/Twitter_twhin-bert-base/tweeteval/prep0_aug1/seed_87212562/checkpoint-12636
2026-04-13 13:55:41,640 - cyberbully - INFO - Removed checkpoint: experiments/grid-search/Twitter_twhin-bert-base/tweeteval/prep0_aug1/seed_87212562/checkpoint-1404
2026-04-13 13:55:41,793 - cyberbully - INFO - Removed checkpoint: experiments/grid-search/Twitter_twhin-bert-base/tweeteval/prep0_aug1/seed_87212562/checkpoint-8424
2026-04-13 13:55:41,948 - cyberbully - INFO - Removed checkpoint: experiments/grid-search/Twitter_twhin-bert-base/tweeteval/prep0_aug1/seed_87212562/checkpoint-11232
2026-04-13 13:55:42,102 - cyberbully - INFO - Removed checkpoint: experiments/grid-search/Twitter_twhin-bert-base/tweeteval/prep0_aug1/seed_87212562/checkpoint-9828
2026-04-13 13:55:42,102 - cyberbully - INFO - Step 5: Evaluating on test set...
2026-04-13 13:55:54,679 - cyberbully - INFO - Metrics saved to experiments/grid-search/Twitter_twhin-bert-base/tweeteval/prep0_aug1/seed_87212562/metrics.json
2026-04-13 13:55:54,679 - cyberbully - INFO - Confusion matrix saved to experiments/grid-search/Twitter_twhin-bert-base/tweeteval/prep0_aug1/seed_87212562/confusion_matrix.json
2026-04-13 13:55:54,788 - cyberbully - INFO - Per-sample predictions saved to experiments/grid-search/Twitter_twhin-bert-base/tweeteval/prep0_aug1/seed_87212562/predictions.json
2026-04-13 13:55:54,890 - cyberbully - INFO - Confusion matrix figure saved to experiments/grid-search/Twitter_twhin-bert-base/tweeteval/prep0_aug1/seed_87212562/confusion_matrix.pdf
2026-04-13 13:55:54,890 - cyberbully - INFO - Accuracy: 0.9721
2026-04-13 13:55:54,890 - cyberbully - INFO - Weighted F1: 0.9720
2026-04-13 13:55:54,890 - cyberbully - INFO - Micro F1: 0.9721
2026-04-13 13:55:54,890 - cyberbully - INFO - Inference time: 7.91 seconds
2026-04-13 13:55:54,890 - cyberbully - INFO - Energy consumption: 0.000520 kWh
2026-04-13 13:55:54,892 - cyberbully - INFO - ============================================================
2026-04-13 13:55:54,892 - cyberbully - INFO - Pipeline complete. Results saved to: experiments/grid-search/Twitter_twhin-bert-base/tweeteval/prep0_aug1/seed_87212562
2026-04-13 13:55:54,892 - cyberbully - INFO - ============================================================
