2026-04-10 19:03:03,314 - cyberbully - INFO - ============================================================
2026-04-10 19:03:03,314 - cyberbully - INFO - Cyberbullying Detection Pipeline
2026-04-10 19:03:03,314 - cyberbully - INFO - ============================================================
2026-04-10 19:03:03,314 - cyberbully - INFO - Configuration:
2026-04-10 19:03:03,314 - cyberbully - INFO -   model          : chandar-lab/NeoBERT
2026-04-10 19:03:03,314 - cyberbully - INFO -   dataset        : tweeteval
2026-04-10 19:03:03,314 - cyberbully - INFO -   preprocess     : True
2026-04-10 19:03:03,314 - cyberbully - INFO -   augment        : True
2026-04-10 19:03:03,314 - cyberbully - INFO -   compute_attribution: False
2026-04-10 19:03:03,314 - cyberbully - INFO -   seed           : 99511865
2026-04-10 19:03:03,314 - cyberbully - INFO -   epochs         : 10
2026-04-10 19:03:03,314 - cyberbully - INFO -   batch_size     : 32
2026-04-10 19:03:03,314 - cyberbully - INFO -   lr             : 5e-05
2026-04-10 19:03:03,314 - cyberbully - INFO -   max_length     : 128
2026-04-10 19:03:03,314 - cyberbully - INFO -   output_dir     : grid-search
2026-04-10 19:03:03,314 - cyberbully - INFO -   data_dir       : dataset
2026-04-10 19:03:03,314 - cyberbully - INFO -   sbert          : False
2026-04-10 19:03:03,314 - cyberbully - INFO -   supcon         : False
2026-04-10 19:03:03,314 - cyberbully - INFO -   supcon_weight  : 0.1
2026-04-10 19:03:03,315 - cyberbully - INFO -   proj_dim       : 128
2026-04-10 19:03:03,315 - cyberbully - INFO -   grad_accum_steps: 1
2026-04-10 19:03:03,315 - cyberbully - INFO -   overwrite      : False
2026-04-10 19:03:03,315 - cyberbully - INFO -   device         : cuda
2026-04-10 19:03:03,315 - cyberbully - INFO -   output_dir     : experiments/grid-search/chandar-lab_NeoBERT/tweeteval/prep1_aug1/seed_99511865
2026-04-10 19:03:03,315 - cyberbully - INFO - ============================================================
2026-04-10 19:03:03,315 - cyberbully - INFO - Step 1: Preparing data...
2026-04-10 19:03:03,360 - cyberbully - INFO - Loaded pre-split data from dataset/tweeteval — train: 32485, val: 8122, test: 10152
2026-04-10 19:03:03,360 - cyberbully - INFO - Label mapping: {'emotion': 0, 'hate': 1, 'offensive': 2, 'religion': 3, 'spiritual': 4}
2026-04-10 19:03:03,360 - cyberbully - INFO - Applying text preprocessing per split...
2026-04-10 19:04:02,976 - cyberbully - INFO - After preprocessing — train: 30377, val: 7613, test: 9470
2026-04-10 19:04:02,978 - cyberbully - INFO - Applying training data augmentation (oversampling)...
2026-04-10 19:04:02,984 - cyberbully - INFO - After oversampling — class distribution: {0: 7763, 1: 7763, 2: 7763, 3: 7763, 4: 7763}
2026-04-10 19:04:02,992 - cyberbully - INFO - Number of classes: 5
2026-04-10 19:04:02,993 - cyberbully - INFO - Step 2: Loading model and tokenizer...
2026-04-10 19:04:02,993 - cyberbully - INFO - Loading model 'chandar-lab/NeoBERT' with 5 labels (sbert=False, supcon=False)
2026-04-10 19:04:04,765 - cyberbully - INFO - Step 3: Creating datasets...
2026-04-10 19:04:05,909 - cyberbully - INFO - Dataset sizes — train: 38815, val: 7613, test: 9470
2026-04-10 19:04:05,909 - cyberbully - INFO - Step 4: Training...
2026-04-10 19:04:06,192 - cyberbully - INFO - Starting training...
2026-04-10 19:44:10,960 - cyberbully - INFO - Training complete.
2026-04-10 19:44:11,084 - cyberbully - INFO - Removed checkpoint: experiments/grid-search/chandar-lab_NeoBERT/tweeteval/prep1_aug1/seed_99511865/checkpoint-3639
2026-04-10 19:44:11,206 - cyberbully - INFO - Removed checkpoint: experiments/grid-search/chandar-lab_NeoBERT/tweeteval/prep1_aug1/seed_99511865/checkpoint-9704
2026-04-10 19:44:11,328 - cyberbully - INFO - Removed checkpoint: experiments/grid-search/chandar-lab_NeoBERT/tweeteval/prep1_aug1/seed_99511865/checkpoint-6065
2026-04-10 19:44:11,449 - cyberbully - INFO - Removed checkpoint: experiments/grid-search/chandar-lab_NeoBERT/tweeteval/prep1_aug1/seed_99511865/checkpoint-10917
2026-04-10 19:44:11,596 - cyberbully - INFO - Removed checkpoint: experiments/grid-search/chandar-lab_NeoBERT/tweeteval/prep1_aug1/seed_99511865/checkpoint-12130
2026-04-10 19:44:11,727 - cyberbully - INFO - Removed checkpoint: experiments/grid-search/chandar-lab_NeoBERT/tweeteval/prep1_aug1/seed_99511865/checkpoint-1213
2026-04-10 19:44:11,849 - cyberbully - INFO - Removed checkpoint: experiments/grid-search/chandar-lab_NeoBERT/tweeteval/prep1_aug1/seed_99511865/checkpoint-8491
2026-04-10 19:44:11,972 - cyberbully - INFO - Removed checkpoint: experiments/grid-search/chandar-lab_NeoBERT/tweeteval/prep1_aug1/seed_99511865/checkpoint-4852
2026-04-10 19:44:12,097 - cyberbully - INFO - Removed checkpoint: experiments/grid-search/chandar-lab_NeoBERT/tweeteval/prep1_aug1/seed_99511865/checkpoint-2426
2026-04-10 19:44:12,220 - cyberbully - INFO - Removed checkpoint: experiments/grid-search/chandar-lab_NeoBERT/tweeteval/prep1_aug1/seed_99511865/checkpoint-7278
2026-04-10 19:44:12,220 - cyberbully - INFO - Step 5: Evaluating on test set...
2026-04-10 19:44:32,645 - cyberbully - INFO - Metrics saved to experiments/grid-search/chandar-lab_NeoBERT/tweeteval/prep1_aug1/seed_99511865/metrics.json
2026-04-10 19:44:32,645 - cyberbully - INFO - Confusion matrix saved to experiments/grid-search/chandar-lab_NeoBERT/tweeteval/prep1_aug1/seed_99511865/confusion_matrix.json
2026-04-10 19:44:32,741 - cyberbully - INFO - Per-sample predictions saved to experiments/grid-search/chandar-lab_NeoBERT/tweeteval/prep1_aug1/seed_99511865/predictions.json
2026-04-10 19:44:32,847 - cyberbully - INFO - Confusion matrix figure saved to experiments/grid-search/chandar-lab_NeoBERT/tweeteval/prep1_aug1/seed_99511865/confusion_matrix.pdf
2026-04-10 19:44:32,847 - cyberbully - INFO - Accuracy: 0.9438
2026-04-10 19:44:32,847 - cyberbully - INFO - Weighted F1: 0.9436
2026-04-10 19:44:32,847 - cyberbully - INFO - Micro F1: 0.9438
2026-04-10 19:44:32,847 - cyberbully - INFO - Inference time: 15.74 seconds
2026-04-10 19:44:32,847 - cyberbully - INFO - Energy consumption: 0.000988 kWh
2026-04-10 19:44:32,849 - cyberbully - INFO - ============================================================
2026-04-10 19:44:32,849 - cyberbully - INFO - Pipeline complete. Results saved to: experiments/grid-search/chandar-lab_NeoBERT/tweeteval/prep1_aug1/seed_99511865
2026-04-10 19:44:32,849 - cyberbully - INFO - ============================================================
