2026-06-16 03:22:48,182 - cyberbully - INFO - ============================================================
2026-06-16 03:22:48,182 - cyberbully - INFO - Cyberbullying Detection Pipeline
2026-06-16 03:22:48,182 - cyberbully - INFO - ============================================================
2026-06-16 03:22:48,182 - cyberbully - INFO - Configuration:
2026-06-16 03:22:48,182 - cyberbully - INFO -   model          : Twitter/twhin-bert-base
2026-06-16 03:22:48,182 - cyberbully - INFO -   dataset        : tweeteval
2026-06-16 03:22:48,182 - cyberbully - INFO -   preprocess     : False
2026-06-16 03:22:48,182 - cyberbully - INFO -   prep_mode      : 2
2026-06-16 03:22:48,182 - cyberbully - INFO -   augment        : False
2026-06-16 03:22:48,182 - cyberbully - INFO -   compute_attribution: False
2026-06-16 03:22:48,182 - cyberbully - INFO -   seed           : 90995999
2026-06-16 03:22:48,182 - cyberbully - INFO -   epochs         : 10
2026-06-16 03:22:48,182 - cyberbully - INFO -   batch_size     : 32
2026-06-16 03:22:48,182 - cyberbully - INFO -   lr             : 5e-05
2026-06-16 03:22:48,182 - cyberbully - INFO -   max_length     : 128
2026-06-16 03:22:48,182 - cyberbully - INFO -   output_dir     : grid-search
2026-06-16 03:22:48,182 - cyberbully - INFO -   data_dir       : dataset
2026-06-16 03:22:48,182 - cyberbully - INFO -   sbert          : False
2026-06-16 03:22:48,182 - cyberbully - INFO -   supcon         : False
2026-06-16 03:22:48,182 - cyberbully - INFO -   supcon_weight  : 0.1
2026-06-16 03:22:48,182 - cyberbully - INFO -   proj_dim       : 128
2026-06-16 03:22:48,182 - cyberbully - INFO -   grad_accum_steps: 1
2026-06-16 03:22:48,182 - cyberbully - INFO -   overwrite      : False
2026-06-16 03:22:48,182 - cyberbully - INFO -   device         : cuda
2026-06-16 03:22:48,182 - cyberbully - INFO -   output_dir     : experiments/grid-search/Twitter_twhin-bert-base/tweeteval/prep2_aug0/seed_90995999
2026-06-16 03:22:48,182 - cyberbully - INFO - ============================================================
2026-06-16 03:22:48,182 - cyberbully - INFO - Step 1: Preparing data...
2026-06-16 03:22:48,230 - cyberbully - INFO - Loaded pre-split data from dataset/tweeteval — train: 32485, val: 8122, test: 10152
2026-06-16 03:22:48,230 - cyberbully - INFO - Label mapping: {'emotion': 0, 'hate': 1, 'offensive': 2, 'religion': 3, 'spiritual': 4}
2026-06-16 03:22:48,231 - cyberbully - INFO - Applying partial text preprocessing per split...
2026-06-16 03:22:49,890 - cyberbully - INFO - After preprocessing -- train: 32485, val: 8122, test: 10152
2026-06-16 03:22:49,894 - cyberbully - INFO - Number of classes: 5
2026-06-16 03:22:49,895 - cyberbully - INFO - Step 2: Loading model and tokenizer...
2026-06-16 03:22:49,895 - cyberbully - INFO - Loading model 'Twitter/twhin-bert-base' with 5 labels (sbert=False, supcon=False)
2026-06-16 03:22:51,713 - cyberbully - INFO - Step 3: Creating datasets...
2026-06-16 03:22:52,675 - cyberbully - INFO - Dataset sizes — train: 32485, val: 8122, test: 10152
2026-06-16 03:22:52,675 - cyberbully - INFO - Step 4: Training...
2026-06-16 03:22:52,979 - cyberbully - INFO - Starting training...
2026-06-16 03:48:16,070 - cyberbully - INFO - Training complete.
2026-06-16 03:48:16,231 - cyberbully - INFO - Removed checkpoint: experiments/grid-search/Twitter_twhin-bert-base/tweeteval/prep2_aug0/seed_90995999/checkpoint-3048
2026-06-16 03:48:16,394 - cyberbully - INFO - Removed checkpoint: experiments/grid-search/Twitter_twhin-bert-base/tweeteval/prep2_aug0/seed_90995999/checkpoint-7112
2026-06-16 03:48:16,553 - cyberbully - INFO - Removed checkpoint: experiments/grid-search/Twitter_twhin-bert-base/tweeteval/prep2_aug0/seed_90995999/checkpoint-9144
2026-06-16 03:48:16,720 - cyberbully - INFO - Removed checkpoint: experiments/grid-search/Twitter_twhin-bert-base/tweeteval/prep2_aug0/seed_90995999/checkpoint-1016
2026-06-16 03:48:16,884 - cyberbully - INFO - Removed checkpoint: experiments/grid-search/Twitter_twhin-bert-base/tweeteval/prep2_aug0/seed_90995999/checkpoint-2032
2026-06-16 03:48:17,079 - cyberbully - INFO - Removed checkpoint: experiments/grid-search/Twitter_twhin-bert-base/tweeteval/prep2_aug0/seed_90995999/checkpoint-10160
2026-06-16 03:48:17,241 - cyberbully - INFO - Removed checkpoint: experiments/grid-search/Twitter_twhin-bert-base/tweeteval/prep2_aug0/seed_90995999/checkpoint-6096
2026-06-16 03:48:17,402 - cyberbully - INFO - Removed checkpoint: experiments/grid-search/Twitter_twhin-bert-base/tweeteval/prep2_aug0/seed_90995999/checkpoint-5080
2026-06-16 03:48:17,565 - cyberbully - INFO - Removed checkpoint: experiments/grid-search/Twitter_twhin-bert-base/tweeteval/prep2_aug0/seed_90995999/checkpoint-8128
2026-06-16 03:48:17,729 - cyberbully - INFO - Removed checkpoint: experiments/grid-search/Twitter_twhin-bert-base/tweeteval/prep2_aug0/seed_90995999/checkpoint-4064
2026-06-16 03:48:17,729 - cyberbully - INFO - Step 5: Evaluating on test set...
2026-06-16 03:48:33,673 - cyberbully - INFO - Metrics saved to experiments/grid-search/Twitter_twhin-bert-base/tweeteval/prep2_aug0/seed_90995999/metrics.json
2026-06-16 03:48:33,673 - cyberbully - INFO - Confusion matrix saved to experiments/grid-search/Twitter_twhin-bert-base/tweeteval/prep2_aug0/seed_90995999/confusion_matrix.json
2026-06-16 03:48:33,782 - cyberbully - INFO - Per-sample predictions saved to experiments/grid-search/Twitter_twhin-bert-base/tweeteval/prep2_aug0/seed_90995999/predictions.json
2026-06-16 03:48:33,891 - cyberbully - INFO - Confusion matrix figure saved to experiments/grid-search/Twitter_twhin-bert-base/tweeteval/prep2_aug0/seed_90995999/confusion_matrix.pdf
2026-06-16 03:48:33,891 - cyberbully - INFO - Accuracy: 0.9412
2026-06-16 03:48:33,891 - cyberbully - INFO - Weighted F1: 0.9412
2026-06-16 03:48:33,891 - cyberbully - INFO - Micro F1: 0.9412
2026-06-16 03:48:33,891 - cyberbully - INFO - Inference time: 9.82 seconds
2026-06-16 03:48:33,891 - cyberbully - INFO - Energy consumption: 0.000604 kWh
2026-06-16 03:48:33,893 - cyberbully - INFO - ============================================================
2026-06-16 03:48:33,893 - cyberbully - INFO - Pipeline complete. Results saved to: experiments/grid-search/Twitter_twhin-bert-base/tweeteval/prep2_aug0/seed_90995999
2026-06-16 03:48:33,893 - cyberbully - INFO - ============================================================
