2026-06-16 05:56:59,226 - cyberbully - INFO - ============================================================
2026-06-16 05:56:59,226 - cyberbully - INFO - Cyberbullying Detection Pipeline
2026-06-16 05:56:59,226 - cyberbully - INFO - ============================================================
2026-06-16 05:56:59,226 - cyberbully - INFO - Configuration:
2026-06-16 05:56:59,226 - cyberbully - INFO -   model          : Twitter/twhin-bert-base
2026-06-16 05:56:59,226 - cyberbully - INFO -   dataset        : kaggle
2026-06-16 05:56:59,226 - cyberbully - INFO -   preprocess     : False
2026-06-16 05:56:59,226 - cyberbully - INFO -   prep_mode      : 2
2026-06-16 05:56:59,226 - cyberbully - INFO -   augment        : False
2026-06-16 05:56:59,226 - cyberbully - INFO -   compute_attribution: False
2026-06-16 05:56:59,226 - cyberbully - INFO -   seed           : 67351593
2026-06-16 05:56:59,226 - cyberbully - INFO -   epochs         : 10
2026-06-16 05:56:59,226 - cyberbully - INFO -   batch_size     : 32
2026-06-16 05:56:59,226 - cyberbully - INFO -   lr             : 5e-05
2026-06-16 05:56:59,226 - cyberbully - INFO -   max_length     : 128
2026-06-16 05:56:59,226 - cyberbully - INFO -   output_dir     : grid-search
2026-06-16 05:56:59,226 - cyberbully - INFO -   data_dir       : dataset
2026-06-16 05:56:59,226 - cyberbully - INFO -   sbert          : False
2026-06-16 05:56:59,226 - cyberbully - INFO -   supcon         : False
2026-06-16 05:56:59,226 - cyberbully - INFO -   supcon_weight  : 0.1
2026-06-16 05:56:59,226 - cyberbully - INFO -   proj_dim       : 128
2026-06-16 05:56:59,226 - cyberbully - INFO -   grad_accum_steps: 1
2026-06-16 05:56:59,226 - cyberbully - INFO -   overwrite      : False
2026-06-16 05:56:59,226 - cyberbully - INFO -   device         : cuda
2026-06-16 05:56:59,226 - cyberbully - INFO -   output_dir     : experiments/grid-search/Twitter_twhin-bert-base/kaggle/prep2_aug0/seed_67351593
2026-06-16 05:56:59,226 - cyberbully - INFO - ============================================================
2026-06-16 05:56:59,226 - cyberbully - INFO - Step 1: Preparing data...
2026-06-16 05:56:59,272 - cyberbully - INFO - Loaded pre-split data from dataset/kaggle — train: 25604, val: 6401, test: 8002
2026-06-16 05:56:59,273 - cyberbully - INFO - Label mapping: {'age': 0, 'ethnicity': 1, 'gender': 2, 'other_cyberbullying': 3, 'religion': 4}
2026-06-16 05:56:59,274 - cyberbully - INFO - Applying partial text preprocessing per split...
2026-06-16 05:57:00,579 - cyberbully - INFO - After preprocessing -- train: 25604, val: 6401, test: 8002
2026-06-16 05:57:00,583 - cyberbully - INFO - Number of classes: 5
2026-06-16 05:57:00,584 - cyberbully - INFO - Step 2: Loading model and tokenizer...
2026-06-16 05:57:00,584 - cyberbully - INFO - Loading model 'Twitter/twhin-bert-base' with 5 labels (sbert=False, supcon=False)
2026-06-16 05:57:02,114 - cyberbully - INFO - Step 3: Creating datasets...
2026-06-16 05:57:02,885 - cyberbully - INFO - Dataset sizes — train: 25604, val: 6401, test: 8002
2026-06-16 05:57:02,885 - cyberbully - INFO - Step 4: Training...
2026-06-16 05:57:03,208 - cyberbully - INFO - Starting training...
2026-06-16 06:15:34,574 - cyberbully - INFO - Training complete.
2026-06-16 06:15:34,735 - cyberbully - INFO - Removed checkpoint: experiments/grid-search/Twitter_twhin-bert-base/kaggle/prep2_aug0/seed_67351593/checkpoint-5607
2026-06-16 06:15:34,929 - cyberbully - INFO - Removed checkpoint: experiments/grid-search/Twitter_twhin-bert-base/kaggle/prep2_aug0/seed_67351593/checkpoint-8010
2026-06-16 06:15:35,093 - cyberbully - INFO - Removed checkpoint: experiments/grid-search/Twitter_twhin-bert-base/kaggle/prep2_aug0/seed_67351593/checkpoint-6408
2026-06-16 06:15:35,258 - cyberbully - INFO - Removed checkpoint: experiments/grid-search/Twitter_twhin-bert-base/kaggle/prep2_aug0/seed_67351593/checkpoint-1602
2026-06-16 06:15:35,419 - cyberbully - INFO - Removed checkpoint: experiments/grid-search/Twitter_twhin-bert-base/kaggle/prep2_aug0/seed_67351593/checkpoint-3204
2026-06-16 06:15:35,580 - cyberbully - INFO - Removed checkpoint: experiments/grid-search/Twitter_twhin-bert-base/kaggle/prep2_aug0/seed_67351593/checkpoint-7209
2026-06-16 06:15:35,742 - cyberbully - INFO - Removed checkpoint: experiments/grid-search/Twitter_twhin-bert-base/kaggle/prep2_aug0/seed_67351593/checkpoint-4005
2026-06-16 06:15:35,903 - cyberbully - INFO - Removed checkpoint: experiments/grid-search/Twitter_twhin-bert-base/kaggle/prep2_aug0/seed_67351593/checkpoint-4806
2026-06-16 06:15:36,071 - cyberbully - INFO - Removed checkpoint: experiments/grid-search/Twitter_twhin-bert-base/kaggle/prep2_aug0/seed_67351593/checkpoint-801
2026-06-16 06:15:36,235 - cyberbully - INFO - Removed checkpoint: experiments/grid-search/Twitter_twhin-bert-base/kaggle/prep2_aug0/seed_67351593/checkpoint-2403
2026-06-16 06:15:36,235 - cyberbully - INFO - Step 5: Evaluating on test set...
2026-06-16 06:15:49,368 - cyberbully - INFO - Metrics saved to experiments/grid-search/Twitter_twhin-bert-base/kaggle/prep2_aug0/seed_67351593/metrics.json
2026-06-16 06:15:49,368 - cyberbully - INFO - Confusion matrix saved to experiments/grid-search/Twitter_twhin-bert-base/kaggle/prep2_aug0/seed_67351593/confusion_matrix.json
2026-06-16 06:15:49,452 - cyberbully - INFO - Per-sample predictions saved to experiments/grid-search/Twitter_twhin-bert-base/kaggle/prep2_aug0/seed_67351593/predictions.json
2026-06-16 06:15:49,559 - cyberbully - INFO - Confusion matrix figure saved to experiments/grid-search/Twitter_twhin-bert-base/kaggle/prep2_aug0/seed_67351593/confusion_matrix.pdf
2026-06-16 06:15:49,560 - cyberbully - INFO - Accuracy: 0.9471
2026-06-16 06:15:49,560 - cyberbully - INFO - Weighted F1: 0.9472
2026-06-16 06:15:49,560 - cyberbully - INFO - Micro F1: 0.9471
2026-06-16 06:15:49,560 - cyberbully - INFO - Inference time: 7.01 seconds
2026-06-16 06:15:49,560 - cyberbully - INFO - Energy consumption: 0.000448 kWh
2026-06-16 06:15:49,562 - cyberbully - INFO - ============================================================
2026-06-16 06:15:49,562 - cyberbully - INFO - Pipeline complete. Results saved to: experiments/grid-search/Twitter_twhin-bert-base/kaggle/prep2_aug0/seed_67351593
2026-06-16 06:15:49,562 - cyberbully - INFO - ============================================================
