2026-03-19 04:49:41,662 - cyberbully - INFO - ============================================================
2026-03-19 04:49:41,662 - cyberbully - INFO - Cyberbullying Detection Pipeline
2026-03-19 04:49:41,662 - cyberbully - INFO - ============================================================
2026-03-19 04:49:41,662 - cyberbully - INFO - Configuration:
2026-03-19 04:49:41,662 - cyberbully - INFO -   model          : roberta-base
2026-03-19 04:49:41,662 - cyberbully - INFO -   dataset        : kaggle
2026-03-19 04:49:41,662 - cyberbully - INFO -   preprocess     : True
2026-03-19 04:49:41,662 - cyberbully - INFO -   augment        : False
2026-03-19 04:49:41,662 - cyberbully - INFO -   compute_attribution: False
2026-03-19 04:49:41,662 - cyberbully - INFO -   seed           : 52680723
2026-03-19 04:49:41,662 - cyberbully - INFO -   epochs         : 10
2026-03-19 04:49:41,662 - cyberbully - INFO -   batch_size     : 32
2026-03-19 04:49:41,662 - cyberbully - INFO -   lr             : 5e-05
2026-03-19 04:49:41,662 - cyberbully - INFO -   max_length     : 128
2026-03-19 04:49:41,662 - cyberbully - INFO -   output_dir     : supcon-baseline
2026-03-19 04:49:41,662 - cyberbully - INFO -   data_dir       : dataset
2026-03-19 04:49:41,662 - cyberbully - INFO -   sbert          : False
2026-03-19 04:49:41,662 - cyberbully - INFO -   supcon         : False
2026-03-19 04:49:41,662 - cyberbully - INFO -   supcon_weight  : 0.1
2026-03-19 04:49:41,662 - cyberbully - INFO -   proj_dim       : 128
2026-03-19 04:49:41,662 - cyberbully - INFO -   grad_accum_steps: 1
2026-03-19 04:49:41,662 - cyberbully - INFO -   overwrite      : False
2026-03-19 04:49:41,662 - cyberbully - INFO -   device         : cuda
2026-03-19 04:49:41,662 - cyberbully - INFO -   output_dir     : experiments/supcon-baseline/roberta-base/kaggle/prep1_aug0/seed_52680723
2026-03-19 04:49:41,662 - cyberbully - INFO - ============================================================
2026-03-19 04:49:41,662 - cyberbully - INFO - Step 1: Preparing data...
2026-03-19 04:49:41,714 - cyberbully - INFO - Loaded pre-split data from dataset/kaggle — train: 30499, val: 7625, test: 9532
2026-03-19 04:49:41,714 - cyberbully - INFO - Label mapping: {'age': 0, 'ethnicity': 1, 'gender': 2, 'not_cyberbullying': 3, 'other_cyberbullying': 4, 'religion': 5}
2026-03-19 04:49:41,714 - cyberbully - INFO - Applying text preprocessing per split...
2026-03-19 04:49:45,069 - cyberbully - INFO - After preprocessing — train: 30499, val: 7625, test: 9532
2026-03-19 04:49:45,081 - cyberbully - INFO - Number of classes: 6
2026-03-19 04:49:45,082 - cyberbully - INFO - Step 2: Loading model and tokenizer...
2026-03-19 04:49:45,082 - cyberbully - INFO - Loading model 'roberta-base' with 6 labels (sbert=False, supcon=False)
2026-03-19 04:49:46,036 - cyberbully - INFO - Step 3: Creating datasets...
2026-03-19 04:49:46,720 - cyberbully - INFO - Dataset sizes — train: 30499, val: 7625, test: 9532
2026-03-19 04:49:46,720 - cyberbully - INFO - Step 4: Training...
2026-03-19 04:49:46,854 - cyberbully - INFO - Starting training...
2026-03-19 05:01:01,977 - cyberbully - INFO - Training complete.
2026-03-19 05:01:02,068 - cyberbully - INFO - Removed checkpoint: experiments/supcon-baseline/roberta-base/kaggle/prep1_aug0/seed_52680723/checkpoint-1908
2026-03-19 05:01:02,155 - cyberbully - INFO - Removed checkpoint: experiments/supcon-baseline/roberta-base/kaggle/prep1_aug0/seed_52680723/checkpoint-4770
2026-03-19 05:01:02,241 - cyberbully - INFO - Removed checkpoint: experiments/supcon-baseline/roberta-base/kaggle/prep1_aug0/seed_52680723/checkpoint-9540
2026-03-19 05:01:02,330 - cyberbully - INFO - Removed checkpoint: experiments/supcon-baseline/roberta-base/kaggle/prep1_aug0/seed_52680723/checkpoint-2862
2026-03-19 05:01:02,416 - cyberbully - INFO - Removed checkpoint: experiments/supcon-baseline/roberta-base/kaggle/prep1_aug0/seed_52680723/checkpoint-7632
2026-03-19 05:01:02,504 - cyberbully - INFO - Removed checkpoint: experiments/supcon-baseline/roberta-base/kaggle/prep1_aug0/seed_52680723/checkpoint-3816
2026-03-19 05:01:02,591 - cyberbully - INFO - Removed checkpoint: experiments/supcon-baseline/roberta-base/kaggle/prep1_aug0/seed_52680723/checkpoint-5724
2026-03-19 05:01:02,689 - cyberbully - INFO - Removed checkpoint: experiments/supcon-baseline/roberta-base/kaggle/prep1_aug0/seed_52680723/checkpoint-954
2026-03-19 05:01:02,775 - cyberbully - INFO - Removed checkpoint: experiments/supcon-baseline/roberta-base/kaggle/prep1_aug0/seed_52680723/checkpoint-8586
2026-03-19 05:01:02,861 - cyberbully - INFO - Removed checkpoint: experiments/supcon-baseline/roberta-base/kaggle/prep1_aug0/seed_52680723/checkpoint-6678
2026-03-19 05:01:02,862 - cyberbully - INFO - Step 5: Evaluating on test set...
2026-03-19 05:01:12,154 - cyberbully - INFO - Metrics saved to experiments/supcon-baseline/roberta-base/kaggle/prep1_aug0/seed_52680723/metrics.json
2026-03-19 05:01:12,154 - cyberbully - INFO - Confusion matrix saved to experiments/supcon-baseline/roberta-base/kaggle/prep1_aug0/seed_52680723/confusion_matrix.json
2026-03-19 05:01:12,260 - cyberbully - INFO - Per-sample predictions saved to experiments/supcon-baseline/roberta-base/kaggle/prep1_aug0/seed_52680723/predictions.json
2026-03-19 05:01:12,374 - cyberbully - INFO - Confusion matrix figure saved to experiments/supcon-baseline/roberta-base/kaggle/prep1_aug0/seed_52680723/confusion_matrix.pdf
2026-03-19 05:01:12,374 - cyberbully - INFO - Accuracy: 0.8651
2026-03-19 05:01:12,374 - cyberbully - INFO - Weighted F1: 0.8632
2026-03-19 05:01:12,374 - cyberbully - INFO - Micro F1: 0.8651
2026-03-19 05:01:12,374 - cyberbully - INFO - Inference time: 4.06 seconds
2026-03-19 05:01:12,375 - cyberbully - INFO - Energy consumption: 0.000217 kWh
2026-03-19 05:01:12,376 - cyberbully - INFO - ============================================================
2026-03-19 05:01:12,376 - cyberbully - INFO - Pipeline complete. Results saved to: experiments/supcon-baseline/roberta-base/kaggle/prep1_aug0/seed_52680723
2026-03-19 05:01:12,376 - cyberbully - INFO - ============================================================
