2026-03-22 14:57:02,682 - cyberbully - INFO - Model 'all-distilroberta-v1' detected as SBERT-based. Using SBERTClassifier pipeline.
2026-03-22 14:57:02,682 - cyberbully - INFO - ============================================================
2026-03-22 14:57:02,682 - cyberbully - INFO - Cyberbullying Detection Pipeline
2026-03-22 14:57:02,682 - cyberbully - INFO - ============================================================
2026-03-22 14:57:02,682 - cyberbully - INFO - Configuration:
2026-03-22 14:57:02,682 - cyberbully - INFO -   model          : all-distilroberta-v1
2026-03-22 14:57:02,683 - cyberbully - INFO -   dataset        : ieee
2026-03-22 14:57:02,683 - cyberbully - INFO -   preprocess     : True
2026-03-22 14:57:02,683 - cyberbully - INFO -   augment        : False
2026-03-22 14:57:02,683 - cyberbully - INFO -   compute_attribution: False
2026-03-22 14:57:02,683 - cyberbully - INFO -   seed           : 99511865
2026-03-22 14:57:02,683 - cyberbully - INFO -   epochs         : 10
2026-03-22 14:57:02,683 - cyberbully - INFO -   batch_size     : 32
2026-03-22 14:57:02,683 - cyberbully - INFO -   lr             : 5e-05
2026-03-22 14:57:02,683 - cyberbully - INFO -   max_length     : 128
2026-03-22 14:57:02,683 - cyberbully - INFO -   output_dir     : grid-search
2026-03-22 14:57:02,683 - cyberbully - INFO -   data_dir       : dataset
2026-03-22 14:57:02,683 - cyberbully - INFO -   sbert          : True
2026-03-22 14:57:02,683 - cyberbully - INFO -   supcon         : False
2026-03-22 14:57:02,683 - cyberbully - INFO -   supcon_weight  : 0.1
2026-03-22 14:57:02,683 - cyberbully - INFO -   proj_dim       : 128
2026-03-22 14:57:02,683 - cyberbully - INFO -   grad_accum_steps: 1
2026-03-22 14:57:02,683 - cyberbully - INFO -   overwrite      : False
2026-03-22 14:57:02,683 - cyberbully - INFO -   device         : cuda
2026-03-22 14:57:02,683 - cyberbully - INFO -   output_dir     : experiments/grid-search/all-distilroberta-v1/ieee/prep1_aug0/seed_99511865
2026-03-22 14:57:02,683 - cyberbully - INFO - ============================================================
2026-03-22 14:57:02,683 - cyberbully - INFO - Step 1: Preparing data...
2026-03-22 14:57:02,686 - cyberbully - INFO - Loaded pre-split data from dataset/ieee — train: 1348, val: 338, test: 422
2026-03-22 14:57:02,686 - cyberbully - INFO - Label mapping: {'Cyberstalking': 0, 'Doxing': 1, 'Revenge Porn': 2, 'Sexual Harassment': 3, 'Slut Shaming': 4}
2026-03-22 14:57:02,686 - cyberbully - INFO - Applying text preprocessing per split...
2026-03-22 14:57:05,776 - cyberbully - INFO - After preprocessing — train: 1176, val: 306, test: 378
2026-03-22 14:57:05,778 - cyberbully - INFO - Number of classes: 5
2026-03-22 14:57:05,779 - cyberbully - INFO - Step 2: Loading model and tokenizer...
2026-03-22 14:57:05,779 - cyberbully - INFO - Loading model 'all-distilroberta-v1' with 5 labels (sbert=True, supcon=False)
2026-03-22 14:57:09,318 - cyberbully - INFO - SBERTClassifier: embedding_dim=768, hidden=256, proj_dim=None, num_labels=5
2026-03-22 14:57:09,664 - cyberbully - INFO - Step 3: Creating datasets...
2026-03-22 14:57:09,679 - cyberbully - INFO - Dataset sizes — train: 1176, val: 306, test: 378
2026-03-22 14:57:09,679 - cyberbully - INFO - Step 4: Training...
2026-03-22 14:57:09,683 - cyberbully - INFO - Starting training...
2026-03-22 14:58:37,814 - cyberbully - INFO - Training complete.
2026-03-22 14:58:37,879 - cyberbully - INFO - Removed checkpoint: experiments/grid-search/all-distilroberta-v1/ieee/prep1_aug0/seed_99511865/checkpoint-74
2026-03-22 14:58:38,583 - cyberbully - INFO - Removed checkpoint: experiments/grid-search/all-distilroberta-v1/ieee/prep1_aug0/seed_99511865/checkpoint-259
2026-03-22 14:58:38,647 - cyberbully - INFO - Removed checkpoint: experiments/grid-search/all-distilroberta-v1/ieee/prep1_aug0/seed_99511865/checkpoint-185
2026-03-22 14:58:38,712 - cyberbully - INFO - Removed checkpoint: experiments/grid-search/all-distilroberta-v1/ieee/prep1_aug0/seed_99511865/checkpoint-37
2026-03-22 14:58:38,770 - cyberbully - INFO - Removed checkpoint: experiments/grid-search/all-distilroberta-v1/ieee/prep1_aug0/seed_99511865/checkpoint-370
2026-03-22 14:58:38,833 - cyberbully - INFO - Removed checkpoint: experiments/grid-search/all-distilroberta-v1/ieee/prep1_aug0/seed_99511865/checkpoint-222
2026-03-22 14:58:38,898 - cyberbully - INFO - Removed checkpoint: experiments/grid-search/all-distilroberta-v1/ieee/prep1_aug0/seed_99511865/checkpoint-296
2026-03-22 14:58:38,962 - cyberbully - INFO - Removed checkpoint: experiments/grid-search/all-distilroberta-v1/ieee/prep1_aug0/seed_99511865/checkpoint-111
2026-03-22 14:58:39,024 - cyberbully - INFO - Removed checkpoint: experiments/grid-search/all-distilroberta-v1/ieee/prep1_aug0/seed_99511865/checkpoint-148
2026-03-22 14:58:39,091 - cyberbully - INFO - Removed checkpoint: experiments/grid-search/all-distilroberta-v1/ieee/prep1_aug0/seed_99511865/checkpoint-333
2026-03-22 14:58:39,091 - cyberbully - INFO - Step 5: Evaluating on test set...
2026-03-22 14:58:44,382 - cyberbully - INFO - Metrics saved to experiments/grid-search/all-distilroberta-v1/ieee/prep1_aug0/seed_99511865/metrics.json
2026-03-22 14:58:44,383 - cyberbully - INFO - Confusion matrix saved to experiments/grid-search/all-distilroberta-v1/ieee/prep1_aug0/seed_99511865/confusion_matrix.json
2026-03-22 14:58:44,387 - cyberbully - INFO - Per-sample predictions saved to experiments/grid-search/all-distilroberta-v1/ieee/prep1_aug0/seed_99511865/predictions.json
2026-03-22 14:58:44,492 - cyberbully - INFO - Confusion matrix figure saved to experiments/grid-search/all-distilroberta-v1/ieee/prep1_aug0/seed_99511865/confusion_matrix.pdf
2026-03-22 14:58:44,492 - cyberbully - INFO - Accuracy: 0.8201
2026-03-22 14:58:44,492 - cyberbully - INFO - Weighted F1: 0.8209
2026-03-22 14:58:44,492 - cyberbully - INFO - Micro F1: 0.8201
2026-03-22 14:58:44,492 - cyberbully - INFO - Inference time: 0.10 seconds
2026-03-22 14:58:44,492 - cyberbully - INFO - Energy consumption: 0.000011 kWh
2026-03-22 14:58:44,492 - cyberbully - INFO - ============================================================
2026-03-22 14:58:44,492 - cyberbully - INFO - Pipeline complete. Results saved to: experiments/grid-search/all-distilroberta-v1/ieee/prep1_aug0/seed_99511865
2026-03-22 14:58:44,492 - cyberbully - INFO - ============================================================
