2026-04-09 17:23:21,964 - cyberbully - INFO - ============================================================
2026-04-09 17:23:21,964 - cyberbully - INFO - Cyberbullying Detection Pipeline
2026-04-09 17:23:21,964 - cyberbully - INFO - ============================================================
2026-04-09 17:23:21,964 - cyberbully - INFO - Configuration:
2026-04-09 17:23:21,964 - cyberbully - INFO -   model          : chandar-lab/NeoBERT
2026-04-09 17:23:21,964 - cyberbully - INFO -   dataset        : ieee
2026-04-09 17:23:21,964 - cyberbully - INFO -   preprocess     : True
2026-04-09 17:23:21,964 - cyberbully - INFO -   augment        : True
2026-04-09 17:23:21,964 - cyberbully - INFO -   compute_attribution: False
2026-04-09 17:23:21,964 - cyberbully - INFO -   seed           : 90995999
2026-04-09 17:23:21,964 - cyberbully - INFO -   epochs         : 10
2026-04-09 17:23:21,964 - cyberbully - INFO -   batch_size     : 32
2026-04-09 17:23:21,964 - cyberbully - INFO -   lr             : 5e-05
2026-04-09 17:23:21,964 - cyberbully - INFO -   max_length     : 128
2026-04-09 17:23:21,964 - cyberbully - INFO -   output_dir     : grid-search
2026-04-09 17:23:21,964 - cyberbully - INFO -   data_dir       : dataset
2026-04-09 17:23:21,964 - cyberbully - INFO -   sbert          : False
2026-04-09 17:23:21,964 - cyberbully - INFO -   supcon         : False
2026-04-09 17:23:21,964 - cyberbully - INFO -   supcon_weight  : 0.1
2026-04-09 17:23:21,964 - cyberbully - INFO -   proj_dim       : 128
2026-04-09 17:23:21,964 - cyberbully - INFO -   grad_accum_steps: 1
2026-04-09 17:23:21,964 - cyberbully - INFO -   overwrite      : False
2026-04-09 17:23:21,964 - cyberbully - INFO -   device         : cuda
2026-04-09 17:23:21,964 - cyberbully - INFO -   output_dir     : experiments/grid-search/chandar-lab_NeoBERT/ieee/prep1_aug1/seed_90995999
2026-04-09 17:23:21,964 - cyberbully - INFO - ============================================================
2026-04-09 17:23:21,964 - cyberbully - INFO - Step 1: Preparing data...
2026-04-09 17:23:21,968 - cyberbully - INFO - Loaded pre-split data from dataset/ieee — train: 1348, val: 338, test: 422
2026-04-09 17:23:21,968 - cyberbully - INFO - Label mapping: {'Cyberstalking': 0, 'Doxing': 1, 'Revenge Porn': 2, 'Sexual Harassment': 3, 'Slut Shaming': 4}
2026-04-09 17:23:21,968 - cyberbully - INFO - Applying text preprocessing per split...
2026-04-09 17:23:25,963 - cyberbully - INFO - After preprocessing — train: 1174, val: 304, test: 377
2026-04-09 17:23:25,964 - cyberbully - INFO - Applying training data augmentation (oversampling)...
2026-04-09 17:23:25,965 - cyberbully - INFO - After oversampling — class distribution: {0: 288, 1: 288, 2: 288, 3: 288, 4: 288}
2026-04-09 17:23:25,966 - cyberbully - INFO - Number of classes: 5
2026-04-09 17:23:25,967 - cyberbully - INFO - Step 2: Loading model and tokenizer...
2026-04-09 17:23:25,967 - cyberbully - INFO - Loading model 'chandar-lab/NeoBERT' with 5 labels (sbert=False, supcon=False)
2026-04-09 17:23:27,779 - cyberbully - INFO - Step 3: Creating datasets...
2026-04-09 17:23:27,804 - cyberbully - INFO - Dataset sizes — train: 1440, val: 304, test: 377
2026-04-09 17:23:27,805 - cyberbully - INFO - Step 4: Training...
2026-04-09 17:23:28,086 - cyberbully - INFO - Starting training...
2026-04-09 17:26:13,596 - cyberbully - INFO - Training complete.
2026-04-09 17:26:13,730 - cyberbully - INFO - Removed checkpoint: experiments/grid-search/chandar-lab_NeoBERT/ieee/prep1_aug1/seed_90995999/checkpoint-90
2026-04-09 17:26:13,865 - cyberbully - INFO - Removed checkpoint: experiments/grid-search/chandar-lab_NeoBERT/ieee/prep1_aug1/seed_90995999/checkpoint-180
2026-04-09 17:26:13,995 - cyberbully - INFO - Removed checkpoint: experiments/grid-search/chandar-lab_NeoBERT/ieee/prep1_aug1/seed_90995999/checkpoint-225
2026-04-09 17:26:14,124 - cyberbully - INFO - Removed checkpoint: experiments/grid-search/chandar-lab_NeoBERT/ieee/prep1_aug1/seed_90995999/checkpoint-135
2026-04-09 17:26:14,258 - cyberbully - INFO - Removed checkpoint: experiments/grid-search/chandar-lab_NeoBERT/ieee/prep1_aug1/seed_90995999/checkpoint-315
2026-04-09 17:26:14,402 - cyberbully - INFO - Removed checkpoint: experiments/grid-search/chandar-lab_NeoBERT/ieee/prep1_aug1/seed_90995999/checkpoint-450
2026-04-09 17:26:14,539 - cyberbully - INFO - Removed checkpoint: experiments/grid-search/chandar-lab_NeoBERT/ieee/prep1_aug1/seed_90995999/checkpoint-360
2026-04-09 17:26:14,707 - cyberbully - INFO - Removed checkpoint: experiments/grid-search/chandar-lab_NeoBERT/ieee/prep1_aug1/seed_90995999/checkpoint-45
2026-04-09 17:26:14,845 - cyberbully - INFO - Removed checkpoint: experiments/grid-search/chandar-lab_NeoBERT/ieee/prep1_aug1/seed_90995999/checkpoint-270
2026-04-09 17:26:14,986 - cyberbully - INFO - Removed checkpoint: experiments/grid-search/chandar-lab_NeoBERT/ieee/prep1_aug1/seed_90995999/checkpoint-405
2026-04-09 17:26:14,986 - cyberbully - INFO - Step 5: Evaluating on test set...
2026-04-09 17:26:20,212 - cyberbully - INFO - Metrics saved to experiments/grid-search/chandar-lab_NeoBERT/ieee/prep1_aug1/seed_90995999/metrics.json
2026-04-09 17:26:20,212 - cyberbully - INFO - Confusion matrix saved to experiments/grid-search/chandar-lab_NeoBERT/ieee/prep1_aug1/seed_90995999/confusion_matrix.json
2026-04-09 17:26:20,217 - cyberbully - INFO - Per-sample predictions saved to experiments/grid-search/chandar-lab_NeoBERT/ieee/prep1_aug1/seed_90995999/predictions.json
2026-04-09 17:26:20,317 - cyberbully - INFO - Confusion matrix figure saved to experiments/grid-search/chandar-lab_NeoBERT/ieee/prep1_aug1/seed_90995999/confusion_matrix.pdf
2026-04-09 17:26:20,318 - cyberbully - INFO - Accuracy: 0.7931
2026-04-09 17:26:20,318 - cyberbully - INFO - Weighted F1: 0.7958
2026-04-09 17:26:20,318 - cyberbully - INFO - Micro F1: 0.7931
2026-04-09 17:26:20,318 - cyberbully - INFO - Inference time: 0.59 seconds
2026-04-09 17:26:20,318 - cyberbully - INFO - Energy consumption: 0.000038 kWh
2026-04-09 17:26:20,318 - cyberbully - INFO - ============================================================
2026-04-09 17:26:20,318 - cyberbully - INFO - Pipeline complete. Results saved to: experiments/grid-search/chandar-lab_NeoBERT/ieee/prep1_aug1/seed_90995999
2026-04-09 17:26:20,318 - cyberbully - INFO - ============================================================
