2026-03-19 08:18:15,298 - cyberbully - INFO - Model 'all-mpnet-base-v2' detected as SBERT-based. Using SBERTClassifier pipeline.
2026-03-19 08:18:15,298 - cyberbully - INFO - ============================================================
2026-03-19 08:18:15,298 - cyberbully - INFO - Cyberbullying Detection Pipeline
2026-03-19 08:18:15,298 - cyberbully - INFO - ============================================================
2026-03-19 08:18:15,298 - cyberbully - INFO - Configuration:
2026-03-19 08:18:15,298 - cyberbully - INFO -   model          : all-mpnet-base-v2
2026-03-19 08:18:15,298 - cyberbully - INFO -   dataset        : ieee
2026-03-19 08:18:15,298 - cyberbully - INFO -   preprocess     : True
2026-03-19 08:18:15,298 - cyberbully - INFO -   augment        : False
2026-03-19 08:18:15,298 - cyberbully - INFO -   compute_attribution: False
2026-03-19 08:18:15,298 - cyberbully - INFO -   seed           : 87212562
2026-03-19 08:18:15,298 - cyberbully - INFO -   epochs         : 10
2026-03-19 08:18:15,298 - cyberbully - INFO -   batch_size     : 32
2026-03-19 08:18:15,298 - cyberbully - INFO -   lr             : 5e-05
2026-03-19 08:18:15,298 - cyberbully - INFO -   max_length     : 128
2026-03-19 08:18:15,298 - cyberbully - INFO -   output_dir     : supcon-baseline
2026-03-19 08:18:15,298 - cyberbully - INFO -   data_dir       : dataset
2026-03-19 08:18:15,298 - cyberbully - INFO -   sbert          : True
2026-03-19 08:18:15,298 - cyberbully - INFO -   supcon         : False
2026-03-19 08:18:15,298 - cyberbully - INFO -   supcon_weight  : 0.1
2026-03-19 08:18:15,298 - cyberbully - INFO -   proj_dim       : 128
2026-03-19 08:18:15,298 - cyberbully - INFO -   grad_accum_steps: 1
2026-03-19 08:18:15,298 - cyberbully - INFO -   overwrite      : False
2026-03-19 08:18:15,298 - cyberbully - INFO -   device         : cuda
2026-03-19 08:18:15,298 - cyberbully - INFO -   output_dir     : experiments/supcon-baseline/all-mpnet-base-v2/ieee/prep1_aug0/seed_87212562
2026-03-19 08:18:15,298 - cyberbully - INFO - ============================================================
2026-03-19 08:18:15,298 - cyberbully - INFO - Step 1: Preparing data...
2026-03-19 08:18:15,302 - cyberbully - INFO - Loaded pre-split data from dataset/ieee — train: 1348, val: 338, test: 422
2026-03-19 08:18:15,302 - cyberbully - INFO - Label mapping: {'Cyberstalking': 0, 'Doxing': 1, 'Revenge Porn': 2, 'Sexual Harassment': 3, 'Slut Shaming': 4}
2026-03-19 08:18:15,302 - cyberbully - INFO - Applying text preprocessing per split...
2026-03-19 08:18:15,423 - cyberbully - INFO - After preprocessing — train: 1348, val: 338, test: 422
2026-03-19 08:18:15,425 - cyberbully - INFO - Number of classes: 5
2026-03-19 08:18:15,426 - cyberbully - INFO - Step 2: Loading model and tokenizer...
2026-03-19 08:18:15,426 - cyberbully - INFO - Loading model 'all-mpnet-base-v2' with 5 labels (sbert=True, supcon=False)
2026-03-19 08:18:18,843 - cyberbully - INFO - SBERTClassifier: embedding_dim=768, hidden=256, num_labels=5
2026-03-19 08:18:19,139 - cyberbully - INFO - Step 3: Creating datasets...
2026-03-19 08:18:19,158 - cyberbully - INFO - Dataset sizes — train: 1348, val: 338, test: 422
2026-03-19 08:18:19,158 - cyberbully - INFO - Step 4: Training...
2026-03-19 08:18:19,162 - cyberbully - INFO - Starting training...
2026-03-19 08:20:26,857 - cyberbully - INFO - Training complete.
2026-03-19 08:20:26,935 - cyberbully - INFO - Removed checkpoint: experiments/supcon-baseline/all-mpnet-base-v2/ieee/prep1_aug0/seed_87212562/checkpoint-215
2026-03-19 08:20:27,244 - cyberbully - INFO - Removed checkpoint: experiments/supcon-baseline/all-mpnet-base-v2/ieee/prep1_aug0/seed_87212562/checkpoint-387
2026-03-19 08:20:27,327 - cyberbully - INFO - Removed checkpoint: experiments/supcon-baseline/all-mpnet-base-v2/ieee/prep1_aug0/seed_87212562/checkpoint-86
2026-03-19 08:20:27,407 - cyberbully - INFO - Removed checkpoint: experiments/supcon-baseline/all-mpnet-base-v2/ieee/prep1_aug0/seed_87212562/checkpoint-129
2026-03-19 08:20:27,738 - cyberbully - INFO - Removed checkpoint: experiments/supcon-baseline/all-mpnet-base-v2/ieee/prep1_aug0/seed_87212562/checkpoint-344
2026-03-19 08:20:27,816 - cyberbully - INFO - Removed checkpoint: experiments/supcon-baseline/all-mpnet-base-v2/ieee/prep1_aug0/seed_87212562/checkpoint-258
2026-03-19 08:20:27,904 - cyberbully - INFO - Removed checkpoint: experiments/supcon-baseline/all-mpnet-base-v2/ieee/prep1_aug0/seed_87212562/checkpoint-43
2026-03-19 08:20:27,980 - cyberbully - INFO - Removed checkpoint: experiments/supcon-baseline/all-mpnet-base-v2/ieee/prep1_aug0/seed_87212562/checkpoint-301
2026-03-19 08:20:28,058 - cyberbully - INFO - Removed checkpoint: experiments/supcon-baseline/all-mpnet-base-v2/ieee/prep1_aug0/seed_87212562/checkpoint-172
2026-03-19 08:20:28,134 - cyberbully - INFO - Removed checkpoint: experiments/supcon-baseline/all-mpnet-base-v2/ieee/prep1_aug0/seed_87212562/checkpoint-430
2026-03-19 08:20:28,134 - cyberbully - INFO - Step 5: Evaluating on test set...
2026-03-19 08:20:33,584 - cyberbully - INFO - Metrics saved to experiments/supcon-baseline/all-mpnet-base-v2/ieee/prep1_aug0/seed_87212562/metrics.json
2026-03-19 08:20:33,584 - cyberbully - INFO - Confusion matrix saved to experiments/supcon-baseline/all-mpnet-base-v2/ieee/prep1_aug0/seed_87212562/confusion_matrix.json
2026-03-19 08:20:33,588 - cyberbully - INFO - Per-sample predictions saved to experiments/supcon-baseline/all-mpnet-base-v2/ieee/prep1_aug0/seed_87212562/predictions.json
2026-03-19 08:20:33,694 - cyberbully - INFO - Confusion matrix figure saved to experiments/supcon-baseline/all-mpnet-base-v2/ieee/prep1_aug0/seed_87212562/confusion_matrix.pdf
2026-03-19 08:20:33,694 - cyberbully - INFO - Accuracy: 0.8057
2026-03-19 08:20:33,695 - cyberbully - INFO - Weighted F1: 0.8075
2026-03-19 08:20:33,695 - cyberbully - INFO - Micro F1: 0.8057
2026-03-19 08:20:33,695 - cyberbully - INFO - Inference time: 0.23 seconds
2026-03-19 08:20:33,695 - cyberbully - INFO - Energy consumption: 0.000019 kWh
2026-03-19 08:20:33,695 - cyberbully - INFO - ============================================================
2026-03-19 08:20:33,695 - cyberbully - INFO - Pipeline complete. Results saved to: experiments/supcon-baseline/all-mpnet-base-v2/ieee/prep1_aug0/seed_87212562
2026-03-19 08:20:33,695 - cyberbully - INFO - ============================================================
