2026-03-27 04:18:54,969 - cyberbully - INFO - Model 'all-mpnet-base-v2' detected as SBERT-based. Using SBERTClassifier pipeline.
2026-03-27 04:18:54,970 - cyberbully - INFO - ============================================================
2026-03-27 04:18:54,970 - cyberbully - INFO - Cyberbullying Detection Pipeline
2026-03-27 04:18:54,970 - cyberbully - INFO - ============================================================
2026-03-27 04:18:54,970 - cyberbully - INFO - Configuration:
2026-03-27 04:18:54,970 - cyberbully - INFO -   model          : all-mpnet-base-v2
2026-03-27 04:18:54,970 - cyberbully - INFO -   dataset        : kaggle
2026-03-27 04:18:54,970 - cyberbully - INFO -   preprocess     : False
2026-03-27 04:18:54,970 - cyberbully - INFO -   augment        : False
2026-03-27 04:18:54,970 - cyberbully - INFO -   compute_attribution: False
2026-03-27 04:18:54,970 - cyberbully - INFO -   seed           : 87212562
2026-03-27 04:18:54,970 - cyberbully - INFO -   epochs         : 10
2026-03-27 04:18:54,970 - cyberbully - INFO -   batch_size     : 64
2026-03-27 04:18:54,970 - cyberbully - INFO -   lr             : 5e-05
2026-03-27 04:18:54,970 - cyberbully - INFO -   max_length     : 128
2026-03-27 04:18:54,970 - cyberbully - INFO -   output_dir     : supcon-grid
2026-03-27 04:18:54,970 - cyberbully - INFO -   data_dir       : dataset
2026-03-27 04:18:54,970 - cyberbully - INFO -   sbert          : True
2026-03-27 04:18:54,970 - cyberbully - INFO -   supcon         : False
2026-03-27 04:18:54,970 - cyberbully - INFO -   supcon_weight  : 0.1
2026-03-27 04:18:54,970 - cyberbully - INFO -   proj_dim       : 128
2026-03-27 04:18:54,970 - cyberbully - INFO -   grad_accum_steps: 1
2026-03-27 04:18:54,970 - cyberbully - INFO -   overwrite      : False
2026-03-27 04:18:54,970 - cyberbully - INFO -   device         : cuda
2026-03-27 04:18:54,970 - cyberbully - INFO -   output_dir     : experiments/supcon-grid/all-mpnet-base-v2/kaggle/prep0_aug0/seed_87212562
2026-03-27 04:18:54,970 - cyberbully - INFO - ============================================================
2026-03-27 04:18:54,970 - cyberbully - INFO - Step 1: Preparing data...
2026-03-27 04:18:55,016 - cyberbully - INFO - Loaded pre-split data from dataset/kaggle — train: 25604, val: 6401, test: 8002
2026-03-27 04:18:55,016 - cyberbully - INFO - Label mapping: {'age': 0, 'ethnicity': 1, 'gender': 2, 'other_cyberbullying': 3, 'religion': 4}
2026-03-27 04:18:55,026 - cyberbully - INFO - Number of classes: 5
2026-03-27 04:18:55,027 - cyberbully - INFO - Step 2: Loading model and tokenizer...
2026-03-27 04:18:55,027 - cyberbully - INFO - Loading model 'all-mpnet-base-v2' with 5 labels (sbert=True, supcon=False)
2026-03-27 04:18:58,369 - cyberbully - INFO - SBERTClassifier: embedding_dim=768, hidden=256, proj_dim=None, num_labels=5
2026-03-27 04:18:58,659 - cyberbully - INFO - Step 3: Creating datasets...
2026-03-27 04:18:59,259 - cyberbully - INFO - Dataset sizes — train: 25604, val: 6401, test: 8002
2026-03-27 04:18:59,259 - cyberbully - INFO - Step 4: Training...
2026-03-27 04:18:59,262 - cyberbully - INFO - Starting training...
2026-03-27 04:28:19,550 - cyberbully - INFO - Training complete.
2026-03-27 04:28:19,627 - cyberbully - INFO - Removed checkpoint: experiments/supcon-grid/all-mpnet-base-v2/kaggle/prep0_aug0/seed_87212562/checkpoint-3208
2026-03-27 04:28:19,704 - cyberbully - INFO - Removed checkpoint: experiments/supcon-grid/all-mpnet-base-v2/kaggle/prep0_aug0/seed_87212562/checkpoint-4010
2026-03-27 04:28:19,785 - cyberbully - INFO - Removed checkpoint: experiments/supcon-grid/all-mpnet-base-v2/kaggle/prep0_aug0/seed_87212562/checkpoint-1203
2026-03-27 04:28:19,863 - cyberbully - INFO - Removed checkpoint: experiments/supcon-grid/all-mpnet-base-v2/kaggle/prep0_aug0/seed_87212562/checkpoint-2005
2026-03-27 04:28:19,940 - cyberbully - INFO - Removed checkpoint: experiments/supcon-grid/all-mpnet-base-v2/kaggle/prep0_aug0/seed_87212562/checkpoint-2807
2026-03-27 04:28:20,018 - cyberbully - INFO - Removed checkpoint: experiments/supcon-grid/all-mpnet-base-v2/kaggle/prep0_aug0/seed_87212562/checkpoint-1604
2026-03-27 04:28:20,097 - cyberbully - INFO - Removed checkpoint: experiments/supcon-grid/all-mpnet-base-v2/kaggle/prep0_aug0/seed_87212562/checkpoint-802
2026-03-27 04:28:20,175 - cyberbully - INFO - Removed checkpoint: experiments/supcon-grid/all-mpnet-base-v2/kaggle/prep0_aug0/seed_87212562/checkpoint-2406
2026-03-27 04:28:20,258 - cyberbully - INFO - Removed checkpoint: experiments/supcon-grid/all-mpnet-base-v2/kaggle/prep0_aug0/seed_87212562/checkpoint-401
2026-03-27 04:28:20,335 - cyberbully - INFO - Removed checkpoint: experiments/supcon-grid/all-mpnet-base-v2/kaggle/prep0_aug0/seed_87212562/checkpoint-3609
2026-03-27 04:28:20,335 - cyberbully - INFO - Step 5: Evaluating on test set...
2026-03-27 04:28:28,652 - cyberbully - INFO - Metrics saved to experiments/supcon-grid/all-mpnet-base-v2/kaggle/prep0_aug0/seed_87212562/metrics.json
2026-03-27 04:28:28,652 - cyberbully - INFO - Confusion matrix saved to experiments/supcon-grid/all-mpnet-base-v2/kaggle/prep0_aug0/seed_87212562/confusion_matrix.json
2026-03-27 04:28:28,732 - cyberbully - INFO - Per-sample predictions saved to experiments/supcon-grid/all-mpnet-base-v2/kaggle/prep0_aug0/seed_87212562/predictions.json
2026-03-27 04:28:28,836 - cyberbully - INFO - Confusion matrix figure saved to experiments/supcon-grid/all-mpnet-base-v2/kaggle/prep0_aug0/seed_87212562/confusion_matrix.pdf
2026-03-27 04:28:28,836 - cyberbully - INFO - Accuracy: 0.9554
2026-03-27 04:28:28,836 - cyberbully - INFO - Weighted F1: 0.9554
2026-03-27 04:28:28,836 - cyberbully - INFO - Micro F1: 0.9554
2026-03-27 04:28:28,836 - cyberbully - INFO - Inference time: 4.09 seconds
2026-03-27 04:28:28,836 - cyberbully - INFO - Energy consumption: 0.000255 kWh
2026-03-27 04:28:28,837 - cyberbully - INFO - ============================================================
2026-03-27 04:28:28,837 - cyberbully - INFO - Pipeline complete. Results saved to: experiments/supcon-grid/all-mpnet-base-v2/kaggle/prep0_aug0/seed_87212562
2026-03-27 04:28:28,837 - cyberbully - INFO - ============================================================
