2026-04-08 19:12:19,394 - cyberbully - INFO - ============================================================
2026-04-08 19:12:19,394 - cyberbully - INFO - Cyberbullying Detection Pipeline
2026-04-08 19:12:19,394 - cyberbully - INFO - ============================================================
2026-04-08 19:12:19,394 - cyberbully - INFO - Configuration:
2026-04-08 19:12:19,395 - cyberbully - INFO -   model          : google/mobilebert-uncased
2026-04-08 19:12:19,395 - cyberbully - INFO -   dataset        : ieee
2026-04-08 19:12:19,395 - cyberbully - INFO -   preprocess     : True
2026-04-08 19:12:19,395 - cyberbully - INFO -   augment        : True
2026-04-08 19:12:19,395 - cyberbully - INFO -   compute_attribution: False
2026-04-08 19:12:19,395 - cyberbully - INFO -   seed           : 37622020
2026-04-08 19:12:19,395 - cyberbully - INFO -   epochs         : 10
2026-04-08 19:12:19,395 - cyberbully - INFO -   batch_size     : 32
2026-04-08 19:12:19,395 - cyberbully - INFO -   lr             : 5e-05
2026-04-08 19:12:19,395 - cyberbully - INFO -   max_length     : 128
2026-04-08 19:12:19,395 - cyberbully - INFO -   output_dir     : grid-search
2026-04-08 19:12:19,395 - cyberbully - INFO -   data_dir       : dataset
2026-04-08 19:12:19,395 - cyberbully - INFO -   sbert          : False
2026-04-08 19:12:19,395 - cyberbully - INFO -   supcon         : False
2026-04-08 19:12:19,395 - cyberbully - INFO -   supcon_weight  : 0.1
2026-04-08 19:12:19,395 - cyberbully - INFO -   proj_dim       : 128
2026-04-08 19:12:19,395 - cyberbully - INFO -   grad_accum_steps: 1
2026-04-08 19:12:19,395 - cyberbully - INFO -   overwrite      : False
2026-04-08 19:12:19,395 - cyberbully - INFO -   device         : cuda
2026-04-08 19:12:19,395 - cyberbully - INFO -   output_dir     : experiments/grid-search/google_mobilebert-uncased/ieee/prep1_aug1/seed_37622020
2026-04-08 19:12:19,395 - cyberbully - INFO - ============================================================
2026-04-08 19:12:19,395 - cyberbully - INFO - Step 1: Preparing data...
2026-04-08 19:12:19,398 - cyberbully - INFO - Loaded pre-split data from dataset/ieee — train: 1348, val: 338, test: 422
2026-04-08 19:12:19,398 - cyberbully - INFO - Label mapping: {'Cyberstalking': 0, 'Doxing': 1, 'Revenge Porn': 2, 'Sexual Harassment': 3, 'Slut Shaming': 4}
2026-04-08 19:12:19,399 - cyberbully - INFO - Applying text preprocessing per split...
2026-04-08 19:12:22,437 - cyberbully - INFO - After preprocessing — train: 1176, val: 304, test: 377
2026-04-08 19:12:22,438 - cyberbully - INFO - Applying training data augmentation (oversampling)...
2026-04-08 19:12:22,439 - cyberbully - INFO - After oversampling — class distribution: {0: 286, 1: 286, 2: 286, 3: 286, 4: 286}
2026-04-08 19:12:22,440 - cyberbully - INFO - Number of classes: 5
2026-04-08 19:12:22,441 - cyberbully - INFO - Step 2: Loading model and tokenizer...
2026-04-08 19:12:22,441 - cyberbully - INFO - Loading model 'google/mobilebert-uncased' with 5 labels (sbert=False, supcon=False)
2026-04-08 19:12:24,570 - cyberbully - WARNING - FP16 disabled for model_type='mobilebert' (known fp16 instability).
2026-04-08 19:12:24,571 - cyberbully - INFO - Step 3: Creating datasets...
2026-04-08 19:12:24,591 - cyberbully - INFO - Dataset sizes — train: 1430, val: 304, test: 377
2026-04-08 19:12:24,591 - cyberbully - INFO - Step 4: Training...
2026-04-08 19:12:24,665 - cyberbully - INFO - Starting training...
2026-04-08 19:13:07,553 - cyberbully - INFO - Training complete.
2026-04-08 19:13:07,574 - cyberbully - INFO - Removed checkpoint: experiments/grid-search/google_mobilebert-uncased/ieee/prep1_aug1/seed_37622020/checkpoint-405
2026-04-08 19:13:07,592 - cyberbully - INFO - Removed checkpoint: experiments/grid-search/google_mobilebert-uncased/ieee/prep1_aug1/seed_37622020/checkpoint-90
2026-04-08 19:13:07,609 - cyberbully - INFO - Removed checkpoint: experiments/grid-search/google_mobilebert-uncased/ieee/prep1_aug1/seed_37622020/checkpoint-225
2026-04-08 19:13:07,626 - cyberbully - INFO - Removed checkpoint: experiments/grid-search/google_mobilebert-uncased/ieee/prep1_aug1/seed_37622020/checkpoint-180
2026-04-08 19:13:07,647 - cyberbully - INFO - Removed checkpoint: experiments/grid-search/google_mobilebert-uncased/ieee/prep1_aug1/seed_37622020/checkpoint-315
2026-04-08 19:13:07,668 - cyberbully - INFO - Removed checkpoint: experiments/grid-search/google_mobilebert-uncased/ieee/prep1_aug1/seed_37622020/checkpoint-360
2026-04-08 19:13:07,686 - cyberbully - INFO - Removed checkpoint: experiments/grid-search/google_mobilebert-uncased/ieee/prep1_aug1/seed_37622020/checkpoint-45
2026-04-08 19:13:07,706 - cyberbully - INFO - Removed checkpoint: experiments/grid-search/google_mobilebert-uncased/ieee/prep1_aug1/seed_37622020/checkpoint-270
2026-04-08 19:13:07,724 - cyberbully - INFO - Removed checkpoint: experiments/grid-search/google_mobilebert-uncased/ieee/prep1_aug1/seed_37622020/checkpoint-135
2026-04-08 19:13:07,742 - cyberbully - INFO - Removed checkpoint: experiments/grid-search/google_mobilebert-uncased/ieee/prep1_aug1/seed_37622020/checkpoint-450
2026-04-08 19:13:07,742 - cyberbully - INFO - Step 5: Evaluating on test set...
2026-04-08 19:13:12,131 - cyberbully - INFO - Metrics saved to experiments/grid-search/google_mobilebert-uncased/ieee/prep1_aug1/seed_37622020/metrics.json
2026-04-08 19:13:12,131 - cyberbully - INFO - Confusion matrix saved to experiments/grid-search/google_mobilebert-uncased/ieee/prep1_aug1/seed_37622020/confusion_matrix.json
2026-04-08 19:13:12,136 - cyberbully - INFO - Per-sample predictions saved to experiments/grid-search/google_mobilebert-uncased/ieee/prep1_aug1/seed_37622020/predictions.json
2026-04-08 19:13:12,240 - cyberbully - INFO - Confusion matrix figure saved to experiments/grid-search/google_mobilebert-uncased/ieee/prep1_aug1/seed_37622020/confusion_matrix.pdf
2026-04-08 19:13:12,240 - cyberbully - INFO - Accuracy: 0.7878
2026-04-08 19:13:12,240 - cyberbully - INFO - Weighted F1: 0.7865
2026-04-08 19:13:12,240 - cyberbully - INFO - Micro F1: 0.7878
2026-04-08 19:13:12,240 - cyberbully - INFO - Inference time: 0.19 seconds
2026-04-08 19:13:12,240 - cyberbully - INFO - Energy consumption: 0.000007 kWh
2026-04-08 19:13:12,240 - cyberbully - INFO - ============================================================
2026-04-08 19:13:12,240 - cyberbully - INFO - Pipeline complete. Results saved to: experiments/grid-search/google_mobilebert-uncased/ieee/prep1_aug1/seed_37622020
2026-04-08 19:13:12,240 - cyberbully - INFO - ============================================================
