2026-02-10 22:19:43,225 - cyberbully - INFO - ============================================================
2026-02-10 22:19:43,225 - cyberbully - INFO - Cyberbullying Detection Pipeline
2026-02-10 22:19:43,225 - cyberbully - INFO - ============================================================
2026-02-10 22:19:43,225 - cyberbully - INFO - Configuration:
2026-02-10 22:19:43,225 - cyberbully - INFO -   model          : bert-base-uncased
2026-02-10 22:19:43,225 - cyberbully - INFO -   dataset        : kaggle
2026-02-10 22:19:43,225 - cyberbully - INFO -   preprocess     : True
2026-02-10 22:19:43,225 - cyberbully - INFO -   augment        : True
2026-02-10 22:19:43,225 - cyberbully - INFO -   compute_attribution: False
2026-02-10 22:19:43,225 - cyberbully - INFO -   seed           : 87212562
2026-02-10 22:19:43,225 - cyberbully - INFO -   epochs         : 5
2026-02-10 22:19:43,225 - cyberbully - INFO -   batch_size     : 16
2026-02-10 22:19:43,225 - cyberbully - INFO -   lr             : 2e-05
2026-02-10 22:19:43,225 - cyberbully - INFO -   max_length     : 128
2026-02-10 22:19:43,225 - cyberbully - INFO -   output_dir     : experiments
2026-02-10 22:19:43,225 - cyberbully - INFO -   data_dir       : dataset
2026-02-10 22:19:43,225 - cyberbully - INFO -   overwrite      : False
2026-02-10 22:19:43,225 - cyberbully - INFO -   device         : cuda
2026-02-10 22:19:43,225 - cyberbully - INFO -   output_dir     : experiments/bert-base-uncased/kaggle/prep1_aug1/seed_87212562
2026-02-10 22:19:43,225 - cyberbully - INFO - ============================================================
2026-02-10 22:19:43,225 - cyberbully - INFO - Step 1: Preparing data...
2026-02-10 22:19:43,225 - cyberbully - INFO - Loading dataset 'kaggle' from dataset/Kaggle.csv
2026-02-10 22:19:43,284 - cyberbully - INFO - Loaded 47656 samples with 6 classes: ['age', 'ethnicity', 'gender', 'not_cyberbullying', 'other_cyberbullying', 'religion']
2026-02-10 22:19:43,284 - cyberbully - INFO - Applying text preprocessing...
2026-02-10 22:20:35,793 - cyberbully - INFO - After preprocessing: 41390 samples remain
2026-02-10 22:20:35,796 - cyberbully - INFO - Label mapping: {'age': 0, 'ethnicity': 1, 'gender': 2, 'not_cyberbullying': 3, 'other_cyberbullying': 4, 'religion': 5}
2026-02-10 22:20:35,807 - cyberbully - INFO - Split sizes — train: 26489, val: 6623, test: 8278
2026-02-10 22:20:35,807 - cyberbully - INFO - Applying training data augmentation (oversampling)...
2026-02-10 22:20:35,812 - cyberbully - INFO - After oversampling — class distribution: {0: 5067, 1: 5067, 2: 5067, 3: 5067, 4: 5067, 5: 5067}
2026-02-10 22:20:35,813 - cyberbully - INFO - Number of classes: 6
2026-02-10 22:20:35,813 - cyberbully - INFO - Step 2: Loading model and tokenizer...
2026-02-10 22:20:35,813 - cyberbully - INFO - Loading model 'bert-base-uncased' with 6 labels
2026-02-10 22:20:36,531 - cyberbully - INFO - Step 3: Tokenizing datasets...
2026-02-10 22:20:37,518 - cyberbully - INFO - Dataset sizes — train: 30402, val: 6623, test: 8278
2026-02-10 22:20:37,518 - cyberbully - INFO - Step 4: Training...
2026-02-10 22:20:37,752 - cyberbully - INFO - Starting training...
2026-02-10 22:30:33,983 - cyberbully - INFO - Training complete.
2026-02-10 22:30:33,984 - cyberbully - INFO - Step 5: Evaluating on test set...
2026-02-10 22:30:44,941 - cyberbully - INFO - Metrics saved to experiments/bert-base-uncased/kaggle/prep1_aug1/seed_87212562/metrics.json
2026-02-10 22:30:44,941 - cyberbully - INFO - Confusion matrix saved to experiments/bert-base-uncased/kaggle/prep1_aug1/seed_87212562/confusion_matrix.json
2026-02-10 22:30:45,053 - cyberbully - INFO - Confusion matrix figure saved to experiments/bert-base-uncased/kaggle/prep1_aug1/seed_87212562/confusion_matrix.pdf
2026-02-10 22:30:45,054 - cyberbully - INFO - Accuracy: 0.8645
2026-02-10 22:30:45,054 - cyberbully - INFO - Weighted F1: 0.8645
2026-02-10 22:30:45,054 - cyberbully - INFO - Micro F1: 0.8645
2026-02-10 22:30:45,054 - cyberbully - INFO - Inference time: 6.63 seconds
2026-02-10 22:30:45,054 - cyberbully - INFO - Energy consumption: 0.000377 kWh
2026-02-10 22:30:45,054 - cyberbully - INFO - ============================================================
2026-02-10 22:30:45,054 - cyberbully - INFO - Pipeline complete. Results saved to: experiments/bert-base-uncased/kaggle/prep1_aug1/seed_87212562
2026-02-10 22:30:45,054 - cyberbully - INFO - ============================================================
