2026-06-15 23:28:13,628 - cyberbully - INFO - Model 'all-mpnet-base-v2' detected as SBERT-based. Using SBERTClassifier pipeline.
2026-06-15 23:28:13,628 - cyberbully - INFO - ============================================================
2026-06-15 23:28:13,628 - cyberbully - INFO - Cyberbullying Detection Pipeline
2026-06-15 23:28:13,628 - cyberbully - INFO - ============================================================
2026-06-15 23:28:13,628 - cyberbully - INFO - Configuration:
2026-06-15 23:28:13,628 - cyberbully - INFO -   model          : all-mpnet-base-v2
2026-06-15 23:28:13,628 - cyberbully - INFO -   dataset        : ieee
2026-06-15 23:28:13,628 - cyberbully - INFO -   preprocess     : False
2026-06-15 23:28:13,628 - cyberbully - INFO -   prep_mode      : 2
2026-06-15 23:28:13,628 - cyberbully - INFO -   augment        : False
2026-06-15 23:28:13,628 - cyberbully - INFO -   compute_attribution: False
2026-06-15 23:28:13,628 - cyberbully - INFO -   seed           : 90995999
2026-06-15 23:28:13,628 - cyberbully - INFO -   epochs         : 10
2026-06-15 23:28:13,628 - cyberbully - INFO -   batch_size     : 32
2026-06-15 23:28:13,628 - cyberbully - INFO -   lr             : 5e-05
2026-06-15 23:28:13,628 - cyberbully - INFO -   max_length     : 128
2026-06-15 23:28:13,628 - cyberbully - INFO -   output_dir     : grid-search
2026-06-15 23:28:13,628 - cyberbully - INFO -   data_dir       : dataset
2026-06-15 23:28:13,628 - cyberbully - INFO -   sbert          : True
2026-06-15 23:28:13,628 - cyberbully - INFO -   supcon         : False
2026-06-15 23:28:13,628 - cyberbully - INFO -   supcon_weight  : 0.1
2026-06-15 23:28:13,628 - cyberbully - INFO -   proj_dim       : 128
2026-06-15 23:28:13,628 - cyberbully - INFO -   grad_accum_steps: 1
2026-06-15 23:28:13,628 - cyberbully - INFO -   overwrite      : False
2026-06-15 23:28:13,628 - cyberbully - INFO -   device         : cuda
2026-06-15 23:28:13,628 - cyberbully - INFO -   output_dir     : experiments/grid-search/all-mpnet-base-v2/ieee/prep2_aug0/seed_90995999
2026-06-15 23:28:13,628 - cyberbully - INFO - ============================================================
2026-06-15 23:28:13,628 - cyberbully - INFO - Step 1: Preparing data...
2026-06-15 23:28:13,632 - cyberbully - INFO - Loaded pre-split data from dataset/ieee — train: 1348, val: 338, test: 422
2026-06-15 23:28:13,632 - cyberbully - INFO - Label mapping: {'Cyberstalking': 0, 'Doxing': 1, 'Revenge Porn': 2, 'Sexual Harassment': 3, 'Slut Shaming': 4}
2026-06-15 23:28:13,633 - cyberbully - INFO - Applying partial text preprocessing per split...
2026-06-15 23:28:13,686 - cyberbully - INFO - After preprocessing -- train: 1348, val: 338, test: 422
2026-06-15 23:28:13,688 - cyberbully - INFO - Number of classes: 5
2026-06-15 23:28:13,689 - cyberbully - INFO - Step 2: Loading model and tokenizer...
2026-06-15 23:28:13,689 - cyberbully - INFO - Loading model 'all-mpnet-base-v2' with 5 labels (sbert=True, supcon=False)
2026-06-15 23:28:19,580 - cyberbully - INFO - SBERTClassifier: embedding_dim=768, hidden=256, proj_dim=None, num_labels=5
2026-06-15 23:28:20,135 - cyberbully - INFO - Step 3: Creating datasets...
2026-06-15 23:28:20,152 - cyberbully - INFO - Dataset sizes — train: 1348, val: 338, test: 422
2026-06-15 23:28:20,152 - cyberbully - INFO - Step 4: Training...
2026-06-15 23:28:20,170 - cyberbully - INFO - Starting training...
2026-06-15 23:29:01,506 - cyberbully - INFO - Training complete.
2026-06-15 23:29:01,600 - cyberbully - INFO - Removed checkpoint: experiments/grid-search/all-mpnet-base-v2/ieee/prep2_aug0/seed_90995999/checkpoint-215
2026-06-15 23:29:01,694 - cyberbully - INFO - Removed checkpoint: experiments/grid-search/all-mpnet-base-v2/ieee/prep2_aug0/seed_90995999/checkpoint-387
2026-06-15 23:29:02,412 - cyberbully - INFO - Removed checkpoint: experiments/grid-search/all-mpnet-base-v2/ieee/prep2_aug0/seed_90995999/checkpoint-86
2026-06-15 23:29:03,404 - cyberbully - INFO - Removed checkpoint: experiments/grid-search/all-mpnet-base-v2/ieee/prep2_aug0/seed_90995999/checkpoint-129
2026-06-15 23:29:03,499 - cyberbully - INFO - Removed checkpoint: experiments/grid-search/all-mpnet-base-v2/ieee/prep2_aug0/seed_90995999/checkpoint-344
2026-06-15 23:29:03,594 - cyberbully - INFO - Removed checkpoint: experiments/grid-search/all-mpnet-base-v2/ieee/prep2_aug0/seed_90995999/checkpoint-258
2026-06-15 23:29:04,286 - cyberbully - INFO - Removed checkpoint: experiments/grid-search/all-mpnet-base-v2/ieee/prep2_aug0/seed_90995999/checkpoint-43
2026-06-15 23:29:04,379 - cyberbully - INFO - Removed checkpoint: experiments/grid-search/all-mpnet-base-v2/ieee/prep2_aug0/seed_90995999/checkpoint-301
2026-06-15 23:29:04,473 - cyberbully - INFO - Removed checkpoint: experiments/grid-search/all-mpnet-base-v2/ieee/prep2_aug0/seed_90995999/checkpoint-172
2026-06-15 23:29:04,568 - cyberbully - INFO - Removed checkpoint: experiments/grid-search/all-mpnet-base-v2/ieee/prep2_aug0/seed_90995999/checkpoint-430
2026-06-15 23:29:04,568 - cyberbully - INFO - Step 5: Evaluating on test set...
2026-06-15 23:29:10,947 - cyberbully - INFO - Metrics saved to experiments/grid-search/all-mpnet-base-v2/ieee/prep2_aug0/seed_90995999/metrics.json
2026-06-15 23:29:10,947 - cyberbully - INFO - Confusion matrix saved to experiments/grid-search/all-mpnet-base-v2/ieee/prep2_aug0/seed_90995999/confusion_matrix.json
2026-06-15 23:29:10,952 - cyberbully - INFO - Per-sample predictions saved to experiments/grid-search/all-mpnet-base-v2/ieee/prep2_aug0/seed_90995999/predictions.json
2026-06-15 23:29:11,061 - cyberbully - INFO - Confusion matrix figure saved to experiments/grid-search/all-mpnet-base-v2/ieee/prep2_aug0/seed_90995999/confusion_matrix.pdf
2026-06-15 23:29:11,061 - cyberbully - INFO - Accuracy: 0.8223
2026-06-15 23:29:11,061 - cyberbully - INFO - Weighted F1: 0.8242
2026-06-15 23:29:11,061 - cyberbully - INFO - Micro F1: 0.8223
2026-06-15 23:29:11,061 - cyberbully - INFO - Inference time: 0.23 seconds
2026-06-15 23:29:11,061 - cyberbully - INFO - Energy consumption: 0.000025 kWh
2026-06-15 23:29:11,061 - cyberbully - INFO - ============================================================
2026-06-15 23:29:11,061 - cyberbully - INFO - Pipeline complete. Results saved to: experiments/grid-search/all-mpnet-base-v2/ieee/prep2_aug0/seed_90995999
2026-06-15 23:29:11,061 - cyberbully - INFO - ============================================================
