2026-02-19 02:00:26,670 - cyberbully - INFO - ============================================================
2026-02-19 02:00:26,671 - cyberbully - INFO - Cyberbullying Detection Pipeline
2026-02-19 02:00:26,671 - cyberbully - INFO - ============================================================
2026-02-19 02:00:26,671 - cyberbully - INFO - Configuration:
2026-02-19 02:00:26,671 - cyberbully - INFO -   model          : xlnet-base-cased
2026-02-19 02:00:26,671 - cyberbully - INFO -   dataset        : ieee
2026-02-19 02:00:26,671 - cyberbully - INFO -   preprocess     : False
2026-02-19 02:00:26,671 - cyberbully - INFO -   augment        : False
2026-02-19 02:00:26,671 - cyberbully - INFO -   compute_attribution: False
2026-02-19 02:00:26,671 - cyberbully - INFO -   seed           : 37622020
2026-02-19 02:00:26,671 - cyberbully - INFO -   epochs         : 5
2026-02-19 02:00:26,671 - cyberbully - INFO -   batch_size     : 16
2026-02-19 02:00:26,671 - cyberbully - INFO -   lr             : 2e-05
2026-02-19 02:00:26,671 - cyberbully - INFO -   max_length     : 128
2026-02-19 02:00:26,671 - cyberbully - INFO -   output_dir     : grid-search
2026-02-19 02:00:26,671 - cyberbully - INFO -   data_dir       : dataset
2026-02-19 02:00:26,671 - cyberbully - INFO -   sbert          : False
2026-02-19 02:00:26,671 - cyberbully - INFO -   overwrite      : False
2026-02-19 02:00:26,671 - cyberbully - INFO -   device         : cuda
2026-02-19 02:00:26,671 - cyberbully - INFO -   output_dir     : experiments/grid-search/xlnet-base-cased/ieee/prep0_aug0/seed_37622020
2026-02-19 02:00:26,671 - cyberbully - INFO - ============================================================
2026-02-19 02:00:26,671 - cyberbully - INFO - Step 1: Preparing data...
2026-02-19 02:00:26,671 - cyberbully - INFO - Loading dataset 'ieee' from dataset/IEEE Data Port.csv
2026-02-19 02:00:26,676 - cyberbully - INFO - Loaded 2108 samples with 5 classes: ['Cyberstalking', 'Doxing', 'Revenge Porn', 'Sexual Harassment', 'Slut Shaming']
2026-02-19 02:00:26,677 - cyberbully - INFO - Label mapping: {'Cyberstalking': 0, 'Doxing': 1, 'Revenge Porn': 2, 'Sexual Harassment': 3, 'Slut Shaming': 4}
2026-02-19 02:00:26,679 - cyberbully - INFO - Split sizes — train: 1348, val: 338, test: 422
2026-02-19 02:00:26,679 - cyberbully - INFO - Number of classes: 5
2026-02-19 02:00:26,680 - cyberbully - INFO - Step 2: Loading model and tokenizer...
2026-02-19 02:00:26,680 - cyberbully - INFO - Loading model 'xlnet-base-cased' with 5 labels (sbert=False)
2026-02-19 02:00:28,759 - cyberbully - INFO - Step 3: Creating datasets...
2026-02-19 02:00:28,786 - cyberbully - INFO - Dataset sizes — train: 1348, val: 338, test: 422
2026-02-19 02:00:28,786 - cyberbully - INFO - Step 4: Training...
2026-02-19 02:00:28,914 - cyberbully - INFO - Starting training...
2026-02-19 02:00:53,825 - cyberbully - INFO - Training complete.
2026-02-19 02:00:53,825 - cyberbully - INFO - Step 5: Evaluating on test set...
2026-02-19 02:00:58,361 - cyberbully - INFO - Metrics saved to experiments/grid-search/xlnet-base-cased/ieee/prep0_aug0/seed_37622020/metrics.json
2026-02-19 02:00:58,361 - cyberbully - INFO - Confusion matrix saved to experiments/grid-search/xlnet-base-cased/ieee/prep0_aug0/seed_37622020/confusion_matrix.json
2026-02-19 02:00:58,467 - cyberbully - INFO - Confusion matrix figure saved to experiments/grid-search/xlnet-base-cased/ieee/prep0_aug0/seed_37622020/confusion_matrix.pdf
2026-02-19 02:00:58,468 - cyberbully - INFO - Accuracy: 0.8246
2026-02-19 02:00:58,468 - cyberbully - INFO - Weighted F1: 0.8263
2026-02-19 02:00:58,468 - cyberbully - INFO - Micro F1: 0.8246
2026-02-19 02:00:58,468 - cyberbully - INFO - Inference time: 0.35 seconds
2026-02-19 02:00:58,468 - cyberbully - INFO - Energy consumption: 0.000017 kWh
2026-02-19 02:00:58,468 - cyberbully - INFO - ============================================================
2026-02-19 02:00:58,468 - cyberbully - INFO - Pipeline complete. Results saved to: experiments/grid-search/xlnet-base-cased/ieee/prep0_aug0/seed_37622020
2026-02-19 02:00:58,468 - cyberbully - INFO - ============================================================
