2026-03-22 07:56:58,375 - cyberbully - INFO - ============================================================
2026-03-22 07:56:58,375 - cyberbully - INFO - Cyberbullying Detection Pipeline
2026-03-22 07:56:58,375 - cyberbully - INFO - ============================================================
2026-03-22 07:56:58,375 - cyberbully - INFO - Configuration:
2026-03-22 07:56:58,375 - cyberbully - INFO -   model          : albert/albert-base-v2
2026-03-22 07:56:58,375 - cyberbully - INFO -   dataset        : tweeteval
2026-03-22 07:56:58,375 - cyberbully - INFO -   preprocess     : True
2026-03-22 07:56:58,375 - cyberbully - INFO -   augment        : True
2026-03-22 07:56:58,375 - cyberbully - INFO -   compute_attribution: False
2026-03-22 07:56:58,375 - cyberbully - INFO -   seed           : 90995999
2026-03-22 07:56:58,375 - cyberbully - INFO -   epochs         : 10
2026-03-22 07:56:58,375 - cyberbully - INFO -   batch_size     : 32
2026-03-22 07:56:58,375 - cyberbully - INFO -   lr             : 5e-05
2026-03-22 07:56:58,375 - cyberbully - INFO -   max_length     : 128
2026-03-22 07:56:58,375 - cyberbully - INFO -   output_dir     : grid-search
2026-03-22 07:56:58,375 - cyberbully - INFO -   data_dir       : dataset
2026-03-22 07:56:58,375 - cyberbully - INFO -   sbert          : False
2026-03-22 07:56:58,376 - cyberbully - INFO -   supcon         : False
2026-03-22 07:56:58,376 - cyberbully - INFO -   supcon_weight  : 0.1
2026-03-22 07:56:58,376 - cyberbully - INFO -   proj_dim       : 128
2026-03-22 07:56:58,376 - cyberbully - INFO -   grad_accum_steps: 1
2026-03-22 07:56:58,376 - cyberbully - INFO -   overwrite      : False
2026-03-22 07:56:58,376 - cyberbully - INFO -   device         : cuda
2026-03-22 07:56:58,376 - cyberbully - INFO -   output_dir     : experiments/grid-search/albert_albert-base-v2/tweeteval/prep1_aug1/seed_90995999
2026-03-22 07:56:58,376 - cyberbully - INFO - ============================================================
2026-03-22 07:56:58,376 - cyberbully - INFO - Step 1: Preparing data...
2026-03-22 07:56:58,425 - cyberbully - INFO - Loaded pre-split data from dataset/tweeteval — train: 32485, val: 8122, test: 10152
2026-03-22 07:56:58,425 - cyberbully - INFO - Label mapping: {'emotion': 0, 'hate': 1, 'offensive': 2, 'religion': 3, 'spiritual': 4}
2026-03-22 07:56:58,425 - cyberbully - INFO - Applying text preprocessing per split...
2026-03-22 07:57:57,814 - cyberbully - INFO - After preprocessing — train: 30369, val: 7618, test: 9458
2026-03-22 07:57:57,816 - cyberbully - INFO - Applying training data augmentation (oversampling)...
2026-03-22 07:57:57,821 - cyberbully - INFO - After oversampling — class distribution: {0: 7764, 1: 7764, 2: 7764, 3: 7764, 4: 7764}
2026-03-22 07:57:57,830 - cyberbully - INFO - Number of classes: 5
2026-03-22 07:57:57,831 - cyberbully - INFO - Step 2: Loading model and tokenizer...
2026-03-22 07:57:57,831 - cyberbully - INFO - Loading model 'albert/albert-base-v2' with 5 labels (sbert=False, supcon=False)
2026-03-22 07:57:58,690 - cyberbully - INFO - Step 3: Creating datasets...
2026-03-22 07:57:59,675 - cyberbully - INFO - Dataset sizes — train: 38820, val: 7618, test: 9458
2026-03-22 07:57:59,675 - cyberbully - INFO - Step 4: Training...
2026-03-22 07:57:59,738 - cyberbully - INFO - Starting training...
2026-03-22 08:15:50,041 - cyberbully - INFO - Training complete.
2026-03-22 08:15:50,050 - cyberbully - INFO - Removed checkpoint: experiments/grid-search/albert_albert-base-v2/tweeteval/prep1_aug1/seed_90995999/checkpoint-10926
2026-03-22 08:15:50,060 - cyberbully - INFO - Removed checkpoint: experiments/grid-search/albert_albert-base-v2/tweeteval/prep1_aug1/seed_90995999/checkpoint-9712
2026-03-22 08:15:50,070 - cyberbully - INFO - Removed checkpoint: experiments/grid-search/albert_albert-base-v2/tweeteval/prep1_aug1/seed_90995999/checkpoint-2428
2026-03-22 08:15:50,081 - cyberbully - INFO - Removed checkpoint: experiments/grid-search/albert_albert-base-v2/tweeteval/prep1_aug1/seed_90995999/checkpoint-1214
2026-03-22 08:15:50,091 - cyberbully - INFO - Removed checkpoint: experiments/grid-search/albert_albert-base-v2/tweeteval/prep1_aug1/seed_90995999/checkpoint-12140
2026-03-22 08:15:50,101 - cyberbully - INFO - Removed checkpoint: experiments/grid-search/albert_albert-base-v2/tweeteval/prep1_aug1/seed_90995999/checkpoint-3642
2026-03-22 08:15:50,111 - cyberbully - INFO - Removed checkpoint: experiments/grid-search/albert_albert-base-v2/tweeteval/prep1_aug1/seed_90995999/checkpoint-6070
2026-03-22 08:15:50,121 - cyberbully - INFO - Removed checkpoint: experiments/grid-search/albert_albert-base-v2/tweeteval/prep1_aug1/seed_90995999/checkpoint-7284
2026-03-22 08:15:50,130 - cyberbully - INFO - Removed checkpoint: experiments/grid-search/albert_albert-base-v2/tweeteval/prep1_aug1/seed_90995999/checkpoint-8498
2026-03-22 08:15:50,140 - cyberbully - INFO - Removed checkpoint: experiments/grid-search/albert_albert-base-v2/tweeteval/prep1_aug1/seed_90995999/checkpoint-4856
2026-03-22 08:15:50,140 - cyberbully - INFO - Step 5: Evaluating on test set...
2026-03-22 08:16:03,785 - cyberbully - INFO - Metrics saved to experiments/grid-search/albert_albert-base-v2/tweeteval/prep1_aug1/seed_90995999/metrics.json
2026-03-22 08:16:03,785 - cyberbully - INFO - Confusion matrix saved to experiments/grid-search/albert_albert-base-v2/tweeteval/prep1_aug1/seed_90995999/confusion_matrix.json
2026-03-22 08:16:03,879 - cyberbully - INFO - Per-sample predictions saved to experiments/grid-search/albert_albert-base-v2/tweeteval/prep1_aug1/seed_90995999/predictions.json
2026-03-22 08:16:03,983 - cyberbully - INFO - Confusion matrix figure saved to experiments/grid-search/albert_albert-base-v2/tweeteval/prep1_aug1/seed_90995999/confusion_matrix.pdf
2026-03-22 08:16:03,983 - cyberbully - INFO - Accuracy: 0.9390
2026-03-22 08:16:03,983 - cyberbully - INFO - Weighted F1: 0.9392
2026-03-22 08:16:03,983 - cyberbully - INFO - Micro F1: 0.9390
2026-03-22 08:16:03,983 - cyberbully - INFO - Inference time: 8.42 seconds
2026-03-22 08:16:03,983 - cyberbully - INFO - Energy consumption: 0.000418 kWh
2026-03-22 08:16:03,985 - cyberbully - INFO - ============================================================
2026-03-22 08:16:03,985 - cyberbully - INFO - Pipeline complete. Results saved to: experiments/grid-search/albert_albert-base-v2/tweeteval/prep1_aug1/seed_90995999
2026-03-22 08:16:03,985 - cyberbully - INFO - ============================================================
