2026-06-17 02:13:01,250 - cyberbully - INFO - ============================================================
2026-06-17 02:13:01,250 - cyberbully - INFO - Cyberbullying Detection Pipeline
2026-06-17 02:13:01,250 - cyberbully - INFO - ============================================================
2026-06-17 02:13:01,250 - cyberbully - INFO - Configuration:
2026-06-17 02:13:01,250 - cyberbully - INFO -   model          : bert-base-cased
2026-06-17 02:13:01,250 - cyberbully - INFO -   dataset        : ieee
2026-06-17 02:13:01,250 - cyberbully - INFO -   preprocess     : False
2026-06-17 02:13:01,250 - cyberbully - INFO -   prep_mode      : 2
2026-06-17 02:13:01,250 - cyberbully - INFO -   augment        : False
2026-06-17 02:13:01,250 - cyberbully - INFO -   compute_attribution: False
2026-06-17 02:13:01,250 - cyberbully - INFO -   seed           : 52680723
2026-06-17 02:13:01,250 - cyberbully - INFO -   epochs         : 10
2026-06-17 02:13:01,250 - cyberbully - INFO -   batch_size     : 32
2026-06-17 02:13:01,250 - cyberbully - INFO -   lr             : 5e-05
2026-06-17 02:13:01,250 - cyberbully - INFO -   max_length     : 128
2026-06-17 02:13:01,250 - cyberbully - INFO -   output_dir     : grid-search
2026-06-17 02:13:01,250 - cyberbully - INFO -   data_dir       : dataset
2026-06-17 02:13:01,250 - cyberbully - INFO -   sbert          : False
2026-06-17 02:13:01,250 - cyberbully - INFO -   supcon         : False
2026-06-17 02:13:01,250 - cyberbully - INFO -   supcon_weight  : 0.1
2026-06-17 02:13:01,250 - cyberbully - INFO -   proj_dim       : 128
2026-06-17 02:13:01,250 - cyberbully - INFO -   grad_accum_steps: 1
2026-06-17 02:13:01,250 - cyberbully - INFO -   overwrite      : False
2026-06-17 02:13:01,250 - cyberbully - INFO -   device         : cuda
2026-06-17 02:13:01,250 - cyberbully - INFO -   output_dir     : experiments/grid-search/bert-base-cased/ieee/prep2_aug0/seed_52680723
2026-06-17 02:13:01,250 - cyberbully - INFO - ============================================================
2026-06-17 02:13:01,250 - cyberbully - INFO - Step 1: Preparing data...
2026-06-17 02:13:01,254 - cyberbully - INFO - Loaded pre-split data from dataset/ieee — train: 1348, val: 338, test: 422
2026-06-17 02:13:01,254 - cyberbully - INFO - Label mapping: {'Cyberstalking': 0, 'Doxing': 1, 'Revenge Porn': 2, 'Sexual Harassment': 3, 'Slut Shaming': 4}
2026-06-17 02:13:01,255 - cyberbully - INFO - Applying partial text preprocessing per split...
2026-06-17 02:13:01,306 - cyberbully - INFO - After preprocessing -- train: 1348, val: 338, test: 422
2026-06-17 02:13:01,308 - cyberbully - INFO - Number of classes: 5
2026-06-17 02:13:01,309 - cyberbully - INFO - Step 2: Loading model and tokenizer...
2026-06-17 02:13:01,309 - cyberbully - INFO - Loading model 'bert-base-cased' with 5 labels (sbert=False, supcon=False)
2026-06-17 02:13:02,538 - cyberbully - INFO - Step 3: Creating datasets...
2026-06-17 02:13:02,576 - cyberbully - INFO - Dataset sizes — train: 1348, val: 338, test: 422
2026-06-17 02:13:02,576 - cyberbully - INFO - Step 4: Training...
2026-06-17 02:13:02,829 - cyberbully - INFO - Starting training...
2026-06-17 02:13:55,105 - cyberbully - INFO - Training complete.
2026-06-17 02:13:55,661 - cyberbully - INFO - Removed checkpoint: experiments/grid-search/bert-base-cased/ieee/prep2_aug0/seed_52680723/checkpoint-172
2026-06-17 02:13:55,738 - cyberbully - INFO - Removed checkpoint: experiments/grid-search/bert-base-cased/ieee/prep2_aug0/seed_52680723/checkpoint-258
2026-06-17 02:13:55,813 - cyberbully - INFO - Removed checkpoint: experiments/grid-search/bert-base-cased/ieee/prep2_aug0/seed_52680723/checkpoint-387
2026-06-17 02:13:56,127 - cyberbully - INFO - Removed checkpoint: experiments/grid-search/bert-base-cased/ieee/prep2_aug0/seed_52680723/checkpoint-43
2026-06-17 02:13:56,204 - cyberbully - INFO - Removed checkpoint: experiments/grid-search/bert-base-cased/ieee/prep2_aug0/seed_52680723/checkpoint-430
2026-06-17 02:13:56,278 - cyberbully - INFO - Removed checkpoint: experiments/grid-search/bert-base-cased/ieee/prep2_aug0/seed_52680723/checkpoint-301
2026-06-17 02:13:56,355 - cyberbully - INFO - Removed checkpoint: experiments/grid-search/bert-base-cased/ieee/prep2_aug0/seed_52680723/checkpoint-344
2026-06-17 02:13:56,421 - cyberbully - INFO - Removed checkpoint: experiments/grid-search/bert-base-cased/ieee/prep2_aug0/seed_52680723/checkpoint-129
2026-06-17 02:13:56,498 - cyberbully - INFO - Removed checkpoint: experiments/grid-search/bert-base-cased/ieee/prep2_aug0/seed_52680723/checkpoint-215
2026-06-17 02:13:56,661 - cyberbully - INFO - Removed checkpoint: experiments/grid-search/bert-base-cased/ieee/prep2_aug0/seed_52680723/checkpoint-86
2026-06-17 02:13:56,661 - cyberbully - INFO - Step 5: Evaluating on test set...
2026-06-17 02:14:02,977 - cyberbully - INFO - Metrics saved to experiments/grid-search/bert-base-cased/ieee/prep2_aug0/seed_52680723/metrics.json
2026-06-17 02:14:02,977 - cyberbully - INFO - Confusion matrix saved to experiments/grid-search/bert-base-cased/ieee/prep2_aug0/seed_52680723/confusion_matrix.json
2026-06-17 02:14:02,981 - cyberbully - INFO - Per-sample predictions saved to experiments/grid-search/bert-base-cased/ieee/prep2_aug0/seed_52680723/predictions.json
2026-06-17 02:14:03,088 - cyberbully - INFO - Confusion matrix figure saved to experiments/grid-search/bert-base-cased/ieee/prep2_aug0/seed_52680723/confusion_matrix.pdf
2026-06-17 02:14:03,088 - cyberbully - INFO - Accuracy: 0.8152
2026-06-17 02:14:03,089 - cyberbully - INFO - Weighted F1: 0.8179
2026-06-17 02:14:03,089 - cyberbully - INFO - Micro F1: 0.8152
2026-06-17 02:14:03,089 - cyberbully - INFO - Inference time: 0.28 seconds
2026-06-17 02:14:03,089 - cyberbully - INFO - Energy consumption: 0.000041 kWh
2026-06-17 02:14:03,089 - cyberbully - INFO - ============================================================
2026-06-17 02:14:03,089 - cyberbully - INFO - Pipeline complete. Results saved to: experiments/grid-search/bert-base-cased/ieee/prep2_aug0/seed_52680723
2026-06-17 02:14:03,089 - cyberbully - INFO - ============================================================
