2026-02-26 00:08:06,893 - cyberbully - INFO - Model 'all-MiniLM-L12-v2' detected as SBERT-based. Using SBERTClassifier pipeline.
2026-02-26 00:08:06,894 - cyberbully - INFO - ============================================================
2026-02-26 00:08:06,894 - cyberbully - INFO - Cyberbullying Detection Pipeline
2026-02-26 00:08:06,894 - cyberbully - INFO - ============================================================
2026-02-26 00:08:06,894 - cyberbully - INFO - Configuration:
2026-02-26 00:08:06,894 - cyberbully - INFO -   model          : all-MiniLM-L12-v2
2026-02-26 00:08:06,894 - cyberbully - INFO -   dataset        : kaggle
2026-02-26 00:08:06,894 - cyberbully - INFO -   preprocess     : False
2026-02-26 00:08:06,894 - cyberbully - INFO -   augment        : False
2026-02-26 00:08:06,894 - cyberbully - INFO -   compute_attribution: False
2026-02-26 00:08:06,894 - cyberbully - INFO -   seed           : 99511865
2026-02-26 00:08:06,894 - cyberbully - INFO -   epochs         : 10
2026-02-26 00:08:06,894 - cyberbully - INFO -   batch_size     : 32
2026-02-26 00:08:06,894 - cyberbully - INFO -   lr             : 5e-05
2026-02-26 00:08:06,894 - cyberbully - INFO -   max_length     : 128
2026-02-26 00:08:06,894 - cyberbully - INFO -   output_dir     : grid-search
2026-02-26 00:08:06,894 - cyberbully - INFO -   data_dir       : dataset
2026-02-26 00:08:06,894 - cyberbully - INFO -   sbert          : True
2026-02-26 00:08:06,894 - cyberbully - INFO -   overwrite      : False
2026-02-26 00:08:06,894 - cyberbully - INFO -   device         : cuda
2026-02-26 00:08:06,894 - cyberbully - INFO -   output_dir     : experiments/grid-search/all-MiniLM-L12-v2/kaggle/prep0_aug0/seed_99511865
2026-02-26 00:08:06,894 - cyberbully - INFO - ============================================================
2026-02-26 00:08:06,894 - cyberbully - INFO - Step 1: Preparing data...
2026-02-26 00:08:06,894 - cyberbully - INFO - Loading dataset 'kaggle' from dataset/Kaggle.csv
2026-02-26 00:08:06,954 - cyberbully - INFO - Loaded 47656 samples with 6 classes: ['age', 'ethnicity', 'gender', 'not_cyberbullying', 'other_cyberbullying', 'religion']
2026-02-26 00:08:06,957 - cyberbully - INFO - Label mapping: {'age': 0, 'ethnicity': 1, 'gender': 2, 'not_cyberbullying': 3, 'other_cyberbullying': 4, 'religion': 5}
2026-02-26 00:08:06,969 - cyberbully - INFO - Split sizes — train: 30499, val: 7625, test: 9532
2026-02-26 00:08:06,970 - cyberbully - INFO - Number of classes: 6
2026-02-26 00:08:06,971 - cyberbully - INFO - Step 2: Loading model and tokenizer...
2026-02-26 00:08:06,971 - cyberbully - INFO - Loading model 'all-MiniLM-L12-v2' with 6 labels (sbert=True)
2026-02-26 00:08:09,733 - cyberbully - INFO - SBERTClassifier: embedding_dim=384, hidden=256, num_labels=6
2026-02-26 00:08:10,059 - cyberbully - INFO - Step 3: Creating datasets...
2026-02-26 00:08:11,021 - cyberbully - INFO - Dataset sizes — train: 30499, val: 7625, test: 9532
2026-02-26 00:08:11,022 - cyberbully - INFO - Step 4: Training...
2026-02-26 00:08:11,066 - cyberbully - INFO - Starting training...
2026-02-26 00:15:14,137 - cyberbully - INFO - Training complete.
2026-02-26 00:15:14,167 - cyberbully - INFO - Removed checkpoint: experiments/grid-search/all-MiniLM-L12-v2/kaggle/prep0_aug0/seed_99511865/checkpoint-954
2026-02-26 00:15:14,197 - cyberbully - INFO - Removed checkpoint: experiments/grid-search/all-MiniLM-L12-v2/kaggle/prep0_aug0/seed_99511865/checkpoint-1908
2026-02-26 00:15:14,226 - cyberbully - INFO - Removed checkpoint: experiments/grid-search/all-MiniLM-L12-v2/kaggle/prep0_aug0/seed_99511865/checkpoint-2862
2026-02-26 00:15:14,247 - cyberbully - INFO - Removed checkpoint: experiments/grid-search/all-MiniLM-L12-v2/kaggle/prep0_aug0/seed_99511865/checkpoint-7632
2026-02-26 00:15:14,268 - cyberbully - INFO - Removed checkpoint: experiments/grid-search/all-MiniLM-L12-v2/kaggle/prep0_aug0/seed_99511865/checkpoint-5724
2026-02-26 00:15:14,291 - cyberbully - INFO - Removed checkpoint: experiments/grid-search/all-MiniLM-L12-v2/kaggle/prep0_aug0/seed_99511865/checkpoint-4770
2026-02-26 00:15:14,315 - cyberbully - INFO - Removed checkpoint: experiments/grid-search/all-MiniLM-L12-v2/kaggle/prep0_aug0/seed_99511865/checkpoint-9540
2026-02-26 00:15:14,336 - cyberbully - INFO - Removed checkpoint: experiments/grid-search/all-MiniLM-L12-v2/kaggle/prep0_aug0/seed_99511865/checkpoint-6678
2026-02-26 00:15:14,357 - cyberbully - INFO - Removed checkpoint: experiments/grid-search/all-MiniLM-L12-v2/kaggle/prep0_aug0/seed_99511865/checkpoint-8586
2026-02-26 00:15:14,380 - cyberbully - INFO - Removed checkpoint: experiments/grid-search/all-MiniLM-L12-v2/kaggle/prep0_aug0/seed_99511865/checkpoint-3816
2026-02-26 00:15:14,380 - cyberbully - INFO - Step 5: Evaluating on test set...
2026-02-26 00:15:22,173 - cyberbully - INFO - Metrics saved to experiments/grid-search/all-MiniLM-L12-v2/kaggle/prep0_aug0/seed_99511865/metrics.json
2026-02-26 00:15:22,173 - cyberbully - INFO - Confusion matrix saved to experiments/grid-search/all-MiniLM-L12-v2/kaggle/prep0_aug0/seed_99511865/confusion_matrix.json
2026-02-26 00:15:22,286 - cyberbully - INFO - Confusion matrix figure saved to experiments/grid-search/all-MiniLM-L12-v2/kaggle/prep0_aug0/seed_99511865/confusion_matrix.pdf
2026-02-26 00:15:22,286 - cyberbully - INFO - Accuracy: 0.8687
2026-02-26 00:15:22,286 - cyberbully - INFO - Weighted F1: 0.8679
2026-02-26 00:15:22,286 - cyberbully - INFO - Micro F1: 0.8687
2026-02-26 00:15:22,286 - cyberbully - INFO - Inference time: 3.39 seconds
2026-02-26 00:15:22,286 - cyberbully - INFO - Energy consumption: 0.000208 kWh
2026-02-26 00:15:22,286 - cyberbully - INFO - ============================================================
2026-02-26 00:15:22,286 - cyberbully - INFO - Pipeline complete. Results saved to: experiments/grid-search/all-MiniLM-L12-v2/kaggle/prep0_aug0/seed_99511865
2026-02-26 00:15:22,286 - cyberbully - INFO - ============================================================
