2026-02-25 19:31:03,330 - cyberbully - INFO - Model 'all-MiniLM-L6-v2' detected as SBERT-based. Using SBERTClassifier pipeline.
2026-02-25 19:31:03,330 - cyberbully - INFO - ============================================================
2026-02-25 19:31:03,330 - cyberbully - INFO - Cyberbullying Detection Pipeline
2026-02-25 19:31:03,330 - cyberbully - INFO - ============================================================
2026-02-25 19:31:03,330 - cyberbully - INFO - Configuration:
2026-02-25 19:31:03,330 - cyberbully - INFO -   model          : all-MiniLM-L6-v2
2026-02-25 19:31:03,330 - cyberbully - INFO -   dataset        : ieee
2026-02-25 19:31:03,330 - cyberbully - INFO -   preprocess     : False
2026-02-25 19:31:03,330 - cyberbully - INFO -   augment        : False
2026-02-25 19:31:03,330 - cyberbully - INFO -   compute_attribution: False
2026-02-25 19:31:03,330 - cyberbully - INFO -   seed           : 90995999
2026-02-25 19:31:03,330 - cyberbully - INFO -   epochs         : 10
2026-02-25 19:31:03,330 - cyberbully - INFO -   batch_size     : 32
2026-02-25 19:31:03,330 - cyberbully - INFO -   lr             : 5e-05
2026-02-25 19:31:03,330 - cyberbully - INFO -   max_length     : 128
2026-02-25 19:31:03,330 - cyberbully - INFO -   output_dir     : grid-search
2026-02-25 19:31:03,330 - cyberbully - INFO -   data_dir       : dataset
2026-02-25 19:31:03,330 - cyberbully - INFO -   sbert          : True
2026-02-25 19:31:03,330 - cyberbully - INFO -   overwrite      : False
2026-02-25 19:31:03,330 - cyberbully - INFO -   device         : cuda
2026-02-25 19:31:03,330 - cyberbully - INFO -   output_dir     : experiments/grid-search/all-MiniLM-L6-v2/ieee/prep0_aug0/seed_90995999
2026-02-25 19:31:03,330 - cyberbully - INFO - ============================================================
2026-02-25 19:31:03,330 - cyberbully - INFO - Step 1: Preparing data...
2026-02-25 19:31:03,330 - cyberbully - INFO - Loading dataset 'ieee' from dataset/IEEE Data Port.csv
2026-02-25 19:31:03,336 - cyberbully - INFO - Loaded 2108 samples with 5 classes: ['Cyberstalking', 'Doxing', 'Revenge Porn', 'Sexual Harassment', 'Slut Shaming']
2026-02-25 19:31:03,337 - cyberbully - INFO - Label mapping: {'Cyberstalking': 0, 'Doxing': 1, 'Revenge Porn': 2, 'Sexual Harassment': 3, 'Slut Shaming': 4}
2026-02-25 19:31:03,339 - cyberbully - INFO - Split sizes — train: 1348, val: 338, test: 422
2026-02-25 19:31:03,339 - cyberbully - INFO - Number of classes: 5
2026-02-25 19:31:03,341 - cyberbully - INFO - Step 2: Loading model and tokenizer...
2026-02-25 19:31:03,341 - cyberbully - INFO - Loading model 'all-MiniLM-L6-v2' with 5 labels (sbert=True)
2026-02-25 19:31:05,953 - cyberbully - INFO - SBERTClassifier: embedding_dim=384, hidden=256, num_labels=5
2026-02-25 19:31:06,262 - cyberbully - INFO - Step 3: Creating datasets...
2026-02-25 19:31:06,310 - cyberbully - INFO - Dataset sizes — train: 1348, val: 338, test: 422
2026-02-25 19:31:06,310 - cyberbully - INFO - Step 4: Training...
2026-02-25 19:31:06,330 - cyberbully - INFO - Starting training...
2026-02-25 19:31:19,463 - cyberbully - INFO - Training complete.
2026-02-25 19:31:19,483 - cyberbully - INFO - Removed checkpoint: experiments/grid-search/all-MiniLM-L6-v2/ieee/prep0_aug0/seed_90995999/checkpoint-172
2026-02-25 19:31:19,502 - cyberbully - INFO - Removed checkpoint: experiments/grid-search/all-MiniLM-L6-v2/ieee/prep0_aug0/seed_90995999/checkpoint-258
2026-02-25 19:31:19,520 - cyberbully - INFO - Removed checkpoint: experiments/grid-search/all-MiniLM-L6-v2/ieee/prep0_aug0/seed_90995999/checkpoint-387
2026-02-25 19:31:19,544 - cyberbully - INFO - Removed checkpoint: experiments/grid-search/all-MiniLM-L6-v2/ieee/prep0_aug0/seed_90995999/checkpoint-43
2026-02-25 19:31:19,562 - cyberbully - INFO - Removed checkpoint: experiments/grid-search/all-MiniLM-L6-v2/ieee/prep0_aug0/seed_90995999/checkpoint-430
2026-02-25 19:31:19,580 - cyberbully - INFO - Removed checkpoint: experiments/grid-search/all-MiniLM-L6-v2/ieee/prep0_aug0/seed_90995999/checkpoint-301
2026-02-25 19:31:19,597 - cyberbully - INFO - Removed checkpoint: experiments/grid-search/all-MiniLM-L6-v2/ieee/prep0_aug0/seed_90995999/checkpoint-344
2026-02-25 19:31:19,621 - cyberbully - INFO - Removed checkpoint: experiments/grid-search/all-MiniLM-L6-v2/ieee/prep0_aug0/seed_90995999/checkpoint-129
2026-02-25 19:31:19,641 - cyberbully - INFO - Removed checkpoint: experiments/grid-search/all-MiniLM-L6-v2/ieee/prep0_aug0/seed_90995999/checkpoint-215
2026-02-25 19:31:19,665 - cyberbully - INFO - Removed checkpoint: experiments/grid-search/all-MiniLM-L6-v2/ieee/prep0_aug0/seed_90995999/checkpoint-86
2026-02-25 19:31:19,665 - cyberbully - INFO - Step 5: Evaluating on test set...
2026-02-25 19:31:24,408 - cyberbully - INFO - Metrics saved to experiments/grid-search/all-MiniLM-L6-v2/ieee/prep0_aug0/seed_90995999/metrics.json
2026-02-25 19:31:24,408 - cyberbully - INFO - Confusion matrix saved to experiments/grid-search/all-MiniLM-L6-v2/ieee/prep0_aug0/seed_90995999/confusion_matrix.json
2026-02-25 19:31:24,507 - cyberbully - INFO - Confusion matrix figure saved to experiments/grid-search/all-MiniLM-L6-v2/ieee/prep0_aug0/seed_90995999/confusion_matrix.pdf
2026-02-25 19:31:24,507 - cyberbully - INFO - Accuracy: 0.8175
2026-02-25 19:31:24,508 - cyberbully - INFO - Weighted F1: 0.8189
2026-02-25 19:31:24,508 - cyberbully - INFO - Micro F1: 0.8175
2026-02-25 19:31:24,508 - cyberbully - INFO - Inference time: 0.09 seconds
2026-02-25 19:31:24,508 - cyberbully - INFO - Energy consumption: 0.000005 kWh
2026-02-25 19:31:24,508 - cyberbully - INFO - ============================================================
2026-02-25 19:31:24,508 - cyberbully - INFO - Pipeline complete. Results saved to: experiments/grid-search/all-MiniLM-L6-v2/ieee/prep0_aug0/seed_90995999
2026-02-25 19:31:24,508 - cyberbully - INFO - ============================================================
