2026-03-21 15:57:47,051 - cyberbully - INFO - ============================================================
2026-03-21 15:57:47,051 - cyberbully - INFO - Cyberbullying Detection Pipeline
2026-03-21 15:57:47,051 - cyberbully - INFO - ============================================================
2026-03-21 15:57:47,051 - cyberbully - INFO - Configuration:
2026-03-21 15:57:47,051 - cyberbully - INFO -   model          : distilbert-base-cased
2026-03-21 15:57:47,051 - cyberbully - INFO -   dataset        : kaggle
2026-03-21 15:57:47,051 - cyberbully - INFO -   preprocess     : False
2026-03-21 15:57:47,051 - cyberbully - INFO -   augment        : False
2026-03-21 15:57:47,051 - cyberbully - INFO -   compute_attribution: False
2026-03-21 15:57:47,051 - cyberbully - INFO -   seed           : 52680723
2026-03-21 15:57:47,051 - cyberbully - INFO -   epochs         : 10
2026-03-21 15:57:47,051 - cyberbully - INFO -   batch_size     : 32
2026-03-21 15:57:47,051 - cyberbully - INFO -   lr             : 5e-05
2026-03-21 15:57:47,051 - cyberbully - INFO -   max_length     : 128
2026-03-21 15:57:47,051 - cyberbully - INFO -   output_dir     : grid-search
2026-03-21 15:57:47,051 - cyberbully - INFO -   data_dir       : dataset
2026-03-21 15:57:47,051 - cyberbully - INFO -   sbert          : False
2026-03-21 15:57:47,051 - cyberbully - INFO -   supcon         : False
2026-03-21 15:57:47,051 - cyberbully - INFO -   supcon_weight  : 0.1
2026-03-21 15:57:47,051 - cyberbully - INFO -   proj_dim       : 128
2026-03-21 15:57:47,051 - cyberbully - INFO -   grad_accum_steps: 1
2026-03-21 15:57:47,051 - cyberbully - INFO -   overwrite      : False
2026-03-21 15:57:47,051 - cyberbully - INFO -   device         : cuda
2026-03-21 15:57:47,051 - cyberbully - INFO -   output_dir     : experiments/grid-search/distilbert-base-cased/kaggle/prep0_aug0/seed_52680723
2026-03-21 15:57:47,051 - cyberbully - INFO - ============================================================
2026-03-21 15:57:47,051 - cyberbully - INFO - Step 1: Preparing data...
2026-03-21 15:57:47,104 - cyberbully - INFO - Loaded pre-split data from dataset/kaggle — train: 30499, val: 7625, test: 9532
2026-03-21 15:57:47,104 - cyberbully - INFO - Label mapping: {'age': 0, 'ethnicity': 1, 'gender': 2, 'not_cyberbullying': 3, 'other_cyberbullying': 4, 'religion': 5}
2026-03-21 15:57:47,117 - cyberbully - INFO - Number of classes: 6
2026-03-21 15:57:47,118 - cyberbully - INFO - Step 2: Loading model and tokenizer...
2026-03-21 15:57:47,118 - cyberbully - INFO - Loading model 'distilbert-base-cased' with 6 labels (sbert=False, supcon=False)
2026-03-21 15:57:47,928 - cyberbully - INFO - Step 3: Creating datasets...
2026-03-21 15:57:48,630 - cyberbully - INFO - Dataset sizes — train: 30499, val: 7625, test: 9532
2026-03-21 15:57:48,630 - cyberbully - INFO - Step 4: Training...
2026-03-21 15:57:48,804 - cyberbully - INFO - Starting training...
2026-03-21 16:05:40,942 - cyberbully - INFO - Training complete.
2026-03-21 16:05:40,981 - cyberbully - INFO - Removed checkpoint: experiments/grid-search/distilbert-base-cased/kaggle/prep0_aug0/seed_52680723/checkpoint-954
2026-03-21 16:05:41,019 - cyberbully - INFO - Removed checkpoint: experiments/grid-search/distilbert-base-cased/kaggle/prep0_aug0/seed_52680723/checkpoint-1908
2026-03-21 16:05:41,057 - cyberbully - INFO - Removed checkpoint: experiments/grid-search/distilbert-base-cased/kaggle/prep0_aug0/seed_52680723/checkpoint-2862
2026-03-21 16:05:41,095 - cyberbully - INFO - Removed checkpoint: experiments/grid-search/distilbert-base-cased/kaggle/prep0_aug0/seed_52680723/checkpoint-7632
2026-03-21 16:05:41,132 - cyberbully - INFO - Removed checkpoint: experiments/grid-search/distilbert-base-cased/kaggle/prep0_aug0/seed_52680723/checkpoint-5724
2026-03-21 16:05:41,171 - cyberbully - INFO - Removed checkpoint: experiments/grid-search/distilbert-base-cased/kaggle/prep0_aug0/seed_52680723/checkpoint-4770
2026-03-21 16:05:41,216 - cyberbully - INFO - Removed checkpoint: experiments/grid-search/distilbert-base-cased/kaggle/prep0_aug0/seed_52680723/checkpoint-9540
2026-03-21 16:05:41,253 - cyberbully - INFO - Removed checkpoint: experiments/grid-search/distilbert-base-cased/kaggle/prep0_aug0/seed_52680723/checkpoint-6678
2026-03-21 16:05:41,292 - cyberbully - INFO - Removed checkpoint: experiments/grid-search/distilbert-base-cased/kaggle/prep0_aug0/seed_52680723/checkpoint-8586
2026-03-21 16:05:41,330 - cyberbully - INFO - Removed checkpoint: experiments/grid-search/distilbert-base-cased/kaggle/prep0_aug0/seed_52680723/checkpoint-3816
2026-03-21 16:05:41,330 - cyberbully - INFO - Step 5: Evaluating on test set...
2026-03-21 16:05:49,297 - cyberbully - INFO - Metrics saved to experiments/grid-search/distilbert-base-cased/kaggle/prep0_aug0/seed_52680723/metrics.json
2026-03-21 16:05:49,297 - cyberbully - INFO - Confusion matrix saved to experiments/grid-search/distilbert-base-cased/kaggle/prep0_aug0/seed_52680723/confusion_matrix.json
2026-03-21 16:05:49,397 - cyberbully - INFO - Per-sample predictions saved to experiments/grid-search/distilbert-base-cased/kaggle/prep0_aug0/seed_52680723/predictions.json
2026-03-21 16:05:49,508 - cyberbully - INFO - Confusion matrix figure saved to experiments/grid-search/distilbert-base-cased/kaggle/prep0_aug0/seed_52680723/confusion_matrix.pdf
2026-03-21 16:05:49,508 - cyberbully - INFO - Accuracy: 0.8683
2026-03-21 16:05:49,509 - cyberbully - INFO - Weighted F1: 0.8681
2026-03-21 16:05:49,509 - cyberbully - INFO - Micro F1: 0.8683
2026-03-21 16:05:49,509 - cyberbully - INFO - Inference time: 3.66 seconds
2026-03-21 16:05:49,509 - cyberbully - INFO - Energy consumption: 0.000232 kWh
2026-03-21 16:05:49,510 - cyberbully - INFO - ============================================================
2026-03-21 16:05:49,511 - cyberbully - INFO - Pipeline complete. Results saved to: experiments/grid-search/distilbert-base-cased/kaggle/prep0_aug0/seed_52680723
2026-03-21 16:05:49,511 - cyberbully - INFO - ============================================================
