2026-02-11 07:34:22,365 - cyberbully - INFO - ============================================================
2026-02-11 07:34:22,365 - cyberbully - INFO - Cyberbullying Detection Pipeline
2026-02-11 07:34:22,365 - cyberbully - INFO - ============================================================
2026-02-11 07:34:22,365 - cyberbully - INFO - Configuration:
2026-02-11 07:34:22,366 - cyberbully - INFO -   model          : distilbert-base-uncased
2026-02-11 07:34:22,366 - cyberbully - INFO -   dataset        : ieee
2026-02-11 07:34:22,366 - cyberbully - INFO -   preprocess     : True
2026-02-11 07:34:22,366 - cyberbully - INFO -   augment        : True
2026-02-11 07:34:22,366 - cyberbully - INFO -   compute_attribution: False
2026-02-11 07:34:22,366 - cyberbully - INFO -   seed           : 70681460
2026-02-11 07:34:22,366 - cyberbully - INFO -   epochs         : 5
2026-02-11 07:34:22,366 - cyberbully - INFO -   batch_size     : 16
2026-02-11 07:34:22,366 - cyberbully - INFO -   lr             : 2e-05
2026-02-11 07:34:22,366 - cyberbully - INFO -   max_length     : 128
2026-02-11 07:34:22,366 - cyberbully - INFO -   output_dir     : experiments
2026-02-11 07:34:22,366 - cyberbully - INFO -   data_dir       : dataset
2026-02-11 07:34:22,366 - cyberbully - INFO -   overwrite      : False
2026-02-11 07:34:22,366 - cyberbully - INFO -   device         : cuda
2026-02-11 07:34:22,366 - cyberbully - INFO -   output_dir     : experiments/distilbert-base-uncased/ieee/prep1_aug1/seed_70681460
2026-02-11 07:34:22,366 - cyberbully - INFO - ============================================================
2026-02-11 07:34:22,366 - cyberbully - INFO - Step 1: Preparing data...
2026-02-11 07:34:22,366 - cyberbully - INFO - Loading dataset 'ieee' from dataset/IEEE Data Port.csv
2026-02-11 07:34:22,372 - cyberbully - INFO - Loaded 2108 samples with 5 classes: ['Cyberstalking', 'Doxing', 'Revenge Porn', 'Sexual Harassment', 'Slut Shaming']
2026-02-11 07:34:22,372 - cyberbully - INFO - Applying text preprocessing...
2026-02-11 07:34:25,486 - cyberbully - INFO - After preprocessing: 1817 samples remain
2026-02-11 07:34:25,486 - cyberbully - INFO - Label mapping: {'Cyberstalking': 0, 'Doxing': 1, 'Revenge Porn': 2, 'Sexual Harassment': 3, 'Slut Shaming': 4}
2026-02-11 07:34:25,488 - cyberbully - INFO - Split sizes — train: 1162, val: 291, test: 364
2026-02-11 07:34:25,488 - cyberbully - INFO - Applying training data augmentation (oversampling)...
2026-02-11 07:34:25,489 - cyberbully - INFO - After oversampling — class distribution: {0: 287, 1: 287, 2: 287, 3: 287, 4: 287}
2026-02-11 07:34:25,489 - cyberbully - INFO - Number of classes: 5
2026-02-11 07:34:25,489 - cyberbully - INFO - Step 2: Loading model and tokenizer...
2026-02-11 07:34:25,489 - cyberbully - INFO - Loading model 'distilbert-base-uncased' with 5 labels
2026-02-11 07:34:26,180 - cyberbully - INFO - Step 3: Tokenizing datasets...
2026-02-11 07:34:26,207 - cyberbully - INFO - Dataset sizes — train: 1435, val: 291, test: 364
2026-02-11 07:34:26,208 - cyberbully - INFO - Step 4: Training...
2026-02-11 07:34:26,431 - cyberbully - INFO - Starting training...
2026-02-11 07:34:41,498 - cyberbully - INFO - Training complete.
2026-02-11 07:34:41,498 - cyberbully - INFO - Step 5: Evaluating on test set...
2026-02-11 07:34:45,909 - cyberbully - INFO - Metrics saved to experiments/distilbert-base-uncased/ieee/prep1_aug1/seed_70681460/metrics.json
2026-02-11 07:34:45,909 - cyberbully - INFO - Confusion matrix saved to experiments/distilbert-base-uncased/ieee/prep1_aug1/seed_70681460/confusion_matrix.json
2026-02-11 07:34:46,009 - cyberbully - INFO - Confusion matrix figure saved to experiments/distilbert-base-uncased/ieee/prep1_aug1/seed_70681460/confusion_matrix.pdf
2026-02-11 07:34:46,009 - cyberbully - INFO - Accuracy: 0.8159
2026-02-11 07:34:46,009 - cyberbully - INFO - Weighted F1: 0.8163
2026-02-11 07:34:46,009 - cyberbully - INFO - Micro F1: 0.8159
2026-02-11 07:34:46,009 - cyberbully - INFO - Inference time: 0.14 seconds
2026-02-11 07:34:46,009 - cyberbully - INFO - Energy consumption: 0.000006 kWh
2026-02-11 07:34:46,009 - cyberbully - INFO - ============================================================
2026-02-11 07:34:46,009 - cyberbully - INFO - Pipeline complete. Results saved to: experiments/distilbert-base-uncased/ieee/prep1_aug1/seed_70681460
2026-02-11 07:34:46,009 - cyberbully - INFO - ============================================================
