2026-05-19 05:22:41,568 - cyberbully - INFO - ============================================================
2026-05-19 05:22:41,568 - cyberbully - INFO - Cyberbullying Detection Pipeline
2026-05-19 05:22:41,568 - cyberbully - INFO - ============================================================
2026-05-19 05:22:41,568 - cyberbully - INFO - Configuration:
2026-05-19 05:22:41,568 - cyberbully - INFO -   model          : albert/albert-base-v2
2026-05-19 05:22:41,568 - cyberbully - INFO -   dataset        : tweeteval
2026-05-19 05:22:41,568 - cyberbully - INFO -   preprocess     : True
2026-05-19 05:22:41,568 - cyberbully - INFO -   augment        : False
2026-05-19 05:22:41,568 - cyberbully - INFO -   compute_attribution: False
2026-05-19 05:22:41,568 - cyberbully - INFO -   seed           : 52680723
2026-05-19 05:22:41,568 - cyberbully - INFO -   epochs         : 10
2026-05-19 05:22:41,568 - cyberbully - INFO -   batch_size     : 32
2026-05-19 05:22:41,568 - cyberbully - INFO -   lr             : 5e-05
2026-05-19 05:22:41,568 - cyberbully - INFO -   max_length     : 128
2026-05-19 05:22:41,568 - cyberbully - INFO -   output_dir     : verification
2026-05-19 05:22:41,568 - cyberbully - INFO -   data_dir       : dataset
2026-05-19 05:22:41,568 - cyberbully - INFO -   sbert          : False
2026-05-19 05:22:41,568 - cyberbully - INFO -   supcon         : False
2026-05-19 05:22:41,568 - cyberbully - INFO -   supcon_weight  : 0.1
2026-05-19 05:22:41,568 - cyberbully - INFO -   proj_dim       : 128
2026-05-19 05:22:41,568 - cyberbully - INFO -   grad_accum_steps: 1
2026-05-19 05:22:41,568 - cyberbully - INFO -   overwrite      : True
2026-05-19 05:22:41,568 - cyberbully - INFO -   device         : cuda
2026-05-19 05:22:41,568 - cyberbully - INFO -   output_dir     : experiments/verification/albert_albert-base-v2/tweeteval/prep1_aug0/seed_52680723
2026-05-19 05:22:41,568 - cyberbully - INFO - ============================================================
2026-05-19 05:22:41,569 - cyberbully - INFO - Step 1: Preparing data...
2026-05-19 05:22:41,623 - cyberbully - INFO - Loaded pre-split data from dataset/tweeteval — train: 32485, val: 8122, test: 10152
2026-05-19 05:22:41,623 - cyberbully - INFO - Label mapping: {'emotion': 0, 'hate': 1, 'offensive': 2, 'religion': 3, 'spiritual': 4}
2026-05-19 05:22:41,624 - cyberbully - INFO - Applying text preprocessing per split...
2026-05-19 05:23:41,236 - cyberbully - INFO - After preprocessing -- train: 30355, val: 7610, test: 9448
2026-05-19 05:23:41,239 - cyberbully - INFO - Number of classes: 5
2026-05-19 05:23:41,240 - cyberbully - INFO - Step 2: Loading model and tokenizer...
2026-05-19 05:23:41,241 - cyberbully - INFO - Loading model 'albert/albert-base-v2' with 5 labels (sbert=False, supcon=False)
2026-05-19 05:23:42,018 - cyberbully - INFO - Step 3: Creating datasets...
2026-05-19 05:23:42,924 - cyberbully - INFO - Dataset sizes — train: 30355, val: 7610, test: 9448
2026-05-19 05:23:42,924 - cyberbully - INFO - Step 4: Training...
2026-05-19 05:23:42,999 - cyberbully - INFO - Starting training...
2026-05-19 05:39:01,737 - cyberbully - INFO - Training complete.
2026-05-19 05:39:01,746 - cyberbully - INFO - Removed checkpoint: experiments/verification/albert_albert-base-v2/tweeteval/prep1_aug0/seed_52680723/checkpoint-4745
2026-05-19 05:39:01,758 - cyberbully - INFO - Removed checkpoint: experiments/verification/albert_albert-base-v2/tweeteval/prep1_aug0/seed_52680723/checkpoint-9490
2026-05-19 05:39:01,768 - cyberbully - INFO - Removed checkpoint: experiments/verification/albert_albert-base-v2/tweeteval/prep1_aug0/seed_52680723/checkpoint-7592
2026-05-19 05:39:01,778 - cyberbully - INFO - Removed checkpoint: experiments/verification/albert_albert-base-v2/tweeteval/prep1_aug0/seed_52680723/checkpoint-6643
2026-05-19 05:39:01,787 - cyberbully - INFO - Removed checkpoint: experiments/verification/albert_albert-base-v2/tweeteval/prep1_aug0/seed_52680723/checkpoint-3796
2026-05-19 05:39:01,797 - cyberbully - INFO - Removed checkpoint: experiments/verification/albert_albert-base-v2/tweeteval/prep1_aug0/seed_52680723/checkpoint-2847
2026-05-19 05:39:01,807 - cyberbully - INFO - Removed checkpoint: experiments/verification/albert_albert-base-v2/tweeteval/prep1_aug0/seed_52680723/checkpoint-1898
2026-05-19 05:39:01,816 - cyberbully - INFO - Removed checkpoint: experiments/verification/albert_albert-base-v2/tweeteval/prep1_aug0/seed_52680723/checkpoint-5694
2026-05-19 05:39:01,825 - cyberbully - INFO - Removed checkpoint: experiments/verification/albert_albert-base-v2/tweeteval/prep1_aug0/seed_52680723/checkpoint-8541
2026-05-19 05:39:01,835 - cyberbully - INFO - Removed checkpoint: experiments/verification/albert_albert-base-v2/tweeteval/prep1_aug0/seed_52680723/checkpoint-949
2026-05-19 05:39:01,835 - cyberbully - INFO - Step 5: Evaluating on test set...
2026-05-19 05:39:17,153 - cyberbully - INFO - Metrics saved to experiments/verification/albert_albert-base-v2/tweeteval/prep1_aug0/seed_52680723/metrics.json
2026-05-19 05:39:17,154 - cyberbully - INFO - Confusion matrix saved to experiments/verification/albert_albert-base-v2/tweeteval/prep1_aug0/seed_52680723/confusion_matrix.json
2026-05-19 05:39:17,246 - cyberbully - INFO - Per-sample predictions saved to experiments/verification/albert_albert-base-v2/tweeteval/prep1_aug0/seed_52680723/predictions.json
2026-05-19 05:39:17,353 - cyberbully - INFO - Confusion matrix figure saved to experiments/verification/albert_albert-base-v2/tweeteval/prep1_aug0/seed_52680723/confusion_matrix.pdf
2026-05-19 05:39:17,353 - cyberbully - INFO - Accuracy: 0.9396
2026-05-19 05:39:17,353 - cyberbully - INFO - Weighted F1: 0.9393
2026-05-19 05:39:17,353 - cyberbully - INFO - Micro F1: 0.9396
2026-05-19 05:39:17,353 - cyberbully - INFO - Inference time: 9.05 seconds
2026-05-19 05:39:17,353 - cyberbully - INFO - Energy consumption: 0.000495 kWh
2026-05-19 05:39:17,354 - cyberbully - INFO - ============================================================
2026-05-19 05:39:17,354 - cyberbully - INFO - Pipeline complete. Results saved to: experiments/verification/albert_albert-base-v2/tweeteval/prep1_aug0/seed_52680723
2026-05-19 05:39:17,354 - cyberbully - INFO - ============================================================
