2026-04-16 07:48:35,182 - cyberbully - INFO - ============================================================
2026-04-16 07:48:35,182 - cyberbully - INFO - Cyberbullying Detection Pipeline
2026-04-16 07:48:35,182 - cyberbully - INFO - ============================================================
2026-04-16 07:48:35,182 - cyberbully - INFO - Configuration:
2026-04-16 07:48:35,182 - cyberbully - INFO -   model          : bert-base-uncased
2026-04-16 07:48:35,182 - cyberbully - INFO -   dataset        : ieee
2026-04-16 07:48:35,182 - cyberbully - INFO -   preprocess     : False
2026-04-16 07:48:35,182 - cyberbully - INFO -   augment        : False
2026-04-16 07:48:35,182 - cyberbully - INFO -   compute_attribution: False
2026-04-16 07:48:35,182 - cyberbully - INFO -   seed           : 14298463
2026-04-16 07:48:35,182 - cyberbully - INFO -   epochs         : 10
2026-04-16 07:48:35,182 - cyberbully - INFO -   batch_size     : 32
2026-04-16 07:48:35,182 - cyberbully - INFO -   lr             : 5e-05
2026-04-16 07:48:35,182 - cyberbully - INFO -   max_length     : 128
2026-04-16 07:48:35,182 - cyberbully - INFO -   output_dir     : grid-search
2026-04-16 07:48:35,182 - cyberbully - INFO -   data_dir       : dataset
2026-04-16 07:48:35,182 - cyberbully - INFO -   sbert          : False
2026-04-16 07:48:35,182 - cyberbully - INFO -   supcon         : False
2026-04-16 07:48:35,182 - cyberbully - INFO -   supcon_weight  : 0.1
2026-04-16 07:48:35,182 - cyberbully - INFO -   proj_dim       : 128
2026-04-16 07:48:35,182 - cyberbully - INFO -   grad_accum_steps: 1
2026-04-16 07:48:35,182 - cyberbully - INFO -   overwrite      : False
2026-04-16 07:48:35,182 - cyberbully - INFO -   device         : cuda
2026-04-16 07:48:35,182 - cyberbully - INFO -   output_dir     : experiments/grid-search/bert-base-uncased/ieee/prep0_aug0/seed_14298463
2026-04-16 07:48:35,182 - cyberbully - INFO - ============================================================
2026-04-16 07:48:35,182 - cyberbully - INFO - Step 1: Preparing data...
2026-04-16 07:48:35,186 - cyberbully - INFO - Loaded pre-split data from dataset/ieee — train: 1348, val: 338, test: 422
2026-04-16 07:48:35,186 - cyberbully - INFO - Label mapping: {'Cyberstalking': 0, 'Doxing': 1, 'Revenge Porn': 2, 'Sexual Harassment': 3, 'Slut Shaming': 4}
2026-04-16 07:48:35,188 - cyberbully - INFO - Number of classes: 5
2026-04-16 07:48:35,189 - cyberbully - INFO - Step 2: Loading model and tokenizer...
2026-04-16 07:48:35,189 - cyberbully - INFO - Loading model 'bert-base-uncased' with 5 labels (sbert=False, supcon=False)
2026-04-16 07:48:36,039 - cyberbully - INFO - Step 3: Creating datasets...
2026-04-16 07:48:36,066 - cyberbully - INFO - Dataset sizes — train: 1348, val: 338, test: 422
2026-04-16 07:48:36,066 - cyberbully - INFO - Step 4: Training...
2026-04-16 07:48:36,208 - cyberbully - INFO - Starting training...
2026-04-16 07:50:15,882 - cyberbully - INFO - Training complete.
2026-04-16 07:50:15,963 - cyberbully - INFO - Removed checkpoint: experiments/grid-search/bert-base-uncased/ieee/prep0_aug0/seed_14298463/checkpoint-215
2026-04-16 07:50:16,053 - cyberbully - INFO - Removed checkpoint: experiments/grid-search/bert-base-uncased/ieee/prep0_aug0/seed_14298463/checkpoint-387
2026-04-16 07:50:16,844 - cyberbully - INFO - Removed checkpoint: experiments/grid-search/bert-base-uncased/ieee/prep0_aug0/seed_14298463/checkpoint-86
2026-04-16 07:50:17,397 - cyberbully - INFO - Removed checkpoint: experiments/grid-search/bert-base-uncased/ieee/prep0_aug0/seed_14298463/checkpoint-129
2026-04-16 07:50:17,482 - cyberbully - INFO - Removed checkpoint: experiments/grid-search/bert-base-uncased/ieee/prep0_aug0/seed_14298463/checkpoint-344
2026-04-16 07:50:17,564 - cyberbully - INFO - Removed checkpoint: experiments/grid-search/bert-base-uncased/ieee/prep0_aug0/seed_14298463/checkpoint-258
2026-04-16 07:50:17,651 - cyberbully - INFO - Removed checkpoint: experiments/grid-search/bert-base-uncased/ieee/prep0_aug0/seed_14298463/checkpoint-43
2026-04-16 07:50:17,735 - cyberbully - INFO - Removed checkpoint: experiments/grid-search/bert-base-uncased/ieee/prep0_aug0/seed_14298463/checkpoint-301
2026-04-16 07:50:17,910 - cyberbully - INFO - Removed checkpoint: experiments/grid-search/bert-base-uncased/ieee/prep0_aug0/seed_14298463/checkpoint-172
2026-04-16 07:50:18,000 - cyberbully - INFO - Removed checkpoint: experiments/grid-search/bert-base-uncased/ieee/prep0_aug0/seed_14298463/checkpoint-430
2026-04-16 07:50:18,000 - cyberbully - INFO - Step 5: Evaluating on test set...
2026-04-16 07:50:22,700 - cyberbully - INFO - Metrics saved to experiments/grid-search/bert-base-uncased/ieee/prep0_aug0/seed_14298463/metrics.json
2026-04-16 07:50:22,700 - cyberbully - INFO - Confusion matrix saved to experiments/grid-search/bert-base-uncased/ieee/prep0_aug0/seed_14298463/confusion_matrix.json
2026-04-16 07:50:22,705 - cyberbully - INFO - Per-sample predictions saved to experiments/grid-search/bert-base-uncased/ieee/prep0_aug0/seed_14298463/predictions.json
2026-04-16 07:50:22,813 - cyberbully - INFO - Confusion matrix figure saved to experiments/grid-search/bert-base-uncased/ieee/prep0_aug0/seed_14298463/confusion_matrix.pdf
2026-04-16 07:50:22,813 - cyberbully - INFO - Accuracy: 0.8365
2026-04-16 07:50:22,813 - cyberbully - INFO - Weighted F1: 0.8390
2026-04-16 07:50:22,813 - cyberbully - INFO - Micro F1: 0.8365
2026-04-16 07:50:22,813 - cyberbully - INFO - Inference time: 0.18 seconds
2026-04-16 07:50:22,813 - cyberbully - INFO - Energy consumption: 0.000005 kWh
2026-04-16 07:50:22,813 - cyberbully - INFO - ============================================================
2026-04-16 07:50:22,813 - cyberbully - INFO - Pipeline complete. Results saved to: experiments/grid-search/bert-base-uncased/ieee/prep0_aug0/seed_14298463
2026-04-16 07:50:22,813 - cyberbully - INFO - ============================================================
