2026-02-20 09:04:46,129 - cyberbully - INFO - ============================================================
2026-02-20 09:04:46,129 - cyberbully - INFO - Cyberbullying Detection Pipeline
2026-02-20 09:04:46,129 - cyberbully - INFO - ============================================================
2026-02-20 09:04:46,129 - cyberbully - INFO - Configuration:
2026-02-20 09:04:46,129 - cyberbully - INFO -   model          : all-MiniLM-L6-v2
2026-02-20 09:04:46,129 - cyberbully - INFO -   dataset        : tweeteval
2026-02-20 09:04:46,129 - cyberbully - INFO -   preprocess     : False
2026-02-20 09:04:46,129 - cyberbully - INFO -   augment        : False
2026-02-20 09:04:46,129 - cyberbully - INFO -   compute_attribution: False
2026-02-20 09:04:46,129 - cyberbully - INFO -   seed           : 90995999
2026-02-20 09:04:46,129 - cyberbully - INFO -   epochs         : 5
2026-02-20 09:04:46,129 - cyberbully - INFO -   batch_size     : 16
2026-02-20 09:04:46,129 - cyberbully - INFO -   lr             : 2e-05
2026-02-20 09:04:46,129 - cyberbully - INFO -   max_length     : 128
2026-02-20 09:04:46,129 - cyberbully - INFO -   output_dir     : sbert-model
2026-02-20 09:04:46,129 - cyberbully - INFO -   data_dir       : dataset
2026-02-20 09:04:46,129 - cyberbully - INFO -   sbert          : True
2026-02-20 09:04:46,129 - cyberbully - INFO -   overwrite      : False
2026-02-20 09:04:46,129 - cyberbully - INFO -   device         : cuda
2026-02-20 09:04:46,129 - cyberbully - INFO -   output_dir     : experiments/sbert-model/all-MiniLM-L6-v2/tweeteval/prep0_aug0/seed_90995999
2026-02-20 09:04:46,129 - cyberbully - INFO - ============================================================
2026-02-20 09:04:46,129 - cyberbully - INFO - Step 1: Preparing data...
2026-02-20 09:04:46,129 - cyberbully - INFO - Loading dataset 'tweeteval' from dataset/Tweeteval.csv
2026-02-20 09:04:46,200 - cyberbully - INFO - Loaded 50759 samples with 5 classes: ['emotion', 'hate', 'offensive', 'religion', 'spiritual']
2026-02-20 09:04:46,203 - cyberbully - INFO - Label mapping: {'emotion': 0, 'hate': 1, 'offensive': 2, 'religion': 3, 'spiritual': 4}
2026-02-20 09:04:46,216 - cyberbully - INFO - Split sizes — train: 32485, val: 8122, test: 10152
2026-02-20 09:04:46,216 - cyberbully - INFO - Number of classes: 5
2026-02-20 09:04:46,219 - cyberbully - INFO - Step 2: Loading model and tokenizer...
2026-02-20 09:04:46,219 - cyberbully - INFO - Loading model 'all-MiniLM-L6-v2' with 5 labels (sbert=True)
2026-02-20 09:04:48,742 - cyberbully - INFO - SBERTClassifier: embedding_dim=384, hidden=256, num_labels=5
2026-02-20 09:04:49,041 - cyberbully - INFO - Step 3: Creating datasets...
2026-02-20 09:04:50,025 - cyberbully - INFO - Dataset sizes — train: 32485, val: 8122, test: 10152
2026-02-20 09:04:50,025 - cyberbully - INFO - Step 4: Training...
2026-02-20 09:04:50,088 - cyberbully - INFO - Starting training...
2026-02-20 09:07:29,367 - cyberbully - INFO - Training complete.
2026-02-20 09:07:29,367 - cyberbully - INFO - Step 5: Evaluating on test set...
2026-02-20 09:07:35,669 - cyberbully - INFO - Metrics saved to experiments/sbert-model/all-MiniLM-L6-v2/tweeteval/prep0_aug0/seed_90995999/metrics.json
2026-02-20 09:07:35,669 - cyberbully - INFO - Confusion matrix saved to experiments/sbert-model/all-MiniLM-L6-v2/tweeteval/prep0_aug0/seed_90995999/confusion_matrix.json
2026-02-20 09:07:35,770 - cyberbully - INFO - Confusion matrix figure saved to experiments/sbert-model/all-MiniLM-L6-v2/tweeteval/prep0_aug0/seed_90995999/confusion_matrix.pdf
2026-02-20 09:07:35,770 - cyberbully - INFO - Accuracy: 0.9671
2026-02-20 09:07:35,770 - cyberbully - INFO - Weighted F1: 0.9672
2026-02-20 09:07:35,770 - cyberbully - INFO - Micro F1: 0.9671
2026-02-20 09:07:35,770 - cyberbully - INFO - Inference time: 1.96 seconds
2026-02-20 09:07:35,771 - cyberbully - INFO - Energy consumption: 0.000116 kWh
2026-02-20 09:07:35,771 - cyberbully - INFO - ============================================================
2026-02-20 09:07:35,771 - cyberbully - INFO - Pipeline complete. Results saved to: experiments/sbert-model/all-MiniLM-L6-v2/tweeteval/prep0_aug0/seed_90995999
2026-02-20 09:07:35,771 - cyberbully - INFO - ============================================================
