2026-04-10 04:05:23,603 - cyberbully - INFO - ============================================================
2026-04-10 04:05:23,603 - cyberbully - INFO - Cyberbullying Detection Pipeline
2026-04-10 04:05:23,603 - cyberbully - INFO - ============================================================
2026-04-10 04:05:23,603 - cyberbully - INFO - Configuration:
2026-04-10 04:05:23,603 - cyberbully - INFO -   model          : chandar-lab/NeoBERT
2026-04-10 04:05:23,603 - cyberbully - INFO -   dataset        : tweeteval
2026-04-10 04:05:23,603 - cyberbully - INFO -   preprocess     : False
2026-04-10 04:05:23,603 - cyberbully - INFO -   augment        : True
2026-04-10 04:05:23,603 - cyberbully - INFO -   compute_attribution: False
2026-04-10 04:05:23,603 - cyberbully - INFO -   seed           : 70681460
2026-04-10 04:05:23,603 - cyberbully - INFO -   epochs         : 10
2026-04-10 04:05:23,603 - cyberbully - INFO -   batch_size     : 32
2026-04-10 04:05:23,603 - cyberbully - INFO -   lr             : 5e-05
2026-04-10 04:05:23,603 - cyberbully - INFO -   max_length     : 128
2026-04-10 04:05:23,603 - cyberbully - INFO -   output_dir     : grid-search
2026-04-10 04:05:23,603 - cyberbully - INFO -   data_dir       : dataset
2026-04-10 04:05:23,603 - cyberbully - INFO -   sbert          : False
2026-04-10 04:05:23,603 - cyberbully - INFO -   supcon         : False
2026-04-10 04:05:23,603 - cyberbully - INFO -   supcon_weight  : 0.1
2026-04-10 04:05:23,603 - cyberbully - INFO -   proj_dim       : 128
2026-04-10 04:05:23,603 - cyberbully - INFO -   grad_accum_steps: 1
2026-04-10 04:05:23,603 - cyberbully - INFO -   overwrite      : False
2026-04-10 04:05:23,603 - cyberbully - INFO -   device         : cuda
2026-04-10 04:05:23,603 - cyberbully - INFO -   output_dir     : experiments/grid-search/chandar-lab_NeoBERT/tweeteval/prep0_aug1/seed_70681460
2026-04-10 04:05:23,603 - cyberbully - INFO - ============================================================
2026-04-10 04:05:23,603 - cyberbully - INFO - Step 1: Preparing data...
2026-04-10 04:05:23,649 - cyberbully - INFO - Loaded pre-split data from dataset/tweeteval — train: 32485, val: 8122, test: 10152
2026-04-10 04:05:23,649 - cyberbully - INFO - Label mapping: {'emotion': 0, 'hate': 1, 'offensive': 2, 'religion': 3, 'spiritual': 4}
2026-04-10 04:05:23,651 - cyberbully - INFO - Applying training data augmentation (oversampling)...
2026-04-10 04:05:23,657 - cyberbully - INFO - After oversampling — class distribution: {0: 8985, 1: 8985, 2: 8985, 3: 8985, 4: 8985}
2026-04-10 04:05:23,665 - cyberbully - INFO - Number of classes: 5
2026-04-10 04:05:23,666 - cyberbully - INFO - Step 2: Loading model and tokenizer...
2026-04-10 04:05:23,666 - cyberbully - INFO - Loading model 'chandar-lab/NeoBERT' with 5 labels (sbert=False, supcon=False)
2026-04-10 04:05:25,591 - cyberbully - INFO - Step 3: Creating datasets...
2026-04-10 04:05:26,645 - cyberbully - INFO - Dataset sizes — train: 44925, val: 8122, test: 10152
2026-04-10 04:05:26,645 - cyberbully - INFO - Step 4: Training...
2026-04-10 04:05:26,958 - cyberbully - INFO - Starting training...
2026-04-10 04:51:55,395 - cyberbully - INFO - Training complete.
2026-04-10 04:51:55,539 - cyberbully - INFO - Removed checkpoint: experiments/grid-search/chandar-lab_NeoBERT/tweeteval/prep0_aug1/seed_70681460/checkpoint-14040
2026-04-10 04:51:55,664 - cyberbully - INFO - Removed checkpoint: experiments/grid-search/chandar-lab_NeoBERT/tweeteval/prep0_aug1/seed_70681460/checkpoint-2808
2026-04-10 04:51:55,787 - cyberbully - INFO - Removed checkpoint: experiments/grid-search/chandar-lab_NeoBERT/tweeteval/prep0_aug1/seed_70681460/checkpoint-5616
2026-04-10 04:51:55,910 - cyberbully - INFO - Removed checkpoint: experiments/grid-search/chandar-lab_NeoBERT/tweeteval/prep0_aug1/seed_70681460/checkpoint-7020
2026-04-10 04:51:56,033 - cyberbully - INFO - Removed checkpoint: experiments/grid-search/chandar-lab_NeoBERT/tweeteval/prep0_aug1/seed_70681460/checkpoint-4212
2026-04-10 04:51:56,153 - cyberbully - INFO - Removed checkpoint: experiments/grid-search/chandar-lab_NeoBERT/tweeteval/prep0_aug1/seed_70681460/checkpoint-12636
2026-04-10 04:51:56,281 - cyberbully - INFO - Removed checkpoint: experiments/grid-search/chandar-lab_NeoBERT/tweeteval/prep0_aug1/seed_70681460/checkpoint-1404
2026-04-10 04:51:56,405 - cyberbully - INFO - Removed checkpoint: experiments/grid-search/chandar-lab_NeoBERT/tweeteval/prep0_aug1/seed_70681460/checkpoint-8424
2026-04-10 04:51:56,527 - cyberbully - INFO - Removed checkpoint: experiments/grid-search/chandar-lab_NeoBERT/tweeteval/prep0_aug1/seed_70681460/checkpoint-11232
2026-04-10 04:51:56,648 - cyberbully - INFO - Removed checkpoint: experiments/grid-search/chandar-lab_NeoBERT/tweeteval/prep0_aug1/seed_70681460/checkpoint-9828
2026-04-10 04:51:56,648 - cyberbully - INFO - Step 5: Evaluating on test set...
2026-04-10 04:52:18,349 - cyberbully - INFO - Metrics saved to experiments/grid-search/chandar-lab_NeoBERT/tweeteval/prep0_aug1/seed_70681460/metrics.json
2026-04-10 04:52:18,350 - cyberbully - INFO - Confusion matrix saved to experiments/grid-search/chandar-lab_NeoBERT/tweeteval/prep0_aug1/seed_70681460/confusion_matrix.json
2026-04-10 04:52:18,455 - cyberbully - INFO - Per-sample predictions saved to experiments/grid-search/chandar-lab_NeoBERT/tweeteval/prep0_aug1/seed_70681460/predictions.json
2026-04-10 04:52:18,557 - cyberbully - INFO - Confusion matrix figure saved to experiments/grid-search/chandar-lab_NeoBERT/tweeteval/prep0_aug1/seed_70681460/confusion_matrix.pdf
2026-04-10 04:52:18,557 - cyberbully - INFO - Accuracy: 0.9698
2026-04-10 04:52:18,557 - cyberbully - INFO - Weighted F1: 0.9697
2026-04-10 04:52:18,557 - cyberbully - INFO - Micro F1: 0.9698
2026-04-10 04:52:18,557 - cyberbully - INFO - Inference time: 17.01 seconds
2026-04-10 04:52:18,557 - cyberbully - INFO - Energy consumption: 0.001051 kWh
2026-04-10 04:52:18,559 - cyberbully - INFO - ============================================================
2026-04-10 04:52:18,559 - cyberbully - INFO - Pipeline complete. Results saved to: experiments/grid-search/chandar-lab_NeoBERT/tweeteval/prep0_aug1/seed_70681460
2026-04-10 04:52:18,559 - cyberbully - INFO - ============================================================
