2026-03-19 05:01:15,366 - cyberbully - INFO - ============================================================
2026-03-19 05:01:15,367 - cyberbully - INFO - Cyberbullying Detection Pipeline
2026-03-19 05:01:15,367 - cyberbully - INFO - ============================================================
2026-03-19 05:01:15,367 - cyberbully - INFO - Configuration:
2026-03-19 05:01:15,367 - cyberbully - INFO -   model          : roberta-base
2026-03-19 05:01:15,367 - cyberbully - INFO -   dataset        : kaggle
2026-03-19 05:01:15,367 - cyberbully - INFO -   preprocess     : True
2026-03-19 05:01:15,367 - cyberbully - INFO -   augment        : False
2026-03-19 05:01:15,367 - cyberbully - INFO -   compute_attribution: False
2026-03-19 05:01:15,367 - cyberbully - INFO -   seed           : 67351593
2026-03-19 05:01:15,367 - cyberbully - INFO -   epochs         : 10
2026-03-19 05:01:15,367 - cyberbully - INFO -   batch_size     : 32
2026-03-19 05:01:15,367 - cyberbully - INFO -   lr             : 5e-05
2026-03-19 05:01:15,367 - cyberbully - INFO -   max_length     : 128
2026-03-19 05:01:15,367 - cyberbully - INFO -   output_dir     : supcon-baseline
2026-03-19 05:01:15,367 - cyberbully - INFO -   data_dir       : dataset
2026-03-19 05:01:15,367 - cyberbully - INFO -   sbert          : False
2026-03-19 05:01:15,367 - cyberbully - INFO -   supcon         : False
2026-03-19 05:01:15,367 - cyberbully - INFO -   supcon_weight  : 0.1
2026-03-19 05:01:15,367 - cyberbully - INFO -   proj_dim       : 128
2026-03-19 05:01:15,367 - cyberbully - INFO -   grad_accum_steps: 1
2026-03-19 05:01:15,367 - cyberbully - INFO -   overwrite      : False
2026-03-19 05:01:15,367 - cyberbully - INFO -   device         : cuda
2026-03-19 05:01:15,367 - cyberbully - INFO -   output_dir     : experiments/supcon-baseline/roberta-base/kaggle/prep1_aug0/seed_67351593
2026-03-19 05:01:15,367 - cyberbully - INFO - ============================================================
2026-03-19 05:01:15,367 - cyberbully - INFO - Step 1: Preparing data...
2026-03-19 05:01:15,419 - cyberbully - INFO - Loaded pre-split data from dataset/kaggle — train: 30499, val: 7625, test: 9532
2026-03-19 05:01:15,419 - cyberbully - INFO - Label mapping: {'age': 0, 'ethnicity': 1, 'gender': 2, 'not_cyberbullying': 3, 'other_cyberbullying': 4, 'religion': 5}
2026-03-19 05:01:15,420 - cyberbully - INFO - Applying text preprocessing per split...
2026-03-19 05:01:18,745 - cyberbully - INFO - After preprocessing — train: 30499, val: 7625, test: 9532
2026-03-19 05:01:18,757 - cyberbully - INFO - Number of classes: 6
2026-03-19 05:01:18,758 - cyberbully - INFO - Step 2: Loading model and tokenizer...
2026-03-19 05:01:18,758 - cyberbully - INFO - Loading model 'roberta-base' with 6 labels (sbert=False, supcon=False)
2026-03-19 05:01:19,573 - cyberbully - INFO - Step 3: Creating datasets...
2026-03-19 05:01:20,231 - cyberbully - INFO - Dataset sizes — train: 30499, val: 7625, test: 9532
2026-03-19 05:01:20,232 - cyberbully - INFO - Step 4: Training...
2026-03-19 05:01:20,370 - cyberbully - INFO - Starting training...
2026-03-19 05:12:33,034 - cyberbully - INFO - Training complete.
2026-03-19 05:12:33,126 - cyberbully - INFO - Removed checkpoint: experiments/supcon-baseline/roberta-base/kaggle/prep1_aug0/seed_67351593/checkpoint-1908
2026-03-19 05:12:33,211 - cyberbully - INFO - Removed checkpoint: experiments/supcon-baseline/roberta-base/kaggle/prep1_aug0/seed_67351593/checkpoint-4770
2026-03-19 05:12:33,295 - cyberbully - INFO - Removed checkpoint: experiments/supcon-baseline/roberta-base/kaggle/prep1_aug0/seed_67351593/checkpoint-9540
2026-03-19 05:12:33,381 - cyberbully - INFO - Removed checkpoint: experiments/supcon-baseline/roberta-base/kaggle/prep1_aug0/seed_67351593/checkpoint-2862
2026-03-19 05:12:33,465 - cyberbully - INFO - Removed checkpoint: experiments/supcon-baseline/roberta-base/kaggle/prep1_aug0/seed_67351593/checkpoint-7632
2026-03-19 05:12:33,553 - cyberbully - INFO - Removed checkpoint: experiments/supcon-baseline/roberta-base/kaggle/prep1_aug0/seed_67351593/checkpoint-3816
2026-03-19 05:12:33,639 - cyberbully - INFO - Removed checkpoint: experiments/supcon-baseline/roberta-base/kaggle/prep1_aug0/seed_67351593/checkpoint-5724
2026-03-19 05:12:33,737 - cyberbully - INFO - Removed checkpoint: experiments/supcon-baseline/roberta-base/kaggle/prep1_aug0/seed_67351593/checkpoint-954
2026-03-19 05:12:33,824 - cyberbully - INFO - Removed checkpoint: experiments/supcon-baseline/roberta-base/kaggle/prep1_aug0/seed_67351593/checkpoint-8586
2026-03-19 05:12:33,912 - cyberbully - INFO - Removed checkpoint: experiments/supcon-baseline/roberta-base/kaggle/prep1_aug0/seed_67351593/checkpoint-6678
2026-03-19 05:12:33,912 - cyberbully - INFO - Step 5: Evaluating on test set...
2026-03-19 05:12:43,220 - cyberbully - INFO - Metrics saved to experiments/supcon-baseline/roberta-base/kaggle/prep1_aug0/seed_67351593/metrics.json
2026-03-19 05:12:43,220 - cyberbully - INFO - Confusion matrix saved to experiments/supcon-baseline/roberta-base/kaggle/prep1_aug0/seed_67351593/confusion_matrix.json
2026-03-19 05:12:43,327 - cyberbully - INFO - Per-sample predictions saved to experiments/supcon-baseline/roberta-base/kaggle/prep1_aug0/seed_67351593/predictions.json
2026-03-19 05:12:43,442 - cyberbully - INFO - Confusion matrix figure saved to experiments/supcon-baseline/roberta-base/kaggle/prep1_aug0/seed_67351593/confusion_matrix.pdf
2026-03-19 05:12:43,442 - cyberbully - INFO - Accuracy: 0.8722
2026-03-19 05:12:43,442 - cyberbully - INFO - Weighted F1: 0.8710
2026-03-19 05:12:43,442 - cyberbully - INFO - Micro F1: 0.8722
2026-03-19 05:12:43,442 - cyberbully - INFO - Inference time: 4.06 seconds
2026-03-19 05:12:43,442 - cyberbully - INFO - Energy consumption: 0.000218 kWh
2026-03-19 05:12:43,444 - cyberbully - INFO - ============================================================
2026-03-19 05:12:43,444 - cyberbully - INFO - Pipeline complete. Results saved to: experiments/supcon-baseline/roberta-base/kaggle/prep1_aug0/seed_67351593
2026-03-19 05:12:43,444 - cyberbully - INFO - ============================================================
