2026-03-19 08:11:00,347 - cyberbully - INFO - Model 'all-mpnet-base-v2' detected as SBERT-based. Using SBERTClassifier pipeline.
2026-03-19 08:11:00,348 - cyberbully - INFO - ============================================================
2026-03-19 08:11:00,348 - cyberbully - INFO - Cyberbullying Detection Pipeline
2026-03-19 08:11:00,348 - cyberbully - INFO - ============================================================
2026-03-19 08:11:00,348 - cyberbully - INFO - Configuration:
2026-03-19 08:11:00,348 - cyberbully - INFO -   model          : all-mpnet-base-v2
2026-03-19 08:11:00,348 - cyberbully - INFO -   dataset        : ieee
2026-03-19 08:11:00,348 - cyberbully - INFO -   preprocess     : True
2026-03-19 08:11:00,348 - cyberbully - INFO -   augment        : False
2026-03-19 08:11:00,348 - cyberbully - INFO -   compute_attribution: False
2026-03-19 08:11:00,348 - cyberbully - INFO -   seed           : 52680723
2026-03-19 08:11:00,348 - cyberbully - INFO -   epochs         : 10
2026-03-19 08:11:00,348 - cyberbully - INFO -   batch_size     : 32
2026-03-19 08:11:00,348 - cyberbully - INFO -   lr             : 5e-05
2026-03-19 08:11:00,348 - cyberbully - INFO -   max_length     : 128
2026-03-19 08:11:00,348 - cyberbully - INFO -   output_dir     : supcon-baseline
2026-03-19 08:11:00,348 - cyberbully - INFO -   data_dir       : dataset
2026-03-19 08:11:00,348 - cyberbully - INFO -   sbert          : True
2026-03-19 08:11:00,348 - cyberbully - INFO -   supcon         : False
2026-03-19 08:11:00,348 - cyberbully - INFO -   supcon_weight  : 0.1
2026-03-19 08:11:00,348 - cyberbully - INFO -   proj_dim       : 128
2026-03-19 08:11:00,348 - cyberbully - INFO -   grad_accum_steps: 1
2026-03-19 08:11:00,348 - cyberbully - INFO -   overwrite      : False
2026-03-19 08:11:00,348 - cyberbully - INFO -   device         : cuda
2026-03-19 08:11:00,348 - cyberbully - INFO -   output_dir     : experiments/supcon-baseline/all-mpnet-base-v2/ieee/prep1_aug0/seed_52680723
2026-03-19 08:11:00,348 - cyberbully - INFO - ============================================================
2026-03-19 08:11:00,348 - cyberbully - INFO - Step 1: Preparing data...
2026-03-19 08:11:00,351 - cyberbully - INFO - Loaded pre-split data from dataset/ieee — train: 1348, val: 338, test: 422
2026-03-19 08:11:00,351 - cyberbully - INFO - Label mapping: {'Cyberstalking': 0, 'Doxing': 1, 'Revenge Porn': 2, 'Sexual Harassment': 3, 'Slut Shaming': 4}
2026-03-19 08:11:00,351 - cyberbully - INFO - Applying text preprocessing per split...
2026-03-19 08:11:00,472 - cyberbully - INFO - After preprocessing — train: 1348, val: 338, test: 422
2026-03-19 08:11:00,473 - cyberbully - INFO - Number of classes: 5
2026-03-19 08:11:00,474 - cyberbully - INFO - Step 2: Loading model and tokenizer...
2026-03-19 08:11:00,474 - cyberbully - INFO - Loading model 'all-mpnet-base-v2' with 5 labels (sbert=True, supcon=False)
2026-03-19 08:11:04,061 - cyberbully - INFO - SBERTClassifier: embedding_dim=768, hidden=256, num_labels=5
2026-03-19 08:11:04,361 - cyberbully - INFO - Step 3: Creating datasets...
2026-03-19 08:11:04,379 - cyberbully - INFO - Dataset sizes — train: 1348, val: 338, test: 422
2026-03-19 08:11:04,379 - cyberbully - INFO - Step 4: Training...
2026-03-19 08:11:04,383 - cyberbully - INFO - Starting training...
2026-03-19 08:13:16,311 - cyberbully - INFO - Training complete.
2026-03-19 08:13:16,390 - cyberbully - INFO - Removed checkpoint: experiments/supcon-baseline/all-mpnet-base-v2/ieee/prep1_aug0/seed_52680723/checkpoint-215
2026-03-19 08:13:16,476 - cyberbully - INFO - Removed checkpoint: experiments/supcon-baseline/all-mpnet-base-v2/ieee/prep1_aug0/seed_52680723/checkpoint-387
2026-03-19 08:13:16,559 - cyberbully - INFO - Removed checkpoint: experiments/supcon-baseline/all-mpnet-base-v2/ieee/prep1_aug0/seed_52680723/checkpoint-86
2026-03-19 08:13:16,638 - cyberbully - INFO - Removed checkpoint: experiments/supcon-baseline/all-mpnet-base-v2/ieee/prep1_aug0/seed_52680723/checkpoint-129
2026-03-19 08:13:16,722 - cyberbully - INFO - Removed checkpoint: experiments/supcon-baseline/all-mpnet-base-v2/ieee/prep1_aug0/seed_52680723/checkpoint-344
2026-03-19 08:13:16,803 - cyberbully - INFO - Removed checkpoint: experiments/supcon-baseline/all-mpnet-base-v2/ieee/prep1_aug0/seed_52680723/checkpoint-258
2026-03-19 08:13:16,890 - cyberbully - INFO - Removed checkpoint: experiments/supcon-baseline/all-mpnet-base-v2/ieee/prep1_aug0/seed_52680723/checkpoint-43
2026-03-19 08:13:16,971 - cyberbully - INFO - Removed checkpoint: experiments/supcon-baseline/all-mpnet-base-v2/ieee/prep1_aug0/seed_52680723/checkpoint-301
2026-03-19 08:13:17,049 - cyberbully - INFO - Removed checkpoint: experiments/supcon-baseline/all-mpnet-base-v2/ieee/prep1_aug0/seed_52680723/checkpoint-172
2026-03-19 08:13:17,125 - cyberbully - INFO - Removed checkpoint: experiments/supcon-baseline/all-mpnet-base-v2/ieee/prep1_aug0/seed_52680723/checkpoint-430
2026-03-19 08:13:17,125 - cyberbully - INFO - Step 5: Evaluating on test set...
2026-03-19 08:13:22,570 - cyberbully - INFO - Metrics saved to experiments/supcon-baseline/all-mpnet-base-v2/ieee/prep1_aug0/seed_52680723/metrics.json
2026-03-19 08:13:22,570 - cyberbully - INFO - Confusion matrix saved to experiments/supcon-baseline/all-mpnet-base-v2/ieee/prep1_aug0/seed_52680723/confusion_matrix.json
2026-03-19 08:13:22,574 - cyberbully - INFO - Per-sample predictions saved to experiments/supcon-baseline/all-mpnet-base-v2/ieee/prep1_aug0/seed_52680723/predictions.json
2026-03-19 08:13:22,681 - cyberbully - INFO - Confusion matrix figure saved to experiments/supcon-baseline/all-mpnet-base-v2/ieee/prep1_aug0/seed_52680723/confusion_matrix.pdf
2026-03-19 08:13:22,681 - cyberbully - INFO - Accuracy: 0.8436
2026-03-19 08:13:22,681 - cyberbully - INFO - Weighted F1: 0.8433
2026-03-19 08:13:22,681 - cyberbully - INFO - Micro F1: 0.8436
2026-03-19 08:13:22,681 - cyberbully - INFO - Inference time: 0.24 seconds
2026-03-19 08:13:22,681 - cyberbully - INFO - Energy consumption: 0.000018 kWh
2026-03-19 08:13:22,681 - cyberbully - INFO - ============================================================
2026-03-19 08:13:22,681 - cyberbully - INFO - Pipeline complete. Results saved to: experiments/supcon-baseline/all-mpnet-base-v2/ieee/prep1_aug0/seed_52680723
2026-03-19 08:13:22,681 - cyberbully - INFO - ============================================================
