2026-03-23 23:20:44,139 - cyberbully - INFO - ============================================================
2026-03-23 23:20:44,139 - cyberbully - INFO - Cyberbullying Detection Pipeline
2026-03-23 23:20:44,139 - cyberbully - INFO - ============================================================
2026-03-23 23:20:44,139 - cyberbully - INFO - Configuration:
2026-03-23 23:20:44,139 - cyberbully - INFO -   model          : bert-base-cased
2026-03-23 23:20:44,139 - cyberbully - INFO -   dataset        : kaggle
2026-03-23 23:20:44,139 - cyberbully - INFO -   preprocess     : True
2026-03-23 23:20:44,139 - cyberbully - INFO -   augment        : False
2026-03-23 23:20:44,139 - cyberbully - INFO -   compute_attribution: False
2026-03-23 23:20:44,139 - cyberbully - INFO -   seed           : 67351593
2026-03-23 23:20:44,139 - cyberbully - INFO -   epochs         : 10
2026-03-23 23:20:44,139 - cyberbully - INFO -   batch_size     : 32
2026-03-23 23:20:44,139 - cyberbully - INFO -   lr             : 5e-05
2026-03-23 23:20:44,139 - cyberbully - INFO -   max_length     : 128
2026-03-23 23:20:44,139 - cyberbully - INFO -   output_dir     : grid-search
2026-03-23 23:20:44,139 - cyberbully - INFO -   data_dir       : dataset
2026-03-23 23:20:44,139 - cyberbully - INFO -   sbert          : False
2026-03-23 23:20:44,139 - cyberbully - INFO -   supcon         : False
2026-03-23 23:20:44,139 - cyberbully - INFO -   supcon_weight  : 0.1
2026-03-23 23:20:44,139 - cyberbully - INFO -   proj_dim       : 128
2026-03-23 23:20:44,139 - cyberbully - INFO -   grad_accum_steps: 1
2026-03-23 23:20:44,139 - cyberbully - INFO -   overwrite      : False
2026-03-23 23:20:44,139 - cyberbully - INFO -   device         : cuda
2026-03-23 23:20:44,139 - cyberbully - INFO -   output_dir     : experiments/grid-search/bert-base-cased/kaggle/prep1_aug0/seed_67351593
2026-03-23 23:20:44,139 - cyberbully - INFO - ============================================================
2026-03-23 23:20:44,139 - cyberbully - INFO - Step 1: Preparing data...
2026-03-23 23:20:44,186 - cyberbully - INFO - Loaded pre-split data from dataset/kaggle — train: 25604, val: 6401, test: 8002
2026-03-23 23:20:44,186 - cyberbully - INFO - Label mapping: {'age': 0, 'ethnicity': 1, 'gender': 2, 'other_cyberbullying': 3, 'religion': 4}
2026-03-23 23:20:44,186 - cyberbully - INFO - Applying text preprocessing per split...
2026-03-23 23:21:29,785 - cyberbully - INFO - After preprocessing — train: 23555, val: 5972, test: 7419
2026-03-23 23:21:29,797 - cyberbully - INFO - Number of classes: 5
2026-03-23 23:21:29,798 - cyberbully - INFO - Step 2: Loading model and tokenizer...
2026-03-23 23:21:29,798 - cyberbully - INFO - Loading model 'bert-base-cased' with 5 labels (sbert=False, supcon=False)
2026-03-23 23:21:30,460 - cyberbully - INFO - Step 3: Creating datasets...
2026-03-23 23:21:31,134 - cyberbully - INFO - Dataset sizes — train: 23555, val: 5972, test: 7419
2026-03-23 23:21:31,134 - cyberbully - INFO - Step 4: Training...
2026-03-23 23:21:31,249 - cyberbully - INFO - Starting training...
2026-03-23 23:29:59,923 - cyberbully - INFO - Training complete.
2026-03-23 23:29:59,999 - cyberbully - INFO - Removed checkpoint: experiments/grid-search/bert-base-cased/kaggle/prep1_aug0/seed_67351593/checkpoint-5159
2026-03-23 23:30:00,080 - cyberbully - INFO - Removed checkpoint: experiments/grid-search/bert-base-cased/kaggle/prep1_aug0/seed_67351593/checkpoint-2948
2026-03-23 23:30:00,154 - cyberbully - INFO - Removed checkpoint: experiments/grid-search/bert-base-cased/kaggle/prep1_aug0/seed_67351593/checkpoint-6633
2026-03-23 23:30:00,232 - cyberbully - INFO - Removed checkpoint: experiments/grid-search/bert-base-cased/kaggle/prep1_aug0/seed_67351593/checkpoint-3685
2026-03-23 23:30:00,306 - cyberbully - INFO - Removed checkpoint: experiments/grid-search/bert-base-cased/kaggle/prep1_aug0/seed_67351593/checkpoint-7370
2026-03-23 23:30:00,395 - cyberbully - INFO - Removed checkpoint: experiments/grid-search/bert-base-cased/kaggle/prep1_aug0/seed_67351593/checkpoint-737
2026-03-23 23:30:00,476 - cyberbully - INFO - Removed checkpoint: experiments/grid-search/bert-base-cased/kaggle/prep1_aug0/seed_67351593/checkpoint-2211
2026-03-23 23:30:00,551 - cyberbully - INFO - Removed checkpoint: experiments/grid-search/bert-base-cased/kaggle/prep1_aug0/seed_67351593/checkpoint-5896
2026-03-23 23:30:00,636 - cyberbully - INFO - Removed checkpoint: experiments/grid-search/bert-base-cased/kaggle/prep1_aug0/seed_67351593/checkpoint-1474
2026-03-23 23:30:00,712 - cyberbully - INFO - Removed checkpoint: experiments/grid-search/bert-base-cased/kaggle/prep1_aug0/seed_67351593/checkpoint-4422
2026-03-23 23:30:00,712 - cyberbully - INFO - Step 5: Evaluating on test set...
2026-03-23 23:30:08,068 - cyberbully - INFO - Metrics saved to experiments/grid-search/bert-base-cased/kaggle/prep1_aug0/seed_67351593/metrics.json
2026-03-23 23:30:08,068 - cyberbully - INFO - Confusion matrix saved to experiments/grid-search/bert-base-cased/kaggle/prep1_aug0/seed_67351593/confusion_matrix.json
2026-03-23 23:30:08,142 - cyberbully - INFO - Per-sample predictions saved to experiments/grid-search/bert-base-cased/kaggle/prep1_aug0/seed_67351593/predictions.json
2026-03-23 23:30:08,248 - cyberbully - INFO - Confusion matrix figure saved to experiments/grid-search/bert-base-cased/kaggle/prep1_aug0/seed_67351593/confusion_matrix.pdf
2026-03-23 23:30:08,248 - cyberbully - INFO - Accuracy: 0.9558
2026-03-23 23:30:08,249 - cyberbully - INFO - Weighted F1: 0.9560
2026-03-23 23:30:08,249 - cyberbully - INFO - Micro F1: 0.9558
2026-03-23 23:30:08,249 - cyberbully - INFO - Inference time: 3.14 seconds
2026-03-23 23:30:08,249 - cyberbully - INFO - Energy consumption: 0.000179 kWh
2026-03-23 23:30:08,250 - cyberbully - INFO - ============================================================
2026-03-23 23:30:08,250 - cyberbully - INFO - Pipeline complete. Results saved to: experiments/grid-search/bert-base-cased/kaggle/prep1_aug0/seed_67351593
2026-03-23 23:30:08,250 - cyberbully - INFO - ============================================================
