2026-03-21 15:02:01,433 - cyberbully - INFO - ============================================================
2026-03-21 15:02:01,433 - cyberbully - INFO - Cyberbullying Detection Pipeline
2026-03-21 15:02:01,433 - cyberbully - INFO - ============================================================
2026-03-21 15:02:01,433 - cyberbully - INFO - Configuration:
2026-03-21 15:02:01,433 - cyberbully - INFO -   model          : distilbert-base-cased
2026-03-21 15:02:01,433 - cyberbully - INFO -   dataset        : ieee
2026-03-21 15:02:01,433 - cyberbully - INFO -   preprocess     : False
2026-03-21 15:02:01,433 - cyberbully - INFO -   augment        : False
2026-03-21 15:02:01,433 - cyberbully - INFO -   compute_attribution: False
2026-03-21 15:02:01,433 - cyberbully - INFO -   seed           : 52680723
2026-03-21 15:02:01,433 - cyberbully - INFO -   epochs         : 10
2026-03-21 15:02:01,433 - cyberbully - INFO -   batch_size     : 32
2026-03-21 15:02:01,433 - cyberbully - INFO -   lr             : 5e-05
2026-03-21 15:02:01,433 - cyberbully - INFO -   max_length     : 128
2026-03-21 15:02:01,433 - cyberbully - INFO -   output_dir     : grid-search
2026-03-21 15:02:01,433 - cyberbully - INFO -   data_dir       : dataset
2026-03-21 15:02:01,433 - cyberbully - INFO -   sbert          : False
2026-03-21 15:02:01,433 - cyberbully - INFO -   supcon         : False
2026-03-21 15:02:01,433 - cyberbully - INFO -   supcon_weight  : 0.1
2026-03-21 15:02:01,433 - cyberbully - INFO -   proj_dim       : 128
2026-03-21 15:02:01,433 - cyberbully - INFO -   grad_accum_steps: 1
2026-03-21 15:02:01,433 - cyberbully - INFO -   overwrite      : False
2026-03-21 15:02:01,433 - cyberbully - INFO -   device         : cuda
2026-03-21 15:02:01,433 - cyberbully - INFO -   output_dir     : experiments/grid-search/distilbert-base-cased/ieee/prep0_aug0/seed_52680723
2026-03-21 15:02:01,433 - cyberbully - INFO - ============================================================
2026-03-21 15:02:01,433 - cyberbully - INFO - Step 1: Preparing data...
2026-03-21 15:02:01,436 - cyberbully - INFO - Loaded pre-split data from dataset/ieee — train: 1348, val: 338, test: 422
2026-03-21 15:02:01,436 - cyberbully - INFO - Label mapping: {'Cyberstalking': 0, 'Doxing': 1, 'Revenge Porn': 2, 'Sexual Harassment': 3, 'Slut Shaming': 4}
2026-03-21 15:02:01,438 - cyberbully - INFO - Number of classes: 5
2026-03-21 15:02:01,439 - cyberbully - INFO - Step 2: Loading model and tokenizer...
2026-03-21 15:02:01,439 - cyberbully - INFO - Loading model 'distilbert-base-cased' with 5 labels (sbert=False, supcon=False)
2026-03-21 15:02:02,123 - cyberbully - INFO - Step 3: Creating datasets...
2026-03-21 15:02:02,151 - cyberbully - INFO - Dataset sizes — train: 1348, val: 338, test: 422
2026-03-21 15:02:02,151 - cyberbully - INFO - Step 4: Training...
2026-03-21 15:02:02,338 - cyberbully - INFO - Starting training...
2026-03-21 15:02:29,321 - cyberbully - INFO - Training complete.
2026-03-21 15:02:29,423 - cyberbully - INFO - Removed checkpoint: experiments/grid-search/distilbert-base-cased/ieee/prep0_aug0/seed_52680723/checkpoint-172
2026-03-21 15:02:29,468 - cyberbully - INFO - Removed checkpoint: experiments/grid-search/distilbert-base-cased/ieee/prep0_aug0/seed_52680723/checkpoint-258
2026-03-21 15:02:29,512 - cyberbully - INFO - Removed checkpoint: experiments/grid-search/distilbert-base-cased/ieee/prep0_aug0/seed_52680723/checkpoint-387
2026-03-21 15:02:29,561 - cyberbully - INFO - Removed checkpoint: experiments/grid-search/distilbert-base-cased/ieee/prep0_aug0/seed_52680723/checkpoint-43
2026-03-21 15:02:29,606 - cyberbully - INFO - Removed checkpoint: experiments/grid-search/distilbert-base-cased/ieee/prep0_aug0/seed_52680723/checkpoint-430
2026-03-21 15:02:29,651 - cyberbully - INFO - Removed checkpoint: experiments/grid-search/distilbert-base-cased/ieee/prep0_aug0/seed_52680723/checkpoint-301
2026-03-21 15:02:29,696 - cyberbully - INFO - Removed checkpoint: experiments/grid-search/distilbert-base-cased/ieee/prep0_aug0/seed_52680723/checkpoint-344
2026-03-21 15:02:29,741 - cyberbully - INFO - Removed checkpoint: experiments/grid-search/distilbert-base-cased/ieee/prep0_aug0/seed_52680723/checkpoint-129
2026-03-21 15:02:30,279 - cyberbully - INFO - Removed checkpoint: experiments/grid-search/distilbert-base-cased/ieee/prep0_aug0/seed_52680723/checkpoint-215
2026-03-21 15:02:31,198 - cyberbully - INFO - Removed checkpoint: experiments/grid-search/distilbert-base-cased/ieee/prep0_aug0/seed_52680723/checkpoint-86
2026-03-21 15:02:31,198 - cyberbully - INFO - Step 5: Evaluating on test set...
2026-03-21 15:02:35,616 - cyberbully - INFO - Metrics saved to experiments/grid-search/distilbert-base-cased/ieee/prep0_aug0/seed_52680723/metrics.json
2026-03-21 15:02:35,616 - cyberbully - INFO - Confusion matrix saved to experiments/grid-search/distilbert-base-cased/ieee/prep0_aug0/seed_52680723/confusion_matrix.json
2026-03-21 15:02:35,620 - cyberbully - INFO - Per-sample predictions saved to experiments/grid-search/distilbert-base-cased/ieee/prep0_aug0/seed_52680723/predictions.json
2026-03-21 15:02:35,722 - cyberbully - INFO - Confusion matrix figure saved to experiments/grid-search/distilbert-base-cased/ieee/prep0_aug0/seed_52680723/confusion_matrix.pdf
2026-03-21 15:02:35,722 - cyberbully - INFO - Accuracy: 0.7986
2026-03-21 15:02:35,722 - cyberbully - INFO - Weighted F1: 0.8030
2026-03-21 15:02:35,722 - cyberbully - INFO - Micro F1: 0.7986
2026-03-21 15:02:35,722 - cyberbully - INFO - Inference time: 0.16 seconds
2026-03-21 15:02:35,722 - cyberbully - INFO - Energy consumption: 0.000009 kWh
2026-03-21 15:02:35,722 - cyberbully - INFO - ============================================================
2026-03-21 15:02:35,722 - cyberbully - INFO - Pipeline complete. Results saved to: experiments/grid-search/distilbert-base-cased/ieee/prep0_aug0/seed_52680723
2026-03-21 15:02:35,722 - cyberbully - INFO - ============================================================
