2026-03-16 22:26:25,637 - cyberbully - INFO - ============================================================
2026-03-16 22:26:25,637 - cyberbully - INFO - Cyberbullying Detection Pipeline
2026-03-16 22:26:25,637 - cyberbully - INFO - ============================================================
2026-03-16 22:26:25,637 - cyberbully - INFO - Configuration:
2026-03-16 22:26:25,637 - cyberbully - INFO -   model          : roberta-base
2026-03-16 22:26:25,637 - cyberbully - INFO -   dataset        : kaggle
2026-03-16 22:26:25,637 - cyberbully - INFO -   preprocess     : True
2026-03-16 22:26:25,637 - cyberbully - INFO -   augment        : False
2026-03-16 22:26:25,637 - cyberbully - INFO -   compute_attribution: False
2026-03-16 22:26:25,638 - cyberbully - INFO -   seed           : 90995999
2026-03-16 22:26:25,638 - cyberbully - INFO -   epochs         : 10
2026-03-16 22:26:25,638 - cyberbully - INFO -   batch_size     : 32
2026-03-16 22:26:25,638 - cyberbully - INFO -   lr             : 5e-05
2026-03-16 22:26:25,638 - cyberbully - INFO -   max_length     : 128
2026-03-16 22:26:25,638 - cyberbully - INFO -   output_dir     : supcon-grid
2026-03-16 22:26:25,638 - cyberbully - INFO -   data_dir       : dataset
2026-03-16 22:26:25,638 - cyberbully - INFO -   sbert          : False
2026-03-16 22:26:25,638 - cyberbully - INFO -   supcon         : True
2026-03-16 22:26:25,638 - cyberbully - INFO -   supcon_weight  : 0.1
2026-03-16 22:26:25,638 - cyberbully - INFO -   proj_dim       : 128
2026-03-16 22:26:25,638 - cyberbully - INFO -   grad_accum_steps: 1
2026-03-16 22:26:25,638 - cyberbully - INFO -   overwrite      : False
2026-03-16 22:26:25,638 - cyberbully - INFO -   device         : cuda
2026-03-16 22:26:25,638 - cyberbully - INFO -   output_dir     : experiments/supcon-grid/roberta-base/kaggle/prep1_aug0/seed_90995999
2026-03-16 22:26:25,638 - cyberbully - INFO - ============================================================
2026-03-16 22:26:25,638 - cyberbully - INFO - Step 1: Preparing data...
2026-03-16 22:26:25,690 - cyberbully - INFO - Loaded pre-split data from dataset/kaggle — train: 30499, val: 7625, test: 9532
2026-03-16 22:26:25,690 - cyberbully - INFO - Label mapping: {'age': 0, 'ethnicity': 1, 'gender': 2, 'not_cyberbullying': 3, 'other_cyberbullying': 4, 'religion': 5}
2026-03-16 22:26:25,690 - cyberbully - INFO - Applying text preprocessing per split...
2026-03-16 22:26:28,800 - cyberbully - INFO - After preprocessing — train: 30499, val: 7625, test: 9532
2026-03-16 22:26:28,814 - cyberbully - INFO - Number of classes: 6
2026-03-16 22:26:28,815 - cyberbully - INFO - Step 2: Loading model and tokenizer...
2026-03-16 22:26:28,815 - cyberbully - INFO - Loading model 'roberta-base' with 6 labels (sbert=False, supcon=True)
2026-03-16 22:26:29,369 - cyberbully - INFO - SupConClassifier: hidden_size=768, proj_dim=128, num_labels=6
2026-03-16 22:26:29,753 - cyberbully - INFO - Step 3: Creating datasets...
2026-03-16 22:26:30,479 - cyberbully - INFO - Dataset sizes — train: 30499, val: 7625, test: 9532
2026-03-16 22:26:30,479 - cyberbully - INFO - Step 4: Training...
2026-03-16 22:26:30,727 - cyberbully - INFO - Using SupConTrainer with supcon_weight=0.100
2026-03-16 22:26:30,728 - cyberbully - INFO - Starting training...
2026-03-16 22:42:28,265 - cyberbully - INFO - Training complete.
2026-03-16 22:42:28,336 - cyberbully - INFO - Removed checkpoint: experiments/supcon-grid/roberta-base/kaggle/prep1_aug0/seed_90995999/checkpoint-954
2026-03-16 22:42:28,407 - cyberbully - INFO - Removed checkpoint: experiments/supcon-grid/roberta-base/kaggle/prep1_aug0/seed_90995999/checkpoint-1908
2026-03-16 22:42:28,478 - cyberbully - INFO - Removed checkpoint: experiments/supcon-grid/roberta-base/kaggle/prep1_aug0/seed_90995999/checkpoint-2862
2026-03-16 22:42:28,550 - cyberbully - INFO - Removed checkpoint: experiments/supcon-grid/roberta-base/kaggle/prep1_aug0/seed_90995999/checkpoint-7632
2026-03-16 22:42:28,621 - cyberbully - INFO - Removed checkpoint: experiments/supcon-grid/roberta-base/kaggle/prep1_aug0/seed_90995999/checkpoint-5724
2026-03-16 22:42:28,693 - cyberbully - INFO - Removed checkpoint: experiments/supcon-grid/roberta-base/kaggle/prep1_aug0/seed_90995999/checkpoint-4770
2026-03-16 22:42:28,777 - cyberbully - INFO - Removed checkpoint: experiments/supcon-grid/roberta-base/kaggle/prep1_aug0/seed_90995999/checkpoint-9540
2026-03-16 22:42:28,848 - cyberbully - INFO - Removed checkpoint: experiments/supcon-grid/roberta-base/kaggle/prep1_aug0/seed_90995999/checkpoint-6678
2026-03-16 22:42:28,921 - cyberbully - INFO - Removed checkpoint: experiments/supcon-grid/roberta-base/kaggle/prep1_aug0/seed_90995999/checkpoint-8586
2026-03-16 22:42:28,991 - cyberbully - INFO - Removed checkpoint: experiments/supcon-grid/roberta-base/kaggle/prep1_aug0/seed_90995999/checkpoint-3816
2026-03-16 22:42:28,991 - cyberbully - INFO - Step 5: Evaluating on test set...
2026-03-16 22:42:41,332 - cyberbully - INFO - Metrics saved to experiments/supcon-grid/roberta-base/kaggle/prep1_aug0/seed_90995999/metrics.json
2026-03-16 22:42:41,332 - cyberbully - INFO - Confusion matrix saved to experiments/supcon-grid/roberta-base/kaggle/prep1_aug0/seed_90995999/confusion_matrix.json
2026-03-16 22:42:41,432 - cyberbully - INFO - Per-sample predictions saved to experiments/supcon-grid/roberta-base/kaggle/prep1_aug0/seed_90995999/predictions.json
2026-03-16 22:42:41,544 - cyberbully - INFO - Confusion matrix figure saved to experiments/supcon-grid/roberta-base/kaggle/prep1_aug0/seed_90995999/confusion_matrix.pdf
2026-03-16 22:42:41,544 - cyberbully - INFO - Accuracy: 0.8677
2026-03-16 22:42:41,544 - cyberbully - INFO - Weighted F1: 0.8688
2026-03-16 22:42:41,544 - cyberbully - INFO - Micro F1: 0.8677
2026-03-16 22:42:41,544 - cyberbully - INFO - Inference time: 7.48 seconds
2026-03-16 22:42:41,544 - cyberbully - INFO - Energy consumption: 0.000447 kWh
2026-03-16 22:42:41,546 - cyberbully - INFO - Step 5b: Plotting t-SNE of projection embeddings...
2026-03-16 22:42:48,882 - cyberbully - INFO - Running t-SNE on 9532 samples with proj_dim=128, perplexity=30.0...
2026-03-16 22:43:20,813 - cyberbully - INFO - t-SNE static plot saved to experiments/supcon-grid/roberta-base/kaggle/prep1_aug0/seed_90995999/projection_tsne.pdf
2026-03-16 22:43:20,959 - cyberbully - INFO - t-SNE interactive plot saved to experiments/supcon-grid/roberta-base/kaggle/prep1_aug0/seed_90995999/projection_tsne.html
2026-03-16 22:43:20,959 - cyberbully - INFO - ============================================================
2026-03-16 22:43:20,960 - cyberbully - INFO - Pipeline complete. Results saved to: experiments/supcon-grid/roberta-base/kaggle/prep1_aug0/seed_90995999
2026-03-16 22:43:20,960 - cyberbully - INFO - ============================================================
