2026-05-21 00:09:32,270 - cyberbully - INFO - Model 'all-MiniLM-L12-v2' detected as SBERT-based. Using SBERTClassifier pipeline.
2026-05-21 00:09:32,270 - cyberbully - INFO - ============================================================
2026-05-21 00:09:32,270 - cyberbully - INFO - Cyberbullying Detection Pipeline
2026-05-21 00:09:32,270 - cyberbully - INFO - ============================================================
2026-05-21 00:09:32,270 - cyberbully - INFO - Configuration:
2026-05-21 00:09:32,270 - cyberbully - INFO -   model          : all-MiniLM-L12-v2
2026-05-21 00:09:32,270 - cyberbully - INFO -   dataset        : kaggle
2026-05-21 00:09:32,270 - cyberbully - INFO -   preprocess     : True
2026-05-21 00:09:32,270 - cyberbully - INFO -   augment        : False
2026-05-21 00:09:32,270 - cyberbully - INFO -   compute_attribution: False
2026-05-21 00:09:32,270 - cyberbully - INFO -   seed           : 87212562
2026-05-21 00:09:32,270 - cyberbully - INFO -   epochs         : 10
2026-05-21 00:09:32,270 - cyberbully - INFO -   batch_size     : 32
2026-05-21 00:09:32,270 - cyberbully - INFO -   lr             : 5e-05
2026-05-21 00:09:32,270 - cyberbully - INFO -   max_length     : 128
2026-05-21 00:09:32,270 - cyberbully - INFO -   output_dir     : grid-search
2026-05-21 00:09:32,270 - cyberbully - INFO -   data_dir       : dataset
2026-05-21 00:09:32,270 - cyberbully - INFO -   sbert          : True
2026-05-21 00:09:32,270 - cyberbully - INFO -   supcon         : False
2026-05-21 00:09:32,270 - cyberbully - INFO -   supcon_weight  : 0.1
2026-05-21 00:09:32,270 - cyberbully - INFO -   proj_dim       : 128
2026-05-21 00:09:32,270 - cyberbully - INFO -   grad_accum_steps: 1
2026-05-21 00:09:32,270 - cyberbully - INFO -   overwrite      : True
2026-05-21 00:09:32,270 - cyberbully - INFO -   device         : cuda
2026-05-21 00:09:32,270 - cyberbully - INFO -   output_dir     : experiments/grid-search/all-MiniLM-L12-v2/kaggle/prep1_aug0/seed_87212562
2026-05-21 00:09:32,270 - cyberbully - INFO - ============================================================
2026-05-21 00:09:32,270 - cyberbully - INFO - Step 1: Preparing data...
2026-05-21 00:09:32,314 - cyberbully - INFO - Loaded pre-split data from dataset/kaggle — train: 25604, val: 6401, test: 8002
2026-05-21 00:09:32,314 - cyberbully - INFO - Label mapping: {'age': 0, 'ethnicity': 1, 'gender': 2, 'other_cyberbullying': 3, 'religion': 4}
2026-05-21 00:09:32,315 - cyberbully - INFO - Applying text preprocessing per split...
2026-05-21 00:09:36,836 - cyberbully - INFO - After preprocessing -- train: 25604, val: 6401, test: 8002
2026-05-21 00:09:36,839 - cyberbully - INFO - Number of classes: 5
2026-05-21 00:09:36,840 - cyberbully - INFO - Step 2: Loading model and tokenizer...
2026-05-21 00:09:36,840 - cyberbully - INFO - Loading model 'all-MiniLM-L12-v2' with 5 labels (sbert=True, supcon=False)
2026-05-21 00:09:40,748 - cyberbully - INFO - SBERTClassifier: embedding_dim=384, hidden=256, proj_dim=None, num_labels=5
2026-05-21 00:09:41,309 - cyberbully - INFO - Step 3: Creating datasets...
2026-05-21 00:09:42,031 - cyberbully - INFO - Dataset sizes — train: 25604, val: 6401, test: 8002
2026-05-21 00:09:42,032 - cyberbully - INFO - Step 4: Training...
2026-05-21 00:09:42,075 - cyberbully - INFO - Starting training...
2026-05-21 00:14:13,241 - cyberbully - INFO - Training complete.
2026-05-21 00:14:13,262 - cyberbully - INFO - Removed checkpoint: experiments/grid-search/all-MiniLM-L12-v2/kaggle/prep1_aug0/seed_87212562/checkpoint-5607
2026-05-21 00:14:13,284 - cyberbully - INFO - Removed checkpoint: experiments/grid-search/all-MiniLM-L12-v2/kaggle/prep1_aug0/seed_87212562/checkpoint-8010
2026-05-21 00:14:13,304 - cyberbully - INFO - Removed checkpoint: experiments/grid-search/all-MiniLM-L12-v2/kaggle/prep1_aug0/seed_87212562/checkpoint-6408
2026-05-21 00:14:13,324 - cyberbully - INFO - Removed checkpoint: experiments/grid-search/all-MiniLM-L12-v2/kaggle/prep1_aug0/seed_87212562/checkpoint-1602
2026-05-21 00:14:13,343 - cyberbully - INFO - Removed checkpoint: experiments/grid-search/all-MiniLM-L12-v2/kaggle/prep1_aug0/seed_87212562/checkpoint-3204
2026-05-21 00:14:13,366 - cyberbully - INFO - Removed checkpoint: experiments/grid-search/all-MiniLM-L12-v2/kaggle/prep1_aug0/seed_87212562/checkpoint-7209
2026-05-21 00:14:13,387 - cyberbully - INFO - Removed checkpoint: experiments/grid-search/all-MiniLM-L12-v2/kaggle/prep1_aug0/seed_87212562/checkpoint-4005
2026-05-21 00:14:13,406 - cyberbully - INFO - Removed checkpoint: experiments/grid-search/all-MiniLM-L12-v2/kaggle/prep1_aug0/seed_87212562/checkpoint-4806
2026-05-21 00:14:13,426 - cyberbully - INFO - Removed checkpoint: experiments/grid-search/all-MiniLM-L12-v2/kaggle/prep1_aug0/seed_87212562/checkpoint-801
2026-05-21 00:14:13,446 - cyberbully - INFO - Removed checkpoint: experiments/grid-search/all-MiniLM-L12-v2/kaggle/prep1_aug0/seed_87212562/checkpoint-2403
2026-05-21 00:14:13,446 - cyberbully - INFO - Step 5: Evaluating on test set...
2026-05-21 00:14:21,512 - cyberbully - INFO - Metrics saved to experiments/grid-search/all-MiniLM-L12-v2/kaggle/prep1_aug0/seed_87212562/metrics.json
2026-05-21 00:14:21,512 - cyberbully - INFO - Confusion matrix saved to experiments/grid-search/all-MiniLM-L12-v2/kaggle/prep1_aug0/seed_87212562/confusion_matrix.json
2026-05-21 00:14:21,592 - cyberbully - INFO - Per-sample predictions saved to experiments/grid-search/all-MiniLM-L12-v2/kaggle/prep1_aug0/seed_87212562/predictions.json
2026-05-21 00:14:21,695 - cyberbully - INFO - Confusion matrix figure saved to experiments/grid-search/all-MiniLM-L12-v2/kaggle/prep1_aug0/seed_87212562/confusion_matrix.pdf
2026-05-21 00:14:21,696 - cyberbully - INFO - Accuracy: 0.9461
2026-05-21 00:14:21,696 - cyberbully - INFO - Weighted F1: 0.9462
2026-05-21 00:14:21,696 - cyberbully - INFO - Micro F1: 0.9461
2026-05-21 00:14:21,696 - cyberbully - INFO - Inference time: 1.92 seconds
2026-05-21 00:14:21,696 - cyberbully - INFO - Energy consumption: 0.000141 kWh
2026-05-21 00:14:21,698 - cyberbully - INFO - ============================================================
2026-05-21 00:14:21,698 - cyberbully - INFO - Pipeline complete. Results saved to: experiments/grid-search/all-MiniLM-L12-v2/kaggle/prep1_aug0/seed_87212562
2026-05-21 00:14:21,698 - cyberbully - INFO - ============================================================
