2026-06-16 16:09:53,916 - cyberbully - INFO - ============================================================
2026-06-16 16:09:53,916 - cyberbully - INFO - Cyberbullying Detection Pipeline
2026-06-16 16:09:53,916 - cyberbully - INFO - ============================================================
2026-06-16 16:09:53,916 - cyberbully - INFO - Configuration:
2026-06-16 16:09:53,917 - cyberbully - INFO -   model          : GroNLP/hateBERT
2026-06-16 16:09:53,917 - cyberbully - INFO -   dataset        : tweeteval
2026-06-16 16:09:53,917 - cyberbully - INFO -   preprocess     : False
2026-06-16 16:09:53,917 - cyberbully - INFO -   prep_mode      : 2
2026-06-16 16:09:53,917 - cyberbully - INFO -   augment        : False
2026-06-16 16:09:53,917 - cyberbully - INFO -   compute_attribution: False
2026-06-16 16:09:53,917 - cyberbully - INFO -   seed           : 52680723
2026-06-16 16:09:53,917 - cyberbully - INFO -   epochs         : 10
2026-06-16 16:09:53,917 - cyberbully - INFO -   batch_size     : 32
2026-06-16 16:09:53,917 - cyberbully - INFO -   lr             : 5e-05
2026-06-16 16:09:53,917 - cyberbully - INFO -   max_length     : 128
2026-06-16 16:09:53,917 - cyberbully - INFO -   output_dir     : grid-search
2026-06-16 16:09:53,917 - cyberbully - INFO -   data_dir       : dataset
2026-06-16 16:09:53,917 - cyberbully - INFO -   sbert          : False
2026-06-16 16:09:53,917 - cyberbully - INFO -   supcon         : False
2026-06-16 16:09:53,917 - cyberbully - INFO -   supcon_weight  : 0.1
2026-06-16 16:09:53,917 - cyberbully - INFO -   proj_dim       : 128
2026-06-16 16:09:53,917 - cyberbully - INFO -   grad_accum_steps: 1
2026-06-16 16:09:53,917 - cyberbully - INFO -   overwrite      : False
2026-06-16 16:09:53,917 - cyberbully - INFO -   device         : cuda
2026-06-16 16:09:53,917 - cyberbully - INFO -   output_dir     : experiments/grid-search/GroNLP_hateBERT/tweeteval/prep2_aug0/seed_52680723
2026-06-16 16:09:53,917 - cyberbully - INFO - ============================================================
2026-06-16 16:09:53,917 - cyberbully - INFO - Step 1: Preparing data...
2026-06-16 16:09:53,965 - cyberbully - INFO - Loaded pre-split data from dataset/tweeteval — train: 32485, val: 8122, test: 10152
2026-06-16 16:09:53,966 - cyberbully - INFO - Label mapping: {'emotion': 0, 'hate': 1, 'offensive': 2, 'religion': 3, 'spiritual': 4}
2026-06-16 16:09:53,967 - cyberbully - INFO - Applying partial text preprocessing per split...
2026-06-16 16:09:55,623 - cyberbully - INFO - After preprocessing -- train: 32485, val: 8122, test: 10152
2026-06-16 16:09:55,628 - cyberbully - INFO - Number of classes: 5
2026-06-16 16:09:55,629 - cyberbully - INFO - Step 2: Loading model and tokenizer...
2026-06-16 16:09:55,629 - cyberbully - INFO - Loading model 'GroNLP/hateBERT' with 5 labels (sbert=False, supcon=False)
2026-06-16 16:09:56,685 - cyberbully - INFO - Step 3: Creating datasets...
2026-06-16 16:09:57,986 - cyberbully - INFO - Dataset sizes — train: 32485, val: 8122, test: 10152
2026-06-16 16:09:57,986 - cyberbully - INFO - Step 4: Training...
2026-06-16 16:09:58,223 - cyberbully - INFO - Starting training...
2026-06-16 16:25:46,771 - cyberbully - INFO - Training complete.
2026-06-16 16:25:46,835 - cyberbully - INFO - Removed checkpoint: experiments/grid-search/GroNLP_hateBERT/tweeteval/prep2_aug0/seed_52680723/checkpoint-3048
2026-06-16 16:25:46,897 - cyberbully - INFO - Removed checkpoint: experiments/grid-search/GroNLP_hateBERT/tweeteval/prep2_aug0/seed_52680723/checkpoint-7112
2026-06-16 16:25:46,960 - cyberbully - INFO - Removed checkpoint: experiments/grid-search/GroNLP_hateBERT/tweeteval/prep2_aug0/seed_52680723/checkpoint-9144
2026-06-16 16:25:47,025 - cyberbully - INFO - Removed checkpoint: experiments/grid-search/GroNLP_hateBERT/tweeteval/prep2_aug0/seed_52680723/checkpoint-1016
2026-06-16 16:25:47,091 - cyberbully - INFO - Removed checkpoint: experiments/grid-search/GroNLP_hateBERT/tweeteval/prep2_aug0/seed_52680723/checkpoint-2032
2026-06-16 16:25:47,166 - cyberbully - INFO - Removed checkpoint: experiments/grid-search/GroNLP_hateBERT/tweeteval/prep2_aug0/seed_52680723/checkpoint-10160
2026-06-16 16:25:47,230 - cyberbully - INFO - Removed checkpoint: experiments/grid-search/GroNLP_hateBERT/tweeteval/prep2_aug0/seed_52680723/checkpoint-6096
2026-06-16 16:25:47,294 - cyberbully - INFO - Removed checkpoint: experiments/grid-search/GroNLP_hateBERT/tweeteval/prep2_aug0/seed_52680723/checkpoint-5080
2026-06-16 16:25:47,358 - cyberbully - INFO - Removed checkpoint: experiments/grid-search/GroNLP_hateBERT/tweeteval/prep2_aug0/seed_52680723/checkpoint-8128
2026-06-16 16:25:47,424 - cyberbully - INFO - Removed checkpoint: experiments/grid-search/GroNLP_hateBERT/tweeteval/prep2_aug0/seed_52680723/checkpoint-4064
2026-06-16 16:25:47,425 - cyberbully - INFO - Step 5: Evaluating on test set...
2026-06-16 16:26:00,642 - cyberbully - INFO - Metrics saved to experiments/grid-search/GroNLP_hateBERT/tweeteval/prep2_aug0/seed_52680723/metrics.json
2026-06-16 16:26:00,642 - cyberbully - INFO - Confusion matrix saved to experiments/grid-search/GroNLP_hateBERT/tweeteval/prep2_aug0/seed_52680723/confusion_matrix.json
2026-06-16 16:26:00,751 - cyberbully - INFO - Per-sample predictions saved to experiments/grid-search/GroNLP_hateBERT/tweeteval/prep2_aug0/seed_52680723/predictions.json
2026-06-16 16:26:00,859 - cyberbully - INFO - Confusion matrix figure saved to experiments/grid-search/GroNLP_hateBERT/tweeteval/prep2_aug0/seed_52680723/confusion_matrix.pdf
2026-06-16 16:26:00,859 - cyberbully - INFO - Accuracy: 0.9397
2026-06-16 16:26:00,859 - cyberbully - INFO - Weighted F1: 0.9396
2026-06-16 16:26:00,859 - cyberbully - INFO - Micro F1: 0.9397
2026-06-16 16:26:00,859 - cyberbully - INFO - Inference time: 7.08 seconds
2026-06-16 16:26:00,859 - cyberbully - INFO - Energy consumption: 0.000434 kWh
2026-06-16 16:26:00,862 - cyberbully - INFO - ============================================================
2026-06-16 16:26:00,862 - cyberbully - INFO - Pipeline complete. Results saved to: experiments/grid-search/GroNLP_hateBERT/tweeteval/prep2_aug0/seed_52680723
2026-06-16 16:26:00,862 - cyberbully - INFO - ============================================================
