2026-06-14 18:28:52,654 - cyberbully - INFO - ============================================================
2026-06-14 18:28:52,654 - cyberbully - INFO - Cyberbullying Detection Pipeline
2026-06-14 18:28:52,654 - cyberbully - INFO - ============================================================
2026-06-14 18:28:52,654 - cyberbully - INFO - Configuration:
2026-06-14 18:28:52,654 - cyberbully - INFO -   model          : bert-base-uncased
2026-06-14 18:28:52,654 - cyberbully - INFO -   dataset        : ieee
2026-06-14 18:28:52,654 - cyberbully - INFO -   preprocess     : False
2026-06-14 18:28:52,654 - cyberbully - INFO -   prep_mode      : 2
2026-06-14 18:28:52,654 - cyberbully - INFO -   augment        : False
2026-06-14 18:28:52,654 - cyberbully - INFO -   compute_attribution: False
2026-06-14 18:28:52,654 - cyberbully - INFO -   seed           : 87212562
2026-06-14 18:28:52,654 - cyberbully - INFO -   epochs         : 10
2026-06-14 18:28:52,654 - cyberbully - INFO -   batch_size     : 32
2026-06-14 18:28:52,654 - cyberbully - INFO -   lr             : 5e-05
2026-06-14 18:28:52,654 - cyberbully - INFO -   max_length     : 128
2026-06-14 18:28:52,654 - cyberbully - INFO -   output_dir     : grid-search
2026-06-14 18:28:52,654 - cyberbully - INFO -   data_dir       : dataset
2026-06-14 18:28:52,654 - cyberbully - INFO -   sbert          : False
2026-06-14 18:28:52,654 - cyberbully - INFO -   supcon         : False
2026-06-14 18:28:52,654 - cyberbully - INFO -   supcon_weight  : 0.1
2026-06-14 18:28:52,654 - cyberbully - INFO -   proj_dim       : 128
2026-06-14 18:28:52,654 - cyberbully - INFO -   grad_accum_steps: 1
2026-06-14 18:28:52,654 - cyberbully - INFO -   overwrite      : False
2026-06-14 18:28:52,654 - cyberbully - INFO -   device         : cuda
2026-06-14 18:28:52,654 - cyberbully - INFO -   output_dir     : experiments/grid-search/bert-base-uncased/ieee/prep2_aug0/seed_87212562
2026-06-14 18:28:52,654 - cyberbully - INFO - ============================================================
2026-06-14 18:28:52,654 - cyberbully - INFO - Step 1: Preparing data...
2026-06-14 18:28:52,658 - cyberbully - INFO - Loaded pre-split data from dataset/ieee — train: 1348, val: 338, test: 422
2026-06-14 18:28:52,658 - cyberbully - INFO - Label mapping: {'Cyberstalking': 0, 'Doxing': 1, 'Revenge Porn': 2, 'Sexual Harassment': 3, 'Slut Shaming': 4}
2026-06-14 18:28:52,659 - cyberbully - INFO - Applying partial text preprocessing per split...
2026-06-14 18:28:52,716 - cyberbully - INFO - After preprocessing -- train: 1348, val: 338, test: 422
2026-06-14 18:28:52,718 - cyberbully - INFO - Number of classes: 5
2026-06-14 18:28:52,719 - cyberbully - INFO - Step 2: Loading model and tokenizer...
2026-06-14 18:28:52,719 - cyberbully - INFO - Loading model 'bert-base-uncased' with 5 labels (sbert=False, supcon=False)
2026-06-14 18:28:54,241 - cyberbully - INFO - Step 3: Creating datasets...
2026-06-14 18:28:54,265 - cyberbully - INFO - Dataset sizes — train: 1348, val: 338, test: 422
2026-06-14 18:28:54,265 - cyberbully - INFO - Step 4: Training...
2026-06-14 18:28:54,441 - cyberbully - INFO - Starting training...
2026-06-14 18:29:42,846 - cyberbully - INFO - Training complete.
2026-06-14 18:29:42,956 - cyberbully - INFO - Removed checkpoint: experiments/grid-search/bert-base-uncased/ieee/prep2_aug0/seed_87212562/checkpoint-215
2026-06-14 18:29:43,058 - cyberbully - INFO - Removed checkpoint: experiments/grid-search/bert-base-uncased/ieee/prep2_aug0/seed_87212562/checkpoint-387
2026-06-14 18:29:43,614 - cyberbully - INFO - Removed checkpoint: experiments/grid-search/bert-base-uncased/ieee/prep2_aug0/seed_87212562/checkpoint-86
2026-06-14 18:29:44,648 - cyberbully - INFO - Removed checkpoint: experiments/grid-search/bert-base-uncased/ieee/prep2_aug0/seed_87212562/checkpoint-129
2026-06-14 18:29:44,757 - cyberbully - INFO - Removed checkpoint: experiments/grid-search/bert-base-uncased/ieee/prep2_aug0/seed_87212562/checkpoint-344
2026-06-14 18:29:44,859 - cyberbully - INFO - Removed checkpoint: experiments/grid-search/bert-base-uncased/ieee/prep2_aug0/seed_87212562/checkpoint-258
2026-06-14 18:29:45,182 - cyberbully - INFO - Removed checkpoint: experiments/grid-search/bert-base-uncased/ieee/prep2_aug0/seed_87212562/checkpoint-43
2026-06-14 18:29:45,283 - cyberbully - INFO - Removed checkpoint: experiments/grid-search/bert-base-uncased/ieee/prep2_aug0/seed_87212562/checkpoint-301
2026-06-14 18:29:46,203 - cyberbully - INFO - Removed checkpoint: experiments/grid-search/bert-base-uncased/ieee/prep2_aug0/seed_87212562/checkpoint-172
2026-06-14 18:29:46,307 - cyberbully - INFO - Removed checkpoint: experiments/grid-search/bert-base-uncased/ieee/prep2_aug0/seed_87212562/checkpoint-430
2026-06-14 18:29:46,307 - cyberbully - INFO - Step 5: Evaluating on test set...
2026-06-14 18:29:52,636 - cyberbully - INFO - Metrics saved to experiments/grid-search/bert-base-uncased/ieee/prep2_aug0/seed_87212562/metrics.json
2026-06-14 18:29:52,637 - cyberbully - INFO - Confusion matrix saved to experiments/grid-search/bert-base-uncased/ieee/prep2_aug0/seed_87212562/confusion_matrix.json
2026-06-14 18:29:52,642 - cyberbully - INFO - Per-sample predictions saved to experiments/grid-search/bert-base-uncased/ieee/prep2_aug0/seed_87212562/predictions.json
2026-06-14 18:29:52,765 - cyberbully - INFO - Confusion matrix figure saved to experiments/grid-search/bert-base-uncased/ieee/prep2_aug0/seed_87212562/confusion_matrix.pdf
2026-06-14 18:29:52,765 - cyberbully - INFO - Accuracy: 0.8175
2026-06-14 18:29:52,765 - cyberbully - INFO - Weighted F1: 0.8182
2026-06-14 18:29:52,765 - cyberbully - INFO - Micro F1: 0.8175
2026-06-14 18:29:52,765 - cyberbully - INFO - Inference time: 0.30 seconds
2026-06-14 18:29:52,765 - cyberbully - INFO - Energy consumption: 0.000037 kWh
2026-06-14 18:29:52,766 - cyberbully - INFO - ============================================================
2026-06-14 18:29:52,766 - cyberbully - INFO - Pipeline complete. Results saved to: experiments/grid-search/bert-base-uncased/ieee/prep2_aug0/seed_87212562
2026-06-14 18:29:52,766 - cyberbully - INFO - ============================================================
