2026-02-13 08:20:40,729 - cyberbully - INFO - ============================================================
2026-02-13 08:20:40,729 - cyberbully - INFO - Cyberbullying Detection Pipeline
2026-02-13 08:20:40,729 - cyberbully - INFO - ============================================================
2026-02-13 08:20:40,729 - cyberbully - INFO - Configuration:
2026-02-13 08:20:40,729 - cyberbully - INFO -   model          : roberta-base
2026-02-13 08:20:40,729 - cyberbully - INFO -   dataset        : ieee
2026-02-13 08:20:40,729 - cyberbully - INFO -   preprocess     : False
2026-02-13 08:20:40,729 - cyberbully - INFO -   augment        : True
2026-02-13 08:20:40,729 - cyberbully - INFO -   compute_attribution: False
2026-02-13 08:20:40,729 - cyberbully - INFO -   seed           : 43782163
2026-02-13 08:20:40,729 - cyberbully - INFO -   epochs         : 5
2026-02-13 08:20:40,729 - cyberbully - INFO -   batch_size     : 16
2026-02-13 08:20:40,729 - cyberbully - INFO -   lr             : 2e-05
2026-02-13 08:20:40,729 - cyberbully - INFO -   max_length     : 128
2026-02-13 08:20:40,729 - cyberbully - INFO -   output_dir     : experiments
2026-02-13 08:20:40,729 - cyberbully - INFO -   data_dir       : dataset
2026-02-13 08:20:40,729 - cyberbully - INFO -   overwrite      : False
2026-02-13 08:20:40,729 - cyberbully - INFO -   device         : cuda
2026-02-13 08:20:40,729 - cyberbully - INFO -   output_dir     : experiments/roberta-base/ieee/prep0_aug1/seed_43782163
2026-02-13 08:20:40,729 - cyberbully - INFO - ============================================================
2026-02-13 08:20:40,729 - cyberbully - INFO - Step 1: Preparing data...
2026-02-13 08:20:40,729 - cyberbully - INFO - Loading dataset 'ieee' from dataset/IEEE Data Port.csv
2026-02-13 08:20:40,736 - cyberbully - INFO - Loaded 2108 samples with 5 classes: ['Cyberstalking', 'Doxing', 'Revenge Porn', 'Sexual Harassment', 'Slut Shaming']
2026-02-13 08:20:40,736 - cyberbully - INFO - Label mapping: {'Cyberstalking': 0, 'Doxing': 1, 'Revenge Porn': 2, 'Sexual Harassment': 3, 'Slut Shaming': 4}
2026-02-13 08:20:40,738 - cyberbully - INFO - Split sizes — train: 1348, val: 338, test: 422
2026-02-13 08:20:40,738 - cyberbully - INFO - Applying training data augmentation (oversampling)...
2026-02-13 08:20:40,739 - cyberbully - INFO - After oversampling — class distribution: {0: 316, 1: 316, 2: 316, 3: 316, 4: 316}
2026-02-13 08:20:40,739 - cyberbully - INFO - Number of classes: 5
2026-02-13 08:20:40,739 - cyberbully - INFO - Step 2: Loading model and tokenizer...
2026-02-13 08:20:40,739 - cyberbully - INFO - Loading model 'roberta-base' with 5 labels
2026-02-13 08:20:41,437 - cyberbully - INFO - Step 3: Tokenizing datasets...
2026-02-13 08:20:41,469 - cyberbully - INFO - Dataset sizes — train: 1580, val: 338, test: 422
2026-02-13 08:20:41,469 - cyberbully - INFO - Step 4: Training...
2026-02-13 08:20:41,710 - cyberbully - INFO - Starting training...
2026-02-13 08:21:13,682 - cyberbully - INFO - Training complete.
2026-02-13 08:21:13,683 - cyberbully - INFO - Step 5: Evaluating on test set...
2026-02-13 08:21:18,237 - cyberbully - INFO - Metrics saved to experiments/roberta-base/ieee/prep0_aug1/seed_43782163/metrics.json
2026-02-13 08:21:18,237 - cyberbully - INFO - Confusion matrix saved to experiments/roberta-base/ieee/prep0_aug1/seed_43782163/confusion_matrix.json
2026-02-13 08:21:18,338 - cyberbully - INFO - Confusion matrix figure saved to experiments/roberta-base/ieee/prep0_aug1/seed_43782163/confusion_matrix.pdf
2026-02-13 08:21:18,338 - cyberbully - INFO - Accuracy: 0.8602
2026-02-13 08:21:18,338 - cyberbully - INFO - Weighted F1: 0.8598
2026-02-13 08:21:18,338 - cyberbully - INFO - Micro F1: 0.8602
2026-02-13 08:21:18,338 - cyberbully - INFO - Inference time: 0.32 seconds
2026-02-13 08:21:18,338 - cyberbully - INFO - Energy consumption: 0.000019 kWh
2026-02-13 08:21:18,338 - cyberbully - INFO - ============================================================
2026-02-13 08:21:18,338 - cyberbully - INFO - Pipeline complete. Results saved to: experiments/roberta-base/ieee/prep0_aug1/seed_43782163
2026-02-13 08:21:18,338 - cyberbully - INFO - ============================================================
