2026-03-21 07:46:38,967 - cyberbully - INFO - ============================================================
2026-03-21 07:46:38,967 - cyberbully - INFO - Cyberbullying Detection Pipeline
2026-03-21 07:46:38,967 - cyberbully - INFO - ============================================================
2026-03-21 07:46:38,967 - cyberbully - INFO - Configuration:
2026-03-21 07:46:38,967 - cyberbully - INFO -   model          : GroNLP/hateBERT
2026-03-21 07:46:38,967 - cyberbully - INFO -   dataset        : tweeteval
2026-03-21 07:46:38,967 - cyberbully - INFO -   preprocess     : True
2026-03-21 07:46:38,967 - cyberbully - INFO -   augment        : False
2026-03-21 07:46:38,967 - cyberbully - INFO -   compute_attribution: False
2026-03-21 07:46:38,967 - cyberbully - INFO -   seed           : 99511865
2026-03-21 07:46:38,967 - cyberbully - INFO -   epochs         : 10
2026-03-21 07:46:38,967 - cyberbully - INFO -   batch_size     : 32
2026-03-21 07:46:38,967 - cyberbully - INFO -   lr             : 5e-05
2026-03-21 07:46:38,967 - cyberbully - INFO -   max_length     : 128
2026-03-21 07:46:38,967 - cyberbully - INFO -   output_dir     : grid-search
2026-03-21 07:46:38,967 - cyberbully - INFO -   data_dir       : dataset
2026-03-21 07:46:38,967 - cyberbully - INFO -   sbert          : False
2026-03-21 07:46:38,967 - cyberbully - INFO -   supcon         : False
2026-03-21 07:46:38,967 - cyberbully - INFO -   supcon_weight  : 0.1
2026-03-21 07:46:38,967 - cyberbully - INFO -   proj_dim       : 128
2026-03-21 07:46:38,967 - cyberbully - INFO -   grad_accum_steps: 1
2026-03-21 07:46:38,967 - cyberbully - INFO -   overwrite      : False
2026-03-21 07:46:38,967 - cyberbully - INFO -   device         : cuda
2026-03-21 07:46:38,967 - cyberbully - INFO -   output_dir     : experiments/grid-search/GroNLP_hateBERT/tweeteval/prep1_aug0/seed_99511865
2026-03-21 07:46:38,967 - cyberbully - INFO - ============================================================
2026-03-21 07:46:38,967 - cyberbully - INFO - Step 1: Preparing data...
2026-03-21 07:46:39,016 - cyberbully - INFO - Loaded pre-split data from dataset/tweeteval — train: 32485, val: 8122, test: 10152
2026-03-21 07:46:39,016 - cyberbully - INFO - Label mapping: {'emotion': 0, 'hate': 1, 'offensive': 2, 'religion': 3, 'spiritual': 4}
2026-03-21 07:46:39,016 - cyberbully - INFO - Applying text preprocessing per split...
2026-03-21 07:47:36,733 - cyberbully - INFO - After preprocessing — train: 30361, val: 7614, test: 9469
2026-03-21 07:47:36,744 - cyberbully - INFO - Number of classes: 5
2026-03-21 07:47:36,745 - cyberbully - INFO - Step 2: Loading model and tokenizer...
2026-03-21 07:47:36,745 - cyberbully - INFO - Loading model 'GroNLP/hateBERT' with 5 labels (sbert=False, supcon=False)
2026-03-21 07:47:37,440 - cyberbully - INFO - Step 3: Creating datasets...
2026-03-21 07:47:38,215 - cyberbully - INFO - Dataset sizes — train: 30361, val: 7614, test: 9469
2026-03-21 07:47:38,215 - cyberbully - INFO - Step 4: Training...
2026-03-21 07:47:38,327 - cyberbully - INFO - Starting training...
2026-03-21 07:58:30,625 - cyberbully - INFO - Training complete.
2026-03-21 07:58:30,706 - cyberbully - INFO - Removed checkpoint: experiments/grid-search/GroNLP_hateBERT/tweeteval/prep1_aug0/seed_99511865/checkpoint-4745
2026-03-21 07:58:30,783 - cyberbully - INFO - Removed checkpoint: experiments/grid-search/GroNLP_hateBERT/tweeteval/prep1_aug0/seed_99511865/checkpoint-9490
2026-03-21 07:58:30,861 - cyberbully - INFO - Removed checkpoint: experiments/grid-search/GroNLP_hateBERT/tweeteval/prep1_aug0/seed_99511865/checkpoint-7592
2026-03-21 07:58:30,939 - cyberbully - INFO - Removed checkpoint: experiments/grid-search/GroNLP_hateBERT/tweeteval/prep1_aug0/seed_99511865/checkpoint-6643
2026-03-21 07:58:31,019 - cyberbully - INFO - Removed checkpoint: experiments/grid-search/GroNLP_hateBERT/tweeteval/prep1_aug0/seed_99511865/checkpoint-3796
2026-03-21 07:58:31,102 - cyberbully - INFO - Removed checkpoint: experiments/grid-search/GroNLP_hateBERT/tweeteval/prep1_aug0/seed_99511865/checkpoint-2847
2026-03-21 07:58:31,186 - cyberbully - INFO - Removed checkpoint: experiments/grid-search/GroNLP_hateBERT/tweeteval/prep1_aug0/seed_99511865/checkpoint-1898
2026-03-21 07:58:31,265 - cyberbully - INFO - Removed checkpoint: experiments/grid-search/GroNLP_hateBERT/tweeteval/prep1_aug0/seed_99511865/checkpoint-5694
2026-03-21 07:58:31,342 - cyberbully - INFO - Removed checkpoint: experiments/grid-search/GroNLP_hateBERT/tweeteval/prep1_aug0/seed_99511865/checkpoint-8541
2026-03-21 07:58:31,431 - cyberbully - INFO - Removed checkpoint: experiments/grid-search/GroNLP_hateBERT/tweeteval/prep1_aug0/seed_99511865/checkpoint-949
2026-03-21 07:58:31,431 - cyberbully - INFO - Step 5: Evaluating on test set...
2026-03-21 07:58:40,676 - cyberbully - INFO - Metrics saved to experiments/grid-search/GroNLP_hateBERT/tweeteval/prep1_aug0/seed_99511865/metrics.json
2026-03-21 07:58:40,676 - cyberbully - INFO - Confusion matrix saved to experiments/grid-search/GroNLP_hateBERT/tweeteval/prep1_aug0/seed_99511865/confusion_matrix.json
2026-03-21 07:58:40,769 - cyberbully - INFO - Per-sample predictions saved to experiments/grid-search/GroNLP_hateBERT/tweeteval/prep1_aug0/seed_99511865/predictions.json
2026-03-21 07:58:40,873 - cyberbully - INFO - Confusion matrix figure saved to experiments/grid-search/GroNLP_hateBERT/tweeteval/prep1_aug0/seed_99511865/confusion_matrix.pdf
2026-03-21 07:58:40,873 - cyberbully - INFO - Accuracy: 0.9429
2026-03-21 07:58:40,873 - cyberbully - INFO - Weighted F1: 0.9427
2026-03-21 07:58:40,873 - cyberbully - INFO - Micro F1: 0.9429
2026-03-21 07:58:40,873 - cyberbully - INFO - Inference time: 4.01 seconds
2026-03-21 07:58:40,873 - cyberbully - INFO - Energy consumption: 0.000221 kWh
2026-03-21 07:58:40,875 - cyberbully - INFO - ============================================================
2026-03-21 07:58:40,875 - cyberbully - INFO - Pipeline complete. Results saved to: experiments/grid-search/GroNLP_hateBERT/tweeteval/prep1_aug0/seed_99511865
2026-03-21 07:58:40,875 - cyberbully - INFO - ============================================================
