2026-05-22 05:01:29,357 - cyberbully - INFO - ============================================================
2026-05-22 05:01:29,357 - cyberbully - INFO - Cyberbullying Detection Pipeline
2026-05-22 05:01:29,357 - cyberbully - INFO - ============================================================
2026-05-22 05:01:29,357 - cyberbully - INFO - Configuration:
2026-05-22 05:01:29,357 - cyberbully - INFO -   model          : chandar-lab/NeoBERT
2026-05-22 05:01:29,357 - cyberbully - INFO -   dataset        : tweeteval
2026-05-22 05:01:29,357 - cyberbully - INFO -   preprocess     : True
2026-05-22 05:01:29,357 - cyberbully - INFO -   augment        : False
2026-05-22 05:01:29,357 - cyberbully - INFO -   compute_attribution: False
2026-05-22 05:01:29,357 - cyberbully - INFO -   seed           : 90995999
2026-05-22 05:01:29,357 - cyberbully - INFO -   epochs         : 10
2026-05-22 05:01:29,357 - cyberbully - INFO -   batch_size     : 32
2026-05-22 05:01:29,357 - cyberbully - INFO -   lr             : 5e-05
2026-05-22 05:01:29,357 - cyberbully - INFO -   max_length     : 128
2026-05-22 05:01:29,357 - cyberbully - INFO -   output_dir     : grid-search
2026-05-22 05:01:29,357 - cyberbully - INFO -   data_dir       : dataset
2026-05-22 05:01:29,357 - cyberbully - INFO -   sbert          : False
2026-05-22 05:01:29,357 - cyberbully - INFO -   supcon         : False
2026-05-22 05:01:29,357 - cyberbully - INFO -   supcon_weight  : 0.1
2026-05-22 05:01:29,357 - cyberbully - INFO -   proj_dim       : 128
2026-05-22 05:01:29,357 - cyberbully - INFO -   grad_accum_steps: 1
2026-05-22 05:01:29,357 - cyberbully - INFO -   overwrite      : True
2026-05-22 05:01:29,357 - cyberbully - INFO -   device         : cuda
2026-05-22 05:01:29,357 - cyberbully - INFO -   output_dir     : experiments/grid-search/chandar-lab_NeoBERT/tweeteval/prep1_aug0/seed_90995999
2026-05-22 05:01:29,357 - cyberbully - INFO - ============================================================
2026-05-22 05:01:29,357 - cyberbully - INFO - Step 1: Preparing data...
2026-05-22 05:01:29,404 - cyberbully - INFO - Loaded pre-split data from dataset/tweeteval — train: 32485, val: 8122, test: 10152
2026-05-22 05:01:29,404 - cyberbully - INFO - Label mapping: {'emotion': 0, 'hate': 1, 'offensive': 2, 'religion': 3, 'spiritual': 4}
2026-05-22 05:01:29,405 - cyberbully - INFO - Applying text preprocessing per split...
2026-05-22 05:01:34,901 - cyberbully - INFO - After preprocessing -- train: 32485, val: 8122, test: 10152
2026-05-22 05:01:34,904 - cyberbully - INFO - Number of classes: 5
2026-05-22 05:01:34,906 - cyberbully - INFO - Step 2: Loading model and tokenizer...
2026-05-22 05:01:34,906 - cyberbully - INFO - Loading model 'chandar-lab/NeoBERT' with 5 labels (sbert=False, supcon=False)
2026-05-22 05:01:36,752 - cyberbully - INFO - Step 3: Creating datasets...
2026-05-22 05:01:37,509 - cyberbully - INFO - Dataset sizes — train: 32485, val: 8122, test: 10152
2026-05-22 05:01:37,509 - cyberbully - INFO - Step 4: Training...
2026-05-22 05:01:37,782 - cyberbully - INFO - Starting training...
2026-05-22 05:35:37,928 - cyberbully - INFO - Training complete.
2026-05-22 05:35:38,053 - cyberbully - INFO - Removed checkpoint: experiments/grid-search/chandar-lab_NeoBERT/tweeteval/prep1_aug0/seed_90995999/checkpoint-3048
2026-05-22 05:35:38,179 - cyberbully - INFO - Removed checkpoint: experiments/grid-search/chandar-lab_NeoBERT/tweeteval/prep1_aug0/seed_90995999/checkpoint-7112
2026-05-22 05:35:38,304 - cyberbully - INFO - Removed checkpoint: experiments/grid-search/chandar-lab_NeoBERT/tweeteval/prep1_aug0/seed_90995999/checkpoint-9144
2026-05-22 05:35:38,432 - cyberbully - INFO - Removed checkpoint: experiments/grid-search/chandar-lab_NeoBERT/tweeteval/prep1_aug0/seed_90995999/checkpoint-1016
2026-05-22 05:35:38,560 - cyberbully - INFO - Removed checkpoint: experiments/grid-search/chandar-lab_NeoBERT/tweeteval/prep1_aug0/seed_90995999/checkpoint-2032
2026-05-22 05:35:38,711 - cyberbully - INFO - Removed checkpoint: experiments/grid-search/chandar-lab_NeoBERT/tweeteval/prep1_aug0/seed_90995999/checkpoint-10160
2026-05-22 05:35:38,835 - cyberbully - INFO - Removed checkpoint: experiments/grid-search/chandar-lab_NeoBERT/tweeteval/prep1_aug0/seed_90995999/checkpoint-6096
2026-05-22 05:35:38,961 - cyberbully - INFO - Removed checkpoint: experiments/grid-search/chandar-lab_NeoBERT/tweeteval/prep1_aug0/seed_90995999/checkpoint-5080
2026-05-22 05:35:39,087 - cyberbully - INFO - Removed checkpoint: experiments/grid-search/chandar-lab_NeoBERT/tweeteval/prep1_aug0/seed_90995999/checkpoint-8128
2026-05-22 05:35:39,214 - cyberbully - INFO - Removed checkpoint: experiments/grid-search/chandar-lab_NeoBERT/tweeteval/prep1_aug0/seed_90995999/checkpoint-4064
2026-05-22 05:35:39,214 - cyberbully - INFO - Step 5: Evaluating on test set...
2026-05-22 05:36:02,200 - cyberbully - INFO - Metrics saved to experiments/grid-search/chandar-lab_NeoBERT/tweeteval/prep1_aug0/seed_90995999/metrics.json
2026-05-22 05:36:02,200 - cyberbully - INFO - Confusion matrix saved to experiments/grid-search/chandar-lab_NeoBERT/tweeteval/prep1_aug0/seed_90995999/confusion_matrix.json
2026-05-22 05:36:02,303 - cyberbully - INFO - Per-sample predictions saved to experiments/grid-search/chandar-lab_NeoBERT/tweeteval/prep1_aug0/seed_90995999/predictions.json
2026-05-22 05:36:02,406 - cyberbully - INFO - Confusion matrix figure saved to experiments/grid-search/chandar-lab_NeoBERT/tweeteval/prep1_aug0/seed_90995999/confusion_matrix.pdf
2026-05-22 05:36:02,406 - cyberbully - INFO - Accuracy: 0.9374
2026-05-22 05:36:02,406 - cyberbully - INFO - Weighted F1: 0.9373
2026-05-22 05:36:02,406 - cyberbully - INFO - Micro F1: 0.9374
2026-05-22 05:36:02,406 - cyberbully - INFO - Inference time: 16.81 seconds
2026-05-22 05:36:02,406 - cyberbully - INFO - Energy consumption: 0.000968 kWh
2026-05-22 05:36:02,408 - cyberbully - INFO - ============================================================
2026-05-22 05:36:02,408 - cyberbully - INFO - Pipeline complete. Results saved to: experiments/grid-search/chandar-lab_NeoBERT/tweeteval/prep1_aug0/seed_90995999
2026-05-22 05:36:02,408 - cyberbully - INFO - ============================================================
