2026-05-20 08:55:53,825 - cyberbully - INFO - ============================================================
2026-05-20 08:55:53,825 - cyberbully - INFO - Cyberbullying Detection Pipeline
2026-05-20 08:55:53,825 - cyberbully - INFO - ============================================================
2026-05-20 08:55:53,825 - cyberbully - INFO - Configuration:
2026-05-20 08:55:53,825 - cyberbully - INFO -   model          : distilbert-base-cased
2026-05-20 08:55:53,825 - cyberbully - INFO -   dataset        : ieee
2026-05-20 08:55:53,825 - cyberbully - INFO -   preprocess     : True
2026-05-20 08:55:53,825 - cyberbully - INFO -   augment        : False
2026-05-20 08:55:53,825 - cyberbully - INFO -   compute_attribution: False
2026-05-20 08:55:53,825 - cyberbully - INFO -   seed           : 67351593
2026-05-20 08:55:53,825 - cyberbully - INFO -   epochs         : 10
2026-05-20 08:55:53,825 - cyberbully - INFO -   batch_size     : 32
2026-05-20 08:55:53,825 - cyberbully - INFO -   lr             : 5e-05
2026-05-20 08:55:53,825 - cyberbully - INFO -   max_length     : 128
2026-05-20 08:55:53,825 - cyberbully - INFO -   output_dir     : grid-search
2026-05-20 08:55:53,825 - cyberbully - INFO -   data_dir       : dataset
2026-05-20 08:55:53,825 - cyberbully - INFO -   sbert          : False
2026-05-20 08:55:53,825 - cyberbully - INFO -   supcon         : False
2026-05-20 08:55:53,825 - cyberbully - INFO -   supcon_weight  : 0.1
2026-05-20 08:55:53,825 - cyberbully - INFO -   proj_dim       : 128
2026-05-20 08:55:53,825 - cyberbully - INFO -   grad_accum_steps: 1
2026-05-20 08:55:53,825 - cyberbully - INFO -   overwrite      : True
2026-05-20 08:55:53,825 - cyberbully - INFO -   device         : cuda
2026-05-20 08:55:53,826 - cyberbully - INFO -   output_dir     : experiments/grid-search/distilbert-base-cased/ieee/prep1_aug0/seed_67351593
2026-05-20 08:55:53,826 - cyberbully - INFO - ============================================================
2026-05-20 08:55:53,826 - cyberbully - INFO - Step 1: Preparing data...
2026-05-20 08:55:53,829 - cyberbully - INFO - Loaded pre-split data from dataset/ieee — train: 1348, val: 338, test: 422
2026-05-20 08:55:53,830 - cyberbully - INFO - Label mapping: {'Cyberstalking': 0, 'Doxing': 1, 'Revenge Porn': 2, 'Sexual Harassment': 3, 'Slut Shaming': 4}
2026-05-20 08:55:53,830 - cyberbully - INFO - Applying text preprocessing per split...
2026-05-20 08:55:54,533 - cyberbully - INFO - After preprocessing -- train: 1348, val: 338, test: 422
2026-05-20 08:55:54,535 - cyberbully - INFO - Number of classes: 5
2026-05-20 08:55:54,536 - cyberbully - INFO - Step 2: Loading model and tokenizer...
2026-05-20 08:55:54,536 - cyberbully - INFO - Loading model 'distilbert-base-cased' with 5 labels (sbert=False, supcon=False)
2026-05-20 08:55:55,185 - cyberbully - INFO - Step 3: Creating datasets...
2026-05-20 08:55:55,203 - cyberbully - INFO - Dataset sizes — train: 1348, val: 338, test: 422
2026-05-20 08:55:55,203 - cyberbully - INFO - Step 4: Training...
2026-05-20 08:55:55,337 - cyberbully - INFO - Starting training...
2026-05-20 08:56:21,656 - cyberbully - INFO - Training complete.
2026-05-20 08:56:21,718 - cyberbully - INFO - Removed checkpoint: experiments/grid-search/distilbert-base-cased/ieee/prep1_aug0/seed_67351593/checkpoint-215
2026-05-20 08:56:21,781 - cyberbully - INFO - Removed checkpoint: experiments/grid-search/distilbert-base-cased/ieee/prep1_aug0/seed_67351593/checkpoint-387
2026-05-20 08:56:21,845 - cyberbully - INFO - Removed checkpoint: experiments/grid-search/distilbert-base-cased/ieee/prep1_aug0/seed_67351593/checkpoint-86
2026-05-20 08:56:22,623 - cyberbully - INFO - Removed checkpoint: experiments/grid-search/distilbert-base-cased/ieee/prep1_aug0/seed_67351593/checkpoint-129
2026-05-20 08:56:22,685 - cyberbully - INFO - Removed checkpoint: experiments/grid-search/distilbert-base-cased/ieee/prep1_aug0/seed_67351593/checkpoint-344
2026-05-20 08:56:22,747 - cyberbully - INFO - Removed checkpoint: experiments/grid-search/distilbert-base-cased/ieee/prep1_aug0/seed_67351593/checkpoint-258
2026-05-20 08:56:22,813 - cyberbully - INFO - Removed checkpoint: experiments/grid-search/distilbert-base-cased/ieee/prep1_aug0/seed_67351593/checkpoint-43
2026-05-20 08:56:22,877 - cyberbully - INFO - Removed checkpoint: experiments/grid-search/distilbert-base-cased/ieee/prep1_aug0/seed_67351593/checkpoint-301
2026-05-20 08:56:23,541 - cyberbully - INFO - Removed checkpoint: experiments/grid-search/distilbert-base-cased/ieee/prep1_aug0/seed_67351593/checkpoint-172
2026-05-20 08:56:23,602 - cyberbully - INFO - Removed checkpoint: experiments/grid-search/distilbert-base-cased/ieee/prep1_aug0/seed_67351593/checkpoint-430
2026-05-20 08:56:23,602 - cyberbully - INFO - Step 5: Evaluating on test set...
2026-05-20 08:56:29,719 - cyberbully - INFO - Metrics saved to experiments/grid-search/distilbert-base-cased/ieee/prep1_aug0/seed_67351593/metrics.json
2026-05-20 08:56:29,719 - cyberbully - INFO - Confusion matrix saved to experiments/grid-search/distilbert-base-cased/ieee/prep1_aug0/seed_67351593/confusion_matrix.json
2026-05-20 08:56:29,725 - cyberbully - INFO - Per-sample predictions saved to experiments/grid-search/distilbert-base-cased/ieee/prep1_aug0/seed_67351593/predictions.json
2026-05-20 08:56:29,846 - cyberbully - INFO - Confusion matrix figure saved to experiments/grid-search/distilbert-base-cased/ieee/prep1_aug0/seed_67351593/confusion_matrix.pdf
2026-05-20 08:56:29,846 - cyberbully - INFO - Accuracy: 0.8175
2026-05-20 08:56:29,846 - cyberbully - INFO - Weighted F1: 0.8149
2026-05-20 08:56:29,846 - cyberbully - INFO - Micro F1: 0.8175
2026-05-20 08:56:29,846 - cyberbully - INFO - Inference time: 0.12 seconds
2026-05-20 08:56:29,846 - cyberbully - INFO - Energy consumption: 0.000018 kWh
2026-05-20 08:56:29,846 - cyberbully - INFO - ============================================================
2026-05-20 08:56:29,846 - cyberbully - INFO - Pipeline complete. Results saved to: experiments/grid-search/distilbert-base-cased/ieee/prep1_aug0/seed_67351593
2026-05-20 08:56:29,846 - cyberbully - INFO - ============================================================
