2026-03-22 06:59:42,853 - cyberbully - INFO - ============================================================
2026-03-22 06:59:42,853 - cyberbully - INFO - Cyberbullying Detection Pipeline
2026-03-22 06:59:42,853 - cyberbully - INFO - ============================================================
2026-03-22 06:59:42,853 - cyberbully - INFO - Configuration:
2026-03-22 06:59:42,853 - cyberbully - INFO -   model          : albert/albert-base-v2
2026-03-22 06:59:42,853 - cyberbully - INFO -   dataset        : tweeteval
2026-03-22 06:59:42,853 - cyberbully - INFO -   preprocess     : True
2026-03-22 06:59:42,853 - cyberbully - INFO -   augment        : True
2026-03-22 06:59:42,853 - cyberbully - INFO -   compute_attribution: False
2026-03-22 06:59:42,853 - cyberbully - INFO -   seed           : 67351593
2026-03-22 06:59:42,853 - cyberbully - INFO -   epochs         : 10
2026-03-22 06:59:42,853 - cyberbully - INFO -   batch_size     : 32
2026-03-22 06:59:42,853 - cyberbully - INFO -   lr             : 5e-05
2026-03-22 06:59:42,853 - cyberbully - INFO -   max_length     : 128
2026-03-22 06:59:42,853 - cyberbully - INFO -   output_dir     : grid-search
2026-03-22 06:59:42,853 - cyberbully - INFO -   data_dir       : dataset
2026-03-22 06:59:42,853 - cyberbully - INFO -   sbert          : False
2026-03-22 06:59:42,853 - cyberbully - INFO -   supcon         : False
2026-03-22 06:59:42,853 - cyberbully - INFO -   supcon_weight  : 0.1
2026-03-22 06:59:42,853 - cyberbully - INFO -   proj_dim       : 128
2026-03-22 06:59:42,853 - cyberbully - INFO -   grad_accum_steps: 1
2026-03-22 06:59:42,853 - cyberbully - INFO -   overwrite      : False
2026-03-22 06:59:42,853 - cyberbully - INFO -   device         : cuda
2026-03-22 06:59:42,853 - cyberbully - INFO -   output_dir     : experiments/grid-search/albert_albert-base-v2/tweeteval/prep1_aug1/seed_67351593
2026-03-22 06:59:42,853 - cyberbully - INFO - ============================================================
2026-03-22 06:59:42,853 - cyberbully - INFO - Step 1: Preparing data...
2026-03-22 06:59:42,902 - cyberbully - INFO - Loaded pre-split data from dataset/tweeteval — train: 32485, val: 8122, test: 10152
2026-03-22 06:59:42,903 - cyberbully - INFO - Label mapping: {'emotion': 0, 'hate': 1, 'offensive': 2, 'religion': 3, 'spiritual': 4}
2026-03-22 06:59:42,903 - cyberbully - INFO - Applying text preprocessing per split...
2026-03-22 07:00:40,531 - cyberbully - INFO - After preprocessing — train: 30382, val: 7618, test: 9461
2026-03-22 07:00:40,532 - cyberbully - INFO - Applying training data augmentation (oversampling)...
2026-03-22 07:00:40,538 - cyberbully - INFO - After oversampling — class distribution: {0: 7764, 1: 7764, 2: 7764, 3: 7764, 4: 7764}
2026-03-22 07:00:40,548 - cyberbully - INFO - Number of classes: 5
2026-03-22 07:00:40,549 - cyberbully - INFO - Step 2: Loading model and tokenizer...
2026-03-22 07:00:40,549 - cyberbully - INFO - Loading model 'albert/albert-base-v2' with 5 labels (sbert=False, supcon=False)
2026-03-22 07:00:41,383 - cyberbully - INFO - Step 3: Creating datasets...
2026-03-22 07:00:42,351 - cyberbully - INFO - Dataset sizes — train: 38820, val: 7618, test: 9461
2026-03-22 07:00:42,351 - cyberbully - INFO - Step 4: Training...
2026-03-22 07:00:42,414 - cyberbully - INFO - Starting training...
2026-03-22 07:18:29,476 - cyberbully - INFO - Training complete.
2026-03-22 07:18:29,487 - cyberbully - INFO - Removed checkpoint: experiments/grid-search/albert_albert-base-v2/tweeteval/prep1_aug1/seed_67351593/checkpoint-10926
2026-03-22 07:18:29,496 - cyberbully - INFO - Removed checkpoint: experiments/grid-search/albert_albert-base-v2/tweeteval/prep1_aug1/seed_67351593/checkpoint-9712
2026-03-22 07:18:29,506 - cyberbully - INFO - Removed checkpoint: experiments/grid-search/albert_albert-base-v2/tweeteval/prep1_aug1/seed_67351593/checkpoint-2428
2026-03-22 07:18:29,517 - cyberbully - INFO - Removed checkpoint: experiments/grid-search/albert_albert-base-v2/tweeteval/prep1_aug1/seed_67351593/checkpoint-1214
2026-03-22 07:18:29,527 - cyberbully - INFO - Removed checkpoint: experiments/grid-search/albert_albert-base-v2/tweeteval/prep1_aug1/seed_67351593/checkpoint-12140
2026-03-22 07:18:29,536 - cyberbully - INFO - Removed checkpoint: experiments/grid-search/albert_albert-base-v2/tweeteval/prep1_aug1/seed_67351593/checkpoint-3642
2026-03-22 07:18:29,546 - cyberbully - INFO - Removed checkpoint: experiments/grid-search/albert_albert-base-v2/tweeteval/prep1_aug1/seed_67351593/checkpoint-6070
2026-03-22 07:18:29,556 - cyberbully - INFO - Removed checkpoint: experiments/grid-search/albert_albert-base-v2/tweeteval/prep1_aug1/seed_67351593/checkpoint-7284
2026-03-22 07:18:29,565 - cyberbully - INFO - Removed checkpoint: experiments/grid-search/albert_albert-base-v2/tweeteval/prep1_aug1/seed_67351593/checkpoint-8498
2026-03-22 07:18:29,575 - cyberbully - INFO - Removed checkpoint: experiments/grid-search/albert_albert-base-v2/tweeteval/prep1_aug1/seed_67351593/checkpoint-4856
2026-03-22 07:18:29,575 - cyberbully - INFO - Step 5: Evaluating on test set...
2026-03-22 07:18:43,116 - cyberbully - INFO - Metrics saved to experiments/grid-search/albert_albert-base-v2/tweeteval/prep1_aug1/seed_67351593/metrics.json
2026-03-22 07:18:43,116 - cyberbully - INFO - Confusion matrix saved to experiments/grid-search/albert_albert-base-v2/tweeteval/prep1_aug1/seed_67351593/confusion_matrix.json
2026-03-22 07:18:43,209 - cyberbully - INFO - Per-sample predictions saved to experiments/grid-search/albert_albert-base-v2/tweeteval/prep1_aug1/seed_67351593/predictions.json
2026-03-22 07:18:43,313 - cyberbully - INFO - Confusion matrix figure saved to experiments/grid-search/albert_albert-base-v2/tweeteval/prep1_aug1/seed_67351593/confusion_matrix.pdf
2026-03-22 07:18:43,313 - cyberbully - INFO - Accuracy: 0.9414
2026-03-22 07:18:43,313 - cyberbully - INFO - Weighted F1: 0.9414
2026-03-22 07:18:43,313 - cyberbully - INFO - Micro F1: 0.9414
2026-03-22 07:18:43,313 - cyberbully - INFO - Inference time: 8.30 seconds
2026-03-22 07:18:43,313 - cyberbully - INFO - Energy consumption: 0.000413 kWh
2026-03-22 07:18:43,315 - cyberbully - INFO - ============================================================
2026-03-22 07:18:43,315 - cyberbully - INFO - Pipeline complete. Results saved to: experiments/grid-search/albert_albert-base-v2/tweeteval/prep1_aug1/seed_67351593
2026-03-22 07:18:43,315 - cyberbully - INFO - ============================================================
