2026-06-15 01:52:21,260 - cyberbully - INFO - ============================================================
2026-06-15 01:52:21,260 - cyberbully - INFO - Cyberbullying Detection Pipeline
2026-06-15 01:52:21,260 - cyberbully - INFO - ============================================================
2026-06-15 01:52:21,260 - cyberbully - INFO - Configuration:
2026-06-15 01:52:21,260 - cyberbully - INFO -   model          : distilbert-base-cased
2026-06-15 01:52:21,260 - cyberbully - INFO -   dataset        : kaggle
2026-06-15 01:52:21,260 - cyberbully - INFO -   preprocess     : False
2026-06-15 01:52:21,260 - cyberbully - INFO -   prep_mode      : 2
2026-06-15 01:52:21,260 - cyberbully - INFO -   augment        : False
2026-06-15 01:52:21,260 - cyberbully - INFO -   compute_attribution: False
2026-06-15 01:52:21,260 - cyberbully - INFO -   seed           : 99511865
2026-06-15 01:52:21,260 - cyberbully - INFO -   epochs         : 10
2026-06-15 01:52:21,260 - cyberbully - INFO -   batch_size     : 32
2026-06-15 01:52:21,260 - cyberbully - INFO -   lr             : 5e-05
2026-06-15 01:52:21,260 - cyberbully - INFO -   max_length     : 128
2026-06-15 01:52:21,260 - cyberbully - INFO -   output_dir     : grid-search
2026-06-15 01:52:21,260 - cyberbully - INFO -   data_dir       : dataset
2026-06-15 01:52:21,260 - cyberbully - INFO -   sbert          : False
2026-06-15 01:52:21,260 - cyberbully - INFO -   supcon         : False
2026-06-15 01:52:21,260 - cyberbully - INFO -   supcon_weight  : 0.1
2026-06-15 01:52:21,260 - cyberbully - INFO -   proj_dim       : 128
2026-06-15 01:52:21,260 - cyberbully - INFO -   grad_accum_steps: 1
2026-06-15 01:52:21,260 - cyberbully - INFO -   overwrite      : False
2026-06-15 01:52:21,260 - cyberbully - INFO -   device         : cuda
2026-06-15 01:52:21,260 - cyberbully - INFO -   output_dir     : experiments/grid-search/distilbert-base-cased/kaggle/prep2_aug0/seed_99511865
2026-06-15 01:52:21,260 - cyberbully - INFO - ============================================================
2026-06-15 01:52:21,260 - cyberbully - INFO - Step 1: Preparing data...
2026-06-15 01:52:21,310 - cyberbully - INFO - Loaded pre-split data from dataset/kaggle — train: 25604, val: 6401, test: 8002
2026-06-15 01:52:21,310 - cyberbully - INFO - Label mapping: {'age': 0, 'ethnicity': 1, 'gender': 2, 'other_cyberbullying': 3, 'religion': 4}
2026-06-15 01:52:21,311 - cyberbully - INFO - Applying partial text preprocessing per split...
2026-06-15 01:52:22,724 - cyberbully - INFO - After preprocessing -- train: 25604, val: 6401, test: 8002
2026-06-15 01:52:22,728 - cyberbully - INFO - Number of classes: 5
2026-06-15 01:52:22,729 - cyberbully - INFO - Step 2: Loading model and tokenizer...
2026-06-15 01:52:22,729 - cyberbully - INFO - Loading model 'distilbert-base-cased' with 5 labels (sbert=False, supcon=False)
2026-06-15 01:52:24,463 - cyberbully - INFO - Step 3: Creating datasets...
2026-06-15 01:52:25,031 - cyberbully - INFO - Dataset sizes — train: 25604, val: 6401, test: 8002
2026-06-15 01:52:25,031 - cyberbully - INFO - Step 4: Training...
2026-06-15 01:52:25,223 - cyberbully - INFO - Starting training...
2026-06-15 01:59:13,605 - cyberbully - INFO - Training complete.
2026-06-15 01:59:13,656 - cyberbully - INFO - Removed checkpoint: experiments/grid-search/distilbert-base-cased/kaggle/prep2_aug0/seed_99511865/checkpoint-4806
2026-06-15 01:59:13,703 - cyberbully - INFO - Removed checkpoint: experiments/grid-search/distilbert-base-cased/kaggle/prep2_aug0/seed_99511865/checkpoint-7209
2026-06-15 01:59:13,752 - cyberbully - INFO - Removed checkpoint: experiments/grid-search/distilbert-base-cased/kaggle/prep2_aug0/seed_99511865/checkpoint-6408
2026-06-15 01:59:13,800 - cyberbully - INFO - Removed checkpoint: experiments/grid-search/distilbert-base-cased/kaggle/prep2_aug0/seed_99511865/checkpoint-5607
2026-06-15 01:59:13,862 - cyberbully - INFO - Removed checkpoint: experiments/grid-search/distilbert-base-cased/kaggle/prep2_aug0/seed_99511865/checkpoint-8010
2026-06-15 01:59:13,912 - cyberbully - INFO - Removed checkpoint: experiments/grid-search/distilbert-base-cased/kaggle/prep2_aug0/seed_99511865/checkpoint-3204
2026-06-15 01:59:13,962 - cyberbully - INFO - Removed checkpoint: experiments/grid-search/distilbert-base-cased/kaggle/prep2_aug0/seed_99511865/checkpoint-1602
2026-06-15 01:59:14,014 - cyberbully - INFO - Removed checkpoint: experiments/grid-search/distilbert-base-cased/kaggle/prep2_aug0/seed_99511865/checkpoint-801
2026-06-15 01:59:14,066 - cyberbully - INFO - Removed checkpoint: experiments/grid-search/distilbert-base-cased/kaggle/prep2_aug0/seed_99511865/checkpoint-2403
2026-06-15 01:59:14,116 - cyberbully - INFO - Removed checkpoint: experiments/grid-search/distilbert-base-cased/kaggle/prep2_aug0/seed_99511865/checkpoint-4005
2026-06-15 01:59:14,117 - cyberbully - INFO - Step 5: Evaluating on test set...
2026-06-15 01:59:22,966 - cyberbully - INFO - Metrics saved to experiments/grid-search/distilbert-base-cased/kaggle/prep2_aug0/seed_99511865/metrics.json
2026-06-15 01:59:22,966 - cyberbully - INFO - Confusion matrix saved to experiments/grid-search/distilbert-base-cased/kaggle/prep2_aug0/seed_99511865/confusion_matrix.json
2026-06-15 01:59:23,059 - cyberbully - INFO - Per-sample predictions saved to experiments/grid-search/distilbert-base-cased/kaggle/prep2_aug0/seed_99511865/predictions.json
2026-06-15 01:59:23,177 - cyberbully - INFO - Confusion matrix figure saved to experiments/grid-search/distilbert-base-cased/kaggle/prep2_aug0/seed_99511865/confusion_matrix.pdf
2026-06-15 01:59:23,177 - cyberbully - INFO - Accuracy: 0.9465
2026-06-15 01:59:23,178 - cyberbully - INFO - Weighted F1: 0.9467
2026-06-15 01:59:23,178 - cyberbully - INFO - Micro F1: 0.9465
2026-06-15 01:59:23,178 - cyberbully - INFO - Inference time: 2.62 seconds
2026-06-15 01:59:23,178 - cyberbully - INFO - Energy consumption: 0.000169 kWh
2026-06-15 01:59:23,180 - cyberbully - INFO - ============================================================
2026-06-15 01:59:23,180 - cyberbully - INFO - Pipeline complete. Results saved to: experiments/grid-search/distilbert-base-cased/kaggle/prep2_aug0/seed_99511865
2026-06-15 01:59:23,180 - cyberbully - INFO - ============================================================
