2026-05-20 01:26:22,999 - cyberbully - INFO - ============================================================
2026-05-20 01:26:22,999 - cyberbully - INFO - Cyberbullying Detection Pipeline
2026-05-20 01:26:22,999 - cyberbully - INFO - ============================================================
2026-05-20 01:26:22,999 - cyberbully - INFO - Configuration:
2026-05-20 01:26:22,999 - cyberbully - INFO -   model          : google/mobilebert-uncased
2026-05-20 01:26:22,999 - cyberbully - INFO -   dataset        : kaggle
2026-05-20 01:26:22,999 - cyberbully - INFO -   preprocess     : True
2026-05-20 01:26:22,999 - cyberbully - INFO -   augment        : False
2026-05-20 01:26:22,999 - cyberbully - INFO -   compute_attribution: False
2026-05-20 01:26:22,999 - cyberbully - INFO -   seed           : 90995999
2026-05-20 01:26:22,999 - cyberbully - INFO -   epochs         : 10
2026-05-20 01:26:22,999 - cyberbully - INFO -   batch_size     : 32
2026-05-20 01:26:22,999 - cyberbully - INFO -   lr             : 5e-05
2026-05-20 01:26:23,000 - cyberbully - INFO -   max_length     : 128
2026-05-20 01:26:23,000 - cyberbully - INFO -   output_dir     : grid-search
2026-05-20 01:26:23,000 - cyberbully - INFO -   data_dir       : dataset
2026-05-20 01:26:23,000 - cyberbully - INFO -   sbert          : False
2026-05-20 01:26:23,000 - cyberbully - INFO -   supcon         : False
2026-05-20 01:26:23,000 - cyberbully - INFO -   supcon_weight  : 0.1
2026-05-20 01:26:23,000 - cyberbully - INFO -   proj_dim       : 128
2026-05-20 01:26:23,000 - cyberbully - INFO -   grad_accum_steps: 1
2026-05-20 01:26:23,000 - cyberbully - INFO -   overwrite      : True
2026-05-20 01:26:23,000 - cyberbully - INFO -   device         : cuda
2026-05-20 01:26:23,000 - cyberbully - INFO -   output_dir     : experiments/grid-search/google_mobilebert-uncased/kaggle/prep1_aug0/seed_90995999
2026-05-20 01:26:23,000 - cyberbully - INFO - ============================================================
2026-05-20 01:26:23,000 - cyberbully - INFO - Step 1: Preparing data...
2026-05-20 01:26:23,044 - cyberbully - INFO - Loaded pre-split data from dataset/kaggle — train: 25604, val: 6401, test: 8002
2026-05-20 01:26:23,044 - cyberbully - INFO - Label mapping: {'age': 0, 'ethnicity': 1, 'gender': 2, 'other_cyberbullying': 3, 'religion': 4}
2026-05-20 01:26:23,045 - cyberbully - INFO - Applying text preprocessing per split...
2026-05-20 01:26:27,572 - cyberbully - INFO - After preprocessing -- train: 25604, val: 6401, test: 8002
2026-05-20 01:26:27,575 - cyberbully - INFO - Number of classes: 5
2026-05-20 01:26:27,576 - cyberbully - INFO - Step 2: Loading model and tokenizer...
2026-05-20 01:26:27,576 - cyberbully - INFO - Loading model 'google/mobilebert-uncased' with 5 labels (sbert=False, supcon=False)
2026-05-20 01:26:29,877 - cyberbully - WARNING - FP16 disabled for model_type='mobilebert' (known fp16 instability).
2026-05-20 01:26:29,877 - cyberbully - INFO - Step 3: Creating datasets...
2026-05-20 01:26:30,594 - cyberbully - INFO - Dataset sizes — train: 25604, val: 6401, test: 8002
2026-05-20 01:26:30,595 - cyberbully - INFO - Step 4: Training...
2026-05-20 01:26:30,786 - cyberbully - INFO - Starting training...
2026-05-20 01:41:50,156 - cyberbully - INFO - Training complete.
2026-05-20 01:41:50,170 - cyberbully - INFO - Removed checkpoint: experiments/grid-search/google_mobilebert-uncased/kaggle/prep1_aug0/seed_90995999/checkpoint-5607
2026-05-20 01:41:50,187 - cyberbully - INFO - Removed checkpoint: experiments/grid-search/google_mobilebert-uncased/kaggle/prep1_aug0/seed_90995999/checkpoint-8010
2026-05-20 01:41:50,201 - cyberbully - INFO - Removed checkpoint: experiments/grid-search/google_mobilebert-uncased/kaggle/prep1_aug0/seed_90995999/checkpoint-6408
2026-05-20 01:41:50,216 - cyberbully - INFO - Removed checkpoint: experiments/grid-search/google_mobilebert-uncased/kaggle/prep1_aug0/seed_90995999/checkpoint-1602
2026-05-20 01:41:50,230 - cyberbully - INFO - Removed checkpoint: experiments/grid-search/google_mobilebert-uncased/kaggle/prep1_aug0/seed_90995999/checkpoint-3204
2026-05-20 01:41:50,245 - cyberbully - INFO - Removed checkpoint: experiments/grid-search/google_mobilebert-uncased/kaggle/prep1_aug0/seed_90995999/checkpoint-7209
2026-05-20 01:41:50,259 - cyberbully - INFO - Removed checkpoint: experiments/grid-search/google_mobilebert-uncased/kaggle/prep1_aug0/seed_90995999/checkpoint-4005
2026-05-20 01:41:50,274 - cyberbully - INFO - Removed checkpoint: experiments/grid-search/google_mobilebert-uncased/kaggle/prep1_aug0/seed_90995999/checkpoint-4806
2026-05-20 01:41:50,289 - cyberbully - INFO - Removed checkpoint: experiments/grid-search/google_mobilebert-uncased/kaggle/prep1_aug0/seed_90995999/checkpoint-801
2026-05-20 01:41:50,303 - cyberbully - INFO - Removed checkpoint: experiments/grid-search/google_mobilebert-uncased/kaggle/prep1_aug0/seed_90995999/checkpoint-2403
2026-05-20 01:41:50,303 - cyberbully - INFO - Step 5: Evaluating on test set...
2026-05-20 01:42:04,788 - cyberbully - INFO - Metrics saved to experiments/grid-search/google_mobilebert-uncased/kaggle/prep1_aug0/seed_90995999/metrics.json
2026-05-20 01:42:04,789 - cyberbully - INFO - Confusion matrix saved to experiments/grid-search/google_mobilebert-uncased/kaggle/prep1_aug0/seed_90995999/confusion_matrix.json
2026-05-20 01:42:04,865 - cyberbully - INFO - Per-sample predictions saved to experiments/grid-search/google_mobilebert-uncased/kaggle/prep1_aug0/seed_90995999/predictions.json
2026-05-20 01:42:04,971 - cyberbully - INFO - Confusion matrix figure saved to experiments/grid-search/google_mobilebert-uncased/kaggle/prep1_aug0/seed_90995999/confusion_matrix.pdf
2026-05-20 01:42:04,971 - cyberbully - INFO - Accuracy: 0.9464
2026-05-20 01:42:04,971 - cyberbully - INFO - Weighted F1: 0.9466
2026-05-20 01:42:04,971 - cyberbully - INFO - Micro F1: 0.9464
2026-05-20 01:42:04,971 - cyberbully - INFO - Inference time: 8.04 seconds
2026-05-20 01:42:04,971 - cyberbully - INFO - Energy consumption: 0.000003 kWh
2026-05-20 01:42:04,973 - cyberbully - INFO - ============================================================
2026-05-20 01:42:04,973 - cyberbully - INFO - Pipeline complete. Results saved to: experiments/grid-search/google_mobilebert-uncased/kaggle/prep1_aug0/seed_90995999
2026-05-20 01:42:04,973 - cyberbully - INFO - ============================================================
