2026-04-08 19:57:13,957 - cyberbully - INFO - ============================================================
2026-04-08 19:57:13,957 - cyberbully - INFO - Cyberbullying Detection Pipeline
2026-04-08 19:57:13,957 - cyberbully - INFO - ============================================================
2026-04-08 19:57:13,957 - cyberbully - INFO - Configuration:
2026-04-08 19:57:13,957 - cyberbully - INFO -   model          : google/mobilebert-uncased
2026-04-08 19:57:13,957 - cyberbully - INFO -   dataset        : tweeteval
2026-04-08 19:57:13,957 - cyberbully - INFO -   preprocess     : False
2026-04-08 19:57:13,957 - cyberbully - INFO -   augment        : False
2026-04-08 19:57:13,957 - cyberbully - INFO -   compute_attribution: False
2026-04-08 19:57:13,957 - cyberbully - INFO -   seed           : 43782163
2026-04-08 19:57:13,957 - cyberbully - INFO -   epochs         : 10
2026-04-08 19:57:13,957 - cyberbully - INFO -   batch_size     : 32
2026-04-08 19:57:13,957 - cyberbully - INFO -   lr             : 5e-05
2026-04-08 19:57:13,957 - cyberbully - INFO -   max_length     : 128
2026-04-08 19:57:13,957 - cyberbully - INFO -   output_dir     : grid-search
2026-04-08 19:57:13,957 - cyberbully - INFO -   data_dir       : dataset
2026-04-08 19:57:13,957 - cyberbully - INFO -   sbert          : False
2026-04-08 19:57:13,957 - cyberbully - INFO -   supcon         : False
2026-04-08 19:57:13,957 - cyberbully - INFO -   supcon_weight  : 0.1
2026-04-08 19:57:13,957 - cyberbully - INFO -   proj_dim       : 128
2026-04-08 19:57:13,957 - cyberbully - INFO -   grad_accum_steps: 1
2026-04-08 19:57:13,957 - cyberbully - INFO -   overwrite      : False
2026-04-08 19:57:13,957 - cyberbully - INFO -   device         : cuda
2026-04-08 19:57:13,957 - cyberbully - INFO -   output_dir     : experiments/grid-search/google_mobilebert-uncased/tweeteval/prep0_aug0/seed_43782163
2026-04-08 19:57:13,957 - cyberbully - INFO - ============================================================
2026-04-08 19:57:13,957 - cyberbully - INFO - Step 1: Preparing data...
2026-04-08 19:57:14,006 - cyberbully - INFO - Loaded pre-split data from dataset/tweeteval — train: 32485, val: 8122, test: 10152
2026-04-08 19:57:14,006 - cyberbully - INFO - Label mapping: {'emotion': 0, 'hate': 1, 'offensive': 2, 'religion': 3, 'spiritual': 4}
2026-04-08 19:57:14,018 - cyberbully - INFO - Number of classes: 5
2026-04-08 19:57:14,019 - cyberbully - INFO - Step 2: Loading model and tokenizer...
2026-04-08 19:57:14,019 - cyberbully - INFO - Loading model 'google/mobilebert-uncased' with 5 labels (sbert=False, supcon=False)
2026-04-08 19:57:16,084 - cyberbully - WARNING - FP16 disabled for model_type='mobilebert' (known fp16 instability).
2026-04-08 19:57:16,084 - cyberbully - INFO - Step 3: Creating datasets...
2026-04-08 19:57:17,011 - cyberbully - INFO - Dataset sizes — train: 32485, val: 8122, test: 10152
2026-04-08 19:57:17,011 - cyberbully - INFO - Step 4: Training...
2026-04-08 19:57:17,087 - cyberbully - INFO - Starting training...
2026-04-08 20:09:32,204 - cyberbully - INFO - Training complete.
2026-04-08 20:09:32,221 - cyberbully - INFO - Removed checkpoint: experiments/grid-search/google_mobilebert-uncased/tweeteval/prep0_aug0/seed_43782163/checkpoint-2032
2026-04-08 20:09:32,240 - cyberbully - INFO - Removed checkpoint: experiments/grid-search/google_mobilebert-uncased/tweeteval/prep0_aug0/seed_43782163/checkpoint-6096
2026-04-08 20:09:32,258 - cyberbully - INFO - Removed checkpoint: experiments/grid-search/google_mobilebert-uncased/tweeteval/prep0_aug0/seed_43782163/checkpoint-3048
2026-04-08 20:09:32,275 - cyberbully - INFO - Removed checkpoint: experiments/grid-search/google_mobilebert-uncased/tweeteval/prep0_aug0/seed_43782163/checkpoint-9144
2026-04-08 20:09:32,293 - cyberbully - INFO - Removed checkpoint: experiments/grid-search/google_mobilebert-uncased/tweeteval/prep0_aug0/seed_43782163/checkpoint-5080
2026-04-08 20:09:32,311 - cyberbully - INFO - Removed checkpoint: experiments/grid-search/google_mobilebert-uncased/tweeteval/prep0_aug0/seed_43782163/checkpoint-8128
2026-04-08 20:09:32,328 - cyberbully - INFO - Removed checkpoint: experiments/grid-search/google_mobilebert-uncased/tweeteval/prep0_aug0/seed_43782163/checkpoint-4064
2026-04-08 20:09:32,346 - cyberbully - INFO - Removed checkpoint: experiments/grid-search/google_mobilebert-uncased/tweeteval/prep0_aug0/seed_43782163/checkpoint-1016
2026-04-08 20:09:32,363 - cyberbully - INFO - Removed checkpoint: experiments/grid-search/google_mobilebert-uncased/tweeteval/prep0_aug0/seed_43782163/checkpoint-7112
2026-04-08 20:09:32,381 - cyberbully - INFO - Removed checkpoint: experiments/grid-search/google_mobilebert-uncased/tweeteval/prep0_aug0/seed_43782163/checkpoint-10160
2026-04-08 20:09:32,381 - cyberbully - INFO - Step 5: Evaluating on test set...
2026-04-08 20:09:41,622 - cyberbully - INFO - Metrics saved to experiments/grid-search/google_mobilebert-uncased/tweeteval/prep0_aug0/seed_43782163/metrics.json
2026-04-08 20:09:41,623 - cyberbully - INFO - Confusion matrix saved to experiments/grid-search/google_mobilebert-uncased/tweeteval/prep0_aug0/seed_43782163/confusion_matrix.json
2026-04-08 20:09:41,722 - cyberbully - INFO - Per-sample predictions saved to experiments/grid-search/google_mobilebert-uncased/tweeteval/prep0_aug0/seed_43782163/predictions.json
2026-04-08 20:09:41,992 - cyberbully - INFO - Confusion matrix figure saved to experiments/grid-search/google_mobilebert-uncased/tweeteval/prep0_aug0/seed_43782163/confusion_matrix.pdf
2026-04-08 20:09:41,993 - cyberbully - INFO - Accuracy: 0.9686
2026-04-08 20:09:41,993 - cyberbully - INFO - Weighted F1: 0.9686
2026-04-08 20:09:41,993 - cyberbully - INFO - Micro F1: 0.9686
2026-04-08 20:09:41,993 - cyberbully - INFO - Inference time: 4.98 seconds
2026-04-08 20:09:41,993 - cyberbully - INFO - Energy consumption: 0.000318 kWh
2026-04-08 20:09:41,995 - cyberbully - INFO - ============================================================
2026-04-08 20:09:41,995 - cyberbully - INFO - Pipeline complete. Results saved to: experiments/grid-search/google_mobilebert-uncased/tweeteval/prep0_aug0/seed_43782163
2026-04-08 20:09:41,995 - cyberbully - INFO - ============================================================
