2026-04-08 18:27:57,131 - cyberbully - INFO - ============================================================
2026-04-08 18:27:57,132 - cyberbully - INFO - Cyberbullying Detection Pipeline
2026-04-08 18:27:57,132 - cyberbully - INFO - ============================================================
2026-04-08 18:27:57,132 - cyberbully - INFO - Configuration:
2026-04-08 18:27:57,132 - cyberbully - INFO -   model          : answerdotai/ModernBERT-base
2026-04-08 18:27:57,132 - cyberbully - INFO -   dataset        : kaggle
2026-04-08 18:27:57,132 - cyberbully - INFO -   preprocess     : False
2026-04-08 18:27:57,132 - cyberbully - INFO -   augment        : False
2026-04-08 18:27:57,132 - cyberbully - INFO -   compute_attribution: False
2026-04-08 18:27:57,132 - cyberbully - INFO -   seed           : 52680723
2026-04-08 18:27:57,132 - cyberbully - INFO -   epochs         : 10
2026-04-08 18:27:57,132 - cyberbully - INFO -   batch_size     : 32
2026-04-08 18:27:57,132 - cyberbully - INFO -   lr             : 5e-05
2026-04-08 18:27:57,132 - cyberbully - INFO -   max_length     : 128
2026-04-08 18:27:57,132 - cyberbully - INFO -   output_dir     : grid-search
2026-04-08 18:27:57,132 - cyberbully - INFO -   data_dir       : dataset
2026-04-08 18:27:57,132 - cyberbully - INFO -   sbert          : False
2026-04-08 18:27:57,132 - cyberbully - INFO -   supcon         : False
2026-04-08 18:27:57,132 - cyberbully - INFO -   supcon_weight  : 0.1
2026-04-08 18:27:57,132 - cyberbully - INFO -   proj_dim       : 128
2026-04-08 18:27:57,132 - cyberbully - INFO -   grad_accum_steps: 1
2026-04-08 18:27:57,132 - cyberbully - INFO -   overwrite      : False
2026-04-08 18:27:57,132 - cyberbully - INFO -   device         : cuda
2026-04-08 18:27:57,132 - cyberbully - INFO -   output_dir     : experiments/grid-search/answerdotai_ModernBERT-base/kaggle/prep0_aug0/seed_52680723
2026-04-08 18:27:57,132 - cyberbully - INFO - ============================================================
2026-04-08 18:27:57,132 - cyberbully - INFO - Step 1: Preparing data...
2026-04-08 18:27:57,176 - cyberbully - INFO - Loaded pre-split data from dataset/kaggle — train: 25604, val: 6401, test: 8002
2026-04-08 18:27:57,176 - cyberbully - INFO - Label mapping: {'age': 0, 'ethnicity': 1, 'gender': 2, 'other_cyberbullying': 3, 'religion': 4}
2026-04-08 18:27:57,186 - cyberbully - INFO - Number of classes: 5
2026-04-08 18:27:57,187 - cyberbully - INFO - Step 2: Loading model and tokenizer...
2026-04-08 18:27:57,187 - cyberbully - INFO - Loading model 'answerdotai/ModernBERT-base' with 5 labels (sbert=False, supcon=False)
2026-04-08 18:27:58,828 - cyberbully - INFO - Step 3: Creating datasets...
2026-04-08 18:27:59,682 - cyberbully - INFO - Dataset sizes — train: 25604, val: 6401, test: 8002
2026-04-08 18:27:59,682 - cyberbully - INFO - Step 4: Training...
2026-04-08 18:27:59,923 - cyberbully - INFO - Starting training...
2026-04-08 18:44:17,402 - cyberbully - INFO - Training complete.
2026-04-08 18:44:17,483 - cyberbully - INFO - Removed checkpoint: experiments/grid-search/answerdotai_ModernBERT-base/kaggle/prep0_aug0/seed_52680723/checkpoint-5607
2026-04-08 18:44:17,580 - cyberbully - INFO - Removed checkpoint: experiments/grid-search/answerdotai_ModernBERT-base/kaggle/prep0_aug0/seed_52680723/checkpoint-8010
2026-04-08 18:44:17,662 - cyberbully - INFO - Removed checkpoint: experiments/grid-search/answerdotai_ModernBERT-base/kaggle/prep0_aug0/seed_52680723/checkpoint-6408
2026-04-08 18:44:17,744 - cyberbully - INFO - Removed checkpoint: experiments/grid-search/answerdotai_ModernBERT-base/kaggle/prep0_aug0/seed_52680723/checkpoint-1602
2026-04-08 18:44:17,826 - cyberbully - INFO - Removed checkpoint: experiments/grid-search/answerdotai_ModernBERT-base/kaggle/prep0_aug0/seed_52680723/checkpoint-3204
2026-04-08 18:44:17,910 - cyberbully - INFO - Removed checkpoint: experiments/grid-search/answerdotai_ModernBERT-base/kaggle/prep0_aug0/seed_52680723/checkpoint-7209
2026-04-08 18:44:17,991 - cyberbully - INFO - Removed checkpoint: experiments/grid-search/answerdotai_ModernBERT-base/kaggle/prep0_aug0/seed_52680723/checkpoint-4005
2026-04-08 18:44:18,074 - cyberbully - INFO - Removed checkpoint: experiments/grid-search/answerdotai_ModernBERT-base/kaggle/prep0_aug0/seed_52680723/checkpoint-4806
2026-04-08 18:44:18,158 - cyberbully - INFO - Removed checkpoint: experiments/grid-search/answerdotai_ModernBERT-base/kaggle/prep0_aug0/seed_52680723/checkpoint-801
2026-04-08 18:44:18,241 - cyberbully - INFO - Removed checkpoint: experiments/grid-search/answerdotai_ModernBERT-base/kaggle/prep0_aug0/seed_52680723/checkpoint-2403
2026-04-08 18:44:18,241 - cyberbully - INFO - Step 5: Evaluating on test set...
2026-04-08 18:44:32,210 - cyberbully - INFO - Metrics saved to experiments/grid-search/answerdotai_ModernBERT-base/kaggle/prep0_aug0/seed_52680723/metrics.json
2026-04-08 18:44:32,210 - cyberbully - INFO - Confusion matrix saved to experiments/grid-search/answerdotai_ModernBERT-base/kaggle/prep0_aug0/seed_52680723/confusion_matrix.json
2026-04-08 18:44:32,287 - cyberbully - INFO - Per-sample predictions saved to experiments/grid-search/answerdotai_ModernBERT-base/kaggle/prep0_aug0/seed_52680723/predictions.json
2026-04-08 18:44:32,390 - cyberbully - INFO - Confusion matrix figure saved to experiments/grid-search/answerdotai_ModernBERT-base/kaggle/prep0_aug0/seed_52680723/confusion_matrix.pdf
2026-04-08 18:44:32,391 - cyberbully - INFO - Accuracy: 0.9568
2026-04-08 18:44:32,391 - cyberbully - INFO - Weighted F1: 0.9571
2026-04-08 18:44:32,391 - cyberbully - INFO - Micro F1: 0.9568
2026-04-08 18:44:32,391 - cyberbully - INFO - Inference time: 7.82 seconds
2026-04-08 18:44:32,391 - cyberbully - INFO - Energy consumption: 0.000465 kWh
2026-04-08 18:44:32,392 - cyberbully - INFO - ============================================================
2026-04-08 18:44:32,392 - cyberbully - INFO - Pipeline complete. Results saved to: experiments/grid-search/answerdotai_ModernBERT-base/kaggle/prep0_aug0/seed_52680723
2026-04-08 18:44:32,392 - cyberbully - INFO - ============================================================
