2026-04-16 09:43:35,844 - cyberbully - INFO - ============================================================
2026-04-16 09:43:35,844 - cyberbully - INFO - Cyberbullying Detection Pipeline
2026-04-16 09:43:35,844 - cyberbully - INFO - ============================================================
2026-04-16 09:43:35,844 - cyberbully - INFO - Configuration:
2026-04-16 09:43:35,844 - cyberbully - INFO -   model          : bert-base-uncased
2026-04-16 09:43:35,844 - cyberbully - INFO -   dataset        : tweeteval
2026-04-16 09:43:35,844 - cyberbully - INFO -   preprocess     : False
2026-04-16 09:43:35,844 - cyberbully - INFO -   augment        : False
2026-04-16 09:43:35,844 - cyberbully - INFO -   compute_attribution: False
2026-04-16 09:43:35,844 - cyberbully - INFO -   seed           : 87212562
2026-04-16 09:43:35,844 - cyberbully - INFO -   epochs         : 10
2026-04-16 09:43:35,844 - cyberbully - INFO -   batch_size     : 32
2026-04-16 09:43:35,844 - cyberbully - INFO -   lr             : 5e-05
2026-04-16 09:43:35,844 - cyberbully - INFO -   max_length     : 128
2026-04-16 09:43:35,844 - cyberbully - INFO -   output_dir     : grid-search
2026-04-16 09:43:35,844 - cyberbully - INFO -   data_dir       : dataset
2026-04-16 09:43:35,844 - cyberbully - INFO -   sbert          : False
2026-04-16 09:43:35,844 - cyberbully - INFO -   supcon         : False
2026-04-16 09:43:35,844 - cyberbully - INFO -   supcon_weight  : 0.1
2026-04-16 09:43:35,844 - cyberbully - INFO -   proj_dim       : 128
2026-04-16 09:43:35,844 - cyberbully - INFO -   grad_accum_steps: 1
2026-04-16 09:43:35,844 - cyberbully - INFO -   overwrite      : False
2026-04-16 09:43:35,844 - cyberbully - INFO -   device         : cuda
2026-04-16 09:43:35,844 - cyberbully - INFO -   output_dir     : experiments/grid-search/bert-base-uncased/tweeteval/prep0_aug0/seed_87212562
2026-04-16 09:43:35,844 - cyberbully - INFO - ============================================================
2026-04-16 09:43:35,844 - cyberbully - INFO - Step 1: Preparing data...
2026-04-16 09:43:35,895 - cyberbully - INFO - Loaded pre-split data from dataset/tweeteval — train: 32485, val: 8122, test: 10152
2026-04-16 09:43:35,895 - cyberbully - INFO - Label mapping: {'emotion': 0, 'hate': 1, 'offensive': 2, 'religion': 3, 'spiritual': 4}
2026-04-16 09:43:35,908 - cyberbully - INFO - Number of classes: 5
2026-04-16 09:43:35,909 - cyberbully - INFO - Step 2: Loading model and tokenizer...
2026-04-16 09:43:35,909 - cyberbully - INFO - Loading model 'bert-base-uncased' with 5 labels (sbert=False, supcon=False)
2026-04-16 09:43:36,664 - cyberbully - INFO - Step 3: Creating datasets...
2026-04-16 09:43:37,556 - cyberbully - INFO - Dataset sizes — train: 32485, val: 8122, test: 10152
2026-04-16 09:43:37,556 - cyberbully - INFO - Step 4: Training...
2026-04-16 09:43:37,688 - cyberbully - INFO - Starting training...
2026-04-16 09:54:34,490 - cyberbully - INFO - Training complete.
2026-04-16 09:54:34,570 - cyberbully - INFO - Removed checkpoint: experiments/grid-search/bert-base-uncased/tweeteval/prep0_aug0/seed_87212562/checkpoint-2032
2026-04-16 09:54:34,648 - cyberbully - INFO - Removed checkpoint: experiments/grid-search/bert-base-uncased/tweeteval/prep0_aug0/seed_87212562/checkpoint-6096
2026-04-16 09:54:34,727 - cyberbully - INFO - Removed checkpoint: experiments/grid-search/bert-base-uncased/tweeteval/prep0_aug0/seed_87212562/checkpoint-3048
2026-04-16 09:54:34,805 - cyberbully - INFO - Removed checkpoint: experiments/grid-search/bert-base-uncased/tweeteval/prep0_aug0/seed_87212562/checkpoint-9144
2026-04-16 09:54:34,882 - cyberbully - INFO - Removed checkpoint: experiments/grid-search/bert-base-uncased/tweeteval/prep0_aug0/seed_87212562/checkpoint-5080
2026-04-16 09:54:34,960 - cyberbully - INFO - Removed checkpoint: experiments/grid-search/bert-base-uncased/tweeteval/prep0_aug0/seed_87212562/checkpoint-8128
2026-04-16 09:54:35,037 - cyberbully - INFO - Removed checkpoint: experiments/grid-search/bert-base-uncased/tweeteval/prep0_aug0/seed_87212562/checkpoint-4064
2026-04-16 09:54:35,122 - cyberbully - INFO - Removed checkpoint: experiments/grid-search/bert-base-uncased/tweeteval/prep0_aug0/seed_87212562/checkpoint-1016
2026-04-16 09:54:35,199 - cyberbully - INFO - Removed checkpoint: experiments/grid-search/bert-base-uncased/tweeteval/prep0_aug0/seed_87212562/checkpoint-7112
2026-04-16 09:54:35,293 - cyberbully - INFO - Removed checkpoint: experiments/grid-search/bert-base-uncased/tweeteval/prep0_aug0/seed_87212562/checkpoint-10160
2026-04-16 09:54:35,293 - cyberbully - INFO - Step 5: Evaluating on test set...
2026-04-16 09:54:44,016 - cyberbully - INFO - Metrics saved to experiments/grid-search/bert-base-uncased/tweeteval/prep0_aug0/seed_87212562/metrics.json
2026-04-16 09:54:44,016 - cyberbully - INFO - Confusion matrix saved to experiments/grid-search/bert-base-uncased/tweeteval/prep0_aug0/seed_87212562/confusion_matrix.json
2026-04-16 09:54:44,117 - cyberbully - INFO - Per-sample predictions saved to experiments/grid-search/bert-base-uncased/tweeteval/prep0_aug0/seed_87212562/predictions.json
2026-04-16 09:54:44,223 - cyberbully - INFO - Confusion matrix figure saved to experiments/grid-search/bert-base-uncased/tweeteval/prep0_aug0/seed_87212562/confusion_matrix.pdf
2026-04-16 09:54:44,223 - cyberbully - INFO - Accuracy: 0.9717
2026-04-16 09:54:44,223 - cyberbully - INFO - Weighted F1: 0.9718
2026-04-16 09:54:44,223 - cyberbully - INFO - Micro F1: 0.9717
2026-04-16 09:54:44,224 - cyberbully - INFO - Inference time: 4.07 seconds
2026-04-16 09:54:44,224 - cyberbully - INFO - Energy consumption: 0.000248 kWh
2026-04-16 09:54:44,225 - cyberbully - INFO - ============================================================
2026-04-16 09:54:44,225 - cyberbully - INFO - Pipeline complete. Results saved to: experiments/grid-search/bert-base-uncased/tweeteval/prep0_aug0/seed_87212562
2026-04-16 09:54:44,225 - cyberbully - INFO - ============================================================
