2026-03-23 19:14:45,736 - cyberbully - INFO - ============================================================
2026-03-23 19:14:45,736 - cyberbully - INFO - Cyberbullying Detection Pipeline
2026-03-23 19:14:45,737 - cyberbully - INFO - ============================================================
2026-03-23 19:14:45,737 - cyberbully - INFO - Configuration:
2026-03-23 19:14:45,737 - cyberbully - INFO -   model          : roberta-base
2026-03-23 19:14:45,737 - cyberbully - INFO -   dataset        : kaggle
2026-03-23 19:14:45,737 - cyberbully - INFO -   preprocess     : True
2026-03-23 19:14:45,737 - cyberbully - INFO -   augment        : True
2026-03-23 19:14:45,737 - cyberbully - INFO -   compute_attribution: False
2026-03-23 19:14:45,737 - cyberbully - INFO -   seed           : 99511865
2026-03-23 19:14:45,737 - cyberbully - INFO -   epochs         : 10
2026-03-23 19:14:45,737 - cyberbully - INFO -   batch_size     : 32
2026-03-23 19:14:45,737 - cyberbully - INFO -   lr             : 5e-05
2026-03-23 19:14:45,737 - cyberbully - INFO -   max_length     : 128
2026-03-23 19:14:45,737 - cyberbully - INFO -   output_dir     : grid-search
2026-03-23 19:14:45,737 - cyberbully - INFO -   data_dir       : dataset
2026-03-23 19:14:45,737 - cyberbully - INFO -   sbert          : False
2026-03-23 19:14:45,737 - cyberbully - INFO -   supcon         : False
2026-03-23 19:14:45,737 - cyberbully - INFO -   supcon_weight  : 0.1
2026-03-23 19:14:45,737 - cyberbully - INFO -   proj_dim       : 128
2026-03-23 19:14:45,737 - cyberbully - INFO -   grad_accum_steps: 1
2026-03-23 19:14:45,737 - cyberbully - INFO -   overwrite      : False
2026-03-23 19:14:45,737 - cyberbully - INFO -   device         : cuda
2026-03-23 19:14:45,737 - cyberbully - INFO -   output_dir     : experiments/grid-search/roberta-base/kaggle/prep1_aug1/seed_99511865
2026-03-23 19:14:45,737 - cyberbully - INFO - ============================================================
2026-03-23 19:14:45,737 - cyberbully - INFO - Step 1: Preparing data...
2026-03-23 19:14:45,784 - cyberbully - INFO - Loaded pre-split data from dataset/kaggle — train: 25604, val: 6401, test: 8002
2026-03-23 19:14:45,784 - cyberbully - INFO - Label mapping: {'age': 0, 'ethnicity': 1, 'gender': 2, 'other_cyberbullying': 3, 'religion': 4}
2026-03-23 19:14:45,784 - cyberbully - INFO - Applying text preprocessing per split...
2026-03-23 19:15:31,204 - cyberbully - INFO - After preprocessing — train: 23565, val: 5984, test: 7412
2026-03-23 19:15:31,206 - cyberbully - INFO - Applying training data augmentation (oversampling)...
2026-03-23 19:15:31,210 - cyberbully - INFO - After oversampling — class distribution: {0: 5067, 1: 5067, 2: 5067, 3: 5067, 4: 5067}
2026-03-23 19:15:31,219 - cyberbully - INFO - Number of classes: 5
2026-03-23 19:15:31,220 - cyberbully - INFO - Step 2: Loading model and tokenizer...
2026-03-23 19:15:31,220 - cyberbully - INFO - Loading model 'roberta-base' with 5 labels (sbert=False, supcon=False)
2026-03-23 19:15:31,934 - cyberbully - INFO - Step 3: Creating datasets...
2026-03-23 19:15:32,550 - cyberbully - INFO - Dataset sizes — train: 25335, val: 5984, test: 7412
2026-03-23 19:15:32,550 - cyberbully - INFO - Step 4: Training...
2026-03-23 19:15:32,682 - cyberbully - INFO - Starting training...
2026-03-23 19:25:04,003 - cyberbully - INFO - Training complete.
2026-03-23 19:25:04,101 - cyberbully - INFO - Removed checkpoint: experiments/grid-search/roberta-base/kaggle/prep1_aug1/seed_99511865/checkpoint-3960
2026-03-23 19:25:04,202 - cyberbully - INFO - Removed checkpoint: experiments/grid-search/roberta-base/kaggle/prep1_aug1/seed_99511865/checkpoint-1584
2026-03-23 19:25:04,290 - cyberbully - INFO - Removed checkpoint: experiments/grid-search/roberta-base/kaggle/prep1_aug1/seed_99511865/checkpoint-7128
2026-03-23 19:25:04,362 - cyberbully - INFO - Removed checkpoint: experiments/grid-search/roberta-base/kaggle/prep1_aug1/seed_99511865/checkpoint-792
2026-03-23 19:25:04,448 - cyberbully - INFO - Removed checkpoint: experiments/grid-search/roberta-base/kaggle/prep1_aug1/seed_99511865/checkpoint-4752
2026-03-23 19:25:04,540 - cyberbully - INFO - Removed checkpoint: experiments/grid-search/roberta-base/kaggle/prep1_aug1/seed_99511865/checkpoint-2376
2026-03-23 19:25:04,626 - cyberbully - INFO - Removed checkpoint: experiments/grid-search/roberta-base/kaggle/prep1_aug1/seed_99511865/checkpoint-5544
2026-03-23 19:25:04,717 - cyberbully - INFO - Removed checkpoint: experiments/grid-search/roberta-base/kaggle/prep1_aug1/seed_99511865/checkpoint-3168
2026-03-23 19:25:04,803 - cyberbully - INFO - Removed checkpoint: experiments/grid-search/roberta-base/kaggle/prep1_aug1/seed_99511865/checkpoint-6336
2026-03-23 19:25:04,895 - cyberbully - INFO - Removed checkpoint: experiments/grid-search/roberta-base/kaggle/prep1_aug1/seed_99511865/checkpoint-7920
2026-03-23 19:25:04,895 - cyberbully - INFO - Step 5: Evaluating on test set...
2026-03-23 19:25:12,320 - cyberbully - INFO - Metrics saved to experiments/grid-search/roberta-base/kaggle/prep1_aug1/seed_99511865/metrics.json
2026-03-23 19:25:12,321 - cyberbully - INFO - Confusion matrix saved to experiments/grid-search/roberta-base/kaggle/prep1_aug1/seed_99511865/confusion_matrix.json
2026-03-23 19:25:12,393 - cyberbully - INFO - Per-sample predictions saved to experiments/grid-search/roberta-base/kaggle/prep1_aug1/seed_99511865/predictions.json
2026-03-23 19:25:12,498 - cyberbully - INFO - Confusion matrix figure saved to experiments/grid-search/roberta-base/kaggle/prep1_aug1/seed_99511865/confusion_matrix.pdf
2026-03-23 19:25:12,498 - cyberbully - INFO - Accuracy: 0.9489
2026-03-23 19:25:12,498 - cyberbully - INFO - Weighted F1: 0.9491
2026-03-23 19:25:12,498 - cyberbully - INFO - Micro F1: 0.9489
2026-03-23 19:25:12,498 - cyberbully - INFO - Inference time: 3.18 seconds
2026-03-23 19:25:12,498 - cyberbully - INFO - Energy consumption: 0.000172 kWh
2026-03-23 19:25:12,500 - cyberbully - INFO - ============================================================
2026-03-23 19:25:12,500 - cyberbully - INFO - Pipeline complete. Results saved to: experiments/grid-search/roberta-base/kaggle/prep1_aug1/seed_99511865
2026-03-23 19:25:12,500 - cyberbully - INFO - ============================================================
