2026-03-19 19:26:29,862 - cyberbully - INFO - Model 'all-mpnet-base-v2' detected as SBERT-based. Using SBERTClassifier pipeline.
2026-03-19 19:26:29,862 - cyberbully - INFO - ============================================================
2026-03-19 19:26:29,862 - cyberbully - INFO - Cyberbullying Detection Pipeline
2026-03-19 19:26:29,862 - cyberbully - INFO - ============================================================
2026-03-19 19:26:29,862 - cyberbully - INFO - Configuration:
2026-03-19 19:26:29,862 - cyberbully - INFO -   model          : all-mpnet-base-v2
2026-03-19 19:26:29,862 - cyberbully - INFO -   dataset        : kaggle
2026-03-19 19:26:29,862 - cyberbully - INFO -   preprocess     : True
2026-03-19 19:26:29,862 - cyberbully - INFO -   augment        : False
2026-03-19 19:26:29,862 - cyberbully - INFO -   compute_attribution: False
2026-03-19 19:26:29,862 - cyberbully - INFO -   seed           : 37622020
2026-03-19 19:26:29,862 - cyberbully - INFO -   epochs         : 10
2026-03-19 19:26:29,862 - cyberbully - INFO -   batch_size     : 32
2026-03-19 19:26:29,862 - cyberbully - INFO -   lr             : 5e-05
2026-03-19 19:26:29,862 - cyberbully - INFO -   max_length     : 128
2026-03-19 19:26:29,862 - cyberbully - INFO -   output_dir     : baseline-light
2026-03-19 19:26:29,862 - cyberbully - INFO -   data_dir       : dataset
2026-03-19 19:26:29,862 - cyberbully - INFO -   sbert          : True
2026-03-19 19:26:29,862 - cyberbully - INFO -   supcon         : False
2026-03-19 19:26:29,862 - cyberbully - INFO -   supcon_weight  : 0.1
2026-03-19 19:26:29,862 - cyberbully - INFO -   proj_dim       : 128
2026-03-19 19:26:29,862 - cyberbully - INFO -   grad_accum_steps: 1
2026-03-19 19:26:29,862 - cyberbully - INFO -   overwrite      : False
2026-03-19 19:26:29,862 - cyberbully - INFO -   device         : cuda
2026-03-19 19:26:29,862 - cyberbully - INFO -   output_dir     : experiments/baseline-light/all-mpnet-base-v2/kaggle/prep1_aug0/seed_37622020
2026-03-19 19:26:29,862 - cyberbully - INFO - ============================================================
2026-03-19 19:26:29,862 - cyberbully - INFO - Step 1: Preparing data...
2026-03-19 19:26:29,914 - cyberbully - INFO - Loaded pre-split data from dataset/kaggle — train: 30499, val: 7625, test: 9532
2026-03-19 19:26:29,914 - cyberbully - INFO - Label mapping: {'age': 0, 'ethnicity': 1, 'gender': 2, 'not_cyberbullying': 3, 'other_cyberbullying': 4, 'religion': 5}
2026-03-19 19:26:29,914 - cyberbully - INFO - Applying text preprocessing per split...
2026-03-19 19:26:32,234 - cyberbully - INFO - After preprocessing — train: 30499, val: 7625, test: 9532
2026-03-19 19:26:32,246 - cyberbully - INFO - Number of classes: 6
2026-03-19 19:26:32,247 - cyberbully - INFO - Step 2: Loading model and tokenizer...
2026-03-19 19:26:32,248 - cyberbully - INFO - Loading model 'all-mpnet-base-v2' with 6 labels (sbert=True, supcon=False)
2026-03-19 19:26:35,812 - cyberbully - INFO - SBERTClassifier: embedding_dim=768, hidden=256, num_labels=6
2026-03-19 19:26:36,114 - cyberbully - INFO - Step 3: Creating datasets...
2026-03-19 19:26:36,764 - cyberbully - INFO - Dataset sizes — train: 30499, val: 7625, test: 9532
2026-03-19 19:26:36,764 - cyberbully - INFO - Step 4: Training...
2026-03-19 19:26:36,767 - cyberbully - INFO - Starting training...
2026-03-19 19:38:50,361 - cyberbully - INFO - Training complete.
2026-03-19 19:38:50,444 - cyberbully - INFO - Removed checkpoint: experiments/baseline-light/all-mpnet-base-v2/kaggle/prep1_aug0/seed_37622020/checkpoint-1908
2026-03-19 19:38:50,520 - cyberbully - INFO - Removed checkpoint: experiments/baseline-light/all-mpnet-base-v2/kaggle/prep1_aug0/seed_37622020/checkpoint-4770
2026-03-19 19:38:50,595 - cyberbully - INFO - Removed checkpoint: experiments/baseline-light/all-mpnet-base-v2/kaggle/prep1_aug0/seed_37622020/checkpoint-9540
2026-03-19 19:38:50,674 - cyberbully - INFO - Removed checkpoint: experiments/baseline-light/all-mpnet-base-v2/kaggle/prep1_aug0/seed_37622020/checkpoint-2862
2026-03-19 19:38:50,750 - cyberbully - INFO - Removed checkpoint: experiments/baseline-light/all-mpnet-base-v2/kaggle/prep1_aug0/seed_37622020/checkpoint-7632
2026-03-19 19:38:50,830 - cyberbully - INFO - Removed checkpoint: experiments/baseline-light/all-mpnet-base-v2/kaggle/prep1_aug0/seed_37622020/checkpoint-3816
2026-03-19 19:38:50,907 - cyberbully - INFO - Removed checkpoint: experiments/baseline-light/all-mpnet-base-v2/kaggle/prep1_aug0/seed_37622020/checkpoint-5724
2026-03-19 19:38:50,995 - cyberbully - INFO - Removed checkpoint: experiments/baseline-light/all-mpnet-base-v2/kaggle/prep1_aug0/seed_37622020/checkpoint-954
2026-03-19 19:38:51,069 - cyberbully - INFO - Removed checkpoint: experiments/baseline-light/all-mpnet-base-v2/kaggle/prep1_aug0/seed_37622020/checkpoint-8586
2026-03-19 19:38:51,145 - cyberbully - INFO - Removed checkpoint: experiments/baseline-light/all-mpnet-base-v2/kaggle/prep1_aug0/seed_37622020/checkpoint-6678
2026-03-19 19:38:51,145 - cyberbully - INFO - Step 5: Evaluating on test set...
2026-03-19 19:39:01,379 - cyberbully - INFO - Metrics saved to experiments/baseline-light/all-mpnet-base-v2/kaggle/prep1_aug0/seed_37622020/metrics.json
2026-03-19 19:39:01,379 - cyberbully - INFO - Confusion matrix saved to experiments/baseline-light/all-mpnet-base-v2/kaggle/prep1_aug0/seed_37622020/confusion_matrix.json
2026-03-19 19:39:01,485 - cyberbully - INFO - Per-sample predictions saved to experiments/baseline-light/all-mpnet-base-v2/kaggle/prep1_aug0/seed_37622020/predictions.json
2026-03-19 19:39:01,600 - cyberbully - INFO - Confusion matrix figure saved to experiments/baseline-light/all-mpnet-base-v2/kaggle/prep1_aug0/seed_37622020/confusion_matrix.pdf
2026-03-19 19:39:01,600 - cyberbully - INFO - Accuracy: 0.8676
2026-03-19 19:39:01,600 - cyberbully - INFO - Weighted F1: 0.8661
2026-03-19 19:39:01,600 - cyberbully - INFO - Micro F1: 0.8676
2026-03-19 19:39:01,600 - cyberbully - INFO - Inference time: 5.00 seconds
2026-03-19 19:39:01,600 - cyberbully - INFO - Energy consumption: 0.000282 kWh
2026-03-19 19:39:01,602 - cyberbully - INFO - ============================================================
2026-03-19 19:39:01,602 - cyberbully - INFO - Pipeline complete. Results saved to: experiments/baseline-light/all-mpnet-base-v2/kaggle/prep1_aug0/seed_37622020
2026-03-19 19:39:01,602 - cyberbully - INFO - ============================================================
