2026-02-11 13:13:59,429 - cyberbully - INFO - ============================================================
2026-02-11 13:13:59,429 - cyberbully - INFO - Cyberbullying Detection Pipeline
2026-02-11 13:13:59,429 - cyberbully - INFO - ============================================================
2026-02-11 13:13:59,429 - cyberbully - INFO - Configuration:
2026-02-11 13:13:59,429 - cyberbully - INFO -   model          : distilbert-base-uncased
2026-02-11 13:13:59,429 - cyberbully - INFO -   dataset        : tweeteval
2026-02-11 13:13:59,429 - cyberbully - INFO -   preprocess     : False
2026-02-11 13:13:59,429 - cyberbully - INFO -   augment        : True
2026-02-11 13:13:59,429 - cyberbully - INFO -   compute_attribution: False
2026-02-11 13:13:59,429 - cyberbully - INFO -   seed           : 70681460
2026-02-11 13:13:59,429 - cyberbully - INFO -   epochs         : 5
2026-02-11 13:13:59,429 - cyberbully - INFO -   batch_size     : 16
2026-02-11 13:13:59,429 - cyberbully - INFO -   lr             : 2e-05
2026-02-11 13:13:59,429 - cyberbully - INFO -   max_length     : 128
2026-02-11 13:13:59,429 - cyberbully - INFO -   output_dir     : experiments
2026-02-11 13:13:59,429 - cyberbully - INFO -   data_dir       : dataset
2026-02-11 13:13:59,429 - cyberbully - INFO -   overwrite      : False
2026-02-11 13:13:59,429 - cyberbully - INFO -   device         : cuda
2026-02-11 13:13:59,429 - cyberbully - INFO -   output_dir     : experiments/distilbert-base-uncased/tweeteval/prep0_aug1/seed_70681460
2026-02-11 13:13:59,429 - cyberbully - INFO - ============================================================
2026-02-11 13:13:59,430 - cyberbully - INFO - Step 1: Preparing data...
2026-02-11 13:13:59,430 - cyberbully - INFO - Loading dataset 'tweeteval' from dataset/Tweeteval.csv
2026-02-11 13:13:59,502 - cyberbully - INFO - Loaded 50759 samples with 5 classes: ['emotion', 'hate', 'offensive', 'religion', 'spiritual']
2026-02-11 13:13:59,505 - cyberbully - INFO - Label mapping: {'emotion': 0, 'hate': 1, 'offensive': 2, 'religion': 3, 'spiritual': 4}
2026-02-11 13:13:59,518 - cyberbully - INFO - Split sizes — train: 32485, val: 8122, test: 10152
2026-02-11 13:13:59,518 - cyberbully - INFO - Applying training data augmentation (oversampling)...
2026-02-11 13:13:59,525 - cyberbully - INFO - After oversampling — class distribution: {0: 8985, 1: 8985, 2: 8985, 3: 8985, 4: 8985}
2026-02-11 13:13:59,526 - cyberbully - INFO - Number of classes: 5
2026-02-11 13:13:59,526 - cyberbully - INFO - Step 2: Loading model and tokenizer...
2026-02-11 13:13:59,526 - cyberbully - INFO - Loading model 'distilbert-base-uncased' with 5 labels
2026-02-11 13:14:00,246 - cyberbully - INFO - Step 3: Tokenizing datasets...
2026-02-11 13:14:01,419 - cyberbully - INFO - Dataset sizes — train: 44925, val: 8122, test: 10152
2026-02-11 13:14:01,419 - cyberbully - INFO - Step 4: Training...
2026-02-11 13:14:01,620 - cyberbully - INFO - Starting training...
2026-02-11 13:21:45,002 - cyberbully - INFO - Training complete.
2026-02-11 13:21:45,002 - cyberbully - INFO - Step 5: Evaluating on test set...
2026-02-11 13:21:53,361 - cyberbully - INFO - Metrics saved to experiments/distilbert-base-uncased/tweeteval/prep0_aug1/seed_70681460/metrics.json
2026-02-11 13:21:53,362 - cyberbully - INFO - Confusion matrix saved to experiments/distilbert-base-uncased/tweeteval/prep0_aug1/seed_70681460/confusion_matrix.json
2026-02-11 13:21:53,464 - cyberbully - INFO - Confusion matrix figure saved to experiments/distilbert-base-uncased/tweeteval/prep0_aug1/seed_70681460/confusion_matrix.pdf
2026-02-11 13:21:53,464 - cyberbully - INFO - Accuracy: 0.9700
2026-02-11 13:21:53,464 - cyberbully - INFO - Weighted F1: 0.9700
2026-02-11 13:21:53,464 - cyberbully - INFO - Micro F1: 0.9700
2026-02-11 13:21:53,464 - cyberbully - INFO - Inference time: 4.03 seconds
2026-02-11 13:21:53,464 - cyberbully - INFO - Energy consumption: 0.000239 kWh
2026-02-11 13:21:53,464 - cyberbully - INFO - ============================================================
2026-02-11 13:21:53,464 - cyberbully - INFO - Pipeline complete. Results saved to: experiments/distilbert-base-uncased/tweeteval/prep0_aug1/seed_70681460
2026-02-11 13:21:53,464 - cyberbully - INFO - ============================================================
