2026-02-13 17:35:46,779 - cyberbully - INFO - ============================================================
2026-02-13 17:35:46,779 - cyberbully - INFO - Cyberbullying Detection Pipeline
2026-02-13 17:35:46,779 - cyberbully - INFO - ============================================================
2026-02-13 17:35:46,779 - cyberbully - INFO - Configuration:
2026-02-13 17:35:46,779 - cyberbully - INFO -   model          : roberta-base
2026-02-13 17:35:46,779 - cyberbully - INFO -   dataset        : tweeteval
2026-02-13 17:35:46,779 - cyberbully - INFO -   preprocess     : False
2026-02-13 17:35:46,779 - cyberbully - INFO -   augment        : True
2026-02-13 17:35:46,779 - cyberbully - INFO -   compute_attribution: False
2026-02-13 17:35:46,779 - cyberbully - INFO -   seed           : 14298463
2026-02-13 17:35:46,779 - cyberbully - INFO -   epochs         : 5
2026-02-13 17:35:46,779 - cyberbully - INFO -   batch_size     : 16
2026-02-13 17:35:46,779 - cyberbully - INFO -   lr             : 2e-05
2026-02-13 17:35:46,779 - cyberbully - INFO -   max_length     : 128
2026-02-13 17:35:46,779 - cyberbully - INFO -   output_dir     : experiments
2026-02-13 17:35:46,779 - cyberbully - INFO -   data_dir       : dataset
2026-02-13 17:35:46,779 - cyberbully - INFO -   overwrite      : False
2026-02-13 17:35:46,779 - cyberbully - INFO -   device         : cuda
2026-02-13 17:35:46,779 - cyberbully - INFO -   output_dir     : experiments/roberta-base/tweeteval/prep0_aug1/seed_14298463
2026-02-13 17:35:46,779 - cyberbully - INFO - ============================================================
2026-02-13 17:35:46,779 - cyberbully - INFO - Step 1: Preparing data...
2026-02-13 17:35:46,779 - cyberbully - INFO - Loading dataset 'tweeteval' from dataset/Tweeteval.csv
2026-02-13 17:35:46,854 - cyberbully - INFO - Loaded 50759 samples with 5 classes: ['emotion', 'hate', 'offensive', 'religion', 'spiritual']
2026-02-13 17:35:46,856 - cyberbully - INFO - Label mapping: {'emotion': 0, 'hate': 1, 'offensive': 2, 'religion': 3, 'spiritual': 4}
2026-02-13 17:35:46,870 - cyberbully - INFO - Split sizes — train: 32485, val: 8122, test: 10152
2026-02-13 17:35:46,870 - cyberbully - INFO - Applying training data augmentation (oversampling)...
2026-02-13 17:35:46,877 - cyberbully - INFO - After oversampling — class distribution: {0: 8985, 1: 8985, 2: 8985, 3: 8985, 4: 8985}
2026-02-13 17:35:46,878 - cyberbully - INFO - Number of classes: 5
2026-02-13 17:35:46,878 - cyberbully - INFO - Step 2: Loading model and tokenizer...
2026-02-13 17:35:46,878 - cyberbully - INFO - Loading model 'roberta-base' with 5 labels
2026-02-13 17:35:47,721 - cyberbully - INFO - Step 3: Tokenizing datasets...
2026-02-13 17:35:48,910 - cyberbully - INFO - Dataset sizes — train: 44925, val: 8122, test: 10152
2026-02-13 17:35:48,910 - cyberbully - INFO - Step 4: Training...
2026-02-13 17:35:49,143 - cyberbully - INFO - Starting training...
2026-02-13 17:50:44,040 - cyberbully - INFO - Training complete.
2026-02-13 17:50:44,040 - cyberbully - INFO - Step 5: Evaluating on test set...
2026-02-13 17:50:56,364 - cyberbully - INFO - Metrics saved to experiments/roberta-base/tweeteval/prep0_aug1/seed_14298463/metrics.json
2026-02-13 17:50:56,364 - cyberbully - INFO - Confusion matrix saved to experiments/roberta-base/tweeteval/prep0_aug1/seed_14298463/confusion_matrix.json
2026-02-13 17:50:56,465 - cyberbully - INFO - Confusion matrix figure saved to experiments/roberta-base/tweeteval/prep0_aug1/seed_14298463/confusion_matrix.pdf
2026-02-13 17:50:56,465 - cyberbully - INFO - Accuracy: 0.9761
2026-02-13 17:50:56,465 - cyberbully - INFO - Weighted F1: 0.9761
2026-02-13 17:50:56,465 - cyberbully - INFO - Micro F1: 0.9761
2026-02-13 17:50:56,465 - cyberbully - INFO - Inference time: 8.03 seconds
2026-02-13 17:50:56,465 - cyberbully - INFO - Energy consumption: 0.000472 kWh
2026-02-13 17:50:56,465 - cyberbully - INFO - ============================================================
2026-02-13 17:50:56,465 - cyberbully - INFO - Pipeline complete. Results saved to: experiments/roberta-base/tweeteval/prep0_aug1/seed_14298463
2026-02-13 17:50:56,465 - cyberbully - INFO - ============================================================
