2026-06-17 02:08:23,338 - cyberbully - INFO - ============================================================
2026-06-17 02:08:23,338 - cyberbully - INFO - Cyberbullying Detection Pipeline
2026-06-17 02:08:23,338 - cyberbully - INFO - ============================================================
2026-06-17 02:08:23,338 - cyberbully - INFO - Configuration:
2026-06-17 02:08:23,338 - cyberbully - INFO -   model          : bert-base-cased
2026-06-17 02:08:23,338 - cyberbully - INFO -   dataset        : ieee
2026-06-17 02:08:23,338 - cyberbully - INFO -   preprocess     : False
2026-06-17 02:08:23,338 - cyberbully - INFO -   prep_mode      : 2
2026-06-17 02:08:23,338 - cyberbully - INFO -   augment        : False
2026-06-17 02:08:23,338 - cyberbully - INFO -   compute_attribution: False
2026-06-17 02:08:23,338 - cyberbully - INFO -   seed           : 14298463
2026-06-17 02:08:23,338 - cyberbully - INFO -   epochs         : 10
2026-06-17 02:08:23,338 - cyberbully - INFO -   batch_size     : 32
2026-06-17 02:08:23,338 - cyberbully - INFO -   lr             : 5e-05
2026-06-17 02:08:23,338 - cyberbully - INFO -   max_length     : 128
2026-06-17 02:08:23,338 - cyberbully - INFO -   output_dir     : grid-search
2026-06-17 02:08:23,338 - cyberbully - INFO -   data_dir       : dataset
2026-06-17 02:08:23,338 - cyberbully - INFO -   sbert          : False
2026-06-17 02:08:23,338 - cyberbully - INFO -   supcon         : False
2026-06-17 02:08:23,338 - cyberbully - INFO -   supcon_weight  : 0.1
2026-06-17 02:08:23,338 - cyberbully - INFO -   proj_dim       : 128
2026-06-17 02:08:23,338 - cyberbully - INFO -   grad_accum_steps: 1
2026-06-17 02:08:23,338 - cyberbully - INFO -   overwrite      : False
2026-06-17 02:08:23,338 - cyberbully - INFO -   device         : cuda
2026-06-17 02:08:23,338 - cyberbully - INFO -   output_dir     : experiments/grid-search/bert-base-cased/ieee/prep2_aug0/seed_14298463
2026-06-17 02:08:23,338 - cyberbully - INFO - ============================================================
2026-06-17 02:08:23,338 - cyberbully - INFO - Step 1: Preparing data...
2026-06-17 02:08:23,342 - cyberbully - INFO - Loaded pre-split data from dataset/ieee — train: 1348, val: 338, test: 422
2026-06-17 02:08:23,342 - cyberbully - INFO - Label mapping: {'Cyberstalking': 0, 'Doxing': 1, 'Revenge Porn': 2, 'Sexual Harassment': 3, 'Slut Shaming': 4}
2026-06-17 02:08:23,343 - cyberbully - INFO - Applying partial text preprocessing per split...
2026-06-17 02:08:23,395 - cyberbully - INFO - After preprocessing -- train: 1348, val: 338, test: 422
2026-06-17 02:08:23,396 - cyberbully - INFO - Number of classes: 5
2026-06-17 02:08:23,397 - cyberbully - INFO - Step 2: Loading model and tokenizer...
2026-06-17 02:08:23,397 - cyberbully - INFO - Loading model 'bert-base-cased' with 5 labels (sbert=False, supcon=False)
2026-06-17 02:08:33,847 - cyberbully - INFO - Step 3: Creating datasets...
2026-06-17 02:08:33,901 - cyberbully - INFO - Dataset sizes — train: 1348, val: 338, test: 422
2026-06-17 02:08:33,901 - cyberbully - INFO - Step 4: Training...
2026-06-17 02:08:34,158 - cyberbully - INFO - Starting training...
2026-06-17 02:09:25,128 - cyberbully - INFO - Training complete.
2026-06-17 02:09:25,202 - cyberbully - INFO - Removed checkpoint: experiments/grid-search/bert-base-cased/ieee/prep2_aug0/seed_14298463/checkpoint-172
2026-06-17 02:09:25,274 - cyberbully - INFO - Removed checkpoint: experiments/grid-search/bert-base-cased/ieee/prep2_aug0/seed_14298463/checkpoint-258
2026-06-17 02:09:25,349 - cyberbully - INFO - Removed checkpoint: experiments/grid-search/bert-base-cased/ieee/prep2_aug0/seed_14298463/checkpoint-387
2026-06-17 02:09:25,415 - cyberbully - INFO - Removed checkpoint: experiments/grid-search/bert-base-cased/ieee/prep2_aug0/seed_14298463/checkpoint-43
2026-06-17 02:09:25,490 - cyberbully - INFO - Removed checkpoint: experiments/grid-search/bert-base-cased/ieee/prep2_aug0/seed_14298463/checkpoint-430
2026-06-17 02:09:25,563 - cyberbully - INFO - Removed checkpoint: experiments/grid-search/bert-base-cased/ieee/prep2_aug0/seed_14298463/checkpoint-301
2026-06-17 02:09:25,638 - cyberbully - INFO - Removed checkpoint: experiments/grid-search/bert-base-cased/ieee/prep2_aug0/seed_14298463/checkpoint-344
2026-06-17 02:09:25,712 - cyberbully - INFO - Removed checkpoint: experiments/grid-search/bert-base-cased/ieee/prep2_aug0/seed_14298463/checkpoint-129
2026-06-17 02:09:26,288 - cyberbully - INFO - Removed checkpoint: experiments/grid-search/bert-base-cased/ieee/prep2_aug0/seed_14298463/checkpoint-215
2026-06-17 02:09:26,365 - cyberbully - INFO - Removed checkpoint: experiments/grid-search/bert-base-cased/ieee/prep2_aug0/seed_14298463/checkpoint-86
2026-06-17 02:09:26,365 - cyberbully - INFO - Step 5: Evaluating on test set...
2026-06-17 02:09:32,744 - cyberbully - INFO - Metrics saved to experiments/grid-search/bert-base-cased/ieee/prep2_aug0/seed_14298463/metrics.json
2026-06-17 02:09:32,744 - cyberbully - INFO - Confusion matrix saved to experiments/grid-search/bert-base-cased/ieee/prep2_aug0/seed_14298463/confusion_matrix.json
2026-06-17 02:09:32,749 - cyberbully - INFO - Per-sample predictions saved to experiments/grid-search/bert-base-cased/ieee/prep2_aug0/seed_14298463/predictions.json
2026-06-17 02:09:32,858 - cyberbully - INFO - Confusion matrix figure saved to experiments/grid-search/bert-base-cased/ieee/prep2_aug0/seed_14298463/confusion_matrix.pdf
2026-06-17 02:09:32,858 - cyberbully - INFO - Accuracy: 0.8128
2026-06-17 02:09:32,858 - cyberbully - INFO - Weighted F1: 0.8174
2026-06-17 02:09:32,858 - cyberbully - INFO - Micro F1: 0.8128
2026-06-17 02:09:32,858 - cyberbully - INFO - Inference time: 0.31 seconds
2026-06-17 02:09:32,858 - cyberbully - INFO - Energy consumption: 0.000039 kWh
2026-06-17 02:09:32,858 - cyberbully - INFO - ============================================================
2026-06-17 02:09:32,858 - cyberbully - INFO - Pipeline complete. Results saved to: experiments/grid-search/bert-base-cased/ieee/prep2_aug0/seed_14298463
2026-06-17 02:09:32,858 - cyberbully - INFO - ============================================================
