2026-02-19 02:18:29,202 - cyberbully - INFO - ============================================================
2026-02-19 02:18:29,203 - cyberbully - INFO - Cyberbullying Detection Pipeline
2026-02-19 02:18:29,203 - cyberbully - INFO - ============================================================
2026-02-19 02:18:29,203 - cyberbully - INFO - Configuration:
2026-02-19 02:18:29,203 - cyberbully - INFO -   model          : xlnet-base-cased
2026-02-19 02:18:29,203 - cyberbully - INFO -   dataset        : ieee
2026-02-19 02:18:29,203 - cyberbully - INFO -   preprocess     : True
2026-02-19 02:18:29,203 - cyberbully - INFO -   augment        : True
2026-02-19 02:18:29,203 - cyberbully - INFO -   compute_attribution: False
2026-02-19 02:18:29,203 - cyberbully - INFO -   seed           : 37622020
2026-02-19 02:18:29,203 - cyberbully - INFO -   epochs         : 5
2026-02-19 02:18:29,203 - cyberbully - INFO -   batch_size     : 16
2026-02-19 02:18:29,203 - cyberbully - INFO -   lr             : 2e-05
2026-02-19 02:18:29,203 - cyberbully - INFO -   max_length     : 128
2026-02-19 02:18:29,203 - cyberbully - INFO -   output_dir     : grid-search
2026-02-19 02:18:29,203 - cyberbully - INFO -   data_dir       : dataset
2026-02-19 02:18:29,203 - cyberbully - INFO -   sbert          : False
2026-02-19 02:18:29,203 - cyberbully - INFO -   overwrite      : False
2026-02-19 02:18:29,203 - cyberbully - INFO -   device         : cuda
2026-02-19 02:18:29,203 - cyberbully - INFO -   output_dir     : experiments/grid-search/xlnet-base-cased/ieee/prep1_aug1/seed_37622020
2026-02-19 02:18:29,203 - cyberbully - INFO - ============================================================
2026-02-19 02:18:29,203 - cyberbully - INFO - Step 1: Preparing data...
2026-02-19 02:18:29,203 - cyberbully - INFO - Loading dataset 'ieee' from dataset/IEEE Data Port.csv
2026-02-19 02:18:29,208 - cyberbully - INFO - Loaded 2108 samples with 5 classes: ['Cyberstalking', 'Doxing', 'Revenge Porn', 'Sexual Harassment', 'Slut Shaming']
2026-02-19 02:18:29,208 - cyberbully - INFO - Applying text preprocessing...
2026-02-19 02:18:32,257 - cyberbully - INFO - After preprocessing: 1819 samples remain
2026-02-19 02:18:32,258 - cyberbully - INFO - Label mapping: {'Cyberstalking': 0, 'Doxing': 1, 'Revenge Porn': 2, 'Sexual Harassment': 3, 'Slut Shaming': 4}
2026-02-19 02:18:32,260 - cyberbully - INFO - Split sizes — train: 1164, val: 291, test: 364
2026-02-19 02:18:32,260 - cyberbully - INFO - Applying training data augmentation (oversampling)...
2026-02-19 02:18:32,261 - cyberbully - INFO - After oversampling — class distribution: {0: 289, 1: 289, 2: 289, 3: 289, 4: 289}
2026-02-19 02:18:32,261 - cyberbully - INFO - Number of classes: 5
2026-02-19 02:18:32,262 - cyberbully - INFO - Step 2: Loading model and tokenizer...
2026-02-19 02:18:32,262 - cyberbully - INFO - Loading model 'xlnet-base-cased' with 5 labels (sbert=False)
2026-02-19 02:18:34,165 - cyberbully - INFO - Step 3: Creating datasets...
2026-02-19 02:18:34,188 - cyberbully - INFO - Dataset sizes — train: 1445, val: 291, test: 364
2026-02-19 02:18:34,188 - cyberbully - INFO - Step 4: Training...
2026-02-19 02:18:34,324 - cyberbully - INFO - Starting training...
2026-02-19 02:19:00,353 - cyberbully - INFO - Training complete.
2026-02-19 02:19:00,353 - cyberbully - INFO - Step 5: Evaluating on test set...
2026-02-19 02:19:04,855 - cyberbully - INFO - Metrics saved to experiments/grid-search/xlnet-base-cased/ieee/prep1_aug1/seed_37622020/metrics.json
2026-02-19 02:19:04,855 - cyberbully - INFO - Confusion matrix saved to experiments/grid-search/xlnet-base-cased/ieee/prep1_aug1/seed_37622020/confusion_matrix.json
2026-02-19 02:19:04,963 - cyberbully - INFO - Confusion matrix figure saved to experiments/grid-search/xlnet-base-cased/ieee/prep1_aug1/seed_37622020/confusion_matrix.pdf
2026-02-19 02:19:04,963 - cyberbully - INFO - Accuracy: 0.8269
2026-02-19 02:19:04,963 - cyberbully - INFO - Weighted F1: 0.8250
2026-02-19 02:19:04,963 - cyberbully - INFO - Micro F1: 0.8269
2026-02-19 02:19:04,963 - cyberbully - INFO - Inference time: 0.32 seconds
2026-02-19 02:19:04,963 - cyberbully - INFO - Energy consumption: 0.000012 kWh
2026-02-19 02:19:04,963 - cyberbully - INFO - ============================================================
2026-02-19 02:19:04,963 - cyberbully - INFO - Pipeline complete. Results saved to: experiments/grid-search/xlnet-base-cased/ieee/prep1_aug1/seed_37622020
2026-02-19 02:19:04,963 - cyberbully - INFO - ============================================================
