2026-06-15 22:10:22,749 - cyberbully - INFO - ============================================================
2026-06-15 22:10:22,749 - cyberbully - INFO - Cyberbullying Detection Pipeline
2026-06-15 22:10:22,749 - cyberbully - INFO - ============================================================
2026-06-15 22:10:22,749 - cyberbully - INFO - Configuration:
2026-06-15 22:10:22,749 - cyberbully - INFO -   model          : google/mobilebert-uncased
2026-06-15 22:10:22,749 - cyberbully - INFO -   dataset        : kaggle
2026-06-15 22:10:22,749 - cyberbully - INFO -   preprocess     : False
2026-06-15 22:10:22,749 - cyberbully - INFO -   prep_mode      : 2
2026-06-15 22:10:22,749 - cyberbully - INFO -   augment        : False
2026-06-15 22:10:22,749 - cyberbully - INFO -   compute_attribution: False
2026-06-15 22:10:22,749 - cyberbully - INFO -   seed           : 87212562
2026-06-15 22:10:22,749 - cyberbully - INFO -   epochs         : 10
2026-06-15 22:10:22,749 - cyberbully - INFO -   batch_size     : 32
2026-06-15 22:10:22,749 - cyberbully - INFO -   lr             : 5e-05
2026-06-15 22:10:22,749 - cyberbully - INFO -   max_length     : 128
2026-06-15 22:10:22,749 - cyberbully - INFO -   output_dir     : grid-search
2026-06-15 22:10:22,749 - cyberbully - INFO -   data_dir       : dataset
2026-06-15 22:10:22,749 - cyberbully - INFO -   sbert          : False
2026-06-15 22:10:22,749 - cyberbully - INFO -   supcon         : False
2026-06-15 22:10:22,749 - cyberbully - INFO -   supcon_weight  : 0.1
2026-06-15 22:10:22,749 - cyberbully - INFO -   proj_dim       : 128
2026-06-15 22:10:22,749 - cyberbully - INFO -   grad_accum_steps: 1
2026-06-15 22:10:22,749 - cyberbully - INFO -   overwrite      : False
2026-06-15 22:10:22,749 - cyberbully - INFO -   device         : cuda
2026-06-15 22:10:22,749 - cyberbully - INFO -   output_dir     : experiments/grid-search/google_mobilebert-uncased/kaggle/prep2_aug0/seed_87212562
2026-06-15 22:10:22,749 - cyberbully - INFO - ============================================================
2026-06-15 22:10:22,749 - cyberbully - INFO - Step 1: Preparing data...
2026-06-15 22:10:22,796 - cyberbully - INFO - Loaded pre-split data from dataset/kaggle — train: 25604, val: 6401, test: 8002
2026-06-15 22:10:22,796 - cyberbully - INFO - Label mapping: {'age': 0, 'ethnicity': 1, 'gender': 2, 'other_cyberbullying': 3, 'religion': 4}
2026-06-15 22:10:22,797 - cyberbully - INFO - Applying partial text preprocessing per split...
2026-06-15 22:10:24,101 - cyberbully - INFO - After preprocessing -- train: 25604, val: 6401, test: 8002
2026-06-15 22:10:24,105 - cyberbully - INFO - Number of classes: 5
2026-06-15 22:10:24,106 - cyberbully - INFO - Step 2: Loading model and tokenizer...
2026-06-15 22:10:24,106 - cyberbully - INFO - Loading model 'google/mobilebert-uncased' with 5 labels (sbert=False, supcon=False)
2026-06-15 22:10:26,382 - cyberbully - WARNING - FP16 disabled for model_type='mobilebert' (known fp16 instability).
2026-06-15 22:10:26,382 - cyberbully - INFO - Step 3: Creating datasets...
2026-06-15 22:10:27,496 - cyberbully - INFO - Dataset sizes — train: 25604, val: 6401, test: 8002
2026-06-15 22:10:27,497 - cyberbully - INFO - Step 4: Training...
2026-06-15 22:10:27,679 - cyberbully - INFO - Starting training...
2026-06-15 22:28:54,972 - cyberbully - INFO - Training complete.
2026-06-15 22:28:54,987 - cyberbully - INFO - Removed checkpoint: experiments/grid-search/google_mobilebert-uncased/kaggle/prep2_aug0/seed_87212562/checkpoint-5607
2026-06-15 22:28:55,004 - cyberbully - INFO - Removed checkpoint: experiments/grid-search/google_mobilebert-uncased/kaggle/prep2_aug0/seed_87212562/checkpoint-8010
2026-06-15 22:28:55,019 - cyberbully - INFO - Removed checkpoint: experiments/grid-search/google_mobilebert-uncased/kaggle/prep2_aug0/seed_87212562/checkpoint-6408
2026-06-15 22:28:55,034 - cyberbully - INFO - Removed checkpoint: experiments/grid-search/google_mobilebert-uncased/kaggle/prep2_aug0/seed_87212562/checkpoint-1602
2026-06-15 22:28:55,049 - cyberbully - INFO - Removed checkpoint: experiments/grid-search/google_mobilebert-uncased/kaggle/prep2_aug0/seed_87212562/checkpoint-3204
2026-06-15 22:28:55,064 - cyberbully - INFO - Removed checkpoint: experiments/grid-search/google_mobilebert-uncased/kaggle/prep2_aug0/seed_87212562/checkpoint-7209
2026-06-15 22:28:55,079 - cyberbully - INFO - Removed checkpoint: experiments/grid-search/google_mobilebert-uncased/kaggle/prep2_aug0/seed_87212562/checkpoint-4005
2026-06-15 22:28:55,094 - cyberbully - INFO - Removed checkpoint: experiments/grid-search/google_mobilebert-uncased/kaggle/prep2_aug0/seed_87212562/checkpoint-4806
2026-06-15 22:28:55,109 - cyberbully - INFO - Removed checkpoint: experiments/grid-search/google_mobilebert-uncased/kaggle/prep2_aug0/seed_87212562/checkpoint-801
2026-06-15 22:28:55,124 - cyberbully - INFO - Removed checkpoint: experiments/grid-search/google_mobilebert-uncased/kaggle/prep2_aug0/seed_87212562/checkpoint-2403
2026-06-15 22:28:55,124 - cyberbully - INFO - Step 5: Evaluating on test set...
2026-06-15 22:29:09,985 - cyberbully - INFO - Metrics saved to experiments/grid-search/google_mobilebert-uncased/kaggle/prep2_aug0/seed_87212562/metrics.json
2026-06-15 22:29:09,985 - cyberbully - INFO - Confusion matrix saved to experiments/grid-search/google_mobilebert-uncased/kaggle/prep2_aug0/seed_87212562/confusion_matrix.json
2026-06-15 22:29:10,067 - cyberbully - INFO - Per-sample predictions saved to experiments/grid-search/google_mobilebert-uncased/kaggle/prep2_aug0/seed_87212562/predictions.json
2026-06-15 22:29:10,175 - cyberbully - INFO - Confusion matrix figure saved to experiments/grid-search/google_mobilebert-uncased/kaggle/prep2_aug0/seed_87212562/confusion_matrix.pdf
2026-06-15 22:29:10,175 - cyberbully - INFO - Accuracy: 0.9490
2026-06-15 22:29:10,176 - cyberbully - INFO - Weighted F1: 0.9493
2026-06-15 22:29:10,176 - cyberbully - INFO - Micro F1: 0.9490
2026-06-15 22:29:10,176 - cyberbully - INFO - Inference time: 8.59 seconds
2026-06-15 22:29:10,176 - cyberbully - INFO - Energy consumption: 0.000519 kWh
2026-06-15 22:29:10,178 - cyberbully - INFO - ============================================================
2026-06-15 22:29:10,178 - cyberbully - INFO - Pipeline complete. Results saved to: experiments/grid-search/google_mobilebert-uncased/kaggle/prep2_aug0/seed_87212562
2026-06-15 22:29:10,178 - cyberbully - INFO - ============================================================
