2026-02-17 15:46:44,145 - cyberbully - INFO - ============================================================
2026-02-17 15:46:44,145 - cyberbully - INFO - Cyberbullying Detection Pipeline
2026-02-17 15:46:44,145 - cyberbully - INFO - ============================================================
2026-02-17 15:46:44,145 - cyberbully - INFO - Configuration:
2026-02-17 15:46:44,145 - cyberbully - INFO -   model          : Twitter/twhin-bert-base
2026-02-17 15:46:44,145 - cyberbully - INFO -   dataset        : ieee
2026-02-17 15:46:44,145 - cyberbully - INFO -   preprocess     : True
2026-02-17 15:46:44,145 - cyberbully - INFO -   augment        : False
2026-02-17 15:46:44,145 - cyberbully - INFO -   compute_attribution: False
2026-02-17 15:46:44,145 - cyberbully - INFO -   seed           : 90995999
2026-02-17 15:46:44,145 - cyberbully - INFO -   epochs         : 5
2026-02-17 15:46:44,145 - cyberbully - INFO -   batch_size     : 16
2026-02-17 15:46:44,145 - cyberbully - INFO -   lr             : 2e-05
2026-02-17 15:46:44,146 - cyberbully - INFO -   max_length     : 128
2026-02-17 15:46:44,146 - cyberbully - INFO -   output_dir     : experiments/domain
2026-02-17 15:46:44,146 - cyberbully - INFO -   data_dir       : dataset
2026-02-17 15:46:44,146 - cyberbully - INFO -   overwrite      : False
2026-02-17 15:46:44,146 - cyberbully - INFO -   device         : cuda
2026-02-17 15:46:44,146 - cyberbully - INFO -   output_dir     : experiments/domain/Twitter_twhin-bert-base/ieee/prep1_aug0/seed_90995999
2026-02-17 15:46:44,146 - cyberbully - INFO - ============================================================
2026-02-17 15:46:44,146 - cyberbully - INFO - Step 1: Preparing data...
2026-02-17 15:46:44,146 - cyberbully - INFO - Loading dataset 'ieee' from dataset/IEEE Data Port.csv
2026-02-17 15:46:44,152 - cyberbully - INFO - Loaded 2108 samples with 5 classes: ['Cyberstalking', 'Doxing', 'Revenge Porn', 'Sexual Harassment', 'Slut Shaming']
2026-02-17 15:46:44,152 - cyberbully - INFO - Applying text preprocessing...
2026-02-17 15:46:47,254 - cyberbully - INFO - After preprocessing: 1818 samples remain
2026-02-17 15:46:47,255 - cyberbully - INFO - Label mapping: {'Cyberstalking': 0, 'Doxing': 1, 'Revenge Porn': 2, 'Sexual Harassment': 3, 'Slut Shaming': 4}
2026-02-17 15:46:47,257 - cyberbully - INFO - Split sizes — train: 1163, val: 291, test: 364
2026-02-17 15:46:47,257 - cyberbully - INFO - Number of classes: 5
2026-02-17 15:46:47,257 - cyberbully - INFO - Step 2: Loading model and tokenizer...
2026-02-17 15:46:47,257 - cyberbully - INFO - Loading model 'Twitter/twhin-bert-base' with 5 labels
2026-02-17 15:46:48,531 - cyberbully - INFO - Step 3: Tokenizing datasets...
2026-02-17 15:46:48,556 - cyberbully - INFO - Dataset sizes — train: 1163, val: 291, test: 364
2026-02-17 15:46:48,557 - cyberbully - INFO - Step 4: Training...
2026-02-17 15:46:48,887 - cyberbully - INFO - Starting training...
2026-02-17 15:47:20,856 - cyberbully - INFO - Training complete.
2026-02-17 15:47:20,856 - cyberbully - INFO - Step 5: Evaluating on test set...
2026-02-17 15:47:25,397 - cyberbully - INFO - Metrics saved to experiments/domain/Twitter_twhin-bert-base/ieee/prep1_aug0/seed_90995999/metrics.json
2026-02-17 15:47:25,397 - cyberbully - INFO - Confusion matrix saved to experiments/domain/Twitter_twhin-bert-base/ieee/prep1_aug0/seed_90995999/confusion_matrix.json
2026-02-17 15:47:25,498 - cyberbully - INFO - Confusion matrix figure saved to experiments/domain/Twitter_twhin-bert-base/ieee/prep1_aug0/seed_90995999/confusion_matrix.pdf
2026-02-17 15:47:25,499 - cyberbully - INFO - Accuracy: 0.8104
2026-02-17 15:47:25,499 - cyberbully - INFO - Weighted F1: 0.8121
2026-02-17 15:47:25,499 - cyberbully - INFO - Micro F1: 0.8104
2026-02-17 15:47:25,499 - cyberbully - INFO - Inference time: 0.30 seconds
2026-02-17 15:47:25,499 - cyberbully - INFO - Energy consumption: 0.000016 kWh
2026-02-17 15:47:25,499 - cyberbully - INFO - ============================================================
2026-02-17 15:47:25,499 - cyberbully - INFO - Pipeline complete. Results saved to: experiments/domain/Twitter_twhin-bert-base/ieee/prep1_aug0/seed_90995999
2026-02-17 15:47:25,499 - cyberbully - INFO - ============================================================
