2026-03-20 18:54:08,287 - cyberbully - INFO - ============================================================
2026-03-20 18:54:08,287 - cyberbully - INFO - Cyberbullying Detection Pipeline
2026-03-20 18:54:08,287 - cyberbully - INFO - ============================================================
2026-03-20 18:54:08,287 - cyberbully - INFO - Configuration:
2026-03-20 18:54:08,287 - cyberbully - INFO -   model          : bert-base-cased
2026-03-20 18:54:08,287 - cyberbully - INFO -   dataset        : kaggle
2026-03-20 18:54:08,287 - cyberbully - INFO -   preprocess     : False
2026-03-20 18:54:08,287 - cyberbully - INFO -   augment        : True
2026-03-20 18:54:08,287 - cyberbully - INFO -   compute_attribution: False
2026-03-20 18:54:08,287 - cyberbully - INFO -   seed           : 14298463
2026-03-20 18:54:08,287 - cyberbully - INFO -   epochs         : 10
2026-03-20 18:54:08,287 - cyberbully - INFO -   batch_size     : 32
2026-03-20 18:54:08,287 - cyberbully - INFO -   lr             : 5e-05
2026-03-20 18:54:08,287 - cyberbully - INFO -   max_length     : 128
2026-03-20 18:54:08,287 - cyberbully - INFO -   output_dir     : grid-search
2026-03-20 18:54:08,287 - cyberbully - INFO -   data_dir       : dataset
2026-03-20 18:54:08,287 - cyberbully - INFO -   sbert          : False
2026-03-20 18:54:08,287 - cyberbully - INFO -   supcon         : False
2026-03-20 18:54:08,287 - cyberbully - INFO -   supcon_weight  : 0.1
2026-03-20 18:54:08,287 - cyberbully - INFO -   proj_dim       : 128
2026-03-20 18:54:08,287 - cyberbully - INFO -   grad_accum_steps: 1
2026-03-20 18:54:08,287 - cyberbully - INFO -   overwrite      : False
2026-03-20 18:54:08,287 - cyberbully - INFO -   device         : cuda
2026-03-20 18:54:08,287 - cyberbully - INFO -   output_dir     : experiments/grid-search/bert-base-cased/kaggle/prep0_aug1/seed_14298463
2026-03-20 18:54:08,287 - cyberbully - INFO - ============================================================
2026-03-20 18:54:08,287 - cyberbully - INFO - Step 1: Preparing data...
2026-03-20 18:54:08,339 - cyberbully - INFO - Loaded pre-split data from dataset/kaggle — train: 30499, val: 7625, test: 9532
2026-03-20 18:54:08,339 - cyberbully - INFO - Label mapping: {'age': 0, 'ethnicity': 1, 'gender': 2, 'not_cyberbullying': 3, 'other_cyberbullying': 4, 'religion': 5}
2026-03-20 18:54:08,341 - cyberbully - INFO - Applying training data augmentation (oversampling)...
2026-03-20 18:54:08,347 - cyberbully - INFO - After oversampling — class distribution: {0: 5118, 1: 5118, 2: 5118, 3: 5118, 4: 5118, 5: 5118}
2026-03-20 18:54:08,357 - cyberbully - INFO - Number of classes: 6
2026-03-20 18:54:08,359 - cyberbully - INFO - Step 2: Loading model and tokenizer...
2026-03-20 18:54:08,359 - cyberbully - INFO - Loading model 'bert-base-cased' with 6 labels (sbert=False, supcon=False)
2026-03-20 18:54:09,025 - cyberbully - INFO - Step 3: Creating datasets...
2026-03-20 18:54:09,951 - cyberbully - INFO - Dataset sizes — train: 30708, val: 7625, test: 9532
2026-03-20 18:54:09,951 - cyberbully - INFO - Step 4: Training...
2026-03-20 18:54:10,179 - cyberbully - INFO - Starting training...
2026-03-20 19:09:24,719 - cyberbully - INFO - Training complete.
2026-03-20 19:09:24,781 - cyberbully - INFO - Removed checkpoint: experiments/grid-search/bert-base-cased/kaggle/prep0_aug1/seed_14298463/checkpoint-1920
2026-03-20 19:09:24,861 - cyberbully - INFO - Removed checkpoint: experiments/grid-search/bert-base-cased/kaggle/prep0_aug1/seed_14298463/checkpoint-9600
2026-03-20 19:09:24,923 - cyberbully - INFO - Removed checkpoint: experiments/grid-search/bert-base-cased/kaggle/prep0_aug1/seed_14298463/checkpoint-4800
2026-03-20 19:09:24,985 - cyberbully - INFO - Removed checkpoint: experiments/grid-search/bert-base-cased/kaggle/prep0_aug1/seed_14298463/checkpoint-6720
2026-03-20 19:09:25,046 - cyberbully - INFO - Removed checkpoint: experiments/grid-search/bert-base-cased/kaggle/prep0_aug1/seed_14298463/checkpoint-5760
2026-03-20 19:09:25,108 - cyberbully - INFO - Removed checkpoint: experiments/grid-search/bert-base-cased/kaggle/prep0_aug1/seed_14298463/checkpoint-2880
2026-03-20 19:09:25,170 - cyberbully - INFO - Removed checkpoint: experiments/grid-search/bert-base-cased/kaggle/prep0_aug1/seed_14298463/checkpoint-7680
2026-03-20 19:09:25,232 - cyberbully - INFO - Removed checkpoint: experiments/grid-search/bert-base-cased/kaggle/prep0_aug1/seed_14298463/checkpoint-3840
2026-03-20 19:09:25,293 - cyberbully - INFO - Removed checkpoint: experiments/grid-search/bert-base-cased/kaggle/prep0_aug1/seed_14298463/checkpoint-8640
2026-03-20 19:09:25,356 - cyberbully - INFO - Removed checkpoint: experiments/grid-search/bert-base-cased/kaggle/prep0_aug1/seed_14298463/checkpoint-960
2026-03-20 19:09:25,356 - cyberbully - INFO - Step 5: Evaluating on test set...
2026-03-20 19:09:37,005 - cyberbully - INFO - Metrics saved to experiments/grid-search/bert-base-cased/kaggle/prep0_aug1/seed_14298463/metrics.json
2026-03-20 19:09:37,005 - cyberbully - INFO - Confusion matrix saved to experiments/grid-search/bert-base-cased/kaggle/prep0_aug1/seed_14298463/confusion_matrix.json
2026-03-20 19:09:37,110 - cyberbully - INFO - Per-sample predictions saved to experiments/grid-search/bert-base-cased/kaggle/prep0_aug1/seed_14298463/predictions.json
2026-03-20 19:09:37,222 - cyberbully - INFO - Confusion matrix figure saved to experiments/grid-search/bert-base-cased/kaggle/prep0_aug1/seed_14298463/confusion_matrix.pdf
2026-03-20 19:09:37,222 - cyberbully - INFO - Accuracy: 0.8671
2026-03-20 19:09:37,222 - cyberbully - INFO - Weighted F1: 0.8664
2026-03-20 19:09:37,222 - cyberbully - INFO - Micro F1: 0.8671
2026-03-20 19:09:37,222 - cyberbully - INFO - Inference time: 7.38 seconds
2026-03-20 19:09:37,222 - cyberbully - INFO - Energy consumption: 0.000452 kWh
2026-03-20 19:09:37,224 - cyberbully - INFO - ============================================================
2026-03-20 19:09:37,224 - cyberbully - INFO - Pipeline complete. Results saved to: experiments/grid-search/bert-base-cased/kaggle/prep0_aug1/seed_14298463
2026-03-20 19:09:37,224 - cyberbully - INFO - ============================================================
