2026-03-24 20:25:05,853 - cyberbully - INFO - ============================================================
2026-03-24 20:25:05,853 - cyberbully - INFO - Cyberbullying Detection Pipeline
2026-03-24 20:25:05,853 - cyberbully - INFO - ============================================================
2026-03-24 20:25:05,853 - cyberbully - INFO - Configuration:
2026-03-24 20:25:05,853 - cyberbully - INFO -   model          : bert-base-uncased
2026-03-24 20:25:05,853 - cyberbully - INFO -   dataset        : kaggle
2026-03-24 20:25:05,853 - cyberbully - INFO -   preprocess     : False
2026-03-24 20:25:05,853 - cyberbully - INFO -   augment        : True
2026-03-24 20:25:05,853 - cyberbully - INFO -   compute_attribution: False
2026-03-24 20:25:05,853 - cyberbully - INFO -   seed           : 37622020
2026-03-24 20:25:05,853 - cyberbully - INFO -   epochs         : 10
2026-03-24 20:25:05,853 - cyberbully - INFO -   batch_size     : 32
2026-03-24 20:25:05,853 - cyberbully - INFO -   lr             : 5e-05
2026-03-24 20:25:05,853 - cyberbully - INFO -   max_length     : 128
2026-03-24 20:25:05,853 - cyberbully - INFO -   output_dir     : grid-search
2026-03-24 20:25:05,853 - cyberbully - INFO -   data_dir       : dataset
2026-03-24 20:25:05,853 - cyberbully - INFO -   sbert          : False
2026-03-24 20:25:05,853 - cyberbully - INFO -   supcon         : False
2026-03-24 20:25:05,853 - cyberbully - INFO -   supcon_weight  : 0.1
2026-03-24 20:25:05,853 - cyberbully - INFO -   proj_dim       : 128
2026-03-24 20:25:05,853 - cyberbully - INFO -   grad_accum_steps: 1
2026-03-24 20:25:05,853 - cyberbully - INFO -   overwrite      : False
2026-03-24 20:25:05,853 - cyberbully - INFO -   device         : cuda
2026-03-24 20:25:05,853 - cyberbully - INFO -   output_dir     : experiments/grid-search/bert-base-uncased/kaggle/prep0_aug1/seed_37622020
2026-03-24 20:25:05,853 - cyberbully - INFO - ============================================================
2026-03-24 20:25:05,853 - cyberbully - INFO - Step 1: Preparing data...
2026-03-24 20:25:05,904 - cyberbully - INFO - Loaded pre-split data from dataset/kaggle — train: 25604, val: 6401, test: 8002
2026-03-24 20:25:05,904 - cyberbully - INFO - Label mapping: {'age': 0, 'ethnicity': 1, 'gender': 2, 'other_cyberbullying': 3, 'religion': 4}
2026-03-24 20:25:05,906 - cyberbully - INFO - Applying training data augmentation (oversampling)...
2026-03-24 20:25:05,910 - cyberbully - INFO - After oversampling — class distribution: {0: 5123, 1: 5123, 2: 5123, 3: 5123, 4: 5123}
2026-03-24 20:25:05,921 - cyberbully - INFO - Number of classes: 5
2026-03-24 20:25:05,922 - cyberbully - INFO - Step 2: Loading model and tokenizer...
2026-03-24 20:25:05,922 - cyberbully - INFO - Loading model 'bert-base-uncased' with 5 labels (sbert=False, supcon=False)
2026-03-24 20:25:06,755 - cyberbully - INFO - Step 3: Creating datasets...
2026-03-24 20:25:07,641 - cyberbully - INFO - Dataset sizes — train: 25615, val: 6401, test: 8002
2026-03-24 20:25:07,642 - cyberbully - INFO - Step 4: Training...
2026-03-24 20:25:07,887 - cyberbully - INFO - Starting training...
2026-03-24 20:37:32,408 - cyberbully - INFO - Training complete.
2026-03-24 20:37:32,471 - cyberbully - INFO - Removed checkpoint: experiments/grid-search/bert-base-uncased/kaggle/prep0_aug1/seed_37622020/checkpoint-5607
2026-03-24 20:37:32,545 - cyberbully - INFO - Removed checkpoint: experiments/grid-search/bert-base-uncased/kaggle/prep0_aug1/seed_37622020/checkpoint-8010
2026-03-24 20:37:32,608 - cyberbully - INFO - Removed checkpoint: experiments/grid-search/bert-base-uncased/kaggle/prep0_aug1/seed_37622020/checkpoint-6408
2026-03-24 20:37:32,673 - cyberbully - INFO - Removed checkpoint: experiments/grid-search/bert-base-uncased/kaggle/prep0_aug1/seed_37622020/checkpoint-1602
2026-03-24 20:37:32,736 - cyberbully - INFO - Removed checkpoint: experiments/grid-search/bert-base-uncased/kaggle/prep0_aug1/seed_37622020/checkpoint-3204
2026-03-24 20:37:32,800 - cyberbully - INFO - Removed checkpoint: experiments/grid-search/bert-base-uncased/kaggle/prep0_aug1/seed_37622020/checkpoint-7209
2026-03-24 20:37:32,862 - cyberbully - INFO - Removed checkpoint: experiments/grid-search/bert-base-uncased/kaggle/prep0_aug1/seed_37622020/checkpoint-4005
2026-03-24 20:37:32,926 - cyberbully - INFO - Removed checkpoint: experiments/grid-search/bert-base-uncased/kaggle/prep0_aug1/seed_37622020/checkpoint-4806
2026-03-24 20:37:32,993 - cyberbully - INFO - Removed checkpoint: experiments/grid-search/bert-base-uncased/kaggle/prep0_aug1/seed_37622020/checkpoint-801
2026-03-24 20:37:33,057 - cyberbully - INFO - Removed checkpoint: experiments/grid-search/bert-base-uncased/kaggle/prep0_aug1/seed_37622020/checkpoint-2403
2026-03-24 20:37:33,057 - cyberbully - INFO - Step 5: Evaluating on test set...
2026-03-24 20:37:43,225 - cyberbully - INFO - Metrics saved to experiments/grid-search/bert-base-uncased/kaggle/prep0_aug1/seed_37622020/metrics.json
2026-03-24 20:37:43,225 - cyberbully - INFO - Confusion matrix saved to experiments/grid-search/bert-base-uncased/kaggle/prep0_aug1/seed_37622020/confusion_matrix.json
2026-03-24 20:37:43,304 - cyberbully - INFO - Per-sample predictions saved to experiments/grid-search/bert-base-uncased/kaggle/prep0_aug1/seed_37622020/predictions.json
2026-03-24 20:37:43,405 - cyberbully - INFO - Confusion matrix figure saved to experiments/grid-search/bert-base-uncased/kaggle/prep0_aug1/seed_37622020/confusion_matrix.pdf
2026-03-24 20:37:43,405 - cyberbully - INFO - Accuracy: 0.9553
2026-03-24 20:37:43,405 - cyberbully - INFO - Weighted F1: 0.9554
2026-03-24 20:37:43,405 - cyberbully - INFO - Micro F1: 0.9553
2026-03-24 20:37:43,406 - cyberbully - INFO - Inference time: 5.88 seconds
2026-03-24 20:37:43,406 - cyberbully - INFO - Energy consumption: 0.000392 kWh
2026-03-24 20:37:43,407 - cyberbully - INFO - ============================================================
2026-03-24 20:37:43,407 - cyberbully - INFO - Pipeline complete. Results saved to: experiments/grid-search/bert-base-uncased/kaggle/prep0_aug1/seed_37622020
2026-03-24 20:37:43,407 - cyberbully - INFO - ============================================================
