2026-04-08 18:58:03,958 - cyberbully - INFO - ============================================================
2026-04-08 18:58:03,958 - cyberbully - INFO - Cyberbullying Detection Pipeline
2026-04-08 18:58:03,958 - cyberbully - INFO - ============================================================
2026-04-08 18:58:03,958 - cyberbully - INFO - Configuration:
2026-04-08 18:58:03,958 - cyberbully - INFO -   model          : google/mobilebert-uncased
2026-04-08 18:58:03,958 - cyberbully - INFO -   dataset        : ieee
2026-04-08 18:58:03,958 - cyberbully - INFO -   preprocess     : False
2026-04-08 18:58:03,958 - cyberbully - INFO -   augment        : True
2026-04-08 18:58:03,958 - cyberbully - INFO -   compute_attribution: False
2026-04-08 18:58:03,958 - cyberbully - INFO -   seed           : 70681460
2026-04-08 18:58:03,958 - cyberbully - INFO -   epochs         : 10
2026-04-08 18:58:03,958 - cyberbully - INFO -   batch_size     : 32
2026-04-08 18:58:03,958 - cyberbully - INFO -   lr             : 5e-05
2026-04-08 18:58:03,958 - cyberbully - INFO -   max_length     : 128
2026-04-08 18:58:03,958 - cyberbully - INFO -   output_dir     : grid-search
2026-04-08 18:58:03,958 - cyberbully - INFO -   data_dir       : dataset
2026-04-08 18:58:03,958 - cyberbully - INFO -   sbert          : False
2026-04-08 18:58:03,958 - cyberbully - INFO -   supcon         : False
2026-04-08 18:58:03,958 - cyberbully - INFO -   supcon_weight  : 0.1
2026-04-08 18:58:03,958 - cyberbully - INFO -   proj_dim       : 128
2026-04-08 18:58:03,958 - cyberbully - INFO -   grad_accum_steps: 1
2026-04-08 18:58:03,958 - cyberbully - INFO -   overwrite      : False
2026-04-08 18:58:03,958 - cyberbully - INFO -   device         : cuda
2026-04-08 18:58:03,958 - cyberbully - INFO -   output_dir     : experiments/grid-search/google_mobilebert-uncased/ieee/prep0_aug1/seed_70681460
2026-04-08 18:58:03,958 - cyberbully - INFO - ============================================================
2026-04-08 18:58:03,958 - cyberbully - INFO - Step 1: Preparing data...
2026-04-08 18:58:03,962 - cyberbully - INFO - Loaded pre-split data from dataset/ieee — train: 1348, val: 338, test: 422
2026-04-08 18:58:03,962 - cyberbully - INFO - Label mapping: {'Cyberstalking': 0, 'Doxing': 1, 'Revenge Porn': 2, 'Sexual Harassment': 3, 'Slut Shaming': 4}
2026-04-08 18:58:03,963 - cyberbully - INFO - Applying training data augmentation (oversampling)...
2026-04-08 18:58:03,964 - cyberbully - INFO - After oversampling — class distribution: {0: 316, 1: 316, 2: 316, 3: 316, 4: 316}
2026-04-08 18:58:03,965 - cyberbully - INFO - Number of classes: 5
2026-04-08 18:58:03,966 - cyberbully - INFO - Step 2: Loading model and tokenizer...
2026-04-08 18:58:03,966 - cyberbully - INFO - Loading model 'google/mobilebert-uncased' with 5 labels (sbert=False, supcon=False)
2026-04-08 18:58:05,962 - cyberbully - WARNING - FP16 disabled for model_type='mobilebert' (known fp16 instability).
2026-04-08 18:58:05,962 - cyberbully - INFO - Step 3: Creating datasets...
2026-04-08 18:58:05,990 - cyberbully - INFO - Dataset sizes — train: 1580, val: 338, test: 422
2026-04-08 18:58:05,990 - cyberbully - INFO - Step 4: Training...
2026-04-08 18:58:06,064 - cyberbully - INFO - Starting training...
2026-04-08 18:58:48,124 - cyberbully - INFO - Training complete.
2026-04-08 18:58:48,203 - cyberbully - INFO - Removed checkpoint: experiments/grid-search/google_mobilebert-uncased/ieee/prep0_aug1/seed_70681460/checkpoint-500
2026-04-08 18:58:48,220 - cyberbully - INFO - Removed checkpoint: experiments/grid-search/google_mobilebert-uncased/ieee/prep0_aug1/seed_70681460/checkpoint-50
2026-04-08 18:58:48,240 - cyberbully - INFO - Removed checkpoint: experiments/grid-search/google_mobilebert-uncased/ieee/prep0_aug1/seed_70681460/checkpoint-250
2026-04-08 18:58:48,258 - cyberbully - INFO - Removed checkpoint: experiments/grid-search/google_mobilebert-uncased/ieee/prep0_aug1/seed_70681460/checkpoint-150
2026-04-08 18:58:48,280 - cyberbully - INFO - Removed checkpoint: experiments/grid-search/google_mobilebert-uncased/ieee/prep0_aug1/seed_70681460/checkpoint-350
2026-04-08 18:58:48,298 - cyberbully - INFO - Removed checkpoint: experiments/grid-search/google_mobilebert-uncased/ieee/prep0_aug1/seed_70681460/checkpoint-200
2026-04-08 18:58:48,319 - cyberbully - INFO - Removed checkpoint: experiments/grid-search/google_mobilebert-uncased/ieee/prep0_aug1/seed_70681460/checkpoint-400
2026-04-08 18:58:48,340 - cyberbully - INFO - Removed checkpoint: experiments/grid-search/google_mobilebert-uncased/ieee/prep0_aug1/seed_70681460/checkpoint-300
2026-04-08 18:58:48,357 - cyberbully - INFO - Removed checkpoint: experiments/grid-search/google_mobilebert-uncased/ieee/prep0_aug1/seed_70681460/checkpoint-100
2026-04-08 18:58:48,379 - cyberbully - INFO - Removed checkpoint: experiments/grid-search/google_mobilebert-uncased/ieee/prep0_aug1/seed_70681460/checkpoint-450
2026-04-08 18:58:48,379 - cyberbully - INFO - Step 5: Evaluating on test set...
2026-04-08 18:58:52,836 - cyberbully - INFO - Metrics saved to experiments/grid-search/google_mobilebert-uncased/ieee/prep0_aug1/seed_70681460/metrics.json
2026-04-08 18:58:52,836 - cyberbully - INFO - Confusion matrix saved to experiments/grid-search/google_mobilebert-uncased/ieee/prep0_aug1/seed_70681460/confusion_matrix.json
2026-04-08 18:58:52,840 - cyberbully - INFO - Per-sample predictions saved to experiments/grid-search/google_mobilebert-uncased/ieee/prep0_aug1/seed_70681460/predictions.json
2026-04-08 18:58:52,946 - cyberbully - INFO - Confusion matrix figure saved to experiments/grid-search/google_mobilebert-uncased/ieee/prep0_aug1/seed_70681460/confusion_matrix.pdf
2026-04-08 18:58:52,946 - cyberbully - INFO - Accuracy: 0.8223
2026-04-08 18:58:52,946 - cyberbully - INFO - Weighted F1: 0.8227
2026-04-08 18:58:52,946 - cyberbully - INFO - Micro F1: 0.8223
2026-04-08 18:58:52,946 - cyberbully - INFO - Inference time: 0.22 seconds
2026-04-08 18:58:52,946 - cyberbully - INFO - Energy consumption: 0.000012 kWh
2026-04-08 18:58:52,947 - cyberbully - INFO - ============================================================
2026-04-08 18:58:52,947 - cyberbully - INFO - Pipeline complete. Results saved to: experiments/grid-search/google_mobilebert-uncased/ieee/prep0_aug1/seed_70681460
2026-04-08 18:58:52,947 - cyberbully - INFO - ============================================================
