2026-03-21 21:39:17,417 - cyberbully - INFO - ============================================================
2026-03-21 21:39:17,417 - cyberbully - INFO - Cyberbullying Detection Pipeline
2026-03-21 21:39:17,417 - cyberbully - INFO - ============================================================
2026-03-21 21:39:17,417 - cyberbully - INFO - Configuration:
2026-03-21 21:39:17,417 - cyberbully - INFO -   model          : distilbert-base-cased
2026-03-21 21:39:17,417 - cyberbully - INFO -   dataset        : tweeteval
2026-03-21 21:39:17,417 - cyberbully - INFO -   preprocess     : False
2026-03-21 21:39:17,417 - cyberbully - INFO -   augment        : False
2026-03-21 21:39:17,417 - cyberbully - INFO -   compute_attribution: False
2026-03-21 21:39:17,417 - cyberbully - INFO -   seed           : 67351593
2026-03-21 21:39:17,417 - cyberbully - INFO -   epochs         : 10
2026-03-21 21:39:17,417 - cyberbully - INFO -   batch_size     : 32
2026-03-21 21:39:17,417 - cyberbully - INFO -   lr             : 5e-05
2026-03-21 21:39:17,417 - cyberbully - INFO -   max_length     : 128
2026-03-21 21:39:17,417 - cyberbully - INFO -   output_dir     : grid-search
2026-03-21 21:39:17,417 - cyberbully - INFO -   data_dir       : dataset
2026-03-21 21:39:17,417 - cyberbully - INFO -   sbert          : False
2026-03-21 21:39:17,417 - cyberbully - INFO -   supcon         : False
2026-03-21 21:39:17,417 - cyberbully - INFO -   supcon_weight  : 0.1
2026-03-21 21:39:17,417 - cyberbully - INFO -   proj_dim       : 128
2026-03-21 21:39:17,417 - cyberbully - INFO -   grad_accum_steps: 1
2026-03-21 21:39:17,417 - cyberbully - INFO -   overwrite      : False
2026-03-21 21:39:17,417 - cyberbully - INFO -   device         : cuda
2026-03-21 21:39:17,417 - cyberbully - INFO -   output_dir     : experiments/grid-search/distilbert-base-cased/tweeteval/prep0_aug0/seed_67351593
2026-03-21 21:39:17,417 - cyberbully - INFO - ============================================================
2026-03-21 21:39:17,417 - cyberbully - INFO - Step 1: Preparing data...
2026-03-21 21:39:17,464 - cyberbully - INFO - Loaded pre-split data from dataset/tweeteval — train: 32485, val: 8122, test: 10152
2026-03-21 21:39:17,464 - cyberbully - INFO - Label mapping: {'emotion': 0, 'hate': 1, 'offensive': 2, 'religion': 3, 'spiritual': 4}
2026-03-21 21:39:17,475 - cyberbully - INFO - Number of classes: 5
2026-03-21 21:39:17,477 - cyberbully - INFO - Step 2: Loading model and tokenizer...
2026-03-21 21:39:17,477 - cyberbully - INFO - Loading model 'distilbert-base-cased' with 5 labels (sbert=False, supcon=False)
2026-03-21 21:39:18,147 - cyberbully - INFO - Step 3: Creating datasets...
2026-03-21 21:39:19,030 - cyberbully - INFO - Dataset sizes — train: 32485, val: 8122, test: 10152
2026-03-21 21:39:19,030 - cyberbully - INFO - Step 4: Training...
2026-03-21 21:39:19,234 - cyberbully - INFO - Starting training...
2026-03-21 21:47:40,680 - cyberbully - INFO - Training complete.
2026-03-21 21:47:40,719 - cyberbully - INFO - Removed checkpoint: experiments/grid-search/distilbert-base-cased/tweeteval/prep0_aug0/seed_67351593/checkpoint-3048
2026-03-21 21:47:40,756 - cyberbully - INFO - Removed checkpoint: experiments/grid-search/distilbert-base-cased/tweeteval/prep0_aug0/seed_67351593/checkpoint-7112
2026-03-21 21:47:40,794 - cyberbully - INFO - Removed checkpoint: experiments/grid-search/distilbert-base-cased/tweeteval/prep0_aug0/seed_67351593/checkpoint-9144
2026-03-21 21:47:40,833 - cyberbully - INFO - Removed checkpoint: experiments/grid-search/distilbert-base-cased/tweeteval/prep0_aug0/seed_67351593/checkpoint-1016
2026-03-21 21:47:40,873 - cyberbully - INFO - Removed checkpoint: experiments/grid-search/distilbert-base-cased/tweeteval/prep0_aug0/seed_67351593/checkpoint-2032
2026-03-21 21:47:40,917 - cyberbully - INFO - Removed checkpoint: experiments/grid-search/distilbert-base-cased/tweeteval/prep0_aug0/seed_67351593/checkpoint-10160
2026-03-21 21:47:40,955 - cyberbully - INFO - Removed checkpoint: experiments/grid-search/distilbert-base-cased/tweeteval/prep0_aug0/seed_67351593/checkpoint-6096
2026-03-21 21:47:40,992 - cyberbully - INFO - Removed checkpoint: experiments/grid-search/distilbert-base-cased/tweeteval/prep0_aug0/seed_67351593/checkpoint-5080
2026-03-21 21:47:41,030 - cyberbully - INFO - Removed checkpoint: experiments/grid-search/distilbert-base-cased/tweeteval/prep0_aug0/seed_67351593/checkpoint-8128
2026-03-21 21:47:41,068 - cyberbully - INFO - Removed checkpoint: experiments/grid-search/distilbert-base-cased/tweeteval/prep0_aug0/seed_67351593/checkpoint-4064
2026-03-21 21:47:41,069 - cyberbully - INFO - Step 5: Evaluating on test set...
2026-03-21 21:47:49,320 - cyberbully - INFO - Metrics saved to experiments/grid-search/distilbert-base-cased/tweeteval/prep0_aug0/seed_67351593/metrics.json
2026-03-21 21:47:49,320 - cyberbully - INFO - Confusion matrix saved to experiments/grid-search/distilbert-base-cased/tweeteval/prep0_aug0/seed_67351593/confusion_matrix.json
2026-03-21 21:47:49,416 - cyberbully - INFO - Per-sample predictions saved to experiments/grid-search/distilbert-base-cased/tweeteval/prep0_aug0/seed_67351593/predictions.json
2026-03-21 21:47:49,516 - cyberbully - INFO - Confusion matrix figure saved to experiments/grid-search/distilbert-base-cased/tweeteval/prep0_aug0/seed_67351593/confusion_matrix.pdf
2026-03-21 21:47:49,517 - cyberbully - INFO - Accuracy: 0.9706
2026-03-21 21:47:49,517 - cyberbully - INFO - Weighted F1: 0.9705
2026-03-21 21:47:49,517 - cyberbully - INFO - Micro F1: 0.9706
2026-03-21 21:47:49,517 - cyberbully - INFO - Inference time: 3.90 seconds
2026-03-21 21:47:49,517 - cyberbully - INFO - Energy consumption: 0.000249 kWh
2026-03-21 21:47:49,519 - cyberbully - INFO - ============================================================
2026-03-21 21:47:49,519 - cyberbully - INFO - Pipeline complete. Results saved to: experiments/grid-search/distilbert-base-cased/tweeteval/prep0_aug0/seed_67351593
2026-03-21 21:47:49,519 - cyberbully - INFO - ============================================================
