2026-02-18 05:40:07,211 - cyberbully - INFO - ============================================================
2026-02-18 05:40:07,211 - cyberbully - INFO - Cyberbullying Detection Pipeline
2026-02-18 05:40:07,211 - cyberbully - INFO - ============================================================
2026-02-18 05:40:07,211 - cyberbully - INFO - Configuration:
2026-02-18 05:40:07,211 - cyberbully - INFO -   model          : distilbert-base-uncased
2026-02-18 05:40:07,211 - cyberbully - INFO -   dataset        : kaggle
2026-02-18 05:40:07,211 - cyberbully - INFO -   preprocess     : False
2026-02-18 05:40:07,211 - cyberbully - INFO -   augment        : True
2026-02-18 05:40:07,211 - cyberbully - INFO -   compute_attribution: False
2026-02-18 05:40:07,211 - cyberbully - INFO -   seed           : 90995999
2026-02-18 05:40:07,211 - cyberbully - INFO -   epochs         : 5
2026-02-18 05:40:07,211 - cyberbully - INFO -   batch_size     : 16
2026-02-18 05:40:07,211 - cyberbully - INFO -   lr             : 2e-05
2026-02-18 05:40:07,211 - cyberbully - INFO -   max_length     : 128
2026-02-18 05:40:07,211 - cyberbully - INFO -   output_dir     : grid-search
2026-02-18 05:40:07,211 - cyberbully - INFO -   data_dir       : dataset
2026-02-18 05:40:07,211 - cyberbully - INFO -   sbert          : False
2026-02-18 05:40:07,211 - cyberbully - INFO -   overwrite      : False
2026-02-18 05:40:07,211 - cyberbully - INFO -   device         : cuda
2026-02-18 05:40:07,211 - cyberbully - INFO -   output_dir     : experiments/grid-search/distilbert-base-uncased/kaggle/prep0_aug1/seed_90995999
2026-02-18 05:40:07,211 - cyberbully - INFO - ============================================================
2026-02-18 05:40:07,211 - cyberbully - INFO - Step 1: Preparing data...
2026-02-18 05:40:07,211 - cyberbully - INFO - Loading dataset 'kaggle' from dataset/Kaggle.csv
2026-02-18 05:40:07,270 - cyberbully - INFO - Loaded 47656 samples with 6 classes: ['age', 'ethnicity', 'gender', 'not_cyberbullying', 'other_cyberbullying', 'religion']
2026-02-18 05:40:07,272 - cyberbully - INFO - Label mapping: {'age': 0, 'ethnicity': 1, 'gender': 2, 'not_cyberbullying': 3, 'other_cyberbullying': 4, 'religion': 5}
2026-02-18 05:40:07,286 - cyberbully - INFO - Split sizes — train: 30499, val: 7625, test: 9532
2026-02-18 05:40:07,286 - cyberbully - INFO - Applying training data augmentation (oversampling)...
2026-02-18 05:40:07,293 - cyberbully - INFO - After oversampling — class distribution: {0: 5118, 1: 5118, 2: 5118, 3: 5118, 4: 5118, 5: 5118}
2026-02-18 05:40:07,293 - cyberbully - INFO - Number of classes: 6
2026-02-18 05:40:07,294 - cyberbully - INFO - Step 2: Loading model and tokenizer...
2026-02-18 05:40:07,294 - cyberbully - INFO - Loading model 'distilbert-base-uncased' with 6 labels (sbert=False)
2026-02-18 05:40:07,996 - cyberbully - INFO - Step 3: Creating datasets...
2026-02-18 05:40:08,680 - cyberbully - INFO - Dataset sizes — train: 30708, val: 7625, test: 9532
2026-02-18 05:40:08,680 - cyberbully - INFO - Step 4: Training...
2026-02-18 05:40:08,763 - cyberbully - INFO - Starting training...
2026-02-18 05:44:20,827 - cyberbully - INFO - Training complete.
2026-02-18 05:44:20,827 - cyberbully - INFO - Step 5: Evaluating on test set...
2026-02-18 05:44:27,475 - cyberbully - INFO - Metrics saved to experiments/grid-search/distilbert-base-uncased/kaggle/prep0_aug1/seed_90995999/metrics.json
2026-02-18 05:44:27,475 - cyberbully - INFO - Confusion matrix saved to experiments/grid-search/distilbert-base-uncased/kaggle/prep0_aug1/seed_90995999/confusion_matrix.json
2026-02-18 05:44:27,591 - cyberbully - INFO - Confusion matrix figure saved to experiments/grid-search/distilbert-base-uncased/kaggle/prep0_aug1/seed_90995999/confusion_matrix.pdf
2026-02-18 05:44:27,591 - cyberbully - INFO - Accuracy: 0.8616
2026-02-18 05:44:27,592 - cyberbully - INFO - Weighted F1: 0.8616
2026-02-18 05:44:27,592 - cyberbully - INFO - Micro F1: 0.8616
2026-02-18 05:44:27,592 - cyberbully - INFO - Inference time: 2.41 seconds
2026-02-18 05:44:27,592 - cyberbully - INFO - Energy consumption: 0.000138 kWh
2026-02-18 05:44:27,592 - cyberbully - INFO - ============================================================
2026-02-18 05:44:27,592 - cyberbully - INFO - Pipeline complete. Results saved to: experiments/grid-search/distilbert-base-uncased/kaggle/prep0_aug1/seed_90995999
2026-02-18 05:44:27,592 - cyberbully - INFO - ============================================================
