2026-02-18 10:29:40,127 - cyberbully - INFO - ============================================================
2026-02-18 10:29:40,127 - cyberbully - INFO - Cyberbullying Detection Pipeline
2026-02-18 10:29:40,127 - cyberbully - INFO - ============================================================
2026-02-18 10:29:40,127 - cyberbully - INFO - Configuration:
2026-02-18 10:29:40,127 - cyberbully - INFO -   model          : distilbert-base-uncased
2026-02-18 10:29:40,127 - cyberbully - INFO -   dataset        : tweeteval
2026-02-18 10:29:40,127 - cyberbully - INFO -   preprocess     : True
2026-02-18 10:29:40,127 - cyberbully - INFO -   augment        : True
2026-02-18 10:29:40,127 - cyberbully - INFO -   compute_attribution: False
2026-02-18 10:29:40,127 - cyberbully - INFO -   seed           : 43782163
2026-02-18 10:29:40,127 - cyberbully - INFO -   epochs         : 5
2026-02-18 10:29:40,127 - cyberbully - INFO -   batch_size     : 16
2026-02-18 10:29:40,127 - cyberbully - INFO -   lr             : 2e-05
2026-02-18 10:29:40,127 - cyberbully - INFO -   max_length     : 128
2026-02-18 10:29:40,127 - cyberbully - INFO -   output_dir     : grid-search
2026-02-18 10:29:40,127 - cyberbully - INFO -   data_dir       : dataset
2026-02-18 10:29:40,127 - cyberbully - INFO -   sbert          : False
2026-02-18 10:29:40,127 - cyberbully - INFO -   overwrite      : False
2026-02-18 10:29:40,127 - cyberbully - INFO -   device         : cuda
2026-02-18 10:29:40,127 - cyberbully - INFO -   output_dir     : experiments/grid-search/distilbert-base-uncased/tweeteval/prep1_aug1/seed_43782163
2026-02-18 10:29:40,127 - cyberbully - INFO - ============================================================
2026-02-18 10:29:40,127 - cyberbully - INFO - Step 1: Preparing data...
2026-02-18 10:29:40,127 - cyberbully - INFO - Loading dataset 'tweeteval' from dataset/Tweeteval.csv
2026-02-18 10:29:40,201 - cyberbully - INFO - Loaded 50759 samples with 5 classes: ['emotion', 'hate', 'offensive', 'religion', 'spiritual']
2026-02-18 10:29:40,201 - cyberbully - INFO - Applying text preprocessing...
2026-02-18 10:30:37,973 - cyberbully - INFO - After preprocessing: 47383 samples remain
2026-02-18 10:30:37,976 - cyberbully - INFO - Label mapping: {'emotion': 0, 'hate': 1, 'offensive': 2, 'religion': 3, 'spiritual': 4}
2026-02-18 10:30:37,989 - cyberbully - INFO - Split sizes — train: 30324, val: 7582, test: 9477
2026-02-18 10:30:37,989 - cyberbully - INFO - Applying training data augmentation (oversampling)...
2026-02-18 10:30:37,996 - cyberbully - INFO - After oversampling — class distribution: {0: 7745, 1: 7745, 2: 7745, 3: 7745, 4: 7745}
2026-02-18 10:30:37,997 - cyberbully - INFO - Number of classes: 5
2026-02-18 10:30:37,998 - cyberbully - INFO - Step 2: Loading model and tokenizer...
2026-02-18 10:30:37,998 - cyberbully - INFO - Loading model 'distilbert-base-uncased' with 5 labels (sbert=False)
2026-02-18 10:30:38,850 - cyberbully - INFO - Step 3: Creating datasets...
2026-02-18 10:30:39,620 - cyberbully - INFO - Dataset sizes — train: 38725, val: 7582, test: 9477
2026-02-18 10:30:39,620 - cyberbully - INFO - Step 4: Training...
2026-02-18 10:30:39,716 - cyberbully - INFO - Starting training...
2026-02-18 10:35:53,785 - cyberbully - INFO - Training complete.
2026-02-18 10:35:53,785 - cyberbully - INFO - Step 5: Evaluating on test set...
2026-02-18 10:36:00,443 - cyberbully - INFO - Metrics saved to experiments/grid-search/distilbert-base-uncased/tweeteval/prep1_aug1/seed_43782163/metrics.json
2026-02-18 10:36:00,443 - cyberbully - INFO - Confusion matrix saved to experiments/grid-search/distilbert-base-uncased/tweeteval/prep1_aug1/seed_43782163/confusion_matrix.json
2026-02-18 10:36:00,551 - cyberbully - INFO - Confusion matrix figure saved to experiments/grid-search/distilbert-base-uncased/tweeteval/prep1_aug1/seed_43782163/confusion_matrix.pdf
2026-02-18 10:36:00,551 - cyberbully - INFO - Accuracy: 0.9409
2026-02-18 10:36:00,551 - cyberbully - INFO - Weighted F1: 0.9409
2026-02-18 10:36:00,551 - cyberbully - INFO - Micro F1: 0.9409
2026-02-18 10:36:00,551 - cyberbully - INFO - Inference time: 2.41 seconds
2026-02-18 10:36:00,551 - cyberbully - INFO - Energy consumption: 0.000134 kWh
2026-02-18 10:36:00,551 - cyberbully - INFO - ============================================================
2026-02-18 10:36:00,551 - cyberbully - INFO - Pipeline complete. Results saved to: experiments/grid-search/distilbert-base-uncased/tweeteval/prep1_aug1/seed_43782163
2026-02-18 10:36:00,552 - cyberbully - INFO - ============================================================
