2026-02-19 11:39:04,920 - cyberbully - INFO - ============================================================
2026-02-19 11:39:04,920 - cyberbully - INFO - Cyberbullying Detection Pipeline
2026-02-19 11:39:04,920 - cyberbully - INFO - ============================================================
2026-02-19 11:39:04,920 - cyberbully - INFO - Configuration:
2026-02-19 11:39:04,921 - cyberbully - INFO -   model          : sarkerlab/SocBERT-base
2026-02-19 11:39:04,921 - cyberbully - INFO -   dataset        : kaggle
2026-02-19 11:39:04,921 - cyberbully - INFO -   preprocess     : True
2026-02-19 11:39:04,921 - cyberbully - INFO -   augment        : False
2026-02-19 11:39:04,921 - cyberbully - INFO -   compute_attribution: False
2026-02-19 11:39:04,921 - cyberbully - INFO -   seed           : 99511865
2026-02-19 11:39:04,921 - cyberbully - INFO -   epochs         : 5
2026-02-19 11:39:04,921 - cyberbully - INFO -   batch_size     : 16
2026-02-19 11:39:04,921 - cyberbully - INFO -   lr             : 2e-05
2026-02-19 11:39:04,921 - cyberbully - INFO -   max_length     : 128
2026-02-19 11:39:04,921 - cyberbully - INFO -   output_dir     : domain-model
2026-02-19 11:39:04,921 - cyberbully - INFO -   data_dir       : dataset
2026-02-19 11:39:04,921 - cyberbully - INFO -   sbert          : False
2026-02-19 11:39:04,921 - cyberbully - INFO -   overwrite      : False
2026-02-19 11:39:04,921 - cyberbully - INFO -   device         : cuda
2026-02-19 11:39:04,921 - cyberbully - INFO -   output_dir     : experiments/domain-model/sarkerlab_SocBERT-base/kaggle/prep1_aug0/seed_99511865
2026-02-19 11:39:04,921 - cyberbully - INFO - ============================================================
2026-02-19 11:39:04,921 - cyberbully - INFO - Step 1: Preparing data...
2026-02-19 11:39:04,921 - cyberbully - INFO - Loading dataset 'kaggle' from dataset/Kaggle.csv
2026-02-19 11:39:04,978 - cyberbully - INFO - Loaded 47656 samples with 6 classes: ['age', 'ethnicity', 'gender', 'not_cyberbullying', 'other_cyberbullying', 'religion']
2026-02-19 11:39:04,978 - cyberbully - INFO - Applying text preprocessing...
2026-02-19 11:39:57,198 - cyberbully - INFO - After preprocessing: 41428 samples remain
2026-02-19 11:39:57,201 - cyberbully - INFO - Label mapping: {'age': 0, 'ethnicity': 1, 'gender': 2, 'not_cyberbullying': 3, 'other_cyberbullying': 4, 'religion': 5}
2026-02-19 11:39:57,212 - cyberbully - INFO - Split sizes — train: 26513, val: 6629, test: 8286
2026-02-19 11:39:57,212 - cyberbully - INFO - Number of classes: 6
2026-02-19 11:39:57,213 - cyberbully - INFO - Step 2: Loading model and tokenizer...
2026-02-19 11:39:57,213 - cyberbully - INFO - Loading model 'sarkerlab/SocBERT-base' with 6 labels (sbert=False)
2026-02-19 11:39:58,410 - cyberbully - INFO - Step 3: Creating datasets...
2026-02-19 11:39:58,954 - cyberbully - INFO - Dataset sizes — train: 26513, val: 6629, test: 8286
2026-02-19 11:39:58,954 - cyberbully - INFO - Step 4: Training...
2026-02-19 11:39:59,200 - cyberbully - INFO - Starting training...
2026-02-19 11:48:58,861 - cyberbully - INFO - Training complete.
2026-02-19 11:48:58,862 - cyberbully - INFO - Step 5: Evaluating on test set...
2026-02-19 11:49:09,962 - cyberbully - INFO - Metrics saved to experiments/domain-model/sarkerlab_SocBERT-base/kaggle/prep1_aug0/seed_99511865/metrics.json
2026-02-19 11:49:09,962 - cyberbully - INFO - Confusion matrix saved to experiments/domain-model/sarkerlab_SocBERT-base/kaggle/prep1_aug0/seed_99511865/confusion_matrix.json
2026-02-19 11:49:10,075 - cyberbully - INFO - Confusion matrix figure saved to experiments/domain-model/sarkerlab_SocBERT-base/kaggle/prep1_aug0/seed_99511865/confusion_matrix.pdf
2026-02-19 11:49:10,075 - cyberbully - INFO - Accuracy: 0.8706
2026-02-19 11:49:10,075 - cyberbully - INFO - Weighted F1: 0.8699
2026-02-19 11:49:10,075 - cyberbully - INFO - Micro F1: 0.8706
2026-02-19 11:49:10,075 - cyberbully - INFO - Inference time: 6.22 seconds
2026-02-19 11:49:10,075 - cyberbully - INFO - Energy consumption: 0.000383 kWh
2026-02-19 11:49:10,075 - cyberbully - INFO - ============================================================
2026-02-19 11:49:10,075 - cyberbully - INFO - Pipeline complete. Results saved to: experiments/domain-model/sarkerlab_SocBERT-base/kaggle/prep1_aug0/seed_99511865
2026-02-19 11:49:10,075 - cyberbully - INFO - ============================================================
