2026-02-18 09:54:35,383 - cyberbully - INFO - ============================================================
2026-02-18 09:54:35,383 - cyberbully - INFO - Cyberbullying Detection Pipeline
2026-02-18 09:54:35,383 - cyberbully - INFO - ============================================================
2026-02-18 09:54:35,383 - cyberbully - INFO - Configuration:
2026-02-18 09:54:35,383 - cyberbully - INFO -   model          : distilbert-base-uncased
2026-02-18 09:54:35,383 - cyberbully - INFO -   dataset        : tweeteval
2026-02-18 09:54:35,383 - cyberbully - INFO -   preprocess     : True
2026-02-18 09:54:35,383 - cyberbully - INFO -   augment        : False
2026-02-18 09:54:35,383 - cyberbully - INFO -   compute_attribution: False
2026-02-18 09:54:35,383 - cyberbully - INFO -   seed           : 87212562
2026-02-18 09:54:35,383 - cyberbully - INFO -   epochs         : 5
2026-02-18 09:54:35,383 - cyberbully - INFO -   batch_size     : 16
2026-02-18 09:54:35,383 - cyberbully - INFO -   lr             : 2e-05
2026-02-18 09:54:35,383 - cyberbully - INFO -   max_length     : 128
2026-02-18 09:54:35,383 - cyberbully - INFO -   output_dir     : grid-search
2026-02-18 09:54:35,383 - cyberbully - INFO -   data_dir       : dataset
2026-02-18 09:54:35,383 - cyberbully - INFO -   sbert          : False
2026-02-18 09:54:35,383 - cyberbully - INFO -   overwrite      : False
2026-02-18 09:54:35,383 - cyberbully - INFO -   device         : cuda
2026-02-18 09:54:35,383 - cyberbully - INFO -   output_dir     : experiments/grid-search/distilbert-base-uncased/tweeteval/prep1_aug0/seed_87212562
2026-02-18 09:54:35,383 - cyberbully - INFO - ============================================================
2026-02-18 09:54:35,383 - cyberbully - INFO - Step 1: Preparing data...
2026-02-18 09:54:35,383 - cyberbully - INFO - Loading dataset 'tweeteval' from dataset/Tweeteval.csv
2026-02-18 09:54:35,458 - cyberbully - INFO - Loaded 50759 samples with 5 classes: ['emotion', 'hate', 'offensive', 'religion', 'spiritual']
2026-02-18 09:54:35,458 - cyberbully - INFO - Applying text preprocessing...
2026-02-18 09:55:32,931 - cyberbully - INFO - After preprocessing: 47365 samples remain
2026-02-18 09:55:32,933 - cyberbully - INFO - Label mapping: {'emotion': 0, 'hate': 1, 'offensive': 2, 'religion': 3, 'spiritual': 4}
2026-02-18 09:55:32,946 - cyberbully - INFO - Split sizes — train: 30313, val: 7579, test: 9473
2026-02-18 09:55:32,946 - cyberbully - INFO - Number of classes: 5
2026-02-18 09:55:32,947 - cyberbully - INFO - Step 2: Loading model and tokenizer...
2026-02-18 09:55:32,947 - cyberbully - INFO - Loading model 'distilbert-base-uncased' with 5 labels (sbert=False)
2026-02-18 09:55:33,751 - cyberbully - INFO - Step 3: Creating datasets...
2026-02-18 09:55:34,469 - cyberbully - INFO - Dataset sizes — train: 30313, val: 7579, test: 9473
2026-02-18 09:55:34,469 - cyberbully - INFO - Step 4: Training...
2026-02-18 09:55:34,567 - cyberbully - INFO - Starting training...
2026-02-18 09:59:43,063 - cyberbully - INFO - Training complete.
2026-02-18 09:59:43,063 - cyberbully - INFO - Step 5: Evaluating on test set...
2026-02-18 09:59:49,721 - cyberbully - INFO - Metrics saved to experiments/grid-search/distilbert-base-uncased/tweeteval/prep1_aug0/seed_87212562/metrics.json
2026-02-18 09:59:49,721 - cyberbully - INFO - Confusion matrix saved to experiments/grid-search/distilbert-base-uncased/tweeteval/prep1_aug0/seed_87212562/confusion_matrix.json
2026-02-18 09:59:49,825 - cyberbully - INFO - Confusion matrix figure saved to experiments/grid-search/distilbert-base-uncased/tweeteval/prep1_aug0/seed_87212562/confusion_matrix.pdf
2026-02-18 09:59:49,825 - cyberbully - INFO - Accuracy: 0.9470
2026-02-18 09:59:49,825 - cyberbully - INFO - Weighted F1: 0.9469
2026-02-18 09:59:49,825 - cyberbully - INFO - Micro F1: 0.9470
2026-02-18 09:59:49,825 - cyberbully - INFO - Inference time: 2.40 seconds
2026-02-18 09:59:49,825 - cyberbully - INFO - Energy consumption: 0.000136 kWh
2026-02-18 09:59:49,825 - cyberbully - INFO - ============================================================
2026-02-18 09:59:49,825 - cyberbully - INFO - Pipeline complete. Results saved to: experiments/grid-search/distilbert-base-uncased/tweeteval/prep1_aug0/seed_87212562
2026-02-18 09:59:49,825 - cyberbully - INFO - ============================================================
