2026-04-16 13:08:16,966 - cyberbully - INFO - ============================================================
2026-04-16 13:08:16,966 - cyberbully - INFO - Cyberbullying Detection Pipeline
2026-04-16 13:08:16,966 - cyberbully - INFO - ============================================================
2026-04-16 13:08:16,967 - cyberbully - INFO - Configuration:
2026-04-16 13:08:16,967 - cyberbully - INFO -   model          : distilbert-base-uncased
2026-04-16 13:08:16,967 - cyberbully - INFO -   dataset        : tweeteval
2026-04-16 13:08:16,967 - cyberbully - INFO -   preprocess     : False
2026-04-16 13:08:16,967 - cyberbully - INFO -   augment        : False
2026-04-16 13:08:16,967 - cyberbully - INFO -   compute_attribution: False
2026-04-16 13:08:16,967 - cyberbully - INFO -   seed           : 52680723
2026-04-16 13:08:16,967 - cyberbully - INFO -   epochs         : 10
2026-04-16 13:08:16,967 - cyberbully - INFO -   batch_size     : 32
2026-04-16 13:08:16,967 - cyberbully - INFO -   lr             : 5e-05
2026-04-16 13:08:16,967 - cyberbully - INFO -   max_length     : 128
2026-04-16 13:08:16,967 - cyberbully - INFO -   output_dir     : grid-search
2026-04-16 13:08:16,967 - cyberbully - INFO -   data_dir       : dataset
2026-04-16 13:08:16,967 - cyberbully - INFO -   sbert          : False
2026-04-16 13:08:16,967 - cyberbully - INFO -   supcon         : False
2026-04-16 13:08:16,967 - cyberbully - INFO -   supcon_weight  : 0.1
2026-04-16 13:08:16,967 - cyberbully - INFO -   proj_dim       : 128
2026-04-16 13:08:16,967 - cyberbully - INFO -   grad_accum_steps: 1
2026-04-16 13:08:16,967 - cyberbully - INFO -   overwrite      : False
2026-04-16 13:08:16,967 - cyberbully - INFO -   device         : cuda
2026-04-16 13:08:16,967 - cyberbully - INFO -   output_dir     : experiments/grid-search/distilbert-base-uncased/tweeteval/prep0_aug0/seed_52680723
2026-04-16 13:08:16,967 - cyberbully - INFO - ============================================================
2026-04-16 13:08:16,967 - cyberbully - INFO - Step 1: Preparing data...
2026-04-16 13:08:17,018 - cyberbully - INFO - Loaded pre-split data from dataset/tweeteval — train: 32485, val: 8122, test: 10152
2026-04-16 13:08:17,018 - cyberbully - INFO - Label mapping: {'emotion': 0, 'hate': 1, 'offensive': 2, 'religion': 3, 'spiritual': 4}
2026-04-16 13:08:17,031 - cyberbully - INFO - Number of classes: 5
2026-04-16 13:08:17,032 - cyberbully - INFO - Step 2: Loading model and tokenizer...
2026-04-16 13:08:17,032 - cyberbully - INFO - Loading model 'distilbert-base-uncased' with 5 labels (sbert=False, supcon=False)
2026-04-16 13:08:17,876 - cyberbully - INFO - Step 3: Creating datasets...
2026-04-16 13:08:18,567 - cyberbully - INFO - Dataset sizes — train: 32485, val: 8122, test: 10152
2026-04-16 13:08:18,567 - cyberbully - INFO - Step 4: Training...
2026-04-16 13:08:18,711 - cyberbully - INFO - Starting training...
2026-04-16 13:15:25,335 - cyberbully - INFO - Training complete.
2026-04-16 13:15:25,385 - cyberbully - INFO - Removed checkpoint: experiments/grid-search/distilbert-base-uncased/tweeteval/prep0_aug0/seed_52680723/checkpoint-2032
2026-04-16 13:15:25,435 - cyberbully - INFO - Removed checkpoint: experiments/grid-search/distilbert-base-uncased/tweeteval/prep0_aug0/seed_52680723/checkpoint-6096
2026-04-16 13:15:25,484 - cyberbully - INFO - Removed checkpoint: experiments/grid-search/distilbert-base-uncased/tweeteval/prep0_aug0/seed_52680723/checkpoint-3048
2026-04-16 13:15:25,531 - cyberbully - INFO - Removed checkpoint: experiments/grid-search/distilbert-base-uncased/tweeteval/prep0_aug0/seed_52680723/checkpoint-9144
2026-04-16 13:15:25,579 - cyberbully - INFO - Removed checkpoint: experiments/grid-search/distilbert-base-uncased/tweeteval/prep0_aug0/seed_52680723/checkpoint-5080
2026-04-16 13:15:25,626 - cyberbully - INFO - Removed checkpoint: experiments/grid-search/distilbert-base-uncased/tweeteval/prep0_aug0/seed_52680723/checkpoint-8128
2026-04-16 13:15:25,674 - cyberbully - INFO - Removed checkpoint: experiments/grid-search/distilbert-base-uncased/tweeteval/prep0_aug0/seed_52680723/checkpoint-4064
2026-04-16 13:15:25,727 - cyberbully - INFO - Removed checkpoint: experiments/grid-search/distilbert-base-uncased/tweeteval/prep0_aug0/seed_52680723/checkpoint-1016
2026-04-16 13:15:25,774 - cyberbully - INFO - Removed checkpoint: experiments/grid-search/distilbert-base-uncased/tweeteval/prep0_aug0/seed_52680723/checkpoint-7112
2026-04-16 13:15:25,832 - cyberbully - INFO - Removed checkpoint: experiments/grid-search/distilbert-base-uncased/tweeteval/prep0_aug0/seed_52680723/checkpoint-10160
2026-04-16 13:15:25,832 - cyberbully - INFO - Step 5: Evaluating on test set...
2026-04-16 13:15:32,914 - cyberbully - INFO - Metrics saved to experiments/grid-search/distilbert-base-uncased/tweeteval/prep0_aug0/seed_52680723/metrics.json
2026-04-16 13:15:32,914 - cyberbully - INFO - Confusion matrix saved to experiments/grid-search/distilbert-base-uncased/tweeteval/prep0_aug0/seed_52680723/confusion_matrix.json
2026-04-16 13:15:33,016 - cyberbully - INFO - Per-sample predictions saved to experiments/grid-search/distilbert-base-uncased/tweeteval/prep0_aug0/seed_52680723/predictions.json
2026-04-16 13:15:33,123 - cyberbully - INFO - Confusion matrix figure saved to experiments/grid-search/distilbert-base-uncased/tweeteval/prep0_aug0/seed_52680723/confusion_matrix.pdf
2026-04-16 13:15:33,123 - cyberbully - INFO - Accuracy: 0.9686
2026-04-16 13:15:33,123 - cyberbully - INFO - Weighted F1: 0.9686
2026-04-16 13:15:33,123 - cyberbully - INFO - Micro F1: 0.9686
2026-04-16 13:15:33,123 - cyberbully - INFO - Inference time: 2.53 seconds
2026-04-16 13:15:33,123 - cyberbully - INFO - Energy consumption: 0.000146 kWh
2026-04-16 13:15:33,125 - cyberbully - INFO - ============================================================
2026-04-16 13:15:33,125 - cyberbully - INFO - Pipeline complete. Results saved to: experiments/grid-search/distilbert-base-uncased/tweeteval/prep0_aug0/seed_52680723
2026-04-16 13:15:33,125 - cyberbully - INFO - ============================================================
