2026-06-15 21:51:28,268 - cyberbully - INFO - ============================================================
2026-06-15 21:51:28,268 - cyberbully - INFO - Cyberbullying Detection Pipeline
2026-06-15 21:51:28,268 - cyberbully - INFO - ============================================================
2026-06-15 21:51:28,268 - cyberbully - INFO - Configuration:
2026-06-15 21:51:28,268 - cyberbully - INFO -   model          : google/mobilebert-uncased
2026-06-15 21:51:28,268 - cyberbully - INFO -   dataset        : kaggle
2026-06-15 21:51:28,268 - cyberbully - INFO -   preprocess     : False
2026-06-15 21:51:28,269 - cyberbully - INFO -   prep_mode      : 2
2026-06-15 21:51:28,269 - cyberbully - INFO -   augment        : False
2026-06-15 21:51:28,269 - cyberbully - INFO -   compute_attribution: False
2026-06-15 21:51:28,269 - cyberbully - INFO -   seed           : 70681460
2026-06-15 21:51:28,269 - cyberbully - INFO -   epochs         : 10
2026-06-15 21:51:28,269 - cyberbully - INFO -   batch_size     : 32
2026-06-15 21:51:28,269 - cyberbully - INFO -   lr             : 5e-05
2026-06-15 21:51:28,269 - cyberbully - INFO -   max_length     : 128
2026-06-15 21:51:28,269 - cyberbully - INFO -   output_dir     : grid-search
2026-06-15 21:51:28,269 - cyberbully - INFO -   data_dir       : dataset
2026-06-15 21:51:28,269 - cyberbully - INFO -   sbert          : False
2026-06-15 21:51:28,269 - cyberbully - INFO -   supcon         : False
2026-06-15 21:51:28,269 - cyberbully - INFO -   supcon_weight  : 0.1
2026-06-15 21:51:28,269 - cyberbully - INFO -   proj_dim       : 128
2026-06-15 21:51:28,269 - cyberbully - INFO -   grad_accum_steps: 1
2026-06-15 21:51:28,269 - cyberbully - INFO -   overwrite      : False
2026-06-15 21:51:28,269 - cyberbully - INFO -   device         : cuda
2026-06-15 21:51:28,269 - cyberbully - INFO -   output_dir     : experiments/grid-search/google_mobilebert-uncased/kaggle/prep2_aug0/seed_70681460
2026-06-15 21:51:28,269 - cyberbully - INFO - ============================================================
2026-06-15 21:51:28,269 - cyberbully - INFO - Step 1: Preparing data...
2026-06-15 21:51:28,315 - cyberbully - INFO - Loaded pre-split data from dataset/kaggle — train: 25604, val: 6401, test: 8002
2026-06-15 21:51:28,315 - cyberbully - INFO - Label mapping: {'age': 0, 'ethnicity': 1, 'gender': 2, 'other_cyberbullying': 3, 'religion': 4}
2026-06-15 21:51:28,316 - cyberbully - INFO - Applying partial text preprocessing per split...
2026-06-15 21:51:29,622 - cyberbully - INFO - After preprocessing -- train: 25604, val: 6401, test: 8002
2026-06-15 21:51:29,626 - cyberbully - INFO - Number of classes: 5
2026-06-15 21:51:29,627 - cyberbully - INFO - Step 2: Loading model and tokenizer...
2026-06-15 21:51:29,627 - cyberbully - INFO - Loading model 'google/mobilebert-uncased' with 5 labels (sbert=False, supcon=False)
2026-06-15 21:51:31,907 - cyberbully - WARNING - FP16 disabled for model_type='mobilebert' (known fp16 instability).
2026-06-15 21:51:31,907 - cyberbully - INFO - Step 3: Creating datasets...
2026-06-15 21:51:33,007 - cyberbully - INFO - Dataset sizes — train: 25604, val: 6401, test: 8002
2026-06-15 21:51:33,008 - cyberbully - INFO - Step 4: Training...
2026-06-15 21:51:33,210 - cyberbully - INFO - Starting training...
2026-06-15 22:10:02,160 - cyberbully - INFO - Training complete.
2026-06-15 22:10:02,175 - cyberbully - INFO - Removed checkpoint: experiments/grid-search/google_mobilebert-uncased/kaggle/prep2_aug0/seed_70681460/checkpoint-5607
2026-06-15 22:10:02,193 - cyberbully - INFO - Removed checkpoint: experiments/grid-search/google_mobilebert-uncased/kaggle/prep2_aug0/seed_70681460/checkpoint-8010
2026-06-15 22:10:02,208 - cyberbully - INFO - Removed checkpoint: experiments/grid-search/google_mobilebert-uncased/kaggle/prep2_aug0/seed_70681460/checkpoint-6408
2026-06-15 22:10:02,223 - cyberbully - INFO - Removed checkpoint: experiments/grid-search/google_mobilebert-uncased/kaggle/prep2_aug0/seed_70681460/checkpoint-1602
2026-06-15 22:10:02,238 - cyberbully - INFO - Removed checkpoint: experiments/grid-search/google_mobilebert-uncased/kaggle/prep2_aug0/seed_70681460/checkpoint-3204
2026-06-15 22:10:02,252 - cyberbully - INFO - Removed checkpoint: experiments/grid-search/google_mobilebert-uncased/kaggle/prep2_aug0/seed_70681460/checkpoint-7209
2026-06-15 22:10:02,267 - cyberbully - INFO - Removed checkpoint: experiments/grid-search/google_mobilebert-uncased/kaggle/prep2_aug0/seed_70681460/checkpoint-4005
2026-06-15 22:10:02,282 - cyberbully - INFO - Removed checkpoint: experiments/grid-search/google_mobilebert-uncased/kaggle/prep2_aug0/seed_70681460/checkpoint-4806
2026-06-15 22:10:02,298 - cyberbully - INFO - Removed checkpoint: experiments/grid-search/google_mobilebert-uncased/kaggle/prep2_aug0/seed_70681460/checkpoint-801
2026-06-15 22:10:02,313 - cyberbully - INFO - Removed checkpoint: experiments/grid-search/google_mobilebert-uncased/kaggle/prep2_aug0/seed_70681460/checkpoint-2403
2026-06-15 22:10:02,313 - cyberbully - INFO - Step 5: Evaluating on test set...
2026-06-15 22:10:18,356 - cyberbully - INFO - Metrics saved to experiments/grid-search/google_mobilebert-uncased/kaggle/prep2_aug0/seed_70681460/metrics.json
2026-06-15 22:10:18,356 - cyberbully - INFO - Confusion matrix saved to experiments/grid-search/google_mobilebert-uncased/kaggle/prep2_aug0/seed_70681460/confusion_matrix.json
2026-06-15 22:10:18,439 - cyberbully - INFO - Per-sample predictions saved to experiments/grid-search/google_mobilebert-uncased/kaggle/prep2_aug0/seed_70681460/predictions.json
2026-06-15 22:10:18,548 - cyberbully - INFO - Confusion matrix figure saved to experiments/grid-search/google_mobilebert-uncased/kaggle/prep2_aug0/seed_70681460/confusion_matrix.pdf
2026-06-15 22:10:18,548 - cyberbully - INFO - Accuracy: 0.9478
2026-06-15 22:10:18,548 - cyberbully - INFO - Weighted F1: 0.9479
2026-06-15 22:10:18,549 - cyberbully - INFO - Micro F1: 0.9478
2026-06-15 22:10:18,549 - cyberbully - INFO - Inference time: 9.92 seconds
2026-06-15 22:10:18,549 - cyberbully - INFO - Energy consumption: 0.000591 kWh
2026-06-15 22:10:18,550 - cyberbully - INFO - ============================================================
2026-06-15 22:10:18,550 - cyberbully - INFO - Pipeline complete. Results saved to: experiments/grid-search/google_mobilebert-uncased/kaggle/prep2_aug0/seed_70681460
2026-06-15 22:10:18,550 - cyberbully - INFO - ============================================================
