2026-03-21 22:45:16,126 - cyberbully - INFO - ============================================================
2026-03-21 22:45:16,126 - cyberbully - INFO - Cyberbullying Detection Pipeline
2026-03-21 22:45:16,126 - cyberbully - INFO - ============================================================
2026-03-21 22:45:16,126 - cyberbully - INFO - Configuration:
2026-03-21 22:45:16,126 - cyberbully - INFO -   model          : distilbert-base-cased
2026-03-21 22:45:16,126 - cyberbully - INFO -   dataset        : tweeteval
2026-03-21 22:45:16,126 - cyberbully - INFO -   preprocess     : False
2026-03-21 22:45:16,126 - cyberbully - INFO -   augment        : True
2026-03-21 22:45:16,126 - cyberbully - INFO -   compute_attribution: False
2026-03-21 22:45:16,126 - cyberbully - INFO -   seed           : 37622020
2026-03-21 22:45:16,126 - cyberbully - INFO -   epochs         : 10
2026-03-21 22:45:16,126 - cyberbully - INFO -   batch_size     : 32
2026-03-21 22:45:16,126 - cyberbully - INFO -   lr             : 5e-05
2026-03-21 22:45:16,126 - cyberbully - INFO -   max_length     : 128
2026-03-21 22:45:16,126 - cyberbully - INFO -   output_dir     : grid-search
2026-03-21 22:45:16,126 - cyberbully - INFO -   data_dir       : dataset
2026-03-21 22:45:16,126 - cyberbully - INFO -   sbert          : False
2026-03-21 22:45:16,126 - cyberbully - INFO -   supcon         : False
2026-03-21 22:45:16,126 - cyberbully - INFO -   supcon_weight  : 0.1
2026-03-21 22:45:16,126 - cyberbully - INFO -   proj_dim       : 128
2026-03-21 22:45:16,126 - cyberbully - INFO -   grad_accum_steps: 1
2026-03-21 22:45:16,126 - cyberbully - INFO -   overwrite      : False
2026-03-21 22:45:16,126 - cyberbully - INFO -   device         : cuda
2026-03-21 22:45:16,126 - cyberbully - INFO -   output_dir     : experiments/grid-search/distilbert-base-cased/tweeteval/prep0_aug1/seed_37622020
2026-03-21 22:45:16,126 - cyberbully - INFO - ============================================================
2026-03-21 22:45:16,126 - cyberbully - INFO - Step 1: Preparing data...
2026-03-21 22:45:16,174 - cyberbully - INFO - Loaded pre-split data from dataset/tweeteval — train: 32485, val: 8122, test: 10152
2026-03-21 22:45:16,174 - cyberbully - INFO - Label mapping: {'emotion': 0, 'hate': 1, 'offensive': 2, 'religion': 3, 'spiritual': 4}
2026-03-21 22:45:16,176 - cyberbully - INFO - Applying training data augmentation (oversampling)...
2026-03-21 22:45:16,182 - cyberbully - INFO - After oversampling — class distribution: {0: 8985, 1: 8985, 2: 8985, 3: 8985, 4: 8985}
2026-03-21 22:45:16,192 - cyberbully - INFO - Number of classes: 5
2026-03-21 22:45:16,193 - cyberbully - INFO - Step 2: Loading model and tokenizer...
2026-03-21 22:45:16,193 - cyberbully - INFO - Loading model 'distilbert-base-cased' with 5 labels (sbert=False, supcon=False)
2026-03-21 22:45:16,971 - cyberbully - INFO - Step 3: Creating datasets...
2026-03-21 22:45:17,965 - cyberbully - INFO - Dataset sizes — train: 44925, val: 8122, test: 10152
2026-03-21 22:45:17,965 - cyberbully - INFO - Step 4: Training...
2026-03-21 22:45:18,162 - cyberbully - INFO - Starting training...
2026-03-21 22:56:35,039 - cyberbully - INFO - Training complete.
2026-03-21 22:56:35,083 - cyberbully - INFO - Removed checkpoint: experiments/grid-search/distilbert-base-cased/tweeteval/prep0_aug1/seed_37622020/checkpoint-14040
2026-03-21 22:56:35,122 - cyberbully - INFO - Removed checkpoint: experiments/grid-search/distilbert-base-cased/tweeteval/prep0_aug1/seed_37622020/checkpoint-2808
2026-03-21 22:56:35,159 - cyberbully - INFO - Removed checkpoint: experiments/grid-search/distilbert-base-cased/tweeteval/prep0_aug1/seed_37622020/checkpoint-5616
2026-03-21 22:56:35,197 - cyberbully - INFO - Removed checkpoint: experiments/grid-search/distilbert-base-cased/tweeteval/prep0_aug1/seed_37622020/checkpoint-7020
2026-03-21 22:56:35,235 - cyberbully - INFO - Removed checkpoint: experiments/grid-search/distilbert-base-cased/tweeteval/prep0_aug1/seed_37622020/checkpoint-4212
2026-03-21 22:56:35,274 - cyberbully - INFO - Removed checkpoint: experiments/grid-search/distilbert-base-cased/tweeteval/prep0_aug1/seed_37622020/checkpoint-12636
2026-03-21 22:56:35,313 - cyberbully - INFO - Removed checkpoint: experiments/grid-search/distilbert-base-cased/tweeteval/prep0_aug1/seed_37622020/checkpoint-1404
2026-03-21 22:56:35,350 - cyberbully - INFO - Removed checkpoint: experiments/grid-search/distilbert-base-cased/tweeteval/prep0_aug1/seed_37622020/checkpoint-8424
2026-03-21 22:56:35,389 - cyberbully - INFO - Removed checkpoint: experiments/grid-search/distilbert-base-cased/tweeteval/prep0_aug1/seed_37622020/checkpoint-11232
2026-03-21 22:56:35,428 - cyberbully - INFO - Removed checkpoint: experiments/grid-search/distilbert-base-cased/tweeteval/prep0_aug1/seed_37622020/checkpoint-9828
2026-03-21 22:56:35,428 - cyberbully - INFO - Step 5: Evaluating on test set...
2026-03-21 22:56:43,589 - cyberbully - INFO - Metrics saved to experiments/grid-search/distilbert-base-cased/tweeteval/prep0_aug1/seed_37622020/metrics.json
2026-03-21 22:56:43,589 - cyberbully - INFO - Confusion matrix saved to experiments/grid-search/distilbert-base-cased/tweeteval/prep0_aug1/seed_37622020/confusion_matrix.json
2026-03-21 22:56:43,685 - cyberbully - INFO - Per-sample predictions saved to experiments/grid-search/distilbert-base-cased/tweeteval/prep0_aug1/seed_37622020/predictions.json
2026-03-21 22:56:43,786 - cyberbully - INFO - Confusion matrix figure saved to experiments/grid-search/distilbert-base-cased/tweeteval/prep0_aug1/seed_37622020/confusion_matrix.pdf
2026-03-21 22:56:43,786 - cyberbully - INFO - Accuracy: 0.9696
2026-03-21 22:56:43,786 - cyberbully - INFO - Weighted F1: 0.9695
2026-03-21 22:56:43,786 - cyberbully - INFO - Micro F1: 0.9696
2026-03-21 22:56:43,786 - cyberbully - INFO - Inference time: 3.88 seconds
2026-03-21 22:56:43,786 - cyberbully - INFO - Energy consumption: 0.000249 kWh
2026-03-21 22:56:43,788 - cyberbully - INFO - ============================================================
2026-03-21 22:56:43,788 - cyberbully - INFO - Pipeline complete. Results saved to: experiments/grid-search/distilbert-base-cased/tweeteval/prep0_aug1/seed_37622020
2026-03-21 22:56:43,788 - cyberbully - INFO - ============================================================
