2026-04-08 22:46:26,658 - cyberbully - INFO - ============================================================
2026-04-08 22:46:26,658 - cyberbully - INFO - Cyberbullying Detection Pipeline
2026-04-08 22:46:26,658 - cyberbully - INFO - ============================================================
2026-04-08 22:46:26,658 - cyberbully - INFO - Configuration:
2026-04-08 22:46:26,658 - cyberbully - INFO -   model          : answerdotai/ModernBERT-base
2026-04-08 22:46:26,658 - cyberbully - INFO -   dataset        : tweeteval
2026-04-08 22:46:26,658 - cyberbully - INFO -   preprocess     : False
2026-04-08 22:46:26,658 - cyberbully - INFO -   augment        : True
2026-04-08 22:46:26,658 - cyberbully - INFO -   compute_attribution: False
2026-04-08 22:46:26,658 - cyberbully - INFO -   seed           : 24677315
2026-04-08 22:46:26,658 - cyberbully - INFO -   epochs         : 10
2026-04-08 22:46:26,658 - cyberbully - INFO -   batch_size     : 32
2026-04-08 22:46:26,658 - cyberbully - INFO -   lr             : 5e-05
2026-04-08 22:46:26,658 - cyberbully - INFO -   max_length     : 128
2026-04-08 22:46:26,658 - cyberbully - INFO -   output_dir     : grid-search
2026-04-08 22:46:26,658 - cyberbully - INFO -   data_dir       : dataset
2026-04-08 22:46:26,658 - cyberbully - INFO -   sbert          : False
2026-04-08 22:46:26,658 - cyberbully - INFO -   supcon         : False
2026-04-08 22:46:26,658 - cyberbully - INFO -   supcon_weight  : 0.1
2026-04-08 22:46:26,658 - cyberbully - INFO -   proj_dim       : 128
2026-04-08 22:46:26,658 - cyberbully - INFO -   grad_accum_steps: 1
2026-04-08 22:46:26,658 - cyberbully - INFO -   overwrite      : False
2026-04-08 22:46:26,658 - cyberbully - INFO -   device         : cuda
2026-04-08 22:46:26,658 - cyberbully - INFO -   output_dir     : experiments/grid-search/answerdotai_ModernBERT-base/tweeteval/prep0_aug1/seed_24677315
2026-04-08 22:46:26,658 - cyberbully - INFO - ============================================================
2026-04-08 22:46:26,658 - cyberbully - INFO - Step 1: Preparing data...
2026-04-08 22:46:26,705 - cyberbully - INFO - Loaded pre-split data from dataset/tweeteval — train: 32485, val: 8122, test: 10152
2026-04-08 22:46:26,705 - cyberbully - INFO - Label mapping: {'emotion': 0, 'hate': 1, 'offensive': 2, 'religion': 3, 'spiritual': 4}
2026-04-08 22:46:26,708 - cyberbully - INFO - Applying training data augmentation (oversampling)...
2026-04-08 22:46:26,714 - cyberbully - INFO - After oversampling — class distribution: {0: 8985, 1: 8985, 2: 8985, 3: 8985, 4: 8985}
2026-04-08 22:46:26,722 - cyberbully - INFO - Number of classes: 5
2026-04-08 22:46:26,723 - cyberbully - INFO - Step 2: Loading model and tokenizer...
2026-04-08 22:46:26,723 - cyberbully - INFO - Loading model 'answerdotai/ModernBERT-base' with 5 labels (sbert=False, supcon=False)
2026-04-08 22:46:28,285 - cyberbully - INFO - Step 3: Creating datasets...
2026-04-08 22:46:29,764 - cyberbully - INFO - Dataset sizes — train: 44925, val: 8122, test: 10152
2026-04-08 22:46:29,764 - cyberbully - INFO - Step 4: Training...
2026-04-08 22:46:30,006 - cyberbully - INFO - Starting training...
2026-04-08 23:14:18,442 - cyberbully - INFO - Training complete.
2026-04-08 23:14:18,540 - cyberbully - INFO - Removed checkpoint: experiments/grid-search/answerdotai_ModernBERT-base/tweeteval/prep0_aug1/seed_24677315/checkpoint-14040
2026-04-08 23:14:18,623 - cyberbully - INFO - Removed checkpoint: experiments/grid-search/answerdotai_ModernBERT-base/tweeteval/prep0_aug1/seed_24677315/checkpoint-2808
2026-04-08 23:14:18,704 - cyberbully - INFO - Removed checkpoint: experiments/grid-search/answerdotai_ModernBERT-base/tweeteval/prep0_aug1/seed_24677315/checkpoint-5616
2026-04-08 23:14:18,786 - cyberbully - INFO - Removed checkpoint: experiments/grid-search/answerdotai_ModernBERT-base/tweeteval/prep0_aug1/seed_24677315/checkpoint-7020
2026-04-08 23:14:18,869 - cyberbully - INFO - Removed checkpoint: experiments/grid-search/answerdotai_ModernBERT-base/tweeteval/prep0_aug1/seed_24677315/checkpoint-4212
2026-04-08 23:14:18,950 - cyberbully - INFO - Removed checkpoint: experiments/grid-search/answerdotai_ModernBERT-base/tweeteval/prep0_aug1/seed_24677315/checkpoint-12636
2026-04-08 23:14:19,035 - cyberbully - INFO - Removed checkpoint: experiments/grid-search/answerdotai_ModernBERT-base/tweeteval/prep0_aug1/seed_24677315/checkpoint-1404
2026-04-08 23:14:19,120 - cyberbully - INFO - Removed checkpoint: experiments/grid-search/answerdotai_ModernBERT-base/tweeteval/prep0_aug1/seed_24677315/checkpoint-8424
2026-04-08 23:14:19,201 - cyberbully - INFO - Removed checkpoint: experiments/grid-search/answerdotai_ModernBERT-base/tweeteval/prep0_aug1/seed_24677315/checkpoint-11232
2026-04-08 23:14:19,284 - cyberbully - INFO - Removed checkpoint: experiments/grid-search/answerdotai_ModernBERT-base/tweeteval/prep0_aug1/seed_24677315/checkpoint-9828
2026-04-08 23:14:19,284 - cyberbully - INFO - Step 5: Evaluating on test set...
2026-04-08 23:14:34,001 - cyberbully - INFO - Metrics saved to experiments/grid-search/answerdotai_ModernBERT-base/tweeteval/prep0_aug1/seed_24677315/metrics.json
2026-04-08 23:14:34,001 - cyberbully - INFO - Confusion matrix saved to experiments/grid-search/answerdotai_ModernBERT-base/tweeteval/prep0_aug1/seed_24677315/confusion_matrix.json
2026-04-08 23:14:34,100 - cyberbully - INFO - Per-sample predictions saved to experiments/grid-search/answerdotai_ModernBERT-base/tweeteval/prep0_aug1/seed_24677315/predictions.json
2026-04-08 23:14:34,201 - cyberbully - INFO - Confusion matrix figure saved to experiments/grid-search/answerdotai_ModernBERT-base/tweeteval/prep0_aug1/seed_24677315/confusion_matrix.pdf
2026-04-08 23:14:34,201 - cyberbully - INFO - Accuracy: 0.9734
2026-04-08 23:14:34,201 - cyberbully - INFO - Weighted F1: 0.9734
2026-04-08 23:14:34,201 - cyberbully - INFO - Micro F1: 0.9734
2026-04-08 23:14:34,201 - cyberbully - INFO - Inference time: 9.93 seconds
2026-04-08 23:14:34,201 - cyberbully - INFO - Energy consumption: 0.000618 kWh
2026-04-08 23:14:34,203 - cyberbully - INFO - ============================================================
2026-04-08 23:14:34,204 - cyberbully - INFO - Pipeline complete. Results saved to: experiments/grid-search/answerdotai_ModernBERT-base/tweeteval/prep0_aug1/seed_24677315
2026-04-08 23:14:34,204 - cyberbully - INFO - ============================================================
