2026-05-22 21:40:50,598 - cyberbully - INFO - ============================================================
2026-05-22 21:40:50,598 - cyberbully - INFO - Cyberbullying Detection Pipeline
2026-05-22 21:40:50,598 - cyberbully - INFO - ============================================================
2026-05-22 21:40:50,598 - cyberbully - INFO - Configuration:
2026-05-22 21:40:50,598 - cyberbully - INFO -   model          : Twitter/twhin-bert-base
2026-05-22 21:40:50,598 - cyberbully - INFO -   dataset        : tweeteval
2026-05-22 21:40:50,598 - cyberbully - INFO -   preprocess     : True
2026-05-22 21:40:50,598 - cyberbully - INFO -   augment        : False
2026-05-22 21:40:50,598 - cyberbully - INFO -   compute_attribution: False
2026-05-22 21:40:50,598 - cyberbully - INFO -   seed           : 37622020
2026-05-22 21:40:50,598 - cyberbully - INFO -   epochs         : 10
2026-05-22 21:40:50,598 - cyberbully - INFO -   batch_size     : 32
2026-05-22 21:40:50,598 - cyberbully - INFO -   lr             : 5e-05
2026-05-22 21:40:50,598 - cyberbully - INFO -   max_length     : 128
2026-05-22 21:40:50,598 - cyberbully - INFO -   output_dir     : grid-search
2026-05-22 21:40:50,598 - cyberbully - INFO -   data_dir       : dataset
2026-05-22 21:40:50,598 - cyberbully - INFO -   sbert          : False
2026-05-22 21:40:50,598 - cyberbully - INFO -   supcon         : False
2026-05-22 21:40:50,598 - cyberbully - INFO -   supcon_weight  : 0.1
2026-05-22 21:40:50,598 - cyberbully - INFO -   proj_dim       : 128
2026-05-22 21:40:50,598 - cyberbully - INFO -   grad_accum_steps: 1
2026-05-22 21:40:50,598 - cyberbully - INFO -   overwrite      : True
2026-05-22 21:40:50,598 - cyberbully - INFO -   device         : cuda
2026-05-22 21:40:50,598 - cyberbully - INFO -   output_dir     : experiments/grid-search/Twitter_twhin-bert-base/tweeteval/prep1_aug0/seed_37622020
2026-05-22 21:40:50,598 - cyberbully - INFO - ============================================================
2026-05-22 21:40:50,598 - cyberbully - INFO - Step 1: Preparing data...
2026-05-22 21:40:50,644 - cyberbully - INFO - Loaded pre-split data from dataset/tweeteval — train: 32485, val: 8122, test: 10152
2026-05-22 21:40:50,644 - cyberbully - INFO - Label mapping: {'emotion': 0, 'hate': 1, 'offensive': 2, 'religion': 3, 'spiritual': 4}
2026-05-22 21:40:50,645 - cyberbully - INFO - Applying text preprocessing per split...
2026-05-22 21:40:56,130 - cyberbully - INFO - After preprocessing -- train: 32485, val: 8122, test: 10152
2026-05-22 21:40:56,134 - cyberbully - INFO - Number of classes: 5
2026-05-22 21:40:56,135 - cyberbully - INFO - Step 2: Loading model and tokenizer...
2026-05-22 21:40:56,135 - cyberbully - INFO - Loading model 'Twitter/twhin-bert-base' with 5 labels (sbert=False, supcon=False)
2026-05-22 21:40:57,666 - cyberbully - INFO - Step 3: Creating datasets...
2026-05-22 21:40:58,429 - cyberbully - INFO - Dataset sizes — train: 32485, val: 8122, test: 10152
2026-05-22 21:40:58,429 - cyberbully - INFO - Step 4: Training...
2026-05-22 21:40:58,743 - cyberbully - INFO - Starting training...
2026-05-22 22:01:29,791 - cyberbully - INFO - Training complete.
2026-05-22 22:01:29,948 - cyberbully - INFO - Removed checkpoint: experiments/grid-search/Twitter_twhin-bert-base/tweeteval/prep1_aug0/seed_37622020/checkpoint-3048
2026-05-22 22:01:30,108 - cyberbully - INFO - Removed checkpoint: experiments/grid-search/Twitter_twhin-bert-base/tweeteval/prep1_aug0/seed_37622020/checkpoint-7112
2026-05-22 22:01:30,265 - cyberbully - INFO - Removed checkpoint: experiments/grid-search/Twitter_twhin-bert-base/tweeteval/prep1_aug0/seed_37622020/checkpoint-9144
2026-05-22 22:01:30,428 - cyberbully - INFO - Removed checkpoint: experiments/grid-search/Twitter_twhin-bert-base/tweeteval/prep1_aug0/seed_37622020/checkpoint-1016
2026-05-22 22:01:30,588 - cyberbully - INFO - Removed checkpoint: experiments/grid-search/Twitter_twhin-bert-base/tweeteval/prep1_aug0/seed_37622020/checkpoint-2032
2026-05-22 22:01:30,777 - cyberbully - INFO - Removed checkpoint: experiments/grid-search/Twitter_twhin-bert-base/tweeteval/prep1_aug0/seed_37622020/checkpoint-10160
2026-05-22 22:01:30,934 - cyberbully - INFO - Removed checkpoint: experiments/grid-search/Twitter_twhin-bert-base/tweeteval/prep1_aug0/seed_37622020/checkpoint-6096
2026-05-22 22:01:31,093 - cyberbully - INFO - Removed checkpoint: experiments/grid-search/Twitter_twhin-bert-base/tweeteval/prep1_aug0/seed_37622020/checkpoint-5080
2026-05-22 22:01:31,252 - cyberbully - INFO - Removed checkpoint: experiments/grid-search/Twitter_twhin-bert-base/tweeteval/prep1_aug0/seed_37622020/checkpoint-8128
2026-05-22 22:01:31,411 - cyberbully - INFO - Removed checkpoint: experiments/grid-search/Twitter_twhin-bert-base/tweeteval/prep1_aug0/seed_37622020/checkpoint-4064
2026-05-22 22:01:31,411 - cyberbully - INFO - Step 5: Evaluating on test set...
2026-05-22 22:01:45,496 - cyberbully - INFO - Metrics saved to experiments/grid-search/Twitter_twhin-bert-base/tweeteval/prep1_aug0/seed_37622020/metrics.json
2026-05-22 22:01:45,496 - cyberbully - INFO - Confusion matrix saved to experiments/grid-search/Twitter_twhin-bert-base/tweeteval/prep1_aug0/seed_37622020/confusion_matrix.json
2026-05-22 22:01:45,598 - cyberbully - INFO - Per-sample predictions saved to experiments/grid-search/Twitter_twhin-bert-base/tweeteval/prep1_aug0/seed_37622020/predictions.json
2026-05-22 22:01:45,702 - cyberbully - INFO - Confusion matrix figure saved to experiments/grid-search/Twitter_twhin-bert-base/tweeteval/prep1_aug0/seed_37622020/confusion_matrix.pdf
2026-05-22 22:01:45,702 - cyberbully - INFO - Accuracy: 0.9431
2026-05-22 22:01:45,702 - cyberbully - INFO - Weighted F1: 0.9430
2026-05-22 22:01:45,702 - cyberbully - INFO - Micro F1: 0.9431
2026-05-22 22:01:45,702 - cyberbully - INFO - Inference time: 7.94 seconds
2026-05-22 22:01:45,702 - cyberbully - INFO - Energy consumption: 0.000488 kWh
2026-05-22 22:01:45,704 - cyberbully - INFO - ============================================================
2026-05-22 22:01:45,704 - cyberbully - INFO - Pipeline complete. Results saved to: experiments/grid-search/Twitter_twhin-bert-base/tweeteval/prep1_aug0/seed_37622020
2026-05-22 22:01:45,704 - cyberbully - INFO - ============================================================
