2026-03-21 18:08:00,885 - cyberbully - INFO - ============================================================
2026-03-21 18:08:00,885 - cyberbully - INFO - Cyberbullying Detection Pipeline
2026-03-21 18:08:00,885 - cyberbully - INFO - ============================================================
2026-03-21 18:08:00,885 - cyberbully - INFO - Configuration:
2026-03-21 18:08:00,885 - cyberbully - INFO -   model          : distilbert-base-cased
2026-03-21 18:08:00,885 - cyberbully - INFO -   dataset        : kaggle
2026-03-21 18:08:00,885 - cyberbully - INFO -   preprocess     : True
2026-03-21 18:08:00,885 - cyberbully - INFO -   augment        : False
2026-03-21 18:08:00,885 - cyberbully - INFO -   compute_attribution: False
2026-03-21 18:08:00,885 - cyberbully - INFO -   seed           : 14298463
2026-03-21 18:08:00,885 - cyberbully - INFO -   epochs         : 10
2026-03-21 18:08:00,886 - cyberbully - INFO -   batch_size     : 32
2026-03-21 18:08:00,886 - cyberbully - INFO -   lr             : 5e-05
2026-03-21 18:08:00,886 - cyberbully - INFO -   max_length     : 128
2026-03-21 18:08:00,886 - cyberbully - INFO -   output_dir     : grid-search
2026-03-21 18:08:00,886 - cyberbully - INFO -   data_dir       : dataset
2026-03-21 18:08:00,886 - cyberbully - INFO -   sbert          : False
2026-03-21 18:08:00,886 - cyberbully - INFO -   supcon         : False
2026-03-21 18:08:00,886 - cyberbully - INFO -   supcon_weight  : 0.1
2026-03-21 18:08:00,886 - cyberbully - INFO -   proj_dim       : 128
2026-03-21 18:08:00,886 - cyberbully - INFO -   grad_accum_steps: 1
2026-03-21 18:08:00,886 - cyberbully - INFO -   overwrite      : False
2026-03-21 18:08:00,886 - cyberbully - INFO -   device         : cuda
2026-03-21 18:08:00,886 - cyberbully - INFO -   output_dir     : experiments/grid-search/distilbert-base-cased/kaggle/prep1_aug0/seed_14298463
2026-03-21 18:08:00,886 - cyberbully - INFO - ============================================================
2026-03-21 18:08:00,886 - cyberbully - INFO - Step 1: Preparing data...
2026-03-21 18:08:00,937 - cyberbully - INFO - Loaded pre-split data from dataset/kaggle — train: 30499, val: 7625, test: 9532
2026-03-21 18:08:00,937 - cyberbully - INFO - Label mapping: {'age': 0, 'ethnicity': 1, 'gender': 2, 'not_cyberbullying': 3, 'other_cyberbullying': 4, 'religion': 5}
2026-03-21 18:08:00,937 - cyberbully - INFO - Applying text preprocessing per split...
2026-03-21 18:08:53,829 - cyberbully - INFO - After preprocessing — train: 26841, val: 6829, test: 8546
2026-03-21 18:08:53,840 - cyberbully - INFO - Number of classes: 6
2026-03-21 18:08:53,842 - cyberbully - INFO - Step 2: Loading model and tokenizer...
2026-03-21 18:08:53,842 - cyberbully - INFO - Loading model 'distilbert-base-cased' with 6 labels (sbert=False, supcon=False)
2026-03-21 18:08:54,540 - cyberbully - INFO - Step 3: Creating datasets...
2026-03-21 18:08:55,100 - cyberbully - INFO - Dataset sizes — train: 26841, val: 6829, test: 8546
2026-03-21 18:08:55,100 - cyberbully - INFO - Step 4: Training...
2026-03-21 18:08:55,314 - cyberbully - INFO - Starting training...
2026-03-21 18:15:48,818 - cyberbully - INFO - Training complete.
2026-03-21 18:15:48,856 - cyberbully - INFO - Removed checkpoint: experiments/grid-search/distilbert-base-cased/kaggle/prep1_aug0/seed_14298463/checkpoint-4195
2026-03-21 18:15:48,893 - cyberbully - INFO - Removed checkpoint: experiments/grid-search/distilbert-base-cased/kaggle/prep1_aug0/seed_14298463/checkpoint-5873
2026-03-21 18:15:48,933 - cyberbully - INFO - Removed checkpoint: experiments/grid-search/distilbert-base-cased/kaggle/prep1_aug0/seed_14298463/checkpoint-839
2026-03-21 18:15:48,970 - cyberbully - INFO - Removed checkpoint: experiments/grid-search/distilbert-base-cased/kaggle/prep1_aug0/seed_14298463/checkpoint-5034
2026-03-21 18:15:49,008 - cyberbully - INFO - Removed checkpoint: experiments/grid-search/distilbert-base-cased/kaggle/prep1_aug0/seed_14298463/checkpoint-3356
2026-03-21 18:15:49,046 - cyberbully - INFO - Removed checkpoint: experiments/grid-search/distilbert-base-cased/kaggle/prep1_aug0/seed_14298463/checkpoint-6712
2026-03-21 18:15:49,084 - cyberbully - INFO - Removed checkpoint: experiments/grid-search/distilbert-base-cased/kaggle/prep1_aug0/seed_14298463/checkpoint-2517
2026-03-21 18:15:49,131 - cyberbully - INFO - Removed checkpoint: experiments/grid-search/distilbert-base-cased/kaggle/prep1_aug0/seed_14298463/checkpoint-8390
2026-03-21 18:15:49,169 - cyberbully - INFO - Removed checkpoint: experiments/grid-search/distilbert-base-cased/kaggle/prep1_aug0/seed_14298463/checkpoint-1678
2026-03-21 18:15:49,207 - cyberbully - INFO - Removed checkpoint: experiments/grid-search/distilbert-base-cased/kaggle/prep1_aug0/seed_14298463/checkpoint-7551
2026-03-21 18:15:49,207 - cyberbully - INFO - Step 5: Evaluating on test set...
2026-03-21 18:15:56,816 - cyberbully - INFO - Metrics saved to experiments/grid-search/distilbert-base-cased/kaggle/prep1_aug0/seed_14298463/metrics.json
2026-03-21 18:15:56,816 - cyberbully - INFO - Confusion matrix saved to experiments/grid-search/distilbert-base-cased/kaggle/prep1_aug0/seed_14298463/confusion_matrix.json
2026-03-21 18:15:56,902 - cyberbully - INFO - Per-sample predictions saved to experiments/grid-search/distilbert-base-cased/kaggle/prep1_aug0/seed_14298463/predictions.json
2026-03-21 18:15:57,014 - cyberbully - INFO - Confusion matrix figure saved to experiments/grid-search/distilbert-base-cased/kaggle/prep1_aug0/seed_14298463/confusion_matrix.pdf
2026-03-21 18:15:57,014 - cyberbully - INFO - Accuracy: 0.8549
2026-03-21 18:15:57,014 - cyberbully - INFO - Weighted F1: 0.8584
2026-03-21 18:15:57,014 - cyberbully - INFO - Micro F1: 0.8549
2026-03-21 18:15:57,014 - cyberbully - INFO - Inference time: 3.29 seconds
2026-03-21 18:15:57,014 - cyberbully - INFO - Energy consumption: 0.000208 kWh
2026-03-21 18:15:57,016 - cyberbully - INFO - ============================================================
2026-03-21 18:15:57,016 - cyberbully - INFO - Pipeline complete. Results saved to: experiments/grid-search/distilbert-base-cased/kaggle/prep1_aug0/seed_14298463
2026-03-21 18:15:57,016 - cyberbully - INFO - ============================================================
