2026-04-08 19:19:39,473 - cyberbully - INFO - ============================================================
2026-04-08 19:19:39,474 - cyberbully - INFO - Cyberbullying Detection Pipeline
2026-04-08 19:19:39,474 - cyberbully - INFO - ============================================================
2026-04-08 19:19:39,474 - cyberbully - INFO - Configuration:
2026-04-08 19:19:39,474 - cyberbully - INFO -   model          : google/mobilebert-uncased
2026-04-08 19:19:39,474 - cyberbully - INFO -   dataset        : tweeteval
2026-04-08 19:19:39,474 - cyberbully - INFO -   preprocess     : False
2026-04-08 19:19:39,474 - cyberbully - INFO -   augment        : False
2026-04-08 19:19:39,474 - cyberbully - INFO -   compute_attribution: False
2026-04-08 19:19:39,474 - cyberbully - INFO -   seed           : 14298463
2026-04-08 19:19:39,474 - cyberbully - INFO -   epochs         : 10
2026-04-08 19:19:39,474 - cyberbully - INFO -   batch_size     : 32
2026-04-08 19:19:39,474 - cyberbully - INFO -   lr             : 5e-05
2026-04-08 19:19:39,474 - cyberbully - INFO -   max_length     : 128
2026-04-08 19:19:39,474 - cyberbully - INFO -   output_dir     : grid-search
2026-04-08 19:19:39,474 - cyberbully - INFO -   data_dir       : dataset
2026-04-08 19:19:39,474 - cyberbully - INFO -   sbert          : False
2026-04-08 19:19:39,474 - cyberbully - INFO -   supcon         : False
2026-04-08 19:19:39,474 - cyberbully - INFO -   supcon_weight  : 0.1
2026-04-08 19:19:39,474 - cyberbully - INFO -   proj_dim       : 128
2026-04-08 19:19:39,474 - cyberbully - INFO -   grad_accum_steps: 1
2026-04-08 19:19:39,474 - cyberbully - INFO -   overwrite      : False
2026-04-08 19:19:39,474 - cyberbully - INFO -   device         : cuda
2026-04-08 19:19:39,474 - cyberbully - INFO -   output_dir     : experiments/grid-search/google_mobilebert-uncased/tweeteval/prep0_aug0/seed_14298463
2026-04-08 19:19:39,474 - cyberbully - INFO - ============================================================
2026-04-08 19:19:39,474 - cyberbully - INFO - Step 1: Preparing data...
2026-04-08 19:19:39,644 - cyberbully - INFO - Loaded pre-split data from dataset/tweeteval — train: 32485, val: 8122, test: 10152
2026-04-08 19:19:39,644 - cyberbully - INFO - Label mapping: {'emotion': 0, 'hate': 1, 'offensive': 2, 'religion': 3, 'spiritual': 4}
2026-04-08 19:19:39,656 - cyberbully - INFO - Number of classes: 5
2026-04-08 19:19:39,657 - cyberbully - INFO - Step 2: Loading model and tokenizer...
2026-04-08 19:19:39,657 - cyberbully - INFO - Loading model 'google/mobilebert-uncased' with 5 labels (sbert=False, supcon=False)
2026-04-08 19:19:41,750 - cyberbully - WARNING - FP16 disabled for model_type='mobilebert' (known fp16 instability).
2026-04-08 19:19:41,750 - cyberbully - INFO - Step 3: Creating datasets...
2026-04-08 19:19:42,677 - cyberbully - INFO - Dataset sizes — train: 32485, val: 8122, test: 10152
2026-04-08 19:19:42,677 - cyberbully - INFO - Step 4: Training...
2026-04-08 19:19:42,759 - cyberbully - INFO - Starting training...
2026-04-08 19:31:58,032 - cyberbully - INFO - Training complete.
2026-04-08 19:31:58,050 - cyberbully - INFO - Removed checkpoint: experiments/grid-search/google_mobilebert-uncased/tweeteval/prep0_aug0/seed_14298463/checkpoint-2032
2026-04-08 19:31:58,068 - cyberbully - INFO - Removed checkpoint: experiments/grid-search/google_mobilebert-uncased/tweeteval/prep0_aug0/seed_14298463/checkpoint-6096
2026-04-08 19:31:58,086 - cyberbully - INFO - Removed checkpoint: experiments/grid-search/google_mobilebert-uncased/tweeteval/prep0_aug0/seed_14298463/checkpoint-3048
2026-04-08 19:31:58,104 - cyberbully - INFO - Removed checkpoint: experiments/grid-search/google_mobilebert-uncased/tweeteval/prep0_aug0/seed_14298463/checkpoint-9144
2026-04-08 19:31:58,121 - cyberbully - INFO - Removed checkpoint: experiments/grid-search/google_mobilebert-uncased/tweeteval/prep0_aug0/seed_14298463/checkpoint-5080
2026-04-08 19:31:58,139 - cyberbully - INFO - Removed checkpoint: experiments/grid-search/google_mobilebert-uncased/tweeteval/prep0_aug0/seed_14298463/checkpoint-8128
2026-04-08 19:31:58,157 - cyberbully - INFO - Removed checkpoint: experiments/grid-search/google_mobilebert-uncased/tweeteval/prep0_aug0/seed_14298463/checkpoint-4064
2026-04-08 19:31:58,174 - cyberbully - INFO - Removed checkpoint: experiments/grid-search/google_mobilebert-uncased/tweeteval/prep0_aug0/seed_14298463/checkpoint-1016
2026-04-08 19:31:58,192 - cyberbully - INFO - Removed checkpoint: experiments/grid-search/google_mobilebert-uncased/tweeteval/prep0_aug0/seed_14298463/checkpoint-7112
2026-04-08 19:31:58,209 - cyberbully - INFO - Removed checkpoint: experiments/grid-search/google_mobilebert-uncased/tweeteval/prep0_aug0/seed_14298463/checkpoint-10160
2026-04-08 19:31:58,210 - cyberbully - INFO - Step 5: Evaluating on test set...
2026-04-08 19:32:07,421 - cyberbully - INFO - Metrics saved to experiments/grid-search/google_mobilebert-uncased/tweeteval/prep0_aug0/seed_14298463/metrics.json
2026-04-08 19:32:07,421 - cyberbully - INFO - Confusion matrix saved to experiments/grid-search/google_mobilebert-uncased/tweeteval/prep0_aug0/seed_14298463/confusion_matrix.json
2026-04-08 19:32:07,517 - cyberbully - INFO - Per-sample predictions saved to experiments/grid-search/google_mobilebert-uncased/tweeteval/prep0_aug0/seed_14298463/predictions.json
2026-04-08 19:32:07,788 - cyberbully - INFO - Confusion matrix figure saved to experiments/grid-search/google_mobilebert-uncased/tweeteval/prep0_aug0/seed_14298463/confusion_matrix.pdf
2026-04-08 19:32:07,788 - cyberbully - INFO - Accuracy: 0.9669
2026-04-08 19:32:07,788 - cyberbully - INFO - Weighted F1: 0.9668
2026-04-08 19:32:07,788 - cyberbully - INFO - Micro F1: 0.9669
2026-04-08 19:32:07,788 - cyberbully - INFO - Inference time: 4.99 seconds
2026-04-08 19:32:07,788 - cyberbully - INFO - Energy consumption: 0.000318 kWh
2026-04-08 19:32:07,790 - cyberbully - INFO - ============================================================
2026-04-08 19:32:07,790 - cyberbully - INFO - Pipeline complete. Results saved to: experiments/grid-search/google_mobilebert-uncased/tweeteval/prep0_aug0/seed_14298463
2026-04-08 19:32:07,790 - cyberbully - INFO - ============================================================
