2026-02-11 13:45:48,065 - cyberbully - INFO - ============================================================
2026-02-11 13:45:48,065 - cyberbully - INFO - Cyberbullying Detection Pipeline
2026-02-11 13:45:48,065 - cyberbully - INFO - ============================================================
2026-02-11 13:45:48,065 - cyberbully - INFO - Configuration:
2026-02-11 13:45:48,065 - cyberbully - INFO -   model          : distilbert-base-uncased
2026-02-11 13:45:48,065 - cyberbully - INFO -   dataset        : tweeteval
2026-02-11 13:45:48,065 - cyberbully - INFO -   preprocess     : True
2026-02-11 13:45:48,065 - cyberbully - INFO -   augment        : False
2026-02-11 13:45:48,065 - cyberbully - INFO -   compute_attribution: False
2026-02-11 13:45:48,065 - cyberbully - INFO -   seed           : 14298463
2026-02-11 13:45:48,065 - cyberbully - INFO -   epochs         : 5
2026-02-11 13:45:48,065 - cyberbully - INFO -   batch_size     : 16
2026-02-11 13:45:48,065 - cyberbully - INFO -   lr             : 2e-05
2026-02-11 13:45:48,065 - cyberbully - INFO -   max_length     : 128
2026-02-11 13:45:48,065 - cyberbully - INFO -   output_dir     : experiments
2026-02-11 13:45:48,065 - cyberbully - INFO -   data_dir       : dataset
2026-02-11 13:45:48,065 - cyberbully - INFO -   overwrite      : False
2026-02-11 13:45:48,065 - cyberbully - INFO -   device         : cuda
2026-02-11 13:45:48,065 - cyberbully - INFO -   output_dir     : experiments/distilbert-base-uncased/tweeteval/prep1_aug0/seed_14298463
2026-02-11 13:45:48,065 - cyberbully - INFO - ============================================================
2026-02-11 13:45:48,065 - cyberbully - INFO - Step 1: Preparing data...
2026-02-11 13:45:48,065 - cyberbully - INFO - Loading dataset 'tweeteval' from dataset/Tweeteval.csv
2026-02-11 13:45:48,140 - cyberbully - INFO - Loaded 50759 samples with 5 classes: ['emotion', 'hate', 'offensive', 'religion', 'spiritual']
2026-02-11 13:45:48,140 - cyberbully - INFO - Applying text preprocessing...
2026-02-11 13:46:42,423 - cyberbully - INFO - After preprocessing: 47372 samples remain
2026-02-11 13:46:42,426 - cyberbully - INFO - Label mapping: {'emotion': 0, 'hate': 1, 'offensive': 2, 'religion': 3, 'spiritual': 4}
2026-02-11 13:46:42,438 - cyberbully - INFO - Split sizes — train: 30317, val: 7580, test: 9475
2026-02-11 13:46:42,438 - cyberbully - INFO - Number of classes: 5
2026-02-11 13:46:42,438 - cyberbully - INFO - Step 2: Loading model and tokenizer...
2026-02-11 13:46:42,438 - cyberbully - INFO - Loading model 'distilbert-base-uncased' with 5 labels
2026-02-11 13:46:43,137 - cyberbully - INFO - Step 3: Tokenizing datasets...
2026-02-11 13:46:43,840 - cyberbully - INFO - Dataset sizes — train: 30317, val: 7580, test: 9475
2026-02-11 13:46:43,841 - cyberbully - INFO - Step 4: Training...
2026-02-11 13:46:44,030 - cyberbully - INFO - Starting training...
2026-02-11 13:52:00,028 - cyberbully - INFO - Training complete.
2026-02-11 13:52:00,028 - cyberbully - INFO - Step 5: Evaluating on test set...
2026-02-11 13:52:08,074 - cyberbully - INFO - Metrics saved to experiments/distilbert-base-uncased/tweeteval/prep1_aug0/seed_14298463/metrics.json
2026-02-11 13:52:08,074 - cyberbully - INFO - Confusion matrix saved to experiments/distilbert-base-uncased/tweeteval/prep1_aug0/seed_14298463/confusion_matrix.json
2026-02-11 13:52:08,176 - cyberbully - INFO - Confusion matrix figure saved to experiments/distilbert-base-uncased/tweeteval/prep1_aug0/seed_14298463/confusion_matrix.pdf
2026-02-11 13:52:08,176 - cyberbully - INFO - Accuracy: 0.9415
2026-02-11 13:52:08,176 - cyberbully - INFO - Weighted F1: 0.9415
2026-02-11 13:52:08,176 - cyberbully - INFO - Micro F1: 0.9415
2026-02-11 13:52:08,176 - cyberbully - INFO - Inference time: 3.74 seconds
2026-02-11 13:52:08,176 - cyberbully - INFO - Energy consumption: 0.000222 kWh
2026-02-11 13:52:08,176 - cyberbully - INFO - ============================================================
2026-02-11 13:52:08,176 - cyberbully - INFO - Pipeline complete. Results saved to: experiments/distilbert-base-uncased/tweeteval/prep1_aug0/seed_14298463
2026-02-11 13:52:08,177 - cyberbully - INFO - ============================================================
