2026-05-20 08:53:56,979 - cyberbully - INFO - ============================================================
2026-05-20 08:53:56,979 - cyberbully - INFO - Cyberbullying Detection Pipeline
2026-05-20 08:53:56,979 - cyberbully - INFO - ============================================================
2026-05-20 08:53:56,979 - cyberbully - INFO - Configuration:
2026-05-20 08:53:56,979 - cyberbully - INFO -   model          : distilbert-base-cased
2026-05-20 08:53:56,979 - cyberbully - INFO -   dataset        : ieee
2026-05-20 08:53:56,979 - cyberbully - INFO -   preprocess     : True
2026-05-20 08:53:56,979 - cyberbully - INFO -   augment        : False
2026-05-20 08:53:56,979 - cyberbully - INFO -   compute_attribution: False
2026-05-20 08:53:56,979 - cyberbully - INFO -   seed           : 37622020
2026-05-20 08:53:56,979 - cyberbully - INFO -   epochs         : 10
2026-05-20 08:53:56,979 - cyberbully - INFO -   batch_size     : 32
2026-05-20 08:53:56,979 - cyberbully - INFO -   lr             : 5e-05
2026-05-20 08:53:56,979 - cyberbully - INFO -   max_length     : 128
2026-05-20 08:53:56,979 - cyberbully - INFO -   output_dir     : grid-search
2026-05-20 08:53:56,979 - cyberbully - INFO -   data_dir       : dataset
2026-05-20 08:53:56,979 - cyberbully - INFO -   sbert          : False
2026-05-20 08:53:56,980 - cyberbully - INFO -   supcon         : False
2026-05-20 08:53:56,980 - cyberbully - INFO -   supcon_weight  : 0.1
2026-05-20 08:53:56,980 - cyberbully - INFO -   proj_dim       : 128
2026-05-20 08:53:56,980 - cyberbully - INFO -   grad_accum_steps: 1
2026-05-20 08:53:56,980 - cyberbully - INFO -   overwrite      : True
2026-05-20 08:53:56,980 - cyberbully - INFO -   device         : cuda
2026-05-20 08:53:56,980 - cyberbully - INFO -   output_dir     : experiments/grid-search/distilbert-base-cased/ieee/prep1_aug0/seed_37622020
2026-05-20 08:53:56,980 - cyberbully - INFO - ============================================================
2026-05-20 08:53:56,980 - cyberbully - INFO - Step 1: Preparing data...
2026-05-20 08:53:56,983 - cyberbully - INFO - Loaded pre-split data from dataset/ieee — train: 1348, val: 338, test: 422
2026-05-20 08:53:56,984 - cyberbully - INFO - Label mapping: {'Cyberstalking': 0, 'Doxing': 1, 'Revenge Porn': 2, 'Sexual Harassment': 3, 'Slut Shaming': 4}
2026-05-20 08:53:56,984 - cyberbully - INFO - Applying text preprocessing per split...
2026-05-20 08:53:57,682 - cyberbully - INFO - After preprocessing -- train: 1348, val: 338, test: 422
2026-05-20 08:53:57,683 - cyberbully - INFO - Number of classes: 5
2026-05-20 08:53:57,685 - cyberbully - INFO - Step 2: Loading model and tokenizer...
2026-05-20 08:53:57,685 - cyberbully - INFO - Loading model 'distilbert-base-cased' with 5 labels (sbert=False, supcon=False)
2026-05-20 08:53:58,350 - cyberbully - INFO - Step 3: Creating datasets...
2026-05-20 08:53:58,367 - cyberbully - INFO - Dataset sizes — train: 1348, val: 338, test: 422
2026-05-20 08:53:58,367 - cyberbully - INFO - Step 4: Training...
2026-05-20 08:53:58,497 - cyberbully - INFO - Starting training...
2026-05-20 08:54:25,103 - cyberbully - INFO - Training complete.
2026-05-20 08:54:25,165 - cyberbully - INFO - Removed checkpoint: experiments/grid-search/distilbert-base-cased/ieee/prep1_aug0/seed_37622020/checkpoint-215
2026-05-20 08:54:25,229 - cyberbully - INFO - Removed checkpoint: experiments/grid-search/distilbert-base-cased/ieee/prep1_aug0/seed_37622020/checkpoint-387
2026-05-20 08:54:25,292 - cyberbully - INFO - Removed checkpoint: experiments/grid-search/distilbert-base-cased/ieee/prep1_aug0/seed_37622020/checkpoint-86
2026-05-20 08:54:26,206 - cyberbully - INFO - Removed checkpoint: experiments/grid-search/distilbert-base-cased/ieee/prep1_aug0/seed_37622020/checkpoint-129
2026-05-20 08:54:26,268 - cyberbully - INFO - Removed checkpoint: experiments/grid-search/distilbert-base-cased/ieee/prep1_aug0/seed_37622020/checkpoint-344
2026-05-20 08:54:26,330 - cyberbully - INFO - Removed checkpoint: experiments/grid-search/distilbert-base-cased/ieee/prep1_aug0/seed_37622020/checkpoint-258
2026-05-20 08:54:26,395 - cyberbully - INFO - Removed checkpoint: experiments/grid-search/distilbert-base-cased/ieee/prep1_aug0/seed_37622020/checkpoint-43
2026-05-20 08:54:26,457 - cyberbully - INFO - Removed checkpoint: experiments/grid-search/distilbert-base-cased/ieee/prep1_aug0/seed_37622020/checkpoint-301
2026-05-20 08:54:27,134 - cyberbully - INFO - Removed checkpoint: experiments/grid-search/distilbert-base-cased/ieee/prep1_aug0/seed_37622020/checkpoint-172
2026-05-20 08:54:27,197 - cyberbully - INFO - Removed checkpoint: experiments/grid-search/distilbert-base-cased/ieee/prep1_aug0/seed_37622020/checkpoint-430
2026-05-20 08:54:27,197 - cyberbully - INFO - Step 5: Evaluating on test set...
2026-05-20 08:54:33,322 - cyberbully - INFO - Metrics saved to experiments/grid-search/distilbert-base-cased/ieee/prep1_aug0/seed_37622020/metrics.json
2026-05-20 08:54:33,322 - cyberbully - INFO - Confusion matrix saved to experiments/grid-search/distilbert-base-cased/ieee/prep1_aug0/seed_37622020/confusion_matrix.json
2026-05-20 08:54:33,327 - cyberbully - INFO - Per-sample predictions saved to experiments/grid-search/distilbert-base-cased/ieee/prep1_aug0/seed_37622020/predictions.json
2026-05-20 08:54:33,446 - cyberbully - INFO - Confusion matrix figure saved to experiments/grid-search/distilbert-base-cased/ieee/prep1_aug0/seed_37622020/confusion_matrix.pdf
2026-05-20 08:54:33,447 - cyberbully - INFO - Accuracy: 0.8081
2026-05-20 08:54:33,447 - cyberbully - INFO - Weighted F1: 0.8082
2026-05-20 08:54:33,447 - cyberbully - INFO - Micro F1: 0.8081
2026-05-20 08:54:33,447 - cyberbully - INFO - Inference time: 0.12 seconds
2026-05-20 08:54:33,447 - cyberbully - INFO - Energy consumption: 0.000019 kWh
2026-05-20 08:54:33,447 - cyberbully - INFO - ============================================================
2026-05-20 08:54:33,447 - cyberbully - INFO - Pipeline complete. Results saved to: experiments/grid-search/distilbert-base-cased/ieee/prep1_aug0/seed_37622020
2026-05-20 08:54:33,447 - cyberbully - INFO - ============================================================
