2026-06-15 21:11:13,603 - cyberbully - INFO - Model 'all-distilroberta-v1' detected as SBERT-based. Using SBERTClassifier pipeline.
2026-06-15 21:11:13,604 - cyberbully - INFO - ============================================================
2026-06-15 21:11:13,604 - cyberbully - INFO - Cyberbullying Detection Pipeline
2026-06-15 21:11:13,604 - cyberbully - INFO - ============================================================
2026-06-15 21:11:13,604 - cyberbully - INFO - Configuration:
2026-06-15 21:11:13,604 - cyberbully - INFO -   model          : all-distilroberta-v1
2026-06-15 21:11:13,604 - cyberbully - INFO -   dataset        : ieee
2026-06-15 21:11:13,604 - cyberbully - INFO -   preprocess     : False
2026-06-15 21:11:13,604 - cyberbully - INFO -   prep_mode      : 2
2026-06-15 21:11:13,604 - cyberbully - INFO -   augment        : False
2026-06-15 21:11:13,604 - cyberbully - INFO -   compute_attribution: False
2026-06-15 21:11:13,604 - cyberbully - INFO -   seed           : 70681460
2026-06-15 21:11:13,604 - cyberbully - INFO -   epochs         : 10
2026-06-15 21:11:13,604 - cyberbully - INFO -   batch_size     : 32
2026-06-15 21:11:13,604 - cyberbully - INFO -   lr             : 5e-05
2026-06-15 21:11:13,604 - cyberbully - INFO -   max_length     : 128
2026-06-15 21:11:13,604 - cyberbully - INFO -   output_dir     : grid-search
2026-06-15 21:11:13,604 - cyberbully - INFO -   data_dir       : dataset
2026-06-15 21:11:13,604 - cyberbully - INFO -   sbert          : True
2026-06-15 21:11:13,604 - cyberbully - INFO -   supcon         : False
2026-06-15 21:11:13,604 - cyberbully - INFO -   supcon_weight  : 0.1
2026-06-15 21:11:13,604 - cyberbully - INFO -   proj_dim       : 128
2026-06-15 21:11:13,604 - cyberbully - INFO -   grad_accum_steps: 1
2026-06-15 21:11:13,604 - cyberbully - INFO -   overwrite      : False
2026-06-15 21:11:13,604 - cyberbully - INFO -   device         : cuda
2026-06-15 21:11:13,604 - cyberbully - INFO -   output_dir     : experiments/grid-search/all-distilroberta-v1/ieee/prep2_aug0/seed_70681460
2026-06-15 21:11:13,604 - cyberbully - INFO - ============================================================
2026-06-15 21:11:13,604 - cyberbully - INFO - Step 1: Preparing data...
2026-06-15 21:11:13,607 - cyberbully - INFO - Loaded pre-split data from dataset/ieee — train: 1348, val: 338, test: 422
2026-06-15 21:11:13,608 - cyberbully - INFO - Label mapping: {'Cyberstalking': 0, 'Doxing': 1, 'Revenge Porn': 2, 'Sexual Harassment': 3, 'Slut Shaming': 4}
2026-06-15 21:11:13,608 - cyberbully - INFO - Applying partial text preprocessing per split...
2026-06-15 21:11:13,662 - cyberbully - INFO - After preprocessing -- train: 1348, val: 338, test: 422
2026-06-15 21:11:13,663 - cyberbully - INFO - Number of classes: 5
2026-06-15 21:11:13,664 - cyberbully - INFO - Step 2: Loading model and tokenizer...
2026-06-15 21:11:13,664 - cyberbully - INFO - Loading model 'all-distilroberta-v1' with 5 labels (sbert=True, supcon=False)
2026-06-15 21:11:19,480 - cyberbully - INFO - SBERTClassifier: embedding_dim=768, hidden=256, proj_dim=None, num_labels=5
2026-06-15 21:11:20,079 - cyberbully - INFO - Step 3: Creating datasets...
2026-06-15 21:11:20,098 - cyberbully - INFO - Dataset sizes — train: 1348, val: 338, test: 422
2026-06-15 21:11:20,098 - cyberbully - INFO - Step 4: Training...
2026-06-15 21:11:20,114 - cyberbully - INFO - Starting training...
2026-06-15 21:11:44,764 - cyberbully - INFO - Training complete.
2026-06-15 21:11:44,836 - cyberbully - INFO - Removed checkpoint: experiments/grid-search/all-distilroberta-v1/ieee/prep2_aug0/seed_70681460/checkpoint-215
2026-06-15 21:11:44,907 - cyberbully - INFO - Removed checkpoint: experiments/grid-search/all-distilroberta-v1/ieee/prep2_aug0/seed_70681460/checkpoint-387
2026-06-15 21:11:44,979 - cyberbully - INFO - Removed checkpoint: experiments/grid-search/all-distilroberta-v1/ieee/prep2_aug0/seed_70681460/checkpoint-86
2026-06-15 21:11:45,051 - cyberbully - INFO - Removed checkpoint: experiments/grid-search/all-distilroberta-v1/ieee/prep2_aug0/seed_70681460/checkpoint-129
2026-06-15 21:11:45,123 - cyberbully - INFO - Removed checkpoint: experiments/grid-search/all-distilroberta-v1/ieee/prep2_aug0/seed_70681460/checkpoint-344
2026-06-15 21:11:45,300 - cyberbully - INFO - Removed checkpoint: experiments/grid-search/all-distilroberta-v1/ieee/prep2_aug0/seed_70681460/checkpoint-258
2026-06-15 21:11:45,373 - cyberbully - INFO - Removed checkpoint: experiments/grid-search/all-distilroberta-v1/ieee/prep2_aug0/seed_70681460/checkpoint-43
2026-06-15 21:11:45,444 - cyberbully - INFO - Removed checkpoint: experiments/grid-search/all-distilroberta-v1/ieee/prep2_aug0/seed_70681460/checkpoint-301
2026-06-15 21:11:46,144 - cyberbully - INFO - Removed checkpoint: experiments/grid-search/all-distilroberta-v1/ieee/prep2_aug0/seed_70681460/checkpoint-172
2026-06-15 21:11:46,213 - cyberbully - INFO - Removed checkpoint: experiments/grid-search/all-distilroberta-v1/ieee/prep2_aug0/seed_70681460/checkpoint-430
2026-06-15 21:11:46,214 - cyberbully - INFO - Step 5: Evaluating on test set...
2026-06-15 21:11:52,408 - cyberbully - INFO - Metrics saved to experiments/grid-search/all-distilroberta-v1/ieee/prep2_aug0/seed_70681460/metrics.json
2026-06-15 21:11:52,408 - cyberbully - INFO - Confusion matrix saved to experiments/grid-search/all-distilroberta-v1/ieee/prep2_aug0/seed_70681460/confusion_matrix.json
2026-06-15 21:11:52,414 - cyberbully - INFO - Per-sample predictions saved to experiments/grid-search/all-distilroberta-v1/ieee/prep2_aug0/seed_70681460/predictions.json
2026-06-15 21:11:52,520 - cyberbully - INFO - Confusion matrix figure saved to experiments/grid-search/all-distilroberta-v1/ieee/prep2_aug0/seed_70681460/confusion_matrix.pdf
2026-06-15 21:11:52,520 - cyberbully - INFO - Accuracy: 0.8531
2026-06-15 21:11:52,521 - cyberbully - INFO - Weighted F1: 0.8536
2026-06-15 21:11:52,521 - cyberbully - INFO - Micro F1: 0.8531
2026-06-15 21:11:52,521 - cyberbully - INFO - Inference time: 0.10 seconds
2026-06-15 21:11:52,521 - cyberbully - INFO - Energy consumption: 0.000018 kWh
2026-06-15 21:11:52,521 - cyberbully - INFO - ============================================================
2026-06-15 21:11:52,521 - cyberbully - INFO - Pipeline complete. Results saved to: experiments/grid-search/all-distilroberta-v1/ieee/prep2_aug0/seed_70681460
2026-06-15 21:11:52,521 - cyberbully - INFO - ============================================================
