2026-03-23 23:01:48,649 - cyberbully - INFO - Model 'all-mpnet-base-v2' detected as SBERT-based. Using SBERTClassifier pipeline.
2026-03-23 23:01:48,649 - cyberbully - INFO - ============================================================
2026-03-23 23:01:48,649 - cyberbully - INFO - Cyberbullying Detection Pipeline
2026-03-23 23:01:48,649 - cyberbully - INFO - ============================================================
2026-03-23 23:01:48,649 - cyberbully - INFO - Configuration:
2026-03-23 23:01:48,649 - cyberbully - INFO -   model          : all-mpnet-base-v2
2026-03-23 23:01:48,649 - cyberbully - INFO -   dataset        : kaggle
2026-03-23 23:01:48,649 - cyberbully - INFO -   preprocess     : True
2026-03-23 23:01:48,649 - cyberbully - INFO -   augment        : True
2026-03-23 23:01:48,649 - cyberbully - INFO -   compute_attribution: False
2026-03-23 23:01:48,649 - cyberbully - INFO -   seed           : 52680723
2026-03-23 23:01:48,649 - cyberbully - INFO -   epochs         : 10
2026-03-23 23:01:48,649 - cyberbully - INFO -   batch_size     : 32
2026-03-23 23:01:48,649 - cyberbully - INFO -   lr             : 5e-05
2026-03-23 23:01:48,649 - cyberbully - INFO -   max_length     : 128
2026-03-23 23:01:48,649 - cyberbully - INFO -   output_dir     : grid-search
2026-03-23 23:01:48,649 - cyberbully - INFO -   data_dir       : dataset
2026-03-23 23:01:48,649 - cyberbully - INFO -   sbert          : True
2026-03-23 23:01:48,649 - cyberbully - INFO -   supcon         : False
2026-03-23 23:01:48,650 - cyberbully - INFO -   supcon_weight  : 0.1
2026-03-23 23:01:48,650 - cyberbully - INFO -   proj_dim       : 128
2026-03-23 23:01:48,650 - cyberbully - INFO -   grad_accum_steps: 1
2026-03-23 23:01:48,650 - cyberbully - INFO -   overwrite      : False
2026-03-23 23:01:48,650 - cyberbully - INFO -   device         : cuda
2026-03-23 23:01:48,650 - cyberbully - INFO -   output_dir     : experiments/grid-search/all-mpnet-base-v2/kaggle/prep1_aug1/seed_52680723
2026-03-23 23:01:48,650 - cyberbully - INFO - ============================================================
2026-03-23 23:01:48,650 - cyberbully - INFO - Step 1: Preparing data...
2026-03-23 23:01:48,699 - cyberbully - INFO - Loaded pre-split data from dataset/kaggle — train: 25604, val: 6401, test: 8002
2026-03-23 23:01:48,699 - cyberbully - INFO - Label mapping: {'age': 0, 'ethnicity': 1, 'gender': 2, 'other_cyberbullying': 3, 'religion': 4}
2026-03-23 23:01:48,699 - cyberbully - INFO - Applying text preprocessing per split...
2026-03-23 23:02:32,467 - cyberbully - INFO - After preprocessing — train: 23557, val: 5976, test: 7425
2026-03-23 23:02:32,469 - cyberbully - INFO - Applying training data augmentation (oversampling)...
2026-03-23 23:02:32,473 - cyberbully - INFO - After oversampling — class distribution: {0: 5067, 1: 5067, 2: 5067, 3: 5067, 4: 5067}
2026-03-23 23:02:32,482 - cyberbully - INFO - Number of classes: 5
2026-03-23 23:02:32,483 - cyberbully - INFO - Step 2: Loading model and tokenizer...
2026-03-23 23:02:32,484 - cyberbully - INFO - Loading model 'all-mpnet-base-v2' with 5 labels (sbert=True, supcon=False)
2026-03-23 23:02:35,654 - cyberbully - INFO - SBERTClassifier: embedding_dim=768, hidden=256, proj_dim=None, num_labels=5
2026-03-23 23:02:35,984 - cyberbully - INFO - Step 3: Creating datasets...
2026-03-23 23:02:36,501 - cyberbully - INFO - Dataset sizes — train: 25335, val: 5976, test: 7425
2026-03-23 23:02:36,501 - cyberbully - INFO - Step 4: Training...
2026-03-23 23:02:36,544 - cyberbully - INFO - Starting training...
2026-03-23 23:15:15,682 - cyberbully - INFO - Training complete.
2026-03-23 23:15:15,745 - cyberbully - INFO - Removed checkpoint: experiments/grid-search/all-mpnet-base-v2/kaggle/prep1_aug1/seed_52680723/checkpoint-3960
2026-03-23 23:15:15,810 - cyberbully - INFO - Removed checkpoint: experiments/grid-search/all-mpnet-base-v2/kaggle/prep1_aug1/seed_52680723/checkpoint-1584
2026-03-23 23:15:15,877 - cyberbully - INFO - Removed checkpoint: experiments/grid-search/all-mpnet-base-v2/kaggle/prep1_aug1/seed_52680723/checkpoint-792
2026-03-23 23:15:15,942 - cyberbully - INFO - Removed checkpoint: experiments/grid-search/all-mpnet-base-v2/kaggle/prep1_aug1/seed_52680723/checkpoint-3168
2026-03-23 23:15:16,017 - cyberbully - INFO - Removed checkpoint: experiments/grid-search/all-mpnet-base-v2/kaggle/prep1_aug1/seed_52680723/checkpoint-7920
2026-03-23 23:15:16,079 - cyberbully - INFO - Removed checkpoint: experiments/grid-search/all-mpnet-base-v2/kaggle/prep1_aug1/seed_52680723/checkpoint-6336
2026-03-23 23:15:16,142 - cyberbully - INFO - Removed checkpoint: experiments/grid-search/all-mpnet-base-v2/kaggle/prep1_aug1/seed_52680723/checkpoint-7128
2026-03-23 23:15:16,206 - cyberbully - INFO - Removed checkpoint: experiments/grid-search/all-mpnet-base-v2/kaggle/prep1_aug1/seed_52680723/checkpoint-2376
2026-03-23 23:15:16,271 - cyberbully - INFO - Removed checkpoint: experiments/grid-search/all-mpnet-base-v2/kaggle/prep1_aug1/seed_52680723/checkpoint-5544
2026-03-23 23:15:16,334 - cyberbully - INFO - Removed checkpoint: experiments/grid-search/all-mpnet-base-v2/kaggle/prep1_aug1/seed_52680723/checkpoint-4752
2026-03-23 23:15:16,334 - cyberbully - INFO - Step 5: Evaluating on test set...
2026-03-23 23:15:26,399 - cyberbully - INFO - Metrics saved to experiments/grid-search/all-mpnet-base-v2/kaggle/prep1_aug1/seed_52680723/metrics.json
2026-03-23 23:15:26,399 - cyberbully - INFO - Confusion matrix saved to experiments/grid-search/all-mpnet-base-v2/kaggle/prep1_aug1/seed_52680723/confusion_matrix.json
2026-03-23 23:15:26,470 - cyberbully - INFO - Per-sample predictions saved to experiments/grid-search/all-mpnet-base-v2/kaggle/prep1_aug1/seed_52680723/predictions.json
2026-03-23 23:15:26,573 - cyberbully - INFO - Confusion matrix figure saved to experiments/grid-search/all-mpnet-base-v2/kaggle/prep1_aug1/seed_52680723/confusion_matrix.pdf
2026-03-23 23:15:26,573 - cyberbully - INFO - Accuracy: 0.9549
2026-03-23 23:15:26,573 - cyberbully - INFO - Weighted F1: 0.9549
2026-03-23 23:15:26,573 - cyberbully - INFO - Micro F1: 0.9549
2026-03-23 23:15:26,573 - cyberbully - INFO - Inference time: 5.79 seconds
2026-03-23 23:15:26,573 - cyberbully - INFO - Energy consumption: 0.000406 kWh
2026-03-23 23:15:26,574 - cyberbully - INFO - ============================================================
2026-03-23 23:15:26,575 - cyberbully - INFO - Pipeline complete. Results saved to: experiments/grid-search/all-mpnet-base-v2/kaggle/prep1_aug1/seed_52680723
2026-03-23 23:15:26,575 - cyberbully - INFO - ============================================================
