2026-02-12 13:29:45,314 - cyberbully - INFO - ============================================================
2026-02-12 13:29:45,314 - cyberbully - INFO - Cyberbullying Detection Pipeline
2026-02-12 13:29:45,314 - cyberbully - INFO - ============================================================
2026-02-12 13:29:45,314 - cyberbully - INFO - Configuration:
2026-02-12 13:29:45,314 - cyberbully - INFO -   model          : xlnet-base-cased
2026-02-12 13:29:45,314 - cyberbully - INFO -   dataset        : kaggle
2026-02-12 13:29:45,314 - cyberbully - INFO -   preprocess     : False
2026-02-12 13:29:45,314 - cyberbully - INFO -   augment        : False
2026-02-12 13:29:45,314 - cyberbully - INFO -   compute_attribution: False
2026-02-12 13:29:45,314 - cyberbully - INFO -   seed           : 43782163
2026-02-12 13:29:45,314 - cyberbully - INFO -   epochs         : 5
2026-02-12 13:29:45,314 - cyberbully - INFO -   batch_size     : 16
2026-02-12 13:29:45,314 - cyberbully - INFO -   lr             : 2e-05
2026-02-12 13:29:45,314 - cyberbully - INFO -   max_length     : 128
2026-02-12 13:29:45,314 - cyberbully - INFO -   output_dir     : experiments
2026-02-12 13:29:45,314 - cyberbully - INFO -   data_dir       : dataset
2026-02-12 13:29:45,314 - cyberbully - INFO -   overwrite      : False
2026-02-12 13:29:45,314 - cyberbully - INFO -   device         : cuda
2026-02-12 13:29:45,314 - cyberbully - INFO -   output_dir     : experiments/xlnet-base-cased/kaggle/prep0_aug0/seed_43782163
2026-02-12 13:29:45,314 - cyberbully - INFO - ============================================================
2026-02-12 13:29:45,314 - cyberbully - INFO - Step 1: Preparing data...
2026-02-12 13:29:45,314 - cyberbully - INFO - Loading dataset 'kaggle' from dataset/Kaggle.csv
2026-02-12 13:29:45,374 - cyberbully - INFO - Loaded 47656 samples with 6 classes: ['age', 'ethnicity', 'gender', 'not_cyberbullying', 'other_cyberbullying', 'religion']
2026-02-12 13:29:45,377 - cyberbully - INFO - Label mapping: {'age': 0, 'ethnicity': 1, 'gender': 2, 'not_cyberbullying': 3, 'other_cyberbullying': 4, 'religion': 5}
2026-02-12 13:29:45,390 - cyberbully - INFO - Split sizes — train: 30499, val: 7625, test: 9532
2026-02-12 13:29:45,390 - cyberbully - INFO - Number of classes: 6
2026-02-12 13:29:45,390 - cyberbully - INFO - Step 2: Loading model and tokenizer...
2026-02-12 13:29:45,390 - cyberbully - INFO - Loading model 'xlnet-base-cased' with 6 labels
2026-02-12 13:29:47,767 - cyberbully - INFO - Step 3: Tokenizing datasets...
2026-02-12 13:29:48,882 - cyberbully - INFO - Dataset sizes — train: 30499, val: 7625, test: 9532
2026-02-12 13:29:48,882 - cyberbully - INFO - Step 4: Training...
2026-02-12 13:29:49,121 - cyberbully - INFO - Starting training...
2026-02-12 13:42:35,872 - cyberbully - INFO - Training complete.
2026-02-12 13:42:35,872 - cyberbully - INFO - Step 5: Evaluating on test set...
2026-02-12 13:42:52,162 - cyberbully - INFO - Metrics saved to experiments/xlnet-base-cased/kaggle/prep0_aug0/seed_43782163/metrics.json
2026-02-12 13:42:52,163 - cyberbully - INFO - Confusion matrix saved to experiments/xlnet-base-cased/kaggle/prep0_aug0/seed_43782163/confusion_matrix.json
2026-02-12 13:42:52,275 - cyberbully - INFO - Confusion matrix figure saved to experiments/xlnet-base-cased/kaggle/prep0_aug0/seed_43782163/confusion_matrix.pdf
2026-02-12 13:42:52,275 - cyberbully - INFO - Accuracy: 0.8637
2026-02-12 13:42:52,275 - cyberbully - INFO - Weighted F1: 0.8614
2026-02-12 13:42:52,275 - cyberbully - INFO - Micro F1: 0.8637
2026-02-12 13:42:52,275 - cyberbully - INFO - Inference time: 11.95 seconds
2026-02-12 13:42:52,275 - cyberbully - INFO - Energy consumption: 0.000720 kWh
2026-02-12 13:42:52,275 - cyberbully - INFO - ============================================================
2026-02-12 13:42:52,275 - cyberbully - INFO - Pipeline complete. Results saved to: experiments/xlnet-base-cased/kaggle/prep0_aug0/seed_43782163
2026-02-12 13:42:52,275 - cyberbully - INFO - ============================================================
