2026-06-16 03:26:09,832 - cyberbully - INFO - Model 'all-MiniLM-L6-v2' detected as SBERT-based. Using SBERTClassifier pipeline.
2026-06-16 03:26:09,833 - cyberbully - INFO - ============================================================
2026-06-16 03:26:09,833 - cyberbully - INFO - Cyberbullying Detection Pipeline
2026-06-16 03:26:09,833 - cyberbully - INFO - ============================================================
2026-06-16 03:26:09,833 - cyberbully - INFO - Configuration:
2026-06-16 03:26:09,833 - cyberbully - INFO -   model          : all-MiniLM-L6-v2
2026-06-16 03:26:09,833 - cyberbully - INFO -   dataset        : ieee
2026-06-16 03:26:09,833 - cyberbully - INFO -   preprocess     : False
2026-06-16 03:26:09,833 - cyberbully - INFO -   prep_mode      : 2
2026-06-16 03:26:09,833 - cyberbully - INFO -   augment        : False
2026-06-16 03:26:09,833 - cyberbully - INFO -   compute_attribution: False
2026-06-16 03:26:09,833 - cyberbully - INFO -   seed           : 87212562
2026-06-16 03:26:09,833 - cyberbully - INFO -   epochs         : 10
2026-06-16 03:26:09,833 - cyberbully - INFO -   batch_size     : 32
2026-06-16 03:26:09,833 - cyberbully - INFO -   lr             : 5e-05
2026-06-16 03:26:09,833 - cyberbully - INFO -   max_length     : 128
2026-06-16 03:26:09,833 - cyberbully - INFO -   output_dir     : grid-search
2026-06-16 03:26:09,833 - cyberbully - INFO -   data_dir       : dataset
2026-06-16 03:26:09,833 - cyberbully - INFO -   sbert          : True
2026-06-16 03:26:09,833 - cyberbully - INFO -   supcon         : False
2026-06-16 03:26:09,833 - cyberbully - INFO -   supcon_weight  : 0.1
2026-06-16 03:26:09,833 - cyberbully - INFO -   proj_dim       : 128
2026-06-16 03:26:09,833 - cyberbully - INFO -   grad_accum_steps: 1
2026-06-16 03:26:09,833 - cyberbully - INFO -   overwrite      : False
2026-06-16 03:26:09,833 - cyberbully - INFO -   device         : cuda
2026-06-16 03:26:09,833 - cyberbully - INFO -   output_dir     : experiments/grid-search/all-MiniLM-L6-v2/ieee/prep2_aug0/seed_87212562
2026-06-16 03:26:09,833 - cyberbully - INFO - ============================================================
2026-06-16 03:26:09,833 - cyberbully - INFO - Step 1: Preparing data...
2026-06-16 03:26:09,837 - cyberbully - INFO - Loaded pre-split data from dataset/ieee — train: 1348, val: 338, test: 422
2026-06-16 03:26:09,837 - cyberbully - INFO - Label mapping: {'Cyberstalking': 0, 'Doxing': 1, 'Revenge Porn': 2, 'Sexual Harassment': 3, 'Slut Shaming': 4}
2026-06-16 03:26:09,837 - cyberbully - INFO - Applying partial text preprocessing per split...
2026-06-16 03:26:09,892 - cyberbully - INFO - After preprocessing -- train: 1348, val: 338, test: 422
2026-06-16 03:26:09,893 - cyberbully - INFO - Number of classes: 5
2026-06-16 03:26:09,894 - cyberbully - INFO - Step 2: Loading model and tokenizer...
2026-06-16 03:26:09,894 - cyberbully - INFO - Loading model 'all-MiniLM-L6-v2' with 5 labels (sbert=True, supcon=False)
2026-06-16 03:26:15,293 - cyberbully - INFO - SBERTClassifier: embedding_dim=384, hidden=256, proj_dim=None, num_labels=5
2026-06-16 03:26:15,853 - cyberbully - INFO - Step 3: Creating datasets...
2026-06-16 03:26:15,873 - cyberbully - INFO - Dataset sizes — train: 1348, val: 338, test: 422
2026-06-16 03:26:15,874 - cyberbully - INFO - Step 4: Training...
2026-06-16 03:26:15,890 - cyberbully - INFO - Starting training...
2026-06-16 03:26:25,338 - cyberbully - INFO - Training complete.
2026-06-16 03:26:25,357 - cyberbully - INFO - Removed checkpoint: experiments/grid-search/all-MiniLM-L6-v2/ieee/prep2_aug0/seed_87212562/checkpoint-215
2026-06-16 03:26:25,377 - cyberbully - INFO - Removed checkpoint: experiments/grid-search/all-MiniLM-L6-v2/ieee/prep2_aug0/seed_87212562/checkpoint-387
2026-06-16 03:26:25,398 - cyberbully - INFO - Removed checkpoint: experiments/grid-search/all-MiniLM-L6-v2/ieee/prep2_aug0/seed_87212562/checkpoint-86
2026-06-16 03:26:25,418 - cyberbully - INFO - Removed checkpoint: experiments/grid-search/all-MiniLM-L6-v2/ieee/prep2_aug0/seed_87212562/checkpoint-129
2026-06-16 03:26:25,440 - cyberbully - INFO - Removed checkpoint: experiments/grid-search/all-MiniLM-L6-v2/ieee/prep2_aug0/seed_87212562/checkpoint-344
2026-06-16 03:26:25,461 - cyberbully - INFO - Removed checkpoint: experiments/grid-search/all-MiniLM-L6-v2/ieee/prep2_aug0/seed_87212562/checkpoint-258
2026-06-16 03:26:25,483 - cyberbully - INFO - Removed checkpoint: experiments/grid-search/all-MiniLM-L6-v2/ieee/prep2_aug0/seed_87212562/checkpoint-43
2026-06-16 03:26:25,503 - cyberbully - INFO - Removed checkpoint: experiments/grid-search/all-MiniLM-L6-v2/ieee/prep2_aug0/seed_87212562/checkpoint-301
2026-06-16 03:26:25,524 - cyberbully - INFO - Removed checkpoint: experiments/grid-search/all-MiniLM-L6-v2/ieee/prep2_aug0/seed_87212562/checkpoint-172
2026-06-16 03:26:25,544 - cyberbully - INFO - Removed checkpoint: experiments/grid-search/all-MiniLM-L6-v2/ieee/prep2_aug0/seed_87212562/checkpoint-430
2026-06-16 03:26:25,544 - cyberbully - INFO - Step 5: Evaluating on test set...
2026-06-16 03:26:31,645 - cyberbully - INFO - Metrics saved to experiments/grid-search/all-MiniLM-L6-v2/ieee/prep2_aug0/seed_87212562/metrics.json
2026-06-16 03:26:31,645 - cyberbully - INFO - Confusion matrix saved to experiments/grid-search/all-MiniLM-L6-v2/ieee/prep2_aug0/seed_87212562/confusion_matrix.json
2026-06-16 03:26:31,650 - cyberbully - INFO - Per-sample predictions saved to experiments/grid-search/all-MiniLM-L6-v2/ieee/prep2_aug0/seed_87212562/predictions.json
2026-06-16 03:26:31,759 - cyberbully - INFO - Confusion matrix figure saved to experiments/grid-search/all-MiniLM-L6-v2/ieee/prep2_aug0/seed_87212562/confusion_matrix.pdf
2026-06-16 03:26:31,760 - cyberbully - INFO - Accuracy: 0.8389
2026-06-16 03:26:31,760 - cyberbully - INFO - Weighted F1: 0.8399
2026-06-16 03:26:31,760 - cyberbully - INFO - Micro F1: 0.8389
2026-06-16 03:26:31,760 - cyberbully - INFO - Inference time: 0.05 seconds
2026-06-16 03:26:31,760 - cyberbully - INFO - Energy consumption: 0.000015 kWh
2026-06-16 03:26:31,760 - cyberbully - INFO - ============================================================
2026-06-16 03:26:31,760 - cyberbully - INFO - Pipeline complete. Results saved to: experiments/grid-search/all-MiniLM-L6-v2/ieee/prep2_aug0/seed_87212562
2026-06-16 03:26:31,760 - cyberbully - INFO - ============================================================
