2026-06-15 23:06:58,390 - cyberbully - INFO - ============================================================
2026-06-15 23:06:58,390 - cyberbully - INFO - Cyberbullying Detection Pipeline
2026-06-15 23:06:58,390 - cyberbully - INFO - ============================================================
2026-06-15 23:06:58,390 - cyberbully - INFO - Configuration:
2026-06-15 23:06:58,390 - cyberbully - INFO -   model          : Twitter/twhin-bert-base
2026-06-15 23:06:58,390 - cyberbully - INFO -   dataset        : ieee
2026-06-15 23:06:58,390 - cyberbully - INFO -   preprocess     : False
2026-06-15 23:06:58,390 - cyberbully - INFO -   prep_mode      : 2
2026-06-15 23:06:58,390 - cyberbully - INFO -   augment        : False
2026-06-15 23:06:58,390 - cyberbully - INFO -   compute_attribution: False
2026-06-15 23:06:58,390 - cyberbully - INFO -   seed           : 14298463
2026-06-15 23:06:58,390 - cyberbully - INFO -   epochs         : 10
2026-06-15 23:06:58,390 - cyberbully - INFO -   batch_size     : 32
2026-06-15 23:06:58,390 - cyberbully - INFO -   lr             : 5e-05
2026-06-15 23:06:58,390 - cyberbully - INFO -   max_length     : 128
2026-06-15 23:06:58,390 - cyberbully - INFO -   output_dir     : grid-search
2026-06-15 23:06:58,390 - cyberbully - INFO -   data_dir       : dataset
2026-06-15 23:06:58,390 - cyberbully - INFO -   sbert          : False
2026-06-15 23:06:58,390 - cyberbully - INFO -   supcon         : False
2026-06-15 23:06:58,390 - cyberbully - INFO -   supcon_weight  : 0.1
2026-06-15 23:06:58,390 - cyberbully - INFO -   proj_dim       : 128
2026-06-15 23:06:58,390 - cyberbully - INFO -   grad_accum_steps: 1
2026-06-15 23:06:58,390 - cyberbully - INFO -   overwrite      : False
2026-06-15 23:06:58,390 - cyberbully - INFO -   device         : cuda
2026-06-15 23:06:58,390 - cyberbully - INFO -   output_dir     : experiments/grid-search/Twitter_twhin-bert-base/ieee/prep2_aug0/seed_14298463
2026-06-15 23:06:58,390 - cyberbully - INFO - ============================================================
2026-06-15 23:06:58,391 - cyberbully - INFO - Step 1: Preparing data...
2026-06-15 23:06:58,394 - cyberbully - INFO - Loaded pre-split data from dataset/ieee — train: 1348, val: 338, test: 422
2026-06-15 23:06:58,394 - cyberbully - INFO - Label mapping: {'Cyberstalking': 0, 'Doxing': 1, 'Revenge Porn': 2, 'Sexual Harassment': 3, 'Slut Shaming': 4}
2026-06-15 23:06:58,395 - cyberbully - INFO - Applying partial text preprocessing per split...
2026-06-15 23:06:58,447 - cyberbully - INFO - After preprocessing -- train: 1348, val: 338, test: 422
2026-06-15 23:06:58,449 - cyberbully - INFO - Number of classes: 5
2026-06-15 23:06:58,450 - cyberbully - INFO - Step 2: Loading model and tokenizer...
2026-06-15 23:06:58,450 - cyberbully - INFO - Loading model 'Twitter/twhin-bert-base' with 5 labels (sbert=False, supcon=False)
2026-06-15 23:07:16,704 - cyberbully - INFO - Step 3: Creating datasets...
2026-06-15 23:07:16,735 - cyberbully - INFO - Dataset sizes — train: 1348, val: 338, test: 422
2026-06-15 23:07:16,735 - cyberbully - INFO - Step 4: Training...
2026-06-15 23:07:17,068 - cyberbully - INFO - Starting training...
2026-06-15 23:11:24,104 - cyberbully - INFO - Training complete.
2026-06-15 23:11:24,267 - cyberbully - INFO - Removed checkpoint: experiments/grid-search/Twitter_twhin-bert-base/ieee/prep2_aug0/seed_14298463/checkpoint-172
2026-06-15 23:11:24,939 - cyberbully - INFO - Removed checkpoint: experiments/grid-search/Twitter_twhin-bert-base/ieee/prep2_aug0/seed_14298463/checkpoint-258
2026-06-15 23:11:25,123 - cyberbully - INFO - Removed checkpoint: experiments/grid-search/Twitter_twhin-bert-base/ieee/prep2_aug0/seed_14298463/checkpoint-387
2026-06-15 23:11:25,288 - cyberbully - INFO - Removed checkpoint: experiments/grid-search/Twitter_twhin-bert-base/ieee/prep2_aug0/seed_14298463/checkpoint-43
2026-06-15 23:11:25,479 - cyberbully - INFO - Removed checkpoint: experiments/grid-search/Twitter_twhin-bert-base/ieee/prep2_aug0/seed_14298463/checkpoint-430
2026-06-15 23:11:25,654 - cyberbully - INFO - Removed checkpoint: experiments/grid-search/Twitter_twhin-bert-base/ieee/prep2_aug0/seed_14298463/checkpoint-301
2026-06-15 23:11:25,897 - cyberbully - INFO - Removed checkpoint: experiments/grid-search/Twitter_twhin-bert-base/ieee/prep2_aug0/seed_14298463/checkpoint-344
2026-06-15 23:11:26,059 - cyberbully - INFO - Removed checkpoint: experiments/grid-search/Twitter_twhin-bert-base/ieee/prep2_aug0/seed_14298463/checkpoint-129
2026-06-15 23:11:26,227 - cyberbully - INFO - Removed checkpoint: experiments/grid-search/Twitter_twhin-bert-base/ieee/prep2_aug0/seed_14298463/checkpoint-215
2026-06-15 23:11:26,391 - cyberbully - INFO - Removed checkpoint: experiments/grid-search/Twitter_twhin-bert-base/ieee/prep2_aug0/seed_14298463/checkpoint-86
2026-06-15 23:11:26,391 - cyberbully - INFO - Step 5: Evaluating on test set...
2026-06-15 23:11:32,898 - cyberbully - INFO - Metrics saved to experiments/grid-search/Twitter_twhin-bert-base/ieee/prep2_aug0/seed_14298463/metrics.json
2026-06-15 23:11:32,898 - cyberbully - INFO - Confusion matrix saved to experiments/grid-search/Twitter_twhin-bert-base/ieee/prep2_aug0/seed_14298463/confusion_matrix.json
2026-06-15 23:11:32,903 - cyberbully - INFO - Per-sample predictions saved to experiments/grid-search/Twitter_twhin-bert-base/ieee/prep2_aug0/seed_14298463/predictions.json
2026-06-15 23:11:33,012 - cyberbully - INFO - Confusion matrix figure saved to experiments/grid-search/Twitter_twhin-bert-base/ieee/prep2_aug0/seed_14298463/confusion_matrix.pdf
2026-06-15 23:11:33,012 - cyberbully - INFO - Accuracy: 0.8081
2026-06-15 23:11:33,012 - cyberbully - INFO - Weighted F1: 0.8124
2026-06-15 23:11:33,012 - cyberbully - INFO - Micro F1: 0.8081
2026-06-15 23:11:33,012 - cyberbully - INFO - Inference time: 0.40 seconds
2026-06-15 23:11:33,012 - cyberbully - INFO - Energy consumption: 0.000048 kWh
2026-06-15 23:11:33,012 - cyberbully - INFO - ============================================================
2026-06-15 23:11:33,012 - cyberbully - INFO - Pipeline complete. Results saved to: experiments/grid-search/Twitter_twhin-bert-base/ieee/prep2_aug0/seed_14298463
2026-06-15 23:11:33,012 - cyberbully - INFO - ============================================================
