2026-03-27 10:15:07,490 - cyberbully - INFO - ============================================================
2026-03-27 10:15:07,490 - cyberbully - INFO - Cyberbullying Detection Pipeline
2026-03-27 10:15:07,490 - cyberbully - INFO - ============================================================
2026-03-27 10:15:07,490 - cyberbully - INFO - Configuration:
2026-03-27 10:15:07,490 - cyberbully - INFO -   model          : albert/albert-base-v2
2026-03-27 10:15:07,491 - cyberbully - INFO -   dataset        : kaggle
2026-03-27 10:15:07,491 - cyberbully - INFO -   preprocess     : False
2026-03-27 10:15:07,491 - cyberbully - INFO -   augment        : False
2026-03-27 10:15:07,491 - cyberbully - INFO -   compute_attribution: False
2026-03-27 10:15:07,491 - cyberbully - INFO -   seed           : 70681460
2026-03-27 10:15:07,491 - cyberbully - INFO -   epochs         : 10
2026-03-27 10:15:07,491 - cyberbully - INFO -   batch_size     : 64
2026-03-27 10:15:07,491 - cyberbully - INFO -   lr             : 5e-05
2026-03-27 10:15:07,491 - cyberbully - INFO -   max_length     : 128
2026-03-27 10:15:07,491 - cyberbully - INFO -   output_dir     : supcon-grid
2026-03-27 10:15:07,491 - cyberbully - INFO -   data_dir       : dataset
2026-03-27 10:15:07,491 - cyberbully - INFO -   sbert          : False
2026-03-27 10:15:07,491 - cyberbully - INFO -   supcon         : False
2026-03-27 10:15:07,491 - cyberbully - INFO -   supcon_weight  : 0.1
2026-03-27 10:15:07,491 - cyberbully - INFO -   proj_dim       : 128
2026-03-27 10:15:07,491 - cyberbully - INFO -   grad_accum_steps: 1
2026-03-27 10:15:07,491 - cyberbully - INFO -   overwrite      : False
2026-03-27 10:15:07,491 - cyberbully - INFO -   device         : cuda
2026-03-27 10:15:07,491 - cyberbully - INFO -   output_dir     : experiments/supcon-grid/albert_albert-base-v2/kaggle/prep0_aug0/seed_70681460
2026-03-27 10:15:07,491 - cyberbully - INFO - ============================================================
2026-03-27 10:15:07,491 - cyberbully - INFO - Step 1: Preparing data...
2026-03-27 10:15:07,538 - cyberbully - INFO - Loaded pre-split data from dataset/kaggle — train: 25604, val: 6401, test: 8002
2026-03-27 10:15:07,538 - cyberbully - INFO - Label mapping: {'age': 0, 'ethnicity': 1, 'gender': 2, 'other_cyberbullying': 3, 'religion': 4}
2026-03-27 10:15:07,548 - cyberbully - INFO - Number of classes: 5
2026-03-27 10:15:07,549 - cyberbully - INFO - Step 2: Loading model and tokenizer...
2026-03-27 10:15:07,550 - cyberbully - INFO - Loading model 'albert/albert-base-v2' with 5 labels (sbert=False, supcon=False)
2026-03-27 10:15:08,229 - cyberbully - INFO - Step 3: Creating datasets...
2026-03-27 10:15:08,960 - cyberbully - INFO - Dataset sizes — train: 25604, val: 6401, test: 8002
2026-03-27 10:15:08,960 - cyberbully - INFO - Step 4: Training...
2026-03-27 10:15:09,015 - cyberbully - INFO - Starting training...
2026-03-27 10:27:29,670 - cyberbully - INFO - Training complete.
2026-03-27 10:27:29,680 - cyberbully - INFO - Removed checkpoint: experiments/supcon-grid/albert_albert-base-v2/kaggle/prep0_aug0/seed_70681460/checkpoint-3208
2026-03-27 10:27:29,689 - cyberbully - INFO - Removed checkpoint: experiments/supcon-grid/albert_albert-base-v2/kaggle/prep0_aug0/seed_70681460/checkpoint-4010
2026-03-27 10:27:29,699 - cyberbully - INFO - Removed checkpoint: experiments/supcon-grid/albert_albert-base-v2/kaggle/prep0_aug0/seed_70681460/checkpoint-1203
2026-03-27 10:27:29,709 - cyberbully - INFO - Removed checkpoint: experiments/supcon-grid/albert_albert-base-v2/kaggle/prep0_aug0/seed_70681460/checkpoint-2005
2026-03-27 10:27:29,718 - cyberbully - INFO - Removed checkpoint: experiments/supcon-grid/albert_albert-base-v2/kaggle/prep0_aug0/seed_70681460/checkpoint-2807
2026-03-27 10:27:29,727 - cyberbully - INFO - Removed checkpoint: experiments/supcon-grid/albert_albert-base-v2/kaggle/prep0_aug0/seed_70681460/checkpoint-1604
2026-03-27 10:27:29,737 - cyberbully - INFO - Removed checkpoint: experiments/supcon-grid/albert_albert-base-v2/kaggle/prep0_aug0/seed_70681460/checkpoint-802
2026-03-27 10:27:29,746 - cyberbully - INFO - Removed checkpoint: experiments/supcon-grid/albert_albert-base-v2/kaggle/prep0_aug0/seed_70681460/checkpoint-2406
2026-03-27 10:27:29,756 - cyberbully - INFO - Removed checkpoint: experiments/supcon-grid/albert_albert-base-v2/kaggle/prep0_aug0/seed_70681460/checkpoint-401
2026-03-27 10:27:29,765 - cyberbully - INFO - Removed checkpoint: experiments/supcon-grid/albert_albert-base-v2/kaggle/prep0_aug0/seed_70681460/checkpoint-3609
2026-03-27 10:27:29,765 - cyberbully - INFO - Step 5: Evaluating on test set...
2026-03-27 10:27:40,896 - cyberbully - INFO - Metrics saved to experiments/supcon-grid/albert_albert-base-v2/kaggle/prep0_aug0/seed_70681460/metrics.json
2026-03-27 10:27:40,896 - cyberbully - INFO - Confusion matrix saved to experiments/supcon-grid/albert_albert-base-v2/kaggle/prep0_aug0/seed_70681460/confusion_matrix.json
2026-03-27 10:27:40,977 - cyberbully - INFO - Per-sample predictions saved to experiments/supcon-grid/albert_albert-base-v2/kaggle/prep0_aug0/seed_70681460/predictions.json
2026-03-27 10:27:41,083 - cyberbully - INFO - Confusion matrix figure saved to experiments/supcon-grid/albert_albert-base-v2/kaggle/prep0_aug0/seed_70681460/confusion_matrix.pdf
2026-03-27 10:27:41,083 - cyberbully - INFO - Accuracy: 0.9540
2026-03-27 10:27:41,083 - cyberbully - INFO - Weighted F1: 0.9542
2026-03-27 10:27:41,083 - cyberbully - INFO - Micro F1: 0.9540
2026-03-27 10:27:41,083 - cyberbully - INFO - Inference time: 6.90 seconds
2026-03-27 10:27:41,083 - cyberbully - INFO - Energy consumption: 0.000365 kWh
2026-03-27 10:27:41,085 - cyberbully - INFO - ============================================================
2026-03-27 10:27:41,085 - cyberbully - INFO - Pipeline complete. Results saved to: experiments/supcon-grid/albert_albert-base-v2/kaggle/prep0_aug0/seed_70681460
2026-03-27 10:27:41,085 - cyberbully - INFO - ============================================================
