2026-02-17 21:16:54,793 - cyberbully - INFO - ============================================================
2026-02-17 21:16:54,793 - cyberbully - INFO - Cyberbullying Detection Pipeline
2026-02-17 21:16:54,793 - cyberbully - INFO - ============================================================
2026-02-17 21:16:54,793 - cyberbully - INFO - Configuration:
2026-02-17 21:16:54,793 - cyberbully - INFO -   model          : Twitter/twhin-bert-base
2026-02-17 21:16:54,793 - cyberbully - INFO -   dataset        : kaggle
2026-02-17 21:16:54,793 - cyberbully - INFO -   preprocess     : False
2026-02-17 21:16:54,793 - cyberbully - INFO -   augment        : True
2026-02-17 21:16:54,793 - cyberbully - INFO -   compute_attribution: False
2026-02-17 21:16:54,794 - cyberbully - INFO -   seed           : 90995999
2026-02-17 21:16:54,794 - cyberbully - INFO -   epochs         : 5
2026-02-17 21:16:54,794 - cyberbully - INFO -   batch_size     : 16
2026-02-17 21:16:54,794 - cyberbully - INFO -   lr             : 2e-05
2026-02-17 21:16:54,794 - cyberbully - INFO -   max_length     : 128
2026-02-17 21:16:54,794 - cyberbully - INFO -   output_dir     : domain-model
2026-02-17 21:16:54,794 - cyberbully - INFO -   data_dir       : dataset
2026-02-17 21:16:54,794 - cyberbully - INFO -   sbert          : False
2026-02-17 21:16:54,794 - cyberbully - INFO -   overwrite      : False
2026-02-17 21:16:54,794 - cyberbully - INFO -   device         : cuda
2026-02-17 21:16:54,794 - cyberbully - INFO -   output_dir     : experiments/domain-model/Twitter_twhin-bert-base/kaggle/prep0_aug1/seed_90995999
2026-02-17 21:16:54,794 - cyberbully - INFO - ============================================================
2026-02-17 21:16:54,794 - cyberbully - INFO - Step 1: Preparing data...
2026-02-17 21:16:54,794 - cyberbully - INFO - Loading dataset 'kaggle' from dataset/Kaggle.csv
2026-02-17 21:16:54,852 - cyberbully - INFO - Loaded 47656 samples with 6 classes: ['age', 'ethnicity', 'gender', 'not_cyberbullying', 'other_cyberbullying', 'religion']
2026-02-17 21:16:54,854 - cyberbully - INFO - Label mapping: {'age': 0, 'ethnicity': 1, 'gender': 2, 'not_cyberbullying': 3, 'other_cyberbullying': 4, 'religion': 5}
2026-02-17 21:16:54,867 - cyberbully - INFO - Split sizes — train: 30499, val: 7625, test: 9532
2026-02-17 21:16:54,867 - cyberbully - INFO - Applying training data augmentation (oversampling)...
2026-02-17 21:16:54,873 - cyberbully - INFO - After oversampling — class distribution: {0: 5118, 1: 5118, 2: 5118, 3: 5118, 4: 5118, 5: 5118}
2026-02-17 21:16:54,874 - cyberbully - INFO - Number of classes: 6
2026-02-17 21:16:54,876 - cyberbully - INFO - Step 2: Loading model and tokenizer...
2026-02-17 21:16:54,876 - cyberbully - INFO - Loading model 'Twitter/twhin-bert-base' with 6 labels (sbert=False)
2026-02-17 21:16:56,227 - cyberbully - INFO - Step 3: Creating datasets...
2026-02-17 21:16:56,992 - cyberbully - INFO - Dataset sizes — train: 30708, val: 7625, test: 9532
2026-02-17 21:16:56,992 - cyberbully - INFO - Step 4: Training...
2026-02-17 21:16:57,304 - cyberbully - INFO - Starting training...
2026-02-17 21:30:58,060 - cyberbully - INFO - Training complete.
2026-02-17 21:30:58,060 - cyberbully - INFO - Step 5: Evaluating on test set...
2026-02-17 21:31:10,872 - cyberbully - INFO - Metrics saved to experiments/domain-model/Twitter_twhin-bert-base/kaggle/prep0_aug1/seed_90995999/metrics.json
2026-02-17 21:31:10,872 - cyberbully - INFO - Confusion matrix saved to experiments/domain-model/Twitter_twhin-bert-base/kaggle/prep0_aug1/seed_90995999/confusion_matrix.json
2026-02-17 21:31:10,984 - cyberbully - INFO - Confusion matrix figure saved to experiments/domain-model/Twitter_twhin-bert-base/kaggle/prep0_aug1/seed_90995999/confusion_matrix.pdf
2026-02-17 21:31:10,984 - cyberbully - INFO - Accuracy: 0.8783
2026-02-17 21:31:10,984 - cyberbully - INFO - Weighted F1: 0.8774
2026-02-17 21:31:10,985 - cyberbully - INFO - Micro F1: 0.8783
2026-02-17 21:31:10,985 - cyberbully - INFO - Inference time: 7.83 seconds
2026-02-17 21:31:10,985 - cyberbully - INFO - Energy consumption: 0.000476 kWh
2026-02-17 21:31:10,985 - cyberbully - INFO - ============================================================
2026-02-17 21:31:10,985 - cyberbully - INFO - Pipeline complete. Results saved to: experiments/domain-model/Twitter_twhin-bert-base/kaggle/prep0_aug1/seed_90995999
2026-02-17 21:31:10,985 - cyberbully - INFO - ============================================================
