2026-04-16 17:10:25,838 - cyberbully - INFO - Model 'all-mpnet-base-v2' detected as SBERT-based. Using SBERTClassifier pipeline.
2026-04-16 17:10:25,839 - cyberbully - INFO - ============================================================
2026-04-16 17:10:25,839 - cyberbully - INFO - Cyberbullying Detection Pipeline
2026-04-16 17:10:25,839 - cyberbully - INFO - ============================================================
2026-04-16 17:10:25,839 - cyberbully - INFO - Configuration:
2026-04-16 17:10:25,839 - cyberbully - INFO -   model          : all-mpnet-base-v2
2026-04-16 17:10:25,839 - cyberbully - INFO -   dataset        : ieee
2026-04-16 17:10:25,839 - cyberbully - INFO -   preprocess     : True
2026-04-16 17:10:25,839 - cyberbully - INFO -   augment        : True
2026-04-16 17:10:25,839 - cyberbully - INFO -   compute_attribution: False
2026-04-16 17:10:25,839 - cyberbully - INFO -   seed           : 24677315
2026-04-16 17:10:25,839 - cyberbully - INFO -   epochs         : 10
2026-04-16 17:10:25,839 - cyberbully - INFO -   batch_size     : 32
2026-04-16 17:10:25,839 - cyberbully - INFO -   lr             : 5e-05
2026-04-16 17:10:25,839 - cyberbully - INFO -   max_length     : 128
2026-04-16 17:10:25,839 - cyberbully - INFO -   output_dir     : grid-search
2026-04-16 17:10:25,839 - cyberbully - INFO -   data_dir       : dataset
2026-04-16 17:10:25,839 - cyberbully - INFO -   sbert          : True
2026-04-16 17:10:25,839 - cyberbully - INFO -   supcon         : False
2026-04-16 17:10:25,839 - cyberbully - INFO -   supcon_weight  : 0.1
2026-04-16 17:10:25,839 - cyberbully - INFO -   proj_dim       : 128
2026-04-16 17:10:25,839 - cyberbully - INFO -   grad_accum_steps: 1
2026-04-16 17:10:25,839 - cyberbully - INFO -   overwrite      : True
2026-04-16 17:10:25,839 - cyberbully - INFO -   device         : cuda
2026-04-16 17:10:25,839 - cyberbully - INFO -   output_dir     : experiments/grid-search/all-mpnet-base-v2/ieee/prep1_aug1/seed_24677315
2026-04-16 17:10:25,839 - cyberbully - INFO - ============================================================
2026-04-16 17:10:25,839 - cyberbully - INFO - Step 1: Preparing data...
2026-04-16 17:10:25,843 - cyberbully - INFO - Loaded pre-split data from dataset/ieee — train: 1348, val: 338, test: 422
2026-04-16 17:10:25,843 - cyberbully - INFO - Label mapping: {'Cyberstalking': 0, 'Doxing': 1, 'Revenge Porn': 2, 'Sexual Harassment': 3, 'Slut Shaming': 4}
2026-04-16 17:10:25,843 - cyberbully - INFO - Applying text preprocessing per split...
2026-04-16 17:10:29,862 - cyberbully - INFO - After preprocessing — train: 1176, val: 305, test: 377
2026-04-16 17:10:29,863 - cyberbully - INFO - Applying training data augmentation (oversampling)...
2026-04-16 17:10:29,864 - cyberbully - INFO - After oversampling — class distribution: {0: 287, 1: 287, 2: 287, 3: 287, 4: 287}
2026-04-16 17:10:29,865 - cyberbully - INFO - Number of classes: 5
2026-04-16 17:10:29,866 - cyberbully - INFO - Step 2: Loading model and tokenizer...
2026-04-16 17:10:29,866 - cyberbully - INFO - Loading model 'all-mpnet-base-v2' with 5 labels (sbert=True, supcon=False)
2026-04-16 17:10:33,820 - cyberbully - INFO - SBERTClassifier: embedding_dim=768, hidden=256, proj_dim=None, num_labels=5
2026-04-16 17:10:34,470 - cyberbully - INFO - Step 3: Creating datasets...
2026-04-16 17:10:34,502 - cyberbully - INFO - Dataset sizes — train: 1435, val: 305, test: 377
2026-04-16 17:10:34,502 - cyberbully - INFO - Step 4: Training...
2026-04-16 17:10:34,551 - cyberbully - INFO - Starting training...
2026-04-16 17:11:28,291 - cyberbully - INFO - Training complete.
2026-04-16 17:11:28,408 - cyberbully - INFO - Removed checkpoint: experiments/grid-search/all-mpnet-base-v2/ieee/prep1_aug1/seed_24677315/checkpoint-90
2026-04-16 17:11:28,491 - cyberbully - INFO - Removed checkpoint: experiments/grid-search/all-mpnet-base-v2/ieee/prep1_aug1/seed_24677315/checkpoint-180
2026-04-16 17:11:28,564 - cyberbully - INFO - Removed checkpoint: experiments/grid-search/all-mpnet-base-v2/ieee/prep1_aug1/seed_24677315/checkpoint-225
2026-04-16 17:11:28,763 - cyberbully - INFO - Removed checkpoint: experiments/grid-search/all-mpnet-base-v2/ieee/prep1_aug1/seed_24677315/checkpoint-135
2026-04-16 17:11:28,840 - cyberbully - INFO - Removed checkpoint: experiments/grid-search/all-mpnet-base-v2/ieee/prep1_aug1/seed_24677315/checkpoint-315
2026-04-16 17:11:28,915 - cyberbully - INFO - Removed checkpoint: experiments/grid-search/all-mpnet-base-v2/ieee/prep1_aug1/seed_24677315/checkpoint-450
2026-04-16 17:11:28,988 - cyberbully - INFO - Removed checkpoint: experiments/grid-search/all-mpnet-base-v2/ieee/prep1_aug1/seed_24677315/checkpoint-360
2026-04-16 17:11:29,460 - cyberbully - INFO - Removed checkpoint: experiments/grid-search/all-mpnet-base-v2/ieee/prep1_aug1/seed_24677315/checkpoint-45
2026-04-16 17:11:29,532 - cyberbully - INFO - Removed checkpoint: experiments/grid-search/all-mpnet-base-v2/ieee/prep1_aug1/seed_24677315/checkpoint-270
2026-04-16 17:11:29,604 - cyberbully - INFO - Removed checkpoint: experiments/grid-search/all-mpnet-base-v2/ieee/prep1_aug1/seed_24677315/checkpoint-405
2026-04-16 17:11:29,607 - cyberbully - INFO - Step 5: Evaluating on test set...
2026-04-16 17:11:34,513 - cyberbully - INFO - Metrics saved to experiments/grid-search/all-mpnet-base-v2/ieee/prep1_aug1/seed_24677315/metrics.json
2026-04-16 17:11:34,513 - cyberbully - INFO - Confusion matrix saved to experiments/grid-search/all-mpnet-base-v2/ieee/prep1_aug1/seed_24677315/confusion_matrix.json
2026-04-16 17:11:34,517 - cyberbully - INFO - Per-sample predictions saved to experiments/grid-search/all-mpnet-base-v2/ieee/prep1_aug1/seed_24677315/predictions.json
2026-04-16 17:11:34,619 - cyberbully - INFO - Confusion matrix figure saved to experiments/grid-search/all-mpnet-base-v2/ieee/prep1_aug1/seed_24677315/confusion_matrix.pdf
2026-04-16 17:11:34,619 - cyberbully - INFO - Accuracy: 0.8064
2026-04-16 17:11:34,620 - cyberbully - INFO - Weighted F1: 0.8086
2026-04-16 17:11:34,620 - cyberbully - INFO - Micro F1: 0.8064
2026-04-16 17:11:34,620 - cyberbully - INFO - Inference time: 0.28 seconds
2026-04-16 17:11:34,620 - cyberbully - INFO - Energy consumption: 0.000016 kWh
2026-04-16 17:11:34,620 - cyberbully - INFO - ============================================================
2026-04-16 17:11:34,620 - cyberbully - INFO - Pipeline complete. Results saved to: experiments/grid-search/all-mpnet-base-v2/ieee/prep1_aug1/seed_24677315
2026-04-16 17:11:34,620 - cyberbully - INFO - ============================================================
