2026-02-20 08:13:16,724 - cyberbully - INFO - ============================================================
2026-02-20 08:13:16,725 - cyberbully - INFO - Cyberbullying Detection Pipeline
2026-02-20 08:13:16,725 - cyberbully - INFO - ============================================================
2026-02-20 08:13:16,725 - cyberbully - INFO - Configuration:
2026-02-20 08:13:16,725 - cyberbully - INFO -   model          : all-MiniLM-L6-v2
2026-02-20 08:13:16,725 - cyberbully - INFO -   dataset        : kaggle
2026-02-20 08:13:16,725 - cyberbully - INFO -   preprocess     : True
2026-02-20 08:13:16,725 - cyberbully - INFO -   augment        : True
2026-02-20 08:13:16,725 - cyberbully - INFO -   compute_attribution: False
2026-02-20 08:13:16,725 - cyberbully - INFO -   seed           : 37622020
2026-02-20 08:13:16,725 - cyberbully - INFO -   epochs         : 5
2026-02-20 08:13:16,725 - cyberbully - INFO -   batch_size     : 16
2026-02-20 08:13:16,725 - cyberbully - INFO -   lr             : 2e-05
2026-02-20 08:13:16,725 - cyberbully - INFO -   max_length     : 128
2026-02-20 08:13:16,725 - cyberbully - INFO -   output_dir     : sbert-model
2026-02-20 08:13:16,725 - cyberbully - INFO -   data_dir       : dataset
2026-02-20 08:13:16,725 - cyberbully - INFO -   sbert          : True
2026-02-20 08:13:16,725 - cyberbully - INFO -   overwrite      : False
2026-02-20 08:13:16,725 - cyberbully - INFO -   device         : cuda
2026-02-20 08:13:16,725 - cyberbully - INFO -   output_dir     : experiments/sbert-model/all-MiniLM-L6-v2/kaggle/prep1_aug1/seed_37622020
2026-02-20 08:13:16,725 - cyberbully - INFO - ============================================================
2026-02-20 08:13:16,725 - cyberbully - INFO - Step 1: Preparing data...
2026-02-20 08:13:16,725 - cyberbully - INFO - Loading dataset 'kaggle' from dataset/Kaggle.csv
2026-02-20 08:13:16,785 - cyberbully - INFO - Loaded 47656 samples with 6 classes: ['age', 'ethnicity', 'gender', 'not_cyberbullying', 'other_cyberbullying', 'religion']
2026-02-20 08:13:16,785 - cyberbully - INFO - Applying text preprocessing...
2026-02-20 08:14:10,375 - cyberbully - INFO - After preprocessing: 41401 samples remain
2026-02-20 08:14:10,377 - cyberbully - INFO - Label mapping: {'age': 0, 'ethnicity': 1, 'gender': 2, 'not_cyberbullying': 3, 'other_cyberbullying': 4, 'religion': 5}
2026-02-20 08:14:10,388 - cyberbully - INFO - Split sizes — train: 26496, val: 6624, test: 8281
2026-02-20 08:14:10,388 - cyberbully - INFO - Applying training data augmentation (oversampling)...
2026-02-20 08:14:10,394 - cyberbully - INFO - After oversampling — class distribution: {0: 5069, 1: 5069, 2: 5069, 3: 5069, 4: 5069, 5: 5069}
2026-02-20 08:14:10,395 - cyberbully - INFO - Number of classes: 6
2026-02-20 08:14:10,396 - cyberbully - INFO - Step 2: Loading model and tokenizer...
2026-02-20 08:14:10,396 - cyberbully - INFO - Loading model 'all-MiniLM-L6-v2' with 6 labels (sbert=True)
2026-02-20 08:14:12,999 - cyberbully - INFO - SBERTClassifier: embedding_dim=384, hidden=256, num_labels=6
2026-02-20 08:14:13,292 - cyberbully - INFO - Step 3: Creating datasets...
2026-02-20 08:14:14,201 - cyberbully - INFO - Dataset sizes — train: 30414, val: 6624, test: 8281
2026-02-20 08:14:14,201 - cyberbully - INFO - Step 4: Training...
2026-02-20 08:14:14,243 - cyberbully - INFO - Starting training...
2026-02-20 08:16:41,944 - cyberbully - INFO - Training complete.
2026-02-20 08:16:41,944 - cyberbully - INFO - Step 5: Evaluating on test set...
2026-02-20 08:16:47,857 - cyberbully - INFO - Metrics saved to experiments/sbert-model/all-MiniLM-L6-v2/kaggle/prep1_aug1/seed_37622020/metrics.json
2026-02-20 08:16:47,857 - cyberbully - INFO - Confusion matrix saved to experiments/sbert-model/all-MiniLM-L6-v2/kaggle/prep1_aug1/seed_37622020/confusion_matrix.json
2026-02-20 08:16:47,969 - cyberbully - INFO - Confusion matrix figure saved to experiments/sbert-model/all-MiniLM-L6-v2/kaggle/prep1_aug1/seed_37622020/confusion_matrix.pdf
2026-02-20 08:16:47,969 - cyberbully - INFO - Accuracy: 0.8734
2026-02-20 08:16:47,969 - cyberbully - INFO - Weighted F1: 0.8733
2026-02-20 08:16:47,969 - cyberbully - INFO - Micro F1: 0.8734
2026-02-20 08:16:47,969 - cyberbully - INFO - Inference time: 1.60 seconds
2026-02-20 08:16:47,969 - cyberbully - INFO - Energy consumption: 0.000092 kWh
2026-02-20 08:16:47,969 - cyberbully - INFO - ============================================================
2026-02-20 08:16:47,969 - cyberbully - INFO - Pipeline complete. Results saved to: experiments/sbert-model/all-MiniLM-L6-v2/kaggle/prep1_aug1/seed_37622020
2026-02-20 08:16:47,970 - cyberbully - INFO - ============================================================
