2026-06-15 12:21:10,729 - cyberbully - INFO - ============================================================
2026-06-15 12:21:10,729 - cyberbully - INFO - Cyberbullying Detection Pipeline
2026-06-15 12:21:10,729 - cyberbully - INFO - ============================================================
2026-06-15 12:21:10,729 - cyberbully - INFO - Configuration:
2026-06-15 12:21:10,729 - cyberbully - INFO -   model          : chandar-lab/NeoBERT
2026-06-15 12:21:10,729 - cyberbully - INFO -   dataset        : kaggle
2026-06-15 12:21:10,729 - cyberbully - INFO -   preprocess     : False
2026-06-15 12:21:10,729 - cyberbully - INFO -   prep_mode      : 2
2026-06-15 12:21:10,729 - cyberbully - INFO -   augment        : False
2026-06-15 12:21:10,729 - cyberbully - INFO -   compute_attribution: False
2026-06-15 12:21:10,729 - cyberbully - INFO -   seed           : 52680723
2026-06-15 12:21:10,729 - cyberbully - INFO -   epochs         : 10
2026-06-15 12:21:10,729 - cyberbully - INFO -   batch_size     : 32
2026-06-15 12:21:10,729 - cyberbully - INFO -   lr             : 5e-05
2026-06-15 12:21:10,729 - cyberbully - INFO -   max_length     : 128
2026-06-15 12:21:10,729 - cyberbully - INFO -   output_dir     : grid-search
2026-06-15 12:21:10,729 - cyberbully - INFO -   data_dir       : dataset
2026-06-15 12:21:10,729 - cyberbully - INFO -   sbert          : False
2026-06-15 12:21:10,729 - cyberbully - INFO -   supcon         : False
2026-06-15 12:21:10,729 - cyberbully - INFO -   supcon_weight  : 0.1
2026-06-15 12:21:10,729 - cyberbully - INFO -   proj_dim       : 128
2026-06-15 12:21:10,729 - cyberbully - INFO -   grad_accum_steps: 1
2026-06-15 12:21:10,729 - cyberbully - INFO -   overwrite      : False
2026-06-15 12:21:10,729 - cyberbully - INFO -   device         : cuda
2026-06-15 12:21:10,729 - cyberbully - INFO -   output_dir     : experiments/grid-search/chandar-lab_NeoBERT/kaggle/prep2_aug0/seed_52680723
2026-06-15 12:21:10,729 - cyberbully - INFO - ============================================================
2026-06-15 12:21:10,729 - cyberbully - INFO - Step 1: Preparing data...
2026-06-15 12:21:10,777 - cyberbully - INFO - Loaded pre-split data from dataset/kaggle — train: 25604, val: 6401, test: 8002
2026-06-15 12:21:10,777 - cyberbully - INFO - Label mapping: {'age': 0, 'ethnicity': 1, 'gender': 2, 'other_cyberbullying': 3, 'religion': 4}
2026-06-15 12:21:10,778 - cyberbully - INFO - Applying partial text preprocessing per split...
2026-06-15 12:21:12,075 - cyberbully - INFO - After preprocessing -- train: 25604, val: 6401, test: 8002
2026-06-15 12:21:12,079 - cyberbully - INFO - Number of classes: 5
2026-06-15 12:21:12,080 - cyberbully - INFO - Step 2: Loading model and tokenizer...
2026-06-15 12:21:12,080 - cyberbully - INFO - Loading model 'chandar-lab/NeoBERT' with 5 labels (sbert=False, supcon=False)
2026-06-15 12:21:13,823 - cyberbully - INFO - Step 3: Creating datasets...
2026-06-15 12:21:14,605 - cyberbully - INFO - Dataset sizes — train: 25604, val: 6401, test: 8002
2026-06-15 12:21:14,605 - cyberbully - INFO - Step 4: Training...
2026-06-15 12:21:14,928 - cyberbully - INFO - Starting training...
2026-06-15 12:54:29,331 - cyberbully - INFO - Training complete.
2026-06-15 12:54:29,457 - cyberbully - INFO - Removed checkpoint: experiments/grid-search/chandar-lab_NeoBERT/kaggle/prep2_aug0/seed_52680723/checkpoint-5607
2026-06-15 12:54:29,609 - cyberbully - INFO - Removed checkpoint: experiments/grid-search/chandar-lab_NeoBERT/kaggle/prep2_aug0/seed_52680723/checkpoint-8010
2026-06-15 12:54:29,748 - cyberbully - INFO - Removed checkpoint: experiments/grid-search/chandar-lab_NeoBERT/kaggle/prep2_aug0/seed_52680723/checkpoint-6408
2026-06-15 12:54:29,877 - cyberbully - INFO - Removed checkpoint: experiments/grid-search/chandar-lab_NeoBERT/kaggle/prep2_aug0/seed_52680723/checkpoint-1602
2026-06-15 12:54:30,006 - cyberbully - INFO - Removed checkpoint: experiments/grid-search/chandar-lab_NeoBERT/kaggle/prep2_aug0/seed_52680723/checkpoint-3204
2026-06-15 12:54:30,133 - cyberbully - INFO - Removed checkpoint: experiments/grid-search/chandar-lab_NeoBERT/kaggle/prep2_aug0/seed_52680723/checkpoint-7209
2026-06-15 12:54:30,262 - cyberbully - INFO - Removed checkpoint: experiments/grid-search/chandar-lab_NeoBERT/kaggle/prep2_aug0/seed_52680723/checkpoint-4005
2026-06-15 12:54:30,390 - cyberbully - INFO - Removed checkpoint: experiments/grid-search/chandar-lab_NeoBERT/kaggle/prep2_aug0/seed_52680723/checkpoint-4806
2026-06-15 12:54:30,523 - cyberbully - INFO - Removed checkpoint: experiments/grid-search/chandar-lab_NeoBERT/kaggle/prep2_aug0/seed_52680723/checkpoint-801
2026-06-15 12:54:30,652 - cyberbully - INFO - Removed checkpoint: experiments/grid-search/chandar-lab_NeoBERT/kaggle/prep2_aug0/seed_52680723/checkpoint-2403
2026-06-15 12:54:30,652 - cyberbully - INFO - Step 5: Evaluating on test set...
2026-06-15 12:54:53,147 - cyberbully - INFO - Metrics saved to experiments/grid-search/chandar-lab_NeoBERT/kaggle/prep2_aug0/seed_52680723/metrics.json
2026-06-15 12:54:53,147 - cyberbully - INFO - Confusion matrix saved to experiments/grid-search/chandar-lab_NeoBERT/kaggle/prep2_aug0/seed_52680723/confusion_matrix.json
2026-06-15 12:54:53,234 - cyberbully - INFO - Per-sample predictions saved to experiments/grid-search/chandar-lab_NeoBERT/kaggle/prep2_aug0/seed_52680723/predictions.json
2026-06-15 12:54:53,342 - cyberbully - INFO - Confusion matrix figure saved to experiments/grid-search/chandar-lab_NeoBERT/kaggle/prep2_aug0/seed_52680723/confusion_matrix.pdf
2026-06-15 12:54:53,342 - cyberbully - INFO - Accuracy: 0.9471
2026-06-15 12:54:53,342 - cyberbully - INFO - Weighted F1: 0.9473
2026-06-15 12:54:53,342 - cyberbully - INFO - Micro F1: 0.9471
2026-06-15 12:54:53,342 - cyberbully - INFO - Inference time: 16.34 seconds
2026-06-15 12:54:53,342 - cyberbully - INFO - Energy consumption: 0.000967 kWh
2026-06-15 12:54:53,344 - cyberbully - INFO - ============================================================
2026-06-15 12:54:53,344 - cyberbully - INFO - Pipeline complete. Results saved to: experiments/grid-search/chandar-lab_NeoBERT/kaggle/prep2_aug0/seed_52680723
2026-06-15 12:54:53,344 - cyberbully - INFO - ============================================================
