2026-04-15 13:59:02,983 - cyberbully - INFO - Model 'all-mpnet-base-v2' detected as SBERT-based. Using SBERTClassifier pipeline.
2026-04-15 13:59:02,983 - cyberbully - INFO - ============================================================
2026-04-15 13:59:02,983 - cyberbully - INFO - Cyberbullying Detection Pipeline
2026-04-15 13:59:02,983 - cyberbully - INFO - ============================================================
2026-04-15 13:59:02,983 - cyberbully - INFO - Configuration:
2026-04-15 13:59:02,983 - cyberbully - INFO -   model          : all-mpnet-base-v2
2026-04-15 13:59:02,983 - cyberbully - INFO -   dataset        : ieee
2026-04-15 13:59:02,983 - cyberbully - INFO -   preprocess     : False
2026-04-15 13:59:02,983 - cyberbully - INFO -   augment        : False
2026-04-15 13:59:02,983 - cyberbully - INFO -   compute_attribution: False
2026-04-15 13:59:02,983 - cyberbully - INFO -   seed           : 99511865
2026-04-15 13:59:02,983 - cyberbully - INFO -   epochs         : 10
2026-04-15 13:59:02,983 - cyberbully - INFO -   batch_size     : 32
2026-04-15 13:59:02,983 - cyberbully - INFO -   lr             : 5e-05
2026-04-15 13:59:02,983 - cyberbully - INFO -   max_length     : 128
2026-04-15 13:59:02,983 - cyberbully - INFO -   output_dir     : grid-search
2026-04-15 13:59:02,983 - cyberbully - INFO -   data_dir       : dataset
2026-04-15 13:59:02,983 - cyberbully - INFO -   sbert          : True
2026-04-15 13:59:02,983 - cyberbully - INFO -   supcon         : False
2026-04-15 13:59:02,983 - cyberbully - INFO -   supcon_weight  : 0.1
2026-04-15 13:59:02,983 - cyberbully - INFO -   proj_dim       : 128
2026-04-15 13:59:02,983 - cyberbully - INFO -   grad_accum_steps: 1
2026-04-15 13:59:02,983 - cyberbully - INFO -   overwrite      : False
2026-04-15 13:59:02,983 - cyberbully - INFO -   device         : cuda
2026-04-15 13:59:02,983 - cyberbully - INFO -   output_dir     : experiments/grid-search/all-mpnet-base-v2/ieee/prep0_aug0/seed_99511865
2026-04-15 13:59:02,983 - cyberbully - INFO - ============================================================
2026-04-15 13:59:02,983 - cyberbully - INFO - Step 1: Preparing data...
2026-04-15 13:59:02,987 - cyberbully - INFO - Loaded pre-split data from dataset/ieee — train: 1348, val: 338, test: 422
2026-04-15 13:59:02,987 - cyberbully - INFO - Label mapping: {'Cyberstalking': 0, 'Doxing': 1, 'Revenge Porn': 2, 'Sexual Harassment': 3, 'Slut Shaming': 4}
2026-04-15 13:59:02,989 - cyberbully - INFO - Number of classes: 5
2026-04-15 13:59:02,990 - cyberbully - INFO - Step 2: Loading model and tokenizer...
2026-04-15 13:59:02,990 - cyberbully - INFO - Loading model 'all-mpnet-base-v2' with 5 labels (sbert=True, supcon=False)
2026-04-15 13:59:07,438 - cyberbully - INFO - SBERTClassifier: embedding_dim=768, hidden=256, proj_dim=None, num_labels=5
2026-04-15 13:59:08,018 - cyberbully - INFO - Step 3: Creating datasets...
2026-04-15 13:59:08,057 - cyberbully - INFO - Dataset sizes — train: 1348, val: 338, test: 422
2026-04-15 13:59:08,057 - cyberbully - INFO - Step 4: Training...
2026-04-15 13:59:08,108 - cyberbully - INFO - Starting training...
2026-04-15 13:59:57,223 - cyberbully - INFO - Training complete.
2026-04-15 13:59:58,058 - cyberbully - INFO - Removed checkpoint: experiments/grid-search/all-mpnet-base-v2/ieee/prep0_aug0/seed_99511865/checkpoint-172
2026-04-15 13:59:58,143 - cyberbully - INFO - Removed checkpoint: experiments/grid-search/all-mpnet-base-v2/ieee/prep0_aug0/seed_99511865/checkpoint-258
2026-04-15 13:59:58,218 - cyberbully - INFO - Removed checkpoint: experiments/grid-search/all-mpnet-base-v2/ieee/prep0_aug0/seed_99511865/checkpoint-387
2026-04-15 13:59:58,287 - cyberbully - INFO - Removed checkpoint: experiments/grid-search/all-mpnet-base-v2/ieee/prep0_aug0/seed_99511865/checkpoint-43
2026-04-15 13:59:58,362 - cyberbully - INFO - Removed checkpoint: experiments/grid-search/all-mpnet-base-v2/ieee/prep0_aug0/seed_99511865/checkpoint-430
2026-04-15 13:59:58,438 - cyberbully - INFO - Removed checkpoint: experiments/grid-search/all-mpnet-base-v2/ieee/prep0_aug0/seed_99511865/checkpoint-301
2026-04-15 13:59:58,513 - cyberbully - INFO - Removed checkpoint: experiments/grid-search/all-mpnet-base-v2/ieee/prep0_aug0/seed_99511865/checkpoint-344
2026-04-15 13:59:58,586 - cyberbully - INFO - Removed checkpoint: experiments/grid-search/all-mpnet-base-v2/ieee/prep0_aug0/seed_99511865/checkpoint-129
2026-04-15 13:59:58,828 - cyberbully - INFO - Removed checkpoint: experiments/grid-search/all-mpnet-base-v2/ieee/prep0_aug0/seed_99511865/checkpoint-215
2026-04-15 13:59:58,891 - cyberbully - INFO - Removed checkpoint: experiments/grid-search/all-mpnet-base-v2/ieee/prep0_aug0/seed_99511865/checkpoint-86
2026-04-15 13:59:58,891 - cyberbully - INFO - Step 5: Evaluating on test set...
2026-04-15 14:00:03,975 - cyberbully - INFO - Metrics saved to experiments/grid-search/all-mpnet-base-v2/ieee/prep0_aug0/seed_99511865/metrics.json
2026-04-15 14:00:03,975 - cyberbully - INFO - Confusion matrix saved to experiments/grid-search/all-mpnet-base-v2/ieee/prep0_aug0/seed_99511865/confusion_matrix.json
2026-04-15 14:00:03,979 - cyberbully - INFO - Per-sample predictions saved to experiments/grid-search/all-mpnet-base-v2/ieee/prep0_aug0/seed_99511865/predictions.json
2026-04-15 14:00:04,083 - cyberbully - INFO - Confusion matrix figure saved to experiments/grid-search/all-mpnet-base-v2/ieee/prep0_aug0/seed_99511865/confusion_matrix.pdf
2026-04-15 14:00:04,083 - cyberbully - INFO - Accuracy: 0.8294
2026-04-15 14:00:04,083 - cyberbully - INFO - Weighted F1: 0.8311
2026-04-15 14:00:04,083 - cyberbully - INFO - Micro F1: 0.8294
2026-04-15 14:00:04,083 - cyberbully - INFO - Inference time: 0.32 seconds
2026-04-15 14:00:04,083 - cyberbully - INFO - Energy consumption: 0.000018 kWh
2026-04-15 14:00:04,083 - cyberbully - INFO - ============================================================
2026-04-15 14:00:04,083 - cyberbully - INFO - Pipeline complete. Results saved to: experiments/grid-search/all-mpnet-base-v2/ieee/prep0_aug0/seed_99511865
2026-04-15 14:00:04,083 - cyberbully - INFO - ============================================================
