2026-03-18 20:14:15,044 - cyberbully - INFO - ============================================================
2026-03-18 20:14:15,044 - cyberbully - INFO - Cyberbullying Detection Pipeline
2026-03-18 20:14:15,044 - cyberbully - INFO - ============================================================
2026-03-18 20:14:15,044 - cyberbully - INFO - Configuration:
2026-03-18 20:14:15,044 - cyberbully - INFO -   model          : roberta-base
2026-03-18 20:14:15,044 - cyberbully - INFO -   dataset        : ieee
2026-03-18 20:14:15,044 - cyberbully - INFO -   preprocess     : True
2026-03-18 20:14:15,044 - cyberbully - INFO -   augment        : False
2026-03-18 20:14:15,044 - cyberbully - INFO -   compute_attribution: False
2026-03-18 20:14:15,044 - cyberbully - INFO -   seed           : 99511865
2026-03-18 20:14:15,044 - cyberbully - INFO -   epochs         : 10
2026-03-18 20:14:15,044 - cyberbully - INFO -   batch_size     : 32
2026-03-18 20:14:15,044 - cyberbully - INFO -   lr             : 5e-05
2026-03-18 20:14:15,044 - cyberbully - INFO -   max_length     : 128
2026-03-18 20:14:15,044 - cyberbully - INFO -   output_dir     : supcon-grid
2026-03-18 20:14:15,044 - cyberbully - INFO -   data_dir       : dataset
2026-03-18 20:14:15,044 - cyberbully - INFO -   sbert          : False
2026-03-18 20:14:15,044 - cyberbully - INFO -   supcon         : True
2026-03-18 20:14:15,044 - cyberbully - INFO -   supcon_weight  : 0.1
2026-03-18 20:14:15,044 - cyberbully - INFO -   proj_dim       : 128
2026-03-18 20:14:15,044 - cyberbully - INFO -   grad_accum_steps: 1
2026-03-18 20:14:15,044 - cyberbully - INFO -   overwrite      : False
2026-03-18 20:14:15,044 - cyberbully - INFO -   device         : cuda
2026-03-18 20:14:15,044 - cyberbully - INFO -   output_dir     : experiments/supcon-grid/roberta-base/ieee/prep1_aug0/seed_99511865
2026-03-18 20:14:15,044 - cyberbully - INFO - ============================================================
2026-03-18 20:14:15,044 - cyberbully - INFO - Step 1: Preparing data...
2026-03-18 20:14:15,048 - cyberbully - INFO - Loaded pre-split data from dataset/ieee — train: 1348, val: 338, test: 422
2026-03-18 20:14:15,048 - cyberbully - INFO - Label mapping: {'Cyberstalking': 0, 'Doxing': 1, 'Revenge Porn': 2, 'Sexual Harassment': 3, 'Slut Shaming': 4}
2026-03-18 20:14:15,048 - cyberbully - INFO - Applying text preprocessing per split...
2026-03-18 20:14:15,163 - cyberbully - INFO - After preprocessing — train: 1348, val: 338, test: 422
2026-03-18 20:14:15,165 - cyberbully - INFO - Number of classes: 5
2026-03-18 20:14:15,166 - cyberbully - INFO - Step 2: Loading model and tokenizer...
2026-03-18 20:14:15,166 - cyberbully - INFO - Loading model 'roberta-base' with 5 labels (sbert=False, supcon=True)
2026-03-18 20:14:15,874 - cyberbully - INFO - SupConClassifier: hidden_size=768, proj_dim=128, num_labels=5
2026-03-18 20:14:16,187 - cyberbully - INFO - Step 3: Creating datasets...
2026-03-18 20:14:16,212 - cyberbully - INFO - Dataset sizes — train: 1348, val: 338, test: 422
2026-03-18 20:14:16,212 - cyberbully - INFO - Step 4: Training...
2026-03-18 20:14:16,443 - cyberbully - INFO - Using SupConTrainer with supcon_weight=0.100
2026-03-18 20:14:16,443 - cyberbully - INFO - Starting training...
2026-03-18 20:15:24,291 - cyberbully - INFO - Training complete.
2026-03-18 20:15:24,371 - cyberbully - INFO - Removed checkpoint: experiments/supcon-grid/roberta-base/ieee/prep1_aug0/seed_99511865/checkpoint-172
2026-03-18 20:15:24,453 - cyberbully - INFO - Removed checkpoint: experiments/supcon-grid/roberta-base/ieee/prep1_aug0/seed_99511865/checkpoint-258
2026-03-18 20:15:24,540 - cyberbully - INFO - Removed checkpoint: experiments/supcon-grid/roberta-base/ieee/prep1_aug0/seed_99511865/checkpoint-387
2026-03-18 20:15:24,621 - cyberbully - INFO - Removed checkpoint: experiments/supcon-grid/roberta-base/ieee/prep1_aug0/seed_99511865/checkpoint-43
2026-03-18 20:15:24,705 - cyberbully - INFO - Removed checkpoint: experiments/supcon-grid/roberta-base/ieee/prep1_aug0/seed_99511865/checkpoint-430
2026-03-18 20:15:24,786 - cyberbully - INFO - Removed checkpoint: experiments/supcon-grid/roberta-base/ieee/prep1_aug0/seed_99511865/checkpoint-301
2026-03-18 20:15:24,868 - cyberbully - INFO - Removed checkpoint: experiments/supcon-grid/roberta-base/ieee/prep1_aug0/seed_99511865/checkpoint-344
2026-03-18 20:15:25,126 - cyberbully - INFO - Removed checkpoint: experiments/supcon-grid/roberta-base/ieee/prep1_aug0/seed_99511865/checkpoint-129
2026-03-18 20:15:25,205 - cyberbully - INFO - Removed checkpoint: experiments/supcon-grid/roberta-base/ieee/prep1_aug0/seed_99511865/checkpoint-215
2026-03-18 20:15:25,282 - cyberbully - INFO - Removed checkpoint: experiments/supcon-grid/roberta-base/ieee/prep1_aug0/seed_99511865/checkpoint-86
2026-03-18 20:15:25,282 - cyberbully - INFO - Step 5: Evaluating on test set...
2026-03-18 20:15:29,875 - cyberbully - INFO - Metrics saved to experiments/supcon-grid/roberta-base/ieee/prep1_aug0/seed_99511865/metrics.json
2026-03-18 20:15:29,875 - cyberbully - INFO - Confusion matrix saved to experiments/supcon-grid/roberta-base/ieee/prep1_aug0/seed_99511865/confusion_matrix.json
2026-03-18 20:15:29,879 - cyberbully - INFO - Per-sample predictions saved to experiments/supcon-grid/roberta-base/ieee/prep1_aug0/seed_99511865/predictions.json
2026-03-18 20:15:29,980 - cyberbully - INFO - Confusion matrix figure saved to experiments/supcon-grid/roberta-base/ieee/prep1_aug0/seed_99511865/confusion_matrix.pdf
2026-03-18 20:15:29,980 - cyberbully - INFO - Accuracy: 0.8246
2026-03-18 20:15:29,980 - cyberbully - INFO - Weighted F1: 0.8278
2026-03-18 20:15:29,980 - cyberbully - INFO - Micro F1: 0.8246
2026-03-18 20:15:29,980 - cyberbully - INFO - Inference time: 0.31 seconds
2026-03-18 20:15:29,980 - cyberbully - INFO - Energy consumption: 0.000020 kWh
2026-03-18 20:15:29,980 - cyberbully - INFO - Step 5b: Plotting t-SNE of projection embeddings...
2026-03-18 20:15:30,261 - cyberbully - INFO - Running t-SNE on 422 samples with proj_dim=128, perplexity=30.0...
2026-03-18 20:15:31,078 - cyberbully - INFO - t-SNE static plot saved to experiments/supcon-grid/roberta-base/ieee/prep1_aug0/seed_99511865/projection_tsne.pdf
2026-03-18 20:15:31,197 - cyberbully - INFO - t-SNE interactive plot saved to experiments/supcon-grid/roberta-base/ieee/prep1_aug0/seed_99511865/projection_tsne.html
2026-03-18 20:15:31,197 - cyberbully - INFO - ============================================================
2026-03-18 20:15:31,197 - cyberbully - INFO - Pipeline complete. Results saved to: experiments/supcon-grid/roberta-base/ieee/prep1_aug0/seed_99511865
2026-03-18 20:15:31,197 - cyberbully - INFO - ============================================================
