2026-02-10 15:44:16,449 - cyberbully - INFO - ============================================================
2026-02-10 15:44:16,449 - cyberbully - INFO - Cyberbullying Detection Pipeline
2026-02-10 15:44:16,449 - cyberbully - INFO - ============================================================
2026-02-10 15:44:16,449 - cyberbully - INFO - Configuration:
2026-02-10 15:44:16,449 - cyberbully - INFO -   model          : bert-base-uncased
2026-02-10 15:44:16,449 - cyberbully - INFO -   dataset        : ieee
2026-02-10 15:44:16,449 - cyberbully - INFO -   preprocess     : True
2026-02-10 15:44:16,449 - cyberbully - INFO -   augment        : False
2026-02-10 15:44:16,449 - cyberbully - INFO -   compute_attribution: False
2026-02-10 15:44:16,449 - cyberbully - INFO -   seed           : 87212562
2026-02-10 15:44:16,449 - cyberbully - INFO -   epochs         : 5
2026-02-10 15:44:16,449 - cyberbully - INFO -   batch_size     : 16
2026-02-10 15:44:16,449 - cyberbully - INFO -   lr             : 2e-05
2026-02-10 15:44:16,449 - cyberbully - INFO -   max_length     : 128
2026-02-10 15:44:16,449 - cyberbully - INFO -   output_dir     : experiments
2026-02-10 15:44:16,449 - cyberbully - INFO -   data_dir       : dataset
2026-02-10 15:44:16,449 - cyberbully - INFO -   overwrite      : False
2026-02-10 15:44:16,449 - cyberbully - INFO -   device         : cuda
2026-02-10 15:44:16,449 - cyberbully - INFO -   output_dir     : experiments/bert-base-uncased/ieee/prep1_aug0/seed_87212562
2026-02-10 15:44:16,449 - cyberbully - INFO - ============================================================
2026-02-10 15:44:16,468 - cyberbully - INFO - Step 1: Preparing data...
2026-02-10 15:44:16,469 - cyberbully - INFO - Loading dataset 'ieee' from dataset/IEEE Data Port.csv
2026-02-10 15:44:16,475 - cyberbully - INFO - Loaded 2108 samples with 5 classes: ['Cyberstalking', 'Doxing', 'Revenge Porn', 'Sexual Harassment', 'Slut Shaming']
2026-02-10 15:44:16,475 - cyberbully - INFO - Applying text preprocessing...
2026-02-10 15:44:19,558 - cyberbully - INFO - After preprocessing: 1818 samples remain
2026-02-10 15:44:19,559 - cyberbully - INFO - Label mapping: {'Cyberstalking': 0, 'Doxing': 1, 'Revenge Porn': 2, 'Sexual Harassment': 3, 'Slut Shaming': 4}
2026-02-10 15:44:19,561 - cyberbully - INFO - Split sizes — train: 1163, val: 291, test: 364
2026-02-10 15:44:19,561 - cyberbully - INFO - Number of classes: 5
2026-02-10 15:44:19,561 - cyberbully - INFO - Step 2: Loading model and tokenizer...
2026-02-10 15:44:19,561 - cyberbully - INFO - Loading model 'bert-base-uncased' with 5 labels
2026-02-10 15:44:20,358 - cyberbully - INFO - Step 3: Tokenizing datasets...
2026-02-10 15:44:20,383 - cyberbully - INFO - Dataset sizes — train: 1163, val: 291, test: 364
2026-02-10 15:44:20,383 - cyberbully - INFO - Step 4: Training...
2026-02-10 15:44:20,624 - cyberbully - INFO - Starting training...
2026-02-10 15:44:43,718 - cyberbully - INFO - Training complete.
2026-02-10 15:44:43,718 - cyberbully - INFO - Step 5: Evaluating on test set...
2026-02-10 15:44:48,243 - cyberbully - INFO - Metrics saved to experiments/bert-base-uncased/ieee/prep1_aug0/seed_87212562/metrics.json
2026-02-10 15:44:48,243 - cyberbully - INFO - Confusion matrix saved to experiments/bert-base-uncased/ieee/prep1_aug0/seed_87212562/confusion_matrix.json
2026-02-10 15:44:48,344 - cyberbully - INFO - Confusion matrix figure saved to experiments/bert-base-uncased/ieee/prep1_aug0/seed_87212562/confusion_matrix.pdf
2026-02-10 15:44:48,344 - cyberbully - INFO - Accuracy: 0.8104
2026-02-10 15:44:48,345 - cyberbully - INFO - Weighted F1: 0.8103
2026-02-10 15:44:48,345 - cyberbully - INFO - Micro F1: 0.8104
2026-02-10 15:44:48,345 - cyberbully - INFO - Inference time: 0.28 seconds
2026-02-10 15:44:48,345 - cyberbully - INFO - Energy consumption: 0.000013 kWh
2026-02-10 15:44:48,345 - cyberbully - INFO - ============================================================
2026-02-10 15:44:48,345 - cyberbully - INFO - Pipeline complete. Results saved to: experiments/bert-base-uncased/ieee/prep1_aug0/seed_87212562
2026-02-10 15:44:48,345 - cyberbully - INFO - ============================================================
