2026-02-10 21:13:15,329 - cyberbully - INFO - ============================================================
2026-02-10 21:13:15,329 - cyberbully - INFO - Cyberbullying Detection Pipeline
2026-02-10 21:13:15,329 - cyberbully - INFO - ============================================================
2026-02-10 21:13:15,329 - cyberbully - INFO - Configuration:
2026-02-10 21:13:15,329 - cyberbully - INFO -   model          : bert-base-uncased
2026-02-10 21:13:15,329 - cyberbully - INFO -   dataset        : kaggle
2026-02-10 21:13:15,329 - cyberbully - INFO -   preprocess     : True
2026-02-10 21:13:15,329 - cyberbully - INFO -   augment        : True
2026-02-10 21:13:15,329 - cyberbully - INFO -   compute_attribution: False
2026-02-10 21:13:15,329 - cyberbully - INFO -   seed           : 24677315
2026-02-10 21:13:15,329 - cyberbully - INFO -   epochs         : 5
2026-02-10 21:13:15,329 - cyberbully - INFO -   batch_size     : 16
2026-02-10 21:13:15,329 - cyberbully - INFO -   lr             : 2e-05
2026-02-10 21:13:15,329 - cyberbully - INFO -   max_length     : 128
2026-02-10 21:13:15,329 - cyberbully - INFO -   output_dir     : experiments
2026-02-10 21:13:15,329 - cyberbully - INFO -   data_dir       : dataset
2026-02-10 21:13:15,329 - cyberbully - INFO -   overwrite      : False
2026-02-10 21:13:15,329 - cyberbully - INFO -   device         : cuda
2026-02-10 21:13:15,329 - cyberbully - INFO -   output_dir     : experiments/bert-base-uncased/kaggle/prep1_aug1/seed_24677315
2026-02-10 21:13:15,329 - cyberbully - INFO - ============================================================
2026-02-10 21:13:15,329 - cyberbully - INFO - Step 1: Preparing data...
2026-02-10 21:13:15,329 - cyberbully - INFO - Loading dataset 'kaggle' from dataset/Kaggle.csv
2026-02-10 21:13:15,388 - cyberbully - INFO - Loaded 47656 samples with 6 classes: ['age', 'ethnicity', 'gender', 'not_cyberbullying', 'other_cyberbullying', 'religion']
2026-02-10 21:13:15,388 - cyberbully - INFO - Applying text preprocessing...
2026-02-10 21:14:07,496 - cyberbully - INFO - After preprocessing: 41432 samples remain
2026-02-10 21:14:07,499 - cyberbully - INFO - Label mapping: {'age': 0, 'ethnicity': 1, 'gender': 2, 'not_cyberbullying': 3, 'other_cyberbullying': 4, 'religion': 5}
2026-02-10 21:14:07,510 - cyberbully - INFO - Split sizes — train: 26516, val: 6629, test: 8287
2026-02-10 21:14:07,510 - cyberbully - INFO - Applying training data augmentation (oversampling)...
2026-02-10 21:14:07,515 - cyberbully - INFO - After oversampling — class distribution: {0: 5066, 1: 5066, 2: 5066, 3: 5066, 4: 5066, 5: 5066}
2026-02-10 21:14:07,516 - cyberbully - INFO - Number of classes: 6
2026-02-10 21:14:07,516 - cyberbully - INFO - Step 2: Loading model and tokenizer...
2026-02-10 21:14:07,516 - cyberbully - INFO - Loading model 'bert-base-uncased' with 6 labels
2026-02-10 21:14:08,243 - cyberbully - INFO - Step 3: Tokenizing datasets...
2026-02-10 21:14:09,222 - cyberbully - INFO - Dataset sizes — train: 30396, val: 6629, test: 8287
2026-02-10 21:14:09,222 - cyberbully - INFO - Step 4: Training...
2026-02-10 21:14:09,472 - cyberbully - INFO - Starting training...
2026-02-10 21:24:05,955 - cyberbully - INFO - Training complete.
2026-02-10 21:24:05,955 - cyberbully - INFO - Step 5: Evaluating on test set...
2026-02-10 21:24:17,012 - cyberbully - INFO - Metrics saved to experiments/bert-base-uncased/kaggle/prep1_aug1/seed_24677315/metrics.json
2026-02-10 21:24:17,012 - cyberbully - INFO - Confusion matrix saved to experiments/bert-base-uncased/kaggle/prep1_aug1/seed_24677315/confusion_matrix.json
2026-02-10 21:24:17,125 - cyberbully - INFO - Confusion matrix figure saved to experiments/bert-base-uncased/kaggle/prep1_aug1/seed_24677315/confusion_matrix.pdf
2026-02-10 21:24:17,125 - cyberbully - INFO - Accuracy: 0.8670
2026-02-10 21:24:17,125 - cyberbully - INFO - Weighted F1: 0.8669
2026-02-10 21:24:17,125 - cyberbully - INFO - Micro F1: 0.8670
2026-02-10 21:24:17,125 - cyberbully - INFO - Inference time: 6.69 seconds
2026-02-10 21:24:17,125 - cyberbully - INFO - Energy consumption: 0.000385 kWh
2026-02-10 21:24:17,125 - cyberbully - INFO - ============================================================
2026-02-10 21:24:17,125 - cyberbully - INFO - Pipeline complete. Results saved to: experiments/bert-base-uncased/kaggle/prep1_aug1/seed_24677315
2026-02-10 21:24:17,125 - cyberbully - INFO - ============================================================
