2026-02-17 19:03:42,750 - cyberbully - INFO - ============================================================
2026-02-17 19:03:42,750 - cyberbully - INFO - Cyberbullying Detection Pipeline
2026-02-17 19:03:42,750 - cyberbully - INFO - ============================================================
2026-02-17 19:03:42,750 - cyberbully - INFO - Configuration:
2026-02-17 19:03:42,750 - cyberbully - INFO -   model          : bert-base-uncased
2026-02-17 19:03:42,750 - cyberbully - INFO -   dataset        : kaggle
2026-02-17 19:03:42,750 - cyberbully - INFO -   preprocess     : False
2026-02-17 19:03:42,750 - cyberbully - INFO -   augment        : True
2026-02-17 19:03:42,750 - cyberbully - INFO -   compute_attribution: False
2026-02-17 19:03:42,750 - cyberbully - INFO -   seed           : 87212562
2026-02-17 19:03:42,750 - cyberbully - INFO -   epochs         : 5
2026-02-17 19:03:42,750 - cyberbully - INFO -   batch_size     : 16
2026-02-17 19:03:42,750 - cyberbully - INFO -   lr             : 2e-05
2026-02-17 19:03:42,750 - cyberbully - INFO -   max_length     : 128
2026-02-17 19:03:42,750 - cyberbully - INFO -   output_dir     : grid-search
2026-02-17 19:03:42,750 - cyberbully - INFO -   data_dir       : dataset
2026-02-17 19:03:42,750 - cyberbully - INFO -   sbert          : False
2026-02-17 19:03:42,750 - cyberbully - INFO -   overwrite      : False
2026-02-17 19:03:42,750 - cyberbully - INFO -   device         : cuda
2026-02-17 19:03:42,750 - cyberbully - INFO -   output_dir     : experiments/grid-search/bert-base-uncased/kaggle/prep0_aug1/seed_87212562
2026-02-17 19:03:42,750 - cyberbully - INFO - ============================================================
2026-02-17 19:03:42,750 - cyberbully - INFO - Step 1: Preparing data...
2026-02-17 19:03:42,750 - cyberbully - INFO - Loading dataset 'kaggle' from dataset/Kaggle.csv
2026-02-17 19:03:42,812 - cyberbully - INFO - Loaded 47656 samples with 6 classes: ['age', 'ethnicity', 'gender', 'not_cyberbullying', 'other_cyberbullying', 'religion']
2026-02-17 19:03:42,815 - cyberbully - INFO - Label mapping: {'age': 0, 'ethnicity': 1, 'gender': 2, 'not_cyberbullying': 3, 'other_cyberbullying': 4, 'religion': 5}
2026-02-17 19:03:42,829 - cyberbully - INFO - Split sizes — train: 30499, val: 7625, test: 9532
2026-02-17 19:03:42,829 - cyberbully - INFO - Applying training data augmentation (oversampling)...
2026-02-17 19:03:42,835 - cyberbully - INFO - After oversampling — class distribution: {0: 5118, 1: 5118, 2: 5118, 3: 5118, 4: 5118, 5: 5118}
2026-02-17 19:03:42,836 - cyberbully - INFO - Number of classes: 6
2026-02-17 19:03:42,837 - cyberbully - INFO - Step 2: Loading model and tokenizer...
2026-02-17 19:03:42,837 - cyberbully - INFO - Loading model 'bert-base-uncased' with 6 labels (sbert=False)
2026-02-17 19:03:43,714 - cyberbully - INFO - Step 3: Creating datasets...
2026-02-17 19:03:44,467 - cyberbully - INFO - Dataset sizes — train: 30708, val: 7625, test: 9532
2026-02-17 19:03:44,467 - cyberbully - INFO - Step 4: Training...
2026-02-17 19:03:44,576 - cyberbully - INFO - Starting training...
2026-02-17 19:10:52,397 - cyberbully - INFO - Training complete.
2026-02-17 19:10:52,397 - cyberbully - INFO - Step 5: Evaluating on test set...
2026-02-17 19:11:01,067 - cyberbully - INFO - Metrics saved to experiments/grid-search/bert-base-uncased/kaggle/prep0_aug1/seed_87212562/metrics.json
2026-02-17 19:11:01,067 - cyberbully - INFO - Confusion matrix saved to experiments/grid-search/bert-base-uncased/kaggle/prep0_aug1/seed_87212562/confusion_matrix.json
2026-02-17 19:11:01,188 - cyberbully - INFO - Confusion matrix figure saved to experiments/grid-search/bert-base-uncased/kaggle/prep0_aug1/seed_87212562/confusion_matrix.pdf
2026-02-17 19:11:01,188 - cyberbully - INFO - Accuracy: 0.8620
2026-02-17 19:11:01,188 - cyberbully - INFO - Weighted F1: 0.8619
2026-02-17 19:11:01,189 - cyberbully - INFO - Micro F1: 0.8620
2026-02-17 19:11:01,189 - cyberbully - INFO - Inference time: 3.99 seconds
2026-02-17 19:11:01,189 - cyberbully - INFO - Energy consumption: 0.000228 kWh
2026-02-17 19:11:01,189 - cyberbully - INFO - ============================================================
2026-02-17 19:11:01,189 - cyberbully - INFO - Pipeline complete. Results saved to: experiments/grid-search/bert-base-uncased/kaggle/prep0_aug1/seed_87212562
2026-02-17 19:11:01,189 - cyberbully - INFO - ============================================================
