2026-04-08 21:15:11,917 - cyberbully - INFO - ============================================================
2026-04-08 21:15:11,917 - cyberbully - INFO - Cyberbullying Detection Pipeline
2026-04-08 21:15:11,917 - cyberbully - INFO - ============================================================
2026-04-08 21:15:11,917 - cyberbully - INFO - Configuration:
2026-04-08 21:15:11,917 - cyberbully - INFO -   model          : answerdotai/ModernBERT-base
2026-04-08 21:15:11,917 - cyberbully - INFO -   dataset        : tweeteval
2026-04-08 21:15:11,917 - cyberbully - INFO -   preprocess     : False
2026-04-08 21:15:11,917 - cyberbully - INFO -   augment        : False
2026-04-08 21:15:11,917 - cyberbully - INFO -   compute_attribution: False
2026-04-08 21:15:11,917 - cyberbully - INFO -   seed           : 87212562
2026-04-08 21:15:11,917 - cyberbully - INFO -   epochs         : 10
2026-04-08 21:15:11,917 - cyberbully - INFO -   batch_size     : 32
2026-04-08 21:15:11,917 - cyberbully - INFO -   lr             : 5e-05
2026-04-08 21:15:11,917 - cyberbully - INFO -   max_length     : 128
2026-04-08 21:15:11,917 - cyberbully - INFO -   output_dir     : grid-search
2026-04-08 21:15:11,917 - cyberbully - INFO -   data_dir       : dataset
2026-04-08 21:15:11,917 - cyberbully - INFO -   sbert          : False
2026-04-08 21:15:11,917 - cyberbully - INFO -   supcon         : False
2026-04-08 21:15:11,917 - cyberbully - INFO -   supcon_weight  : 0.1
2026-04-08 21:15:11,917 - cyberbully - INFO -   proj_dim       : 128
2026-04-08 21:15:11,917 - cyberbully - INFO -   grad_accum_steps: 1
2026-04-08 21:15:11,917 - cyberbully - INFO -   overwrite      : False
2026-04-08 21:15:11,917 - cyberbully - INFO -   device         : cuda
2026-04-08 21:15:11,917 - cyberbully - INFO -   output_dir     : experiments/grid-search/answerdotai_ModernBERT-base/tweeteval/prep0_aug0/seed_87212562
2026-04-08 21:15:11,917 - cyberbully - INFO - ============================================================
2026-04-08 21:15:11,917 - cyberbully - INFO - Step 1: Preparing data...
2026-04-08 21:15:11,963 - cyberbully - INFO - Loaded pre-split data from dataset/tweeteval — train: 32485, val: 8122, test: 10152
2026-04-08 21:15:11,963 - cyberbully - INFO - Label mapping: {'emotion': 0, 'hate': 1, 'offensive': 2, 'religion': 3, 'spiritual': 4}
2026-04-08 21:15:11,973 - cyberbully - INFO - Number of classes: 5
2026-04-08 21:15:11,974 - cyberbully - INFO - Step 2: Loading model and tokenizer...
2026-04-08 21:15:11,974 - cyberbully - INFO - Loading model 'answerdotai/ModernBERT-base' with 5 labels (sbert=False, supcon=False)
2026-04-08 21:15:13,551 - cyberbully - INFO - Step 3: Creating datasets...
2026-04-08 21:15:14,568 - cyberbully - INFO - Dataset sizes — train: 32485, val: 8122, test: 10152
2026-04-08 21:15:14,568 - cyberbully - INFO - Step 4: Training...
2026-04-08 21:15:14,781 - cyberbully - INFO - Starting training...
2026-04-08 21:35:52,508 - cyberbully - INFO - Training complete.
2026-04-08 21:35:52,590 - cyberbully - INFO - Removed checkpoint: experiments/grid-search/answerdotai_ModernBERT-base/tweeteval/prep0_aug0/seed_87212562/checkpoint-3048
2026-04-08 21:35:52,672 - cyberbully - INFO - Removed checkpoint: experiments/grid-search/answerdotai_ModernBERT-base/tweeteval/prep0_aug0/seed_87212562/checkpoint-7112
2026-04-08 21:35:52,754 - cyberbully - INFO - Removed checkpoint: experiments/grid-search/answerdotai_ModernBERT-base/tweeteval/prep0_aug0/seed_87212562/checkpoint-9144
2026-04-08 21:35:52,840 - cyberbully - INFO - Removed checkpoint: experiments/grid-search/answerdotai_ModernBERT-base/tweeteval/prep0_aug0/seed_87212562/checkpoint-1016
2026-04-08 21:35:52,923 - cyberbully - INFO - Removed checkpoint: experiments/grid-search/answerdotai_ModernBERT-base/tweeteval/prep0_aug0/seed_87212562/checkpoint-2032
2026-04-08 21:35:53,020 - cyberbully - INFO - Removed checkpoint: experiments/grid-search/answerdotai_ModernBERT-base/tweeteval/prep0_aug0/seed_87212562/checkpoint-10160
2026-04-08 21:35:53,102 - cyberbully - INFO - Removed checkpoint: experiments/grid-search/answerdotai_ModernBERT-base/tweeteval/prep0_aug0/seed_87212562/checkpoint-6096
2026-04-08 21:35:53,184 - cyberbully - INFO - Removed checkpoint: experiments/grid-search/answerdotai_ModernBERT-base/tweeteval/prep0_aug0/seed_87212562/checkpoint-5080
2026-04-08 21:35:53,267 - cyberbully - INFO - Removed checkpoint: experiments/grid-search/answerdotai_ModernBERT-base/tweeteval/prep0_aug0/seed_87212562/checkpoint-8128
2026-04-08 21:35:53,350 - cyberbully - INFO - Removed checkpoint: experiments/grid-search/answerdotai_ModernBERT-base/tweeteval/prep0_aug0/seed_87212562/checkpoint-4064
2026-04-08 21:35:53,350 - cyberbully - INFO - Step 5: Evaluating on test set...
2026-04-08 21:36:08,302 - cyberbully - INFO - Metrics saved to experiments/grid-search/answerdotai_ModernBERT-base/tweeteval/prep0_aug0/seed_87212562/metrics.json
2026-04-08 21:36:08,302 - cyberbully - INFO - Confusion matrix saved to experiments/grid-search/answerdotai_ModernBERT-base/tweeteval/prep0_aug0/seed_87212562/confusion_matrix.json
2026-04-08 21:36:08,399 - cyberbully - INFO - Per-sample predictions saved to experiments/grid-search/answerdotai_ModernBERT-base/tweeteval/prep0_aug0/seed_87212562/predictions.json
2026-04-08 21:36:08,500 - cyberbully - INFO - Confusion matrix figure saved to experiments/grid-search/answerdotai_ModernBERT-base/tweeteval/prep0_aug0/seed_87212562/confusion_matrix.pdf
2026-04-08 21:36:08,501 - cyberbully - INFO - Accuracy: 0.9735
2026-04-08 21:36:08,501 - cyberbully - INFO - Weighted F1: 0.9736
2026-04-08 21:36:08,501 - cyberbully - INFO - Micro F1: 0.9735
2026-04-08 21:36:08,501 - cyberbully - INFO - Inference time: 9.96 seconds
2026-04-08 21:36:08,501 - cyberbully - INFO - Energy consumption: 0.000623 kWh
2026-04-08 21:36:08,503 - cyberbully - INFO - ============================================================
2026-04-08 21:36:08,503 - cyberbully - INFO - Pipeline complete. Results saved to: experiments/grid-search/answerdotai_ModernBERT-base/tweeteval/prep0_aug0/seed_87212562
2026-04-08 21:36:08,503 - cyberbully - INFO - ============================================================
