2026-06-17 01:52:26,959 - cyberbully - INFO - ============================================================
2026-06-17 01:52:26,959 - cyberbully - INFO - Cyberbullying Detection Pipeline
2026-06-17 01:52:26,959 - cyberbully - INFO - ============================================================
2026-06-17 01:52:26,959 - cyberbully - INFO - Configuration:
2026-06-17 01:52:26,959 - cyberbully - INFO -   model          : albert/albert-base-v2
2026-06-17 01:52:26,959 - cyberbully - INFO -   dataset        : kaggle
2026-06-17 01:52:26,959 - cyberbully - INFO -   preprocess     : False
2026-06-17 01:52:26,959 - cyberbully - INFO -   prep_mode      : 2
2026-06-17 01:52:26,959 - cyberbully - INFO -   augment        : False
2026-06-17 01:52:26,959 - cyberbully - INFO -   compute_attribution: False
2026-06-17 01:52:26,959 - cyberbully - INFO -   seed           : 99511865
2026-06-17 01:52:26,959 - cyberbully - INFO -   epochs         : 10
2026-06-17 01:52:26,959 - cyberbully - INFO -   batch_size     : 32
2026-06-17 01:52:26,959 - cyberbully - INFO -   lr             : 5e-05
2026-06-17 01:52:26,959 - cyberbully - INFO -   max_length     : 128
2026-06-17 01:52:26,959 - cyberbully - INFO -   output_dir     : grid-search
2026-06-17 01:52:26,959 - cyberbully - INFO -   data_dir       : dataset
2026-06-17 01:52:26,959 - cyberbully - INFO -   sbert          : False
2026-06-17 01:52:26,959 - cyberbully - INFO -   supcon         : False
2026-06-17 01:52:26,959 - cyberbully - INFO -   supcon_weight  : 0.1
2026-06-17 01:52:26,959 - cyberbully - INFO -   proj_dim       : 128
2026-06-17 01:52:26,959 - cyberbully - INFO -   grad_accum_steps: 1
2026-06-17 01:52:26,959 - cyberbully - INFO -   overwrite      : False
2026-06-17 01:52:26,959 - cyberbully - INFO -   device         : cuda
2026-06-17 01:52:26,959 - cyberbully - INFO -   output_dir     : experiments/grid-search/albert_albert-base-v2/kaggle/prep2_aug0/seed_99511865
2026-06-17 01:52:26,960 - cyberbully - INFO - ============================================================
2026-06-17 01:52:26,960 - cyberbully - INFO - Step 1: Preparing data...
2026-06-17 01:52:27,006 - cyberbully - INFO - Loaded pre-split data from dataset/kaggle — train: 25604, val: 6401, test: 8002
2026-06-17 01:52:27,006 - cyberbully - INFO - Label mapping: {'age': 0, 'ethnicity': 1, 'gender': 2, 'other_cyberbullying': 3, 'religion': 4}
2026-06-17 01:52:27,007 - cyberbully - INFO - Applying partial text preprocessing per split...
2026-06-17 01:52:28,320 - cyberbully - INFO - After preprocessing -- train: 25604, val: 6401, test: 8002
2026-06-17 01:52:28,323 - cyberbully - INFO - Number of classes: 5
2026-06-17 01:52:28,325 - cyberbully - INFO - Step 2: Loading model and tokenizer...
2026-06-17 01:52:28,325 - cyberbully - INFO - Loading model 'albert/albert-base-v2' with 5 labels (sbert=False, supcon=False)
2026-06-17 01:52:29,353 - cyberbully - INFO - Step 3: Creating datasets...
2026-06-17 01:52:30,224 - cyberbully - INFO - Dataset sizes — train: 25604, val: 6401, test: 8002
2026-06-17 01:52:30,224 - cyberbully - INFO - Step 4: Training...
2026-06-17 01:52:30,409 - cyberbully - INFO - Starting training...
2026-06-17 02:08:03,511 - cyberbully - INFO - Training complete.
2026-06-17 02:08:03,519 - cyberbully - INFO - Removed checkpoint: experiments/grid-search/albert_albert-base-v2/kaggle/prep2_aug0/seed_99511865/checkpoint-5607
2026-06-17 02:08:03,527 - cyberbully - INFO - Removed checkpoint: experiments/grid-search/albert_albert-base-v2/kaggle/prep2_aug0/seed_99511865/checkpoint-8010
2026-06-17 02:08:03,535 - cyberbully - INFO - Removed checkpoint: experiments/grid-search/albert_albert-base-v2/kaggle/prep2_aug0/seed_99511865/checkpoint-6408
2026-06-17 02:08:03,542 - cyberbully - INFO - Removed checkpoint: experiments/grid-search/albert_albert-base-v2/kaggle/prep2_aug0/seed_99511865/checkpoint-1602
2026-06-17 02:08:03,549 - cyberbully - INFO - Removed checkpoint: experiments/grid-search/albert_albert-base-v2/kaggle/prep2_aug0/seed_99511865/checkpoint-3204
2026-06-17 02:08:03,557 - cyberbully - INFO - Removed checkpoint: experiments/grid-search/albert_albert-base-v2/kaggle/prep2_aug0/seed_99511865/checkpoint-7209
2026-06-17 02:08:03,564 - cyberbully - INFO - Removed checkpoint: experiments/grid-search/albert_albert-base-v2/kaggle/prep2_aug0/seed_99511865/checkpoint-4005
2026-06-17 02:08:03,571 - cyberbully - INFO - Removed checkpoint: experiments/grid-search/albert_albert-base-v2/kaggle/prep2_aug0/seed_99511865/checkpoint-4806
2026-06-17 02:08:03,578 - cyberbully - INFO - Removed checkpoint: experiments/grid-search/albert_albert-base-v2/kaggle/prep2_aug0/seed_99511865/checkpoint-801
2026-06-17 02:08:03,586 - cyberbully - INFO - Removed checkpoint: experiments/grid-search/albert_albert-base-v2/kaggle/prep2_aug0/seed_99511865/checkpoint-2403
2026-06-17 02:08:03,586 - cyberbully - INFO - Step 5: Evaluating on test set...
2026-06-17 02:08:18,942 - cyberbully - INFO - Metrics saved to experiments/grid-search/albert_albert-base-v2/kaggle/prep2_aug0/seed_99511865/metrics.json
2026-06-17 02:08:18,943 - cyberbully - INFO - Confusion matrix saved to experiments/grid-search/albert_albert-base-v2/kaggle/prep2_aug0/seed_99511865/confusion_matrix.json
2026-06-17 02:08:19,030 - cyberbully - INFO - Per-sample predictions saved to experiments/grid-search/albert_albert-base-v2/kaggle/prep2_aug0/seed_99511865/predictions.json
2026-06-17 02:08:19,137 - cyberbully - INFO - Confusion matrix figure saved to experiments/grid-search/albert_albert-base-v2/kaggle/prep2_aug0/seed_99511865/confusion_matrix.pdf
2026-06-17 02:08:19,137 - cyberbully - INFO - Accuracy: 0.9465
2026-06-17 02:08:19,137 - cyberbully - INFO - Weighted F1: 0.9468
2026-06-17 02:08:19,137 - cyberbully - INFO - Micro F1: 0.9465
2026-06-17 02:08:19,138 - cyberbully - INFO - Inference time: 9.24 seconds
2026-06-17 02:08:19,138 - cyberbully - INFO - Energy consumption: 0.000560 kWh
2026-06-17 02:08:19,139 - cyberbully - INFO - ============================================================
2026-06-17 02:08:19,139 - cyberbully - INFO - Pipeline complete. Results saved to: experiments/grid-search/albert_albert-base-v2/kaggle/prep2_aug0/seed_99511865
2026-06-17 02:08:19,139 - cyberbully - INFO - ============================================================
