2026-02-13 22:01:32,526 - cyberbully - INFO - ============================================================
2026-02-13 22:01:32,526 - cyberbully - INFO - Cyberbullying Detection Pipeline
2026-02-13 22:01:32,526 - cyberbully - INFO - ============================================================
2026-02-13 22:01:32,526 - cyberbully - INFO - Configuration:
2026-02-13 22:01:32,526 - cyberbully - INFO -   model          : roberta-base
2026-02-13 22:01:32,526 - cyberbully - INFO -   dataset        : tweeteval
2026-02-13 22:01:32,526 - cyberbully - INFO -   preprocess     : True
2026-02-13 22:01:32,526 - cyberbully - INFO -   augment        : True
2026-02-13 22:01:32,526 - cyberbully - INFO -   compute_attribution: False
2026-02-13 22:01:32,526 - cyberbully - INFO -   seed           : 14298463
2026-02-13 22:01:32,526 - cyberbully - INFO -   epochs         : 5
2026-02-13 22:01:32,526 - cyberbully - INFO -   batch_size     : 16
2026-02-13 22:01:32,526 - cyberbully - INFO -   lr             : 2e-05
2026-02-13 22:01:32,526 - cyberbully - INFO -   max_length     : 128
2026-02-13 22:01:32,526 - cyberbully - INFO -   output_dir     : experiments
2026-02-13 22:01:32,526 - cyberbully - INFO -   data_dir       : dataset
2026-02-13 22:01:32,526 - cyberbully - INFO -   overwrite      : False
2026-02-13 22:01:32,526 - cyberbully - INFO -   device         : cuda
2026-02-13 22:01:32,526 - cyberbully - INFO -   output_dir     : experiments/roberta-base/tweeteval/prep1_aug1/seed_14298463
2026-02-13 22:01:32,526 - cyberbully - INFO - ============================================================
2026-02-13 22:01:32,526 - cyberbully - INFO - Step 1: Preparing data...
2026-02-13 22:01:32,526 - cyberbully - INFO - Loading dataset 'tweeteval' from dataset/Tweeteval.csv
2026-02-13 22:01:32,598 - cyberbully - INFO - Loaded 50759 samples with 5 classes: ['emotion', 'hate', 'offensive', 'religion', 'spiritual']
2026-02-13 22:01:32,598 - cyberbully - INFO - Applying text preprocessing...
2026-02-13 22:02:28,527 - cyberbully - INFO - After preprocessing: 47396 samples remain
2026-02-13 22:02:28,529 - cyberbully - INFO - Label mapping: {'emotion': 0, 'hate': 1, 'offensive': 2, 'religion': 3, 'spiritual': 4}
2026-02-13 22:02:28,542 - cyberbully - INFO - Split sizes — train: 30332, val: 7584, test: 9480
2026-02-13 22:02:28,542 - cyberbully - INFO - Applying training data augmentation (oversampling)...
2026-02-13 22:02:28,548 - cyberbully - INFO - After oversampling — class distribution: {0: 7756, 1: 7756, 2: 7756, 3: 7756, 4: 7756}
2026-02-13 22:02:28,549 - cyberbully - INFO - Number of classes: 5
2026-02-13 22:02:28,549 - cyberbully - INFO - Step 2: Loading model and tokenizer...
2026-02-13 22:02:28,549 - cyberbully - INFO - Loading model 'roberta-base' with 5 labels
2026-02-13 22:02:29,474 - cyberbully - INFO - Step 3: Tokenizing datasets...
2026-02-13 22:02:30,515 - cyberbully - INFO - Dataset sizes — train: 38780, val: 7584, test: 9480
2026-02-13 22:02:30,515 - cyberbully - INFO - Step 4: Training...
2026-02-13 22:02:30,777 - cyberbully - INFO - Starting training...
2026-02-13 22:15:19,876 - cyberbully - INFO - Training complete.
2026-02-13 22:15:19,876 - cyberbully - INFO - Step 5: Evaluating on test set...
2026-02-13 22:15:31,938 - cyberbully - INFO - Metrics saved to experiments/roberta-base/tweeteval/prep1_aug1/seed_14298463/metrics.json
2026-02-13 22:15:31,939 - cyberbully - INFO - Confusion matrix saved to experiments/roberta-base/tweeteval/prep1_aug1/seed_14298463/confusion_matrix.json
2026-02-13 22:15:32,040 - cyberbully - INFO - Confusion matrix figure saved to experiments/roberta-base/tweeteval/prep1_aug1/seed_14298463/confusion_matrix.pdf
2026-02-13 22:15:32,040 - cyberbully - INFO - Accuracy: 0.9387
2026-02-13 22:15:32,040 - cyberbully - INFO - Weighted F1: 0.9385
2026-02-13 22:15:32,040 - cyberbully - INFO - Micro F1: 0.9387
2026-02-13 22:15:32,040 - cyberbully - INFO - Inference time: 7.42 seconds
2026-02-13 22:15:32,040 - cyberbully - INFO - Energy consumption: 0.000442 kWh
2026-02-13 22:15:32,040 - cyberbully - INFO - ============================================================
2026-02-13 22:15:32,040 - cyberbully - INFO - Pipeline complete. Results saved to: experiments/roberta-base/tweeteval/prep1_aug1/seed_14298463
2026-02-13 22:15:32,040 - cyberbully - INFO - ============================================================
