2026-03-27 03:06:21,826 - cyberbully - INFO - ============================================================
2026-03-27 03:06:21,826 - cyberbully - INFO - Cyberbullying Detection Pipeline
2026-03-27 03:06:21,826 - cyberbully - INFO - ============================================================
2026-03-27 03:06:21,826 - cyberbully - INFO - Configuration:
2026-03-27 03:06:21,826 - cyberbully - INFO -   model          : roberta-base
2026-03-27 03:06:21,826 - cyberbully - INFO -   dataset        : tweeteval
2026-03-27 03:06:21,826 - cyberbully - INFO -   preprocess     : False
2026-03-27 03:06:21,826 - cyberbully - INFO -   augment        : False
2026-03-27 03:06:21,826 - cyberbully - INFO -   compute_attribution: False
2026-03-27 03:06:21,826 - cyberbully - INFO -   seed           : 24677315
2026-03-27 03:06:21,826 - cyberbully - INFO -   epochs         : 10
2026-03-27 03:06:21,826 - cyberbully - INFO -   batch_size     : 64
2026-03-27 03:06:21,826 - cyberbully - INFO -   lr             : 5e-05
2026-03-27 03:06:21,826 - cyberbully - INFO -   max_length     : 128
2026-03-27 03:06:21,827 - cyberbully - INFO -   output_dir     : supcon-grid
2026-03-27 03:06:21,827 - cyberbully - INFO -   data_dir       : dataset
2026-03-27 03:06:21,827 - cyberbully - INFO -   sbert          : False
2026-03-27 03:06:21,827 - cyberbully - INFO -   supcon         : False
2026-03-27 03:06:21,827 - cyberbully - INFO -   supcon_weight  : 0.1
2026-03-27 03:06:21,827 - cyberbully - INFO -   proj_dim       : 128
2026-03-27 03:06:21,827 - cyberbully - INFO -   grad_accum_steps: 1
2026-03-27 03:06:21,827 - cyberbully - INFO -   overwrite      : False
2026-03-27 03:06:21,827 - cyberbully - INFO -   device         : cuda
2026-03-27 03:06:21,827 - cyberbully - INFO -   output_dir     : experiments/supcon-grid/roberta-base/tweeteval/prep0_aug0/seed_24677315
2026-03-27 03:06:21,827 - cyberbully - INFO - ============================================================
2026-03-27 03:06:21,827 - cyberbully - INFO - Step 1: Preparing data...
2026-03-27 03:06:21,874 - cyberbully - INFO - Loaded pre-split data from dataset/tweeteval — train: 32485, val: 8122, test: 10152
2026-03-27 03:06:21,874 - cyberbully - INFO - Label mapping: {'emotion': 0, 'hate': 1, 'offensive': 2, 'religion': 3, 'spiritual': 4}
2026-03-27 03:06:21,886 - cyberbully - INFO - Number of classes: 5
2026-03-27 03:06:21,887 - cyberbully - INFO - Step 2: Loading model and tokenizer...
2026-03-27 03:06:21,888 - cyberbully - INFO - Loading model 'roberta-base' with 5 labels (sbert=False, supcon=False)
2026-03-27 03:06:22,656 - cyberbully - INFO - Step 3: Creating datasets...
2026-03-27 03:06:23,591 - cyberbully - INFO - Dataset sizes — train: 32485, val: 8122, test: 10152
2026-03-27 03:06:23,591 - cyberbully - INFO - Step 4: Training...
2026-03-27 03:06:23,827 - cyberbully - INFO - Starting training...
2026-03-27 03:20:26,861 - cyberbully - INFO - Training complete.
2026-03-27 03:20:26,934 - cyberbully - INFO - Removed checkpoint: experiments/supcon-grid/roberta-base/tweeteval/prep0_aug0/seed_24677315/checkpoint-1524
2026-03-27 03:20:27,006 - cyberbully - INFO - Removed checkpoint: experiments/supcon-grid/roberta-base/tweeteval/prep0_aug0/seed_24677315/checkpoint-3048
2026-03-27 03:20:27,080 - cyberbully - INFO - Removed checkpoint: experiments/supcon-grid/roberta-base/tweeteval/prep0_aug0/seed_24677315/checkpoint-1016
2026-03-27 03:20:27,153 - cyberbully - INFO - Removed checkpoint: experiments/supcon-grid/roberta-base/tweeteval/prep0_aug0/seed_24677315/checkpoint-2032
2026-03-27 03:20:27,225 - cyberbully - INFO - Removed checkpoint: experiments/supcon-grid/roberta-base/tweeteval/prep0_aug0/seed_24677315/checkpoint-4572
2026-03-27 03:20:27,297 - cyberbully - INFO - Removed checkpoint: experiments/supcon-grid/roberta-base/tweeteval/prep0_aug0/seed_24677315/checkpoint-3556
2026-03-27 03:20:27,383 - cyberbully - INFO - Removed checkpoint: experiments/supcon-grid/roberta-base/tweeteval/prep0_aug0/seed_24677315/checkpoint-5080
2026-03-27 03:20:27,457 - cyberbully - INFO - Removed checkpoint: experiments/supcon-grid/roberta-base/tweeteval/prep0_aug0/seed_24677315/checkpoint-508
2026-03-27 03:20:27,530 - cyberbully - INFO - Removed checkpoint: experiments/supcon-grid/roberta-base/tweeteval/prep0_aug0/seed_24677315/checkpoint-2540
2026-03-27 03:20:27,603 - cyberbully - INFO - Removed checkpoint: experiments/supcon-grid/roberta-base/tweeteval/prep0_aug0/seed_24677315/checkpoint-4064
2026-03-27 03:20:27,603 - cyberbully - INFO - Step 5: Evaluating on test set...
2026-03-27 03:20:39,434 - cyberbully - INFO - Metrics saved to experiments/supcon-grid/roberta-base/tweeteval/prep0_aug0/seed_24677315/metrics.json
2026-03-27 03:20:39,434 - cyberbully - INFO - Confusion matrix saved to experiments/supcon-grid/roberta-base/tweeteval/prep0_aug0/seed_24677315/confusion_matrix.json
2026-03-27 03:20:39,534 - cyberbully - INFO - Per-sample predictions saved to experiments/supcon-grid/roberta-base/tweeteval/prep0_aug0/seed_24677315/predictions.json
2026-03-27 03:20:39,634 - cyberbully - INFO - Confusion matrix figure saved to experiments/supcon-grid/roberta-base/tweeteval/prep0_aug0/seed_24677315/confusion_matrix.pdf
2026-03-27 03:20:39,634 - cyberbully - INFO - Accuracy: 0.9770
2026-03-27 03:20:39,634 - cyberbully - INFO - Weighted F1: 0.9770
2026-03-27 03:20:39,635 - cyberbully - INFO - Micro F1: 0.9770
2026-03-27 03:20:39,635 - cyberbully - INFO - Inference time: 7.53 seconds
2026-03-27 03:20:39,635 - cyberbully - INFO - Energy consumption: 0.000491 kWh
2026-03-27 03:20:39,636 - cyberbully - INFO - ============================================================
2026-03-27 03:20:39,637 - cyberbully - INFO - Pipeline complete. Results saved to: experiments/supcon-grid/roberta-base/tweeteval/prep0_aug0/seed_24677315
2026-03-27 03:20:39,637 - cyberbully - INFO - ============================================================
