2026-03-25 14:50:29,708 - cyberbully - INFO - Model 'all-MiniLM-L12-v2' detected as SBERT-based. Using SBERTClassifier pipeline.
2026-03-25 14:50:29,708 - cyberbully - INFO - ============================================================
2026-03-25 14:50:29,708 - cyberbully - INFO - Cyberbullying Detection Pipeline
2026-03-25 14:50:29,708 - cyberbully - INFO - ============================================================
2026-03-25 14:50:29,708 - cyberbully - INFO - Configuration:
2026-03-25 14:50:29,708 - cyberbully - INFO -   model          : all-MiniLM-L12-v2
2026-03-25 14:50:29,708 - cyberbully - INFO -   dataset        : kaggle
2026-03-25 14:50:29,708 - cyberbully - INFO -   preprocess     : True
2026-03-25 14:50:29,708 - cyberbully - INFO -   augment        : True
2026-03-25 14:50:29,708 - cyberbully - INFO -   compute_attribution: False
2026-03-25 14:50:29,708 - cyberbully - INFO -   seed           : 37622020
2026-03-25 14:50:29,708 - cyberbully - INFO -   epochs         : 10
2026-03-25 14:50:29,708 - cyberbully - INFO -   batch_size     : 32
2026-03-25 14:50:29,708 - cyberbully - INFO -   lr             : 5e-05
2026-03-25 14:50:29,708 - cyberbully - INFO -   max_length     : 128
2026-03-25 14:50:29,708 - cyberbully - INFO -   output_dir     : grid-search
2026-03-25 14:50:29,708 - cyberbully - INFO -   data_dir       : dataset
2026-03-25 14:50:29,708 - cyberbully - INFO -   sbert          : True
2026-03-25 14:50:29,708 - cyberbully - INFO -   supcon         : False
2026-03-25 14:50:29,708 - cyberbully - INFO -   supcon_weight  : 0.1
2026-03-25 14:50:29,708 - cyberbully - INFO -   proj_dim       : 128
2026-03-25 14:50:29,708 - cyberbully - INFO -   grad_accum_steps: 1
2026-03-25 14:50:29,708 - cyberbully - INFO -   overwrite      : False
2026-03-25 14:50:29,708 - cyberbully - INFO -   device         : cuda
2026-03-25 14:50:29,708 - cyberbully - INFO -   output_dir     : experiments/grid-search/all-MiniLM-L12-v2/kaggle/prep1_aug1/seed_37622020
2026-03-25 14:50:29,708 - cyberbully - INFO - ============================================================
2026-03-25 14:50:29,708 - cyberbully - INFO - Step 1: Preparing data...
2026-03-25 14:50:29,758 - cyberbully - INFO - Loaded pre-split data from dataset/kaggle — train: 25604, val: 6401, test: 8002
2026-03-25 14:50:29,758 - cyberbully - INFO - Label mapping: {'age': 0, 'ethnicity': 1, 'gender': 2, 'other_cyberbullying': 3, 'religion': 4}
2026-03-25 14:50:29,758 - cyberbully - INFO - Applying text preprocessing per split...
2026-03-25 14:51:13,171 - cyberbully - INFO - After preprocessing — train: 23556, val: 5980, test: 7415
2026-03-25 14:51:13,173 - cyberbully - INFO - Applying training data augmentation (oversampling)...
2026-03-25 14:51:13,177 - cyberbully - INFO - After oversampling — class distribution: {0: 5064, 1: 5064, 2: 5064, 3: 5064, 4: 5064}
2026-03-25 14:51:13,187 - cyberbully - INFO - Number of classes: 5
2026-03-25 14:51:13,188 - cyberbully - INFO - Step 2: Loading model and tokenizer...
2026-03-25 14:51:13,188 - cyberbully - INFO - Loading model 'all-MiniLM-L12-v2' with 5 labels (sbert=True, supcon=False)
2026-03-25 14:51:15,884 - cyberbully - INFO - SBERTClassifier: embedding_dim=384, hidden=256, proj_dim=None, num_labels=5
2026-03-25 14:51:16,225 - cyberbully - INFO - Step 3: Creating datasets...
2026-03-25 14:51:16,830 - cyberbully - INFO - Dataset sizes — train: 25320, val: 5980, test: 7415
2026-03-25 14:51:16,830 - cyberbully - INFO - Step 4: Training...
2026-03-25 14:51:16,870 - cyberbully - INFO - Starting training...
2026-03-25 14:56:57,265 - cyberbully - INFO - Training complete.
2026-03-25 14:56:57,285 - cyberbully - INFO - Removed checkpoint: experiments/grid-search/all-MiniLM-L12-v2/kaggle/prep1_aug1/seed_37622020/checkpoint-3960
2026-03-25 14:56:57,306 - cyberbully - INFO - Removed checkpoint: experiments/grid-search/all-MiniLM-L12-v2/kaggle/prep1_aug1/seed_37622020/checkpoint-1584
2026-03-25 14:56:57,326 - cyberbully - INFO - Removed checkpoint: experiments/grid-search/all-MiniLM-L12-v2/kaggle/prep1_aug1/seed_37622020/checkpoint-792
2026-03-25 14:56:57,346 - cyberbully - INFO - Removed checkpoint: experiments/grid-search/all-MiniLM-L12-v2/kaggle/prep1_aug1/seed_37622020/checkpoint-3168
2026-03-25 14:56:57,369 - cyberbully - INFO - Removed checkpoint: experiments/grid-search/all-MiniLM-L12-v2/kaggle/prep1_aug1/seed_37622020/checkpoint-7920
2026-03-25 14:56:57,389 - cyberbully - INFO - Removed checkpoint: experiments/grid-search/all-MiniLM-L12-v2/kaggle/prep1_aug1/seed_37622020/checkpoint-6336
2026-03-25 14:56:57,412 - cyberbully - INFO - Removed checkpoint: experiments/grid-search/all-MiniLM-L12-v2/kaggle/prep1_aug1/seed_37622020/checkpoint-7128
2026-03-25 14:56:57,432 - cyberbully - INFO - Removed checkpoint: experiments/grid-search/all-MiniLM-L12-v2/kaggle/prep1_aug1/seed_37622020/checkpoint-2376
2026-03-25 14:56:57,453 - cyberbully - INFO - Removed checkpoint: experiments/grid-search/all-MiniLM-L12-v2/kaggle/prep1_aug1/seed_37622020/checkpoint-5544
2026-03-25 14:56:57,473 - cyberbully - INFO - Removed checkpoint: experiments/grid-search/all-MiniLM-L12-v2/kaggle/prep1_aug1/seed_37622020/checkpoint-4752
2026-03-25 14:56:57,473 - cyberbully - INFO - Step 5: Evaluating on test set...
2026-03-25 14:57:04,304 - cyberbully - INFO - Metrics saved to experiments/grid-search/all-MiniLM-L12-v2/kaggle/prep1_aug1/seed_37622020/metrics.json
2026-03-25 14:57:04,304 - cyberbully - INFO - Confusion matrix saved to experiments/grid-search/all-MiniLM-L12-v2/kaggle/prep1_aug1/seed_37622020/confusion_matrix.json
2026-03-25 14:57:04,374 - cyberbully - INFO - Per-sample predictions saved to experiments/grid-search/all-MiniLM-L12-v2/kaggle/prep1_aug1/seed_37622020/predictions.json
2026-03-25 14:57:04,475 - cyberbully - INFO - Confusion matrix figure saved to experiments/grid-search/all-MiniLM-L12-v2/kaggle/prep1_aug1/seed_37622020/confusion_matrix.pdf
2026-03-25 14:57:04,475 - cyberbully - INFO - Accuracy: 0.9519
2026-03-25 14:57:04,475 - cyberbully - INFO - Weighted F1: 0.9520
2026-03-25 14:57:04,475 - cyberbully - INFO - Micro F1: 0.9519
2026-03-25 14:57:04,475 - cyberbully - INFO - Inference time: 2.56 seconds
2026-03-25 14:57:04,475 - cyberbully - INFO - Energy consumption: 0.000174 kWh
2026-03-25 14:57:04,477 - cyberbully - INFO - ============================================================
2026-03-25 14:57:04,477 - cyberbully - INFO - Pipeline complete. Results saved to: experiments/grid-search/all-MiniLM-L12-v2/kaggle/prep1_aug1/seed_37622020
2026-03-25 14:57:04,477 - cyberbully - INFO - ============================================================
