2026-04-17 07:35:56,313 - cyberbully - INFO - ============================================================
2026-04-17 07:35:56,313 - cyberbully - INFO - Cyberbullying Detection Pipeline
2026-04-17 07:35:56,313 - cyberbully - INFO - ============================================================
2026-04-17 07:35:56,313 - cyberbully - INFO - Configuration:
2026-04-17 07:35:56,313 - cyberbully - INFO -   model          : sarkerlab/SocBERT-base
2026-04-17 07:35:56,313 - cyberbully - INFO -   dataset        : tweeteval
2026-04-17 07:35:56,313 - cyberbully - INFO -   preprocess     : False
2026-04-17 07:35:56,313 - cyberbully - INFO -   augment        : True
2026-04-17 07:35:56,313 - cyberbully - INFO -   compute_attribution: False
2026-04-17 07:35:56,313 - cyberbully - INFO -   seed           : 70681460
2026-04-17 07:35:56,313 - cyberbully - INFO -   epochs         : 10
2026-04-17 07:35:56,313 - cyberbully - INFO -   batch_size     : 32
2026-04-17 07:35:56,313 - cyberbully - INFO -   lr             : 5e-05
2026-04-17 07:35:56,313 - cyberbully - INFO -   max_length     : 128
2026-04-17 07:35:56,313 - cyberbully - INFO -   output_dir     : grid-search
2026-04-17 07:35:56,313 - cyberbully - INFO -   data_dir       : dataset
2026-04-17 07:35:56,313 - cyberbully - INFO -   sbert          : False
2026-04-17 07:35:56,313 - cyberbully - INFO -   supcon         : False
2026-04-17 07:35:56,313 - cyberbully - INFO -   supcon_weight  : 0.1
2026-04-17 07:35:56,313 - cyberbully - INFO -   proj_dim       : 128
2026-04-17 07:35:56,313 - cyberbully - INFO -   grad_accum_steps: 1
2026-04-17 07:35:56,313 - cyberbully - INFO -   overwrite      : True
2026-04-17 07:35:56,313 - cyberbully - INFO -   device         : cuda
2026-04-17 07:35:56,314 - cyberbully - INFO -   output_dir     : experiments/grid-search/sarkerlab_SocBERT-base/tweeteval/prep0_aug1/seed_70681460
2026-04-17 07:35:56,314 - cyberbully - INFO - ============================================================
2026-04-17 07:35:56,314 - cyberbully - INFO - Step 1: Preparing data...
2026-04-17 07:35:56,361 - cyberbully - INFO - Loaded pre-split data from dataset/tweeteval — train: 32485, val: 8122, test: 10152
2026-04-17 07:35:56,361 - cyberbully - INFO - Label mapping: {'emotion': 0, 'hate': 1, 'offensive': 2, 'religion': 3, 'spiritual': 4}
2026-04-17 07:35:56,363 - cyberbully - INFO - Applying training data augmentation (oversampling)...
2026-04-17 07:35:56,369 - cyberbully - INFO - After oversampling — class distribution: {0: 8985, 1: 8985, 2: 8985, 3: 8985, 4: 8985}
2026-04-17 07:35:56,378 - cyberbully - INFO - Number of classes: 5
2026-04-17 07:35:56,379 - cyberbully - INFO - Step 2: Loading model and tokenizer...
2026-04-17 07:35:56,379 - cyberbully - INFO - Loading model 'sarkerlab/SocBERT-base' with 5 labels (sbert=False, supcon=False)
2026-04-17 07:35:57,962 - cyberbully - INFO - Step 3: Creating datasets...
2026-04-17 07:35:59,069 - cyberbully - INFO - Dataset sizes — train: 44925, val: 8122, test: 10152
2026-04-17 07:35:59,069 - cyberbully - INFO - Step 4: Training...
2026-04-17 07:35:59,314 - cyberbully - INFO - Starting training...
2026-04-17 07:55:44,129 - cyberbully - INFO - Training complete.
2026-04-17 07:55:44,223 - cyberbully - INFO - Removed checkpoint: experiments/grid-search/sarkerlab_SocBERT-base/tweeteval/prep0_aug1/seed_70681460/checkpoint-14040
2026-04-17 07:55:44,307 - cyberbully - INFO - Removed checkpoint: experiments/grid-search/sarkerlab_SocBERT-base/tweeteval/prep0_aug1/seed_70681460/checkpoint-2808
2026-04-17 07:55:44,388 - cyberbully - INFO - Removed checkpoint: experiments/grid-search/sarkerlab_SocBERT-base/tweeteval/prep0_aug1/seed_70681460/checkpoint-5616
2026-04-17 07:55:44,469 - cyberbully - INFO - Removed checkpoint: experiments/grid-search/sarkerlab_SocBERT-base/tweeteval/prep0_aug1/seed_70681460/checkpoint-7020
2026-04-17 07:55:44,551 - cyberbully - INFO - Removed checkpoint: experiments/grid-search/sarkerlab_SocBERT-base/tweeteval/prep0_aug1/seed_70681460/checkpoint-4212
2026-04-17 07:55:44,631 - cyberbully - INFO - Removed checkpoint: experiments/grid-search/sarkerlab_SocBERT-base/tweeteval/prep0_aug1/seed_70681460/checkpoint-12636
2026-04-17 07:55:44,717 - cyberbully - INFO - Removed checkpoint: experiments/grid-search/sarkerlab_SocBERT-base/tweeteval/prep0_aug1/seed_70681460/checkpoint-1404
2026-04-17 07:55:44,798 - cyberbully - INFO - Removed checkpoint: experiments/grid-search/sarkerlab_SocBERT-base/tweeteval/prep0_aug1/seed_70681460/checkpoint-8424
2026-04-17 07:55:44,878 - cyberbully - INFO - Removed checkpoint: experiments/grid-search/sarkerlab_SocBERT-base/tweeteval/prep0_aug1/seed_70681460/checkpoint-11232
2026-04-17 07:55:44,958 - cyberbully - INFO - Removed checkpoint: experiments/grid-search/sarkerlab_SocBERT-base/tweeteval/prep0_aug1/seed_70681460/checkpoint-9828
2026-04-17 07:55:44,958 - cyberbully - INFO - Step 5: Evaluating on test set...
2026-04-17 07:55:55,735 - cyberbully - INFO - Metrics saved to experiments/grid-search/sarkerlab_SocBERT-base/tweeteval/prep0_aug1/seed_70681460/metrics.json
2026-04-17 07:55:55,735 - cyberbully - INFO - Confusion matrix saved to experiments/grid-search/sarkerlab_SocBERT-base/tweeteval/prep0_aug1/seed_70681460/confusion_matrix.json
2026-04-17 07:55:55,837 - cyberbully - INFO - Per-sample predictions saved to experiments/grid-search/sarkerlab_SocBERT-base/tweeteval/prep0_aug1/seed_70681460/predictions.json
2026-04-17 07:55:55,940 - cyberbully - INFO - Confusion matrix figure saved to experiments/grid-search/sarkerlab_SocBERT-base/tweeteval/prep0_aug1/seed_70681460/confusion_matrix.pdf
2026-04-17 07:55:55,940 - cyberbully - INFO - Accuracy: 0.9696
2026-04-17 07:55:55,940 - cyberbully - INFO - Weighted F1: 0.9696
2026-04-17 07:55:55,940 - cyberbully - INFO - Micro F1: 0.9696
2026-04-17 07:55:55,940 - cyberbully - INFO - Inference time: 6.09 seconds
2026-04-17 07:55:55,940 - cyberbully - INFO - Energy consumption: 0.000408 kWh
2026-04-17 07:55:55,942 - cyberbully - INFO - ============================================================
2026-04-17 07:55:55,942 - cyberbully - INFO - Pipeline complete. Results saved to: experiments/grid-search/sarkerlab_SocBERT-base/tweeteval/prep0_aug1/seed_70681460
2026-04-17 07:55:55,943 - cyberbully - INFO - ============================================================
