2026-03-21 07:30:24,871 - cyberbully - INFO - ============================================================
2026-03-21 07:30:24,871 - cyberbully - INFO - Cyberbullying Detection Pipeline
2026-03-21 07:30:24,871 - cyberbully - INFO - ============================================================
2026-03-21 07:30:24,871 - cyberbully - INFO - Configuration:
2026-03-21 07:30:24,871 - cyberbully - INFO -   model          : bert-base-cased
2026-03-21 07:30:24,871 - cyberbully - INFO -   dataset        : tweeteval
2026-03-21 07:30:24,871 - cyberbully - INFO -   preprocess     : False
2026-03-21 07:30:24,871 - cyberbully - INFO -   augment        : True
2026-03-21 07:30:24,871 - cyberbully - INFO -   compute_attribution: False
2026-03-21 07:30:24,871 - cyberbully - INFO -   seed           : 70681460
2026-03-21 07:30:24,871 - cyberbully - INFO -   epochs         : 10
2026-03-21 07:30:24,871 - cyberbully - INFO -   batch_size     : 32
2026-03-21 07:30:24,871 - cyberbully - INFO -   lr             : 5e-05
2026-03-21 07:30:24,871 - cyberbully - INFO -   max_length     : 128
2026-03-21 07:30:24,871 - cyberbully - INFO -   output_dir     : grid-search
2026-03-21 07:30:24,871 - cyberbully - INFO -   data_dir       : dataset
2026-03-21 07:30:24,871 - cyberbully - INFO -   sbert          : False
2026-03-21 07:30:24,871 - cyberbully - INFO -   supcon         : False
2026-03-21 07:30:24,871 - cyberbully - INFO -   supcon_weight  : 0.1
2026-03-21 07:30:24,871 - cyberbully - INFO -   proj_dim       : 128
2026-03-21 07:30:24,871 - cyberbully - INFO -   grad_accum_steps: 1
2026-03-21 07:30:24,871 - cyberbully - INFO -   overwrite      : False
2026-03-21 07:30:24,871 - cyberbully - INFO -   device         : cuda
2026-03-21 07:30:24,871 - cyberbully - INFO -   output_dir     : experiments/grid-search/bert-base-cased/tweeteval/prep0_aug1/seed_70681460
2026-03-21 07:30:24,871 - cyberbully - INFO - ============================================================
2026-03-21 07:30:24,871 - cyberbully - INFO - Step 1: Preparing data...
2026-03-21 07:30:24,918 - cyberbully - INFO - Loaded pre-split data from dataset/tweeteval — train: 32485, val: 8122, test: 10152
2026-03-21 07:30:24,919 - cyberbully - INFO - Label mapping: {'emotion': 0, 'hate': 1, 'offensive': 2, 'religion': 3, 'spiritual': 4}
2026-03-21 07:30:24,921 - cyberbully - INFO - Applying training data augmentation (oversampling)...
2026-03-21 07:30:24,927 - cyberbully - INFO - After oversampling — class distribution: {0: 8985, 1: 8985, 2: 8985, 3: 8985, 4: 8985}
2026-03-21 07:30:24,936 - cyberbully - INFO - Number of classes: 5
2026-03-21 07:30:24,938 - cyberbully - INFO - Step 2: Loading model and tokenizer...
2026-03-21 07:30:24,938 - cyberbully - INFO - Loading model 'bert-base-cased' with 5 labels (sbert=False, supcon=False)
2026-03-21 07:30:26,851 - cyberbully - INFO - Step 3: Creating datasets...
2026-03-21 07:30:28,166 - cyberbully - INFO - Dataset sizes — train: 44925, val: 8122, test: 10152
2026-03-21 07:30:28,167 - cyberbully - INFO - Step 4: Training...
2026-03-21 07:30:28,407 - cyberbully - INFO - Starting training...
2026-03-21 07:52:08,900 - cyberbully - INFO - Training complete.
2026-03-21 07:52:08,974 - cyberbully - INFO - Removed checkpoint: experiments/grid-search/bert-base-cased/tweeteval/prep0_aug1/seed_70681460/checkpoint-14040
2026-03-21 07:52:09,037 - cyberbully - INFO - Removed checkpoint: experiments/grid-search/bert-base-cased/tweeteval/prep0_aug1/seed_70681460/checkpoint-2808
2026-03-21 07:52:09,099 - cyberbully - INFO - Removed checkpoint: experiments/grid-search/bert-base-cased/tweeteval/prep0_aug1/seed_70681460/checkpoint-5616
2026-03-21 07:52:09,162 - cyberbully - INFO - Removed checkpoint: experiments/grid-search/bert-base-cased/tweeteval/prep0_aug1/seed_70681460/checkpoint-7020
2026-03-21 07:52:09,224 - cyberbully - INFO - Removed checkpoint: experiments/grid-search/bert-base-cased/tweeteval/prep0_aug1/seed_70681460/checkpoint-4212
2026-03-21 07:52:09,287 - cyberbully - INFO - Removed checkpoint: experiments/grid-search/bert-base-cased/tweeteval/prep0_aug1/seed_70681460/checkpoint-12636
2026-03-21 07:52:09,360 - cyberbully - INFO - Removed checkpoint: experiments/grid-search/bert-base-cased/tweeteval/prep0_aug1/seed_70681460/checkpoint-1404
2026-03-21 07:52:09,423 - cyberbully - INFO - Removed checkpoint: experiments/grid-search/bert-base-cased/tweeteval/prep0_aug1/seed_70681460/checkpoint-8424
2026-03-21 07:52:09,486 - cyberbully - INFO - Removed checkpoint: experiments/grid-search/bert-base-cased/tweeteval/prep0_aug1/seed_70681460/checkpoint-11232
2026-03-21 07:52:09,551 - cyberbully - INFO - Removed checkpoint: experiments/grid-search/bert-base-cased/tweeteval/prep0_aug1/seed_70681460/checkpoint-9828
2026-03-21 07:52:09,551 - cyberbully - INFO - Step 5: Evaluating on test set...
2026-03-21 07:52:21,611 - cyberbully - INFO - Metrics saved to experiments/grid-search/bert-base-cased/tweeteval/prep0_aug1/seed_70681460/metrics.json
2026-03-21 07:52:21,611 - cyberbully - INFO - Confusion matrix saved to experiments/grid-search/bert-base-cased/tweeteval/prep0_aug1/seed_70681460/confusion_matrix.json
2026-03-21 07:52:21,709 - cyberbully - INFO - Per-sample predictions saved to experiments/grid-search/bert-base-cased/tweeteval/prep0_aug1/seed_70681460/predictions.json
2026-03-21 07:52:21,809 - cyberbully - INFO - Confusion matrix figure saved to experiments/grid-search/bert-base-cased/tweeteval/prep0_aug1/seed_70681460/confusion_matrix.pdf
2026-03-21 07:52:21,809 - cyberbully - INFO - Accuracy: 0.9706
2026-03-21 07:52:21,809 - cyberbully - INFO - Weighted F1: 0.9707
2026-03-21 07:52:21,809 - cyberbully - INFO - Micro F1: 0.9706
2026-03-21 07:52:21,810 - cyberbully - INFO - Inference time: 7.74 seconds
2026-03-21 07:52:21,810 - cyberbully - INFO - Energy consumption: 0.000476 kWh
2026-03-21 07:52:21,812 - cyberbully - INFO - ============================================================
2026-03-21 07:52:21,812 - cyberbully - INFO - Pipeline complete. Results saved to: experiments/grid-search/bert-base-cased/tweeteval/prep0_aug1/seed_70681460
2026-03-21 07:52:21,812 - cyberbully - INFO - ============================================================
