2026-06-15 03:41:12,395 - cyberbully - INFO - ============================================================
2026-06-15 03:41:12,395 - cyberbully - INFO - Cyberbullying Detection Pipeline
2026-06-15 03:41:12,395 - cyberbully - INFO - ============================================================
2026-06-15 03:41:12,395 - cyberbully - INFO - Configuration:
2026-06-15 03:41:12,395 - cyberbully - INFO -   model          : chandar-lab/NeoBERT
2026-06-15 03:41:12,395 - cyberbully - INFO -   dataset        : tweeteval
2026-06-15 03:41:12,395 - cyberbully - INFO -   preprocess     : False
2026-06-15 03:41:12,395 - cyberbully - INFO -   prep_mode      : 2
2026-06-15 03:41:12,395 - cyberbully - INFO -   augment        : False
2026-06-15 03:41:12,395 - cyberbully - INFO -   compute_attribution: False
2026-06-15 03:41:12,395 - cyberbully - INFO -   seed           : 24677315
2026-06-15 03:41:12,395 - cyberbully - INFO -   epochs         : 10
2026-06-15 03:41:12,395 - cyberbully - INFO -   batch_size     : 32
2026-06-15 03:41:12,395 - cyberbully - INFO -   lr             : 5e-05
2026-06-15 03:41:12,395 - cyberbully - INFO -   max_length     : 128
2026-06-15 03:41:12,395 - cyberbully - INFO -   output_dir     : grid-search
2026-06-15 03:41:12,395 - cyberbully - INFO -   data_dir       : dataset
2026-06-15 03:41:12,396 - cyberbully - INFO -   sbert          : False
2026-06-15 03:41:12,396 - cyberbully - INFO -   supcon         : False
2026-06-15 03:41:12,396 - cyberbully - INFO -   supcon_weight  : 0.1
2026-06-15 03:41:12,396 - cyberbully - INFO -   proj_dim       : 128
2026-06-15 03:41:12,396 - cyberbully - INFO -   grad_accum_steps: 1
2026-06-15 03:41:12,396 - cyberbully - INFO -   overwrite      : False
2026-06-15 03:41:12,396 - cyberbully - INFO -   device         : cuda
2026-06-15 03:41:12,396 - cyberbully - INFO -   output_dir     : experiments/grid-search/chandar-lab_NeoBERT/tweeteval/prep2_aug0/seed_24677315
2026-06-15 03:41:12,396 - cyberbully - INFO - ============================================================
2026-06-15 03:41:12,396 - cyberbully - INFO - Step 1: Preparing data...
2026-06-15 03:41:12,444 - cyberbully - INFO - Loaded pre-split data from dataset/tweeteval — train: 32485, val: 8122, test: 10152
2026-06-15 03:41:12,444 - cyberbully - INFO - Label mapping: {'emotion': 0, 'hate': 1, 'offensive': 2, 'religion': 3, 'spiritual': 4}
2026-06-15 03:41:12,445 - cyberbully - INFO - Applying partial text preprocessing per split...
2026-06-15 03:41:14,101 - cyberbully - INFO - After preprocessing -- train: 32485, val: 8122, test: 10152
2026-06-15 03:41:14,106 - cyberbully - INFO - Number of classes: 5
2026-06-15 03:41:14,107 - cyberbully - INFO - Step 2: Loading model and tokenizer...
2026-06-15 03:41:14,107 - cyberbully - INFO - Loading model 'chandar-lab/NeoBERT' with 5 labels (sbert=False, supcon=False)
2026-06-15 03:41:15,927 - cyberbully - INFO - Step 3: Creating datasets...
2026-06-15 03:41:16,837 - cyberbully - INFO - Dataset sizes — train: 32485, val: 8122, test: 10152
2026-06-15 03:41:16,837 - cyberbully - INFO - Step 4: Training...
2026-06-15 03:41:17,113 - cyberbully - INFO - Starting training...
2026-06-15 04:23:28,388 - cyberbully - INFO - Training complete.
2026-06-15 04:23:28,515 - cyberbully - INFO - Removed checkpoint: experiments/grid-search/chandar-lab_NeoBERT/tweeteval/prep2_aug0/seed_24677315/checkpoint-3048
2026-06-15 04:23:28,643 - cyberbully - INFO - Removed checkpoint: experiments/grid-search/chandar-lab_NeoBERT/tweeteval/prep2_aug0/seed_24677315/checkpoint-7112
2026-06-15 04:23:28,772 - cyberbully - INFO - Removed checkpoint: experiments/grid-search/chandar-lab_NeoBERT/tweeteval/prep2_aug0/seed_24677315/checkpoint-9144
2026-06-15 04:23:28,903 - cyberbully - INFO - Removed checkpoint: experiments/grid-search/chandar-lab_NeoBERT/tweeteval/prep2_aug0/seed_24677315/checkpoint-1016
2026-06-15 04:23:29,034 - cyberbully - INFO - Removed checkpoint: experiments/grid-search/chandar-lab_NeoBERT/tweeteval/prep2_aug0/seed_24677315/checkpoint-2032
2026-06-15 04:23:29,187 - cyberbully - INFO - Removed checkpoint: experiments/grid-search/chandar-lab_NeoBERT/tweeteval/prep2_aug0/seed_24677315/checkpoint-10160
2026-06-15 04:23:29,316 - cyberbully - INFO - Removed checkpoint: experiments/grid-search/chandar-lab_NeoBERT/tweeteval/prep2_aug0/seed_24677315/checkpoint-6096
2026-06-15 04:23:29,444 - cyberbully - INFO - Removed checkpoint: experiments/grid-search/chandar-lab_NeoBERT/tweeteval/prep2_aug0/seed_24677315/checkpoint-5080
2026-06-15 04:23:29,575 - cyberbully - INFO - Removed checkpoint: experiments/grid-search/chandar-lab_NeoBERT/tweeteval/prep2_aug0/seed_24677315/checkpoint-8128
2026-06-15 04:23:29,706 - cyberbully - INFO - Removed checkpoint: experiments/grid-search/chandar-lab_NeoBERT/tweeteval/prep2_aug0/seed_24677315/checkpoint-4064
2026-06-15 04:23:29,706 - cyberbully - INFO - Step 5: Evaluating on test set...
2026-06-15 04:23:56,463 - cyberbully - INFO - Metrics saved to experiments/grid-search/chandar-lab_NeoBERT/tweeteval/prep2_aug0/seed_24677315/metrics.json
2026-06-15 04:23:56,464 - cyberbully - INFO - Confusion matrix saved to experiments/grid-search/chandar-lab_NeoBERT/tweeteval/prep2_aug0/seed_24677315/confusion_matrix.json
2026-06-15 04:23:56,571 - cyberbully - INFO - Per-sample predictions saved to experiments/grid-search/chandar-lab_NeoBERT/tweeteval/prep2_aug0/seed_24677315/predictions.json
2026-06-15 04:23:56,678 - cyberbully - INFO - Confusion matrix figure saved to experiments/grid-search/chandar-lab_NeoBERT/tweeteval/prep2_aug0/seed_24677315/confusion_matrix.pdf
2026-06-15 04:23:56,678 - cyberbully - INFO - Accuracy: 0.9399
2026-06-15 04:23:56,678 - cyberbully - INFO - Weighted F1: 0.9399
2026-06-15 04:23:56,678 - cyberbully - INFO - Micro F1: 0.9399
2026-06-15 04:23:56,678 - cyberbully - INFO - Inference time: 20.65 seconds
2026-06-15 04:23:56,678 - cyberbully - INFO - Energy consumption: 0.001206 kWh
2026-06-15 04:23:56,680 - cyberbully - INFO - ============================================================
2026-06-15 04:23:56,681 - cyberbully - INFO - Pipeline complete. Results saved to: experiments/grid-search/chandar-lab_NeoBERT/tweeteval/prep2_aug0/seed_24677315
2026-06-15 04:23:56,681 - cyberbully - INFO - ============================================================
