2026-04-15 13:56:50,396 - cyberbully - INFO - Model 'all-mpnet-base-v2' detected as SBERT-based. Using SBERTClassifier pipeline.
2026-04-15 13:56:50,396 - cyberbully - INFO - ============================================================
2026-04-15 13:56:50,396 - cyberbully - INFO - Cyberbullying Detection Pipeline
2026-04-15 13:56:50,396 - cyberbully - INFO - ============================================================
2026-04-15 13:56:50,396 - cyberbully - INFO - Configuration:
2026-04-15 13:56:50,396 - cyberbully - INFO -   model          : all-mpnet-base-v2
2026-04-15 13:56:50,396 - cyberbully - INFO -   dataset        : ieee
2026-04-15 13:56:50,396 - cyberbully - INFO -   preprocess     : False
2026-04-15 13:56:50,396 - cyberbully - INFO -   augment        : False
2026-04-15 13:56:50,396 - cyberbully - INFO -   compute_attribution: False
2026-04-15 13:56:50,396 - cyberbully - INFO -   seed           : 87212562
2026-04-15 13:56:50,396 - cyberbully - INFO -   epochs         : 10
2026-04-15 13:56:50,396 - cyberbully - INFO -   batch_size     : 32
2026-04-15 13:56:50,396 - cyberbully - INFO -   lr             : 5e-05
2026-04-15 13:56:50,396 - cyberbully - INFO -   max_length     : 128
2026-04-15 13:56:50,396 - cyberbully - INFO -   output_dir     : grid-search
2026-04-15 13:56:50,396 - cyberbully - INFO -   data_dir       : dataset
2026-04-15 13:56:50,396 - cyberbully - INFO -   sbert          : True
2026-04-15 13:56:50,396 - cyberbully - INFO -   supcon         : False
2026-04-15 13:56:50,396 - cyberbully - INFO -   supcon_weight  : 0.1
2026-04-15 13:56:50,396 - cyberbully - INFO -   proj_dim       : 128
2026-04-15 13:56:50,396 - cyberbully - INFO -   grad_accum_steps: 1
2026-04-15 13:56:50,397 - cyberbully - INFO -   overwrite      : False
2026-04-15 13:56:50,397 - cyberbully - INFO -   device         : cuda
2026-04-15 13:56:50,397 - cyberbully - INFO -   output_dir     : experiments/grid-search/all-mpnet-base-v2/ieee/prep0_aug0/seed_87212562
2026-04-15 13:56:50,397 - cyberbully - INFO - ============================================================
2026-04-15 13:56:50,397 - cyberbully - INFO - Step 1: Preparing data...
2026-04-15 13:56:50,400 - cyberbully - INFO - Loaded pre-split data from dataset/ieee — train: 1348, val: 338, test: 422
2026-04-15 13:56:50,400 - cyberbully - INFO - Label mapping: {'Cyberstalking': 0, 'Doxing': 1, 'Revenge Porn': 2, 'Sexual Harassment': 3, 'Slut Shaming': 4}
2026-04-15 13:56:50,402 - cyberbully - INFO - Number of classes: 5
2026-04-15 13:56:50,403 - cyberbully - INFO - Step 2: Loading model and tokenizer...
2026-04-15 13:56:50,403 - cyberbully - INFO - Loading model 'all-mpnet-base-v2' with 5 labels (sbert=True, supcon=False)
2026-04-15 13:56:54,414 - cyberbully - INFO - SBERTClassifier: embedding_dim=768, hidden=256, proj_dim=None, num_labels=5
2026-04-15 13:56:55,019 - cyberbully - INFO - Step 3: Creating datasets...
2026-04-15 13:56:55,050 - cyberbully - INFO - Dataset sizes — train: 1348, val: 338, test: 422
2026-04-15 13:56:55,050 - cyberbully - INFO - Step 4: Training...
2026-04-15 13:56:55,105 - cyberbully - INFO - Starting training...
2026-04-15 13:57:45,914 - cyberbully - INFO - Training complete.
2026-04-15 13:57:45,988 - cyberbully - INFO - Removed checkpoint: experiments/grid-search/all-mpnet-base-v2/ieee/prep0_aug0/seed_87212562/checkpoint-172
2026-04-15 13:57:46,059 - cyberbully - INFO - Removed checkpoint: experiments/grid-search/all-mpnet-base-v2/ieee/prep0_aug0/seed_87212562/checkpoint-258
2026-04-15 13:57:46,130 - cyberbully - INFO - Removed checkpoint: experiments/grid-search/all-mpnet-base-v2/ieee/prep0_aug0/seed_87212562/checkpoint-387
2026-04-15 13:57:46,198 - cyberbully - INFO - Removed checkpoint: experiments/grid-search/all-mpnet-base-v2/ieee/prep0_aug0/seed_87212562/checkpoint-43
2026-04-15 13:57:46,269 - cyberbully - INFO - Removed checkpoint: experiments/grid-search/all-mpnet-base-v2/ieee/prep0_aug0/seed_87212562/checkpoint-430
2026-04-15 13:57:46,341 - cyberbully - INFO - Removed checkpoint: experiments/grid-search/all-mpnet-base-v2/ieee/prep0_aug0/seed_87212562/checkpoint-301
2026-04-15 13:57:46,414 - cyberbully - INFO - Removed checkpoint: experiments/grid-search/all-mpnet-base-v2/ieee/prep0_aug0/seed_87212562/checkpoint-344
2026-04-15 13:57:46,499 - cyberbully - INFO - Removed checkpoint: experiments/grid-search/all-mpnet-base-v2/ieee/prep0_aug0/seed_87212562/checkpoint-129
2026-04-15 13:57:46,571 - cyberbully - INFO - Removed checkpoint: experiments/grid-search/all-mpnet-base-v2/ieee/prep0_aug0/seed_87212562/checkpoint-215
2026-04-15 13:57:46,994 - cyberbully - INFO - Removed checkpoint: experiments/grid-search/all-mpnet-base-v2/ieee/prep0_aug0/seed_87212562/checkpoint-86
2026-04-15 13:57:46,994 - cyberbully - INFO - Step 5: Evaluating on test set...
2026-04-15 13:57:52,021 - cyberbully - INFO - Metrics saved to experiments/grid-search/all-mpnet-base-v2/ieee/prep0_aug0/seed_87212562/metrics.json
2026-04-15 13:57:52,021 - cyberbully - INFO - Confusion matrix saved to experiments/grid-search/all-mpnet-base-v2/ieee/prep0_aug0/seed_87212562/confusion_matrix.json
2026-04-15 13:57:52,026 - cyberbully - INFO - Per-sample predictions saved to experiments/grid-search/all-mpnet-base-v2/ieee/prep0_aug0/seed_87212562/predictions.json
2026-04-15 13:57:52,127 - cyberbully - INFO - Confusion matrix figure saved to experiments/grid-search/all-mpnet-base-v2/ieee/prep0_aug0/seed_87212562/confusion_matrix.pdf
2026-04-15 13:57:52,127 - cyberbully - INFO - Accuracy: 0.8246
2026-04-15 13:57:52,127 - cyberbully - INFO - Weighted F1: 0.8239
2026-04-15 13:57:52,127 - cyberbully - INFO - Micro F1: 0.8246
2026-04-15 13:57:52,127 - cyberbully - INFO - Inference time: 0.32 seconds
2026-04-15 13:57:52,127 - cyberbully - INFO - Energy consumption: 0.000022 kWh
2026-04-15 13:57:52,128 - cyberbully - INFO - ============================================================
2026-04-15 13:57:52,128 - cyberbully - INFO - Pipeline complete. Results saved to: experiments/grid-search/all-mpnet-base-v2/ieee/prep0_aug0/seed_87212562
2026-04-15 13:57:52,128 - cyberbully - INFO - ============================================================
