2026-03-25 13:40:40,626 - cyberbully - INFO - Model 'all-MiniLM-L12-v2' detected as SBERT-based. Using SBERTClassifier pipeline.
2026-03-25 13:40:40,626 - cyberbully - INFO - ============================================================
2026-03-25 13:40:40,626 - cyberbully - INFO - Cyberbullying Detection Pipeline
2026-03-25 13:40:40,626 - cyberbully - INFO - ============================================================
2026-03-25 13:40:40,626 - cyberbully - INFO - Configuration:
2026-03-25 13:40:40,626 - cyberbully - INFO -   model          : all-MiniLM-L12-v2
2026-03-25 13:40:40,626 - cyberbully - INFO -   dataset        : kaggle
2026-03-25 13:40:40,626 - cyberbully - INFO -   preprocess     : True
2026-03-25 13:40:40,626 - cyberbully - INFO -   augment        : False
2026-03-25 13:40:40,626 - cyberbully - INFO -   compute_attribution: False
2026-03-25 13:40:40,626 - cyberbully - INFO -   seed           : 24677315
2026-03-25 13:40:40,626 - cyberbully - INFO -   epochs         : 10
2026-03-25 13:40:40,626 - cyberbully - INFO -   batch_size     : 32
2026-03-25 13:40:40,626 - cyberbully - INFO -   lr             : 5e-05
2026-03-25 13:40:40,626 - cyberbully - INFO -   max_length     : 128
2026-03-25 13:40:40,626 - cyberbully - INFO -   output_dir     : grid-search
2026-03-25 13:40:40,626 - cyberbully - INFO -   data_dir       : dataset
2026-03-25 13:40:40,626 - cyberbully - INFO -   sbert          : True
2026-03-25 13:40:40,626 - cyberbully - INFO -   supcon         : False
2026-03-25 13:40:40,626 - cyberbully - INFO -   supcon_weight  : 0.1
2026-03-25 13:40:40,626 - cyberbully - INFO -   proj_dim       : 128
2026-03-25 13:40:40,626 - cyberbully - INFO -   grad_accum_steps: 1
2026-03-25 13:40:40,626 - cyberbully - INFO -   overwrite      : False
2026-03-25 13:40:40,626 - cyberbully - INFO -   device         : cuda
2026-03-25 13:40:40,626 - cyberbully - INFO -   output_dir     : experiments/grid-search/all-MiniLM-L12-v2/kaggle/prep1_aug0/seed_24677315
2026-03-25 13:40:40,626 - cyberbully - INFO - ============================================================
2026-03-25 13:40:40,626 - cyberbully - INFO - Step 1: Preparing data...
2026-03-25 13:40:40,675 - cyberbully - INFO - Loaded pre-split data from dataset/kaggle — train: 25604, val: 6401, test: 8002
2026-03-25 13:40:40,675 - cyberbully - INFO - Label mapping: {'age': 0, 'ethnicity': 1, 'gender': 2, 'other_cyberbullying': 3, 'religion': 4}
2026-03-25 13:40:40,675 - cyberbully - INFO - Applying text preprocessing per split...
2026-03-25 13:41:24,611 - cyberbully - INFO - After preprocessing — train: 23563, val: 5980, test: 7419
2026-03-25 13:41:24,622 - cyberbully - INFO - Number of classes: 5
2026-03-25 13:41:24,623 - cyberbully - INFO - Step 2: Loading model and tokenizer...
2026-03-25 13:41:24,623 - cyberbully - INFO - Loading model 'all-MiniLM-L12-v2' with 5 labels (sbert=True, supcon=False)
2026-03-25 13:41:27,322 - cyberbully - INFO - SBERTClassifier: embedding_dim=384, hidden=256, proj_dim=None, num_labels=5
2026-03-25 13:41:27,621 - cyberbully - INFO - Step 3: Creating datasets...
2026-03-25 13:41:28,210 - cyberbully - INFO - Dataset sizes — train: 23563, val: 5980, test: 7419
2026-03-25 13:41:28,210 - cyberbully - INFO - Step 4: Training...
2026-03-25 13:41:28,250 - cyberbully - INFO - Starting training...
2026-03-25 13:46:47,976 - cyberbully - INFO - Training complete.
2026-03-25 13:46:47,997 - cyberbully - INFO - Removed checkpoint: experiments/grid-search/all-MiniLM-L12-v2/kaggle/prep1_aug0/seed_24677315/checkpoint-1474
2026-03-25 13:46:48,017 - cyberbully - INFO - Removed checkpoint: experiments/grid-search/all-MiniLM-L12-v2/kaggle/prep1_aug0/seed_24677315/checkpoint-2211
2026-03-25 13:46:48,040 - cyberbully - INFO - Removed checkpoint: experiments/grid-search/all-MiniLM-L12-v2/kaggle/prep1_aug0/seed_24677315/checkpoint-6633
2026-03-25 13:46:48,060 - cyberbully - INFO - Removed checkpoint: experiments/grid-search/all-MiniLM-L12-v2/kaggle/prep1_aug0/seed_24677315/checkpoint-4422
2026-03-25 13:46:48,080 - cyberbully - INFO - Removed checkpoint: experiments/grid-search/all-MiniLM-L12-v2/kaggle/prep1_aug0/seed_24677315/checkpoint-5896
2026-03-25 13:46:48,103 - cyberbully - INFO - Removed checkpoint: experiments/grid-search/all-MiniLM-L12-v2/kaggle/prep1_aug0/seed_24677315/checkpoint-7370
2026-03-25 13:46:48,123 - cyberbully - INFO - Removed checkpoint: experiments/grid-search/all-MiniLM-L12-v2/kaggle/prep1_aug0/seed_24677315/checkpoint-2948
2026-03-25 13:46:48,144 - cyberbully - INFO - Removed checkpoint: experiments/grid-search/all-MiniLM-L12-v2/kaggle/prep1_aug0/seed_24677315/checkpoint-5159
2026-03-25 13:46:48,165 - cyberbully - INFO - Removed checkpoint: experiments/grid-search/all-MiniLM-L12-v2/kaggle/prep1_aug0/seed_24677315/checkpoint-737
2026-03-25 13:46:48,185 - cyberbully - INFO - Removed checkpoint: experiments/grid-search/all-MiniLM-L12-v2/kaggle/prep1_aug0/seed_24677315/checkpoint-3685
2026-03-25 13:46:48,185 - cyberbully - INFO - Step 5: Evaluating on test set...
2026-03-25 13:46:55,054 - cyberbully - INFO - Metrics saved to experiments/grid-search/all-MiniLM-L12-v2/kaggle/prep1_aug0/seed_24677315/metrics.json
2026-03-25 13:46:55,054 - cyberbully - INFO - Confusion matrix saved to experiments/grid-search/all-MiniLM-L12-v2/kaggle/prep1_aug0/seed_24677315/confusion_matrix.json
2026-03-25 13:46:55,124 - cyberbully - INFO - Per-sample predictions saved to experiments/grid-search/all-MiniLM-L12-v2/kaggle/prep1_aug0/seed_24677315/predictions.json
2026-03-25 13:46:55,226 - cyberbully - INFO - Confusion matrix figure saved to experiments/grid-search/all-MiniLM-L12-v2/kaggle/prep1_aug0/seed_24677315/confusion_matrix.pdf
2026-03-25 13:46:55,226 - cyberbully - INFO - Accuracy: 0.9527
2026-03-25 13:46:55,226 - cyberbully - INFO - Weighted F1: 0.9528
2026-03-25 13:46:55,226 - cyberbully - INFO - Micro F1: 0.9527
2026-03-25 13:46:55,226 - cyberbully - INFO - Inference time: 2.57 seconds
2026-03-25 13:46:55,226 - cyberbully - INFO - Energy consumption: 0.000175 kWh
2026-03-25 13:46:55,228 - cyberbully - INFO - ============================================================
2026-03-25 13:46:55,228 - cyberbully - INFO - Pipeline complete. Results saved to: experiments/grid-search/all-MiniLM-L12-v2/kaggle/prep1_aug0/seed_24677315
2026-03-25 13:46:55,228 - cyberbully - INFO - ============================================================
