2026-02-13 14:01:31,817 - cyberbully - INFO - ============================================================
2026-02-13 14:01:31,817 - cyberbully - INFO - Cyberbullying Detection Pipeline
2026-02-13 14:01:31,817 - cyberbully - INFO - ============================================================
2026-02-13 14:01:31,817 - cyberbully - INFO - Configuration:
2026-02-13 14:01:31,817 - cyberbully - INFO -   model          : roberta-base
2026-02-13 14:01:31,817 - cyberbully - INFO -   dataset        : kaggle
2026-02-13 14:01:31,817 - cyberbully - INFO -   preprocess     : True
2026-02-13 14:01:31,817 - cyberbully - INFO -   augment        : True
2026-02-13 14:01:31,817 - cyberbully - INFO -   compute_attribution: False
2026-02-13 14:01:31,817 - cyberbully - INFO -   seed           : 24677315
2026-02-13 14:01:31,817 - cyberbully - INFO -   epochs         : 5
2026-02-13 14:01:31,817 - cyberbully - INFO -   batch_size     : 16
2026-02-13 14:01:31,817 - cyberbully - INFO -   lr             : 2e-05
2026-02-13 14:01:31,817 - cyberbully - INFO -   max_length     : 128
2026-02-13 14:01:31,817 - cyberbully - INFO -   output_dir     : experiments
2026-02-13 14:01:31,817 - cyberbully - INFO -   data_dir       : dataset
2026-02-13 14:01:31,817 - cyberbully - INFO -   overwrite      : False
2026-02-13 14:01:31,817 - cyberbully - INFO -   device         : cuda
2026-02-13 14:01:31,817 - cyberbully - INFO -   output_dir     : experiments/roberta-base/kaggle/prep1_aug1/seed_24677315
2026-02-13 14:01:31,817 - cyberbully - INFO - ============================================================
2026-02-13 14:01:31,817 - cyberbully - INFO - Step 1: Preparing data...
2026-02-13 14:01:31,817 - cyberbully - INFO - Loading dataset 'kaggle' from dataset/Kaggle.csv
2026-02-13 14:01:31,875 - cyberbully - INFO - Loaded 47656 samples with 6 classes: ['age', 'ethnicity', 'gender', 'not_cyberbullying', 'other_cyberbullying', 'religion']
2026-02-13 14:01:31,875 - cyberbully - INFO - Applying text preprocessing...
2026-02-13 14:02:24,746 - cyberbully - INFO - After preprocessing: 41383 samples remain
2026-02-13 14:02:24,749 - cyberbully - INFO - Label mapping: {'age': 0, 'ethnicity': 1, 'gender': 2, 'not_cyberbullying': 3, 'other_cyberbullying': 4, 'religion': 5}
2026-02-13 14:02:24,760 - cyberbully - INFO - Split sizes — train: 26484, val: 6622, test: 8277
2026-02-13 14:02:24,760 - cyberbully - INFO - Applying training data augmentation (oversampling)...
2026-02-13 14:02:24,766 - cyberbully - INFO - After oversampling — class distribution: {0: 5068, 1: 5068, 2: 5068, 3: 5068, 4: 5068, 5: 5068}
2026-02-13 14:02:24,766 - cyberbully - INFO - Number of classes: 6
2026-02-13 14:02:24,767 - cyberbully - INFO - Step 2: Loading model and tokenizer...
2026-02-13 14:02:24,767 - cyberbully - INFO - Loading model 'roberta-base' with 6 labels
2026-02-13 14:02:25,561 - cyberbully - INFO - Step 3: Tokenizing datasets...
2026-02-13 14:02:26,236 - cyberbully - INFO - Dataset sizes — train: 30408, val: 6622, test: 8277
2026-02-13 14:02:26,237 - cyberbully - INFO - Step 4: Training...
2026-02-13 14:02:26,475 - cyberbully - INFO - Starting training...
2026-02-13 14:12:31,767 - cyberbully - INFO - Training complete.
2026-02-13 14:12:31,767 - cyberbully - INFO - Step 5: Evaluating on test set...
2026-02-13 14:12:42,581 - cyberbully - INFO - Metrics saved to experiments/roberta-base/kaggle/prep1_aug1/seed_24677315/metrics.json
2026-02-13 14:12:42,581 - cyberbully - INFO - Confusion matrix saved to experiments/roberta-base/kaggle/prep1_aug1/seed_24677315/confusion_matrix.json
2026-02-13 14:12:42,693 - cyberbully - INFO - Confusion matrix figure saved to experiments/roberta-base/kaggle/prep1_aug1/seed_24677315/confusion_matrix.pdf
2026-02-13 14:12:42,693 - cyberbully - INFO - Accuracy: 0.8701
2026-02-13 14:12:42,693 - cyberbully - INFO - Weighted F1: 0.8698
2026-02-13 14:12:42,693 - cyberbully - INFO - Micro F1: 0.8701
2026-02-13 14:12:42,693 - cyberbully - INFO - Inference time: 6.44 seconds
2026-02-13 14:12:42,693 - cyberbully - INFO - Energy consumption: 0.000384 kWh
2026-02-13 14:12:42,693 - cyberbully - INFO - ============================================================
2026-02-13 14:12:42,693 - cyberbully - INFO - Pipeline complete. Results saved to: experiments/roberta-base/kaggle/prep1_aug1/seed_24677315
2026-02-13 14:12:42,693 - cyberbully - INFO - ============================================================
