2026-03-20 16:39:39,564 - cyberbully - INFO - ============================================================
2026-03-20 16:39:39,565 - cyberbully - INFO - Cyberbullying Detection Pipeline
2026-03-20 16:39:39,565 - cyberbully - INFO - ============================================================
2026-03-20 16:39:39,565 - cyberbully - INFO - Configuration:
2026-03-20 16:39:39,565 - cyberbully - INFO -   model          : GroNLP/hateBERT
2026-03-20 16:39:39,565 - cyberbully - INFO -   dataset        : ieee
2026-03-20 16:39:39,565 - cyberbully - INFO -   preprocess     : False
2026-03-20 16:39:39,565 - cyberbully - INFO -   augment        : True
2026-03-20 16:39:39,565 - cyberbully - INFO -   compute_attribution: False
2026-03-20 16:39:39,565 - cyberbully - INFO -   seed           : 43782163
2026-03-20 16:39:39,565 - cyberbully - INFO -   epochs         : 10
2026-03-20 16:39:39,565 - cyberbully - INFO -   batch_size     : 32
2026-03-20 16:39:39,565 - cyberbully - INFO -   lr             : 5e-05
2026-03-20 16:39:39,565 - cyberbully - INFO -   max_length     : 128
2026-03-20 16:39:39,565 - cyberbully - INFO -   output_dir     : grid-search
2026-03-20 16:39:39,565 - cyberbully - INFO -   data_dir       : dataset
2026-03-20 16:39:39,565 - cyberbully - INFO -   sbert          : False
2026-03-20 16:39:39,565 - cyberbully - INFO -   supcon         : False
2026-03-20 16:39:39,565 - cyberbully - INFO -   supcon_weight  : 0.1
2026-03-20 16:39:39,565 - cyberbully - INFO -   proj_dim       : 128
2026-03-20 16:39:39,565 - cyberbully - INFO -   grad_accum_steps: 1
2026-03-20 16:39:39,565 - cyberbully - INFO -   overwrite      : False
2026-03-20 16:39:39,565 - cyberbully - INFO -   device         : cuda
2026-03-20 16:39:39,565 - cyberbully - INFO -   output_dir     : experiments/grid-search/GroNLP_hateBERT/ieee/prep0_aug1/seed_43782163
2026-03-20 16:39:39,565 - cyberbully - INFO - ============================================================
2026-03-20 16:39:39,565 - cyberbully - INFO - Step 1: Preparing data...
2026-03-20 16:39:39,569 - cyberbully - INFO - Loaded pre-split data from dataset/ieee — train: 1348, val: 338, test: 422
2026-03-20 16:39:39,569 - cyberbully - INFO - Label mapping: {'Cyberstalking': 0, 'Doxing': 1, 'Revenge Porn': 2, 'Sexual Harassment': 3, 'Slut Shaming': 4}
2026-03-20 16:39:39,570 - cyberbully - INFO - Applying training data augmentation (oversampling)...
2026-03-20 16:39:39,571 - cyberbully - INFO - After oversampling — class distribution: {0: 316, 1: 316, 2: 316, 3: 316, 4: 316}
2026-03-20 16:39:39,572 - cyberbully - INFO - Number of classes: 5
2026-03-20 16:39:39,573 - cyberbully - INFO - Step 2: Loading model and tokenizer...
2026-03-20 16:39:39,573 - cyberbully - INFO - Loading model 'GroNLP/hateBERT' with 5 labels (sbert=False, supcon=False)
2026-03-20 16:39:40,267 - cyberbully - INFO - Step 3: Creating datasets...
2026-03-20 16:39:40,295 - cyberbully - INFO - Dataset sizes — train: 1580, val: 338, test: 422
2026-03-20 16:39:40,295 - cyberbully - INFO - Step 4: Training...
2026-03-20 16:39:40,416 - cyberbully - INFO - Starting training...
2026-03-20 16:41:44,354 - cyberbully - INFO - Training complete.
2026-03-20 16:41:44,434 - cyberbully - INFO - Removed checkpoint: experiments/grid-search/GroNLP_hateBERT/ieee/prep0_aug1/seed_43782163/checkpoint-500
2026-03-20 16:41:44,522 - cyberbully - INFO - Removed checkpoint: experiments/grid-search/GroNLP_hateBERT/ieee/prep0_aug1/seed_43782163/checkpoint-50
2026-03-20 16:41:44,605 - cyberbully - INFO - Removed checkpoint: experiments/grid-search/GroNLP_hateBERT/ieee/prep0_aug1/seed_43782163/checkpoint-250
2026-03-20 16:41:44,687 - cyberbully - INFO - Removed checkpoint: experiments/grid-search/GroNLP_hateBERT/ieee/prep0_aug1/seed_43782163/checkpoint-150
2026-03-20 16:41:44,773 - cyberbully - INFO - Removed checkpoint: experiments/grid-search/GroNLP_hateBERT/ieee/prep0_aug1/seed_43782163/checkpoint-350
2026-03-20 16:41:44,854 - cyberbully - INFO - Removed checkpoint: experiments/grid-search/GroNLP_hateBERT/ieee/prep0_aug1/seed_43782163/checkpoint-200
2026-03-20 16:41:44,938 - cyberbully - INFO - Removed checkpoint: experiments/grid-search/GroNLP_hateBERT/ieee/prep0_aug1/seed_43782163/checkpoint-400
2026-03-20 16:41:45,019 - cyberbully - INFO - Removed checkpoint: experiments/grid-search/GroNLP_hateBERT/ieee/prep0_aug1/seed_43782163/checkpoint-300
2026-03-20 16:41:45,101 - cyberbully - INFO - Removed checkpoint: experiments/grid-search/GroNLP_hateBERT/ieee/prep0_aug1/seed_43782163/checkpoint-100
2026-03-20 16:41:45,193 - cyberbully - INFO - Removed checkpoint: experiments/grid-search/GroNLP_hateBERT/ieee/prep0_aug1/seed_43782163/checkpoint-450
2026-03-20 16:41:45,193 - cyberbully - INFO - Step 5: Evaluating on test set...
2026-03-20 16:41:50,624 - cyberbully - INFO - Metrics saved to experiments/grid-search/GroNLP_hateBERT/ieee/prep0_aug1/seed_43782163/metrics.json
2026-03-20 16:41:50,624 - cyberbully - INFO - Confusion matrix saved to experiments/grid-search/GroNLP_hateBERT/ieee/prep0_aug1/seed_43782163/confusion_matrix.json
2026-03-20 16:41:50,629 - cyberbully - INFO - Per-sample predictions saved to experiments/grid-search/GroNLP_hateBERT/ieee/prep0_aug1/seed_43782163/predictions.json
2026-03-20 16:41:50,737 - cyberbully - INFO - Confusion matrix figure saved to experiments/grid-search/GroNLP_hateBERT/ieee/prep0_aug1/seed_43782163/confusion_matrix.pdf
2026-03-20 16:41:50,737 - cyberbully - INFO - Accuracy: 0.8365
2026-03-20 16:41:50,737 - cyberbully - INFO - Weighted F1: 0.8373
2026-03-20 16:41:50,737 - cyberbully - INFO - Micro F1: 0.8365
2026-03-20 16:41:50,737 - cyberbully - INFO - Inference time: 0.19 seconds
2026-03-20 16:41:50,737 - cyberbully - INFO - Energy consumption: 0.000017 kWh
2026-03-20 16:41:50,737 - cyberbully - INFO - ============================================================
2026-03-20 16:41:50,737 - cyberbully - INFO - Pipeline complete. Results saved to: experiments/grid-search/GroNLP_hateBERT/ieee/prep0_aug1/seed_43782163
2026-03-20 16:41:50,737 - cyberbully - INFO - ============================================================
