2026-03-21 15:20:31,613 - cyberbully - INFO - ============================================================
2026-03-21 15:20:31,613 - cyberbully - INFO - Cyberbullying Detection Pipeline
2026-03-21 15:20:31,613 - cyberbully - INFO - ============================================================
2026-03-21 15:20:31,613 - cyberbully - INFO - Configuration:
2026-03-21 15:20:31,613 - cyberbully - INFO -   model          : distilbert-base-cased
2026-03-21 15:20:31,613 - cyberbully - INFO -   dataset        : ieee
2026-03-21 15:20:31,613 - cyberbully - INFO -   preprocess     : True
2026-03-21 15:20:31,613 - cyberbully - INFO -   augment        : True
2026-03-21 15:20:31,613 - cyberbully - INFO -   compute_attribution: False
2026-03-21 15:20:31,614 - cyberbully - INFO -   seed           : 43782163
2026-03-21 15:20:31,614 - cyberbully - INFO -   epochs         : 10
2026-03-21 15:20:31,614 - cyberbully - INFO -   batch_size     : 32
2026-03-21 15:20:31,614 - cyberbully - INFO -   lr             : 5e-05
2026-03-21 15:20:31,614 - cyberbully - INFO -   max_length     : 128
2026-03-21 15:20:31,614 - cyberbully - INFO -   output_dir     : grid-search
2026-03-21 15:20:31,614 - cyberbully - INFO -   data_dir       : dataset
2026-03-21 15:20:31,614 - cyberbully - INFO -   sbert          : False
2026-03-21 15:20:31,614 - cyberbully - INFO -   supcon         : False
2026-03-21 15:20:31,614 - cyberbully - INFO -   supcon_weight  : 0.1
2026-03-21 15:20:31,614 - cyberbully - INFO -   proj_dim       : 128
2026-03-21 15:20:31,614 - cyberbully - INFO -   grad_accum_steps: 1
2026-03-21 15:20:31,614 - cyberbully - INFO -   overwrite      : False
2026-03-21 15:20:31,614 - cyberbully - INFO -   device         : cuda
2026-03-21 15:20:31,614 - cyberbully - INFO -   output_dir     : experiments/grid-search/distilbert-base-cased/ieee/prep1_aug1/seed_43782163
2026-03-21 15:20:31,614 - cyberbully - INFO - ============================================================
2026-03-21 15:20:31,614 - cyberbully - INFO - Step 1: Preparing data...
2026-03-21 15:20:31,617 - cyberbully - INFO - Loaded pre-split data from dataset/ieee — train: 1348, val: 338, test: 422
2026-03-21 15:20:31,617 - cyberbully - INFO - Label mapping: {'Cyberstalking': 0, 'Doxing': 1, 'Revenge Porn': 2, 'Sexual Harassment': 3, 'Slut Shaming': 4}
2026-03-21 15:20:31,617 - cyberbully - INFO - Applying text preprocessing per split...
2026-03-21 15:20:34,731 - cyberbully - INFO - After preprocessing — train: 1179, val: 304, test: 377
2026-03-21 15:20:34,732 - cyberbully - INFO - Applying training data augmentation (oversampling)...
2026-03-21 15:20:34,733 - cyberbully - INFO - After oversampling — class distribution: {0: 288, 1: 288, 2: 288, 3: 288, 4: 288}
2026-03-21 15:20:34,734 - cyberbully - INFO - Number of classes: 5
2026-03-21 15:20:34,735 - cyberbully - INFO - Step 2: Loading model and tokenizer...
2026-03-21 15:20:34,735 - cyberbully - INFO - Loading model 'distilbert-base-cased' with 5 labels (sbert=False, supcon=False)
2026-03-21 15:20:35,426 - cyberbully - INFO - Step 3: Creating datasets...
2026-03-21 15:20:35,451 - cyberbully - INFO - Dataset sizes — train: 1440, val: 304, test: 377
2026-03-21 15:20:35,451 - cyberbully - INFO - Step 4: Training...
2026-03-21 15:20:35,671 - cyberbully - INFO - Starting training...
2026-03-21 15:21:03,575 - cyberbully - INFO - Training complete.
2026-03-21 15:21:03,621 - cyberbully - INFO - Removed checkpoint: experiments/grid-search/distilbert-base-cased/ieee/prep1_aug1/seed_43782163/checkpoint-90
2026-03-21 15:21:03,961 - cyberbully - INFO - Removed checkpoint: experiments/grid-search/distilbert-base-cased/ieee/prep1_aug1/seed_43782163/checkpoint-180
2026-03-21 15:21:04,890 - cyberbully - INFO - Removed checkpoint: experiments/grid-search/distilbert-base-cased/ieee/prep1_aug1/seed_43782163/checkpoint-225
2026-03-21 15:21:04,938 - cyberbully - INFO - Removed checkpoint: experiments/grid-search/distilbert-base-cased/ieee/prep1_aug1/seed_43782163/checkpoint-135
2026-03-21 15:21:04,982 - cyberbully - INFO - Removed checkpoint: experiments/grid-search/distilbert-base-cased/ieee/prep1_aug1/seed_43782163/checkpoint-315
2026-03-21 15:21:05,025 - cyberbully - INFO - Removed checkpoint: experiments/grid-search/distilbert-base-cased/ieee/prep1_aug1/seed_43782163/checkpoint-450
2026-03-21 15:21:05,069 - cyberbully - INFO - Removed checkpoint: experiments/grid-search/distilbert-base-cased/ieee/prep1_aug1/seed_43782163/checkpoint-360
2026-03-21 15:21:05,117 - cyberbully - INFO - Removed checkpoint: experiments/grid-search/distilbert-base-cased/ieee/prep1_aug1/seed_43782163/checkpoint-45
2026-03-21 15:21:05,887 - cyberbully - INFO - Removed checkpoint: experiments/grid-search/distilbert-base-cased/ieee/prep1_aug1/seed_43782163/checkpoint-270
2026-03-21 15:21:05,934 - cyberbully - INFO - Removed checkpoint: experiments/grid-search/distilbert-base-cased/ieee/prep1_aug1/seed_43782163/checkpoint-405
2026-03-21 15:21:05,934 - cyberbully - INFO - Step 5: Evaluating on test set...
2026-03-21 15:21:10,381 - cyberbully - INFO - Metrics saved to experiments/grid-search/distilbert-base-cased/ieee/prep1_aug1/seed_43782163/metrics.json
2026-03-21 15:21:10,381 - cyberbully - INFO - Confusion matrix saved to experiments/grid-search/distilbert-base-cased/ieee/prep1_aug1/seed_43782163/confusion_matrix.json
2026-03-21 15:21:10,385 - cyberbully - INFO - Per-sample predictions saved to experiments/grid-search/distilbert-base-cased/ieee/prep1_aug1/seed_43782163/predictions.json
2026-03-21 15:21:10,485 - cyberbully - INFO - Confusion matrix figure saved to experiments/grid-search/distilbert-base-cased/ieee/prep1_aug1/seed_43782163/confusion_matrix.pdf
2026-03-21 15:21:10,485 - cyberbully - INFO - Accuracy: 0.7984
2026-03-21 15:21:10,485 - cyberbully - INFO - Weighted F1: 0.8029
2026-03-21 15:21:10,485 - cyberbully - INFO - Micro F1: 0.7984
2026-03-21 15:21:10,485 - cyberbully - INFO - Inference time: 0.15 seconds
2026-03-21 15:21:10,485 - cyberbully - INFO - Energy consumption: 0.000007 kWh
2026-03-21 15:21:10,485 - cyberbully - INFO - ============================================================
2026-03-21 15:21:10,485 - cyberbully - INFO - Pipeline complete. Results saved to: experiments/grid-search/distilbert-base-cased/ieee/prep1_aug1/seed_43782163
2026-03-21 15:21:10,485 - cyberbully - INFO - ============================================================
