2026-03-24 14:04:33,222 - cyberbully - INFO - ============================================================
2026-03-24 14:04:33,222 - cyberbully - INFO - Cyberbullying Detection Pipeline
2026-03-24 14:04:33,222 - cyberbully - INFO - ============================================================
2026-03-24 14:04:33,222 - cyberbully - INFO - Configuration:
2026-03-24 14:04:33,222 - cyberbully - INFO -   model          : Twitter/twhin-bert-base
2026-03-24 14:04:33,222 - cyberbully - INFO -   dataset        : kaggle
2026-03-24 14:04:33,222 - cyberbully - INFO -   preprocess     : True
2026-03-24 14:04:33,222 - cyberbully - INFO -   augment        : True
2026-03-24 14:04:33,222 - cyberbully - INFO -   compute_attribution: False
2026-03-24 14:04:33,222 - cyberbully - INFO -   seed           : 90995999
2026-03-24 14:04:33,222 - cyberbully - INFO -   epochs         : 10
2026-03-24 14:04:33,222 - cyberbully - INFO -   batch_size     : 32
2026-03-24 14:04:33,222 - cyberbully - INFO -   lr             : 5e-05
2026-03-24 14:04:33,222 - cyberbully - INFO -   max_length     : 128
2026-03-24 14:04:33,222 - cyberbully - INFO -   output_dir     : grid-search
2026-03-24 14:04:33,222 - cyberbully - INFO -   data_dir       : dataset
2026-03-24 14:04:33,222 - cyberbully - INFO -   sbert          : False
2026-03-24 14:04:33,222 - cyberbully - INFO -   supcon         : False
2026-03-24 14:04:33,222 - cyberbully - INFO -   supcon_weight  : 0.1
2026-03-24 14:04:33,222 - cyberbully - INFO -   proj_dim       : 128
2026-03-24 14:04:33,222 - cyberbully - INFO -   grad_accum_steps: 1
2026-03-24 14:04:33,222 - cyberbully - INFO -   overwrite      : False
2026-03-24 14:04:33,222 - cyberbully - INFO -   device         : cuda
2026-03-24 14:04:33,222 - cyberbully - INFO -   output_dir     : experiments/grid-search/Twitter_twhin-bert-base/kaggle/prep1_aug1/seed_90995999
2026-03-24 14:04:33,222 - cyberbully - INFO - ============================================================
2026-03-24 14:04:33,222 - cyberbully - INFO - Step 1: Preparing data...
2026-03-24 14:04:33,272 - cyberbully - INFO - Loaded pre-split data from dataset/kaggle — train: 25604, val: 6401, test: 8002
2026-03-24 14:04:33,272 - cyberbully - INFO - Label mapping: {'age': 0, 'ethnicity': 1, 'gender': 2, 'other_cyberbullying': 3, 'religion': 4}
2026-03-24 14:04:33,272 - cyberbully - INFO - Applying text preprocessing per split...
2026-03-24 14:05:16,774 - cyberbully - INFO - After preprocessing — train: 23564, val: 5978, test: 7407
2026-03-24 14:05:16,776 - cyberbully - INFO - Applying training data augmentation (oversampling)...
2026-03-24 14:05:16,780 - cyberbully - INFO - After oversampling — class distribution: {0: 5069, 1: 5069, 2: 5069, 3: 5069, 4: 5069}
2026-03-24 14:05:16,790 - cyberbully - INFO - Number of classes: 5
2026-03-24 14:05:16,791 - cyberbully - INFO - Step 2: Loading model and tokenizer...
2026-03-24 14:05:16,791 - cyberbully - INFO - Loading model 'Twitter/twhin-bert-base' with 5 labels (sbert=False, supcon=False)
2026-03-24 14:05:18,107 - cyberbully - INFO - Step 3: Creating datasets...
2026-03-24 14:05:18,651 - cyberbully - INFO - Dataset sizes — train: 25345, val: 5978, test: 7407
2026-03-24 14:05:18,651 - cyberbully - INFO - Step 4: Training...
2026-03-24 14:05:18,975 - cyberbully - INFO - Starting training...
2026-03-24 14:21:25,736 - cyberbully - INFO - Training complete.
2026-03-24 14:21:25,894 - cyberbully - INFO - Removed checkpoint: experiments/grid-search/Twitter_twhin-bert-base/kaggle/prep1_aug1/seed_90995999/checkpoint-5551
2026-03-24 14:21:26,052 - cyberbully - INFO - Removed checkpoint: experiments/grid-search/Twitter_twhin-bert-base/kaggle/prep1_aug1/seed_90995999/checkpoint-3965
2026-03-24 14:21:26,218 - cyberbully - INFO - Removed checkpoint: experiments/grid-search/Twitter_twhin-bert-base/kaggle/prep1_aug1/seed_90995999/checkpoint-1586
2026-03-24 14:21:26,376 - cyberbully - INFO - Removed checkpoint: experiments/grid-search/Twitter_twhin-bert-base/kaggle/prep1_aug1/seed_90995999/checkpoint-4758
2026-03-24 14:21:26,536 - cyberbully - INFO - Removed checkpoint: experiments/grid-search/Twitter_twhin-bert-base/kaggle/prep1_aug1/seed_90995999/checkpoint-7137
2026-03-24 14:21:26,725 - cyberbully - INFO - Removed checkpoint: experiments/grid-search/Twitter_twhin-bert-base/kaggle/prep1_aug1/seed_90995999/checkpoint-7930
2026-03-24 14:21:26,884 - cyberbully - INFO - Removed checkpoint: experiments/grid-search/Twitter_twhin-bert-base/kaggle/prep1_aug1/seed_90995999/checkpoint-3172
2026-03-24 14:21:27,044 - cyberbully - INFO - Removed checkpoint: experiments/grid-search/Twitter_twhin-bert-base/kaggle/prep1_aug1/seed_90995999/checkpoint-2379
2026-03-24 14:21:27,217 - cyberbully - INFO - Removed checkpoint: experiments/grid-search/Twitter_twhin-bert-base/kaggle/prep1_aug1/seed_90995999/checkpoint-793
2026-03-24 14:21:27,375 - cyberbully - INFO - Removed checkpoint: experiments/grid-search/Twitter_twhin-bert-base/kaggle/prep1_aug1/seed_90995999/checkpoint-6344
2026-03-24 14:21:27,375 - cyberbully - INFO - Step 5: Evaluating on test set...
2026-03-24 14:21:37,465 - cyberbully - INFO - Metrics saved to experiments/grid-search/Twitter_twhin-bert-base/kaggle/prep1_aug1/seed_90995999/metrics.json
2026-03-24 14:21:37,465 - cyberbully - INFO - Confusion matrix saved to experiments/grid-search/Twitter_twhin-bert-base/kaggle/prep1_aug1/seed_90995999/confusion_matrix.json
2026-03-24 14:21:37,535 - cyberbully - INFO - Per-sample predictions saved to experiments/grid-search/Twitter_twhin-bert-base/kaggle/prep1_aug1/seed_90995999/predictions.json
2026-03-24 14:21:37,635 - cyberbully - INFO - Confusion matrix figure saved to experiments/grid-search/Twitter_twhin-bert-base/kaggle/prep1_aug1/seed_90995999/confusion_matrix.pdf
2026-03-24 14:21:37,635 - cyberbully - INFO - Accuracy: 0.9538
2026-03-24 14:21:37,636 - cyberbully - INFO - Weighted F1: 0.9539
2026-03-24 14:21:37,636 - cyberbully - INFO - Micro F1: 0.9538
2026-03-24 14:21:37,636 - cyberbully - INFO - Inference time: 5.81 seconds
2026-03-24 14:21:37,636 - cyberbully - INFO - Energy consumption: 0.000390 kWh
2026-03-24 14:21:37,637 - cyberbully - INFO - ============================================================
2026-03-24 14:21:37,637 - cyberbully - INFO - Pipeline complete. Results saved to: experiments/grid-search/Twitter_twhin-bert-base/kaggle/prep1_aug1/seed_90995999
2026-03-24 14:21:37,637 - cyberbully - INFO - ============================================================
