2026-02-17 15:25:55,185 - cyberbully - INFO - ============================================================
2026-02-17 15:25:55,185 - cyberbully - INFO - Cyberbullying Detection Pipeline
2026-02-17 15:25:55,185 - cyberbully - INFO - ============================================================
2026-02-17 15:25:55,185 - cyberbully - INFO - Configuration:
2026-02-17 15:25:55,185 - cyberbully - INFO -   model          : Twitter/twhin-bert-base
2026-02-17 15:25:55,185 - cyberbully - INFO -   dataset        : ieee
2026-02-17 15:25:55,185 - cyberbully - INFO -   preprocess     : False
2026-02-17 15:25:55,185 - cyberbully - INFO -   augment        : False
2026-02-17 15:25:55,185 - cyberbully - INFO -   compute_attribution: False
2026-02-17 15:25:55,185 - cyberbully - INFO -   seed           : 37622020
2026-02-17 15:25:55,185 - cyberbully - INFO -   epochs         : 5
2026-02-17 15:25:55,185 - cyberbully - INFO -   batch_size     : 16
2026-02-17 15:25:55,185 - cyberbully - INFO -   lr             : 2e-05
2026-02-17 15:25:55,186 - cyberbully - INFO -   max_length     : 128
2026-02-17 15:25:55,186 - cyberbully - INFO -   output_dir     : experiments/domain
2026-02-17 15:25:55,186 - cyberbully - INFO -   data_dir       : dataset
2026-02-17 15:25:55,186 - cyberbully - INFO -   overwrite      : False
2026-02-17 15:25:55,186 - cyberbully - INFO -   device         : cuda
2026-02-17 15:25:55,186 - cyberbully - INFO -   output_dir     : experiments/domain/Twitter_twhin-bert-base/ieee/prep0_aug0/seed_37622020
2026-02-17 15:25:55,186 - cyberbully - INFO - ============================================================
2026-02-17 15:25:55,186 - cyberbully - INFO - Step 1: Preparing data...
2026-02-17 15:25:55,186 - cyberbully - INFO - Loading dataset 'ieee' from dataset/IEEE Data Port.csv
2026-02-17 15:25:55,192 - cyberbully - INFO - Loaded 2108 samples with 5 classes: ['Cyberstalking', 'Doxing', 'Revenge Porn', 'Sexual Harassment', 'Slut Shaming']
2026-02-17 15:25:55,193 - cyberbully - INFO - Label mapping: {'Cyberstalking': 0, 'Doxing': 1, 'Revenge Porn': 2, 'Sexual Harassment': 3, 'Slut Shaming': 4}
2026-02-17 15:25:55,195 - cyberbully - INFO - Split sizes — train: 1348, val: 338, test: 422
2026-02-17 15:25:55,195 - cyberbully - INFO - Number of classes: 5
2026-02-17 15:25:55,195 - cyberbully - INFO - Step 2: Loading model and tokenizer...
2026-02-17 15:25:55,195 - cyberbully - INFO - Loading model 'Twitter/twhin-bert-base' with 5 labels
2026-02-17 15:25:56,541 - cyberbully - INFO - Step 3: Tokenizing datasets...
2026-02-17 15:25:56,579 - cyberbully - INFO - Dataset sizes — train: 1348, val: 338, test: 422
2026-02-17 15:25:56,579 - cyberbully - INFO - Step 4: Training...
2026-02-17 15:25:56,963 - cyberbully - INFO - Starting training...
2026-02-17 15:26:33,245 - cyberbully - INFO - Training complete.
2026-02-17 15:26:33,245 - cyberbully - INFO - Step 5: Evaluating on test set...
2026-02-17 15:26:37,847 - cyberbully - INFO - Metrics saved to experiments/domain/Twitter_twhin-bert-base/ieee/prep0_aug0/seed_37622020/metrics.json
2026-02-17 15:26:37,847 - cyberbully - INFO - Confusion matrix saved to experiments/domain/Twitter_twhin-bert-base/ieee/prep0_aug0/seed_37622020/confusion_matrix.json
2026-02-17 15:26:37,947 - cyberbully - INFO - Confusion matrix figure saved to experiments/domain/Twitter_twhin-bert-base/ieee/prep0_aug0/seed_37622020/confusion_matrix.pdf
2026-02-17 15:26:37,947 - cyberbully - INFO - Accuracy: 0.8744
2026-02-17 15:26:37,947 - cyberbully - INFO - Weighted F1: 0.8738
2026-02-17 15:26:37,947 - cyberbully - INFO - Micro F1: 0.8744
2026-02-17 15:26:37,947 - cyberbully - INFO - Inference time: 0.34 seconds
2026-02-17 15:26:37,947 - cyberbully - INFO - Energy consumption: 0.000020 kWh
2026-02-17 15:26:37,947 - cyberbully - INFO - ============================================================
2026-02-17 15:26:37,947 - cyberbully - INFO - Pipeline complete. Results saved to: experiments/domain/Twitter_twhin-bert-base/ieee/prep0_aug0/seed_37622020
2026-02-17 15:26:37,947 - cyberbully - INFO - ============================================================
