2026-05-18 17:38:56,751 - cyberbully - INFO - ============================================================
2026-05-18 17:38:56,751 - cyberbully - INFO - Cyberbullying Detection Pipeline
2026-05-18 17:38:56,751 - cyberbully - INFO - ============================================================
2026-05-18 17:38:56,751 - cyberbully - INFO - Configuration:
2026-05-18 17:38:56,751 - cyberbully - INFO -   model          : roberta-base
2026-05-18 17:38:56,751 - cyberbully - INFO -   dataset        : ieee
2026-05-18 17:38:56,751 - cyberbully - INFO -   preprocess     : True
2026-05-18 17:38:56,751 - cyberbully - INFO -   augment        : False
2026-05-18 17:38:56,751 - cyberbully - INFO -   compute_attribution: False
2026-05-18 17:38:56,751 - cyberbully - INFO -   seed           : 90995999
2026-05-18 17:38:56,751 - cyberbully - INFO -   epochs         : 10
2026-05-18 17:38:56,751 - cyberbully - INFO -   batch_size     : 32
2026-05-18 17:38:56,751 - cyberbully - INFO -   lr             : 5e-05
2026-05-18 17:38:56,751 - cyberbully - INFO -   max_length     : 128
2026-05-18 17:38:56,751 - cyberbully - INFO -   output_dir     : verification
2026-05-18 17:38:56,751 - cyberbully - INFO -   data_dir       : dataset
2026-05-18 17:38:56,751 - cyberbully - INFO -   sbert          : False
2026-05-18 17:38:56,751 - cyberbully - INFO -   supcon         : False
2026-05-18 17:38:56,751 - cyberbully - INFO -   supcon_weight  : 0.1
2026-05-18 17:38:56,751 - cyberbully - INFO -   proj_dim       : 128
2026-05-18 17:38:56,751 - cyberbully - INFO -   grad_accum_steps: 1
2026-05-18 17:38:56,751 - cyberbully - INFO -   overwrite      : True
2026-05-18 17:38:56,751 - cyberbully - INFO -   device         : cuda
2026-05-18 17:38:56,751 - cyberbully - INFO -   output_dir     : experiments/verification/roberta-base/ieee/prep1_aug0/seed_90995999
2026-05-18 17:38:56,751 - cyberbully - INFO - ============================================================
2026-05-18 17:38:56,751 - cyberbully - INFO - Step 1: Preparing data...
2026-05-18 17:38:56,755 - cyberbully - INFO - Loaded pre-split data from dataset/ieee — train: 1348, val: 338, test: 422
2026-05-18 17:38:56,755 - cyberbully - INFO - Label mapping: {'Cyberstalking': 0, 'Doxing': 1, 'Revenge Porn': 2, 'Sexual Harassment': 3, 'Slut Shaming': 4}
2026-05-18 17:38:56,756 - cyberbully - INFO - Applying text preprocessing per split...
2026-05-18 17:39:00,130 - cyberbully - INFO - After preprocessing -- train: 1174, val: 302, test: 376
2026-05-18 17:39:00,132 - cyberbully - INFO - Number of classes: 5
2026-05-18 17:39:00,133 - cyberbully - INFO - Step 2: Loading model and tokenizer...
2026-05-18 17:39:00,133 - cyberbully - INFO - Loading model 'roberta-base' with 5 labels (sbert=False, supcon=False)
2026-05-18 17:39:00,860 - cyberbully - INFO - Step 3: Creating datasets...
2026-05-18 17:39:00,876 - cyberbully - INFO - Dataset sizes — train: 1174, val: 302, test: 376
2026-05-18 17:39:00,876 - cyberbully - INFO - Step 4: Training...
2026-05-18 17:39:01,036 - cyberbully - INFO - Starting training...
2026-05-18 17:39:42,014 - cyberbully - INFO - Training complete.
2026-05-18 17:39:42,117 - cyberbully - INFO - Removed checkpoint: experiments/verification/roberta-base/ieee/prep1_aug0/seed_90995999/checkpoint-74
2026-05-18 17:39:42,228 - cyberbully - INFO - Removed checkpoint: experiments/verification/roberta-base/ieee/prep1_aug0/seed_90995999/checkpoint-259
2026-05-18 17:39:42,342 - cyberbully - INFO - Removed checkpoint: experiments/verification/roberta-base/ieee/prep1_aug0/seed_90995999/checkpoint-185
2026-05-18 17:39:42,451 - cyberbully - INFO - Removed checkpoint: experiments/verification/roberta-base/ieee/prep1_aug0/seed_90995999/checkpoint-37
2026-05-18 17:39:42,562 - cyberbully - INFO - Removed checkpoint: experiments/verification/roberta-base/ieee/prep1_aug0/seed_90995999/checkpoint-370
2026-05-18 17:39:42,674 - cyberbully - INFO - Removed checkpoint: experiments/verification/roberta-base/ieee/prep1_aug0/seed_90995999/checkpoint-222
2026-05-18 17:39:42,786 - cyberbully - INFO - Removed checkpoint: experiments/verification/roberta-base/ieee/prep1_aug0/seed_90995999/checkpoint-296
2026-05-18 17:39:42,891 - cyberbully - INFO - Removed checkpoint: experiments/verification/roberta-base/ieee/prep1_aug0/seed_90995999/checkpoint-111
2026-05-18 17:39:43,353 - cyberbully - INFO - Removed checkpoint: experiments/verification/roberta-base/ieee/prep1_aug0/seed_90995999/checkpoint-148
2026-05-18 17:39:43,462 - cyberbully - INFO - Removed checkpoint: experiments/verification/roberta-base/ieee/prep1_aug0/seed_90995999/checkpoint-333
2026-05-18 17:39:43,463 - cyberbully - INFO - Step 5: Evaluating on test set...
2026-05-18 17:39:49,651 - cyberbully - INFO - Metrics saved to experiments/verification/roberta-base/ieee/prep1_aug0/seed_90995999/metrics.json
2026-05-18 17:39:49,652 - cyberbully - INFO - Confusion matrix saved to experiments/verification/roberta-base/ieee/prep1_aug0/seed_90995999/confusion_matrix.json
2026-05-18 17:39:49,656 - cyberbully - INFO - Per-sample predictions saved to experiments/verification/roberta-base/ieee/prep1_aug0/seed_90995999/predictions.json
2026-05-18 17:39:49,769 - cyberbully - INFO - Confusion matrix figure saved to experiments/verification/roberta-base/ieee/prep1_aug0/seed_90995999/confusion_matrix.pdf
2026-05-18 17:39:49,769 - cyberbully - INFO - Accuracy: 0.8005
2026-05-18 17:39:49,769 - cyberbully - INFO - Weighted F1: 0.8045
2026-05-18 17:39:49,769 - cyberbully - INFO - Micro F1: 0.8005
2026-05-18 17:39:49,769 - cyberbully - INFO - Inference time: 0.20 seconds
2026-05-18 17:39:49,769 - cyberbully - INFO - Energy consumption: 0.000023 kWh
2026-05-18 17:39:49,769 - cyberbully - INFO - ============================================================
2026-05-18 17:39:49,769 - cyberbully - INFO - Pipeline complete. Results saved to: experiments/verification/roberta-base/ieee/prep1_aug0/seed_90995999
2026-05-18 17:39:49,769 - cyberbully - INFO - ============================================================
