2026-02-20 12:52:52,652 - cyberbully - INFO - ============================================================
2026-02-20 12:52:52,652 - cyberbully - INFO - Cyberbullying Detection Pipeline
2026-02-20 12:52:52,652 - cyberbully - INFO - ============================================================
2026-02-20 12:52:52,652 - cyberbully - INFO - Configuration:
2026-02-20 12:52:52,652 - cyberbully - INFO -   model          : all-MiniLM-L12-v2
2026-02-20 12:52:52,652 - cyberbully - INFO -   dataset        : kaggle
2026-02-20 12:52:52,652 - cyberbully - INFO -   preprocess     : False
2026-02-20 12:52:52,652 - cyberbully - INFO -   augment        : True
2026-02-20 12:52:52,652 - cyberbully - INFO -   compute_attribution: False
2026-02-20 12:52:52,653 - cyberbully - INFO -   seed           : 99511865
2026-02-20 12:52:52,653 - cyberbully - INFO -   epochs         : 5
2026-02-20 12:52:52,653 - cyberbully - INFO -   batch_size     : 16
2026-02-20 12:52:52,653 - cyberbully - INFO -   lr             : 2e-05
2026-02-20 12:52:52,653 - cyberbully - INFO -   max_length     : 128
2026-02-20 12:52:52,653 - cyberbully - INFO -   output_dir     : sbert-model
2026-02-20 12:52:52,653 - cyberbully - INFO -   data_dir       : dataset
2026-02-20 12:52:52,653 - cyberbully - INFO -   sbert          : True
2026-02-20 12:52:52,653 - cyberbully - INFO -   overwrite      : False
2026-02-20 12:52:52,653 - cyberbully - INFO -   device         : cuda
2026-02-20 12:52:52,653 - cyberbully - INFO -   output_dir     : experiments/sbert-model/all-MiniLM-L12-v2/kaggle/prep0_aug1/seed_99511865
2026-02-20 12:52:52,653 - cyberbully - INFO - ============================================================
2026-02-20 12:52:52,653 - cyberbully - INFO - Step 1: Preparing data...
2026-02-20 12:52:52,653 - cyberbully - INFO - Loading dataset 'kaggle' from dataset/Kaggle.csv
2026-02-20 12:52:52,711 - cyberbully - INFO - Loaded 47656 samples with 6 classes: ['age', 'ethnicity', 'gender', 'not_cyberbullying', 'other_cyberbullying', 'religion']
2026-02-20 12:52:52,713 - cyberbully - INFO - Label mapping: {'age': 0, 'ethnicity': 1, 'gender': 2, 'not_cyberbullying': 3, 'other_cyberbullying': 4, 'religion': 5}
2026-02-20 12:52:52,726 - cyberbully - INFO - Split sizes — train: 30499, val: 7625, test: 9532
2026-02-20 12:52:52,726 - cyberbully - INFO - Applying training data augmentation (oversampling)...
2026-02-20 12:52:52,732 - cyberbully - INFO - After oversampling — class distribution: {0: 5118, 1: 5118, 2: 5118, 3: 5118, 4: 5118, 5: 5118}
2026-02-20 12:52:52,733 - cyberbully - INFO - Number of classes: 6
2026-02-20 12:52:52,735 - cyberbully - INFO - Step 2: Loading model and tokenizer...
2026-02-20 12:52:52,735 - cyberbully - INFO - Loading model 'all-MiniLM-L12-v2' with 6 labels (sbert=True)
2026-02-20 12:52:55,463 - cyberbully - INFO - SBERTClassifier: embedding_dim=384, hidden=256, num_labels=6
2026-02-20 12:52:55,768 - cyberbully - INFO - Step 3: Creating datasets...
2026-02-20 12:52:56,705 - cyberbully - INFO - Dataset sizes — train: 30708, val: 7625, test: 9532
2026-02-20 12:52:56,705 - cyberbully - INFO - Step 4: Training...
2026-02-20 12:52:56,748 - cyberbully - INFO - Starting training...
2026-02-20 12:57:22,791 - cyberbully - INFO - Training complete.
2026-02-20 12:57:22,791 - cyberbully - INFO - Step 5: Evaluating on test set...
2026-02-20 12:57:30,465 - cyberbully - INFO - Metrics saved to experiments/sbert-model/all-MiniLM-L12-v2/kaggle/prep0_aug1/seed_99511865/metrics.json
2026-02-20 12:57:30,465 - cyberbully - INFO - Confusion matrix saved to experiments/sbert-model/all-MiniLM-L12-v2/kaggle/prep0_aug1/seed_99511865/confusion_matrix.json
2026-02-20 12:57:30,577 - cyberbully - INFO - Confusion matrix figure saved to experiments/sbert-model/all-MiniLM-L12-v2/kaggle/prep0_aug1/seed_99511865/confusion_matrix.pdf
2026-02-20 12:57:30,577 - cyberbully - INFO - Accuracy: 0.8699
2026-02-20 12:57:30,577 - cyberbully - INFO - Weighted F1: 0.8690
2026-02-20 12:57:30,577 - cyberbully - INFO - Micro F1: 0.8699
2026-02-20 12:57:30,577 - cyberbully - INFO - Inference time: 3.37 seconds
2026-02-20 12:57:30,577 - cyberbully - INFO - Energy consumption: 0.000210 kWh
2026-02-20 12:57:30,577 - cyberbully - INFO - ============================================================
2026-02-20 12:57:30,577 - cyberbully - INFO - Pipeline complete. Results saved to: experiments/sbert-model/all-MiniLM-L12-v2/kaggle/prep0_aug1/seed_99511865
2026-02-20 12:57:30,577 - cyberbully - INFO - ============================================================
