2026-04-11 15:24:49,287 - cyberbully - INFO - ============================================================
2026-04-11 15:24:49,287 - cyberbully - INFO - Cyberbullying Detection Pipeline
2026-04-11 15:24:49,287 - cyberbully - INFO - ============================================================
2026-04-11 15:24:49,287 - cyberbully - INFO - Configuration:
2026-04-11 15:24:49,287 - cyberbully - INFO -   model          : answerdotai/ModernBERT-base
2026-04-11 15:24:49,287 - cyberbully - INFO -   dataset        : kaggle
2026-04-11 15:24:49,287 - cyberbully - INFO -   preprocess     : True
2026-04-11 15:24:49,287 - cyberbully - INFO -   augment        : False
2026-04-11 15:24:49,287 - cyberbully - INFO -   compute_attribution: False
2026-04-11 15:24:49,287 - cyberbully - INFO -   seed           : 70681460
2026-04-11 15:24:49,287 - cyberbully - INFO -   epochs         : 10
2026-04-11 15:24:49,287 - cyberbully - INFO -   batch_size     : 32
2026-04-11 15:24:49,287 - cyberbully - INFO -   lr             : 5e-05
2026-04-11 15:24:49,287 - cyberbully - INFO -   max_length     : 128
2026-04-11 15:24:49,288 - cyberbully - INFO -   output_dir     : grid-search
2026-04-11 15:24:49,288 - cyberbully - INFO -   data_dir       : dataset
2026-04-11 15:24:49,288 - cyberbully - INFO -   sbert          : False
2026-04-11 15:24:49,288 - cyberbully - INFO -   supcon         : False
2026-04-11 15:24:49,288 - cyberbully - INFO -   supcon_weight  : 0.1
2026-04-11 15:24:49,288 - cyberbully - INFO -   proj_dim       : 128
2026-04-11 15:24:49,288 - cyberbully - INFO -   grad_accum_steps: 1
2026-04-11 15:24:49,288 - cyberbully - INFO -   overwrite      : False
2026-04-11 15:24:49,288 - cyberbully - INFO -   device         : cuda
2026-04-11 15:24:49,288 - cyberbully - INFO -   output_dir     : experiments/grid-search/answerdotai_ModernBERT-base/kaggle/prep1_aug0/seed_70681460
2026-04-11 15:24:49,288 - cyberbully - INFO - ============================================================
2026-04-11 15:24:49,288 - cyberbully - INFO - Step 1: Preparing data...
2026-04-11 15:24:49,333 - cyberbully - INFO - Loaded pre-split data from dataset/kaggle — train: 25604, val: 6401, test: 8002
2026-04-11 15:24:49,333 - cyberbully - INFO - Label mapping: {'age': 0, 'ethnicity': 1, 'gender': 2, 'other_cyberbullying': 3, 'religion': 4}
2026-04-11 15:24:49,333 - cyberbully - INFO - Applying text preprocessing per split...
2026-04-11 15:25:37,062 - cyberbully - INFO - After preprocessing — train: 23542, val: 5974, test: 7417
2026-04-11 15:25:37,073 - cyberbully - INFO - Number of classes: 5
2026-04-11 15:25:37,075 - cyberbully - INFO - Step 2: Loading model and tokenizer...
2026-04-11 15:25:37,075 - cyberbully - INFO - Loading model 'answerdotai/ModernBERT-base' with 5 labels (sbert=False, supcon=False)
2026-04-11 15:25:38,703 - cyberbully - INFO - Step 3: Creating datasets...
2026-04-11 15:25:39,562 - cyberbully - INFO - Dataset sizes — train: 23542, val: 5974, test: 7417
2026-04-11 15:25:39,562 - cyberbully - INFO - Step 4: Training...
2026-04-11 15:25:39,804 - cyberbully - INFO - Starting training...
2026-04-11 15:40:40,001 - cyberbully - INFO - Training complete.
2026-04-11 15:40:40,084 - cyberbully - INFO - Removed checkpoint: experiments/grid-search/answerdotai_ModernBERT-base/kaggle/prep1_aug0/seed_70681460/checkpoint-3680
2026-04-11 15:40:40,168 - cyberbully - INFO - Removed checkpoint: experiments/grid-search/answerdotai_ModernBERT-base/kaggle/prep1_aug0/seed_70681460/checkpoint-5152
2026-04-11 15:40:40,254 - cyberbully - INFO - Removed checkpoint: experiments/grid-search/answerdotai_ModernBERT-base/kaggle/prep1_aug0/seed_70681460/checkpoint-1472
2026-04-11 15:40:40,337 - cyberbully - INFO - Removed checkpoint: experiments/grid-search/answerdotai_ModernBERT-base/kaggle/prep1_aug0/seed_70681460/checkpoint-6624
2026-04-11 15:40:40,422 - cyberbully - INFO - Removed checkpoint: experiments/grid-search/answerdotai_ModernBERT-base/kaggle/prep1_aug0/seed_70681460/checkpoint-2944
2026-04-11 15:40:40,511 - cyberbully - INFO - Removed checkpoint: experiments/grid-search/answerdotai_ModernBERT-base/kaggle/prep1_aug0/seed_70681460/checkpoint-736
2026-04-11 15:40:40,610 - cyberbully - INFO - Removed checkpoint: experiments/grid-search/answerdotai_ModernBERT-base/kaggle/prep1_aug0/seed_70681460/checkpoint-7360
2026-04-11 15:40:40,693 - cyberbully - INFO - Removed checkpoint: experiments/grid-search/answerdotai_ModernBERT-base/kaggle/prep1_aug0/seed_70681460/checkpoint-5888
2026-04-11 15:40:40,777 - cyberbully - INFO - Removed checkpoint: experiments/grid-search/answerdotai_ModernBERT-base/kaggle/prep1_aug0/seed_70681460/checkpoint-4416
2026-04-11 15:40:40,862 - cyberbully - INFO - Removed checkpoint: experiments/grid-search/answerdotai_ModernBERT-base/kaggle/prep1_aug0/seed_70681460/checkpoint-2208
2026-04-11 15:40:40,862 - cyberbully - INFO - Step 5: Evaluating on test set...
2026-04-11 15:40:52,798 - cyberbully - INFO - Metrics saved to experiments/grid-search/answerdotai_ModernBERT-base/kaggle/prep1_aug0/seed_70681460/metrics.json
2026-04-11 15:40:52,798 - cyberbully - INFO - Confusion matrix saved to experiments/grid-search/answerdotai_ModernBERT-base/kaggle/prep1_aug0/seed_70681460/confusion_matrix.json
2026-04-11 15:40:52,869 - cyberbully - INFO - Per-sample predictions saved to experiments/grid-search/answerdotai_ModernBERT-base/kaggle/prep1_aug0/seed_70681460/predictions.json
2026-04-11 15:40:52,971 - cyberbully - INFO - Confusion matrix figure saved to experiments/grid-search/answerdotai_ModernBERT-base/kaggle/prep1_aug0/seed_70681460/confusion_matrix.pdf
2026-04-11 15:40:52,971 - cyberbully - INFO - Accuracy: 0.9529
2026-04-11 15:40:52,971 - cyberbully - INFO - Weighted F1: 0.9531
2026-04-11 15:40:52,971 - cyberbully - INFO - Micro F1: 0.9529
2026-04-11 15:40:52,971 - cyberbully - INFO - Inference time: 7.25 seconds
2026-04-11 15:40:52,971 - cyberbully - INFO - Energy consumption: 0.000457 kWh
2026-04-11 15:40:52,973 - cyberbully - INFO - ============================================================
2026-04-11 15:40:52,973 - cyberbully - INFO - Pipeline complete. Results saved to: experiments/grid-search/answerdotai_ModernBERT-base/kaggle/prep1_aug0/seed_70681460
2026-04-11 15:40:52,973 - cyberbully - INFO - ============================================================
