2026-04-09 15:26:13,568 - cyberbully - INFO - ============================================================
2026-04-09 15:26:13,568 - cyberbully - INFO - Cyberbullying Detection Pipeline
2026-04-09 15:26:13,568 - cyberbully - INFO - ============================================================
2026-04-09 15:26:13,568 - cyberbully - INFO - Configuration:
2026-04-09 15:26:13,568 - cyberbully - INFO -   model          : chandar-lab/NeoBERT
2026-04-09 15:26:13,568 - cyberbully - INFO -   dataset        : ieee
2026-04-09 15:26:13,568 - cyberbully - INFO -   preprocess     : False
2026-04-09 15:26:13,568 - cyberbully - INFO -   augment        : False
2026-04-09 15:26:13,568 - cyberbully - INFO -   compute_attribution: False
2026-04-09 15:26:13,568 - cyberbully - INFO -   seed           : 14298463
2026-04-09 15:26:13,568 - cyberbully - INFO -   epochs         : 10
2026-04-09 15:26:13,568 - cyberbully - INFO -   batch_size     : 32
2026-04-09 15:26:13,568 - cyberbully - INFO -   lr             : 5e-05
2026-04-09 15:26:13,568 - cyberbully - INFO -   max_length     : 128
2026-04-09 15:26:13,568 - cyberbully - INFO -   output_dir     : grid-search
2026-04-09 15:26:13,568 - cyberbully - INFO -   data_dir       : dataset
2026-04-09 15:26:13,568 - cyberbully - INFO -   sbert          : False
2026-04-09 15:26:13,568 - cyberbully - INFO -   supcon         : False
2026-04-09 15:26:13,568 - cyberbully - INFO -   supcon_weight  : 0.1
2026-04-09 15:26:13,568 - cyberbully - INFO -   proj_dim       : 128
2026-04-09 15:26:13,568 - cyberbully - INFO -   grad_accum_steps: 1
2026-04-09 15:26:13,568 - cyberbully - INFO -   overwrite      : False
2026-04-09 15:26:13,568 - cyberbully - INFO -   device         : cuda
2026-04-09 15:26:13,568 - cyberbully - INFO -   output_dir     : experiments/grid-search/chandar-lab_NeoBERT/ieee/prep0_aug0/seed_14298463
2026-04-09 15:26:13,568 - cyberbully - INFO - ============================================================
2026-04-09 15:26:13,568 - cyberbully - INFO - Step 1: Preparing data...
2026-04-09 15:26:13,572 - cyberbully - INFO - Loaded pre-split data from dataset/ieee — train: 1348, val: 338, test: 422
2026-04-09 15:26:13,572 - cyberbully - INFO - Label mapping: {'Cyberstalking': 0, 'Doxing': 1, 'Revenge Porn': 2, 'Sexual Harassment': 3, 'Slut Shaming': 4}
2026-04-09 15:26:13,574 - cyberbully - INFO - Number of classes: 5
2026-04-09 15:26:13,575 - cyberbully - INFO - Step 2: Loading model and tokenizer...
2026-04-09 15:26:13,575 - cyberbully - INFO - Loading model 'chandar-lab/NeoBERT' with 5 labels (sbert=False, supcon=False)
2026-04-09 15:26:15,390 - cyberbully - INFO - Step 3: Creating datasets...
2026-04-09 15:26:15,419 - cyberbully - INFO - Dataset sizes — train: 1348, val: 338, test: 422
2026-04-09 15:26:15,420 - cyberbully - INFO - Step 4: Training...
2026-04-09 15:26:15,714 - cyberbully - INFO - Starting training...
2026-04-09 15:28:52,152 - cyberbully - INFO - Training complete.
2026-04-09 15:28:52,276 - cyberbully - INFO - Removed checkpoint: experiments/grid-search/chandar-lab_NeoBERT/ieee/prep0_aug0/seed_14298463/checkpoint-172
2026-04-09 15:28:52,404 - cyberbully - INFO - Removed checkpoint: experiments/grid-search/chandar-lab_NeoBERT/ieee/prep0_aug0/seed_14298463/checkpoint-258
2026-04-09 15:28:52,543 - cyberbully - INFO - Removed checkpoint: experiments/grid-search/chandar-lab_NeoBERT/ieee/prep0_aug0/seed_14298463/checkpoint-387
2026-04-09 15:28:52,667 - cyberbully - INFO - Removed checkpoint: experiments/grid-search/chandar-lab_NeoBERT/ieee/prep0_aug0/seed_14298463/checkpoint-43
2026-04-09 15:28:52,898 - cyberbully - INFO - Removed checkpoint: experiments/grid-search/chandar-lab_NeoBERT/ieee/prep0_aug0/seed_14298463/checkpoint-430
2026-04-09 15:28:53,725 - cyberbully - INFO - Removed checkpoint: experiments/grid-search/chandar-lab_NeoBERT/ieee/prep0_aug0/seed_14298463/checkpoint-301
2026-04-09 15:28:53,861 - cyberbully - INFO - Removed checkpoint: experiments/grid-search/chandar-lab_NeoBERT/ieee/prep0_aug0/seed_14298463/checkpoint-344
2026-04-09 15:28:53,987 - cyberbully - INFO - Removed checkpoint: experiments/grid-search/chandar-lab_NeoBERT/ieee/prep0_aug0/seed_14298463/checkpoint-129
2026-04-09 15:28:54,113 - cyberbully - INFO - Removed checkpoint: experiments/grid-search/chandar-lab_NeoBERT/ieee/prep0_aug0/seed_14298463/checkpoint-215
2026-04-09 15:28:54,240 - cyberbully - INFO - Removed checkpoint: experiments/grid-search/chandar-lab_NeoBERT/ieee/prep0_aug0/seed_14298463/checkpoint-86
2026-04-09 15:28:54,240 - cyberbully - INFO - Step 5: Evaluating on test set...
2026-04-09 15:28:59,529 - cyberbully - INFO - Metrics saved to experiments/grid-search/chandar-lab_NeoBERT/ieee/prep0_aug0/seed_14298463/metrics.json
2026-04-09 15:28:59,530 - cyberbully - INFO - Confusion matrix saved to experiments/grid-search/chandar-lab_NeoBERT/ieee/prep0_aug0/seed_14298463/confusion_matrix.json
2026-04-09 15:28:59,534 - cyberbully - INFO - Per-sample predictions saved to experiments/grid-search/chandar-lab_NeoBERT/ieee/prep0_aug0/seed_14298463/predictions.json
2026-04-09 15:28:59,636 - cyberbully - INFO - Confusion matrix figure saved to experiments/grid-search/chandar-lab_NeoBERT/ieee/prep0_aug0/seed_14298463/confusion_matrix.pdf
2026-04-09 15:28:59,636 - cyberbully - INFO - Accuracy: 0.8294
2026-04-09 15:28:59,636 - cyberbully - INFO - Weighted F1: 0.8309
2026-04-09 15:28:59,636 - cyberbully - INFO - Micro F1: 0.8294
2026-04-09 15:28:59,636 - cyberbully - INFO - Inference time: 0.66 seconds
2026-04-09 15:28:59,636 - cyberbully - INFO - Energy consumption: 0.000048 kWh
2026-04-09 15:28:59,636 - cyberbully - INFO - ============================================================
2026-04-09 15:28:59,636 - cyberbully - INFO - Pipeline complete. Results saved to: experiments/grid-search/chandar-lab_NeoBERT/ieee/prep0_aug0/seed_14298463
2026-04-09 15:28:59,636 - cyberbully - INFO - ============================================================
