2026-04-09 15:38:14,532 - cyberbully - INFO - ============================================================
2026-04-09 15:38:14,533 - cyberbully - INFO - Cyberbullying Detection Pipeline
2026-04-09 15:38:14,533 - cyberbully - INFO - ============================================================
2026-04-09 15:38:14,533 - cyberbully - INFO - Configuration:
2026-04-09 15:38:14,533 - cyberbully - INFO -   model          : chandar-lab/NeoBERT
2026-04-09 15:38:14,533 - cyberbully - INFO -   dataset        : ieee
2026-04-09 15:38:14,533 - cyberbully - INFO -   preprocess     : False
2026-04-09 15:38:14,533 - cyberbully - INFO -   augment        : False
2026-04-09 15:38:14,533 - cyberbully - INFO -   compute_attribution: False
2026-04-09 15:38:14,533 - cyberbully - INFO -   seed           : 52680723
2026-04-09 15:38:14,533 - cyberbully - INFO -   epochs         : 10
2026-04-09 15:38:14,533 - cyberbully - INFO -   batch_size     : 32
2026-04-09 15:38:14,533 - cyberbully - INFO -   lr             : 5e-05
2026-04-09 15:38:14,533 - cyberbully - INFO -   max_length     : 128
2026-04-09 15:38:14,533 - cyberbully - INFO -   output_dir     : grid-search
2026-04-09 15:38:14,533 - cyberbully - INFO -   data_dir       : dataset
2026-04-09 15:38:14,533 - cyberbully - INFO -   sbert          : False
2026-04-09 15:38:14,533 - cyberbully - INFO -   supcon         : False
2026-04-09 15:38:14,533 - cyberbully - INFO -   supcon_weight  : 0.1
2026-04-09 15:38:14,533 - cyberbully - INFO -   proj_dim       : 128
2026-04-09 15:38:14,533 - cyberbully - INFO -   grad_accum_steps: 1
2026-04-09 15:38:14,533 - cyberbully - INFO -   overwrite      : False
2026-04-09 15:38:14,533 - cyberbully - INFO -   device         : cuda
2026-04-09 15:38:14,533 - cyberbully - INFO -   output_dir     : experiments/grid-search/chandar-lab_NeoBERT/ieee/prep0_aug0/seed_52680723
2026-04-09 15:38:14,533 - cyberbully - INFO - ============================================================
2026-04-09 15:38:14,533 - cyberbully - INFO - Step 1: Preparing data...
2026-04-09 15:38:14,537 - cyberbully - INFO - Loaded pre-split data from dataset/ieee — train: 1348, val: 338, test: 422
2026-04-09 15:38:14,537 - cyberbully - INFO - Label mapping: {'Cyberstalking': 0, 'Doxing': 1, 'Revenge Porn': 2, 'Sexual Harassment': 3, 'Slut Shaming': 4}
2026-04-09 15:38:14,539 - cyberbully - INFO - Number of classes: 5
2026-04-09 15:38:14,540 - cyberbully - INFO - Step 2: Loading model and tokenizer...
2026-04-09 15:38:14,540 - cyberbully - INFO - Loading model 'chandar-lab/NeoBERT' with 5 labels (sbert=False, supcon=False)
2026-04-09 15:38:16,322 - cyberbully - INFO - Step 3: Creating datasets...
2026-04-09 15:38:16,351 - cyberbully - INFO - Dataset sizes — train: 1348, val: 338, test: 422
2026-04-09 15:38:16,351 - cyberbully - INFO - Step 4: Training...
2026-04-09 15:38:16,648 - cyberbully - INFO - Starting training...
2026-04-09 15:41:14,041 - cyberbully - INFO - Training complete.
2026-04-09 15:41:14,166 - cyberbully - INFO - Removed checkpoint: experiments/grid-search/chandar-lab_NeoBERT/ieee/prep0_aug0/seed_52680723/checkpoint-172
2026-04-09 15:41:14,298 - cyberbully - INFO - Removed checkpoint: experiments/grid-search/chandar-lab_NeoBERT/ieee/prep0_aug0/seed_52680723/checkpoint-258
2026-04-09 15:41:14,438 - cyberbully - INFO - Removed checkpoint: experiments/grid-search/chandar-lab_NeoBERT/ieee/prep0_aug0/seed_52680723/checkpoint-387
2026-04-09 15:41:14,565 - cyberbully - INFO - Removed checkpoint: experiments/grid-search/chandar-lab_NeoBERT/ieee/prep0_aug0/seed_52680723/checkpoint-43
2026-04-09 15:41:14,710 - cyberbully - INFO - Removed checkpoint: experiments/grid-search/chandar-lab_NeoBERT/ieee/prep0_aug0/seed_52680723/checkpoint-430
2026-04-09 15:41:14,843 - cyberbully - INFO - Removed checkpoint: experiments/grid-search/chandar-lab_NeoBERT/ieee/prep0_aug0/seed_52680723/checkpoint-301
2026-04-09 15:41:14,980 - cyberbully - INFO - Removed checkpoint: experiments/grid-search/chandar-lab_NeoBERT/ieee/prep0_aug0/seed_52680723/checkpoint-344
2026-04-09 15:41:15,107 - cyberbully - INFO - Removed checkpoint: experiments/grid-search/chandar-lab_NeoBERT/ieee/prep0_aug0/seed_52680723/checkpoint-129
2026-04-09 15:41:15,238 - cyberbully - INFO - Removed checkpoint: experiments/grid-search/chandar-lab_NeoBERT/ieee/prep0_aug0/seed_52680723/checkpoint-215
2026-04-09 15:41:15,362 - cyberbully - INFO - Removed checkpoint: experiments/grid-search/chandar-lab_NeoBERT/ieee/prep0_aug0/seed_52680723/checkpoint-86
2026-04-09 15:41:15,362 - cyberbully - INFO - Step 5: Evaluating on test set...
2026-04-09 15:41:20,667 - cyberbully - INFO - Metrics saved to experiments/grid-search/chandar-lab_NeoBERT/ieee/prep0_aug0/seed_52680723/metrics.json
2026-04-09 15:41:20,667 - cyberbully - INFO - Confusion matrix saved to experiments/grid-search/chandar-lab_NeoBERT/ieee/prep0_aug0/seed_52680723/confusion_matrix.json
2026-04-09 15:41:20,672 - cyberbully - INFO - Per-sample predictions saved to experiments/grid-search/chandar-lab_NeoBERT/ieee/prep0_aug0/seed_52680723/predictions.json
2026-04-09 15:41:20,772 - cyberbully - INFO - Confusion matrix figure saved to experiments/grid-search/chandar-lab_NeoBERT/ieee/prep0_aug0/seed_52680723/confusion_matrix.pdf
2026-04-09 15:41:20,772 - cyberbully - INFO - Accuracy: 0.8389
2026-04-09 15:41:20,772 - cyberbully - INFO - Weighted F1: 0.8396
2026-04-09 15:41:20,772 - cyberbully - INFO - Micro F1: 0.8389
2026-04-09 15:41:20,772 - cyberbully - INFO - Inference time: 0.66 seconds
2026-04-09 15:41:20,772 - cyberbully - INFO - Energy consumption: 0.000044 kWh
2026-04-09 15:41:20,773 - cyberbully - INFO - ============================================================
2026-04-09 15:41:20,773 - cyberbully - INFO - Pipeline complete. Results saved to: experiments/grid-search/chandar-lab_NeoBERT/ieee/prep0_aug0/seed_52680723
2026-04-09 15:41:20,773 - cyberbully - INFO - ============================================================
