2026-04-11 15:04:55,402 - cyberbully - INFO - ============================================================
2026-04-11 15:04:55,402 - cyberbully - INFO - Cyberbullying Detection Pipeline
2026-04-11 15:04:55,402 - cyberbully - INFO - ============================================================
2026-04-11 15:04:55,402 - cyberbully - INFO - Configuration:
2026-04-11 15:04:55,402 - cyberbully - INFO -   model          : sarkerlab/SocBERT-base
2026-04-11 15:04:55,402 - cyberbully - INFO -   dataset        : kaggle
2026-04-11 15:04:55,402 - cyberbully - INFO -   preprocess     : False
2026-04-11 15:04:55,402 - cyberbully - INFO -   augment        : True
2026-04-11 15:04:55,402 - cyberbully - INFO -   compute_attribution: False
2026-04-11 15:04:55,402 - cyberbully - INFO -   seed           : 14298463
2026-04-11 15:04:55,402 - cyberbully - INFO -   epochs         : 10
2026-04-11 15:04:55,402 - cyberbully - INFO -   batch_size     : 32
2026-04-11 15:04:55,402 - cyberbully - INFO -   lr             : 5e-05
2026-04-11 15:04:55,402 - cyberbully - INFO -   max_length     : 128
2026-04-11 15:04:55,402 - cyberbully - INFO -   output_dir     : grid-search
2026-04-11 15:04:55,403 - cyberbully - INFO -   data_dir       : dataset
2026-04-11 15:04:55,403 - cyberbully - INFO -   sbert          : False
2026-04-11 15:04:55,403 - cyberbully - INFO -   supcon         : False
2026-04-11 15:04:55,403 - cyberbully - INFO -   supcon_weight  : 0.1
2026-04-11 15:04:55,403 - cyberbully - INFO -   proj_dim       : 128
2026-04-11 15:04:55,403 - cyberbully - INFO -   grad_accum_steps: 1
2026-04-11 15:04:55,403 - cyberbully - INFO -   overwrite      : False
2026-04-11 15:04:55,403 - cyberbully - INFO -   device         : cuda
2026-04-11 15:04:55,403 - cyberbully - INFO -   output_dir     : experiments/grid-search/sarkerlab_SocBERT-base/kaggle/prep0_aug1/seed_14298463
2026-04-11 15:04:55,403 - cyberbully - INFO - ============================================================
2026-04-11 15:04:55,403 - cyberbully - INFO - Step 1: Preparing data...
2026-04-11 15:04:55,453 - cyberbully - INFO - Loaded pre-split data from dataset/kaggle — train: 25604, val: 6401, test: 8002
2026-04-11 15:04:55,453 - cyberbully - INFO - Label mapping: {'age': 0, 'ethnicity': 1, 'gender': 2, 'other_cyberbullying': 3, 'religion': 4}
2026-04-11 15:04:55,455 - cyberbully - INFO - Applying training data augmentation (oversampling)...
2026-04-11 15:04:55,459 - cyberbully - INFO - After oversampling — class distribution: {0: 5123, 1: 5123, 2: 5123, 3: 5123, 4: 5123}
2026-04-11 15:04:55,470 - cyberbully - INFO - Number of classes: 5
2026-04-11 15:04:55,471 - cyberbully - INFO - Step 2: Loading model and tokenizer...
2026-04-11 15:04:55,471 - cyberbully - INFO - Loading model 'sarkerlab/SocBERT-base' with 5 labels (sbert=False, supcon=False)
2026-04-11 15:04:56,581 - cyberbully - INFO - Step 3: Creating datasets...
2026-04-11 15:04:57,185 - cyberbully - INFO - Dataset sizes — train: 25615, val: 6401, test: 8002
2026-04-11 15:04:57,185 - cyberbully - INFO - Step 4: Training...
2026-04-11 15:04:57,337 - cyberbully - INFO - Starting training...
2026-04-11 15:15:10,864 - cyberbully - INFO - Training complete.
2026-04-11 15:15:10,964 - cyberbully - INFO - Removed checkpoint: experiments/grid-search/sarkerlab_SocBERT-base/kaggle/prep0_aug1/seed_14298463/checkpoint-4806
2026-04-11 15:15:11,064 - cyberbully - INFO - Removed checkpoint: experiments/grid-search/sarkerlab_SocBERT-base/kaggle/prep0_aug1/seed_14298463/checkpoint-7209
2026-04-11 15:15:11,164 - cyberbully - INFO - Removed checkpoint: experiments/grid-search/sarkerlab_SocBERT-base/kaggle/prep0_aug1/seed_14298463/checkpoint-6408
2026-04-11 15:15:11,263 - cyberbully - INFO - Removed checkpoint: experiments/grid-search/sarkerlab_SocBERT-base/kaggle/prep0_aug1/seed_14298463/checkpoint-5607
2026-04-11 15:15:11,384 - cyberbully - INFO - Removed checkpoint: experiments/grid-search/sarkerlab_SocBERT-base/kaggle/prep0_aug1/seed_14298463/checkpoint-8010
2026-04-11 15:15:11,485 - cyberbully - INFO - Removed checkpoint: experiments/grid-search/sarkerlab_SocBERT-base/kaggle/prep0_aug1/seed_14298463/checkpoint-3204
2026-04-11 15:15:11,585 - cyberbully - INFO - Removed checkpoint: experiments/grid-search/sarkerlab_SocBERT-base/kaggle/prep0_aug1/seed_14298463/checkpoint-1602
2026-04-11 15:15:11,689 - cyberbully - INFO - Removed checkpoint: experiments/grid-search/sarkerlab_SocBERT-base/kaggle/prep0_aug1/seed_14298463/checkpoint-801
2026-04-11 15:15:11,789 - cyberbully - INFO - Removed checkpoint: experiments/grid-search/sarkerlab_SocBERT-base/kaggle/prep0_aug1/seed_14298463/checkpoint-2403
2026-04-11 15:15:11,890 - cyberbully - INFO - Removed checkpoint: experiments/grid-search/sarkerlab_SocBERT-base/kaggle/prep0_aug1/seed_14298463/checkpoint-4005
2026-04-11 15:15:11,890 - cyberbully - INFO - Step 5: Evaluating on test set...
2026-04-11 15:15:20,213 - cyberbully - INFO - Metrics saved to experiments/grid-search/sarkerlab_SocBERT-base/kaggle/prep0_aug1/seed_14298463/metrics.json
2026-04-11 15:15:20,213 - cyberbully - INFO - Confusion matrix saved to experiments/grid-search/sarkerlab_SocBERT-base/kaggle/prep0_aug1/seed_14298463/confusion_matrix.json
2026-04-11 15:15:20,296 - cyberbully - INFO - Per-sample predictions saved to experiments/grid-search/sarkerlab_SocBERT-base/kaggle/prep0_aug1/seed_14298463/predictions.json
2026-04-11 15:15:20,403 - cyberbully - INFO - Confusion matrix figure saved to experiments/grid-search/sarkerlab_SocBERT-base/kaggle/prep0_aug1/seed_14298463/confusion_matrix.pdf
2026-04-11 15:15:20,403 - cyberbully - INFO - Accuracy: 0.9504
2026-04-11 15:15:20,404 - cyberbully - INFO - Weighted F1: 0.9506
2026-04-11 15:15:20,404 - cyberbully - INFO - Micro F1: 0.9504
2026-04-11 15:15:20,404 - cyberbully - INFO - Inference time: 3.79 seconds
2026-04-11 15:15:20,404 - cyberbully - INFO - Energy consumption: 0.000224 kWh
2026-04-11 15:15:20,405 - cyberbully - INFO - ============================================================
2026-04-11 15:15:20,405 - cyberbully - INFO - Pipeline complete. Results saved to: experiments/grid-search/sarkerlab_SocBERT-base/kaggle/prep0_aug1/seed_14298463
2026-04-11 15:15:20,405 - cyberbully - INFO - ============================================================
