2026-02-20 06:36:38,908 - cyberbully - INFO - ============================================================
2026-02-20 06:36:38,908 - cyberbully - INFO - Cyberbullying Detection Pipeline
2026-02-20 06:36:38,908 - cyberbully - INFO - ============================================================
2026-02-20 06:36:38,908 - cyberbully - INFO - Configuration:
2026-02-20 06:36:38,908 - cyberbully - INFO -   model          : all-MiniLM-L6-v2
2026-02-20 06:36:38,908 - cyberbully - INFO -   dataset        : ieee
2026-02-20 06:36:38,908 - cyberbully - INFO -   preprocess     : True
2026-02-20 06:36:38,908 - cyberbully - INFO -   augment        : True
2026-02-20 06:36:38,908 - cyberbully - INFO -   compute_attribution: False
2026-02-20 06:36:38,908 - cyberbully - INFO -   seed           : 43782163
2026-02-20 06:36:38,908 - cyberbully - INFO -   epochs         : 5
2026-02-20 06:36:38,908 - cyberbully - INFO -   batch_size     : 16
2026-02-20 06:36:38,908 - cyberbully - INFO -   lr             : 2e-05
2026-02-20 06:36:38,908 - cyberbully - INFO -   max_length     : 128
2026-02-20 06:36:38,908 - cyberbully - INFO -   output_dir     : sbert-model
2026-02-20 06:36:38,908 - cyberbully - INFO -   data_dir       : dataset
2026-02-20 06:36:38,908 - cyberbully - INFO -   sbert          : True
2026-02-20 06:36:38,908 - cyberbully - INFO -   overwrite      : False
2026-02-20 06:36:38,908 - cyberbully - INFO -   device         : cuda
2026-02-20 06:36:38,908 - cyberbully - INFO -   output_dir     : experiments/sbert-model/all-MiniLM-L6-v2/ieee/prep1_aug1/seed_43782163
2026-02-20 06:36:38,908 - cyberbully - INFO - ============================================================
2026-02-20 06:36:38,908 - cyberbully - INFO - Step 1: Preparing data...
2026-02-20 06:36:38,908 - cyberbully - INFO - Loading dataset 'ieee' from dataset/IEEE Data Port.csv
2026-02-20 06:36:38,914 - cyberbully - INFO - Loaded 2108 samples with 5 classes: ['Cyberstalking', 'Doxing', 'Revenge Porn', 'Sexual Harassment', 'Slut Shaming']
2026-02-20 06:36:38,914 - cyberbully - INFO - Applying text preprocessing...
2026-02-20 06:36:41,964 - cyberbully - INFO - After preprocessing: 1815 samples remain
2026-02-20 06:36:41,965 - cyberbully - INFO - Label mapping: {'Cyberstalking': 0, 'Doxing': 1, 'Revenge Porn': 2, 'Sexual Harassment': 3, 'Slut Shaming': 4}
2026-02-20 06:36:41,967 - cyberbully - INFO - Split sizes — train: 1161, val: 291, test: 363
2026-02-20 06:36:41,967 - cyberbully - INFO - Applying training data augmentation (oversampling)...
2026-02-20 06:36:41,968 - cyberbully - INFO - After oversampling — class distribution: {0: 289, 1: 289, 2: 289, 3: 289, 4: 289}
2026-02-20 06:36:41,968 - cyberbully - INFO - Number of classes: 5
2026-02-20 06:36:41,968 - cyberbully - INFO - Step 2: Loading model and tokenizer...
2026-02-20 06:36:41,968 - cyberbully - INFO - Loading model 'all-MiniLM-L6-v2' with 5 labels (sbert=True)
2026-02-20 06:36:44,577 - cyberbully - INFO - SBERTClassifier: embedding_dim=384, hidden=256, num_labels=5
2026-02-20 06:36:44,872 - cyberbully - INFO - Step 3: Creating datasets...
2026-02-20 06:36:44,909 - cyberbully - INFO - Dataset sizes — train: 1445, val: 291, test: 363
2026-02-20 06:36:44,909 - cyberbully - INFO - Step 4: Training...
2026-02-20 06:36:44,978 - cyberbully - INFO - Starting training...
2026-02-20 06:36:52,516 - cyberbully - INFO - Training complete.
2026-02-20 06:36:52,516 - cyberbully - INFO - Step 5: Evaluating on test set...
2026-02-20 06:36:56,842 - cyberbully - INFO - Metrics saved to experiments/sbert-model/all-MiniLM-L6-v2/ieee/prep1_aug1/seed_43782163/metrics.json
2026-02-20 06:36:56,842 - cyberbully - INFO - Confusion matrix saved to experiments/sbert-model/all-MiniLM-L6-v2/ieee/prep1_aug1/seed_43782163/confusion_matrix.json
2026-02-20 06:36:56,942 - cyberbully - INFO - Confusion matrix figure saved to experiments/sbert-model/all-MiniLM-L6-v2/ieee/prep1_aug1/seed_43782163/confusion_matrix.pdf
2026-02-20 06:36:56,942 - cyberbully - INFO - Accuracy: 0.8375
2026-02-20 06:36:56,942 - cyberbully - INFO - Weighted F1: 0.8374
2026-02-20 06:36:56,942 - cyberbully - INFO - Micro F1: 0.8375
2026-02-20 06:36:56,942 - cyberbully - INFO - Inference time: 0.08 seconds
2026-02-20 06:36:56,942 - cyberbully - INFO - Energy consumption: 0.000001 kWh
2026-02-20 06:36:56,942 - cyberbully - INFO - ============================================================
2026-02-20 06:36:56,942 - cyberbully - INFO - Pipeline complete. Results saved to: experiments/sbert-model/all-MiniLM-L6-v2/ieee/prep1_aug1/seed_43782163
2026-02-20 06:36:56,942 - cyberbully - INFO - ============================================================
