2026-05-19 21:40:19,057 - cyberbully - INFO - ============================================================
2026-05-19 21:40:19,057 - cyberbully - INFO - Cyberbullying Detection Pipeline
2026-05-19 21:40:19,057 - cyberbully - INFO - ============================================================
2026-05-19 21:40:19,057 - cyberbully - INFO - Configuration:
2026-05-19 21:40:19,057 - cyberbully - INFO -   model          : google/mobilebert-uncased
2026-05-19 21:40:19,057 - cyberbully - INFO -   dataset        : tweeteval
2026-05-19 21:40:19,057 - cyberbully - INFO -   preprocess     : True
2026-05-19 21:40:19,057 - cyberbully - INFO -   augment        : False
2026-05-19 21:40:19,057 - cyberbully - INFO -   compute_attribution: False
2026-05-19 21:40:19,057 - cyberbully - INFO -   seed           : 67351593
2026-05-19 21:40:19,057 - cyberbully - INFO -   epochs         : 10
2026-05-19 21:40:19,057 - cyberbully - INFO -   batch_size     : 32
2026-05-19 21:40:19,057 - cyberbully - INFO -   lr             : 5e-05
2026-05-19 21:40:19,057 - cyberbully - INFO -   max_length     : 128
2026-05-19 21:40:19,057 - cyberbully - INFO -   output_dir     : grid-search
2026-05-19 21:40:19,057 - cyberbully - INFO -   data_dir       : dataset
2026-05-19 21:40:19,057 - cyberbully - INFO -   sbert          : False
2026-05-19 21:40:19,057 - cyberbully - INFO -   supcon         : False
2026-05-19 21:40:19,057 - cyberbully - INFO -   supcon_weight  : 0.1
2026-05-19 21:40:19,057 - cyberbully - INFO -   proj_dim       : 128
2026-05-19 21:40:19,057 - cyberbully - INFO -   grad_accum_steps: 1
2026-05-19 21:40:19,057 - cyberbully - INFO -   overwrite      : True
2026-05-19 21:40:19,057 - cyberbully - INFO -   device         : cuda
2026-05-19 21:40:19,057 - cyberbully - INFO -   output_dir     : experiments/grid-search/google_mobilebert-uncased/tweeteval/prep1_aug0/seed_67351593
2026-05-19 21:40:19,057 - cyberbully - INFO - ============================================================
2026-05-19 21:40:19,057 - cyberbully - INFO - Step 1: Preparing data...
2026-05-19 21:40:19,103 - cyberbully - INFO - Loaded pre-split data from dataset/tweeteval — train: 32485, val: 8122, test: 10152
2026-05-19 21:40:19,103 - cyberbully - INFO - Label mapping: {'emotion': 0, 'hate': 1, 'offensive': 2, 'religion': 3, 'spiritual': 4}
2026-05-19 21:40:19,104 - cyberbully - INFO - Applying text preprocessing per split...
2026-05-19 21:40:24,592 - cyberbully - INFO - After preprocessing -- train: 32485, val: 8122, test: 10152
2026-05-19 21:40:24,596 - cyberbully - INFO - Number of classes: 5
2026-05-19 21:40:24,598 - cyberbully - INFO - Step 2: Loading model and tokenizer...
2026-05-19 21:40:24,598 - cyberbully - INFO - Loading model 'google/mobilebert-uncased' with 5 labels (sbert=False, supcon=False)
2026-05-19 21:40:26,988 - cyberbully - WARNING - FP16 disabled for model_type='mobilebert' (known fp16 instability).
2026-05-19 21:40:26,988 - cyberbully - INFO - Step 3: Creating datasets...
2026-05-19 21:40:28,188 - cyberbully - INFO - Dataset sizes — train: 32485, val: 8122, test: 10152
2026-05-19 21:40:28,188 - cyberbully - INFO - Step 4: Training...
2026-05-19 21:40:28,371 - cyberbully - INFO - Starting training...
2026-05-19 21:59:58,317 - cyberbully - INFO - Training complete.
2026-05-19 21:59:58,332 - cyberbully - INFO - Removed checkpoint: experiments/grid-search/google_mobilebert-uncased/tweeteval/prep1_aug0/seed_67351593/checkpoint-3048
2026-05-19 21:59:58,346 - cyberbully - INFO - Removed checkpoint: experiments/grid-search/google_mobilebert-uncased/tweeteval/prep1_aug0/seed_67351593/checkpoint-7112
2026-05-19 21:59:58,360 - cyberbully - INFO - Removed checkpoint: experiments/grid-search/google_mobilebert-uncased/tweeteval/prep1_aug0/seed_67351593/checkpoint-9144
2026-05-19 21:59:58,375 - cyberbully - INFO - Removed checkpoint: experiments/grid-search/google_mobilebert-uncased/tweeteval/prep1_aug0/seed_67351593/checkpoint-1016
2026-05-19 21:59:58,389 - cyberbully - INFO - Removed checkpoint: experiments/grid-search/google_mobilebert-uncased/tweeteval/prep1_aug0/seed_67351593/checkpoint-2032
2026-05-19 21:59:58,406 - cyberbully - INFO - Removed checkpoint: experiments/grid-search/google_mobilebert-uncased/tweeteval/prep1_aug0/seed_67351593/checkpoint-10160
2026-05-19 21:59:58,420 - cyberbully - INFO - Removed checkpoint: experiments/grid-search/google_mobilebert-uncased/tweeteval/prep1_aug0/seed_67351593/checkpoint-6096
2026-05-19 21:59:58,434 - cyberbully - INFO - Removed checkpoint: experiments/grid-search/google_mobilebert-uncased/tweeteval/prep1_aug0/seed_67351593/checkpoint-5080
2026-05-19 21:59:58,448 - cyberbully - INFO - Removed checkpoint: experiments/grid-search/google_mobilebert-uncased/tweeteval/prep1_aug0/seed_67351593/checkpoint-8128
2026-05-19 21:59:58,463 - cyberbully - INFO - Removed checkpoint: experiments/grid-search/google_mobilebert-uncased/tweeteval/prep1_aug0/seed_67351593/checkpoint-4064
2026-05-19 21:59:58,463 - cyberbully - INFO - Step 5: Evaluating on test set...
2026-05-19 22:00:14,944 - cyberbully - INFO - Metrics saved to experiments/grid-search/google_mobilebert-uncased/tweeteval/prep1_aug0/seed_67351593/metrics.json
2026-05-19 22:00:14,944 - cyberbully - INFO - Confusion matrix saved to experiments/grid-search/google_mobilebert-uncased/tweeteval/prep1_aug0/seed_67351593/confusion_matrix.json
2026-05-19 22:00:15,041 - cyberbully - INFO - Per-sample predictions saved to experiments/grid-search/google_mobilebert-uncased/tweeteval/prep1_aug0/seed_67351593/predictions.json
2026-05-19 22:00:15,146 - cyberbully - INFO - Confusion matrix figure saved to experiments/grid-search/google_mobilebert-uncased/tweeteval/prep1_aug0/seed_67351593/confusion_matrix.pdf
2026-05-19 22:00:15,146 - cyberbully - INFO - Accuracy: 0.9346
2026-05-19 22:00:15,146 - cyberbully - INFO - Weighted F1: 0.9344
2026-05-19 22:00:15,146 - cyberbully - INFO - Micro F1: 0.9346
2026-05-19 22:00:15,147 - cyberbully - INFO - Inference time: 10.28 seconds
2026-05-19 22:00:15,147 - cyberbully - INFO - Energy consumption: 0.000590 kWh
2026-05-19 22:00:15,149 - cyberbully - INFO - ============================================================
2026-05-19 22:00:15,149 - cyberbully - INFO - Pipeline complete. Results saved to: experiments/grid-search/google_mobilebert-uncased/tweeteval/prep1_aug0/seed_67351593
2026-05-19 22:00:15,149 - cyberbully - INFO - ============================================================
