2026-02-11 07:20:32,452 - cyberbully - INFO - ============================================================
2026-02-11 07:20:32,452 - cyberbully - INFO - Cyberbullying Detection Pipeline
2026-02-11 07:20:32,452 - cyberbully - INFO - ============================================================
2026-02-11 07:20:32,452 - cyberbully - INFO - Configuration:
2026-02-11 07:20:32,452 - cyberbully - INFO -   model          : distilbert-base-uncased
2026-02-11 07:20:32,452 - cyberbully - INFO -   dataset        : ieee
2026-02-11 07:20:32,452 - cyberbully - INFO -   preprocess     : False
2026-02-11 07:20:32,452 - cyberbully - INFO -   augment        : False
2026-02-11 07:20:32,452 - cyberbully - INFO -   compute_attribution: False
2026-02-11 07:20:32,452 - cyberbully - INFO -   seed           : 37622020
2026-02-11 07:20:32,452 - cyberbully - INFO -   epochs         : 5
2026-02-11 07:20:32,452 - cyberbully - INFO -   batch_size     : 16
2026-02-11 07:20:32,452 - cyberbully - INFO -   lr             : 2e-05
2026-02-11 07:20:32,452 - cyberbully - INFO -   max_length     : 128
2026-02-11 07:20:32,452 - cyberbully - INFO -   output_dir     : experiments
2026-02-11 07:20:32,452 - cyberbully - INFO -   data_dir       : dataset
2026-02-11 07:20:32,452 - cyberbully - INFO -   overwrite      : False
2026-02-11 07:20:32,452 - cyberbully - INFO -   device         : cuda
2026-02-11 07:20:32,452 - cyberbully - INFO -   output_dir     : experiments/distilbert-base-uncased/ieee/prep0_aug0/seed_37622020
2026-02-11 07:20:32,453 - cyberbully - INFO - ============================================================
2026-02-11 07:20:32,453 - cyberbully - INFO - Step 1: Preparing data...
2026-02-11 07:20:32,453 - cyberbully - INFO - Loading dataset 'ieee' from dataset/IEEE Data Port.csv
2026-02-11 07:20:32,459 - cyberbully - INFO - Loaded 2108 samples with 5 classes: ['Cyberstalking', 'Doxing', 'Revenge Porn', 'Sexual Harassment', 'Slut Shaming']
2026-02-11 07:20:32,459 - cyberbully - INFO - Label mapping: {'Cyberstalking': 0, 'Doxing': 1, 'Revenge Porn': 2, 'Sexual Harassment': 3, 'Slut Shaming': 4}
2026-02-11 07:20:32,461 - cyberbully - INFO - Split sizes — train: 1348, val: 338, test: 422
2026-02-11 07:20:32,461 - cyberbully - INFO - Number of classes: 5
2026-02-11 07:20:32,461 - cyberbully - INFO - Step 2: Loading model and tokenizer...
2026-02-11 07:20:32,461 - cyberbully - INFO - Loading model 'distilbert-base-uncased' with 5 labels
2026-02-11 07:20:33,102 - cyberbully - INFO - Step 3: Tokenizing datasets...
2026-02-11 07:20:33,134 - cyberbully - INFO - Dataset sizes — train: 1348, val: 338, test: 422
2026-02-11 07:20:33,135 - cyberbully - INFO - Step 4: Training...
2026-02-11 07:20:33,310 - cyberbully - INFO - Starting training...
2026-02-11 07:20:47,706 - cyberbully - INFO - Training complete.
2026-02-11 07:20:47,706 - cyberbully - INFO - Step 5: Evaluating on test set...
2026-02-11 07:20:52,130 - cyberbully - INFO - Metrics saved to experiments/distilbert-base-uncased/ieee/prep0_aug0/seed_37622020/metrics.json
2026-02-11 07:20:52,130 - cyberbully - INFO - Confusion matrix saved to experiments/distilbert-base-uncased/ieee/prep0_aug0/seed_37622020/confusion_matrix.json
2026-02-11 07:20:52,230 - cyberbully - INFO - Confusion matrix figure saved to experiments/distilbert-base-uncased/ieee/prep0_aug0/seed_37622020/confusion_matrix.pdf
2026-02-11 07:20:52,230 - cyberbully - INFO - Accuracy: 0.8507
2026-02-11 07:20:52,230 - cyberbully - INFO - Weighted F1: 0.8504
2026-02-11 07:20:52,230 - cyberbully - INFO - Micro F1: 0.8507
2026-02-11 07:20:52,230 - cyberbully - INFO - Inference time: 0.17 seconds
2026-02-11 07:20:52,230 - cyberbully - INFO - Energy consumption: 0.000005 kWh
2026-02-11 07:20:52,230 - cyberbully - INFO - ============================================================
2026-02-11 07:20:52,230 - cyberbully - INFO - Pipeline complete. Results saved to: experiments/distilbert-base-uncased/ieee/prep0_aug0/seed_37622020
2026-02-11 07:20:52,230 - cyberbully - INFO - ============================================================
