2026-02-26 03:04:45,717 - cyberbully - INFO - Model 'all-mpnet-base-v2' detected as SBERT-based. Using SBERTClassifier pipeline.
2026-02-26 03:04:45,717 - cyberbully - INFO - ============================================================
2026-02-26 03:04:45,717 - cyberbully - INFO - Cyberbullying Detection Pipeline
2026-02-26 03:04:45,717 - cyberbully - INFO - ============================================================
2026-02-26 03:04:45,717 - cyberbully - INFO - Configuration:
2026-02-26 03:04:45,717 - cyberbully - INFO -   model          : all-mpnet-base-v2
2026-02-26 03:04:45,717 - cyberbully - INFO -   dataset        : kaggle
2026-02-26 03:04:45,717 - cyberbully - INFO -   preprocess     : False
2026-02-26 03:04:45,717 - cyberbully - INFO -   augment        : False
2026-02-26 03:04:45,717 - cyberbully - INFO -   compute_attribution: False
2026-02-26 03:04:45,717 - cyberbully - INFO -   seed           : 67351593
2026-02-26 03:04:45,717 - cyberbully - INFO -   epochs         : 10
2026-02-26 03:04:45,717 - cyberbully - INFO -   batch_size     : 32
2026-02-26 03:04:45,717 - cyberbully - INFO -   lr             : 5e-05
2026-02-26 03:04:45,717 - cyberbully - INFO -   max_length     : 128
2026-02-26 03:04:45,717 - cyberbully - INFO -   output_dir     : grid-search
2026-02-26 03:04:45,717 - cyberbully - INFO -   data_dir       : dataset
2026-02-26 03:04:45,717 - cyberbully - INFO -   sbert          : True
2026-02-26 03:04:45,717 - cyberbully - INFO -   overwrite      : False
2026-02-26 03:04:45,717 - cyberbully - INFO -   device         : cuda
2026-02-26 03:04:45,717 - cyberbully - INFO -   output_dir     : experiments/grid-search/all-mpnet-base-v2/kaggle/prep0_aug0/seed_67351593
2026-02-26 03:04:45,717 - cyberbully - INFO - ============================================================
2026-02-26 03:04:45,717 - cyberbully - INFO - Step 1: Preparing data...
2026-02-26 03:04:45,717 - cyberbully - INFO - Loading dataset 'kaggle' from dataset/Kaggle.csv
2026-02-26 03:04:45,775 - cyberbully - INFO - Loaded 47656 samples with 6 classes: ['age', 'ethnicity', 'gender', 'not_cyberbullying', 'other_cyberbullying', 'religion']
2026-02-26 03:04:45,777 - cyberbully - INFO - Label mapping: {'age': 0, 'ethnicity': 1, 'gender': 2, 'not_cyberbullying': 3, 'other_cyberbullying': 4, 'religion': 5}
2026-02-26 03:04:45,790 - cyberbully - INFO - Split sizes — train: 30499, val: 7625, test: 9532
2026-02-26 03:04:45,790 - cyberbully - INFO - Number of classes: 6
2026-02-26 03:04:45,791 - cyberbully - INFO - Step 2: Loading model and tokenizer...
2026-02-26 03:04:45,791 - cyberbully - INFO - Loading model 'all-mpnet-base-v2' with 6 labels (sbert=True)
2026-02-26 03:04:48,564 - cyberbully - INFO - SBERTClassifier: embedding_dim=768, hidden=256, num_labels=6
2026-02-26 03:04:48,859 - cyberbully - INFO - Step 3: Creating datasets...
2026-02-26 03:04:49,553 - cyberbully - INFO - Dataset sizes — train: 30499, val: 7625, test: 9532
2026-02-26 03:04:49,553 - cyberbully - INFO - Step 4: Training...
2026-02-26 03:04:49,597 - cyberbully - INFO - Starting training...
2026-02-26 03:20:29,644 - cyberbully - INFO - Training complete.
2026-02-26 03:20:29,740 - cyberbully - INFO - Removed checkpoint: experiments/grid-search/all-mpnet-base-v2/kaggle/prep0_aug0/seed_67351593/checkpoint-954
2026-02-26 03:20:29,812 - cyberbully - INFO - Removed checkpoint: experiments/grid-search/all-mpnet-base-v2/kaggle/prep0_aug0/seed_67351593/checkpoint-1908
2026-02-26 03:20:29,880 - cyberbully - INFO - Removed checkpoint: experiments/grid-search/all-mpnet-base-v2/kaggle/prep0_aug0/seed_67351593/checkpoint-2862
2026-02-26 03:20:29,943 - cyberbully - INFO - Removed checkpoint: experiments/grid-search/all-mpnet-base-v2/kaggle/prep0_aug0/seed_67351593/checkpoint-7632
2026-02-26 03:20:30,007 - cyberbully - INFO - Removed checkpoint: experiments/grid-search/all-mpnet-base-v2/kaggle/prep0_aug0/seed_67351593/checkpoint-5724
2026-02-26 03:20:30,070 - cyberbully - INFO - Removed checkpoint: experiments/grid-search/all-mpnet-base-v2/kaggle/prep0_aug0/seed_67351593/checkpoint-4770
2026-02-26 03:20:30,145 - cyberbully - INFO - Removed checkpoint: experiments/grid-search/all-mpnet-base-v2/kaggle/prep0_aug0/seed_67351593/checkpoint-9540
2026-02-26 03:20:30,209 - cyberbully - INFO - Removed checkpoint: experiments/grid-search/all-mpnet-base-v2/kaggle/prep0_aug0/seed_67351593/checkpoint-6678
2026-02-26 03:20:30,271 - cyberbully - INFO - Removed checkpoint: experiments/grid-search/all-mpnet-base-v2/kaggle/prep0_aug0/seed_67351593/checkpoint-8586
2026-02-26 03:20:30,336 - cyberbully - INFO - Removed checkpoint: experiments/grid-search/all-mpnet-base-v2/kaggle/prep0_aug0/seed_67351593/checkpoint-3816
2026-02-26 03:20:30,336 - cyberbully - INFO - Step 5: Evaluating on test set...
2026-02-26 03:20:42,461 - cyberbully - INFO - Metrics saved to experiments/grid-search/all-mpnet-base-v2/kaggle/prep0_aug0/seed_67351593/metrics.json
2026-02-26 03:20:42,461 - cyberbully - INFO - Confusion matrix saved to experiments/grid-search/all-mpnet-base-v2/kaggle/prep0_aug0/seed_67351593/confusion_matrix.json
2026-02-26 03:20:42,574 - cyberbully - INFO - Confusion matrix figure saved to experiments/grid-search/all-mpnet-base-v2/kaggle/prep0_aug0/seed_67351593/confusion_matrix.pdf
2026-02-26 03:20:42,574 - cyberbully - INFO - Accuracy: 0.8727
2026-02-26 03:20:42,574 - cyberbully - INFO - Weighted F1: 0.8711
2026-02-26 03:20:42,574 - cyberbully - INFO - Micro F1: 0.8727
2026-02-26 03:20:42,575 - cyberbully - INFO - Inference time: 7.62 seconds
2026-02-26 03:20:42,575 - cyberbully - INFO - Energy consumption: 0.000502 kWh
2026-02-26 03:20:42,575 - cyberbully - INFO - ============================================================
2026-02-26 03:20:42,575 - cyberbully - INFO - Pipeline complete. Results saved to: experiments/grid-search/all-mpnet-base-v2/kaggle/prep0_aug0/seed_67351593
2026-02-26 03:20:42,575 - cyberbully - INFO - ============================================================
