2026-03-21 02:17:54,497 - cyberbully - INFO - ============================================================
2026-03-21 02:17:54,498 - cyberbully - INFO - Cyberbullying Detection Pipeline
2026-03-21 02:17:54,498 - cyberbully - INFO - ============================================================
2026-03-21 02:17:54,498 - cyberbully - INFO - Configuration:
2026-03-21 02:17:54,498 - cyberbully - INFO -   model          : bert-base-cased
2026-03-21 02:17:54,498 - cyberbully - INFO -   dataset        : kaggle
2026-03-21 02:17:54,498 - cyberbully - INFO -   preprocess     : True
2026-03-21 02:17:54,498 - cyberbully - INFO -   augment        : True
2026-03-21 02:17:54,498 - cyberbully - INFO -   compute_attribution: False
2026-03-21 02:17:54,498 - cyberbully - INFO -   seed           : 99511865
2026-03-21 02:17:54,498 - cyberbully - INFO -   epochs         : 10
2026-03-21 02:17:54,498 - cyberbully - INFO -   batch_size     : 32
2026-03-21 02:17:54,498 - cyberbully - INFO -   lr             : 5e-05
2026-03-21 02:17:54,498 - cyberbully - INFO -   max_length     : 128
2026-03-21 02:17:54,498 - cyberbully - INFO -   output_dir     : grid-search
2026-03-21 02:17:54,498 - cyberbully - INFO -   data_dir       : dataset
2026-03-21 02:17:54,498 - cyberbully - INFO -   sbert          : False
2026-03-21 02:17:54,498 - cyberbully - INFO -   supcon         : False
2026-03-21 02:17:54,498 - cyberbully - INFO -   supcon_weight  : 0.1
2026-03-21 02:17:54,498 - cyberbully - INFO -   proj_dim       : 128
2026-03-21 02:17:54,498 - cyberbully - INFO -   grad_accum_steps: 1
2026-03-21 02:17:54,498 - cyberbully - INFO -   overwrite      : False
2026-03-21 02:17:54,498 - cyberbully - INFO -   device         : cuda
2026-03-21 02:17:54,498 - cyberbully - INFO -   output_dir     : experiments/grid-search/bert-base-cased/kaggle/prep1_aug1/seed_99511865
2026-03-21 02:17:54,498 - cyberbully - INFO - ============================================================
2026-03-21 02:17:54,498 - cyberbully - INFO - Step 1: Preparing data...
2026-03-21 02:17:54,550 - cyberbully - INFO - Loaded pre-split data from dataset/kaggle — train: 30499, val: 7625, test: 9532
2026-03-21 02:17:54,550 - cyberbully - INFO - Label mapping: {'age': 0, 'ethnicity': 1, 'gender': 2, 'not_cyberbullying': 3, 'other_cyberbullying': 4, 'religion': 5}
2026-03-21 02:17:54,550 - cyberbully - INFO - Applying text preprocessing per split...
2026-03-21 02:18:47,952 - cyberbully - INFO - After preprocessing — train: 26846, val: 6847, test: 8540
2026-03-21 02:18:47,954 - cyberbully - INFO - Applying training data augmentation (oversampling)...
2026-03-21 02:18:47,959 - cyberbully - INFO - After oversampling — class distribution: {0: 5073, 1: 5073, 2: 5073, 3: 5073, 4: 5073, 5: 5073}
2026-03-21 02:18:47,970 - cyberbully - INFO - Number of classes: 6
2026-03-21 02:18:47,971 - cyberbully - INFO - Step 2: Loading model and tokenizer...
2026-03-21 02:18:47,971 - cyberbully - INFO - Loading model 'bert-base-cased' with 6 labels (sbert=False, supcon=False)
2026-03-21 02:18:48,686 - cyberbully - INFO - Step 3: Creating datasets...
2026-03-21 02:18:49,599 - cyberbully - INFO - Dataset sizes — train: 30438, val: 6847, test: 8540
2026-03-21 02:18:49,599 - cyberbully - INFO - Step 4: Training...
2026-03-21 02:18:49,816 - cyberbully - INFO - Starting training...
2026-03-21 02:33:41,967 - cyberbully - INFO - Training complete.
2026-03-21 02:33:42,029 - cyberbully - INFO - Removed checkpoint: experiments/grid-search/bert-base-cased/kaggle/prep1_aug1/seed_99511865/checkpoint-6664
2026-03-21 02:33:42,092 - cyberbully - INFO - Removed checkpoint: experiments/grid-search/bert-base-cased/kaggle/prep1_aug1/seed_99511865/checkpoint-952
2026-03-21 02:33:42,166 - cyberbully - INFO - Removed checkpoint: experiments/grid-search/bert-base-cased/kaggle/prep1_aug1/seed_99511865/checkpoint-9520
2026-03-21 02:33:42,229 - cyberbully - INFO - Removed checkpoint: experiments/grid-search/bert-base-cased/kaggle/prep1_aug1/seed_99511865/checkpoint-1904
2026-03-21 02:33:42,292 - cyberbully - INFO - Removed checkpoint: experiments/grid-search/bert-base-cased/kaggle/prep1_aug1/seed_99511865/checkpoint-5712
2026-03-21 02:33:42,353 - cyberbully - INFO - Removed checkpoint: experiments/grid-search/bert-base-cased/kaggle/prep1_aug1/seed_99511865/checkpoint-3808
2026-03-21 02:33:42,415 - cyberbully - INFO - Removed checkpoint: experiments/grid-search/bert-base-cased/kaggle/prep1_aug1/seed_99511865/checkpoint-8568
2026-03-21 02:33:42,478 - cyberbully - INFO - Removed checkpoint: experiments/grid-search/bert-base-cased/kaggle/prep1_aug1/seed_99511865/checkpoint-2856
2026-03-21 02:33:42,540 - cyberbully - INFO - Removed checkpoint: experiments/grid-search/bert-base-cased/kaggle/prep1_aug1/seed_99511865/checkpoint-4760
2026-03-21 02:33:42,602 - cyberbully - INFO - Removed checkpoint: experiments/grid-search/bert-base-cased/kaggle/prep1_aug1/seed_99511865/checkpoint-7616
2026-03-21 02:33:42,602 - cyberbully - INFO - Step 5: Evaluating on test set...
2026-03-21 02:33:53,393 - cyberbully - INFO - Metrics saved to experiments/grid-search/bert-base-cased/kaggle/prep1_aug1/seed_99511865/metrics.json
2026-03-21 02:33:53,394 - cyberbully - INFO - Confusion matrix saved to experiments/grid-search/bert-base-cased/kaggle/prep1_aug1/seed_99511865/confusion_matrix.json
2026-03-21 02:33:53,479 - cyberbully - INFO - Per-sample predictions saved to experiments/grid-search/bert-base-cased/kaggle/prep1_aug1/seed_99511865/predictions.json
2026-03-21 02:33:53,592 - cyberbully - INFO - Confusion matrix figure saved to experiments/grid-search/bert-base-cased/kaggle/prep1_aug1/seed_99511865/confusion_matrix.pdf
2026-03-21 02:33:53,592 - cyberbully - INFO - Accuracy: 0.8555
2026-03-21 02:33:53,592 - cyberbully - INFO - Weighted F1: 0.8556
2026-03-21 02:33:53,592 - cyberbully - INFO - Micro F1: 0.8555
2026-03-21 02:33:53,592 - cyberbully - INFO - Inference time: 6.49 seconds
2026-03-21 02:33:53,592 - cyberbully - INFO - Energy consumption: 0.000399 kWh
2026-03-21 02:33:53,594 - cyberbully - INFO - ============================================================
2026-03-21 02:33:53,594 - cyberbully - INFO - Pipeline complete. Results saved to: experiments/grid-search/bert-base-cased/kaggle/prep1_aug1/seed_99511865
2026-03-21 02:33:53,594 - cyberbully - INFO - ============================================================
