2026-03-22 14:12:03,949 - cyberbully - INFO - Model 'all-distilroberta-v1' detected as SBERT-based. Using SBERTClassifier pipeline.
2026-03-22 14:12:03,949 - cyberbully - INFO - ============================================================
2026-03-22 14:12:03,949 - cyberbully - INFO - Cyberbullying Detection Pipeline
2026-03-22 14:12:03,949 - cyberbully - INFO - ============================================================
2026-03-22 14:12:03,949 - cyberbully - INFO - Configuration:
2026-03-22 14:12:03,949 - cyberbully - INFO -   model          : all-distilroberta-v1
2026-03-22 14:12:03,949 - cyberbully - INFO -   dataset        : ieee
2026-03-22 14:12:03,949 - cyberbully - INFO -   preprocess     : False
2026-03-22 14:12:03,949 - cyberbully - INFO -   augment        : False
2026-03-22 14:12:03,949 - cyberbully - INFO -   compute_attribution: False
2026-03-22 14:12:03,949 - cyberbully - INFO -   seed           : 37622020
2026-03-22 14:12:03,949 - cyberbully - INFO -   epochs         : 10
2026-03-22 14:12:03,949 - cyberbully - INFO -   batch_size     : 32
2026-03-22 14:12:03,949 - cyberbully - INFO -   lr             : 5e-05
2026-03-22 14:12:03,949 - cyberbully - INFO -   max_length     : 128
2026-03-22 14:12:03,949 - cyberbully - INFO -   output_dir     : grid-search
2026-03-22 14:12:03,949 - cyberbully - INFO -   data_dir       : dataset
2026-03-22 14:12:03,949 - cyberbully - INFO -   sbert          : True
2026-03-22 14:12:03,949 - cyberbully - INFO -   supcon         : False
2026-03-22 14:12:03,949 - cyberbully - INFO -   supcon_weight  : 0.1
2026-03-22 14:12:03,949 - cyberbully - INFO -   proj_dim       : 128
2026-03-22 14:12:03,949 - cyberbully - INFO -   grad_accum_steps: 1
2026-03-22 14:12:03,949 - cyberbully - INFO -   overwrite      : False
2026-03-22 14:12:03,949 - cyberbully - INFO -   device         : cuda
2026-03-22 14:12:03,949 - cyberbully - INFO -   output_dir     : experiments/grid-search/all-distilroberta-v1/ieee/prep0_aug0/seed_37622020
2026-03-22 14:12:03,949 - cyberbully - INFO - ============================================================
2026-03-22 14:12:03,949 - cyberbully - INFO - Step 1: Preparing data...
2026-03-22 14:12:03,953 - cyberbully - INFO - Loaded pre-split data from dataset/ieee — train: 1348, val: 338, test: 422
2026-03-22 14:12:03,953 - cyberbully - INFO - Label mapping: {'Cyberstalking': 0, 'Doxing': 1, 'Revenge Porn': 2, 'Sexual Harassment': 3, 'Slut Shaming': 4}
2026-03-22 14:12:03,955 - cyberbully - INFO - Number of classes: 5
2026-03-22 14:12:03,956 - cyberbully - INFO - Step 2: Loading model and tokenizer...
2026-03-22 14:12:03,956 - cyberbully - INFO - Loading model 'all-distilroberta-v1' with 5 labels (sbert=True, supcon=False)
2026-03-22 14:12:07,301 - cyberbully - INFO - SBERTClassifier: embedding_dim=768, hidden=256, proj_dim=None, num_labels=5
2026-03-22 14:12:07,645 - cyberbully - INFO - Step 3: Creating datasets...
2026-03-22 14:12:07,667 - cyberbully - INFO - Dataset sizes — train: 1348, val: 338, test: 422
2026-03-22 14:12:07,667 - cyberbully - INFO - Step 4: Training...
2026-03-22 14:12:07,671 - cyberbully - INFO - Starting training...
2026-03-22 14:13:39,895 - cyberbully - INFO - Training complete.
2026-03-22 14:13:39,958 - cyberbully - INFO - Removed checkpoint: experiments/grid-search/all-distilroberta-v1/ieee/prep0_aug0/seed_37622020/checkpoint-215
2026-03-22 14:13:40,023 - cyberbully - INFO - Removed checkpoint: experiments/grid-search/all-distilroberta-v1/ieee/prep0_aug0/seed_37622020/checkpoint-387
2026-03-22 14:13:40,088 - cyberbully - INFO - Removed checkpoint: experiments/grid-search/all-distilroberta-v1/ieee/prep0_aug0/seed_37622020/checkpoint-86
2026-03-22 14:13:40,149 - cyberbully - INFO - Removed checkpoint: experiments/grid-search/all-distilroberta-v1/ieee/prep0_aug0/seed_37622020/checkpoint-129
2026-03-22 14:13:40,212 - cyberbully - INFO - Removed checkpoint: experiments/grid-search/all-distilroberta-v1/ieee/prep0_aug0/seed_37622020/checkpoint-344
2026-03-22 14:13:40,274 - cyberbully - INFO - Removed checkpoint: experiments/grid-search/all-distilroberta-v1/ieee/prep0_aug0/seed_37622020/checkpoint-258
2026-03-22 14:13:40,338 - cyberbully - INFO - Removed checkpoint: experiments/grid-search/all-distilroberta-v1/ieee/prep0_aug0/seed_37622020/checkpoint-43
2026-03-22 14:13:40,400 - cyberbully - INFO - Removed checkpoint: experiments/grid-search/all-distilroberta-v1/ieee/prep0_aug0/seed_37622020/checkpoint-301
2026-03-22 14:13:40,462 - cyberbully - INFO - Removed checkpoint: experiments/grid-search/all-distilroberta-v1/ieee/prep0_aug0/seed_37622020/checkpoint-172
2026-03-22 14:13:40,520 - cyberbully - INFO - Removed checkpoint: experiments/grid-search/all-distilroberta-v1/ieee/prep0_aug0/seed_37622020/checkpoint-430
2026-03-22 14:13:40,521 - cyberbully - INFO - Step 5: Evaluating on test set...
2026-03-22 14:13:45,847 - cyberbully - INFO - Metrics saved to experiments/grid-search/all-distilroberta-v1/ieee/prep0_aug0/seed_37622020/metrics.json
2026-03-22 14:13:45,847 - cyberbully - INFO - Confusion matrix saved to experiments/grid-search/all-distilroberta-v1/ieee/prep0_aug0/seed_37622020/confusion_matrix.json
2026-03-22 14:13:45,853 - cyberbully - INFO - Per-sample predictions saved to experiments/grid-search/all-distilroberta-v1/ieee/prep0_aug0/seed_37622020/predictions.json
2026-03-22 14:13:45,959 - cyberbully - INFO - Confusion matrix figure saved to experiments/grid-search/all-distilroberta-v1/ieee/prep0_aug0/seed_37622020/confusion_matrix.pdf
2026-03-22 14:13:45,959 - cyberbully - INFO - Accuracy: 0.8483
2026-03-22 14:13:45,959 - cyberbully - INFO - Weighted F1: 0.8494
2026-03-22 14:13:45,959 - cyberbully - INFO - Micro F1: 0.8483
2026-03-22 14:13:45,959 - cyberbully - INFO - Inference time: 0.11 seconds
2026-03-22 14:13:45,959 - cyberbully - INFO - Energy consumption: 0.000012 kWh
2026-03-22 14:13:45,959 - cyberbully - INFO - ============================================================
2026-03-22 14:13:45,959 - cyberbully - INFO - Pipeline complete. Results saved to: experiments/grid-search/all-distilroberta-v1/ieee/prep0_aug0/seed_37622020
2026-03-22 14:13:45,959 - cyberbully - INFO - ============================================================
