2026-05-20 07:47:23,162 - cyberbully - INFO - ============================================================
2026-05-20 07:47:23,162 - cyberbully - INFO - Cyberbullying Detection Pipeline
2026-05-20 07:47:23,162 - cyberbully - INFO - ============================================================
2026-05-20 07:47:23,162 - cyberbully - INFO - Configuration:
2026-05-20 07:47:23,162 - cyberbully - INFO -   model          : sarkerlab/SocBERT-base
2026-05-20 07:47:23,162 - cyberbully - INFO -   dataset        : tweeteval
2026-05-20 07:47:23,162 - cyberbully - INFO -   preprocess     : True
2026-05-20 07:47:23,162 - cyberbully - INFO -   augment        : False
2026-05-20 07:47:23,162 - cyberbully - INFO -   compute_attribution: False
2026-05-20 07:47:23,162 - cyberbully - INFO -   seed           : 43782163
2026-05-20 07:47:23,162 - cyberbully - INFO -   epochs         : 10
2026-05-20 07:47:23,162 - cyberbully - INFO -   batch_size     : 32
2026-05-20 07:47:23,162 - cyberbully - INFO -   lr             : 5e-05
2026-05-20 07:47:23,162 - cyberbully - INFO -   max_length     : 128
2026-05-20 07:47:23,163 - cyberbully - INFO -   output_dir     : grid-search
2026-05-20 07:47:23,163 - cyberbully - INFO -   data_dir       : dataset
2026-05-20 07:47:23,163 - cyberbully - INFO -   sbert          : False
2026-05-20 07:47:23,163 - cyberbully - INFO -   supcon         : False
2026-05-20 07:47:23,163 - cyberbully - INFO -   supcon_weight  : 0.1
2026-05-20 07:47:23,163 - cyberbully - INFO -   proj_dim       : 128
2026-05-20 07:47:23,163 - cyberbully - INFO -   grad_accum_steps: 1
2026-05-20 07:47:23,163 - cyberbully - INFO -   overwrite      : True
2026-05-20 07:47:23,163 - cyberbully - INFO -   device         : cuda
2026-05-20 07:47:23,163 - cyberbully - INFO -   output_dir     : experiments/grid-search/sarkerlab_SocBERT-base/tweeteval/prep1_aug0/seed_43782163
2026-05-20 07:47:23,163 - cyberbully - INFO - ============================================================
2026-05-20 07:47:23,163 - cyberbully - INFO - Step 1: Preparing data...
2026-05-20 07:47:23,210 - cyberbully - INFO - Loaded pre-split data from dataset/tweeteval — train: 32485, val: 8122, test: 10152
2026-05-20 07:47:23,211 - cyberbully - INFO - Label mapping: {'emotion': 0, 'hate': 1, 'offensive': 2, 'religion': 3, 'spiritual': 4}
2026-05-20 07:47:23,211 - cyberbully - INFO - Applying text preprocessing per split...
2026-05-20 07:47:28,714 - cyberbully - INFO - After preprocessing -- train: 32485, val: 8122, test: 10152
2026-05-20 07:47:28,718 - cyberbully - INFO - Number of classes: 5
2026-05-20 07:47:28,720 - cyberbully - INFO - Step 2: Loading model and tokenizer...
2026-05-20 07:47:28,720 - cyberbully - INFO - Loading model 'sarkerlab/SocBERT-base' with 5 labels (sbert=False, supcon=False)
2026-05-20 07:47:30,327 - cyberbully - INFO - Step 3: Creating datasets...
2026-05-20 07:47:31,077 - cyberbully - INFO - Dataset sizes — train: 32485, val: 8122, test: 10152
2026-05-20 07:47:31,077 - cyberbully - INFO - Step 4: Training...
2026-05-20 07:47:31,315 - cyberbully - INFO - Starting training...
2026-05-20 08:02:19,938 - cyberbully - INFO - Training complete.
2026-05-20 08:02:20,019 - cyberbully - INFO - Removed checkpoint: experiments/grid-search/sarkerlab_SocBERT-base/tweeteval/prep1_aug0/seed_43782163/checkpoint-3048
2026-05-20 08:02:20,101 - cyberbully - INFO - Removed checkpoint: experiments/grid-search/sarkerlab_SocBERT-base/tweeteval/prep1_aug0/seed_43782163/checkpoint-7112
2026-05-20 08:02:20,182 - cyberbully - INFO - Removed checkpoint: experiments/grid-search/sarkerlab_SocBERT-base/tweeteval/prep1_aug0/seed_43782163/checkpoint-9144
2026-05-20 08:02:20,266 - cyberbully - INFO - Removed checkpoint: experiments/grid-search/sarkerlab_SocBERT-base/tweeteval/prep1_aug0/seed_43782163/checkpoint-1016
2026-05-20 08:02:20,348 - cyberbully - INFO - Removed checkpoint: experiments/grid-search/sarkerlab_SocBERT-base/tweeteval/prep1_aug0/seed_43782163/checkpoint-2032
2026-05-20 08:02:20,446 - cyberbully - INFO - Removed checkpoint: experiments/grid-search/sarkerlab_SocBERT-base/tweeteval/prep1_aug0/seed_43782163/checkpoint-10160
2026-05-20 08:02:20,527 - cyberbully - INFO - Removed checkpoint: experiments/grid-search/sarkerlab_SocBERT-base/tweeteval/prep1_aug0/seed_43782163/checkpoint-6096
2026-05-20 08:02:20,609 - cyberbully - INFO - Removed checkpoint: experiments/grid-search/sarkerlab_SocBERT-base/tweeteval/prep1_aug0/seed_43782163/checkpoint-5080
2026-05-20 08:02:20,690 - cyberbully - INFO - Removed checkpoint: experiments/grid-search/sarkerlab_SocBERT-base/tweeteval/prep1_aug0/seed_43782163/checkpoint-8128
2026-05-20 08:02:20,771 - cyberbully - INFO - Removed checkpoint: experiments/grid-search/sarkerlab_SocBERT-base/tweeteval/prep1_aug0/seed_43782163/checkpoint-4064
2026-05-20 08:02:20,771 - cyberbully - INFO - Step 5: Evaluating on test set...
2026-05-20 08:02:33,122 - cyberbully - INFO - Metrics saved to experiments/grid-search/sarkerlab_SocBERT-base/tweeteval/prep1_aug0/seed_43782163/metrics.json
2026-05-20 08:02:33,122 - cyberbully - INFO - Confusion matrix saved to experiments/grid-search/sarkerlab_SocBERT-base/tweeteval/prep1_aug0/seed_43782163/confusion_matrix.json
2026-05-20 08:02:33,224 - cyberbully - INFO - Per-sample predictions saved to experiments/grid-search/sarkerlab_SocBERT-base/tweeteval/prep1_aug0/seed_43782163/predictions.json
2026-05-20 08:02:33,326 - cyberbully - INFO - Confusion matrix figure saved to experiments/grid-search/sarkerlab_SocBERT-base/tweeteval/prep1_aug0/seed_43782163/confusion_matrix.pdf
2026-05-20 08:02:33,326 - cyberbully - INFO - Accuracy: 0.9390
2026-05-20 08:02:33,326 - cyberbully - INFO - Weighted F1: 0.9388
2026-05-20 08:02:33,326 - cyberbully - INFO - Micro F1: 0.9390
2026-05-20 08:02:33,326 - cyberbully - INFO - Inference time: 6.22 seconds
2026-05-20 08:02:33,326 - cyberbully - INFO - Energy consumption: 0.000381 kWh
2026-05-20 08:02:33,329 - cyberbully - INFO - ============================================================
2026-05-20 08:02:33,329 - cyberbully - INFO - Pipeline complete. Results saved to: experiments/grid-search/sarkerlab_SocBERT-base/tweeteval/prep1_aug0/seed_43782163
2026-05-20 08:02:33,329 - cyberbully - INFO - ============================================================
