2026-04-11 16:13:25,047 - cyberbully - INFO - ============================================================
2026-04-11 16:13:25,047 - cyberbully - INFO - Cyberbullying Detection Pipeline
2026-04-11 16:13:25,048 - cyberbully - INFO - ============================================================
2026-04-11 16:13:25,048 - cyberbully - INFO - Configuration:
2026-04-11 16:13:25,048 - cyberbully - INFO -   model          : answerdotai/ModernBERT-base
2026-04-11 16:13:25,048 - cyberbully - INFO -   dataset        : kaggle
2026-04-11 16:13:25,048 - cyberbully - INFO -   preprocess     : True
2026-04-11 16:13:25,048 - cyberbully - INFO -   augment        : False
2026-04-11 16:13:25,048 - cyberbully - INFO -   compute_attribution: False
2026-04-11 16:13:25,048 - cyberbully - INFO -   seed           : 99511865
2026-04-11 16:13:25,048 - cyberbully - INFO -   epochs         : 10
2026-04-11 16:13:25,048 - cyberbully - INFO -   batch_size     : 32
2026-04-11 16:13:25,048 - cyberbully - INFO -   lr             : 5e-05
2026-04-11 16:13:25,048 - cyberbully - INFO -   max_length     : 128
2026-04-11 16:13:25,048 - cyberbully - INFO -   output_dir     : grid-search
2026-04-11 16:13:25,048 - cyberbully - INFO -   data_dir       : dataset
2026-04-11 16:13:25,048 - cyberbully - INFO -   sbert          : False
2026-04-11 16:13:25,048 - cyberbully - INFO -   supcon         : False
2026-04-11 16:13:25,048 - cyberbully - INFO -   supcon_weight  : 0.1
2026-04-11 16:13:25,048 - cyberbully - INFO -   proj_dim       : 128
2026-04-11 16:13:25,048 - cyberbully - INFO -   grad_accum_steps: 1
2026-04-11 16:13:25,048 - cyberbully - INFO -   overwrite      : False
2026-04-11 16:13:25,048 - cyberbully - INFO -   device         : cuda
2026-04-11 16:13:25,048 - cyberbully - INFO -   output_dir     : experiments/grid-search/answerdotai_ModernBERT-base/kaggle/prep1_aug0/seed_99511865
2026-04-11 16:13:25,048 - cyberbully - INFO - ============================================================
2026-04-11 16:13:25,048 - cyberbully - INFO - Step 1: Preparing data...
2026-04-11 16:13:25,093 - cyberbully - INFO - Loaded pre-split data from dataset/kaggle — train: 25604, val: 6401, test: 8002
2026-04-11 16:13:25,094 - cyberbully - INFO - Label mapping: {'age': 0, 'ethnicity': 1, 'gender': 2, 'other_cyberbullying': 3, 'religion': 4}
2026-04-11 16:13:25,094 - cyberbully - INFO - Applying text preprocessing per split...
2026-04-11 16:14:12,840 - cyberbully - INFO - After preprocessing — train: 23561, val: 5985, test: 7418
2026-04-11 16:14:12,852 - cyberbully - INFO - Number of classes: 5
2026-04-11 16:14:12,853 - cyberbully - INFO - Step 2: Loading model and tokenizer...
2026-04-11 16:14:12,853 - cyberbully - INFO - Loading model 'answerdotai/ModernBERT-base' with 5 labels (sbert=False, supcon=False)
2026-04-11 16:14:14,499 - cyberbully - INFO - Step 3: Creating datasets...
2026-04-11 16:14:15,359 - cyberbully - INFO - Dataset sizes — train: 23561, val: 5985, test: 7418
2026-04-11 16:14:15,360 - cyberbully - INFO - Step 4: Training...
2026-04-11 16:14:15,570 - cyberbully - INFO - Starting training...
2026-04-11 16:29:17,919 - cyberbully - INFO - Training complete.
2026-04-11 16:29:18,005 - cyberbully - INFO - Removed checkpoint: experiments/grid-search/answerdotai_ModernBERT-base/kaggle/prep1_aug0/seed_99511865/checkpoint-1474
2026-04-11 16:29:18,091 - cyberbully - INFO - Removed checkpoint: experiments/grid-search/answerdotai_ModernBERT-base/kaggle/prep1_aug0/seed_99511865/checkpoint-2211
2026-04-11 16:29:18,174 - cyberbully - INFO - Removed checkpoint: experiments/grid-search/answerdotai_ModernBERT-base/kaggle/prep1_aug0/seed_99511865/checkpoint-6633
2026-04-11 16:29:18,257 - cyberbully - INFO - Removed checkpoint: experiments/grid-search/answerdotai_ModernBERT-base/kaggle/prep1_aug0/seed_99511865/checkpoint-4422
2026-04-11 16:29:18,341 - cyberbully - INFO - Removed checkpoint: experiments/grid-search/answerdotai_ModernBERT-base/kaggle/prep1_aug0/seed_99511865/checkpoint-5896
2026-04-11 16:29:18,440 - cyberbully - INFO - Removed checkpoint: experiments/grid-search/answerdotai_ModernBERT-base/kaggle/prep1_aug0/seed_99511865/checkpoint-7370
2026-04-11 16:29:18,525 - cyberbully - INFO - Removed checkpoint: experiments/grid-search/answerdotai_ModernBERT-base/kaggle/prep1_aug0/seed_99511865/checkpoint-2948
2026-04-11 16:29:18,609 - cyberbully - INFO - Removed checkpoint: experiments/grid-search/answerdotai_ModernBERT-base/kaggle/prep1_aug0/seed_99511865/checkpoint-5159
2026-04-11 16:29:18,698 - cyberbully - INFO - Removed checkpoint: experiments/grid-search/answerdotai_ModernBERT-base/kaggle/prep1_aug0/seed_99511865/checkpoint-737
2026-04-11 16:29:18,784 - cyberbully - INFO - Removed checkpoint: experiments/grid-search/answerdotai_ModernBERT-base/kaggle/prep1_aug0/seed_99511865/checkpoint-3685
2026-04-11 16:29:18,784 - cyberbully - INFO - Step 5: Evaluating on test set...
2026-04-11 16:29:30,637 - cyberbully - INFO - Metrics saved to experiments/grid-search/answerdotai_ModernBERT-base/kaggle/prep1_aug0/seed_99511865/metrics.json
2026-04-11 16:29:30,637 - cyberbully - INFO - Confusion matrix saved to experiments/grid-search/answerdotai_ModernBERT-base/kaggle/prep1_aug0/seed_99511865/confusion_matrix.json
2026-04-11 16:29:30,709 - cyberbully - INFO - Per-sample predictions saved to experiments/grid-search/answerdotai_ModernBERT-base/kaggle/prep1_aug0/seed_99511865/predictions.json
2026-04-11 16:29:30,810 - cyberbully - INFO - Confusion matrix figure saved to experiments/grid-search/answerdotai_ModernBERT-base/kaggle/prep1_aug0/seed_99511865/confusion_matrix.pdf
2026-04-11 16:29:30,810 - cyberbully - INFO - Accuracy: 0.9509
2026-04-11 16:29:30,811 - cyberbully - INFO - Weighted F1: 0.9511
2026-04-11 16:29:30,811 - cyberbully - INFO - Micro F1: 0.9509
2026-04-11 16:29:30,811 - cyberbully - INFO - Inference time: 7.24 seconds
2026-04-11 16:29:30,811 - cyberbully - INFO - Energy consumption: 0.000458 kWh
2026-04-11 16:29:30,812 - cyberbully - INFO - ============================================================
2026-04-11 16:29:30,812 - cyberbully - INFO - Pipeline complete. Results saved to: experiments/grid-search/answerdotai_ModernBERT-base/kaggle/prep1_aug0/seed_99511865
2026-04-11 16:29:30,812 - cyberbully - INFO - ============================================================
