2026-03-22 23:55:48,228 - cyberbully - INFO - Model 'all-distilroberta-v1' detected as SBERT-based. Using SBERTClassifier pipeline.
2026-03-22 23:55:48,228 - cyberbully - INFO - ============================================================
2026-03-22 23:55:48,228 - cyberbully - INFO - Cyberbullying Detection Pipeline
2026-03-22 23:55:48,228 - cyberbully - INFO - ============================================================
2026-03-22 23:55:48,228 - cyberbully - INFO - Configuration:
2026-03-22 23:55:48,228 - cyberbully - INFO -   model          : all-distilroberta-v1
2026-03-22 23:55:48,228 - cyberbully - INFO -   dataset        : tweeteval
2026-03-22 23:55:48,228 - cyberbully - INFO -   preprocess     : True
2026-03-22 23:55:48,228 - cyberbully - INFO -   augment        : False
2026-03-22 23:55:48,228 - cyberbully - INFO -   compute_attribution: False
2026-03-22 23:55:48,228 - cyberbully - INFO -   seed           : 87212562
2026-03-22 23:55:48,228 - cyberbully - INFO -   epochs         : 10
2026-03-22 23:55:48,228 - cyberbully - INFO -   batch_size     : 32
2026-03-22 23:55:48,228 - cyberbully - INFO -   lr             : 5e-05
2026-03-22 23:55:48,228 - cyberbully - INFO -   max_length     : 128
2026-03-22 23:55:48,228 - cyberbully - INFO -   output_dir     : grid-search
2026-03-22 23:55:48,228 - cyberbully - INFO -   data_dir       : dataset
2026-03-22 23:55:48,228 - cyberbully - INFO -   sbert          : True
2026-03-22 23:55:48,229 - cyberbully - INFO -   supcon         : False
2026-03-22 23:55:48,229 - cyberbully - INFO -   supcon_weight  : 0.1
2026-03-22 23:55:48,229 - cyberbully - INFO -   proj_dim       : 128
2026-03-22 23:55:48,229 - cyberbully - INFO -   grad_accum_steps: 1
2026-03-22 23:55:48,229 - cyberbully - INFO -   overwrite      : False
2026-03-22 23:55:48,229 - cyberbully - INFO -   device         : cuda
2026-03-22 23:55:48,229 - cyberbully - INFO -   output_dir     : experiments/grid-search/all-distilroberta-v1/tweeteval/prep1_aug0/seed_87212562
2026-03-22 23:55:48,229 - cyberbully - INFO - ============================================================
2026-03-22 23:55:48,229 - cyberbully - INFO - Step 1: Preparing data...
2026-03-22 23:55:48,278 - cyberbully - INFO - Loaded pre-split data from dataset/tweeteval — train: 32485, val: 8122, test: 10152
2026-03-22 23:55:48,278 - cyberbully - INFO - Label mapping: {'emotion': 0, 'hate': 1, 'offensive': 2, 'religion': 3, 'spiritual': 4}
2026-03-22 23:55:48,278 - cyberbully - INFO - Applying text preprocessing per split...
2026-03-22 23:56:45,599 - cyberbully - INFO - After preprocessing — train: 30357, val: 7615, test: 9467
2026-03-22 23:56:45,610 - cyberbully - INFO - Number of classes: 5
2026-03-22 23:56:45,612 - cyberbully - INFO - Step 2: Loading model and tokenizer...
2026-03-22 23:56:45,612 - cyberbully - INFO - Loading model 'all-distilroberta-v1' with 5 labels (sbert=True, supcon=False)
2026-03-22 23:56:49,083 - cyberbully - INFO - SBERTClassifier: embedding_dim=768, hidden=256, proj_dim=None, num_labels=5
2026-03-22 23:56:49,412 - cyberbully - INFO - Step 3: Creating datasets...
2026-03-22 23:56:50,106 - cyberbully - INFO - Dataset sizes — train: 30357, val: 7615, test: 9467
2026-03-22 23:56:50,106 - cyberbully - INFO - Step 4: Training...
2026-03-22 23:56:50,109 - cyberbully - INFO - Starting training...
2026-03-23 00:03:30,586 - cyberbully - INFO - Training complete.
2026-03-23 00:03:30,645 - cyberbully - INFO - Removed checkpoint: experiments/grid-search/all-distilroberta-v1/tweeteval/prep1_aug0/seed_87212562/checkpoint-4745
2026-03-23 00:03:30,701 - cyberbully - INFO - Removed checkpoint: experiments/grid-search/all-distilroberta-v1/tweeteval/prep1_aug0/seed_87212562/checkpoint-9490
2026-03-23 00:03:30,759 - cyberbully - INFO - Removed checkpoint: experiments/grid-search/all-distilroberta-v1/tweeteval/prep1_aug0/seed_87212562/checkpoint-7592
2026-03-23 00:03:30,816 - cyberbully - INFO - Removed checkpoint: experiments/grid-search/all-distilroberta-v1/tweeteval/prep1_aug0/seed_87212562/checkpoint-6643
2026-03-23 00:03:30,876 - cyberbully - INFO - Removed checkpoint: experiments/grid-search/all-distilroberta-v1/tweeteval/prep1_aug0/seed_87212562/checkpoint-3796
2026-03-23 00:03:30,937 - cyberbully - INFO - Removed checkpoint: experiments/grid-search/all-distilroberta-v1/tweeteval/prep1_aug0/seed_87212562/checkpoint-2847
2026-03-23 00:03:30,999 - cyberbully - INFO - Removed checkpoint: experiments/grid-search/all-distilroberta-v1/tweeteval/prep1_aug0/seed_87212562/checkpoint-1898
2026-03-23 00:03:31,057 - cyberbully - INFO - Removed checkpoint: experiments/grid-search/all-distilroberta-v1/tweeteval/prep1_aug0/seed_87212562/checkpoint-5694
2026-03-23 00:03:31,115 - cyberbully - INFO - Removed checkpoint: experiments/grid-search/all-distilroberta-v1/tweeteval/prep1_aug0/seed_87212562/checkpoint-8541
2026-03-23 00:03:31,178 - cyberbully - INFO - Removed checkpoint: experiments/grid-search/all-distilroberta-v1/tweeteval/prep1_aug0/seed_87212562/checkpoint-949
2026-03-23 00:03:31,179 - cyberbully - INFO - Step 5: Evaluating on test set...
2026-03-23 00:03:38,149 - cyberbully - INFO - Metrics saved to experiments/grid-search/all-distilroberta-v1/tweeteval/prep1_aug0/seed_87212562/metrics.json
2026-03-23 00:03:38,149 - cyberbully - INFO - Confusion matrix saved to experiments/grid-search/all-distilroberta-v1/tweeteval/prep1_aug0/seed_87212562/confusion_matrix.json
2026-03-23 00:03:38,241 - cyberbully - INFO - Per-sample predictions saved to experiments/grid-search/all-distilroberta-v1/tweeteval/prep1_aug0/seed_87212562/predictions.json
2026-03-23 00:03:38,345 - cyberbully - INFO - Confusion matrix figure saved to experiments/grid-search/all-distilroberta-v1/tweeteval/prep1_aug0/seed_87212562/confusion_matrix.pdf
2026-03-23 00:03:38,345 - cyberbully - INFO - Accuracy: 0.9462
2026-03-23 00:03:38,345 - cyberbully - INFO - Weighted F1: 0.9462
2026-03-23 00:03:38,345 - cyberbully - INFO - Micro F1: 0.9462
2026-03-23 00:03:38,345 - cyberbully - INFO - Inference time: 2.21 seconds
2026-03-23 00:03:38,345 - cyberbully - INFO - Energy consumption: 0.000111 kWh
2026-03-23 00:03:38,346 - cyberbully - INFO - ============================================================
2026-03-23 00:03:38,346 - cyberbully - INFO - Pipeline complete. Results saved to: experiments/grid-search/all-distilroberta-v1/tweeteval/prep1_aug0/seed_87212562
2026-03-23 00:03:38,346 - cyberbully - INFO - ============================================================
