2026-04-17 15:47:55,744 - cyberbully - INFO - ============================================================
2026-04-17 15:47:55,744 - cyberbully - INFO - Cyberbullying Detection Pipeline
2026-04-17 15:47:55,744 - cyberbully - INFO - ============================================================
2026-04-17 15:47:55,744 - cyberbully - INFO - Configuration:
2026-04-17 15:47:55,744 - cyberbully - INFO -   model          : distilbert-base-uncased
2026-04-17 15:47:55,744 - cyberbully - INFO -   dataset        : ieee
2026-04-17 15:47:55,744 - cyberbully - INFO -   preprocess     : True
2026-04-17 15:47:55,744 - cyberbully - INFO -   augment        : True
2026-04-17 15:47:55,744 - cyberbully - INFO -   compute_attribution: False
2026-04-17 15:47:55,744 - cyberbully - INFO -   seed           : 90995999
2026-04-17 15:47:55,744 - cyberbully - INFO -   epochs         : 10
2026-04-17 15:47:55,744 - cyberbully - INFO -   batch_size     : 32
2026-04-17 15:47:55,744 - cyberbully - INFO -   lr             : 5e-05
2026-04-17 15:47:55,744 - cyberbully - INFO -   max_length     : 128
2026-04-17 15:47:55,744 - cyberbully - INFO -   output_dir     : grid-search
2026-04-17 15:47:55,744 - cyberbully - INFO -   data_dir       : dataset
2026-04-17 15:47:55,744 - cyberbully - INFO -   sbert          : False
2026-04-17 15:47:55,744 - cyberbully - INFO -   supcon         : False
2026-04-17 15:47:55,744 - cyberbully - INFO -   supcon_weight  : 0.1
2026-04-17 15:47:55,744 - cyberbully - INFO -   proj_dim       : 128
2026-04-17 15:47:55,744 - cyberbully - INFO -   grad_accum_steps: 1
2026-04-17 15:47:55,744 - cyberbully - INFO -   overwrite      : True
2026-04-17 15:47:55,744 - cyberbully - INFO -   device         : cuda
2026-04-17 15:47:55,744 - cyberbully - INFO -   output_dir     : experiments/grid-search/distilbert-base-uncased/ieee/prep1_aug1/seed_90995999
2026-04-17 15:47:55,744 - cyberbully - INFO - ============================================================
2026-04-17 15:47:55,744 - cyberbully - INFO - Step 1: Preparing data...
2026-04-17 15:47:55,748 - cyberbully - INFO - Loaded pre-split data from dataset/ieee — train: 1348, val: 338, test: 422
2026-04-17 15:47:55,748 - cyberbully - INFO - Label mapping: {'Cyberstalking': 0, 'Doxing': 1, 'Revenge Porn': 2, 'Sexual Harassment': 3, 'Slut Shaming': 4}
2026-04-17 15:47:55,748 - cyberbully - INFO - Applying text preprocessing per split...
2026-04-17 15:47:58,821 - cyberbully - INFO - After preprocessing — train: 1175, val: 303, test: 378
2026-04-17 15:47:58,822 - cyberbully - INFO - Applying training data augmentation (oversampling)...
2026-04-17 15:47:58,823 - cyberbully - INFO - After oversampling — class distribution: {0: 287, 1: 287, 2: 287, 3: 287, 4: 287}
2026-04-17 15:47:58,824 - cyberbully - INFO - Number of classes: 5
2026-04-17 15:47:58,825 - cyberbully - INFO - Step 2: Loading model and tokenizer...
2026-04-17 15:47:58,825 - cyberbully - INFO - Loading model 'distilbert-base-uncased' with 5 labels (sbert=False, supcon=False)
2026-04-17 15:47:59,679 - cyberbully - INFO - Step 3: Creating datasets...
2026-04-17 15:47:59,697 - cyberbully - INFO - Dataset sizes — train: 1435, val: 303, test: 378
2026-04-17 15:47:59,697 - cyberbully - INFO - Step 4: Training...
2026-04-17 15:47:59,814 - cyberbully - INFO - Starting training...
2026-04-17 15:48:44,652 - cyberbully - INFO - Training complete.
2026-04-17 15:48:44,707 - cyberbully - INFO - Removed checkpoint: experiments/grid-search/distilbert-base-uncased/ieee/prep1_aug1/seed_90995999/checkpoint-405
2026-04-17 15:48:44,771 - cyberbully - INFO - Removed checkpoint: experiments/grid-search/distilbert-base-uncased/ieee/prep1_aug1/seed_90995999/checkpoint-90
2026-04-17 15:48:44,824 - cyberbully - INFO - Removed checkpoint: experiments/grid-search/distilbert-base-uncased/ieee/prep1_aug1/seed_90995999/checkpoint-225
2026-04-17 15:48:44,878 - cyberbully - INFO - Removed checkpoint: experiments/grid-search/distilbert-base-uncased/ieee/prep1_aug1/seed_90995999/checkpoint-180
2026-04-17 15:48:44,932 - cyberbully - INFO - Removed checkpoint: experiments/grid-search/distilbert-base-uncased/ieee/prep1_aug1/seed_90995999/checkpoint-315
2026-04-17 15:48:44,987 - cyberbully - INFO - Removed checkpoint: experiments/grid-search/distilbert-base-uncased/ieee/prep1_aug1/seed_90995999/checkpoint-360
2026-04-17 15:48:45,045 - cyberbully - INFO - Removed checkpoint: experiments/grid-search/distilbert-base-uncased/ieee/prep1_aug1/seed_90995999/checkpoint-45
2026-04-17 15:48:45,224 - cyberbully - INFO - Removed checkpoint: experiments/grid-search/distilbert-base-uncased/ieee/prep1_aug1/seed_90995999/checkpoint-270
2026-04-17 15:48:45,276 - cyberbully - INFO - Removed checkpoint: experiments/grid-search/distilbert-base-uncased/ieee/prep1_aug1/seed_90995999/checkpoint-135
2026-04-17 15:48:45,332 - cyberbully - INFO - Removed checkpoint: experiments/grid-search/distilbert-base-uncased/ieee/prep1_aug1/seed_90995999/checkpoint-450
2026-04-17 15:48:45,332 - cyberbully - INFO - Step 5: Evaluating on test set...
2026-04-17 15:48:49,955 - cyberbully - INFO - Metrics saved to experiments/grid-search/distilbert-base-uncased/ieee/prep1_aug1/seed_90995999/metrics.json
2026-04-17 15:48:49,955 - cyberbully - INFO - Confusion matrix saved to experiments/grid-search/distilbert-base-uncased/ieee/prep1_aug1/seed_90995999/confusion_matrix.json
2026-04-17 15:48:49,959 - cyberbully - INFO - Per-sample predictions saved to experiments/grid-search/distilbert-base-uncased/ieee/prep1_aug1/seed_90995999/predictions.json
2026-04-17 15:48:50,065 - cyberbully - INFO - Confusion matrix figure saved to experiments/grid-search/distilbert-base-uncased/ieee/prep1_aug1/seed_90995999/confusion_matrix.pdf
2026-04-17 15:48:50,065 - cyberbully - INFO - Accuracy: 0.7937
2026-04-17 15:48:50,065 - cyberbully - INFO - Weighted F1: 0.7955
2026-04-17 15:48:50,065 - cyberbully - INFO - Micro F1: 0.7937
2026-04-17 15:48:50,065 - cyberbully - INFO - Inference time: 0.10 seconds
2026-04-17 15:48:50,065 - cyberbully - INFO - Energy consumption: 0.000001 kWh
2026-04-17 15:48:50,066 - cyberbully - INFO - ============================================================
2026-04-17 15:48:50,066 - cyberbully - INFO - Pipeline complete. Results saved to: experiments/grid-search/distilbert-base-uncased/ieee/prep1_aug1/seed_90995999
2026-04-17 15:48:50,066 - cyberbully - INFO - ============================================================
