2026-04-16 13:30:13,234 - cyberbully - INFO - ============================================================
2026-04-16 13:30:13,234 - cyberbully - INFO - Cyberbullying Detection Pipeline
2026-04-16 13:30:13,234 - cyberbully - INFO - ============================================================
2026-04-16 13:30:13,234 - cyberbully - INFO - Configuration:
2026-04-16 13:30:13,234 - cyberbully - INFO -   model          : distilbert-base-uncased
2026-04-16 13:30:13,234 - cyberbully - INFO -   dataset        : tweeteval
2026-04-16 13:30:13,234 - cyberbully - INFO -   preprocess     : False
2026-04-16 13:30:13,234 - cyberbully - INFO -   augment        : False
2026-04-16 13:30:13,234 - cyberbully - INFO -   compute_attribution: False
2026-04-16 13:30:13,234 - cyberbully - INFO -   seed           : 87212562
2026-04-16 13:30:13,234 - cyberbully - INFO -   epochs         : 10
2026-04-16 13:30:13,234 - cyberbully - INFO -   batch_size     : 32
2026-04-16 13:30:13,234 - cyberbully - INFO -   lr             : 5e-05
2026-04-16 13:30:13,234 - cyberbully - INFO -   max_length     : 128
2026-04-16 13:30:13,234 - cyberbully - INFO -   output_dir     : grid-search
2026-04-16 13:30:13,234 - cyberbully - INFO -   data_dir       : dataset
2026-04-16 13:30:13,234 - cyberbully - INFO -   sbert          : False
2026-04-16 13:30:13,234 - cyberbully - INFO -   supcon         : False
2026-04-16 13:30:13,234 - cyberbully - INFO -   supcon_weight  : 0.1
2026-04-16 13:30:13,234 - cyberbully - INFO -   proj_dim       : 128
2026-04-16 13:30:13,234 - cyberbully - INFO -   grad_accum_steps: 1
2026-04-16 13:30:13,234 - cyberbully - INFO -   overwrite      : False
2026-04-16 13:30:13,234 - cyberbully - INFO -   device         : cuda
2026-04-16 13:30:13,234 - cyberbully - INFO -   output_dir     : experiments/grid-search/distilbert-base-uncased/tweeteval/prep0_aug0/seed_87212562
2026-04-16 13:30:13,234 - cyberbully - INFO - ============================================================
2026-04-16 13:30:13,234 - cyberbully - INFO - Step 1: Preparing data...
2026-04-16 13:30:13,286 - cyberbully - INFO - Loaded pre-split data from dataset/tweeteval — train: 32485, val: 8122, test: 10152
2026-04-16 13:30:13,286 - cyberbully - INFO - Label mapping: {'emotion': 0, 'hate': 1, 'offensive': 2, 'religion': 3, 'spiritual': 4}
2026-04-16 13:30:13,298 - cyberbully - INFO - Number of classes: 5
2026-04-16 13:30:13,299 - cyberbully - INFO - Step 2: Loading model and tokenizer...
2026-04-16 13:30:13,300 - cyberbully - INFO - Loading model 'distilbert-base-uncased' with 5 labels (sbert=False, supcon=False)
2026-04-16 13:30:14,130 - cyberbully - INFO - Step 3: Creating datasets...
2026-04-16 13:30:14,808 - cyberbully - INFO - Dataset sizes — train: 32485, val: 8122, test: 10152
2026-04-16 13:30:14,808 - cyberbully - INFO - Step 4: Training...
2026-04-16 13:30:14,918 - cyberbully - INFO - Starting training...
2026-04-16 13:37:18,662 - cyberbully - INFO - Training complete.
2026-04-16 13:37:18,713 - cyberbully - INFO - Removed checkpoint: experiments/grid-search/distilbert-base-uncased/tweeteval/prep0_aug0/seed_87212562/checkpoint-2032
2026-04-16 13:37:18,761 - cyberbully - INFO - Removed checkpoint: experiments/grid-search/distilbert-base-uncased/tweeteval/prep0_aug0/seed_87212562/checkpoint-6096
2026-04-16 13:37:18,809 - cyberbully - INFO - Removed checkpoint: experiments/grid-search/distilbert-base-uncased/tweeteval/prep0_aug0/seed_87212562/checkpoint-3048
2026-04-16 13:37:18,856 - cyberbully - INFO - Removed checkpoint: experiments/grid-search/distilbert-base-uncased/tweeteval/prep0_aug0/seed_87212562/checkpoint-9144
2026-04-16 13:37:18,904 - cyberbully - INFO - Removed checkpoint: experiments/grid-search/distilbert-base-uncased/tweeteval/prep0_aug0/seed_87212562/checkpoint-5080
2026-04-16 13:37:18,952 - cyberbully - INFO - Removed checkpoint: experiments/grid-search/distilbert-base-uncased/tweeteval/prep0_aug0/seed_87212562/checkpoint-8128
2026-04-16 13:37:18,999 - cyberbully - INFO - Removed checkpoint: experiments/grid-search/distilbert-base-uncased/tweeteval/prep0_aug0/seed_87212562/checkpoint-4064
2026-04-16 13:37:19,051 - cyberbully - INFO - Removed checkpoint: experiments/grid-search/distilbert-base-uncased/tweeteval/prep0_aug0/seed_87212562/checkpoint-1016
2026-04-16 13:37:19,098 - cyberbully - INFO - Removed checkpoint: experiments/grid-search/distilbert-base-uncased/tweeteval/prep0_aug0/seed_87212562/checkpoint-7112
2026-04-16 13:37:19,154 - cyberbully - INFO - Removed checkpoint: experiments/grid-search/distilbert-base-uncased/tweeteval/prep0_aug0/seed_87212562/checkpoint-10160
2026-04-16 13:37:19,154 - cyberbully - INFO - Step 5: Evaluating on test set...
2026-04-16 13:37:26,239 - cyberbully - INFO - Metrics saved to experiments/grid-search/distilbert-base-uncased/tweeteval/prep0_aug0/seed_87212562/metrics.json
2026-04-16 13:37:26,239 - cyberbully - INFO - Confusion matrix saved to experiments/grid-search/distilbert-base-uncased/tweeteval/prep0_aug0/seed_87212562/confusion_matrix.json
2026-04-16 13:37:26,341 - cyberbully - INFO - Per-sample predictions saved to experiments/grid-search/distilbert-base-uncased/tweeteval/prep0_aug0/seed_87212562/predictions.json
2026-04-16 13:37:26,448 - cyberbully - INFO - Confusion matrix figure saved to experiments/grid-search/distilbert-base-uncased/tweeteval/prep0_aug0/seed_87212562/confusion_matrix.pdf
2026-04-16 13:37:26,448 - cyberbully - INFO - Accuracy: 0.9700
2026-04-16 13:37:26,448 - cyberbully - INFO - Weighted F1: 0.9699
2026-04-16 13:37:26,448 - cyberbully - INFO - Micro F1: 0.9700
2026-04-16 13:37:26,448 - cyberbully - INFO - Inference time: 2.53 seconds
2026-04-16 13:37:26,448 - cyberbully - INFO - Energy consumption: 0.000144 kWh
2026-04-16 13:37:26,449 - cyberbully - INFO - ============================================================
2026-04-16 13:37:26,449 - cyberbully - INFO - Pipeline complete. Results saved to: experiments/grid-search/distilbert-base-uncased/tweeteval/prep0_aug0/seed_87212562
2026-04-16 13:37:26,449 - cyberbully - INFO - ============================================================
