2026-02-10 15:48:40,699 - cyberbully - INFO - ============================================================
2026-02-10 15:48:40,699 - cyberbully - INFO - Cyberbullying Detection Pipeline
2026-02-10 15:48:40,699 - cyberbully - INFO - ============================================================
2026-02-10 15:48:40,699 - cyberbully - INFO - Configuration:
2026-02-10 15:48:40,700 - cyberbully - INFO -   model          : bert-base-uncased
2026-02-10 15:48:40,700 - cyberbully - INFO -   dataset        : ieee
2026-02-10 15:48:40,700 - cyberbully - INFO -   preprocess     : True
2026-02-10 15:48:40,700 - cyberbully - INFO -   augment        : True
2026-02-10 15:48:40,700 - cyberbully - INFO -   compute_attribution: False
2026-02-10 15:48:40,700 - cyberbully - INFO -   seed           : 52680723
2026-02-10 15:48:40,700 - cyberbully - INFO -   epochs         : 5
2026-02-10 15:48:40,700 - cyberbully - INFO -   batch_size     : 16
2026-02-10 15:48:40,700 - cyberbully - INFO -   lr             : 2e-05
2026-02-10 15:48:40,700 - cyberbully - INFO -   max_length     : 128
2026-02-10 15:48:40,700 - cyberbully - INFO -   output_dir     : experiments
2026-02-10 15:48:40,700 - cyberbully - INFO -   data_dir       : dataset
2026-02-10 15:48:40,700 - cyberbully - INFO -   overwrite      : False
2026-02-10 15:48:40,700 - cyberbully - INFO -   device         : cuda
2026-02-10 15:48:40,700 - cyberbully - INFO -   output_dir     : experiments/bert-base-uncased/ieee/prep1_aug1/seed_52680723
2026-02-10 15:48:40,700 - cyberbully - INFO - ============================================================
2026-02-10 15:48:40,700 - cyberbully - INFO - Step 1: Preparing data...
2026-02-10 15:48:40,700 - cyberbully - INFO - Loading dataset 'ieee' from dataset/IEEE Data Port.csv
2026-02-10 15:48:40,706 - cyberbully - INFO - Loaded 2108 samples with 5 classes: ['Cyberstalking', 'Doxing', 'Revenge Porn', 'Sexual Harassment', 'Slut Shaming']
2026-02-10 15:48:40,706 - cyberbully - INFO - Applying text preprocessing...
2026-02-10 15:48:43,800 - cyberbully - INFO - After preprocessing: 1813 samples remain
2026-02-10 15:48:43,801 - cyberbully - INFO - Label mapping: {'Cyberstalking': 0, 'Doxing': 1, 'Revenge Porn': 2, 'Sexual Harassment': 3, 'Slut Shaming': 4}
2026-02-10 15:48:43,803 - cyberbully - INFO - Split sizes — train: 1160, val: 290, test: 363
2026-02-10 15:48:43,803 - cyberbully - INFO - Applying training data augmentation (oversampling)...
2026-02-10 15:48:43,804 - cyberbully - INFO - After oversampling — class distribution: {0: 284, 1: 284, 2: 284, 3: 284, 4: 284}
2026-02-10 15:48:43,804 - cyberbully - INFO - Number of classes: 5
2026-02-10 15:48:43,804 - cyberbully - INFO - Step 2: Loading model and tokenizer...
2026-02-10 15:48:43,804 - cyberbully - INFO - Loading model 'bert-base-uncased' with 5 labels
2026-02-10 15:48:44,532 - cyberbully - INFO - Step 3: Tokenizing datasets...
2026-02-10 15:48:44,562 - cyberbully - INFO - Dataset sizes — train: 1420, val: 290, test: 363
2026-02-10 15:48:44,562 - cyberbully - INFO - Step 4: Training...
2026-02-10 15:48:44,778 - cyberbully - INFO - Starting training...
2026-02-10 15:49:12,750 - cyberbully - INFO - Training complete.
2026-02-10 15:49:12,750 - cyberbully - INFO - Step 5: Evaluating on test set...
2026-02-10 15:49:17,314 - cyberbully - INFO - Metrics saved to experiments/bert-base-uncased/ieee/prep1_aug1/seed_52680723/metrics.json
2026-02-10 15:49:17,314 - cyberbully - INFO - Confusion matrix saved to experiments/bert-base-uncased/ieee/prep1_aug1/seed_52680723/confusion_matrix.json
2026-02-10 15:49:17,415 - cyberbully - INFO - Confusion matrix figure saved to experiments/bert-base-uncased/ieee/prep1_aug1/seed_52680723/confusion_matrix.pdf
2026-02-10 15:49:17,415 - cyberbully - INFO - Accuracy: 0.8209
2026-02-10 15:49:17,415 - cyberbully - INFO - Weighted F1: 0.8200
2026-02-10 15:49:17,415 - cyberbully - INFO - Micro F1: 0.8209
2026-02-10 15:49:17,415 - cyberbully - INFO - Inference time: 0.27 seconds
2026-02-10 15:49:17,415 - cyberbully - INFO - Energy consumption: 0.000014 kWh
2026-02-10 15:49:17,415 - cyberbully - INFO - ============================================================
2026-02-10 15:49:17,415 - cyberbully - INFO - Pipeline complete. Results saved to: experiments/bert-base-uncased/ieee/prep1_aug1/seed_52680723
2026-02-10 15:49:17,415 - cyberbully - INFO - ============================================================
