2026-03-25 04:26:09,317 - cyberbully - INFO - ============================================================
2026-03-25 04:26:09,317 - cyberbully - INFO - Cyberbullying Detection Pipeline
2026-03-25 04:26:09,317 - cyberbully - INFO - ============================================================
2026-03-25 04:26:09,317 - cyberbully - INFO - Configuration:
2026-03-25 04:26:09,317 - cyberbully - INFO -   model          : xlnet-base-cased
2026-03-25 04:26:09,317 - cyberbully - INFO -   dataset        : kaggle
2026-03-25 04:26:09,317 - cyberbully - INFO -   preprocess     : True
2026-03-25 04:26:09,317 - cyberbully - INFO -   augment        : False
2026-03-25 04:26:09,317 - cyberbully - INFO -   compute_attribution: False
2026-03-25 04:26:09,317 - cyberbully - INFO -   seed           : 87212562
2026-03-25 04:26:09,317 - cyberbully - INFO -   epochs         : 10
2026-03-25 04:26:09,317 - cyberbully - INFO -   batch_size     : 32
2026-03-25 04:26:09,317 - cyberbully - INFO -   lr             : 5e-05
2026-03-25 04:26:09,317 - cyberbully - INFO -   max_length     : 128
2026-03-25 04:26:09,317 - cyberbully - INFO -   output_dir     : grid-search
2026-03-25 04:26:09,317 - cyberbully - INFO -   data_dir       : dataset
2026-03-25 04:26:09,317 - cyberbully - INFO -   sbert          : False
2026-03-25 04:26:09,318 - cyberbully - INFO -   supcon         : False
2026-03-25 04:26:09,318 - cyberbully - INFO -   supcon_weight  : 0.1
2026-03-25 04:26:09,318 - cyberbully - INFO -   proj_dim       : 128
2026-03-25 04:26:09,318 - cyberbully - INFO -   grad_accum_steps: 1
2026-03-25 04:26:09,318 - cyberbully - INFO -   overwrite      : False
2026-03-25 04:26:09,318 - cyberbully - INFO -   device         : cuda
2026-03-25 04:26:09,318 - cyberbully - INFO -   output_dir     : experiments/grid-search/xlnet-base-cased/kaggle/prep1_aug0/seed_87212562
2026-03-25 04:26:09,318 - cyberbully - INFO - ============================================================
2026-03-25 04:26:09,318 - cyberbully - INFO - Step 1: Preparing data...
2026-03-25 04:26:09,364 - cyberbully - INFO - Loaded pre-split data from dataset/kaggle — train: 25604, val: 6401, test: 8002
2026-03-25 04:26:09,364 - cyberbully - INFO - Label mapping: {'age': 0, 'ethnicity': 1, 'gender': 2, 'other_cyberbullying': 3, 'religion': 4}
2026-03-25 04:26:09,364 - cyberbully - INFO - Applying text preprocessing per split...
2026-03-25 04:26:53,752 - cyberbully - INFO - After preprocessing — train: 23552, val: 5978, test: 7412
2026-03-25 04:26:53,764 - cyberbully - INFO - Number of classes: 5
2026-03-25 04:26:53,765 - cyberbully - INFO - Step 2: Loading model and tokenizer...
2026-03-25 04:26:53,765 - cyberbully - INFO - Loading model 'xlnet-base-cased' with 5 labels (sbert=False, supcon=False)
2026-03-25 04:26:55,848 - cyberbully - INFO - Step 3: Creating datasets...
2026-03-25 04:26:56,527 - cyberbully - INFO - Dataset sizes — train: 23552, val: 5978, test: 7412
2026-03-25 04:26:56,527 - cyberbully - INFO - Step 4: Training...
2026-03-25 04:26:56,653 - cyberbully - INFO - Starting training...
2026-03-25 04:38:33,135 - cyberbully - INFO - Training complete.
2026-03-25 04:38:33,218 - cyberbully - INFO - Removed checkpoint: experiments/grid-search/xlnet-base-cased/kaggle/prep1_aug0/seed_87212562/checkpoint-3680
2026-03-25 04:38:33,301 - cyberbully - INFO - Removed checkpoint: experiments/grid-search/xlnet-base-cased/kaggle/prep1_aug0/seed_87212562/checkpoint-5152
2026-03-25 04:38:33,392 - cyberbully - INFO - Removed checkpoint: experiments/grid-search/xlnet-base-cased/kaggle/prep1_aug0/seed_87212562/checkpoint-736
2026-03-25 04:38:33,477 - cyberbully - INFO - Removed checkpoint: experiments/grid-search/xlnet-base-cased/kaggle/prep1_aug0/seed_87212562/checkpoint-2208
2026-03-25 04:38:33,560 - cyberbully - INFO - Removed checkpoint: experiments/grid-search/xlnet-base-cased/kaggle/prep1_aug0/seed_87212562/checkpoint-4416
2026-03-25 04:38:33,643 - cyberbully - INFO - Removed checkpoint: experiments/grid-search/xlnet-base-cased/kaggle/prep1_aug0/seed_87212562/checkpoint-5888
2026-03-25 04:38:33,728 - cyberbully - INFO - Removed checkpoint: experiments/grid-search/xlnet-base-cased/kaggle/prep1_aug0/seed_87212562/checkpoint-2944
2026-03-25 04:38:33,817 - cyberbully - INFO - Removed checkpoint: experiments/grid-search/xlnet-base-cased/kaggle/prep1_aug0/seed_87212562/checkpoint-1472
2026-03-25 04:38:33,900 - cyberbully - INFO - Removed checkpoint: experiments/grid-search/xlnet-base-cased/kaggle/prep1_aug0/seed_87212562/checkpoint-6624
2026-03-25 04:38:33,981 - cyberbully - INFO - Removed checkpoint: experiments/grid-search/xlnet-base-cased/kaggle/prep1_aug0/seed_87212562/checkpoint-7360
2026-03-25 04:38:33,981 - cyberbully - INFO - Step 5: Evaluating on test set...
2026-03-25 04:38:45,111 - cyberbully - INFO - Metrics saved to experiments/grid-search/xlnet-base-cased/kaggle/prep1_aug0/seed_87212562/metrics.json
2026-03-25 04:38:45,111 - cyberbully - INFO - Confusion matrix saved to experiments/grid-search/xlnet-base-cased/kaggle/prep1_aug0/seed_87212562/confusion_matrix.json
2026-03-25 04:38:45,183 - cyberbully - INFO - Per-sample predictions saved to experiments/grid-search/xlnet-base-cased/kaggle/prep1_aug0/seed_87212562/predictions.json
2026-03-25 04:38:45,288 - cyberbully - INFO - Confusion matrix figure saved to experiments/grid-search/xlnet-base-cased/kaggle/prep1_aug0/seed_87212562/confusion_matrix.pdf
2026-03-25 04:38:45,288 - cyberbully - INFO - Accuracy: 0.9498
2026-03-25 04:38:45,288 - cyberbully - INFO - Weighted F1: 0.9497
2026-03-25 04:38:45,288 - cyberbully - INFO - Micro F1: 0.9498
2026-03-25 04:38:45,288 - cyberbully - INFO - Inference time: 5.91 seconds
2026-03-25 04:38:45,288 - cyberbully - INFO - Energy consumption: 0.000306 kWh
2026-03-25 04:38:45,289 - cyberbully - INFO - ============================================================
2026-03-25 04:38:45,289 - cyberbully - INFO - Pipeline complete. Results saved to: experiments/grid-search/xlnet-base-cased/kaggle/prep1_aug0/seed_87212562
2026-03-25 04:38:45,289 - cyberbully - INFO - ============================================================
