2026-02-18 02:25:57,706 - cyberbully - INFO - ============================================================
2026-02-18 02:25:57,706 - cyberbully - INFO - Cyberbullying Detection Pipeline
2026-02-18 02:25:57,706 - cyberbully - INFO - ============================================================
2026-02-18 02:25:57,706 - cyberbully - INFO - Configuration:
2026-02-18 02:25:57,706 - cyberbully - INFO -   model          : bert-base-uncased
2026-02-18 02:25:57,706 - cyberbully - INFO -   dataset        : tweeteval
2026-02-18 02:25:57,706 - cyberbully - INFO -   preprocess     : True
2026-02-18 02:25:57,706 - cyberbully - INFO -   augment        : True
2026-02-18 02:25:57,706 - cyberbully - INFO -   compute_attribution: False
2026-02-18 02:25:57,706 - cyberbully - INFO -   seed           : 14298463
2026-02-18 02:25:57,706 - cyberbully - INFO -   epochs         : 5
2026-02-18 02:25:57,706 - cyberbully - INFO -   batch_size     : 16
2026-02-18 02:25:57,706 - cyberbully - INFO -   lr             : 2e-05
2026-02-18 02:25:57,706 - cyberbully - INFO -   max_length     : 128
2026-02-18 02:25:57,706 - cyberbully - INFO -   output_dir     : grid-search
2026-02-18 02:25:57,706 - cyberbully - INFO -   data_dir       : dataset
2026-02-18 02:25:57,706 - cyberbully - INFO -   sbert          : False
2026-02-18 02:25:57,706 - cyberbully - INFO -   overwrite      : False
2026-02-18 02:25:57,706 - cyberbully - INFO -   device         : cuda
2026-02-18 02:25:57,706 - cyberbully - INFO -   output_dir     : experiments/grid-search/bert-base-uncased/tweeteval/prep1_aug1/seed_14298463
2026-02-18 02:25:57,706 - cyberbully - INFO - ============================================================
2026-02-18 02:25:57,706 - cyberbully - INFO - Step 1: Preparing data...
2026-02-18 02:25:57,706 - cyberbully - INFO - Loading dataset 'tweeteval' from dataset/Tweeteval.csv
2026-02-18 02:25:57,780 - cyberbully - INFO - Loaded 50759 samples with 5 classes: ['emotion', 'hate', 'offensive', 'religion', 'spiritual']
2026-02-18 02:25:57,780 - cyberbully - INFO - Applying text preprocessing...
2026-02-18 02:26:55,527 - cyberbully - INFO - After preprocessing: 47382 samples remain
2026-02-18 02:26:55,530 - cyberbully - INFO - Label mapping: {'emotion': 0, 'hate': 1, 'offensive': 2, 'religion': 3, 'spiritual': 4}
2026-02-18 02:26:55,542 - cyberbully - INFO - Split sizes — train: 30324, val: 7581, test: 9477
2026-02-18 02:26:55,542 - cyberbully - INFO - Applying training data augmentation (oversampling)...
2026-02-18 02:26:55,549 - cyberbully - INFO - After oversampling — class distribution: {0: 7749, 1: 7749, 2: 7749, 3: 7749, 4: 7749}
2026-02-18 02:26:55,550 - cyberbully - INFO - Number of classes: 5
2026-02-18 02:26:55,551 - cyberbully - INFO - Step 2: Loading model and tokenizer...
2026-02-18 02:26:55,551 - cyberbully - INFO - Loading model 'bert-base-uncased' with 5 labels (sbert=False)
2026-02-18 02:26:56,200 - cyberbully - INFO - Step 3: Creating datasets...
2026-02-18 02:26:57,072 - cyberbully - INFO - Dataset sizes — train: 38745, val: 7581, test: 9477
2026-02-18 02:26:57,072 - cyberbully - INFO - Step 4: Training...
2026-02-18 02:26:57,192 - cyberbully - INFO - Starting training...
2026-02-18 02:35:51,295 - cyberbully - INFO - Training complete.
2026-02-18 02:35:51,295 - cyberbully - INFO - Step 5: Evaluating on test set...
2026-02-18 02:35:59,493 - cyberbully - INFO - Metrics saved to experiments/grid-search/bert-base-uncased/tweeteval/prep1_aug1/seed_14298463/metrics.json
2026-02-18 02:35:59,493 - cyberbully - INFO - Confusion matrix saved to experiments/grid-search/bert-base-uncased/tweeteval/prep1_aug1/seed_14298463/confusion_matrix.json
2026-02-18 02:35:59,598 - cyberbully - INFO - Confusion matrix figure saved to experiments/grid-search/bert-base-uncased/tweeteval/prep1_aug1/seed_14298463/confusion_matrix.pdf
2026-02-18 02:35:59,598 - cyberbully - INFO - Accuracy: 0.9459
2026-02-18 02:35:59,599 - cyberbully - INFO - Weighted F1: 0.9458
2026-02-18 02:35:59,599 - cyberbully - INFO - Micro F1: 0.9459
2026-02-18 02:35:59,599 - cyberbully - INFO - Inference time: 3.96 seconds
2026-02-18 02:35:59,599 - cyberbully - INFO - Energy consumption: 0.000226 kWh
2026-02-18 02:35:59,599 - cyberbully - INFO - ============================================================
2026-02-18 02:35:59,599 - cyberbully - INFO - Pipeline complete. Results saved to: experiments/grid-search/bert-base-uncased/tweeteval/prep1_aug1/seed_14298463
2026-02-18 02:35:59,599 - cyberbully - INFO - ============================================================
