2026-03-24 15:56:24,827 - cyberbully - INFO - Model 'all-mpnet-base-v2' detected as SBERT-based. Using SBERTClassifier pipeline.
2026-03-24 15:56:24,827 - cyberbully - INFO - ============================================================
2026-03-24 15:56:24,827 - cyberbully - INFO - Cyberbullying Detection Pipeline
2026-03-24 15:56:24,827 - cyberbully - INFO - ============================================================
2026-03-24 15:56:24,827 - cyberbully - INFO - Configuration:
2026-03-24 15:56:24,827 - cyberbully - INFO -   model          : all-mpnet-base-v2
2026-03-24 15:56:24,827 - cyberbully - INFO -   dataset        : kaggle
2026-03-24 15:56:24,827 - cyberbully - INFO -   preprocess     : False
2026-03-24 15:56:24,827 - cyberbully - INFO -   augment        : False
2026-03-24 15:56:24,827 - cyberbully - INFO -   compute_attribution: False
2026-03-24 15:56:24,827 - cyberbully - INFO -   seed           : 37622020
2026-03-24 15:56:24,827 - cyberbully - INFO -   epochs         : 10
2026-03-24 15:56:24,827 - cyberbully - INFO -   batch_size     : 32
2026-03-24 15:56:24,827 - cyberbully - INFO -   lr             : 5e-05
2026-03-24 15:56:24,827 - cyberbully - INFO -   max_length     : 128
2026-03-24 15:56:24,827 - cyberbully - INFO -   output_dir     : grid-search
2026-03-24 15:56:24,827 - cyberbully - INFO -   data_dir       : dataset
2026-03-24 15:56:24,827 - cyberbully - INFO -   sbert          : True
2026-03-24 15:56:24,827 - cyberbully - INFO -   supcon         : False
2026-03-24 15:56:24,827 - cyberbully - INFO -   supcon_weight  : 0.1
2026-03-24 15:56:24,827 - cyberbully - INFO -   proj_dim       : 128
2026-03-24 15:56:24,827 - cyberbully - INFO -   grad_accum_steps: 1
2026-03-24 15:56:24,827 - cyberbully - INFO -   overwrite      : False
2026-03-24 15:56:24,827 - cyberbully - INFO -   device         : cuda
2026-03-24 15:56:24,827 - cyberbully - INFO -   output_dir     : experiments/grid-search/all-mpnet-base-v2/kaggle/prep0_aug0/seed_37622020
2026-03-24 15:56:24,827 - cyberbully - INFO - ============================================================
2026-03-24 15:56:24,827 - cyberbully - INFO - Step 1: Preparing data...
2026-03-24 15:56:24,878 - cyberbully - INFO - Loaded pre-split data from dataset/kaggle — train: 25604, val: 6401, test: 8002
2026-03-24 15:56:24,878 - cyberbully - INFO - Label mapping: {'age': 0, 'ethnicity': 1, 'gender': 2, 'other_cyberbullying': 3, 'religion': 4}
2026-03-24 15:56:24,889 - cyberbully - INFO - Number of classes: 5
2026-03-24 15:56:24,891 - cyberbully - INFO - Step 2: Loading model and tokenizer...
2026-03-24 15:56:24,891 - cyberbully - INFO - Loading model 'all-mpnet-base-v2' with 5 labels (sbert=True, supcon=False)
2026-03-24 15:56:27,558 - cyberbully - INFO - SBERTClassifier: embedding_dim=768, hidden=256, proj_dim=None, num_labels=5
2026-03-24 15:56:27,855 - cyberbully - INFO - Step 3: Creating datasets...
2026-03-24 15:56:28,466 - cyberbully - INFO - Dataset sizes — train: 25604, val: 6401, test: 8002
2026-03-24 15:56:28,466 - cyberbully - INFO - Step 4: Training...
2026-03-24 15:56:28,514 - cyberbully - INFO - Starting training...
2026-03-24 16:09:22,111 - cyberbully - INFO - Training complete.
2026-03-24 16:09:22,175 - cyberbully - INFO - Removed checkpoint: experiments/grid-search/all-mpnet-base-v2/kaggle/prep0_aug0/seed_37622020/checkpoint-5607
2026-03-24 16:09:22,250 - cyberbully - INFO - Removed checkpoint: experiments/grid-search/all-mpnet-base-v2/kaggle/prep0_aug0/seed_37622020/checkpoint-8010
2026-03-24 16:09:22,312 - cyberbully - INFO - Removed checkpoint: experiments/grid-search/all-mpnet-base-v2/kaggle/prep0_aug0/seed_37622020/checkpoint-6408
2026-03-24 16:09:22,379 - cyberbully - INFO - Removed checkpoint: experiments/grid-search/all-mpnet-base-v2/kaggle/prep0_aug0/seed_37622020/checkpoint-1602
2026-03-24 16:09:22,443 - cyberbully - INFO - Removed checkpoint: experiments/grid-search/all-mpnet-base-v2/kaggle/prep0_aug0/seed_37622020/checkpoint-3204
2026-03-24 16:09:22,506 - cyberbully - INFO - Removed checkpoint: experiments/grid-search/all-mpnet-base-v2/kaggle/prep0_aug0/seed_37622020/checkpoint-7209
2026-03-24 16:09:22,570 - cyberbully - INFO - Removed checkpoint: experiments/grid-search/all-mpnet-base-v2/kaggle/prep0_aug0/seed_37622020/checkpoint-4005
2026-03-24 16:09:22,633 - cyberbully - INFO - Removed checkpoint: experiments/grid-search/all-mpnet-base-v2/kaggle/prep0_aug0/seed_37622020/checkpoint-4806
2026-03-24 16:09:22,702 - cyberbully - INFO - Removed checkpoint: experiments/grid-search/all-mpnet-base-v2/kaggle/prep0_aug0/seed_37622020/checkpoint-801
2026-03-24 16:09:22,767 - cyberbully - INFO - Removed checkpoint: experiments/grid-search/all-mpnet-base-v2/kaggle/prep0_aug0/seed_37622020/checkpoint-2403
2026-03-24 16:09:22,767 - cyberbully - INFO - Step 5: Evaluating on test set...
2026-03-24 16:09:33,292 - cyberbully - INFO - Metrics saved to experiments/grid-search/all-mpnet-base-v2/kaggle/prep0_aug0/seed_37622020/metrics.json
2026-03-24 16:09:33,293 - cyberbully - INFO - Confusion matrix saved to experiments/grid-search/all-mpnet-base-v2/kaggle/prep0_aug0/seed_37622020/confusion_matrix.json
2026-03-24 16:09:33,369 - cyberbully - INFO - Per-sample predictions saved to experiments/grid-search/all-mpnet-base-v2/kaggle/prep0_aug0/seed_37622020/predictions.json
2026-03-24 16:09:33,470 - cyberbully - INFO - Confusion matrix figure saved to experiments/grid-search/all-mpnet-base-v2/kaggle/prep0_aug0/seed_37622020/confusion_matrix.pdf
2026-03-24 16:09:33,470 - cyberbully - INFO - Accuracy: 0.9555
2026-03-24 16:09:33,470 - cyberbully - INFO - Weighted F1: 0.9558
2026-03-24 16:09:33,470 - cyberbully - INFO - Micro F1: 0.9555
2026-03-24 16:09:33,470 - cyberbully - INFO - Inference time: 6.23 seconds
2026-03-24 16:09:33,470 - cyberbully - INFO - Energy consumption: 0.000438 kWh
2026-03-24 16:09:33,472 - cyberbully - INFO - ============================================================
2026-03-24 16:09:33,472 - cyberbully - INFO - Pipeline complete. Results saved to: experiments/grid-search/all-mpnet-base-v2/kaggle/prep0_aug0/seed_37622020
2026-03-24 16:09:33,472 - cyberbully - INFO - ============================================================
