2026-03-27 01:29:40,582 - cyberbully - INFO - Model 'all-distilroberta-v1' detected as SBERT-based. Using SBERTClassifier pipeline.
2026-03-27 01:29:40,583 - cyberbully - INFO - ============================================================
2026-03-27 01:29:40,583 - cyberbully - INFO - Cyberbullying Detection Pipeline
2026-03-27 01:29:40,583 - cyberbully - INFO - ============================================================
2026-03-27 01:29:40,583 - cyberbully - INFO - Configuration:
2026-03-27 01:29:40,583 - cyberbully - INFO -   model          : all-distilroberta-v1
2026-03-27 01:29:40,583 - cyberbully - INFO -   dataset        : kaggle
2026-03-27 01:29:40,583 - cyberbully - INFO -   preprocess     : False
2026-03-27 01:29:40,583 - cyberbully - INFO -   augment        : False
2026-03-27 01:29:40,583 - cyberbully - INFO -   compute_attribution: False
2026-03-27 01:29:40,583 - cyberbully - INFO -   seed           : 70681460
2026-03-27 01:29:40,583 - cyberbully - INFO -   epochs         : 10
2026-03-27 01:29:40,583 - cyberbully - INFO -   batch_size     : 64
2026-03-27 01:29:40,583 - cyberbully - INFO -   lr             : 5e-05
2026-03-27 01:29:40,583 - cyberbully - INFO -   max_length     : 128
2026-03-27 01:29:40,583 - cyberbully - INFO -   output_dir     : supcon-grid
2026-03-27 01:29:40,583 - cyberbully - INFO -   data_dir       : dataset
2026-03-27 01:29:40,583 - cyberbully - INFO -   sbert          : True
2026-03-27 01:29:40,583 - cyberbully - INFO -   supcon         : False
2026-03-27 01:29:40,583 - cyberbully - INFO -   supcon_weight  : 0.1
2026-03-27 01:29:40,583 - cyberbully - INFO -   proj_dim       : 128
2026-03-27 01:29:40,583 - cyberbully - INFO -   grad_accum_steps: 1
2026-03-27 01:29:40,583 - cyberbully - INFO -   overwrite      : False
2026-03-27 01:29:40,583 - cyberbully - INFO -   device         : cuda
2026-03-27 01:29:40,583 - cyberbully - INFO -   output_dir     : experiments/supcon-grid/all-distilroberta-v1/kaggle/prep0_aug0/seed_70681460
2026-03-27 01:29:40,583 - cyberbully - INFO - ============================================================
2026-03-27 01:29:40,583 - cyberbully - INFO - Step 1: Preparing data...
2026-03-27 01:29:40,629 - cyberbully - INFO - Loaded pre-split data from dataset/kaggle — train: 25604, val: 6401, test: 8002
2026-03-27 01:29:40,629 - cyberbully - INFO - Label mapping: {'age': 0, 'ethnicity': 1, 'gender': 2, 'other_cyberbullying': 3, 'religion': 4}
2026-03-27 01:29:40,640 - cyberbully - INFO - Number of classes: 5
2026-03-27 01:29:40,641 - cyberbully - INFO - Step 2: Loading model and tokenizer...
2026-03-27 01:29:40,641 - cyberbully - INFO - Loading model 'all-distilroberta-v1' with 5 labels (sbert=True, supcon=False)
2026-03-27 01:29:43,992 - cyberbully - INFO - SBERTClassifier: embedding_dim=768, hidden=256, proj_dim=None, num_labels=5
2026-03-27 01:29:44,332 - cyberbully - INFO - Step 3: Creating datasets...
2026-03-27 01:29:44,953 - cyberbully - INFO - Dataset sizes — train: 25604, val: 6401, test: 8002
2026-03-27 01:29:44,953 - cyberbully - INFO - Step 4: Training...
2026-03-27 01:29:44,956 - cyberbully - INFO - Starting training...
2026-03-27 01:34:13,410 - cyberbully - INFO - Training complete.
2026-03-27 01:34:13,470 - cyberbully - INFO - Removed checkpoint: experiments/supcon-grid/all-distilroberta-v1/kaggle/prep0_aug0/seed_70681460/checkpoint-3208
2026-03-27 01:34:13,552 - cyberbully - INFO - Removed checkpoint: experiments/supcon-grid/all-distilroberta-v1/kaggle/prep0_aug0/seed_70681460/checkpoint-4010
2026-03-27 01:34:13,612 - cyberbully - INFO - Removed checkpoint: experiments/supcon-grid/all-distilroberta-v1/kaggle/prep0_aug0/seed_70681460/checkpoint-1203
2026-03-27 01:34:13,671 - cyberbully - INFO - Removed checkpoint: experiments/supcon-grid/all-distilroberta-v1/kaggle/prep0_aug0/seed_70681460/checkpoint-2005
2026-03-27 01:34:13,730 - cyberbully - INFO - Removed checkpoint: experiments/supcon-grid/all-distilroberta-v1/kaggle/prep0_aug0/seed_70681460/checkpoint-2807
2026-03-27 01:34:13,789 - cyberbully - INFO - Removed checkpoint: experiments/supcon-grid/all-distilroberta-v1/kaggle/prep0_aug0/seed_70681460/checkpoint-1604
2026-03-27 01:34:13,849 - cyberbully - INFO - Removed checkpoint: experiments/supcon-grid/all-distilroberta-v1/kaggle/prep0_aug0/seed_70681460/checkpoint-802
2026-03-27 01:34:13,908 - cyberbully - INFO - Removed checkpoint: experiments/supcon-grid/all-distilroberta-v1/kaggle/prep0_aug0/seed_70681460/checkpoint-2406
2026-03-27 01:34:13,971 - cyberbully - INFO - Removed checkpoint: experiments/supcon-grid/all-distilroberta-v1/kaggle/prep0_aug0/seed_70681460/checkpoint-401
2026-03-27 01:34:14,422 - cyberbully - INFO - Removed checkpoint: experiments/supcon-grid/all-distilroberta-v1/kaggle/prep0_aug0/seed_70681460/checkpoint-3609
2026-03-27 01:34:14,422 - cyberbully - INFO - Step 5: Evaluating on test set...
2026-03-27 01:34:20,442 - cyberbully - INFO - Metrics saved to experiments/supcon-grid/all-distilroberta-v1/kaggle/prep0_aug0/seed_70681460/metrics.json
2026-03-27 01:34:20,442 - cyberbully - INFO - Confusion matrix saved to experiments/supcon-grid/all-distilroberta-v1/kaggle/prep0_aug0/seed_70681460/confusion_matrix.json
2026-03-27 01:34:20,526 - cyberbully - INFO - Per-sample predictions saved to experiments/supcon-grid/all-distilroberta-v1/kaggle/prep0_aug0/seed_70681460/predictions.json
2026-03-27 01:34:20,629 - cyberbully - INFO - Confusion matrix figure saved to experiments/supcon-grid/all-distilroberta-v1/kaggle/prep0_aug0/seed_70681460/confusion_matrix.pdf
2026-03-27 01:34:20,629 - cyberbully - INFO - Accuracy: 0.9580
2026-03-27 01:34:20,629 - cyberbully - INFO - Weighted F1: 0.9581
2026-03-27 01:34:20,629 - cyberbully - INFO - Micro F1: 0.9580
2026-03-27 01:34:20,629 - cyberbully - INFO - Inference time: 1.81 seconds
2026-03-27 01:34:20,629 - cyberbully - INFO - Energy consumption: 0.000095 kWh
2026-03-27 01:34:20,631 - cyberbully - INFO - ============================================================
2026-03-27 01:34:20,631 - cyberbully - INFO - Pipeline complete. Results saved to: experiments/supcon-grid/all-distilroberta-v1/kaggle/prep0_aug0/seed_70681460
2026-03-27 01:34:20,631 - cyberbully - INFO - ============================================================
