2026-03-21 20:56:21,720 - cyberbully - INFO - ============================================================
2026-03-21 20:56:21,720 - cyberbully - INFO - Cyberbullying Detection Pipeline
2026-03-21 20:56:21,720 - cyberbully - INFO - ============================================================
2026-03-21 20:56:21,720 - cyberbully - INFO - Configuration:
2026-03-21 20:56:21,720 - cyberbully - INFO -   model          : distilbert-base-cased
2026-03-21 20:56:21,720 - cyberbully - INFO -   dataset        : tweeteval
2026-03-21 20:56:21,720 - cyberbully - INFO -   preprocess     : False
2026-03-21 20:56:21,720 - cyberbully - INFO -   augment        : False
2026-03-21 20:56:21,720 - cyberbully - INFO -   compute_attribution: False
2026-03-21 20:56:21,720 - cyberbully - INFO -   seed           : 14298463
2026-03-21 20:56:21,720 - cyberbully - INFO -   epochs         : 10
2026-03-21 20:56:21,720 - cyberbully - INFO -   batch_size     : 32
2026-03-21 20:56:21,720 - cyberbully - INFO -   lr             : 5e-05
2026-03-21 20:56:21,720 - cyberbully - INFO -   max_length     : 128
2026-03-21 20:56:21,720 - cyberbully - INFO -   output_dir     : grid-search
2026-03-21 20:56:21,720 - cyberbully - INFO -   data_dir       : dataset
2026-03-21 20:56:21,720 - cyberbully - INFO -   sbert          : False
2026-03-21 20:56:21,720 - cyberbully - INFO -   supcon         : False
2026-03-21 20:56:21,720 - cyberbully - INFO -   supcon_weight  : 0.1
2026-03-21 20:56:21,720 - cyberbully - INFO -   proj_dim       : 128
2026-03-21 20:56:21,720 - cyberbully - INFO -   grad_accum_steps: 1
2026-03-21 20:56:21,720 - cyberbully - INFO -   overwrite      : False
2026-03-21 20:56:21,720 - cyberbully - INFO -   device         : cuda
2026-03-21 20:56:21,720 - cyberbully - INFO -   output_dir     : experiments/grid-search/distilbert-base-cased/tweeteval/prep0_aug0/seed_14298463
2026-03-21 20:56:21,720 - cyberbully - INFO - ============================================================
2026-03-21 20:56:21,720 - cyberbully - INFO - Step 1: Preparing data...
2026-03-21 20:56:21,768 - cyberbully - INFO - Loaded pre-split data from dataset/tweeteval — train: 32485, val: 8122, test: 10152
2026-03-21 20:56:21,768 - cyberbully - INFO - Label mapping: {'emotion': 0, 'hate': 1, 'offensive': 2, 'religion': 3, 'spiritual': 4}
2026-03-21 20:56:21,780 - cyberbully - INFO - Number of classes: 5
2026-03-21 20:56:21,781 - cyberbully - INFO - Step 2: Loading model and tokenizer...
2026-03-21 20:56:21,781 - cyberbully - INFO - Loading model 'distilbert-base-cased' with 5 labels (sbert=False, supcon=False)
2026-03-21 20:56:22,491 - cyberbully - INFO - Step 3: Creating datasets...
2026-03-21 20:56:23,374 - cyberbully - INFO - Dataset sizes — train: 32485, val: 8122, test: 10152
2026-03-21 20:56:23,374 - cyberbully - INFO - Step 4: Training...
2026-03-21 20:56:23,575 - cyberbully - INFO - Starting training...
2026-03-21 21:04:43,924 - cyberbully - INFO - Training complete.
2026-03-21 21:04:43,962 - cyberbully - INFO - Removed checkpoint: experiments/grid-search/distilbert-base-cased/tweeteval/prep0_aug0/seed_14298463/checkpoint-3048
2026-03-21 21:04:44,000 - cyberbully - INFO - Removed checkpoint: experiments/grid-search/distilbert-base-cased/tweeteval/prep0_aug0/seed_14298463/checkpoint-7112
2026-03-21 21:04:44,037 - cyberbully - INFO - Removed checkpoint: experiments/grid-search/distilbert-base-cased/tweeteval/prep0_aug0/seed_14298463/checkpoint-9144
2026-03-21 21:04:44,077 - cyberbully - INFO - Removed checkpoint: experiments/grid-search/distilbert-base-cased/tweeteval/prep0_aug0/seed_14298463/checkpoint-1016
2026-03-21 21:04:44,116 - cyberbully - INFO - Removed checkpoint: experiments/grid-search/distilbert-base-cased/tweeteval/prep0_aug0/seed_14298463/checkpoint-2032
2026-03-21 21:04:44,160 - cyberbully - INFO - Removed checkpoint: experiments/grid-search/distilbert-base-cased/tweeteval/prep0_aug0/seed_14298463/checkpoint-10160
2026-03-21 21:04:44,198 - cyberbully - INFO - Removed checkpoint: experiments/grid-search/distilbert-base-cased/tweeteval/prep0_aug0/seed_14298463/checkpoint-6096
2026-03-21 21:04:44,237 - cyberbully - INFO - Removed checkpoint: experiments/grid-search/distilbert-base-cased/tweeteval/prep0_aug0/seed_14298463/checkpoint-5080
2026-03-21 21:04:44,275 - cyberbully - INFO - Removed checkpoint: experiments/grid-search/distilbert-base-cased/tweeteval/prep0_aug0/seed_14298463/checkpoint-8128
2026-03-21 21:04:44,313 - cyberbully - INFO - Removed checkpoint: experiments/grid-search/distilbert-base-cased/tweeteval/prep0_aug0/seed_14298463/checkpoint-4064
2026-03-21 21:04:44,313 - cyberbully - INFO - Step 5: Evaluating on test set...
2026-03-21 21:04:52,493 - cyberbully - INFO - Metrics saved to experiments/grid-search/distilbert-base-cased/tweeteval/prep0_aug0/seed_14298463/metrics.json
2026-03-21 21:04:52,493 - cyberbully - INFO - Confusion matrix saved to experiments/grid-search/distilbert-base-cased/tweeteval/prep0_aug0/seed_14298463/confusion_matrix.json
2026-03-21 21:04:52,589 - cyberbully - INFO - Per-sample predictions saved to experiments/grid-search/distilbert-base-cased/tweeteval/prep0_aug0/seed_14298463/predictions.json
2026-03-21 21:04:52,689 - cyberbully - INFO - Confusion matrix figure saved to experiments/grid-search/distilbert-base-cased/tweeteval/prep0_aug0/seed_14298463/confusion_matrix.pdf
2026-03-21 21:04:52,689 - cyberbully - INFO - Accuracy: 0.9698
2026-03-21 21:04:52,689 - cyberbully - INFO - Weighted F1: 0.9698
2026-03-21 21:04:52,689 - cyberbully - INFO - Micro F1: 0.9698
2026-03-21 21:04:52,689 - cyberbully - INFO - Inference time: 3.91 seconds
2026-03-21 21:04:52,689 - cyberbully - INFO - Energy consumption: 0.000248 kWh
2026-03-21 21:04:52,691 - cyberbully - INFO - ============================================================
2026-03-21 21:04:52,691 - cyberbully - INFO - Pipeline complete. Results saved to: experiments/grid-search/distilbert-base-cased/tweeteval/prep0_aug0/seed_14298463
2026-03-21 21:04:52,691 - cyberbully - INFO - ============================================================
