2026-02-20 11:08:48,585 - cyberbully - INFO - ============================================================
2026-02-20 11:08:48,585 - cyberbully - INFO - Cyberbullying Detection Pipeline
2026-02-20 11:08:48,585 - cyberbully - INFO - ============================================================
2026-02-20 11:08:48,585 - cyberbully - INFO - Configuration:
2026-02-20 11:08:48,585 - cyberbully - INFO -   model          : all-MiniLM-L12-v2
2026-02-20 11:08:48,585 - cyberbully - INFO -   dataset        : ieee
2026-02-20 11:08:48,585 - cyberbully - INFO -   preprocess     : False
2026-02-20 11:08:48,585 - cyberbully - INFO -   augment        : False
2026-02-20 11:08:48,585 - cyberbully - INFO -   compute_attribution: False
2026-02-20 11:08:48,585 - cyberbully - INFO -   seed           : 43782163
2026-02-20 11:08:48,585 - cyberbully - INFO -   epochs         : 5
2026-02-20 11:08:48,585 - cyberbully - INFO -   batch_size     : 16
2026-02-20 11:08:48,585 - cyberbully - INFO -   lr             : 2e-05
2026-02-20 11:08:48,585 - cyberbully - INFO -   max_length     : 128
2026-02-20 11:08:48,585 - cyberbully - INFO -   output_dir     : sbert-model
2026-02-20 11:08:48,585 - cyberbully - INFO -   data_dir       : dataset
2026-02-20 11:08:48,585 - cyberbully - INFO -   sbert          : True
2026-02-20 11:08:48,585 - cyberbully - INFO -   overwrite      : False
2026-02-20 11:08:48,585 - cyberbully - INFO -   device         : cuda
2026-02-20 11:08:48,585 - cyberbully - INFO -   output_dir     : experiments/sbert-model/all-MiniLM-L12-v2/ieee/prep0_aug0/seed_43782163
2026-02-20 11:08:48,585 - cyberbully - INFO - ============================================================
2026-02-20 11:08:48,585 - cyberbully - INFO - Step 1: Preparing data...
2026-02-20 11:08:48,585 - cyberbully - INFO - Loading dataset 'ieee' from dataset/IEEE Data Port.csv
2026-02-20 11:08:48,592 - cyberbully - INFO - Loaded 2108 samples with 5 classes: ['Cyberstalking', 'Doxing', 'Revenge Porn', 'Sexual Harassment', 'Slut Shaming']
2026-02-20 11:08:48,592 - cyberbully - INFO - Label mapping: {'Cyberstalking': 0, 'Doxing': 1, 'Revenge Porn': 2, 'Sexual Harassment': 3, 'Slut Shaming': 4}
2026-02-20 11:08:48,594 - cyberbully - INFO - Split sizes — train: 1348, val: 338, test: 422
2026-02-20 11:08:48,594 - cyberbully - INFO - Number of classes: 5
2026-02-20 11:08:48,596 - cyberbully - INFO - Step 2: Loading model and tokenizer...
2026-02-20 11:08:48,596 - cyberbully - INFO - Loading model 'all-MiniLM-L12-v2' with 5 labels (sbert=True)
2026-02-20 11:08:56,888 - cyberbully - INFO - SBERTClassifier: embedding_dim=384, hidden=256, num_labels=5
2026-02-20 11:08:57,180 - cyberbully - INFO - Step 3: Creating datasets...
2026-02-20 11:08:57,230 - cyberbully - INFO - Dataset sizes — train: 1348, val: 338, test: 422
2026-02-20 11:08:57,230 - cyberbully - INFO - Step 4: Training...
2026-02-20 11:08:57,278 - cyberbully - INFO - Starting training...
2026-02-20 11:09:09,473 - cyberbully - INFO - Training complete.
2026-02-20 11:09:09,473 - cyberbully - INFO - Step 5: Evaluating on test set...
2026-02-20 11:09:13,913 - cyberbully - INFO - Metrics saved to experiments/sbert-model/all-MiniLM-L12-v2/ieee/prep0_aug0/seed_43782163/metrics.json
2026-02-20 11:09:13,914 - cyberbully - INFO - Confusion matrix saved to experiments/sbert-model/all-MiniLM-L12-v2/ieee/prep0_aug0/seed_43782163/confusion_matrix.json
2026-02-20 11:09:14,014 - cyberbully - INFO - Confusion matrix figure saved to experiments/sbert-model/all-MiniLM-L12-v2/ieee/prep0_aug0/seed_43782163/confusion_matrix.pdf
2026-02-20 11:09:14,014 - cyberbully - INFO - Accuracy: 0.8341
2026-02-20 11:09:14,014 - cyberbully - INFO - Weighted F1: 0.8331
2026-02-20 11:09:14,014 - cyberbully - INFO - Micro F1: 0.8341
2026-02-20 11:09:14,014 - cyberbully - INFO - Inference time: 0.16 seconds
2026-02-20 11:09:14,014 - cyberbully - INFO - Energy consumption: 0.000005 kWh
2026-02-20 11:09:14,014 - cyberbully - INFO - ============================================================
2026-02-20 11:09:14,014 - cyberbully - INFO - Pipeline complete. Results saved to: experiments/sbert-model/all-MiniLM-L12-v2/ieee/prep0_aug0/seed_43782163
2026-02-20 11:09:14,014 - cyberbully - INFO - ============================================================
