2026-03-21 02:19:45,900 - cyberbully - INFO - ============================================================
2026-03-21 02:19:45,900 - cyberbully - INFO - Cyberbullying Detection Pipeline
2026-03-21 02:19:45,900 - cyberbully - INFO - ============================================================
2026-03-21 02:19:45,901 - cyberbully - INFO - Configuration:
2026-03-21 02:19:45,901 - cyberbully - INFO -   model          : GroNLP/hateBERT
2026-03-21 02:19:45,901 - cyberbully - INFO -   dataset        : tweeteval
2026-03-21 02:19:45,901 - cyberbully - INFO -   preprocess     : False
2026-03-21 02:19:45,901 - cyberbully - INFO -   augment        : False
2026-03-21 02:19:45,901 - cyberbully - INFO -   compute_attribution: False
2026-03-21 02:19:45,901 - cyberbully - INFO -   seed           : 67351593
2026-03-21 02:19:45,901 - cyberbully - INFO -   epochs         : 10
2026-03-21 02:19:45,901 - cyberbully - INFO -   batch_size     : 32
2026-03-21 02:19:45,901 - cyberbully - INFO -   lr             : 5e-05
2026-03-21 02:19:45,901 - cyberbully - INFO -   max_length     : 128
2026-03-21 02:19:45,901 - cyberbully - INFO -   output_dir     : grid-search
2026-03-21 02:19:45,901 - cyberbully - INFO -   data_dir       : dataset
2026-03-21 02:19:45,901 - cyberbully - INFO -   sbert          : False
2026-03-21 02:19:45,901 - cyberbully - INFO -   supcon         : False
2026-03-21 02:19:45,901 - cyberbully - INFO -   supcon_weight  : 0.1
2026-03-21 02:19:45,901 - cyberbully - INFO -   proj_dim       : 128
2026-03-21 02:19:45,901 - cyberbully - INFO -   grad_accum_steps: 1
2026-03-21 02:19:45,901 - cyberbully - INFO -   overwrite      : False
2026-03-21 02:19:45,901 - cyberbully - INFO -   device         : cuda
2026-03-21 02:19:45,901 - cyberbully - INFO -   output_dir     : experiments/grid-search/GroNLP_hateBERT/tweeteval/prep0_aug0/seed_67351593
2026-03-21 02:19:45,901 - cyberbully - INFO - ============================================================
2026-03-21 02:19:45,901 - cyberbully - INFO - Step 1: Preparing data...
2026-03-21 02:19:45,951 - cyberbully - INFO - Loaded pre-split data from dataset/tweeteval — train: 32485, val: 8122, test: 10152
2026-03-21 02:19:45,951 - cyberbully - INFO - Label mapping: {'emotion': 0, 'hate': 1, 'offensive': 2, 'religion': 3, 'spiritual': 4}
2026-03-21 02:19:45,962 - cyberbully - INFO - Number of classes: 5
2026-03-21 02:19:45,963 - cyberbully - INFO - Step 2: Loading model and tokenizer...
2026-03-21 02:19:45,963 - cyberbully - INFO - Loading model 'GroNLP/hateBERT' with 5 labels (sbert=False, supcon=False)
2026-03-21 02:19:46,692 - cyberbully - INFO - Step 3: Creating datasets...
2026-03-21 02:19:47,644 - cyberbully - INFO - Dataset sizes — train: 32485, val: 8122, test: 10152
2026-03-21 02:19:47,644 - cyberbully - INFO - Step 4: Training...
2026-03-21 02:19:47,759 - cyberbully - INFO - Starting training...
2026-03-21 02:31:23,039 - cyberbully - INFO - Training complete.
2026-03-21 02:31:23,123 - cyberbully - INFO - Removed checkpoint: experiments/grid-search/GroNLP_hateBERT/tweeteval/prep0_aug0/seed_67351593/checkpoint-2032
2026-03-21 02:31:23,201 - cyberbully - INFO - Removed checkpoint: experiments/grid-search/GroNLP_hateBERT/tweeteval/prep0_aug0/seed_67351593/checkpoint-6096
2026-03-21 02:31:23,283 - cyberbully - INFO - Removed checkpoint: experiments/grid-search/GroNLP_hateBERT/tweeteval/prep0_aug0/seed_67351593/checkpoint-3048
2026-03-21 02:31:23,361 - cyberbully - INFO - Removed checkpoint: experiments/grid-search/GroNLP_hateBERT/tweeteval/prep0_aug0/seed_67351593/checkpoint-9144
2026-03-21 02:31:23,441 - cyberbully - INFO - Removed checkpoint: experiments/grid-search/GroNLP_hateBERT/tweeteval/prep0_aug0/seed_67351593/checkpoint-5080
2026-03-21 02:31:23,518 - cyberbully - INFO - Removed checkpoint: experiments/grid-search/GroNLP_hateBERT/tweeteval/prep0_aug0/seed_67351593/checkpoint-8128
2026-03-21 02:31:23,598 - cyberbully - INFO - Removed checkpoint: experiments/grid-search/GroNLP_hateBERT/tweeteval/prep0_aug0/seed_67351593/checkpoint-4064
2026-03-21 02:31:23,684 - cyberbully - INFO - Removed checkpoint: experiments/grid-search/GroNLP_hateBERT/tweeteval/prep0_aug0/seed_67351593/checkpoint-1016
2026-03-21 02:31:23,764 - cyberbully - INFO - Removed checkpoint: experiments/grid-search/GroNLP_hateBERT/tweeteval/prep0_aug0/seed_67351593/checkpoint-7112
2026-03-21 02:31:23,841 - cyberbully - INFO - Removed checkpoint: experiments/grid-search/GroNLP_hateBERT/tweeteval/prep0_aug0/seed_67351593/checkpoint-10160
2026-03-21 02:31:23,841 - cyberbully - INFO - Step 5: Evaluating on test set...
2026-03-21 02:31:33,428 - cyberbully - INFO - Metrics saved to experiments/grid-search/GroNLP_hateBERT/tweeteval/prep0_aug0/seed_67351593/metrics.json
2026-03-21 02:31:33,429 - cyberbully - INFO - Confusion matrix saved to experiments/grid-search/GroNLP_hateBERT/tweeteval/prep0_aug0/seed_67351593/confusion_matrix.json
2026-03-21 02:31:33,533 - cyberbully - INFO - Per-sample predictions saved to experiments/grid-search/GroNLP_hateBERT/tweeteval/prep0_aug0/seed_67351593/predictions.json
2026-03-21 02:31:33,637 - cyberbully - INFO - Confusion matrix figure saved to experiments/grid-search/GroNLP_hateBERT/tweeteval/prep0_aug0/seed_67351593/confusion_matrix.pdf
2026-03-21 02:31:33,638 - cyberbully - INFO - Accuracy: 0.9700
2026-03-21 02:31:33,638 - cyberbully - INFO - Weighted F1: 0.9700
2026-03-21 02:31:33,638 - cyberbully - INFO - Micro F1: 0.9700
2026-03-21 02:31:33,638 - cyberbully - INFO - Inference time: 4.32 seconds
2026-03-21 02:31:33,638 - cyberbully - INFO - Energy consumption: 0.000236 kWh
2026-03-21 02:31:33,640 - cyberbully - INFO - ============================================================
2026-03-21 02:31:33,640 - cyberbully - INFO - Pipeline complete. Results saved to: experiments/grid-search/GroNLP_hateBERT/tweeteval/prep0_aug0/seed_67351593
2026-03-21 02:31:33,640 - cyberbully - INFO - ============================================================
