2026-04-10 23:51:54,669 - cyberbully - INFO - ============================================================
2026-04-10 23:51:54,669 - cyberbully - INFO - Cyberbullying Detection Pipeline
2026-04-10 23:51:54,669 - cyberbully - INFO - ============================================================
2026-04-10 23:51:54,669 - cyberbully - INFO - Configuration:
2026-04-10 23:51:54,669 - cyberbully - INFO -   model          : chandar-lab/NeoBERT
2026-04-10 23:51:54,669 - cyberbully - INFO -   dataset        : kaggle
2026-04-10 23:51:54,669 - cyberbully - INFO -   preprocess     : False
2026-04-10 23:51:54,669 - cyberbully - INFO -   augment        : False
2026-04-10 23:51:54,669 - cyberbully - INFO -   compute_attribution: False
2026-04-10 23:51:54,669 - cyberbully - INFO -   seed           : 99511865
2026-04-10 23:51:54,669 - cyberbully - INFO -   epochs         : 10
2026-04-10 23:51:54,669 - cyberbully - INFO -   batch_size     : 32
2026-04-10 23:51:54,669 - cyberbully - INFO -   lr             : 5e-05
2026-04-10 23:51:54,669 - cyberbully - INFO -   max_length     : 128
2026-04-10 23:51:54,669 - cyberbully - INFO -   output_dir     : grid-search
2026-04-10 23:51:54,669 - cyberbully - INFO -   data_dir       : dataset
2026-04-10 23:51:54,669 - cyberbully - INFO -   sbert          : False
2026-04-10 23:51:54,669 - cyberbully - INFO -   supcon         : False
2026-04-10 23:51:54,669 - cyberbully - INFO -   supcon_weight  : 0.1
2026-04-10 23:51:54,669 - cyberbully - INFO -   proj_dim       : 128
2026-04-10 23:51:54,669 - cyberbully - INFO -   grad_accum_steps: 1
2026-04-10 23:51:54,669 - cyberbully - INFO -   overwrite      : False
2026-04-10 23:51:54,669 - cyberbully - INFO -   device         : cuda
2026-04-10 23:51:54,669 - cyberbully - INFO -   output_dir     : experiments/grid-search/chandar-lab_NeoBERT/kaggle/prep0_aug0/seed_99511865
2026-04-10 23:51:54,669 - cyberbully - INFO - ============================================================
2026-04-10 23:51:54,669 - cyberbully - INFO - Step 1: Preparing data...
2026-04-10 23:51:54,715 - cyberbully - INFO - Loaded pre-split data from dataset/kaggle — train: 25604, val: 6401, test: 8002
2026-04-10 23:51:54,715 - cyberbully - INFO - Label mapping: {'age': 0, 'ethnicity': 1, 'gender': 2, 'other_cyberbullying': 3, 'religion': 4}
2026-04-10 23:51:54,725 - cyberbully - INFO - Number of classes: 5
2026-04-10 23:51:54,726 - cyberbully - INFO - Step 2: Loading model and tokenizer...
2026-04-10 23:51:54,726 - cyberbully - INFO - Loading model 'chandar-lab/NeoBERT' with 5 labels (sbert=False, supcon=False)
2026-04-10 23:51:56,509 - cyberbully - INFO - Step 3: Creating datasets...
2026-04-10 23:51:57,098 - cyberbully - INFO - Dataset sizes — train: 25604, val: 6401, test: 8002
2026-04-10 23:51:57,098 - cyberbully - INFO - Step 4: Training...
2026-04-10 23:51:57,380 - cyberbully - INFO - Starting training...
2026-04-11 00:19:00,486 - cyberbully - INFO - Training complete.
2026-04-11 00:19:00,609 - cyberbully - INFO - Removed checkpoint: experiments/grid-search/chandar-lab_NeoBERT/kaggle/prep0_aug0/seed_99511865/checkpoint-5607
2026-04-11 00:19:00,754 - cyberbully - INFO - Removed checkpoint: experiments/grid-search/chandar-lab_NeoBERT/kaggle/prep0_aug0/seed_99511865/checkpoint-8010
2026-04-11 00:19:00,877 - cyberbully - INFO - Removed checkpoint: experiments/grid-search/chandar-lab_NeoBERT/kaggle/prep0_aug0/seed_99511865/checkpoint-6408
2026-04-11 00:19:01,003 - cyberbully - INFO - Removed checkpoint: experiments/grid-search/chandar-lab_NeoBERT/kaggle/prep0_aug0/seed_99511865/checkpoint-1602
2026-04-11 00:19:01,126 - cyberbully - INFO - Removed checkpoint: experiments/grid-search/chandar-lab_NeoBERT/kaggle/prep0_aug0/seed_99511865/checkpoint-3204
2026-04-11 00:19:01,248 - cyberbully - INFO - Removed checkpoint: experiments/grid-search/chandar-lab_NeoBERT/kaggle/prep0_aug0/seed_99511865/checkpoint-7209
2026-04-11 00:19:01,371 - cyberbully - INFO - Removed checkpoint: experiments/grid-search/chandar-lab_NeoBERT/kaggle/prep0_aug0/seed_99511865/checkpoint-4005
2026-04-11 00:19:01,493 - cyberbully - INFO - Removed checkpoint: experiments/grid-search/chandar-lab_NeoBERT/kaggle/prep0_aug0/seed_99511865/checkpoint-4806
2026-04-11 00:19:01,625 - cyberbully - INFO - Removed checkpoint: experiments/grid-search/chandar-lab_NeoBERT/kaggle/prep0_aug0/seed_99511865/checkpoint-801
2026-04-11 00:19:01,749 - cyberbully - INFO - Removed checkpoint: experiments/grid-search/chandar-lab_NeoBERT/kaggle/prep0_aug0/seed_99511865/checkpoint-2403
2026-04-11 00:19:01,749 - cyberbully - INFO - Step 5: Evaluating on test set...
2026-04-11 00:19:19,882 - cyberbully - INFO - Metrics saved to experiments/grid-search/chandar-lab_NeoBERT/kaggle/prep0_aug0/seed_99511865/metrics.json
2026-04-11 00:19:19,882 - cyberbully - INFO - Confusion matrix saved to experiments/grid-search/chandar-lab_NeoBERT/kaggle/prep0_aug0/seed_99511865/confusion_matrix.json
2026-04-11 00:19:19,967 - cyberbully - INFO - Per-sample predictions saved to experiments/grid-search/chandar-lab_NeoBERT/kaggle/prep0_aug0/seed_99511865/predictions.json
2026-04-11 00:19:20,071 - cyberbully - INFO - Confusion matrix figure saved to experiments/grid-search/chandar-lab_NeoBERT/kaggle/prep0_aug0/seed_99511865/confusion_matrix.pdf
2026-04-11 00:19:20,071 - cyberbully - INFO - Accuracy: 0.9555
2026-04-11 00:19:20,071 - cyberbully - INFO - Weighted F1: 0.9557
2026-04-11 00:19:20,072 - cyberbully - INFO - Micro F1: 0.9555
2026-04-11 00:19:20,072 - cyberbully - INFO - Inference time: 13.28 seconds
2026-04-11 00:19:20,072 - cyberbully - INFO - Energy consumption: 0.000830 kWh
2026-04-11 00:19:20,073 - cyberbully - INFO - ============================================================
2026-04-11 00:19:20,073 - cyberbully - INFO - Pipeline complete. Results saved to: experiments/grid-search/chandar-lab_NeoBERT/kaggle/prep0_aug0/seed_99511865
2026-04-11 00:19:20,073 - cyberbully - INFO - ============================================================
