2026-05-19 08:35:50,103 - cyberbully - INFO - ============================================================
2026-05-19 08:35:50,103 - cyberbully - INFO - Cyberbullying Detection Pipeline
2026-05-19 08:35:50,103 - cyberbully - INFO - ============================================================
2026-05-19 08:35:50,104 - cyberbully - INFO - Configuration:
2026-05-19 08:35:50,104 - cyberbully - INFO -   model          : chandar-lab/NeoBERT
2026-05-19 08:35:50,104 - cyberbully - INFO -   dataset        : kaggle
2026-05-19 08:35:50,104 - cyberbully - INFO -   preprocess     : True
2026-05-19 08:35:50,104 - cyberbully - INFO -   augment        : False
2026-05-19 08:35:50,104 - cyberbully - INFO -   compute_attribution: False
2026-05-19 08:35:50,104 - cyberbully - INFO -   seed           : 70681460
2026-05-19 08:35:50,104 - cyberbully - INFO -   epochs         : 10
2026-05-19 08:35:50,104 - cyberbully - INFO -   batch_size     : 32
2026-05-19 08:35:50,104 - cyberbully - INFO -   lr             : 5e-05
2026-05-19 08:35:50,104 - cyberbully - INFO -   max_length     : 128
2026-05-19 08:35:50,104 - cyberbully - INFO -   output_dir     : verification
2026-05-19 08:35:50,104 - cyberbully - INFO -   data_dir       : dataset
2026-05-19 08:35:50,104 - cyberbully - INFO -   sbert          : False
2026-05-19 08:35:50,104 - cyberbully - INFO -   supcon         : False
2026-05-19 08:35:50,104 - cyberbully - INFO -   supcon_weight  : 0.1
2026-05-19 08:35:50,104 - cyberbully - INFO -   proj_dim       : 128
2026-05-19 08:35:50,104 - cyberbully - INFO -   grad_accum_steps: 1
2026-05-19 08:35:50,104 - cyberbully - INFO -   overwrite      : True
2026-05-19 08:35:50,104 - cyberbully - INFO -   device         : cuda
2026-05-19 08:35:50,104 - cyberbully - INFO -   output_dir     : experiments/verification/chandar-lab_NeoBERT/kaggle/prep1_aug0/seed_70681460
2026-05-19 08:35:50,104 - cyberbully - INFO - ============================================================
2026-05-19 08:35:50,104 - cyberbully - INFO - Step 1: Preparing data...
2026-05-19 08:35:50,149 - cyberbully - INFO - Loaded pre-split data from dataset/kaggle — train: 25604, val: 6401, test: 8002
2026-05-19 08:35:50,149 - cyberbully - INFO - Label mapping: {'age': 0, 'ethnicity': 1, 'gender': 2, 'other_cyberbullying': 3, 'religion': 4}
2026-05-19 08:35:50,150 - cyberbully - INFO - Applying text preprocessing per split...
2026-05-19 08:36:37,837 - cyberbully - INFO - After preprocessing -- train: 23528, val: 5965, test: 7399
2026-05-19 08:36:37,839 - cyberbully - INFO - Number of classes: 5
2026-05-19 08:36:37,840 - cyberbully - INFO - Step 2: Loading model and tokenizer...
2026-05-19 08:36:37,840 - cyberbully - INFO - Loading model 'chandar-lab/NeoBERT' with 5 labels (sbert=False, supcon=False)
2026-05-19 08:36:39,856 - cyberbully - INFO - Step 3: Creating datasets...
2026-05-19 08:36:40,467 - cyberbully - INFO - Dataset sizes — train: 23528, val: 5965, test: 7399
2026-05-19 08:36:40,467 - cyberbully - INFO - Step 4: Training...
2026-05-19 08:36:40,742 - cyberbully - INFO - Starting training...
2026-05-19 09:01:42,475 - cyberbully - INFO - Training complete.
2026-05-19 09:01:42,600 - cyberbully - INFO - Removed checkpoint: experiments/verification/chandar-lab_NeoBERT/kaggle/prep1_aug0/seed_70681460/checkpoint-3680
2026-05-19 09:01:42,726 - cyberbully - INFO - Removed checkpoint: experiments/verification/chandar-lab_NeoBERT/kaggle/prep1_aug0/seed_70681460/checkpoint-5152
2026-05-19 09:01:42,855 - cyberbully - INFO - Removed checkpoint: experiments/verification/chandar-lab_NeoBERT/kaggle/prep1_aug0/seed_70681460/checkpoint-1472
2026-05-19 09:01:42,980 - cyberbully - INFO - Removed checkpoint: experiments/verification/chandar-lab_NeoBERT/kaggle/prep1_aug0/seed_70681460/checkpoint-6624
2026-05-19 09:01:43,107 - cyberbully - INFO - Removed checkpoint: experiments/verification/chandar-lab_NeoBERT/kaggle/prep1_aug0/seed_70681460/checkpoint-2944
2026-05-19 09:01:43,236 - cyberbully - INFO - Removed checkpoint: experiments/verification/chandar-lab_NeoBERT/kaggle/prep1_aug0/seed_70681460/checkpoint-736
2026-05-19 09:01:43,387 - cyberbully - INFO - Removed checkpoint: experiments/verification/chandar-lab_NeoBERT/kaggle/prep1_aug0/seed_70681460/checkpoint-7360
2026-05-19 09:01:43,512 - cyberbully - INFO - Removed checkpoint: experiments/verification/chandar-lab_NeoBERT/kaggle/prep1_aug0/seed_70681460/checkpoint-5888
2026-05-19 09:01:43,638 - cyberbully - INFO - Removed checkpoint: experiments/verification/chandar-lab_NeoBERT/kaggle/prep1_aug0/seed_70681460/checkpoint-4416
2026-05-19 09:01:43,764 - cyberbully - INFO - Removed checkpoint: experiments/verification/chandar-lab_NeoBERT/kaggle/prep1_aug0/seed_70681460/checkpoint-2208
2026-05-19 09:01:43,764 - cyberbully - INFO - Step 5: Evaluating on test set...
2026-05-19 09:02:02,243 - cyberbully - INFO - Metrics saved to experiments/verification/chandar-lab_NeoBERT/kaggle/prep1_aug0/seed_70681460/metrics.json
2026-05-19 09:02:02,243 - cyberbully - INFO - Confusion matrix saved to experiments/verification/chandar-lab_NeoBERT/kaggle/prep1_aug0/seed_70681460/confusion_matrix.json
2026-05-19 09:02:02,319 - cyberbully - INFO - Per-sample predictions saved to experiments/verification/chandar-lab_NeoBERT/kaggle/prep1_aug0/seed_70681460/predictions.json
2026-05-19 09:02:02,422 - cyberbully - INFO - Confusion matrix figure saved to experiments/verification/chandar-lab_NeoBERT/kaggle/prep1_aug0/seed_70681460/confusion_matrix.pdf
2026-05-19 09:02:02,422 - cyberbully - INFO - Accuracy: 0.9524
2026-05-19 09:02:02,423 - cyberbully - INFO - Weighted F1: 0.9527
2026-05-19 09:02:02,423 - cyberbully - INFO - Micro F1: 0.9524
2026-05-19 09:02:02,423 - cyberbully - INFO - Inference time: 12.33 seconds
2026-05-19 09:02:02,423 - cyberbully - INFO - Energy consumption: 0.000714 kWh
2026-05-19 09:02:02,424 - cyberbully - INFO - ============================================================
2026-05-19 09:02:02,424 - cyberbully - INFO - Pipeline complete. Results saved to: experiments/verification/chandar-lab_NeoBERT/kaggle/prep1_aug0/seed_70681460
2026-05-19 09:02:02,424 - cyberbully - INFO - ============================================================
