2026-02-19 13:17:02,321 - cyberbully - INFO - ============================================================
2026-02-19 13:17:02,321 - cyberbully - INFO - Cyberbullying Detection Pipeline
2026-02-19 13:17:02,321 - cyberbully - INFO - ============================================================
2026-02-19 13:17:02,321 - cyberbully - INFO - Configuration:
2026-02-19 13:17:02,321 - cyberbully - INFO -   model          : xlnet-base-cased
2026-02-19 13:17:02,321 - cyberbully - INFO -   dataset        : tweeteval
2026-02-19 13:17:02,321 - cyberbully - INFO -   preprocess     : True
2026-02-19 13:17:02,321 - cyberbully - INFO -   augment        : False
2026-02-19 13:17:02,321 - cyberbully - INFO -   compute_attribution: False
2026-02-19 13:17:02,321 - cyberbully - INFO -   seed           : 43782163
2026-02-19 13:17:02,321 - cyberbully - INFO -   epochs         : 5
2026-02-19 13:17:02,321 - cyberbully - INFO -   batch_size     : 16
2026-02-19 13:17:02,321 - cyberbully - INFO -   lr             : 2e-05
2026-02-19 13:17:02,321 - cyberbully - INFO -   max_length     : 128
2026-02-19 13:17:02,321 - cyberbully - INFO -   output_dir     : grid-search
2026-02-19 13:17:02,321 - cyberbully - INFO -   data_dir       : dataset
2026-02-19 13:17:02,321 - cyberbully - INFO -   sbert          : False
2026-02-19 13:17:02,321 - cyberbully - INFO -   overwrite      : False
2026-02-19 13:17:02,321 - cyberbully - INFO -   device         : cuda
2026-02-19 13:17:02,321 - cyberbully - INFO -   output_dir     : experiments/grid-search/xlnet-base-cased/tweeteval/prep1_aug0/seed_43782163
2026-02-19 13:17:02,321 - cyberbully - INFO - ============================================================
2026-02-19 13:17:02,321 - cyberbully - INFO - Step 1: Preparing data...
2026-02-19 13:17:02,321 - cyberbully - INFO - Loading dataset 'tweeteval' from dataset/Tweeteval.csv
2026-02-19 13:17:02,396 - cyberbully - INFO - Loaded 50759 samples with 5 classes: ['emotion', 'hate', 'offensive', 'religion', 'spiritual']
2026-02-19 13:17:02,396 - cyberbully - INFO - Applying text preprocessing...
2026-02-19 13:17:59,571 - cyberbully - INFO - After preprocessing: 47374 samples remain
2026-02-19 13:17:59,573 - cyberbully - INFO - Label mapping: {'emotion': 0, 'hate': 1, 'offensive': 2, 'religion': 3, 'spiritual': 4}
2026-02-19 13:17:59,586 - cyberbully - INFO - Split sizes — train: 30319, val: 7580, test: 9475
2026-02-19 13:17:59,586 - cyberbully - INFO - Number of classes: 5
2026-02-19 13:17:59,587 - cyberbully - INFO - Step 2: Loading model and tokenizer...
2026-02-19 13:17:59,587 - cyberbully - INFO - Loading model 'xlnet-base-cased' with 5 labels (sbert=False)
2026-02-19 13:18:03,126 - cyberbully - INFO - Step 3: Creating datasets...
2026-02-19 13:18:03,939 - cyberbully - INFO - Dataset sizes — train: 30319, val: 7580, test: 9475
2026-02-19 13:18:03,940 - cyberbully - INFO - Step 4: Training...
2026-02-19 13:18:04,072 - cyberbully - INFO - Starting training...
2026-02-19 13:27:11,040 - cyberbully - INFO - Training complete.
2026-02-19 13:27:11,040 - cyberbully - INFO - Step 5: Evaluating on test set...
2026-02-19 13:27:23,474 - cyberbully - INFO - Metrics saved to experiments/grid-search/xlnet-base-cased/tweeteval/prep1_aug0/seed_43782163/metrics.json
2026-02-19 13:27:23,474 - cyberbully - INFO - Confusion matrix saved to experiments/grid-search/xlnet-base-cased/tweeteval/prep1_aug0/seed_43782163/confusion_matrix.json
2026-02-19 13:27:23,579 - cyberbully - INFO - Confusion matrix figure saved to experiments/grid-search/xlnet-base-cased/tweeteval/prep1_aug0/seed_43782163/confusion_matrix.pdf
2026-02-19 13:27:23,579 - cyberbully - INFO - Accuracy: 0.9421
2026-02-19 13:27:23,579 - cyberbully - INFO - Weighted F1: 0.9420
2026-02-19 13:27:23,579 - cyberbully - INFO - Micro F1: 0.9421
2026-02-19 13:27:23,579 - cyberbully - INFO - Inference time: 7.56 seconds
2026-02-19 13:27:23,579 - cyberbully - INFO - Energy consumption: 0.000432 kWh
2026-02-19 13:27:23,579 - cyberbully - INFO - ============================================================
2026-02-19 13:27:23,579 - cyberbully - INFO - Pipeline complete. Results saved to: experiments/grid-search/xlnet-base-cased/tweeteval/prep1_aug0/seed_43782163
2026-02-19 13:27:23,579 - cyberbully - INFO - ============================================================
