2026-02-18 13:01:22,458 - cyberbully - INFO - ============================================================
2026-02-18 13:01:22,458 - cyberbully - INFO - Cyberbullying Detection Pipeline
2026-02-18 13:01:22,458 - cyberbully - INFO - ============================================================
2026-02-18 13:01:22,458 - cyberbully - INFO - Configuration:
2026-02-18 13:01:22,458 - cyberbully - INFO -   model          : Twitter/twhin-bert-base
2026-02-18 13:01:22,458 - cyberbully - INFO -   dataset        : tweeteval
2026-02-18 13:01:22,458 - cyberbully - INFO -   preprocess     : True
2026-02-18 13:01:22,458 - cyberbully - INFO -   augment        : True
2026-02-18 13:01:22,458 - cyberbully - INFO -   compute_attribution: False
2026-02-18 13:01:22,458 - cyberbully - INFO -   seed           : 87212562
2026-02-18 13:01:22,458 - cyberbully - INFO -   epochs         : 5
2026-02-18 13:01:22,458 - cyberbully - INFO -   batch_size     : 16
2026-02-18 13:01:22,458 - cyberbully - INFO -   lr             : 2e-05
2026-02-18 13:01:22,458 - cyberbully - INFO -   max_length     : 128
2026-02-18 13:01:22,458 - cyberbully - INFO -   output_dir     : domain-model
2026-02-18 13:01:22,458 - cyberbully - INFO -   data_dir       : dataset
2026-02-18 13:01:22,458 - cyberbully - INFO -   sbert          : False
2026-02-18 13:01:22,458 - cyberbully - INFO -   overwrite      : False
2026-02-18 13:01:22,458 - cyberbully - INFO -   device         : cuda
2026-02-18 13:01:22,458 - cyberbully - INFO -   output_dir     : experiments/domain-model/Twitter_twhin-bert-base/tweeteval/prep1_aug1/seed_87212562
2026-02-18 13:01:22,458 - cyberbully - INFO - ============================================================
2026-02-18 13:01:22,458 - cyberbully - INFO - Step 1: Preparing data...
2026-02-18 13:01:22,459 - cyberbully - INFO - Loading dataset 'tweeteval' from dataset/Tweeteval.csv
2026-02-18 13:01:22,533 - cyberbully - INFO - Loaded 50759 samples with 5 classes: ['emotion', 'hate', 'offensive', 'religion', 'spiritual']
2026-02-18 13:01:22,533 - cyberbully - INFO - Applying text preprocessing...
2026-02-18 13:02:17,402 - cyberbully - INFO - After preprocessing: 47385 samples remain
2026-02-18 13:02:17,405 - cyberbully - INFO - Label mapping: {'emotion': 0, 'hate': 1, 'offensive': 2, 'religion': 3, 'spiritual': 4}
2026-02-18 13:02:17,418 - cyberbully - INFO - Split sizes — train: 30326, val: 7582, test: 9477
2026-02-18 13:02:17,418 - cyberbully - INFO - Applying training data augmentation (oversampling)...
2026-02-18 13:02:17,424 - cyberbully - INFO - After oversampling — class distribution: {0: 7752, 1: 7752, 2: 7752, 3: 7752, 4: 7752}
2026-02-18 13:02:17,425 - cyberbully - INFO - Number of classes: 5
2026-02-18 13:02:17,426 - cyberbully - INFO - Step 2: Loading model and tokenizer...
2026-02-18 13:02:17,426 - cyberbully - INFO - Loading model 'Twitter/twhin-bert-base' with 5 labels (sbert=False)
2026-02-18 13:02:19,135 - cyberbully - INFO - Step 3: Creating datasets...
2026-02-18 13:02:20,025 - cyberbully - INFO - Dataset sizes — train: 38760, val: 7582, test: 9477
2026-02-18 13:02:20,025 - cyberbully - INFO - Step 4: Training...
2026-02-18 13:02:20,360 - cyberbully - INFO - Starting training...
2026-02-18 13:19:41,084 - cyberbully - INFO - Training complete.
2026-02-18 13:19:41,085 - cyberbully - INFO - Step 5: Evaluating on test set...
2026-02-18 13:19:53,770 - cyberbully - INFO - Metrics saved to experiments/domain-model/Twitter_twhin-bert-base/tweeteval/prep1_aug1/seed_87212562/metrics.json
2026-02-18 13:19:53,770 - cyberbully - INFO - Confusion matrix saved to experiments/domain-model/Twitter_twhin-bert-base/tweeteval/prep1_aug1/seed_87212562/confusion_matrix.json
2026-02-18 13:19:53,871 - cyberbully - INFO - Confusion matrix figure saved to experiments/domain-model/Twitter_twhin-bert-base/tweeteval/prep1_aug1/seed_87212562/confusion_matrix.pdf
2026-02-18 13:19:53,871 - cyberbully - INFO - Accuracy: 0.9429
2026-02-18 13:19:53,871 - cyberbully - INFO - Weighted F1: 0.9427
2026-02-18 13:19:53,871 - cyberbully - INFO - Micro F1: 0.9429
2026-02-18 13:19:53,871 - cyberbully - INFO - Inference time: 7.70 seconds
2026-02-18 13:19:53,871 - cyberbully - INFO - Energy consumption: 0.000469 kWh
2026-02-18 13:19:53,871 - cyberbully - INFO - ============================================================
2026-02-18 13:19:53,871 - cyberbully - INFO - Pipeline complete. Results saved to: experiments/domain-model/Twitter_twhin-bert-base/tweeteval/prep1_aug1/seed_87212562
2026-02-18 13:19:53,871 - cyberbully - INFO - ============================================================
