2026-04-09 16:06:01,321 - cyberbully - INFO - ============================================================
2026-04-09 16:06:01,321 - cyberbully - INFO - Cyberbullying Detection Pipeline
2026-04-09 16:06:01,321 - cyberbully - INFO - ============================================================
2026-04-09 16:06:01,321 - cyberbully - INFO - Configuration:
2026-04-09 16:06:01,321 - cyberbully - INFO -   model          : chandar-lab/NeoBERT
2026-04-09 16:06:01,321 - cyberbully - INFO -   dataset        : ieee
2026-04-09 16:06:01,321 - cyberbully - INFO -   preprocess     : False
2026-04-09 16:06:01,321 - cyberbully - INFO -   augment        : True
2026-04-09 16:06:01,321 - cyberbully - INFO -   compute_attribution: False
2026-04-09 16:06:01,321 - cyberbully - INFO -   seed           : 43782163
2026-04-09 16:06:01,321 - cyberbully - INFO -   epochs         : 10
2026-04-09 16:06:01,321 - cyberbully - INFO -   batch_size     : 32
2026-04-09 16:06:01,321 - cyberbully - INFO -   lr             : 5e-05
2026-04-09 16:06:01,321 - cyberbully - INFO -   max_length     : 128
2026-04-09 16:06:01,321 - cyberbully - INFO -   output_dir     : grid-search
2026-04-09 16:06:01,321 - cyberbully - INFO -   data_dir       : dataset
2026-04-09 16:06:01,321 - cyberbully - INFO -   sbert          : False
2026-04-09 16:06:01,321 - cyberbully - INFO -   supcon         : False
2026-04-09 16:06:01,321 - cyberbully - INFO -   supcon_weight  : 0.1
2026-04-09 16:06:01,321 - cyberbully - INFO -   proj_dim       : 128
2026-04-09 16:06:01,321 - cyberbully - INFO -   grad_accum_steps: 1
2026-04-09 16:06:01,321 - cyberbully - INFO -   overwrite      : False
2026-04-09 16:06:01,321 - cyberbully - INFO -   device         : cuda
2026-04-09 16:06:01,321 - cyberbully - INFO -   output_dir     : experiments/grid-search/chandar-lab_NeoBERT/ieee/prep0_aug1/seed_43782163
2026-04-09 16:06:01,321 - cyberbully - INFO - ============================================================
2026-04-09 16:06:01,322 - cyberbully - INFO - Step 1: Preparing data...
2026-04-09 16:06:01,325 - cyberbully - INFO - Loaded pre-split data from dataset/ieee — train: 1348, val: 338, test: 422
2026-04-09 16:06:01,325 - cyberbully - INFO - Label mapping: {'Cyberstalking': 0, 'Doxing': 1, 'Revenge Porn': 2, 'Sexual Harassment': 3, 'Slut Shaming': 4}
2026-04-09 16:06:01,327 - cyberbully - INFO - Applying training data augmentation (oversampling)...
2026-04-09 16:06:01,328 - cyberbully - INFO - After oversampling — class distribution: {0: 316, 1: 316, 2: 316, 3: 316, 4: 316}
2026-04-09 16:06:01,329 - cyberbully - INFO - Number of classes: 5
2026-04-09 16:06:01,330 - cyberbully - INFO - Step 2: Loading model and tokenizer...
2026-04-09 16:06:01,330 - cyberbully - INFO - Loading model 'chandar-lab/NeoBERT' with 5 labels (sbert=False, supcon=False)
2026-04-09 16:06:03,181 - cyberbully - INFO - Step 3: Creating datasets...
2026-04-09 16:06:03,213 - cyberbully - INFO - Dataset sizes — train: 1580, val: 338, test: 422
2026-04-09 16:06:03,214 - cyberbully - INFO - Step 4: Training...
2026-04-09 16:06:03,482 - cyberbully - INFO - Starting training...
2026-04-09 16:08:58,899 - cyberbully - INFO - Training complete.
2026-04-09 16:08:59,034 - cyberbully - INFO - Removed checkpoint: experiments/grid-search/chandar-lab_NeoBERT/ieee/prep0_aug1/seed_43782163/checkpoint-400
2026-04-09 16:08:59,161 - cyberbully - INFO - Removed checkpoint: experiments/grid-search/chandar-lab_NeoBERT/ieee/prep0_aug1/seed_43782163/checkpoint-200
2026-04-09 16:08:59,301 - cyberbully - INFO - Removed checkpoint: experiments/grid-search/chandar-lab_NeoBERT/ieee/prep0_aug1/seed_43782163/checkpoint-450
2026-04-09 16:08:59,434 - cyberbully - INFO - Removed checkpoint: experiments/grid-search/chandar-lab_NeoBERT/ieee/prep0_aug1/seed_43782163/checkpoint-300
2026-04-09 16:08:59,568 - cyberbully - INFO - Removed checkpoint: experiments/grid-search/chandar-lab_NeoBERT/ieee/prep0_aug1/seed_43782163/checkpoint-350
2026-04-09 16:08:59,695 - cyberbully - INFO - Removed checkpoint: experiments/grid-search/chandar-lab_NeoBERT/ieee/prep0_aug1/seed_43782163/checkpoint-150
2026-04-09 16:08:59,823 - cyberbully - INFO - Removed checkpoint: experiments/grid-search/chandar-lab_NeoBERT/ieee/prep0_aug1/seed_43782163/checkpoint-50
2026-04-09 16:08:59,967 - cyberbully - INFO - Removed checkpoint: experiments/grid-search/chandar-lab_NeoBERT/ieee/prep0_aug1/seed_43782163/checkpoint-500
2026-04-09 16:09:00,092 - cyberbully - INFO - Removed checkpoint: experiments/grid-search/chandar-lab_NeoBERT/ieee/prep0_aug1/seed_43782163/checkpoint-100
2026-04-09 16:09:00,223 - cyberbully - INFO - Removed checkpoint: experiments/grid-search/chandar-lab_NeoBERT/ieee/prep0_aug1/seed_43782163/checkpoint-250
2026-04-09 16:09:00,223 - cyberbully - INFO - Step 5: Evaluating on test set...
2026-04-09 16:09:05,523 - cyberbully - INFO - Metrics saved to experiments/grid-search/chandar-lab_NeoBERT/ieee/prep0_aug1/seed_43782163/metrics.json
2026-04-09 16:09:05,523 - cyberbully - INFO - Confusion matrix saved to experiments/grid-search/chandar-lab_NeoBERT/ieee/prep0_aug1/seed_43782163/confusion_matrix.json
2026-04-09 16:09:05,528 - cyberbully - INFO - Per-sample predictions saved to experiments/grid-search/chandar-lab_NeoBERT/ieee/prep0_aug1/seed_43782163/predictions.json
2026-04-09 16:09:05,628 - cyberbully - INFO - Confusion matrix figure saved to experiments/grid-search/chandar-lab_NeoBERT/ieee/prep0_aug1/seed_43782163/confusion_matrix.pdf
2026-04-09 16:09:05,628 - cyberbully - INFO - Accuracy: 0.8128
2026-04-09 16:09:05,628 - cyberbully - INFO - Weighted F1: 0.8136
2026-04-09 16:09:05,628 - cyberbully - INFO - Micro F1: 0.8128
2026-04-09 16:09:05,628 - cyberbully - INFO - Inference time: 0.67 seconds
2026-04-09 16:09:05,628 - cyberbully - INFO - Energy consumption: 0.000046 kWh
2026-04-09 16:09:05,629 - cyberbully - INFO - ============================================================
2026-04-09 16:09:05,629 - cyberbully - INFO - Pipeline complete. Results saved to: experiments/grid-search/chandar-lab_NeoBERT/ieee/prep0_aug1/seed_43782163
2026-04-09 16:09:05,629 - cyberbully - INFO - ============================================================
