2026-06-14 23:11:08,943 - cyberbully - INFO - ============================================================
2026-06-14 23:11:08,943 - cyberbully - INFO - Cyberbullying Detection Pipeline
2026-06-14 23:11:08,943 - cyberbully - INFO - ============================================================
2026-06-14 23:11:08,943 - cyberbully - INFO - Configuration:
2026-06-14 23:11:08,943 - cyberbully - INFO -   model          : distilbert-base-cased
2026-06-14 23:11:08,943 - cyberbully - INFO -   dataset        : ieee
2026-06-14 23:11:08,943 - cyberbully - INFO -   preprocess     : False
2026-06-14 23:11:08,943 - cyberbully - INFO -   prep_mode      : 2
2026-06-14 23:11:08,943 - cyberbully - INFO -   augment        : False
2026-06-14 23:11:08,943 - cyberbully - INFO -   compute_attribution: False
2026-06-14 23:11:08,943 - cyberbully - INFO -   seed           : 14298463
2026-06-14 23:11:08,943 - cyberbully - INFO -   epochs         : 10
2026-06-14 23:11:08,944 - cyberbully - INFO -   batch_size     : 32
2026-06-14 23:11:08,944 - cyberbully - INFO -   lr             : 5e-05
2026-06-14 23:11:08,944 - cyberbully - INFO -   max_length     : 128
2026-06-14 23:11:08,944 - cyberbully - INFO -   output_dir     : grid-search
2026-06-14 23:11:08,944 - cyberbully - INFO -   data_dir       : dataset
2026-06-14 23:11:08,944 - cyberbully - INFO -   sbert          : False
2026-06-14 23:11:08,944 - cyberbully - INFO -   supcon         : False
2026-06-14 23:11:08,944 - cyberbully - INFO -   supcon_weight  : 0.1
2026-06-14 23:11:08,944 - cyberbully - INFO -   proj_dim       : 128
2026-06-14 23:11:08,944 - cyberbully - INFO -   grad_accum_steps: 1
2026-06-14 23:11:08,944 - cyberbully - INFO -   overwrite      : False
2026-06-14 23:11:08,944 - cyberbully - INFO -   device         : cuda
2026-06-14 23:11:08,944 - cyberbully - INFO -   output_dir     : experiments/grid-search/distilbert-base-cased/ieee/prep2_aug0/seed_14298463
2026-06-14 23:11:08,944 - cyberbully - INFO - ============================================================
2026-06-14 23:11:08,944 - cyberbully - INFO - Step 1: Preparing data...
2026-06-14 23:11:08,948 - cyberbully - INFO - Loaded pre-split data from dataset/ieee — train: 1348, val: 338, test: 422
2026-06-14 23:11:08,948 - cyberbully - INFO - Label mapping: {'Cyberstalking': 0, 'Doxing': 1, 'Revenge Porn': 2, 'Sexual Harassment': 3, 'Slut Shaming': 4}
2026-06-14 23:11:08,949 - cyberbully - INFO - Applying partial text preprocessing per split...
2026-06-14 23:11:09,006 - cyberbully - INFO - After preprocessing -- train: 1348, val: 338, test: 422
2026-06-14 23:11:09,008 - cyberbully - INFO - Number of classes: 5
2026-06-14 23:11:09,010 - cyberbully - INFO - Step 2: Loading model and tokenizer...
2026-06-14 23:11:09,010 - cyberbully - INFO - Loading model 'distilbert-base-cased' with 5 labels (sbert=False, supcon=False)
2026-06-14 23:11:10,486 - cyberbully - INFO - Step 3: Creating datasets...
2026-06-14 23:11:10,506 - cyberbully - INFO - Dataset sizes — train: 1348, val: 338, test: 422
2026-06-14 23:11:10,507 - cyberbully - INFO - Step 4: Training...
2026-06-14 23:11:11,096 - cyberbully - INFO - Starting training...
2026-06-14 23:11:37,897 - cyberbully - INFO - Training complete.
2026-06-14 23:11:37,959 - cyberbully - INFO - Removed checkpoint: experiments/grid-search/distilbert-base-cased/ieee/prep2_aug0/seed_14298463/checkpoint-215
2026-06-14 23:11:38,020 - cyberbully - INFO - Removed checkpoint: experiments/grid-search/distilbert-base-cased/ieee/prep2_aug0/seed_14298463/checkpoint-387
2026-06-14 23:11:38,421 - cyberbully - INFO - Removed checkpoint: experiments/grid-search/distilbert-base-cased/ieee/prep2_aug0/seed_14298463/checkpoint-86
2026-06-14 23:11:38,482 - cyberbully - INFO - Removed checkpoint: experiments/grid-search/distilbert-base-cased/ieee/prep2_aug0/seed_14298463/checkpoint-129
2026-06-14 23:11:38,541 - cyberbully - INFO - Removed checkpoint: experiments/grid-search/distilbert-base-cased/ieee/prep2_aug0/seed_14298463/checkpoint-344
2026-06-14 23:11:38,599 - cyberbully - INFO - Removed checkpoint: experiments/grid-search/distilbert-base-cased/ieee/prep2_aug0/seed_14298463/checkpoint-258
2026-06-14 23:11:38,881 - cyberbully - INFO - Removed checkpoint: experiments/grid-search/distilbert-base-cased/ieee/prep2_aug0/seed_14298463/checkpoint-43
2026-06-14 23:11:38,941 - cyberbully - INFO - Removed checkpoint: experiments/grid-search/distilbert-base-cased/ieee/prep2_aug0/seed_14298463/checkpoint-301
2026-06-14 23:11:39,002 - cyberbully - INFO - Removed checkpoint: experiments/grid-search/distilbert-base-cased/ieee/prep2_aug0/seed_14298463/checkpoint-172
2026-06-14 23:11:39,063 - cyberbully - INFO - Removed checkpoint: experiments/grid-search/distilbert-base-cased/ieee/prep2_aug0/seed_14298463/checkpoint-430
2026-06-14 23:11:39,063 - cyberbully - INFO - Step 5: Evaluating on test set...
2026-06-14 23:11:45,529 - cyberbully - INFO - Metrics saved to experiments/grid-search/distilbert-base-cased/ieee/prep2_aug0/seed_14298463/metrics.json
2026-06-14 23:11:45,529 - cyberbully - INFO - Confusion matrix saved to experiments/grid-search/distilbert-base-cased/ieee/prep2_aug0/seed_14298463/confusion_matrix.json
2026-06-14 23:11:45,534 - cyberbully - INFO - Per-sample predictions saved to experiments/grid-search/distilbert-base-cased/ieee/prep2_aug0/seed_14298463/predictions.json
2026-06-14 23:11:45,647 - cyberbully - INFO - Confusion matrix figure saved to experiments/grid-search/distilbert-base-cased/ieee/prep2_aug0/seed_14298463/confusion_matrix.pdf
2026-06-14 23:11:45,648 - cyberbully - INFO - Accuracy: 0.8057
2026-06-14 23:11:45,648 - cyberbully - INFO - Weighted F1: 0.8075
2026-06-14 23:11:45,648 - cyberbully - INFO - Micro F1: 0.8057
2026-06-14 23:11:45,648 - cyberbully - INFO - Inference time: 0.10 seconds
2026-06-14 23:11:45,648 - cyberbully - INFO - Energy consumption: 0.000026 kWh
2026-06-14 23:11:45,648 - cyberbully - INFO - ============================================================
2026-06-14 23:11:45,648 - cyberbully - INFO - Pipeline complete. Results saved to: experiments/grid-search/distilbert-base-cased/ieee/prep2_aug0/seed_14298463
2026-06-14 23:11:45,648 - cyberbully - INFO - ============================================================
