2026-06-15 15:45:32,224 - cyberbully - INFO - ============================================================
2026-06-15 15:45:32,224 - cyberbully - INFO - Cyberbullying Detection Pipeline
2026-06-15 15:45:32,224 - cyberbully - INFO - ============================================================
2026-06-15 15:45:32,224 - cyberbully - INFO - Configuration:
2026-06-15 15:45:32,224 - cyberbully - INFO -   model          : google/mobilebert-uncased
2026-06-15 15:45:32,224 - cyberbully - INFO -   dataset        : ieee
2026-06-15 15:45:32,224 - cyberbully - INFO -   preprocess     : False
2026-06-15 15:45:32,224 - cyberbully - INFO -   prep_mode      : 2
2026-06-15 15:45:32,224 - cyberbully - INFO -   augment        : False
2026-06-15 15:45:32,224 - cyberbully - INFO -   compute_attribution: False
2026-06-15 15:45:32,224 - cyberbully - INFO -   seed           : 24677315
2026-06-15 15:45:32,224 - cyberbully - INFO -   epochs         : 10
2026-06-15 15:45:32,224 - cyberbully - INFO -   batch_size     : 32
2026-06-15 15:45:32,224 - cyberbully - INFO -   lr             : 5e-05
2026-06-15 15:45:32,224 - cyberbully - INFO -   max_length     : 128
2026-06-15 15:45:32,224 - cyberbully - INFO -   output_dir     : grid-search
2026-06-15 15:45:32,224 - cyberbully - INFO -   data_dir       : dataset
2026-06-15 15:45:32,224 - cyberbully - INFO -   sbert          : False
2026-06-15 15:45:32,224 - cyberbully - INFO -   supcon         : False
2026-06-15 15:45:32,224 - cyberbully - INFO -   supcon_weight  : 0.1
2026-06-15 15:45:32,224 - cyberbully - INFO -   proj_dim       : 128
2026-06-15 15:45:32,224 - cyberbully - INFO -   grad_accum_steps: 1
2026-06-15 15:45:32,224 - cyberbully - INFO -   overwrite      : False
2026-06-15 15:45:32,224 - cyberbully - INFO -   device         : cuda
2026-06-15 15:45:32,224 - cyberbully - INFO -   output_dir     : experiments/grid-search/google_mobilebert-uncased/ieee/prep2_aug0/seed_24677315
2026-06-15 15:45:32,224 - cyberbully - INFO - ============================================================
2026-06-15 15:45:32,224 - cyberbully - INFO - Step 1: Preparing data...
2026-06-15 15:45:32,228 - cyberbully - INFO - Loaded pre-split data from dataset/ieee — train: 1348, val: 338, test: 422
2026-06-15 15:45:32,228 - cyberbully - INFO - Label mapping: {'Cyberstalking': 0, 'Doxing': 1, 'Revenge Porn': 2, 'Sexual Harassment': 3, 'Slut Shaming': 4}
2026-06-15 15:45:32,229 - cyberbully - INFO - Applying partial text preprocessing per split...
2026-06-15 15:45:32,281 - cyberbully - INFO - After preprocessing -- train: 1348, val: 338, test: 422
2026-06-15 15:45:32,282 - cyberbully - INFO - Number of classes: 5
2026-06-15 15:45:32,283 - cyberbully - INFO - Step 2: Loading model and tokenizer...
2026-06-15 15:45:32,283 - cyberbully - INFO - Loading model 'google/mobilebert-uncased' with 5 labels (sbert=False, supcon=False)
2026-06-15 15:45:34,530 - cyberbully - WARNING - FP16 disabled for model_type='mobilebert' (known fp16 instability).
2026-06-15 15:45:34,530 - cyberbully - INFO - Step 3: Creating datasets...
2026-06-15 15:45:34,562 - cyberbully - INFO - Dataset sizes — train: 1348, val: 338, test: 422
2026-06-15 15:45:34,562 - cyberbully - INFO - Step 4: Training...
2026-06-15 15:45:34,764 - cyberbully - INFO - Starting training...
2026-06-15 15:46:37,534 - cyberbully - INFO - Training complete.
2026-06-15 15:46:37,549 - cyberbully - INFO - Removed checkpoint: experiments/grid-search/google_mobilebert-uncased/ieee/prep2_aug0/seed_24677315/checkpoint-172
2026-06-15 15:46:37,566 - cyberbully - INFO - Removed checkpoint: experiments/grid-search/google_mobilebert-uncased/ieee/prep2_aug0/seed_24677315/checkpoint-258
2026-06-15 15:46:37,584 - cyberbully - INFO - Removed checkpoint: experiments/grid-search/google_mobilebert-uncased/ieee/prep2_aug0/seed_24677315/checkpoint-387
2026-06-15 15:46:37,600 - cyberbully - INFO - Removed checkpoint: experiments/grid-search/google_mobilebert-uncased/ieee/prep2_aug0/seed_24677315/checkpoint-43
2026-06-15 15:46:37,617 - cyberbully - INFO - Removed checkpoint: experiments/grid-search/google_mobilebert-uncased/ieee/prep2_aug0/seed_24677315/checkpoint-430
2026-06-15 15:46:37,635 - cyberbully - INFO - Removed checkpoint: experiments/grid-search/google_mobilebert-uncased/ieee/prep2_aug0/seed_24677315/checkpoint-301
2026-06-15 15:46:37,653 - cyberbully - INFO - Removed checkpoint: experiments/grid-search/google_mobilebert-uncased/ieee/prep2_aug0/seed_24677315/checkpoint-344
2026-06-15 15:46:37,668 - cyberbully - INFO - Removed checkpoint: experiments/grid-search/google_mobilebert-uncased/ieee/prep2_aug0/seed_24677315/checkpoint-129
2026-06-15 15:46:37,687 - cyberbully - INFO - Removed checkpoint: experiments/grid-search/google_mobilebert-uncased/ieee/prep2_aug0/seed_24677315/checkpoint-215
2026-06-15 15:46:37,703 - cyberbully - INFO - Removed checkpoint: experiments/grid-search/google_mobilebert-uncased/ieee/prep2_aug0/seed_24677315/checkpoint-86
2026-06-15 15:46:37,703 - cyberbully - INFO - Step 5: Evaluating on test set...
2026-06-15 15:46:44,235 - cyberbully - INFO - Metrics saved to experiments/grid-search/google_mobilebert-uncased/ieee/prep2_aug0/seed_24677315/metrics.json
2026-06-15 15:46:44,235 - cyberbully - INFO - Confusion matrix saved to experiments/grid-search/google_mobilebert-uncased/ieee/prep2_aug0/seed_24677315/confusion_matrix.json
2026-06-15 15:46:44,241 - cyberbully - INFO - Per-sample predictions saved to experiments/grid-search/google_mobilebert-uncased/ieee/prep2_aug0/seed_24677315/predictions.json
2026-06-15 15:46:44,348 - cyberbully - INFO - Confusion matrix figure saved to experiments/grid-search/google_mobilebert-uncased/ieee/prep2_aug0/seed_24677315/confusion_matrix.pdf
2026-06-15 15:46:44,348 - cyberbully - INFO - Accuracy: 0.8009
2026-06-15 15:46:44,348 - cyberbully - INFO - Weighted F1: 0.8013
2026-06-15 15:46:44,348 - cyberbully - INFO - Micro F1: 0.8009
2026-06-15 15:46:44,348 - cyberbully - INFO - Inference time: 0.49 seconds
2026-06-15 15:46:44,348 - cyberbully - INFO - Energy consumption: 0.000058 kWh
2026-06-15 15:46:44,348 - cyberbully - INFO - ============================================================
2026-06-15 15:46:44,348 - cyberbully - INFO - Pipeline complete. Results saved to: experiments/grid-search/google_mobilebert-uncased/ieee/prep2_aug0/seed_24677315
2026-06-15 15:46:44,348 - cyberbully - INFO - ============================================================
