2026-05-18 23:00:43,709 - cyberbully - INFO - ============================================================
2026-05-18 23:00:43,709 - cyberbully - INFO - Cyberbullying Detection Pipeline
2026-05-18 23:00:43,709 - cyberbully - INFO - ============================================================
2026-05-18 23:00:43,709 - cyberbully - INFO - Configuration:
2026-05-18 23:00:43,709 - cyberbully - INFO -   model          : answerdotai/ModernBERT-base
2026-05-18 23:00:43,709 - cyberbully - INFO -   dataset        : kaggle
2026-05-18 23:00:43,709 - cyberbully - INFO -   preprocess     : True
2026-05-18 23:00:43,709 - cyberbully - INFO -   augment        : False
2026-05-18 23:00:43,709 - cyberbully - INFO -   compute_attribution: False
2026-05-18 23:00:43,709 - cyberbully - INFO -   seed           : 87212562
2026-05-18 23:00:43,709 - cyberbully - INFO -   epochs         : 10
2026-05-18 23:00:43,709 - cyberbully - INFO -   batch_size     : 32
2026-05-18 23:00:43,709 - cyberbully - INFO -   lr             : 5e-05
2026-05-18 23:00:43,709 - cyberbully - INFO -   max_length     : 128
2026-05-18 23:00:43,709 - cyberbully - INFO -   output_dir     : verification
2026-05-18 23:00:43,709 - cyberbully - INFO -   data_dir       : dataset
2026-05-18 23:00:43,709 - cyberbully - INFO -   sbert          : False
2026-05-18 23:00:43,709 - cyberbully - INFO -   supcon         : False
2026-05-18 23:00:43,709 - cyberbully - INFO -   supcon_weight  : 0.1
2026-05-18 23:00:43,709 - cyberbully - INFO -   proj_dim       : 128
2026-05-18 23:00:43,709 - cyberbully - INFO -   grad_accum_steps: 1
2026-05-18 23:00:43,709 - cyberbully - INFO -   overwrite      : True
2026-05-18 23:00:43,709 - cyberbully - INFO -   device         : cuda
2026-05-18 23:00:43,709 - cyberbully - INFO -   output_dir     : experiments/verification/answerdotai_ModernBERT-base/kaggle/prep1_aug0/seed_87212562
2026-05-18 23:00:43,709 - cyberbully - INFO - ============================================================
2026-05-18 23:00:43,709 - cyberbully - INFO - Step 1: Preparing data...
2026-05-18 23:00:43,753 - cyberbully - INFO - Loaded pre-split data from dataset/kaggle — train: 25604, val: 6401, test: 8002
2026-05-18 23:00:43,753 - cyberbully - INFO - Label mapping: {'age': 0, 'ethnicity': 1, 'gender': 2, 'other_cyberbullying': 3, 'religion': 4}
2026-05-18 23:00:43,754 - cyberbully - INFO - Applying text preprocessing per split...
2026-05-18 23:01:31,881 - cyberbully - INFO - After preprocessing -- train: 23534, val: 5969, test: 7395
2026-05-18 23:01:31,883 - cyberbully - INFO - Number of classes: 5
2026-05-18 23:01:31,885 - cyberbully - INFO - Step 2: Loading model and tokenizer...
2026-05-18 23:01:31,885 - cyberbully - INFO - Loading model 'answerdotai/ModernBERT-base' with 5 labels (sbert=False, supcon=False)
2026-05-18 23:01:33,542 - cyberbully - INFO - Step 3: Creating datasets...
2026-05-18 23:01:34,371 - cyberbully - INFO - Dataset sizes — train: 23534, val: 5969, test: 7395
2026-05-18 23:01:34,371 - cyberbully - INFO - Step 4: Training...
2026-05-18 23:01:34,608 - cyberbully - INFO - Starting training...
2026-05-18 23:16:42,599 - cyberbully - INFO - Training complete.
2026-05-18 23:16:42,683 - cyberbully - INFO - Removed checkpoint: experiments/verification/answerdotai_ModernBERT-base/kaggle/prep1_aug0/seed_87212562/checkpoint-3680
2026-05-18 23:16:42,769 - cyberbully - INFO - Removed checkpoint: experiments/verification/answerdotai_ModernBERT-base/kaggle/prep1_aug0/seed_87212562/checkpoint-5152
2026-05-18 23:16:42,854 - cyberbully - INFO - Removed checkpoint: experiments/verification/answerdotai_ModernBERT-base/kaggle/prep1_aug0/seed_87212562/checkpoint-1472
2026-05-18 23:16:42,939 - cyberbully - INFO - Removed checkpoint: experiments/verification/answerdotai_ModernBERT-base/kaggle/prep1_aug0/seed_87212562/checkpoint-6624
2026-05-18 23:16:43,024 - cyberbully - INFO - Removed checkpoint: experiments/verification/answerdotai_ModernBERT-base/kaggle/prep1_aug0/seed_87212562/checkpoint-2944
2026-05-18 23:16:43,110 - cyberbully - INFO - Removed checkpoint: experiments/verification/answerdotai_ModernBERT-base/kaggle/prep1_aug0/seed_87212562/checkpoint-736
2026-05-18 23:16:43,212 - cyberbully - INFO - Removed checkpoint: experiments/verification/answerdotai_ModernBERT-base/kaggle/prep1_aug0/seed_87212562/checkpoint-7360
2026-05-18 23:16:43,296 - cyberbully - INFO - Removed checkpoint: experiments/verification/answerdotai_ModernBERT-base/kaggle/prep1_aug0/seed_87212562/checkpoint-5888
2026-05-18 23:16:43,381 - cyberbully - INFO - Removed checkpoint: experiments/verification/answerdotai_ModernBERT-base/kaggle/prep1_aug0/seed_87212562/checkpoint-4416
2026-05-18 23:16:43,466 - cyberbully - INFO - Removed checkpoint: experiments/verification/answerdotai_ModernBERT-base/kaggle/prep1_aug0/seed_87212562/checkpoint-2208
2026-05-18 23:16:43,466 - cyberbully - INFO - Step 5: Evaluating on test set...
2026-05-18 23:16:56,926 - cyberbully - INFO - Metrics saved to experiments/verification/answerdotai_ModernBERT-base/kaggle/prep1_aug0/seed_87212562/metrics.json
2026-05-18 23:16:56,927 - cyberbully - INFO - Confusion matrix saved to experiments/verification/answerdotai_ModernBERT-base/kaggle/prep1_aug0/seed_87212562/confusion_matrix.json
2026-05-18 23:16:56,999 - cyberbully - INFO - Per-sample predictions saved to experiments/verification/answerdotai_ModernBERT-base/kaggle/prep1_aug0/seed_87212562/predictions.json
2026-05-18 23:16:57,100 - cyberbully - INFO - Confusion matrix figure saved to experiments/verification/answerdotai_ModernBERT-base/kaggle/prep1_aug0/seed_87212562/confusion_matrix.pdf
2026-05-18 23:16:57,100 - cyberbully - INFO - Accuracy: 0.9456
2026-05-18 23:16:57,101 - cyberbully - INFO - Weighted F1: 0.9457
2026-05-18 23:16:57,101 - cyberbully - INFO - Micro F1: 0.9456
2026-05-18 23:16:57,101 - cyberbully - INFO - Inference time: 7.28 seconds
2026-05-18 23:16:57,101 - cyberbully - INFO - Energy consumption: 0.000428 kWh
2026-05-18 23:16:57,102 - cyberbully - INFO - ============================================================
2026-05-18 23:16:57,102 - cyberbully - INFO - Pipeline complete. Results saved to: experiments/verification/answerdotai_ModernBERT-base/kaggle/prep1_aug0/seed_87212562
2026-05-18 23:16:57,102 - cyberbully - INFO - ============================================================
