2026-02-13 08:31:17,821 - cyberbully - INFO - ============================================================
2026-02-13 08:31:17,821 - cyberbully - INFO - Cyberbullying Detection Pipeline
2026-02-13 08:31:17,821 - cyberbully - INFO - ============================================================
2026-02-13 08:31:17,821 - cyberbully - INFO - Configuration:
2026-02-13 08:31:17,821 - cyberbully - INFO -   model          : roberta-base
2026-02-13 08:31:17,821 - cyberbully - INFO -   dataset        : ieee
2026-02-13 08:31:17,821 - cyberbully - INFO -   preprocess     : True
2026-02-13 08:31:17,821 - cyberbully - INFO -   augment        : True
2026-02-13 08:31:17,821 - cyberbully - INFO -   compute_attribution: False
2026-02-13 08:31:17,822 - cyberbully - INFO -   seed           : 14298463
2026-02-13 08:31:17,822 - cyberbully - INFO -   epochs         : 5
2026-02-13 08:31:17,822 - cyberbully - INFO -   batch_size     : 16
2026-02-13 08:31:17,822 - cyberbully - INFO -   lr             : 2e-05
2026-02-13 08:31:17,822 - cyberbully - INFO -   max_length     : 128
2026-02-13 08:31:17,822 - cyberbully - INFO -   output_dir     : experiments
2026-02-13 08:31:17,822 - cyberbully - INFO -   data_dir       : dataset
2026-02-13 08:31:17,822 - cyberbully - INFO -   overwrite      : False
2026-02-13 08:31:17,822 - cyberbully - INFO -   device         : cuda
2026-02-13 08:31:17,822 - cyberbully - INFO -   output_dir     : experiments/roberta-base/ieee/prep1_aug1/seed_14298463
2026-02-13 08:31:17,822 - cyberbully - INFO - ============================================================
2026-02-13 08:31:17,822 - cyberbully - INFO - Step 1: Preparing data...
2026-02-13 08:31:17,822 - cyberbully - INFO - Loading dataset 'ieee' from dataset/IEEE Data Port.csv
2026-02-13 08:31:17,828 - cyberbully - INFO - Loaded 2108 samples with 5 classes: ['Cyberstalking', 'Doxing', 'Revenge Porn', 'Sexual Harassment', 'Slut Shaming']
2026-02-13 08:31:17,828 - cyberbully - INFO - Applying text preprocessing...
2026-02-13 08:31:20,934 - cyberbully - INFO - After preprocessing: 1815 samples remain
2026-02-13 08:31:20,934 - cyberbully - INFO - Label mapping: {'Cyberstalking': 0, 'Doxing': 1, 'Revenge Porn': 2, 'Sexual Harassment': 3, 'Slut Shaming': 4}
2026-02-13 08:31:20,936 - cyberbully - INFO - Split sizes — train: 1161, val: 291, test: 363
2026-02-13 08:31:20,936 - cyberbully - INFO - Applying training data augmentation (oversampling)...
2026-02-13 08:31:20,937 - cyberbully - INFO - After oversampling — class distribution: {0: 284, 1: 284, 2: 284, 3: 284, 4: 284}
2026-02-13 08:31:20,937 - cyberbully - INFO - Number of classes: 5
2026-02-13 08:31:20,937 - cyberbully - INFO - Step 2: Loading model and tokenizer...
2026-02-13 08:31:20,937 - cyberbully - INFO - Loading model 'roberta-base' with 5 labels
2026-02-13 08:31:21,757 - cyberbully - INFO - Step 3: Tokenizing datasets...
2026-02-13 08:31:21,782 - cyberbully - INFO - Dataset sizes — train: 1420, val: 291, test: 363
2026-02-13 08:31:21,782 - cyberbully - INFO - Step 4: Training...
2026-02-13 08:31:22,018 - cyberbully - INFO - Starting training...
2026-02-13 08:31:50,396 - cyberbully - INFO - Training complete.
2026-02-13 08:31:50,396 - cyberbully - INFO - Step 5: Evaluating on test set...
2026-02-13 08:31:54,932 - cyberbully - INFO - Metrics saved to experiments/roberta-base/ieee/prep1_aug1/seed_14298463/metrics.json
2026-02-13 08:31:54,932 - cyberbully - INFO - Confusion matrix saved to experiments/roberta-base/ieee/prep1_aug1/seed_14298463/confusion_matrix.json
2026-02-13 08:31:55,033 - cyberbully - INFO - Confusion matrix figure saved to experiments/roberta-base/ieee/prep1_aug1/seed_14298463/confusion_matrix.pdf
2026-02-13 08:31:55,033 - cyberbully - INFO - Accuracy: 0.8182
2026-02-13 08:31:55,033 - cyberbully - INFO - Weighted F1: 0.8186
2026-02-13 08:31:55,033 - cyberbully - INFO - Micro F1: 0.8182
2026-02-13 08:31:55,033 - cyberbully - INFO - Inference time: 0.27 seconds
2026-02-13 08:31:55,033 - cyberbully - INFO - Energy consumption: 0.000017 kWh
2026-02-13 08:31:55,033 - cyberbully - INFO - ============================================================
2026-02-13 08:31:55,033 - cyberbully - INFO - Pipeline complete. Results saved to: experiments/roberta-base/ieee/prep1_aug1/seed_14298463
2026-02-13 08:31:55,033 - cyberbully - INFO - ============================================================
