2026-02-17 15:35:32,489 - cyberbully - INFO - ============================================================
2026-02-17 15:35:32,489 - cyberbully - INFO - Cyberbullying Detection Pipeline
2026-02-17 15:35:32,489 - cyberbully - INFO - ============================================================
2026-02-17 15:35:32,489 - cyberbully - INFO - Configuration:
2026-02-17 15:35:32,489 - cyberbully - INFO -   model          : Twitter/twhin-bert-base
2026-02-17 15:35:32,489 - cyberbully - INFO -   dataset        : ieee
2026-02-17 15:35:32,489 - cyberbully - INFO -   preprocess     : False
2026-02-17 15:35:32,489 - cyberbully - INFO -   augment        : True
2026-02-17 15:35:32,489 - cyberbully - INFO -   compute_attribution: False
2026-02-17 15:35:32,489 - cyberbully - INFO -   seed           : 52680723
2026-02-17 15:35:32,489 - cyberbully - INFO -   epochs         : 5
2026-02-17 15:35:32,489 - cyberbully - INFO -   batch_size     : 16
2026-02-17 15:35:32,489 - cyberbully - INFO -   lr             : 2e-05
2026-02-17 15:35:32,489 - cyberbully - INFO -   max_length     : 128
2026-02-17 15:35:32,489 - cyberbully - INFO -   output_dir     : experiments/domain
2026-02-17 15:35:32,489 - cyberbully - INFO -   data_dir       : dataset
2026-02-17 15:35:32,489 - cyberbully - INFO -   overwrite      : False
2026-02-17 15:35:32,489 - cyberbully - INFO -   device         : cuda
2026-02-17 15:35:32,489 - cyberbully - INFO -   output_dir     : experiments/domain/Twitter_twhin-bert-base/ieee/prep0_aug1/seed_52680723
2026-02-17 15:35:32,489 - cyberbully - INFO - ============================================================
2026-02-17 15:35:32,490 - cyberbully - INFO - Step 1: Preparing data...
2026-02-17 15:35:32,490 - cyberbully - INFO - Loading dataset 'ieee' from dataset/IEEE Data Port.csv
2026-02-17 15:35:32,496 - cyberbully - INFO - Loaded 2108 samples with 5 classes: ['Cyberstalking', 'Doxing', 'Revenge Porn', 'Sexual Harassment', 'Slut Shaming']
2026-02-17 15:35:32,496 - cyberbully - INFO - Label mapping: {'Cyberstalking': 0, 'Doxing': 1, 'Revenge Porn': 2, 'Sexual Harassment': 3, 'Slut Shaming': 4}
2026-02-17 15:35:32,498 - cyberbully - INFO - Split sizes — train: 1348, val: 338, test: 422
2026-02-17 15:35:32,498 - cyberbully - INFO - Applying training data augmentation (oversampling)...
2026-02-17 15:35:32,499 - cyberbully - INFO - After oversampling — class distribution: {0: 316, 1: 316, 2: 316, 3: 316, 4: 316}
2026-02-17 15:35:32,499 - cyberbully - INFO - Number of classes: 5
2026-02-17 15:35:32,499 - cyberbully - INFO - Step 2: Loading model and tokenizer...
2026-02-17 15:35:32,499 - cyberbully - INFO - Loading model 'Twitter/twhin-bert-base' with 5 labels
2026-02-17 15:35:33,798 - cyberbully - INFO - Step 3: Tokenizing datasets...
2026-02-17 15:35:33,836 - cyberbully - INFO - Dataset sizes — train: 1580, val: 338, test: 422
2026-02-17 15:35:33,836 - cyberbully - INFO - Step 4: Training...
2026-02-17 15:35:34,130 - cyberbully - INFO - Starting training...
2026-02-17 15:36:17,145 - cyberbully - INFO - Training complete.
2026-02-17 15:36:17,146 - cyberbully - INFO - Step 5: Evaluating on test set...
2026-02-17 15:36:21,774 - cyberbully - INFO - Metrics saved to experiments/domain/Twitter_twhin-bert-base/ieee/prep0_aug1/seed_52680723/metrics.json
2026-02-17 15:36:21,774 - cyberbully - INFO - Confusion matrix saved to experiments/domain/Twitter_twhin-bert-base/ieee/prep0_aug1/seed_52680723/confusion_matrix.json
2026-02-17 15:36:21,873 - cyberbully - INFO - Confusion matrix figure saved to experiments/domain/Twitter_twhin-bert-base/ieee/prep0_aug1/seed_52680723/confusion_matrix.pdf
2026-02-17 15:36:21,873 - cyberbully - INFO - Accuracy: 0.8981
2026-02-17 15:36:21,874 - cyberbully - INFO - Weighted F1: 0.8977
2026-02-17 15:36:21,874 - cyberbully - INFO - Micro F1: 0.8981
2026-02-17 15:36:21,874 - cyberbully - INFO - Inference time: 0.34 seconds
2026-02-17 15:36:21,874 - cyberbully - INFO - Energy consumption: 0.000020 kWh
2026-02-17 15:36:21,874 - cyberbully - INFO - ============================================================
2026-02-17 15:36:21,874 - cyberbully - INFO - Pipeline complete. Results saved to: experiments/domain/Twitter_twhin-bert-base/ieee/prep0_aug1/seed_52680723
2026-02-17 15:36:21,874 - cyberbully - INFO - ============================================================
