2026-02-20 18:20:54,735 - cyberbully - INFO - ============================================================
2026-02-20 18:20:54,735 - cyberbully - INFO - Cyberbullying Detection Pipeline
2026-02-20 18:20:54,735 - cyberbully - INFO - ============================================================
2026-02-20 18:20:54,735 - cyberbully - INFO - Configuration:
2026-02-20 18:20:54,735 - cyberbully - INFO -   model          : all-MiniLM-L12-v2
2026-02-20 18:20:54,735 - cyberbully - INFO -   dataset        : tweeteval
2026-02-20 18:20:54,735 - cyberbully - INFO -   preprocess     : True
2026-02-20 18:20:54,735 - cyberbully - INFO -   augment        : True
2026-02-20 18:20:54,735 - cyberbully - INFO -   compute_attribution: False
2026-02-20 18:20:54,735 - cyberbully - INFO -   seed           : 87212562
2026-02-20 18:20:54,735 - cyberbully - INFO -   epochs         : 5
2026-02-20 18:20:54,735 - cyberbully - INFO -   batch_size     : 16
2026-02-20 18:20:54,735 - cyberbully - INFO -   lr             : 2e-05
2026-02-20 18:20:54,735 - cyberbully - INFO -   max_length     : 128
2026-02-20 18:20:54,735 - cyberbully - INFO -   output_dir     : sbert-model
2026-02-20 18:20:54,735 - cyberbully - INFO -   data_dir       : dataset
2026-02-20 18:20:54,735 - cyberbully - INFO -   sbert          : True
2026-02-20 18:20:54,735 - cyberbully - INFO -   overwrite      : False
2026-02-20 18:20:54,735 - cyberbully - INFO -   device         : cuda
2026-02-20 18:20:54,735 - cyberbully - INFO -   output_dir     : experiments/sbert-model/all-MiniLM-L12-v2/tweeteval/prep1_aug1/seed_87212562
2026-02-20 18:20:54,735 - cyberbully - INFO - ============================================================
2026-02-20 18:20:54,735 - cyberbully - INFO - Step 1: Preparing data...
2026-02-20 18:20:54,735 - cyberbully - INFO - Loading dataset 'tweeteval' from dataset/Tweeteval.csv
2026-02-20 18:20:54,810 - cyberbully - INFO - Loaded 50759 samples with 5 classes: ['emotion', 'hate', 'offensive', 'religion', 'spiritual']
2026-02-20 18:20:54,810 - cyberbully - INFO - Applying text preprocessing...
2026-02-20 18:21:49,521 - cyberbully - INFO - After preprocessing: 47390 samples remain
2026-02-20 18:21:49,524 - cyberbully - INFO - Label mapping: {'emotion': 0, 'hate': 1, 'offensive': 2, 'religion': 3, 'spiritual': 4}
2026-02-20 18:21:49,536 - cyberbully - INFO - Split sizes — train: 30329, val: 7583, test: 9478
2026-02-20 18:21:49,536 - cyberbully - INFO - Applying training data augmentation (oversampling)...
2026-02-20 18:21:49,543 - cyberbully - INFO - After oversampling — class distribution: {0: 7751, 1: 7751, 2: 7751, 3: 7751, 4: 7751}
2026-02-20 18:21:49,544 - cyberbully - INFO - Number of classes: 5
2026-02-20 18:21:49,545 - cyberbully - INFO - Step 2: Loading model and tokenizer...
2026-02-20 18:21:49,545 - cyberbully - INFO - Loading model 'all-MiniLM-L12-v2' with 5 labels (sbert=True)
2026-02-20 18:21:52,135 - cyberbully - INFO - SBERTClassifier: embedding_dim=384, hidden=256, num_labels=5
2026-02-20 18:21:52,438 - cyberbully - INFO - Step 3: Creating datasets...
2026-02-20 18:21:53,436 - cyberbully - INFO - Dataset sizes — train: 38755, val: 7583, test: 9478
2026-02-20 18:21:53,436 - cyberbully - INFO - Step 4: Training...
2026-02-20 18:21:53,480 - cyberbully - INFO - Starting training...
2026-02-20 18:27:23,978 - cyberbully - INFO - Training complete.
2026-02-20 18:27:23,978 - cyberbully - INFO - Step 5: Evaluating on test set...
2026-02-20 18:27:31,651 - cyberbully - INFO - Metrics saved to experiments/sbert-model/all-MiniLM-L12-v2/tweeteval/prep1_aug1/seed_87212562/metrics.json
2026-02-20 18:27:31,651 - cyberbully - INFO - Confusion matrix saved to experiments/sbert-model/all-MiniLM-L12-v2/tweeteval/prep1_aug1/seed_87212562/confusion_matrix.json
2026-02-20 18:27:31,753 - cyberbully - INFO - Confusion matrix figure saved to experiments/sbert-model/all-MiniLM-L12-v2/tweeteval/prep1_aug1/seed_87212562/confusion_matrix.pdf
2026-02-20 18:27:31,753 - cyberbully - INFO - Accuracy: 0.9459
2026-02-20 18:27:31,753 - cyberbully - INFO - Weighted F1: 0.9459
2026-02-20 18:27:31,753 - cyberbully - INFO - Micro F1: 0.9459
2026-02-20 18:27:31,753 - cyberbully - INFO - Inference time: 3.36 seconds
2026-02-20 18:27:31,753 - cyberbully - INFO - Energy consumption: 0.000206 kWh
2026-02-20 18:27:31,753 - cyberbully - INFO - ============================================================
2026-02-20 18:27:31,753 - cyberbully - INFO - Pipeline complete. Results saved to: experiments/sbert-model/all-MiniLM-L12-v2/tweeteval/prep1_aug1/seed_87212562
2026-02-20 18:27:31,753 - cyberbully - INFO - ============================================================
