2026-03-27 01:54:30,674 - cyberbully - INFO - Model 'all-distilroberta-v1' detected as SBERT-based. Using SBERTClassifier pipeline.
2026-03-27 01:54:30,674 - cyberbully - INFO - ============================================================
2026-03-27 01:54:30,674 - cyberbully - INFO - Cyberbullying Detection Pipeline
2026-03-27 01:54:30,674 - cyberbully - INFO - ============================================================
2026-03-27 01:54:30,674 - cyberbully - INFO - Configuration:
2026-03-27 01:54:30,675 - cyberbully - INFO -   model          : all-distilroberta-v1
2026-03-27 01:54:30,675 - cyberbully - INFO -   dataset        : tweeteval
2026-03-27 01:54:30,675 - cyberbully - INFO -   preprocess     : False
2026-03-27 01:54:30,675 - cyberbully - INFO -   augment        : False
2026-03-27 01:54:30,675 - cyberbully - INFO -   compute_attribution: False
2026-03-27 01:54:30,675 - cyberbully - INFO -   seed           : 24677315
2026-03-27 01:54:30,675 - cyberbully - INFO -   epochs         : 10
2026-03-27 01:54:30,675 - cyberbully - INFO -   batch_size     : 64
2026-03-27 01:54:30,675 - cyberbully - INFO -   lr             : 5e-05
2026-03-27 01:54:30,675 - cyberbully - INFO -   max_length     : 128
2026-03-27 01:54:30,675 - cyberbully - INFO -   output_dir     : supcon-grid
2026-03-27 01:54:30,675 - cyberbully - INFO -   data_dir       : dataset
2026-03-27 01:54:30,675 - cyberbully - INFO -   sbert          : True
2026-03-27 01:54:30,675 - cyberbully - INFO -   supcon         : False
2026-03-27 01:54:30,675 - cyberbully - INFO -   supcon_weight  : 0.1
2026-03-27 01:54:30,675 - cyberbully - INFO -   proj_dim       : 128
2026-03-27 01:54:30,675 - cyberbully - INFO -   grad_accum_steps: 1
2026-03-27 01:54:30,675 - cyberbully - INFO -   overwrite      : False
2026-03-27 01:54:30,675 - cyberbully - INFO -   device         : cuda
2026-03-27 01:54:30,675 - cyberbully - INFO -   output_dir     : experiments/supcon-grid/all-distilroberta-v1/tweeteval/prep0_aug0/seed_24677315
2026-03-27 01:54:30,675 - cyberbully - INFO - ============================================================
2026-03-27 01:54:30,675 - cyberbully - INFO - Step 1: Preparing data...
2026-03-27 01:54:30,723 - cyberbully - INFO - Loaded pre-split data from dataset/tweeteval — train: 32485, val: 8122, test: 10152
2026-03-27 01:54:30,723 - cyberbully - INFO - Label mapping: {'emotion': 0, 'hate': 1, 'offensive': 2, 'religion': 3, 'spiritual': 4}
2026-03-27 01:54:30,734 - cyberbully - INFO - Number of classes: 5
2026-03-27 01:54:30,735 - cyberbully - INFO - Step 2: Loading model and tokenizer...
2026-03-27 01:54:30,735 - cyberbully - INFO - Loading model 'all-distilroberta-v1' with 5 labels (sbert=True, supcon=False)
2026-03-27 01:54:34,159 - cyberbully - INFO - SBERTClassifier: embedding_dim=768, hidden=256, proj_dim=None, num_labels=5
2026-03-27 01:54:34,511 - cyberbully - INFO - Step 3: Creating datasets...
2026-03-27 01:54:35,225 - cyberbully - INFO - Dataset sizes — train: 32485, val: 8122, test: 10152
2026-03-27 01:54:35,225 - cyberbully - INFO - Step 4: Training...
2026-03-27 01:54:35,228 - cyberbully - INFO - Starting training...
2026-03-27 02:00:17,444 - cyberbully - INFO - Training complete.
2026-03-27 02:00:17,505 - cyberbully - INFO - Removed checkpoint: experiments/supcon-grid/all-distilroberta-v1/tweeteval/prep0_aug0/seed_24677315/checkpoint-2032
2026-03-27 02:00:17,564 - cyberbully - INFO - Removed checkpoint: experiments/supcon-grid/all-distilroberta-v1/tweeteval/prep0_aug0/seed_24677315/checkpoint-3048
2026-03-27 02:00:17,622 - cyberbully - INFO - Removed checkpoint: experiments/supcon-grid/all-distilroberta-v1/tweeteval/prep0_aug0/seed_24677315/checkpoint-5080
2026-03-27 02:00:17,681 - cyberbully - INFO - Removed checkpoint: experiments/supcon-grid/all-distilroberta-v1/tweeteval/prep0_aug0/seed_24677315/checkpoint-2540
2026-03-27 02:00:17,740 - cyberbully - INFO - Removed checkpoint: experiments/supcon-grid/all-distilroberta-v1/tweeteval/prep0_aug0/seed_24677315/checkpoint-3556
2026-03-27 02:00:17,798 - cyberbully - INFO - Removed checkpoint: experiments/supcon-grid/all-distilroberta-v1/tweeteval/prep0_aug0/seed_24677315/checkpoint-4064
2026-03-27 02:00:17,858 - cyberbully - INFO - Removed checkpoint: experiments/supcon-grid/all-distilroberta-v1/tweeteval/prep0_aug0/seed_24677315/checkpoint-1524
2026-03-27 02:00:17,916 - cyberbully - INFO - Removed checkpoint: experiments/supcon-grid/all-distilroberta-v1/tweeteval/prep0_aug0/seed_24677315/checkpoint-4572
2026-03-27 02:00:17,977 - cyberbully - INFO - Removed checkpoint: experiments/supcon-grid/all-distilroberta-v1/tweeteval/prep0_aug0/seed_24677315/checkpoint-1016
2026-03-27 02:00:18,040 - cyberbully - INFO - Removed checkpoint: experiments/supcon-grid/all-distilroberta-v1/tweeteval/prep0_aug0/seed_24677315/checkpoint-508
2026-03-27 02:00:18,040 - cyberbully - INFO - Step 5: Evaluating on test set...
2026-03-27 02:00:24,582 - cyberbully - INFO - Metrics saved to experiments/supcon-grid/all-distilroberta-v1/tweeteval/prep0_aug0/seed_24677315/metrics.json
2026-03-27 02:00:24,582 - cyberbully - INFO - Confusion matrix saved to experiments/supcon-grid/all-distilroberta-v1/tweeteval/prep0_aug0/seed_24677315/confusion_matrix.json
2026-03-27 02:00:24,684 - cyberbully - INFO - Per-sample predictions saved to experiments/supcon-grid/all-distilroberta-v1/tweeteval/prep0_aug0/seed_24677315/predictions.json
2026-03-27 02:00:24,787 - cyberbully - INFO - Confusion matrix figure saved to experiments/supcon-grid/all-distilroberta-v1/tweeteval/prep0_aug0/seed_24677315/confusion_matrix.pdf
2026-03-27 02:00:24,787 - cyberbully - INFO - Accuracy: 0.9750
2026-03-27 02:00:24,787 - cyberbully - INFO - Weighted F1: 0.9750
2026-03-27 02:00:24,787 - cyberbully - INFO - Micro F1: 0.9750
2026-03-27 02:00:24,787 - cyberbully - INFO - Inference time: 2.31 seconds
2026-03-27 02:00:24,787 - cyberbully - INFO - Energy consumption: 0.000118 kWh
2026-03-27 02:00:24,789 - cyberbully - INFO - ============================================================
2026-03-27 02:00:24,789 - cyberbully - INFO - Pipeline complete. Results saved to: experiments/supcon-grid/all-distilroberta-v1/tweeteval/prep0_aug0/seed_24677315
2026-03-27 02:00:24,789 - cyberbully - INFO - ============================================================
