2026-06-16 20:06:37,440 - cyberbully - INFO - ============================================================
2026-06-16 20:06:37,441 - cyberbully - INFO - Cyberbullying Detection Pipeline
2026-06-16 20:06:37,441 - cyberbully - INFO - ============================================================
2026-06-16 20:06:37,441 - cyberbully - INFO - Configuration:
2026-06-16 20:06:37,441 - cyberbully - INFO -   model          : albert/albert-base-v2
2026-06-16 20:06:37,441 - cyberbully - INFO -   dataset        : ieee
2026-06-16 20:06:37,441 - cyberbully - INFO -   preprocess     : False
2026-06-16 20:06:37,441 - cyberbully - INFO -   prep_mode      : 2
2026-06-16 20:06:37,441 - cyberbully - INFO -   augment        : False
2026-06-16 20:06:37,441 - cyberbully - INFO -   compute_attribution: False
2026-06-16 20:06:37,441 - cyberbully - INFO -   seed           : 99511865
2026-06-16 20:06:37,441 - cyberbully - INFO -   epochs         : 10
2026-06-16 20:06:37,441 - cyberbully - INFO -   batch_size     : 32
2026-06-16 20:06:37,441 - cyberbully - INFO -   lr             : 5e-05
2026-06-16 20:06:37,441 - cyberbully - INFO -   max_length     : 128
2026-06-16 20:06:37,441 - cyberbully - INFO -   output_dir     : grid-search
2026-06-16 20:06:37,441 - cyberbully - INFO -   data_dir       : dataset
2026-06-16 20:06:37,441 - cyberbully - INFO -   sbert          : False
2026-06-16 20:06:37,441 - cyberbully - INFO -   supcon         : False
2026-06-16 20:06:37,441 - cyberbully - INFO -   supcon_weight  : 0.1
2026-06-16 20:06:37,441 - cyberbully - INFO -   proj_dim       : 128
2026-06-16 20:06:37,441 - cyberbully - INFO -   grad_accum_steps: 1
2026-06-16 20:06:37,441 - cyberbully - INFO -   overwrite      : False
2026-06-16 20:06:37,441 - cyberbully - INFO -   device         : cuda
2026-06-16 20:06:37,441 - cyberbully - INFO -   output_dir     : experiments/grid-search/albert_albert-base-v2/ieee/prep2_aug0/seed_99511865
2026-06-16 20:06:37,441 - cyberbully - INFO - ============================================================
2026-06-16 20:06:37,441 - cyberbully - INFO - Step 1: Preparing data...
2026-06-16 20:06:37,445 - cyberbully - INFO - Loaded pre-split data from dataset/ieee — train: 1348, val: 338, test: 422
2026-06-16 20:06:37,445 - cyberbully - INFO - Label mapping: {'Cyberstalking': 0, 'Doxing': 1, 'Revenge Porn': 2, 'Sexual Harassment': 3, 'Slut Shaming': 4}
2026-06-16 20:06:37,445 - cyberbully - INFO - Applying partial text preprocessing per split...
2026-06-16 20:06:37,497 - cyberbully - INFO - After preprocessing -- train: 1348, val: 338, test: 422
2026-06-16 20:06:37,498 - cyberbully - INFO - Number of classes: 5
2026-06-16 20:06:37,499 - cyberbully - INFO - Step 2: Loading model and tokenizer...
2026-06-16 20:06:37,499 - cyberbully - INFO - Loading model 'albert/albert-base-v2' with 5 labels (sbert=False, supcon=False)
2026-06-16 20:06:38,612 - cyberbully - INFO - Step 3: Creating datasets...
2026-06-16 20:06:38,643 - cyberbully - INFO - Dataset sizes — train: 1348, val: 338, test: 422
2026-06-16 20:06:38,643 - cyberbully - INFO - Step 4: Training...
2026-06-16 20:06:38,819 - cyberbully - INFO - Starting training...
2026-06-16 20:07:29,172 - cyberbully - INFO - Training complete.
2026-06-16 20:07:29,181 - cyberbully - INFO - Removed checkpoint: experiments/grid-search/albert_albert-base-v2/ieee/prep2_aug0/seed_99511865/checkpoint-172
2026-06-16 20:07:29,190 - cyberbully - INFO - Removed checkpoint: experiments/grid-search/albert_albert-base-v2/ieee/prep2_aug0/seed_99511865/checkpoint-258
2026-06-16 20:07:29,198 - cyberbully - INFO - Removed checkpoint: experiments/grid-search/albert_albert-base-v2/ieee/prep2_aug0/seed_99511865/checkpoint-387
2026-06-16 20:07:29,206 - cyberbully - INFO - Removed checkpoint: experiments/grid-search/albert_albert-base-v2/ieee/prep2_aug0/seed_99511865/checkpoint-43
2026-06-16 20:07:29,214 - cyberbully - INFO - Removed checkpoint: experiments/grid-search/albert_albert-base-v2/ieee/prep2_aug0/seed_99511865/checkpoint-430
2026-06-16 20:07:29,223 - cyberbully - INFO - Removed checkpoint: experiments/grid-search/albert_albert-base-v2/ieee/prep2_aug0/seed_99511865/checkpoint-301
2026-06-16 20:07:29,231 - cyberbully - INFO - Removed checkpoint: experiments/grid-search/albert_albert-base-v2/ieee/prep2_aug0/seed_99511865/checkpoint-344
2026-06-16 20:07:29,239 - cyberbully - INFO - Removed checkpoint: experiments/grid-search/albert_albert-base-v2/ieee/prep2_aug0/seed_99511865/checkpoint-129
2026-06-16 20:07:29,247 - cyberbully - INFO - Removed checkpoint: experiments/grid-search/albert_albert-base-v2/ieee/prep2_aug0/seed_99511865/checkpoint-215
2026-06-16 20:07:29,255 - cyberbully - INFO - Removed checkpoint: experiments/grid-search/albert_albert-base-v2/ieee/prep2_aug0/seed_99511865/checkpoint-86
2026-06-16 20:07:29,255 - cyberbully - INFO - Step 5: Evaluating on test set...
2026-06-16 20:07:35,835 - cyberbully - INFO - Metrics saved to experiments/grid-search/albert_albert-base-v2/ieee/prep2_aug0/seed_99511865/metrics.json
2026-06-16 20:07:35,835 - cyberbully - INFO - Confusion matrix saved to experiments/grid-search/albert_albert-base-v2/ieee/prep2_aug0/seed_99511865/confusion_matrix.json
2026-06-16 20:07:35,841 - cyberbully - INFO - Per-sample predictions saved to experiments/grid-search/albert_albert-base-v2/ieee/prep2_aug0/seed_99511865/predictions.json
2026-06-16 20:07:35,946 - cyberbully - INFO - Confusion matrix figure saved to experiments/grid-search/albert_albert-base-v2/ieee/prep2_aug0/seed_99511865/confusion_matrix.pdf
2026-06-16 20:07:35,946 - cyberbully - INFO - Accuracy: 0.7867
2026-06-16 20:07:35,946 - cyberbully - INFO - Weighted F1: 0.7911
2026-06-16 20:07:35,946 - cyberbully - INFO - Micro F1: 0.7867
2026-06-16 20:07:35,946 - cyberbully - INFO - Inference time: 0.48 seconds
2026-06-16 20:07:35,946 - cyberbully - INFO - Energy consumption: 0.000055 kWh
2026-06-16 20:07:35,946 - cyberbully - INFO - ============================================================
2026-06-16 20:07:35,946 - cyberbully - INFO - Pipeline complete. Results saved to: experiments/grid-search/albert_albert-base-v2/ieee/prep2_aug0/seed_99511865
2026-06-16 20:07:35,946 - cyberbully - INFO - ============================================================
