2026-05-21 00:19:20,510 - cyberbully - INFO - Model 'all-MiniLM-L12-v2' detected as SBERT-based. Using SBERTClassifier pipeline.
2026-05-21 00:19:20,510 - cyberbully - INFO - ============================================================
2026-05-21 00:19:20,510 - cyberbully - INFO - Cyberbullying Detection Pipeline
2026-05-21 00:19:20,510 - cyberbully - INFO - ============================================================
2026-05-21 00:19:20,510 - cyberbully - INFO - Configuration:
2026-05-21 00:19:20,510 - cyberbully - INFO -   model          : all-MiniLM-L12-v2
2026-05-21 00:19:20,510 - cyberbully - INFO -   dataset        : kaggle
2026-05-21 00:19:20,510 - cyberbully - INFO -   preprocess     : True
2026-05-21 00:19:20,510 - cyberbully - INFO -   augment        : False
2026-05-21 00:19:20,510 - cyberbully - INFO -   compute_attribution: False
2026-05-21 00:19:20,510 - cyberbully - INFO -   seed           : 99511865
2026-05-21 00:19:20,510 - cyberbully - INFO -   epochs         : 10
2026-05-21 00:19:20,510 - cyberbully - INFO -   batch_size     : 32
2026-05-21 00:19:20,510 - cyberbully - INFO -   lr             : 5e-05
2026-05-21 00:19:20,510 - cyberbully - INFO -   max_length     : 128
2026-05-21 00:19:20,510 - cyberbully - INFO -   output_dir     : grid-search
2026-05-21 00:19:20,510 - cyberbully - INFO -   data_dir       : dataset
2026-05-21 00:19:20,510 - cyberbully - INFO -   sbert          : True
2026-05-21 00:19:20,510 - cyberbully - INFO -   supcon         : False
2026-05-21 00:19:20,510 - cyberbully - INFO -   supcon_weight  : 0.1
2026-05-21 00:19:20,510 - cyberbully - INFO -   proj_dim       : 128
2026-05-21 00:19:20,510 - cyberbully - INFO -   grad_accum_steps: 1
2026-05-21 00:19:20,510 - cyberbully - INFO -   overwrite      : True
2026-05-21 00:19:20,510 - cyberbully - INFO -   device         : cuda
2026-05-21 00:19:20,510 - cyberbully - INFO -   output_dir     : experiments/grid-search/all-MiniLM-L12-v2/kaggle/prep1_aug0/seed_99511865
2026-05-21 00:19:20,510 - cyberbully - INFO - ============================================================
2026-05-21 00:19:20,510 - cyberbully - INFO - Step 1: Preparing data...
2026-05-21 00:19:20,554 - cyberbully - INFO - Loaded pre-split data from dataset/kaggle — train: 25604, val: 6401, test: 8002
2026-05-21 00:19:20,555 - cyberbully - INFO - Label mapping: {'age': 0, 'ethnicity': 1, 'gender': 2, 'other_cyberbullying': 3, 'religion': 4}
2026-05-21 00:19:20,555 - cyberbully - INFO - Applying text preprocessing per split...
2026-05-21 00:19:25,076 - cyberbully - INFO - After preprocessing -- train: 25604, val: 6401, test: 8002
2026-05-21 00:19:25,080 - cyberbully - INFO - Number of classes: 5
2026-05-21 00:19:25,081 - cyberbully - INFO - Step 2: Loading model and tokenizer...
2026-05-21 00:19:25,081 - cyberbully - INFO - Loading model 'all-MiniLM-L12-v2' with 5 labels (sbert=True, supcon=False)
2026-05-21 00:19:31,079 - cyberbully - INFO - SBERTClassifier: embedding_dim=384, hidden=256, proj_dim=None, num_labels=5
2026-05-21 00:19:31,910 - cyberbully - INFO - Step 3: Creating datasets...
2026-05-21 00:19:32,639 - cyberbully - INFO - Dataset sizes — train: 25604, val: 6401, test: 8002
2026-05-21 00:19:32,639 - cyberbully - INFO - Step 4: Training...
2026-05-21 00:19:32,684 - cyberbully - INFO - Starting training...
2026-05-21 00:24:02,848 - cyberbully - INFO - Training complete.
2026-05-21 00:24:02,868 - cyberbully - INFO - Removed checkpoint: experiments/grid-search/all-MiniLM-L12-v2/kaggle/prep1_aug0/seed_99511865/checkpoint-5607
2026-05-21 00:24:02,891 - cyberbully - INFO - Removed checkpoint: experiments/grid-search/all-MiniLM-L12-v2/kaggle/prep1_aug0/seed_99511865/checkpoint-8010
2026-05-21 00:24:02,910 - cyberbully - INFO - Removed checkpoint: experiments/grid-search/all-MiniLM-L12-v2/kaggle/prep1_aug0/seed_99511865/checkpoint-6408
2026-05-21 00:24:02,930 - cyberbully - INFO - Removed checkpoint: experiments/grid-search/all-MiniLM-L12-v2/kaggle/prep1_aug0/seed_99511865/checkpoint-1602
2026-05-21 00:24:02,950 - cyberbully - INFO - Removed checkpoint: experiments/grid-search/all-MiniLM-L12-v2/kaggle/prep1_aug0/seed_99511865/checkpoint-3204
2026-05-21 00:24:02,973 - cyberbully - INFO - Removed checkpoint: experiments/grid-search/all-MiniLM-L12-v2/kaggle/prep1_aug0/seed_99511865/checkpoint-7209
2026-05-21 00:24:02,992 - cyberbully - INFO - Removed checkpoint: experiments/grid-search/all-MiniLM-L12-v2/kaggle/prep1_aug0/seed_99511865/checkpoint-4005
2026-05-21 00:24:03,012 - cyberbully - INFO - Removed checkpoint: experiments/grid-search/all-MiniLM-L12-v2/kaggle/prep1_aug0/seed_99511865/checkpoint-4806
2026-05-21 00:24:03,032 - cyberbully - INFO - Removed checkpoint: experiments/grid-search/all-MiniLM-L12-v2/kaggle/prep1_aug0/seed_99511865/checkpoint-801
2026-05-21 00:24:03,052 - cyberbully - INFO - Removed checkpoint: experiments/grid-search/all-MiniLM-L12-v2/kaggle/prep1_aug0/seed_99511865/checkpoint-2403
2026-05-21 00:24:03,052 - cyberbully - INFO - Step 5: Evaluating on test set...
2026-05-21 00:24:11,130 - cyberbully - INFO - Metrics saved to experiments/grid-search/all-MiniLM-L12-v2/kaggle/prep1_aug0/seed_99511865/metrics.json
2026-05-21 00:24:11,130 - cyberbully - INFO - Confusion matrix saved to experiments/grid-search/all-MiniLM-L12-v2/kaggle/prep1_aug0/seed_99511865/confusion_matrix.json
2026-05-21 00:24:11,210 - cyberbully - INFO - Per-sample predictions saved to experiments/grid-search/all-MiniLM-L12-v2/kaggle/prep1_aug0/seed_99511865/predictions.json
2026-05-21 00:24:11,314 - cyberbully - INFO - Confusion matrix figure saved to experiments/grid-search/all-MiniLM-L12-v2/kaggle/prep1_aug0/seed_99511865/confusion_matrix.pdf
2026-05-21 00:24:11,314 - cyberbully - INFO - Accuracy: 0.9453
2026-05-21 00:24:11,314 - cyberbully - INFO - Weighted F1: 0.9452
2026-05-21 00:24:11,314 - cyberbully - INFO - Micro F1: 0.9453
2026-05-21 00:24:11,314 - cyberbully - INFO - Inference time: 1.92 seconds
2026-05-21 00:24:11,314 - cyberbully - INFO - Energy consumption: 0.000141 kWh
2026-05-21 00:24:11,316 - cyberbully - INFO - ============================================================
2026-05-21 00:24:11,316 - cyberbully - INFO - Pipeline complete. Results saved to: experiments/grid-search/all-MiniLM-L12-v2/kaggle/prep1_aug0/seed_99511865
2026-05-21 00:24:11,316 - cyberbully - INFO - ============================================================
