2026-02-20 09:56:05,136 - cyberbully - INFO - ============================================================
2026-02-20 09:56:05,136 - cyberbully - INFO - Cyberbullying Detection Pipeline
2026-02-20 09:56:05,136 - cyberbully - INFO - ============================================================
2026-02-20 09:56:05,136 - cyberbully - INFO - Configuration:
2026-02-20 09:56:05,136 - cyberbully - INFO -   model          : all-MiniLM-L6-v2
2026-02-20 09:56:05,136 - cyberbully - INFO -   dataset        : tweeteval
2026-02-20 09:56:05,136 - cyberbully - INFO -   preprocess     : True
2026-02-20 09:56:05,136 - cyberbully - INFO -   augment        : False
2026-02-20 09:56:05,136 - cyberbully - INFO -   compute_attribution: False
2026-02-20 09:56:05,136 - cyberbully - INFO -   seed           : 37622020
2026-02-20 09:56:05,136 - cyberbully - INFO -   epochs         : 5
2026-02-20 09:56:05,136 - cyberbully - INFO -   batch_size     : 16
2026-02-20 09:56:05,136 - cyberbully - INFO -   lr             : 2e-05
2026-02-20 09:56:05,136 - cyberbully - INFO -   max_length     : 128
2026-02-20 09:56:05,136 - cyberbully - INFO -   output_dir     : sbert-model
2026-02-20 09:56:05,136 - cyberbully - INFO -   data_dir       : dataset
2026-02-20 09:56:05,136 - cyberbully - INFO -   sbert          : True
2026-02-20 09:56:05,136 - cyberbully - INFO -   overwrite      : False
2026-02-20 09:56:05,136 - cyberbully - INFO -   device         : cuda
2026-02-20 09:56:05,136 - cyberbully - INFO -   output_dir     : experiments/sbert-model/all-MiniLM-L6-v2/tweeteval/prep1_aug0/seed_37622020
2026-02-20 09:56:05,136 - cyberbully - INFO - ============================================================
2026-02-20 09:56:05,136 - cyberbully - INFO - Step 1: Preparing data...
2026-02-20 09:56:05,136 - cyberbully - INFO - Loading dataset 'tweeteval' from dataset/Tweeteval.csv
2026-02-20 09:56:05,209 - cyberbully - INFO - Loaded 50759 samples with 5 classes: ['emotion', 'hate', 'offensive', 'religion', 'spiritual']
2026-02-20 09:56:05,209 - cyberbully - INFO - Applying text preprocessing...
2026-02-20 09:56:59,655 - cyberbully - INFO - After preprocessing: 47392 samples remain
2026-02-20 09:56:59,658 - cyberbully - INFO - Label mapping: {'emotion': 0, 'hate': 1, 'offensive': 2, 'religion': 3, 'spiritual': 4}
2026-02-20 09:56:59,670 - cyberbully - INFO - Split sizes — train: 30330, val: 7583, test: 9479
2026-02-20 09:56:59,671 - cyberbully - INFO - Number of classes: 5
2026-02-20 09:56:59,672 - cyberbully - INFO - Step 2: Loading model and tokenizer...
2026-02-20 09:56:59,672 - cyberbully - INFO - Loading model 'all-MiniLM-L6-v2' with 5 labels (sbert=True)
2026-02-20 09:57:02,252 - cyberbully - INFO - SBERTClassifier: embedding_dim=384, hidden=256, num_labels=5
2026-02-20 09:57:02,547 - cyberbully - INFO - Step 3: Creating datasets...
2026-02-20 09:57:03,478 - cyberbully - INFO - Dataset sizes — train: 30330, val: 7583, test: 9479
2026-02-20 09:57:03,478 - cyberbully - INFO - Step 4: Training...
2026-02-20 09:57:03,524 - cyberbully - INFO - Starting training...
2026-02-20 09:59:32,060 - cyberbully - INFO - Training complete.
2026-02-20 09:59:32,060 - cyberbully - INFO - Step 5: Evaluating on test set...
2026-02-20 09:59:38,199 - cyberbully - INFO - Metrics saved to experiments/sbert-model/all-MiniLM-L6-v2/tweeteval/prep1_aug0/seed_37622020/metrics.json
2026-02-20 09:59:38,199 - cyberbully - INFO - Confusion matrix saved to experiments/sbert-model/all-MiniLM-L6-v2/tweeteval/prep1_aug0/seed_37622020/confusion_matrix.json
2026-02-20 09:59:38,300 - cyberbully - INFO - Confusion matrix figure saved to experiments/sbert-model/all-MiniLM-L6-v2/tweeteval/prep1_aug0/seed_37622020/confusion_matrix.pdf
2026-02-20 09:59:38,300 - cyberbully - INFO - Accuracy: 0.9387
2026-02-20 09:59:38,300 - cyberbully - INFO - Weighted F1: 0.9388
2026-02-20 09:59:38,300 - cyberbully - INFO - Micro F1: 0.9387
2026-02-20 09:59:38,300 - cyberbully - INFO - Inference time: 1.83 seconds
2026-02-20 09:59:38,300 - cyberbully - INFO - Energy consumption: 0.000107 kWh
2026-02-20 09:59:38,300 - cyberbully - INFO - ============================================================
2026-02-20 09:59:38,300 - cyberbully - INFO - Pipeline complete. Results saved to: experiments/sbert-model/all-MiniLM-L6-v2/tweeteval/prep1_aug0/seed_37622020
2026-02-20 09:59:38,301 - cyberbully - INFO - ============================================================
