2026-02-11 14:17:43,853 - cyberbully - INFO - ============================================================
2026-02-11 14:17:43,853 - cyberbully - INFO - Cyberbullying Detection Pipeline
2026-02-11 14:17:43,853 - cyberbully - INFO - ============================================================
2026-02-11 14:17:43,853 - cyberbully - INFO - Configuration:
2026-02-11 14:17:43,853 - cyberbully - INFO -   model          : distilbert-base-uncased
2026-02-11 14:17:43,853 - cyberbully - INFO -   dataset        : tweeteval
2026-02-11 14:17:43,853 - cyberbully - INFO -   preprocess     : True
2026-02-11 14:17:43,853 - cyberbully - INFO -   augment        : False
2026-02-11 14:17:43,853 - cyberbully - INFO -   compute_attribution: False
2026-02-11 14:17:43,853 - cyberbully - INFO -   seed           : 67351593
2026-02-11 14:17:43,853 - cyberbully - INFO -   epochs         : 5
2026-02-11 14:17:43,853 - cyberbully - INFO -   batch_size     : 16
2026-02-11 14:17:43,853 - cyberbully - INFO -   lr             : 2e-05
2026-02-11 14:17:43,853 - cyberbully - INFO -   max_length     : 128
2026-02-11 14:17:43,853 - cyberbully - INFO -   output_dir     : experiments
2026-02-11 14:17:43,853 - cyberbully - INFO -   data_dir       : dataset
2026-02-11 14:17:43,853 - cyberbully - INFO -   overwrite      : False
2026-02-11 14:17:43,853 - cyberbully - INFO -   device         : cuda
2026-02-11 14:17:43,853 - cyberbully - INFO -   output_dir     : experiments/distilbert-base-uncased/tweeteval/prep1_aug0/seed_67351593
2026-02-11 14:17:43,853 - cyberbully - INFO - ============================================================
2026-02-11 14:17:43,853 - cyberbully - INFO - Step 1: Preparing data...
2026-02-11 14:17:43,853 - cyberbully - INFO - Loading dataset 'tweeteval' from dataset/Tweeteval.csv
2026-02-11 14:17:43,925 - cyberbully - INFO - Loaded 50759 samples with 5 classes: ['emotion', 'hate', 'offensive', 'religion', 'spiritual']
2026-02-11 14:17:43,925 - cyberbully - INFO - Applying text preprocessing...
2026-02-11 14:18:38,321 - cyberbully - INFO - After preprocessing: 47371 samples remain
2026-02-11 14:18:38,324 - cyberbully - INFO - Label mapping: {'emotion': 0, 'hate': 1, 'offensive': 2, 'religion': 3, 'spiritual': 4}
2026-02-11 14:18:38,336 - cyberbully - INFO - Split sizes — train: 30316, val: 7580, test: 9475
2026-02-11 14:18:38,336 - cyberbully - INFO - Number of classes: 5
2026-02-11 14:18:38,336 - cyberbully - INFO - Step 2: Loading model and tokenizer...
2026-02-11 14:18:38,337 - cyberbully - INFO - Loading model 'distilbert-base-uncased' with 5 labels
2026-02-11 14:18:39,041 - cyberbully - INFO - Step 3: Tokenizing datasets...
2026-02-11 14:18:39,743 - cyberbully - INFO - Dataset sizes — train: 30316, val: 7580, test: 9475
2026-02-11 14:18:39,744 - cyberbully - INFO - Step 4: Training...
2026-02-11 14:18:39,946 - cyberbully - INFO - Starting training...
2026-02-11 14:23:54,961 - cyberbully - INFO - Training complete.
2026-02-11 14:23:54,961 - cyberbully - INFO - Step 5: Evaluating on test set...
2026-02-11 14:24:03,007 - cyberbully - INFO - Metrics saved to experiments/distilbert-base-uncased/tweeteval/prep1_aug0/seed_67351593/metrics.json
2026-02-11 14:24:03,008 - cyberbully - INFO - Confusion matrix saved to experiments/distilbert-base-uncased/tweeteval/prep1_aug0/seed_67351593/confusion_matrix.json
2026-02-11 14:24:03,109 - cyberbully - INFO - Confusion matrix figure saved to experiments/distilbert-base-uncased/tweeteval/prep1_aug0/seed_67351593/confusion_matrix.pdf
2026-02-11 14:24:03,109 - cyberbully - INFO - Accuracy: 0.9396
2026-02-11 14:24:03,110 - cyberbully - INFO - Weighted F1: 0.9395
2026-02-11 14:24:03,110 - cyberbully - INFO - Micro F1: 0.9396
2026-02-11 14:24:03,110 - cyberbully - INFO - Inference time: 3.73 seconds
2026-02-11 14:24:03,110 - cyberbully - INFO - Energy consumption: 0.000221 kWh
2026-02-11 14:24:03,110 - cyberbully - INFO - ============================================================
2026-02-11 14:24:03,110 - cyberbully - INFO - Pipeline complete. Results saved to: experiments/distilbert-base-uncased/tweeteval/prep1_aug0/seed_67351593
2026-02-11 14:24:03,110 - cyberbully - INFO - ============================================================
