2026-02-20 19:03:14,505 - cyberbully - INFO - ============================================================
2026-02-20 19:03:14,506 - cyberbully - INFO - Cyberbullying Detection Pipeline
2026-02-20 19:03:14,506 - cyberbully - INFO - ============================================================
2026-02-20 19:03:14,506 - cyberbully - INFO - Configuration:
2026-02-20 19:03:14,506 - cyberbully - INFO -   model          : all-mpnet-base-v2
2026-02-20 19:03:14,506 - cyberbully - INFO -   dataset        : ieee
2026-02-20 19:03:14,506 - cyberbully - INFO -   preprocess     : True
2026-02-20 19:03:14,506 - cyberbully - INFO -   augment        : True
2026-02-20 19:03:14,506 - cyberbully - INFO -   compute_attribution: False
2026-02-20 19:03:14,506 - cyberbully - INFO -   seed           : 52680723
2026-02-20 19:03:14,506 - cyberbully - INFO -   epochs         : 5
2026-02-20 19:03:14,506 - cyberbully - INFO -   batch_size     : 16
2026-02-20 19:03:14,506 - cyberbully - INFO -   lr             : 2e-05
2026-02-20 19:03:14,506 - cyberbully - INFO -   max_length     : 128
2026-02-20 19:03:14,506 - cyberbully - INFO -   output_dir     : sbert-model
2026-02-20 19:03:14,506 - cyberbully - INFO -   data_dir       : dataset
2026-02-20 19:03:14,506 - cyberbully - INFO -   sbert          : True
2026-02-20 19:03:14,506 - cyberbully - INFO -   overwrite      : False
2026-02-20 19:03:14,506 - cyberbully - INFO -   device         : cuda
2026-02-20 19:03:14,506 - cyberbully - INFO -   output_dir     : experiments/sbert-model/all-mpnet-base-v2/ieee/prep1_aug1/seed_52680723
2026-02-20 19:03:14,506 - cyberbully - INFO - ============================================================
2026-02-20 19:03:14,506 - cyberbully - INFO - Step 1: Preparing data...
2026-02-20 19:03:14,506 - cyberbully - INFO - Loading dataset 'ieee' from dataset/IEEE Data Port.csv
2026-02-20 19:03:14,512 - cyberbully - INFO - Loaded 2108 samples with 5 classes: ['Cyberstalking', 'Doxing', 'Revenge Porn', 'Sexual Harassment', 'Slut Shaming']
2026-02-20 19:03:14,513 - cyberbully - INFO - Applying text preprocessing...
2026-02-20 19:03:17,595 - cyberbully - INFO - After preprocessing: 1814 samples remain
2026-02-20 19:03:17,596 - cyberbully - INFO - Label mapping: {'Cyberstalking': 0, 'Doxing': 1, 'Revenge Porn': 2, 'Sexual Harassment': 3, 'Slut Shaming': 4}
2026-02-20 19:03:17,598 - cyberbully - INFO - Split sizes — train: 1160, val: 291, test: 363
2026-02-20 19:03:17,598 - cyberbully - INFO - Applying training data augmentation (oversampling)...
2026-02-20 19:03:17,599 - cyberbully - INFO - After oversampling — class distribution: {0: 286, 1: 286, 2: 286, 3: 286, 4: 286}
2026-02-20 19:03:17,599 - cyberbully - INFO - Number of classes: 5
2026-02-20 19:03:17,600 - cyberbully - INFO - Step 2: Loading model and tokenizer...
2026-02-20 19:03:17,600 - cyberbully - INFO - Loading model 'all-mpnet-base-v2' with 5 labels (sbert=True)
2026-02-20 19:03:20,200 - cyberbully - INFO - SBERTClassifier: embedding_dim=768, hidden=256, num_labels=5
2026-02-20 19:03:20,490 - cyberbully - INFO - Step 3: Creating datasets...
2026-02-20 19:03:20,527 - cyberbully - INFO - Dataset sizes — train: 1430, val: 291, test: 363
2026-02-20 19:03:20,527 - cyberbully - INFO - Step 4: Training...
2026-02-20 19:03:20,583 - cyberbully - INFO - Starting training...
2026-02-20 19:03:48,775 - cyberbully - INFO - Training complete.
2026-02-20 19:03:48,776 - cyberbully - INFO - Step 5: Evaluating on test set...
2026-02-20 19:03:53,326 - cyberbully - INFO - Metrics saved to experiments/sbert-model/all-mpnet-base-v2/ieee/prep1_aug1/seed_52680723/metrics.json
2026-02-20 19:03:53,326 - cyberbully - INFO - Confusion matrix saved to experiments/sbert-model/all-mpnet-base-v2/ieee/prep1_aug1/seed_52680723/confusion_matrix.json
2026-02-20 19:03:53,429 - cyberbully - INFO - Confusion matrix figure saved to experiments/sbert-model/all-mpnet-base-v2/ieee/prep1_aug1/seed_52680723/confusion_matrix.pdf
2026-02-20 19:03:53,429 - cyberbully - INFO - Accuracy: 0.8567
2026-02-20 19:03:53,429 - cyberbully - INFO - Weighted F1: 0.8569
2026-02-20 19:03:53,429 - cyberbully - INFO - Micro F1: 0.8567
2026-02-20 19:03:53,430 - cyberbully - INFO - Inference time: 0.29 seconds
2026-02-20 19:03:53,430 - cyberbully - INFO - Energy consumption: 0.000016 kWh
2026-02-20 19:03:53,430 - cyberbully - INFO - ============================================================
2026-02-20 19:03:53,430 - cyberbully - INFO - Pipeline complete. Results saved to: experiments/sbert-model/all-mpnet-base-v2/ieee/prep1_aug1/seed_52680723
2026-02-20 19:03:53,430 - cyberbully - INFO - ============================================================
