2026-04-13 01:24:14,661 - cyberbully - INFO - ============================================================
2026-04-13 01:24:14,661 - cyberbully - INFO - Cyberbullying Detection Pipeline
2026-04-13 01:24:14,661 - cyberbully - INFO - ============================================================
2026-04-13 01:24:14,661 - cyberbully - INFO - Configuration:
2026-04-13 01:24:14,662 - cyberbully - INFO -   model          : Twitter/twhin-bert-base
2026-04-13 01:24:14,662 - cyberbully - INFO -   dataset        : ieee
2026-04-13 01:24:14,662 - cyberbully - INFO -   preprocess     : False
2026-04-13 01:24:14,662 - cyberbully - INFO -   augment        : False
2026-04-13 01:24:14,662 - cyberbully - INFO -   compute_attribution: False
2026-04-13 01:24:14,662 - cyberbully - INFO -   seed           : 67351593
2026-04-13 01:24:14,662 - cyberbully - INFO -   epochs         : 10
2026-04-13 01:24:14,662 - cyberbully - INFO -   batch_size     : 32
2026-04-13 01:24:14,662 - cyberbully - INFO -   lr             : 5e-05
2026-04-13 01:24:14,662 - cyberbully - INFO -   max_length     : 128
2026-04-13 01:24:14,662 - cyberbully - INFO -   output_dir     : grid-search
2026-04-13 01:24:14,662 - cyberbully - INFO -   data_dir       : dataset
2026-04-13 01:24:14,662 - cyberbully - INFO -   sbert          : False
2026-04-13 01:24:14,662 - cyberbully - INFO -   supcon         : False
2026-04-13 01:24:14,662 - cyberbully - INFO -   supcon_weight  : 0.1
2026-04-13 01:24:14,662 - cyberbully - INFO -   proj_dim       : 128
2026-04-13 01:24:14,662 - cyberbully - INFO -   grad_accum_steps: 1
2026-04-13 01:24:14,662 - cyberbully - INFO -   overwrite      : False
2026-04-13 01:24:14,662 - cyberbully - INFO -   device         : cuda
2026-04-13 01:24:14,662 - cyberbully - INFO -   output_dir     : experiments/grid-search/Twitter_twhin-bert-base/ieee/prep0_aug0/seed_67351593
2026-04-13 01:24:14,662 - cyberbully - INFO - ============================================================
2026-04-13 01:24:14,662 - cyberbully - INFO - Step 1: Preparing data...
2026-04-13 01:24:14,665 - cyberbully - INFO - Loaded pre-split data from dataset/ieee — train: 1348, val: 338, test: 422
2026-04-13 01:24:14,666 - cyberbully - INFO - Label mapping: {'Cyberstalking': 0, 'Doxing': 1, 'Revenge Porn': 2, 'Sexual Harassment': 3, 'Slut Shaming': 4}
2026-04-13 01:24:14,667 - cyberbully - INFO - Number of classes: 5
2026-04-13 01:24:14,668 - cyberbully - INFO - Step 2: Loading model and tokenizer...
2026-04-13 01:24:14,668 - cyberbully - INFO - Loading model 'Twitter/twhin-bert-base' with 5 labels (sbert=False, supcon=False)
2026-04-13 01:24:16,226 - cyberbully - INFO - Step 3: Creating datasets...
2026-04-13 01:24:16,253 - cyberbully - INFO - Dataset sizes — train: 1348, val: 338, test: 422
2026-04-13 01:24:16,253 - cyberbully - INFO - Step 4: Training...
2026-04-13 01:24:16,581 - cyberbully - INFO - Starting training...
2026-04-13 01:28:43,012 - cyberbully - INFO - Training complete.
2026-04-13 01:28:43,168 - cyberbully - INFO - Removed checkpoint: experiments/grid-search/Twitter_twhin-bert-base/ieee/prep0_aug0/seed_67351593/checkpoint-172
2026-04-13 01:28:43,327 - cyberbully - INFO - Removed checkpoint: experiments/grid-search/Twitter_twhin-bert-base/ieee/prep0_aug0/seed_67351593/checkpoint-258
2026-04-13 01:28:43,499 - cyberbully - INFO - Removed checkpoint: experiments/grid-search/Twitter_twhin-bert-base/ieee/prep0_aug0/seed_67351593/checkpoint-387
2026-04-13 01:28:43,660 - cyberbully - INFO - Removed checkpoint: experiments/grid-search/Twitter_twhin-bert-base/ieee/prep0_aug0/seed_67351593/checkpoint-43
2026-04-13 01:28:43,837 - cyberbully - INFO - Removed checkpoint: experiments/grid-search/Twitter_twhin-bert-base/ieee/prep0_aug0/seed_67351593/checkpoint-430
2026-04-13 01:28:43,999 - cyberbully - INFO - Removed checkpoint: experiments/grid-search/Twitter_twhin-bert-base/ieee/prep0_aug0/seed_67351593/checkpoint-301
2026-04-13 01:28:44,167 - cyberbully - INFO - Removed checkpoint: experiments/grid-search/Twitter_twhin-bert-base/ieee/prep0_aug0/seed_67351593/checkpoint-344
2026-04-13 01:28:44,324 - cyberbully - INFO - Removed checkpoint: experiments/grid-search/Twitter_twhin-bert-base/ieee/prep0_aug0/seed_67351593/checkpoint-129
2026-04-13 01:28:44,484 - cyberbully - INFO - Removed checkpoint: experiments/grid-search/Twitter_twhin-bert-base/ieee/prep0_aug0/seed_67351593/checkpoint-215
2026-04-13 01:28:44,640 - cyberbully - INFO - Removed checkpoint: experiments/grid-search/Twitter_twhin-bert-base/ieee/prep0_aug0/seed_67351593/checkpoint-86
2026-04-13 01:28:44,640 - cyberbully - INFO - Step 5: Evaluating on test set...
2026-04-13 01:28:49,683 - cyberbully - INFO - Metrics saved to experiments/grid-search/Twitter_twhin-bert-base/ieee/prep0_aug0/seed_67351593/metrics.json
2026-04-13 01:28:49,683 - cyberbully - INFO - Confusion matrix saved to experiments/grid-search/Twitter_twhin-bert-base/ieee/prep0_aug0/seed_67351593/confusion_matrix.json
2026-04-13 01:28:49,688 - cyberbully - INFO - Per-sample predictions saved to experiments/grid-search/Twitter_twhin-bert-base/ieee/prep0_aug0/seed_67351593/predictions.json
2026-04-13 01:28:49,791 - cyberbully - INFO - Confusion matrix figure saved to experiments/grid-search/Twitter_twhin-bert-base/ieee/prep0_aug0/seed_67351593/confusion_matrix.pdf
2026-04-13 01:28:49,791 - cyberbully - INFO - Accuracy: 0.8483
2026-04-13 01:28:49,791 - cyberbully - INFO - Weighted F1: 0.8495
2026-04-13 01:28:49,791 - cyberbully - INFO - Micro F1: 0.8483
2026-04-13 01:28:49,791 - cyberbully - INFO - Inference time: 0.32 seconds
2026-04-13 01:28:49,791 - cyberbully - INFO - Energy consumption: 0.000019 kWh
2026-04-13 01:28:49,791 - cyberbully - INFO - ============================================================
2026-04-13 01:28:49,791 - cyberbully - INFO - Pipeline complete. Results saved to: experiments/grid-search/Twitter_twhin-bert-base/ieee/prep0_aug0/seed_67351593
2026-04-13 01:28:49,791 - cyberbully - INFO - ============================================================
