2026-03-21 15:16:34,221 - cyberbully - INFO - ============================================================
2026-03-21 15:16:34,221 - cyberbully - INFO - Cyberbullying Detection Pipeline
2026-03-21 15:16:34,221 - cyberbully - INFO - ============================================================
2026-03-21 15:16:34,221 - cyberbully - INFO - Configuration:
2026-03-21 15:16:34,221 - cyberbully - INFO -   model          : distilbert-base-cased
2026-03-21 15:16:34,221 - cyberbully - INFO -   dataset        : ieee
2026-03-21 15:16:34,221 - cyberbully - INFO -   preprocess     : True
2026-03-21 15:16:34,221 - cyberbully - INFO -   augment        : False
2026-03-21 15:16:34,221 - cyberbully - INFO -   compute_attribution: False
2026-03-21 15:16:34,221 - cyberbully - INFO -   seed           : 87212562
2026-03-21 15:16:34,221 - cyberbully - INFO -   epochs         : 10
2026-03-21 15:16:34,221 - cyberbully - INFO -   batch_size     : 32
2026-03-21 15:16:34,221 - cyberbully - INFO -   lr             : 5e-05
2026-03-21 15:16:34,221 - cyberbully - INFO -   max_length     : 128
2026-03-21 15:16:34,221 - cyberbully - INFO -   output_dir     : grid-search
2026-03-21 15:16:34,221 - cyberbully - INFO -   data_dir       : dataset
2026-03-21 15:16:34,221 - cyberbully - INFO -   sbert          : False
2026-03-21 15:16:34,221 - cyberbully - INFO -   supcon         : False
2026-03-21 15:16:34,221 - cyberbully - INFO -   supcon_weight  : 0.1
2026-03-21 15:16:34,221 - cyberbully - INFO -   proj_dim       : 128
2026-03-21 15:16:34,221 - cyberbully - INFO -   grad_accum_steps: 1
2026-03-21 15:16:34,221 - cyberbully - INFO -   overwrite      : False
2026-03-21 15:16:34,221 - cyberbully - INFO -   device         : cuda
2026-03-21 15:16:34,221 - cyberbully - INFO -   output_dir     : experiments/grid-search/distilbert-base-cased/ieee/prep1_aug0/seed_87212562
2026-03-21 15:16:34,221 - cyberbully - INFO - ============================================================
2026-03-21 15:16:34,221 - cyberbully - INFO - Step 1: Preparing data...
2026-03-21 15:16:34,224 - cyberbully - INFO - Loaded pre-split data from dataset/ieee — train: 1348, val: 338, test: 422
2026-03-21 15:16:34,224 - cyberbully - INFO - Label mapping: {'Cyberstalking': 0, 'Doxing': 1, 'Revenge Porn': 2, 'Sexual Harassment': 3, 'Slut Shaming': 4}
2026-03-21 15:16:34,224 - cyberbully - INFO - Applying text preprocessing per split...
2026-03-21 15:16:37,319 - cyberbully - INFO - After preprocessing — train: 1173, val: 304, test: 376
2026-03-21 15:16:37,321 - cyberbully - INFO - Number of classes: 5
2026-03-21 15:16:37,322 - cyberbully - INFO - Step 2: Loading model and tokenizer...
2026-03-21 15:16:37,322 - cyberbully - INFO - Loading model 'distilbert-base-cased' with 5 labels (sbert=False, supcon=False)
2026-03-21 15:16:38,011 - cyberbully - INFO - Step 3: Creating datasets...
2026-03-21 15:16:38,031 - cyberbully - INFO - Dataset sizes — train: 1173, val: 304, test: 376
2026-03-21 15:16:38,032 - cyberbully - INFO - Step 4: Training...
2026-03-21 15:16:38,263 - cyberbully - INFO - Starting training...
2026-03-21 15:17:02,600 - cyberbully - INFO - Training complete.
2026-03-21 15:17:02,645 - cyberbully - INFO - Removed checkpoint: experiments/grid-search/distilbert-base-cased/ieee/prep1_aug0/seed_87212562/checkpoint-111
2026-03-21 15:17:02,689 - cyberbully - INFO - Removed checkpoint: experiments/grid-search/distilbert-base-cased/ieee/prep1_aug0/seed_87212562/checkpoint-370
2026-03-21 15:17:02,737 - cyberbully - INFO - Removed checkpoint: experiments/grid-search/distilbert-base-cased/ieee/prep1_aug0/seed_87212562/checkpoint-37
2026-03-21 15:17:02,945 - cyberbully - INFO - Removed checkpoint: experiments/grid-search/distilbert-base-cased/ieee/prep1_aug0/seed_87212562/checkpoint-148
2026-03-21 15:17:02,989 - cyberbully - INFO - Removed checkpoint: experiments/grid-search/distilbert-base-cased/ieee/prep1_aug0/seed_87212562/checkpoint-296
2026-03-21 15:17:03,034 - cyberbully - INFO - Removed checkpoint: experiments/grid-search/distilbert-base-cased/ieee/prep1_aug0/seed_87212562/checkpoint-333
2026-03-21 15:17:03,080 - cyberbully - INFO - Removed checkpoint: experiments/grid-search/distilbert-base-cased/ieee/prep1_aug0/seed_87212562/checkpoint-185
2026-03-21 15:17:03,125 - cyberbully - INFO - Removed checkpoint: experiments/grid-search/distilbert-base-cased/ieee/prep1_aug0/seed_87212562/checkpoint-222
2026-03-21 15:17:03,171 - cyberbully - INFO - Removed checkpoint: experiments/grid-search/distilbert-base-cased/ieee/prep1_aug0/seed_87212562/checkpoint-259
2026-03-21 15:17:03,217 - cyberbully - INFO - Removed checkpoint: experiments/grid-search/distilbert-base-cased/ieee/prep1_aug0/seed_87212562/checkpoint-74
2026-03-21 15:17:03,217 - cyberbully - INFO - Step 5: Evaluating on test set...
2026-03-21 15:17:07,635 - cyberbully - INFO - Metrics saved to experiments/grid-search/distilbert-base-cased/ieee/prep1_aug0/seed_87212562/metrics.json
2026-03-21 15:17:07,635 - cyberbully - INFO - Confusion matrix saved to experiments/grid-search/distilbert-base-cased/ieee/prep1_aug0/seed_87212562/confusion_matrix.json
2026-03-21 15:17:07,639 - cyberbully - INFO - Per-sample predictions saved to experiments/grid-search/distilbert-base-cased/ieee/prep1_aug0/seed_87212562/predictions.json
2026-03-21 15:17:07,739 - cyberbully - INFO - Confusion matrix figure saved to experiments/grid-search/distilbert-base-cased/ieee/prep1_aug0/seed_87212562/confusion_matrix.pdf
2026-03-21 15:17:07,739 - cyberbully - INFO - Accuracy: 0.7952
2026-03-21 15:17:07,739 - cyberbully - INFO - Weighted F1: 0.8021
2026-03-21 15:17:07,739 - cyberbully - INFO - Micro F1: 0.7952
2026-03-21 15:17:07,739 - cyberbully - INFO - Inference time: 0.15 seconds
2026-03-21 15:17:07,739 - cyberbully - INFO - Energy consumption: 0.000010 kWh
2026-03-21 15:17:07,739 - cyberbully - INFO - ============================================================
2026-03-21 15:17:07,739 - cyberbully - INFO - Pipeline complete. Results saved to: experiments/grid-search/distilbert-base-cased/ieee/prep1_aug0/seed_87212562
2026-03-21 15:17:07,739 - cyberbully - INFO - ============================================================
