2026-03-25 12:51:54,223 - cyberbully - INFO - Model 'all-MiniLM-L12-v2' detected as SBERT-based. Using SBERTClassifier pipeline.
2026-03-25 12:51:54,223 - cyberbully - INFO - ============================================================
2026-03-25 12:51:54,223 - cyberbully - INFO - Cyberbullying Detection Pipeline
2026-03-25 12:51:54,223 - cyberbully - INFO - ============================================================
2026-03-25 12:51:54,223 - cyberbully - INFO - Configuration:
2026-03-25 12:51:54,223 - cyberbully - INFO -   model          : all-MiniLM-L12-v2
2026-03-25 12:51:54,223 - cyberbully - INFO -   dataset        : kaggle
2026-03-25 12:51:54,223 - cyberbully - INFO -   preprocess     : False
2026-03-25 12:51:54,223 - cyberbully - INFO -   augment        : True
2026-03-25 12:51:54,223 - cyberbully - INFO -   compute_attribution: False
2026-03-25 12:51:54,223 - cyberbully - INFO -   seed           : 43782163
2026-03-25 12:51:54,223 - cyberbully - INFO -   epochs         : 10
2026-03-25 12:51:54,223 - cyberbully - INFO -   batch_size     : 32
2026-03-25 12:51:54,223 - cyberbully - INFO -   lr             : 5e-05
2026-03-25 12:51:54,223 - cyberbully - INFO -   max_length     : 128
2026-03-25 12:51:54,223 - cyberbully - INFO -   output_dir     : grid-search
2026-03-25 12:51:54,223 - cyberbully - INFO -   data_dir       : dataset
2026-03-25 12:51:54,223 - cyberbully - INFO -   sbert          : True
2026-03-25 12:51:54,223 - cyberbully - INFO -   supcon         : False
2026-03-25 12:51:54,223 - cyberbully - INFO -   supcon_weight  : 0.1
2026-03-25 12:51:54,223 - cyberbully - INFO -   proj_dim       : 128
2026-03-25 12:51:54,223 - cyberbully - INFO -   grad_accum_steps: 1
2026-03-25 12:51:54,223 - cyberbully - INFO -   overwrite      : False
2026-03-25 12:51:54,223 - cyberbully - INFO -   device         : cuda
2026-03-25 12:51:54,223 - cyberbully - INFO -   output_dir     : experiments/grid-search/all-MiniLM-L12-v2/kaggle/prep0_aug1/seed_43782163
2026-03-25 12:51:54,223 - cyberbully - INFO - ============================================================
2026-03-25 12:51:54,223 - cyberbully - INFO - Step 1: Preparing data...
2026-03-25 12:51:54,273 - cyberbully - INFO - Loaded pre-split data from dataset/kaggle — train: 25604, val: 6401, test: 8002
2026-03-25 12:51:54,273 - cyberbully - INFO - Label mapping: {'age': 0, 'ethnicity': 1, 'gender': 2, 'other_cyberbullying': 3, 'religion': 4}
2026-03-25 12:51:54,275 - cyberbully - INFO - Applying training data augmentation (oversampling)...
2026-03-25 12:51:54,280 - cyberbully - INFO - After oversampling — class distribution: {0: 5123, 1: 5123, 2: 5123, 3: 5123, 4: 5123}
2026-03-25 12:51:54,290 - cyberbully - INFO - Number of classes: 5
2026-03-25 12:51:54,291 - cyberbully - INFO - Step 2: Loading model and tokenizer...
2026-03-25 12:51:54,291 - cyberbully - INFO - Loading model 'all-MiniLM-L12-v2' with 5 labels (sbert=True, supcon=False)
2026-03-25 12:51:57,360 - cyberbully - INFO - SBERTClassifier: embedding_dim=384, hidden=256, proj_dim=None, num_labels=5
2026-03-25 12:51:57,676 - cyberbully - INFO - Step 3: Creating datasets...
2026-03-25 12:51:58,536 - cyberbully - INFO - Dataset sizes — train: 25615, val: 6401, test: 8002
2026-03-25 12:51:58,536 - cyberbully - INFO - Step 4: Training...
2026-03-25 12:51:58,580 - cyberbully - INFO - Starting training...
2026-03-25 12:57:47,862 - cyberbully - INFO - Training complete.
2026-03-25 12:57:47,882 - cyberbully - INFO - Removed checkpoint: experiments/grid-search/all-MiniLM-L12-v2/kaggle/prep0_aug1/seed_43782163/checkpoint-5607
2026-03-25 12:57:47,905 - cyberbully - INFO - Removed checkpoint: experiments/grid-search/all-MiniLM-L12-v2/kaggle/prep0_aug1/seed_43782163/checkpoint-8010
2026-03-25 12:57:47,925 - cyberbully - INFO - Removed checkpoint: experiments/grid-search/all-MiniLM-L12-v2/kaggle/prep0_aug1/seed_43782163/checkpoint-6408
2026-03-25 12:57:47,946 - cyberbully - INFO - Removed checkpoint: experiments/grid-search/all-MiniLM-L12-v2/kaggle/prep0_aug1/seed_43782163/checkpoint-1602
2026-03-25 12:57:47,966 - cyberbully - INFO - Removed checkpoint: experiments/grid-search/all-MiniLM-L12-v2/kaggle/prep0_aug1/seed_43782163/checkpoint-3204
2026-03-25 12:57:48,063 - cyberbully - INFO - Removed checkpoint: experiments/grid-search/all-MiniLM-L12-v2/kaggle/prep0_aug1/seed_43782163/checkpoint-7209
2026-03-25 12:57:48,095 - cyberbully - INFO - Removed checkpoint: experiments/grid-search/all-MiniLM-L12-v2/kaggle/prep0_aug1/seed_43782163/checkpoint-4005
2026-03-25 12:57:48,116 - cyberbully - INFO - Removed checkpoint: experiments/grid-search/all-MiniLM-L12-v2/kaggle/prep0_aug1/seed_43782163/checkpoint-4806
2026-03-25 12:57:48,137 - cyberbully - INFO - Removed checkpoint: experiments/grid-search/all-MiniLM-L12-v2/kaggle/prep0_aug1/seed_43782163/checkpoint-801
2026-03-25 12:57:48,158 - cyberbully - INFO - Removed checkpoint: experiments/grid-search/all-MiniLM-L12-v2/kaggle/prep0_aug1/seed_43782163/checkpoint-2403
2026-03-25 12:57:48,158 - cyberbully - INFO - Step 5: Evaluating on test set...
2026-03-25 12:57:55,227 - cyberbully - INFO - Metrics saved to experiments/grid-search/all-MiniLM-L12-v2/kaggle/prep0_aug1/seed_43782163/metrics.json
2026-03-25 12:57:55,227 - cyberbully - INFO - Confusion matrix saved to experiments/grid-search/all-MiniLM-L12-v2/kaggle/prep0_aug1/seed_43782163/confusion_matrix.json
2026-03-25 12:57:55,304 - cyberbully - INFO - Per-sample predictions saved to experiments/grid-search/all-MiniLM-L12-v2/kaggle/prep0_aug1/seed_43782163/predictions.json
2026-03-25 12:57:55,405 - cyberbully - INFO - Confusion matrix figure saved to experiments/grid-search/all-MiniLM-L12-v2/kaggle/prep0_aug1/seed_43782163/confusion_matrix.pdf
2026-03-25 12:57:55,405 - cyberbully - INFO - Accuracy: 0.9556
2026-03-25 12:57:55,406 - cyberbully - INFO - Weighted F1: 0.9557
2026-03-25 12:57:55,406 - cyberbully - INFO - Micro F1: 0.9556
2026-03-25 12:57:55,406 - cyberbully - INFO - Inference time: 2.78 seconds
2026-03-25 12:57:55,406 - cyberbully - INFO - Energy consumption: 0.000187 kWh
2026-03-25 12:57:55,408 - cyberbully - INFO - ============================================================
2026-03-25 12:57:55,408 - cyberbully - INFO - Pipeline complete. Results saved to: experiments/grid-search/all-MiniLM-L12-v2/kaggle/prep0_aug1/seed_43782163
2026-03-25 12:57:55,408 - cyberbully - INFO - ============================================================
