2026-05-19 13:19:12,310 - cyberbully - INFO - Model 'all-distilroberta-v1' detected as SBERT-based. Using SBERTClassifier pipeline.
2026-05-19 13:19:12,310 - cyberbully - INFO - ============================================================
2026-05-19 13:19:12,310 - cyberbully - INFO - Cyberbullying Detection Pipeline
2026-05-19 13:19:12,310 - cyberbully - INFO - ============================================================
2026-05-19 13:19:12,310 - cyberbully - INFO - Configuration:
2026-05-19 13:19:12,310 - cyberbully - INFO -   model          : all-distilroberta-v1
2026-05-19 13:19:12,310 - cyberbully - INFO -   dataset        : tweeteval
2026-05-19 13:19:12,310 - cyberbully - INFO -   preprocess     : True
2026-05-19 13:19:12,310 - cyberbully - INFO -   augment        : False
2026-05-19 13:19:12,310 - cyberbully - INFO -   compute_attribution: False
2026-05-19 13:19:12,310 - cyberbully - INFO -   seed           : 90995999
2026-05-19 13:19:12,310 - cyberbully - INFO -   epochs         : 10
2026-05-19 13:19:12,310 - cyberbully - INFO -   batch_size     : 32
2026-05-19 13:19:12,310 - cyberbully - INFO -   lr             : 5e-05
2026-05-19 13:19:12,310 - cyberbully - INFO -   max_length     : 128
2026-05-19 13:19:12,310 - cyberbully - INFO -   output_dir     : verification
2026-05-19 13:19:12,310 - cyberbully - INFO -   data_dir       : dataset
2026-05-19 13:19:12,310 - cyberbully - INFO -   sbert          : True
2026-05-19 13:19:12,310 - cyberbully - INFO -   supcon         : False
2026-05-19 13:19:12,310 - cyberbully - INFO -   supcon_weight  : 0.1
2026-05-19 13:19:12,310 - cyberbully - INFO -   proj_dim       : 128
2026-05-19 13:19:12,310 - cyberbully - INFO -   grad_accum_steps: 1
2026-05-19 13:19:12,310 - cyberbully - INFO -   overwrite      : False
2026-05-19 13:19:12,310 - cyberbully - INFO -   device         : cuda
2026-05-19 13:19:12,310 - cyberbully - INFO -   output_dir     : experiments/verification/all-distilroberta-v1/tweeteval/prep1_aug0/seed_90995999
2026-05-19 13:19:12,310 - cyberbully - INFO - ============================================================
2026-05-19 13:19:12,310 - cyberbully - INFO - Step 1: Preparing data...
2026-05-19 13:19:12,356 - cyberbully - INFO - Loaded pre-split data from dataset/tweeteval — train: 32485, val: 8122, test: 10152
2026-05-19 13:19:12,356 - cyberbully - INFO - Label mapping: {'emotion': 0, 'hate': 1, 'offensive': 2, 'religion': 3, 'spiritual': 4}
2026-05-19 13:19:12,357 - cyberbully - INFO - Applying text preprocessing per split...
2026-05-19 13:20:12,171 - cyberbully - INFO - After preprocessing -- train: 30353, val: 7599, test: 9464
2026-05-19 13:20:12,174 - cyberbully - INFO - Number of classes: 5
2026-05-19 13:20:12,175 - cyberbully - INFO - Step 2: Loading model and tokenizer...
2026-05-19 13:20:12,175 - cyberbully - INFO - Loading model 'all-distilroberta-v1' with 5 labels (sbert=True, supcon=False)
2026-05-19 13:20:16,257 - cyberbully - INFO - SBERTClassifier: embedding_dim=768, hidden=256, proj_dim=None, num_labels=5
2026-05-19 13:20:16,868 - cyberbully - INFO - Step 3: Creating datasets...
2026-05-19 13:20:17,589 - cyberbully - INFO - Dataset sizes — train: 30353, val: 7599, test: 9464
2026-05-19 13:20:17,589 - cyberbully - INFO - Step 4: Training...
2026-05-19 13:20:17,630 - cyberbully - INFO - Starting training...
2026-05-19 13:27:40,168 - cyberbully - INFO - Training complete.
2026-05-19 13:27:40,215 - cyberbully - INFO - Removed checkpoint: experiments/verification/all-distilroberta-v1/tweeteval/prep1_aug0/seed_90995999/checkpoint-1898
2026-05-19 13:27:40,262 - cyberbully - INFO - Removed checkpoint: experiments/verification/all-distilroberta-v1/tweeteval/prep1_aug0/seed_90995999/checkpoint-7592
2026-05-19 13:27:40,308 - cyberbully - INFO - Removed checkpoint: experiments/verification/all-distilroberta-v1/tweeteval/prep1_aug0/seed_90995999/checkpoint-6643
2026-05-19 13:27:40,355 - cyberbully - INFO - Removed checkpoint: experiments/verification/all-distilroberta-v1/tweeteval/prep1_aug0/seed_90995999/checkpoint-2847
2026-05-19 13:27:40,402 - cyberbully - INFO - Removed checkpoint: experiments/verification/all-distilroberta-v1/tweeteval/prep1_aug0/seed_90995999/checkpoint-8541
2026-05-19 13:27:40,449 - cyberbully - INFO - Removed checkpoint: experiments/verification/all-distilroberta-v1/tweeteval/prep1_aug0/seed_90995999/checkpoint-5694
2026-05-19 13:27:40,496 - cyberbully - INFO - Removed checkpoint: experiments/verification/all-distilroberta-v1/tweeteval/prep1_aug0/seed_90995999/checkpoint-3796
2026-05-19 13:27:40,545 - cyberbully - INFO - Removed checkpoint: experiments/verification/all-distilroberta-v1/tweeteval/prep1_aug0/seed_90995999/checkpoint-949
2026-05-19 13:27:40,600 - cyberbully - INFO - Removed checkpoint: experiments/verification/all-distilroberta-v1/tweeteval/prep1_aug0/seed_90995999/checkpoint-9490
2026-05-19 13:27:40,647 - cyberbully - INFO - Removed checkpoint: experiments/verification/all-distilroberta-v1/tweeteval/prep1_aug0/seed_90995999/checkpoint-4745
2026-05-19 13:27:40,647 - cyberbully - INFO - Step 5: Evaluating on test set...
2026-05-19 13:27:50,033 - cyberbully - INFO - Metrics saved to experiments/verification/all-distilroberta-v1/tweeteval/prep1_aug0/seed_90995999/metrics.json
2026-05-19 13:27:50,033 - cyberbully - INFO - Confusion matrix saved to experiments/verification/all-distilroberta-v1/tweeteval/prep1_aug0/seed_90995999/confusion_matrix.json
2026-05-19 13:27:50,129 - cyberbully - INFO - Per-sample predictions saved to experiments/verification/all-distilroberta-v1/tweeteval/prep1_aug0/seed_90995999/predictions.json
2026-05-19 13:27:50,232 - cyberbully - INFO - Confusion matrix figure saved to experiments/verification/all-distilroberta-v1/tweeteval/prep1_aug0/seed_90995999/confusion_matrix.pdf
2026-05-19 13:27:50,232 - cyberbully - INFO - Accuracy: 0.9426
2026-05-19 13:27:50,232 - cyberbully - INFO - Weighted F1: 0.9428
2026-05-19 13:27:50,232 - cyberbully - INFO - Micro F1: 0.9426
2026-05-19 13:27:50,232 - cyberbully - INFO - Inference time: 3.06 seconds
2026-05-19 13:27:50,232 - cyberbully - INFO - Energy consumption: 0.000201 kWh
2026-05-19 13:27:50,234 - cyberbully - INFO - ============================================================
2026-05-19 13:27:50,234 - cyberbully - INFO - Pipeline complete. Results saved to: experiments/verification/all-distilroberta-v1/tweeteval/prep1_aug0/seed_90995999
2026-05-19 13:27:50,234 - cyberbully - INFO - ============================================================
