2026-03-20 16:25:30,395 - cyberbully - INFO - ============================================================
2026-03-20 16:25:30,395 - cyberbully - INFO - Cyberbullying Detection Pipeline
2026-03-20 16:25:30,395 - cyberbully - INFO - ============================================================
2026-03-20 16:25:30,395 - cyberbully - INFO - Configuration:
2026-03-20 16:25:30,395 - cyberbully - INFO -   model          : GroNLP/hateBERT
2026-03-20 16:25:30,396 - cyberbully - INFO -   dataset        : ieee
2026-03-20 16:25:30,396 - cyberbully - INFO -   preprocess     : False
2026-03-20 16:25:30,396 - cyberbully - INFO -   augment        : False
2026-03-20 16:25:30,396 - cyberbully - INFO -   compute_attribution: False
2026-03-20 16:25:30,396 - cyberbully - INFO -   seed           : 87212562
2026-03-20 16:25:30,396 - cyberbully - INFO -   epochs         : 10
2026-03-20 16:25:30,396 - cyberbully - INFO -   batch_size     : 32
2026-03-20 16:25:30,396 - cyberbully - INFO -   lr             : 5e-05
2026-03-20 16:25:30,396 - cyberbully - INFO -   max_length     : 128
2026-03-20 16:25:30,396 - cyberbully - INFO -   output_dir     : grid-search
2026-03-20 16:25:30,396 - cyberbully - INFO -   data_dir       : dataset
2026-03-20 16:25:30,396 - cyberbully - INFO -   sbert          : False
2026-03-20 16:25:30,396 - cyberbully - INFO -   supcon         : False
2026-03-20 16:25:30,396 - cyberbully - INFO -   supcon_weight  : 0.1
2026-03-20 16:25:30,396 - cyberbully - INFO -   proj_dim       : 128
2026-03-20 16:25:30,396 - cyberbully - INFO -   grad_accum_steps: 1
2026-03-20 16:25:30,396 - cyberbully - INFO -   overwrite      : False
2026-03-20 16:25:30,396 - cyberbully - INFO -   device         : cuda
2026-03-20 16:25:30,396 - cyberbully - INFO -   output_dir     : experiments/grid-search/GroNLP_hateBERT/ieee/prep0_aug0/seed_87212562
2026-03-20 16:25:30,396 - cyberbully - INFO - ============================================================
2026-03-20 16:25:30,396 - cyberbully - INFO - Step 1: Preparing data...
2026-03-20 16:25:30,399 - cyberbully - INFO - Loaded pre-split data from dataset/ieee — train: 1348, val: 338, test: 422
2026-03-20 16:25:30,399 - cyberbully - INFO - Label mapping: {'Cyberstalking': 0, 'Doxing': 1, 'Revenge Porn': 2, 'Sexual Harassment': 3, 'Slut Shaming': 4}
2026-03-20 16:25:30,401 - cyberbully - INFO - Number of classes: 5
2026-03-20 16:25:30,402 - cyberbully - INFO - Step 2: Loading model and tokenizer...
2026-03-20 16:25:30,402 - cyberbully - INFO - Loading model 'GroNLP/hateBERT' with 5 labels (sbert=False, supcon=False)
2026-03-20 16:25:31,112 - cyberbully - INFO - Step 3: Creating datasets...
2026-03-20 16:25:31,136 - cyberbully - INFO - Dataset sizes — train: 1348, val: 338, test: 422
2026-03-20 16:25:31,136 - cyberbully - INFO - Step 4: Training...
2026-03-20 16:25:31,252 - cyberbully - INFO - Starting training...
2026-03-20 16:27:46,195 - cyberbully - INFO - Training complete.
2026-03-20 16:27:46,275 - cyberbully - INFO - Removed checkpoint: experiments/grid-search/GroNLP_hateBERT/ieee/prep0_aug0/seed_87212562/checkpoint-215
2026-03-20 16:27:46,361 - cyberbully - INFO - Removed checkpoint: experiments/grid-search/GroNLP_hateBERT/ieee/prep0_aug0/seed_87212562/checkpoint-387
2026-03-20 16:27:46,443 - cyberbully - INFO - Removed checkpoint: experiments/grid-search/GroNLP_hateBERT/ieee/prep0_aug0/seed_87212562/checkpoint-86
2026-03-20 16:27:46,522 - cyberbully - INFO - Removed checkpoint: experiments/grid-search/GroNLP_hateBERT/ieee/prep0_aug0/seed_87212562/checkpoint-129
2026-03-20 16:27:46,606 - cyberbully - INFO - Removed checkpoint: experiments/grid-search/GroNLP_hateBERT/ieee/prep0_aug0/seed_87212562/checkpoint-344
2026-03-20 16:27:46,689 - cyberbully - INFO - Removed checkpoint: experiments/grid-search/GroNLP_hateBERT/ieee/prep0_aug0/seed_87212562/checkpoint-258
2026-03-20 16:27:46,776 - cyberbully - INFO - Removed checkpoint: experiments/grid-search/GroNLP_hateBERT/ieee/prep0_aug0/seed_87212562/checkpoint-43
2026-03-20 16:27:46,859 - cyberbully - INFO - Removed checkpoint: experiments/grid-search/GroNLP_hateBERT/ieee/prep0_aug0/seed_87212562/checkpoint-301
2026-03-20 16:27:46,940 - cyberbully - INFO - Removed checkpoint: experiments/grid-search/GroNLP_hateBERT/ieee/prep0_aug0/seed_87212562/checkpoint-172
2026-03-20 16:27:47,018 - cyberbully - INFO - Removed checkpoint: experiments/grid-search/GroNLP_hateBERT/ieee/prep0_aug0/seed_87212562/checkpoint-430
2026-03-20 16:27:47,018 - cyberbully - INFO - Step 5: Evaluating on test set...
2026-03-20 16:27:52,428 - cyberbully - INFO - Metrics saved to experiments/grid-search/GroNLP_hateBERT/ieee/prep0_aug0/seed_87212562/metrics.json
2026-03-20 16:27:52,428 - cyberbully - INFO - Confusion matrix saved to experiments/grid-search/GroNLP_hateBERT/ieee/prep0_aug0/seed_87212562/confusion_matrix.json
2026-03-20 16:27:52,434 - cyberbully - INFO - Per-sample predictions saved to experiments/grid-search/GroNLP_hateBERT/ieee/prep0_aug0/seed_87212562/predictions.json
2026-03-20 16:27:52,542 - cyberbully - INFO - Confusion matrix figure saved to experiments/grid-search/GroNLP_hateBERT/ieee/prep0_aug0/seed_87212562/confusion_matrix.pdf
2026-03-20 16:27:52,542 - cyberbully - INFO - Accuracy: 0.8365
2026-03-20 16:27:52,542 - cyberbully - INFO - Weighted F1: 0.8373
2026-03-20 16:27:52,542 - cyberbully - INFO - Micro F1: 0.8365
2026-03-20 16:27:52,542 - cyberbully - INFO - Inference time: 0.19 seconds
2026-03-20 16:27:52,542 - cyberbully - INFO - Energy consumption: 0.000017 kWh
2026-03-20 16:27:52,542 - cyberbully - INFO - ============================================================
2026-03-20 16:27:52,542 - cyberbully - INFO - Pipeline complete. Results saved to: experiments/grid-search/GroNLP_hateBERT/ieee/prep0_aug0/seed_87212562
2026-03-20 16:27:52,542 - cyberbully - INFO - ============================================================
