2026-04-17 09:14:23,350 - cyberbully - INFO - ============================================================
2026-04-17 09:14:23,351 - cyberbully - INFO - Cyberbullying Detection Pipeline
2026-04-17 09:14:23,351 - cyberbully - INFO - ============================================================
2026-04-17 09:14:23,351 - cyberbully - INFO - Configuration:
2026-04-17 09:14:23,351 - cyberbully - INFO -   model          : sarkerlab/SocBERT-base
2026-04-17 09:14:23,351 - cyberbully - INFO -   dataset        : tweeteval
2026-04-17 09:14:23,351 - cyberbully - INFO -   preprocess     : True
2026-04-17 09:14:23,351 - cyberbully - INFO -   augment        : True
2026-04-17 09:14:23,351 - cyberbully - INFO -   compute_attribution: False
2026-04-17 09:14:23,351 - cyberbully - INFO -   seed           : 24677315
2026-04-17 09:14:23,351 - cyberbully - INFO -   epochs         : 10
2026-04-17 09:14:23,351 - cyberbully - INFO -   batch_size     : 32
2026-04-17 09:14:23,351 - cyberbully - INFO -   lr             : 5e-05
2026-04-17 09:14:23,351 - cyberbully - INFO -   max_length     : 128
2026-04-17 09:14:23,351 - cyberbully - INFO -   output_dir     : grid-search
2026-04-17 09:14:23,351 - cyberbully - INFO -   data_dir       : dataset
2026-04-17 09:14:23,351 - cyberbully - INFO -   sbert          : False
2026-04-17 09:14:23,351 - cyberbully - INFO -   supcon         : False
2026-04-17 09:14:23,351 - cyberbully - INFO -   supcon_weight  : 0.1
2026-04-17 09:14:23,351 - cyberbully - INFO -   proj_dim       : 128
2026-04-17 09:14:23,351 - cyberbully - INFO -   grad_accum_steps: 1
2026-04-17 09:14:23,351 - cyberbully - INFO -   overwrite      : True
2026-04-17 09:14:23,351 - cyberbully - INFO -   device         : cuda
2026-04-17 09:14:23,351 - cyberbully - INFO -   output_dir     : experiments/grid-search/sarkerlab_SocBERT-base/tweeteval/prep1_aug1/seed_24677315
2026-04-17 09:14:23,351 - cyberbully - INFO - ============================================================
2026-04-17 09:14:23,351 - cyberbully - INFO - Step 1: Preparing data...
2026-04-17 09:14:23,399 - cyberbully - INFO - Loaded pre-split data from dataset/tweeteval — train: 32485, val: 8122, test: 10152
2026-04-17 09:14:23,399 - cyberbully - INFO - Label mapping: {'emotion': 0, 'hate': 1, 'offensive': 2, 'religion': 3, 'spiritual': 4}
2026-04-17 09:14:23,399 - cyberbully - INFO - Applying text preprocessing per split...
2026-04-17 09:15:22,892 - cyberbully - INFO - After preprocessing — train: 30382, val: 7620, test: 9457
2026-04-17 09:15:22,894 - cyberbully - INFO - Applying training data augmentation (oversampling)...
2026-04-17 09:15:22,899 - cyberbully - INFO - After oversampling — class distribution: {0: 7770, 1: 7770, 2: 7770, 3: 7770, 4: 7770}
2026-04-17 09:15:22,908 - cyberbully - INFO - Number of classes: 5
2026-04-17 09:15:22,909 - cyberbully - INFO - Step 2: Loading model and tokenizer...
2026-04-17 09:15:22,909 - cyberbully - INFO - Loading model 'sarkerlab/SocBERT-base' with 5 labels (sbert=False, supcon=False)
2026-04-17 09:15:25,179 - cyberbully - INFO - Step 3: Creating datasets...
2026-04-17 09:15:26,323 - cyberbully - INFO - Dataset sizes — train: 38850, val: 7620, test: 9457
2026-04-17 09:15:26,323 - cyberbully - INFO - Step 4: Training...
2026-04-17 09:15:26,577 - cyberbully - INFO - Starting training...
2026-04-17 09:32:30,495 - cyberbully - INFO - Training complete.
2026-04-17 09:32:30,577 - cyberbully - INFO - Removed checkpoint: experiments/grid-search/sarkerlab_SocBERT-base/tweeteval/prep1_aug1/seed_24677315/checkpoint-3645
2026-04-17 09:32:30,659 - cyberbully - INFO - Removed checkpoint: experiments/grid-search/sarkerlab_SocBERT-base/tweeteval/prep1_aug1/seed_24677315/checkpoint-4860
2026-04-17 09:32:30,740 - cyberbully - INFO - Removed checkpoint: experiments/grid-search/sarkerlab_SocBERT-base/tweeteval/prep1_aug1/seed_24677315/checkpoint-8505
2026-04-17 09:32:30,821 - cyberbully - INFO - Removed checkpoint: experiments/grid-search/sarkerlab_SocBERT-base/tweeteval/prep1_aug1/seed_24677315/checkpoint-7290
2026-04-17 09:32:30,902 - cyberbully - INFO - Removed checkpoint: experiments/grid-search/sarkerlab_SocBERT-base/tweeteval/prep1_aug1/seed_24677315/checkpoint-6075
2026-04-17 09:32:30,988 - cyberbully - INFO - Removed checkpoint: experiments/grid-search/sarkerlab_SocBERT-base/tweeteval/prep1_aug1/seed_24677315/checkpoint-1215
2026-04-17 09:32:31,068 - cyberbully - INFO - Removed checkpoint: experiments/grid-search/sarkerlab_SocBERT-base/tweeteval/prep1_aug1/seed_24677315/checkpoint-9720
2026-04-17 09:32:31,163 - cyberbully - INFO - Removed checkpoint: experiments/grid-search/sarkerlab_SocBERT-base/tweeteval/prep1_aug1/seed_24677315/checkpoint-12150
2026-04-17 09:32:31,246 - cyberbully - INFO - Removed checkpoint: experiments/grid-search/sarkerlab_SocBERT-base/tweeteval/prep1_aug1/seed_24677315/checkpoint-2430
2026-04-17 09:32:31,326 - cyberbully - INFO - Removed checkpoint: experiments/grid-search/sarkerlab_SocBERT-base/tweeteval/prep1_aug1/seed_24677315/checkpoint-10935
2026-04-17 09:32:31,326 - cyberbully - INFO - Step 5: Evaluating on test set...
2026-04-17 09:32:41,653 - cyberbully - INFO - Metrics saved to experiments/grid-search/sarkerlab_SocBERT-base/tweeteval/prep1_aug1/seed_24677315/metrics.json
2026-04-17 09:32:41,653 - cyberbully - INFO - Confusion matrix saved to experiments/grid-search/sarkerlab_SocBERT-base/tweeteval/prep1_aug1/seed_24677315/confusion_matrix.json
2026-04-17 09:32:41,749 - cyberbully - INFO - Per-sample predictions saved to experiments/grid-search/sarkerlab_SocBERT-base/tweeteval/prep1_aug1/seed_24677315/predictions.json
2026-04-17 09:32:41,853 - cyberbully - INFO - Confusion matrix figure saved to experiments/grid-search/sarkerlab_SocBERT-base/tweeteval/prep1_aug1/seed_24677315/confusion_matrix.pdf
2026-04-17 09:32:41,853 - cyberbully - INFO - Accuracy: 0.9455
2026-04-17 09:32:41,853 - cyberbully - INFO - Weighted F1: 0.9458
2026-04-17 09:32:41,853 - cyberbully - INFO - Micro F1: 0.9455
2026-04-17 09:32:41,853 - cyberbully - INFO - Inference time: 5.67 seconds
2026-04-17 09:32:41,853 - cyberbully - INFO - Energy consumption: 0.000382 kWh
2026-04-17 09:32:41,855 - cyberbully - INFO - ============================================================
2026-04-17 09:32:41,855 - cyberbully - INFO - Pipeline complete. Results saved to: experiments/grid-search/sarkerlab_SocBERT-base/tweeteval/prep1_aug1/seed_24677315
2026-04-17 09:32:41,855 - cyberbully - INFO - ============================================================
