2026-04-13 01:57:39,504 - cyberbully - INFO - ============================================================
2026-04-13 01:57:39,504 - cyberbully - INFO - Cyberbullying Detection Pipeline
2026-04-13 01:57:39,504 - cyberbully - INFO - ============================================================
2026-04-13 01:57:39,504 - cyberbully - INFO - Configuration:
2026-04-13 01:57:39,504 - cyberbully - INFO -   model          : Twitter/twhin-bert-base
2026-04-13 01:57:39,504 - cyberbully - INFO -   dataset        : ieee
2026-04-13 01:57:39,504 - cyberbully - INFO -   preprocess     : False
2026-04-13 01:57:39,504 - cyberbully - INFO -   augment        : True
2026-04-13 01:57:39,504 - cyberbully - INFO -   compute_attribution: False
2026-04-13 01:57:39,504 - cyberbully - INFO -   seed           : 37622020
2026-04-13 01:57:39,504 - cyberbully - INFO -   epochs         : 10
2026-04-13 01:57:39,504 - cyberbully - INFO -   batch_size     : 32
2026-04-13 01:57:39,504 - cyberbully - INFO -   lr             : 5e-05
2026-04-13 01:57:39,504 - cyberbully - INFO -   max_length     : 128
2026-04-13 01:57:39,504 - cyberbully - INFO -   output_dir     : grid-search
2026-04-13 01:57:39,504 - cyberbully - INFO -   data_dir       : dataset
2026-04-13 01:57:39,504 - cyberbully - INFO -   sbert          : False
2026-04-13 01:57:39,504 - cyberbully - INFO -   supcon         : False
2026-04-13 01:57:39,504 - cyberbully - INFO -   supcon_weight  : 0.1
2026-04-13 01:57:39,504 - cyberbully - INFO -   proj_dim       : 128
2026-04-13 01:57:39,504 - cyberbully - INFO -   grad_accum_steps: 1
2026-04-13 01:57:39,504 - cyberbully - INFO -   overwrite      : False
2026-04-13 01:57:39,504 - cyberbully - INFO -   device         : cuda
2026-04-13 01:57:39,504 - cyberbully - INFO -   output_dir     : experiments/grid-search/Twitter_twhin-bert-base/ieee/prep0_aug1/seed_37622020
2026-04-13 01:57:39,504 - cyberbully - INFO - ============================================================
2026-04-13 01:57:39,504 - cyberbully - INFO - Step 1: Preparing data...
2026-04-13 01:57:39,508 - cyberbully - INFO - Loaded pre-split data from dataset/ieee — train: 1348, val: 338, test: 422
2026-04-13 01:57:39,508 - cyberbully - INFO - Label mapping: {'Cyberstalking': 0, 'Doxing': 1, 'Revenge Porn': 2, 'Sexual Harassment': 3, 'Slut Shaming': 4}
2026-04-13 01:57:39,509 - cyberbully - INFO - Applying training data augmentation (oversampling)...
2026-04-13 01:57:39,511 - cyberbully - INFO - After oversampling — class distribution: {0: 316, 1: 316, 2: 316, 3: 316, 4: 316}
2026-04-13 01:57:39,511 - cyberbully - INFO - Number of classes: 5
2026-04-13 01:57:39,512 - cyberbully - INFO - Step 2: Loading model and tokenizer...
2026-04-13 01:57:39,512 - cyberbully - INFO - Loading model 'Twitter/twhin-bert-base' with 5 labels (sbert=False, supcon=False)
2026-04-13 01:57:41,216 - cyberbully - INFO - Step 3: Creating datasets...
2026-04-13 01:57:41,254 - cyberbully - INFO - Dataset sizes — train: 1580, val: 338, test: 422
2026-04-13 01:57:41,254 - cyberbully - INFO - Step 4: Training...
2026-04-13 01:57:41,582 - cyberbully - INFO - Starting training...
2026-04-13 02:02:04,701 - cyberbully - INFO - Training complete.
2026-04-13 02:02:04,878 - cyberbully - INFO - Removed checkpoint: experiments/grid-search/Twitter_twhin-bert-base/ieee/prep0_aug1/seed_37622020/checkpoint-400
2026-04-13 02:02:05,042 - cyberbully - INFO - Removed checkpoint: experiments/grid-search/Twitter_twhin-bert-base/ieee/prep0_aug1/seed_37622020/checkpoint-200
2026-04-13 02:02:05,616 - cyberbully - INFO - Removed checkpoint: experiments/grid-search/Twitter_twhin-bert-base/ieee/prep0_aug1/seed_37622020/checkpoint-450
2026-04-13 02:02:05,778 - cyberbully - INFO - Removed checkpoint: experiments/grid-search/Twitter_twhin-bert-base/ieee/prep0_aug1/seed_37622020/checkpoint-300
2026-04-13 02:02:05,941 - cyberbully - INFO - Removed checkpoint: experiments/grid-search/Twitter_twhin-bert-base/ieee/prep0_aug1/seed_37622020/checkpoint-350
2026-04-13 02:02:06,098 - cyberbully - INFO - Removed checkpoint: experiments/grid-search/Twitter_twhin-bert-base/ieee/prep0_aug1/seed_37622020/checkpoint-150
2026-04-13 02:02:06,261 - cyberbully - INFO - Removed checkpoint: experiments/grid-search/Twitter_twhin-bert-base/ieee/prep0_aug1/seed_37622020/checkpoint-50
2026-04-13 02:02:06,439 - cyberbully - INFO - Removed checkpoint: experiments/grid-search/Twitter_twhin-bert-base/ieee/prep0_aug1/seed_37622020/checkpoint-500
2026-04-13 02:02:06,595 - cyberbully - INFO - Removed checkpoint: experiments/grid-search/Twitter_twhin-bert-base/ieee/prep0_aug1/seed_37622020/checkpoint-100
2026-04-13 02:02:06,756 - cyberbully - INFO - Removed checkpoint: experiments/grid-search/Twitter_twhin-bert-base/ieee/prep0_aug1/seed_37622020/checkpoint-250
2026-04-13 02:02:06,756 - cyberbully - INFO - Step 5: Evaluating on test set...
2026-04-13 02:02:11,738 - cyberbully - INFO - Metrics saved to experiments/grid-search/Twitter_twhin-bert-base/ieee/prep0_aug1/seed_37622020/metrics.json
2026-04-13 02:02:11,738 - cyberbully - INFO - Confusion matrix saved to experiments/grid-search/Twitter_twhin-bert-base/ieee/prep0_aug1/seed_37622020/confusion_matrix.json
2026-04-13 02:02:11,743 - cyberbully - INFO - Per-sample predictions saved to experiments/grid-search/Twitter_twhin-bert-base/ieee/prep0_aug1/seed_37622020/predictions.json
2026-04-13 02:02:11,845 - cyberbully - INFO - Confusion matrix figure saved to experiments/grid-search/Twitter_twhin-bert-base/ieee/prep0_aug1/seed_37622020/confusion_matrix.pdf
2026-04-13 02:02:11,845 - cyberbully - INFO - Accuracy: 0.8436
2026-04-13 02:02:11,846 - cyberbully - INFO - Weighted F1: 0.8442
2026-04-13 02:02:11,846 - cyberbully - INFO - Micro F1: 0.8436
2026-04-13 02:02:11,846 - cyberbully - INFO - Inference time: 0.32 seconds
2026-04-13 02:02:11,846 - cyberbully - INFO - Energy consumption: 0.000024 kWh
2026-04-13 02:02:11,846 - cyberbully - INFO - ============================================================
2026-04-13 02:02:11,846 - cyberbully - INFO - Pipeline complete. Results saved to: experiments/grid-search/Twitter_twhin-bert-base/ieee/prep0_aug1/seed_37622020
2026-04-13 02:02:11,846 - cyberbully - INFO - ============================================================
