2026-02-20 06:49:57,856 - cyberbully - INFO - ============================================================
2026-02-20 06:49:57,856 - cyberbully - INFO - Cyberbullying Detection Pipeline
2026-02-20 06:49:57,856 - cyberbully - INFO - ============================================================
2026-02-20 06:49:57,856 - cyberbully - INFO - Configuration:
2026-02-20 06:49:57,856 - cyberbully - INFO -   model          : all-MiniLM-L6-v2
2026-02-20 06:49:57,856 - cyberbully - INFO -   dataset        : kaggle
2026-02-20 06:49:57,856 - cyberbully - INFO -   preprocess     : False
2026-02-20 06:49:57,856 - cyberbully - INFO -   augment        : False
2026-02-20 06:49:57,856 - cyberbully - INFO -   compute_attribution: False
2026-02-20 06:49:57,856 - cyberbully - INFO -   seed           : 52680723
2026-02-20 06:49:57,856 - cyberbully - INFO -   epochs         : 5
2026-02-20 06:49:57,856 - cyberbully - INFO -   batch_size     : 16
2026-02-20 06:49:57,856 - cyberbully - INFO -   lr             : 2e-05
2026-02-20 06:49:57,856 - cyberbully - INFO -   max_length     : 128
2026-02-20 06:49:57,856 - cyberbully - INFO -   output_dir     : sbert-model
2026-02-20 06:49:57,856 - cyberbully - INFO -   data_dir       : dataset
2026-02-20 06:49:57,856 - cyberbully - INFO -   sbert          : True
2026-02-20 06:49:57,856 - cyberbully - INFO -   overwrite      : False
2026-02-20 06:49:57,856 - cyberbully - INFO -   device         : cuda
2026-02-20 06:49:57,856 - cyberbully - INFO -   output_dir     : experiments/sbert-model/all-MiniLM-L6-v2/kaggle/prep0_aug0/seed_52680723
2026-02-20 06:49:57,856 - cyberbully - INFO - ============================================================
2026-02-20 06:49:57,856 - cyberbully - INFO - Step 1: Preparing data...
2026-02-20 06:49:57,856 - cyberbully - INFO - Loading dataset 'kaggle' from dataset/Kaggle.csv
2026-02-20 06:49:57,916 - cyberbully - INFO - Loaded 47656 samples with 6 classes: ['age', 'ethnicity', 'gender', 'not_cyberbullying', 'other_cyberbullying', 'religion']
2026-02-20 06:49:57,918 - cyberbully - INFO - Label mapping: {'age': 0, 'ethnicity': 1, 'gender': 2, 'not_cyberbullying': 3, 'other_cyberbullying': 4, 'religion': 5}
2026-02-20 06:49:57,931 - cyberbully - INFO - Split sizes — train: 30499, val: 7625, test: 9532
2026-02-20 06:49:57,931 - cyberbully - INFO - Number of classes: 6
2026-02-20 06:49:57,932 - cyberbully - INFO - Step 2: Loading model and tokenizer...
2026-02-20 06:49:57,932 - cyberbully - INFO - Loading model 'all-MiniLM-L6-v2' with 6 labels (sbert=True)
2026-02-20 06:50:00,464 - cyberbully - INFO - SBERTClassifier: embedding_dim=384, hidden=256, num_labels=6
2026-02-20 06:50:00,762 - cyberbully - INFO - Step 3: Creating datasets...
2026-02-20 06:50:01,700 - cyberbully - INFO - Dataset sizes — train: 30499, val: 7625, test: 9532
2026-02-20 06:50:01,701 - cyberbully - INFO - Step 4: Training...
2026-02-20 06:50:01,743 - cyberbully - INFO - Starting training...
2026-02-20 06:52:31,298 - cyberbully - INFO - Training complete.
2026-02-20 06:52:31,298 - cyberbully - INFO - Step 5: Evaluating on test set...
2026-02-20 06:52:37,441 - cyberbully - INFO - Metrics saved to experiments/sbert-model/all-MiniLM-L6-v2/kaggle/prep0_aug0/seed_52680723/metrics.json
2026-02-20 06:52:37,441 - cyberbully - INFO - Confusion matrix saved to experiments/sbert-model/all-MiniLM-L6-v2/kaggle/prep0_aug0/seed_52680723/confusion_matrix.json
2026-02-20 06:52:37,552 - cyberbully - INFO - Confusion matrix figure saved to experiments/sbert-model/all-MiniLM-L6-v2/kaggle/prep0_aug0/seed_52680723/confusion_matrix.pdf
2026-02-20 06:52:37,552 - cyberbully - INFO - Accuracy: 0.8679
2026-02-20 06:52:37,552 - cyberbully - INFO - Weighted F1: 0.8667
2026-02-20 06:52:37,553 - cyberbully - INFO - Micro F1: 0.8679
2026-02-20 06:52:37,553 - cyberbully - INFO - Inference time: 1.84 seconds
2026-02-20 06:52:37,553 - cyberbully - INFO - Energy consumption: 0.000108 kWh
2026-02-20 06:52:37,553 - cyberbully - INFO - ============================================================
2026-02-20 06:52:37,553 - cyberbully - INFO - Pipeline complete. Results saved to: experiments/sbert-model/all-MiniLM-L6-v2/kaggle/prep0_aug0/seed_52680723
2026-02-20 06:52:37,553 - cyberbully - INFO - ============================================================
