2026-06-17 12:11:19,780 - cyberbully - INFO - ============================================================
2026-06-17 12:11:19,780 - cyberbully - INFO - Cyberbullying Detection Pipeline
2026-06-17 12:11:19,780 - cyberbully - INFO - ============================================================
2026-06-17 12:11:19,780 - cyberbully - INFO - Configuration:
2026-06-17 12:11:19,780 - cyberbully - INFO -   model          : xlnet-base-cased
2026-06-17 12:11:19,780 - cyberbully - INFO -   dataset        : kaggle
2026-06-17 12:11:19,780 - cyberbully - INFO -   preprocess     : False
2026-06-17 12:11:19,780 - cyberbully - INFO -   prep_mode      : 2
2026-06-17 12:11:19,780 - cyberbully - INFO -   augment        : False
2026-06-17 12:11:19,780 - cyberbully - INFO -   compute_attribution: False
2026-06-17 12:11:19,780 - cyberbully - INFO -   seed           : 37622020
2026-06-17 12:11:19,780 - cyberbully - INFO -   epochs         : 10
2026-06-17 12:11:19,780 - cyberbully - INFO -   batch_size     : 32
2026-06-17 12:11:19,780 - cyberbully - INFO -   lr             : 5e-05
2026-06-17 12:11:19,780 - cyberbully - INFO -   max_length     : 128
2026-06-17 12:11:19,780 - cyberbully - INFO -   output_dir     : grid-search
2026-06-17 12:11:19,780 - cyberbully - INFO -   data_dir       : dataset
2026-06-17 12:11:19,780 - cyberbully - INFO -   sbert          : False
2026-06-17 12:11:19,780 - cyberbully - INFO -   supcon         : False
2026-06-17 12:11:19,780 - cyberbully - INFO -   supcon_weight  : 0.1
2026-06-17 12:11:19,780 - cyberbully - INFO -   proj_dim       : 128
2026-06-17 12:11:19,780 - cyberbully - INFO -   grad_accum_steps: 1
2026-06-17 12:11:19,780 - cyberbully - INFO -   overwrite      : False
2026-06-17 12:11:19,780 - cyberbully - INFO -   device         : cuda
2026-06-17 12:11:19,780 - cyberbully - INFO -   output_dir     : experiments/grid-search/xlnet-base-cased/kaggle/prep2_aug0/seed_37622020
2026-06-17 12:11:19,780 - cyberbully - INFO - ============================================================
2026-06-17 12:11:19,780 - cyberbully - INFO - Step 1: Preparing data...
2026-06-17 12:11:19,827 - cyberbully - INFO - Loaded pre-split data from dataset/kaggle — train: 25604, val: 6401, test: 8002
2026-06-17 12:11:19,827 - cyberbully - INFO - Label mapping: {'age': 0, 'ethnicity': 1, 'gender': 2, 'other_cyberbullying': 3, 'religion': 4}
2026-06-17 12:11:19,828 - cyberbully - INFO - Applying partial text preprocessing per split...
2026-06-17 12:11:21,131 - cyberbully - INFO - After preprocessing -- train: 25604, val: 6401, test: 8002
2026-06-17 12:11:21,135 - cyberbully - INFO - Number of classes: 5
2026-06-17 12:11:21,136 - cyberbully - INFO - Step 2: Loading model and tokenizer...
2026-06-17 12:11:21,136 - cyberbully - INFO - Loading model 'xlnet-base-cased' with 5 labels (sbert=False, supcon=False)
2026-06-17 12:11:23,873 - cyberbully - INFO - Step 3: Creating datasets...
2026-06-17 12:11:24,678 - cyberbully - INFO - Dataset sizes — train: 25604, val: 6401, test: 8002
2026-06-17 12:11:24,678 - cyberbully - INFO - Step 4: Training...
2026-06-17 12:11:24,880 - cyberbully - INFO - Starting training...
2026-06-17 12:30:45,660 - cyberbully - INFO - Training complete.
2026-06-17 12:30:45,728 - cyberbully - INFO - Removed checkpoint: experiments/grid-search/xlnet-base-cased/kaggle/prep2_aug0/seed_37622020/checkpoint-5607
2026-06-17 12:30:45,809 - cyberbully - INFO - Removed checkpoint: experiments/grid-search/xlnet-base-cased/kaggle/prep2_aug0/seed_37622020/checkpoint-8010
2026-06-17 12:30:45,877 - cyberbully - INFO - Removed checkpoint: experiments/grid-search/xlnet-base-cased/kaggle/prep2_aug0/seed_37622020/checkpoint-6408
2026-06-17 12:30:45,947 - cyberbully - INFO - Removed checkpoint: experiments/grid-search/xlnet-base-cased/kaggle/prep2_aug0/seed_37622020/checkpoint-1602
2026-06-17 12:30:46,015 - cyberbully - INFO - Removed checkpoint: experiments/grid-search/xlnet-base-cased/kaggle/prep2_aug0/seed_37622020/checkpoint-3204
2026-06-17 12:30:46,083 - cyberbully - INFO - Removed checkpoint: experiments/grid-search/xlnet-base-cased/kaggle/prep2_aug0/seed_37622020/checkpoint-7209
2026-06-17 12:30:46,152 - cyberbully - INFO - Removed checkpoint: experiments/grid-search/xlnet-base-cased/kaggle/prep2_aug0/seed_37622020/checkpoint-4005
2026-06-17 12:30:46,222 - cyberbully - INFO - Removed checkpoint: experiments/grid-search/xlnet-base-cased/kaggle/prep2_aug0/seed_37622020/checkpoint-4806
2026-06-17 12:30:46,293 - cyberbully - INFO - Removed checkpoint: experiments/grid-search/xlnet-base-cased/kaggle/prep2_aug0/seed_37622020/checkpoint-801
2026-06-17 12:30:46,361 - cyberbully - INFO - Removed checkpoint: experiments/grid-search/xlnet-base-cased/kaggle/prep2_aug0/seed_37622020/checkpoint-2403
2026-06-17 12:30:46,361 - cyberbully - INFO - Step 5: Evaluating on test set...
2026-06-17 12:31:03,306 - cyberbully - INFO - Metrics saved to experiments/grid-search/xlnet-base-cased/kaggle/prep2_aug0/seed_37622020/metrics.json
2026-06-17 12:31:03,306 - cyberbully - INFO - Confusion matrix saved to experiments/grid-search/xlnet-base-cased/kaggle/prep2_aug0/seed_37622020/confusion_matrix.json
2026-06-17 12:31:03,393 - cyberbully - INFO - Per-sample predictions saved to experiments/grid-search/xlnet-base-cased/kaggle/prep2_aug0/seed_37622020/predictions.json
2026-06-17 12:31:03,499 - cyberbully - INFO - Confusion matrix figure saved to experiments/grid-search/xlnet-base-cased/kaggle/prep2_aug0/seed_37622020/confusion_matrix.pdf
2026-06-17 12:31:03,499 - cyberbully - INFO - Accuracy: 0.9499
2026-06-17 12:31:03,500 - cyberbully - INFO - Weighted F1: 0.9500
2026-06-17 12:31:03,500 - cyberbully - INFO - Micro F1: 0.9499
2026-06-17 12:31:03,500 - cyberbully - INFO - Inference time: 10.74 seconds
2026-06-17 12:31:03,500 - cyberbully - INFO - Energy consumption: 0.000654 kWh
2026-06-17 12:31:03,502 - cyberbully - INFO - ============================================================
2026-06-17 12:31:03,502 - cyberbully - INFO - Pipeline complete. Results saved to: experiments/grid-search/xlnet-base-cased/kaggle/prep2_aug0/seed_37622020
2026-06-17 12:31:03,502 - cyberbully - INFO - ============================================================
