2026-04-08 18:45:39,762 - cyberbully - INFO - ============================================================
2026-04-08 18:45:39,762 - cyberbully - INFO - Cyberbullying Detection Pipeline
2026-04-08 18:45:39,762 - cyberbully - INFO - ============================================================
2026-04-08 18:45:39,762 - cyberbully - INFO - Configuration:
2026-04-08 18:45:39,762 - cyberbully - INFO -   model          : google/mobilebert-uncased
2026-04-08 18:45:39,762 - cyberbully - INFO -   dataset        : ieee
2026-04-08 18:45:39,762 - cyberbully - INFO -   preprocess     : False
2026-04-08 18:45:39,762 - cyberbully - INFO -   augment        : False
2026-04-08 18:45:39,762 - cyberbully - INFO -   compute_attribution: False
2026-04-08 18:45:39,762 - cyberbully - INFO -   seed           : 37622020
2026-04-08 18:45:39,762 - cyberbully - INFO -   epochs         : 10
2026-04-08 18:45:39,762 - cyberbully - INFO -   batch_size     : 32
2026-04-08 18:45:39,762 - cyberbully - INFO -   lr             : 5e-05
2026-04-08 18:45:39,762 - cyberbully - INFO -   max_length     : 128
2026-04-08 18:45:39,762 - cyberbully - INFO -   output_dir     : grid-search
2026-04-08 18:45:39,762 - cyberbully - INFO -   data_dir       : dataset
2026-04-08 18:45:39,762 - cyberbully - INFO -   sbert          : False
2026-04-08 18:45:39,762 - cyberbully - INFO -   supcon         : False
2026-04-08 18:45:39,762 - cyberbully - INFO -   supcon_weight  : 0.1
2026-04-08 18:45:39,762 - cyberbully - INFO -   proj_dim       : 128
2026-04-08 18:45:39,762 - cyberbully - INFO -   grad_accum_steps: 1
2026-04-08 18:45:39,762 - cyberbully - INFO -   overwrite      : False
2026-04-08 18:45:39,762 - cyberbully - INFO -   device         : cuda
2026-04-08 18:45:39,762 - cyberbully - INFO -   output_dir     : experiments/grid-search/google_mobilebert-uncased/ieee/prep0_aug0/seed_37622020
2026-04-08 18:45:39,762 - cyberbully - INFO - ============================================================
2026-04-08 18:45:39,762 - cyberbully - INFO - Step 1: Preparing data...
2026-04-08 18:45:39,766 - cyberbully - INFO - Loaded pre-split data from dataset/ieee — train: 1348, val: 338, test: 422
2026-04-08 18:45:39,766 - cyberbully - INFO - Label mapping: {'Cyberstalking': 0, 'Doxing': 1, 'Revenge Porn': 2, 'Sexual Harassment': 3, 'Slut Shaming': 4}
2026-04-08 18:45:39,768 - cyberbully - INFO - Number of classes: 5
2026-04-08 18:45:39,769 - cyberbully - INFO - Step 2: Loading model and tokenizer...
2026-04-08 18:45:39,769 - cyberbully - INFO - Loading model 'google/mobilebert-uncased' with 5 labels (sbert=False, supcon=False)
2026-04-08 18:45:41,817 - cyberbully - WARNING - FP16 disabled for model_type='mobilebert' (known fp16 instability).
2026-04-08 18:45:41,817 - cyberbully - INFO - Step 3: Creating datasets...
2026-04-08 18:45:41,842 - cyberbully - INFO - Dataset sizes — train: 1348, val: 338, test: 422
2026-04-08 18:45:41,842 - cyberbully - INFO - Step 4: Training...
2026-04-08 18:45:41,963 - cyberbully - INFO - Starting training...
2026-04-08 18:46:23,106 - cyberbully - INFO - Training complete.
2026-04-08 18:46:23,125 - cyberbully - INFO - Removed checkpoint: experiments/grid-search/google_mobilebert-uncased/ieee/prep0_aug0/seed_37622020/checkpoint-215
2026-04-08 18:46:23,146 - cyberbully - INFO - Removed checkpoint: experiments/grid-search/google_mobilebert-uncased/ieee/prep0_aug0/seed_37622020/checkpoint-387
2026-04-08 18:46:23,165 - cyberbully - INFO - Removed checkpoint: experiments/grid-search/google_mobilebert-uncased/ieee/prep0_aug0/seed_37622020/checkpoint-86
2026-04-08 18:46:23,516 - cyberbully - INFO - Removed checkpoint: experiments/grid-search/google_mobilebert-uncased/ieee/prep0_aug0/seed_37622020/checkpoint-129
2026-04-08 18:46:23,538 - cyberbully - INFO - Removed checkpoint: experiments/grid-search/google_mobilebert-uncased/ieee/prep0_aug0/seed_37622020/checkpoint-344
2026-04-08 18:46:23,557 - cyberbully - INFO - Removed checkpoint: experiments/grid-search/google_mobilebert-uncased/ieee/prep0_aug0/seed_37622020/checkpoint-258
2026-04-08 18:46:23,576 - cyberbully - INFO - Removed checkpoint: experiments/grid-search/google_mobilebert-uncased/ieee/prep0_aug0/seed_37622020/checkpoint-43
2026-04-08 18:46:23,597 - cyberbully - INFO - Removed checkpoint: experiments/grid-search/google_mobilebert-uncased/ieee/prep0_aug0/seed_37622020/checkpoint-301
2026-04-08 18:46:24,116 - cyberbully - INFO - Removed checkpoint: experiments/grid-search/google_mobilebert-uncased/ieee/prep0_aug0/seed_37622020/checkpoint-172
2026-04-08 18:46:24,134 - cyberbully - INFO - Removed checkpoint: experiments/grid-search/google_mobilebert-uncased/ieee/prep0_aug0/seed_37622020/checkpoint-430
2026-04-08 18:46:24,134 - cyberbully - INFO - Step 5: Evaluating on test set...
2026-04-08 18:46:28,559 - cyberbully - INFO - Metrics saved to experiments/grid-search/google_mobilebert-uncased/ieee/prep0_aug0/seed_37622020/metrics.json
2026-04-08 18:46:28,559 - cyberbully - INFO - Confusion matrix saved to experiments/grid-search/google_mobilebert-uncased/ieee/prep0_aug0/seed_37622020/confusion_matrix.json
2026-04-08 18:46:28,565 - cyberbully - INFO - Per-sample predictions saved to experiments/grid-search/google_mobilebert-uncased/ieee/prep0_aug0/seed_37622020/predictions.json
2026-04-08 18:46:28,671 - cyberbully - INFO - Confusion matrix figure saved to experiments/grid-search/google_mobilebert-uncased/ieee/prep0_aug0/seed_37622020/confusion_matrix.pdf
2026-04-08 18:46:28,671 - cyberbully - INFO - Accuracy: 0.8057
2026-04-08 18:46:28,671 - cyberbully - INFO - Weighted F1: 0.8067
2026-04-08 18:46:28,671 - cyberbully - INFO - Micro F1: 0.8057
2026-04-08 18:46:28,671 - cyberbully - INFO - Inference time: 0.23 seconds
2026-04-08 18:46:28,671 - cyberbully - INFO - Energy consumption: 0.000011 kWh
2026-04-08 18:46:28,671 - cyberbully - INFO - ============================================================
2026-04-08 18:46:28,671 - cyberbully - INFO - Pipeline complete. Results saved to: experiments/grid-search/google_mobilebert-uncased/ieee/prep0_aug0/seed_37622020
2026-04-08 18:46:28,671 - cyberbully - INFO - ============================================================
