2026-05-22 00:05:42,572 - cyberbully - INFO - ============================================================
2026-05-22 00:05:42,572 - cyberbully - INFO - Cyberbullying Detection Pipeline
2026-05-22 00:05:42,572 - cyberbully - INFO - ============================================================
2026-05-22 00:05:42,572 - cyberbully - INFO - Configuration:
2026-05-22 00:05:42,572 - cyberbully - INFO -   model          : chandar-lab/NeoBERT
2026-05-22 00:05:42,572 - cyberbully - INFO -   dataset        : ieee
2026-05-22 00:05:42,572 - cyberbully - INFO -   preprocess     : True
2026-05-22 00:05:42,572 - cyberbully - INFO -   augment        : False
2026-05-22 00:05:42,572 - cyberbully - INFO -   compute_attribution: False
2026-05-22 00:05:42,572 - cyberbully - INFO -   seed           : 52680723
2026-05-22 00:05:42,572 - cyberbully - INFO -   epochs         : 10
2026-05-22 00:05:42,572 - cyberbully - INFO -   batch_size     : 32
2026-05-22 00:05:42,572 - cyberbully - INFO -   lr             : 5e-05
2026-05-22 00:05:42,572 - cyberbully - INFO -   max_length     : 128
2026-05-22 00:05:42,572 - cyberbully - INFO -   output_dir     : grid-search
2026-05-22 00:05:42,572 - cyberbully - INFO -   data_dir       : dataset
2026-05-22 00:05:42,572 - cyberbully - INFO -   sbert          : False
2026-05-22 00:05:42,572 - cyberbully - INFO -   supcon         : False
2026-05-22 00:05:42,572 - cyberbully - INFO -   supcon_weight  : 0.1
2026-05-22 00:05:42,572 - cyberbully - INFO -   proj_dim       : 128
2026-05-22 00:05:42,572 - cyberbully - INFO -   grad_accum_steps: 1
2026-05-22 00:05:42,572 - cyberbully - INFO -   overwrite      : True
2026-05-22 00:05:42,572 - cyberbully - INFO -   device         : cuda
2026-05-22 00:05:42,572 - cyberbully - INFO -   output_dir     : experiments/grid-search/chandar-lab_NeoBERT/ieee/prep1_aug0/seed_52680723
2026-05-22 00:05:42,572 - cyberbully - INFO - ============================================================
2026-05-22 00:05:42,572 - cyberbully - INFO - Step 1: Preparing data...
2026-05-22 00:05:42,576 - cyberbully - INFO - Loaded pre-split data from dataset/ieee — train: 1348, val: 338, test: 422
2026-05-22 00:05:42,576 - cyberbully - INFO - Label mapping: {'Cyberstalking': 0, 'Doxing': 1, 'Revenge Porn': 2, 'Sexual Harassment': 3, 'Slut Shaming': 4}
2026-05-22 00:05:42,576 - cyberbully - INFO - Applying text preprocessing per split...
2026-05-22 00:05:44,065 - cyberbully - INFO - After preprocessing -- train: 1348, val: 338, test: 422
2026-05-22 00:05:44,067 - cyberbully - INFO - Number of classes: 5
2026-05-22 00:05:44,068 - cyberbully - INFO - Step 2: Loading model and tokenizer...
2026-05-22 00:05:44,068 - cyberbully - INFO - Loading model 'chandar-lab/NeoBERT' with 5 labels (sbert=False, supcon=False)
2026-05-22 00:05:45,877 - cyberbully - INFO - Step 3: Creating datasets...
2026-05-22 00:05:45,903 - cyberbully - INFO - Dataset sizes — train: 1348, val: 338, test: 422
2026-05-22 00:05:45,903 - cyberbully - INFO - Step 4: Training...
2026-05-22 00:05:46,189 - cyberbully - INFO - Starting training...
2026-05-22 00:08:30,769 - cyberbully - INFO - Training complete.
2026-05-22 00:08:30,903 - cyberbully - INFO - Removed checkpoint: experiments/grid-search/chandar-lab_NeoBERT/ieee/prep1_aug0/seed_52680723/checkpoint-172
2026-05-22 00:08:31,041 - cyberbully - INFO - Removed checkpoint: experiments/grid-search/chandar-lab_NeoBERT/ieee/prep1_aug0/seed_52680723/checkpoint-258
2026-05-22 00:08:31,712 - cyberbully - INFO - Removed checkpoint: experiments/grid-search/chandar-lab_NeoBERT/ieee/prep1_aug0/seed_52680723/checkpoint-387
2026-05-22 00:08:31,844 - cyberbully - INFO - Removed checkpoint: experiments/grid-search/chandar-lab_NeoBERT/ieee/prep1_aug0/seed_52680723/checkpoint-43
2026-05-22 00:08:32,814 - cyberbully - INFO - Removed checkpoint: experiments/grid-search/chandar-lab_NeoBERT/ieee/prep1_aug0/seed_52680723/checkpoint-430
2026-05-22 00:08:32,950 - cyberbully - INFO - Removed checkpoint: experiments/grid-search/chandar-lab_NeoBERT/ieee/prep1_aug0/seed_52680723/checkpoint-301
2026-05-22 00:08:33,092 - cyberbully - INFO - Removed checkpoint: experiments/grid-search/chandar-lab_NeoBERT/ieee/prep1_aug0/seed_52680723/checkpoint-344
2026-05-22 00:08:33,222 - cyberbully - INFO - Removed checkpoint: experiments/grid-search/chandar-lab_NeoBERT/ieee/prep1_aug0/seed_52680723/checkpoint-129
2026-05-22 00:08:33,353 - cyberbully - INFO - Removed checkpoint: experiments/grid-search/chandar-lab_NeoBERT/ieee/prep1_aug0/seed_52680723/checkpoint-215
2026-05-22 00:08:33,487 - cyberbully - INFO - Removed checkpoint: experiments/grid-search/chandar-lab_NeoBERT/ieee/prep1_aug0/seed_52680723/checkpoint-86
2026-05-22 00:08:33,487 - cyberbully - INFO - Step 5: Evaluating on test set...
2026-05-22 00:08:40,250 - cyberbully - INFO - Metrics saved to experiments/grid-search/chandar-lab_NeoBERT/ieee/prep1_aug0/seed_52680723/metrics.json
2026-05-22 00:08:40,250 - cyberbully - INFO - Confusion matrix saved to experiments/grid-search/chandar-lab_NeoBERT/ieee/prep1_aug0/seed_52680723/confusion_matrix.json
2026-05-22 00:08:40,255 - cyberbully - INFO - Per-sample predictions saved to experiments/grid-search/chandar-lab_NeoBERT/ieee/prep1_aug0/seed_52680723/predictions.json
2026-05-22 00:08:40,354 - cyberbully - INFO - Confusion matrix figure saved to experiments/grid-search/chandar-lab_NeoBERT/ieee/prep1_aug0/seed_52680723/confusion_matrix.pdf
2026-05-22 00:08:40,354 - cyberbully - INFO - Accuracy: 0.8128
2026-05-22 00:08:40,355 - cyberbully - INFO - Weighted F1: 0.8127
2026-05-22 00:08:40,355 - cyberbully - INFO - Micro F1: 0.8128
2026-05-22 00:08:40,355 - cyberbully - INFO - Inference time: 0.66 seconds
2026-05-22 00:08:40,355 - cyberbully - INFO - Energy consumption: 0.000064 kWh
2026-05-22 00:08:40,355 - cyberbully - INFO - ============================================================
2026-05-22 00:08:40,355 - cyberbully - INFO - Pipeline complete. Results saved to: experiments/grid-search/chandar-lab_NeoBERT/ieee/prep1_aug0/seed_52680723
2026-05-22 00:08:40,355 - cyberbully - INFO - ============================================================
