2026-02-21 00:07:37,877 - cyberbully - INFO - ============================================================
2026-02-21 00:07:37,877 - cyberbully - INFO - Cyberbullying Detection Pipeline
2026-02-21 00:07:37,877 - cyberbully - INFO - ============================================================
2026-02-21 00:07:37,877 - cyberbully - INFO - Configuration:
2026-02-21 00:07:37,877 - cyberbully - INFO -   model          : all-mpnet-base-v2
2026-02-21 00:07:37,877 - cyberbully - INFO -   dataset        : kaggle
2026-02-21 00:07:37,877 - cyberbully - INFO -   preprocess     : True
2026-02-21 00:07:37,877 - cyberbully - INFO -   augment        : False
2026-02-21 00:07:37,877 - cyberbully - INFO -   compute_attribution: False
2026-02-21 00:07:37,877 - cyberbully - INFO -   seed           : 99511865
2026-02-21 00:07:37,877 - cyberbully - INFO -   epochs         : 5
2026-02-21 00:07:37,877 - cyberbully - INFO -   batch_size     : 16
2026-02-21 00:07:37,877 - cyberbully - INFO -   lr             : 2e-05
2026-02-21 00:07:37,877 - cyberbully - INFO -   max_length     : 128
2026-02-21 00:07:37,877 - cyberbully - INFO -   output_dir     : sbert-model
2026-02-21 00:07:37,877 - cyberbully - INFO -   data_dir       : dataset
2026-02-21 00:07:37,877 - cyberbully - INFO -   sbert          : True
2026-02-21 00:07:37,877 - cyberbully - INFO -   overwrite      : False
2026-02-21 00:07:37,877 - cyberbully - INFO -   device         : cuda
2026-02-21 00:07:37,877 - cyberbully - INFO -   output_dir     : experiments/sbert-model/all-mpnet-base-v2/kaggle/prep1_aug0/seed_99511865
2026-02-21 00:07:37,877 - cyberbully - INFO - ============================================================
2026-02-21 00:07:37,877 - cyberbully - INFO - Step 1: Preparing data...
2026-02-21 00:07:37,877 - cyberbully - INFO - Loading dataset 'kaggle' from dataset/Kaggle.csv
2026-02-21 00:07:37,934 - cyberbully - INFO - Loaded 47656 samples with 6 classes: ['age', 'ethnicity', 'gender', 'not_cyberbullying', 'other_cyberbullying', 'religion']
2026-02-21 00:07:37,934 - cyberbully - INFO - Applying text preprocessing...
2026-02-21 00:08:31,742 - cyberbully - INFO - After preprocessing: 41421 samples remain
2026-02-21 00:08:31,745 - cyberbully - INFO - Label mapping: {'age': 0, 'ethnicity': 1, 'gender': 2, 'not_cyberbullying': 3, 'other_cyberbullying': 4, 'religion': 5}
2026-02-21 00:08:31,757 - cyberbully - INFO - Split sizes — train: 26508, val: 6628, test: 8285
2026-02-21 00:08:31,757 - cyberbully - INFO - Number of classes: 6
2026-02-21 00:08:31,758 - cyberbully - INFO - Step 2: Loading model and tokenizer...
2026-02-21 00:08:31,758 - cyberbully - INFO - Loading model 'all-mpnet-base-v2' with 6 labels (sbert=True)
2026-02-21 00:08:34,476 - cyberbully - INFO - SBERTClassifier: embedding_dim=768, hidden=256, num_labels=6
2026-02-21 00:08:34,772 - cyberbully - INFO - Step 3: Creating datasets...
2026-02-21 00:08:35,307 - cyberbully - INFO - Dataset sizes — train: 26508, val: 6628, test: 8285
2026-02-21 00:08:35,307 - cyberbully - INFO - Step 4: Training...
2026-02-21 00:08:35,353 - cyberbully - INFO - Starting training...
2026-02-21 00:17:20,232 - cyberbully - INFO - Training complete.
2026-02-21 00:17:20,232 - cyberbully - INFO - Step 5: Evaluating on test set...
2026-02-21 00:17:31,260 - cyberbully - INFO - Metrics saved to experiments/sbert-model/all-mpnet-base-v2/kaggle/prep1_aug0/seed_99511865/metrics.json
2026-02-21 00:17:31,260 - cyberbully - INFO - Confusion matrix saved to experiments/sbert-model/all-mpnet-base-v2/kaggle/prep1_aug0/seed_99511865/confusion_matrix.json
2026-02-21 00:17:31,373 - cyberbully - INFO - Confusion matrix figure saved to experiments/sbert-model/all-mpnet-base-v2/kaggle/prep1_aug0/seed_99511865/confusion_matrix.pdf
2026-02-21 00:17:31,373 - cyberbully - INFO - Accuracy: 0.8686
2026-02-21 00:17:31,373 - cyberbully - INFO - Weighted F1: 0.8692
2026-02-21 00:17:31,373 - cyberbully - INFO - Micro F1: 0.8686
2026-02-21 00:17:31,374 - cyberbully - INFO - Inference time: 6.70 seconds
2026-02-21 00:17:31,374 - cyberbully - INFO - Energy consumption: 0.000436 kWh
2026-02-21 00:17:31,374 - cyberbully - INFO - ============================================================
2026-02-21 00:17:31,374 - cyberbully - INFO - Pipeline complete. Results saved to: experiments/sbert-model/all-mpnet-base-v2/kaggle/prep1_aug0/seed_99511865
2026-02-21 00:17:31,374 - cyberbully - INFO - ============================================================
