2026-03-21 15:10:59,490 - cyberbully - INFO - ============================================================
2026-03-21 15:10:59,490 - cyberbully - INFO - Cyberbullying Detection Pipeline
2026-03-21 15:10:59,490 - cyberbully - INFO - ============================================================
2026-03-21 15:10:59,490 - cyberbully - INFO - Configuration:
2026-03-21 15:10:59,490 - cyberbully - INFO -   model          : distilbert-base-cased
2026-03-21 15:10:59,490 - cyberbully - INFO -   dataset        : ieee
2026-03-21 15:10:59,490 - cyberbully - INFO -   preprocess     : False
2026-03-21 15:10:59,490 - cyberbully - INFO -   augment        : True
2026-03-21 15:10:59,490 - cyberbully - INFO -   compute_attribution: False
2026-03-21 15:10:59,490 - cyberbully - INFO -   seed           : 90995999
2026-03-21 15:10:59,490 - cyberbully - INFO -   epochs         : 10
2026-03-21 15:10:59,490 - cyberbully - INFO -   batch_size     : 32
2026-03-21 15:10:59,490 - cyberbully - INFO -   lr             : 5e-05
2026-03-21 15:10:59,490 - cyberbully - INFO -   max_length     : 128
2026-03-21 15:10:59,490 - cyberbully - INFO -   output_dir     : grid-search
2026-03-21 15:10:59,490 - cyberbully - INFO -   data_dir       : dataset
2026-03-21 15:10:59,490 - cyberbully - INFO -   sbert          : False
2026-03-21 15:10:59,490 - cyberbully - INFO -   supcon         : False
2026-03-21 15:10:59,490 - cyberbully - INFO -   supcon_weight  : 0.1
2026-03-21 15:10:59,490 - cyberbully - INFO -   proj_dim       : 128
2026-03-21 15:10:59,490 - cyberbully - INFO -   grad_accum_steps: 1
2026-03-21 15:10:59,490 - cyberbully - INFO -   overwrite      : False
2026-03-21 15:10:59,490 - cyberbully - INFO -   device         : cuda
2026-03-21 15:10:59,490 - cyberbully - INFO -   output_dir     : experiments/grid-search/distilbert-base-cased/ieee/prep0_aug1/seed_90995999
2026-03-21 15:10:59,490 - cyberbully - INFO - ============================================================
2026-03-21 15:10:59,490 - cyberbully - INFO - Step 1: Preparing data...
2026-03-21 15:10:59,493 - cyberbully - INFO - Loaded pre-split data from dataset/ieee — train: 1348, val: 338, test: 422
2026-03-21 15:10:59,493 - cyberbully - INFO - Label mapping: {'Cyberstalking': 0, 'Doxing': 1, 'Revenge Porn': 2, 'Sexual Harassment': 3, 'Slut Shaming': 4}
2026-03-21 15:10:59,495 - cyberbully - INFO - Applying training data augmentation (oversampling)...
2026-03-21 15:10:59,496 - cyberbully - INFO - After oversampling — class distribution: {0: 316, 1: 316, 2: 316, 3: 316, 4: 316}
2026-03-21 15:10:59,496 - cyberbully - INFO - Number of classes: 5
2026-03-21 15:10:59,497 - cyberbully - INFO - Step 2: Loading model and tokenizer...
2026-03-21 15:10:59,497 - cyberbully - INFO - Loading model 'distilbert-base-cased' with 5 labels (sbert=False, supcon=False)
2026-03-21 15:11:00,172 - cyberbully - INFO - Step 3: Creating datasets...
2026-03-21 15:11:00,202 - cyberbully - INFO - Dataset sizes — train: 1580, val: 338, test: 422
2026-03-21 15:11:00,202 - cyberbully - INFO - Step 4: Training...
2026-03-21 15:11:00,409 - cyberbully - INFO - Starting training...
2026-03-21 15:11:30,678 - cyberbully - INFO - Training complete.
2026-03-21 15:11:30,722 - cyberbully - INFO - Removed checkpoint: experiments/grid-search/distilbert-base-cased/ieee/prep0_aug1/seed_90995999/checkpoint-400
2026-03-21 15:11:30,767 - cyberbully - INFO - Removed checkpoint: experiments/grid-search/distilbert-base-cased/ieee/prep0_aug1/seed_90995999/checkpoint-200
2026-03-21 15:11:30,812 - cyberbully - INFO - Removed checkpoint: experiments/grid-search/distilbert-base-cased/ieee/prep0_aug1/seed_90995999/checkpoint-450
2026-03-21 15:11:30,857 - cyberbully - INFO - Removed checkpoint: experiments/grid-search/distilbert-base-cased/ieee/prep0_aug1/seed_90995999/checkpoint-300
2026-03-21 15:11:30,902 - cyberbully - INFO - Removed checkpoint: experiments/grid-search/distilbert-base-cased/ieee/prep0_aug1/seed_90995999/checkpoint-350
2026-03-21 15:11:30,947 - cyberbully - INFO - Removed checkpoint: experiments/grid-search/distilbert-base-cased/ieee/prep0_aug1/seed_90995999/checkpoint-150
2026-03-21 15:11:30,995 - cyberbully - INFO - Removed checkpoint: experiments/grid-search/distilbert-base-cased/ieee/prep0_aug1/seed_90995999/checkpoint-50
2026-03-21 15:11:31,040 - cyberbully - INFO - Removed checkpoint: experiments/grid-search/distilbert-base-cased/ieee/prep0_aug1/seed_90995999/checkpoint-500
2026-03-21 15:11:31,086 - cyberbully - INFO - Removed checkpoint: experiments/grid-search/distilbert-base-cased/ieee/prep0_aug1/seed_90995999/checkpoint-100
2026-03-21 15:11:31,131 - cyberbully - INFO - Removed checkpoint: experiments/grid-search/distilbert-base-cased/ieee/prep0_aug1/seed_90995999/checkpoint-250
2026-03-21 15:11:31,131 - cyberbully - INFO - Step 5: Evaluating on test set...
2026-03-21 15:11:35,573 - cyberbully - INFO - Metrics saved to experiments/grid-search/distilbert-base-cased/ieee/prep0_aug1/seed_90995999/metrics.json
2026-03-21 15:11:35,573 - cyberbully - INFO - Confusion matrix saved to experiments/grid-search/distilbert-base-cased/ieee/prep0_aug1/seed_90995999/confusion_matrix.json
2026-03-21 15:11:35,577 - cyberbully - INFO - Per-sample predictions saved to experiments/grid-search/distilbert-base-cased/ieee/prep0_aug1/seed_90995999/predictions.json
2026-03-21 15:11:35,677 - cyberbully - INFO - Confusion matrix figure saved to experiments/grid-search/distilbert-base-cased/ieee/prep0_aug1/seed_90995999/confusion_matrix.pdf
2026-03-21 15:11:35,677 - cyberbully - INFO - Accuracy: 0.8175
2026-03-21 15:11:35,677 - cyberbully - INFO - Weighted F1: 0.8182
2026-03-21 15:11:35,677 - cyberbully - INFO - Micro F1: 0.8175
2026-03-21 15:11:35,677 - cyberbully - INFO - Inference time: 0.17 seconds
2026-03-21 15:11:35,677 - cyberbully - INFO - Energy consumption: 0.000008 kWh
2026-03-21 15:11:35,678 - cyberbully - INFO - ============================================================
2026-03-21 15:11:35,678 - cyberbully - INFO - Pipeline complete. Results saved to: experiments/grid-search/distilbert-base-cased/ieee/prep0_aug1/seed_90995999
2026-03-21 15:11:35,678 - cyberbully - INFO - ============================================================
