2026-06-15 07:50:51,769 - cyberbully - INFO - ============================================================
2026-06-15 07:50:51,769 - cyberbully - INFO - Cyberbullying Detection Pipeline
2026-06-15 07:50:51,769 - cyberbully - INFO - ============================================================
2026-06-15 07:50:51,769 - cyberbully - INFO - Configuration:
2026-06-15 07:50:51,769 - cyberbully - INFO -   model          : roberta-base
2026-06-15 07:50:51,769 - cyberbully - INFO -   dataset        : kaggle
2026-06-15 07:50:51,769 - cyberbully - INFO -   preprocess     : False
2026-06-15 07:50:51,769 - cyberbully - INFO -   prep_mode      : 2
2026-06-15 07:50:51,769 - cyberbully - INFO -   augment        : False
2026-06-15 07:50:51,769 - cyberbully - INFO -   compute_attribution: False
2026-06-15 07:50:51,769 - cyberbully - INFO -   seed           : 24677315
2026-06-15 07:50:51,769 - cyberbully - INFO -   epochs         : 10
2026-06-15 07:50:51,769 - cyberbully - INFO -   batch_size     : 32
2026-06-15 07:50:51,769 - cyberbully - INFO -   lr             : 5e-05
2026-06-15 07:50:51,769 - cyberbully - INFO -   max_length     : 128
2026-06-15 07:50:51,769 - cyberbully - INFO -   output_dir     : grid-search
2026-06-15 07:50:51,769 - cyberbully - INFO -   data_dir       : dataset
2026-06-15 07:50:51,769 - cyberbully - INFO -   sbert          : False
2026-06-15 07:50:51,769 - cyberbully - INFO -   supcon         : False
2026-06-15 07:50:51,769 - cyberbully - INFO -   supcon_weight  : 0.1
2026-06-15 07:50:51,769 - cyberbully - INFO -   proj_dim       : 128
2026-06-15 07:50:51,769 - cyberbully - INFO -   grad_accum_steps: 1
2026-06-15 07:50:51,769 - cyberbully - INFO -   overwrite      : False
2026-06-15 07:50:51,769 - cyberbully - INFO -   device         : cuda
2026-06-15 07:50:51,769 - cyberbully - INFO -   output_dir     : experiments/grid-search/roberta-base/kaggle/prep2_aug0/seed_24677315
2026-06-15 07:50:51,769 - cyberbully - INFO - ============================================================
2026-06-15 07:50:51,769 - cyberbully - INFO - Step 1: Preparing data...
2026-06-15 07:50:51,820 - cyberbully - INFO - Loaded pre-split data from dataset/kaggle — train: 25604, val: 6401, test: 8002
2026-06-15 07:50:51,820 - cyberbully - INFO - Label mapping: {'age': 0, 'ethnicity': 1, 'gender': 2, 'other_cyberbullying': 3, 'religion': 4}
2026-06-15 07:50:51,821 - cyberbully - INFO - Applying partial text preprocessing per split...
2026-06-15 07:50:53,269 - cyberbully - INFO - After preprocessing -- train: 25604, val: 6401, test: 8002
2026-06-15 07:50:53,274 - cyberbully - INFO - Number of classes: 5
2026-06-15 07:50:53,276 - cyberbully - INFO - Step 2: Loading model and tokenizer...
2026-06-15 07:50:53,276 - cyberbully - INFO - Loading model 'roberta-base' with 5 labels (sbert=False, supcon=False)
2026-06-15 07:50:54,877 - cyberbully - INFO - Step 3: Creating datasets...
2026-06-15 07:50:55,499 - cyberbully - INFO - Dataset sizes — train: 25604, val: 6401, test: 8002
2026-06-15 07:50:55,499 - cyberbully - INFO - Step 4: Training...
2026-06-15 07:50:55,685 - cyberbully - INFO - Starting training...
2026-06-15 08:03:09,529 - cyberbully - INFO - Training complete.
2026-06-15 08:03:09,624 - cyberbully - INFO - Removed checkpoint: experiments/grid-search/roberta-base/kaggle/prep2_aug0/seed_24677315/checkpoint-4806
2026-06-15 08:03:09,717 - cyberbully - INFO - Removed checkpoint: experiments/grid-search/roberta-base/kaggle/prep2_aug0/seed_24677315/checkpoint-7209
2026-06-15 08:03:09,812 - cyberbully - INFO - Removed checkpoint: experiments/grid-search/roberta-base/kaggle/prep2_aug0/seed_24677315/checkpoint-6408
2026-06-15 08:03:09,906 - cyberbully - INFO - Removed checkpoint: experiments/grid-search/roberta-base/kaggle/prep2_aug0/seed_24677315/checkpoint-5607
2026-06-15 08:03:10,018 - cyberbully - INFO - Removed checkpoint: experiments/grid-search/roberta-base/kaggle/prep2_aug0/seed_24677315/checkpoint-8010
2026-06-15 08:03:10,113 - cyberbully - INFO - Removed checkpoint: experiments/grid-search/roberta-base/kaggle/prep2_aug0/seed_24677315/checkpoint-3204
2026-06-15 08:03:10,211 - cyberbully - INFO - Removed checkpoint: experiments/grid-search/roberta-base/kaggle/prep2_aug0/seed_24677315/checkpoint-1602
2026-06-15 08:03:10,314 - cyberbully - INFO - Removed checkpoint: experiments/grid-search/roberta-base/kaggle/prep2_aug0/seed_24677315/checkpoint-801
2026-06-15 08:03:10,411 - cyberbully - INFO - Removed checkpoint: experiments/grid-search/roberta-base/kaggle/prep2_aug0/seed_24677315/checkpoint-2403
2026-06-15 08:03:10,504 - cyberbully - INFO - Removed checkpoint: experiments/grid-search/roberta-base/kaggle/prep2_aug0/seed_24677315/checkpoint-4005
2026-06-15 08:03:10,504 - cyberbully - INFO - Step 5: Evaluating on test set...
2026-06-15 08:03:21,172 - cyberbully - INFO - Metrics saved to experiments/grid-search/roberta-base/kaggle/prep2_aug0/seed_24677315/metrics.json
2026-06-15 08:03:21,172 - cyberbully - INFO - Confusion matrix saved to experiments/grid-search/roberta-base/kaggle/prep2_aug0/seed_24677315/confusion_matrix.json
2026-06-15 08:03:21,266 - cyberbully - INFO - Per-sample predictions saved to experiments/grid-search/roberta-base/kaggle/prep2_aug0/seed_24677315/predictions.json
2026-06-15 08:03:21,385 - cyberbully - INFO - Confusion matrix figure saved to experiments/grid-search/roberta-base/kaggle/prep2_aug0/seed_24677315/confusion_matrix.pdf
2026-06-15 08:03:21,385 - cyberbully - INFO - Accuracy: 0.9473
2026-06-15 08:03:21,385 - cyberbully - INFO - Weighted F1: 0.9476
2026-06-15 08:03:21,385 - cyberbully - INFO - Micro F1: 0.9473
2026-06-15 08:03:21,385 - cyberbully - INFO - Inference time: 4.56 seconds
2026-06-15 08:03:21,385 - cyberbully - INFO - Energy consumption: 0.000273 kWh
2026-06-15 08:03:21,387 - cyberbully - INFO - ============================================================
2026-06-15 08:03:21,387 - cyberbully - INFO - Pipeline complete. Results saved to: experiments/grid-search/roberta-base/kaggle/prep2_aug0/seed_24677315
2026-06-15 08:03:21,387 - cyberbully - INFO - ============================================================
