2026-04-17 10:18:42,976 - cyberbully - INFO - ============================================================
2026-04-17 10:18:42,976 - cyberbully - INFO - Cyberbullying Detection Pipeline
2026-04-17 10:18:42,976 - cyberbully - INFO - ============================================================
2026-04-17 10:18:42,976 - cyberbully - INFO - Configuration:
2026-04-17 10:18:42,976 - cyberbully - INFO -   model          : bert-base-uncased
2026-04-17 10:18:42,976 - cyberbully - INFO -   dataset        : ieee
2026-04-17 10:18:42,976 - cyberbully - INFO -   preprocess     : False
2026-04-17 10:18:42,976 - cyberbully - INFO -   augment        : True
2026-04-17 10:18:42,976 - cyberbully - INFO -   compute_attribution: False
2026-04-17 10:18:42,976 - cyberbully - INFO -   seed           : 90995999
2026-04-17 10:18:42,976 - cyberbully - INFO -   epochs         : 10
2026-04-17 10:18:42,976 - cyberbully - INFO -   batch_size     : 32
2026-04-17 10:18:42,976 - cyberbully - INFO -   lr             : 5e-05
2026-04-17 10:18:42,976 - cyberbully - INFO -   max_length     : 128
2026-04-17 10:18:42,976 - cyberbully - INFO -   output_dir     : grid-search
2026-04-17 10:18:42,976 - cyberbully - INFO -   data_dir       : dataset
2026-04-17 10:18:42,976 - cyberbully - INFO -   sbert          : False
2026-04-17 10:18:42,976 - cyberbully - INFO -   supcon         : False
2026-04-17 10:18:42,976 - cyberbully - INFO -   supcon_weight  : 0.1
2026-04-17 10:18:42,976 - cyberbully - INFO -   proj_dim       : 128
2026-04-17 10:18:42,976 - cyberbully - INFO -   grad_accum_steps: 1
2026-04-17 10:18:42,976 - cyberbully - INFO -   overwrite      : True
2026-04-17 10:18:42,976 - cyberbully - INFO -   device         : cuda
2026-04-17 10:18:42,976 - cyberbully - INFO -   output_dir     : experiments/grid-search/bert-base-uncased/ieee/prep0_aug1/seed_90995999
2026-04-17 10:18:42,976 - cyberbully - INFO - ============================================================
2026-04-17 10:18:42,976 - cyberbully - INFO - Step 1: Preparing data...
2026-04-17 10:18:42,980 - cyberbully - INFO - Loaded pre-split data from dataset/ieee — train: 1348, val: 338, test: 422
2026-04-17 10:18:42,980 - cyberbully - INFO - Label mapping: {'Cyberstalking': 0, 'Doxing': 1, 'Revenge Porn': 2, 'Sexual Harassment': 3, 'Slut Shaming': 4}
2026-04-17 10:18:42,981 - cyberbully - INFO - Applying training data augmentation (oversampling)...
2026-04-17 10:18:42,982 - cyberbully - INFO - After oversampling — class distribution: {0: 316, 1: 316, 2: 316, 3: 316, 4: 316}
2026-04-17 10:18:42,983 - cyberbully - INFO - Number of classes: 5
2026-04-17 10:18:42,984 - cyberbully - INFO - Step 2: Loading model and tokenizer...
2026-04-17 10:18:42,984 - cyberbully - INFO - Loading model 'bert-base-uncased' with 5 labels (sbert=False, supcon=False)
2026-04-17 10:18:43,790 - cyberbully - INFO - Step 3: Creating datasets...
2026-04-17 10:18:43,820 - cyberbully - INFO - Dataset sizes — train: 1580, val: 338, test: 422
2026-04-17 10:18:43,820 - cyberbully - INFO - Step 4: Training...
2026-04-17 10:18:43,954 - cyberbully - INFO - Starting training...
2026-04-17 10:20:24,878 - cyberbully - INFO - Training complete.
2026-04-17 10:20:25,182 - cyberbully - INFO - Removed checkpoint: experiments/grid-search/bert-base-uncased/ieee/prep0_aug1/seed_90995999/checkpoint-500
2026-04-17 10:20:25,430 - cyberbully - INFO - Removed checkpoint: experiments/grid-search/bert-base-uncased/ieee/prep0_aug1/seed_90995999/checkpoint-50
2026-04-17 10:20:25,512 - cyberbully - INFO - Removed checkpoint: experiments/grid-search/bert-base-uncased/ieee/prep0_aug1/seed_90995999/checkpoint-250
2026-04-17 10:20:25,593 - cyberbully - INFO - Removed checkpoint: experiments/grid-search/bert-base-uncased/ieee/prep0_aug1/seed_90995999/checkpoint-150
2026-04-17 10:20:25,677 - cyberbully - INFO - Removed checkpoint: experiments/grid-search/bert-base-uncased/ieee/prep0_aug1/seed_90995999/checkpoint-350
2026-04-17 10:20:25,756 - cyberbully - INFO - Removed checkpoint: experiments/grid-search/bert-base-uncased/ieee/prep0_aug1/seed_90995999/checkpoint-200
2026-04-17 10:20:25,841 - cyberbully - INFO - Removed checkpoint: experiments/grid-search/bert-base-uncased/ieee/prep0_aug1/seed_90995999/checkpoint-400
2026-04-17 10:20:25,923 - cyberbully - INFO - Removed checkpoint: experiments/grid-search/bert-base-uncased/ieee/prep0_aug1/seed_90995999/checkpoint-300
2026-04-17 10:20:26,004 - cyberbully - INFO - Removed checkpoint: experiments/grid-search/bert-base-uncased/ieee/prep0_aug1/seed_90995999/checkpoint-100
2026-04-17 10:20:26,092 - cyberbully - INFO - Removed checkpoint: experiments/grid-search/bert-base-uncased/ieee/prep0_aug1/seed_90995999/checkpoint-450
2026-04-17 10:20:26,093 - cyberbully - INFO - Step 5: Evaluating on test set...
2026-04-17 10:20:30,791 - cyberbully - INFO - Metrics saved to experiments/grid-search/bert-base-uncased/ieee/prep0_aug1/seed_90995999/metrics.json
2026-04-17 10:20:30,791 - cyberbully - INFO - Confusion matrix saved to experiments/grid-search/bert-base-uncased/ieee/prep0_aug1/seed_90995999/confusion_matrix.json
2026-04-17 10:20:30,795 - cyberbully - INFO - Per-sample predictions saved to experiments/grid-search/bert-base-uncased/ieee/prep0_aug1/seed_90995999/predictions.json
2026-04-17 10:20:30,903 - cyberbully - INFO - Confusion matrix figure saved to experiments/grid-search/bert-base-uncased/ieee/prep0_aug1/seed_90995999/confusion_matrix.pdf
2026-04-17 10:20:30,903 - cyberbully - INFO - Accuracy: 0.8436
2026-04-17 10:20:30,903 - cyberbully - INFO - Weighted F1: 0.8438
2026-04-17 10:20:30,903 - cyberbully - INFO - Micro F1: 0.8436
2026-04-17 10:20:30,903 - cyberbully - INFO - Inference time: 0.18 seconds
2026-04-17 10:20:30,903 - cyberbully - INFO - Energy consumption: 0.000006 kWh
2026-04-17 10:20:30,904 - cyberbully - INFO - ============================================================
2026-04-17 10:20:30,904 - cyberbully - INFO - Pipeline complete. Results saved to: experiments/grid-search/bert-base-uncased/ieee/prep0_aug1/seed_90995999
2026-04-17 10:20:30,904 - cyberbully - INFO - ============================================================
