2026-04-09 10:39:45,935 - cyberbully - INFO - ============================================================
2026-04-09 10:39:45,935 - cyberbully - INFO - Cyberbullying Detection Pipeline
2026-04-09 10:39:45,935 - cyberbully - INFO - ============================================================
2026-04-09 10:39:45,935 - cyberbully - INFO - Configuration:
2026-04-09 10:39:45,935 - cyberbully - INFO -   model          : answerdotai/ModernBERT-base
2026-04-09 10:39:45,935 - cyberbully - INFO -   dataset        : kaggle
2026-04-09 10:39:45,935 - cyberbully - INFO -   preprocess     : False
2026-04-09 10:39:45,935 - cyberbully - INFO -   augment        : False
2026-04-09 10:39:45,935 - cyberbully - INFO -   compute_attribution: False
2026-04-09 10:39:45,935 - cyberbully - INFO -   seed           : 67351593
2026-04-09 10:39:45,935 - cyberbully - INFO -   epochs         : 10
2026-04-09 10:39:45,935 - cyberbully - INFO -   batch_size     : 32
2026-04-09 10:39:45,935 - cyberbully - INFO -   lr             : 5e-05
2026-04-09 10:39:45,935 - cyberbully - INFO -   max_length     : 128
2026-04-09 10:39:45,935 - cyberbully - INFO -   output_dir     : grid-search
2026-04-09 10:39:45,935 - cyberbully - INFO -   data_dir       : dataset
2026-04-09 10:39:45,935 - cyberbully - INFO -   sbert          : False
2026-04-09 10:39:45,935 - cyberbully - INFO -   supcon         : False
2026-04-09 10:39:45,935 - cyberbully - INFO -   supcon_weight  : 0.1
2026-04-09 10:39:45,935 - cyberbully - INFO -   proj_dim       : 128
2026-04-09 10:39:45,935 - cyberbully - INFO -   grad_accum_steps: 1
2026-04-09 10:39:45,935 - cyberbully - INFO -   overwrite      : False
2026-04-09 10:39:45,935 - cyberbully - INFO -   device         : cuda
2026-04-09 10:39:45,935 - cyberbully - INFO -   output_dir     : experiments/grid-search/answerdotai_ModernBERT-base/kaggle/prep0_aug0/seed_67351593
2026-04-09 10:39:45,935 - cyberbully - INFO - ============================================================
2026-04-09 10:39:45,935 - cyberbully - INFO - Step 1: Preparing data...
2026-04-09 10:39:45,979 - cyberbully - INFO - Loaded pre-split data from dataset/kaggle — train: 25604, val: 6401, test: 8002
2026-04-09 10:39:45,979 - cyberbully - INFO - Label mapping: {'age': 0, 'ethnicity': 1, 'gender': 2, 'other_cyberbullying': 3, 'religion': 4}
2026-04-09 10:39:45,990 - cyberbully - INFO - Number of classes: 5
2026-04-09 10:39:45,991 - cyberbully - INFO - Step 2: Loading model and tokenizer...
2026-04-09 10:39:45,991 - cyberbully - INFO - Loading model 'answerdotai/ModernBERT-base' with 5 labels (sbert=False, supcon=False)
2026-04-09 10:39:47,559 - cyberbully - INFO - Step 3: Creating datasets...
2026-04-09 10:39:48,416 - cyberbully - INFO - Dataset sizes — train: 25604, val: 6401, test: 8002
2026-04-09 10:39:48,416 - cyberbully - INFO - Step 4: Training...
2026-04-09 10:39:48,641 - cyberbully - INFO - Starting training...
2026-04-09 10:56:06,433 - cyberbully - INFO - Training complete.
2026-04-09 10:56:06,515 - cyberbully - INFO - Removed checkpoint: experiments/grid-search/answerdotai_ModernBERT-base/kaggle/prep0_aug0/seed_67351593/checkpoint-5607
2026-04-09 10:56:06,612 - cyberbully - INFO - Removed checkpoint: experiments/grid-search/answerdotai_ModernBERT-base/kaggle/prep0_aug0/seed_67351593/checkpoint-8010
2026-04-09 10:56:06,694 - cyberbully - INFO - Removed checkpoint: experiments/grid-search/answerdotai_ModernBERT-base/kaggle/prep0_aug0/seed_67351593/checkpoint-6408
2026-04-09 10:56:06,782 - cyberbully - INFO - Removed checkpoint: experiments/grid-search/answerdotai_ModernBERT-base/kaggle/prep0_aug0/seed_67351593/checkpoint-1602
2026-04-09 10:56:06,864 - cyberbully - INFO - Removed checkpoint: experiments/grid-search/answerdotai_ModernBERT-base/kaggle/prep0_aug0/seed_67351593/checkpoint-3204
2026-04-09 10:56:06,946 - cyberbully - INFO - Removed checkpoint: experiments/grid-search/answerdotai_ModernBERT-base/kaggle/prep0_aug0/seed_67351593/checkpoint-7209
2026-04-09 10:56:07,030 - cyberbully - INFO - Removed checkpoint: experiments/grid-search/answerdotai_ModernBERT-base/kaggle/prep0_aug0/seed_67351593/checkpoint-4005
2026-04-09 10:56:07,112 - cyberbully - INFO - Removed checkpoint: experiments/grid-search/answerdotai_ModernBERT-base/kaggle/prep0_aug0/seed_67351593/checkpoint-4806
2026-04-09 10:56:07,199 - cyberbully - INFO - Removed checkpoint: experiments/grid-search/answerdotai_ModernBERT-base/kaggle/prep0_aug0/seed_67351593/checkpoint-801
2026-04-09 10:56:07,282 - cyberbully - INFO - Removed checkpoint: experiments/grid-search/answerdotai_ModernBERT-base/kaggle/prep0_aug0/seed_67351593/checkpoint-2403
2026-04-09 10:56:07,282 - cyberbully - INFO - Step 5: Evaluating on test set...
2026-04-09 10:56:19,707 - cyberbully - INFO - Metrics saved to experiments/grid-search/answerdotai_ModernBERT-base/kaggle/prep0_aug0/seed_67351593/metrics.json
2026-04-09 10:56:19,707 - cyberbully - INFO - Confusion matrix saved to experiments/grid-search/answerdotai_ModernBERT-base/kaggle/prep0_aug0/seed_67351593/confusion_matrix.json
2026-04-09 10:56:19,786 - cyberbully - INFO - Per-sample predictions saved to experiments/grid-search/answerdotai_ModernBERT-base/kaggle/prep0_aug0/seed_67351593/predictions.json
2026-04-09 10:56:19,888 - cyberbully - INFO - Confusion matrix figure saved to experiments/grid-search/answerdotai_ModernBERT-base/kaggle/prep0_aug0/seed_67351593/confusion_matrix.pdf
2026-04-09 10:56:19,889 - cyberbully - INFO - Accuracy: 0.9579
2026-04-09 10:56:19,889 - cyberbully - INFO - Weighted F1: 0.9580
2026-04-09 10:56:19,889 - cyberbully - INFO - Micro F1: 0.9579
2026-04-09 10:56:19,889 - cyberbully - INFO - Inference time: 7.79 seconds
2026-04-09 10:56:19,889 - cyberbully - INFO - Energy consumption: 0.000496 kWh
2026-04-09 10:56:19,890 - cyberbully - INFO - ============================================================
2026-04-09 10:56:19,890 - cyberbully - INFO - Pipeline complete. Results saved to: experiments/grid-search/answerdotai_ModernBERT-base/kaggle/prep0_aug0/seed_67351593
2026-04-09 10:56:19,890 - cyberbully - INFO - ============================================================
