2026-02-18 03:26:33,683 - cyberbully - INFO - ============================================================
2026-02-18 03:26:33,683 - cyberbully - INFO - Cyberbullying Detection Pipeline
2026-02-18 03:26:33,683 - cyberbully - INFO - ============================================================
2026-02-18 03:26:33,683 - cyberbully - INFO - Configuration:
2026-02-18 03:26:33,683 - cyberbully - INFO -   model          : bert-base-uncased
2026-02-18 03:26:33,683 - cyberbully - INFO -   dataset        : tweeteval
2026-02-18 03:26:33,683 - cyberbully - INFO -   preprocess     : True
2026-02-18 03:26:33,683 - cyberbully - INFO -   augment        : True
2026-02-18 03:26:33,683 - cyberbully - INFO -   compute_attribution: False
2026-02-18 03:26:33,683 - cyberbully - INFO -   seed           : 70681460
2026-02-18 03:26:33,683 - cyberbully - INFO -   epochs         : 5
2026-02-18 03:26:33,683 - cyberbully - INFO -   batch_size     : 16
2026-02-18 03:26:33,683 - cyberbully - INFO -   lr             : 2e-05
2026-02-18 03:26:33,683 - cyberbully - INFO -   max_length     : 128
2026-02-18 03:26:33,683 - cyberbully - INFO -   output_dir     : grid-search
2026-02-18 03:26:33,683 - cyberbully - INFO -   data_dir       : dataset
2026-02-18 03:26:33,683 - cyberbully - INFO -   sbert          : False
2026-02-18 03:26:33,683 - cyberbully - INFO -   overwrite      : False
2026-02-18 03:26:33,683 - cyberbully - INFO -   device         : cuda
2026-02-18 03:26:33,683 - cyberbully - INFO -   output_dir     : experiments/grid-search/bert-base-uncased/tweeteval/prep1_aug1/seed_70681460
2026-02-18 03:26:33,683 - cyberbully - INFO - ============================================================
2026-02-18 03:26:33,684 - cyberbully - INFO - Step 1: Preparing data...
2026-02-18 03:26:33,684 - cyberbully - INFO - Loading dataset 'tweeteval' from dataset/Tweeteval.csv
2026-02-18 03:26:33,758 - cyberbully - INFO - Loaded 50759 samples with 5 classes: ['emotion', 'hate', 'offensive', 'religion', 'spiritual']
2026-02-18 03:26:33,758 - cyberbully - INFO - Applying text preprocessing...
2026-02-18 03:27:31,608 - cyberbully - INFO - After preprocessing: 47394 samples remain
2026-02-18 03:27:31,610 - cyberbully - INFO - Label mapping: {'emotion': 0, 'hate': 1, 'offensive': 2, 'religion': 3, 'spiritual': 4}
2026-02-18 03:27:31,623 - cyberbully - INFO - Split sizes — train: 30332, val: 7583, test: 9479
2026-02-18 03:27:31,623 - cyberbully - INFO - Applying training data augmentation (oversampling)...
2026-02-18 03:27:31,630 - cyberbully - INFO - After oversampling — class distribution: {0: 7747, 1: 7747, 2: 7747, 3: 7747, 4: 7747}
2026-02-18 03:27:31,631 - cyberbully - INFO - Number of classes: 5
2026-02-18 03:27:31,632 - cyberbully - INFO - Step 2: Loading model and tokenizer...
2026-02-18 03:27:31,632 - cyberbully - INFO - Loading model 'bert-base-uncased' with 5 labels (sbert=False)
2026-02-18 03:27:32,458 - cyberbully - INFO - Step 3: Creating datasets...
2026-02-18 03:27:33,305 - cyberbully - INFO - Dataset sizes — train: 38735, val: 7583, test: 9479
2026-02-18 03:27:33,305 - cyberbully - INFO - Step 4: Training...
2026-02-18 03:27:33,420 - cyberbully - INFO - Starting training...
2026-02-18 03:36:27,584 - cyberbully - INFO - Training complete.
2026-02-18 03:36:27,584 - cyberbully - INFO - Step 5: Evaluating on test set...
2026-02-18 03:36:35,775 - cyberbully - INFO - Metrics saved to experiments/grid-search/bert-base-uncased/tweeteval/prep1_aug1/seed_70681460/metrics.json
2026-02-18 03:36:35,775 - cyberbully - INFO - Confusion matrix saved to experiments/grid-search/bert-base-uncased/tweeteval/prep1_aug1/seed_70681460/confusion_matrix.json
2026-02-18 03:36:35,881 - cyberbully - INFO - Confusion matrix figure saved to experiments/grid-search/bert-base-uncased/tweeteval/prep1_aug1/seed_70681460/confusion_matrix.pdf
2026-02-18 03:36:35,881 - cyberbully - INFO - Accuracy: 0.9417
2026-02-18 03:36:35,881 - cyberbully - INFO - Weighted F1: 0.9415
2026-02-18 03:36:35,881 - cyberbully - INFO - Micro F1: 0.9417
2026-02-18 03:36:35,881 - cyberbully - INFO - Inference time: 3.95 seconds
2026-02-18 03:36:35,881 - cyberbully - INFO - Energy consumption: 0.000226 kWh
2026-02-18 03:36:35,881 - cyberbully - INFO - ============================================================
2026-02-18 03:36:35,881 - cyberbully - INFO - Pipeline complete. Results saved to: experiments/grid-search/bert-base-uncased/tweeteval/prep1_aug1/seed_70681460
2026-02-18 03:36:35,881 - cyberbully - INFO - ============================================================
