2026-02-10 15:50:40,804 - cyberbully - INFO - ============================================================
2026-02-10 15:50:40,804 - cyberbully - INFO - Cyberbullying Detection Pipeline
2026-02-10 15:50:40,804 - cyberbully - INFO - ============================================================
2026-02-10 15:50:40,804 - cyberbully - INFO - Configuration:
2026-02-10 15:50:40,804 - cyberbully - INFO -   model          : bert-base-uncased
2026-02-10 15:50:40,804 - cyberbully - INFO -   dataset        : ieee
2026-02-10 15:50:40,804 - cyberbully - INFO -   preprocess     : True
2026-02-10 15:50:40,804 - cyberbully - INFO -   augment        : True
2026-02-10 15:50:40,804 - cyberbully - INFO -   compute_attribution: False
2026-02-10 15:50:40,804 - cyberbully - INFO -   seed           : 87212562
2026-02-10 15:50:40,804 - cyberbully - INFO -   epochs         : 5
2026-02-10 15:50:40,804 - cyberbully - INFO -   batch_size     : 16
2026-02-10 15:50:40,804 - cyberbully - INFO -   lr             : 2e-05
2026-02-10 15:50:40,804 - cyberbully - INFO -   max_length     : 128
2026-02-10 15:50:40,804 - cyberbully - INFO -   output_dir     : experiments
2026-02-10 15:50:40,804 - cyberbully - INFO -   data_dir       : dataset
2026-02-10 15:50:40,804 - cyberbully - INFO -   overwrite      : False
2026-02-10 15:50:40,804 - cyberbully - INFO -   device         : cuda
2026-02-10 15:50:40,804 - cyberbully - INFO -   output_dir     : experiments/bert-base-uncased/ieee/prep1_aug1/seed_87212562
2026-02-10 15:50:40,804 - cyberbully - INFO - ============================================================
2026-02-10 15:50:40,804 - cyberbully - INFO - Step 1: Preparing data...
2026-02-10 15:50:40,804 - cyberbully - INFO - Loading dataset 'ieee' from dataset/IEEE Data Port.csv
2026-02-10 15:50:40,811 - cyberbully - INFO - Loaded 2108 samples with 5 classes: ['Cyberstalking', 'Doxing', 'Revenge Porn', 'Sexual Harassment', 'Slut Shaming']
2026-02-10 15:50:40,811 - cyberbully - INFO - Applying text preprocessing...
2026-02-10 15:50:43,863 - cyberbully - INFO - After preprocessing: 1817 samples remain
2026-02-10 15:50:43,864 - cyberbully - INFO - Label mapping: {'Cyberstalking': 0, 'Doxing': 1, 'Revenge Porn': 2, 'Sexual Harassment': 3, 'Slut Shaming': 4}
2026-02-10 15:50:43,866 - cyberbully - INFO - Split sizes — train: 1162, val: 291, test: 364
2026-02-10 15:50:43,866 - cyberbully - INFO - Applying training data augmentation (oversampling)...
2026-02-10 15:50:43,867 - cyberbully - INFO - After oversampling — class distribution: {0: 288, 1: 288, 2: 288, 3: 288, 4: 288}
2026-02-10 15:50:43,867 - cyberbully - INFO - Number of classes: 5
2026-02-10 15:50:43,867 - cyberbully - INFO - Step 2: Loading model and tokenizer...
2026-02-10 15:50:43,867 - cyberbully - INFO - Loading model 'bert-base-uncased' with 5 labels
2026-02-10 15:50:44,819 - cyberbully - INFO - Step 3: Tokenizing datasets...
2026-02-10 15:50:44,846 - cyberbully - INFO - Dataset sizes — train: 1440, val: 291, test: 364
2026-02-10 15:50:44,846 - cyberbully - INFO - Step 4: Training...
2026-02-10 15:50:45,068 - cyberbully - INFO - Starting training...
2026-02-10 15:51:13,318 - cyberbully - INFO - Training complete.
2026-02-10 15:51:13,318 - cyberbully - INFO - Step 5: Evaluating on test set...
2026-02-10 15:51:17,873 - cyberbully - INFO - Metrics saved to experiments/bert-base-uncased/ieee/prep1_aug1/seed_87212562/metrics.json
2026-02-10 15:51:17,873 - cyberbully - INFO - Confusion matrix saved to experiments/bert-base-uncased/ieee/prep1_aug1/seed_87212562/confusion_matrix.json
2026-02-10 15:51:17,974 - cyberbully - INFO - Confusion matrix figure saved to experiments/bert-base-uncased/ieee/prep1_aug1/seed_87212562/confusion_matrix.pdf
2026-02-10 15:51:17,974 - cyberbully - INFO - Accuracy: 0.8352
2026-02-10 15:51:17,974 - cyberbully - INFO - Weighted F1: 0.8341
2026-02-10 15:51:17,974 - cyberbully - INFO - Micro F1: 0.8352
2026-02-10 15:51:17,974 - cyberbully - INFO - Inference time: 0.28 seconds
2026-02-10 15:51:17,974 - cyberbully - INFO - Energy consumption: 0.000015 kWh
2026-02-10 15:51:17,975 - cyberbully - INFO - ============================================================
2026-02-10 15:51:17,975 - cyberbully - INFO - Pipeline complete. Results saved to: experiments/bert-base-uncased/ieee/prep1_aug1/seed_87212562
2026-02-10 15:51:17,975 - cyberbully - INFO - ============================================================
