2026-05-20 08:55:14,862 - cyberbully - INFO - ============================================================
2026-05-20 08:55:14,862 - cyberbully - INFO - Cyberbullying Detection Pipeline
2026-05-20 08:55:14,862 - cyberbully - INFO - ============================================================
2026-05-20 08:55:14,862 - cyberbully - INFO - Configuration:
2026-05-20 08:55:14,862 - cyberbully - INFO -   model          : distilbert-base-cased
2026-05-20 08:55:14,862 - cyberbully - INFO -   dataset        : ieee
2026-05-20 08:55:14,862 - cyberbully - INFO -   preprocess     : True
2026-05-20 08:55:14,862 - cyberbully - INFO -   augment        : False
2026-05-20 08:55:14,862 - cyberbully - INFO -   compute_attribution: False
2026-05-20 08:55:14,862 - cyberbully - INFO -   seed           : 52680723
2026-05-20 08:55:14,862 - cyberbully - INFO -   epochs         : 10
2026-05-20 08:55:14,862 - cyberbully - INFO -   batch_size     : 32
2026-05-20 08:55:14,862 - cyberbully - INFO -   lr             : 5e-05
2026-05-20 08:55:14,862 - cyberbully - INFO -   max_length     : 128
2026-05-20 08:55:14,862 - cyberbully - INFO -   output_dir     : grid-search
2026-05-20 08:55:14,862 - cyberbully - INFO -   data_dir       : dataset
2026-05-20 08:55:14,862 - cyberbully - INFO -   sbert          : False
2026-05-20 08:55:14,862 - cyberbully - INFO -   supcon         : False
2026-05-20 08:55:14,862 - cyberbully - INFO -   supcon_weight  : 0.1
2026-05-20 08:55:14,862 - cyberbully - INFO -   proj_dim       : 128
2026-05-20 08:55:14,862 - cyberbully - INFO -   grad_accum_steps: 1
2026-05-20 08:55:14,862 - cyberbully - INFO -   overwrite      : True
2026-05-20 08:55:14,862 - cyberbully - INFO -   device         : cuda
2026-05-20 08:55:14,862 - cyberbully - INFO -   output_dir     : experiments/grid-search/distilbert-base-cased/ieee/prep1_aug0/seed_52680723
2026-05-20 08:55:14,862 - cyberbully - INFO - ============================================================
2026-05-20 08:55:14,862 - cyberbully - INFO - Step 1: Preparing data...
2026-05-20 08:55:14,866 - cyberbully - INFO - Loaded pre-split data from dataset/ieee — train: 1348, val: 338, test: 422
2026-05-20 08:55:14,866 - cyberbully - INFO - Label mapping: {'Cyberstalking': 0, 'Doxing': 1, 'Revenge Porn': 2, 'Sexual Harassment': 3, 'Slut Shaming': 4}
2026-05-20 08:55:14,867 - cyberbully - INFO - Applying text preprocessing per split...
2026-05-20 08:55:15,561 - cyberbully - INFO - After preprocessing -- train: 1348, val: 338, test: 422
2026-05-20 08:55:15,562 - cyberbully - INFO - Number of classes: 5
2026-05-20 08:55:15,563 - cyberbully - INFO - Step 2: Loading model and tokenizer...
2026-05-20 08:55:15,563 - cyberbully - INFO - Loading model 'distilbert-base-cased' with 5 labels (sbert=False, supcon=False)
2026-05-20 08:55:16,253 - cyberbully - INFO - Step 3: Creating datasets...
2026-05-20 08:55:16,273 - cyberbully - INFO - Dataset sizes — train: 1348, val: 338, test: 422
2026-05-20 08:55:16,273 - cyberbully - INFO - Step 4: Training...
2026-05-20 08:55:16,403 - cyberbully - INFO - Starting training...
2026-05-20 08:55:42,890 - cyberbully - INFO - Training complete.
2026-05-20 08:55:42,952 - cyberbully - INFO - Removed checkpoint: experiments/grid-search/distilbert-base-cased/ieee/prep1_aug0/seed_52680723/checkpoint-215
2026-05-20 08:55:43,014 - cyberbully - INFO - Removed checkpoint: experiments/grid-search/distilbert-base-cased/ieee/prep1_aug0/seed_52680723/checkpoint-387
2026-05-20 08:55:43,288 - cyberbully - INFO - Removed checkpoint: experiments/grid-search/distilbert-base-cased/ieee/prep1_aug0/seed_52680723/checkpoint-86
2026-05-20 08:55:43,354 - cyberbully - INFO - Removed checkpoint: experiments/grid-search/distilbert-base-cased/ieee/prep1_aug0/seed_52680723/checkpoint-129
2026-05-20 08:55:43,416 - cyberbully - INFO - Removed checkpoint: experiments/grid-search/distilbert-base-cased/ieee/prep1_aug0/seed_52680723/checkpoint-344
2026-05-20 08:55:43,478 - cyberbully - INFO - Removed checkpoint: experiments/grid-search/distilbert-base-cased/ieee/prep1_aug0/seed_52680723/checkpoint-258
2026-05-20 08:55:43,786 - cyberbully - INFO - Removed checkpoint: experiments/grid-search/distilbert-base-cased/ieee/prep1_aug0/seed_52680723/checkpoint-43
2026-05-20 08:55:43,849 - cyberbully - INFO - Removed checkpoint: experiments/grid-search/distilbert-base-cased/ieee/prep1_aug0/seed_52680723/checkpoint-301
2026-05-20 08:55:43,912 - cyberbully - INFO - Removed checkpoint: experiments/grid-search/distilbert-base-cased/ieee/prep1_aug0/seed_52680723/checkpoint-172
2026-05-20 08:55:43,974 - cyberbully - INFO - Removed checkpoint: experiments/grid-search/distilbert-base-cased/ieee/prep1_aug0/seed_52680723/checkpoint-430
2026-05-20 08:55:43,974 - cyberbully - INFO - Step 5: Evaluating on test set...
2026-05-20 08:55:50,369 - cyberbully - INFO - Metrics saved to experiments/grid-search/distilbert-base-cased/ieee/prep1_aug0/seed_52680723/metrics.json
2026-05-20 08:55:50,369 - cyberbully - INFO - Confusion matrix saved to experiments/grid-search/distilbert-base-cased/ieee/prep1_aug0/seed_52680723/confusion_matrix.json
2026-05-20 08:55:50,374 - cyberbully - INFO - Per-sample predictions saved to experiments/grid-search/distilbert-base-cased/ieee/prep1_aug0/seed_52680723/predictions.json
2026-05-20 08:55:50,491 - cyberbully - INFO - Confusion matrix figure saved to experiments/grid-search/distilbert-base-cased/ieee/prep1_aug0/seed_52680723/confusion_matrix.pdf
2026-05-20 08:55:50,492 - cyberbully - INFO - Accuracy: 0.7915
2026-05-20 08:55:50,492 - cyberbully - INFO - Weighted F1: 0.7944
2026-05-20 08:55:50,492 - cyberbully - INFO - Micro F1: 0.7915
2026-05-20 08:55:50,492 - cyberbully - INFO - Inference time: 0.12 seconds
2026-05-20 08:55:50,492 - cyberbully - INFO - Energy consumption: 0.000020 kWh
2026-05-20 08:55:50,492 - cyberbully - INFO - ============================================================
2026-05-20 08:55:50,492 - cyberbully - INFO - Pipeline complete. Results saved to: experiments/grid-search/distilbert-base-cased/ieee/prep1_aug0/seed_52680723
2026-05-20 08:55:50,492 - cyberbully - INFO - ============================================================
