2026-06-15 08:53:42,121 - cyberbully - INFO - ============================================================
2026-06-15 08:53:42,121 - cyberbully - INFO - Cyberbullying Detection Pipeline
2026-06-15 08:53:42,121 - cyberbully - INFO - ============================================================
2026-06-15 08:53:42,121 - cyberbully - INFO - Configuration:
2026-06-15 08:53:42,121 - cyberbully - INFO -   model          : roberta-base
2026-06-15 08:53:42,121 - cyberbully - INFO -   dataset        : kaggle
2026-06-15 08:53:42,121 - cyberbully - INFO -   preprocess     : False
2026-06-15 08:53:42,121 - cyberbully - INFO -   prep_mode      : 2
2026-06-15 08:53:42,121 - cyberbully - INFO -   augment        : False
2026-06-15 08:53:42,121 - cyberbully - INFO -   compute_attribution: False
2026-06-15 08:53:42,121 - cyberbully - INFO -   seed           : 70681460
2026-06-15 08:53:42,121 - cyberbully - INFO -   epochs         : 10
2026-06-15 08:53:42,121 - cyberbully - INFO -   batch_size     : 32
2026-06-15 08:53:42,121 - cyberbully - INFO -   lr             : 5e-05
2026-06-15 08:53:42,121 - cyberbully - INFO -   max_length     : 128
2026-06-15 08:53:42,121 - cyberbully - INFO -   output_dir     : grid-search
2026-06-15 08:53:42,121 - cyberbully - INFO -   data_dir       : dataset
2026-06-15 08:53:42,121 - cyberbully - INFO -   sbert          : False
2026-06-15 08:53:42,121 - cyberbully - INFO -   supcon         : False
2026-06-15 08:53:42,121 - cyberbully - INFO -   supcon_weight  : 0.1
2026-06-15 08:53:42,121 - cyberbully - INFO -   proj_dim       : 128
2026-06-15 08:53:42,121 - cyberbully - INFO -   grad_accum_steps: 1
2026-06-15 08:53:42,121 - cyberbully - INFO -   overwrite      : False
2026-06-15 08:53:42,121 - cyberbully - INFO -   device         : cuda
2026-06-15 08:53:42,121 - cyberbully - INFO -   output_dir     : experiments/grid-search/roberta-base/kaggle/prep2_aug0/seed_70681460
2026-06-15 08:53:42,121 - cyberbully - INFO - ============================================================
2026-06-15 08:53:42,121 - cyberbully - INFO - Step 1: Preparing data...
2026-06-15 08:53:42,172 - cyberbully - INFO - Loaded pre-split data from dataset/kaggle — train: 25604, val: 6401, test: 8002
2026-06-15 08:53:42,172 - cyberbully - INFO - Label mapping: {'age': 0, 'ethnicity': 1, 'gender': 2, 'other_cyberbullying': 3, 'religion': 4}
2026-06-15 08:53:42,174 - cyberbully - INFO - Applying partial text preprocessing per split...
2026-06-15 08:53:43,600 - cyberbully - INFO - After preprocessing -- train: 25604, val: 6401, test: 8002
2026-06-15 08:53:43,604 - cyberbully - INFO - Number of classes: 5
2026-06-15 08:53:43,605 - cyberbully - INFO - Step 2: Loading model and tokenizer...
2026-06-15 08:53:43,605 - cyberbully - INFO - Loading model 'roberta-base' with 5 labels (sbert=False, supcon=False)
2026-06-15 08:53:45,182 - cyberbully - INFO - Step 3: Creating datasets...
2026-06-15 08:53:45,782 - cyberbully - INFO - Dataset sizes — train: 25604, val: 6401, test: 8002
2026-06-15 08:53:45,782 - cyberbully - INFO - Step 4: Training...
2026-06-15 08:53:45,980 - cyberbully - INFO - Starting training...
2026-06-15 09:06:00,464 - cyberbully - INFO - Training complete.
2026-06-15 09:06:00,559 - cyberbully - INFO - Removed checkpoint: experiments/grid-search/roberta-base/kaggle/prep2_aug0/seed_70681460/checkpoint-4806
2026-06-15 09:06:00,653 - cyberbully - INFO - Removed checkpoint: experiments/grid-search/roberta-base/kaggle/prep2_aug0/seed_70681460/checkpoint-7209
2026-06-15 09:06:00,745 - cyberbully - INFO - Removed checkpoint: experiments/grid-search/roberta-base/kaggle/prep2_aug0/seed_70681460/checkpoint-6408
2026-06-15 09:06:00,839 - cyberbully - INFO - Removed checkpoint: experiments/grid-search/roberta-base/kaggle/prep2_aug0/seed_70681460/checkpoint-5607
2026-06-15 09:06:00,953 - cyberbully - INFO - Removed checkpoint: experiments/grid-search/roberta-base/kaggle/prep2_aug0/seed_70681460/checkpoint-8010
2026-06-15 09:06:01,049 - cyberbully - INFO - Removed checkpoint: experiments/grid-search/roberta-base/kaggle/prep2_aug0/seed_70681460/checkpoint-3204
2026-06-15 09:06:01,149 - cyberbully - INFO - Removed checkpoint: experiments/grid-search/roberta-base/kaggle/prep2_aug0/seed_70681460/checkpoint-1602
2026-06-15 09:06:01,251 - cyberbully - INFO - Removed checkpoint: experiments/grid-search/roberta-base/kaggle/prep2_aug0/seed_70681460/checkpoint-801
2026-06-15 09:06:01,349 - cyberbully - INFO - Removed checkpoint: experiments/grid-search/roberta-base/kaggle/prep2_aug0/seed_70681460/checkpoint-2403
2026-06-15 09:06:01,444 - cyberbully - INFO - Removed checkpoint: experiments/grid-search/roberta-base/kaggle/prep2_aug0/seed_70681460/checkpoint-4005
2026-06-15 09:06:01,444 - cyberbully - INFO - Step 5: Evaluating on test set...
2026-06-15 09:06:12,237 - cyberbully - INFO - Metrics saved to experiments/grid-search/roberta-base/kaggle/prep2_aug0/seed_70681460/metrics.json
2026-06-15 09:06:12,237 - cyberbully - INFO - Confusion matrix saved to experiments/grid-search/roberta-base/kaggle/prep2_aug0/seed_70681460/confusion_matrix.json
2026-06-15 09:06:12,330 - cyberbully - INFO - Per-sample predictions saved to experiments/grid-search/roberta-base/kaggle/prep2_aug0/seed_70681460/predictions.json
2026-06-15 09:06:12,449 - cyberbully - INFO - Confusion matrix figure saved to experiments/grid-search/roberta-base/kaggle/prep2_aug0/seed_70681460/confusion_matrix.pdf
2026-06-15 09:06:12,449 - cyberbully - INFO - Accuracy: 0.9484
2026-06-15 09:06:12,449 - cyberbully - INFO - Weighted F1: 0.9485
2026-06-15 09:06:12,449 - cyberbully - INFO - Micro F1: 0.9484
2026-06-15 09:06:12,449 - cyberbully - INFO - Inference time: 4.60 seconds
2026-06-15 09:06:12,449 - cyberbully - INFO - Energy consumption: 0.000272 kWh
2026-06-15 09:06:12,451 - cyberbully - INFO - ============================================================
2026-06-15 09:06:12,451 - cyberbully - INFO - Pipeline complete. Results saved to: experiments/grid-search/roberta-base/kaggle/prep2_aug0/seed_70681460
2026-06-15 09:06:12,451 - cyberbully - INFO - ============================================================
