2026-02-11 07:34:49,105 - cyberbully - INFO - ============================================================
2026-02-11 07:34:49,105 - cyberbully - INFO - Cyberbullying Detection Pipeline
2026-02-11 07:34:49,105 - cyberbully - INFO - ============================================================
2026-02-11 07:34:49,105 - cyberbully - INFO - Configuration:
2026-02-11 07:34:49,105 - cyberbully - INFO -   model          : distilbert-base-uncased
2026-02-11 07:34:49,105 - cyberbully - INFO -   dataset        : ieee
2026-02-11 07:34:49,105 - cyberbully - INFO -   preprocess     : True
2026-02-11 07:34:49,105 - cyberbully - INFO -   augment        : True
2026-02-11 07:34:49,105 - cyberbully - INFO -   compute_attribution: False
2026-02-11 07:34:49,105 - cyberbully - INFO -   seed           : 87212562
2026-02-11 07:34:49,105 - cyberbully - INFO -   epochs         : 5
2026-02-11 07:34:49,105 - cyberbully - INFO -   batch_size     : 16
2026-02-11 07:34:49,105 - cyberbully - INFO -   lr             : 2e-05
2026-02-11 07:34:49,105 - cyberbully - INFO -   max_length     : 128
2026-02-11 07:34:49,105 - cyberbully - INFO -   output_dir     : experiments
2026-02-11 07:34:49,105 - cyberbully - INFO -   data_dir       : dataset
2026-02-11 07:34:49,105 - cyberbully - INFO -   overwrite      : False
2026-02-11 07:34:49,105 - cyberbully - INFO -   device         : cuda
2026-02-11 07:34:49,105 - cyberbully - INFO -   output_dir     : experiments/distilbert-base-uncased/ieee/prep1_aug1/seed_87212562
2026-02-11 07:34:49,105 - cyberbully - INFO - ============================================================
2026-02-11 07:34:49,105 - cyberbully - INFO - Step 1: Preparing data...
2026-02-11 07:34:49,105 - cyberbully - INFO - Loading dataset 'ieee' from dataset/IEEE Data Port.csv
2026-02-11 07:34:49,111 - cyberbully - INFO - Loaded 2108 samples with 5 classes: ['Cyberstalking', 'Doxing', 'Revenge Porn', 'Sexual Harassment', 'Slut Shaming']
2026-02-11 07:34:49,111 - cyberbully - INFO - Applying text preprocessing...
2026-02-11 07:34:52,210 - cyberbully - INFO - After preprocessing: 1821 samples remain
2026-02-11 07:34:52,211 - cyberbully - INFO - Label mapping: {'Cyberstalking': 0, 'Doxing': 1, 'Revenge Porn': 2, 'Sexual Harassment': 3, 'Slut Shaming': 4}
2026-02-11 07:34:52,213 - cyberbully - INFO - Split sizes — train: 1164, val: 292, test: 365
2026-02-11 07:34:52,213 - cyberbully - INFO - Applying training data augmentation (oversampling)...
2026-02-11 07:34:52,214 - cyberbully - INFO - After oversampling — class distribution: {0: 289, 1: 289, 2: 289, 3: 289, 4: 289}
2026-02-11 07:34:52,214 - cyberbully - INFO - Number of classes: 5
2026-02-11 07:34:52,214 - cyberbully - INFO - Step 2: Loading model and tokenizer...
2026-02-11 07:34:52,214 - cyberbully - INFO - Loading model 'distilbert-base-uncased' with 5 labels
2026-02-11 07:34:52,913 - cyberbully - INFO - Step 3: Tokenizing datasets...
2026-02-11 07:34:52,941 - cyberbully - INFO - Dataset sizes — train: 1445, val: 292, test: 365
2026-02-11 07:34:52,941 - cyberbully - INFO - Step 4: Training...
2026-02-11 07:34:53,150 - cyberbully - INFO - Starting training...
2026-02-11 07:35:08,372 - cyberbully - INFO - Training complete.
2026-02-11 07:35:08,372 - cyberbully - INFO - Step 5: Evaluating on test set...
2026-02-11 07:35:12,798 - cyberbully - INFO - Metrics saved to experiments/distilbert-base-uncased/ieee/prep1_aug1/seed_87212562/metrics.json
2026-02-11 07:35:12,798 - cyberbully - INFO - Confusion matrix saved to experiments/distilbert-base-uncased/ieee/prep1_aug1/seed_87212562/confusion_matrix.json
2026-02-11 07:35:12,898 - cyberbully - INFO - Confusion matrix figure saved to experiments/distilbert-base-uncased/ieee/prep1_aug1/seed_87212562/confusion_matrix.pdf
2026-02-11 07:35:12,898 - cyberbully - INFO - Accuracy: 0.8356
2026-02-11 07:35:12,898 - cyberbully - INFO - Weighted F1: 0.8359
2026-02-11 07:35:12,898 - cyberbully - INFO - Micro F1: 0.8356
2026-02-11 07:35:12,898 - cyberbully - INFO - Inference time: 0.14 seconds
2026-02-11 07:35:12,898 - cyberbully - INFO - Energy consumption: 0.000006 kWh
2026-02-11 07:35:12,898 - cyberbully - INFO - ============================================================
2026-02-11 07:35:12,898 - cyberbully - INFO - Pipeline complete. Results saved to: experiments/distilbert-base-uncased/ieee/prep1_aug1/seed_87212562
2026-02-11 07:35:12,898 - cyberbully - INFO - ============================================================
