2026-02-20 18:56:43,216 - cyberbully - INFO - ============================================================
2026-02-20 18:56:43,216 - cyberbully - INFO - Cyberbullying Detection Pipeline
2026-02-20 18:56:43,216 - cyberbully - INFO - ============================================================
2026-02-20 18:56:43,216 - cyberbully - INFO - Configuration:
2026-02-20 18:56:43,216 - cyberbully - INFO -   model          : all-mpnet-base-v2
2026-02-20 18:56:43,216 - cyberbully - INFO -   dataset        : ieee
2026-02-20 18:56:43,216 - cyberbully - INFO -   preprocess     : True
2026-02-20 18:56:43,216 - cyberbully - INFO -   augment        : False
2026-02-20 18:56:43,216 - cyberbully - INFO -   compute_attribution: False
2026-02-20 18:56:43,216 - cyberbully - INFO -   seed           : 52680723
2026-02-20 18:56:43,216 - cyberbully - INFO -   epochs         : 5
2026-02-20 18:56:43,216 - cyberbully - INFO -   batch_size     : 16
2026-02-20 18:56:43,216 - cyberbully - INFO -   lr             : 2e-05
2026-02-20 18:56:43,216 - cyberbully - INFO -   max_length     : 128
2026-02-20 18:56:43,216 - cyberbully - INFO -   output_dir     : sbert-model
2026-02-20 18:56:43,216 - cyberbully - INFO -   data_dir       : dataset
2026-02-20 18:56:43,216 - cyberbully - INFO -   sbert          : True
2026-02-20 18:56:43,216 - cyberbully - INFO -   overwrite      : False
2026-02-20 18:56:43,216 - cyberbully - INFO -   device         : cuda
2026-02-20 18:56:43,216 - cyberbully - INFO -   output_dir     : experiments/sbert-model/all-mpnet-base-v2/ieee/prep1_aug0/seed_52680723
2026-02-20 18:56:43,216 - cyberbully - INFO - ============================================================
2026-02-20 18:56:43,216 - cyberbully - INFO - Step 1: Preparing data...
2026-02-20 18:56:43,216 - cyberbully - INFO - Loading dataset 'ieee' from dataset/IEEE Data Port.csv
2026-02-20 18:56:43,223 - cyberbully - INFO - Loaded 2108 samples with 5 classes: ['Cyberstalking', 'Doxing', 'Revenge Porn', 'Sexual Harassment', 'Slut Shaming']
2026-02-20 18:56:43,223 - cyberbully - INFO - Applying text preprocessing...
2026-02-20 18:56:46,320 - cyberbully - INFO - After preprocessing: 1817 samples remain
2026-02-20 18:56:46,321 - cyberbully - INFO - Label mapping: {'Cyberstalking': 0, 'Doxing': 1, 'Revenge Porn': 2, 'Sexual Harassment': 3, 'Slut Shaming': 4}
2026-02-20 18:56:46,323 - cyberbully - INFO - Split sizes — train: 1162, val: 291, test: 364
2026-02-20 18:56:46,323 - cyberbully - INFO - Number of classes: 5
2026-02-20 18:56:46,324 - cyberbully - INFO - Step 2: Loading model and tokenizer...
2026-02-20 18:56:46,324 - cyberbully - INFO - Loading model 'all-mpnet-base-v2' with 5 labels (sbert=True)
2026-02-20 18:56:48,963 - cyberbully - INFO - SBERTClassifier: embedding_dim=768, hidden=256, num_labels=5
2026-02-20 18:56:49,253 - cyberbully - INFO - Step 3: Creating datasets...
2026-02-20 18:56:49,282 - cyberbully - INFO - Dataset sizes — train: 1162, val: 291, test: 364
2026-02-20 18:56:49,283 - cyberbully - INFO - Step 4: Training...
2026-02-20 18:56:49,334 - cyberbully - INFO - Starting training...
2026-02-20 18:57:12,588 - cyberbully - INFO - Training complete.
2026-02-20 18:57:12,588 - cyberbully - INFO - Step 5: Evaluating on test set...
2026-02-20 18:57:17,125 - cyberbully - INFO - Metrics saved to experiments/sbert-model/all-mpnet-base-v2/ieee/prep1_aug0/seed_52680723/metrics.json
2026-02-20 18:57:17,125 - cyberbully - INFO - Confusion matrix saved to experiments/sbert-model/all-mpnet-base-v2/ieee/prep1_aug0/seed_52680723/confusion_matrix.json
2026-02-20 18:57:17,227 - cyberbully - INFO - Confusion matrix figure saved to experiments/sbert-model/all-mpnet-base-v2/ieee/prep1_aug0/seed_52680723/confusion_matrix.pdf
2026-02-20 18:57:17,227 - cyberbully - INFO - Accuracy: 0.8516
2026-02-20 18:57:17,228 - cyberbully - INFO - Weighted F1: 0.8506
2026-02-20 18:57:17,228 - cyberbully - INFO - Micro F1: 0.8516
2026-02-20 18:57:17,228 - cyberbully - INFO - Inference time: 0.29 seconds
2026-02-20 18:57:17,228 - cyberbully - INFO - Energy consumption: 0.000017 kWh
2026-02-20 18:57:17,228 - cyberbully - INFO - ============================================================
2026-02-20 18:57:17,228 - cyberbully - INFO - Pipeline complete. Results saved to: experiments/sbert-model/all-mpnet-base-v2/ieee/prep1_aug0/seed_52680723
2026-02-20 18:57:17,228 - cyberbully - INFO - ============================================================
