2026-05-20 14:00:33,154 - cyberbully - INFO - ============================================================
2026-05-20 14:00:33,154 - cyberbully - INFO - Cyberbullying Detection Pipeline
2026-05-20 14:00:33,154 - cyberbully - INFO - ============================================================
2026-05-20 14:00:33,154 - cyberbully - INFO - Configuration:
2026-05-20 14:00:33,154 - cyberbully - INFO -   model          : distilbert-base-uncased
2026-05-20 14:00:33,154 - cyberbully - INFO -   dataset        : tweeteval
2026-05-20 14:00:33,154 - cyberbully - INFO -   preprocess     : True
2026-05-20 14:00:33,154 - cyberbully - INFO -   augment        : False
2026-05-20 14:00:33,154 - cyberbully - INFO -   compute_attribution: False
2026-05-20 14:00:33,154 - cyberbully - INFO -   seed           : 14298463
2026-05-20 14:00:33,154 - cyberbully - INFO -   epochs         : 10
2026-05-20 14:00:33,154 - cyberbully - INFO -   batch_size     : 32
2026-05-20 14:00:33,154 - cyberbully - INFO -   lr             : 5e-05
2026-05-20 14:00:33,154 - cyberbully - INFO -   max_length     : 128
2026-05-20 14:00:33,154 - cyberbully - INFO -   output_dir     : grid-search
2026-05-20 14:00:33,154 - cyberbully - INFO -   data_dir       : dataset
2026-05-20 14:00:33,154 - cyberbully - INFO -   sbert          : False
2026-05-20 14:00:33,154 - cyberbully - INFO -   supcon         : False
2026-05-20 14:00:33,154 - cyberbully - INFO -   supcon_weight  : 0.1
2026-05-20 14:00:33,154 - cyberbully - INFO -   proj_dim       : 128
2026-05-20 14:00:33,154 - cyberbully - INFO -   grad_accum_steps: 1
2026-05-20 14:00:33,154 - cyberbully - INFO -   overwrite      : True
2026-05-20 14:00:33,154 - cyberbully - INFO -   device         : cuda
2026-05-20 14:00:33,154 - cyberbully - INFO -   output_dir     : experiments/grid-search/distilbert-base-uncased/tweeteval/prep1_aug0/seed_14298463
2026-05-20 14:00:33,154 - cyberbully - INFO - ============================================================
2026-05-20 14:00:33,154 - cyberbully - INFO - Step 1: Preparing data...
2026-05-20 14:00:33,211 - cyberbully - INFO - Loaded pre-split data from dataset/tweeteval — train: 32485, val: 8122, test: 10152
2026-05-20 14:00:33,211 - cyberbully - INFO - Label mapping: {'emotion': 0, 'hate': 1, 'offensive': 2, 'religion': 3, 'spiritual': 4}
2026-05-20 14:00:33,212 - cyberbully - INFO - Applying text preprocessing per split...
2026-05-20 14:00:38,845 - cyberbully - INFO - After preprocessing -- train: 32485, val: 8122, test: 10152
2026-05-20 14:00:38,849 - cyberbully - INFO - Number of classes: 5
2026-05-20 14:00:38,851 - cyberbully - INFO - Step 2: Loading model and tokenizer...
2026-05-20 14:00:38,851 - cyberbully - INFO - Loading model 'distilbert-base-uncased' with 5 labels (sbert=False, supcon=False)
2026-05-20 14:00:40,574 - cyberbully - INFO - Step 3: Creating datasets...
2026-05-20 14:00:41,349 - cyberbully - INFO - Dataset sizes — train: 32485, val: 8122, test: 10152
2026-05-20 14:00:41,349 - cyberbully - INFO - Step 4: Training...
2026-05-20 14:00:41,475 - cyberbully - INFO - Starting training...
2026-05-20 14:08:16,102 - cyberbully - INFO - Training complete.
2026-05-20 14:08:16,153 - cyberbully - INFO - Removed checkpoint: experiments/grid-search/distilbert-base-uncased/tweeteval/prep1_aug0/seed_14298463/checkpoint-2032
2026-05-20 14:08:16,212 - cyberbully - INFO - Removed checkpoint: experiments/grid-search/distilbert-base-uncased/tweeteval/prep1_aug0/seed_14298463/checkpoint-6096
2026-05-20 14:08:16,267 - cyberbully - INFO - Removed checkpoint: experiments/grid-search/distilbert-base-uncased/tweeteval/prep1_aug0/seed_14298463/checkpoint-3048
2026-05-20 14:08:16,319 - cyberbully - INFO - Removed checkpoint: experiments/grid-search/distilbert-base-uncased/tweeteval/prep1_aug0/seed_14298463/checkpoint-9144
2026-05-20 14:08:16,374 - cyberbully - INFO - Removed checkpoint: experiments/grid-search/distilbert-base-uncased/tweeteval/prep1_aug0/seed_14298463/checkpoint-5080
2026-05-20 14:08:16,428 - cyberbully - INFO - Removed checkpoint: experiments/grid-search/distilbert-base-uncased/tweeteval/prep1_aug0/seed_14298463/checkpoint-8128
2026-05-20 14:08:16,484 - cyberbully - INFO - Removed checkpoint: experiments/grid-search/distilbert-base-uncased/tweeteval/prep1_aug0/seed_14298463/checkpoint-4064
2026-05-20 14:08:16,544 - cyberbully - INFO - Removed checkpoint: experiments/grid-search/distilbert-base-uncased/tweeteval/prep1_aug0/seed_14298463/checkpoint-1016
2026-05-20 14:08:16,598 - cyberbully - INFO - Removed checkpoint: experiments/grid-search/distilbert-base-uncased/tweeteval/prep1_aug0/seed_14298463/checkpoint-7112
2026-05-20 14:08:16,663 - cyberbully - INFO - Removed checkpoint: experiments/grid-search/distilbert-base-uncased/tweeteval/prep1_aug0/seed_14298463/checkpoint-10160
2026-05-20 14:08:16,663 - cyberbully - INFO - Step 5: Evaluating on test set...
2026-05-20 14:08:26,617 - cyberbully - INFO - Metrics saved to experiments/grid-search/distilbert-base-uncased/tweeteval/prep1_aug0/seed_14298463/metrics.json
2026-05-20 14:08:26,617 - cyberbully - INFO - Confusion matrix saved to experiments/grid-search/distilbert-base-uncased/tweeteval/prep1_aug0/seed_14298463/confusion_matrix.json
2026-05-20 14:08:26,723 - cyberbully - INFO - Per-sample predictions saved to experiments/grid-search/distilbert-base-uncased/tweeteval/prep1_aug0/seed_14298463/predictions.json
2026-05-20 14:08:26,840 - cyberbully - INFO - Confusion matrix figure saved to experiments/grid-search/distilbert-base-uncased/tweeteval/prep1_aug0/seed_14298463/confusion_matrix.pdf
2026-05-20 14:08:26,840 - cyberbully - INFO - Accuracy: 0.9391
2026-05-20 14:08:26,840 - cyberbully - INFO - Weighted F1: 0.9393
2026-05-20 14:08:26,840 - cyberbully - INFO - Micro F1: 0.9391
2026-05-20 14:08:26,840 - cyberbully - INFO - Inference time: 2.66 seconds
2026-05-20 14:08:26,840 - cyberbully - INFO - Energy consumption: 0.000163 kWh
2026-05-20 14:08:26,842 - cyberbully - INFO - ============================================================
2026-05-20 14:08:26,842 - cyberbully - INFO - Pipeline complete. Results saved to: experiments/grid-search/distilbert-base-uncased/tweeteval/prep1_aug0/seed_14298463
2026-05-20 14:08:26,842 - cyberbully - INFO - ============================================================
