2026-02-10 22:30:48,213 - cyberbully - INFO - ============================================================
2026-02-10 22:30:48,213 - cyberbully - INFO - Cyberbullying Detection Pipeline
2026-02-10 22:30:48,213 - cyberbully - INFO - ============================================================
2026-02-10 22:30:48,213 - cyberbully - INFO - Configuration:
2026-02-10 22:30:48,213 - cyberbully - INFO -   model          : bert-base-uncased
2026-02-10 22:30:48,213 - cyberbully - INFO -   dataset        : kaggle
2026-02-10 22:30:48,213 - cyberbully - INFO -   preprocess     : True
2026-02-10 22:30:48,213 - cyberbully - INFO -   augment        : True
2026-02-10 22:30:48,213 - cyberbully - INFO -   compute_attribution: False
2026-02-10 22:30:48,213 - cyberbully - INFO -   seed           : 90995999
2026-02-10 22:30:48,213 - cyberbully - INFO -   epochs         : 5
2026-02-10 22:30:48,213 - cyberbully - INFO -   batch_size     : 16
2026-02-10 22:30:48,213 - cyberbully - INFO -   lr             : 2e-05
2026-02-10 22:30:48,213 - cyberbully - INFO -   max_length     : 128
2026-02-10 22:30:48,213 - cyberbully - INFO -   output_dir     : experiments
2026-02-10 22:30:48,213 - cyberbully - INFO -   data_dir       : dataset
2026-02-10 22:30:48,213 - cyberbully - INFO -   overwrite      : False
2026-02-10 22:30:48,213 - cyberbully - INFO -   device         : cuda
2026-02-10 22:30:48,213 - cyberbully - INFO -   output_dir     : experiments/bert-base-uncased/kaggle/prep1_aug1/seed_90995999
2026-02-10 22:30:48,213 - cyberbully - INFO - ============================================================
2026-02-10 22:30:48,213 - cyberbully - INFO - Step 1: Preparing data...
2026-02-10 22:30:48,213 - cyberbully - INFO - Loading dataset 'kaggle' from dataset/Kaggle.csv
2026-02-10 22:30:48,270 - cyberbully - INFO - Loaded 47656 samples with 6 classes: ['age', 'ethnicity', 'gender', 'not_cyberbullying', 'other_cyberbullying', 'religion']
2026-02-10 22:30:48,270 - cyberbully - INFO - Applying text preprocessing...
2026-02-10 22:31:41,683 - cyberbully - INFO - After preprocessing: 41426 samples remain
2026-02-10 22:31:41,686 - cyberbully - INFO - Label mapping: {'age': 0, 'ethnicity': 1, 'gender': 2, 'not_cyberbullying': 3, 'other_cyberbullying': 4, 'religion': 5}
2026-02-10 22:31:41,697 - cyberbully - INFO - Split sizes — train: 26512, val: 6628, test: 8286
2026-02-10 22:31:41,697 - cyberbully - INFO - Applying training data augmentation (oversampling)...
2026-02-10 22:31:41,703 - cyberbully - INFO - After oversampling — class distribution: {0: 5067, 1: 5067, 2: 5067, 3: 5067, 4: 5067, 5: 5067}
2026-02-10 22:31:41,703 - cyberbully - INFO - Number of classes: 6
2026-02-10 22:31:41,703 - cyberbully - INFO - Step 2: Loading model and tokenizer...
2026-02-10 22:31:41,703 - cyberbully - INFO - Loading model 'bert-base-uncased' with 6 labels
2026-02-10 22:31:42,501 - cyberbully - INFO - Step 3: Tokenizing datasets...
2026-02-10 22:31:43,491 - cyberbully - INFO - Dataset sizes — train: 30402, val: 6628, test: 8286
2026-02-10 22:31:43,491 - cyberbully - INFO - Step 4: Training...
2026-02-10 22:31:43,727 - cyberbully - INFO - Starting training...
2026-02-10 22:41:39,391 - cyberbully - INFO - Training complete.
2026-02-10 22:41:39,391 - cyberbully - INFO - Step 5: Evaluating on test set...
2026-02-10 22:41:50,356 - cyberbully - INFO - Metrics saved to experiments/bert-base-uncased/kaggle/prep1_aug1/seed_90995999/metrics.json
2026-02-10 22:41:50,356 - cyberbully - INFO - Confusion matrix saved to experiments/bert-base-uncased/kaggle/prep1_aug1/seed_90995999/confusion_matrix.json
2026-02-10 22:41:50,469 - cyberbully - INFO - Confusion matrix figure saved to experiments/bert-base-uncased/kaggle/prep1_aug1/seed_90995999/confusion_matrix.pdf
2026-02-10 22:41:50,469 - cyberbully - INFO - Accuracy: 0.8721
2026-02-10 22:41:50,470 - cyberbully - INFO - Weighted F1: 0.8718
2026-02-10 22:41:50,470 - cyberbully - INFO - Micro F1: 0.8721
2026-02-10 22:41:50,470 - cyberbully - INFO - Inference time: 6.60 seconds
2026-02-10 22:41:50,470 - cyberbully - INFO - Energy consumption: 0.000382 kWh
2026-02-10 22:41:50,470 - cyberbully - INFO - ============================================================
2026-02-10 22:41:50,470 - cyberbully - INFO - Pipeline complete. Results saved to: experiments/bert-base-uncased/kaggle/prep1_aug1/seed_90995999
2026-02-10 22:41:50,470 - cyberbully - INFO - ============================================================
