2026-03-23 04:56:23,524 - cyberbully - INFO - ============================================================
2026-03-23 04:56:23,524 - cyberbully - INFO - Cyberbullying Detection Pipeline
2026-03-23 04:56:23,524 - cyberbully - INFO - ============================================================
2026-03-23 04:56:23,524 - cyberbully - INFO - Configuration:
2026-03-23 04:56:23,524 - cyberbully - INFO -   model          : google/mobilebert-uncased
2026-03-23 04:56:23,524 - cyberbully - INFO -   dataset        : tweeteval
2026-03-23 04:56:23,524 - cyberbully - INFO -   preprocess     : True
2026-03-23 04:56:23,524 - cyberbully - INFO -   augment        : False
2026-03-23 04:56:23,524 - cyberbully - INFO -   compute_attribution: False
2026-03-23 04:56:23,524 - cyberbully - INFO -   seed           : 37622020
2026-03-23 04:56:23,524 - cyberbully - INFO -   epochs         : 10
2026-03-23 04:56:23,524 - cyberbully - INFO -   batch_size     : 32
2026-03-23 04:56:23,524 - cyberbully - INFO -   lr             : 5e-05
2026-03-23 04:56:23,524 - cyberbully - INFO -   max_length     : 128
2026-03-23 04:56:23,524 - cyberbully - INFO -   output_dir     : grid-search
2026-03-23 04:56:23,524 - cyberbully - INFO -   data_dir       : dataset
2026-03-23 04:56:23,524 - cyberbully - INFO -   sbert          : False
2026-03-23 04:56:23,524 - cyberbully - INFO -   supcon         : False
2026-03-23 04:56:23,524 - cyberbully - INFO -   supcon_weight  : 0.1
2026-03-23 04:56:23,524 - cyberbully - INFO -   proj_dim       : 128
2026-03-23 04:56:23,524 - cyberbully - INFO -   grad_accum_steps: 1
2026-03-23 04:56:23,524 - cyberbully - INFO -   overwrite      : False
2026-03-23 04:56:23,524 - cyberbully - INFO -   device         : cuda
2026-03-23 04:56:23,524 - cyberbully - INFO -   output_dir     : experiments/grid-search/google_mobilebert-uncased/tweeteval/prep1_aug0/seed_37622020
2026-03-23 04:56:23,524 - cyberbully - INFO - ============================================================
2026-03-23 04:56:23,524 - cyberbully - INFO - Step 1: Preparing data...
2026-03-23 04:56:23,571 - cyberbully - INFO - Loaded pre-split data from dataset/tweeteval — train: 32485, val: 8122, test: 10152
2026-03-23 04:56:23,571 - cyberbully - INFO - Label mapping: {'emotion': 0, 'hate': 1, 'offensive': 2, 'religion': 3, 'spiritual': 4}
2026-03-23 04:56:23,571 - cyberbully - INFO - Applying text preprocessing per split...
2026-03-23 04:57:20,731 - cyberbully - INFO - After preprocessing — train: 30367, val: 7609, test: 9466
2026-03-23 04:57:20,742 - cyberbully - INFO - Number of classes: 5
2026-03-23 04:57:20,743 - cyberbully - INFO - Step 2: Loading model and tokenizer...
2026-03-23 04:57:20,743 - cyberbully - INFO - Loading model 'google/mobilebert-uncased' with 5 labels (sbert=False, supcon=False)
2026-03-23 04:57:22,828 - cyberbully - WARNING - FP16 disabled for model_type='mobilebert' (known fp16 instability).
2026-03-23 04:57:22,828 - cyberbully - INFO - Step 3: Creating datasets...
2026-03-23 04:57:23,760 - cyberbully - INFO - Dataset sizes — train: 30367, val: 7609, test: 9466
2026-03-23 04:57:23,761 - cyberbully - INFO - Step 4: Training...
2026-03-23 04:57:23,974 - cyberbully - INFO - Starting training...
2026-03-23 05:15:26,297 - cyberbully - INFO - Training complete.
2026-03-23 05:15:26,311 - cyberbully - INFO - Removed checkpoint: experiments/grid-search/google_mobilebert-uncased/tweeteval/prep1_aug0/seed_37622020/checkpoint-1898
2026-03-23 05:15:26,326 - cyberbully - INFO - Removed checkpoint: experiments/grid-search/google_mobilebert-uncased/tweeteval/prep1_aug0/seed_37622020/checkpoint-7592
2026-03-23 05:15:26,340 - cyberbully - INFO - Removed checkpoint: experiments/grid-search/google_mobilebert-uncased/tweeteval/prep1_aug0/seed_37622020/checkpoint-6643
2026-03-23 05:15:26,354 - cyberbully - INFO - Removed checkpoint: experiments/grid-search/google_mobilebert-uncased/tweeteval/prep1_aug0/seed_37622020/checkpoint-2847
2026-03-23 05:15:26,368 - cyberbully - INFO - Removed checkpoint: experiments/grid-search/google_mobilebert-uncased/tweeteval/prep1_aug0/seed_37622020/checkpoint-8541
2026-03-23 05:15:26,383 - cyberbully - INFO - Removed checkpoint: experiments/grid-search/google_mobilebert-uncased/tweeteval/prep1_aug0/seed_37622020/checkpoint-5694
2026-03-23 05:15:26,397 - cyberbully - INFO - Removed checkpoint: experiments/grid-search/google_mobilebert-uncased/tweeteval/prep1_aug0/seed_37622020/checkpoint-3796
2026-03-23 05:15:26,411 - cyberbully - INFO - Removed checkpoint: experiments/grid-search/google_mobilebert-uncased/tweeteval/prep1_aug0/seed_37622020/checkpoint-949
2026-03-23 05:15:26,428 - cyberbully - INFO - Removed checkpoint: experiments/grid-search/google_mobilebert-uncased/tweeteval/prep1_aug0/seed_37622020/checkpoint-9490
2026-03-23 05:15:26,443 - cyberbully - INFO - Removed checkpoint: experiments/grid-search/google_mobilebert-uncased/tweeteval/prep1_aug0/seed_37622020/checkpoint-4745
2026-03-23 05:15:26,443 - cyberbully - INFO - Step 5: Evaluating on test set...
2026-03-23 05:15:40,260 - cyberbully - INFO - Metrics saved to experiments/grid-search/google_mobilebert-uncased/tweeteval/prep1_aug0/seed_37622020/metrics.json
2026-03-23 05:15:40,260 - cyberbully - INFO - Confusion matrix saved to experiments/grid-search/google_mobilebert-uncased/tweeteval/prep1_aug0/seed_37622020/confusion_matrix.json
2026-03-23 05:15:40,346 - cyberbully - INFO - Per-sample predictions saved to experiments/grid-search/google_mobilebert-uncased/tweeteval/prep1_aug0/seed_37622020/predictions.json
2026-03-23 05:15:40,447 - cyberbully - INFO - Confusion matrix figure saved to experiments/grid-search/google_mobilebert-uncased/tweeteval/prep1_aug0/seed_37622020/confusion_matrix.pdf
2026-03-23 05:15:40,447 - cyberbully - INFO - Accuracy: 0.9403
2026-03-23 05:15:40,447 - cyberbully - INFO - Weighted F1: 0.9403
2026-03-23 05:15:40,447 - cyberbully - INFO - Micro F1: 0.9403
2026-03-23 05:15:40,447 - cyberbully - INFO - Inference time: 9.52 seconds
2026-03-23 05:15:40,447 - cyberbully - INFO - Energy consumption: 0.000594 kWh
2026-03-23 05:15:40,449 - cyberbully - INFO - ============================================================
2026-03-23 05:15:40,449 - cyberbully - INFO - Pipeline complete. Results saved to: experiments/grid-search/google_mobilebert-uncased/tweeteval/prep1_aug0/seed_37622020
2026-03-23 05:15:40,449 - cyberbully - INFO - ============================================================
