2026-02-13 16:28:05,288 - cyberbully - INFO - ============================================================
2026-02-13 16:28:05,289 - cyberbully - INFO - Cyberbullying Detection Pipeline
2026-02-13 16:28:05,289 - cyberbully - INFO - ============================================================
2026-02-13 16:28:05,289 - cyberbully - INFO - Configuration:
2026-02-13 16:28:05,289 - cyberbully - INFO -   model          : roberta-base
2026-02-13 16:28:05,289 - cyberbully - INFO -   dataset        : tweeteval
2026-02-13 16:28:05,289 - cyberbully - INFO -   preprocess     : False
2026-02-13 16:28:05,289 - cyberbully - INFO -   augment        : False
2026-02-13 16:28:05,289 - cyberbully - INFO -   compute_attribution: False
2026-02-13 16:28:05,289 - cyberbully - INFO -   seed           : 52680723
2026-02-13 16:28:05,289 - cyberbully - INFO -   epochs         : 5
2026-02-13 16:28:05,289 - cyberbully - INFO -   batch_size     : 16
2026-02-13 16:28:05,289 - cyberbully - INFO -   lr             : 2e-05
2026-02-13 16:28:05,289 - cyberbully - INFO -   max_length     : 128
2026-02-13 16:28:05,289 - cyberbully - INFO -   output_dir     : experiments
2026-02-13 16:28:05,289 - cyberbully - INFO -   data_dir       : dataset
2026-02-13 16:28:05,289 - cyberbully - INFO -   overwrite      : False
2026-02-13 16:28:05,289 - cyberbully - INFO -   device         : cuda
2026-02-13 16:28:05,289 - cyberbully - INFO -   output_dir     : experiments/roberta-base/tweeteval/prep0_aug0/seed_52680723
2026-02-13 16:28:05,289 - cyberbully - INFO - ============================================================
2026-02-13 16:28:05,289 - cyberbully - INFO - Step 1: Preparing data...
2026-02-13 16:28:05,289 - cyberbully - INFO - Loading dataset 'tweeteval' from dataset/Tweeteval.csv
2026-02-13 16:28:05,364 - cyberbully - INFO - Loaded 50759 samples with 5 classes: ['emotion', 'hate', 'offensive', 'religion', 'spiritual']
2026-02-13 16:28:05,367 - cyberbully - INFO - Label mapping: {'emotion': 0, 'hate': 1, 'offensive': 2, 'religion': 3, 'spiritual': 4}
2026-02-13 16:28:05,380 - cyberbully - INFO - Split sizes — train: 32485, val: 8122, test: 10152
2026-02-13 16:28:05,380 - cyberbully - INFO - Number of classes: 5
2026-02-13 16:28:05,381 - cyberbully - INFO - Step 2: Loading model and tokenizer...
2026-02-13 16:28:05,381 - cyberbully - INFO - Loading model 'roberta-base' with 5 labels
2026-02-13 16:28:06,177 - cyberbully - INFO - Step 3: Tokenizing datasets...
2026-02-13 16:28:07,267 - cyberbully - INFO - Dataset sizes — train: 32485, val: 8122, test: 10152
2026-02-13 16:28:07,267 - cyberbully - INFO - Step 4: Training...
2026-02-13 16:28:07,508 - cyberbully - INFO - Starting training...
2026-02-13 16:39:10,394 - cyberbully - INFO - Training complete.
2026-02-13 16:39:10,394 - cyberbully - INFO - Step 5: Evaluating on test set...
2026-02-13 16:39:22,745 - cyberbully - INFO - Metrics saved to experiments/roberta-base/tweeteval/prep0_aug0/seed_52680723/metrics.json
2026-02-13 16:39:22,745 - cyberbully - INFO - Confusion matrix saved to experiments/roberta-base/tweeteval/prep0_aug0/seed_52680723/confusion_matrix.json
2026-02-13 16:39:22,847 - cyberbully - INFO - Confusion matrix figure saved to experiments/roberta-base/tweeteval/prep0_aug0/seed_52680723/confusion_matrix.pdf
2026-02-13 16:39:22,847 - cyberbully - INFO - Accuracy: 0.9752
2026-02-13 16:39:22,848 - cyberbully - INFO - Weighted F1: 0.9752
2026-02-13 16:39:22,848 - cyberbully - INFO - Micro F1: 0.9752
2026-02-13 16:39:22,848 - cyberbully - INFO - Inference time: 8.04 seconds
2026-02-13 16:39:22,848 - cyberbully - INFO - Energy consumption: 0.000471 kWh
2026-02-13 16:39:22,848 - cyberbully - INFO - ============================================================
2026-02-13 16:39:22,848 - cyberbully - INFO - Pipeline complete. Results saved to: experiments/roberta-base/tweeteval/prep0_aug0/seed_52680723
2026-02-13 16:39:22,848 - cyberbully - INFO - ============================================================
