2026-03-27 07:14:26,862 - cyberbully - INFO - ============================================================
2026-03-27 07:14:26,862 - cyberbully - INFO - Cyberbullying Detection Pipeline
2026-03-27 07:14:26,862 - cyberbully - INFO - ============================================================
2026-03-27 07:14:26,862 - cyberbully - INFO - Configuration:
2026-03-27 07:14:26,862 - cyberbully - INFO -   model          : distilbert-base-cased
2026-03-27 07:14:26,862 - cyberbully - INFO -   dataset        : kaggle
2026-03-27 07:14:26,862 - cyberbully - INFO -   preprocess     : False
2026-03-27 07:14:26,862 - cyberbully - INFO -   augment        : False
2026-03-27 07:14:26,862 - cyberbully - INFO -   compute_attribution: False
2026-03-27 07:14:26,862 - cyberbully - INFO -   seed           : 43782163
2026-03-27 07:14:26,862 - cyberbully - INFO -   epochs         : 10
2026-03-27 07:14:26,862 - cyberbully - INFO -   batch_size     : 64
2026-03-27 07:14:26,862 - cyberbully - INFO -   lr             : 5e-05
2026-03-27 07:14:26,862 - cyberbully - INFO -   max_length     : 128
2026-03-27 07:14:26,863 - cyberbully - INFO -   output_dir     : supcon-grid
2026-03-27 07:14:26,863 - cyberbully - INFO -   data_dir       : dataset
2026-03-27 07:14:26,863 - cyberbully - INFO -   sbert          : False
2026-03-27 07:14:26,863 - cyberbully - INFO -   supcon         : False
2026-03-27 07:14:26,863 - cyberbully - INFO -   supcon_weight  : 0.1
2026-03-27 07:14:26,863 - cyberbully - INFO -   proj_dim       : 128
2026-03-27 07:14:26,863 - cyberbully - INFO -   grad_accum_steps: 1
2026-03-27 07:14:26,863 - cyberbully - INFO -   overwrite      : False
2026-03-27 07:14:26,863 - cyberbully - INFO -   device         : cuda
2026-03-27 07:14:26,863 - cyberbully - INFO -   output_dir     : experiments/supcon-grid/distilbert-base-cased/kaggle/prep0_aug0/seed_43782163
2026-03-27 07:14:26,863 - cyberbully - INFO - ============================================================
2026-03-27 07:14:26,863 - cyberbully - INFO - Step 1: Preparing data...
2026-03-27 07:14:26,909 - cyberbully - INFO - Loaded pre-split data from dataset/kaggle — train: 25604, val: 6401, test: 8002
2026-03-27 07:14:26,909 - cyberbully - INFO - Label mapping: {'age': 0, 'ethnicity': 1, 'gender': 2, 'other_cyberbullying': 3, 'religion': 4}
2026-03-27 07:14:26,920 - cyberbully - INFO - Number of classes: 5
2026-03-27 07:14:26,921 - cyberbully - INFO - Step 2: Loading model and tokenizer...
2026-03-27 07:14:26,921 - cyberbully - INFO - Loading model 'distilbert-base-cased' with 5 labels (sbert=False, supcon=False)
2026-03-27 07:14:27,666 - cyberbully - INFO - Step 3: Creating datasets...
2026-03-27 07:14:28,252 - cyberbully - INFO - Dataset sizes — train: 25604, val: 6401, test: 8002
2026-03-27 07:14:28,252 - cyberbully - INFO - Step 4: Training...
2026-03-27 07:14:28,346 - cyberbully - INFO - Starting training...
2026-03-27 07:19:14,198 - cyberbully - INFO - Training complete.
2026-03-27 07:19:14,246 - cyberbully - INFO - Removed checkpoint: experiments/supcon-grid/distilbert-base-cased/kaggle/prep0_aug0/seed_43782163/checkpoint-3208
2026-03-27 07:19:14,293 - cyberbully - INFO - Removed checkpoint: experiments/supcon-grid/distilbert-base-cased/kaggle/prep0_aug0/seed_43782163/checkpoint-4010
2026-03-27 07:19:14,341 - cyberbully - INFO - Removed checkpoint: experiments/supcon-grid/distilbert-base-cased/kaggle/prep0_aug0/seed_43782163/checkpoint-1203
2026-03-27 07:19:14,389 - cyberbully - INFO - Removed checkpoint: experiments/supcon-grid/distilbert-base-cased/kaggle/prep0_aug0/seed_43782163/checkpoint-2005
2026-03-27 07:19:14,436 - cyberbully - INFO - Removed checkpoint: experiments/supcon-grid/distilbert-base-cased/kaggle/prep0_aug0/seed_43782163/checkpoint-2807
2026-03-27 07:19:14,485 - cyberbully - INFO - Removed checkpoint: experiments/supcon-grid/distilbert-base-cased/kaggle/prep0_aug0/seed_43782163/checkpoint-1604
2026-03-27 07:19:14,534 - cyberbully - INFO - Removed checkpoint: experiments/supcon-grid/distilbert-base-cased/kaggle/prep0_aug0/seed_43782163/checkpoint-802
2026-03-27 07:19:14,582 - cyberbully - INFO - Removed checkpoint: experiments/supcon-grid/distilbert-base-cased/kaggle/prep0_aug0/seed_43782163/checkpoint-2406
2026-03-27 07:19:14,633 - cyberbully - INFO - Removed checkpoint: experiments/supcon-grid/distilbert-base-cased/kaggle/prep0_aug0/seed_43782163/checkpoint-401
2026-03-27 07:19:14,880 - cyberbully - INFO - Removed checkpoint: experiments/supcon-grid/distilbert-base-cased/kaggle/prep0_aug0/seed_43782163/checkpoint-3609
2026-03-27 07:19:14,880 - cyberbully - INFO - Step 5: Evaluating on test set...
2026-03-27 07:19:21,093 - cyberbully - INFO - Metrics saved to experiments/supcon-grid/distilbert-base-cased/kaggle/prep0_aug0/seed_43782163/metrics.json
2026-03-27 07:19:21,093 - cyberbully - INFO - Confusion matrix saved to experiments/supcon-grid/distilbert-base-cased/kaggle/prep0_aug0/seed_43782163/confusion_matrix.json
2026-03-27 07:19:21,175 - cyberbully - INFO - Per-sample predictions saved to experiments/supcon-grid/distilbert-base-cased/kaggle/prep0_aug0/seed_43782163/predictions.json
2026-03-27 07:19:21,280 - cyberbully - INFO - Confusion matrix figure saved to experiments/supcon-grid/distilbert-base-cased/kaggle/prep0_aug0/seed_43782163/confusion_matrix.pdf
2026-03-27 07:19:21,280 - cyberbully - INFO - Accuracy: 0.9540
2026-03-27 07:19:21,280 - cyberbully - INFO - Weighted F1: 0.9542
2026-03-27 07:19:21,280 - cyberbully - INFO - Micro F1: 0.9540
2026-03-27 07:19:21,280 - cyberbully - INFO - Inference time: 2.01 seconds
2026-03-27 07:19:21,280 - cyberbully - INFO - Energy consumption: 0.000112 kWh
2026-03-27 07:19:21,282 - cyberbully - INFO - ============================================================
2026-03-27 07:19:21,282 - cyberbully - INFO - Pipeline complete. Results saved to: experiments/supcon-grid/distilbert-base-cased/kaggle/prep0_aug0/seed_43782163
2026-03-27 07:19:21,282 - cyberbully - INFO - ============================================================
