2026-02-20 14:03:33,952 - cyberbully - INFO - ============================================================
2026-02-20 14:03:33,953 - cyberbully - INFO - Cyberbullying Detection Pipeline
2026-02-20 14:03:33,953 - cyberbully - INFO - ============================================================
2026-02-20 14:03:33,953 - cyberbully - INFO - Configuration:
2026-02-20 14:03:33,953 - cyberbully - INFO -   model          : all-MiniLM-L12-v2
2026-02-20 14:03:33,953 - cyberbully - INFO -   dataset        : kaggle
2026-02-20 14:03:33,953 - cyberbully - INFO -   preprocess     : True
2026-02-20 14:03:33,953 - cyberbully - INFO -   augment        : True
2026-02-20 14:03:33,953 - cyberbully - INFO -   compute_attribution: False
2026-02-20 14:03:33,953 - cyberbully - INFO -   seed           : 43782163
2026-02-20 14:03:33,953 - cyberbully - INFO -   epochs         : 5
2026-02-20 14:03:33,953 - cyberbully - INFO -   batch_size     : 16
2026-02-20 14:03:33,953 - cyberbully - INFO -   lr             : 2e-05
2026-02-20 14:03:33,953 - cyberbully - INFO -   max_length     : 128
2026-02-20 14:03:33,953 - cyberbully - INFO -   output_dir     : sbert-model
2026-02-20 14:03:33,953 - cyberbully - INFO -   data_dir       : dataset
2026-02-20 14:03:33,953 - cyberbully - INFO -   sbert          : True
2026-02-20 14:03:33,953 - cyberbully - INFO -   overwrite      : False
2026-02-20 14:03:33,953 - cyberbully - INFO -   device         : cuda
2026-02-20 14:03:33,953 - cyberbully - INFO -   output_dir     : experiments/sbert-model/all-MiniLM-L12-v2/kaggle/prep1_aug1/seed_43782163
2026-02-20 14:03:33,953 - cyberbully - INFO - ============================================================
2026-02-20 14:03:33,953 - cyberbully - INFO - Step 1: Preparing data...
2026-02-20 14:03:33,953 - cyberbully - INFO - Loading dataset 'kaggle' from dataset/Kaggle.csv
2026-02-20 14:03:34,010 - cyberbully - INFO - Loaded 47656 samples with 6 classes: ['age', 'ethnicity', 'gender', 'not_cyberbullying', 'other_cyberbullying', 'religion']
2026-02-20 14:03:34,010 - cyberbully - INFO - Applying text preprocessing...
2026-02-20 14:04:27,645 - cyberbully - INFO - After preprocessing: 41410 samples remain
2026-02-20 14:04:27,647 - cyberbully - INFO - Label mapping: {'age': 0, 'ethnicity': 1, 'gender': 2, 'not_cyberbullying': 3, 'other_cyberbullying': 4, 'religion': 5}
2026-02-20 14:04:27,659 - cyberbully - INFO - Split sizes — train: 26502, val: 6626, test: 8282
2026-02-20 14:04:27,659 - cyberbully - INFO - Applying training data augmentation (oversampling)...
2026-02-20 14:04:27,665 - cyberbully - INFO - After oversampling — class distribution: {0: 5067, 1: 5067, 2: 5067, 3: 5067, 4: 5067, 5: 5067}
2026-02-20 14:04:27,666 - cyberbully - INFO - Number of classes: 6
2026-02-20 14:04:27,667 - cyberbully - INFO - Step 2: Loading model and tokenizer...
2026-02-20 14:04:27,667 - cyberbully - INFO - Loading model 'all-MiniLM-L12-v2' with 6 labels (sbert=True)
2026-02-20 14:04:30,237 - cyberbully - INFO - SBERTClassifier: embedding_dim=384, hidden=256, num_labels=6
2026-02-20 14:04:30,541 - cyberbully - INFO - Step 3: Creating datasets...
2026-02-20 14:04:31,423 - cyberbully - INFO - Dataset sizes — train: 30402, val: 6626, test: 8282
2026-02-20 14:04:31,423 - cyberbully - INFO - Step 4: Training...
2026-02-20 14:04:31,469 - cyberbully - INFO - Starting training...
2026-02-20 14:08:52,961 - cyberbully - INFO - Training complete.
2026-02-20 14:08:52,961 - cyberbully - INFO - Step 5: Evaluating on test set...
2026-02-20 14:09:00,870 - cyberbully - INFO - Metrics saved to experiments/sbert-model/all-MiniLM-L12-v2/kaggle/prep1_aug1/seed_43782163/metrics.json
2026-02-20 14:09:00,870 - cyberbully - INFO - Confusion matrix saved to experiments/sbert-model/all-MiniLM-L12-v2/kaggle/prep1_aug1/seed_43782163/confusion_matrix.json
2026-02-20 14:09:00,983 - cyberbully - INFO - Confusion matrix figure saved to experiments/sbert-model/all-MiniLM-L12-v2/kaggle/prep1_aug1/seed_43782163/confusion_matrix.pdf
2026-02-20 14:09:00,983 - cyberbully - INFO - Accuracy: 0.8692
2026-02-20 14:09:00,983 - cyberbully - INFO - Weighted F1: 0.8688
2026-02-20 14:09:00,983 - cyberbully - INFO - Micro F1: 0.8692
2026-02-20 14:09:00,983 - cyberbully - INFO - Inference time: 2.94 seconds
2026-02-20 14:09:00,983 - cyberbully - INFO - Energy consumption: 0.000182 kWh
2026-02-20 14:09:00,984 - cyberbully - INFO - ============================================================
2026-02-20 14:09:00,984 - cyberbully - INFO - Pipeline complete. Results saved to: experiments/sbert-model/all-MiniLM-L12-v2/kaggle/prep1_aug1/seed_43782163
2026-02-20 14:09:00,984 - cyberbully - INFO - ============================================================
