2026-03-19 18:54:19,883 - cyberbully - INFO - Model 'all-mpnet-base-v2' detected as SBERT-based. Using SBERTClassifier pipeline.
2026-03-19 18:54:19,883 - cyberbully - INFO - ============================================================
2026-03-19 18:54:19,883 - cyberbully - INFO - Cyberbullying Detection Pipeline
2026-03-19 18:54:19,883 - cyberbully - INFO - ============================================================
2026-03-19 18:54:19,883 - cyberbully - INFO - Configuration:
2026-03-19 18:54:19,883 - cyberbully - INFO -   model          : all-mpnet-base-v2
2026-03-19 18:54:19,883 - cyberbully - INFO -   dataset        : ieee
2026-03-19 18:54:19,883 - cyberbully - INFO -   preprocess     : True
2026-03-19 18:54:19,883 - cyberbully - INFO -   augment        : False
2026-03-19 18:54:19,883 - cyberbully - INFO -   compute_attribution: False
2026-03-19 18:54:19,883 - cyberbully - INFO -   seed           : 37622020
2026-03-19 18:54:19,883 - cyberbully - INFO -   epochs         : 10
2026-03-19 18:54:19,883 - cyberbully - INFO -   batch_size     : 32
2026-03-19 18:54:19,883 - cyberbully - INFO -   lr             : 5e-05
2026-03-19 18:54:19,883 - cyberbully - INFO -   max_length     : 128
2026-03-19 18:54:19,883 - cyberbully - INFO -   output_dir     : baseline-light
2026-03-19 18:54:19,883 - cyberbully - INFO -   data_dir       : dataset
2026-03-19 18:54:19,883 - cyberbully - INFO -   sbert          : True
2026-03-19 18:54:19,883 - cyberbully - INFO -   supcon         : False
2026-03-19 18:54:19,883 - cyberbully - INFO -   supcon_weight  : 0.1
2026-03-19 18:54:19,883 - cyberbully - INFO -   proj_dim       : 128
2026-03-19 18:54:19,883 - cyberbully - INFO -   grad_accum_steps: 1
2026-03-19 18:54:19,883 - cyberbully - INFO -   overwrite      : False
2026-03-19 18:54:19,883 - cyberbully - INFO -   device         : cuda
2026-03-19 18:54:19,883 - cyberbully - INFO -   output_dir     : experiments/baseline-light/all-mpnet-base-v2/ieee/prep1_aug0/seed_37622020
2026-03-19 18:54:19,883 - cyberbully - INFO - ============================================================
2026-03-19 18:54:19,883 - cyberbully - INFO - Step 1: Preparing data...
2026-03-19 18:54:19,887 - cyberbully - INFO - Loaded pre-split data from dataset/ieee — train: 1348, val: 338, test: 422
2026-03-19 18:54:19,887 - cyberbully - INFO - Label mapping: {'Cyberstalking': 0, 'Doxing': 1, 'Revenge Porn': 2, 'Sexual Harassment': 3, 'Slut Shaming': 4}
2026-03-19 18:54:19,887 - cyberbully - INFO - Applying text preprocessing per split...
2026-03-19 18:54:19,969 - cyberbully - INFO - After preprocessing — train: 1348, val: 338, test: 422
2026-03-19 18:54:19,971 - cyberbully - INFO - Number of classes: 5
2026-03-19 18:54:19,972 - cyberbully - INFO - Step 2: Loading model and tokenizer...
2026-03-19 18:54:19,972 - cyberbully - INFO - Loading model 'all-mpnet-base-v2' with 5 labels (sbert=True, supcon=False)
2026-03-19 18:54:23,626 - cyberbully - INFO - SBERTClassifier: embedding_dim=768, hidden=256, num_labels=5
2026-03-19 18:54:23,935 - cyberbully - INFO - Step 3: Creating datasets...
2026-03-19 18:54:23,952 - cyberbully - INFO - Dataset sizes — train: 1348, val: 338, test: 422
2026-03-19 18:54:23,952 - cyberbully - INFO - Step 4: Training...
2026-03-19 18:54:23,956 - cyberbully - INFO - Starting training...
2026-03-19 18:56:28,700 - cyberbully - INFO - Training complete.
2026-03-19 18:56:28,779 - cyberbully - INFO - Removed checkpoint: experiments/baseline-light/all-mpnet-base-v2/ieee/prep1_aug0/seed_37622020/checkpoint-215
2026-03-19 18:56:28,863 - cyberbully - INFO - Removed checkpoint: experiments/baseline-light/all-mpnet-base-v2/ieee/prep1_aug0/seed_37622020/checkpoint-387
2026-03-19 18:56:28,948 - cyberbully - INFO - Removed checkpoint: experiments/baseline-light/all-mpnet-base-v2/ieee/prep1_aug0/seed_37622020/checkpoint-86
2026-03-19 18:56:29,031 - cyberbully - INFO - Removed checkpoint: experiments/baseline-light/all-mpnet-base-v2/ieee/prep1_aug0/seed_37622020/checkpoint-129
2026-03-19 18:56:29,113 - cyberbully - INFO - Removed checkpoint: experiments/baseline-light/all-mpnet-base-v2/ieee/prep1_aug0/seed_37622020/checkpoint-344
2026-03-19 18:56:29,193 - cyberbully - INFO - Removed checkpoint: experiments/baseline-light/all-mpnet-base-v2/ieee/prep1_aug0/seed_37622020/checkpoint-258
2026-03-19 18:56:29,283 - cyberbully - INFO - Removed checkpoint: experiments/baseline-light/all-mpnet-base-v2/ieee/prep1_aug0/seed_37622020/checkpoint-43
2026-03-19 18:56:29,366 - cyberbully - INFO - Removed checkpoint: experiments/baseline-light/all-mpnet-base-v2/ieee/prep1_aug0/seed_37622020/checkpoint-301
2026-03-19 18:56:29,446 - cyberbully - INFO - Removed checkpoint: experiments/baseline-light/all-mpnet-base-v2/ieee/prep1_aug0/seed_37622020/checkpoint-172
2026-03-19 18:56:29,519 - cyberbully - INFO - Removed checkpoint: experiments/baseline-light/all-mpnet-base-v2/ieee/prep1_aug0/seed_37622020/checkpoint-430
2026-03-19 18:56:29,520 - cyberbully - INFO - Step 5: Evaluating on test set...
2026-03-19 18:56:34,941 - cyberbully - INFO - Metrics saved to experiments/baseline-light/all-mpnet-base-v2/ieee/prep1_aug0/seed_37622020/metrics.json
2026-03-19 18:56:34,941 - cyberbully - INFO - Confusion matrix saved to experiments/baseline-light/all-mpnet-base-v2/ieee/prep1_aug0/seed_37622020/confusion_matrix.json
2026-03-19 18:56:34,946 - cyberbully - INFO - Per-sample predictions saved to experiments/baseline-light/all-mpnet-base-v2/ieee/prep1_aug0/seed_37622020/predictions.json
2026-03-19 18:56:35,052 - cyberbully - INFO - Confusion matrix figure saved to experiments/baseline-light/all-mpnet-base-v2/ieee/prep1_aug0/seed_37622020/confusion_matrix.pdf
2026-03-19 18:56:35,052 - cyberbully - INFO - Accuracy: 0.8389
2026-03-19 18:56:35,052 - cyberbully - INFO - Weighted F1: 0.8404
2026-03-19 18:56:35,052 - cyberbully - INFO - Micro F1: 0.8389
2026-03-19 18:56:35,052 - cyberbully - INFO - Inference time: 0.24 seconds
2026-03-19 18:56:35,052 - cyberbully - INFO - Energy consumption: 0.000018 kWh
2026-03-19 18:56:35,052 - cyberbully - INFO - ============================================================
2026-03-19 18:56:35,052 - cyberbully - INFO - Pipeline complete. Results saved to: experiments/baseline-light/all-mpnet-base-v2/ieee/prep1_aug0/seed_37622020
2026-03-19 18:56:35,052 - cyberbully - INFO - ============================================================
