2026-05-20 14:08:30,626 - cyberbully - INFO - ============================================================
2026-05-20 14:08:30,626 - cyberbully - INFO - Cyberbullying Detection Pipeline
2026-05-20 14:08:30,626 - cyberbully - INFO - ============================================================
2026-05-20 14:08:30,626 - cyberbully - INFO - Configuration:
2026-05-20 14:08:30,626 - cyberbully - INFO -   model          : distilbert-base-uncased
2026-05-20 14:08:30,626 - cyberbully - INFO -   dataset        : tweeteval
2026-05-20 14:08:30,626 - cyberbully - INFO -   preprocess     : True
2026-05-20 14:08:30,626 - cyberbully - INFO -   augment        : False
2026-05-20 14:08:30,626 - cyberbully - INFO -   compute_attribution: False
2026-05-20 14:08:30,626 - cyberbully - INFO -   seed           : 24677315
2026-05-20 14:08:30,626 - cyberbully - INFO -   epochs         : 10
2026-05-20 14:08:30,626 - cyberbully - INFO -   batch_size     : 32
2026-05-20 14:08:30,626 - cyberbully - INFO -   lr             : 5e-05
2026-05-20 14:08:30,626 - cyberbully - INFO -   max_length     : 128
2026-05-20 14:08:30,626 - cyberbully - INFO -   output_dir     : grid-search
2026-05-20 14:08:30,626 - cyberbully - INFO -   data_dir       : dataset
2026-05-20 14:08:30,626 - cyberbully - INFO -   sbert          : False
2026-05-20 14:08:30,626 - cyberbully - INFO -   supcon         : False
2026-05-20 14:08:30,626 - cyberbully - INFO -   supcon_weight  : 0.1
2026-05-20 14:08:30,626 - cyberbully - INFO -   proj_dim       : 128
2026-05-20 14:08:30,626 - cyberbully - INFO -   grad_accum_steps: 1
2026-05-20 14:08:30,626 - cyberbully - INFO -   overwrite      : True
2026-05-20 14:08:30,626 - cyberbully - INFO -   device         : cuda
2026-05-20 14:08:30,626 - cyberbully - INFO -   output_dir     : experiments/grid-search/distilbert-base-uncased/tweeteval/prep1_aug0/seed_24677315
2026-05-20 14:08:30,626 - cyberbully - INFO - ============================================================
2026-05-20 14:08:30,626 - cyberbully - INFO - Step 1: Preparing data...
2026-05-20 14:08:30,682 - cyberbully - INFO - Loaded pre-split data from dataset/tweeteval — train: 32485, val: 8122, test: 10152
2026-05-20 14:08:30,682 - cyberbully - INFO - Label mapping: {'emotion': 0, 'hate': 1, 'offensive': 2, 'religion': 3, 'spiritual': 4}
2026-05-20 14:08:30,683 - cyberbully - INFO - Applying text preprocessing per split...
2026-05-20 14:08:36,334 - cyberbully - INFO - After preprocessing -- train: 32485, val: 8122, test: 10152
2026-05-20 14:08:36,339 - cyberbully - INFO - Number of classes: 5
2026-05-20 14:08:36,340 - cyberbully - INFO - Step 2: Loading model and tokenizer...
2026-05-20 14:08:36,340 - cyberbully - INFO - Loading model 'distilbert-base-uncased' with 5 labels (sbert=False, supcon=False)
2026-05-20 14:08:37,121 - cyberbully - INFO - Step 3: Creating datasets...
2026-05-20 14:08:37,907 - cyberbully - INFO - Dataset sizes — train: 32485, val: 8122, test: 10152
2026-05-20 14:08:37,908 - cyberbully - INFO - Step 4: Training...
2026-05-20 14:08:38,031 - cyberbully - INFO - Starting training...
2026-05-20 14:16:14,521 - cyberbully - INFO - Training complete.
2026-05-20 14:16:14,575 - cyberbully - INFO - Removed checkpoint: experiments/grid-search/distilbert-base-uncased/tweeteval/prep1_aug0/seed_24677315/checkpoint-2032
2026-05-20 14:16:14,629 - cyberbully - INFO - Removed checkpoint: experiments/grid-search/distilbert-base-uncased/tweeteval/prep1_aug0/seed_24677315/checkpoint-6096
2026-05-20 14:16:14,685 - cyberbully - INFO - Removed checkpoint: experiments/grid-search/distilbert-base-uncased/tweeteval/prep1_aug0/seed_24677315/checkpoint-3048
2026-05-20 14:16:14,737 - cyberbully - INFO - Removed checkpoint: experiments/grid-search/distilbert-base-uncased/tweeteval/prep1_aug0/seed_24677315/checkpoint-9144
2026-05-20 14:16:14,791 - cyberbully - INFO - Removed checkpoint: experiments/grid-search/distilbert-base-uncased/tweeteval/prep1_aug0/seed_24677315/checkpoint-5080
2026-05-20 14:16:14,847 - cyberbully - INFO - Removed checkpoint: experiments/grid-search/distilbert-base-uncased/tweeteval/prep1_aug0/seed_24677315/checkpoint-8128
2026-05-20 14:16:14,902 - cyberbully - INFO - Removed checkpoint: experiments/grid-search/distilbert-base-uncased/tweeteval/prep1_aug0/seed_24677315/checkpoint-4064
2026-05-20 14:16:14,962 - cyberbully - INFO - Removed checkpoint: experiments/grid-search/distilbert-base-uncased/tweeteval/prep1_aug0/seed_24677315/checkpoint-1016
2026-05-20 14:16:15,015 - cyberbully - INFO - Removed checkpoint: experiments/grid-search/distilbert-base-uncased/tweeteval/prep1_aug0/seed_24677315/checkpoint-7112
2026-05-20 14:16:15,076 - cyberbully - INFO - Removed checkpoint: experiments/grid-search/distilbert-base-uncased/tweeteval/prep1_aug0/seed_24677315/checkpoint-10160
2026-05-20 14:16:15,077 - cyberbully - INFO - Step 5: Evaluating on test set...
2026-05-20 14:16:23,846 - cyberbully - INFO - Metrics saved to experiments/grid-search/distilbert-base-uncased/tweeteval/prep1_aug0/seed_24677315/metrics.json
2026-05-20 14:16:23,847 - cyberbully - INFO - Confusion matrix saved to experiments/grid-search/distilbert-base-uncased/tweeteval/prep1_aug0/seed_24677315/confusion_matrix.json
2026-05-20 14:16:23,955 - cyberbully - INFO - Per-sample predictions saved to experiments/grid-search/distilbert-base-uncased/tweeteval/prep1_aug0/seed_24677315/predictions.json
2026-05-20 14:16:24,073 - cyberbully - INFO - Confusion matrix figure saved to experiments/grid-search/distilbert-base-uncased/tweeteval/prep1_aug0/seed_24677315/confusion_matrix.pdf
2026-05-20 14:16:24,073 - cyberbully - INFO - Accuracy: 0.9415
2026-05-20 14:16:24,073 - cyberbully - INFO - Weighted F1: 0.9412
2026-05-20 14:16:24,073 - cyberbully - INFO - Micro F1: 0.9415
2026-05-20 14:16:24,073 - cyberbully - INFO - Inference time: 2.67 seconds
2026-05-20 14:16:24,073 - cyberbully - INFO - Energy consumption: 0.000165 kWh
2026-05-20 14:16:24,074 - cyberbully - INFO - ============================================================
2026-05-20 14:16:24,075 - cyberbully - INFO - Pipeline complete. Results saved to: experiments/grid-search/distilbert-base-uncased/tweeteval/prep1_aug0/seed_24677315
2026-05-20 14:16:24,075 - cyberbully - INFO - ============================================================
