2026-05-18 20:03:41,358 - cyberbully - INFO - ============================================================
2026-05-18 20:03:41,358 - cyberbully - INFO - Cyberbullying Detection Pipeline
2026-05-18 20:03:41,358 - cyberbully - INFO - ============================================================
2026-05-18 20:03:41,358 - cyberbully - INFO - Configuration:
2026-05-18 20:03:41,358 - cyberbully - INFO -   model          : answerdotai/ModernBERT-base
2026-05-18 20:03:41,358 - cyberbully - INFO -   dataset        : tweeteval
2026-05-18 20:03:41,358 - cyberbully - INFO -   preprocess     : True
2026-05-18 20:03:41,358 - cyberbully - INFO -   augment        : False
2026-05-18 20:03:41,358 - cyberbully - INFO -   compute_attribution: False
2026-05-18 20:03:41,358 - cyberbully - INFO -   seed           : 87212562
2026-05-18 20:03:41,358 - cyberbully - INFO -   epochs         : 10
2026-05-18 20:03:41,358 - cyberbully - INFO -   batch_size     : 32
2026-05-18 20:03:41,358 - cyberbully - INFO -   lr             : 5e-05
2026-05-18 20:03:41,358 - cyberbully - INFO -   max_length     : 128
2026-05-18 20:03:41,358 - cyberbully - INFO -   output_dir     : verification
2026-05-18 20:03:41,358 - cyberbully - INFO -   data_dir       : dataset
2026-05-18 20:03:41,358 - cyberbully - INFO -   sbert          : False
2026-05-18 20:03:41,358 - cyberbully - INFO -   supcon         : False
2026-05-18 20:03:41,358 - cyberbully - INFO -   supcon_weight  : 0.1
2026-05-18 20:03:41,358 - cyberbully - INFO -   proj_dim       : 128
2026-05-18 20:03:41,358 - cyberbully - INFO -   grad_accum_steps: 1
2026-05-18 20:03:41,358 - cyberbully - INFO -   overwrite      : True
2026-05-18 20:03:41,358 - cyberbully - INFO -   device         : cuda
2026-05-18 20:03:41,358 - cyberbully - INFO -   output_dir     : experiments/verification/answerdotai_ModernBERT-base/tweeteval/prep1_aug0/seed_87212562
2026-05-18 20:03:41,358 - cyberbully - INFO - ============================================================
2026-05-18 20:03:41,358 - cyberbully - INFO - Step 1: Preparing data...
2026-05-18 20:03:41,405 - cyberbully - INFO - Loaded pre-split data from dataset/tweeteval — train: 32485, val: 8122, test: 10152
2026-05-18 20:03:41,406 - cyberbully - INFO - Label mapping: {'emotion': 0, 'hate': 1, 'offensive': 2, 'religion': 3, 'spiritual': 4}
2026-05-18 20:03:41,407 - cyberbully - INFO - Applying text preprocessing per split...
2026-05-18 20:04:41,441 - cyberbully - INFO - After preprocessing -- train: 30348, val: 7616, test: 9455
2026-05-18 20:04:41,444 - cyberbully - INFO - Number of classes: 5
2026-05-18 20:04:41,445 - cyberbully - INFO - Step 2: Loading model and tokenizer...
2026-05-18 20:04:41,445 - cyberbully - INFO - Loading model 'answerdotai/ModernBERT-base' with 5 labels (sbert=False, supcon=False)
2026-05-18 20:04:43,106 - cyberbully - INFO - Step 3: Creating datasets...
2026-05-18 20:04:44,126 - cyberbully - INFO - Dataset sizes — train: 30348, val: 7616, test: 9455
2026-05-18 20:04:44,126 - cyberbully - INFO - Step 4: Training...
2026-05-18 20:04:44,347 - cyberbully - INFO - Starting training...
2026-05-18 20:24:15,055 - cyberbully - INFO - Training complete.
2026-05-18 20:24:15,140 - cyberbully - INFO - Removed checkpoint: experiments/verification/answerdotai_ModernBERT-base/tweeteval/prep1_aug0/seed_87212562/checkpoint-1898
2026-05-18 20:24:15,225 - cyberbully - INFO - Removed checkpoint: experiments/verification/answerdotai_ModernBERT-base/tweeteval/prep1_aug0/seed_87212562/checkpoint-7592
2026-05-18 20:24:15,311 - cyberbully - INFO - Removed checkpoint: experiments/verification/answerdotai_ModernBERT-base/tweeteval/prep1_aug0/seed_87212562/checkpoint-6643
2026-05-18 20:24:15,396 - cyberbully - INFO - Removed checkpoint: experiments/verification/answerdotai_ModernBERT-base/tweeteval/prep1_aug0/seed_87212562/checkpoint-2847
2026-05-18 20:24:15,480 - cyberbully - INFO - Removed checkpoint: experiments/verification/answerdotai_ModernBERT-base/tweeteval/prep1_aug0/seed_87212562/checkpoint-8541
2026-05-18 20:24:15,565 - cyberbully - INFO - Removed checkpoint: experiments/verification/answerdotai_ModernBERT-base/tweeteval/prep1_aug0/seed_87212562/checkpoint-5694
2026-05-18 20:24:15,650 - cyberbully - INFO - Removed checkpoint: experiments/verification/answerdotai_ModernBERT-base/tweeteval/prep1_aug0/seed_87212562/checkpoint-3796
2026-05-18 20:24:15,735 - cyberbully - INFO - Removed checkpoint: experiments/verification/answerdotai_ModernBERT-base/tweeteval/prep1_aug0/seed_87212562/checkpoint-949
2026-05-18 20:24:15,837 - cyberbully - INFO - Removed checkpoint: experiments/verification/answerdotai_ModernBERT-base/tweeteval/prep1_aug0/seed_87212562/checkpoint-9490
2026-05-18 20:24:15,922 - cyberbully - INFO - Removed checkpoint: experiments/verification/answerdotai_ModernBERT-base/tweeteval/prep1_aug0/seed_87212562/checkpoint-4745
2026-05-18 20:24:15,922 - cyberbully - INFO - Step 5: Evaluating on test set...
2026-05-18 20:24:31,560 - cyberbully - INFO - Metrics saved to experiments/verification/answerdotai_ModernBERT-base/tweeteval/prep1_aug0/seed_87212562/metrics.json
2026-05-18 20:24:31,560 - cyberbully - INFO - Confusion matrix saved to experiments/verification/answerdotai_ModernBERT-base/tweeteval/prep1_aug0/seed_87212562/confusion_matrix.json
2026-05-18 20:24:31,649 - cyberbully - INFO - Per-sample predictions saved to experiments/verification/answerdotai_ModernBERT-base/tweeteval/prep1_aug0/seed_87212562/predictions.json
2026-05-18 20:24:31,751 - cyberbully - INFO - Confusion matrix figure saved to experiments/verification/answerdotai_ModernBERT-base/tweeteval/prep1_aug0/seed_87212562/confusion_matrix.pdf
2026-05-18 20:24:31,751 - cyberbully - INFO - Accuracy: 0.9416
2026-05-18 20:24:31,751 - cyberbully - INFO - Weighted F1: 0.9416
2026-05-18 20:24:31,751 - cyberbully - INFO - Micro F1: 0.9416
2026-05-18 20:24:31,751 - cyberbully - INFO - Inference time: 9.39 seconds
2026-05-18 20:24:31,751 - cyberbully - INFO - Energy consumption: 0.000539 kWh
2026-05-18 20:24:31,753 - cyberbully - INFO - ============================================================
2026-05-18 20:24:31,753 - cyberbully - INFO - Pipeline complete. Results saved to: experiments/verification/answerdotai_ModernBERT-base/tweeteval/prep1_aug0/seed_87212562
2026-05-18 20:24:31,753 - cyberbully - INFO - ============================================================
