2026-06-17 02:14:07,086 - cyberbully - INFO - ============================================================
2026-06-17 02:14:07,086 - cyberbully - INFO - Cyberbullying Detection Pipeline
2026-06-17 02:14:07,086 - cyberbully - INFO - ============================================================
2026-06-17 02:14:07,086 - cyberbully - INFO - Configuration:
2026-06-17 02:14:07,086 - cyberbully - INFO -   model          : bert-base-cased
2026-06-17 02:14:07,086 - cyberbully - INFO -   dataset        : ieee
2026-06-17 02:14:07,086 - cyberbully - INFO -   preprocess     : False
2026-06-17 02:14:07,086 - cyberbully - INFO -   prep_mode      : 2
2026-06-17 02:14:07,086 - cyberbully - INFO -   augment        : False
2026-06-17 02:14:07,086 - cyberbully - INFO -   compute_attribution: False
2026-06-17 02:14:07,086 - cyberbully - INFO -   seed           : 67351593
2026-06-17 02:14:07,086 - cyberbully - INFO -   epochs         : 10
2026-06-17 02:14:07,086 - cyberbully - INFO -   batch_size     : 32
2026-06-17 02:14:07,086 - cyberbully - INFO -   lr             : 5e-05
2026-06-17 02:14:07,086 - cyberbully - INFO -   max_length     : 128
2026-06-17 02:14:07,086 - cyberbully - INFO -   output_dir     : grid-search
2026-06-17 02:14:07,086 - cyberbully - INFO -   data_dir       : dataset
2026-06-17 02:14:07,086 - cyberbully - INFO -   sbert          : False
2026-06-17 02:14:07,086 - cyberbully - INFO -   supcon         : False
2026-06-17 02:14:07,086 - cyberbully - INFO -   supcon_weight  : 0.1
2026-06-17 02:14:07,086 - cyberbully - INFO -   proj_dim       : 128
2026-06-17 02:14:07,086 - cyberbully - INFO -   grad_accum_steps: 1
2026-06-17 02:14:07,086 - cyberbully - INFO -   overwrite      : False
2026-06-17 02:14:07,086 - cyberbully - INFO -   device         : cuda
2026-06-17 02:14:07,086 - cyberbully - INFO -   output_dir     : experiments/grid-search/bert-base-cased/ieee/prep2_aug0/seed_67351593
2026-06-17 02:14:07,086 - cyberbully - INFO - ============================================================
2026-06-17 02:14:07,086 - cyberbully - INFO - Step 1: Preparing data...
2026-06-17 02:14:07,090 - cyberbully - INFO - Loaded pre-split data from dataset/ieee — train: 1348, val: 338, test: 422
2026-06-17 02:14:07,090 - cyberbully - INFO - Label mapping: {'Cyberstalking': 0, 'Doxing': 1, 'Revenge Porn': 2, 'Sexual Harassment': 3, 'Slut Shaming': 4}
2026-06-17 02:14:07,090 - cyberbully - INFO - Applying partial text preprocessing per split...
2026-06-17 02:14:07,142 - cyberbully - INFO - After preprocessing -- train: 1348, val: 338, test: 422
2026-06-17 02:14:07,144 - cyberbully - INFO - Number of classes: 5
2026-06-17 02:14:07,145 - cyberbully - INFO - Step 2: Loading model and tokenizer...
2026-06-17 02:14:07,145 - cyberbully - INFO - Loading model 'bert-base-cased' with 5 labels (sbert=False, supcon=False)
2026-06-17 02:14:08,379 - cyberbully - INFO - Step 3: Creating datasets...
2026-06-17 02:14:08,409 - cyberbully - INFO - Dataset sizes — train: 1348, val: 338, test: 422
2026-06-17 02:14:08,409 - cyberbully - INFO - Step 4: Training...
2026-06-17 02:14:08,640 - cyberbully - INFO - Starting training...
2026-06-17 02:15:01,415 - cyberbully - INFO - Training complete.
2026-06-17 02:15:01,489 - cyberbully - INFO - Removed checkpoint: experiments/grid-search/bert-base-cased/ieee/prep2_aug0/seed_67351593/checkpoint-172
2026-06-17 02:15:01,564 - cyberbully - INFO - Removed checkpoint: experiments/grid-search/bert-base-cased/ieee/prep2_aug0/seed_67351593/checkpoint-258
2026-06-17 02:15:01,640 - cyberbully - INFO - Removed checkpoint: experiments/grid-search/bert-base-cased/ieee/prep2_aug0/seed_67351593/checkpoint-387
2026-06-17 02:15:01,708 - cyberbully - INFO - Removed checkpoint: experiments/grid-search/bert-base-cased/ieee/prep2_aug0/seed_67351593/checkpoint-43
2026-06-17 02:15:01,782 - cyberbully - INFO - Removed checkpoint: experiments/grid-search/bert-base-cased/ieee/prep2_aug0/seed_67351593/checkpoint-430
2026-06-17 02:15:01,858 - cyberbully - INFO - Removed checkpoint: experiments/grid-search/bert-base-cased/ieee/prep2_aug0/seed_67351593/checkpoint-301
2026-06-17 02:15:01,933 - cyberbully - INFO - Removed checkpoint: experiments/grid-search/bert-base-cased/ieee/prep2_aug0/seed_67351593/checkpoint-344
2026-06-17 02:15:02,514 - cyberbully - INFO - Removed checkpoint: experiments/grid-search/bert-base-cased/ieee/prep2_aug0/seed_67351593/checkpoint-129
2026-06-17 02:15:02,590 - cyberbully - INFO - Removed checkpoint: experiments/grid-search/bert-base-cased/ieee/prep2_aug0/seed_67351593/checkpoint-215
2026-06-17 02:15:02,976 - cyberbully - INFO - Removed checkpoint: experiments/grid-search/bert-base-cased/ieee/prep2_aug0/seed_67351593/checkpoint-86
2026-06-17 02:15:02,976 - cyberbully - INFO - Step 5: Evaluating on test set...
2026-06-17 02:15:09,341 - cyberbully - INFO - Metrics saved to experiments/grid-search/bert-base-cased/ieee/prep2_aug0/seed_67351593/metrics.json
2026-06-17 02:15:09,341 - cyberbully - INFO - Confusion matrix saved to experiments/grid-search/bert-base-cased/ieee/prep2_aug0/seed_67351593/confusion_matrix.json
2026-06-17 02:15:09,347 - cyberbully - INFO - Per-sample predictions saved to experiments/grid-search/bert-base-cased/ieee/prep2_aug0/seed_67351593/predictions.json
2026-06-17 02:15:09,452 - cyberbully - INFO - Confusion matrix figure saved to experiments/grid-search/bert-base-cased/ieee/prep2_aug0/seed_67351593/confusion_matrix.pdf
2026-06-17 02:15:09,452 - cyberbully - INFO - Accuracy: 0.8199
2026-06-17 02:15:09,453 - cyberbully - INFO - Weighted F1: 0.8232
2026-06-17 02:15:09,453 - cyberbully - INFO - Micro F1: 0.8199
2026-06-17 02:15:09,453 - cyberbully - INFO - Inference time: 0.29 seconds
2026-06-17 02:15:09,453 - cyberbully - INFO - Energy consumption: 0.000040 kWh
2026-06-17 02:15:09,453 - cyberbully - INFO - ============================================================
2026-06-17 02:15:09,453 - cyberbully - INFO - Pipeline complete. Results saved to: experiments/grid-search/bert-base-cased/ieee/prep2_aug0/seed_67351593
2026-06-17 02:15:09,453 - cyberbully - INFO - ============================================================
