2026-03-22 14:09:27,839 - cyberbully - INFO - ============================================================
2026-03-22 14:09:27,839 - cyberbully - INFO - Cyberbullying Detection Pipeline
2026-03-22 14:09:27,839 - cyberbully - INFO - ============================================================
2026-03-22 14:09:27,839 - cyberbully - INFO - Configuration:
2026-03-22 14:09:27,839 - cyberbully - INFO -   model          : google/mobilebert-uncased
2026-03-22 14:09:27,839 - cyberbully - INFO -   dataset        : ieee
2026-03-22 14:09:27,839 - cyberbully - INFO -   preprocess     : False
2026-03-22 14:09:27,839 - cyberbully - INFO -   augment        : True
2026-03-22 14:09:27,839 - cyberbully - INFO -   compute_attribution: False
2026-03-22 14:09:27,839 - cyberbully - INFO -   seed           : 37622020
2026-03-22 14:09:27,839 - cyberbully - INFO -   epochs         : 10
2026-03-22 14:09:27,839 - cyberbully - INFO -   batch_size     : 32
2026-03-22 14:09:27,839 - cyberbully - INFO -   lr             : 5e-05
2026-03-22 14:09:27,839 - cyberbully - INFO -   max_length     : 128
2026-03-22 14:09:27,839 - cyberbully - INFO -   output_dir     : grid-search
2026-03-22 14:09:27,839 - cyberbully - INFO -   data_dir       : dataset
2026-03-22 14:09:27,839 - cyberbully - INFO -   sbert          : False
2026-03-22 14:09:27,839 - cyberbully - INFO -   supcon         : False
2026-03-22 14:09:27,839 - cyberbully - INFO -   supcon_weight  : 0.1
2026-03-22 14:09:27,839 - cyberbully - INFO -   proj_dim       : 128
2026-03-22 14:09:27,839 - cyberbully - INFO -   grad_accum_steps: 1
2026-03-22 14:09:27,839 - cyberbully - INFO -   overwrite      : False
2026-03-22 14:09:27,839 - cyberbully - INFO -   device         : cuda
2026-03-22 14:09:27,839 - cyberbully - INFO -   output_dir     : experiments/grid-search/google_mobilebert-uncased/ieee/prep0_aug1/seed_37622020
2026-03-22 14:09:27,839 - cyberbully - INFO - ============================================================
2026-03-22 14:09:27,839 - cyberbully - INFO - Step 1: Preparing data...
2026-03-22 14:09:27,843 - cyberbully - INFO - Loaded pre-split data from dataset/ieee — train: 1348, val: 338, test: 422
2026-03-22 14:09:27,843 - cyberbully - INFO - Label mapping: {'Cyberstalking': 0, 'Doxing': 1, 'Revenge Porn': 2, 'Sexual Harassment': 3, 'Slut Shaming': 4}
2026-03-22 14:09:27,844 - cyberbully - INFO - Applying training data augmentation (oversampling)...
2026-03-22 14:09:27,845 - cyberbully - INFO - After oversampling — class distribution: {0: 316, 1: 316, 2: 316, 3: 316, 4: 316}
2026-03-22 14:09:27,846 - cyberbully - INFO - Number of classes: 5
2026-03-22 14:09:27,847 - cyberbully - INFO - Step 2: Loading model and tokenizer...
2026-03-22 14:09:27,847 - cyberbully - INFO - Loading model 'google/mobilebert-uncased' with 5 labels (sbert=False, supcon=False)
2026-03-22 14:09:29,978 - cyberbully - WARNING - FP16 disabled for model_type='mobilebert' (known fp16 instability).
2026-03-22 14:09:29,978 - cyberbully - INFO - Step 3: Creating datasets...
2026-03-22 14:09:30,011 - cyberbully - INFO - Dataset sizes — train: 1580, val: 338, test: 422
2026-03-22 14:09:30,012 - cyberbully - INFO - Step 4: Training...
2026-03-22 14:09:30,216 - cyberbully - INFO - Starting training...
2026-03-22 14:10:27,313 - cyberbully - INFO - Training complete.
2026-03-22 14:10:27,329 - cyberbully - INFO - Removed checkpoint: experiments/grid-search/google_mobilebert-uncased/ieee/prep0_aug1/seed_37622020/checkpoint-400
2026-03-22 14:10:27,607 - cyberbully - INFO - Removed checkpoint: experiments/grid-search/google_mobilebert-uncased/ieee/prep0_aug1/seed_37622020/checkpoint-200
2026-03-22 14:10:27,634 - cyberbully - INFO - Removed checkpoint: experiments/grid-search/google_mobilebert-uncased/ieee/prep0_aug1/seed_37622020/checkpoint-450
2026-03-22 14:10:27,651 - cyberbully - INFO - Removed checkpoint: experiments/grid-search/google_mobilebert-uncased/ieee/prep0_aug1/seed_37622020/checkpoint-300
2026-03-22 14:10:27,668 - cyberbully - INFO - Removed checkpoint: experiments/grid-search/google_mobilebert-uncased/ieee/prep0_aug1/seed_37622020/checkpoint-350
2026-03-22 14:10:27,683 - cyberbully - INFO - Removed checkpoint: experiments/grid-search/google_mobilebert-uncased/ieee/prep0_aug1/seed_37622020/checkpoint-150
2026-03-22 14:10:27,698 - cyberbully - INFO - Removed checkpoint: experiments/grid-search/google_mobilebert-uncased/ieee/prep0_aug1/seed_37622020/checkpoint-50
2026-03-22 14:10:27,715 - cyberbully - INFO - Removed checkpoint: experiments/grid-search/google_mobilebert-uncased/ieee/prep0_aug1/seed_37622020/checkpoint-500
2026-03-22 14:10:27,730 - cyberbully - INFO - Removed checkpoint: experiments/grid-search/google_mobilebert-uncased/ieee/prep0_aug1/seed_37622020/checkpoint-100
2026-03-22 14:10:27,747 - cyberbully - INFO - Removed checkpoint: experiments/grid-search/google_mobilebert-uncased/ieee/prep0_aug1/seed_37622020/checkpoint-250
2026-03-22 14:10:27,747 - cyberbully - INFO - Step 5: Evaluating on test set...
2026-03-22 14:10:32,415 - cyberbully - INFO - Metrics saved to experiments/grid-search/google_mobilebert-uncased/ieee/prep0_aug1/seed_37622020/metrics.json
2026-03-22 14:10:32,416 - cyberbully - INFO - Confusion matrix saved to experiments/grid-search/google_mobilebert-uncased/ieee/prep0_aug1/seed_37622020/confusion_matrix.json
2026-03-22 14:10:32,420 - cyberbully - INFO - Per-sample predictions saved to experiments/grid-search/google_mobilebert-uncased/ieee/prep0_aug1/seed_37622020/predictions.json
2026-03-22 14:10:32,520 - cyberbully - INFO - Confusion matrix figure saved to experiments/grid-search/google_mobilebert-uncased/ieee/prep0_aug1/seed_37622020/confusion_matrix.pdf
2026-03-22 14:10:32,520 - cyberbully - INFO - Accuracy: 0.8104
2026-03-22 14:10:32,520 - cyberbully - INFO - Weighted F1: 0.8109
2026-03-22 14:10:32,520 - cyberbully - INFO - Micro F1: 0.8104
2026-03-22 14:10:32,520 - cyberbully - INFO - Inference time: 0.42 seconds
2026-03-22 14:10:32,520 - cyberbully - INFO - Energy consumption: 0.000022 kWh
2026-03-22 14:10:32,520 - cyberbully - INFO - ============================================================
2026-03-22 14:10:32,520 - cyberbully - INFO - Pipeline complete. Results saved to: experiments/grid-search/google_mobilebert-uncased/ieee/prep0_aug1/seed_37622020
2026-03-22 14:10:32,520 - cyberbully - INFO - ============================================================
