2026-06-15 02:15:38,212 - cyberbully - INFO - ============================================================
2026-06-15 02:15:38,212 - cyberbully - INFO - Cyberbullying Detection Pipeline
2026-06-15 02:15:38,212 - cyberbully - INFO - ============================================================
2026-06-15 02:15:38,212 - cyberbully - INFO - Configuration:
2026-06-15 02:15:38,212 - cyberbully - INFO -   model          : distilbert-base-uncased
2026-06-15 02:15:38,212 - cyberbully - INFO -   dataset        : tweeteval
2026-06-15 02:15:38,212 - cyberbully - INFO -   preprocess     : False
2026-06-15 02:15:38,212 - cyberbully - INFO -   prep_mode      : 2
2026-06-15 02:15:38,212 - cyberbully - INFO -   augment        : False
2026-06-15 02:15:38,212 - cyberbully - INFO -   compute_attribution: False
2026-06-15 02:15:38,212 - cyberbully - INFO -   seed           : 24677315
2026-06-15 02:15:38,212 - cyberbully - INFO -   epochs         : 10
2026-06-15 02:15:38,212 - cyberbully - INFO -   batch_size     : 32
2026-06-15 02:15:38,212 - cyberbully - INFO -   lr             : 5e-05
2026-06-15 02:15:38,212 - cyberbully - INFO -   max_length     : 128
2026-06-15 02:15:38,212 - cyberbully - INFO -   output_dir     : grid-search
2026-06-15 02:15:38,212 - cyberbully - INFO -   data_dir       : dataset
2026-06-15 02:15:38,212 - cyberbully - INFO -   sbert          : False
2026-06-15 02:15:38,212 - cyberbully - INFO -   supcon         : False
2026-06-15 02:15:38,212 - cyberbully - INFO -   supcon_weight  : 0.1
2026-06-15 02:15:38,212 - cyberbully - INFO -   proj_dim       : 128
2026-06-15 02:15:38,212 - cyberbully - INFO -   grad_accum_steps: 1
2026-06-15 02:15:38,213 - cyberbully - INFO -   overwrite      : False
2026-06-15 02:15:38,213 - cyberbully - INFO -   device         : cuda
2026-06-15 02:15:38,213 - cyberbully - INFO -   output_dir     : experiments/grid-search/distilbert-base-uncased/tweeteval/prep2_aug0/seed_24677315
2026-06-15 02:15:38,213 - cyberbully - INFO - ============================================================
2026-06-15 02:15:38,213 - cyberbully - INFO - Step 1: Preparing data...
2026-06-15 02:15:38,264 - cyberbully - INFO - Loaded pre-split data from dataset/tweeteval — train: 32485, val: 8122, test: 10152
2026-06-15 02:15:38,264 - cyberbully - INFO - Label mapping: {'emotion': 0, 'hate': 1, 'offensive': 2, 'religion': 3, 'spiritual': 4}
2026-06-15 02:15:38,265 - cyberbully - INFO - Applying partial text preprocessing per split...
2026-06-15 02:15:40,071 - cyberbully - INFO - After preprocessing -- train: 32485, val: 8122, test: 10152
2026-06-15 02:15:40,075 - cyberbully - INFO - Number of classes: 5
2026-06-15 02:15:40,076 - cyberbully - INFO - Step 2: Loading model and tokenizer...
2026-06-15 02:15:40,077 - cyberbully - INFO - Loading model 'distilbert-base-uncased' with 5 labels (sbert=False, supcon=False)
2026-06-15 02:15:41,619 - cyberbully - INFO - Step 3: Creating datasets...
2026-06-15 02:15:42,337 - cyberbully - INFO - Dataset sizes — train: 32485, val: 8122, test: 10152
2026-06-15 02:15:42,338 - cyberbully - INFO - Step 4: Training...
2026-06-15 02:15:42,521 - cyberbully - INFO - Starting training...
2026-06-15 02:24:26,566 - cyberbully - INFO - Training complete.
2026-06-15 02:24:26,614 - cyberbully - INFO - Removed checkpoint: experiments/grid-search/distilbert-base-uncased/tweeteval/prep2_aug0/seed_24677315/checkpoint-2032
2026-06-15 02:24:26,663 - cyberbully - INFO - Removed checkpoint: experiments/grid-search/distilbert-base-uncased/tweeteval/prep2_aug0/seed_24677315/checkpoint-6096
2026-06-15 02:24:26,714 - cyberbully - INFO - Removed checkpoint: experiments/grid-search/distilbert-base-uncased/tweeteval/prep2_aug0/seed_24677315/checkpoint-3048
2026-06-15 02:24:26,764 - cyberbully - INFO - Removed checkpoint: experiments/grid-search/distilbert-base-uncased/tweeteval/prep2_aug0/seed_24677315/checkpoint-9144
2026-06-15 02:24:26,812 - cyberbully - INFO - Removed checkpoint: experiments/grid-search/distilbert-base-uncased/tweeteval/prep2_aug0/seed_24677315/checkpoint-5080
2026-06-15 02:24:26,859 - cyberbully - INFO - Removed checkpoint: experiments/grid-search/distilbert-base-uncased/tweeteval/prep2_aug0/seed_24677315/checkpoint-8128
2026-06-15 02:24:26,910 - cyberbully - INFO - Removed checkpoint: experiments/grid-search/distilbert-base-uncased/tweeteval/prep2_aug0/seed_24677315/checkpoint-4064
2026-06-15 02:24:26,964 - cyberbully - INFO - Removed checkpoint: experiments/grid-search/distilbert-base-uncased/tweeteval/prep2_aug0/seed_24677315/checkpoint-1016
2026-06-15 02:24:27,014 - cyberbully - INFO - Removed checkpoint: experiments/grid-search/distilbert-base-uncased/tweeteval/prep2_aug0/seed_24677315/checkpoint-7112
2026-06-15 02:24:27,074 - cyberbully - INFO - Removed checkpoint: experiments/grid-search/distilbert-base-uncased/tweeteval/prep2_aug0/seed_24677315/checkpoint-10160
2026-06-15 02:24:27,074 - cyberbully - INFO - Step 5: Evaluating on test set...
2026-06-15 02:24:36,498 - cyberbully - INFO - Metrics saved to experiments/grid-search/distilbert-base-uncased/tweeteval/prep2_aug0/seed_24677315/metrics.json
2026-06-15 02:24:36,498 - cyberbully - INFO - Confusion matrix saved to experiments/grid-search/distilbert-base-uncased/tweeteval/prep2_aug0/seed_24677315/confusion_matrix.json
2026-06-15 02:24:36,614 - cyberbully - INFO - Per-sample predictions saved to experiments/grid-search/distilbert-base-uncased/tweeteval/prep2_aug0/seed_24677315/predictions.json
2026-06-15 02:24:36,731 - cyberbully - INFO - Confusion matrix figure saved to experiments/grid-search/distilbert-base-uncased/tweeteval/prep2_aug0/seed_24677315/confusion_matrix.pdf
2026-06-15 02:24:36,731 - cyberbully - INFO - Accuracy: 0.9425
2026-06-15 02:24:36,731 - cyberbully - INFO - Weighted F1: 0.9425
2026-06-15 02:24:36,731 - cyberbully - INFO - Micro F1: 0.9425
2026-06-15 02:24:36,731 - cyberbully - INFO - Inference time: 3.35 seconds
2026-06-15 02:24:36,731 - cyberbully - INFO - Energy consumption: 0.000211 kWh
2026-06-15 02:24:36,733 - cyberbully - INFO - ============================================================
2026-06-15 02:24:36,733 - cyberbully - INFO - Pipeline complete. Results saved to: experiments/grid-search/distilbert-base-uncased/tweeteval/prep2_aug0/seed_24677315
2026-06-15 02:24:36,733 - cyberbully - INFO - ============================================================
