2026-04-17 02:46:42,467 - cyberbully - INFO - ============================================================
2026-04-17 02:46:42,467 - cyberbully - INFO - Cyberbullying Detection Pipeline
2026-04-17 02:46:42,467 - cyberbully - INFO - ============================================================
2026-04-17 02:46:42,467 - cyberbully - INFO - Configuration:
2026-04-17 02:46:42,467 - cyberbully - INFO -   model          : xlnet-base-cased
2026-04-17 02:46:42,467 - cyberbully - INFO -   dataset        : ieee
2026-04-17 02:46:42,467 - cyberbully - INFO -   preprocess     : False
2026-04-17 02:46:42,467 - cyberbully - INFO -   augment        : True
2026-04-17 02:46:42,467 - cyberbully - INFO -   compute_attribution: False
2026-04-17 02:46:42,467 - cyberbully - INFO -   seed           : 52680723
2026-04-17 02:46:42,467 - cyberbully - INFO -   epochs         : 10
2026-04-17 02:46:42,467 - cyberbully - INFO -   batch_size     : 32
2026-04-17 02:46:42,467 - cyberbully - INFO -   lr             : 5e-05
2026-04-17 02:46:42,467 - cyberbully - INFO -   max_length     : 128
2026-04-17 02:46:42,467 - cyberbully - INFO -   output_dir     : grid-search
2026-04-17 02:46:42,467 - cyberbully - INFO -   data_dir       : dataset
2026-04-17 02:46:42,467 - cyberbully - INFO -   sbert          : False
2026-04-17 02:46:42,467 - cyberbully - INFO -   supcon         : False
2026-04-17 02:46:42,467 - cyberbully - INFO -   supcon_weight  : 0.1
2026-04-17 02:46:42,467 - cyberbully - INFO -   proj_dim       : 128
2026-04-17 02:46:42,467 - cyberbully - INFO -   grad_accum_steps: 1
2026-04-17 02:46:42,467 - cyberbully - INFO -   overwrite      : True
2026-04-17 02:46:42,468 - cyberbully - INFO -   device         : cuda
2026-04-17 02:46:42,468 - cyberbully - INFO -   output_dir     : experiments/grid-search/xlnet-base-cased/ieee/prep0_aug1/seed_52680723
2026-04-17 02:46:42,468 - cyberbully - INFO - ============================================================
2026-04-17 02:46:42,468 - cyberbully - INFO - Step 1: Preparing data...
2026-04-17 02:46:42,471 - cyberbully - INFO - Loaded pre-split data from dataset/ieee — train: 1348, val: 338, test: 422
2026-04-17 02:46:42,471 - cyberbully - INFO - Label mapping: {'Cyberstalking': 0, 'Doxing': 1, 'Revenge Porn': 2, 'Sexual Harassment': 3, 'Slut Shaming': 4}
2026-04-17 02:46:42,472 - cyberbully - INFO - Applying training data augmentation (oversampling)...
2026-04-17 02:46:42,473 - cyberbully - INFO - After oversampling — class distribution: {0: 316, 1: 316, 2: 316, 3: 316, 4: 316}
2026-04-17 02:46:42,474 - cyberbully - INFO - Number of classes: 5
2026-04-17 02:46:42,475 - cyberbully - INFO - Step 2: Loading model and tokenizer...
2026-04-17 02:46:42,475 - cyberbully - INFO - Loading model 'xlnet-base-cased' with 5 labels (sbert=False, supcon=False)
2026-04-17 02:46:44,528 - cyberbully - INFO - Step 3: Creating datasets...
2026-04-17 02:46:44,557 - cyberbully - INFO - Dataset sizes — train: 1580, val: 338, test: 422
2026-04-17 02:46:44,558 - cyberbully - INFO - Step 4: Training...
2026-04-17 02:46:44,711 - cyberbully - INFO - Starting training...
2026-04-17 02:48:42,752 - cyberbully - INFO - Training complete.
2026-04-17 02:48:43,849 - cyberbully - INFO - Removed checkpoint: experiments/grid-search/xlnet-base-cased/ieee/prep0_aug1/seed_52680723/checkpoint-500
2026-04-17 02:48:43,886 - cyberbully - INFO - Removed checkpoint: experiments/grid-search/xlnet-base-cased/ieee/prep0_aug1/seed_52680723/checkpoint-50
2026-04-17 02:48:43,978 - cyberbully - INFO - Removed checkpoint: experiments/grid-search/xlnet-base-cased/ieee/prep0_aug1/seed_52680723/checkpoint-250
2026-04-17 02:48:44,184 - cyberbully - INFO - Removed checkpoint: experiments/grid-search/xlnet-base-cased/ieee/prep0_aug1/seed_52680723/checkpoint-150
2026-04-17 02:48:44,271 - cyberbully - INFO - Removed checkpoint: experiments/grid-search/xlnet-base-cased/ieee/prep0_aug1/seed_52680723/checkpoint-350
2026-04-17 02:48:44,705 - cyberbully - INFO - Removed checkpoint: experiments/grid-search/xlnet-base-cased/ieee/prep0_aug1/seed_52680723/checkpoint-200
2026-04-17 02:48:44,797 - cyberbully - INFO - Removed checkpoint: experiments/grid-search/xlnet-base-cased/ieee/prep0_aug1/seed_52680723/checkpoint-400
2026-04-17 02:48:44,884 - cyberbully - INFO - Removed checkpoint: experiments/grid-search/xlnet-base-cased/ieee/prep0_aug1/seed_52680723/checkpoint-300
2026-04-17 02:48:44,971 - cyberbully - INFO - Removed checkpoint: experiments/grid-search/xlnet-base-cased/ieee/prep0_aug1/seed_52680723/checkpoint-100
2026-04-17 02:48:45,067 - cyberbully - INFO - Removed checkpoint: experiments/grid-search/xlnet-base-cased/ieee/prep0_aug1/seed_52680723/checkpoint-450
2026-04-17 02:48:45,067 - cyberbully - INFO - Step 5: Evaluating on test set...
2026-04-17 02:48:49,976 - cyberbully - INFO - Metrics saved to experiments/grid-search/xlnet-base-cased/ieee/prep0_aug1/seed_52680723/metrics.json
2026-04-17 02:48:49,976 - cyberbully - INFO - Confusion matrix saved to experiments/grid-search/xlnet-base-cased/ieee/prep0_aug1/seed_52680723/confusion_matrix.json
2026-04-17 02:48:49,981 - cyberbully - INFO - Per-sample predictions saved to experiments/grid-search/xlnet-base-cased/ieee/prep0_aug1/seed_52680723/predictions.json
2026-04-17 02:48:50,187 - cyberbully - INFO - Confusion matrix figure saved to experiments/grid-search/xlnet-base-cased/ieee/prep0_aug1/seed_52680723/confusion_matrix.pdf
2026-04-17 02:48:50,188 - cyberbully - INFO - Accuracy: 0.8436
2026-04-17 02:48:50,188 - cyberbully - INFO - Weighted F1: 0.8439
2026-04-17 02:48:50,188 - cyberbully - INFO - Micro F1: 0.8436
2026-04-17 02:48:50,188 - cyberbully - INFO - Inference time: 0.31 seconds
2026-04-17 02:48:50,188 - cyberbully - INFO - Energy consumption: 0.000016 kWh
2026-04-17 02:48:50,188 - cyberbully - INFO - ============================================================
2026-04-17 02:48:50,188 - cyberbully - INFO - Pipeline complete. Results saved to: experiments/grid-search/xlnet-base-cased/ieee/prep0_aug1/seed_52680723
2026-04-17 02:48:50,188 - cyberbully - INFO - ============================================================
