2026-03-23 18:52:01,566 - cyberbully - INFO - Model 'all-mpnet-base-v2' detected as SBERT-based. Using SBERTClassifier pipeline.
2026-03-23 18:52:01,566 - cyberbully - INFO - ============================================================
2026-03-23 18:52:01,566 - cyberbully - INFO - Cyberbullying Detection Pipeline
2026-03-23 18:52:01,566 - cyberbully - INFO - ============================================================
2026-03-23 18:52:01,566 - cyberbully - INFO - Configuration:
2026-03-23 18:52:01,566 - cyberbully - INFO -   model          : all-mpnet-base-v2
2026-03-23 18:52:01,566 - cyberbully - INFO -   dataset        : kaggle
2026-03-23 18:52:01,566 - cyberbully - INFO -   preprocess     : False
2026-03-23 18:52:01,566 - cyberbully - INFO -   augment        : True
2026-03-23 18:52:01,566 - cyberbully - INFO -   compute_attribution: False
2026-03-23 18:52:01,566 - cyberbully - INFO -   seed           : 67351593
2026-03-23 18:52:01,566 - cyberbully - INFO -   epochs         : 10
2026-03-23 18:52:01,566 - cyberbully - INFO -   batch_size     : 32
2026-03-23 18:52:01,566 - cyberbully - INFO -   lr             : 5e-05
2026-03-23 18:52:01,566 - cyberbully - INFO -   max_length     : 128
2026-03-23 18:52:01,566 - cyberbully - INFO -   output_dir     : grid-search
2026-03-23 18:52:01,566 - cyberbully - INFO -   data_dir       : dataset
2026-03-23 18:52:01,566 - cyberbully - INFO -   sbert          : True
2026-03-23 18:52:01,566 - cyberbully - INFO -   supcon         : False
2026-03-23 18:52:01,566 - cyberbully - INFO -   supcon_weight  : 0.1
2026-03-23 18:52:01,566 - cyberbully - INFO -   proj_dim       : 128
2026-03-23 18:52:01,566 - cyberbully - INFO -   grad_accum_steps: 1
2026-03-23 18:52:01,566 - cyberbully - INFO -   overwrite      : False
2026-03-23 18:52:01,566 - cyberbully - INFO -   device         : cuda
2026-03-23 18:52:01,566 - cyberbully - INFO -   output_dir     : experiments/grid-search/all-mpnet-base-v2/kaggle/prep0_aug1/seed_67351593
2026-03-23 18:52:01,566 - cyberbully - INFO - ============================================================
2026-03-23 18:52:01,566 - cyberbully - INFO - Step 1: Preparing data...
2026-03-23 18:52:01,615 - cyberbully - INFO - Loaded pre-split data from dataset/kaggle — train: 25604, val: 6401, test: 8002
2026-03-23 18:52:01,615 - cyberbully - INFO - Label mapping: {'age': 0, 'ethnicity': 1, 'gender': 2, 'other_cyberbullying': 3, 'religion': 4}
2026-03-23 18:52:01,617 - cyberbully - INFO - Applying training data augmentation (oversampling)...
2026-03-23 18:52:01,621 - cyberbully - INFO - After oversampling — class distribution: {0: 5123, 1: 5123, 2: 5123, 3: 5123, 4: 5123}
2026-03-23 18:52:01,631 - cyberbully - INFO - Number of classes: 5
2026-03-23 18:52:01,633 - cyberbully - INFO - Step 2: Loading model and tokenizer...
2026-03-23 18:52:01,633 - cyberbully - INFO - Loading model 'all-mpnet-base-v2' with 5 labels (sbert=True, supcon=False)
2026-03-23 18:52:04,358 - cyberbully - INFO - SBERTClassifier: embedding_dim=768, hidden=256, proj_dim=None, num_labels=5
2026-03-23 18:52:04,667 - cyberbully - INFO - Step 3: Creating datasets...
2026-03-23 18:52:05,286 - cyberbully - INFO - Dataset sizes — train: 25615, val: 6401, test: 8002
2026-03-23 18:52:05,286 - cyberbully - INFO - Step 4: Training...
2026-03-23 18:52:05,353 - cyberbully - INFO - Starting training...
2026-03-23 19:05:02,004 - cyberbully - INFO - Training complete.
2026-03-23 19:05:02,066 - cyberbully - INFO - Removed checkpoint: experiments/grid-search/all-mpnet-base-v2/kaggle/prep0_aug1/seed_67351593/checkpoint-5607
2026-03-23 19:05:02,140 - cyberbully - INFO - Removed checkpoint: experiments/grid-search/all-mpnet-base-v2/kaggle/prep0_aug1/seed_67351593/checkpoint-8010
2026-03-23 19:05:02,203 - cyberbully - INFO - Removed checkpoint: experiments/grid-search/all-mpnet-base-v2/kaggle/prep0_aug1/seed_67351593/checkpoint-6408
2026-03-23 19:05:02,267 - cyberbully - INFO - Removed checkpoint: experiments/grid-search/all-mpnet-base-v2/kaggle/prep0_aug1/seed_67351593/checkpoint-1602
2026-03-23 19:05:02,331 - cyberbully - INFO - Removed checkpoint: experiments/grid-search/all-mpnet-base-v2/kaggle/prep0_aug1/seed_67351593/checkpoint-3204
2026-03-23 19:05:02,394 - cyberbully - INFO - Removed checkpoint: experiments/grid-search/all-mpnet-base-v2/kaggle/prep0_aug1/seed_67351593/checkpoint-7209
2026-03-23 19:05:02,457 - cyberbully - INFO - Removed checkpoint: experiments/grid-search/all-mpnet-base-v2/kaggle/prep0_aug1/seed_67351593/checkpoint-4005
2026-03-23 19:05:02,520 - cyberbully - INFO - Removed checkpoint: experiments/grid-search/all-mpnet-base-v2/kaggle/prep0_aug1/seed_67351593/checkpoint-4806
2026-03-23 19:05:02,589 - cyberbully - INFO - Removed checkpoint: experiments/grid-search/all-mpnet-base-v2/kaggle/prep0_aug1/seed_67351593/checkpoint-801
2026-03-23 19:05:02,653 - cyberbully - INFO - Removed checkpoint: experiments/grid-search/all-mpnet-base-v2/kaggle/prep0_aug1/seed_67351593/checkpoint-2403
2026-03-23 19:05:02,653 - cyberbully - INFO - Step 5: Evaluating on test set...
2026-03-23 19:05:13,184 - cyberbully - INFO - Metrics saved to experiments/grid-search/all-mpnet-base-v2/kaggle/prep0_aug1/seed_67351593/metrics.json
2026-03-23 19:05:13,184 - cyberbully - INFO - Confusion matrix saved to experiments/grid-search/all-mpnet-base-v2/kaggle/prep0_aug1/seed_67351593/confusion_matrix.json
2026-03-23 19:05:13,261 - cyberbully - INFO - Per-sample predictions saved to experiments/grid-search/all-mpnet-base-v2/kaggle/prep0_aug1/seed_67351593/predictions.json
2026-03-23 19:05:13,364 - cyberbully - INFO - Confusion matrix figure saved to experiments/grid-search/all-mpnet-base-v2/kaggle/prep0_aug1/seed_67351593/confusion_matrix.pdf
2026-03-23 19:05:13,364 - cyberbully - INFO - Accuracy: 0.9583
2026-03-23 19:05:13,364 - cyberbully - INFO - Weighted F1: 0.9586
2026-03-23 19:05:13,364 - cyberbully - INFO - Micro F1: 0.9583
2026-03-23 19:05:13,364 - cyberbully - INFO - Inference time: 6.26 seconds
2026-03-23 19:05:13,364 - cyberbully - INFO - Energy consumption: 0.000433 kWh
2026-03-23 19:05:13,365 - cyberbully - INFO - ============================================================
2026-03-23 19:05:13,365 - cyberbully - INFO - Pipeline complete. Results saved to: experiments/grid-search/all-mpnet-base-v2/kaggle/prep0_aug1/seed_67351593
2026-03-23 19:05:13,365 - cyberbully - INFO - ============================================================
