2026-04-08 16:29:57,166 - cyberbully - INFO - ============================================================
2026-04-08 16:29:57,166 - cyberbully - INFO - Cyberbullying Detection Pipeline
2026-04-08 16:29:57,166 - cyberbully - INFO - ============================================================
2026-04-08 16:29:57,166 - cyberbully - INFO - Configuration:
2026-04-08 16:29:57,166 - cyberbully - INFO -   model          : answerdotai/ModernBERT-base
2026-04-08 16:29:57,166 - cyberbully - INFO -   dataset        : ieee
2026-04-08 16:29:57,166 - cyberbully - INFO -   preprocess     : False
2026-04-08 16:29:57,166 - cyberbully - INFO -   augment        : True
2026-04-08 16:29:57,166 - cyberbully - INFO -   compute_attribution: False
2026-04-08 16:29:57,166 - cyberbully - INFO -   seed           : 24677315
2026-04-08 16:29:57,166 - cyberbully - INFO -   epochs         : 10
2026-04-08 16:29:57,166 - cyberbully - INFO -   batch_size     : 32
2026-04-08 16:29:57,166 - cyberbully - INFO -   lr             : 5e-05
2026-04-08 16:29:57,166 - cyberbully - INFO -   max_length     : 128
2026-04-08 16:29:57,166 - cyberbully - INFO -   output_dir     : grid-search
2026-04-08 16:29:57,166 - cyberbully - INFO -   data_dir       : dataset
2026-04-08 16:29:57,166 - cyberbully - INFO -   sbert          : False
2026-04-08 16:29:57,166 - cyberbully - INFO -   supcon         : False
2026-04-08 16:29:57,166 - cyberbully - INFO -   supcon_weight  : 0.1
2026-04-08 16:29:57,166 - cyberbully - INFO -   proj_dim       : 128
2026-04-08 16:29:57,166 - cyberbully - INFO -   grad_accum_steps: 1
2026-04-08 16:29:57,166 - cyberbully - INFO -   overwrite      : False
2026-04-08 16:29:57,166 - cyberbully - INFO -   device         : cuda
2026-04-08 16:29:57,166 - cyberbully - INFO -   output_dir     : experiments/grid-search/answerdotai_ModernBERT-base/ieee/prep0_aug1/seed_24677315
2026-04-08 16:29:57,166 - cyberbully - INFO - ============================================================
2026-04-08 16:29:57,166 - cyberbully - INFO - Step 1: Preparing data...
2026-04-08 16:29:57,170 - cyberbully - INFO - Loaded pre-split data from dataset/ieee — train: 1348, val: 338, test: 422
2026-04-08 16:29:57,170 - cyberbully - INFO - Label mapping: {'Cyberstalking': 0, 'Doxing': 1, 'Revenge Porn': 2, 'Sexual Harassment': 3, 'Slut Shaming': 4}
2026-04-08 16:29:57,171 - cyberbully - INFO - Applying training data augmentation (oversampling)...
2026-04-08 16:29:57,172 - cyberbully - INFO - After oversampling — class distribution: {0: 316, 1: 316, 2: 316, 3: 316, 4: 316}
2026-04-08 16:29:57,173 - cyberbully - INFO - Number of classes: 5
2026-04-08 16:29:57,174 - cyberbully - INFO - Step 2: Loading model and tokenizer...
2026-04-08 16:29:57,174 - cyberbully - INFO - Loading model 'answerdotai/ModernBERT-base' with 5 labels (sbert=False, supcon=False)
2026-04-08 16:29:58,768 - cyberbully - INFO - Step 3: Creating datasets...
2026-04-08 16:29:58,807 - cyberbully - INFO - Dataset sizes — train: 1580, val: 338, test: 422
2026-04-08 16:29:58,807 - cyberbully - INFO - Step 4: Training...
2026-04-08 16:29:59,028 - cyberbully - INFO - Starting training...
2026-04-08 16:31:28,844 - cyberbully - INFO - Training complete.
2026-04-08 16:31:29,989 - cyberbully - INFO - Removed checkpoint: experiments/grid-search/answerdotai_ModernBERT-base/ieee/prep0_aug1/seed_24677315/checkpoint-400
2026-04-08 16:31:30,076 - cyberbully - INFO - Removed checkpoint: experiments/grid-search/answerdotai_ModernBERT-base/ieee/prep0_aug1/seed_24677315/checkpoint-200
2026-04-08 16:31:31,164 - cyberbully - INFO - Removed checkpoint: experiments/grid-search/answerdotai_ModernBERT-base/ieee/prep0_aug1/seed_24677315/checkpoint-450
2026-04-08 16:31:31,269 - cyberbully - INFO - Removed checkpoint: experiments/grid-search/answerdotai_ModernBERT-base/ieee/prep0_aug1/seed_24677315/checkpoint-300
2026-04-08 16:31:31,369 - cyberbully - INFO - Removed checkpoint: experiments/grid-search/answerdotai_ModernBERT-base/ieee/prep0_aug1/seed_24677315/checkpoint-350
2026-04-08 16:31:31,458 - cyberbully - INFO - Removed checkpoint: experiments/grid-search/answerdotai_ModernBERT-base/ieee/prep0_aug1/seed_24677315/checkpoint-150
2026-04-08 16:31:31,539 - cyberbully - INFO - Removed checkpoint: experiments/grid-search/answerdotai_ModernBERT-base/ieee/prep0_aug1/seed_24677315/checkpoint-50
2026-04-08 16:31:31,831 - cyberbully - INFO - Removed checkpoint: experiments/grid-search/answerdotai_ModernBERT-base/ieee/prep0_aug1/seed_24677315/checkpoint-500
2026-04-08 16:31:31,917 - cyberbully - INFO - Removed checkpoint: experiments/grid-search/answerdotai_ModernBERT-base/ieee/prep0_aug1/seed_24677315/checkpoint-100
2026-04-08 16:31:32,008 - cyberbully - INFO - Removed checkpoint: experiments/grid-search/answerdotai_ModernBERT-base/ieee/prep0_aug1/seed_24677315/checkpoint-250
2026-04-08 16:31:32,008 - cyberbully - INFO - Step 5: Evaluating on test set...
2026-04-08 16:31:38,518 - cyberbully - INFO - Metrics saved to experiments/grid-search/answerdotai_ModernBERT-base/ieee/prep0_aug1/seed_24677315/metrics.json
2026-04-08 16:31:38,519 - cyberbully - INFO - Confusion matrix saved to experiments/grid-search/answerdotai_ModernBERT-base/ieee/prep0_aug1/seed_24677315/confusion_matrix.json
2026-04-08 16:31:38,523 - cyberbully - INFO - Per-sample predictions saved to experiments/grid-search/answerdotai_ModernBERT-base/ieee/prep0_aug1/seed_24677315/predictions.json
2026-04-08 16:31:38,623 - cyberbully - INFO - Confusion matrix figure saved to experiments/grid-search/answerdotai_ModernBERT-base/ieee/prep0_aug1/seed_24677315/confusion_matrix.pdf
2026-04-08 16:31:38,623 - cyberbully - INFO - Accuracy: 0.8341
2026-04-08 16:31:38,623 - cyberbully - INFO - Weighted F1: 0.8353
2026-04-08 16:31:38,623 - cyberbully - INFO - Micro F1: 0.8341
2026-04-08 16:31:38,623 - cyberbully - INFO - Inference time: 0.40 seconds
2026-04-08 16:31:38,623 - cyberbully - INFO - Energy consumption: 0.000042 kWh
2026-04-08 16:31:38,623 - cyberbully - INFO - ============================================================
2026-04-08 16:31:38,623 - cyberbully - INFO - Pipeline complete. Results saved to: experiments/grid-search/answerdotai_ModernBERT-base/ieee/prep0_aug1/seed_24677315
2026-04-08 16:31:38,623 - cyberbully - INFO - ============================================================
