2026-02-17 22:11:54,524 - cyberbully - INFO - ============================================================
2026-02-17 22:11:54,525 - cyberbully - INFO - Cyberbullying Detection Pipeline
2026-02-17 22:11:54,525 - cyberbully - INFO - ============================================================
2026-02-17 22:11:54,525 - cyberbully - INFO - Configuration:
2026-02-17 22:11:54,525 - cyberbully - INFO -   model          : Twitter/twhin-bert-base
2026-02-17 22:11:54,525 - cyberbully - INFO -   dataset        : kaggle
2026-02-17 22:11:54,525 - cyberbully - INFO -   preprocess     : True
2026-02-17 22:11:54,525 - cyberbully - INFO -   augment        : False
2026-02-17 22:11:54,525 - cyberbully - INFO -   compute_attribution: False
2026-02-17 22:11:54,525 - cyberbully - INFO -   seed           : 37622020
2026-02-17 22:11:54,525 - cyberbully - INFO -   epochs         : 5
2026-02-17 22:11:54,525 - cyberbully - INFO -   batch_size     : 16
2026-02-17 22:11:54,525 - cyberbully - INFO -   lr             : 2e-05
2026-02-17 22:11:54,525 - cyberbully - INFO -   max_length     : 128
2026-02-17 22:11:54,525 - cyberbully - INFO -   output_dir     : domain-model
2026-02-17 22:11:54,525 - cyberbully - INFO -   data_dir       : dataset
2026-02-17 22:11:54,525 - cyberbully - INFO -   sbert          : False
2026-02-17 22:11:54,525 - cyberbully - INFO -   overwrite      : False
2026-02-17 22:11:54,525 - cyberbully - INFO -   device         : cuda
2026-02-17 22:11:54,525 - cyberbully - INFO -   output_dir     : experiments/domain-model/Twitter_twhin-bert-base/kaggle/prep1_aug0/seed_37622020
2026-02-17 22:11:54,525 - cyberbully - INFO - ============================================================
2026-02-17 22:11:54,525 - cyberbully - INFO - Step 1: Preparing data...
2026-02-17 22:11:54,525 - cyberbully - INFO - Loading dataset 'kaggle' from dataset/Kaggle.csv
2026-02-17 22:11:54,585 - cyberbully - INFO - Loaded 47656 samples with 6 classes: ['age', 'ethnicity', 'gender', 'not_cyberbullying', 'other_cyberbullying', 'religion']
2026-02-17 22:11:54,585 - cyberbully - INFO - Applying text preprocessing...
2026-02-17 22:12:46,898 - cyberbully - INFO - After preprocessing: 41431 samples remain
2026-02-17 22:12:46,900 - cyberbully - INFO - Label mapping: {'age': 0, 'ethnicity': 1, 'gender': 2, 'not_cyberbullying': 3, 'other_cyberbullying': 4, 'religion': 5}
2026-02-17 22:12:46,911 - cyberbully - INFO - Split sizes — train: 26515, val: 6629, test: 8287
2026-02-17 22:12:46,911 - cyberbully - INFO - Number of classes: 6
2026-02-17 22:12:46,912 - cyberbully - INFO - Step 2: Loading model and tokenizer...
2026-02-17 22:12:46,912 - cyberbully - INFO - Loading model 'Twitter/twhin-bert-base' with 6 labels (sbert=False)
2026-02-17 22:12:48,219 - cyberbully - INFO - Step 3: Creating datasets...
2026-02-17 22:12:48,966 - cyberbully - INFO - Dataset sizes — train: 26515, val: 6629, test: 8287
2026-02-17 22:12:48,967 - cyberbully - INFO - Step 4: Training...
2026-02-17 22:12:49,285 - cyberbully - INFO - Starting training...
2026-02-17 22:24:51,671 - cyberbully - INFO - Training complete.
2026-02-17 22:24:51,671 - cyberbully - INFO - Step 5: Evaluating on test set...
2026-02-17 22:25:02,787 - cyberbully - INFO - Metrics saved to experiments/domain-model/Twitter_twhin-bert-base/kaggle/prep1_aug0/seed_37622020/metrics.json
2026-02-17 22:25:02,788 - cyberbully - INFO - Confusion matrix saved to experiments/domain-model/Twitter_twhin-bert-base/kaggle/prep1_aug0/seed_37622020/confusion_matrix.json
2026-02-17 22:25:02,898 - cyberbully - INFO - Confusion matrix figure saved to experiments/domain-model/Twitter_twhin-bert-base/kaggle/prep1_aug0/seed_37622020/confusion_matrix.pdf
2026-02-17 22:25:02,898 - cyberbully - INFO - Accuracy: 0.8753
2026-02-17 22:25:02,898 - cyberbully - INFO - Weighted F1: 0.8760
2026-02-17 22:25:02,898 - cyberbully - INFO - Micro F1: 0.8753
2026-02-17 22:25:02,898 - cyberbully - INFO - Inference time: 6.79 seconds
2026-02-17 22:25:02,898 - cyberbully - INFO - Energy consumption: 0.000413 kWh
2026-02-17 22:25:02,899 - cyberbully - INFO - ============================================================
2026-02-17 22:25:02,899 - cyberbully - INFO - Pipeline complete. Results saved to: experiments/domain-model/Twitter_twhin-bert-base/kaggle/prep1_aug0/seed_37622020
2026-02-17 22:25:02,899 - cyberbully - INFO - ============================================================
