2026-02-20 12:20:05,694 - cyberbully - INFO - ============================================================
2026-02-20 12:20:05,694 - cyberbully - INFO - Cyberbullying Detection Pipeline
2026-02-20 12:20:05,694 - cyberbully - INFO - ============================================================
2026-02-20 12:20:05,694 - cyberbully - INFO - Configuration:
2026-02-20 12:20:05,694 - cyberbully - INFO -   model          : all-MiniLM-L12-v2
2026-02-20 12:20:05,694 - cyberbully - INFO -   dataset        : kaggle
2026-02-20 12:20:05,694 - cyberbully - INFO -   preprocess     : False
2026-02-20 12:20:05,694 - cyberbully - INFO -   augment        : True
2026-02-20 12:20:05,694 - cyberbully - INFO -   compute_attribution: False
2026-02-20 12:20:05,694 - cyberbully - INFO -   seed           : 37622020
2026-02-20 12:20:05,694 - cyberbully - INFO -   epochs         : 5
2026-02-20 12:20:05,694 - cyberbully - INFO -   batch_size     : 16
2026-02-20 12:20:05,694 - cyberbully - INFO -   lr             : 2e-05
2026-02-20 12:20:05,694 - cyberbully - INFO -   max_length     : 128
2026-02-20 12:20:05,694 - cyberbully - INFO -   output_dir     : sbert-model
2026-02-20 12:20:05,694 - cyberbully - INFO -   data_dir       : dataset
2026-02-20 12:20:05,694 - cyberbully - INFO -   sbert          : True
2026-02-20 12:20:05,694 - cyberbully - INFO -   overwrite      : False
2026-02-20 12:20:05,694 - cyberbully - INFO -   device         : cuda
2026-02-20 12:20:05,694 - cyberbully - INFO -   output_dir     : experiments/sbert-model/all-MiniLM-L12-v2/kaggle/prep0_aug1/seed_37622020
2026-02-20 12:20:05,694 - cyberbully - INFO - ============================================================
2026-02-20 12:20:05,694 - cyberbully - INFO - Step 1: Preparing data...
2026-02-20 12:20:05,694 - cyberbully - INFO - Loading dataset 'kaggle' from dataset/Kaggle.csv
2026-02-20 12:20:05,752 - cyberbully - INFO - Loaded 47656 samples with 6 classes: ['age', 'ethnicity', 'gender', 'not_cyberbullying', 'other_cyberbullying', 'religion']
2026-02-20 12:20:05,755 - cyberbully - INFO - Label mapping: {'age': 0, 'ethnicity': 1, 'gender': 2, 'not_cyberbullying': 3, 'other_cyberbullying': 4, 'religion': 5}
2026-02-20 12:20:05,767 - cyberbully - INFO - Split sizes — train: 30499, val: 7625, test: 9532
2026-02-20 12:20:05,767 - cyberbully - INFO - Applying training data augmentation (oversampling)...
2026-02-20 12:20:05,773 - cyberbully - INFO - After oversampling — class distribution: {0: 5118, 1: 5118, 2: 5118, 3: 5118, 4: 5118, 5: 5118}
2026-02-20 12:20:05,774 - cyberbully - INFO - Number of classes: 6
2026-02-20 12:20:05,776 - cyberbully - INFO - Step 2: Loading model and tokenizer...
2026-02-20 12:20:05,776 - cyberbully - INFO - Loading model 'all-MiniLM-L12-v2' with 6 labels (sbert=True)
2026-02-20 12:20:08,466 - cyberbully - INFO - SBERTClassifier: embedding_dim=384, hidden=256, num_labels=6
2026-02-20 12:20:08,765 - cyberbully - INFO - Step 3: Creating datasets...
2026-02-20 12:20:09,703 - cyberbully - INFO - Dataset sizes — train: 30708, val: 7625, test: 9532
2026-02-20 12:20:09,703 - cyberbully - INFO - Step 4: Training...
2026-02-20 12:20:09,749 - cyberbully - INFO - Starting training...
2026-02-20 12:24:36,170 - cyberbully - INFO - Training complete.
2026-02-20 12:24:36,170 - cyberbully - INFO - Step 5: Evaluating on test set...
2026-02-20 12:24:43,867 - cyberbully - INFO - Metrics saved to experiments/sbert-model/all-MiniLM-L12-v2/kaggle/prep0_aug1/seed_37622020/metrics.json
2026-02-20 12:24:43,867 - cyberbully - INFO - Confusion matrix saved to experiments/sbert-model/all-MiniLM-L12-v2/kaggle/prep0_aug1/seed_37622020/confusion_matrix.json
2026-02-20 12:24:43,980 - cyberbully - INFO - Confusion matrix figure saved to experiments/sbert-model/all-MiniLM-L12-v2/kaggle/prep0_aug1/seed_37622020/confusion_matrix.pdf
2026-02-20 12:24:43,980 - cyberbully - INFO - Accuracy: 0.8720
2026-02-20 12:24:43,980 - cyberbully - INFO - Weighted F1: 0.8713
2026-02-20 12:24:43,980 - cyberbully - INFO - Micro F1: 0.8720
2026-02-20 12:24:43,980 - cyberbully - INFO - Inference time: 3.38 seconds
2026-02-20 12:24:43,980 - cyberbully - INFO - Energy consumption: 0.000207 kWh
2026-02-20 12:24:43,980 - cyberbully - INFO - ============================================================
2026-02-20 12:24:43,980 - cyberbully - INFO - Pipeline complete. Results saved to: experiments/sbert-model/all-MiniLM-L12-v2/kaggle/prep0_aug1/seed_37622020
2026-02-20 12:24:43,980 - cyberbully - INFO - ============================================================
