2026-02-17 15:42:16,384 - cyberbully - INFO - ============================================================
2026-02-17 15:42:16,384 - cyberbully - INFO - Cyberbullying Detection Pipeline
2026-02-17 15:42:16,384 - cyberbully - INFO - ============================================================
2026-02-17 15:42:16,384 - cyberbully - INFO - Configuration:
2026-02-17 15:42:16,384 - cyberbully - INFO -   model          : Twitter/twhin-bert-base
2026-02-17 15:42:16,384 - cyberbully - INFO -   dataset        : ieee
2026-02-17 15:42:16,384 - cyberbully - INFO -   preprocess     : True
2026-02-17 15:42:16,384 - cyberbully - INFO -   augment        : False
2026-02-17 15:42:16,384 - cyberbully - INFO -   compute_attribution: False
2026-02-17 15:42:16,384 - cyberbully - INFO -   seed           : 37622020
2026-02-17 15:42:16,384 - cyberbully - INFO -   epochs         : 5
2026-02-17 15:42:16,384 - cyberbully - INFO -   batch_size     : 16
2026-02-17 15:42:16,384 - cyberbully - INFO -   lr             : 2e-05
2026-02-17 15:42:16,384 - cyberbully - INFO -   max_length     : 128
2026-02-17 15:42:16,384 - cyberbully - INFO -   output_dir     : experiments/domain
2026-02-17 15:42:16,384 - cyberbully - INFO -   data_dir       : dataset
2026-02-17 15:42:16,384 - cyberbully - INFO -   overwrite      : False
2026-02-17 15:42:16,384 - cyberbully - INFO -   device         : cuda
2026-02-17 15:42:16,384 - cyberbully - INFO -   output_dir     : experiments/domain/Twitter_twhin-bert-base/ieee/prep1_aug0/seed_37622020
2026-02-17 15:42:16,384 - cyberbully - INFO - ============================================================
2026-02-17 15:42:16,385 - cyberbully - INFO - Step 1: Preparing data...
2026-02-17 15:42:16,385 - cyberbully - INFO - Loading dataset 'ieee' from dataset/IEEE Data Port.csv
2026-02-17 15:42:16,391 - cyberbully - INFO - Loaded 2108 samples with 5 classes: ['Cyberstalking', 'Doxing', 'Revenge Porn', 'Sexual Harassment', 'Slut Shaming']
2026-02-17 15:42:16,391 - cyberbully - INFO - Applying text preprocessing...
2026-02-17 15:42:19,530 - cyberbully - INFO - After preprocessing: 1812 samples remain
2026-02-17 15:42:19,531 - cyberbully - INFO - Label mapping: {'Cyberstalking': 0, 'Doxing': 1, 'Revenge Porn': 2, 'Sexual Harassment': 3, 'Slut Shaming': 4}
2026-02-17 15:42:19,533 - cyberbully - INFO - Split sizes — train: 1159, val: 290, test: 363
2026-02-17 15:42:19,533 - cyberbully - INFO - Number of classes: 5
2026-02-17 15:42:19,533 - cyberbully - INFO - Step 2: Loading model and tokenizer...
2026-02-17 15:42:19,533 - cyberbully - INFO - Loading model 'Twitter/twhin-bert-base' with 5 labels
2026-02-17 15:42:20,797 - cyberbully - INFO - Step 3: Tokenizing datasets...
2026-02-17 15:42:20,820 - cyberbully - INFO - Dataset sizes — train: 1159, val: 290, test: 363
2026-02-17 15:42:20,820 - cyberbully - INFO - Step 4: Training...
2026-02-17 15:42:21,159 - cyberbully - INFO - Starting training...
2026-02-17 15:42:53,160 - cyberbully - INFO - Training complete.
2026-02-17 15:42:53,160 - cyberbully - INFO - Step 5: Evaluating on test set...
2026-02-17 15:42:57,674 - cyberbully - INFO - Metrics saved to experiments/domain/Twitter_twhin-bert-base/ieee/prep1_aug0/seed_37622020/metrics.json
2026-02-17 15:42:57,675 - cyberbully - INFO - Confusion matrix saved to experiments/domain/Twitter_twhin-bert-base/ieee/prep1_aug0/seed_37622020/confusion_matrix.json
2026-02-17 15:42:57,774 - cyberbully - INFO - Confusion matrix figure saved to experiments/domain/Twitter_twhin-bert-base/ieee/prep1_aug0/seed_37622020/confusion_matrix.pdf
2026-02-17 15:42:57,774 - cyberbully - INFO - Accuracy: 0.8209
2026-02-17 15:42:57,775 - cyberbully - INFO - Weighted F1: 0.8206
2026-02-17 15:42:57,775 - cyberbully - INFO - Micro F1: 0.8209
2026-02-17 15:42:57,775 - cyberbully - INFO - Inference time: 0.29 seconds
2026-02-17 15:42:57,775 - cyberbully - INFO - Energy consumption: 0.000016 kWh
2026-02-17 15:42:57,775 - cyberbully - INFO - ============================================================
2026-02-17 15:42:57,775 - cyberbully - INFO - Pipeline complete. Results saved to: experiments/domain/Twitter_twhin-bert-base/ieee/prep1_aug0/seed_37622020
2026-02-17 15:42:57,775 - cyberbully - INFO - ============================================================
