2026-03-27 05:01:04,237 - cyberbully - INFO - ============================================================
2026-03-27 05:01:04,237 - cyberbully - INFO - Cyberbullying Detection Pipeline
2026-03-27 05:01:04,237 - cyberbully - INFO - ============================================================
2026-03-27 05:01:04,237 - cyberbully - INFO - Configuration:
2026-03-27 05:01:04,237 - cyberbully - INFO -   model          : roberta-base
2026-03-27 05:01:04,237 - cyberbully - INFO -   dataset        : tweeteval
2026-03-27 05:01:04,237 - cyberbully - INFO -   preprocess     : False
2026-03-27 05:01:04,237 - cyberbully - INFO -   augment        : False
2026-03-27 05:01:04,237 - cyberbully - INFO -   compute_attribution: False
2026-03-27 05:01:04,237 - cyberbully - INFO -   seed           : 99511865
2026-03-27 05:01:04,237 - cyberbully - INFO -   epochs         : 10
2026-03-27 05:01:04,237 - cyberbully - INFO -   batch_size     : 64
2026-03-27 05:01:04,237 - cyberbully - INFO -   lr             : 5e-05
2026-03-27 05:01:04,237 - cyberbully - INFO -   max_length     : 128
2026-03-27 05:01:04,237 - cyberbully - INFO -   output_dir     : supcon-grid
2026-03-27 05:01:04,237 - cyberbully - INFO -   data_dir       : dataset
2026-03-27 05:01:04,237 - cyberbully - INFO -   sbert          : False
2026-03-27 05:01:04,237 - cyberbully - INFO -   supcon         : False
2026-03-27 05:01:04,237 - cyberbully - INFO -   supcon_weight  : 0.1
2026-03-27 05:01:04,237 - cyberbully - INFO -   proj_dim       : 128
2026-03-27 05:01:04,237 - cyberbully - INFO -   grad_accum_steps: 1
2026-03-27 05:01:04,238 - cyberbully - INFO -   overwrite      : False
2026-03-27 05:01:04,238 - cyberbully - INFO -   device         : cuda
2026-03-27 05:01:04,238 - cyberbully - INFO -   output_dir     : experiments/supcon-grid/roberta-base/tweeteval/prep0_aug0/seed_99511865
2026-03-27 05:01:04,238 - cyberbully - INFO - ============================================================
2026-03-27 05:01:04,238 - cyberbully - INFO - Step 1: Preparing data...
2026-03-27 05:01:04,285 - cyberbully - INFO - Loaded pre-split data from dataset/tweeteval — train: 32485, val: 8122, test: 10152
2026-03-27 05:01:04,285 - cyberbully - INFO - Label mapping: {'emotion': 0, 'hate': 1, 'offensive': 2, 'religion': 3, 'spiritual': 4}
2026-03-27 05:01:04,297 - cyberbully - INFO - Number of classes: 5
2026-03-27 05:01:04,299 - cyberbully - INFO - Step 2: Loading model and tokenizer...
2026-03-27 05:01:04,299 - cyberbully - INFO - Loading model 'roberta-base' with 5 labels (sbert=False, supcon=False)
2026-03-27 05:01:05,147 - cyberbully - INFO - Step 3: Creating datasets...
2026-03-27 05:01:06,095 - cyberbully - INFO - Dataset sizes — train: 32485, val: 8122, test: 10152
2026-03-27 05:01:06,095 - cyberbully - INFO - Step 4: Training...
2026-03-27 05:01:06,326 - cyberbully - INFO - Starting training...
2026-03-27 05:15:08,834 - cyberbully - INFO - Training complete.
2026-03-27 05:15:08,907 - cyberbully - INFO - Removed checkpoint: experiments/supcon-grid/roberta-base/tweeteval/prep0_aug0/seed_99511865/checkpoint-1524
2026-03-27 05:15:08,978 - cyberbully - INFO - Removed checkpoint: experiments/supcon-grid/roberta-base/tweeteval/prep0_aug0/seed_99511865/checkpoint-3048
2026-03-27 05:15:09,055 - cyberbully - INFO - Removed checkpoint: experiments/supcon-grid/roberta-base/tweeteval/prep0_aug0/seed_99511865/checkpoint-1016
2026-03-27 05:15:09,128 - cyberbully - INFO - Removed checkpoint: experiments/supcon-grid/roberta-base/tweeteval/prep0_aug0/seed_99511865/checkpoint-2032
2026-03-27 05:15:09,199 - cyberbully - INFO - Removed checkpoint: experiments/supcon-grid/roberta-base/tweeteval/prep0_aug0/seed_99511865/checkpoint-4572
2026-03-27 05:15:09,271 - cyberbully - INFO - Removed checkpoint: experiments/supcon-grid/roberta-base/tweeteval/prep0_aug0/seed_99511865/checkpoint-3556
2026-03-27 05:15:09,357 - cyberbully - INFO - Removed checkpoint: experiments/supcon-grid/roberta-base/tweeteval/prep0_aug0/seed_99511865/checkpoint-5080
2026-03-27 05:15:09,432 - cyberbully - INFO - Removed checkpoint: experiments/supcon-grid/roberta-base/tweeteval/prep0_aug0/seed_99511865/checkpoint-508
2026-03-27 05:15:09,504 - cyberbully - INFO - Removed checkpoint: experiments/supcon-grid/roberta-base/tweeteval/prep0_aug0/seed_99511865/checkpoint-2540
2026-03-27 05:15:09,576 - cyberbully - INFO - Removed checkpoint: experiments/supcon-grid/roberta-base/tweeteval/prep0_aug0/seed_99511865/checkpoint-4064
2026-03-27 05:15:09,576 - cyberbully - INFO - Step 5: Evaluating on test set...
2026-03-27 05:15:21,380 - cyberbully - INFO - Metrics saved to experiments/supcon-grid/roberta-base/tweeteval/prep0_aug0/seed_99511865/metrics.json
2026-03-27 05:15:21,381 - cyberbully - INFO - Confusion matrix saved to experiments/supcon-grid/roberta-base/tweeteval/prep0_aug0/seed_99511865/confusion_matrix.json
2026-03-27 05:15:21,479 - cyberbully - INFO - Per-sample predictions saved to experiments/supcon-grid/roberta-base/tweeteval/prep0_aug0/seed_99511865/predictions.json
2026-03-27 05:15:21,580 - cyberbully - INFO - Confusion matrix figure saved to experiments/supcon-grid/roberta-base/tweeteval/prep0_aug0/seed_99511865/confusion_matrix.pdf
2026-03-27 05:15:21,580 - cyberbully - INFO - Accuracy: 0.9775
2026-03-27 05:15:21,580 - cyberbully - INFO - Weighted F1: 0.9775
2026-03-27 05:15:21,580 - cyberbully - INFO - Micro F1: 0.9775
2026-03-27 05:15:21,581 - cyberbully - INFO - Inference time: 7.54 seconds
2026-03-27 05:15:21,581 - cyberbully - INFO - Energy consumption: 0.000489 kWh
2026-03-27 05:15:21,582 - cyberbully - INFO - ============================================================
2026-03-27 05:15:21,582 - cyberbully - INFO - Pipeline complete. Results saved to: experiments/supcon-grid/roberta-base/tweeteval/prep0_aug0/seed_99511865
2026-03-27 05:15:21,582 - cyberbully - INFO - ============================================================
