2026-04-09 03:23:14,318 - cyberbully - INFO - ============================================================
2026-04-09 03:23:14,318 - cyberbully - INFO - Cyberbullying Detection Pipeline
2026-04-09 03:23:14,319 - cyberbully - INFO - ============================================================
2026-04-09 03:23:14,319 - cyberbully - INFO - Configuration:
2026-04-09 03:23:14,319 - cyberbully - INFO -   model          : google/mobilebert-uncased
2026-04-09 03:23:14,319 - cyberbully - INFO -   dataset        : tweeteval
2026-04-09 03:23:14,319 - cyberbully - INFO -   preprocess     : True
2026-04-09 03:23:14,319 - cyberbully - INFO -   augment        : True
2026-04-09 03:23:14,319 - cyberbully - INFO -   compute_attribution: False
2026-04-09 03:23:14,319 - cyberbully - INFO -   seed           : 52680723
2026-04-09 03:23:14,319 - cyberbully - INFO -   epochs         : 10
2026-04-09 03:23:14,319 - cyberbully - INFO -   batch_size     : 32
2026-04-09 03:23:14,319 - cyberbully - INFO -   lr             : 5e-05
2026-04-09 03:23:14,319 - cyberbully - INFO -   max_length     : 128
2026-04-09 03:23:14,319 - cyberbully - INFO -   output_dir     : grid-search
2026-04-09 03:23:14,319 - cyberbully - INFO -   data_dir       : dataset
2026-04-09 03:23:14,319 - cyberbully - INFO -   sbert          : False
2026-04-09 03:23:14,319 - cyberbully - INFO -   supcon         : False
2026-04-09 03:23:14,319 - cyberbully - INFO -   supcon_weight  : 0.1
2026-04-09 03:23:14,319 - cyberbully - INFO -   proj_dim       : 128
2026-04-09 03:23:14,319 - cyberbully - INFO -   grad_accum_steps: 1
2026-04-09 03:23:14,319 - cyberbully - INFO -   overwrite      : False
2026-04-09 03:23:14,319 - cyberbully - INFO -   device         : cuda
2026-04-09 03:23:14,319 - cyberbully - INFO -   output_dir     : experiments/grid-search/google_mobilebert-uncased/tweeteval/prep1_aug1/seed_52680723
2026-04-09 03:23:14,319 - cyberbully - INFO - ============================================================
2026-04-09 03:23:14,319 - cyberbully - INFO - Step 1: Preparing data...
2026-04-09 03:23:14,367 - cyberbully - INFO - Loaded pre-split data from dataset/tweeteval — train: 32485, val: 8122, test: 10152
2026-04-09 03:23:14,367 - cyberbully - INFO - Label mapping: {'emotion': 0, 'hate': 1, 'offensive': 2, 'religion': 3, 'spiritual': 4}
2026-04-09 03:23:14,367 - cyberbully - INFO - Applying text preprocessing per split...
2026-04-09 03:24:11,735 - cyberbully - INFO - After preprocessing — train: 30372, val: 7615, test: 9461
2026-04-09 03:24:11,736 - cyberbully - INFO - Applying training data augmentation (oversampling)...
2026-04-09 03:24:11,742 - cyberbully - INFO - After oversampling — class distribution: {0: 7768, 1: 7768, 2: 7768, 3: 7768, 4: 7768}
2026-04-09 03:24:11,751 - cyberbully - INFO - Number of classes: 5
2026-04-09 03:24:11,752 - cyberbully - INFO - Step 2: Loading model and tokenizer...
2026-04-09 03:24:11,752 - cyberbully - INFO - Loading model 'google/mobilebert-uncased' with 5 labels (sbert=False, supcon=False)
2026-04-09 03:24:13,872 - cyberbully - WARNING - FP16 disabled for model_type='mobilebert' (known fp16 instability).
2026-04-09 03:24:13,872 - cyberbully - INFO - Step 3: Creating datasets...
2026-04-09 03:24:14,573 - cyberbully - INFO - Dataset sizes — train: 38840, val: 7615, test: 9461
2026-04-09 03:24:14,573 - cyberbully - INFO - Step 4: Training...
2026-04-09 03:24:14,643 - cyberbully - INFO - Starting training...
2026-04-09 03:38:39,651 - cyberbully - INFO - Training complete.
2026-04-09 03:38:39,669 - cyberbully - INFO - Removed checkpoint: experiments/grid-search/google_mobilebert-uncased/tweeteval/prep1_aug1/seed_52680723/checkpoint-10926
2026-04-09 03:38:39,687 - cyberbully - INFO - Removed checkpoint: experiments/grid-search/google_mobilebert-uncased/tweeteval/prep1_aug1/seed_52680723/checkpoint-9712
2026-04-09 03:38:39,704 - cyberbully - INFO - Removed checkpoint: experiments/grid-search/google_mobilebert-uncased/tweeteval/prep1_aug1/seed_52680723/checkpoint-2428
2026-04-09 03:38:39,722 - cyberbully - INFO - Removed checkpoint: experiments/grid-search/google_mobilebert-uncased/tweeteval/prep1_aug1/seed_52680723/checkpoint-1214
2026-04-09 03:38:39,740 - cyberbully - INFO - Removed checkpoint: experiments/grid-search/google_mobilebert-uncased/tweeteval/prep1_aug1/seed_52680723/checkpoint-12140
2026-04-09 03:38:39,758 - cyberbully - INFO - Removed checkpoint: experiments/grid-search/google_mobilebert-uncased/tweeteval/prep1_aug1/seed_52680723/checkpoint-3642
2026-04-09 03:38:39,776 - cyberbully - INFO - Removed checkpoint: experiments/grid-search/google_mobilebert-uncased/tweeteval/prep1_aug1/seed_52680723/checkpoint-6070
2026-04-09 03:38:39,793 - cyberbully - INFO - Removed checkpoint: experiments/grid-search/google_mobilebert-uncased/tweeteval/prep1_aug1/seed_52680723/checkpoint-7284
2026-04-09 03:38:39,811 - cyberbully - INFO - Removed checkpoint: experiments/grid-search/google_mobilebert-uncased/tweeteval/prep1_aug1/seed_52680723/checkpoint-8498
2026-04-09 03:38:39,829 - cyberbully - INFO - Removed checkpoint: experiments/grid-search/google_mobilebert-uncased/tweeteval/prep1_aug1/seed_52680723/checkpoint-4856
2026-04-09 03:38:39,829 - cyberbully - INFO - Step 5: Evaluating on test set...
2026-04-09 03:38:48,824 - cyberbully - INFO - Metrics saved to experiments/grid-search/google_mobilebert-uncased/tweeteval/prep1_aug1/seed_52680723/metrics.json
2026-04-09 03:38:48,824 - cyberbully - INFO - Confusion matrix saved to experiments/grid-search/google_mobilebert-uncased/tweeteval/prep1_aug1/seed_52680723/confusion_matrix.json
2026-04-09 03:38:48,912 - cyberbully - INFO - Per-sample predictions saved to experiments/grid-search/google_mobilebert-uncased/tweeteval/prep1_aug1/seed_52680723/predictions.json
2026-04-09 03:38:49,016 - cyberbully - INFO - Confusion matrix figure saved to experiments/grid-search/google_mobilebert-uncased/tweeteval/prep1_aug1/seed_52680723/confusion_matrix.pdf
2026-04-09 03:38:49,016 - cyberbully - INFO - Accuracy: 0.9374
2026-04-09 03:38:49,016 - cyberbully - INFO - Weighted F1: 0.9374
2026-04-09 03:38:49,016 - cyberbully - INFO - Micro F1: 0.9374
2026-04-09 03:38:49,016 - cyberbully - INFO - Inference time: 4.65 seconds
2026-04-09 03:38:49,016 - cyberbully - INFO - Energy consumption: 0.000296 kWh
2026-04-09 03:38:49,018 - cyberbully - INFO - ============================================================
2026-04-09 03:38:49,018 - cyberbully - INFO - Pipeline complete. Results saved to: experiments/grid-search/google_mobilebert-uncased/tweeteval/prep1_aug1/seed_52680723
2026-04-09 03:38:49,018 - cyberbully - INFO - ============================================================
