2026-02-20 13:27:13,049 - cyberbully - INFO - ============================================================
2026-02-20 13:27:13,049 - cyberbully - INFO - Cyberbullying Detection Pipeline
2026-02-20 13:27:13,049 - cyberbully - INFO - ============================================================
2026-02-20 13:27:13,049 - cyberbully - INFO - Configuration:
2026-02-20 13:27:13,050 - cyberbully - INFO -   model          : all-MiniLM-L12-v2
2026-02-20 13:27:13,050 - cyberbully - INFO -   dataset        : kaggle
2026-02-20 13:27:13,050 - cyberbully - INFO -   preprocess     : True
2026-02-20 13:27:13,050 - cyberbully - INFO -   augment        : False
2026-02-20 13:27:13,050 - cyberbully - INFO -   compute_attribution: False
2026-02-20 13:27:13,050 - cyberbully - INFO -   seed           : 70681460
2026-02-20 13:27:13,050 - cyberbully - INFO -   epochs         : 5
2026-02-20 13:27:13,050 - cyberbully - INFO -   batch_size     : 16
2026-02-20 13:27:13,050 - cyberbully - INFO -   lr             : 2e-05
2026-02-20 13:27:13,050 - cyberbully - INFO -   max_length     : 128
2026-02-20 13:27:13,050 - cyberbully - INFO -   output_dir     : sbert-model
2026-02-20 13:27:13,050 - cyberbully - INFO -   data_dir       : dataset
2026-02-20 13:27:13,050 - cyberbully - INFO -   sbert          : True
2026-02-20 13:27:13,050 - cyberbully - INFO -   overwrite      : False
2026-02-20 13:27:13,050 - cyberbully - INFO -   device         : cuda
2026-02-20 13:27:13,050 - cyberbully - INFO -   output_dir     : experiments/sbert-model/all-MiniLM-L12-v2/kaggle/prep1_aug0/seed_70681460
2026-02-20 13:27:13,050 - cyberbully - INFO - ============================================================
2026-02-20 13:27:13,050 - cyberbully - INFO - Step 1: Preparing data...
2026-02-20 13:27:13,050 - cyberbully - INFO - Loading dataset 'kaggle' from dataset/Kaggle.csv
2026-02-20 13:27:13,110 - cyberbully - INFO - Loaded 47656 samples with 6 classes: ['age', 'ethnicity', 'gender', 'not_cyberbullying', 'other_cyberbullying', 'religion']
2026-02-20 13:27:13,110 - cyberbully - INFO - Applying text preprocessing...
2026-02-20 13:28:07,195 - cyberbully - INFO - After preprocessing: 41392 samples remain
2026-02-20 13:28:07,197 - cyberbully - INFO - Label mapping: {'age': 0, 'ethnicity': 1, 'gender': 2, 'not_cyberbullying': 3, 'other_cyberbullying': 4, 'religion': 5}
2026-02-20 13:28:07,209 - cyberbully - INFO - Split sizes — train: 26490, val: 6623, test: 8279
2026-02-20 13:28:07,209 - cyberbully - INFO - Number of classes: 6
2026-02-20 13:28:07,210 - cyberbully - INFO - Step 2: Loading model and tokenizer...
2026-02-20 13:28:07,210 - cyberbully - INFO - Loading model 'all-MiniLM-L12-v2' with 6 labels (sbert=True)
2026-02-20 13:28:10,010 - cyberbully - INFO - SBERTClassifier: embedding_dim=384, hidden=256, num_labels=6
2026-02-20 13:28:10,317 - cyberbully - INFO - Step 3: Creating datasets...
2026-02-20 13:28:11,169 - cyberbully - INFO - Dataset sizes — train: 26490, val: 6623, test: 8279
2026-02-20 13:28:11,169 - cyberbully - INFO - Step 4: Training...
2026-02-20 13:28:11,211 - cyberbully - INFO - Starting training...
2026-02-20 13:32:00,827 - cyberbully - INFO - Training complete.
2026-02-20 13:32:00,827 - cyberbully - INFO - Step 5: Evaluating on test set...
2026-02-20 13:32:08,131 - cyberbully - INFO - Metrics saved to experiments/sbert-model/all-MiniLM-L12-v2/kaggle/prep1_aug0/seed_70681460/metrics.json
2026-02-20 13:32:08,131 - cyberbully - INFO - Confusion matrix saved to experiments/sbert-model/all-MiniLM-L12-v2/kaggle/prep1_aug0/seed_70681460/confusion_matrix.json
2026-02-20 13:32:08,243 - cyberbully - INFO - Confusion matrix figure saved to experiments/sbert-model/all-MiniLM-L12-v2/kaggle/prep1_aug0/seed_70681460/confusion_matrix.pdf
2026-02-20 13:32:08,243 - cyberbully - INFO - Accuracy: 0.8691
2026-02-20 13:32:08,243 - cyberbully - INFO - Weighted F1: 0.8694
2026-02-20 13:32:08,243 - cyberbully - INFO - Micro F1: 0.8691
2026-02-20 13:32:08,243 - cyberbully - INFO - Inference time: 2.93 seconds
2026-02-20 13:32:08,243 - cyberbully - INFO - Energy consumption: 0.000183 kWh
2026-02-20 13:32:08,243 - cyberbully - INFO - ============================================================
2026-02-20 13:32:08,243 - cyberbully - INFO - Pipeline complete. Results saved to: experiments/sbert-model/all-MiniLM-L12-v2/kaggle/prep1_aug0/seed_70681460
2026-02-20 13:32:08,243 - cyberbully - INFO - ============================================================
