2026-02-25 16:11:16,241 - cyberbully - INFO - ============================================================
2026-02-25 16:11:16,241 - cyberbully - INFO - Cyberbullying Detection Pipeline
2026-02-25 16:11:16,241 - cyberbully - INFO - ============================================================
2026-02-25 16:11:16,241 - cyberbully - INFO - Configuration:
2026-02-25 16:11:16,241 - cyberbully - INFO -   model          : google/mobilebert-uncased
2026-02-25 16:11:16,241 - cyberbully - INFO -   dataset        : ieee
2026-02-25 16:11:16,241 - cyberbully - INFO -   preprocess     : False
2026-02-25 16:11:16,241 - cyberbully - INFO -   augment        : False
2026-02-25 16:11:16,241 - cyberbully - INFO -   compute_attribution: False
2026-02-25 16:11:16,241 - cyberbully - INFO -   seed           : 43782163
2026-02-25 16:11:16,241 - cyberbully - INFO -   epochs         : 10
2026-02-25 16:11:16,241 - cyberbully - INFO -   batch_size     : 32
2026-02-25 16:11:16,241 - cyberbully - INFO -   lr             : 5e-05
2026-02-25 16:11:16,241 - cyberbully - INFO -   max_length     : 128
2026-02-25 16:11:16,241 - cyberbully - INFO -   output_dir     : grid-search
2026-02-25 16:11:16,241 - cyberbully - INFO -   data_dir       : dataset
2026-02-25 16:11:16,241 - cyberbully - INFO -   sbert          : False
2026-02-25 16:11:16,241 - cyberbully - INFO -   overwrite      : False
2026-02-25 16:11:16,241 - cyberbully - INFO -   device         : cuda
2026-02-25 16:11:16,241 - cyberbully - INFO -   output_dir     : experiments/grid-search/google_mobilebert-uncased/ieee/prep0_aug0/seed_43782163
2026-02-25 16:11:16,241 - cyberbully - INFO - ============================================================
2026-02-25 16:11:16,241 - cyberbully - INFO - Step 1: Preparing data...
2026-02-25 16:11:16,241 - cyberbully - INFO - Loading dataset 'ieee' from dataset/IEEE Data Port.csv
2026-02-25 16:11:16,247 - cyberbully - INFO - Loaded 2108 samples with 5 classes: ['Cyberstalking', 'Doxing', 'Revenge Porn', 'Sexual Harassment', 'Slut Shaming']
2026-02-25 16:11:16,248 - cyberbully - INFO - Label mapping: {'Cyberstalking': 0, 'Doxing': 1, 'Revenge Porn': 2, 'Sexual Harassment': 3, 'Slut Shaming': 4}
2026-02-25 16:11:16,250 - cyberbully - INFO - Split sizes — train: 1348, val: 338, test: 422
2026-02-25 16:11:16,250 - cyberbully - INFO - Number of classes: 5
2026-02-25 16:11:16,252 - cyberbully - INFO - Step 2: Loading model and tokenizer...
2026-02-25 16:11:16,252 - cyberbully - INFO - Loading model 'google/mobilebert-uncased' with 5 labels (sbert=False)
2026-02-25 16:11:18,327 - cyberbully - INFO - Step 3: Creating datasets...
2026-02-25 16:11:18,360 - cyberbully - INFO - Dataset sizes — train: 1348, val: 338, test: 422
2026-02-25 16:11:18,360 - cyberbully - INFO - Step 4: Training...
2026-02-25 16:11:18,575 - cyberbully - INFO - Starting training...
2026-02-25 16:11:53,860 - cyberbully - INFO - Training complete.
2026-02-25 16:11:53,869 - cyberbully - INFO - Removed checkpoint: experiments/grid-search/google_mobilebert-uncased/ieee/prep0_aug0/seed_43782163/checkpoint-172
2026-02-25 16:11:53,878 - cyberbully - INFO - Removed checkpoint: experiments/grid-search/google_mobilebert-uncased/ieee/prep0_aug0/seed_43782163/checkpoint-258
2026-02-25 16:11:53,887 - cyberbully - INFO - Removed checkpoint: experiments/grid-search/google_mobilebert-uncased/ieee/prep0_aug0/seed_43782163/checkpoint-387
2026-02-25 16:11:53,896 - cyberbully - INFO - Removed checkpoint: experiments/grid-search/google_mobilebert-uncased/ieee/prep0_aug0/seed_43782163/checkpoint-43
2026-02-25 16:11:53,905 - cyberbully - INFO - Removed checkpoint: experiments/grid-search/google_mobilebert-uncased/ieee/prep0_aug0/seed_43782163/checkpoint-430
2026-02-25 16:11:53,914 - cyberbully - INFO - Removed checkpoint: experiments/grid-search/google_mobilebert-uncased/ieee/prep0_aug0/seed_43782163/checkpoint-301
2026-02-25 16:11:53,922 - cyberbully - INFO - Removed checkpoint: experiments/grid-search/google_mobilebert-uncased/ieee/prep0_aug0/seed_43782163/checkpoint-344
2026-02-25 16:11:53,931 - cyberbully - INFO - Removed checkpoint: experiments/grid-search/google_mobilebert-uncased/ieee/prep0_aug0/seed_43782163/checkpoint-129
2026-02-25 16:11:53,941 - cyberbully - INFO - Removed checkpoint: experiments/grid-search/google_mobilebert-uncased/ieee/prep0_aug0/seed_43782163/checkpoint-215
2026-02-25 16:11:53,950 - cyberbully - INFO - Removed checkpoint: experiments/grid-search/google_mobilebert-uncased/ieee/prep0_aug0/seed_43782163/checkpoint-86
2026-02-25 16:11:53,950 - cyberbully - INFO - Step 5: Evaluating on test set...
2026-02-25 16:11:59,092 - cyberbully - INFO - Metrics saved to experiments/grid-search/google_mobilebert-uncased/ieee/prep0_aug0/seed_43782163/metrics.json
2026-02-25 16:11:59,092 - cyberbully - INFO - Confusion matrix saved to experiments/grid-search/google_mobilebert-uncased/ieee/prep0_aug0/seed_43782163/confusion_matrix.json
2026-02-25 16:11:59,192 - cyberbully - INFO - Confusion matrix figure saved to experiments/grid-search/google_mobilebert-uncased/ieee/prep0_aug0/seed_43782163/confusion_matrix.pdf
2026-02-25 16:11:59,192 - cyberbully - INFO - Accuracy: 0.1422
2026-02-25 16:11:59,192 - cyberbully - INFO - Weighted F1: 0.0354
2026-02-25 16:11:59,192 - cyberbully - INFO - Micro F1: 0.1422
2026-02-25 16:11:59,192 - cyberbully - INFO - Inference time: 0.28 seconds
2026-02-25 16:11:59,192 - cyberbully - INFO - Energy consumption: 0.000013 kWh
2026-02-25 16:11:59,192 - cyberbully - INFO - ============================================================
2026-02-25 16:11:59,192 - cyberbully - INFO - Pipeline complete. Results saved to: experiments/grid-search/google_mobilebert-uncased/ieee/prep0_aug0/seed_43782163
2026-02-25 16:11:59,192 - cyberbully - INFO - ============================================================
