2026-05-22 20:32:53,982 - cyberbully - INFO - ============================================================
2026-05-22 20:32:53,982 - cyberbully - INFO - Cyberbullying Detection Pipeline
2026-05-22 20:32:53,982 - cyberbully - INFO - ============================================================
2026-05-22 20:32:53,982 - cyberbully - INFO - Configuration:
2026-05-22 20:32:53,982 - cyberbully - INFO -   model          : Twitter/twhin-bert-base
2026-05-22 20:32:53,982 - cyberbully - INFO -   dataset        : ieee
2026-05-22 20:32:53,982 - cyberbully - INFO -   preprocess     : True
2026-05-22 20:32:53,982 - cyberbully - INFO -   augment        : False
2026-05-22 20:32:53,982 - cyberbully - INFO -   compute_attribution: False
2026-05-22 20:32:53,982 - cyberbully - INFO -   seed           : 70681460
2026-05-22 20:32:53,982 - cyberbully - INFO -   epochs         : 10
2026-05-22 20:32:53,982 - cyberbully - INFO -   batch_size     : 32
2026-05-22 20:32:53,982 - cyberbully - INFO -   lr             : 5e-05
2026-05-22 20:32:53,982 - cyberbully - INFO -   max_length     : 128
2026-05-22 20:32:53,982 - cyberbully - INFO -   output_dir     : grid-search
2026-05-22 20:32:53,982 - cyberbully - INFO -   data_dir       : dataset
2026-05-22 20:32:53,982 - cyberbully - INFO -   sbert          : False
2026-05-22 20:32:53,982 - cyberbully - INFO -   supcon         : False
2026-05-22 20:32:53,982 - cyberbully - INFO -   supcon_weight  : 0.1
2026-05-22 20:32:53,982 - cyberbully - INFO -   proj_dim       : 128
2026-05-22 20:32:53,982 - cyberbully - INFO -   grad_accum_steps: 1
2026-05-22 20:32:53,982 - cyberbully - INFO -   overwrite      : True
2026-05-22 20:32:53,982 - cyberbully - INFO -   device         : cuda
2026-05-22 20:32:53,982 - cyberbully - INFO -   output_dir     : experiments/grid-search/Twitter_twhin-bert-base/ieee/prep1_aug0/seed_70681460
2026-05-22 20:32:53,982 - cyberbully - INFO - ============================================================
2026-05-22 20:32:53,982 - cyberbully - INFO - Step 1: Preparing data...
2026-05-22 20:32:53,986 - cyberbully - INFO - Loaded pre-split data from dataset/ieee — train: 1348, val: 338, test: 422
2026-05-22 20:32:53,986 - cyberbully - INFO - Label mapping: {'Cyberstalking': 0, 'Doxing': 1, 'Revenge Porn': 2, 'Sexual Harassment': 3, 'Slut Shaming': 4}
2026-05-22 20:32:53,987 - cyberbully - INFO - Applying text preprocessing per split...
2026-05-22 20:32:55,477 - cyberbully - INFO - After preprocessing -- train: 1348, val: 338, test: 422
2026-05-22 20:32:55,479 - cyberbully - INFO - Number of classes: 5
2026-05-22 20:32:55,480 - cyberbully - INFO - Step 2: Loading model and tokenizer...
2026-05-22 20:32:55,480 - cyberbully - INFO - Loading model 'Twitter/twhin-bert-base' with 5 labels (sbert=False, supcon=False)
2026-05-22 20:32:57,055 - cyberbully - INFO - Step 3: Creating datasets...
2026-05-22 20:32:57,079 - cyberbully - INFO - Dataset sizes — train: 1348, val: 338, test: 422
2026-05-22 20:32:57,079 - cyberbully - INFO - Step 4: Training...
2026-05-22 20:32:57,394 - cyberbully - INFO - Starting training...
2026-05-22 20:36:38,221 - cyberbully - INFO - Training complete.
2026-05-22 20:36:38,381 - cyberbully - INFO - Removed checkpoint: experiments/grid-search/Twitter_twhin-bert-base/ieee/prep1_aug0/seed_70681460/checkpoint-172
2026-05-22 20:36:38,669 - cyberbully - INFO - Removed checkpoint: experiments/grid-search/Twitter_twhin-bert-base/ieee/prep1_aug0/seed_70681460/checkpoint-258
2026-05-22 20:36:38,850 - cyberbully - INFO - Removed checkpoint: experiments/grid-search/Twitter_twhin-bert-base/ieee/prep1_aug0/seed_70681460/checkpoint-387
2026-05-22 20:36:39,012 - cyberbully - INFO - Removed checkpoint: experiments/grid-search/Twitter_twhin-bert-base/ieee/prep1_aug0/seed_70681460/checkpoint-43
2026-05-22 20:36:39,195 - cyberbully - INFO - Removed checkpoint: experiments/grid-search/Twitter_twhin-bert-base/ieee/prep1_aug0/seed_70681460/checkpoint-430
2026-05-22 20:36:39,364 - cyberbully - INFO - Removed checkpoint: experiments/grid-search/Twitter_twhin-bert-base/ieee/prep1_aug0/seed_70681460/checkpoint-301
2026-05-22 20:36:39,536 - cyberbully - INFO - Removed checkpoint: experiments/grid-search/Twitter_twhin-bert-base/ieee/prep1_aug0/seed_70681460/checkpoint-344
2026-05-22 20:36:39,697 - cyberbully - INFO - Removed checkpoint: experiments/grid-search/Twitter_twhin-bert-base/ieee/prep1_aug0/seed_70681460/checkpoint-129
2026-05-22 20:36:39,861 - cyberbully - INFO - Removed checkpoint: experiments/grid-search/Twitter_twhin-bert-base/ieee/prep1_aug0/seed_70681460/checkpoint-215
2026-05-22 20:36:40,024 - cyberbully - INFO - Removed checkpoint: experiments/grid-search/Twitter_twhin-bert-base/ieee/prep1_aug0/seed_70681460/checkpoint-86
2026-05-22 20:36:40,024 - cyberbully - INFO - Step 5: Evaluating on test set...
2026-05-22 20:36:46,454 - cyberbully - INFO - Metrics saved to experiments/grid-search/Twitter_twhin-bert-base/ieee/prep1_aug0/seed_70681460/metrics.json
2026-05-22 20:36:46,454 - cyberbully - INFO - Confusion matrix saved to experiments/grid-search/Twitter_twhin-bert-base/ieee/prep1_aug0/seed_70681460/confusion_matrix.json
2026-05-22 20:36:46,459 - cyberbully - INFO - Per-sample predictions saved to experiments/grid-search/Twitter_twhin-bert-base/ieee/prep1_aug0/seed_70681460/predictions.json
2026-05-22 20:36:46,559 - cyberbully - INFO - Confusion matrix figure saved to experiments/grid-search/Twitter_twhin-bert-base/ieee/prep1_aug0/seed_70681460/confusion_matrix.pdf
2026-05-22 20:36:46,559 - cyberbully - INFO - Accuracy: 0.8009
2026-05-22 20:36:46,559 - cyberbully - INFO - Weighted F1: 0.8012
2026-05-22 20:36:46,559 - cyberbully - INFO - Micro F1: 0.8009
2026-05-22 20:36:46,559 - cyberbully - INFO - Inference time: 0.33 seconds
2026-05-22 20:36:46,559 - cyberbully - INFO - Energy consumption: 0.000039 kWh
2026-05-22 20:36:46,559 - cyberbully - INFO - ============================================================
2026-05-22 20:36:46,559 - cyberbully - INFO - Pipeline complete. Results saved to: experiments/grid-search/Twitter_twhin-bert-base/ieee/prep1_aug0/seed_70681460
2026-05-22 20:36:46,559 - cyberbully - INFO - ============================================================
