2026-03-21 11:45:44,968 - cyberbully - INFO - ============================================================
2026-03-21 11:45:44,968 - cyberbully - INFO - Cyberbullying Detection Pipeline
2026-03-21 11:45:44,968 - cyberbully - INFO - ============================================================
2026-03-21 11:45:44,968 - cyberbully - INFO - Configuration:
2026-03-21 11:45:44,968 - cyberbully - INFO -   model          : albert/albert-base-v2
2026-03-21 11:45:44,968 - cyberbully - INFO -   dataset        : kaggle
2026-03-21 11:45:44,968 - cyberbully - INFO -   preprocess     : False
2026-03-21 11:45:44,968 - cyberbully - INFO -   augment        : False
2026-03-21 11:45:44,968 - cyberbully - INFO -   compute_attribution: False
2026-03-21 11:45:44,968 - cyberbully - INFO -   seed           : 43782163
2026-03-21 11:45:44,968 - cyberbully - INFO -   epochs         : 10
2026-03-21 11:45:44,968 - cyberbully - INFO -   batch_size     : 32
2026-03-21 11:45:44,968 - cyberbully - INFO -   lr             : 5e-05
2026-03-21 11:45:44,968 - cyberbully - INFO -   max_length     : 128
2026-03-21 11:45:44,968 - cyberbully - INFO -   output_dir     : grid-search
2026-03-21 11:45:44,968 - cyberbully - INFO -   data_dir       : dataset
2026-03-21 11:45:44,968 - cyberbully - INFO -   sbert          : False
2026-03-21 11:45:44,968 - cyberbully - INFO -   supcon         : False
2026-03-21 11:45:44,968 - cyberbully - INFO -   supcon_weight  : 0.1
2026-03-21 11:45:44,968 - cyberbully - INFO -   proj_dim       : 128
2026-03-21 11:45:44,968 - cyberbully - INFO -   grad_accum_steps: 1
2026-03-21 11:45:44,968 - cyberbully - INFO -   overwrite      : False
2026-03-21 11:45:44,968 - cyberbully - INFO -   device         : cuda
2026-03-21 11:45:44,969 - cyberbully - INFO -   output_dir     : experiments/grid-search/albert_albert-base-v2/kaggle/prep0_aug0/seed_43782163
2026-03-21 11:45:44,969 - cyberbully - INFO - ============================================================
2026-03-21 11:45:44,969 - cyberbully - INFO - Step 1: Preparing data...
2026-03-21 11:45:45,021 - cyberbully - INFO - Loaded pre-split data from dataset/kaggle — train: 30499, val: 7625, test: 9532
2026-03-21 11:45:45,021 - cyberbully - INFO - Label mapping: {'age': 0, 'ethnicity': 1, 'gender': 2, 'not_cyberbullying': 3, 'other_cyberbullying': 4, 'religion': 5}
2026-03-21 11:45:45,032 - cyberbully - INFO - Number of classes: 6
2026-03-21 11:45:45,034 - cyberbully - INFO - Step 2: Loading model and tokenizer...
2026-03-21 11:45:45,034 - cyberbully - INFO - Loading model 'albert/albert-base-v2' with 6 labels (sbert=False, supcon=False)
2026-03-21 11:45:46,150 - cyberbully - INFO - Step 3: Creating datasets...
2026-03-21 11:45:47,102 - cyberbully - INFO - Dataset sizes — train: 30499, val: 7625, test: 9532
2026-03-21 11:45:47,103 - cyberbully - INFO - Step 4: Training...
2026-03-21 11:45:47,160 - cyberbully - INFO - Starting training...
2026-03-21 12:00:02,765 - cyberbully - INFO - Training complete.
2026-03-21 12:00:02,775 - cyberbully - INFO - Removed checkpoint: experiments/grid-search/albert_albert-base-v2/kaggle/prep0_aug0/seed_43782163/checkpoint-1908
2026-03-21 12:00:02,785 - cyberbully - INFO - Removed checkpoint: experiments/grid-search/albert_albert-base-v2/kaggle/prep0_aug0/seed_43782163/checkpoint-4770
2026-03-21 12:00:02,795 - cyberbully - INFO - Removed checkpoint: experiments/grid-search/albert_albert-base-v2/kaggle/prep0_aug0/seed_43782163/checkpoint-9540
2026-03-21 12:00:02,805 - cyberbully - INFO - Removed checkpoint: experiments/grid-search/albert_albert-base-v2/kaggle/prep0_aug0/seed_43782163/checkpoint-2862
2026-03-21 12:00:02,815 - cyberbully - INFO - Removed checkpoint: experiments/grid-search/albert_albert-base-v2/kaggle/prep0_aug0/seed_43782163/checkpoint-7632
2026-03-21 12:00:02,825 - cyberbully - INFO - Removed checkpoint: experiments/grid-search/albert_albert-base-v2/kaggle/prep0_aug0/seed_43782163/checkpoint-3816
2026-03-21 12:00:02,835 - cyberbully - INFO - Removed checkpoint: experiments/grid-search/albert_albert-base-v2/kaggle/prep0_aug0/seed_43782163/checkpoint-5724
2026-03-21 12:00:02,845 - cyberbully - INFO - Removed checkpoint: experiments/grid-search/albert_albert-base-v2/kaggle/prep0_aug0/seed_43782163/checkpoint-954
2026-03-21 12:00:02,855 - cyberbully - INFO - Removed checkpoint: experiments/grid-search/albert_albert-base-v2/kaggle/prep0_aug0/seed_43782163/checkpoint-8586
2026-03-21 12:00:02,865 - cyberbully - INFO - Removed checkpoint: experiments/grid-search/albert_albert-base-v2/kaggle/prep0_aug0/seed_43782163/checkpoint-6678
2026-03-21 12:00:02,865 - cyberbully - INFO - Step 5: Evaluating on test set...
2026-03-21 12:00:16,419 - cyberbully - INFO - Metrics saved to experiments/grid-search/albert_albert-base-v2/kaggle/prep0_aug0/seed_43782163/metrics.json
2026-03-21 12:00:16,419 - cyberbully - INFO - Confusion matrix saved to experiments/grid-search/albert_albert-base-v2/kaggle/prep0_aug0/seed_43782163/confusion_matrix.json
2026-03-21 12:00:16,525 - cyberbully - INFO - Per-sample predictions saved to experiments/grid-search/albert_albert-base-v2/kaggle/prep0_aug0/seed_43782163/predictions.json
2026-03-21 12:00:16,642 - cyberbully - INFO - Confusion matrix figure saved to experiments/grid-search/albert_albert-base-v2/kaggle/prep0_aug0/seed_43782163/confusion_matrix.pdf
2026-03-21 12:00:16,642 - cyberbully - INFO - Accuracy: 0.8589
2026-03-21 12:00:16,642 - cyberbully - INFO - Weighted F1: 0.8582
2026-03-21 12:00:16,642 - cyberbully - INFO - Micro F1: 0.8589
2026-03-21 12:00:16,642 - cyberbully - INFO - Inference time: 8.35 seconds
2026-03-21 12:00:16,642 - cyberbully - INFO - Energy consumption: 0.000419 kWh
2026-03-21 12:00:16,644 - cyberbully - INFO - ============================================================
2026-03-21 12:00:16,644 - cyberbully - INFO - Pipeline complete. Results saved to: experiments/grid-search/albert_albert-base-v2/kaggle/prep0_aug0/seed_43782163
2026-03-21 12:00:16,644 - cyberbully - INFO - ============================================================
