2026-05-20 21:40:23,969 - cyberbully - INFO - Model 'all-MiniLM-L6-v2' detected as SBERT-based. Using SBERTClassifier pipeline.
2026-05-20 21:40:23,970 - cyberbully - INFO - ============================================================
2026-05-20 21:40:23,970 - cyberbully - INFO - Cyberbullying Detection Pipeline
2026-05-20 21:40:23,970 - cyberbully - INFO - ============================================================
2026-05-20 21:40:23,970 - cyberbully - INFO - Configuration:
2026-05-20 21:40:23,970 - cyberbully - INFO -   model          : all-MiniLM-L6-v2
2026-05-20 21:40:23,970 - cyberbully - INFO -   dataset        : tweeteval
2026-05-20 21:40:23,970 - cyberbully - INFO -   preprocess     : True
2026-05-20 21:40:23,970 - cyberbully - INFO -   augment        : False
2026-05-20 21:40:23,970 - cyberbully - INFO -   compute_attribution: False
2026-05-20 21:40:23,970 - cyberbully - INFO -   seed           : 67351593
2026-05-20 21:40:23,970 - cyberbully - INFO -   epochs         : 10
2026-05-20 21:40:23,970 - cyberbully - INFO -   batch_size     : 32
2026-05-20 21:40:23,970 - cyberbully - INFO -   lr             : 5e-05
2026-05-20 21:40:23,970 - cyberbully - INFO -   max_length     : 128
2026-05-20 21:40:23,970 - cyberbully - INFO -   output_dir     : grid-search
2026-05-20 21:40:23,970 - cyberbully - INFO -   data_dir       : dataset
2026-05-20 21:40:23,970 - cyberbully - INFO -   sbert          : True
2026-05-20 21:40:23,970 - cyberbully - INFO -   supcon         : False
2026-05-20 21:40:23,970 - cyberbully - INFO -   supcon_weight  : 0.1
2026-05-20 21:40:23,970 - cyberbully - INFO -   proj_dim       : 128
2026-05-20 21:40:23,970 - cyberbully - INFO -   grad_accum_steps: 1
2026-05-20 21:40:23,970 - cyberbully - INFO -   overwrite      : True
2026-05-20 21:40:23,970 - cyberbully - INFO -   device         : cuda
2026-05-20 21:40:23,970 - cyberbully - INFO -   output_dir     : experiments/grid-search/all-MiniLM-L6-v2/tweeteval/prep1_aug0/seed_67351593
2026-05-20 21:40:23,970 - cyberbully - INFO - ============================================================
2026-05-20 21:40:23,970 - cyberbully - INFO - Step 1: Preparing data...
2026-05-20 21:40:24,016 - cyberbully - INFO - Loaded pre-split data from dataset/tweeteval — train: 32485, val: 8122, test: 10152
2026-05-20 21:40:24,016 - cyberbully - INFO - Label mapping: {'emotion': 0, 'hate': 1, 'offensive': 2, 'religion': 3, 'spiritual': 4}
2026-05-20 21:40:24,017 - cyberbully - INFO - Applying text preprocessing per split...
2026-05-20 21:40:29,508 - cyberbully - INFO - After preprocessing -- train: 32485, val: 8122, test: 10152
2026-05-20 21:40:29,512 - cyberbully - INFO - Number of classes: 5
2026-05-20 21:40:29,514 - cyberbully - INFO - Step 2: Loading model and tokenizer...
2026-05-20 21:40:29,514 - cyberbully - INFO - Loading model 'all-MiniLM-L6-v2' with 5 labels (sbert=True, supcon=False)
2026-05-20 21:40:33,481 - cyberbully - INFO - SBERTClassifier: embedding_dim=384, hidden=256, proj_dim=None, num_labels=5
2026-05-20 21:40:34,049 - cyberbully - INFO - Step 3: Creating datasets...
2026-05-20 21:40:35,269 - cyberbully - INFO - Dataset sizes — train: 32485, val: 8122, test: 10152
2026-05-20 21:40:35,270 - cyberbully - INFO - Step 4: Training...
2026-05-20 21:40:35,309 - cyberbully - INFO - Starting training...
2026-05-20 21:43:50,350 - cyberbully - INFO - Training complete.
2026-05-20 21:43:50,364 - cyberbully - INFO - Removed checkpoint: experiments/grid-search/all-MiniLM-L6-v2/tweeteval/prep1_aug0/seed_67351593/checkpoint-3048
2026-05-20 21:43:50,377 - cyberbully - INFO - Removed checkpoint: experiments/grid-search/all-MiniLM-L6-v2/tweeteval/prep1_aug0/seed_67351593/checkpoint-7112
2026-05-20 21:43:50,390 - cyberbully - INFO - Removed checkpoint: experiments/grid-search/all-MiniLM-L6-v2/tweeteval/prep1_aug0/seed_67351593/checkpoint-9144
2026-05-20 21:43:50,404 - cyberbully - INFO - Removed checkpoint: experiments/grid-search/all-MiniLM-L6-v2/tweeteval/prep1_aug0/seed_67351593/checkpoint-1016
2026-05-20 21:43:50,417 - cyberbully - INFO - Removed checkpoint: experiments/grid-search/all-MiniLM-L6-v2/tweeteval/prep1_aug0/seed_67351593/checkpoint-2032
2026-05-20 21:43:50,433 - cyberbully - INFO - Removed checkpoint: experiments/grid-search/all-MiniLM-L6-v2/tweeteval/prep1_aug0/seed_67351593/checkpoint-10160
2026-05-20 21:43:50,446 - cyberbully - INFO - Removed checkpoint: experiments/grid-search/all-MiniLM-L6-v2/tweeteval/prep1_aug0/seed_67351593/checkpoint-6096
2026-05-20 21:43:50,459 - cyberbully - INFO - Removed checkpoint: experiments/grid-search/all-MiniLM-L6-v2/tweeteval/prep1_aug0/seed_67351593/checkpoint-5080
2026-05-20 21:43:50,473 - cyberbully - INFO - Removed checkpoint: experiments/grid-search/all-MiniLM-L6-v2/tweeteval/prep1_aug0/seed_67351593/checkpoint-8128
2026-05-20 21:43:50,486 - cyberbully - INFO - Removed checkpoint: experiments/grid-search/all-MiniLM-L6-v2/tweeteval/prep1_aug0/seed_67351593/checkpoint-4064
2026-05-20 21:43:50,486 - cyberbully - INFO - Step 5: Evaluating on test set...
2026-05-20 21:43:58,043 - cyberbully - INFO - Metrics saved to experiments/grid-search/all-MiniLM-L6-v2/tweeteval/prep1_aug0/seed_67351593/metrics.json
2026-05-20 21:43:58,043 - cyberbully - INFO - Confusion matrix saved to experiments/grid-search/all-MiniLM-L6-v2/tweeteval/prep1_aug0/seed_67351593/confusion_matrix.json
2026-05-20 21:43:58,146 - cyberbully - INFO - Per-sample predictions saved to experiments/grid-search/all-MiniLM-L6-v2/tweeteval/prep1_aug0/seed_67351593/predictions.json
2026-05-20 21:43:58,249 - cyberbully - INFO - Confusion matrix figure saved to experiments/grid-search/all-MiniLM-L6-v2/tweeteval/prep1_aug0/seed_67351593/confusion_matrix.pdf
2026-05-20 21:43:58,249 - cyberbully - INFO - Accuracy: 0.9344
2026-05-20 21:43:58,250 - cyberbully - INFO - Weighted F1: 0.9341
2026-05-20 21:43:58,250 - cyberbully - INFO - Micro F1: 0.9344
2026-05-20 21:43:58,250 - cyberbully - INFO - Inference time: 1.39 seconds
2026-05-20 21:43:58,250 - cyberbully - INFO - Energy consumption: 0.000109 kWh
2026-05-20 21:43:58,252 - cyberbully - INFO - ============================================================
2026-05-20 21:43:58,252 - cyberbully - INFO - Pipeline complete. Results saved to: experiments/grid-search/all-MiniLM-L6-v2/tweeteval/prep1_aug0/seed_67351593
2026-05-20 21:43:58,252 - cyberbully - INFO - ============================================================
