2026-03-27 08:59:21,640 - cyberbully - INFO - ============================================================
2026-03-27 08:59:21,640 - cyberbully - INFO - Cyberbullying Detection Pipeline
2026-03-27 08:59:21,640 - cyberbully - INFO - ============================================================
2026-03-27 08:59:21,640 - cyberbully - INFO - Configuration:
2026-03-27 08:59:21,640 - cyberbully - INFO -   model          : albert/albert-base-v2
2026-03-27 08:59:21,640 - cyberbully - INFO -   dataset        : kaggle
2026-03-27 08:59:21,640 - cyberbully - INFO -   preprocess     : False
2026-03-27 08:59:21,640 - cyberbully - INFO -   augment        : False
2026-03-27 08:59:21,640 - cyberbully - INFO -   compute_attribution: False
2026-03-27 08:59:21,640 - cyberbully - INFO -   seed           : 14298463
2026-03-27 08:59:21,640 - cyberbully - INFO -   epochs         : 10
2026-03-27 08:59:21,640 - cyberbully - INFO -   batch_size     : 64
2026-03-27 08:59:21,640 - cyberbully - INFO -   lr             : 5e-05
2026-03-27 08:59:21,640 - cyberbully - INFO -   max_length     : 128
2026-03-27 08:59:21,640 - cyberbully - INFO -   output_dir     : supcon-grid
2026-03-27 08:59:21,640 - cyberbully - INFO -   data_dir       : dataset
2026-03-27 08:59:21,640 - cyberbully - INFO -   sbert          : False
2026-03-27 08:59:21,640 - cyberbully - INFO -   supcon         : False
2026-03-27 08:59:21,640 - cyberbully - INFO -   supcon_weight  : 0.1
2026-03-27 08:59:21,640 - cyberbully - INFO -   proj_dim       : 128
2026-03-27 08:59:21,640 - cyberbully - INFO -   grad_accum_steps: 1
2026-03-27 08:59:21,640 - cyberbully - INFO -   overwrite      : False
2026-03-27 08:59:21,640 - cyberbully - INFO -   device         : cuda
2026-03-27 08:59:21,640 - cyberbully - INFO -   output_dir     : experiments/supcon-grid/albert_albert-base-v2/kaggle/prep0_aug0/seed_14298463
2026-03-27 08:59:21,640 - cyberbully - INFO - ============================================================
2026-03-27 08:59:21,640 - cyberbully - INFO - Step 1: Preparing data...
2026-03-27 08:59:21,687 - cyberbully - INFO - Loaded pre-split data from dataset/kaggle — train: 25604, val: 6401, test: 8002
2026-03-27 08:59:21,687 - cyberbully - INFO - Label mapping: {'age': 0, 'ethnicity': 1, 'gender': 2, 'other_cyberbullying': 3, 'religion': 4}
2026-03-27 08:59:21,697 - cyberbully - INFO - Number of classes: 5
2026-03-27 08:59:21,698 - cyberbully - INFO - Step 2: Loading model and tokenizer...
2026-03-27 08:59:21,699 - cyberbully - INFO - Loading model 'albert/albert-base-v2' with 5 labels (sbert=False, supcon=False)
2026-03-27 08:59:22,392 - cyberbully - INFO - Step 3: Creating datasets...
2026-03-27 08:59:23,112 - cyberbully - INFO - Dataset sizes — train: 25604, val: 6401, test: 8002
2026-03-27 08:59:23,112 - cyberbully - INFO - Step 4: Training...
2026-03-27 08:59:23,161 - cyberbully - INFO - Starting training...
2026-03-27 09:11:43,799 - cyberbully - INFO - Training complete.
2026-03-27 09:11:43,808 - cyberbully - INFO - Removed checkpoint: experiments/supcon-grid/albert_albert-base-v2/kaggle/prep0_aug0/seed_14298463/checkpoint-3208
2026-03-27 09:11:43,818 - cyberbully - INFO - Removed checkpoint: experiments/supcon-grid/albert_albert-base-v2/kaggle/prep0_aug0/seed_14298463/checkpoint-4010
2026-03-27 09:11:43,828 - cyberbully - INFO - Removed checkpoint: experiments/supcon-grid/albert_albert-base-v2/kaggle/prep0_aug0/seed_14298463/checkpoint-1203
2026-03-27 09:11:43,837 - cyberbully - INFO - Removed checkpoint: experiments/supcon-grid/albert_albert-base-v2/kaggle/prep0_aug0/seed_14298463/checkpoint-2005
2026-03-27 09:11:43,847 - cyberbully - INFO - Removed checkpoint: experiments/supcon-grid/albert_albert-base-v2/kaggle/prep0_aug0/seed_14298463/checkpoint-2807
2026-03-27 09:11:43,857 - cyberbully - INFO - Removed checkpoint: experiments/supcon-grid/albert_albert-base-v2/kaggle/prep0_aug0/seed_14298463/checkpoint-1604
2026-03-27 09:11:43,867 - cyberbully - INFO - Removed checkpoint: experiments/supcon-grid/albert_albert-base-v2/kaggle/prep0_aug0/seed_14298463/checkpoint-802
2026-03-27 09:11:43,877 - cyberbully - INFO - Removed checkpoint: experiments/supcon-grid/albert_albert-base-v2/kaggle/prep0_aug0/seed_14298463/checkpoint-2406
2026-03-27 09:11:43,886 - cyberbully - INFO - Removed checkpoint: experiments/supcon-grid/albert_albert-base-v2/kaggle/prep0_aug0/seed_14298463/checkpoint-401
2026-03-27 09:11:43,896 - cyberbully - INFO - Removed checkpoint: experiments/supcon-grid/albert_albert-base-v2/kaggle/prep0_aug0/seed_14298463/checkpoint-3609
2026-03-27 09:11:43,896 - cyberbully - INFO - Step 5: Evaluating on test set...
2026-03-27 09:11:54,990 - cyberbully - INFO - Metrics saved to experiments/supcon-grid/albert_albert-base-v2/kaggle/prep0_aug0/seed_14298463/metrics.json
2026-03-27 09:11:54,990 - cyberbully - INFO - Confusion matrix saved to experiments/supcon-grid/albert_albert-base-v2/kaggle/prep0_aug0/seed_14298463/confusion_matrix.json
2026-03-27 09:11:55,071 - cyberbully - INFO - Per-sample predictions saved to experiments/supcon-grid/albert_albert-base-v2/kaggle/prep0_aug0/seed_14298463/predictions.json
2026-03-27 09:11:55,176 - cyberbully - INFO - Confusion matrix figure saved to experiments/supcon-grid/albert_albert-base-v2/kaggle/prep0_aug0/seed_14298463/confusion_matrix.pdf
2026-03-27 09:11:55,176 - cyberbully - INFO - Accuracy: 0.9518
2026-03-27 09:11:55,176 - cyberbully - INFO - Weighted F1: 0.9521
2026-03-27 09:11:55,176 - cyberbully - INFO - Micro F1: 0.9518
2026-03-27 09:11:55,176 - cyberbully - INFO - Inference time: 6.89 seconds
2026-03-27 09:11:55,176 - cyberbully - INFO - Energy consumption: 0.000367 kWh
2026-03-27 09:11:55,178 - cyberbully - INFO - ============================================================
2026-03-27 09:11:55,178 - cyberbully - INFO - Pipeline complete. Results saved to: experiments/supcon-grid/albert_albert-base-v2/kaggle/prep0_aug0/seed_14298463
2026-03-27 09:11:55,178 - cyberbully - INFO - ============================================================
