2026-03-21 10:33:35,724 - cyberbully - INFO - ============================================================
2026-03-21 10:33:35,724 - cyberbully - INFO - Cyberbullying Detection Pipeline
2026-03-21 10:33:35,724 - cyberbully - INFO - ============================================================
2026-03-21 10:33:35,724 - cyberbully - INFO - Configuration:
2026-03-21 10:33:35,724 - cyberbully - INFO -   model          : albert/albert-base-v2
2026-03-21 10:33:35,724 - cyberbully - INFO -   dataset        : ieee
2026-03-21 10:33:35,724 - cyberbully - INFO -   preprocess     : False
2026-03-21 10:33:35,724 - cyberbully - INFO -   augment        : False
2026-03-21 10:33:35,724 - cyberbully - INFO -   compute_attribution: False
2026-03-21 10:33:35,724 - cyberbully - INFO -   seed           : 90995999
2026-03-21 10:33:35,724 - cyberbully - INFO -   epochs         : 10
2026-03-21 10:33:35,724 - cyberbully - INFO -   batch_size     : 32
2026-03-21 10:33:35,725 - cyberbully - INFO -   lr             : 5e-05
2026-03-21 10:33:35,725 - cyberbully - INFO -   max_length     : 128
2026-03-21 10:33:35,725 - cyberbully - INFO -   output_dir     : grid-search
2026-03-21 10:33:35,725 - cyberbully - INFO -   data_dir       : dataset
2026-03-21 10:33:35,725 - cyberbully - INFO -   sbert          : False
2026-03-21 10:33:35,725 - cyberbully - INFO -   supcon         : False
2026-03-21 10:33:35,725 - cyberbully - INFO -   supcon_weight  : 0.1
2026-03-21 10:33:35,725 - cyberbully - INFO -   proj_dim       : 128
2026-03-21 10:33:35,725 - cyberbully - INFO -   grad_accum_steps: 1
2026-03-21 10:33:35,725 - cyberbully - INFO -   overwrite      : False
2026-03-21 10:33:35,725 - cyberbully - INFO -   device         : cuda
2026-03-21 10:33:35,725 - cyberbully - INFO -   output_dir     : experiments/grid-search/albert_albert-base-v2/ieee/prep0_aug0/seed_90995999
2026-03-21 10:33:35,725 - cyberbully - INFO - ============================================================
2026-03-21 10:33:35,725 - cyberbully - INFO - Step 1: Preparing data...
2026-03-21 10:33:35,728 - cyberbully - INFO - Loaded pre-split data from dataset/ieee — train: 1348, val: 338, test: 422
2026-03-21 10:33:35,728 - cyberbully - INFO - Label mapping: {'Cyberstalking': 0, 'Doxing': 1, 'Revenge Porn': 2, 'Sexual Harassment': 3, 'Slut Shaming': 4}
2026-03-21 10:33:35,730 - cyberbully - INFO - Number of classes: 5
2026-03-21 10:33:35,731 - cyberbully - INFO - Step 2: Loading model and tokenizer...
2026-03-21 10:33:35,731 - cyberbully - INFO - Loading model 'albert/albert-base-v2' with 5 labels (sbert=False, supcon=False)
2026-03-21 10:33:36,417 - cyberbully - INFO - Step 3: Creating datasets...
2026-03-21 10:33:36,445 - cyberbully - INFO - Dataset sizes — train: 1348, val: 338, test: 422
2026-03-21 10:33:36,445 - cyberbully - INFO - Step 4: Training...
2026-03-21 10:33:36,496 - cyberbully - INFO - Starting training...
2026-03-21 10:34:17,014 - cyberbully - INFO - Training complete.
2026-03-21 10:34:17,026 - cyberbully - INFO - Removed checkpoint: experiments/grid-search/albert_albert-base-v2/ieee/prep0_aug0/seed_90995999/checkpoint-215
2026-03-21 10:34:17,038 - cyberbully - INFO - Removed checkpoint: experiments/grid-search/albert_albert-base-v2/ieee/prep0_aug0/seed_90995999/checkpoint-387
2026-03-21 10:34:17,049 - cyberbully - INFO - Removed checkpoint: experiments/grid-search/albert_albert-base-v2/ieee/prep0_aug0/seed_90995999/checkpoint-86
2026-03-21 10:34:17,060 - cyberbully - INFO - Removed checkpoint: experiments/grid-search/albert_albert-base-v2/ieee/prep0_aug0/seed_90995999/checkpoint-129
2026-03-21 10:34:17,073 - cyberbully - INFO - Removed checkpoint: experiments/grid-search/albert_albert-base-v2/ieee/prep0_aug0/seed_90995999/checkpoint-344
2026-03-21 10:34:17,084 - cyberbully - INFO - Removed checkpoint: experiments/grid-search/albert_albert-base-v2/ieee/prep0_aug0/seed_90995999/checkpoint-258
2026-03-21 10:34:17,095 - cyberbully - INFO - Removed checkpoint: experiments/grid-search/albert_albert-base-v2/ieee/prep0_aug0/seed_90995999/checkpoint-43
2026-03-21 10:34:17,108 - cyberbully - INFO - Removed checkpoint: experiments/grid-search/albert_albert-base-v2/ieee/prep0_aug0/seed_90995999/checkpoint-301
2026-03-21 10:34:17,120 - cyberbully - INFO - Removed checkpoint: experiments/grid-search/albert_albert-base-v2/ieee/prep0_aug0/seed_90995999/checkpoint-172
2026-03-21 10:34:17,130 - cyberbully - INFO - Removed checkpoint: experiments/grid-search/albert_albert-base-v2/ieee/prep0_aug0/seed_90995999/checkpoint-430
2026-03-21 10:34:17,130 - cyberbully - INFO - Step 5: Evaluating on test set...
2026-03-21 10:34:22,698 - cyberbully - INFO - Metrics saved to experiments/grid-search/albert_albert-base-v2/ieee/prep0_aug0/seed_90995999/metrics.json
2026-03-21 10:34:22,698 - cyberbully - INFO - Confusion matrix saved to experiments/grid-search/albert_albert-base-v2/ieee/prep0_aug0/seed_90995999/confusion_matrix.json
2026-03-21 10:34:22,703 - cyberbully - INFO - Per-sample predictions saved to experiments/grid-search/albert_albert-base-v2/ieee/prep0_aug0/seed_90995999/predictions.json
2026-03-21 10:34:22,810 - cyberbully - INFO - Confusion matrix figure saved to experiments/grid-search/albert_albert-base-v2/ieee/prep0_aug0/seed_90995999/confusion_matrix.pdf
2026-03-21 10:34:22,810 - cyberbully - INFO - Accuracy: 0.8033
2026-03-21 10:34:22,810 - cyberbully - INFO - Weighted F1: 0.8055
2026-03-21 10:34:22,810 - cyberbully - INFO - Micro F1: 0.8033
2026-03-21 10:34:22,810 - cyberbully - INFO - Inference time: 0.38 seconds
2026-03-21 10:34:22,810 - cyberbully - INFO - Energy consumption: 0.000026 kWh
2026-03-21 10:34:22,810 - cyberbully - INFO - ============================================================
2026-03-21 10:34:22,810 - cyberbully - INFO - Pipeline complete. Results saved to: experiments/grid-search/albert_albert-base-v2/ieee/prep0_aug0/seed_90995999
2026-03-21 10:34:22,810 - cyberbully - INFO - ============================================================
