2026-06-16 04:18:25,460 - cyberbully - INFO - Model 'all-MiniLM-L6-v2' detected as SBERT-based. Using SBERTClassifier pipeline.
2026-06-16 04:18:25,460 - cyberbully - INFO - ============================================================
2026-06-16 04:18:25,460 - cyberbully - INFO - Cyberbullying Detection Pipeline
2026-06-16 04:18:25,460 - cyberbully - INFO - ============================================================
2026-06-16 04:18:25,460 - cyberbully - INFO - Configuration:
2026-06-16 04:18:25,460 - cyberbully - INFO -   model          : all-MiniLM-L6-v2
2026-06-16 04:18:25,460 - cyberbully - INFO -   dataset        : kaggle
2026-06-16 04:18:25,460 - cyberbully - INFO -   preprocess     : False
2026-06-16 04:18:25,460 - cyberbully - INFO -   prep_mode      : 2
2026-06-16 04:18:25,460 - cyberbully - INFO -   augment        : False
2026-06-16 04:18:25,460 - cyberbully - INFO -   compute_attribution: False
2026-06-16 04:18:25,460 - cyberbully - INFO -   seed           : 99511865
2026-06-16 04:18:25,460 - cyberbully - INFO -   epochs         : 10
2026-06-16 04:18:25,460 - cyberbully - INFO -   batch_size     : 32
2026-06-16 04:18:25,460 - cyberbully - INFO -   lr             : 5e-05
2026-06-16 04:18:25,460 - cyberbully - INFO -   max_length     : 128
2026-06-16 04:18:25,460 - cyberbully - INFO -   output_dir     : grid-search
2026-06-16 04:18:25,460 - cyberbully - INFO -   data_dir       : dataset
2026-06-16 04:18:25,460 - cyberbully - INFO -   sbert          : True
2026-06-16 04:18:25,460 - cyberbully - INFO -   supcon         : False
2026-06-16 04:18:25,460 - cyberbully - INFO -   supcon_weight  : 0.1
2026-06-16 04:18:25,460 - cyberbully - INFO -   proj_dim       : 128
2026-06-16 04:18:25,460 - cyberbully - INFO -   grad_accum_steps: 1
2026-06-16 04:18:25,460 - cyberbully - INFO -   overwrite      : False
2026-06-16 04:18:25,460 - cyberbully - INFO -   device         : cuda
2026-06-16 04:18:25,460 - cyberbully - INFO -   output_dir     : experiments/grid-search/all-MiniLM-L6-v2/kaggle/prep2_aug0/seed_99511865
2026-06-16 04:18:25,460 - cyberbully - INFO - ============================================================
2026-06-16 04:18:25,461 - cyberbully - INFO - Step 1: Preparing data...
2026-06-16 04:18:25,508 - cyberbully - INFO - Loaded pre-split data from dataset/kaggle — train: 25604, val: 6401, test: 8002
2026-06-16 04:18:25,508 - cyberbully - INFO - Label mapping: {'age': 0, 'ethnicity': 1, 'gender': 2, 'other_cyberbullying': 3, 'religion': 4}
2026-06-16 04:18:25,509 - cyberbully - INFO - Applying partial text preprocessing per split...
2026-06-16 04:18:26,843 - cyberbully - INFO - After preprocessing -- train: 25604, val: 6401, test: 8002
2026-06-16 04:18:26,846 - cyberbully - INFO - Number of classes: 5
2026-06-16 04:18:26,847 - cyberbully - INFO - Step 2: Loading model and tokenizer...
2026-06-16 04:18:26,847 - cyberbully - INFO - Loading model 'all-MiniLM-L6-v2' with 5 labels (sbert=True, supcon=False)
2026-06-16 04:18:32,435 - cyberbully - INFO - SBERTClassifier: embedding_dim=384, hidden=256, proj_dim=None, num_labels=5
2026-06-16 04:18:33,006 - cyberbully - INFO - Step 3: Creating datasets...
2026-06-16 04:18:33,827 - cyberbully - INFO - Dataset sizes — train: 25604, val: 6401, test: 8002
2026-06-16 04:18:33,827 - cyberbully - INFO - Step 4: Training...
2026-06-16 04:18:33,843 - cyberbully - INFO - Starting training...
2026-06-16 04:20:37,588 - cyberbully - INFO - Training complete.
2026-06-16 04:20:37,605 - cyberbully - INFO - Removed checkpoint: experiments/grid-search/all-MiniLM-L6-v2/kaggle/prep2_aug0/seed_99511865/checkpoint-4806
2026-06-16 04:20:37,626 - cyberbully - INFO - Removed checkpoint: experiments/grid-search/all-MiniLM-L6-v2/kaggle/prep2_aug0/seed_99511865/checkpoint-7209
2026-06-16 04:20:37,646 - cyberbully - INFO - Removed checkpoint: experiments/grid-search/all-MiniLM-L6-v2/kaggle/prep2_aug0/seed_99511865/checkpoint-6408
2026-06-16 04:20:37,663 - cyberbully - INFO - Removed checkpoint: experiments/grid-search/all-MiniLM-L6-v2/kaggle/prep2_aug0/seed_99511865/checkpoint-5607
2026-06-16 04:20:37,683 - cyberbully - INFO - Removed checkpoint: experiments/grid-search/all-MiniLM-L6-v2/kaggle/prep2_aug0/seed_99511865/checkpoint-8010
2026-06-16 04:20:37,700 - cyberbully - INFO - Removed checkpoint: experiments/grid-search/all-MiniLM-L6-v2/kaggle/prep2_aug0/seed_99511865/checkpoint-3204
2026-06-16 04:20:37,717 - cyberbully - INFO - Removed checkpoint: experiments/grid-search/all-MiniLM-L6-v2/kaggle/prep2_aug0/seed_99511865/checkpoint-1602
2026-06-16 04:20:37,733 - cyberbully - INFO - Removed checkpoint: experiments/grid-search/all-MiniLM-L6-v2/kaggle/prep2_aug0/seed_99511865/checkpoint-801
2026-06-16 04:20:37,750 - cyberbully - INFO - Removed checkpoint: experiments/grid-search/all-MiniLM-L6-v2/kaggle/prep2_aug0/seed_99511865/checkpoint-2403
2026-06-16 04:20:37,766 - cyberbully - INFO - Removed checkpoint: experiments/grid-search/all-MiniLM-L6-v2/kaggle/prep2_aug0/seed_99511865/checkpoint-4005
2026-06-16 04:20:37,766 - cyberbully - INFO - Step 5: Evaluating on test set...
2026-06-16 04:20:44,660 - cyberbully - INFO - Metrics saved to experiments/grid-search/all-MiniLM-L6-v2/kaggle/prep2_aug0/seed_99511865/metrics.json
2026-06-16 04:20:44,660 - cyberbully - INFO - Confusion matrix saved to experiments/grid-search/all-MiniLM-L6-v2/kaggle/prep2_aug0/seed_99511865/confusion_matrix.json
2026-06-16 04:20:44,750 - cyberbully - INFO - Per-sample predictions saved to experiments/grid-search/all-MiniLM-L6-v2/kaggle/prep2_aug0/seed_99511865/predictions.json
2026-06-16 04:20:44,859 - cyberbully - INFO - Confusion matrix figure saved to experiments/grid-search/all-MiniLM-L6-v2/kaggle/prep2_aug0/seed_99511865/confusion_matrix.pdf
2026-06-16 04:20:44,859 - cyberbully - INFO - Accuracy: 0.9471
2026-06-16 04:20:44,859 - cyberbully - INFO - Weighted F1: 0.9472
2026-06-16 04:20:44,859 - cyberbully - INFO - Micro F1: 0.9471
2026-06-16 04:20:44,859 - cyberbully - INFO - Inference time: 0.83 seconds
2026-06-16 04:20:44,859 - cyberbully - INFO - Energy consumption: 0.000050 kWh
2026-06-16 04:20:44,861 - cyberbully - INFO - ============================================================
2026-06-16 04:20:44,861 - cyberbully - INFO - Pipeline complete. Results saved to: experiments/grid-search/all-MiniLM-L6-v2/kaggle/prep2_aug0/seed_99511865
2026-06-16 04:20:44,861 - cyberbully - INFO - ============================================================
