2026-04-12 17:56:17,044 - cyberbully - INFO - ============================================================
2026-04-12 17:56:17,044 - cyberbully - INFO - Cyberbullying Detection Pipeline
2026-04-12 17:56:17,044 - cyberbully - INFO - ============================================================
2026-04-12 17:56:17,045 - cyberbully - INFO - Configuration:
2026-04-12 17:56:17,045 - cyberbully - INFO -   model          : roberta-base
2026-04-12 17:56:17,045 - cyberbully - INFO -   dataset        : tweeteval
2026-04-12 17:56:17,045 - cyberbully - INFO -   preprocess     : False
2026-04-12 17:56:17,045 - cyberbully - INFO -   augment        : True
2026-04-12 17:56:17,045 - cyberbully - INFO -   compute_attribution: False
2026-04-12 17:56:17,045 - cyberbully - INFO -   seed           : 67351593
2026-04-12 17:56:17,045 - cyberbully - INFO -   epochs         : 10
2026-04-12 17:56:17,045 - cyberbully - INFO -   batch_size     : 32
2026-04-12 17:56:17,045 - cyberbully - INFO -   lr             : 5e-05
2026-04-12 17:56:17,045 - cyberbully - INFO -   max_length     : 128
2026-04-12 17:56:17,045 - cyberbully - INFO -   output_dir     : grid-search
2026-04-12 17:56:17,045 - cyberbully - INFO -   data_dir       : dataset
2026-04-12 17:56:17,045 - cyberbully - INFO -   sbert          : False
2026-04-12 17:56:17,045 - cyberbully - INFO -   supcon         : False
2026-04-12 17:56:17,045 - cyberbully - INFO -   supcon_weight  : 0.1
2026-04-12 17:56:17,045 - cyberbully - INFO -   proj_dim       : 128
2026-04-12 17:56:17,045 - cyberbully - INFO -   grad_accum_steps: 1
2026-04-12 17:56:17,045 - cyberbully - INFO -   overwrite      : False
2026-04-12 17:56:17,045 - cyberbully - INFO -   device         : cuda
2026-04-12 17:56:17,045 - cyberbully - INFO -   output_dir     : experiments/grid-search/roberta-base/tweeteval/prep0_aug1/seed_67351593
2026-04-12 17:56:17,045 - cyberbully - INFO - ============================================================
2026-04-12 17:56:17,045 - cyberbully - INFO - Step 1: Preparing data...
2026-04-12 17:56:17,093 - cyberbully - INFO - Loaded pre-split data from dataset/tweeteval — train: 32485, val: 8122, test: 10152
2026-04-12 17:56:17,093 - cyberbully - INFO - Label mapping: {'emotion': 0, 'hate': 1, 'offensive': 2, 'religion': 3, 'spiritual': 4}
2026-04-12 17:56:17,095 - cyberbully - INFO - Applying training data augmentation (oversampling)...
2026-04-12 17:56:17,101 - cyberbully - INFO - After oversampling — class distribution: {0: 8985, 1: 8985, 2: 8985, 3: 8985, 4: 8985}
2026-04-12 17:56:17,111 - cyberbully - INFO - Number of classes: 5
2026-04-12 17:56:17,112 - cyberbully - INFO - Step 2: Loading model and tokenizer...
2026-04-12 17:56:17,112 - cyberbully - INFO - Loading model 'roberta-base' with 5 labels (sbert=False, supcon=False)
2026-04-12 17:56:18,453 - cyberbully - INFO - Step 3: Creating datasets...
2026-04-12 17:56:19,508 - cyberbully - INFO - Dataset sizes — train: 44925, val: 8122, test: 10152
2026-04-12 17:56:19,508 - cyberbully - INFO - Step 4: Training...
2026-04-12 17:56:19,760 - cyberbully - INFO - Starting training...
2026-04-12 18:15:40,359 - cyberbully - INFO - Training complete.
2026-04-12 18:15:40,441 - cyberbully - INFO - Removed checkpoint: experiments/grid-search/roberta-base/tweeteval/prep0_aug1/seed_67351593/checkpoint-14040
2026-04-12 18:15:40,514 - cyberbully - INFO - Removed checkpoint: experiments/grid-search/roberta-base/tweeteval/prep0_aug1/seed_67351593/checkpoint-2808
2026-04-12 18:15:40,585 - cyberbully - INFO - Removed checkpoint: experiments/grid-search/roberta-base/tweeteval/prep0_aug1/seed_67351593/checkpoint-5616
2026-04-12 18:15:40,656 - cyberbully - INFO - Removed checkpoint: experiments/grid-search/roberta-base/tweeteval/prep0_aug1/seed_67351593/checkpoint-7020
2026-04-12 18:15:40,727 - cyberbully - INFO - Removed checkpoint: experiments/grid-search/roberta-base/tweeteval/prep0_aug1/seed_67351593/checkpoint-4212
2026-04-12 18:15:40,797 - cyberbully - INFO - Removed checkpoint: experiments/grid-search/roberta-base/tweeteval/prep0_aug1/seed_67351593/checkpoint-12636
2026-04-12 18:15:40,871 - cyberbully - INFO - Removed checkpoint: experiments/grid-search/roberta-base/tweeteval/prep0_aug1/seed_67351593/checkpoint-1404
2026-04-12 18:15:40,941 - cyberbully - INFO - Removed checkpoint: experiments/grid-search/roberta-base/tweeteval/prep0_aug1/seed_67351593/checkpoint-8424
2026-04-12 18:15:41,011 - cyberbully - INFO - Removed checkpoint: experiments/grid-search/roberta-base/tweeteval/prep0_aug1/seed_67351593/checkpoint-11232
2026-04-12 18:15:41,080 - cyberbully - INFO - Removed checkpoint: experiments/grid-search/roberta-base/tweeteval/prep0_aug1/seed_67351593/checkpoint-9828
2026-04-12 18:15:41,080 - cyberbully - INFO - Step 5: Evaluating on test set...
2026-04-12 18:15:59,036 - cyberbully - INFO - Metrics saved to experiments/grid-search/roberta-base/tweeteval/prep0_aug1/seed_67351593/metrics.json
2026-04-12 18:15:59,036 - cyberbully - INFO - Confusion matrix saved to experiments/grid-search/roberta-base/tweeteval/prep0_aug1/seed_67351593/confusion_matrix.json
2026-04-12 18:15:59,141 - cyberbully - INFO - Per-sample predictions saved to experiments/grid-search/roberta-base/tweeteval/prep0_aug1/seed_67351593/predictions.json
2026-04-12 18:15:59,242 - cyberbully - INFO - Confusion matrix figure saved to experiments/grid-search/roberta-base/tweeteval/prep0_aug1/seed_67351593/confusion_matrix.pdf
2026-04-12 18:15:59,242 - cyberbully - INFO - Accuracy: 0.9756
2026-04-12 18:15:59,242 - cyberbully - INFO - Weighted F1: 0.9756
2026-04-12 18:15:59,242 - cyberbully - INFO - Micro F1: 0.9756
2026-04-12 18:15:59,242 - cyberbully - INFO - Inference time: 6.10 seconds
2026-04-12 18:15:59,242 - cyberbully - INFO - Energy consumption: 0.000401 kWh
2026-04-12 18:15:59,244 - cyberbully - INFO - ============================================================
2026-04-12 18:15:59,244 - cyberbully - INFO - Pipeline complete. Results saved to: experiments/grid-search/roberta-base/tweeteval/prep0_aug1/seed_67351593
2026-04-12 18:15:59,244 - cyberbully - INFO - ============================================================
