2026-03-23 19:04:14,652 - cyberbully - INFO - ============================================================
2026-03-23 19:04:14,652 - cyberbully - INFO - Cyberbullying Detection Pipeline
2026-03-23 19:04:14,652 - cyberbully - INFO - ============================================================
2026-03-23 19:04:14,652 - cyberbully - INFO - Configuration:
2026-03-23 19:04:14,652 - cyberbully - INFO -   model          : roberta-base
2026-03-23 19:04:14,652 - cyberbully - INFO -   dataset        : kaggle
2026-03-23 19:04:14,652 - cyberbully - INFO -   preprocess     : True
2026-03-23 19:04:14,652 - cyberbully - INFO -   augment        : True
2026-03-23 19:04:14,652 - cyberbully - INFO -   compute_attribution: False
2026-03-23 19:04:14,652 - cyberbully - INFO -   seed           : 90995999
2026-03-23 19:04:14,652 - cyberbully - INFO -   epochs         : 10
2026-03-23 19:04:14,652 - cyberbully - INFO -   batch_size     : 32
2026-03-23 19:04:14,652 - cyberbully - INFO -   lr             : 5e-05
2026-03-23 19:04:14,652 - cyberbully - INFO -   max_length     : 128
2026-03-23 19:04:14,652 - cyberbully - INFO -   output_dir     : grid-search
2026-03-23 19:04:14,652 - cyberbully - INFO -   data_dir       : dataset
2026-03-23 19:04:14,652 - cyberbully - INFO -   sbert          : False
2026-03-23 19:04:14,652 - cyberbully - INFO -   supcon         : False
2026-03-23 19:04:14,652 - cyberbully - INFO -   supcon_weight  : 0.1
2026-03-23 19:04:14,652 - cyberbully - INFO -   proj_dim       : 128
2026-03-23 19:04:14,652 - cyberbully - INFO -   grad_accum_steps: 1
2026-03-23 19:04:14,652 - cyberbully - INFO -   overwrite      : False
2026-03-23 19:04:14,652 - cyberbully - INFO -   device         : cuda
2026-03-23 19:04:14,652 - cyberbully - INFO -   output_dir     : experiments/grid-search/roberta-base/kaggle/prep1_aug1/seed_90995999
2026-03-23 19:04:14,652 - cyberbully - INFO - ============================================================
2026-03-23 19:04:14,652 - cyberbully - INFO - Step 1: Preparing data...
2026-03-23 19:04:14,700 - cyberbully - INFO - Loaded pre-split data from dataset/kaggle — train: 25604, val: 6401, test: 8002
2026-03-23 19:04:14,700 - cyberbully - INFO - Label mapping: {'age': 0, 'ethnicity': 1, 'gender': 2, 'other_cyberbullying': 3, 'religion': 4}
2026-03-23 19:04:14,700 - cyberbully - INFO - Applying text preprocessing per split...
2026-03-23 19:05:00,424 - cyberbully - INFO - After preprocessing — train: 23566, val: 5978, test: 7411
2026-03-23 19:05:00,426 - cyberbully - INFO - Applying training data augmentation (oversampling)...
2026-03-23 19:05:00,430 - cyberbully - INFO - After oversampling — class distribution: {0: 5065, 1: 5065, 2: 5065, 3: 5065, 4: 5065}
2026-03-23 19:05:00,440 - cyberbully - INFO - Number of classes: 5
2026-03-23 19:05:00,441 - cyberbully - INFO - Step 2: Loading model and tokenizer...
2026-03-23 19:05:00,441 - cyberbully - INFO - Loading model 'roberta-base' with 5 labels (sbert=False, supcon=False)
2026-03-23 19:05:01,145 - cyberbully - INFO - Step 3: Creating datasets...
2026-03-23 19:05:01,755 - cyberbully - INFO - Dataset sizes — train: 25325, val: 5978, test: 7411
2026-03-23 19:05:01,755 - cyberbully - INFO - Step 4: Training...
2026-03-23 19:05:01,897 - cyberbully - INFO - Starting training...
2026-03-23 19:14:33,593 - cyberbully - INFO - Training complete.
2026-03-23 19:14:33,694 - cyberbully - INFO - Removed checkpoint: experiments/grid-search/roberta-base/kaggle/prep1_aug1/seed_90995999/checkpoint-3960
2026-03-23 19:14:33,795 - cyberbully - INFO - Removed checkpoint: experiments/grid-search/roberta-base/kaggle/prep1_aug1/seed_90995999/checkpoint-1584
2026-03-23 19:14:33,882 - cyberbully - INFO - Removed checkpoint: experiments/grid-search/roberta-base/kaggle/prep1_aug1/seed_90995999/checkpoint-7128
2026-03-23 19:14:33,956 - cyberbully - INFO - Removed checkpoint: experiments/grid-search/roberta-base/kaggle/prep1_aug1/seed_90995999/checkpoint-792
2026-03-23 19:14:34,045 - cyberbully - INFO - Removed checkpoint: experiments/grid-search/roberta-base/kaggle/prep1_aug1/seed_90995999/checkpoint-4752
2026-03-23 19:14:34,140 - cyberbully - INFO - Removed checkpoint: experiments/grid-search/roberta-base/kaggle/prep1_aug1/seed_90995999/checkpoint-2376
2026-03-23 19:14:34,228 - cyberbully - INFO - Removed checkpoint: experiments/grid-search/roberta-base/kaggle/prep1_aug1/seed_90995999/checkpoint-5544
2026-03-23 19:14:34,321 - cyberbully - INFO - Removed checkpoint: experiments/grid-search/roberta-base/kaggle/prep1_aug1/seed_90995999/checkpoint-3168
2026-03-23 19:14:34,410 - cyberbully - INFO - Removed checkpoint: experiments/grid-search/roberta-base/kaggle/prep1_aug1/seed_90995999/checkpoint-6336
2026-03-23 19:14:34,506 - cyberbully - INFO - Removed checkpoint: experiments/grid-search/roberta-base/kaggle/prep1_aug1/seed_90995999/checkpoint-7920
2026-03-23 19:14:34,506 - cyberbully - INFO - Step 5: Evaluating on test set...
2026-03-23 19:14:41,958 - cyberbully - INFO - Metrics saved to experiments/grid-search/roberta-base/kaggle/prep1_aug1/seed_90995999/metrics.json
2026-03-23 19:14:41,958 - cyberbully - INFO - Confusion matrix saved to experiments/grid-search/roberta-base/kaggle/prep1_aug1/seed_90995999/confusion_matrix.json
2026-03-23 19:14:42,032 - cyberbully - INFO - Per-sample predictions saved to experiments/grid-search/roberta-base/kaggle/prep1_aug1/seed_90995999/predictions.json
2026-03-23 19:14:42,138 - cyberbully - INFO - Confusion matrix figure saved to experiments/grid-search/roberta-base/kaggle/prep1_aug1/seed_90995999/confusion_matrix.pdf
2026-03-23 19:14:42,138 - cyberbully - INFO - Accuracy: 0.9509
2026-03-23 19:14:42,138 - cyberbully - INFO - Weighted F1: 0.9512
2026-03-23 19:14:42,138 - cyberbully - INFO - Micro F1: 0.9509
2026-03-23 19:14:42,138 - cyberbully - INFO - Inference time: 3.18 seconds
2026-03-23 19:14:42,138 - cyberbully - INFO - Energy consumption: 0.000173 kWh
2026-03-23 19:14:42,139 - cyberbully - INFO - ============================================================
2026-03-23 19:14:42,139 - cyberbully - INFO - Pipeline complete. Results saved to: experiments/grid-search/roberta-base/kaggle/prep1_aug1/seed_90995999
2026-03-23 19:14:42,139 - cyberbully - INFO - ============================================================
