2026-04-17 02:20:08,472 - cyberbully - INFO - Model 'all-MiniLM-L12-v2' detected as SBERT-based. Using SBERTClassifier pipeline.
2026-04-17 02:20:08,473 - cyberbully - INFO - ============================================================
2026-04-17 02:20:08,473 - cyberbully - INFO - Cyberbullying Detection Pipeline
2026-04-17 02:20:08,473 - cyberbully - INFO - ============================================================
2026-04-17 02:20:08,473 - cyberbully - INFO - Configuration:
2026-04-17 02:20:08,473 - cyberbully - INFO -   model          : all-MiniLM-L12-v2
2026-04-17 02:20:08,473 - cyberbully - INFO -   dataset        : ieee
2026-04-17 02:20:08,473 - cyberbully - INFO -   preprocess     : True
2026-04-17 02:20:08,473 - cyberbully - INFO -   augment        : True
2026-04-17 02:20:08,473 - cyberbully - INFO -   compute_attribution: False
2026-04-17 02:20:08,473 - cyberbully - INFO -   seed           : 52680723
2026-04-17 02:20:08,473 - cyberbully - INFO -   epochs         : 10
2026-04-17 02:20:08,473 - cyberbully - INFO -   batch_size     : 32
2026-04-17 02:20:08,473 - cyberbully - INFO -   lr             : 5e-05
2026-04-17 02:20:08,473 - cyberbully - INFO -   max_length     : 128
2026-04-17 02:20:08,473 - cyberbully - INFO -   output_dir     : grid-search
2026-04-17 02:20:08,473 - cyberbully - INFO -   data_dir       : dataset
2026-04-17 02:20:08,473 - cyberbully - INFO -   sbert          : True
2026-04-17 02:20:08,473 - cyberbully - INFO -   supcon         : False
2026-04-17 02:20:08,473 - cyberbully - INFO -   supcon_weight  : 0.1
2026-04-17 02:20:08,473 - cyberbully - INFO -   proj_dim       : 128
2026-04-17 02:20:08,473 - cyberbully - INFO -   grad_accum_steps: 1
2026-04-17 02:20:08,473 - cyberbully - INFO -   overwrite      : True
2026-04-17 02:20:08,473 - cyberbully - INFO -   device         : cuda
2026-04-17 02:20:08,473 - cyberbully - INFO -   output_dir     : experiments/grid-search/all-MiniLM-L12-v2/ieee/prep1_aug1/seed_52680723
2026-04-17 02:20:08,473 - cyberbully - INFO - ============================================================
2026-04-17 02:20:08,473 - cyberbully - INFO - Step 1: Preparing data...
2026-04-17 02:20:08,477 - cyberbully - INFO - Loaded pre-split data from dataset/ieee — train: 1348, val: 338, test: 422
2026-04-17 02:20:08,477 - cyberbully - INFO - Label mapping: {'Cyberstalking': 0, 'Doxing': 1, 'Revenge Porn': 2, 'Sexual Harassment': 3, 'Slut Shaming': 4}
2026-04-17 02:20:08,477 - cyberbully - INFO - Applying text preprocessing per split...
2026-04-17 02:20:12,489 - cyberbully - INFO - After preprocessing — train: 1176, val: 303, test: 377
2026-04-17 02:20:12,490 - cyberbully - INFO - Applying training data augmentation (oversampling)...
2026-04-17 02:20:12,491 - cyberbully - INFO - After oversampling — class distribution: {0: 288, 1: 288, 2: 288, 3: 288, 4: 288}
2026-04-17 02:20:12,492 - cyberbully - INFO - Number of classes: 5
2026-04-17 02:20:12,493 - cyberbully - INFO - Step 2: Loading model and tokenizer...
2026-04-17 02:20:12,493 - cyberbully - INFO - Loading model 'all-MiniLM-L12-v2' with 5 labels (sbert=True, supcon=False)
2026-04-17 02:20:16,438 - cyberbully - INFO - SBERTClassifier: embedding_dim=384, hidden=256, proj_dim=None, num_labels=5
2026-04-17 02:20:17,009 - cyberbully - INFO - Step 3: Creating datasets...
2026-04-17 02:20:17,042 - cyberbully - INFO - Dataset sizes — train: 1440, val: 303, test: 377
2026-04-17 02:20:17,042 - cyberbully - INFO - Step 4: Training...
2026-04-17 02:20:17,086 - cyberbully - INFO - Starting training...
2026-04-17 02:20:35,141 - cyberbully - INFO - Training complete.
2026-04-17 02:20:35,165 - cyberbully - INFO - Removed checkpoint: experiments/grid-search/all-MiniLM-L12-v2/ieee/prep1_aug1/seed_52680723/checkpoint-90
2026-04-17 02:20:35,189 - cyberbully - INFO - Removed checkpoint: experiments/grid-search/all-MiniLM-L12-v2/ieee/prep1_aug1/seed_52680723/checkpoint-180
2026-04-17 02:20:35,212 - cyberbully - INFO - Removed checkpoint: experiments/grid-search/all-MiniLM-L12-v2/ieee/prep1_aug1/seed_52680723/checkpoint-225
2026-04-17 02:20:35,236 - cyberbully - INFO - Removed checkpoint: experiments/grid-search/all-MiniLM-L12-v2/ieee/prep1_aug1/seed_52680723/checkpoint-135
2026-04-17 02:20:35,259 - cyberbully - INFO - Removed checkpoint: experiments/grid-search/all-MiniLM-L12-v2/ieee/prep1_aug1/seed_52680723/checkpoint-315
2026-04-17 02:20:35,282 - cyberbully - INFO - Removed checkpoint: experiments/grid-search/all-MiniLM-L12-v2/ieee/prep1_aug1/seed_52680723/checkpoint-450
2026-04-17 02:20:35,305 - cyberbully - INFO - Removed checkpoint: experiments/grid-search/all-MiniLM-L12-v2/ieee/prep1_aug1/seed_52680723/checkpoint-360
2026-04-17 02:20:35,711 - cyberbully - INFO - Removed checkpoint: experiments/grid-search/all-MiniLM-L12-v2/ieee/prep1_aug1/seed_52680723/checkpoint-45
2026-04-17 02:20:36,553 - cyberbully - INFO - Removed checkpoint: experiments/grid-search/all-MiniLM-L12-v2/ieee/prep1_aug1/seed_52680723/checkpoint-270
2026-04-17 02:20:36,577 - cyberbully - INFO - Removed checkpoint: experiments/grid-search/all-MiniLM-L12-v2/ieee/prep1_aug1/seed_52680723/checkpoint-405
2026-04-17 02:20:36,577 - cyberbully - INFO - Step 5: Evaluating on test set...
2026-04-17 02:20:41,258 - cyberbully - INFO - Metrics saved to experiments/grid-search/all-MiniLM-L12-v2/ieee/prep1_aug1/seed_52680723/metrics.json
2026-04-17 02:20:41,258 - cyberbully - INFO - Confusion matrix saved to experiments/grid-search/all-MiniLM-L12-v2/ieee/prep1_aug1/seed_52680723/confusion_matrix.json
2026-04-17 02:20:41,262 - cyberbully - INFO - Per-sample predictions saved to experiments/grid-search/all-MiniLM-L12-v2/ieee/prep1_aug1/seed_52680723/predictions.json
2026-04-17 02:20:41,362 - cyberbully - INFO - Confusion matrix figure saved to experiments/grid-search/all-MiniLM-L12-v2/ieee/prep1_aug1/seed_52680723/confusion_matrix.pdf
2026-04-17 02:20:41,362 - cyberbully - INFO - Accuracy: 0.8170
2026-04-17 02:20:41,363 - cyberbully - INFO - Weighted F1: 0.8169
2026-04-17 02:20:41,363 - cyberbully - INFO - Micro F1: 0.8170
2026-04-17 02:20:41,363 - cyberbully - INFO - Inference time: 0.10 seconds
2026-04-17 02:20:41,363 - cyberbully - INFO - Energy consumption: 0.000004 kWh
2026-04-17 02:20:41,363 - cyberbully - INFO - ============================================================
2026-04-17 02:20:41,363 - cyberbully - INFO - Pipeline complete. Results saved to: experiments/grid-search/all-MiniLM-L12-v2/ieee/prep1_aug1/seed_52680723
2026-04-17 02:20:41,363 - cyberbully - INFO - ============================================================
