2026-03-22 15:29:48,821 - cyberbully - INFO - Model 'all-distilroberta-v1' detected as SBERT-based. Using SBERTClassifier pipeline.
2026-03-22 15:29:48,822 - cyberbully - INFO - ============================================================
2026-03-22 15:29:48,822 - cyberbully - INFO - Cyberbullying Detection Pipeline
2026-03-22 15:29:48,822 - cyberbully - INFO - ============================================================
2026-03-22 15:29:48,822 - cyberbully - INFO - Configuration:
2026-03-22 15:29:48,822 - cyberbully - INFO -   model          : all-distilroberta-v1
2026-03-22 15:29:48,822 - cyberbully - INFO -   dataset        : kaggle
2026-03-22 15:29:48,822 - cyberbully - INFO -   preprocess     : False
2026-03-22 15:29:48,822 - cyberbully - INFO -   augment        : False
2026-03-22 15:29:48,822 - cyberbully - INFO -   compute_attribution: False
2026-03-22 15:29:48,822 - cyberbully - INFO -   seed           : 37622020
2026-03-22 15:29:48,822 - cyberbully - INFO -   epochs         : 10
2026-03-22 15:29:48,822 - cyberbully - INFO -   batch_size     : 32
2026-03-22 15:29:48,822 - cyberbully - INFO -   lr             : 5e-05
2026-03-22 15:29:48,822 - cyberbully - INFO -   max_length     : 128
2026-03-22 15:29:48,822 - cyberbully - INFO -   output_dir     : grid-search
2026-03-22 15:29:48,822 - cyberbully - INFO -   data_dir       : dataset
2026-03-22 15:29:48,822 - cyberbully - INFO -   sbert          : True
2026-03-22 15:29:48,822 - cyberbully - INFO -   supcon         : False
2026-03-22 15:29:48,822 - cyberbully - INFO -   supcon_weight  : 0.1
2026-03-22 15:29:48,822 - cyberbully - INFO -   proj_dim       : 128
2026-03-22 15:29:48,822 - cyberbully - INFO -   grad_accum_steps: 1
2026-03-22 15:29:48,822 - cyberbully - INFO -   overwrite      : False
2026-03-22 15:29:48,822 - cyberbully - INFO -   device         : cuda
2026-03-22 15:29:48,822 - cyberbully - INFO -   output_dir     : experiments/grid-search/all-distilroberta-v1/kaggle/prep0_aug0/seed_37622020
2026-03-22 15:29:48,822 - cyberbully - INFO - ============================================================
2026-03-22 15:29:48,822 - cyberbully - INFO - Step 1: Preparing data...
2026-03-22 15:29:48,874 - cyberbully - INFO - Loaded pre-split data from dataset/kaggle — train: 30499, val: 7625, test: 9532
2026-03-22 15:29:48,874 - cyberbully - INFO - Label mapping: {'age': 0, 'ethnicity': 1, 'gender': 2, 'not_cyberbullying': 3, 'other_cyberbullying': 4, 'religion': 5}
2026-03-22 15:29:48,886 - cyberbully - INFO - Number of classes: 6
2026-03-22 15:29:48,887 - cyberbully - INFO - Step 2: Loading model and tokenizer...
2026-03-22 15:29:48,887 - cyberbully - INFO - Loading model 'all-distilroberta-v1' with 6 labels (sbert=True, supcon=False)
2026-03-22 15:29:52,270 - cyberbully - INFO - SBERTClassifier: embedding_dim=768, hidden=256, proj_dim=None, num_labels=6
2026-03-22 15:29:52,596 - cyberbully - INFO - Step 3: Creating datasets...
2026-03-22 15:29:53,261 - cyberbully - INFO - Dataset sizes — train: 30499, val: 7625, test: 9532
2026-03-22 15:29:53,261 - cyberbully - INFO - Step 4: Training...
2026-03-22 15:29:53,264 - cyberbully - INFO - Starting training...
2026-03-22 15:36:30,806 - cyberbully - INFO - Training complete.
2026-03-22 15:36:30,870 - cyberbully - INFO - Removed checkpoint: experiments/grid-search/all-distilroberta-v1/kaggle/prep0_aug0/seed_37622020/checkpoint-1908
2026-03-22 15:36:30,930 - cyberbully - INFO - Removed checkpoint: experiments/grid-search/all-distilroberta-v1/kaggle/prep0_aug0/seed_37622020/checkpoint-4770
2026-03-22 15:36:30,989 - cyberbully - INFO - Removed checkpoint: experiments/grid-search/all-distilroberta-v1/kaggle/prep0_aug0/seed_37622020/checkpoint-9540
2026-03-22 15:36:31,050 - cyberbully - INFO - Removed checkpoint: experiments/grid-search/all-distilroberta-v1/kaggle/prep0_aug0/seed_37622020/checkpoint-2862
2026-03-22 15:36:31,108 - cyberbully - INFO - Removed checkpoint: experiments/grid-search/all-distilroberta-v1/kaggle/prep0_aug0/seed_37622020/checkpoint-7632
2026-03-22 15:36:31,168 - cyberbully - INFO - Removed checkpoint: experiments/grid-search/all-distilroberta-v1/kaggle/prep0_aug0/seed_37622020/checkpoint-3816
2026-03-22 15:36:31,227 - cyberbully - INFO - Removed checkpoint: experiments/grid-search/all-distilroberta-v1/kaggle/prep0_aug0/seed_37622020/checkpoint-5724
2026-03-22 15:36:31,290 - cyberbully - INFO - Removed checkpoint: experiments/grid-search/all-distilroberta-v1/kaggle/prep0_aug0/seed_37622020/checkpoint-954
2026-03-22 15:36:31,348 - cyberbully - INFO - Removed checkpoint: experiments/grid-search/all-distilroberta-v1/kaggle/prep0_aug0/seed_37622020/checkpoint-8586
2026-03-22 15:36:31,407 - cyberbully - INFO - Removed checkpoint: experiments/grid-search/all-distilroberta-v1/kaggle/prep0_aug0/seed_37622020/checkpoint-6678
2026-03-22 15:36:31,408 - cyberbully - INFO - Step 5: Evaluating on test set...
2026-03-22 15:36:37,836 - cyberbully - INFO - Metrics saved to experiments/grid-search/all-distilroberta-v1/kaggle/prep0_aug0/seed_37622020/metrics.json
2026-03-22 15:36:37,836 - cyberbully - INFO - Confusion matrix saved to experiments/grid-search/all-distilroberta-v1/kaggle/prep0_aug0/seed_37622020/confusion_matrix.json
2026-03-22 15:36:37,942 - cyberbully - INFO - Per-sample predictions saved to experiments/grid-search/all-distilroberta-v1/kaggle/prep0_aug0/seed_37622020/predictions.json
2026-03-22 15:36:38,059 - cyberbully - INFO - Confusion matrix figure saved to experiments/grid-search/all-distilroberta-v1/kaggle/prep0_aug0/seed_37622020/confusion_matrix.pdf
2026-03-22 15:36:38,059 - cyberbully - INFO - Accuracy: 0.8769
2026-03-22 15:36:38,060 - cyberbully - INFO - Weighted F1: 0.8751
2026-03-22 15:36:38,060 - cyberbully - INFO - Micro F1: 0.8769
2026-03-22 15:36:38,060 - cyberbully - INFO - Inference time: 2.22 seconds
2026-03-22 15:36:38,060 - cyberbully - INFO - Energy consumption: 0.000117 kWh
2026-03-22 15:36:38,061 - cyberbully - INFO - ============================================================
2026-03-22 15:36:38,061 - cyberbully - INFO - Pipeline complete. Results saved to: experiments/grid-search/all-distilroberta-v1/kaggle/prep0_aug0/seed_37622020
2026-03-22 15:36:38,061 - cyberbully - INFO - ============================================================
