2026-03-24 04:09:59,268 - cyberbully - INFO - ============================================================
2026-03-24 04:09:59,268 - cyberbully - INFO - Cyberbullying Detection Pipeline
2026-03-24 04:09:59,268 - cyberbully - INFO - ============================================================
2026-03-24 04:09:59,268 - cyberbully - INFO - Configuration:
2026-03-24 04:09:59,268 - cyberbully - INFO -   model          : Twitter/twhin-bert-base
2026-03-24 04:09:59,268 - cyberbully - INFO -   dataset        : kaggle
2026-03-24 04:09:59,268 - cyberbully - INFO -   preprocess     : False
2026-03-24 04:09:59,268 - cyberbully - INFO -   augment        : False
2026-03-24 04:09:59,268 - cyberbully - INFO -   compute_attribution: False
2026-03-24 04:09:59,268 - cyberbully - INFO -   seed           : 99511865
2026-03-24 04:09:59,268 - cyberbully - INFO -   epochs         : 10
2026-03-24 04:09:59,268 - cyberbully - INFO -   batch_size     : 32
2026-03-24 04:09:59,268 - cyberbully - INFO -   lr             : 5e-05
2026-03-24 04:09:59,268 - cyberbully - INFO -   max_length     : 128
2026-03-24 04:09:59,268 - cyberbully - INFO -   output_dir     : grid-search
2026-03-24 04:09:59,268 - cyberbully - INFO -   data_dir       : dataset
2026-03-24 04:09:59,268 - cyberbully - INFO -   sbert          : False
2026-03-24 04:09:59,269 - cyberbully - INFO -   supcon         : False
2026-03-24 04:09:59,269 - cyberbully - INFO -   supcon_weight  : 0.1
2026-03-24 04:09:59,269 - cyberbully - INFO -   proj_dim       : 128
2026-03-24 04:09:59,269 - cyberbully - INFO -   grad_accum_steps: 1
2026-03-24 04:09:59,269 - cyberbully - INFO -   overwrite      : False
2026-03-24 04:09:59,269 - cyberbully - INFO -   device         : cuda
2026-03-24 04:09:59,269 - cyberbully - INFO -   output_dir     : experiments/grid-search/Twitter_twhin-bert-base/kaggle/prep0_aug0/seed_99511865
2026-03-24 04:09:59,269 - cyberbully - INFO - ============================================================
2026-03-24 04:09:59,269 - cyberbully - INFO - Step 1: Preparing data...
2026-03-24 04:09:59,316 - cyberbully - INFO - Loaded pre-split data from dataset/kaggle — train: 25604, val: 6401, test: 8002
2026-03-24 04:09:59,316 - cyberbully - INFO - Label mapping: {'age': 0, 'ethnicity': 1, 'gender': 2, 'other_cyberbullying': 3, 'religion': 4}
2026-03-24 04:09:59,327 - cyberbully - INFO - Number of classes: 5
2026-03-24 04:09:59,328 - cyberbully - INFO - Step 2: Loading model and tokenizer...
2026-03-24 04:09:59,328 - cyberbully - INFO - Loading model 'Twitter/twhin-bert-base' with 5 labels (sbert=False, supcon=False)
2026-03-24 04:10:00,490 - cyberbully - INFO - Step 3: Creating datasets...
2026-03-24 04:10:01,166 - cyberbully - INFO - Dataset sizes — train: 25604, val: 6401, test: 8002
2026-03-24 04:10:01,166 - cyberbully - INFO - Step 4: Training...
2026-03-24 04:10:01,397 - cyberbully - INFO - Starting training...
2026-03-24 04:25:39,529 - cyberbully - INFO - Training complete.
2026-03-24 04:25:39,568 - cyberbully - INFO - Removed checkpoint: experiments/grid-search/Twitter_twhin-bert-base/kaggle/prep0_aug0/seed_99511865/checkpoint-4806
2026-03-24 04:25:39,783 - cyberbully - INFO - Removed checkpoint: experiments/grid-search/Twitter_twhin-bert-base/kaggle/prep0_aug0/seed_99511865/checkpoint-7209
2026-03-24 04:25:39,987 - cyberbully - INFO - Removed checkpoint: experiments/grid-search/Twitter_twhin-bert-base/kaggle/prep0_aug0/seed_99511865/checkpoint-6408
2026-03-24 04:25:40,075 - cyberbully - INFO - Removed checkpoint: experiments/grid-search/Twitter_twhin-bert-base/kaggle/prep0_aug0/seed_99511865/checkpoint-5607
2026-03-24 04:25:40,287 - cyberbully - INFO - Removed checkpoint: experiments/grid-search/Twitter_twhin-bert-base/kaggle/prep0_aug0/seed_99511865/checkpoint-8010
2026-03-24 04:25:40,383 - cyberbully - INFO - Removed checkpoint: experiments/grid-search/Twitter_twhin-bert-base/kaggle/prep0_aug0/seed_99511865/checkpoint-3204
2026-03-24 04:25:40,413 - cyberbully - INFO - Removed checkpoint: experiments/grid-search/Twitter_twhin-bert-base/kaggle/prep0_aug0/seed_99511865/checkpoint-1602
2026-03-24 04:25:40,442 - cyberbully - INFO - Removed checkpoint: experiments/grid-search/Twitter_twhin-bert-base/kaggle/prep0_aug0/seed_99511865/checkpoint-801
2026-03-24 04:25:40,473 - cyberbully - INFO - Removed checkpoint: experiments/grid-search/Twitter_twhin-bert-base/kaggle/prep0_aug0/seed_99511865/checkpoint-2403
2026-03-24 04:25:40,547 - cyberbully - INFO - Removed checkpoint: experiments/grid-search/Twitter_twhin-bert-base/kaggle/prep0_aug0/seed_99511865/checkpoint-4005
2026-03-24 04:25:40,547 - cyberbully - INFO - Step 5: Evaluating on test set...
2026-03-24 04:25:48,941 - cyberbully - INFO - Metrics saved to experiments/grid-search/Twitter_twhin-bert-base/kaggle/prep0_aug0/seed_99511865/metrics.json
2026-03-24 04:25:48,941 - cyberbully - INFO - Confusion matrix saved to experiments/grid-search/Twitter_twhin-bert-base/kaggle/prep0_aug0/seed_99511865/confusion_matrix.json
2026-03-24 04:25:49,022 - cyberbully - INFO - Per-sample predictions saved to experiments/grid-search/Twitter_twhin-bert-base/kaggle/prep0_aug0/seed_99511865/predictions.json
2026-03-24 04:25:49,127 - cyberbully - INFO - Confusion matrix figure saved to experiments/grid-search/Twitter_twhin-bert-base/kaggle/prep0_aug0/seed_99511865/confusion_matrix.pdf
2026-03-24 04:25:49,127 - cyberbully - INFO - Accuracy: 0.9615
2026-03-24 04:25:49,127 - cyberbully - INFO - Weighted F1: 0.9615
2026-03-24 04:25:49,127 - cyberbully - INFO - Micro F1: 0.9615
2026-03-24 04:25:49,127 - cyberbully - INFO - Inference time: 4.19 seconds
2026-03-24 04:25:49,127 - cyberbully - INFO - Energy consumption: 0.000244 kWh
2026-03-24 04:25:49,128 - cyberbully - INFO - ============================================================
2026-03-24 04:25:49,128 - cyberbully - INFO - Pipeline complete. Results saved to: experiments/grid-search/Twitter_twhin-bert-base/kaggle/prep0_aug0/seed_99511865
2026-03-24 04:25:49,128 - cyberbully - INFO - ============================================================
