2026-03-25 00:36:48,499 - cyberbully - INFO - ============================================================
2026-03-25 00:36:48,499 - cyberbully - INFO - Cyberbullying Detection Pipeline
2026-03-25 00:36:48,499 - cyberbully - INFO - ============================================================
2026-03-25 00:36:48,499 - cyberbully - INFO - Configuration:
2026-03-25 00:36:48,499 - cyberbully - INFO -   model          : bert-base-uncased
2026-03-25 00:36:48,499 - cyberbully - INFO -   dataset        : kaggle
2026-03-25 00:36:48,499 - cyberbully - INFO -   preprocess     : True
2026-03-25 00:36:48,499 - cyberbully - INFO -   augment        : True
2026-03-25 00:36:48,499 - cyberbully - INFO -   compute_attribution: False
2026-03-25 00:36:48,499 - cyberbully - INFO -   seed           : 37622020
2026-03-25 00:36:48,499 - cyberbully - INFO -   epochs         : 10
2026-03-25 00:36:48,499 - cyberbully - INFO -   batch_size     : 32
2026-03-25 00:36:48,499 - cyberbully - INFO -   lr             : 5e-05
2026-03-25 00:36:48,499 - cyberbully - INFO -   max_length     : 128
2026-03-25 00:36:48,499 - cyberbully - INFO -   output_dir     : grid-search
2026-03-25 00:36:48,499 - cyberbully - INFO -   data_dir       : dataset
2026-03-25 00:36:48,499 - cyberbully - INFO -   sbert          : False
2026-03-25 00:36:48,499 - cyberbully - INFO -   supcon         : False
2026-03-25 00:36:48,499 - cyberbully - INFO -   supcon_weight  : 0.1
2026-03-25 00:36:48,499 - cyberbully - INFO -   proj_dim       : 128
2026-03-25 00:36:48,499 - cyberbully - INFO -   grad_accum_steps: 1
2026-03-25 00:36:48,499 - cyberbully - INFO -   overwrite      : False
2026-03-25 00:36:48,499 - cyberbully - INFO -   device         : cuda
2026-03-25 00:36:48,499 - cyberbully - INFO -   output_dir     : experiments/grid-search/bert-base-uncased/kaggle/prep1_aug1/seed_37622020
2026-03-25 00:36:48,499 - cyberbully - INFO - ============================================================
2026-03-25 00:36:48,499 - cyberbully - INFO - Step 1: Preparing data...
2026-03-25 00:36:48,549 - cyberbully - INFO - Loaded pre-split data from dataset/kaggle — train: 25604, val: 6401, test: 8002
2026-03-25 00:36:48,549 - cyberbully - INFO - Label mapping: {'age': 0, 'ethnicity': 1, 'gender': 2, 'other_cyberbullying': 3, 'religion': 4}
2026-03-25 00:36:48,549 - cyberbully - INFO - Applying text preprocessing per split...
2026-03-25 00:37:33,274 - cyberbully - INFO - After preprocessing — train: 23568, val: 5987, test: 7418
2026-03-25 00:37:33,276 - cyberbully - INFO - Applying training data augmentation (oversampling)...
2026-03-25 00:37:33,280 - cyberbully - INFO - After oversampling — class distribution: {0: 5067, 1: 5067, 2: 5067, 3: 5067, 4: 5067}
2026-03-25 00:37:33,290 - cyberbully - INFO - Number of classes: 5
2026-03-25 00:37:33,291 - cyberbully - INFO - Step 2: Loading model and tokenizer...
2026-03-25 00:37:33,291 - cyberbully - INFO - Loading model 'bert-base-uncased' with 5 labels (sbert=False, supcon=False)
2026-03-25 00:37:34,028 - cyberbully - INFO - Step 3: Creating datasets...
2026-03-25 00:37:34,627 - cyberbully - INFO - Dataset sizes — train: 25335, val: 5987, test: 7418
2026-03-25 00:37:34,627 - cyberbully - INFO - Step 4: Training...
2026-03-25 00:37:34,843 - cyberbully - INFO - Starting training...
2026-03-25 00:49:47,871 - cyberbully - INFO - Training complete.
2026-03-25 00:49:47,935 - cyberbully - INFO - Removed checkpoint: experiments/grid-search/bert-base-uncased/kaggle/prep1_aug1/seed_37622020/checkpoint-3960
2026-03-25 00:49:48,001 - cyberbully - INFO - Removed checkpoint: experiments/grid-search/bert-base-uncased/kaggle/prep1_aug1/seed_37622020/checkpoint-1584
2026-03-25 00:49:48,071 - cyberbully - INFO - Removed checkpoint: experiments/grid-search/bert-base-uncased/kaggle/prep1_aug1/seed_37622020/checkpoint-792
2026-03-25 00:49:48,136 - cyberbully - INFO - Removed checkpoint: experiments/grid-search/bert-base-uncased/kaggle/prep1_aug1/seed_37622020/checkpoint-3168
2026-03-25 00:49:48,212 - cyberbully - INFO - Removed checkpoint: experiments/grid-search/bert-base-uncased/kaggle/prep1_aug1/seed_37622020/checkpoint-7920
2026-03-25 00:49:48,277 - cyberbully - INFO - Removed checkpoint: experiments/grid-search/bert-base-uncased/kaggle/prep1_aug1/seed_37622020/checkpoint-6336
2026-03-25 00:49:48,341 - cyberbully - INFO - Removed checkpoint: experiments/grid-search/bert-base-uncased/kaggle/prep1_aug1/seed_37622020/checkpoint-7128
2026-03-25 00:49:48,409 - cyberbully - INFO - Removed checkpoint: experiments/grid-search/bert-base-uncased/kaggle/prep1_aug1/seed_37622020/checkpoint-2376
2026-03-25 00:49:48,473 - cyberbully - INFO - Removed checkpoint: experiments/grid-search/bert-base-uncased/kaggle/prep1_aug1/seed_37622020/checkpoint-5544
2026-03-25 00:49:48,540 - cyberbully - INFO - Removed checkpoint: experiments/grid-search/bert-base-uncased/kaggle/prep1_aug1/seed_37622020/checkpoint-4752
2026-03-25 00:49:48,541 - cyberbully - INFO - Step 5: Evaluating on test set...
2026-03-25 00:49:58,302 - cyberbully - INFO - Metrics saved to experiments/grid-search/bert-base-uncased/kaggle/prep1_aug1/seed_37622020/metrics.json
2026-03-25 00:49:58,302 - cyberbully - INFO - Confusion matrix saved to experiments/grid-search/bert-base-uncased/kaggle/prep1_aug1/seed_37622020/confusion_matrix.json
2026-03-25 00:49:58,373 - cyberbully - INFO - Per-sample predictions saved to experiments/grid-search/bert-base-uncased/kaggle/prep1_aug1/seed_37622020/predictions.json
2026-03-25 00:49:58,475 - cyberbully - INFO - Confusion matrix figure saved to experiments/grid-search/bert-base-uncased/kaggle/prep1_aug1/seed_37622020/confusion_matrix.pdf
2026-03-25 00:49:58,475 - cyberbully - INFO - Accuracy: 0.9525
2026-03-25 00:49:58,475 - cyberbully - INFO - Weighted F1: 0.9527
2026-03-25 00:49:58,475 - cyberbully - INFO - Micro F1: 0.9525
2026-03-25 00:49:58,475 - cyberbully - INFO - Inference time: 5.46 seconds
2026-03-25 00:49:58,476 - cyberbully - INFO - Energy consumption: 0.000359 kWh
2026-03-25 00:49:58,477 - cyberbully - INFO - ============================================================
2026-03-25 00:49:58,477 - cyberbully - INFO - Pipeline complete. Results saved to: experiments/grid-search/bert-base-uncased/kaggle/prep1_aug1/seed_37622020
2026-03-25 00:49:58,477 - cyberbully - INFO - ============================================================
