2026-06-15 23:11:37,142 - cyberbully - INFO - ============================================================
2026-06-15 23:11:37,143 - cyberbully - INFO - Cyberbullying Detection Pipeline
2026-06-15 23:11:37,143 - cyberbully - INFO - ============================================================
2026-06-15 23:11:37,143 - cyberbully - INFO - Configuration:
2026-06-15 23:11:37,143 - cyberbully - INFO -   model          : Twitter/twhin-bert-base
2026-06-15 23:11:37,143 - cyberbully - INFO -   dataset        : ieee
2026-06-15 23:11:37,143 - cyberbully - INFO -   preprocess     : False
2026-06-15 23:11:37,143 - cyberbully - INFO -   prep_mode      : 2
2026-06-15 23:11:37,143 - cyberbully - INFO -   augment        : False
2026-06-15 23:11:37,143 - cyberbully - INFO -   compute_attribution: False
2026-06-15 23:11:37,143 - cyberbully - INFO -   seed           : 24677315
2026-06-15 23:11:37,143 - cyberbully - INFO -   epochs         : 10
2026-06-15 23:11:37,143 - cyberbully - INFO -   batch_size     : 32
2026-06-15 23:11:37,143 - cyberbully - INFO -   lr             : 5e-05
2026-06-15 23:11:37,143 - cyberbully - INFO -   max_length     : 128
2026-06-15 23:11:37,143 - cyberbully - INFO -   output_dir     : grid-search
2026-06-15 23:11:37,143 - cyberbully - INFO -   data_dir       : dataset
2026-06-15 23:11:37,143 - cyberbully - INFO -   sbert          : False
2026-06-15 23:11:37,143 - cyberbully - INFO -   supcon         : False
2026-06-15 23:11:37,143 - cyberbully - INFO -   supcon_weight  : 0.1
2026-06-15 23:11:37,143 - cyberbully - INFO -   proj_dim       : 128
2026-06-15 23:11:37,143 - cyberbully - INFO -   grad_accum_steps: 1
2026-06-15 23:11:37,143 - cyberbully - INFO -   overwrite      : False
2026-06-15 23:11:37,143 - cyberbully - INFO -   device         : cuda
2026-06-15 23:11:37,143 - cyberbully - INFO -   output_dir     : experiments/grid-search/Twitter_twhin-bert-base/ieee/prep2_aug0/seed_24677315
2026-06-15 23:11:37,143 - cyberbully - INFO - ============================================================
2026-06-15 23:11:37,143 - cyberbully - INFO - Step 1: Preparing data...
2026-06-15 23:11:37,147 - cyberbully - INFO - Loaded pre-split data from dataset/ieee — train: 1348, val: 338, test: 422
2026-06-15 23:11:37,147 - cyberbully - INFO - Label mapping: {'Cyberstalking': 0, 'Doxing': 1, 'Revenge Porn': 2, 'Sexual Harassment': 3, 'Slut Shaming': 4}
2026-06-15 23:11:37,147 - cyberbully - INFO - Applying partial text preprocessing per split...
2026-06-15 23:11:37,199 - cyberbully - INFO - After preprocessing -- train: 1348, val: 338, test: 422
2026-06-15 23:11:37,201 - cyberbully - INFO - Number of classes: 5
2026-06-15 23:11:37,202 - cyberbully - INFO - Step 2: Loading model and tokenizer...
2026-06-15 23:11:37,202 - cyberbully - INFO - Loading model 'Twitter/twhin-bert-base' with 5 labels (sbert=False, supcon=False)
2026-06-15 23:11:38,723 - cyberbully - INFO - Step 3: Creating datasets...
2026-06-15 23:11:38,748 - cyberbully - INFO - Dataset sizes — train: 1348, val: 338, test: 422
2026-06-15 23:11:38,749 - cyberbully - INFO - Step 4: Training...
2026-06-15 23:11:39,128 - cyberbully - INFO - Starting training...
2026-06-15 23:16:37,386 - cyberbully - INFO - Training complete.
2026-06-15 23:16:37,549 - cyberbully - INFO - Removed checkpoint: experiments/grid-search/Twitter_twhin-bert-base/ieee/prep2_aug0/seed_24677315/checkpoint-172
2026-06-15 23:16:37,721 - cyberbully - INFO - Removed checkpoint: experiments/grid-search/Twitter_twhin-bert-base/ieee/prep2_aug0/seed_24677315/checkpoint-258
2026-06-15 23:16:38,589 - cyberbully - INFO - Removed checkpoint: experiments/grid-search/Twitter_twhin-bert-base/ieee/prep2_aug0/seed_24677315/checkpoint-387
2026-06-15 23:16:38,758 - cyberbully - INFO - Removed checkpoint: experiments/grid-search/Twitter_twhin-bert-base/ieee/prep2_aug0/seed_24677315/checkpoint-43
2026-06-15 23:16:39,521 - cyberbully - INFO - Removed checkpoint: experiments/grid-search/Twitter_twhin-bert-base/ieee/prep2_aug0/seed_24677315/checkpoint-430
2026-06-15 23:16:39,695 - cyberbully - INFO - Removed checkpoint: experiments/grid-search/Twitter_twhin-bert-base/ieee/prep2_aug0/seed_24677315/checkpoint-301
2026-06-15 23:16:39,873 - cyberbully - INFO - Removed checkpoint: experiments/grid-search/Twitter_twhin-bert-base/ieee/prep2_aug0/seed_24677315/checkpoint-344
2026-06-15 23:16:40,037 - cyberbully - INFO - Removed checkpoint: experiments/grid-search/Twitter_twhin-bert-base/ieee/prep2_aug0/seed_24677315/checkpoint-129
2026-06-15 23:16:40,204 - cyberbully - INFO - Removed checkpoint: experiments/grid-search/Twitter_twhin-bert-base/ieee/prep2_aug0/seed_24677315/checkpoint-215
2026-06-15 23:16:40,368 - cyberbully - INFO - Removed checkpoint: experiments/grid-search/Twitter_twhin-bert-base/ieee/prep2_aug0/seed_24677315/checkpoint-86
2026-06-15 23:16:40,368 - cyberbully - INFO - Step 5: Evaluating on test set...
2026-06-15 23:16:47,012 - cyberbully - INFO - Metrics saved to experiments/grid-search/Twitter_twhin-bert-base/ieee/prep2_aug0/seed_24677315/metrics.json
2026-06-15 23:16:47,012 - cyberbully - INFO - Confusion matrix saved to experiments/grid-search/Twitter_twhin-bert-base/ieee/prep2_aug0/seed_24677315/confusion_matrix.json
2026-06-15 23:16:47,017 - cyberbully - INFO - Per-sample predictions saved to experiments/grid-search/Twitter_twhin-bert-base/ieee/prep2_aug0/seed_24677315/predictions.json
2026-06-15 23:16:47,124 - cyberbully - INFO - Confusion matrix figure saved to experiments/grid-search/Twitter_twhin-bert-base/ieee/prep2_aug0/seed_24677315/confusion_matrix.pdf
2026-06-15 23:16:47,124 - cyberbully - INFO - Accuracy: 0.8246
2026-06-15 23:16:47,125 - cyberbully - INFO - Weighted F1: 0.8252
2026-06-15 23:16:47,125 - cyberbully - INFO - Micro F1: 0.8246
2026-06-15 23:16:47,125 - cyberbully - INFO - Inference time: 0.41 seconds
2026-06-15 23:16:47,125 - cyberbully - INFO - Energy consumption: 0.000052 kWh
2026-06-15 23:16:47,125 - cyberbully - INFO - ============================================================
2026-06-15 23:16:47,125 - cyberbully - INFO - Pipeline complete. Results saved to: experiments/grid-search/Twitter_twhin-bert-base/ieee/prep2_aug0/seed_24677315
2026-06-15 23:16:47,125 - cyberbully - INFO - ============================================================
