2026-04-12 13:50:41,298 - cyberbully - INFO - ============================================================
2026-04-12 13:50:41,298 - cyberbully - INFO - Cyberbullying Detection Pipeline
2026-04-12 13:50:41,298 - cyberbully - INFO - ============================================================
2026-04-12 13:50:41,298 - cyberbully - INFO - Configuration:
2026-04-12 13:50:41,298 - cyberbully - INFO -   model          : roberta-base
2026-04-12 13:50:41,298 - cyberbully - INFO -   dataset        : ieee
2026-04-12 13:50:41,298 - cyberbully - INFO -   preprocess     : True
2026-04-12 13:50:41,298 - cyberbully - INFO -   augment        : True
2026-04-12 13:50:41,298 - cyberbully - INFO -   compute_attribution: False
2026-04-12 13:50:41,298 - cyberbully - INFO -   seed           : 99511865
2026-04-12 13:50:41,298 - cyberbully - INFO -   epochs         : 10
2026-04-12 13:50:41,298 - cyberbully - INFO -   batch_size     : 32
2026-04-12 13:50:41,298 - cyberbully - INFO -   lr             : 5e-05
2026-04-12 13:50:41,298 - cyberbully - INFO -   max_length     : 128
2026-04-12 13:50:41,298 - cyberbully - INFO -   output_dir     : grid-search
2026-04-12 13:50:41,298 - cyberbully - INFO -   data_dir       : dataset
2026-04-12 13:50:41,298 - cyberbully - INFO -   sbert          : False
2026-04-12 13:50:41,298 - cyberbully - INFO -   supcon         : False
2026-04-12 13:50:41,298 - cyberbully - INFO -   supcon_weight  : 0.1
2026-04-12 13:50:41,298 - cyberbully - INFO -   proj_dim       : 128
2026-04-12 13:50:41,298 - cyberbully - INFO -   grad_accum_steps: 1
2026-04-12 13:50:41,298 - cyberbully - INFO -   overwrite      : False
2026-04-12 13:50:41,298 - cyberbully - INFO -   device         : cuda
2026-04-12 13:50:41,298 - cyberbully - INFO -   output_dir     : experiments/grid-search/roberta-base/ieee/prep1_aug1/seed_99511865
2026-04-12 13:50:41,298 - cyberbully - INFO - ============================================================
2026-04-12 13:50:41,298 - cyberbully - INFO - Step 1: Preparing data...
2026-04-12 13:50:41,302 - cyberbully - INFO - Loaded pre-split data from dataset/ieee — train: 1348, val: 338, test: 422
2026-04-12 13:50:41,302 - cyberbully - INFO - Label mapping: {'Cyberstalking': 0, 'Doxing': 1, 'Revenge Porn': 2, 'Sexual Harassment': 3, 'Slut Shaming': 4}
2026-04-12 13:50:41,302 - cyberbully - INFO - Applying text preprocessing per split...
2026-04-12 13:50:45,287 - cyberbully - INFO - After preprocessing — train: 1172, val: 304, test: 377
2026-04-12 13:50:45,288 - cyberbully - INFO - Applying training data augmentation (oversampling)...
2026-04-12 13:50:45,289 - cyberbully - INFO - After oversampling — class distribution: {0: 287, 1: 287, 2: 287, 3: 287, 4: 287}
2026-04-12 13:50:45,290 - cyberbully - INFO - Number of classes: 5
2026-04-12 13:50:45,291 - cyberbully - INFO - Step 2: Loading model and tokenizer...
2026-04-12 13:50:45,291 - cyberbully - INFO - Loading model 'roberta-base' with 5 labels (sbert=False, supcon=False)
2026-04-12 13:50:46,602 - cyberbully - INFO - Step 3: Creating datasets...
2026-04-12 13:50:46,629 - cyberbully - INFO - Dataset sizes — train: 1435, val: 304, test: 377
2026-04-12 13:50:46,629 - cyberbully - INFO - Step 4: Training...
2026-04-12 13:50:46,869 - cyberbully - INFO - Starting training...
2026-04-12 13:51:50,169 - cyberbully - INFO - Training complete.
2026-04-12 13:51:50,244 - cyberbully - INFO - Removed checkpoint: experiments/grid-search/roberta-base/ieee/prep1_aug1/seed_99511865/checkpoint-90
2026-04-12 13:51:50,326 - cyberbully - INFO - Removed checkpoint: experiments/grid-search/roberta-base/ieee/prep1_aug1/seed_99511865/checkpoint-180
2026-04-12 13:51:50,407 - cyberbully - INFO - Removed checkpoint: experiments/grid-search/roberta-base/ieee/prep1_aug1/seed_99511865/checkpoint-225
2026-04-12 13:51:50,482 - cyberbully - INFO - Removed checkpoint: experiments/grid-search/roberta-base/ieee/prep1_aug1/seed_99511865/checkpoint-135
2026-04-12 13:51:50,565 - cyberbully - INFO - Removed checkpoint: experiments/grid-search/roberta-base/ieee/prep1_aug1/seed_99511865/checkpoint-315
2026-04-12 13:51:50,647 - cyberbully - INFO - Removed checkpoint: experiments/grid-search/roberta-base/ieee/prep1_aug1/seed_99511865/checkpoint-450
2026-04-12 13:51:50,731 - cyberbully - INFO - Removed checkpoint: experiments/grid-search/roberta-base/ieee/prep1_aug1/seed_99511865/checkpoint-360
2026-04-12 13:51:50,830 - cyberbully - INFO - Removed checkpoint: experiments/grid-search/roberta-base/ieee/prep1_aug1/seed_99511865/checkpoint-45
2026-04-12 13:51:51,982 - cyberbully - INFO - Removed checkpoint: experiments/grid-search/roberta-base/ieee/prep1_aug1/seed_99511865/checkpoint-270
2026-04-12 13:51:52,067 - cyberbully - INFO - Removed checkpoint: experiments/grid-search/roberta-base/ieee/prep1_aug1/seed_99511865/checkpoint-405
2026-04-12 13:51:52,067 - cyberbully - INFO - Step 5: Evaluating on test set...
2026-04-12 13:51:56,920 - cyberbully - INFO - Metrics saved to experiments/grid-search/roberta-base/ieee/prep1_aug1/seed_99511865/metrics.json
2026-04-12 13:51:56,920 - cyberbully - INFO - Confusion matrix saved to experiments/grid-search/roberta-base/ieee/prep1_aug1/seed_99511865/confusion_matrix.json
2026-04-12 13:51:56,924 - cyberbully - INFO - Per-sample predictions saved to experiments/grid-search/roberta-base/ieee/prep1_aug1/seed_99511865/predictions.json
2026-04-12 13:51:57,025 - cyberbully - INFO - Confusion matrix figure saved to experiments/grid-search/roberta-base/ieee/prep1_aug1/seed_99511865/confusion_matrix.pdf
2026-04-12 13:51:57,026 - cyberbully - INFO - Accuracy: 0.7905
2026-04-12 13:51:57,026 - cyberbully - INFO - Weighted F1: 0.7922
2026-04-12 13:51:57,026 - cyberbully - INFO - Micro F1: 0.7905
2026-04-12 13:51:57,026 - cyberbully - INFO - Inference time: 0.23 seconds
2026-04-12 13:51:57,026 - cyberbully - INFO - Energy consumption: 0.000009 kWh
2026-04-12 13:51:57,026 - cyberbully - INFO - ============================================================
2026-04-12 13:51:57,026 - cyberbully - INFO - Pipeline complete. Results saved to: experiments/grid-search/roberta-base/ieee/prep1_aug1/seed_99511865
2026-04-12 13:51:57,026 - cyberbully - INFO - ============================================================
