2026-03-19 19:15:49,075 - cyberbully - INFO - Model 'all-mpnet-base-v2' detected as SBERT-based. Using SBERTClassifier pipeline.
2026-03-19 19:15:49,075 - cyberbully - INFO - ============================================================
2026-03-19 19:15:49,076 - cyberbully - INFO - Cyberbullying Detection Pipeline
2026-03-19 19:15:49,076 - cyberbully - INFO - ============================================================
2026-03-19 19:15:49,076 - cyberbully - INFO - Configuration:
2026-03-19 19:15:49,076 - cyberbully - INFO -   model          : all-mpnet-base-v2
2026-03-19 19:15:49,076 - cyberbully - INFO -   dataset        : ieee
2026-03-19 19:15:49,076 - cyberbully - INFO -   preprocess     : True
2026-03-19 19:15:49,076 - cyberbully - INFO -   augment        : False
2026-03-19 19:15:49,076 - cyberbully - INFO -   compute_attribution: False
2026-03-19 19:15:49,076 - cyberbully - INFO -   seed           : 37622020
2026-03-19 19:15:49,076 - cyberbully - INFO -   epochs         : 10
2026-03-19 19:15:49,076 - cyberbully - INFO -   batch_size     : 64
2026-03-19 19:15:49,076 - cyberbully - INFO -   lr             : 5e-05
2026-03-19 19:15:49,076 - cyberbully - INFO -   max_length     : 128
2026-03-19 19:15:49,076 - cyberbully - INFO -   output_dir     : supcon-light-64
2026-03-19 19:15:49,076 - cyberbully - INFO -   data_dir       : dataset
2026-03-19 19:15:49,076 - cyberbully - INFO -   sbert          : True
2026-03-19 19:15:49,076 - cyberbully - INFO -   supcon         : True
2026-03-19 19:15:49,076 - cyberbully - INFO -   supcon_weight  : 0.1
2026-03-19 19:15:49,076 - cyberbully - INFO -   proj_dim       : 128
2026-03-19 19:15:49,076 - cyberbully - INFO -   grad_accum_steps: 1
2026-03-19 19:15:49,076 - cyberbully - INFO -   overwrite      : False
2026-03-19 19:15:49,076 - cyberbully - INFO -   device         : cuda
2026-03-19 19:15:49,076 - cyberbully - INFO -   output_dir     : experiments/supcon-light-64/all-mpnet-base-v2/ieee/prep1_aug0/seed_37622020
2026-03-19 19:15:49,076 - cyberbully - INFO - ============================================================
2026-03-19 19:15:49,076 - cyberbully - INFO - Step 1: Preparing data...
2026-03-19 19:15:49,079 - cyberbully - INFO - Loaded pre-split data from dataset/ieee — train: 1348, val: 338, test: 422
2026-03-19 19:15:49,079 - cyberbully - INFO - Label mapping: {'Cyberstalking': 0, 'Doxing': 1, 'Revenge Porn': 2, 'Sexual Harassment': 3, 'Slut Shaming': 4}
2026-03-19 19:15:49,079 - cyberbully - INFO - Applying text preprocessing per split...
2026-03-19 19:15:49,156 - cyberbully - INFO - After preprocessing — train: 1348, val: 338, test: 422
2026-03-19 19:15:49,157 - cyberbully - INFO - Number of classes: 5
2026-03-19 19:15:49,158 - cyberbully - INFO - Step 2: Loading model and tokenizer...
2026-03-19 19:15:49,158 - cyberbully - INFO - Loading model 'all-mpnet-base-v2' with 5 labels (sbert=True, supcon=True)
2026-03-19 19:15:52,096 - cyberbully - INFO - SBERTClassifier: embedding_dim=768, hidden=256, proj_dim=128, num_labels=5
2026-03-19 19:15:52,396 - cyberbully - INFO - Step 3: Creating datasets...
2026-03-19 19:15:52,433 - cyberbully - INFO - Dataset sizes — train: 1348, val: 338, test: 422
2026-03-19 19:15:52,433 - cyberbully - INFO - Step 4: Training...
2026-03-19 19:15:52,482 - cyberbully - INFO - Using SupConTrainer with supcon_weight=0.100
2026-03-19 19:15:52,483 - cyberbully - INFO - Starting training...
2026-03-19 19:16:44,101 - cyberbully - INFO - Training complete.
2026-03-19 19:16:44,174 - cyberbully - INFO - Removed checkpoint: experiments/supcon-light-64/all-mpnet-base-v2/ieee/prep1_aug0/seed_37622020/checkpoint-176
2026-03-19 19:16:44,247 - cyberbully - INFO - Removed checkpoint: experiments/supcon-light-64/all-mpnet-base-v2/ieee/prep1_aug0/seed_37622020/checkpoint-110
2026-03-19 19:16:44,314 - cyberbully - INFO - Removed checkpoint: experiments/supcon-light-64/all-mpnet-base-v2/ieee/prep1_aug0/seed_37622020/checkpoint-44
2026-03-19 19:16:44,388 - cyberbully - INFO - Removed checkpoint: experiments/supcon-light-64/all-mpnet-base-v2/ieee/prep1_aug0/seed_37622020/checkpoint-132
2026-03-19 19:16:44,461 - cyberbully - INFO - Removed checkpoint: experiments/supcon-light-64/all-mpnet-base-v2/ieee/prep1_aug0/seed_37622020/checkpoint-198
2026-03-19 19:16:45,063 - cyberbully - INFO - Removed checkpoint: experiments/supcon-light-64/all-mpnet-base-v2/ieee/prep1_aug0/seed_37622020/checkpoint-22
2026-03-19 19:16:45,135 - cyberbully - INFO - Removed checkpoint: experiments/supcon-light-64/all-mpnet-base-v2/ieee/prep1_aug0/seed_37622020/checkpoint-88
2026-03-19 19:16:46,178 - cyberbully - INFO - Removed checkpoint: experiments/supcon-light-64/all-mpnet-base-v2/ieee/prep1_aug0/seed_37622020/checkpoint-66
2026-03-19 19:16:46,255 - cyberbully - INFO - Removed checkpoint: experiments/supcon-light-64/all-mpnet-base-v2/ieee/prep1_aug0/seed_37622020/checkpoint-154
2026-03-19 19:16:46,328 - cyberbully - INFO - Removed checkpoint: experiments/supcon-light-64/all-mpnet-base-v2/ieee/prep1_aug0/seed_37622020/checkpoint-220
2026-03-19 19:16:46,328 - cyberbully - INFO - Step 5: Evaluating on test set...
2026-03-19 19:16:50,920 - cyberbully - INFO - Metrics saved to experiments/supcon-light-64/all-mpnet-base-v2/ieee/prep1_aug0/seed_37622020/metrics.json
2026-03-19 19:16:50,920 - cyberbully - INFO - Confusion matrix saved to experiments/supcon-light-64/all-mpnet-base-v2/ieee/prep1_aug0/seed_37622020/confusion_matrix.json
2026-03-19 19:16:50,924 - cyberbully - INFO - Per-sample predictions saved to experiments/supcon-light-64/all-mpnet-base-v2/ieee/prep1_aug0/seed_37622020/predictions.json
2026-03-19 19:16:51,024 - cyberbully - INFO - Confusion matrix figure saved to experiments/supcon-light-64/all-mpnet-base-v2/ieee/prep1_aug0/seed_37622020/confusion_matrix.pdf
2026-03-19 19:16:51,024 - cyberbully - INFO - Accuracy: 0.8460
2026-03-19 19:16:51,024 - cyberbully - INFO - Weighted F1: 0.8454
2026-03-19 19:16:51,024 - cyberbully - INFO - Micro F1: 0.8460
2026-03-19 19:16:51,024 - cyberbully - INFO - Inference time: 0.33 seconds
2026-03-19 19:16:51,024 - cyberbully - INFO - Energy consumption: 0.000020 kWh
2026-03-19 19:16:51,025 - cyberbully - INFO - Step 5b: Plotting t-SNE of projection embeddings...
2026-03-19 19:16:51,317 - cyberbully - INFO - Running t-SNE on 422 samples with proj_dim=128, perplexity=30.0...
2026-03-19 19:16:52,126 - cyberbully - INFO - t-SNE static plot saved to experiments/supcon-light-64/all-mpnet-base-v2/ieee/prep1_aug0/seed_37622020/projection_tsne.pdf
2026-03-19 19:16:52,242 - cyberbully - INFO - t-SNE interactive plot saved to experiments/supcon-light-64/all-mpnet-base-v2/ieee/prep1_aug0/seed_37622020/projection_tsne.html
2026-03-19 19:16:52,242 - cyberbully - INFO - ============================================================
2026-03-19 19:16:52,242 - cyberbully - INFO - Pipeline complete. Results saved to: experiments/supcon-light-64/all-mpnet-base-v2/ieee/prep1_aug0/seed_37622020
2026-03-19 19:16:52,242 - cyberbully - INFO - ============================================================
