2026-05-20 21:04:17,161 - cyberbully - INFO - Model 'all-mpnet-base-v2' detected as SBERT-based. Using SBERTClassifier pipeline.
2026-05-20 21:04:17,161 - cyberbully - INFO - ============================================================
2026-05-20 21:04:17,161 - cyberbully - INFO - Cyberbullying Detection Pipeline
2026-05-20 21:04:17,161 - cyberbully - INFO - ============================================================
2026-05-20 21:04:17,161 - cyberbully - INFO - Configuration:
2026-05-20 21:04:17,161 - cyberbully - INFO -   model          : all-mpnet-base-v2
2026-05-20 21:04:17,161 - cyberbully - INFO -   dataset        : kaggle
2026-05-20 21:04:17,161 - cyberbully - INFO -   preprocess     : True
2026-05-20 21:04:17,161 - cyberbully - INFO -   augment        : False
2026-05-20 21:04:17,161 - cyberbully - INFO -   compute_attribution: False
2026-05-20 21:04:17,161 - cyberbully - INFO -   seed           : 99511865
2026-05-20 21:04:17,161 - cyberbully - INFO -   epochs         : 10
2026-05-20 21:04:17,161 - cyberbully - INFO -   batch_size     : 32
2026-05-20 21:04:17,161 - cyberbully - INFO -   lr             : 5e-05
2026-05-20 21:04:17,161 - cyberbully - INFO -   max_length     : 128
2026-05-20 21:04:17,161 - cyberbully - INFO -   output_dir     : grid-search
2026-05-20 21:04:17,161 - cyberbully - INFO -   data_dir       : dataset
2026-05-20 21:04:17,161 - cyberbully - INFO -   sbert          : True
2026-05-20 21:04:17,161 - cyberbully - INFO -   supcon         : False
2026-05-20 21:04:17,161 - cyberbully - INFO -   supcon_weight  : 0.1
2026-05-20 21:04:17,161 - cyberbully - INFO -   proj_dim       : 128
2026-05-20 21:04:17,161 - cyberbully - INFO -   grad_accum_steps: 1
2026-05-20 21:04:17,161 - cyberbully - INFO -   overwrite      : True
2026-05-20 21:04:17,161 - cyberbully - INFO -   device         : cuda
2026-05-20 21:04:17,161 - cyberbully - INFO -   output_dir     : experiments/grid-search/all-mpnet-base-v2/kaggle/prep1_aug0/seed_99511865
2026-05-20 21:04:17,161 - cyberbully - INFO - ============================================================
2026-05-20 21:04:17,161 - cyberbully - INFO - Step 1: Preparing data...
2026-05-20 21:04:17,206 - cyberbully - INFO - Loaded pre-split data from dataset/kaggle — train: 25604, val: 6401, test: 8002
2026-05-20 21:04:17,206 - cyberbully - INFO - Label mapping: {'age': 0, 'ethnicity': 1, 'gender': 2, 'other_cyberbullying': 3, 'religion': 4}
2026-05-20 21:04:17,207 - cyberbully - INFO - Applying text preprocessing per split...
2026-05-20 21:04:21,735 - cyberbully - INFO - After preprocessing -- train: 25604, val: 6401, test: 8002
2026-05-20 21:04:21,739 - cyberbully - INFO - Number of classes: 5
2026-05-20 21:04:21,740 - cyberbully - INFO - Step 2: Loading model and tokenizer...
2026-05-20 21:04:21,740 - cyberbully - INFO - Loading model 'all-mpnet-base-v2' with 5 labels (sbert=True, supcon=False)
2026-05-20 21:04:25,683 - cyberbully - INFO - SBERTClassifier: embedding_dim=768, hidden=256, proj_dim=None, num_labels=5
2026-05-20 21:04:26,277 - cyberbully - INFO - Step 3: Creating datasets...
2026-05-20 21:04:26,935 - cyberbully - INFO - Dataset sizes — train: 25604, val: 6401, test: 8002
2026-05-20 21:04:26,935 - cyberbully - INFO - Step 4: Training...
2026-05-20 21:04:26,980 - cyberbully - INFO - Starting training...
2026-05-20 21:17:16,895 - cyberbully - INFO - Training complete.
2026-05-20 21:17:16,957 - cyberbully - INFO - Removed checkpoint: experiments/grid-search/all-mpnet-base-v2/kaggle/prep1_aug0/seed_99511865/checkpoint-5607
2026-05-20 21:17:17,030 - cyberbully - INFO - Removed checkpoint: experiments/grid-search/all-mpnet-base-v2/kaggle/prep1_aug0/seed_99511865/checkpoint-8010
2026-05-20 21:17:17,093 - cyberbully - INFO - Removed checkpoint: experiments/grid-search/all-mpnet-base-v2/kaggle/prep1_aug0/seed_99511865/checkpoint-6408
2026-05-20 21:17:17,156 - cyberbully - INFO - Removed checkpoint: experiments/grid-search/all-mpnet-base-v2/kaggle/prep1_aug0/seed_99511865/checkpoint-1602
2026-05-20 21:17:17,218 - cyberbully - INFO - Removed checkpoint: experiments/grid-search/all-mpnet-base-v2/kaggle/prep1_aug0/seed_99511865/checkpoint-3204
2026-05-20 21:17:17,281 - cyberbully - INFO - Removed checkpoint: experiments/grid-search/all-mpnet-base-v2/kaggle/prep1_aug0/seed_99511865/checkpoint-7209
2026-05-20 21:17:17,343 - cyberbully - INFO - Removed checkpoint: experiments/grid-search/all-mpnet-base-v2/kaggle/prep1_aug0/seed_99511865/checkpoint-4005
2026-05-20 21:17:17,405 - cyberbully - INFO - Removed checkpoint: experiments/grid-search/all-mpnet-base-v2/kaggle/prep1_aug0/seed_99511865/checkpoint-4806
2026-05-20 21:17:17,470 - cyberbully - INFO - Removed checkpoint: experiments/grid-search/all-mpnet-base-v2/kaggle/prep1_aug0/seed_99511865/checkpoint-801
2026-05-20 21:17:17,533 - cyberbully - INFO - Removed checkpoint: experiments/grid-search/all-mpnet-base-v2/kaggle/prep1_aug0/seed_99511865/checkpoint-2403
2026-05-20 21:17:17,533 - cyberbully - INFO - Step 5: Evaluating on test set...
2026-05-20 21:17:29,846 - cyberbully - INFO - Metrics saved to experiments/grid-search/all-mpnet-base-v2/kaggle/prep1_aug0/seed_99511865/metrics.json
2026-05-20 21:17:29,846 - cyberbully - INFO - Confusion matrix saved to experiments/grid-search/all-mpnet-base-v2/kaggle/prep1_aug0/seed_99511865/confusion_matrix.json
2026-05-20 21:17:29,925 - cyberbully - INFO - Per-sample predictions saved to experiments/grid-search/all-mpnet-base-v2/kaggle/prep1_aug0/seed_99511865/predictions.json
2026-05-20 21:17:30,029 - cyberbully - INFO - Confusion matrix figure saved to experiments/grid-search/all-mpnet-base-v2/kaggle/prep1_aug0/seed_99511865/confusion_matrix.pdf
2026-05-20 21:17:30,029 - cyberbully - INFO - Accuracy: 0.9445
2026-05-20 21:17:30,029 - cyberbully - INFO - Weighted F1: 0.9447
2026-05-20 21:17:30,029 - cyberbully - INFO - Micro F1: 0.9445
2026-05-20 21:17:30,029 - cyberbully - INFO - Inference time: 6.16 seconds
2026-05-20 21:17:30,029 - cyberbully - INFO - Energy consumption: 0.000385 kWh
2026-05-20 21:17:30,031 - cyberbully - INFO - ============================================================
2026-05-20 21:17:30,031 - cyberbully - INFO - Pipeline complete. Results saved to: experiments/grid-search/all-mpnet-base-v2/kaggle/prep1_aug0/seed_99511865
2026-05-20 21:17:30,031 - cyberbully - INFO - ============================================================
