2026-03-19 01:02:01,979 - cyberbully - INFO - ============================================================
2026-03-19 01:02:01,979 - cyberbully - INFO - Cyberbullying Detection Pipeline
2026-03-19 01:02:01,979 - cyberbully - INFO - ============================================================
2026-03-19 01:02:01,979 - cyberbully - INFO - Configuration:
2026-03-19 01:02:01,979 - cyberbully - INFO -   model          : Twitter/twhin-bert-base
2026-03-19 01:02:01,979 - cyberbully - INFO -   dataset        : tweeteval
2026-03-19 01:02:01,979 - cyberbully - INFO -   preprocess     : True
2026-03-19 01:02:01,979 - cyberbully - INFO -   augment        : False
2026-03-19 01:02:01,979 - cyberbully - INFO -   compute_attribution: False
2026-03-19 01:02:01,979 - cyberbully - INFO -   seed           : 37622020
2026-03-19 01:02:01,979 - cyberbully - INFO -   epochs         : 10
2026-03-19 01:02:01,979 - cyberbully - INFO -   batch_size     : 32
2026-03-19 01:02:01,979 - cyberbully - INFO -   lr             : 5e-05
2026-03-19 01:02:01,979 - cyberbully - INFO -   max_length     : 128
2026-03-19 01:02:01,979 - cyberbully - INFO -   output_dir     : supcon-baseline
2026-03-19 01:02:01,979 - cyberbully - INFO -   data_dir       : dataset
2026-03-19 01:02:01,979 - cyberbully - INFO -   sbert          : False
2026-03-19 01:02:01,979 - cyberbully - INFO -   supcon         : False
2026-03-19 01:02:01,979 - cyberbully - INFO -   supcon_weight  : 0.1
2026-03-19 01:02:01,979 - cyberbully - INFO -   proj_dim       : 128
2026-03-19 01:02:01,979 - cyberbully - INFO -   grad_accum_steps: 1
2026-03-19 01:02:01,979 - cyberbully - INFO -   overwrite      : False
2026-03-19 01:02:01,979 - cyberbully - INFO -   device         : cuda
2026-03-19 01:02:01,979 - cyberbully - INFO -   output_dir     : experiments/supcon-baseline/Twitter_twhin-bert-base/tweeteval/prep1_aug0/seed_37622020
2026-03-19 01:02:01,979 - cyberbully - INFO - ============================================================
2026-03-19 01:02:01,979 - cyberbully - INFO - Step 1: Preparing data...
2026-03-19 01:02:02,180 - cyberbully - INFO - Loaded pre-split data from dataset/tweeteval — train: 32485, val: 8122, test: 10152
2026-03-19 01:02:02,180 - cyberbully - INFO - Label mapping: {'emotion': 0, 'hate': 1, 'offensive': 2, 'religion': 3, 'spiritual': 4}
2026-03-19 01:02:02,180 - cyberbully - INFO - Applying text preprocessing per split...
2026-03-19 01:02:06,053 - cyberbully - INFO - After preprocessing — train: 32485, val: 8122, test: 10152
2026-03-19 01:02:06,066 - cyberbully - INFO - Number of classes: 5
2026-03-19 01:02:06,067 - cyberbully - INFO - Step 2: Loading model and tokenizer...
2026-03-19 01:02:06,067 - cyberbully - INFO - Loading model 'Twitter/twhin-bert-base' with 5 labels (sbert=False, supcon=False)
2026-03-19 01:02:07,396 - cyberbully - INFO - Step 3: Creating datasets...
2026-03-19 01:02:08,222 - cyberbully - INFO - Dataset sizes — train: 32485, val: 8122, test: 10152
2026-03-19 01:02:08,222 - cyberbully - INFO - Step 4: Training...
2026-03-19 01:02:08,447 - cyberbully - INFO - Starting training...
2026-03-19 01:21:01,441 - cyberbully - INFO - Training complete.
2026-03-19 01:21:01,489 - cyberbully - INFO - Removed checkpoint: experiments/supcon-baseline/Twitter_twhin-bert-base/tweeteval/prep1_aug0/seed_37622020/checkpoint-2032
2026-03-19 01:21:01,686 - cyberbully - INFO - Removed checkpoint: experiments/supcon-baseline/Twitter_twhin-bert-base/tweeteval/prep1_aug0/seed_37622020/checkpoint-6096
2026-03-19 01:21:01,714 - cyberbully - INFO - Removed checkpoint: experiments/supcon-baseline/Twitter_twhin-bert-base/tweeteval/prep1_aug0/seed_37622020/checkpoint-3048
2026-03-19 01:21:01,909 - cyberbully - INFO - Removed checkpoint: experiments/supcon-baseline/Twitter_twhin-bert-base/tweeteval/prep1_aug0/seed_37622020/checkpoint-9144
2026-03-19 01:21:02,035 - cyberbully - INFO - Removed checkpoint: experiments/supcon-baseline/Twitter_twhin-bert-base/tweeteval/prep1_aug0/seed_37622020/checkpoint-5080
2026-03-19 01:21:02,232 - cyberbully - INFO - Removed checkpoint: experiments/supcon-baseline/Twitter_twhin-bert-base/tweeteval/prep1_aug0/seed_37622020/checkpoint-8128
2026-03-19 01:21:02,260 - cyberbully - INFO - Removed checkpoint: experiments/supcon-baseline/Twitter_twhin-bert-base/tweeteval/prep1_aug0/seed_37622020/checkpoint-4064
2026-03-19 01:21:02,291 - cyberbully - INFO - Removed checkpoint: experiments/supcon-baseline/Twitter_twhin-bert-base/tweeteval/prep1_aug0/seed_37622020/checkpoint-1016
2026-03-19 01:21:02,496 - cyberbully - INFO - Removed checkpoint: experiments/supcon-baseline/Twitter_twhin-bert-base/tweeteval/prep1_aug0/seed_37622020/checkpoint-7112
2026-03-19 01:21:02,690 - cyberbully - INFO - Removed checkpoint: experiments/supcon-baseline/Twitter_twhin-bert-base/tweeteval/prep1_aug0/seed_37622020/checkpoint-10160
2026-03-19 01:21:02,690 - cyberbully - INFO - Step 5: Evaluating on test set...
2026-03-19 01:21:13,245 - cyberbully - INFO - Metrics saved to experiments/supcon-baseline/Twitter_twhin-bert-base/tweeteval/prep1_aug0/seed_37622020/metrics.json
2026-03-19 01:21:13,245 - cyberbully - INFO - Confusion matrix saved to experiments/supcon-baseline/Twitter_twhin-bert-base/tweeteval/prep1_aug0/seed_37622020/confusion_matrix.json
2026-03-19 01:21:13,348 - cyberbully - INFO - Per-sample predictions saved to experiments/supcon-baseline/Twitter_twhin-bert-base/tweeteval/prep1_aug0/seed_37622020/predictions.json
2026-03-19 01:21:13,582 - cyberbully - INFO - Confusion matrix figure saved to experiments/supcon-baseline/Twitter_twhin-bert-base/tweeteval/prep1_aug0/seed_37622020/confusion_matrix.pdf
2026-03-19 01:21:13,582 - cyberbully - INFO - Accuracy: 0.9710
2026-03-19 01:21:13,582 - cyberbully - INFO - Weighted F1: 0.9711
2026-03-19 01:21:13,582 - cyberbully - INFO - Micro F1: 0.9710
2026-03-19 01:21:13,582 - cyberbully - INFO - Inference time: 5.31 seconds
2026-03-19 01:21:13,582 - cyberbully - INFO - Energy consumption: 0.000299 kWh
2026-03-19 01:21:13,584 - cyberbully - INFO - ============================================================
2026-03-19 01:21:13,584 - cyberbully - INFO - Pipeline complete. Results saved to: experiments/supcon-baseline/Twitter_twhin-bert-base/tweeteval/prep1_aug0/seed_37622020
2026-03-19 01:21:13,584 - cyberbully - INFO - ============================================================
