2026-04-17 04:46:57,056 - cyberbully - INFO - Model 'all-MiniLM-L12-v2' detected as SBERT-based. Using SBERTClassifier pipeline.
2026-04-17 04:46:57,056 - cyberbully - INFO - ============================================================
2026-04-17 04:46:57,056 - cyberbully - INFO - Cyberbullying Detection Pipeline
2026-04-17 04:46:57,056 - cyberbully - INFO - ============================================================
2026-04-17 04:46:57,056 - cyberbully - INFO - Configuration:
2026-04-17 04:46:57,056 - cyberbully - INFO -   model          : all-MiniLM-L12-v2
2026-04-17 04:46:57,056 - cyberbully - INFO -   dataset        : tweeteval
2026-04-17 04:46:57,056 - cyberbully - INFO -   preprocess     : True
2026-04-17 04:46:57,056 - cyberbully - INFO -   augment        : True
2026-04-17 04:46:57,056 - cyberbully - INFO -   compute_attribution: False
2026-04-17 04:46:57,056 - cyberbully - INFO -   seed           : 90995999
2026-04-17 04:46:57,056 - cyberbully - INFO -   epochs         : 10
2026-04-17 04:46:57,056 - cyberbully - INFO -   batch_size     : 32
2026-04-17 04:46:57,056 - cyberbully - INFO -   lr             : 5e-05
2026-04-17 04:46:57,056 - cyberbully - INFO -   max_length     : 128
2026-04-17 04:46:57,056 - cyberbully - INFO -   output_dir     : grid-search
2026-04-17 04:46:57,056 - cyberbully - INFO -   data_dir       : dataset
2026-04-17 04:46:57,056 - cyberbully - INFO -   sbert          : True
2026-04-17 04:46:57,056 - cyberbully - INFO -   supcon         : False
2026-04-17 04:46:57,056 - cyberbully - INFO -   supcon_weight  : 0.1
2026-04-17 04:46:57,056 - cyberbully - INFO -   proj_dim       : 128
2026-04-17 04:46:57,056 - cyberbully - INFO -   grad_accum_steps: 1
2026-04-17 04:46:57,056 - cyberbully - INFO -   overwrite      : True
2026-04-17 04:46:57,056 - cyberbully - INFO -   device         : cuda
2026-04-17 04:46:57,056 - cyberbully - INFO -   output_dir     : experiments/grid-search/all-MiniLM-L12-v2/tweeteval/prep1_aug1/seed_90995999
2026-04-17 04:46:57,056 - cyberbully - INFO - ============================================================
2026-04-17 04:46:57,056 - cyberbully - INFO - Step 1: Preparing data...
2026-04-17 04:46:57,104 - cyberbully - INFO - Loaded pre-split data from dataset/tweeteval — train: 32485, val: 8122, test: 10152
2026-04-17 04:46:57,104 - cyberbully - INFO - Label mapping: {'emotion': 0, 'hate': 1, 'offensive': 2, 'religion': 3, 'spiritual': 4}
2026-04-17 04:46:57,104 - cyberbully - INFO - Applying text preprocessing per split...
2026-04-17 04:47:56,703 - cyberbully - INFO - After preprocessing — train: 30376, val: 7617, test: 9465
2026-04-17 04:47:56,705 - cyberbully - INFO - Applying training data augmentation (oversampling)...
2026-04-17 04:47:56,710 - cyberbully - INFO - After oversampling — class distribution: {0: 7772, 1: 7772, 2: 7772, 3: 7772, 4: 7772}
2026-04-17 04:47:56,719 - cyberbully - INFO - Number of classes: 5
2026-04-17 04:47:56,720 - cyberbully - INFO - Step 2: Loading model and tokenizer...
2026-04-17 04:47:56,720 - cyberbully - INFO - Loading model 'all-MiniLM-L12-v2' with 5 labels (sbert=True, supcon=False)
2026-04-17 04:48:00,714 - cyberbully - INFO - SBERTClassifier: embedding_dim=384, hidden=256, proj_dim=None, num_labels=5
2026-04-17 04:48:01,288 - cyberbully - INFO - Step 3: Creating datasets...
2026-04-17 04:48:02,548 - cyberbully - INFO - Dataset sizes — train: 38860, val: 7617, test: 9465
2026-04-17 04:48:02,548 - cyberbully - INFO - Step 4: Training...
2026-04-17 04:48:02,599 - cyberbully - INFO - Starting training...
2026-04-17 04:54:39,629 - cyberbully - INFO - Training complete.
2026-04-17 04:54:39,648 - cyberbully - INFO - Removed checkpoint: experiments/grid-search/all-MiniLM-L12-v2/tweeteval/prep1_aug1/seed_90995999/checkpoint-3645
2026-04-17 04:54:39,668 - cyberbully - INFO - Removed checkpoint: experiments/grid-search/all-MiniLM-L12-v2/tweeteval/prep1_aug1/seed_90995999/checkpoint-4860
2026-04-17 04:54:39,687 - cyberbully - INFO - Removed checkpoint: experiments/grid-search/all-MiniLM-L12-v2/tweeteval/prep1_aug1/seed_90995999/checkpoint-8505
2026-04-17 04:54:39,707 - cyberbully - INFO - Removed checkpoint: experiments/grid-search/all-MiniLM-L12-v2/tweeteval/prep1_aug1/seed_90995999/checkpoint-7290
2026-04-17 04:54:39,726 - cyberbully - INFO - Removed checkpoint: experiments/grid-search/all-MiniLM-L12-v2/tweeteval/prep1_aug1/seed_90995999/checkpoint-6075
2026-04-17 04:54:39,747 - cyberbully - INFO - Removed checkpoint: experiments/grid-search/all-MiniLM-L12-v2/tweeteval/prep1_aug1/seed_90995999/checkpoint-1215
2026-04-17 04:54:39,766 - cyberbully - INFO - Removed checkpoint: experiments/grid-search/all-MiniLM-L12-v2/tweeteval/prep1_aug1/seed_90995999/checkpoint-9720
2026-04-17 04:54:39,788 - cyberbully - INFO - Removed checkpoint: experiments/grid-search/all-MiniLM-L12-v2/tweeteval/prep1_aug1/seed_90995999/checkpoint-12150
2026-04-17 04:54:39,808 - cyberbully - INFO - Removed checkpoint: experiments/grid-search/all-MiniLM-L12-v2/tweeteval/prep1_aug1/seed_90995999/checkpoint-2430
2026-04-17 04:54:39,827 - cyberbully - INFO - Removed checkpoint: experiments/grid-search/all-MiniLM-L12-v2/tweeteval/prep1_aug1/seed_90995999/checkpoint-10935
2026-04-17 04:54:39,827 - cyberbully - INFO - Step 5: Evaluating on test set...
2026-04-17 04:54:46,727 - cyberbully - INFO - Metrics saved to experiments/grid-search/all-MiniLM-L12-v2/tweeteval/prep1_aug1/seed_90995999/metrics.json
2026-04-17 04:54:46,727 - cyberbully - INFO - Confusion matrix saved to experiments/grid-search/all-MiniLM-L12-v2/tweeteval/prep1_aug1/seed_90995999/confusion_matrix.json
2026-04-17 04:54:46,823 - cyberbully - INFO - Per-sample predictions saved to experiments/grid-search/all-MiniLM-L12-v2/tweeteval/prep1_aug1/seed_90995999/predictions.json
2026-04-17 04:54:46,926 - cyberbully - INFO - Confusion matrix figure saved to experiments/grid-search/all-MiniLM-L12-v2/tweeteval/prep1_aug1/seed_90995999/confusion_matrix.pdf
2026-04-17 04:54:46,926 - cyberbully - INFO - Accuracy: 0.9453
2026-04-17 04:54:46,926 - cyberbully - INFO - Weighted F1: 0.9450
2026-04-17 04:54:46,926 - cyberbully - INFO - Micro F1: 0.9453
2026-04-17 04:54:46,926 - cyberbully - INFO - Inference time: 2.26 seconds
2026-04-17 04:54:46,926 - cyberbully - INFO - Energy consumption: 0.000158 kWh
2026-04-17 04:54:46,928 - cyberbully - INFO - ============================================================
2026-04-17 04:54:46,928 - cyberbully - INFO - Pipeline complete. Results saved to: experiments/grid-search/all-MiniLM-L12-v2/tweeteval/prep1_aug1/seed_90995999
2026-04-17 04:54:46,928 - cyberbully - INFO - ============================================================
