2026-02-18 02:41:04,296 - cyberbully - INFO - ============================================================
2026-02-18 02:41:04,297 - cyberbully - INFO - Cyberbullying Detection Pipeline
2026-02-18 02:41:04,297 - cyberbully - INFO - ============================================================
2026-02-18 02:41:04,297 - cyberbully - INFO - Configuration:
2026-02-18 02:41:04,297 - cyberbully - INFO -   model          : Twitter/twhin-bert-base
2026-02-18 02:41:04,297 - cyberbully - INFO -   dataset        : tweeteval
2026-02-18 02:41:04,297 - cyberbully - INFO -   preprocess     : False
2026-02-18 02:41:04,297 - cyberbully - INFO -   augment        : False
2026-02-18 02:41:04,297 - cyberbully - INFO -   compute_attribution: False
2026-02-18 02:41:04,297 - cyberbully - INFO -   seed           : 24677315
2026-02-18 02:41:04,297 - cyberbully - INFO -   epochs         : 5
2026-02-18 02:41:04,297 - cyberbully - INFO -   batch_size     : 16
2026-02-18 02:41:04,297 - cyberbully - INFO -   lr             : 2e-05
2026-02-18 02:41:04,297 - cyberbully - INFO -   max_length     : 128
2026-02-18 02:41:04,297 - cyberbully - INFO -   output_dir     : domain-model
2026-02-18 02:41:04,297 - cyberbully - INFO -   data_dir       : dataset
2026-02-18 02:41:04,297 - cyberbully - INFO -   sbert          : False
2026-02-18 02:41:04,297 - cyberbully - INFO -   overwrite      : False
2026-02-18 02:41:04,297 - cyberbully - INFO -   device         : cuda
2026-02-18 02:41:04,297 - cyberbully - INFO -   output_dir     : experiments/domain-model/Twitter_twhin-bert-base/tweeteval/prep0_aug0/seed_24677315
2026-02-18 02:41:04,297 - cyberbully - INFO - ============================================================
2026-02-18 02:41:04,297 - cyberbully - INFO - Step 1: Preparing data...
2026-02-18 02:41:04,297 - cyberbully - INFO - Loading dataset 'tweeteval' from dataset/Tweeteval.csv
2026-02-18 02:41:04,370 - cyberbully - INFO - Loaded 50759 samples with 5 classes: ['emotion', 'hate', 'offensive', 'religion', 'spiritual']
2026-02-18 02:41:04,372 - cyberbully - INFO - Label mapping: {'emotion': 0, 'hate': 1, 'offensive': 2, 'religion': 3, 'spiritual': 4}
2026-02-18 02:41:04,385 - cyberbully - INFO - Split sizes — train: 32485, val: 8122, test: 10152
2026-02-18 02:41:04,386 - cyberbully - INFO - Number of classes: 5
2026-02-18 02:41:04,388 - cyberbully - INFO - Step 2: Loading model and tokenizer...
2026-02-18 02:41:04,388 - cyberbully - INFO - Loading model 'Twitter/twhin-bert-base' with 5 labels (sbert=False)
2026-02-18 02:41:05,682 - cyberbully - INFO - Step 3: Creating datasets...
2026-02-18 02:41:06,664 - cyberbully - INFO - Dataset sizes — train: 32485, val: 8122, test: 10152
2026-02-18 02:41:06,665 - cyberbully - INFO - Step 4: Training...
2026-02-18 02:41:06,973 - cyberbully - INFO - Starting training...
2026-02-18 02:55:53,497 - cyberbully - INFO - Training complete.
2026-02-18 02:55:53,498 - cyberbully - INFO - Step 5: Evaluating on test set...
2026-02-18 02:56:06,126 - cyberbully - INFO - Metrics saved to experiments/domain-model/Twitter_twhin-bert-base/tweeteval/prep0_aug0/seed_24677315/metrics.json
2026-02-18 02:56:06,126 - cyberbully - INFO - Confusion matrix saved to experiments/domain-model/Twitter_twhin-bert-base/tweeteval/prep0_aug0/seed_24677315/confusion_matrix.json
2026-02-18 02:56:06,227 - cyberbully - INFO - Confusion matrix figure saved to experiments/domain-model/Twitter_twhin-bert-base/tweeteval/prep0_aug0/seed_24677315/confusion_matrix.pdf
2026-02-18 02:56:06,227 - cyberbully - INFO - Accuracy: 0.9710
2026-02-18 02:56:06,227 - cyberbully - INFO - Weighted F1: 0.9709
2026-02-18 02:56:06,227 - cyberbully - INFO - Micro F1: 0.9710
2026-02-18 02:56:06,227 - cyberbully - INFO - Inference time: 8.32 seconds
2026-02-18 02:56:06,227 - cyberbully - INFO - Energy consumption: 0.000499 kWh
2026-02-18 02:56:06,227 - cyberbully - INFO - ============================================================
2026-02-18 02:56:06,227 - cyberbully - INFO - Pipeline complete. Results saved to: experiments/domain-model/Twitter_twhin-bert-base/tweeteval/prep0_aug0/seed_24677315
2026-02-18 02:56:06,227 - cyberbully - INFO - ============================================================
