2026-03-20 15:46:30,956 - cyberbully - INFO - ============================================================
2026-03-20 15:46:30,956 - cyberbully - INFO - Cyberbullying Detection Pipeline
2026-03-20 15:46:30,956 - cyberbully - INFO - ============================================================
2026-03-20 15:46:30,957 - cyberbully - INFO - Configuration:
2026-03-20 15:46:30,957 - cyberbully - INFO -   model          : bert-base-cased
2026-03-20 15:46:30,957 - cyberbully - INFO -   dataset        : ieee
2026-03-20 15:46:30,957 - cyberbully - INFO -   preprocess     : False
2026-03-20 15:46:30,957 - cyberbully - INFO -   augment        : True
2026-03-20 15:46:30,957 - cyberbully - INFO -   compute_attribution: False
2026-03-20 15:46:30,957 - cyberbully - INFO -   seed           : 14298463
2026-03-20 15:46:30,957 - cyberbully - INFO -   epochs         : 10
2026-03-20 15:46:30,957 - cyberbully - INFO -   batch_size     : 32
2026-03-20 15:46:30,957 - cyberbully - INFO -   lr             : 5e-05
2026-03-20 15:46:30,957 - cyberbully - INFO -   max_length     : 128
2026-03-20 15:46:30,957 - cyberbully - INFO -   output_dir     : grid-search
2026-03-20 15:46:30,957 - cyberbully - INFO -   data_dir       : dataset
2026-03-20 15:46:30,957 - cyberbully - INFO -   sbert          : False
2026-03-20 15:46:30,957 - cyberbully - INFO -   supcon         : False
2026-03-20 15:46:30,957 - cyberbully - INFO -   supcon_weight  : 0.1
2026-03-20 15:46:30,957 - cyberbully - INFO -   proj_dim       : 128
2026-03-20 15:46:30,957 - cyberbully - INFO -   grad_accum_steps: 1
2026-03-20 15:46:30,957 - cyberbully - INFO -   overwrite      : False
2026-03-20 15:46:30,957 - cyberbully - INFO -   device         : cuda
2026-03-20 15:46:30,957 - cyberbully - INFO -   output_dir     : experiments/grid-search/bert-base-cased/ieee/prep0_aug1/seed_14298463
2026-03-20 15:46:30,957 - cyberbully - INFO - ============================================================
2026-03-20 15:46:30,957 - cyberbully - INFO - Step 1: Preparing data...
2026-03-20 15:46:30,960 - cyberbully - INFO - Loaded pre-split data from dataset/ieee — train: 1348, val: 338, test: 422
2026-03-20 15:46:30,960 - cyberbully - INFO - Label mapping: {'Cyberstalking': 0, 'Doxing': 1, 'Revenge Porn': 2, 'Sexual Harassment': 3, 'Slut Shaming': 4}
2026-03-20 15:46:30,961 - cyberbully - INFO - Applying training data augmentation (oversampling)...
2026-03-20 15:46:30,962 - cyberbully - INFO - After oversampling — class distribution: {0: 316, 1: 316, 2: 316, 3: 316, 4: 316}
2026-03-20 15:46:30,963 - cyberbully - INFO - Number of classes: 5
2026-03-20 15:46:30,964 - cyberbully - INFO - Step 2: Loading model and tokenizer...
2026-03-20 15:46:30,964 - cyberbully - INFO - Loading model 'bert-base-cased' with 5 labels (sbert=False, supcon=False)
2026-03-20 15:46:31,658 - cyberbully - INFO - Step 3: Creating datasets...
2026-03-20 15:46:31,690 - cyberbully - INFO - Dataset sizes — train: 1580, val: 338, test: 422
2026-03-20 15:46:31,690 - cyberbully - INFO - Step 4: Training...
2026-03-20 15:46:31,918 - cyberbully - INFO - Starting training...
2026-03-20 15:47:28,554 - cyberbully - INFO - Training complete.
2026-03-20 15:47:28,626 - cyberbully - INFO - Removed checkpoint: experiments/grid-search/bert-base-cased/ieee/prep0_aug1/seed_14298463/checkpoint-400
2026-03-20 15:47:28,692 - cyberbully - INFO - Removed checkpoint: experiments/grid-search/bert-base-cased/ieee/prep0_aug1/seed_14298463/checkpoint-200
2026-03-20 15:47:28,924 - cyberbully - INFO - Removed checkpoint: experiments/grid-search/bert-base-cased/ieee/prep0_aug1/seed_14298463/checkpoint-450
2026-03-20 15:47:29,001 - cyberbully - INFO - Removed checkpoint: experiments/grid-search/bert-base-cased/ieee/prep0_aug1/seed_14298463/checkpoint-300
2026-03-20 15:47:29,073 - cyberbully - INFO - Removed checkpoint: experiments/grid-search/bert-base-cased/ieee/prep0_aug1/seed_14298463/checkpoint-350
2026-03-20 15:47:29,139 - cyberbully - INFO - Removed checkpoint: experiments/grid-search/bert-base-cased/ieee/prep0_aug1/seed_14298463/checkpoint-150
2026-03-20 15:47:29,206 - cyberbully - INFO - Removed checkpoint: experiments/grid-search/bert-base-cased/ieee/prep0_aug1/seed_14298463/checkpoint-50
2026-03-20 15:47:29,279 - cyberbully - INFO - Removed checkpoint: experiments/grid-search/bert-base-cased/ieee/prep0_aug1/seed_14298463/checkpoint-500
2026-03-20 15:47:29,828 - cyberbully - INFO - Removed checkpoint: experiments/grid-search/bert-base-cased/ieee/prep0_aug1/seed_14298463/checkpoint-100
2026-03-20 15:47:30,836 - cyberbully - INFO - Removed checkpoint: experiments/grid-search/bert-base-cased/ieee/prep0_aug1/seed_14298463/checkpoint-250
2026-03-20 15:47:30,836 - cyberbully - INFO - Step 5: Evaluating on test set...
2026-03-20 15:47:35,439 - cyberbully - INFO - Metrics saved to experiments/grid-search/bert-base-cased/ieee/prep0_aug1/seed_14298463/metrics.json
2026-03-20 15:47:35,439 - cyberbully - INFO - Confusion matrix saved to experiments/grid-search/bert-base-cased/ieee/prep0_aug1/seed_14298463/confusion_matrix.json
2026-03-20 15:47:35,443 - cyberbully - INFO - Per-sample predictions saved to experiments/grid-search/bert-base-cased/ieee/prep0_aug1/seed_14298463/predictions.json
2026-03-20 15:47:35,543 - cyberbully - INFO - Confusion matrix figure saved to experiments/grid-search/bert-base-cased/ieee/prep0_aug1/seed_14298463/confusion_matrix.pdf
2026-03-20 15:47:35,543 - cyberbully - INFO - Accuracy: 0.8175
2026-03-20 15:47:35,543 - cyberbully - INFO - Weighted F1: 0.8185
2026-03-20 15:47:35,543 - cyberbully - INFO - Micro F1: 0.8175
2026-03-20 15:47:35,543 - cyberbully - INFO - Inference time: 0.31 seconds
2026-03-20 15:47:35,543 - cyberbully - INFO - Energy consumption: 0.000019 kWh
2026-03-20 15:47:35,544 - cyberbully - INFO - ============================================================
2026-03-20 15:47:35,544 - cyberbully - INFO - Pipeline complete. Results saved to: experiments/grid-search/bert-base-cased/ieee/prep0_aug1/seed_14298463
2026-03-20 15:47:35,544 - cyberbully - INFO - ============================================================
