2026-02-20 10:21:26,156 - cyberbully - INFO - ============================================================
2026-02-20 10:21:26,156 - cyberbully - INFO - Cyberbullying Detection Pipeline
2026-02-20 10:21:26,156 - cyberbully - INFO - ============================================================
2026-02-20 10:21:26,156 - cyberbully - INFO - Configuration:
2026-02-20 10:21:26,156 - cyberbully - INFO -   model          : all-MiniLM-L6-v2
2026-02-20 10:21:26,156 - cyberbully - INFO -   dataset        : tweeteval
2026-02-20 10:21:26,156 - cyberbully - INFO -   preprocess     : True
2026-02-20 10:21:26,156 - cyberbully - INFO -   augment        : False
2026-02-20 10:21:26,156 - cyberbully - INFO -   compute_attribution: False
2026-02-20 10:21:26,156 - cyberbully - INFO -   seed           : 99511865
2026-02-20 10:21:26,156 - cyberbully - INFO -   epochs         : 5
2026-02-20 10:21:26,156 - cyberbully - INFO -   batch_size     : 16
2026-02-20 10:21:26,156 - cyberbully - INFO -   lr             : 2e-05
2026-02-20 10:21:26,156 - cyberbully - INFO -   max_length     : 128
2026-02-20 10:21:26,156 - cyberbully - INFO -   output_dir     : sbert-model
2026-02-20 10:21:26,156 - cyberbully - INFO -   data_dir       : dataset
2026-02-20 10:21:26,156 - cyberbully - INFO -   sbert          : True
2026-02-20 10:21:26,156 - cyberbully - INFO -   overwrite      : False
2026-02-20 10:21:26,156 - cyberbully - INFO -   device         : cuda
2026-02-20 10:21:26,156 - cyberbully - INFO -   output_dir     : experiments/sbert-model/all-MiniLM-L6-v2/tweeteval/prep1_aug0/seed_99511865
2026-02-20 10:21:26,157 - cyberbully - INFO - ============================================================
2026-02-20 10:21:26,157 - cyberbully - INFO - Step 1: Preparing data...
2026-02-20 10:21:26,157 - cyberbully - INFO - Loading dataset 'tweeteval' from dataset/Tweeteval.csv
2026-02-20 10:21:26,228 - cyberbully - INFO - Loaded 50759 samples with 5 classes: ['emotion', 'hate', 'offensive', 'religion', 'spiritual']
2026-02-20 10:21:26,228 - cyberbully - INFO - Applying text preprocessing...
2026-02-20 10:22:21,327 - cyberbully - INFO - After preprocessing: 47367 samples remain
2026-02-20 10:22:21,330 - cyberbully - INFO - Label mapping: {'emotion': 0, 'hate': 1, 'offensive': 2, 'religion': 3, 'spiritual': 4}
2026-02-20 10:22:21,342 - cyberbully - INFO - Split sizes — train: 30314, val: 7579, test: 9474
2026-02-20 10:22:21,343 - cyberbully - INFO - Number of classes: 5
2026-02-20 10:22:21,344 - cyberbully - INFO - Step 2: Loading model and tokenizer...
2026-02-20 10:22:21,344 - cyberbully - INFO - Loading model 'all-MiniLM-L6-v2' with 5 labels (sbert=True)
2026-02-20 10:22:23,902 - cyberbully - INFO - SBERTClassifier: embedding_dim=384, hidden=256, num_labels=5
2026-02-20 10:22:24,198 - cyberbully - INFO - Step 3: Creating datasets...
2026-02-20 10:22:25,128 - cyberbully - INFO - Dataset sizes — train: 30314, val: 7579, test: 9474
2026-02-20 10:22:25,128 - cyberbully - INFO - Step 4: Training...
2026-02-20 10:22:25,171 - cyberbully - INFO - Starting training...
2026-02-20 10:24:53,829 - cyberbully - INFO - Training complete.
2026-02-20 10:24:53,829 - cyberbully - INFO - Step 5: Evaluating on test set...
2026-02-20 10:24:59,982 - cyberbully - INFO - Metrics saved to experiments/sbert-model/all-MiniLM-L6-v2/tweeteval/prep1_aug0/seed_99511865/metrics.json
2026-02-20 10:24:59,983 - cyberbully - INFO - Confusion matrix saved to experiments/sbert-model/all-MiniLM-L6-v2/tweeteval/prep1_aug0/seed_99511865/confusion_matrix.json
2026-02-20 10:25:00,083 - cyberbully - INFO - Confusion matrix figure saved to experiments/sbert-model/all-MiniLM-L6-v2/tweeteval/prep1_aug0/seed_99511865/confusion_matrix.pdf
2026-02-20 10:25:00,084 - cyberbully - INFO - Accuracy: 0.9402
2026-02-20 10:25:00,084 - cyberbully - INFO - Weighted F1: 0.9401
2026-02-20 10:25:00,084 - cyberbully - INFO - Micro F1: 0.9402
2026-02-20 10:25:00,084 - cyberbully - INFO - Inference time: 1.83 seconds
2026-02-20 10:25:00,084 - cyberbully - INFO - Energy consumption: 0.000109 kWh
2026-02-20 10:25:00,084 - cyberbully - INFO - ============================================================
2026-02-20 10:25:00,084 - cyberbully - INFO - Pipeline complete. Results saved to: experiments/sbert-model/all-MiniLM-L6-v2/tweeteval/prep1_aug0/seed_99511865
2026-02-20 10:25:00,084 - cyberbully - INFO - ============================================================
