2026-02-12 12:39:23,113 - cyberbully - INFO - ============================================================
2026-02-12 12:39:23,113 - cyberbully - INFO - Cyberbullying Detection Pipeline
2026-02-12 12:39:23,113 - cyberbully - INFO - ============================================================
2026-02-12 12:39:23,113 - cyberbully - INFO - Configuration:
2026-02-12 12:39:23,113 - cyberbully - INFO -   model          : xlnet-base-cased
2026-02-12 12:39:23,113 - cyberbully - INFO -   dataset        : ieee
2026-02-12 12:39:23,113 - cyberbully - INFO -   preprocess     : True
2026-02-12 12:39:23,113 - cyberbully - INFO -   augment        : False
2026-02-12 12:39:23,113 - cyberbully - INFO -   compute_attribution: False
2026-02-12 12:39:23,113 - cyberbully - INFO -   seed           : 70681460
2026-02-12 12:39:23,113 - cyberbully - INFO -   epochs         : 5
2026-02-12 12:39:23,113 - cyberbully - INFO -   batch_size     : 16
2026-02-12 12:39:23,113 - cyberbully - INFO -   lr             : 2e-05
2026-02-12 12:39:23,113 - cyberbully - INFO -   max_length     : 128
2026-02-12 12:39:23,113 - cyberbully - INFO -   output_dir     : experiments
2026-02-12 12:39:23,113 - cyberbully - INFO -   data_dir       : dataset
2026-02-12 12:39:23,113 - cyberbully - INFO -   overwrite      : False
2026-02-12 12:39:23,113 - cyberbully - INFO -   device         : cuda
2026-02-12 12:39:23,113 - cyberbully - INFO -   output_dir     : experiments/xlnet-base-cased/ieee/prep1_aug0/seed_70681460
2026-02-12 12:39:23,113 - cyberbully - INFO - ============================================================
2026-02-12 12:39:23,113 - cyberbully - INFO - Step 1: Preparing data...
2026-02-12 12:39:23,113 - cyberbully - INFO - Loading dataset 'ieee' from dataset/IEEE Data Port.csv
2026-02-12 12:39:23,119 - cyberbully - INFO - Loaded 2108 samples with 5 classes: ['Cyberstalking', 'Doxing', 'Revenge Porn', 'Sexual Harassment', 'Slut Shaming']
2026-02-12 12:39:23,119 - cyberbully - INFO - Applying text preprocessing...
2026-02-12 12:39:26,204 - cyberbully - INFO - After preprocessing: 1814 samples remain
2026-02-12 12:39:26,204 - cyberbully - INFO - Label mapping: {'Cyberstalking': 0, 'Doxing': 1, 'Revenge Porn': 2, 'Sexual Harassment': 3, 'Slut Shaming': 4}
2026-02-12 12:39:26,206 - cyberbully - INFO - Split sizes — train: 1160, val: 291, test: 363
2026-02-12 12:39:26,206 - cyberbully - INFO - Number of classes: 5
2026-02-12 12:39:26,206 - cyberbully - INFO - Step 2: Loading model and tokenizer...
2026-02-12 12:39:26,207 - cyberbully - INFO - Loading model 'xlnet-base-cased' with 5 labels
2026-02-12 12:39:28,274 - cyberbully - INFO - Step 3: Tokenizing datasets...
2026-02-12 12:39:28,300 - cyberbully - INFO - Dataset sizes — train: 1160, val: 291, test: 363
2026-02-12 12:39:28,300 - cyberbully - INFO - Step 4: Training...
2026-02-12 12:39:28,545 - cyberbully - INFO - Starting training...
2026-02-12 12:39:57,555 - cyberbully - INFO - Training complete.
2026-02-12 12:39:57,555 - cyberbully - INFO - Step 5: Evaluating on test set...
2026-02-12 12:40:02,229 - cyberbully - INFO - Metrics saved to experiments/xlnet-base-cased/ieee/prep1_aug0/seed_70681460/metrics.json
2026-02-12 12:40:02,229 - cyberbully - INFO - Confusion matrix saved to experiments/xlnet-base-cased/ieee/prep1_aug0/seed_70681460/confusion_matrix.json
2026-02-12 12:40:02,332 - cyberbully - INFO - Confusion matrix figure saved to experiments/xlnet-base-cased/ieee/prep1_aug0/seed_70681460/confusion_matrix.pdf
2026-02-12 12:40:02,332 - cyberbully - INFO - Accuracy: 0.8182
2026-02-12 12:40:02,332 - cyberbully - INFO - Weighted F1: 0.8157
2026-02-12 12:40:02,332 - cyberbully - INFO - Micro F1: 0.8182
2026-02-12 12:40:02,333 - cyberbully - INFO - Inference time: 0.44 seconds
2026-02-12 12:40:02,333 - cyberbully - INFO - Energy consumption: 0.000027 kWh
2026-02-12 12:40:02,333 - cyberbully - INFO - ============================================================
2026-02-12 12:40:02,333 - cyberbully - INFO - Pipeline complete. Results saved to: experiments/xlnet-base-cased/ieee/prep1_aug0/seed_70681460
2026-02-12 12:40:02,333 - cyberbully - INFO - ============================================================
