2026-04-17 03:16:43,983 - cyberbully - INFO - ============================================================
2026-04-17 03:16:43,983 - cyberbully - INFO - Cyberbullying Detection Pipeline
2026-04-17 03:16:43,983 - cyberbully - INFO - ============================================================
2026-04-17 03:16:43,983 - cyberbully - INFO - Configuration:
2026-04-17 03:16:43,983 - cyberbully - INFO -   model          : xlnet-base-cased
2026-04-17 03:16:43,983 - cyberbully - INFO -   dataset        : ieee
2026-04-17 03:16:43,983 - cyberbully - INFO -   preprocess     : True
2026-04-17 03:16:43,983 - cyberbully - INFO -   augment        : True
2026-04-17 03:16:43,983 - cyberbully - INFO -   compute_attribution: False
2026-04-17 03:16:43,983 - cyberbully - INFO -   seed           : 90995999
2026-04-17 03:16:43,983 - cyberbully - INFO -   epochs         : 10
2026-04-17 03:16:43,983 - cyberbully - INFO -   batch_size     : 32
2026-04-17 03:16:43,983 - cyberbully - INFO -   lr             : 5e-05
2026-04-17 03:16:43,983 - cyberbully - INFO -   max_length     : 128
2026-04-17 03:16:43,983 - cyberbully - INFO -   output_dir     : grid-search
2026-04-17 03:16:43,983 - cyberbully - INFO -   data_dir       : dataset
2026-04-17 03:16:43,983 - cyberbully - INFO -   sbert          : False
2026-04-17 03:16:43,983 - cyberbully - INFO -   supcon         : False
2026-04-17 03:16:43,983 - cyberbully - INFO -   supcon_weight  : 0.1
2026-04-17 03:16:43,983 - cyberbully - INFO -   proj_dim       : 128
2026-04-17 03:16:43,983 - cyberbully - INFO -   grad_accum_steps: 1
2026-04-17 03:16:43,983 - cyberbully - INFO -   overwrite      : True
2026-04-17 03:16:43,984 - cyberbully - INFO -   device         : cuda
2026-04-17 03:16:43,984 - cyberbully - INFO -   output_dir     : experiments/grid-search/xlnet-base-cased/ieee/prep1_aug1/seed_90995999
2026-04-17 03:16:43,984 - cyberbully - INFO - ============================================================
2026-04-17 03:16:43,984 - cyberbully - INFO - Step 1: Preparing data...
2026-04-17 03:16:43,987 - cyberbully - INFO - Loaded pre-split data from dataset/ieee — train: 1348, val: 338, test: 422
2026-04-17 03:16:43,987 - cyberbully - INFO - Label mapping: {'Cyberstalking': 0, 'Doxing': 1, 'Revenge Porn': 2, 'Sexual Harassment': 3, 'Slut Shaming': 4}
2026-04-17 03:16:43,987 - cyberbully - INFO - Applying text preprocessing per split...
2026-04-17 03:16:47,159 - cyberbully - INFO - After preprocessing — train: 1176, val: 304, test: 378
2026-04-17 03:16:47,160 - cyberbully - INFO - Applying training data augmentation (oversampling)...
2026-04-17 03:16:47,161 - cyberbully - INFO - After oversampling — class distribution: {0: 288, 1: 288, 2: 288, 3: 288, 4: 288}
2026-04-17 03:16:47,162 - cyberbully - INFO - Number of classes: 5
2026-04-17 03:16:47,163 - cyberbully - INFO - Step 2: Loading model and tokenizer...
2026-04-17 03:16:47,163 - cyberbully - INFO - Loading model 'xlnet-base-cased' with 5 labels (sbert=False, supcon=False)
2026-04-17 03:16:49,323 - cyberbully - INFO - Step 3: Creating datasets...
2026-04-17 03:16:49,344 - cyberbully - INFO - Dataset sizes — train: 1440, val: 304, test: 378
2026-04-17 03:16:49,344 - cyberbully - INFO - Step 4: Training...
2026-04-17 03:16:49,486 - cyberbully - INFO - Starting training...
2026-04-17 03:18:42,231 - cyberbully - INFO - Training complete.
2026-04-17 03:18:43,116 - cyberbully - INFO - Removed checkpoint: experiments/grid-search/xlnet-base-cased/ieee/prep1_aug1/seed_90995999/checkpoint-405
2026-04-17 03:18:43,203 - cyberbully - INFO - Removed checkpoint: experiments/grid-search/xlnet-base-cased/ieee/prep1_aug1/seed_90995999/checkpoint-90
2026-04-17 03:18:43,289 - cyberbully - INFO - Removed checkpoint: experiments/grid-search/xlnet-base-cased/ieee/prep1_aug1/seed_90995999/checkpoint-225
2026-04-17 03:18:43,376 - cyberbully - INFO - Removed checkpoint: experiments/grid-search/xlnet-base-cased/ieee/prep1_aug1/seed_90995999/checkpoint-180
2026-04-17 03:18:43,465 - cyberbully - INFO - Removed checkpoint: experiments/grid-search/xlnet-base-cased/ieee/prep1_aug1/seed_90995999/checkpoint-315
2026-04-17 03:18:43,557 - cyberbully - INFO - Removed checkpoint: experiments/grid-search/xlnet-base-cased/ieee/prep1_aug1/seed_90995999/checkpoint-360
2026-04-17 03:18:43,589 - cyberbully - INFO - Removed checkpoint: experiments/grid-search/xlnet-base-cased/ieee/prep1_aug1/seed_90995999/checkpoint-45
2026-04-17 03:18:43,825 - cyberbully - INFO - Removed checkpoint: experiments/grid-search/xlnet-base-cased/ieee/prep1_aug1/seed_90995999/checkpoint-270
2026-04-17 03:18:43,912 - cyberbully - INFO - Removed checkpoint: experiments/grid-search/xlnet-base-cased/ieee/prep1_aug1/seed_90995999/checkpoint-135
2026-04-17 03:18:44,018 - cyberbully - INFO - Removed checkpoint: experiments/grid-search/xlnet-base-cased/ieee/prep1_aug1/seed_90995999/checkpoint-450
2026-04-17 03:18:44,018 - cyberbully - INFO - Step 5: Evaluating on test set...
2026-04-17 03:18:48,842 - cyberbully - INFO - Metrics saved to experiments/grid-search/xlnet-base-cased/ieee/prep1_aug1/seed_90995999/metrics.json
2026-04-17 03:18:48,843 - cyberbully - INFO - Confusion matrix saved to experiments/grid-search/xlnet-base-cased/ieee/prep1_aug1/seed_90995999/confusion_matrix.json
2026-04-17 03:18:48,847 - cyberbully - INFO - Per-sample predictions saved to experiments/grid-search/xlnet-base-cased/ieee/prep1_aug1/seed_90995999/predictions.json
2026-04-17 03:18:48,954 - cyberbully - INFO - Confusion matrix figure saved to experiments/grid-search/xlnet-base-cased/ieee/prep1_aug1/seed_90995999/confusion_matrix.pdf
2026-04-17 03:18:48,954 - cyberbully - INFO - Accuracy: 0.7989
2026-04-17 03:18:48,954 - cyberbully - INFO - Weighted F1: 0.7998
2026-04-17 03:18:48,954 - cyberbully - INFO - Micro F1: 0.7989
2026-04-17 03:18:48,954 - cyberbully - INFO - Inference time: 0.28 seconds
2026-04-17 03:18:48,954 - cyberbully - INFO - Energy consumption: 0.000012 kWh
2026-04-17 03:18:48,954 - cyberbully - INFO - ============================================================
2026-04-17 03:18:48,954 - cyberbully - INFO - Pipeline complete. Results saved to: experiments/grid-search/xlnet-base-cased/ieee/prep1_aug1/seed_90995999
2026-04-17 03:18:48,954 - cyberbully - INFO - ============================================================
