2026-03-19 19:33:53,847 - cyberbully - INFO - Model 'all-mpnet-base-v2' detected as SBERT-based. Using SBERTClassifier pipeline.
2026-03-19 19:33:53,847 - cyberbully - INFO - ============================================================
2026-03-19 19:33:53,847 - cyberbully - INFO - Cyberbullying Detection Pipeline
2026-03-19 19:33:53,848 - cyberbully - INFO - ============================================================
2026-03-19 19:33:53,848 - cyberbully - INFO - Configuration:
2026-03-19 19:33:53,848 - cyberbully - INFO -   model          : all-mpnet-base-v2
2026-03-19 19:33:53,848 - cyberbully - INFO -   dataset        : kaggle
2026-03-19 19:33:53,848 - cyberbully - INFO -   preprocess     : True
2026-03-19 19:33:53,848 - cyberbully - INFO -   augment        : False
2026-03-19 19:33:53,848 - cyberbully - INFO -   compute_attribution: False
2026-03-19 19:33:53,848 - cyberbully - INFO -   seed           : 24677315
2026-03-19 19:33:53,848 - cyberbully - INFO -   epochs         : 10
2026-03-19 19:33:53,848 - cyberbully - INFO -   batch_size     : 64
2026-03-19 19:33:53,848 - cyberbully - INFO -   lr             : 5e-05
2026-03-19 19:33:53,848 - cyberbully - INFO -   max_length     : 128
2026-03-19 19:33:53,848 - cyberbully - INFO -   output_dir     : supcon-light-64
2026-03-19 19:33:53,848 - cyberbully - INFO -   data_dir       : dataset
2026-03-19 19:33:53,848 - cyberbully - INFO -   sbert          : True
2026-03-19 19:33:53,848 - cyberbully - INFO -   supcon         : True
2026-03-19 19:33:53,848 - cyberbully - INFO -   supcon_weight  : 0.1
2026-03-19 19:33:53,848 - cyberbully - INFO -   proj_dim       : 128
2026-03-19 19:33:53,848 - cyberbully - INFO -   grad_accum_steps: 1
2026-03-19 19:33:53,848 - cyberbully - INFO -   overwrite      : False
2026-03-19 19:33:53,848 - cyberbully - INFO -   device         : cuda
2026-03-19 19:33:53,848 - cyberbully - INFO -   output_dir     : experiments/supcon-light-64/all-mpnet-base-v2/kaggle/prep1_aug0/seed_24677315
2026-03-19 19:33:53,848 - cyberbully - INFO - ============================================================
2026-03-19 19:33:53,848 - cyberbully - INFO - Step 1: Preparing data...
2026-03-19 19:33:53,899 - cyberbully - INFO - Loaded pre-split data from dataset/kaggle — train: 30499, val: 7625, test: 9532
2026-03-19 19:33:53,899 - cyberbully - INFO - Label mapping: {'age': 0, 'ethnicity': 1, 'gender': 2, 'not_cyberbullying': 3, 'other_cyberbullying': 4, 'religion': 5}
2026-03-19 19:33:53,899 - cyberbully - INFO - Applying text preprocessing per split...
2026-03-19 19:33:56,088 - cyberbully - INFO - After preprocessing — train: 30499, val: 7625, test: 9532
2026-03-19 19:33:56,101 - cyberbully - INFO - Number of classes: 6
2026-03-19 19:33:56,103 - cyberbully - INFO - Step 2: Loading model and tokenizer...
2026-03-19 19:33:56,103 - cyberbully - INFO - Loading model 'all-mpnet-base-v2' with 6 labels (sbert=True, supcon=True)
2026-03-19 19:33:58,981 - cyberbully - INFO - SBERTClassifier: embedding_dim=768, hidden=256, proj_dim=128, num_labels=6
2026-03-19 19:33:59,283 - cyberbully - INFO - Step 3: Creating datasets...
2026-03-19 19:33:59,950 - cyberbully - INFO - Dataset sizes — train: 30499, val: 7625, test: 9532
2026-03-19 19:33:59,950 - cyberbully - INFO - Step 4: Training...
2026-03-19 19:33:59,991 - cyberbully - INFO - Using SupConTrainer with supcon_weight=0.100
2026-03-19 19:33:59,991 - cyberbully - INFO - Starting training...
2026-03-19 19:47:57,028 - cyberbully - INFO - Training complete.
2026-03-19 19:47:57,091 - cyberbully - INFO - Removed checkpoint: experiments/supcon-light-64/all-mpnet-base-v2/kaggle/prep1_aug0/seed_24677315/checkpoint-954
2026-03-19 19:47:57,153 - cyberbully - INFO - Removed checkpoint: experiments/supcon-light-64/all-mpnet-base-v2/kaggle/prep1_aug0/seed_24677315/checkpoint-1908
2026-03-19 19:47:57,216 - cyberbully - INFO - Removed checkpoint: experiments/supcon-light-64/all-mpnet-base-v2/kaggle/prep1_aug0/seed_24677315/checkpoint-2862
2026-03-19 19:47:57,279 - cyberbully - INFO - Removed checkpoint: experiments/supcon-light-64/all-mpnet-base-v2/kaggle/prep1_aug0/seed_24677315/checkpoint-477
2026-03-19 19:47:57,342 - cyberbully - INFO - Removed checkpoint: experiments/supcon-light-64/all-mpnet-base-v2/kaggle/prep1_aug0/seed_24677315/checkpoint-1431
2026-03-19 19:47:57,405 - cyberbully - INFO - Removed checkpoint: experiments/supcon-light-64/all-mpnet-base-v2/kaggle/prep1_aug0/seed_24677315/checkpoint-4293
2026-03-19 19:47:57,467 - cyberbully - INFO - Removed checkpoint: experiments/supcon-light-64/all-mpnet-base-v2/kaggle/prep1_aug0/seed_24677315/checkpoint-2385
2026-03-19 19:47:57,543 - cyberbully - INFO - Removed checkpoint: experiments/supcon-light-64/all-mpnet-base-v2/kaggle/prep1_aug0/seed_24677315/checkpoint-4770
2026-03-19 19:47:57,607 - cyberbully - INFO - Removed checkpoint: experiments/supcon-light-64/all-mpnet-base-v2/kaggle/prep1_aug0/seed_24677315/checkpoint-3339
2026-03-19 19:47:57,669 - cyberbully - INFO - Removed checkpoint: experiments/supcon-light-64/all-mpnet-base-v2/kaggle/prep1_aug0/seed_24677315/checkpoint-3816
2026-03-19 19:47:57,669 - cyberbully - INFO - Step 5: Evaluating on test set...
2026-03-19 19:48:09,703 - cyberbully - INFO - Metrics saved to experiments/supcon-light-64/all-mpnet-base-v2/kaggle/prep1_aug0/seed_24677315/metrics.json
2026-03-19 19:48:09,703 - cyberbully - INFO - Confusion matrix saved to experiments/supcon-light-64/all-mpnet-base-v2/kaggle/prep1_aug0/seed_24677315/confusion_matrix.json
2026-03-19 19:48:09,803 - cyberbully - INFO - Per-sample predictions saved to experiments/supcon-light-64/all-mpnet-base-v2/kaggle/prep1_aug0/seed_24677315/predictions.json
2026-03-19 19:48:09,915 - cyberbully - INFO - Confusion matrix figure saved to experiments/supcon-light-64/all-mpnet-base-v2/kaggle/prep1_aug0/seed_24677315/confusion_matrix.pdf
2026-03-19 19:48:09,915 - cyberbully - INFO - Accuracy: 0.8653
2026-03-19 19:48:09,915 - cyberbully - INFO - Weighted F1: 0.8659
2026-03-19 19:48:09,915 - cyberbully - INFO - Micro F1: 0.8653
2026-03-19 19:48:09,916 - cyberbully - INFO - Inference time: 7.70 seconds
2026-03-19 19:48:09,916 - cyberbully - INFO - Energy consumption: 0.000510 kWh
2026-03-19 19:48:09,917 - cyberbully - INFO - Step 5b: Plotting t-SNE of projection embeddings...
2026-03-19 19:48:17,368 - cyberbully - INFO - Running t-SNE on 9532 samples with proj_dim=128, perplexity=30.0...
2026-03-19 19:48:50,397 - cyberbully - INFO - t-SNE static plot saved to experiments/supcon-light-64/all-mpnet-base-v2/kaggle/prep1_aug0/seed_24677315/projection_tsne.pdf
2026-03-19 19:48:50,543 - cyberbully - INFO - t-SNE interactive plot saved to experiments/supcon-light-64/all-mpnet-base-v2/kaggle/prep1_aug0/seed_24677315/projection_tsne.html
2026-03-19 19:48:50,544 - cyberbully - INFO - ============================================================
2026-03-19 19:48:50,544 - cyberbully - INFO - Pipeline complete. Results saved to: experiments/supcon-light-64/all-mpnet-base-v2/kaggle/prep1_aug0/seed_24677315
2026-03-19 19:48:50,544 - cyberbully - INFO - ============================================================
