2026-03-24 00:18:03,724 - cyberbully - INFO - ============================================================
2026-03-24 00:18:03,724 - cyberbully - INFO - Cyberbullying Detection Pipeline
2026-03-24 00:18:03,724 - cyberbully - INFO - ============================================================
2026-03-24 00:18:03,724 - cyberbully - INFO - Configuration:
2026-03-24 00:18:03,724 - cyberbully - INFO -   model          : bert-base-cased
2026-03-24 00:18:03,724 - cyberbully - INFO -   dataset        : kaggle
2026-03-24 00:18:03,724 - cyberbully - INFO -   preprocess     : True
2026-03-24 00:18:03,724 - cyberbully - INFO -   augment        : True
2026-03-24 00:18:03,724 - cyberbully - INFO -   compute_attribution: False
2026-03-24 00:18:03,724 - cyberbully - INFO -   seed           : 24677315
2026-03-24 00:18:03,724 - cyberbully - INFO -   epochs         : 10
2026-03-24 00:18:03,724 - cyberbully - INFO -   batch_size     : 32
2026-03-24 00:18:03,724 - cyberbully - INFO -   lr             : 5e-05
2026-03-24 00:18:03,724 - cyberbully - INFO -   max_length     : 128
2026-03-24 00:18:03,724 - cyberbully - INFO -   output_dir     : grid-search
2026-03-24 00:18:03,724 - cyberbully - INFO -   data_dir       : dataset
2026-03-24 00:18:03,724 - cyberbully - INFO -   sbert          : False
2026-03-24 00:18:03,724 - cyberbully - INFO -   supcon         : False
2026-03-24 00:18:03,724 - cyberbully - INFO -   supcon_weight  : 0.1
2026-03-24 00:18:03,724 - cyberbully - INFO -   proj_dim       : 128
2026-03-24 00:18:03,724 - cyberbully - INFO -   grad_accum_steps: 1
2026-03-24 00:18:03,724 - cyberbully - INFO -   overwrite      : False
2026-03-24 00:18:03,724 - cyberbully - INFO -   device         : cuda
2026-03-24 00:18:03,724 - cyberbully - INFO -   output_dir     : experiments/grid-search/bert-base-cased/kaggle/prep1_aug1/seed_24677315
2026-03-24 00:18:03,724 - cyberbully - INFO - ============================================================
2026-03-24 00:18:03,724 - cyberbully - INFO - Step 1: Preparing data...
2026-03-24 00:18:03,771 - cyberbully - INFO - Loaded pre-split data from dataset/kaggle — train: 25604, val: 6401, test: 8002
2026-03-24 00:18:03,771 - cyberbully - INFO - Label mapping: {'age': 0, 'ethnicity': 1, 'gender': 2, 'other_cyberbullying': 3, 'religion': 4}
2026-03-24 00:18:03,772 - cyberbully - INFO - Applying text preprocessing per split...
2026-03-24 00:18:48,467 - cyberbully - INFO - After preprocessing — train: 23556, val: 5977, test: 7415
2026-03-24 00:18:48,469 - cyberbully - INFO - Applying training data augmentation (oversampling)...
2026-03-24 00:18:48,473 - cyberbully - INFO - After oversampling — class distribution: {0: 5066, 1: 5066, 2: 5066, 3: 5066, 4: 5066}
2026-03-24 00:18:48,483 - cyberbully - INFO - Number of classes: 5
2026-03-24 00:18:48,484 - cyberbully - INFO - Step 2: Loading model and tokenizer...
2026-03-24 00:18:48,484 - cyberbully - INFO - Loading model 'bert-base-cased' with 5 labels (sbert=False, supcon=False)
2026-03-24 00:18:49,147 - cyberbully - INFO - Step 3: Creating datasets...
2026-03-24 00:18:49,855 - cyberbully - INFO - Dataset sizes — train: 25330, val: 5977, test: 7415
2026-03-24 00:18:49,856 - cyberbully - INFO - Step 4: Training...
2026-03-24 00:18:49,979 - cyberbully - INFO - Starting training...
2026-03-24 00:27:53,606 - cyberbully - INFO - Training complete.
2026-03-24 00:27:53,685 - cyberbully - INFO - Removed checkpoint: experiments/grid-search/bert-base-cased/kaggle/prep1_aug1/seed_24677315/checkpoint-3960
2026-03-24 00:27:53,773 - cyberbully - INFO - Removed checkpoint: experiments/grid-search/bert-base-cased/kaggle/prep1_aug1/seed_24677315/checkpoint-1584
2026-03-24 00:27:53,849 - cyberbully - INFO - Removed checkpoint: experiments/grid-search/bert-base-cased/kaggle/prep1_aug1/seed_24677315/checkpoint-7128
2026-03-24 00:27:53,941 - cyberbully - INFO - Removed checkpoint: experiments/grid-search/bert-base-cased/kaggle/prep1_aug1/seed_24677315/checkpoint-792
2026-03-24 00:27:54,019 - cyberbully - INFO - Removed checkpoint: experiments/grid-search/bert-base-cased/kaggle/prep1_aug1/seed_24677315/checkpoint-4752
2026-03-24 00:27:54,103 - cyberbully - INFO - Removed checkpoint: experiments/grid-search/bert-base-cased/kaggle/prep1_aug1/seed_24677315/checkpoint-2376
2026-03-24 00:27:54,182 - cyberbully - INFO - Removed checkpoint: experiments/grid-search/bert-base-cased/kaggle/prep1_aug1/seed_24677315/checkpoint-5544
2026-03-24 00:27:54,264 - cyberbully - INFO - Removed checkpoint: experiments/grid-search/bert-base-cased/kaggle/prep1_aug1/seed_24677315/checkpoint-3168
2026-03-24 00:27:54,341 - cyberbully - INFO - Removed checkpoint: experiments/grid-search/bert-base-cased/kaggle/prep1_aug1/seed_24677315/checkpoint-6336
2026-03-24 00:27:54,417 - cyberbully - INFO - Removed checkpoint: experiments/grid-search/bert-base-cased/kaggle/prep1_aug1/seed_24677315/checkpoint-7920
2026-03-24 00:27:54,417 - cyberbully - INFO - Step 5: Evaluating on test set...
2026-03-24 00:28:01,782 - cyberbully - INFO - Metrics saved to experiments/grid-search/bert-base-cased/kaggle/prep1_aug1/seed_24677315/metrics.json
2026-03-24 00:28:01,782 - cyberbully - INFO - Confusion matrix saved to experiments/grid-search/bert-base-cased/kaggle/prep1_aug1/seed_24677315/confusion_matrix.json
2026-03-24 00:28:01,856 - cyberbully - INFO - Per-sample predictions saved to experiments/grid-search/bert-base-cased/kaggle/prep1_aug1/seed_24677315/predictions.json
2026-03-24 00:28:01,962 - cyberbully - INFO - Confusion matrix figure saved to experiments/grid-search/bert-base-cased/kaggle/prep1_aug1/seed_24677315/confusion_matrix.pdf
2026-03-24 00:28:01,962 - cyberbully - INFO - Accuracy: 0.9525
2026-03-24 00:28:01,962 - cyberbully - INFO - Weighted F1: 0.9527
2026-03-24 00:28:01,962 - cyberbully - INFO - Micro F1: 0.9525
2026-03-24 00:28:01,962 - cyberbully - INFO - Inference time: 3.16 seconds
2026-03-24 00:28:01,962 - cyberbully - INFO - Energy consumption: 0.000179 kWh
2026-03-24 00:28:01,964 - cyberbully - INFO - ============================================================
2026-03-24 00:28:01,964 - cyberbully - INFO - Pipeline complete. Results saved to: experiments/grid-search/bert-base-cased/kaggle/prep1_aug1/seed_24677315
2026-03-24 00:28:01,964 - cyberbully - INFO - ============================================================
