2026-03-22 04:06:53,860 - cyberbully - INFO - ============================================================
2026-03-22 04:06:53,860 - cyberbully - INFO - Cyberbullying Detection Pipeline
2026-03-22 04:06:53,860 - cyberbully - INFO - ============================================================
2026-03-22 04:06:53,860 - cyberbully - INFO - Configuration:
2026-03-22 04:06:53,860 - cyberbully - INFO -   model          : albert/albert-base-v2
2026-03-22 04:06:53,860 - cyberbully - INFO -   dataset        : tweeteval
2026-03-22 04:06:53,860 - cyberbully - INFO -   preprocess     : True
2026-03-22 04:06:53,860 - cyberbully - INFO -   augment        : False
2026-03-22 04:06:53,860 - cyberbully - INFO -   compute_attribution: False
2026-03-22 04:06:53,860 - cyberbully - INFO -   seed           : 67351593
2026-03-22 04:06:53,860 - cyberbully - INFO -   epochs         : 10
2026-03-22 04:06:53,860 - cyberbully - INFO -   batch_size     : 32
2026-03-22 04:06:53,860 - cyberbully - INFO -   lr             : 5e-05
2026-03-22 04:06:53,860 - cyberbully - INFO -   max_length     : 128
2026-03-22 04:06:53,860 - cyberbully - INFO -   output_dir     : grid-search
2026-03-22 04:06:53,860 - cyberbully - INFO -   data_dir       : dataset
2026-03-22 04:06:53,860 - cyberbully - INFO -   sbert          : False
2026-03-22 04:06:53,860 - cyberbully - INFO -   supcon         : False
2026-03-22 04:06:53,860 - cyberbully - INFO -   supcon_weight  : 0.1
2026-03-22 04:06:53,860 - cyberbully - INFO -   proj_dim       : 128
2026-03-22 04:06:53,860 - cyberbully - INFO -   grad_accum_steps: 1
2026-03-22 04:06:53,860 - cyberbully - INFO -   overwrite      : False
2026-03-22 04:06:53,860 - cyberbully - INFO -   device         : cuda
2026-03-22 04:06:53,860 - cyberbully - INFO -   output_dir     : experiments/grid-search/albert_albert-base-v2/tweeteval/prep1_aug0/seed_67351593
2026-03-22 04:06:53,860 - cyberbully - INFO - ============================================================
2026-03-22 04:06:53,860 - cyberbully - INFO - Step 1: Preparing data...
2026-03-22 04:06:53,910 - cyberbully - INFO - Loaded pre-split data from dataset/tweeteval — train: 32485, val: 8122, test: 10152
2026-03-22 04:06:53,910 - cyberbully - INFO - Label mapping: {'emotion': 0, 'hate': 1, 'offensive': 2, 'religion': 3, 'spiritual': 4}
2026-03-22 04:06:53,910 - cyberbully - INFO - Applying text preprocessing per split...
2026-03-22 04:07:51,282 - cyberbully - INFO - After preprocessing — train: 30376, val: 7617, test: 9468
2026-03-22 04:07:51,293 - cyberbully - INFO - Number of classes: 5
2026-03-22 04:07:51,294 - cyberbully - INFO - Step 2: Loading model and tokenizer...
2026-03-22 04:07:51,294 - cyberbully - INFO - Loading model 'albert/albert-base-v2' with 5 labels (sbert=False, supcon=False)
2026-03-22 04:07:52,101 - cyberbully - INFO - Step 3: Creating datasets...
2026-03-22 04:07:52,761 - cyberbully - INFO - Dataset sizes — train: 30376, val: 7617, test: 9468
2026-03-22 04:07:52,761 - cyberbully - INFO - Step 4: Training...
2026-03-22 04:07:52,817 - cyberbully - INFO - Starting training...
2026-03-22 04:22:06,140 - cyberbully - INFO - Training complete.
2026-03-22 04:22:06,149 - cyberbully - INFO - Removed checkpoint: experiments/grid-search/albert_albert-base-v2/tweeteval/prep1_aug0/seed_67351593/checkpoint-8550
2026-03-22 04:22:06,160 - cyberbully - INFO - Removed checkpoint: experiments/grid-search/albert_albert-base-v2/tweeteval/prep1_aug0/seed_67351593/checkpoint-950
2026-03-22 04:22:06,170 - cyberbully - INFO - Removed checkpoint: experiments/grid-search/albert_albert-base-v2/tweeteval/prep1_aug0/seed_67351593/checkpoint-2850
2026-03-22 04:22:06,180 - cyberbully - INFO - Removed checkpoint: experiments/grid-search/albert_albert-base-v2/tweeteval/prep1_aug0/seed_67351593/checkpoint-7600
2026-03-22 04:22:06,190 - cyberbully - INFO - Removed checkpoint: experiments/grid-search/albert_albert-base-v2/tweeteval/prep1_aug0/seed_67351593/checkpoint-9500
2026-03-22 04:22:06,199 - cyberbully - INFO - Removed checkpoint: experiments/grid-search/albert_albert-base-v2/tweeteval/prep1_aug0/seed_67351593/checkpoint-3800
2026-03-22 04:22:06,210 - cyberbully - INFO - Removed checkpoint: experiments/grid-search/albert_albert-base-v2/tweeteval/prep1_aug0/seed_67351593/checkpoint-1900
2026-03-22 04:22:06,220 - cyberbully - INFO - Removed checkpoint: experiments/grid-search/albert_albert-base-v2/tweeteval/prep1_aug0/seed_67351593/checkpoint-5700
2026-03-22 04:22:06,230 - cyberbully - INFO - Removed checkpoint: experiments/grid-search/albert_albert-base-v2/tweeteval/prep1_aug0/seed_67351593/checkpoint-4750
2026-03-22 04:22:06,240 - cyberbully - INFO - Removed checkpoint: experiments/grid-search/albert_albert-base-v2/tweeteval/prep1_aug0/seed_67351593/checkpoint-6650
2026-03-22 04:22:06,240 - cyberbully - INFO - Step 5: Evaluating on test set...
2026-03-22 04:22:19,888 - cyberbully - INFO - Metrics saved to experiments/grid-search/albert_albert-base-v2/tweeteval/prep1_aug0/seed_67351593/metrics.json
2026-03-22 04:22:19,888 - cyberbully - INFO - Confusion matrix saved to experiments/grid-search/albert_albert-base-v2/tweeteval/prep1_aug0/seed_67351593/confusion_matrix.json
2026-03-22 04:22:19,982 - cyberbully - INFO - Per-sample predictions saved to experiments/grid-search/albert_albert-base-v2/tweeteval/prep1_aug0/seed_67351593/predictions.json
2026-03-22 04:22:20,086 - cyberbully - INFO - Confusion matrix figure saved to experiments/grid-search/albert_albert-base-v2/tweeteval/prep1_aug0/seed_67351593/confusion_matrix.pdf
2026-03-22 04:22:20,086 - cyberbully - INFO - Accuracy: 0.9410
2026-03-22 04:22:20,086 - cyberbully - INFO - Weighted F1: 0.9411
2026-03-22 04:22:20,086 - cyberbully - INFO - Micro F1: 0.9410
2026-03-22 04:22:20,086 - cyberbully - INFO - Inference time: 8.44 seconds
2026-03-22 04:22:20,086 - cyberbully - INFO - Energy consumption: 0.000422 kWh
2026-03-22 04:22:20,088 - cyberbully - INFO - ============================================================
2026-03-22 04:22:20,088 - cyberbully - INFO - Pipeline complete. Results saved to: experiments/grid-search/albert_albert-base-v2/tweeteval/prep1_aug0/seed_67351593
2026-03-22 04:22:20,088 - cyberbully - INFO - ============================================================
