2026-03-21 11:01:06,750 - cyberbully - INFO - ============================================================
2026-03-21 11:01:06,750 - cyberbully - INFO - Cyberbullying Detection Pipeline
2026-03-21 11:01:06,750 - cyberbully - INFO - ============================================================
2026-03-21 11:01:06,750 - cyberbully - INFO - Configuration:
2026-03-21 11:01:06,750 - cyberbully - INFO -   model          : albert/albert-base-v2
2026-03-21 11:01:06,750 - cyberbully - INFO -   dataset        : ieee
2026-03-21 11:01:06,750 - cyberbully - INFO -   preprocess     : True
2026-03-21 11:01:06,750 - cyberbully - INFO -   augment        : True
2026-03-21 11:01:06,750 - cyberbully - INFO -   compute_attribution: False
2026-03-21 11:01:06,750 - cyberbully - INFO -   seed           : 99511865
2026-03-21 11:01:06,750 - cyberbully - INFO -   epochs         : 10
2026-03-21 11:01:06,751 - cyberbully - INFO -   batch_size     : 32
2026-03-21 11:01:06,751 - cyberbully - INFO -   lr             : 5e-05
2026-03-21 11:01:06,751 - cyberbully - INFO -   max_length     : 128
2026-03-21 11:01:06,751 - cyberbully - INFO -   output_dir     : grid-search
2026-03-21 11:01:06,751 - cyberbully - INFO -   data_dir       : dataset
2026-03-21 11:01:06,751 - cyberbully - INFO -   sbert          : False
2026-03-21 11:01:06,751 - cyberbully - INFO -   supcon         : False
2026-03-21 11:01:06,751 - cyberbully - INFO -   supcon_weight  : 0.1
2026-03-21 11:01:06,751 - cyberbully - INFO -   proj_dim       : 128
2026-03-21 11:01:06,751 - cyberbully - INFO -   grad_accum_steps: 1
2026-03-21 11:01:06,751 - cyberbully - INFO -   overwrite      : False
2026-03-21 11:01:06,751 - cyberbully - INFO -   device         : cuda
2026-03-21 11:01:06,751 - cyberbully - INFO -   output_dir     : experiments/grid-search/albert_albert-base-v2/ieee/prep1_aug1/seed_99511865
2026-03-21 11:01:06,751 - cyberbully - INFO - ============================================================
2026-03-21 11:01:06,751 - cyberbully - INFO - Step 1: Preparing data...
2026-03-21 11:01:06,754 - cyberbully - INFO - Loaded pre-split data from dataset/ieee — train: 1348, val: 338, test: 422
2026-03-21 11:01:06,754 - cyberbully - INFO - Label mapping: {'Cyberstalking': 0, 'Doxing': 1, 'Revenge Porn': 2, 'Sexual Harassment': 3, 'Slut Shaming': 4}
2026-03-21 11:01:06,754 - cyberbully - INFO - Applying text preprocessing per split...
2026-03-21 11:01:09,838 - cyberbully - INFO - After preprocessing — train: 1176, val: 304, test: 378
2026-03-21 11:01:09,839 - cyberbully - INFO - Applying training data augmentation (oversampling)...
2026-03-21 11:01:09,840 - cyberbully - INFO - After oversampling — class distribution: {0: 286, 1: 286, 2: 286, 3: 286, 4: 286}
2026-03-21 11:01:09,841 - cyberbully - INFO - Number of classes: 5
2026-03-21 11:01:09,842 - cyberbully - INFO - Step 2: Loading model and tokenizer...
2026-03-21 11:01:09,842 - cyberbully - INFO - Loading model 'albert/albert-base-v2' with 5 labels (sbert=False, supcon=False)
2026-03-21 11:01:10,677 - cyberbully - INFO - Step 3: Creating datasets...
2026-03-21 11:01:10,700 - cyberbully - INFO - Dataset sizes — train: 1430, val: 304, test: 378
2026-03-21 11:01:10,700 - cyberbully - INFO - Step 4: Training...
2026-03-21 11:01:10,769 - cyberbully - INFO - Starting training...
2026-03-21 11:01:52,921 - cyberbully - INFO - Training complete.
2026-03-21 11:01:52,932 - cyberbully - INFO - Removed checkpoint: experiments/grid-search/albert_albert-base-v2/ieee/prep1_aug1/seed_99511865/checkpoint-405
2026-03-21 11:01:52,943 - cyberbully - INFO - Removed checkpoint: experiments/grid-search/albert_albert-base-v2/ieee/prep1_aug1/seed_99511865/checkpoint-90
2026-03-21 11:01:52,955 - cyberbully - INFO - Removed checkpoint: experiments/grid-search/albert_albert-base-v2/ieee/prep1_aug1/seed_99511865/checkpoint-225
2026-03-21 11:01:52,968 - cyberbully - INFO - Removed checkpoint: experiments/grid-search/albert_albert-base-v2/ieee/prep1_aug1/seed_99511865/checkpoint-180
2026-03-21 11:01:52,980 - cyberbully - INFO - Removed checkpoint: experiments/grid-search/albert_albert-base-v2/ieee/prep1_aug1/seed_99511865/checkpoint-315
2026-03-21 11:01:52,992 - cyberbully - INFO - Removed checkpoint: experiments/grid-search/albert_albert-base-v2/ieee/prep1_aug1/seed_99511865/checkpoint-360
2026-03-21 11:01:53,002 - cyberbully - INFO - Removed checkpoint: experiments/grid-search/albert_albert-base-v2/ieee/prep1_aug1/seed_99511865/checkpoint-45
2026-03-21 11:01:53,014 - cyberbully - INFO - Removed checkpoint: experiments/grid-search/albert_albert-base-v2/ieee/prep1_aug1/seed_99511865/checkpoint-270
2026-03-21 11:01:53,025 - cyberbully - INFO - Removed checkpoint: experiments/grid-search/albert_albert-base-v2/ieee/prep1_aug1/seed_99511865/checkpoint-135
2026-03-21 11:01:53,034 - cyberbully - INFO - Removed checkpoint: experiments/grid-search/albert_albert-base-v2/ieee/prep1_aug1/seed_99511865/checkpoint-450
2026-03-21 11:01:53,034 - cyberbully - INFO - Step 5: Evaluating on test set...
2026-03-21 11:01:58,565 - cyberbully - INFO - Metrics saved to experiments/grid-search/albert_albert-base-v2/ieee/prep1_aug1/seed_99511865/metrics.json
2026-03-21 11:01:58,565 - cyberbully - INFO - Confusion matrix saved to experiments/grid-search/albert_albert-base-v2/ieee/prep1_aug1/seed_99511865/confusion_matrix.json
2026-03-21 11:01:58,570 - cyberbully - INFO - Per-sample predictions saved to experiments/grid-search/albert_albert-base-v2/ieee/prep1_aug1/seed_99511865/predictions.json
2026-03-21 11:01:58,674 - cyberbully - INFO - Confusion matrix figure saved to experiments/grid-search/albert_albert-base-v2/ieee/prep1_aug1/seed_99511865/confusion_matrix.pdf
2026-03-21 11:01:58,674 - cyberbully - INFO - Accuracy: 0.8175
2026-03-21 11:01:58,674 - cyberbully - INFO - Weighted F1: 0.8222
2026-03-21 11:01:58,674 - cyberbully - INFO - Micro F1: 0.8175
2026-03-21 11:01:58,674 - cyberbully - INFO - Inference time: 0.34 seconds
2026-03-21 11:01:58,674 - cyberbully - INFO - Energy consumption: 0.000024 kWh
2026-03-21 11:01:58,674 - cyberbully - INFO - ============================================================
2026-03-21 11:01:58,674 - cyberbully - INFO - Pipeline complete. Results saved to: experiments/grid-search/albert_albert-base-v2/ieee/prep1_aug1/seed_99511865
2026-03-21 11:01:58,674 - cyberbully - INFO - ============================================================
