2026-06-16 04:01:40,468 - cyberbully - INFO - Model 'all-MiniLM-L6-v2' detected as SBERT-based. Using SBERTClassifier pipeline.
2026-06-16 04:01:40,468 - cyberbully - INFO - ============================================================
2026-06-16 04:01:40,468 - cyberbully - INFO - Cyberbullying Detection Pipeline
2026-06-16 04:01:40,468 - cyberbully - INFO - ============================================================
2026-06-16 04:01:40,468 - cyberbully - INFO - Configuration:
2026-06-16 04:01:40,469 - cyberbully - INFO -   model          : all-MiniLM-L6-v2
2026-06-16 04:01:40,469 - cyberbully - INFO -   dataset        : kaggle
2026-06-16 04:01:40,469 - cyberbully - INFO -   preprocess     : False
2026-06-16 04:01:40,469 - cyberbully - INFO -   prep_mode      : 2
2026-06-16 04:01:40,469 - cyberbully - INFO -   augment        : False
2026-06-16 04:01:40,469 - cyberbully - INFO -   compute_attribution: False
2026-06-16 04:01:40,469 - cyberbully - INFO -   seed           : 37622020
2026-06-16 04:01:40,469 - cyberbully - INFO -   epochs         : 10
2026-06-16 04:01:40,469 - cyberbully - INFO -   batch_size     : 32
2026-06-16 04:01:40,469 - cyberbully - INFO -   lr             : 5e-05
2026-06-16 04:01:40,469 - cyberbully - INFO -   max_length     : 128
2026-06-16 04:01:40,469 - cyberbully - INFO -   output_dir     : grid-search
2026-06-16 04:01:40,469 - cyberbully - INFO -   data_dir       : dataset
2026-06-16 04:01:40,469 - cyberbully - INFO -   sbert          : True
2026-06-16 04:01:40,469 - cyberbully - INFO -   supcon         : False
2026-06-16 04:01:40,469 - cyberbully - INFO -   supcon_weight  : 0.1
2026-06-16 04:01:40,469 - cyberbully - INFO -   proj_dim       : 128
2026-06-16 04:01:40,469 - cyberbully - INFO -   grad_accum_steps: 1
2026-06-16 04:01:40,469 - cyberbully - INFO -   overwrite      : False
2026-06-16 04:01:40,469 - cyberbully - INFO -   device         : cuda
2026-06-16 04:01:40,469 - cyberbully - INFO -   output_dir     : experiments/grid-search/all-MiniLM-L6-v2/kaggle/prep2_aug0/seed_37622020
2026-06-16 04:01:40,469 - cyberbully - INFO - ============================================================
2026-06-16 04:01:40,469 - cyberbully - INFO - Step 1: Preparing data...
2026-06-16 04:01:40,516 - cyberbully - INFO - Loaded pre-split data from dataset/kaggle — train: 25604, val: 6401, test: 8002
2026-06-16 04:01:40,516 - cyberbully - INFO - Label mapping: {'age': 0, 'ethnicity': 1, 'gender': 2, 'other_cyberbullying': 3, 'religion': 4}
2026-06-16 04:01:40,518 - cyberbully - INFO - Applying partial text preprocessing per split...
2026-06-16 04:01:41,842 - cyberbully - INFO - After preprocessing -- train: 25604, val: 6401, test: 8002
2026-06-16 04:01:41,845 - cyberbully - INFO - Number of classes: 5
2026-06-16 04:01:41,846 - cyberbully - INFO - Step 2: Loading model and tokenizer...
2026-06-16 04:01:41,846 - cyberbully - INFO - Loading model 'all-MiniLM-L6-v2' with 5 labels (sbert=True, supcon=False)
2026-06-16 04:01:47,681 - cyberbully - INFO - SBERTClassifier: embedding_dim=384, hidden=256, proj_dim=None, num_labels=5
2026-06-16 04:01:48,239 - cyberbully - INFO - Step 3: Creating datasets...
2026-06-16 04:01:49,055 - cyberbully - INFO - Dataset sizes — train: 25604, val: 6401, test: 8002
2026-06-16 04:01:49,055 - cyberbully - INFO - Step 4: Training...
2026-06-16 04:01:49,071 - cyberbully - INFO - Starting training...
2026-06-16 04:03:53,043 - cyberbully - INFO - Training complete.
2026-06-16 04:03:53,059 - cyberbully - INFO - Removed checkpoint: experiments/grid-search/all-MiniLM-L6-v2/kaggle/prep2_aug0/seed_37622020/checkpoint-4806
2026-06-16 04:03:53,080 - cyberbully - INFO - Removed checkpoint: experiments/grid-search/all-MiniLM-L6-v2/kaggle/prep2_aug0/seed_37622020/checkpoint-7209
2026-06-16 04:03:53,100 - cyberbully - INFO - Removed checkpoint: experiments/grid-search/all-MiniLM-L6-v2/kaggle/prep2_aug0/seed_37622020/checkpoint-6408
2026-06-16 04:03:53,117 - cyberbully - INFO - Removed checkpoint: experiments/grid-search/all-MiniLM-L6-v2/kaggle/prep2_aug0/seed_37622020/checkpoint-5607
2026-06-16 04:03:53,137 - cyberbully - INFO - Removed checkpoint: experiments/grid-search/all-MiniLM-L6-v2/kaggle/prep2_aug0/seed_37622020/checkpoint-8010
2026-06-16 04:03:53,154 - cyberbully - INFO - Removed checkpoint: experiments/grid-search/all-MiniLM-L6-v2/kaggle/prep2_aug0/seed_37622020/checkpoint-3204
2026-06-16 04:03:53,171 - cyberbully - INFO - Removed checkpoint: experiments/grid-search/all-MiniLM-L6-v2/kaggle/prep2_aug0/seed_37622020/checkpoint-1602
2026-06-16 04:03:53,188 - cyberbully - INFO - Removed checkpoint: experiments/grid-search/all-MiniLM-L6-v2/kaggle/prep2_aug0/seed_37622020/checkpoint-801
2026-06-16 04:03:53,206 - cyberbully - INFO - Removed checkpoint: experiments/grid-search/all-MiniLM-L6-v2/kaggle/prep2_aug0/seed_37622020/checkpoint-2403
2026-06-16 04:03:53,223 - cyberbully - INFO - Removed checkpoint: experiments/grid-search/all-MiniLM-L6-v2/kaggle/prep2_aug0/seed_37622020/checkpoint-4005
2026-06-16 04:03:53,223 - cyberbully - INFO - Step 5: Evaluating on test set...
2026-06-16 04:04:00,084 - cyberbully - INFO - Metrics saved to experiments/grid-search/all-MiniLM-L6-v2/kaggle/prep2_aug0/seed_37622020/metrics.json
2026-06-16 04:04:00,084 - cyberbully - INFO - Confusion matrix saved to experiments/grid-search/all-MiniLM-L6-v2/kaggle/prep2_aug0/seed_37622020/confusion_matrix.json
2026-06-16 04:04:00,170 - cyberbully - INFO - Per-sample predictions saved to experiments/grid-search/all-MiniLM-L6-v2/kaggle/prep2_aug0/seed_37622020/predictions.json
2026-06-16 04:04:00,278 - cyberbully - INFO - Confusion matrix figure saved to experiments/grid-search/all-MiniLM-L6-v2/kaggle/prep2_aug0/seed_37622020/confusion_matrix.pdf
2026-06-16 04:04:00,278 - cyberbully - INFO - Accuracy: 0.9459
2026-06-16 04:04:00,279 - cyberbully - INFO - Weighted F1: 0.9460
2026-06-16 04:04:00,279 - cyberbully - INFO - Micro F1: 0.9459
2026-06-16 04:04:00,279 - cyberbully - INFO - Inference time: 0.83 seconds
2026-06-16 04:04:00,279 - cyberbully - INFO - Energy consumption: 0.000051 kWh
2026-06-16 04:04:00,280 - cyberbully - INFO - ============================================================
2026-06-16 04:04:00,280 - cyberbully - INFO - Pipeline complete. Results saved to: experiments/grid-search/all-MiniLM-L6-v2/kaggle/prep2_aug0/seed_37622020
2026-06-16 04:04:00,280 - cyberbully - INFO - ============================================================
