2026-04-11 02:09:30,822 - cyberbully - INFO - ============================================================
2026-04-11 02:09:30,822 - cyberbully - INFO - Cyberbullying Detection Pipeline
2026-04-11 02:09:30,822 - cyberbully - INFO - ============================================================
2026-04-11 02:09:30,822 - cyberbully - INFO - Configuration:
2026-04-11 02:09:30,822 - cyberbully - INFO -   model          : chandar-lab/NeoBERT
2026-04-11 02:09:30,822 - cyberbully - INFO -   dataset        : kaggle
2026-04-11 02:09:30,822 - cyberbully - INFO -   preprocess     : False
2026-04-11 02:09:30,822 - cyberbully - INFO -   augment        : True
2026-04-11 02:09:30,822 - cyberbully - INFO -   compute_attribution: False
2026-04-11 02:09:30,822 - cyberbully - INFO -   seed           : 52680723
2026-04-11 02:09:30,822 - cyberbully - INFO -   epochs         : 10
2026-04-11 02:09:30,822 - cyberbully - INFO -   batch_size     : 32
2026-04-11 02:09:30,822 - cyberbully - INFO -   lr             : 5e-05
2026-04-11 02:09:30,822 - cyberbully - INFO -   max_length     : 128
2026-04-11 02:09:30,822 - cyberbully - INFO -   output_dir     : grid-search
2026-04-11 02:09:30,822 - cyberbully - INFO -   data_dir       : dataset
2026-04-11 02:09:30,822 - cyberbully - INFO -   sbert          : False
2026-04-11 02:09:30,822 - cyberbully - INFO -   supcon         : False
2026-04-11 02:09:30,822 - cyberbully - INFO -   supcon_weight  : 0.1
2026-04-11 02:09:30,822 - cyberbully - INFO -   proj_dim       : 128
2026-04-11 02:09:30,822 - cyberbully - INFO -   grad_accum_steps: 1
2026-04-11 02:09:30,822 - cyberbully - INFO -   overwrite      : False
2026-04-11 02:09:30,822 - cyberbully - INFO -   device         : cuda
2026-04-11 02:09:30,822 - cyberbully - INFO -   output_dir     : experiments/grid-search/chandar-lab_NeoBERT/kaggle/prep0_aug1/seed_52680723
2026-04-11 02:09:30,822 - cyberbully - INFO - ============================================================
2026-04-11 02:09:30,822 - cyberbully - INFO - Step 1: Preparing data...
2026-04-11 02:09:30,866 - cyberbully - INFO - Loaded pre-split data from dataset/kaggle — train: 25604, val: 6401, test: 8002
2026-04-11 02:09:30,866 - cyberbully - INFO - Label mapping: {'age': 0, 'ethnicity': 1, 'gender': 2, 'other_cyberbullying': 3, 'religion': 4}
2026-04-11 02:09:30,868 - cyberbully - INFO - Applying training data augmentation (oversampling)...
2026-04-11 02:09:30,873 - cyberbully - INFO - After oversampling — class distribution: {0: 5123, 1: 5123, 2: 5123, 3: 5123, 4: 5123}
2026-04-11 02:09:30,881 - cyberbully - INFO - Number of classes: 5
2026-04-11 02:09:30,882 - cyberbully - INFO - Step 2: Loading model and tokenizer...
2026-04-11 02:09:30,882 - cyberbully - INFO - Loading model 'chandar-lab/NeoBERT' with 5 labels (sbert=False, supcon=False)
2026-04-11 02:09:32,679 - cyberbully - INFO - Step 3: Creating datasets...
2026-04-11 02:09:33,269 - cyberbully - INFO - Dataset sizes — train: 25615, val: 6401, test: 8002
2026-04-11 02:09:33,269 - cyberbully - INFO - Step 4: Training...
2026-04-11 02:09:33,544 - cyberbully - INFO - Starting training...
2026-04-11 02:36:38,232 - cyberbully - INFO - Training complete.
2026-04-11 02:36:38,353 - cyberbully - INFO - Removed checkpoint: experiments/grid-search/chandar-lab_NeoBERT/kaggle/prep0_aug1/seed_52680723/checkpoint-5607
2026-04-11 02:36:38,500 - cyberbully - INFO - Removed checkpoint: experiments/grid-search/chandar-lab_NeoBERT/kaggle/prep0_aug1/seed_52680723/checkpoint-8010
2026-04-11 02:36:38,621 - cyberbully - INFO - Removed checkpoint: experiments/grid-search/chandar-lab_NeoBERT/kaggle/prep0_aug1/seed_52680723/checkpoint-6408
2026-04-11 02:36:38,747 - cyberbully - INFO - Removed checkpoint: experiments/grid-search/chandar-lab_NeoBERT/kaggle/prep0_aug1/seed_52680723/checkpoint-1602
2026-04-11 02:36:38,871 - cyberbully - INFO - Removed checkpoint: experiments/grid-search/chandar-lab_NeoBERT/kaggle/prep0_aug1/seed_52680723/checkpoint-3204
2026-04-11 02:36:38,992 - cyberbully - INFO - Removed checkpoint: experiments/grid-search/chandar-lab_NeoBERT/kaggle/prep0_aug1/seed_52680723/checkpoint-7209
2026-04-11 02:36:39,115 - cyberbully - INFO - Removed checkpoint: experiments/grid-search/chandar-lab_NeoBERT/kaggle/prep0_aug1/seed_52680723/checkpoint-4005
2026-04-11 02:36:39,237 - cyberbully - INFO - Removed checkpoint: experiments/grid-search/chandar-lab_NeoBERT/kaggle/prep0_aug1/seed_52680723/checkpoint-4806
2026-04-11 02:36:39,368 - cyberbully - INFO - Removed checkpoint: experiments/grid-search/chandar-lab_NeoBERT/kaggle/prep0_aug1/seed_52680723/checkpoint-801
2026-04-11 02:36:39,493 - cyberbully - INFO - Removed checkpoint: experiments/grid-search/chandar-lab_NeoBERT/kaggle/prep0_aug1/seed_52680723/checkpoint-2403
2026-04-11 02:36:39,493 - cyberbully - INFO - Step 5: Evaluating on test set...
2026-04-11 02:36:57,511 - cyberbully - INFO - Metrics saved to experiments/grid-search/chandar-lab_NeoBERT/kaggle/prep0_aug1/seed_52680723/metrics.json
2026-04-11 02:36:57,511 - cyberbully - INFO - Confusion matrix saved to experiments/grid-search/chandar-lab_NeoBERT/kaggle/prep0_aug1/seed_52680723/confusion_matrix.json
2026-04-11 02:36:57,597 - cyberbully - INFO - Per-sample predictions saved to experiments/grid-search/chandar-lab_NeoBERT/kaggle/prep0_aug1/seed_52680723/predictions.json
2026-04-11 02:36:57,702 - cyberbully - INFO - Confusion matrix figure saved to experiments/grid-search/chandar-lab_NeoBERT/kaggle/prep0_aug1/seed_52680723/confusion_matrix.pdf
2026-04-11 02:36:57,702 - cyberbully - INFO - Accuracy: 0.9545
2026-04-11 02:36:57,702 - cyberbully - INFO - Weighted F1: 0.9547
2026-04-11 02:36:57,702 - cyberbully - INFO - Micro F1: 0.9545
2026-04-11 02:36:57,702 - cyberbully - INFO - Inference time: 13.30 seconds
2026-04-11 02:36:57,702 - cyberbully - INFO - Energy consumption: 0.000833 kWh
2026-04-11 02:36:57,704 - cyberbully - INFO - ============================================================
2026-04-11 02:36:57,704 - cyberbully - INFO - Pipeline complete. Results saved to: experiments/grid-search/chandar-lab_NeoBERT/kaggle/prep0_aug1/seed_52680723
2026-04-11 02:36:57,704 - cyberbully - INFO - ============================================================
