2026-02-12 12:25:21,669 - cyberbully - INFO - ============================================================
2026-02-12 12:25:21,669 - cyberbully - INFO - Cyberbullying Detection Pipeline
2026-02-12 12:25:21,669 - cyberbully - INFO - ============================================================
2026-02-12 12:25:21,669 - cyberbully - INFO - Configuration:
2026-02-12 12:25:21,669 - cyberbully - INFO -   model          : xlnet-base-cased
2026-02-12 12:25:21,669 - cyberbully - INFO -   dataset        : ieee
2026-02-12 12:25:21,669 - cyberbully - INFO -   preprocess     : False
2026-02-12 12:25:21,669 - cyberbully - INFO -   augment        : False
2026-02-12 12:25:21,669 - cyberbully - INFO -   compute_attribution: False
2026-02-12 12:25:21,669 - cyberbully - INFO -   seed           : 90995999
2026-02-12 12:25:21,669 - cyberbully - INFO -   epochs         : 5
2026-02-12 12:25:21,669 - cyberbully - INFO -   batch_size     : 16
2026-02-12 12:25:21,669 - cyberbully - INFO -   lr             : 2e-05
2026-02-12 12:25:21,669 - cyberbully - INFO -   max_length     : 128
2026-02-12 12:25:21,669 - cyberbully - INFO -   output_dir     : experiments
2026-02-12 12:25:21,669 - cyberbully - INFO -   data_dir       : dataset
2026-02-12 12:25:21,669 - cyberbully - INFO -   overwrite      : False
2026-02-12 12:25:21,669 - cyberbully - INFO -   device         : cuda
2026-02-12 12:25:21,669 - cyberbully - INFO -   output_dir     : experiments/xlnet-base-cased/ieee/prep0_aug0/seed_90995999
2026-02-12 12:25:21,669 - cyberbully - INFO - ============================================================
2026-02-12 12:25:21,669 - cyberbully - INFO - Step 1: Preparing data...
2026-02-12 12:25:21,669 - cyberbully - INFO - Loading dataset 'ieee' from dataset/IEEE Data Port.csv
2026-02-12 12:25:21,676 - cyberbully - INFO - Loaded 2108 samples with 5 classes: ['Cyberstalking', 'Doxing', 'Revenge Porn', 'Sexual Harassment', 'Slut Shaming']
2026-02-12 12:25:21,676 - cyberbully - INFO - Label mapping: {'Cyberstalking': 0, 'Doxing': 1, 'Revenge Porn': 2, 'Sexual Harassment': 3, 'Slut Shaming': 4}
2026-02-12 12:25:21,678 - cyberbully - INFO - Split sizes — train: 1348, val: 338, test: 422
2026-02-12 12:25:21,678 - cyberbully - INFO - Number of classes: 5
2026-02-12 12:25:21,678 - cyberbully - INFO - Step 2: Loading model and tokenizer...
2026-02-12 12:25:21,678 - cyberbully - INFO - Loading model 'xlnet-base-cased' with 5 labels
2026-02-12 12:25:23,771 - cyberbully - INFO - Step 3: Tokenizing datasets...
2026-02-12 12:25:23,805 - cyberbully - INFO - Dataset sizes — train: 1348, val: 338, test: 422
2026-02-12 12:25:23,805 - cyberbully - INFO - Step 4: Training...
2026-02-12 12:25:24,050 - cyberbully - INFO - Starting training...
2026-02-12 12:25:57,957 - cyberbully - INFO - Training complete.
2026-02-12 12:25:57,957 - cyberbully - INFO - Step 5: Evaluating on test set...
2026-02-12 12:26:02,766 - cyberbully - INFO - Metrics saved to experiments/xlnet-base-cased/ieee/prep0_aug0/seed_90995999/metrics.json
2026-02-12 12:26:02,766 - cyberbully - INFO - Confusion matrix saved to experiments/xlnet-base-cased/ieee/prep0_aug0/seed_90995999/confusion_matrix.json
2026-02-12 12:26:02,869 - cyberbully - INFO - Confusion matrix figure saved to experiments/xlnet-base-cased/ieee/prep0_aug0/seed_90995999/confusion_matrix.pdf
2026-02-12 12:26:02,869 - cyberbully - INFO - Accuracy: 0.8389
2026-02-12 12:26:02,869 - cyberbully - INFO - Weighted F1: 0.8386
2026-02-12 12:26:02,869 - cyberbully - INFO - Micro F1: 0.8389
2026-02-12 12:26:02,869 - cyberbully - INFO - Inference time: 0.51 seconds
2026-02-12 12:26:02,869 - cyberbully - INFO - Energy consumption: 0.000030 kWh
2026-02-12 12:26:02,870 - cyberbully - INFO - ============================================================
2026-02-12 12:26:02,870 - cyberbully - INFO - Pipeline complete. Results saved to: experiments/xlnet-base-cased/ieee/prep0_aug0/seed_90995999
2026-02-12 12:26:02,870 - cyberbully - INFO - ============================================================
