2026-04-17 10:37:45,524 - cyberbully - INFO - ============================================================
2026-04-17 10:37:45,524 - cyberbully - INFO - Cyberbullying Detection Pipeline
2026-04-17 10:37:45,524 - cyberbully - INFO - ============================================================
2026-04-17 10:37:45,524 - cyberbully - INFO - Configuration:
2026-04-17 10:37:45,524 - cyberbully - INFO -   model          : bert-base-uncased
2026-04-17 10:37:45,524 - cyberbully - INFO -   dataset        : ieee
2026-04-17 10:37:45,524 - cyberbully - INFO -   preprocess     : True
2026-04-17 10:37:45,524 - cyberbully - INFO -   augment        : True
2026-04-17 10:37:45,524 - cyberbully - INFO -   compute_attribution: False
2026-04-17 10:37:45,524 - cyberbully - INFO -   seed           : 90995999
2026-04-17 10:37:45,524 - cyberbully - INFO -   epochs         : 10
2026-04-17 10:37:45,524 - cyberbully - INFO -   batch_size     : 32
2026-04-17 10:37:45,524 - cyberbully - INFO -   lr             : 5e-05
2026-04-17 10:37:45,524 - cyberbully - INFO -   max_length     : 128
2026-04-17 10:37:45,524 - cyberbully - INFO -   output_dir     : grid-search
2026-04-17 10:37:45,524 - cyberbully - INFO -   data_dir       : dataset
2026-04-17 10:37:45,524 - cyberbully - INFO -   sbert          : False
2026-04-17 10:37:45,524 - cyberbully - INFO -   supcon         : False
2026-04-17 10:37:45,524 - cyberbully - INFO -   supcon_weight  : 0.1
2026-04-17 10:37:45,524 - cyberbully - INFO -   proj_dim       : 128
2026-04-17 10:37:45,524 - cyberbully - INFO -   grad_accum_steps: 1
2026-04-17 10:37:45,524 - cyberbully - INFO -   overwrite      : True
2026-04-17 10:37:45,524 - cyberbully - INFO -   device         : cuda
2026-04-17 10:37:45,524 - cyberbully - INFO -   output_dir     : experiments/grid-search/bert-base-uncased/ieee/prep1_aug1/seed_90995999
2026-04-17 10:37:45,524 - cyberbully - INFO - ============================================================
2026-04-17 10:37:45,524 - cyberbully - INFO - Step 1: Preparing data...
2026-04-17 10:37:45,528 - cyberbully - INFO - Loaded pre-split data from dataset/ieee — train: 1348, val: 338, test: 422
2026-04-17 10:37:45,528 - cyberbully - INFO - Label mapping: {'Cyberstalking': 0, 'Doxing': 1, 'Revenge Porn': 2, 'Sexual Harassment': 3, 'Slut Shaming': 4}
2026-04-17 10:37:45,528 - cyberbully - INFO - Applying text preprocessing per split...
2026-04-17 10:37:48,647 - cyberbully - INFO - After preprocessing — train: 1175, val: 305, test: 376
2026-04-17 10:37:48,648 - cyberbully - INFO - Applying training data augmentation (oversampling)...
2026-04-17 10:37:48,649 - cyberbully - INFO - After oversampling — class distribution: {0: 287, 1: 287, 2: 287, 3: 287, 4: 287}
2026-04-17 10:37:48,650 - cyberbully - INFO - Number of classes: 5
2026-04-17 10:37:48,651 - cyberbully - INFO - Step 2: Loading model and tokenizer...
2026-04-17 10:37:48,651 - cyberbully - INFO - Loading model 'bert-base-uncased' with 5 labels (sbert=False, supcon=False)
2026-04-17 10:37:49,400 - cyberbully - INFO - Step 3: Creating datasets...
2026-04-17 10:37:49,422 - cyberbully - INFO - Dataset sizes — train: 1435, val: 305, test: 376
2026-04-17 10:37:49,422 - cyberbully - INFO - Step 4: Training...
2026-04-17 10:37:49,566 - cyberbully - INFO - Starting training...
2026-04-17 10:39:30,061 - cyberbully - INFO - Training complete.
2026-04-17 10:39:30,388 - cyberbully - INFO - Removed checkpoint: experiments/grid-search/bert-base-uncased/ieee/prep1_aug1/seed_90995999/checkpoint-405
2026-04-17 10:39:30,469 - cyberbully - INFO - Removed checkpoint: experiments/grid-search/bert-base-uncased/ieee/prep1_aug1/seed_90995999/checkpoint-90
2026-04-17 10:39:30,550 - cyberbully - INFO - Removed checkpoint: experiments/grid-search/bert-base-uncased/ieee/prep1_aug1/seed_90995999/checkpoint-225
2026-04-17 10:39:30,630 - cyberbully - INFO - Removed checkpoint: experiments/grid-search/bert-base-uncased/ieee/prep1_aug1/seed_90995999/checkpoint-180
2026-04-17 10:39:30,715 - cyberbully - INFO - Removed checkpoint: experiments/grid-search/bert-base-uncased/ieee/prep1_aug1/seed_90995999/checkpoint-315
2026-04-17 10:39:30,802 - cyberbully - INFO - Removed checkpoint: experiments/grid-search/bert-base-uncased/ieee/prep1_aug1/seed_90995999/checkpoint-360
2026-04-17 10:39:30,874 - cyberbully - INFO - Removed checkpoint: experiments/grid-search/bert-base-uncased/ieee/prep1_aug1/seed_90995999/checkpoint-45
2026-04-17 10:39:30,973 - cyberbully - INFO - Removed checkpoint: experiments/grid-search/bert-base-uncased/ieee/prep1_aug1/seed_90995999/checkpoint-270
2026-04-17 10:39:31,053 - cyberbully - INFO - Removed checkpoint: experiments/grid-search/bert-base-uncased/ieee/prep1_aug1/seed_90995999/checkpoint-135
2026-04-17 10:39:31,147 - cyberbully - INFO - Removed checkpoint: experiments/grid-search/bert-base-uncased/ieee/prep1_aug1/seed_90995999/checkpoint-450
2026-04-17 10:39:31,147 - cyberbully - INFO - Step 5: Evaluating on test set...
2026-04-17 10:39:35,820 - cyberbully - INFO - Metrics saved to experiments/grid-search/bert-base-uncased/ieee/prep1_aug1/seed_90995999/metrics.json
2026-04-17 10:39:35,820 - cyberbully - INFO - Confusion matrix saved to experiments/grid-search/bert-base-uncased/ieee/prep1_aug1/seed_90995999/confusion_matrix.json
2026-04-17 10:39:35,824 - cyberbully - INFO - Per-sample predictions saved to experiments/grid-search/bert-base-uncased/ieee/prep1_aug1/seed_90995999/predictions.json
2026-04-17 10:39:35,933 - cyberbully - INFO - Confusion matrix figure saved to experiments/grid-search/bert-base-uncased/ieee/prep1_aug1/seed_90995999/confusion_matrix.pdf
2026-04-17 10:39:35,933 - cyberbully - INFO - Accuracy: 0.8085
2026-04-17 10:39:35,933 - cyberbully - INFO - Weighted F1: 0.8082
2026-04-17 10:39:35,933 - cyberbully - INFO - Micro F1: 0.8085
2026-04-17 10:39:35,933 - cyberbully - INFO - Inference time: 0.16 seconds
2026-04-17 10:39:35,933 - cyberbully - INFO - Energy consumption: 0.000006 kWh
2026-04-17 10:39:35,933 - cyberbully - INFO - ============================================================
2026-04-17 10:39:35,933 - cyberbully - INFO - Pipeline complete. Results saved to: experiments/grid-search/bert-base-uncased/ieee/prep1_aug1/seed_90995999
2026-04-17 10:39:35,933 - cyberbully - INFO - ============================================================
