2026-02-19 04:36:49,529 - cyberbully - INFO - ============================================================
2026-02-19 04:36:49,529 - cyberbully - INFO - Cyberbullying Detection Pipeline
2026-02-19 04:36:49,529 - cyberbully - INFO - ============================================================
2026-02-19 04:36:49,529 - cyberbully - INFO - Configuration:
2026-02-19 04:36:49,529 - cyberbully - INFO -   model          : xlnet-base-cased
2026-02-19 04:36:49,529 - cyberbully - INFO -   dataset        : kaggle
2026-02-19 04:36:49,529 - cyberbully - INFO -   preprocess     : False
2026-02-19 04:36:49,529 - cyberbully - INFO -   augment        : True
2026-02-19 04:36:49,529 - cyberbully - INFO -   compute_attribution: False
2026-02-19 04:36:49,529 - cyberbully - INFO -   seed           : 52680723
2026-02-19 04:36:49,529 - cyberbully - INFO -   epochs         : 5
2026-02-19 04:36:49,529 - cyberbully - INFO -   batch_size     : 16
2026-02-19 04:36:49,529 - cyberbully - INFO -   lr             : 2e-05
2026-02-19 04:36:49,529 - cyberbully - INFO -   max_length     : 128
2026-02-19 04:36:49,529 - cyberbully - INFO -   output_dir     : grid-search
2026-02-19 04:36:49,529 - cyberbully - INFO -   data_dir       : dataset
2026-02-19 04:36:49,529 - cyberbully - INFO -   sbert          : False
2026-02-19 04:36:49,529 - cyberbully - INFO -   overwrite      : False
2026-02-19 04:36:49,529 - cyberbully - INFO -   device         : cuda
2026-02-19 04:36:49,529 - cyberbully - INFO -   output_dir     : experiments/grid-search/xlnet-base-cased/kaggle/prep0_aug1/seed_52680723
2026-02-19 04:36:49,529 - cyberbully - INFO - ============================================================
2026-02-19 04:36:49,529 - cyberbully - INFO - Step 1: Preparing data...
2026-02-19 04:36:49,529 - cyberbully - INFO - Loading dataset 'kaggle' from dataset/Kaggle.csv
2026-02-19 04:36:49,589 - cyberbully - INFO - Loaded 47656 samples with 6 classes: ['age', 'ethnicity', 'gender', 'not_cyberbullying', 'other_cyberbullying', 'religion']
2026-02-19 04:36:49,591 - cyberbully - INFO - Label mapping: {'age': 0, 'ethnicity': 1, 'gender': 2, 'not_cyberbullying': 3, 'other_cyberbullying': 4, 'religion': 5}
2026-02-19 04:36:49,605 - cyberbully - INFO - Split sizes — train: 30499, val: 7625, test: 9532
2026-02-19 04:36:49,605 - cyberbully - INFO - Applying training data augmentation (oversampling)...
2026-02-19 04:36:49,611 - cyberbully - INFO - After oversampling — class distribution: {0: 5118, 1: 5118, 2: 5118, 3: 5118, 4: 5118, 5: 5118}
2026-02-19 04:36:49,612 - cyberbully - INFO - Number of classes: 6
2026-02-19 04:36:49,613 - cyberbully - INFO - Step 2: Loading model and tokenizer...
2026-02-19 04:36:49,613 - cyberbully - INFO - Loading model 'xlnet-base-cased' with 6 labels (sbert=False)
2026-02-19 04:36:51,506 - cyberbully - INFO - Step 3: Creating datasets...
2026-02-19 04:36:52,325 - cyberbully - INFO - Dataset sizes — train: 30708, val: 7625, test: 9532
2026-02-19 04:36:52,325 - cyberbully - INFO - Step 4: Training...
2026-02-19 04:36:52,447 - cyberbully - INFO - Starting training...
2026-02-19 04:46:07,646 - cyberbully - INFO - Training complete.
2026-02-19 04:46:07,647 - cyberbully - INFO - Step 5: Evaluating on test set...
2026-02-19 04:46:19,468 - cyberbully - INFO - Metrics saved to experiments/grid-search/xlnet-base-cased/kaggle/prep0_aug1/seed_52680723/metrics.json
2026-02-19 04:46:19,468 - cyberbully - INFO - Confusion matrix saved to experiments/grid-search/xlnet-base-cased/kaggle/prep0_aug1/seed_52680723/confusion_matrix.json
2026-02-19 04:46:19,584 - cyberbully - INFO - Confusion matrix figure saved to experiments/grid-search/xlnet-base-cased/kaggle/prep0_aug1/seed_52680723/confusion_matrix.pdf
2026-02-19 04:46:19,584 - cyberbully - INFO - Accuracy: 0.8630
2026-02-19 04:46:19,585 - cyberbully - INFO - Weighted F1: 0.8604
2026-02-19 04:46:19,585 - cyberbully - INFO - Micro F1: 0.8630
2026-02-19 04:46:19,585 - cyberbully - INFO - Inference time: 7.59 seconds
2026-02-19 04:46:19,585 - cyberbully - INFO - Energy consumption: 0.000437 kWh
2026-02-19 04:46:19,585 - cyberbully - INFO - ============================================================
2026-02-19 04:46:19,585 - cyberbully - INFO - Pipeline complete. Results saved to: experiments/grid-search/xlnet-base-cased/kaggle/prep0_aug1/seed_52680723
2026-02-19 04:46:19,585 - cyberbully - INFO - ============================================================
