2026-02-19 12:34:43,398 - cyberbully - INFO - ============================================================
2026-02-19 12:34:43,398 - cyberbully - INFO - Cyberbullying Detection Pipeline
2026-02-19 12:34:43,398 - cyberbully - INFO - ============================================================
2026-02-19 12:34:43,398 - cyberbully - INFO - Configuration:
2026-02-19 12:34:43,398 - cyberbully - INFO -   model          : sarkerlab/SocBERT-base
2026-02-19 12:34:43,398 - cyberbully - INFO -   dataset        : kaggle
2026-02-19 12:34:43,398 - cyberbully - INFO -   preprocess     : True
2026-02-19 12:34:43,398 - cyberbully - INFO -   augment        : True
2026-02-19 12:34:43,398 - cyberbully - INFO -   compute_attribution: False
2026-02-19 12:34:43,398 - cyberbully - INFO -   seed           : 52680723
2026-02-19 12:34:43,398 - cyberbully - INFO -   epochs         : 5
2026-02-19 12:34:43,398 - cyberbully - INFO -   batch_size     : 16
2026-02-19 12:34:43,398 - cyberbully - INFO -   lr             : 2e-05
2026-02-19 12:34:43,398 - cyberbully - INFO -   max_length     : 128
2026-02-19 12:34:43,398 - cyberbully - INFO -   output_dir     : domain-model
2026-02-19 12:34:43,398 - cyberbully - INFO -   data_dir       : dataset
2026-02-19 12:34:43,398 - cyberbully - INFO -   sbert          : False
2026-02-19 12:34:43,398 - cyberbully - INFO -   overwrite      : False
2026-02-19 12:34:43,398 - cyberbully - INFO -   device         : cuda
2026-02-19 12:34:43,398 - cyberbully - INFO -   output_dir     : experiments/domain-model/sarkerlab_SocBERT-base/kaggle/prep1_aug1/seed_52680723
2026-02-19 12:34:43,398 - cyberbully - INFO - ============================================================
2026-02-19 12:34:43,398 - cyberbully - INFO - Step 1: Preparing data...
2026-02-19 12:34:43,398 - cyberbully - INFO - Loading dataset 'kaggle' from dataset/Kaggle.csv
2026-02-19 12:34:43,456 - cyberbully - INFO - Loaded 47656 samples with 6 classes: ['age', 'ethnicity', 'gender', 'not_cyberbullying', 'other_cyberbullying', 'religion']
2026-02-19 12:34:43,457 - cyberbully - INFO - Applying text preprocessing...
2026-02-19 12:35:35,330 - cyberbully - INFO - After preprocessing: 41412 samples remain
2026-02-19 12:35:35,332 - cyberbully - INFO - Label mapping: {'age': 0, 'ethnicity': 1, 'gender': 2, 'not_cyberbullying': 3, 'other_cyberbullying': 4, 'religion': 5}
2026-02-19 12:35:35,343 - cyberbully - INFO - Split sizes — train: 26503, val: 6626, test: 8283
2026-02-19 12:35:35,343 - cyberbully - INFO - Applying training data augmentation (oversampling)...
2026-02-19 12:35:35,349 - cyberbully - INFO - After oversampling — class distribution: {0: 5067, 1: 5067, 2: 5067, 3: 5067, 4: 5067, 5: 5067}
2026-02-19 12:35:35,349 - cyberbully - INFO - Number of classes: 6
2026-02-19 12:35:35,350 - cyberbully - INFO - Step 2: Loading model and tokenizer...
2026-02-19 12:35:35,350 - cyberbully - INFO - Loading model 'sarkerlab/SocBERT-base' with 6 labels (sbert=False)
2026-02-19 12:35:36,629 - cyberbully - INFO - Step 3: Creating datasets...
2026-02-19 12:35:37,214 - cyberbully - INFO - Dataset sizes — train: 30402, val: 6626, test: 8283
2026-02-19 12:35:37,214 - cyberbully - INFO - Step 4: Training...
2026-02-19 12:35:37,455 - cyberbully - INFO - Starting training...
2026-02-19 12:45:51,315 - cyberbully - INFO - Training complete.
2026-02-19 12:45:51,315 - cyberbully - INFO - Step 5: Evaluating on test set...
2026-02-19 12:46:01,865 - cyberbully - INFO - Metrics saved to experiments/domain-model/sarkerlab_SocBERT-base/kaggle/prep1_aug1/seed_52680723/metrics.json
2026-02-19 12:46:01,866 - cyberbully - INFO - Confusion matrix saved to experiments/domain-model/sarkerlab_SocBERT-base/kaggle/prep1_aug1/seed_52680723/confusion_matrix.json
2026-02-19 12:46:01,977 - cyberbully - INFO - Confusion matrix figure saved to experiments/domain-model/sarkerlab_SocBERT-base/kaggle/prep1_aug1/seed_52680723/confusion_matrix.pdf
2026-02-19 12:46:01,977 - cyberbully - INFO - Accuracy: 0.8726
2026-02-19 12:46:01,978 - cyberbully - INFO - Weighted F1: 0.8719
2026-02-19 12:46:01,978 - cyberbully - INFO - Micro F1: 0.8726
2026-02-19 12:46:01,978 - cyberbully - INFO - Inference time: 6.25 seconds
2026-02-19 12:46:01,978 - cyberbully - INFO - Energy consumption: 0.000389 kWh
2026-02-19 12:46:01,978 - cyberbully - INFO - ============================================================
2026-02-19 12:46:01,978 - cyberbully - INFO - Pipeline complete. Results saved to: experiments/domain-model/sarkerlab_SocBERT-base/kaggle/prep1_aug1/seed_52680723
2026-02-19 12:46:01,978 - cyberbully - INFO - ============================================================
