2026-02-13 10:24:06,001 - cyberbully - INFO - ============================================================
2026-02-13 10:24:06,001 - cyberbully - INFO - Cyberbullying Detection Pipeline
2026-02-13 10:24:06,001 - cyberbully - INFO - ============================================================
2026-02-13 10:24:06,001 - cyberbully - INFO - Configuration:
2026-02-13 10:24:06,001 - cyberbully - INFO -   model          : roberta-base
2026-02-13 10:24:06,001 - cyberbully - INFO -   dataset        : kaggle
2026-02-13 10:24:06,001 - cyberbully - INFO -   preprocess     : False
2026-02-13 10:24:06,001 - cyberbully - INFO -   augment        : True
2026-02-13 10:24:06,001 - cyberbully - INFO -   compute_attribution: False
2026-02-13 10:24:06,001 - cyberbully - INFO -   seed           : 14298463
2026-02-13 10:24:06,001 - cyberbully - INFO -   epochs         : 5
2026-02-13 10:24:06,001 - cyberbully - INFO -   batch_size     : 16
2026-02-13 10:24:06,001 - cyberbully - INFO -   lr             : 2e-05
2026-02-13 10:24:06,001 - cyberbully - INFO -   max_length     : 128
2026-02-13 10:24:06,001 - cyberbully - INFO -   output_dir     : experiments
2026-02-13 10:24:06,001 - cyberbully - INFO -   data_dir       : dataset
2026-02-13 10:24:06,001 - cyberbully - INFO -   overwrite      : False
2026-02-13 10:24:06,001 - cyberbully - INFO -   device         : cuda
2026-02-13 10:24:06,001 - cyberbully - INFO -   output_dir     : experiments/roberta-base/kaggle/prep0_aug1/seed_14298463
2026-02-13 10:24:06,001 - cyberbully - INFO - ============================================================
2026-02-13 10:24:06,001 - cyberbully - INFO - Step 1: Preparing data...
2026-02-13 10:24:06,001 - cyberbully - INFO - Loading dataset 'kaggle' from dataset/Kaggle.csv
2026-02-13 10:24:06,062 - cyberbully - INFO - Loaded 47656 samples with 6 classes: ['age', 'ethnicity', 'gender', 'not_cyberbullying', 'other_cyberbullying', 'religion']
2026-02-13 10:24:06,064 - cyberbully - INFO - Label mapping: {'age': 0, 'ethnicity': 1, 'gender': 2, 'not_cyberbullying': 3, 'other_cyberbullying': 4, 'religion': 5}
2026-02-13 10:24:06,077 - cyberbully - INFO - Split sizes — train: 30499, val: 7625, test: 9532
2026-02-13 10:24:06,077 - cyberbully - INFO - Applying training data augmentation (oversampling)...
2026-02-13 10:24:06,083 - cyberbully - INFO - After oversampling — class distribution: {0: 5118, 1: 5118, 2: 5118, 3: 5118, 4: 5118, 5: 5118}
2026-02-13 10:24:06,084 - cyberbully - INFO - Number of classes: 6
2026-02-13 10:24:06,084 - cyberbully - INFO - Step 2: Loading model and tokenizer...
2026-02-13 10:24:06,084 - cyberbully - INFO - Loading model 'roberta-base' with 6 labels
2026-02-13 10:24:06,858 - cyberbully - INFO - Step 3: Tokenizing datasets...
2026-02-13 10:24:07,690 - cyberbully - INFO - Dataset sizes — train: 30708, val: 7625, test: 9532
2026-02-13 10:24:07,691 - cyberbully - INFO - Step 4: Training...
2026-02-13 10:24:07,905 - cyberbully - INFO - Starting training...
2026-02-13 10:34:28,723 - cyberbully - INFO - Training complete.
2026-02-13 10:34:28,723 - cyberbully - INFO - Step 5: Evaluating on test set...
2026-02-13 10:34:40,496 - cyberbully - INFO - Metrics saved to experiments/roberta-base/kaggle/prep0_aug1/seed_14298463/metrics.json
2026-02-13 10:34:40,496 - cyberbully - INFO - Confusion matrix saved to experiments/roberta-base/kaggle/prep0_aug1/seed_14298463/confusion_matrix.json
2026-02-13 10:34:40,609 - cyberbully - INFO - Confusion matrix figure saved to experiments/roberta-base/kaggle/prep0_aug1/seed_14298463/confusion_matrix.pdf
2026-02-13 10:34:40,609 - cyberbully - INFO - Accuracy: 0.8700
2026-02-13 10:34:40,609 - cyberbully - INFO - Weighted F1: 0.8692
2026-02-13 10:34:40,609 - cyberbully - INFO - Micro F1: 0.8700
2026-02-13 10:34:40,609 - cyberbully - INFO - Inference time: 7.47 seconds
2026-02-13 10:34:40,609 - cyberbully - INFO - Energy consumption: 0.000440 kWh
2026-02-13 10:34:40,609 - cyberbully - INFO - ============================================================
2026-02-13 10:34:40,609 - cyberbully - INFO - Pipeline complete. Results saved to: experiments/roberta-base/kaggle/prep0_aug1/seed_14298463
2026-02-13 10:34:40,609 - cyberbully - INFO - ============================================================
