2026-03-22 03:25:00,833 - cyberbully - INFO - ============================================================
2026-03-22 03:25:00,833 - cyberbully - INFO - Cyberbullying Detection Pipeline
2026-03-22 03:25:00,833 - cyberbully - INFO - ============================================================
2026-03-22 03:25:00,833 - cyberbully - INFO - Configuration:
2026-03-22 03:25:00,833 - cyberbully - INFO -   model          : distilbert-base-cased
2026-03-22 03:25:00,833 - cyberbully - INFO -   dataset        : tweeteval
2026-03-22 03:25:00,833 - cyberbully - INFO -   preprocess     : True
2026-03-22 03:25:00,833 - cyberbully - INFO -   augment        : True
2026-03-22 03:25:00,833 - cyberbully - INFO -   compute_attribution: False
2026-03-22 03:25:00,833 - cyberbully - INFO -   seed           : 99511865
2026-03-22 03:25:00,833 - cyberbully - INFO -   epochs         : 10
2026-03-22 03:25:00,833 - cyberbully - INFO -   batch_size     : 32
2026-03-22 03:25:00,833 - cyberbully - INFO -   lr             : 5e-05
2026-03-22 03:25:00,833 - cyberbully - INFO -   max_length     : 128
2026-03-22 03:25:00,833 - cyberbully - INFO -   output_dir     : grid-search
2026-03-22 03:25:00,833 - cyberbully - INFO -   data_dir       : dataset
2026-03-22 03:25:00,833 - cyberbully - INFO -   sbert          : False
2026-03-22 03:25:00,833 - cyberbully - INFO -   supcon         : False
2026-03-22 03:25:00,833 - cyberbully - INFO -   supcon_weight  : 0.1
2026-03-22 03:25:00,833 - cyberbully - INFO -   proj_dim       : 128
2026-03-22 03:25:00,833 - cyberbully - INFO -   grad_accum_steps: 1
2026-03-22 03:25:00,833 - cyberbully - INFO -   overwrite      : False
2026-03-22 03:25:00,833 - cyberbully - INFO -   device         : cuda
2026-03-22 03:25:00,833 - cyberbully - INFO -   output_dir     : experiments/grid-search/distilbert-base-cased/tweeteval/prep1_aug1/seed_99511865
2026-03-22 03:25:00,833 - cyberbully - INFO - ============================================================
2026-03-22 03:25:00,833 - cyberbully - INFO - Step 1: Preparing data...
2026-03-22 03:25:00,881 - cyberbully - INFO - Loaded pre-split data from dataset/tweeteval — train: 32485, val: 8122, test: 10152
2026-03-22 03:25:00,882 - cyberbully - INFO - Label mapping: {'emotion': 0, 'hate': 1, 'offensive': 2, 'religion': 3, 'spiritual': 4}
2026-03-22 03:25:00,882 - cyberbully - INFO - Applying text preprocessing per split...
2026-03-22 03:25:57,045 - cyberbully - INFO - After preprocessing — train: 30357, val: 7609, test: 9465
2026-03-22 03:25:57,047 - cyberbully - INFO - Applying training data augmentation (oversampling)...
2026-03-22 03:25:57,052 - cyberbully - INFO - After oversampling — class distribution: {0: 7758, 1: 7758, 2: 7758, 3: 7758, 4: 7758}
2026-03-22 03:25:57,062 - cyberbully - INFO - Number of classes: 5
2026-03-22 03:25:57,063 - cyberbully - INFO - Step 2: Loading model and tokenizer...
2026-03-22 03:25:57,063 - cyberbully - INFO - Loading model 'distilbert-base-cased' with 5 labels (sbert=False, supcon=False)
2026-03-22 03:25:57,757 - cyberbully - INFO - Step 3: Creating datasets...
2026-03-22 03:25:58,675 - cyberbully - INFO - Dataset sizes — train: 38790, val: 7609, test: 9465
2026-03-22 03:25:58,675 - cyberbully - INFO - Step 4: Training...
2026-03-22 03:25:58,899 - cyberbully - INFO - Starting training...
2026-03-22 03:35:43,878 - cyberbully - INFO - Training complete.
2026-03-22 03:35:43,916 - cyberbully - INFO - Removed checkpoint: experiments/grid-search/distilbert-base-cased/tweeteval/prep1_aug1/seed_99511865/checkpoint-3639
2026-03-22 03:35:43,954 - cyberbully - INFO - Removed checkpoint: experiments/grid-search/distilbert-base-cased/tweeteval/prep1_aug1/seed_99511865/checkpoint-9704
2026-03-22 03:35:43,992 - cyberbully - INFO - Removed checkpoint: experiments/grid-search/distilbert-base-cased/tweeteval/prep1_aug1/seed_99511865/checkpoint-6065
2026-03-22 03:35:44,029 - cyberbully - INFO - Removed checkpoint: experiments/grid-search/distilbert-base-cased/tweeteval/prep1_aug1/seed_99511865/checkpoint-10917
2026-03-22 03:35:44,074 - cyberbully - INFO - Removed checkpoint: experiments/grid-search/distilbert-base-cased/tweeteval/prep1_aug1/seed_99511865/checkpoint-12130
2026-03-22 03:35:44,114 - cyberbully - INFO - Removed checkpoint: experiments/grid-search/distilbert-base-cased/tweeteval/prep1_aug1/seed_99511865/checkpoint-1213
2026-03-22 03:35:44,151 - cyberbully - INFO - Removed checkpoint: experiments/grid-search/distilbert-base-cased/tweeteval/prep1_aug1/seed_99511865/checkpoint-8491
2026-03-22 03:35:44,189 - cyberbully - INFO - Removed checkpoint: experiments/grid-search/distilbert-base-cased/tweeteval/prep1_aug1/seed_99511865/checkpoint-4852
2026-03-22 03:35:44,229 - cyberbully - INFO - Removed checkpoint: experiments/grid-search/distilbert-base-cased/tweeteval/prep1_aug1/seed_99511865/checkpoint-2426
2026-03-22 03:35:44,267 - cyberbully - INFO - Removed checkpoint: experiments/grid-search/distilbert-base-cased/tweeteval/prep1_aug1/seed_99511865/checkpoint-7278
2026-03-22 03:35:44,267 - cyberbully - INFO - Step 5: Evaluating on test set...
2026-03-22 03:35:52,119 - cyberbully - INFO - Metrics saved to experiments/grid-search/distilbert-base-cased/tweeteval/prep1_aug1/seed_99511865/metrics.json
2026-03-22 03:35:52,119 - cyberbully - INFO - Confusion matrix saved to experiments/grid-search/distilbert-base-cased/tweeteval/prep1_aug1/seed_99511865/confusion_matrix.json
2026-03-22 03:35:52,206 - cyberbully - INFO - Per-sample predictions saved to experiments/grid-search/distilbert-base-cased/tweeteval/prep1_aug1/seed_99511865/predictions.json
2026-03-22 03:35:52,306 - cyberbully - INFO - Confusion matrix figure saved to experiments/grid-search/distilbert-base-cased/tweeteval/prep1_aug1/seed_99511865/confusion_matrix.pdf
2026-03-22 03:35:52,306 - cyberbully - INFO - Accuracy: 0.9466
2026-03-22 03:35:52,306 - cyberbully - INFO - Weighted F1: 0.9465
2026-03-22 03:35:52,306 - cyberbully - INFO - Micro F1: 0.9466
2026-03-22 03:35:52,306 - cyberbully - INFO - Inference time: 3.59 seconds
2026-03-22 03:35:52,306 - cyberbully - INFO - Energy consumption: 0.000230 kWh
2026-03-22 03:35:52,308 - cyberbully - INFO - ============================================================
2026-03-22 03:35:52,308 - cyberbully - INFO - Pipeline complete. Results saved to: experiments/grid-search/distilbert-base-cased/tweeteval/prep1_aug1/seed_99511865
2026-03-22 03:35:52,308 - cyberbully - INFO - ============================================================
