2026-02-25 19:29:27,017 - cyberbully - INFO - Model 'all-MiniLM-L6-v2' detected as SBERT-based. Using SBERTClassifier pipeline.
2026-02-25 19:29:27,017 - cyberbully - INFO - ============================================================
2026-02-25 19:29:27,017 - cyberbully - INFO - Cyberbullying Detection Pipeline
2026-02-25 19:29:27,017 - cyberbully - INFO - ============================================================
2026-02-25 19:29:27,017 - cyberbully - INFO - Configuration:
2026-02-25 19:29:27,017 - cyberbully - INFO -   model          : all-MiniLM-L6-v2
2026-02-25 19:29:27,017 - cyberbully - INFO -   dataset        : ieee
2026-02-25 19:29:27,017 - cyberbully - INFO -   preprocess     : False
2026-02-25 19:29:27,017 - cyberbully - INFO -   augment        : False
2026-02-25 19:29:27,017 - cyberbully - INFO -   compute_attribution: False
2026-02-25 19:29:27,017 - cyberbully - INFO -   seed           : 52680723
2026-02-25 19:29:27,017 - cyberbully - INFO -   epochs         : 10
2026-02-25 19:29:27,017 - cyberbully - INFO -   batch_size     : 32
2026-02-25 19:29:27,017 - cyberbully - INFO -   lr             : 5e-05
2026-02-25 19:29:27,017 - cyberbully - INFO -   max_length     : 128
2026-02-25 19:29:27,017 - cyberbully - INFO -   output_dir     : grid-search
2026-02-25 19:29:27,017 - cyberbully - INFO -   data_dir       : dataset
2026-02-25 19:29:27,017 - cyberbully - INFO -   sbert          : True
2026-02-25 19:29:27,017 - cyberbully - INFO -   overwrite      : False
2026-02-25 19:29:27,017 - cyberbully - INFO -   device         : cuda
2026-02-25 19:29:27,017 - cyberbully - INFO -   output_dir     : experiments/grid-search/all-MiniLM-L6-v2/ieee/prep0_aug0/seed_52680723
2026-02-25 19:29:27,017 - cyberbully - INFO - ============================================================
2026-02-25 19:29:27,017 - cyberbully - INFO - Step 1: Preparing data...
2026-02-25 19:29:27,017 - cyberbully - INFO - Loading dataset 'ieee' from dataset/IEEE Data Port.csv
2026-02-25 19:29:27,023 - cyberbully - INFO - Loaded 2108 samples with 5 classes: ['Cyberstalking', 'Doxing', 'Revenge Porn', 'Sexual Harassment', 'Slut Shaming']
2026-02-25 19:29:27,024 - cyberbully - INFO - Label mapping: {'Cyberstalking': 0, 'Doxing': 1, 'Revenge Porn': 2, 'Sexual Harassment': 3, 'Slut Shaming': 4}
2026-02-25 19:29:27,026 - cyberbully - INFO - Split sizes — train: 1348, val: 338, test: 422
2026-02-25 19:29:27,026 - cyberbully - INFO - Number of classes: 5
2026-02-25 19:29:27,028 - cyberbully - INFO - Step 2: Loading model and tokenizer...
2026-02-25 19:29:27,028 - cyberbully - INFO - Loading model 'all-MiniLM-L6-v2' with 5 labels (sbert=True)
2026-02-25 19:29:29,588 - cyberbully - INFO - SBERTClassifier: embedding_dim=384, hidden=256, num_labels=5
2026-02-25 19:29:29,888 - cyberbully - INFO - Step 3: Creating datasets...
2026-02-25 19:29:29,930 - cyberbully - INFO - Dataset sizes — train: 1348, val: 338, test: 422
2026-02-25 19:29:29,930 - cyberbully - INFO - Step 4: Training...
2026-02-25 19:29:30,000 - cyberbully - INFO - Starting training...
2026-02-25 19:29:43,157 - cyberbully - INFO - Training complete.
2026-02-25 19:29:43,176 - cyberbully - INFO - Removed checkpoint: experiments/grid-search/all-MiniLM-L6-v2/ieee/prep0_aug0/seed_52680723/checkpoint-172
2026-02-25 19:29:43,195 - cyberbully - INFO - Removed checkpoint: experiments/grid-search/all-MiniLM-L6-v2/ieee/prep0_aug0/seed_52680723/checkpoint-258
2026-02-25 19:29:43,213 - cyberbully - INFO - Removed checkpoint: experiments/grid-search/all-MiniLM-L6-v2/ieee/prep0_aug0/seed_52680723/checkpoint-387
2026-02-25 19:29:43,238 - cyberbully - INFO - Removed checkpoint: experiments/grid-search/all-MiniLM-L6-v2/ieee/prep0_aug0/seed_52680723/checkpoint-43
2026-02-25 19:29:43,255 - cyberbully - INFO - Removed checkpoint: experiments/grid-search/all-MiniLM-L6-v2/ieee/prep0_aug0/seed_52680723/checkpoint-430
2026-02-25 19:29:43,274 - cyberbully - INFO - Removed checkpoint: experiments/grid-search/all-MiniLM-L6-v2/ieee/prep0_aug0/seed_52680723/checkpoint-301
2026-02-25 19:29:43,292 - cyberbully - INFO - Removed checkpoint: experiments/grid-search/all-MiniLM-L6-v2/ieee/prep0_aug0/seed_52680723/checkpoint-344
2026-02-25 19:29:43,316 - cyberbully - INFO - Removed checkpoint: experiments/grid-search/all-MiniLM-L6-v2/ieee/prep0_aug0/seed_52680723/checkpoint-129
2026-02-25 19:29:43,336 - cyberbully - INFO - Removed checkpoint: experiments/grid-search/all-MiniLM-L6-v2/ieee/prep0_aug0/seed_52680723/checkpoint-215
2026-02-25 19:29:43,361 - cyberbully - INFO - Removed checkpoint: experiments/grid-search/all-MiniLM-L6-v2/ieee/prep0_aug0/seed_52680723/checkpoint-86
2026-02-25 19:29:43,361 - cyberbully - INFO - Step 5: Evaluating on test set...
2026-02-25 19:29:47,988 - cyberbully - INFO - Metrics saved to experiments/grid-search/all-MiniLM-L6-v2/ieee/prep0_aug0/seed_52680723/metrics.json
2026-02-25 19:29:47,988 - cyberbully - INFO - Confusion matrix saved to experiments/grid-search/all-MiniLM-L6-v2/ieee/prep0_aug0/seed_52680723/confusion_matrix.json
2026-02-25 19:29:48,091 - cyberbully - INFO - Confusion matrix figure saved to experiments/grid-search/all-MiniLM-L6-v2/ieee/prep0_aug0/seed_52680723/confusion_matrix.pdf
2026-02-25 19:29:48,091 - cyberbully - INFO - Accuracy: 0.8318
2026-02-25 19:29:48,091 - cyberbully - INFO - Weighted F1: 0.8345
2026-02-25 19:29:48,091 - cyberbully - INFO - Micro F1: 0.8318
2026-02-25 19:29:48,091 - cyberbully - INFO - Inference time: 0.09 seconds
2026-02-25 19:29:48,091 - cyberbully - INFO - Energy consumption: 0.000002 kWh
2026-02-25 19:29:48,091 - cyberbully - INFO - ============================================================
2026-02-25 19:29:48,091 - cyberbully - INFO - Pipeline complete. Results saved to: experiments/grid-search/all-MiniLM-L6-v2/ieee/prep0_aug0/seed_52680723
2026-02-25 19:29:48,091 - cyberbully - INFO - ============================================================
