2026-02-21 09:17:46,229 - cyberbully - INFO - ============================================================
2026-02-21 09:17:46,229 - cyberbully - INFO - Cyberbullying Detection Pipeline
2026-02-21 09:17:46,229 - cyberbully - INFO - ============================================================
2026-02-21 09:17:46,229 - cyberbully - INFO - Configuration:
2026-02-21 09:17:46,230 - cyberbully - INFO -   model          : all-mpnet-base-v2
2026-02-21 09:17:46,230 - cyberbully - INFO -   dataset        : tweeteval
2026-02-21 09:17:46,230 - cyberbully - INFO -   preprocess     : True
2026-02-21 09:17:46,230 - cyberbully - INFO -   augment        : True
2026-02-21 09:17:46,230 - cyberbully - INFO -   compute_attribution: False
2026-02-21 09:17:46,230 - cyberbully - INFO -   seed           : 52680723
2026-02-21 09:17:46,230 - cyberbully - INFO -   epochs         : 5
2026-02-21 09:17:46,230 - cyberbully - INFO -   batch_size     : 16
2026-02-21 09:17:46,230 - cyberbully - INFO -   lr             : 2e-05
2026-02-21 09:17:46,230 - cyberbully - INFO -   max_length     : 128
2026-02-21 09:17:46,230 - cyberbully - INFO -   output_dir     : sbert-model
2026-02-21 09:17:46,230 - cyberbully - INFO -   data_dir       : dataset
2026-02-21 09:17:46,230 - cyberbully - INFO -   sbert          : True
2026-02-21 09:17:46,230 - cyberbully - INFO -   overwrite      : False
2026-02-21 09:17:46,230 - cyberbully - INFO -   device         : cuda
2026-02-21 09:17:46,230 - cyberbully - INFO -   output_dir     : experiments/sbert-model/all-mpnet-base-v2/tweeteval/prep1_aug1/seed_52680723
2026-02-21 09:17:46,230 - cyberbully - INFO - ============================================================
2026-02-21 09:17:46,230 - cyberbully - INFO - Step 1: Preparing data...
2026-02-21 09:17:46,230 - cyberbully - INFO - Loading dataset 'tweeteval' from dataset/Tweeteval.csv
2026-02-21 09:17:46,301 - cyberbully - INFO - Loaded 50759 samples with 5 classes: ['emotion', 'hate', 'offensive', 'religion', 'spiritual']
2026-02-21 09:17:46,301 - cyberbully - INFO - Applying text preprocessing...
2026-02-21 09:18:42,363 - cyberbully - INFO - After preprocessing: 47397 samples remain
2026-02-21 09:18:42,366 - cyberbully - INFO - Label mapping: {'emotion': 0, 'hate': 1, 'offensive': 2, 'religion': 3, 'spiritual': 4}
2026-02-21 09:18:42,379 - cyberbully - INFO - Split sizes — train: 30333, val: 7584, test: 9480
2026-02-21 09:18:42,379 - cyberbully - INFO - Applying training data augmentation (oversampling)...
2026-02-21 09:18:42,386 - cyberbully - INFO - After oversampling — class distribution: {0: 7749, 1: 7749, 2: 7749, 3: 7749, 4: 7749}
2026-02-21 09:18:42,386 - cyberbully - INFO - Number of classes: 5
2026-02-21 09:18:42,387 - cyberbully - INFO - Step 2: Loading model and tokenizer...
2026-02-21 09:18:42,387 - cyberbully - INFO - Loading model 'all-mpnet-base-v2' with 5 labels (sbert=True)
2026-02-21 09:18:45,133 - cyberbully - INFO - SBERTClassifier: embedding_dim=768, hidden=256, num_labels=5
2026-02-21 09:18:45,430 - cyberbully - INFO - Step 3: Creating datasets...
2026-02-21 09:18:46,319 - cyberbully - INFO - Dataset sizes — train: 38745, val: 7584, test: 9480
2026-02-21 09:18:46,319 - cyberbully - INFO - Step 4: Training...
2026-02-21 09:18:46,370 - cyberbully - INFO - Starting training...
2026-02-21 09:31:16,999 - cyberbully - INFO - Training complete.
2026-02-21 09:31:16,999 - cyberbully - INFO - Step 5: Evaluating on test set...
2026-02-21 09:31:28,955 - cyberbully - INFO - Metrics saved to experiments/sbert-model/all-mpnet-base-v2/tweeteval/prep1_aug1/seed_52680723/metrics.json
2026-02-21 09:31:28,955 - cyberbully - INFO - Confusion matrix saved to experiments/sbert-model/all-mpnet-base-v2/tweeteval/prep1_aug1/seed_52680723/confusion_matrix.json
2026-02-21 09:31:29,057 - cyberbully - INFO - Confusion matrix figure saved to experiments/sbert-model/all-mpnet-base-v2/tweeteval/prep1_aug1/seed_52680723/confusion_matrix.pdf
2026-02-21 09:31:29,057 - cyberbully - INFO - Accuracy: 0.9432
2026-02-21 09:31:29,057 - cyberbully - INFO - Weighted F1: 0.9431
2026-02-21 09:31:29,057 - cyberbully - INFO - Micro F1: 0.9432
2026-02-21 09:31:29,057 - cyberbully - INFO - Inference time: 7.62 seconds
2026-02-21 09:31:29,057 - cyberbully - INFO - Energy consumption: 0.000499 kWh
2026-02-21 09:31:29,057 - cyberbully - INFO - ============================================================
2026-02-21 09:31:29,057 - cyberbully - INFO - Pipeline complete. Results saved to: experiments/sbert-model/all-mpnet-base-v2/tweeteval/prep1_aug1/seed_52680723
2026-02-21 09:31:29,057 - cyberbully - INFO - ============================================================
