2026-05-21 20:02:53,005 - cyberbully - INFO - ============================================================
2026-05-21 20:02:53,005 - cyberbully - INFO - Cyberbullying Detection Pipeline
2026-05-21 20:02:53,005 - cyberbully - INFO - ============================================================
2026-05-21 20:02:53,005 - cyberbully - INFO - Configuration:
2026-05-21 20:02:53,005 - cyberbully - INFO -   model          : answerdotai/ModernBERT-base
2026-05-21 20:02:53,005 - cyberbully - INFO -   dataset        : tweeteval
2026-05-21 20:02:53,005 - cyberbully - INFO -   preprocess     : True
2026-05-21 20:02:53,005 - cyberbully - INFO -   augment        : False
2026-05-21 20:02:53,005 - cyberbully - INFO -   compute_attribution: False
2026-05-21 20:02:53,005 - cyberbully - INFO -   seed           : 87212562
2026-05-21 20:02:53,005 - cyberbully - INFO -   epochs         : 10
2026-05-21 20:02:53,005 - cyberbully - INFO -   batch_size     : 32
2026-05-21 20:02:53,005 - cyberbully - INFO -   lr             : 5e-05
2026-05-21 20:02:53,005 - cyberbully - INFO -   max_length     : 128
2026-05-21 20:02:53,005 - cyberbully - INFO -   output_dir     : grid-search
2026-05-21 20:02:53,005 - cyberbully - INFO -   data_dir       : dataset
2026-05-21 20:02:53,005 - cyberbully - INFO -   sbert          : False
2026-05-21 20:02:53,005 - cyberbully - INFO -   supcon         : False
2026-05-21 20:02:53,005 - cyberbully - INFO -   supcon_weight  : 0.1
2026-05-21 20:02:53,005 - cyberbully - INFO -   proj_dim       : 128
2026-05-21 20:02:53,005 - cyberbully - INFO -   grad_accum_steps: 1
2026-05-21 20:02:53,005 - cyberbully - INFO -   overwrite      : True
2026-05-21 20:02:53,005 - cyberbully - INFO -   device         : cuda
2026-05-21 20:02:53,005 - cyberbully - INFO -   output_dir     : experiments/grid-search/answerdotai_ModernBERT-base/tweeteval/prep1_aug0/seed_87212562
2026-05-21 20:02:53,005 - cyberbully - INFO - ============================================================
2026-05-21 20:02:53,005 - cyberbully - INFO - Step 1: Preparing data...
2026-05-21 20:02:53,052 - cyberbully - INFO - Loaded pre-split data from dataset/tweeteval — train: 32485, val: 8122, test: 10152
2026-05-21 20:02:53,052 - cyberbully - INFO - Label mapping: {'emotion': 0, 'hate': 1, 'offensive': 2, 'religion': 3, 'spiritual': 4}
2026-05-21 20:02:53,053 - cyberbully - INFO - Applying text preprocessing per split...
2026-05-21 20:02:58,548 - cyberbully - INFO - After preprocessing -- train: 32485, val: 8122, test: 10152
2026-05-21 20:02:58,552 - cyberbully - INFO - Number of classes: 5
2026-05-21 20:02:58,554 - cyberbully - INFO - Step 2: Loading model and tokenizer...
2026-05-21 20:02:58,554 - cyberbully - INFO - Loading model 'answerdotai/ModernBERT-base' with 5 labels (sbert=False, supcon=False)
2026-05-21 20:03:00,196 - cyberbully - INFO - Step 3: Creating datasets...
2026-05-21 20:03:01,250 - cyberbully - INFO - Dataset sizes — train: 32485, val: 8122, test: 10152
2026-05-21 20:03:01,250 - cyberbully - INFO - Step 4: Training...
2026-05-21 20:03:01,455 - cyberbully - INFO - Starting training...
2026-05-21 20:23:37,468 - cyberbully - INFO - Training complete.
2026-05-21 20:23:37,552 - cyberbully - INFO - Removed checkpoint: experiments/grid-search/answerdotai_ModernBERT-base/tweeteval/prep1_aug0/seed_87212562/checkpoint-3048
2026-05-21 20:23:37,636 - cyberbully - INFO - Removed checkpoint: experiments/grid-search/answerdotai_ModernBERT-base/tweeteval/prep1_aug0/seed_87212562/checkpoint-7112
2026-05-21 20:23:37,721 - cyberbully - INFO - Removed checkpoint: experiments/grid-search/answerdotai_ModernBERT-base/tweeteval/prep1_aug0/seed_87212562/checkpoint-9144
2026-05-21 20:23:37,807 - cyberbully - INFO - Removed checkpoint: experiments/grid-search/answerdotai_ModernBERT-base/tweeteval/prep1_aug0/seed_87212562/checkpoint-1016
2026-05-21 20:23:37,894 - cyberbully - INFO - Removed checkpoint: experiments/grid-search/answerdotai_ModernBERT-base/tweeteval/prep1_aug0/seed_87212562/checkpoint-2032
2026-05-21 20:23:37,997 - cyberbully - INFO - Removed checkpoint: experiments/grid-search/answerdotai_ModernBERT-base/tweeteval/prep1_aug0/seed_87212562/checkpoint-10160
2026-05-21 20:23:38,081 - cyberbully - INFO - Removed checkpoint: experiments/grid-search/answerdotai_ModernBERT-base/tweeteval/prep1_aug0/seed_87212562/checkpoint-6096
2026-05-21 20:23:38,165 - cyberbully - INFO - Removed checkpoint: experiments/grid-search/answerdotai_ModernBERT-base/tweeteval/prep1_aug0/seed_87212562/checkpoint-5080
2026-05-21 20:23:38,251 - cyberbully - INFO - Removed checkpoint: experiments/grid-search/answerdotai_ModernBERT-base/tweeteval/prep1_aug0/seed_87212562/checkpoint-8128
2026-05-21 20:23:38,336 - cyberbully - INFO - Removed checkpoint: experiments/grid-search/answerdotai_ModernBERT-base/tweeteval/prep1_aug0/seed_87212562/checkpoint-4064
2026-05-21 20:23:38,336 - cyberbully - INFO - Step 5: Evaluating on test set...
2026-05-21 20:23:54,451 - cyberbully - INFO - Metrics saved to experiments/grid-search/answerdotai_ModernBERT-base/tweeteval/prep1_aug0/seed_87212562/metrics.json
2026-05-21 20:23:54,451 - cyberbully - INFO - Confusion matrix saved to experiments/grid-search/answerdotai_ModernBERT-base/tweeteval/prep1_aug0/seed_87212562/confusion_matrix.json
2026-05-21 20:23:54,547 - cyberbully - INFO - Per-sample predictions saved to experiments/grid-search/answerdotai_ModernBERT-base/tweeteval/prep1_aug0/seed_87212562/predictions.json
2026-05-21 20:23:54,648 - cyberbully - INFO - Confusion matrix figure saved to experiments/grid-search/answerdotai_ModernBERT-base/tweeteval/prep1_aug0/seed_87212562/confusion_matrix.pdf
2026-05-21 20:23:54,648 - cyberbully - INFO - Accuracy: 0.9353
2026-05-21 20:23:54,648 - cyberbully - INFO - Weighted F1: 0.9350
2026-05-21 20:23:54,648 - cyberbully - INFO - Micro F1: 0.9353
2026-05-21 20:23:54,648 - cyberbully - INFO - Inference time: 9.91 seconds
2026-05-21 20:23:54,648 - cyberbully - INFO - Energy consumption: 0.000583 kWh
2026-05-21 20:23:54,650 - cyberbully - INFO - ============================================================
2026-05-21 20:23:54,651 - cyberbully - INFO - Pipeline complete. Results saved to: experiments/grid-search/answerdotai_ModernBERT-base/tweeteval/prep1_aug0/seed_87212562
2026-05-21 20:23:54,651 - cyberbully - INFO - ============================================================
