2026-03-21 11:59:42,905 - cyberbully - INFO - ============================================================
2026-03-21 11:59:42,905 - cyberbully - INFO - Cyberbullying Detection Pipeline
2026-03-21 11:59:42,905 - cyberbully - INFO - ============================================================
2026-03-21 11:59:42,905 - cyberbully - INFO - Configuration:
2026-03-21 11:59:42,905 - cyberbully - INFO -   model          : bert-base-cased
2026-03-21 11:59:42,905 - cyberbully - INFO -   dataset        : tweeteval
2026-03-21 11:59:42,905 - cyberbully - INFO -   preprocess     : True
2026-03-21 11:59:42,905 - cyberbully - INFO -   augment        : True
2026-03-21 11:59:42,905 - cyberbully - INFO -   compute_attribution: False
2026-03-21 11:59:42,905 - cyberbully - INFO -   seed           : 24677315
2026-03-21 11:59:42,905 - cyberbully - INFO -   epochs         : 10
2026-03-21 11:59:42,905 - cyberbully - INFO -   batch_size     : 32
2026-03-21 11:59:42,905 - cyberbully - INFO -   lr             : 5e-05
2026-03-21 11:59:42,905 - cyberbully - INFO -   max_length     : 128
2026-03-21 11:59:42,905 - cyberbully - INFO -   output_dir     : grid-search
2026-03-21 11:59:42,905 - cyberbully - INFO -   data_dir       : dataset
2026-03-21 11:59:42,905 - cyberbully - INFO -   sbert          : False
2026-03-21 11:59:42,905 - cyberbully - INFO -   supcon         : False
2026-03-21 11:59:42,905 - cyberbully - INFO -   supcon_weight  : 0.1
2026-03-21 11:59:42,905 - cyberbully - INFO -   proj_dim       : 128
2026-03-21 11:59:42,905 - cyberbully - INFO -   grad_accum_steps: 1
2026-03-21 11:59:42,905 - cyberbully - INFO -   overwrite      : False
2026-03-21 11:59:42,905 - cyberbully - INFO -   device         : cuda
2026-03-21 11:59:42,905 - cyberbully - INFO -   output_dir     : experiments/grid-search/bert-base-cased/tweeteval/prep1_aug1/seed_24677315
2026-03-21 11:59:42,905 - cyberbully - INFO - ============================================================
2026-03-21 11:59:42,905 - cyberbully - INFO - Step 1: Preparing data...
2026-03-21 11:59:42,953 - cyberbully - INFO - Loaded pre-split data from dataset/tweeteval — train: 32485, val: 8122, test: 10152
2026-03-21 11:59:42,953 - cyberbully - INFO - Label mapping: {'emotion': 0, 'hate': 1, 'offensive': 2, 'religion': 3, 'spiritual': 4}
2026-03-21 11:59:42,954 - cyberbully - INFO - Applying text preprocessing per split...
2026-03-21 12:00:38,229 - cyberbully - INFO - After preprocessing — train: 30374, val: 7615, test: 9466
2026-03-21 12:00:38,231 - cyberbully - INFO - Applying training data augmentation (oversampling)...
2026-03-21 12:00:38,236 - cyberbully - INFO - After oversampling — class distribution: {0: 7769, 1: 7769, 2: 7769, 3: 7769, 4: 7769}
2026-03-21 12:00:38,246 - cyberbully - INFO - Number of classes: 5
2026-03-21 12:00:38,247 - cyberbully - INFO - Step 2: Loading model and tokenizer...
2026-03-21 12:00:38,247 - cyberbully - INFO - Loading model 'bert-base-cased' with 5 labels (sbert=False, supcon=False)
2026-03-21 12:00:38,965 - cyberbully - INFO - Step 3: Creating datasets...
2026-03-21 12:00:39,978 - cyberbully - INFO - Dataset sizes — train: 38845, val: 7615, test: 9466
2026-03-21 12:00:39,978 - cyberbully - INFO - Step 4: Training...
2026-03-21 12:00:40,242 - cyberbully - INFO - Starting training...
2026-03-21 12:19:26,069 - cyberbully - INFO - Training complete.
2026-03-21 12:19:26,132 - cyberbully - INFO - Removed checkpoint: experiments/grid-search/bert-base-cased/tweeteval/prep1_aug1/seed_24677315/checkpoint-2428
2026-03-21 12:19:26,193 - cyberbully - INFO - Removed checkpoint: experiments/grid-search/bert-base-cased/tweeteval/prep1_aug1/seed_24677315/checkpoint-6070
2026-03-21 12:19:26,255 - cyberbully - INFO - Removed checkpoint: experiments/grid-search/bert-base-cased/tweeteval/prep1_aug1/seed_24677315/checkpoint-7284
2026-03-21 12:19:26,318 - cyberbully - INFO - Removed checkpoint: experiments/grid-search/bert-base-cased/tweeteval/prep1_aug1/seed_24677315/checkpoint-9712
2026-03-21 12:19:26,382 - cyberbully - INFO - Removed checkpoint: experiments/grid-search/bert-base-cased/tweeteval/prep1_aug1/seed_24677315/checkpoint-1214
2026-03-21 12:19:26,445 - cyberbully - INFO - Removed checkpoint: experiments/grid-search/bert-base-cased/tweeteval/prep1_aug1/seed_24677315/checkpoint-4856
2026-03-21 12:19:26,508 - cyberbully - INFO - Removed checkpoint: experiments/grid-search/bert-base-cased/tweeteval/prep1_aug1/seed_24677315/checkpoint-3642
2026-03-21 12:19:26,570 - cyberbully - INFO - Removed checkpoint: experiments/grid-search/bert-base-cased/tweeteval/prep1_aug1/seed_24677315/checkpoint-10926
2026-03-21 12:19:26,631 - cyberbully - INFO - Removed checkpoint: experiments/grid-search/bert-base-cased/tweeteval/prep1_aug1/seed_24677315/checkpoint-8498
2026-03-21 12:19:26,704 - cyberbully - INFO - Removed checkpoint: experiments/grid-search/bert-base-cased/tweeteval/prep1_aug1/seed_24677315/checkpoint-12140
2026-03-21 12:19:26,704 - cyberbully - INFO - Step 5: Evaluating on test set...
2026-03-21 12:19:38,211 - cyberbully - INFO - Metrics saved to experiments/grid-search/bert-base-cased/tweeteval/prep1_aug1/seed_24677315/metrics.json
2026-03-21 12:19:38,211 - cyberbully - INFO - Confusion matrix saved to experiments/grid-search/bert-base-cased/tweeteval/prep1_aug1/seed_24677315/confusion_matrix.json
2026-03-21 12:19:38,299 - cyberbully - INFO - Per-sample predictions saved to experiments/grid-search/bert-base-cased/tweeteval/prep1_aug1/seed_24677315/predictions.json
2026-03-21 12:19:38,399 - cyberbully - INFO - Confusion matrix figure saved to experiments/grid-search/bert-base-cased/tweeteval/prep1_aug1/seed_24677315/confusion_matrix.pdf
2026-03-21 12:19:38,399 - cyberbully - INFO - Accuracy: 0.9471
2026-03-21 12:19:38,399 - cyberbully - INFO - Weighted F1: 0.9470
2026-03-21 12:19:38,399 - cyberbully - INFO - Micro F1: 0.9471
2026-03-21 12:19:38,399 - cyberbully - INFO - Inference time: 7.21 seconds
2026-03-21 12:19:38,399 - cyberbully - INFO - Energy consumption: 0.000444 kWh
2026-03-21 12:19:38,401 - cyberbully - INFO - ============================================================
2026-03-21 12:19:38,401 - cyberbully - INFO - Pipeline complete. Results saved to: experiments/grid-search/bert-base-cased/tweeteval/prep1_aug1/seed_24677315
2026-03-21 12:19:38,401 - cyberbully - INFO - ============================================================
