2026-02-17 22:38:17,953 - cyberbully - INFO - ============================================================
2026-02-17 22:38:17,953 - cyberbully - INFO - Cyberbullying Detection Pipeline
2026-02-17 22:38:17,953 - cyberbully - INFO - ============================================================
2026-02-17 22:38:17,953 - cyberbully - INFO - Configuration:
2026-02-17 22:38:17,953 - cyberbully - INFO -   model          : Twitter/twhin-bert-base
2026-02-17 22:38:17,953 - cyberbully - INFO -   dataset        : kaggle
2026-02-17 22:38:17,953 - cyberbully - INFO -   preprocess     : True
2026-02-17 22:38:17,953 - cyberbully - INFO -   augment        : False
2026-02-17 22:38:17,953 - cyberbully - INFO -   compute_attribution: False
2026-02-17 22:38:17,953 - cyberbully - INFO -   seed           : 52680723
2026-02-17 22:38:17,953 - cyberbully - INFO -   epochs         : 5
2026-02-17 22:38:17,953 - cyberbully - INFO -   batch_size     : 16
2026-02-17 22:38:17,953 - cyberbully - INFO -   lr             : 2e-05
2026-02-17 22:38:17,953 - cyberbully - INFO -   max_length     : 128
2026-02-17 22:38:17,953 - cyberbully - INFO -   output_dir     : domain-model
2026-02-17 22:38:17,953 - cyberbully - INFO -   data_dir       : dataset
2026-02-17 22:38:17,953 - cyberbully - INFO -   sbert          : False
2026-02-17 22:38:17,953 - cyberbully - INFO -   overwrite      : False
2026-02-17 22:38:17,953 - cyberbully - INFO -   device         : cuda
2026-02-17 22:38:17,953 - cyberbully - INFO -   output_dir     : experiments/domain-model/Twitter_twhin-bert-base/kaggle/prep1_aug0/seed_52680723
2026-02-17 22:38:17,953 - cyberbully - INFO - ============================================================
2026-02-17 22:38:17,953 - cyberbully - INFO - Step 1: Preparing data...
2026-02-17 22:38:17,953 - cyberbully - INFO - Loading dataset 'kaggle' from dataset/Kaggle.csv
2026-02-17 22:38:18,013 - cyberbully - INFO - Loaded 47656 samples with 6 classes: ['age', 'ethnicity', 'gender', 'not_cyberbullying', 'other_cyberbullying', 'religion']
2026-02-17 22:38:18,013 - cyberbully - INFO - Applying text preprocessing...
2026-02-17 22:39:09,833 - cyberbully - INFO - After preprocessing: 41401 samples remain
2026-02-17 22:39:09,835 - cyberbully - INFO - Label mapping: {'age': 0, 'ethnicity': 1, 'gender': 2, 'not_cyberbullying': 3, 'other_cyberbullying': 4, 'religion': 5}
2026-02-17 22:39:09,846 - cyberbully - INFO - Split sizes — train: 26496, val: 6624, test: 8281
2026-02-17 22:39:09,847 - cyberbully - INFO - Number of classes: 6
2026-02-17 22:39:09,848 - cyberbully - INFO - Step 2: Loading model and tokenizer...
2026-02-17 22:39:09,848 - cyberbully - INFO - Loading model 'Twitter/twhin-bert-base' with 6 labels (sbert=False)
2026-02-17 22:39:11,141 - cyberbully - INFO - Step 3: Creating datasets...
2026-02-17 22:39:11,889 - cyberbully - INFO - Dataset sizes — train: 26496, val: 6624, test: 8281
2026-02-17 22:39:11,889 - cyberbully - INFO - Step 4: Training...
2026-02-17 22:39:12,198 - cyberbully - INFO - Starting training...
2026-02-17 22:51:13,599 - cyberbully - INFO - Training complete.
2026-02-17 22:51:13,599 - cyberbully - INFO - Step 5: Evaluating on test set...
2026-02-17 22:51:24,780 - cyberbully - INFO - Metrics saved to experiments/domain-model/Twitter_twhin-bert-base/kaggle/prep1_aug0/seed_52680723/metrics.json
2026-02-17 22:51:24,780 - cyberbully - INFO - Confusion matrix saved to experiments/domain-model/Twitter_twhin-bert-base/kaggle/prep1_aug0/seed_52680723/confusion_matrix.json
2026-02-17 22:51:24,892 - cyberbully - INFO - Confusion matrix figure saved to experiments/domain-model/Twitter_twhin-bert-base/kaggle/prep1_aug0/seed_52680723/confusion_matrix.pdf
2026-02-17 22:51:24,892 - cyberbully - INFO - Accuracy: 0.8722
2026-02-17 22:51:24,892 - cyberbully - INFO - Weighted F1: 0.8726
2026-02-17 22:51:24,892 - cyberbully - INFO - Micro F1: 0.8722
2026-02-17 22:51:24,892 - cyberbully - INFO - Inference time: 6.80 seconds
2026-02-17 22:51:24,892 - cyberbully - INFO - Energy consumption: 0.000413 kWh
2026-02-17 22:51:24,892 - cyberbully - INFO - ============================================================
2026-02-17 22:51:24,892 - cyberbully - INFO - Pipeline complete. Results saved to: experiments/domain-model/Twitter_twhin-bert-base/kaggle/prep1_aug0/seed_52680723
2026-02-17 22:51:24,892 - cyberbully - INFO - ============================================================
